2025-02-27 15:54:15,298 INFO o.a.j.u.JMeterUtils: Setting Locale to en_EN
2025-02-27 15:54:15,313 INFO o.a.j.JMeter: Loading user properties from: D:\Semester 7\CS4203 - Research and Development Project\Artifacts\apache-jmeter-5.6.3\bin\user.properties
2025-02-27 15:54:15,313 INFO o.a.j.JMeter: Loading system properties from: D:\Semester 7\CS4203 - Research and Development Project\Artifacts\apache-jmeter-5.6.3\bin\system.properties
2025-02-27 15:54:15,313 INFO o.a.j.JMeter: Setting JMeter property: lb_1_hostname=34.70.149.254
2025-02-27 15:54:15,313 INFO o.a.j.JMeter: Setting JMeter property: lb_2_hostname=35.232.62.106
2025-02-27 15:54:15,313 INFO o.a.j.JMeter: Setting JMeter property: lb_1_port=8090
2025-02-27 15:54:15,313 INFO o.a.j.JMeter: Setting JMeter property: lb_2_port=8091
2025-02-27 15:54:15,313 INFO o.a.j.JMeter: Setting JMeter property: warm_up_users=20
2025-02-27 15:54:15,313 INFO o.a.j.JMeter: Setting JMeter property: warm_up_time=60
2025-02-27 15:54:15,313 INFO o.a.j.JMeter: Setting JMeter property: test_run_time=600
2025-02-27 15:54:15,313 INFO o.a.j.JMeter: Setting JMeter property: ramp_up=10
2025-02-27 15:54:15,313 INFO o.a.j.JMeter: Setting JMeter property: group_1=75
2025-02-27 15:54:15,313 INFO o.a.j.JMeter: Setting JMeter property: group_2=20
2025-02-27 15:54:15,313 INFO o.a.j.JMeter: Setting JMeter property: group_3=5
2025-02-27 15:54:15,313 INFO o.a.j.JMeter: Setting JMeter property: group_1_request_rate=30
2025-02-27 15:54:15,313 INFO o.a.j.JMeter: Setting JMeter property: group_2_request_rate=90
2025-02-27 15:54:15,313 INFO o.a.j.JMeter: Setting JMeter property: group_3_request_rate=120
2025-02-27 15:54:15,313 INFO o.a.j.JMeter: Setting JMeter property: log_file=d:\Semester 7\CS4203 - Research and Development Project\Artifacts\rate-limiter-nginx\jmeter\cloud\2025_02_27_15_09_logs\token_bucket\redis_async_bucket_capacity_5_refill_rate_1.67_batch_percent_0.8\warm_up_results.csv
2025-02-27 15:54:15,313 INFO o.a.j.JMeter: Setting JMeter property: algorithm=token_bucket_redis_async_bucket_capacity_5_refill_rate_1.67_batch_percent_0.8
2025-02-27 15:54:15,313 INFO o.a.j.JMeter: Setting JMeter property: auth=/token_bucket/redis_async_bucket_capacity_5_refill_rate_1.67_batch_percent_0.8/tools.descartes.teastore.auth/rest
2025-02-27 15:54:15,313 INFO o.a.j.JMeter: Setting JMeter property: persistence=/token_bucket/redis_async_bucket_capacity_5_refill_rate_1.67_batch_percent_0.8/tools.descartes.teastore.persistence/rest
2025-02-27 15:54:15,313 INFO o.a.j.JMeter: Setting JMeter property: recommender=/token_bucket/redis_async_bucket_capacity_5_refill_rate_1.67_batch_percent_0.8/tools.descartes.teastore.recommender/rest
2025-02-27 15:54:15,313 INFO o.a.j.JMeter: Setting JMeter property: image=/token_bucket/redis_async_bucket_capacity_5_refill_rate_1.67_batch_percent_0.8/tools.descartes.teastore.image/rest
2025-02-27 15:54:15,328 INFO o.a.j.JMeter: Copyright (c) 1998-2024 The Apache Software Foundation
2025-02-27 15:54:15,328 INFO o.a.j.JMeter: Version 5.6.3
2025-02-27 15:54:15,328 INFO o.a.j.JMeter: java.version=11.0.22
2025-02-27 15:54:15,328 INFO o.a.j.JMeter: java.vm.name=Java HotSpot(TM) 64-Bit Server VM
2025-02-27 15:54:15,328 INFO o.a.j.JMeter: os.name=Windows 10
2025-02-27 15:54:15,328 INFO o.a.j.JMeter: os.arch=amd64
2025-02-27 15:54:15,328 INFO o.a.j.JMeter: os.version=10.0
2025-02-27 15:54:15,328 INFO o.a.j.JMeter: file.encoding=Cp1252
2025-02-27 15:54:15,328 INFO o.a.j.JMeter: java.awt.headless=true
2025-02-27 15:54:15,328 INFO o.a.j.JMeter: Max memory     =1073741824
2025-02-27 15:54:15,328 INFO o.a.j.JMeter: Available Processors =12
2025-02-27 15:54:15,343 INFO o.a.j.JMeter: Default Locale=English (EN)
2025-02-27 15:54:15,343 INFO o.a.j.JMeter: JMeter  Locale=English (EN)
2025-02-27 15:54:15,343 INFO o.a.j.JMeter: JMeterHome=D:\Semester 7\CS4203 - Research and Development Project\Artifacts\apache-jmeter-5.6.3
2025-02-27 15:54:15,343 INFO o.a.j.JMeter: user.dir  =D:\Semester 7\CS4203 - Research and Development Project\Artifacts\rate-limiter-nginx
2025-02-27 15:54:15,343 INFO o.a.j.JMeter: PWD       =D:\Semester 7\CS4203 - Research and Development Project\Artifacts\rate-limiter-nginx
2025-02-27 15:54:15,343 INFO o.a.j.JMeter: IP: 10.10.21.101 Name: KOBI-MSI-PC FullName: 10.10.21.101
2025-02-27 15:54:15,365 INFO o.a.j.s.FileServer: Default base='D:\Semester 7\CS4203 - Research and Development Project\Artifacts\rate-limiter-nginx'
2025-02-27 15:54:15,365 INFO o.a.j.s.FileServer: Set new base='d:\Semester 7\CS4203 - Research and Development Project\Artifacts\rate-limiter-nginx\jmeter\cloud'
2025-02-27 15:54:15,623 INFO o.a.j.s.SaveService: Testplan (JMX) version: 2.2. Testlog (JTL) version: 2.2
2025-02-27 15:54:15,668 INFO o.a.j.s.SaveService: Using SaveService properties version 5.0
2025-02-27 15:54:15,669 INFO o.a.j.s.SaveService: Using SaveService properties file encoding UTF-8
2025-02-27 15:54:15,677 INFO o.a.j.s.SaveService: Loading file: d:\Semester 7\CS4203 - Research and Development Project\Artifacts\rate-limiter-nginx\jmeter\cloud\teastore_performance.jmx
2025-02-27 15:54:15,736 INFO o.a.j.p.h.c.CookieManager: Settings: Delete null: true Check: true Allow variable: true Save: false Prefix: COOKIE_
2025-02-27 15:54:15,761 INFO o.a.j.p.h.s.HTTPSamplerBase: Parser for text/html is org.apache.jmeter.protocol.http.parser.LagartoBasedHtmlParser
2025-02-27 15:54:15,768 INFO o.a.j.p.h.s.HTTPSamplerBase: Parser for application/xhtml+xml is org.apache.jmeter.protocol.http.parser.LagartoBasedHtmlParser
2025-02-27 15:54:15,768 INFO o.a.j.p.h.s.HTTPSamplerBase: Parser for application/xml is org.apache.jmeter.protocol.http.parser.LagartoBasedHtmlParser
2025-02-27 15:54:15,768 INFO o.a.j.p.h.s.HTTPSamplerBase: Parser for text/xml is org.apache.jmeter.protocol.http.parser.LagartoBasedHtmlParser
2025-02-27 15:54:15,768 INFO o.a.j.p.h.s.HTTPSamplerBase: Parser for text/vnd.wap.wml is org.apache.jmeter.protocol.http.parser.RegexpHTMLParser
2025-02-27 15:54:15,769 INFO o.a.j.p.h.s.HTTPSamplerBase: Parser for text/css is org.apache.jmeter.protocol.http.parser.CssParser
2025-02-27 15:54:15,952 INFO o.a.j.s.SampleResult: Note: Sample TimeStamps are START times
2025-02-27 15:54:15,952 INFO o.a.j.s.SampleResult: sampleresult.default.encoding is set to UTF-8
2025-02-27 15:54:15,952 INFO o.a.j.s.SampleResult: sampleresult.useNanoTime=true
2025-02-27 15:54:15,952 INFO o.a.j.s.SampleResult: sampleresult.nanoThreadSleep=5000
2025-02-27 15:54:16,002 INFO o.a.j.JMeter: Creating summariser <summary>
2025-02-27 15:54:16,026 INFO o.a.j.e.StandardJMeterEngine: Running the test!
2025-02-27 15:54:16,027 INFO o.a.j.s.SampleEvent: List of sample_variables: []
2025-02-27 15:54:16,027 INFO o.a.j.s.SampleEvent: List of sample_variables: []
2025-02-27 15:54:16,043 INFO o.a.j.e.u.CompoundVariable: Note: Function class names must contain the string: '.functions.'
2025-02-27 15:54:16,043 INFO o.a.j.e.u.CompoundVariable: Note: Function class names must not contain the string: '.gui.'
2025-02-27 15:54:16,358 INFO o.a.j.r.ClassFinder: Will scan jar D:\Semester 7\CS4203 - Research and Development Project\Artifacts\apache-jmeter-5.6.3\lib\ext\jmeter-plugins-casutg-2.10.jar with filter ExtendsClassFilter [parents=[interface org.apache.jmeter.functions.Function], inner=false, contains=null, notContains=null]. Consider exposing JMeter plugins via META-INF/services, and add JMeter-Skip-Class-Scanning=true manifest attribute so JMeter can skip classfile scanning
2025-02-27 15:54:16,381 INFO o.a.j.r.ClassFinder: Will scan jar D:\Semester 7\CS4203 - Research and Development Project\Artifacts\apache-jmeter-5.6.3\lib\ext\jmeter-plugins-graphs-additional-2.0.jar with filter ExtendsClassFilter [parents=[interface org.apache.jmeter.functions.Function], inner=false, contains=null, notContains=null]. Consider exposing JMeter plugins via META-INF/services, and add JMeter-Skip-Class-Scanning=true manifest attribute so JMeter can skip classfile scanning
2025-02-27 15:54:16,381 INFO o.a.j.r.ClassFinder: Will scan jar D:\Semester 7\CS4203 - Research and Development Project\Artifacts\apache-jmeter-5.6.3\lib\ext\jmeter-plugins-perfmon-2.1.jar with filter ExtendsClassFilter [parents=[interface org.apache.jmeter.functions.Function], inner=false, contains=null, notContains=null]. Consider exposing JMeter plugins via META-INF/services, and add JMeter-Skip-Class-Scanning=true manifest attribute so JMeter can skip classfile scanning
2025-02-27 15:54:16,396 INFO o.a.j.r.ClassFinder: Will scan jar D:\Semester 7\CS4203 - Research and Development Project\Artifacts\apache-jmeter-5.6.3\lib\ext\json-lib-2.4-jdk15.jar with filter ExtendsClassFilter [parents=[interface org.apache.jmeter.functions.Function], inner=false, contains=null, notContains=null]. Consider exposing JMeter plugins via META-INF/services, and add JMeter-Skip-Class-Scanning=true manifest attribute so JMeter can skip classfile scanning
2025-02-27 15:54:16,410 INFO o.a.j.r.ClassFinder: Will scan jar D:\Semester 7\CS4203 - Research and Development Project\Artifacts\apache-jmeter-5.6.3\lib\ext\perfmon-2.2.2.jar with filter ExtendsClassFilter [parents=[interface org.apache.jmeter.functions.Function], inner=false, contains=null, notContains=null]. Consider exposing JMeter plugins via META-INF/services, and add JMeter-Skip-Class-Scanning=true manifest attribute so JMeter can skip classfile scanning
2025-02-27 15:54:16,425 INFO o.a.j.r.ClassFinder: Will scan jar D:\Semester 7\CS4203 - Research and Development Project\Artifacts\apache-jmeter-5.6.3\lib\ext\jmeter-plugins-manager-1.10.jar with filter ExtendsClassFilter [parents=[interface org.apache.jmeter.functions.Function], inner=false, contains=null, notContains=null]. Consider exposing JMeter plugins via META-INF/services, and add JMeter-Skip-Class-Scanning=true manifest attribute so JMeter can skip classfile scanning
2025-02-27 15:54:16,530 INFO o.a.j.r.ClassFinder: Will scan jar D:\Semester 7\CS4203 - Research and Development Project\Artifacts\apache-jmeter-5.6.3\lib\ext\jmeter-plugins-graphs-vs-2.0.jar with filter ExtendsClassFilter [parents=[interface org.apache.jmeter.functions.Function], inner=false, contains=null, notContains=null]. Consider exposing JMeter plugins via META-INF/services, and add JMeter-Skip-Class-Scanning=true manifest attribute so JMeter can skip classfile scanning
2025-02-27 15:54:16,530 INFO o.a.j.r.ClassFinder: Will scan jar D:\Semester 7\CS4203 - Research and Development Project\Artifacts\apache-jmeter-5.6.3\lib\ext\jmeter-parallel-0.12.jar with filter ExtendsClassFilter [parents=[interface org.apache.jmeter.functions.Function], inner=false, contains=null, notContains=null]. Consider exposing JMeter plugins via META-INF/services, and add JMeter-Skip-Class-Scanning=true manifest attribute so JMeter can skip classfile scanning
2025-02-27 15:54:16,545 INFO o.a.j.r.ClassFinder: Will scan jar D:\Semester 7\CS4203 - Research and Development Project\Artifacts\apache-jmeter-5.6.3\lib\ext\jmeter-plugins-tst-2.6.jar with filter ExtendsClassFilter [parents=[interface org.apache.jmeter.functions.Function], inner=false, contains=null, notContains=null]. Consider exposing JMeter plugins via META-INF/services, and add JMeter-Skip-Class-Scanning=true manifest attribute so JMeter can skip classfile scanning
2025-02-27 15:54:16,545 INFO o.a.j.r.ClassFinder: Will scan jar D:\Semester 7\CS4203 - Research and Development Project\Artifacts\apache-jmeter-5.6.3\lib\ext\jmeter-prometheus-plugin-0.6.0.jar with filter ExtendsClassFilter [parents=[interface org.apache.jmeter.functions.Function], inner=false, contains=null, notContains=null]. Consider exposing JMeter plugins via META-INF/services, and add JMeter-Skip-Class-Scanning=true manifest attribute so JMeter can skip classfile scanning
2025-02-27 15:54:16,560 INFO o.a.j.r.ClassFinder: Will scan jar D:\Semester 7\CS4203 - Research and Development Project\Artifacts\apache-jmeter-5.6.3\lib\ext\jmeter-plugins-graphs-basic-2.0.jar with filter ExtendsClassFilter [parents=[interface org.apache.jmeter.functions.Function], inner=false, contains=null, notContains=null]. Consider exposing JMeter plugins via META-INF/services, and add JMeter-Skip-Class-Scanning=true manifest attribute so JMeter can skip classfile scanning
2025-02-27 15:54:17,028 INFO o.a.j.JMeter: Running test (1740651857028)
2025-02-27 15:54:17,030 INFO o.a.j.e.StandardJMeterEngine: Starting setUp thread groups
2025-02-27 15:54:17,030 INFO o.a.j.e.StandardJMeterEngine: Starting setUp ThreadGroup: 1 : setUp Thread Group 
2025-02-27 15:54:17,030 INFO o.a.j.e.StandardJMeterEngine: Starting 20 threads for group setUp Thread Group.
2025-02-27 15:54:17,030 INFO o.a.j.e.StandardJMeterEngine: Thread will continue on error
2025-02-27 15:54:17,030 INFO o.a.j.t.ThreadGroup: Starting thread group... number=1 threads=20 ramp-up=10 delayedStart=false
2025-02-27 15:54:17,056 INFO o.a.j.t.JMeterThread: Thread started: setUp Thread Group 1-1
2025-02-27 15:54:17,113 INFO o.a.j.t.ThreadGroup: Started thread group number 1
2025-02-27 15:54:17,114 INFO o.a.j.e.StandardJMeterEngine: Waiting for all setup thread groups to exit
2025-02-27 15:54:17,549 INFO o.a.j.t.JMeterThread: Thread started: setUp Thread Group 1-2
2025-02-27 15:54:18,041 INFO o.a.j.t.JMeterThread: Thread started: setUp Thread Group 1-3
2025-02-27 15:54:18,166 INFO o.a.j.p.h.s.HTTPHCAbstractImpl: Local host = KOBI-MSI-PC
2025-02-27 15:54:18,172 INFO o.a.j.p.h.s.HTTPHC4Impl: HTTP request retry count = 0
2025-02-27 15:54:18,539 INFO o.a.j.t.JMeterThread: Thread started: setUp Thread Group 1-4
2025-02-27 15:54:19,041 INFO o.a.j.t.JMeterThread: Thread started: setUp Thread Group 1-5
2025-02-27 15:54:19,538 INFO o.a.j.t.JMeterThread: Thread started: setUp Thread Group 1-6
2025-02-27 15:54:20,038 INFO o.a.j.t.JMeterThread: Thread started: setUp Thread Group 1-7
2025-02-27 15:54:20,539 INFO o.a.j.t.JMeterThread: Thread started: setUp Thread Group 1-8
2025-02-27 15:54:21,039 INFO o.a.j.t.JMeterThread: Thread started: setUp Thread Group 1-9
2025-02-27 15:54:21,539 INFO o.a.j.t.JMeterThread: Thread started: setUp Thread Group 1-10
2025-02-27 15:54:22,039 INFO o.a.j.t.JMeterThread: Thread started: setUp Thread Group 1-11
2025-02-27 15:54:22,538 INFO o.a.j.t.JMeterThread: Thread started: setUp Thread Group 1-12
2025-02-27 15:54:23,036 INFO o.a.j.t.JMeterThread: Thread started: setUp Thread Group 1-13
2025-02-27 15:54:23,539 INFO o.a.j.t.JMeterThread: Thread started: setUp Thread Group 1-14
2025-02-27 15:54:24,037 INFO o.a.j.t.JMeterThread: Thread started: setUp Thread Group 1-15
2025-02-27 15:54:24,537 INFO o.a.j.t.JMeterThread: Thread started: setUp Thread Group 1-16
2025-02-27 15:54:25,036 INFO o.a.j.t.JMeterThread: Thread started: setUp Thread Group 1-17
2025-02-27 15:54:25,535 INFO o.a.j.t.JMeterThread: Thread started: setUp Thread Group 1-18
2025-02-27 15:54:26,037 INFO o.a.j.t.JMeterThread: Thread started: setUp Thread Group 1-19
2025-02-27 15:54:26,535 INFO o.a.j.t.JMeterThread: Thread started: setUp Thread Group 1-20
2025-02-27 15:55:16,876 INFO o.a.j.t.JMeterThread: Thread finished: setUp Thread Group 1-14
2025-02-27 15:55:16,925 INFO o.a.j.t.JMeterThread: Thread finished: setUp Thread Group 1-16
2025-02-27 15:55:16,949 INFO o.a.j.t.JMeterThread: Thread finished: setUp Thread Group 1-17
2025-02-27 15:55:16,952 INFO o.a.j.t.JMeterThread: Thread finished: setUp Thread Group 1-7
2025-02-27 15:55:16,996 INFO o.a.j.t.JMeterThread: Thread finished: setUp Thread Group 1-9
2025-02-27 15:55:17,009 INFO o.a.j.t.JMeterThread: Thread finished: setUp Thread Group 1-8
2025-02-27 15:55:17,058 INFO o.a.j.t.JMeterThread: Thread finished: setUp Thread Group 1-10
2025-02-27 15:55:17,103 INFO o.a.j.t.JMeterThread: Stopping because end time detected by thread: setUp Thread Group 1-6
2025-02-27 15:55:17,103 INFO o.a.j.t.JMeterThread: Thread finished: setUp Thread Group 1-6
2025-02-27 15:55:17,163 INFO o.a.j.t.JMeterThread: Stopping because end time detected by thread: setUp Thread Group 1-1
2025-02-27 15:55:17,163 INFO o.a.j.t.JMeterThread: Thread finished: setUp Thread Group 1-1
2025-02-27 15:55:17,178 INFO o.a.j.t.JMeterThread: Stopping because end time detected by thread: setUp Thread Group 1-15
2025-02-27 15:55:17,178 INFO o.a.j.t.JMeterThread: Thread finished: setUp Thread Group 1-15
2025-02-27 15:55:17,196 INFO o.a.j.t.JMeterThread: Stopping because end time detected by thread: setUp Thread Group 1-5
2025-02-27 15:55:17,196 INFO o.a.j.t.JMeterThread: Thread finished: setUp Thread Group 1-5
2025-02-27 15:55:17,211 INFO o.a.j.t.JMeterThread: Stopping because end time detected by thread: setUp Thread Group 1-3
2025-02-27 15:55:17,211 INFO o.a.j.t.JMeterThread: Stopping because end time detected by thread: setUp Thread Group 1-2
2025-02-27 15:55:17,211 INFO o.a.j.t.JMeterThread: Thread finished: setUp Thread Group 1-3
2025-02-27 15:55:17,211 INFO o.a.j.t.JMeterThread: Thread finished: setUp Thread Group 1-2
2025-02-27 15:55:17,218 INFO o.a.j.t.JMeterThread: Stopping because end time detected by thread: setUp Thread Group 1-4
2025-02-27 15:55:17,218 INFO o.a.j.t.JMeterThread: Thread finished: setUp Thread Group 1-4
2025-02-27 15:55:17,218 INFO o.a.j.t.JMeterThread: Stopping because end time detected by thread: setUp Thread Group 1-18
2025-02-27 15:55:17,218 INFO o.a.j.t.JMeterThread: Thread finished: setUp Thread Group 1-18
2025-02-27 15:55:17,248 INFO o.a.j.t.JMeterThread: Stopping because end time detected by thread: setUp Thread Group 1-13
2025-02-27 15:55:17,248 INFO o.a.j.t.JMeterThread: Thread finished: setUp Thread Group 1-13
2025-02-27 15:55:17,248 INFO o.a.j.t.JMeterThread: Stopping because end time detected by thread: setUp Thread Group 1-20
2025-02-27 15:55:17,248 INFO o.a.j.t.JMeterThread: Thread finished: setUp Thread Group 1-20
2025-02-27 15:55:17,263 INFO o.a.j.t.JMeterThread: Stopping because end time detected by thread: setUp Thread Group 1-19
2025-02-27 15:55:17,263 INFO o.a.j.t.JMeterThread: Thread finished: setUp Thread Group 1-19
2025-02-27 15:55:17,278 INFO o.a.j.t.JMeterThread: Stopping because end time detected by thread: setUp Thread Group 1-11
2025-02-27 15:55:17,278 INFO o.a.j.t.JMeterThread: Thread finished: setUp Thread Group 1-11
2025-02-27 15:55:17,824 INFO o.a.j.t.JMeterThread: Stopping because end time detected by thread: setUp Thread Group 1-12
2025-02-27 15:55:17,824 INFO o.a.j.t.JMeterThread: Thread finished: setUp Thread Group 1-12
2025-02-27 15:55:17,824 INFO o.a.j.e.StandardJMeterEngine: All Setup Threads have ended
2025-02-27 15:55:17,869 INFO o.a.j.e.StandardJMeterEngine: Starting ThreadGroup: 1 : Thread-Gruppe
2025-02-27 15:55:17,869 INFO o.a.j.e.StandardJMeterEngine: Starting 75 threads for group Thread-Gruppe.
2025-02-27 15:55:17,869 INFO o.a.j.e.StandardJMeterEngine: Thread will continue on error
2025-02-27 15:55:17,869 INFO o.a.j.t.ThreadGroup: Starting thread group... number=1 threads=75 ramp-up=10 delayedStart=false
2025-02-27 15:55:17,884 INFO o.a.j.t.JMeterThread: Thread started: Thread-Gruppe 1-1
2025-02-27 15:55:17,967 INFO o.a.j.t.ThreadGroup: Started thread group number 1
2025-02-27 15:55:17,967 INFO o.a.j.e.StandardJMeterEngine: Starting ThreadGroup: 2 : Thread-Gruppe
2025-02-27 15:55:17,967 INFO o.a.j.e.StandardJMeterEngine: Starting 20 threads for group Thread-Gruppe.
2025-02-27 15:55:17,967 INFO o.a.j.e.StandardJMeterEngine: Thread will continue on error
2025-02-27 15:55:17,967 INFO o.a.j.t.ThreadGroup: Starting thread group... number=2 threads=20 ramp-up=10 delayedStart=false
2025-02-27 15:55:17,969 INFO o.a.j.t.JMeterThread: Thread started: Thread-Gruppe 2-1
2025-02-27 15:55:17,986 INFO o.a.j.t.ThreadGroup: Started thread group number 2
2025-02-27 15:55:17,986 INFO o.a.j.e.StandardJMeterEngine: Starting ThreadGroup: 3 : Thread-Gruppe
2025-02-27 15:55:17,986 INFO o.a.j.e.StandardJMeterEngine: Starting 5 threads for group Thread-Gruppe.
2025-02-27 15:55:17,986 INFO o.a.j.e.StandardJMeterEngine: Thread will continue on error
2025-02-27 15:55:17,987 INFO o.a.j.t.ThreadGroup: Starting thread group... number=3 threads=5 ramp-up=10 delayedStart=false
2025-02-27 15:55:17,989 INFO o.a.j.t.JMeterThread: Thread started: Thread-Gruppe 3-1
2025-02-27 15:55:17,992 INFO o.a.j.t.ThreadGroup: Started thread group number 3
2025-02-27 15:55:17,992 INFO o.a.j.e.StandardJMeterEngine: All thread groups have been started
2025-02-27 15:55:18,019 INFO o.a.j.t.JMeterThread: Thread started: Thread-Gruppe 1-2
2025-02-27 15:55:18,137 INFO o.a.j.t.JMeterThread: Thread started: Thread-Gruppe 1-3
2025-02-27 15:55:18,272 INFO o.a.j.t.JMeterThread: Thread started: Thread-Gruppe 1-4
2025-02-27 15:55:18,405 INFO o.a.j.t.JMeterThread: Thread started: Thread-Gruppe 1-5
2025-02-27 15:55:18,469 INFO o.a.j.t.JMeterThread: Thread started: Thread-Gruppe 2-2
2025-02-27 15:55:18,538 INFO o.a.j.t.JMeterThread: Thread started: Thread-Gruppe 1-6
2025-02-27 15:55:18,670 INFO o.a.j.t.JMeterThread: Thread started: Thread-Gruppe 1-7
2025-02-27 15:55:18,804 INFO o.a.j.t.JMeterThread: Thread started: Thread-Gruppe 1-8
2025-02-27 15:55:18,936 INFO o.a.j.t.JMeterThread: Thread started: Thread-Gruppe 1-9
2025-02-27 15:55:18,969 INFO o.a.j.t.JMeterThread: Thread started: Thread-Gruppe 2-3
2025-02-27 15:55:19,070 INFO o.a.j.t.JMeterThread: Thread started: Thread-Gruppe 1-10
2025-02-27 15:55:19,203 INFO o.a.j.t.JMeterThread: Thread started: Thread-Gruppe 1-11
2025-02-27 15:55:19,336 INFO o.a.j.t.JMeterThread: Thread started: Thread-Gruppe 1-12
2025-02-27 15:55:19,468 INFO o.a.j.t.JMeterThread: Thread started: Thread-Gruppe 1-13
2025-02-27 15:55:19,470 INFO o.a.j.t.JMeterThread: Thread started: Thread-Gruppe 2-4
2025-02-27 15:55:19,602 INFO o.a.j.t.JMeterThread: Thread started: Thread-Gruppe 1-14
2025-02-27 15:55:19,735 INFO o.a.j.t.JMeterThread: Thread started: Thread-Gruppe 1-15
2025-02-27 15:55:19,868 INFO o.a.j.t.JMeterThread: Thread started: Thread-Gruppe 1-16
2025-02-27 15:55:19,970 INFO o.a.j.t.JMeterThread: Thread started: Thread-Gruppe 2-5
2025-02-27 15:55:19,990 INFO o.a.j.t.JMeterThread: Thread started: Thread-Gruppe 3-2
2025-02-27 15:55:19,999 INFO o.a.j.t.JMeterThread: Thread started: Thread-Gruppe 1-17
2025-02-27 15:55:20,132 INFO o.a.j.t.JMeterThread: Thread started: Thread-Gruppe 1-18
2025-02-27 15:55:20,265 INFO o.a.j.t.JMeterThread: Thread started: Thread-Gruppe 1-19
2025-02-27 15:55:20,399 INFO o.a.j.t.JMeterThread: Thread started: Thread-Gruppe 1-20
2025-02-27 15:55:20,470 INFO o.a.j.t.JMeterThread: Thread started: Thread-Gruppe 2-6
2025-02-27 15:55:20,532 INFO o.a.j.t.JMeterThread: Thread started: Thread-Gruppe 1-21
2025-02-27 15:55:20,665 INFO o.a.j.t.JMeterThread: Thread started: Thread-Gruppe 1-22
2025-02-27 15:55:20,798 INFO o.a.j.t.JMeterThread: Thread started: Thread-Gruppe 1-23
2025-02-27 15:55:20,932 INFO o.a.j.t.JMeterThread: Thread started: Thread-Gruppe 1-24
2025-02-27 15:55:20,969 INFO o.a.j.t.JMeterThread: Thread started: Thread-Gruppe 2-7
2025-02-27 15:55:21,064 INFO o.a.j.t.JMeterThread: Thread started: Thread-Gruppe 1-25
2025-02-27 15:55:21,196 INFO o.a.j.t.JMeterThread: Thread started: Thread-Gruppe 1-26
2025-02-27 15:55:21,330 INFO o.a.j.t.JMeterThread: Thread started: Thread-Gruppe 1-27
2025-02-27 15:55:21,464 INFO o.a.j.t.JMeterThread: Thread started: Thread-Gruppe 1-28
2025-02-27 15:55:21,470 INFO o.a.j.t.JMeterThread: Thread started: Thread-Gruppe 2-8
2025-02-27 15:55:21,597 INFO o.a.j.t.JMeterThread: Thread started: Thread-Gruppe 1-29
2025-02-27 15:55:21,730 INFO o.a.j.t.JMeterThread: Thread started: Thread-Gruppe 1-30
2025-02-27 15:55:21,861 INFO o.a.j.t.JMeterThread: Thread started: Thread-Gruppe 1-31
2025-02-27 15:55:21,970 INFO o.a.j.t.JMeterThread: Thread started: Thread-Gruppe 2-9
2025-02-27 15:55:21,990 INFO o.a.j.t.JMeterThread: Thread started: Thread-Gruppe 3-3
2025-02-27 15:55:21,994 INFO o.a.j.t.JMeterThread: Thread started: Thread-Gruppe 1-32
2025-02-27 15:55:22,129 INFO o.a.j.t.JMeterThread: Thread started: Thread-Gruppe 1-33
2025-02-27 15:55:22,262 INFO o.a.j.t.JMeterThread: Thread started: Thread-Gruppe 1-34
2025-02-27 15:55:22,396 INFO o.a.j.t.JMeterThread: Thread started: Thread-Gruppe 1-35
2025-02-27 15:55:22,469 INFO o.a.j.t.JMeterThread: Thread started: Thread-Gruppe 2-10
2025-02-27 15:55:22,528 INFO o.a.j.t.JMeterThread: Thread started: Thread-Gruppe 1-36
2025-02-27 15:55:22,660 INFO o.a.j.t.JMeterThread: Thread started: Thread-Gruppe 1-37
2025-02-27 15:55:22,794 INFO o.a.j.t.JMeterThread: Thread started: Thread-Gruppe 1-38
2025-02-27 15:55:22,927 INFO o.a.j.t.JMeterThread: Thread started: Thread-Gruppe 1-39
2025-02-27 15:55:22,971 INFO o.a.j.t.JMeterThread: Thread started: Thread-Gruppe 2-11
2025-02-27 15:55:23,060 INFO o.a.j.t.JMeterThread: Thread started: Thread-Gruppe 1-40
2025-02-27 15:55:23,192 INFO o.a.j.t.JMeterThread: Thread started: Thread-Gruppe 1-41
2025-02-27 15:55:23,325 INFO o.a.j.t.JMeterThread: Thread started: Thread-Gruppe 1-42
2025-02-27 15:55:23,458 INFO o.a.j.t.JMeterThread: Thread started: Thread-Gruppe 1-43
2025-02-27 15:55:23,470 INFO o.a.j.t.JMeterThread: Thread started: Thread-Gruppe 2-12
2025-02-27 15:55:23,592 INFO o.a.j.t.JMeterThread: Thread started: Thread-Gruppe 1-44
2025-02-27 15:55:23,725 INFO o.a.j.t.JMeterThread: Thread started: Thread-Gruppe 1-45
2025-02-27 15:55:23,857 INFO o.a.j.t.JMeterThread: Thread started: Thread-Gruppe 1-46
2025-02-27 15:55:23,970 INFO o.a.j.t.JMeterThread: Thread started: Thread-Gruppe 2-13
2025-02-27 15:55:23,990 INFO o.a.j.t.JMeterThread: Thread started: Thread-Gruppe 3-4
2025-02-27 15:55:23,990 INFO o.a.j.t.JMeterThread: Thread started: Thread-Gruppe 1-47
2025-02-27 15:55:24,123 INFO o.a.j.t.JMeterThread: Thread started: Thread-Gruppe 1-48
2025-02-27 15:55:24,256 INFO o.a.j.t.JMeterThread: Thread started: Thread-Gruppe 1-49
2025-02-27 15:55:24,389 INFO o.a.j.t.JMeterThread: Thread started: Thread-Gruppe 1-50
2025-02-27 15:55:24,469 INFO o.a.j.t.JMeterThread: Thread started: Thread-Gruppe 2-14
2025-02-27 15:55:24,522 INFO o.a.j.t.JMeterThread: Thread started: Thread-Gruppe 1-51
2025-02-27 15:55:24,654 INFO o.a.j.t.JMeterThread: Thread started: Thread-Gruppe 1-52
2025-02-27 15:55:24,788 INFO o.a.j.t.JMeterThread: Thread started: Thread-Gruppe 1-53
2025-02-27 15:55:24,921 INFO o.a.j.t.JMeterThread: Thread started: Thread-Gruppe 1-54
2025-02-27 15:55:24,969 INFO o.a.j.t.JMeterThread: Thread started: Thread-Gruppe 2-15
2025-02-27 15:55:25,053 INFO o.a.j.t.JMeterThread: Thread started: Thread-Gruppe 1-55
2025-02-27 15:55:25,186 INFO o.a.j.t.JMeterThread: Thread started: Thread-Gruppe 1-56
2025-02-27 15:55:25,319 INFO o.a.j.t.JMeterThread: Thread started: Thread-Gruppe 1-57
2025-02-27 15:55:25,452 INFO o.a.j.t.JMeterThread: Thread started: Thread-Gruppe 1-58
2025-02-27 15:55:25,470 INFO o.a.j.t.JMeterThread: Thread started: Thread-Gruppe 2-16
2025-02-27 15:55:25,585 INFO o.a.j.t.JMeterThread: Thread started: Thread-Gruppe 1-59
2025-02-27 15:55:25,718 INFO o.a.j.t.JMeterThread: Thread started: Thread-Gruppe 1-60
2025-02-27 15:55:25,851 INFO o.a.j.t.JMeterThread: Thread started: Thread-Gruppe 1-61
2025-02-27 15:55:25,969 INFO o.a.j.t.JMeterThread: Thread started: Thread-Gruppe 2-17
2025-02-27 15:55:25,985 INFO o.a.j.t.JMeterThread: Thread started: Thread-Gruppe 1-62
2025-02-27 15:55:25,989 INFO o.a.j.t.JMeterThread: Thread started: Thread-Gruppe 3-5
2025-02-27 15:55:26,117 INFO o.a.j.t.JMeterThread: Thread started: Thread-Gruppe 1-63
2025-02-27 15:55:26,251 INFO o.a.j.t.JMeterThread: Thread started: Thread-Gruppe 1-64
2025-02-27 15:55:26,384 INFO o.a.j.t.JMeterThread: Thread started: Thread-Gruppe 1-65
2025-02-27 15:55:26,469 INFO o.a.j.t.JMeterThread: Thread started: Thread-Gruppe 2-18
2025-02-27 15:55:26,517 INFO o.a.j.t.JMeterThread: Thread started: Thread-Gruppe 1-66
2025-02-27 15:55:26,649 INFO o.a.j.t.JMeterThread: Thread started: Thread-Gruppe 1-67
2025-02-27 15:55:26,783 INFO o.a.j.t.JMeterThread: Thread started: Thread-Gruppe 1-68
2025-02-27 15:55:26,916 INFO o.a.j.t.JMeterThread: Thread started: Thread-Gruppe 1-69
2025-02-27 15:55:26,970 INFO o.a.j.t.JMeterThread: Thread started: Thread-Gruppe 2-19
2025-02-27 15:55:27,049 INFO o.a.j.t.JMeterThread: Thread started: Thread-Gruppe 1-70
2025-02-27 15:55:27,183 INFO o.a.j.t.JMeterThread: Thread started: Thread-Gruppe 1-71
2025-02-27 15:55:27,314 INFO o.a.j.t.JMeterThread: Thread started: Thread-Gruppe 1-72
2025-02-27 15:55:27,448 INFO o.a.j.t.JMeterThread: Thread started: Thread-Gruppe 1-73
2025-02-27 15:55:27,469 INFO o.a.j.t.JMeterThread: Thread started: Thread-Gruppe 2-20
2025-02-27 15:55:27,580 INFO o.a.j.t.JMeterThread: Thread started: Thread-Gruppe 1-74
2025-02-27 15:55:27,714 INFO o.a.j.t.JMeterThread: Thread started: Thread-Gruppe 1-75
2025-02-27 15:55:30,016 INFO o.a.j.r.Summariser: summary +    590 in 00:01:13 =    8.1/s Avg:   363 Min:   249 Max:   786 Err:     0 (0.00%) Active: 100 Started: 100 Finished: 0
2025-02-27 15:56:00,113 INFO o.a.j.r.Summariser: summary +   2253 in 00:00:30 =   74.9/s Avg:   367 Min:   249 Max:  2276 Err:     0 (0.00%) Active: 100 Started: 100 Finished: 0
2025-02-27 15:56:00,117 INFO o.a.j.r.Summariser: summary =   2843 in 00:01:43 =   27.6/s Avg:   366 Min:   249 Max:  2276 Err:     0 (0.00%)
2025-02-27 15:56:30,045 INFO o.a.j.r.Summariser: summary +   2283 in 00:00:30 =   76.3/s Avg:   382 Min:   249 Max:  1911 Err:     0 (0.00%) Active: 100 Started: 100 Finished: 0
2025-02-27 15:56:30,046 INFO o.a.j.r.Summariser: summary =   5126 in 00:02:13 =   38.5/s Avg:   373 Min:   249 Max:  2276 Err:     0 (0.00%)
2025-02-27 15:57:00,000 INFO o.a.j.r.Summariser: summary +   2265 in 00:00:30 =   75.6/s Avg:   359 Min:   249 Max:   958 Err:     0 (0.00%) Active: 100 Started: 100 Finished: 0
2025-02-27 15:57:00,002 INFO o.a.j.r.Summariser: summary =   7391 in 00:02:43 =   45.4/s Avg:   369 Min:   249 Max:  2276 Err:     0 (0.00%)
2025-02-27 15:57:30,027 INFO o.a.j.r.Summariser: summary +   2289 in 00:00:30 =   76.2/s Avg:   358 Min:   249 Max:  1099 Err:     0 (0.00%) Active: 100 Started: 100 Finished: 0
2025-02-27 15:57:30,028 INFO o.a.j.r.Summariser: summary =   9680 in 00:03:13 =   50.2/s Avg:   366 Min:   249 Max:  2276 Err:     0 (0.00%)
2025-02-27 15:58:00,013 INFO o.a.j.r.Summariser: summary +   2293 in 00:00:30 =   76.5/s Avg:   338 Min:   249 Max:  1132 Err:     0 (0.00%) Active: 100 Started: 100 Finished: 0
2025-02-27 15:58:00,014 INFO o.a.j.r.Summariser: summary =  11973 in 00:03:43 =   53.7/s Avg:   361 Min:   249 Max:  2276 Err:     0 (0.00%)
2025-02-27 15:58:30,029 INFO o.a.j.r.Summariser: summary +   2284 in 00:00:30 =   76.1/s Avg:   342 Min:   248 Max:  1076 Err:     0 (0.00%) Active: 100 Started: 100 Finished: 0
2025-02-27 15:58:30,031 INFO o.a.j.r.Summariser: summary =  14257 in 00:04:13 =   56.4/s Avg:   358 Min:   248 Max:  2276 Err:     0 (0.00%)
2025-02-27 15:59:00,004 INFO o.a.j.r.Summariser: summary +   2296 in 00:00:30 =   76.6/s Avg:   339 Min:   248 Max:  1109 Err:     0 (0.00%) Active: 100 Started: 100 Finished: 0
2025-02-27 15:59:00,005 INFO o.a.j.r.Summariser: summary =  16553 in 00:04:43 =   58.5/s Avg:   355 Min:   248 Max:  2276 Err:     0 (0.00%)
2025-02-27 15:59:30,008 INFO o.a.j.r.Summariser: summary +   2282 in 00:00:30 =   76.1/s Avg:   330 Min:   249 Max:  1101 Err:     0 (0.00%) Active: 100 Started: 100 Finished: 0
2025-02-27 15:59:30,009 INFO o.a.j.r.Summariser: summary =  18835 in 00:05:13 =   60.2/s Avg:   352 Min:   248 Max:  2276 Err:     0 (0.00%)
2025-02-27 16:00:00,017 INFO o.a.j.r.Summariser: summary +   2303 in 00:00:30 =   76.7/s Avg:   338 Min:   249 Max:  1059 Err:     0 (0.00%) Active: 100 Started: 100 Finished: 0
2025-02-27 16:00:00,018 INFO o.a.j.r.Summariser: summary =  21138 in 00:05:43 =   61.6/s Avg:   351 Min:   248 Max:  2276 Err:     0 (0.00%)
2025-02-27 16:00:30,026 INFO o.a.j.r.Summariser: summary +   2279 in 00:00:30 =   75.9/s Avg:   345 Min:   249 Max:  1044 Err:     0 (0.00%) Active: 100 Started: 100 Finished: 0
2025-02-27 16:00:30,029 INFO o.a.j.r.Summariser: summary =  23417 in 00:06:13 =   62.8/s Avg:   350 Min:   248 Max:  2276 Err:     0 (0.00%)
2025-02-27 16:01:00,002 INFO o.a.j.r.Summariser: summary +   2295 in 00:00:30 =   76.6/s Avg:   336 Min:   249 Max:  1094 Err:     0 (0.00%) Active: 100 Started: 100 Finished: 0
2025-02-27 16:01:00,003 INFO o.a.j.r.Summariser: summary =  25712 in 00:06:43 =   63.8/s Avg:   349 Min:   248 Max:  2276 Err:     0 (0.00%)
2025-02-27 16:01:30,029 INFO o.a.j.r.Summariser: summary +   2285 in 00:00:30 =   76.1/s Avg:   345 Min:   249 Max:  1180 Err:     0 (0.00%) Active: 100 Started: 100 Finished: 0
2025-02-27 16:01:30,030 INFO o.a.j.r.Summariser: summary =  27997 in 00:07:13 =   64.7/s Avg:   349 Min:   248 Max:  2276 Err:     0 (0.00%)
2025-02-27 16:02:00,053 INFO o.a.j.r.Summariser: summary +   2285 in 00:00:30 =   76.1/s Avg:   341 Min:   249 Max:  1126 Err:     0 (0.00%) Active: 100 Started: 100 Finished: 0
2025-02-27 16:02:00,053 INFO o.a.j.r.Summariser: summary =  30282 in 00:07:43 =   65.4/s Avg:   348 Min:   248 Max:  2276 Err:     0 (0.00%)
2025-02-27 16:02:30,029 INFO o.a.j.r.Summariser: summary +   2289 in 00:00:30 =   76.4/s Avg:   346 Min:   245 Max:  1228 Err:     0 (0.00%) Active: 100 Started: 100 Finished: 0
2025-02-27 16:02:30,029 INFO o.a.j.r.Summariser: summary =  32571 in 00:08:13 =   66.1/s Avg:   348 Min:   245 Max:  2276 Err:     0 (0.00%)
2025-02-27 16:03:00,010 INFO o.a.j.r.Summariser: summary +   2288 in 00:00:30 =   76.3/s Avg:   359 Min:   245 Max:  1223 Err:     0 (0.00%) Active: 100 Started: 100 Finished: 0
2025-02-27 16:03:00,011 INFO o.a.j.r.Summariser: summary =  34859 in 00:08:43 =   66.7/s Avg:   349 Min:   245 Max:  2276 Err:     0 (0.00%)
2025-02-27 16:03:30,029 INFO o.a.j.r.Summariser: summary +   2269 in 00:00:30 =   75.6/s Avg:   337 Min:   246 Max:  1024 Err:     0 (0.00%) Active: 100 Started: 100 Finished: 0
2025-02-27 16:03:30,031 INFO o.a.j.r.Summariser: summary =  37128 in 00:09:13 =   67.1/s Avg:   348 Min:   245 Max:  2276 Err:     0 (0.00%)
2025-02-27 16:04:00,006 INFO o.a.j.r.Summariser: summary +   2247 in 00:00:30 =   75.0/s Avg:   374 Min:   249 Max:  1362 Err:     0 (0.00%) Active: 100 Started: 100 Finished: 0
2025-02-27 16:04:00,007 INFO o.a.j.r.Summariser: summary =  39375 in 00:09:43 =   67.5/s Avg:   349 Min:   245 Max:  2276 Err:     0 (0.00%)
2025-02-27 16:04:30,003 INFO o.a.j.r.Summariser: summary +   2314 in 00:00:30 =   77.1/s Avg:   357 Min:   249 Max:  1380 Err:     0 (0.00%) Active: 100 Started: 100 Finished: 0
2025-02-27 16:04:30,005 INFO o.a.j.r.Summariser: summary =  41689 in 00:10:13 =   68.0/s Avg:   350 Min:   245 Max:  2276 Err:     0 (0.00%)
2025-02-27 16:05:00,006 INFO o.a.j.r.Summariser: summary +   2278 in 00:00:30 =   75.9/s Avg:   371 Min:   249 Max:  1180 Err:     0 (0.00%) Active: 100 Started: 100 Finished: 0
2025-02-27 16:05:00,007 INFO o.a.j.r.Summariser: summary =  43967 in 00:10:43 =   68.4/s Avg:   351 Min:   245 Max:  2276 Err:     0 (0.00%)
2025-02-27 16:05:16,194 INFO o.a.j.t.JMeterThread: Thread finished: Thread-Gruppe 1-1
2025-02-27 16:05:16,236 INFO o.a.j.t.JMeterThread: Thread finished: Thread-Gruppe 1-62
2025-02-27 16:05:16,251 INFO o.a.j.t.JMeterThread: Thread finished: Thread-Gruppe 1-47
2025-02-27 16:05:16,252 INFO o.a.j.t.JMeterThread: Thread finished: Thread-Gruppe 1-17
2025-02-27 16:05:16,274 INFO o.a.j.t.JMeterThread: Thread finished: Thread-Gruppe 1-2
2025-02-27 16:05:16,371 INFO o.a.j.t.JMeterThread: Thread finished: Thread-Gruppe 1-63
2025-02-27 16:05:16,380 INFO o.a.j.t.JMeterThread: Thread finished: Thread-Gruppe 1-48
2025-02-27 16:05:16,383 INFO o.a.j.t.JMeterThread: Thread finished: Thread-Gruppe 1-18
2025-02-27 16:05:16,396 INFO o.a.j.t.JMeterThread: Thread finished: Thread-Gruppe 1-3
2025-02-27 16:05:16,512 INFO o.a.j.t.JMeterThread: Thread finished: Thread-Gruppe 1-64
2025-02-27 16:05:16,513 INFO o.a.j.t.JMeterThread: Thread finished: Thread-Gruppe 1-49
2025-02-27 16:05:16,523 INFO o.a.j.t.JMeterThread: Thread finished: Thread-Gruppe 1-19
2025-02-27 16:05:16,525 INFO o.a.j.t.JMeterThread: Thread finished: Thread-Gruppe 1-4
2025-02-27 16:05:16,637 INFO o.a.j.t.JMeterThread: Thread finished: Thread-Gruppe 1-65
2025-02-27 16:05:16,647 INFO o.a.j.t.JMeterThread: Thread finished: Thread-Gruppe 1-50
2025-02-27 16:05:16,656 INFO o.a.j.t.JMeterThread: Thread finished: Thread-Gruppe 1-20
2025-02-27 16:05:16,662 INFO o.a.j.t.JMeterThread: Thread finished: Thread-Gruppe 1-5
2025-02-27 16:05:16,762 INFO o.a.j.t.JMeterThread: Thread finished: Thread-Gruppe 1-32
2025-02-27 16:05:16,772 INFO o.a.j.t.JMeterThread: Thread finished: Thread-Gruppe 1-66
2025-02-27 16:05:16,777 INFO o.a.j.t.JMeterThread: Thread finished: Thread-Gruppe 1-51
2025-02-27 16:05:16,785 INFO o.a.j.t.JMeterThread: Thread finished: Thread-Gruppe 1-21
2025-02-27 16:05:16,790 INFO o.a.j.t.JMeterThread: Thread finished: Thread-Gruppe 1-6
2025-02-27 16:05:16,890 INFO o.a.j.t.JMeterThread: Thread finished: Thread-Gruppe 1-33
2025-02-27 16:05:16,909 INFO o.a.j.t.JMeterThread: Thread finished: Thread-Gruppe 1-67
2025-02-27 16:05:16,912 INFO o.a.j.t.JMeterThread: Thread finished: Thread-Gruppe 1-52
2025-02-27 16:05:16,925 INFO o.a.j.t.JMeterThread: Thread finished: Thread-Gruppe 1-22
2025-02-27 16:05:16,925 INFO o.a.j.t.JMeterThread: Thread finished: Thread-Gruppe 1-7
2025-02-27 16:05:17,052 INFO o.a.j.t.JMeterThread: Thread finished: Thread-Gruppe 1-34
2025-02-27 16:05:17,111 INFO o.a.j.t.JMeterThread: Thread finished: Thread-Gruppe 1-68
2025-02-27 16:05:17,112 INFO o.a.j.t.JMeterThread: Thread finished: Thread-Gruppe 1-23
2025-02-27 16:05:17,112 INFO o.a.j.t.JMeterThread: Thread finished: Thread-Gruppe 1-8
2025-02-27 16:05:17,113 INFO o.a.j.t.JMeterThread: Thread finished: Thread-Gruppe 1-53
2025-02-27 16:05:17,165 INFO o.a.j.t.JMeterThread: Thread finished: Thread-Gruppe 1-35
2025-02-27 16:05:17,171 INFO o.a.j.t.JMeterThread: Thread finished: Thread-Gruppe 1-69
2025-02-27 16:05:17,180 INFO o.a.j.t.JMeterThread: Thread finished: Thread-Gruppe 1-54
2025-02-27 16:05:17,188 INFO o.a.j.t.JMeterThread: Thread finished: Thread-Gruppe 1-24
2025-02-27 16:05:17,189 INFO o.a.j.t.JMeterThread: Thread finished: Thread-Gruppe 1-9
2025-02-27 16:05:17,301 INFO o.a.j.t.JMeterThread: Thread finished: Thread-Gruppe 1-70
2025-02-27 16:05:17,302 INFO o.a.j.t.JMeterThread: Thread finished: Thread-Gruppe 1-55
2025-02-27 16:05:17,321 INFO o.a.j.t.JMeterThread: Thread finished: Thread-Gruppe 1-25
2025-02-27 16:05:17,326 INFO o.a.j.t.JMeterThread: Thread finished: Thread-Gruppe 1-10
2025-02-27 16:05:17,353 INFO o.a.j.t.JMeterThread: Thread finished: Thread-Gruppe 1-36
2025-02-27 16:05:17,456 INFO o.a.j.t.JMeterThread: Thread finished: Thread-Gruppe 1-37
2025-02-27 16:05:17,457 INFO o.a.j.t.JMeterThread: Thread finished: Thread-Gruppe 1-71
2025-02-27 16:05:17,458 INFO o.a.j.t.JMeterThread: Thread finished: Thread-Gruppe 1-56
2025-02-27 16:05:17,502 INFO o.a.j.t.JMeterThread: Thread finished: Thread-Gruppe 1-26
2025-02-27 16:05:17,503 INFO o.a.j.t.JMeterThread: Thread finished: Thread-Gruppe 1-11
2025-02-27 16:05:17,590 INFO o.a.j.t.JMeterThread: Thread finished: Thread-Gruppe 1-72
2025-02-27 16:05:17,591 INFO o.a.j.t.JMeterThread: Thread finished: Thread-Gruppe 1-57
2025-02-27 16:05:17,662 INFO o.a.j.t.JMeterThread: Thread finished: Thread-Gruppe 1-27
2025-02-27 16:05:17,666 INFO o.a.j.t.JMeterThread: Thread finished: Thread-Gruppe 1-12
2025-02-27 16:05:17,685 INFO o.a.j.t.JMeterThread: Thread finished: Thread-Gruppe 1-38
2025-02-27 16:05:17,685 INFO o.a.j.t.JMeterThread: Thread finished: Thread-Gruppe 2-14
2025-02-27 16:05:17,712 INFO o.a.j.t.JMeterThread: Thread finished: Thread-Gruppe 1-73
2025-02-27 16:05:17,723 INFO o.a.j.t.JMeterThread: Thread finished: Thread-Gruppe 1-39
2025-02-27 16:05:17,723 INFO o.a.j.t.JMeterThread: Thread finished: Thread-Gruppe 1-58
2025-02-27 16:05:17,734 INFO o.a.j.t.JMeterThread: Thread finished: Thread-Gruppe 2-20
2025-02-27 16:05:17,740 INFO o.a.j.t.JMeterThread: Thread finished: Thread-Gruppe 2-17
2025-02-27 16:05:17,770 INFO o.a.j.t.JMeterThread: Thread finished: Thread-Gruppe 1-28
2025-02-27 16:05:17,770 INFO o.a.j.t.JMeterThread: Thread finished: Thread-Gruppe 2-1
2025-02-27 16:05:17,770 INFO o.a.j.t.JMeterThread: Thread finished: Thread-Gruppe 1-13
2025-02-27 16:05:17,771 INFO o.a.j.t.JMeterThread: Thread finished: Thread-Gruppe 2-2
2025-02-27 16:05:17,843 INFO o.a.j.t.JMeterThread: Thread finished: Thread-Gruppe 1-74
2025-02-27 16:05:17,855 INFO o.a.j.t.JMeterThread: Thread finished: Thread-Gruppe 1-40
2025-02-27 16:05:17,873 INFO o.a.j.t.JMeterThread: Thread finished: Thread-Gruppe 1-59
2025-02-27 16:05:17,896 INFO o.a.j.t.JMeterThread: Thread finished: Thread-Gruppe 1-29
2025-02-27 16:05:17,911 INFO o.a.j.t.JMeterThread: Stopping because end time detected by thread: Thread-Gruppe 1-14
2025-02-27 16:05:17,911 INFO o.a.j.t.JMeterThread: Thread finished: Thread-Gruppe 1-14
2025-02-27 16:05:17,926 INFO o.a.j.t.JMeterThread: Thread finished: Thread-Gruppe 3-1
2025-02-27 16:05:17,941 INFO o.a.j.t.JMeterThread: Thread finished: Thread-Gruppe 3-3
2025-02-27 16:05:17,971 INFO o.a.j.t.JMeterThread: Stopping because end time detected by thread: Thread-Gruppe 2-5
2025-02-27 16:05:17,971 INFO o.a.j.t.JMeterThread: Thread finished: Thread-Gruppe 2-5
2025-02-27 16:05:18,001 INFO o.a.j.t.JMeterThread: Stopping because end time detected by thread: Thread-Gruppe 2-11
2025-02-27 16:05:18,001 INFO o.a.j.t.JMeterThread: Thread finished: Thread-Gruppe 2-11
2025-02-27 16:05:18,016 INFO o.a.j.t.JMeterThread: Stopping because end time detected by thread: Thread-Gruppe 2-4
2025-02-27 16:05:18,016 INFO o.a.j.t.JMeterThread: Thread finished: Thread-Gruppe 2-4
2025-02-27 16:05:18,031 INFO o.a.j.t.JMeterThread: Stopping because end time detected by thread: Thread-Gruppe 2-9
2025-02-27 16:05:18,031 INFO o.a.j.t.JMeterThread: Stopping because end time detected by thread: Thread-Gruppe 1-75
2025-02-27 16:05:18,046 INFO o.a.j.t.JMeterThread: Stopping because end time detected by thread: Thread-Gruppe 1-30
2025-02-27 16:05:18,046 INFO o.a.j.t.JMeterThread: Thread finished: Thread-Gruppe 1-75
2025-02-27 16:05:18,046 INFO o.a.j.t.JMeterThread: Stopping because end time detected by thread: Thread-Gruppe 1-60
2025-02-27 16:05:18,046 INFO o.a.j.t.JMeterThread: Stopping because end time detected by thread: Thread-Gruppe 2-13
2025-02-27 16:05:18,046 INFO o.a.j.t.JMeterThread: Stopping because end time detected by thread: Thread-Gruppe 1-41
2025-02-27 16:05:18,046 INFO o.a.j.t.JMeterThread: Thread finished: Thread-Gruppe 2-9
2025-02-27 16:05:18,046 INFO o.a.j.t.JMeterThread: Stopping because end time detected by thread: Thread-Gruppe 1-15
2025-02-27 16:05:18,046 INFO o.a.j.t.JMeterThread: Thread finished: Thread-Gruppe 1-30
2025-02-27 16:05:18,046 INFO o.a.j.t.JMeterThread: Thread finished: Thread-Gruppe 1-41
2025-02-27 16:05:18,046 INFO o.a.j.t.JMeterThread: Thread finished: Thread-Gruppe 2-13
2025-02-27 16:05:18,046 INFO o.a.j.t.JMeterThread: Thread finished: Thread-Gruppe 1-60
2025-02-27 16:05:18,046 INFO o.a.j.t.JMeterThread: Thread finished: Thread-Gruppe 1-15
2025-02-27 16:05:18,061 INFO o.a.j.t.JMeterThread: Stopping because end time detected by thread: Thread-Gruppe 2-15
2025-02-27 16:05:18,061 INFO o.a.j.t.JMeterThread: Stopping because end time detected by thread: Thread-Gruppe 2-16
2025-02-27 16:05:18,061 INFO o.a.j.t.JMeterThread: Stopping because end time detected by thread: Thread-Gruppe 2-6
2025-02-27 16:05:18,061 INFO o.a.j.t.JMeterThread: Thread finished: Thread-Gruppe 2-16
2025-02-27 16:05:18,061 INFO o.a.j.t.JMeterThread: Thread finished: Thread-Gruppe 2-15
2025-02-27 16:05:18,061 INFO o.a.j.t.JMeterThread: Thread finished: Thread-Gruppe 2-6
2025-02-27 16:05:18,136 INFO o.a.j.t.JMeterThread: Stopping because end time detected by thread: Thread-Gruppe 2-3
2025-02-27 16:05:18,136 INFO o.a.j.t.JMeterThread: Stopping because end time detected by thread: Thread-Gruppe 2-18
2025-02-27 16:05:18,136 INFO o.a.j.t.JMeterThread: Stopping because end time detected by thread: Thread-Gruppe 2-10
2025-02-27 16:05:18,136 INFO o.a.j.t.JMeterThread: Stopping because end time detected by thread: Thread-Gruppe 1-31
2025-02-27 16:05:18,136 INFO o.a.j.t.JMeterThread: Stopping because end time detected by thread: Thread-Gruppe 1-61
2025-02-27 16:05:18,136 INFO o.a.j.t.JMeterThread: Thread finished: Thread-Gruppe 2-18
2025-02-27 16:05:18,136 INFO o.a.j.t.JMeterThread: Thread finished: Thread-Gruppe 2-3
2025-02-27 16:05:18,136 INFO o.a.j.t.JMeterThread: Stopping because end time detected by thread: Thread-Gruppe 1-16
2025-02-27 16:05:18,136 INFO o.a.j.t.JMeterThread: Thread finished: Thread-Gruppe 1-31
2025-02-27 16:05:18,136 INFO o.a.j.t.JMeterThread: Thread finished: Thread-Gruppe 2-10
2025-02-27 16:05:18,136 INFO o.a.j.t.JMeterThread: Thread finished: Thread-Gruppe 1-16
2025-02-27 16:05:18,136 INFO o.a.j.t.JMeterThread: Thread finished: Thread-Gruppe 1-61
2025-02-27 16:05:18,166 INFO o.a.j.t.JMeterThread: Stopping because end time detected by thread: Thread-Gruppe 3-5
2025-02-27 16:05:18,166 INFO o.a.j.t.JMeterThread: Thread finished: Thread-Gruppe 3-5
2025-02-27 16:05:18,196 INFO o.a.j.t.JMeterThread: Stopping because end time detected by thread: Thread-Gruppe 3-4
2025-02-27 16:05:18,196 INFO o.a.j.t.JMeterThread: Thread finished: Thread-Gruppe 3-4
2025-02-27 16:05:18,196 INFO o.a.j.t.JMeterThread: Stopping because end time detected by thread: Thread-Gruppe 1-42
2025-02-27 16:05:18,196 INFO o.a.j.t.JMeterThread: Thread finished: Thread-Gruppe 1-42
2025-02-27 16:05:18,241 INFO o.a.j.t.JMeterThread: Stopping because end time detected by thread: Thread-Gruppe 2-12
2025-02-27 16:05:18,241 INFO o.a.j.t.JMeterThread: Thread finished: Thread-Gruppe 2-12
2025-02-27 16:05:18,332 INFO o.a.j.t.JMeterThread: Stopping because end time detected by thread: Thread-Gruppe 1-43
2025-02-27 16:05:18,332 INFO o.a.j.t.JMeterThread: Thread finished: Thread-Gruppe 1-43
2025-02-27 16:05:18,428 INFO o.a.j.t.JMeterThread: Stopping because end time detected by thread: Thread-Gruppe 2-7
2025-02-27 16:05:18,429 INFO o.a.j.t.JMeterThread: Thread finished: Thread-Gruppe 2-7
2025-02-27 16:05:18,468 INFO o.a.j.t.JMeterThread: Stopping because end time detected by thread: Thread-Gruppe 1-44
2025-02-27 16:05:18,468 INFO o.a.j.t.JMeterThread: Thread finished: Thread-Gruppe 1-44
2025-02-27 16:05:18,468 INFO o.a.j.t.JMeterThread: Stopping because end time detected by thread: Thread-Gruppe 2-19
2025-02-27 16:05:18,468 INFO o.a.j.t.JMeterThread: Thread finished: Thread-Gruppe 2-19
2025-02-27 16:05:18,614 INFO o.a.j.t.JMeterThread: Stopping because end time detected by thread: Thread-Gruppe 1-45
2025-02-27 16:05:18,614 INFO o.a.j.t.JMeterThread: Thread finished: Thread-Gruppe 1-45
2025-02-27 16:05:18,693 INFO o.a.j.t.JMeterThread: Stopping because end time detected by thread: Thread-Gruppe 2-8
2025-02-27 16:05:18,693 INFO o.a.j.t.JMeterThread: Stopping because end time detected by thread: Thread-Gruppe 1-46
2025-02-27 16:05:18,694 INFO o.a.j.t.JMeterThread: Thread finished: Thread-Gruppe 2-8
2025-02-27 16:05:18,694 INFO o.a.j.t.JMeterThread: Thread finished: Thread-Gruppe 1-46
2025-02-27 16:05:18,719 INFO o.a.j.t.JMeterThread: Stopping because end time detected by thread: Thread-Gruppe 3-2
2025-02-27 16:05:18,719 INFO o.a.j.t.JMeterThread: Thread finished: Thread-Gruppe 3-2
2025-02-27 16:05:18,719 INFO o.a.j.e.StandardJMeterEngine: Notifying test listeners of end of test
2025-02-27 16:05:18,724 INFO o.a.j.r.Summariser: summary +   1392 in 00:00:19 =   74.4/s Avg:   333 Min:   247 Max:  1040 Err:     0 (0.00%) Active: 0 Started: 100 Finished: 100
2025-02-27 16:05:18,725 INFO o.a.j.r.Summariser: summary =  45359 in 00:11:02 =   68.5/s Avg:   350 Min:   245 Max:  2276 Err:     0 (0.00%)
