2025-02-26 14:50:43,298 INFO o.a.j.u.JMeterUtils: Setting Locale to en_EN
2025-02-26 14:50:43,324 INFO o.a.j.JMeter: Loading user properties from: C:\Users\ASUS\Desktop\apache-jmeter-5.6.3\apache-jmeter-5.6.3\bin\user.properties
2025-02-26 14:50:43,325 INFO o.a.j.JMeter: Loading system properties from: C:\Users\ASUS\Desktop\apache-jmeter-5.6.3\apache-jmeter-5.6.3\bin\system.properties
2025-02-26 14:50:43,326 INFO o.a.j.JMeter: Setting JMeter property: lb_1_hostname=34.72.14.4
2025-02-26 14:50:43,326 INFO o.a.j.JMeter: Setting JMeter property: lb_2_hostname=35.232.210.73
2025-02-26 14:50:43,326 INFO o.a.j.JMeter: Setting JMeter property: lb_1_port=8090
2025-02-26 14:50:43,326 INFO o.a.j.JMeter: Setting JMeter property: lb_2_port=8091
2025-02-26 14:50:43,329 INFO o.a.j.JMeter: Setting JMeter property: warm_up_users=5
2025-02-26 14:50:43,330 INFO o.a.j.JMeter: Setting JMeter property: warm_up_time=10
2025-02-26 14:50:43,330 INFO o.a.j.JMeter: Setting JMeter property: test_run_time=30
2025-02-26 14:50:43,330 INFO o.a.j.JMeter: Setting JMeter property: ramp_up=5
2025-02-26 14:50:43,330 INFO o.a.j.JMeter: Setting JMeter property: group_1=1
2025-02-26 14:50:43,330 INFO o.a.j.JMeter: Setting JMeter property: group_2=1
2025-02-26 14:50:43,330 INFO o.a.j.JMeter: Setting JMeter property: group_3=1
2025-02-26 14:50:43,330 INFO o.a.j.JMeter: Setting JMeter property: group_1_request_rate=3
2025-02-26 14:50:43,330 INFO o.a.j.JMeter: Setting JMeter property: group_2_request_rate=9
2025-02-26 14:50:43,330 INFO o.a.j.JMeter: Setting JMeter property: group_3_request_rate=12
2025-02-26 14:50:43,330 INFO o.a.j.JMeter: Setting JMeter property: log_file=c:\\Users\\ASUS\\Desktop\\Repos\\rate-limiter-nginx\\jmeter\\cloud\\2025_02_26_14_42_logs\\sliding_window_logs\\redis_script_rate_limit_100_window_size_60\\warm_up_results.csv
2025-02-26 14:50:43,330 INFO o.a.j.JMeter: Setting JMeter property: algorithm=sliding_window_logs_redis_script_rate_limit_100_window_size_60
2025-02-26 14:50:43,330 INFO o.a.j.JMeter: Setting JMeter property: auth=/sliding_window_logs/redis_script_rate_limit_100_window_size_60/tools.descartes.teastore.auth/rest
2025-02-26 14:50:43,331 INFO o.a.j.JMeter: Setting JMeter property: persistence=/sliding_window_logs/redis_script_rate_limit_100_window_size_60/tools.descartes.teastore.persistence/rest
2025-02-26 14:50:43,331 INFO o.a.j.JMeter: Setting JMeter property: recommender=/sliding_window_logs/redis_script_rate_limit_100_window_size_60/tools.descartes.teastore.recommender/rest
2025-02-26 14:50:43,331 INFO o.a.j.JMeter: Setting JMeter property: image=/sliding_window_logs/redis_script_rate_limit_100_window_size_60/tools.descartes.teastore.image/rest
2025-02-26 14:50:43,346 INFO o.a.j.JMeter: Copyright (c) 1998-2024 The Apache Software Foundation
2025-02-26 14:50:43,346 INFO o.a.j.JMeter: Version 5.6.3
2025-02-26 14:50:43,346 INFO o.a.j.JMeter: java.version=17.0.9
2025-02-26 14:50:43,346 INFO o.a.j.JMeter: java.vm.name=Java HotSpot(TM) 64-Bit Server VM
2025-02-26 14:50:43,346 INFO o.a.j.JMeter: os.name=Windows 11
2025-02-26 14:50:43,347 INFO o.a.j.JMeter: os.arch=amd64
2025-02-26 14:50:43,347 INFO o.a.j.JMeter: os.version=10.0
2025-02-26 14:50:43,347 INFO o.a.j.JMeter: file.encoding=Cp1252
2025-02-26 14:50:43,347 INFO o.a.j.JMeter: java.awt.headless=true
2025-02-26 14:50:43,347 INFO o.a.j.JMeter: Max memory     =1073741824
2025-02-26 14:50:43,347 INFO o.a.j.JMeter: Available Processors =12
2025-02-26 14:50:43,358 INFO o.a.j.JMeter: Default Locale=English (EN)
2025-02-26 14:50:43,359 INFO o.a.j.JMeter: JMeter  Locale=English (EN)
2025-02-26 14:50:43,359 INFO o.a.j.JMeter: JMeterHome=C:\Users\ASUS\Desktop\apache-jmeter-5.6.3\apache-jmeter-5.6.3
2025-02-26 14:50:43,359 INFO o.a.j.JMeter: user.dir  =C:\Users\ASUS\Desktop\Repos\rate-limiter-nginx
2025-02-26 14:50:43,360 INFO o.a.j.JMeter: PWD       =C:\Users\ASUS\Desktop\Repos\rate-limiter-nginx
2025-02-26 14:50:43,362 INFO o.a.j.JMeter: IP: 192.168.1.45 Name: THIVA FullName: THIVA
2025-02-26 14:50:43,375 INFO o.a.j.s.FileServer: Default base='C:\Users\ASUS\Desktop\Repos\rate-limiter-nginx'
2025-02-26 14:50:43,377 INFO o.a.j.s.FileServer: Set new base='c:\Users\ASUS\Desktop\Repos\rate-limiter-nginx\jmeter\cloud'
2025-02-26 14:50:43,648 INFO o.a.j.s.SaveService: Testplan (JMX) version: 2.2. Testlog (JTL) version: 2.2
2025-02-26 14:50:43,689 INFO o.a.j.s.SaveService: Using SaveService properties version 5.0
2025-02-26 14:50:43,693 INFO o.a.j.s.SaveService: Using SaveService properties file encoding UTF-8
2025-02-26 14:50:43,699 INFO o.a.j.s.SaveService: Loading file: c:\Users\ASUS\Desktop\Repos\rate-limiter-nginx\jmeter\cloud\teastore_performance.jmx
2025-02-26 14:50:43,763 INFO o.a.j.p.h.c.CookieManager: Settings: Delete null: true Check: true Allow variable: true Save: false Prefix: COOKIE_
2025-02-26 14:50:43,796 INFO o.a.j.p.h.s.HTTPSamplerBase: Parser for text/html is org.apache.jmeter.protocol.http.parser.LagartoBasedHtmlParser
2025-02-26 14:50:43,796 INFO o.a.j.p.h.s.HTTPSamplerBase: Parser for application/xhtml+xml is org.apache.jmeter.protocol.http.parser.LagartoBasedHtmlParser
2025-02-26 14:50:43,796 INFO o.a.j.p.h.s.HTTPSamplerBase: Parser for application/xml is org.apache.jmeter.protocol.http.parser.LagartoBasedHtmlParser
2025-02-26 14:50:43,796 INFO o.a.j.p.h.s.HTTPSamplerBase: Parser for text/xml is org.apache.jmeter.protocol.http.parser.LagartoBasedHtmlParser
2025-02-26 14:50:43,796 INFO o.a.j.p.h.s.HTTPSamplerBase: Parser for text/vnd.wap.wml is org.apache.jmeter.protocol.http.parser.RegexpHTMLParser
2025-02-26 14:50:43,796 INFO o.a.j.p.h.s.HTTPSamplerBase: Parser for text/css is org.apache.jmeter.protocol.http.parser.CssParser
2025-02-26 14:50:43,958 INFO o.a.j.s.SampleResult: Note: Sample TimeStamps are START times
2025-02-26 14:50:43,958 INFO o.a.j.s.SampleResult: sampleresult.default.encoding is set to UTF-8
2025-02-26 14:50:43,959 INFO o.a.j.s.SampleResult: sampleresult.useNanoTime=true
2025-02-26 14:50:43,959 INFO o.a.j.s.SampleResult: sampleresult.nanoThreadSleep=5000
2025-02-26 14:50:44,007 INFO o.a.j.JMeter: Creating summariser <summary>
2025-02-26 14:50:44,026 INFO o.a.j.e.StandardJMeterEngine: Running the test!
2025-02-26 14:50:44,027 INFO o.a.j.s.SampleEvent: List of sample_variables: []
2025-02-26 14:50:44,027 INFO o.a.j.s.SampleEvent: List of sample_variables: []
2025-02-26 14:50:44,037 INFO o.a.j.e.u.CompoundVariable: Note: Function class names must contain the string: '.functions.'
2025-02-26 14:50:44,037 INFO o.a.j.e.u.CompoundVariable: Note: Function class names must not contain the string: '.gui.'
2025-02-26 14:50:44,112 INFO o.a.j.r.ClassFinder: Will scan jar C:\Users\ASUS\Desktop\apache-jmeter-5.6.3\apache-jmeter-5.6.3\lib\ext\jmeter-plugins-casutg-2.10.jar with filter ExtendsClassFilter [parents=[interface org.apache.jmeter.functions.Function], inner=false, contains=null, notContains=null]. Consider exposing JMeter plugins via META-INF/services, and add JMeter-Skip-Class-Scanning=true manifest attribute so JMeter can skip classfile scanning
2025-02-26 14:50:44,135 INFO o.a.j.r.ClassFinder: Will scan jar C:\Users\ASUS\Desktop\apache-jmeter-5.6.3\apache-jmeter-5.6.3\lib\ext\jmeter-plugins-graphs-vs-2.0.jar with filter ExtendsClassFilter [parents=[interface org.apache.jmeter.functions.Function], inner=false, contains=null, notContains=null]. Consider exposing JMeter plugins via META-INF/services, and add JMeter-Skip-Class-Scanning=true manifest attribute so JMeter can skip classfile scanning
2025-02-26 14:50:44,139 INFO o.a.j.r.ClassFinder: Will scan jar C:\Users\ASUS\Desktop\apache-jmeter-5.6.3\apache-jmeter-5.6.3\lib\ext\jmeter-plugins-manager-1.9.jar with filter ExtendsClassFilter [parents=[interface org.apache.jmeter.functions.Function], inner=false, contains=null, notContains=null]. Consider exposing JMeter plugins via META-INF/services, and add JMeter-Skip-Class-Scanning=true manifest attribute so JMeter can skip classfile scanning
2025-02-26 14:50:44,210 INFO o.a.j.r.ClassFinder: Will scan jar C:\Users\ASUS\Desktop\apache-jmeter-5.6.3\apache-jmeter-5.6.3\lib\ext\jmeter-plugins-graphs-basic-2.0.jar with filter ExtendsClassFilter [parents=[interface org.apache.jmeter.functions.Function], inner=false, contains=null, notContains=null]. Consider exposing JMeter plugins via META-INF/services, and add JMeter-Skip-Class-Scanning=true manifest attribute so JMeter can skip classfile scanning
2025-02-26 14:50:44,217 INFO o.a.j.r.ClassFinder: Will scan jar C:\Users\ASUS\Desktop\apache-jmeter-5.6.3\apache-jmeter-5.6.3\lib\ext\jmeter-plugins-manager-0.20.jar with filter ExtendsClassFilter [parents=[interface org.apache.jmeter.functions.Function], inner=false, contains=null, notContains=null]. Consider exposing JMeter plugins via META-INF/services, and add JMeter-Skip-Class-Scanning=true manifest attribute so JMeter can skip classfile scanning
2025-02-26 14:50:44,222 INFO o.a.j.r.ClassFinder: Will scan jar C:\Users\ASUS\Desktop\apache-jmeter-5.6.3\apache-jmeter-5.6.3\lib\ext\jmeter-plugins-tst-2.6.jar with filter ExtendsClassFilter [parents=[interface org.apache.jmeter.functions.Function], inner=false, contains=null, notContains=null]. Consider exposing JMeter plugins via META-INF/services, and add JMeter-Skip-Class-Scanning=true manifest attribute so JMeter can skip classfile scanning
2025-02-26 14:50:44,227 INFO o.a.j.r.ClassFinder: Will scan jar C:\Users\ASUS\Desktop\apache-jmeter-5.6.3\apache-jmeter-5.6.3\lib\ext\jmeter-parallel-0.12.jar with filter ExtendsClassFilter [parents=[interface org.apache.jmeter.functions.Function], inner=false, contains=null, notContains=null]. Consider exposing JMeter plugins via META-INF/services, and add JMeter-Skip-Class-Scanning=true manifest attribute so JMeter can skip classfile scanning
2025-02-26 14:50:44,524 INFO o.a.j.JMeter: Running test (1740561644524)
2025-02-26 14:50:44,526 INFO o.a.j.e.StandardJMeterEngine: Starting setUp thread groups
2025-02-26 14:50:44,526 INFO o.a.j.e.StandardJMeterEngine: Starting setUp ThreadGroup: 1 : setUp Thread Group 
2025-02-26 14:50:44,527 INFO o.a.j.e.StandardJMeterEngine: Starting 5 threads for group setUp Thread Group.
2025-02-26 14:50:44,527 INFO o.a.j.e.StandardJMeterEngine: Thread will continue on error
2025-02-26 14:50:44,527 INFO o.a.j.t.ThreadGroup: Starting thread group... number=1 threads=5 ramp-up=5 delayedStart=false
2025-02-26 14:50:44,535 INFO o.a.j.t.ThreadGroup: Started thread group number 1
2025-02-26 14:50:44,535 INFO o.a.j.e.StandardJMeterEngine: Waiting for all setup thread groups to exit
2025-02-26 14:50:44,538 INFO o.a.j.t.JMeterThread: Thread started: setUp Thread Group 1-1
2025-02-26 14:50:45,466 INFO o.a.j.p.h.s.HTTPHCAbstractImpl: Local host = THIVA
2025-02-26 14:50:45,475 INFO o.a.j.p.h.s.HTTPHC4Impl: HTTP request retry count = 0
2025-02-26 14:50:45,535 INFO o.a.j.t.JMeterThread: Thread started: setUp Thread Group 1-2
2025-02-26 14:50:46,534 INFO o.a.j.t.JMeterThread: Thread started: setUp Thread Group 1-3
2025-02-26 14:50:47,534 INFO o.a.j.t.JMeterThread: Thread started: setUp Thread Group 1-4
2025-02-26 14:50:48,534 INFO o.a.j.t.JMeterThread: Thread started: setUp Thread Group 1-5
2025-02-26 14:50:54,288 INFO o.a.j.t.JMeterThread: Thread finished: setUp Thread Group 1-5
2025-02-26 14:50:54,289 INFO o.a.j.t.JMeterThread: Thread finished: setUp Thread Group 1-4
2025-02-26 14:50:54,296 INFO o.a.j.t.JMeterThread: Thread finished: setUp Thread Group 1-3
2025-02-26 14:50:54,550 INFO o.a.j.t.JMeterThread: Stopping because end time detected by thread: setUp Thread Group 1-2
2025-02-26 14:50:54,550 INFO o.a.j.t.JMeterThread: Thread finished: setUp Thread Group 1-2
2025-02-26 14:50:54,554 INFO o.a.j.t.JMeterThread: Stopping because end time detected by thread: setUp Thread Group 1-1
2025-02-26 14:50:54,555 INFO o.a.j.t.JMeterThread: Thread finished: setUp Thread Group 1-1
2025-02-26 14:50:54,555 INFO o.a.j.e.StandardJMeterEngine: All Setup Threads have ended
2025-02-26 14:50:54,590 INFO o.a.j.e.StandardJMeterEngine: Starting ThreadGroup: 1 : Thread-Gruppe
2025-02-26 14:50:54,590 INFO o.a.j.e.StandardJMeterEngine: Starting 1 threads for group Thread-Gruppe.
2025-02-26 14:50:54,590 INFO o.a.j.e.StandardJMeterEngine: Thread will continue on error
2025-02-26 14:50:54,590 INFO o.a.j.t.ThreadGroup: Starting thread group... number=1 threads=1 ramp-up=5 delayedStart=false
2025-02-26 14:50:54,591 INFO o.a.j.t.ThreadGroup: Started thread group number 1
2025-02-26 14:50:54,591 INFO o.a.j.e.StandardJMeterEngine: Starting ThreadGroup: 2 : Thread-Gruppe
2025-02-26 14:50:54,591 INFO o.a.j.e.StandardJMeterEngine: Starting 1 threads for group Thread-Gruppe.
2025-02-26 14:50:54,591 INFO o.a.j.e.StandardJMeterEngine: Thread will continue on error
2025-02-26 14:50:54,591 INFO o.a.j.t.ThreadGroup: Starting thread group... number=2 threads=1 ramp-up=5 delayedStart=false
2025-02-26 14:50:54,592 INFO o.a.j.t.ThreadGroup: Started thread group number 2
2025-02-26 14:50:54,592 INFO o.a.j.e.StandardJMeterEngine: Starting ThreadGroup: 3 : Thread-Gruppe
2025-02-26 14:50:54,592 INFO o.a.j.e.StandardJMeterEngine: Starting 1 threads for group Thread-Gruppe.
2025-02-26 14:50:54,592 INFO o.a.j.e.StandardJMeterEngine: Thread will continue on error
2025-02-26 14:50:54,592 INFO o.a.j.t.ThreadGroup: Starting thread group... number=3 threads=1 ramp-up=5 delayedStart=false
2025-02-26 14:50:54,593 INFO o.a.j.t.JMeterThread: Thread started: Thread-Gruppe 1-1
2025-02-26 14:50:54,593 INFO o.a.j.t.JMeterThread: Thread started: Thread-Gruppe 2-1
2025-02-26 14:50:54,599 INFO o.a.j.t.ThreadGroup: Started thread group number 3
2025-02-26 14:50:54,600 INFO o.a.j.e.StandardJMeterEngine: All thread groups have been started
2025-02-26 14:50:54,601 INFO o.a.j.t.JMeterThread: Thread started: Thread-Gruppe 3-1
2025-02-26 14:51:00,112 INFO o.a.j.r.Summariser: summary +      4 in 00:00:16 =    0.3/s Avg:   490 Min:   485 Max:   499 Err:     4 (100.00%) Active: 3 Started: 3 Finished: 0
2025-02-26 14:51:15,111 INFO o.a.j.t.JMeterThread: Thread finished: Thread-Gruppe 1-1
2025-02-26 14:51:19,892 INFO o.a.j.t.JMeterThread: Thread finished: Thread-Gruppe 3-1
2025-02-26 14:51:21,551 INFO o.a.j.t.JMeterThread: Thread finished: Thread-Gruppe 2-1
2025-02-26 14:51:21,552 INFO o.a.j.e.StandardJMeterEngine: Notifying test listeners of end of test
2025-02-26 14:51:21,558 INFO o.a.j.r.Summariser: summary +      9 in 00:00:21 =    0.4/s Avg:   306 Min:   246 Max:   485 Err:     9 (100.00%) Active: 0 Started: 3 Finished: 3
2025-02-26 14:51:21,559 INFO o.a.j.r.Summariser: summary =     13 in 00:00:37 =    0.4/s Avg:   363 Min:   246 Max:   499 Err:    13 (100.00%)
