2025-03-01 19:57:15,846 INFO o.a.j.u.JMeterUtils: Setting Locale to en_EN
2025-03-01 19:57:15,871 INFO o.a.j.JMeter: Loading user properties from: C:\Users\ASUS\Desktop\apache-jmeter-5.6.3\apache-jmeter-5.6.3\bin\user.properties
2025-03-01 19:57:15,871 INFO o.a.j.JMeter: Loading system properties from: C:\Users\ASUS\Desktop\apache-jmeter-5.6.3\apache-jmeter-5.6.3\bin\system.properties
2025-03-01 19:57:15,871 INFO o.a.j.JMeter: Setting JMeter property: lb_1_hostname=104.155.182.254
2025-03-01 19:57:15,871 INFO o.a.j.JMeter: Setting JMeter property: lb_2_hostname=35.246.73.6
2025-03-01 19:57:15,871 INFO o.a.j.JMeter: Setting JMeter property: lb_1_port=8090
2025-03-01 19:57:15,871 INFO o.a.j.JMeter: Setting JMeter property: lb_2_port=8091
2025-03-01 19:57:15,876 INFO o.a.j.JMeter: Setting JMeter property: warm_up_users=20
2025-03-01 19:57:15,876 INFO o.a.j.JMeter: Setting JMeter property: warm_up_time=60
2025-03-01 19:57:15,876 INFO o.a.j.JMeter: Setting JMeter property: test_run_time=600
2025-03-01 19:57:15,876 INFO o.a.j.JMeter: Setting JMeter property: ramp_up=10
2025-03-01 19:57:15,876 INFO o.a.j.JMeter: Setting JMeter property: group_1=75
2025-03-01 19:57:15,876 INFO o.a.j.JMeter: Setting JMeter property: group_2=20
2025-03-01 19:57:15,876 INFO o.a.j.JMeter: Setting JMeter property: group_3=5
2025-03-01 19:57:15,876 INFO o.a.j.JMeter: Setting JMeter property: group_1_request_rate=30
2025-03-01 19:57:15,876 INFO o.a.j.JMeter: Setting JMeter property: group_2_request_rate=90
2025-03-01 19:57:15,876 INFO o.a.j.JMeter: Setting JMeter property: group_3_request_rate=120
2025-03-01 19:57:15,876 INFO o.a.j.JMeter: Setting JMeter property: log_file=c:\\Users\\ASUS\\Desktop\\Repos\\rate-limiter-nginx\\jmeter\\cloud\\2025_03_01_18_17_logs\\sliding_window_counter\\redis_script_rate_limit_100_window_size_60_sub_window_count_2\\warm_up_results.csv
2025-03-01 19:57:15,878 INFO o.a.j.JMeter: Setting JMeter property: algorithm=sliding_window_counter_redis_script_rate_limit_100_window_size_60_sub_window_count_2
2025-03-01 19:57:15,878 INFO o.a.j.JMeter: Setting JMeter property: auth=/sliding_window_counter/redis_script_rate_limit_100_window_size_60_sub_window_count_2/tools.descartes.teastore.auth/rest
2025-03-01 19:57:15,878 INFO o.a.j.JMeter: Setting JMeter property: persistence=/sliding_window_counter/redis_script_rate_limit_100_window_size_60_sub_window_count_2/tools.descartes.teastore.persistence/rest
2025-03-01 19:57:15,878 INFO o.a.j.JMeter: Setting JMeter property: recommender=/sliding_window_counter/redis_script_rate_limit_100_window_size_60_sub_window_count_2/tools.descartes.teastore.recommender/rest
2025-03-01 19:57:15,878 INFO o.a.j.JMeter: Setting JMeter property: image=/sliding_window_counter/redis_script_rate_limit_100_window_size_60_sub_window_count_2/tools.descartes.teastore.image/rest
2025-03-01 19:57:15,884 INFO o.a.j.JMeter: Copyright (c) 1998-2024 The Apache Software Foundation
2025-03-01 19:57:15,884 INFO o.a.j.JMeter: Version 5.6.3
2025-03-01 19:57:15,884 INFO o.a.j.JMeter: java.version=17.0.9
2025-03-01 19:57:15,884 INFO o.a.j.JMeter: java.vm.name=Java HotSpot(TM) 64-Bit Server VM
2025-03-01 19:57:15,884 INFO o.a.j.JMeter: os.name=Windows 11
2025-03-01 19:57:15,884 INFO o.a.j.JMeter: os.arch=amd64
2025-03-01 19:57:15,884 INFO o.a.j.JMeter: os.version=10.0
2025-03-01 19:57:15,884 INFO o.a.j.JMeter: file.encoding=Cp1252
2025-03-01 19:57:15,884 INFO o.a.j.JMeter: java.awt.headless=true
2025-03-01 19:57:15,884 INFO o.a.j.JMeter: Max memory     =1073741824
2025-03-01 19:57:15,884 INFO o.a.j.JMeter: Available Processors =12
2025-03-01 19:57:15,897 INFO o.a.j.JMeter: Default Locale=English (EN)
2025-03-01 19:57:15,897 INFO o.a.j.JMeter: JMeter  Locale=English (EN)
2025-03-01 19:57:15,897 INFO o.a.j.JMeter: JMeterHome=C:\Users\ASUS\Desktop\apache-jmeter-5.6.3\apache-jmeter-5.6.3
2025-03-01 19:57:15,897 INFO o.a.j.JMeter: user.dir  =C:\Users\ASUS\Desktop\Repos\rate-limiter-nginx
2025-03-01 19:57:15,897 INFO o.a.j.JMeter: PWD       =C:\Users\ASUS\Desktop\Repos\rate-limiter-nginx
2025-03-01 19:57:15,899 INFO o.a.j.JMeter: IP: 192.168.1.45 Name: THIVA FullName: THIVA
2025-03-01 19:57:15,920 INFO o.a.j.s.FileServer: Default base='C:\Users\ASUS\Desktop\Repos\rate-limiter-nginx'
2025-03-01 19:57:15,920 INFO o.a.j.s.FileServer: Set new base='c:\Users\ASUS\Desktop\Repos\rate-limiter-nginx\jmeter\cloud'
2025-03-01 19:57:16,163 INFO o.a.j.s.SaveService: Testplan (JMX) version: 2.2. Testlog (JTL) version: 2.2
2025-03-01 19:57:16,201 INFO o.a.j.s.SaveService: Using SaveService properties version 5.0
2025-03-01 19:57:16,201 INFO o.a.j.s.SaveService: Using SaveService properties file encoding UTF-8
2025-03-01 19:57:16,212 INFO o.a.j.s.SaveService: Loading file: c:\Users\ASUS\Desktop\Repos\rate-limiter-nginx\jmeter\cloud\teastore_performance.jmx
2025-03-01 19:57:16,265 INFO o.a.j.p.h.c.CookieManager: Settings: Delete null: true Check: true Allow variable: true Save: false Prefix: COOKIE_
2025-03-01 19:57:16,296 INFO o.a.j.p.h.s.HTTPSamplerBase: Parser for text/html is org.apache.jmeter.protocol.http.parser.LagartoBasedHtmlParser
2025-03-01 19:57:16,296 INFO o.a.j.p.h.s.HTTPSamplerBase: Parser for application/xhtml+xml is org.apache.jmeter.protocol.http.parser.LagartoBasedHtmlParser
2025-03-01 19:57:16,296 INFO o.a.j.p.h.s.HTTPSamplerBase: Parser for application/xml is org.apache.jmeter.protocol.http.parser.LagartoBasedHtmlParser
2025-03-01 19:57:16,296 INFO o.a.j.p.h.s.HTTPSamplerBase: Parser for text/xml is org.apache.jmeter.protocol.http.parser.LagartoBasedHtmlParser
2025-03-01 19:57:16,296 INFO o.a.j.p.h.s.HTTPSamplerBase: Parser for text/vnd.wap.wml is org.apache.jmeter.protocol.http.parser.RegexpHTMLParser
2025-03-01 19:57:16,296 INFO o.a.j.p.h.s.HTTPSamplerBase: Parser for text/css is org.apache.jmeter.protocol.http.parser.CssParser
2025-03-01 19:57:16,412 INFO o.a.j.s.SampleResult: Note: Sample TimeStamps are START times
2025-03-01 19:57:16,412 INFO o.a.j.s.SampleResult: sampleresult.default.encoding is set to UTF-8
2025-03-01 19:57:16,412 INFO o.a.j.s.SampleResult: sampleresult.useNanoTime=true
2025-03-01 19:57:16,412 INFO o.a.j.s.SampleResult: sampleresult.nanoThreadSleep=5000
2025-03-01 19:57:16,453 INFO o.a.j.JMeter: Creating summariser <summary>
2025-03-01 19:57:16,473 INFO o.a.j.e.StandardJMeterEngine: Running the test!
2025-03-01 19:57:16,473 INFO o.a.j.s.SampleEvent: List of sample_variables: []
2025-03-01 19:57:16,473 INFO o.a.j.s.SampleEvent: List of sample_variables: []
2025-03-01 19:57:16,482 INFO o.a.j.e.u.CompoundVariable: Note: Function class names must contain the string: '.functions.'
2025-03-01 19:57:16,483 INFO o.a.j.e.u.CompoundVariable: Note: Function class names must not contain the string: '.gui.'
2025-03-01 19:57:16,562 INFO o.a.j.r.ClassFinder: Will scan jar C:\Users\ASUS\Desktop\apache-jmeter-5.6.3\apache-jmeter-5.6.3\lib\ext\jmeter-plugins-casutg-2.10.jar with filter ExtendsClassFilter [parents=[interface org.apache.jmeter.functions.Function], inner=false, contains=null, notContains=null]. Consider exposing JMeter plugins via META-INF/services, and add JMeter-Skip-Class-Scanning=true manifest attribute so JMeter can skip classfile scanning
2025-03-01 19:57:16,575 INFO o.a.j.r.ClassFinder: Will scan jar C:\Users\ASUS\Desktop\apache-jmeter-5.6.3\apache-jmeter-5.6.3\lib\ext\jmeter-plugins-graphs-vs-2.0.jar with filter ExtendsClassFilter [parents=[interface org.apache.jmeter.functions.Function], inner=false, contains=null, notContains=null]. Consider exposing JMeter plugins via META-INF/services, and add JMeter-Skip-Class-Scanning=true manifest attribute so JMeter can skip classfile scanning
2025-03-01 19:57:16,578 INFO o.a.j.r.ClassFinder: Will scan jar C:\Users\ASUS\Desktop\apache-jmeter-5.6.3\apache-jmeter-5.6.3\lib\ext\jmeter-plugins-manager-1.9.jar with filter ExtendsClassFilter [parents=[interface org.apache.jmeter.functions.Function], inner=false, contains=null, notContains=null]. Consider exposing JMeter plugins via META-INF/services, and add JMeter-Skip-Class-Scanning=true manifest attribute so JMeter can skip classfile scanning
2025-03-01 19:57:16,643 INFO o.a.j.r.ClassFinder: Will scan jar C:\Users\ASUS\Desktop\apache-jmeter-5.6.3\apache-jmeter-5.6.3\lib\ext\jmeter-plugins-graphs-basic-2.0.jar with filter ExtendsClassFilter [parents=[interface org.apache.jmeter.functions.Function], inner=false, contains=null, notContains=null]. Consider exposing JMeter plugins via META-INF/services, and add JMeter-Skip-Class-Scanning=true manifest attribute so JMeter can skip classfile scanning
2025-03-01 19:57:16,659 INFO o.a.j.r.ClassFinder: Will scan jar C:\Users\ASUS\Desktop\apache-jmeter-5.6.3\apache-jmeter-5.6.3\lib\ext\jmeter-plugins-manager-0.20.jar with filter ExtendsClassFilter [parents=[interface org.apache.jmeter.functions.Function], inner=false, contains=null, notContains=null]. Consider exposing JMeter plugins via META-INF/services, and add JMeter-Skip-Class-Scanning=true manifest attribute so JMeter can skip classfile scanning
2025-03-01 19:57:16,668 INFO o.a.j.r.ClassFinder: Will scan jar C:\Users\ASUS\Desktop\apache-jmeter-5.6.3\apache-jmeter-5.6.3\lib\ext\jmeter-plugins-tst-2.6.jar with filter ExtendsClassFilter [parents=[interface org.apache.jmeter.functions.Function], inner=false, contains=null, notContains=null]. Consider exposing JMeter plugins via META-INF/services, and add JMeter-Skip-Class-Scanning=true manifest attribute so JMeter can skip classfile scanning
2025-03-01 19:57:16,668 INFO o.a.j.r.ClassFinder: Will scan jar C:\Users\ASUS\Desktop\apache-jmeter-5.6.3\apache-jmeter-5.6.3\lib\ext\jmeter-parallel-0.12.jar with filter ExtendsClassFilter [parents=[interface org.apache.jmeter.functions.Function], inner=false, contains=null, notContains=null]. Consider exposing JMeter plugins via META-INF/services, and add JMeter-Skip-Class-Scanning=true manifest attribute so JMeter can skip classfile scanning
2025-03-01 19:57:16,957 INFO o.a.j.JMeter: Running test (1740839236957)
2025-03-01 19:57:16,958 INFO o.a.j.e.StandardJMeterEngine: Starting setUp thread groups
2025-03-01 19:57:16,958 INFO o.a.j.e.StandardJMeterEngine: Starting setUp ThreadGroup: 1 : setUp Thread Group 
2025-03-01 19:57:16,959 INFO o.a.j.e.StandardJMeterEngine: Starting 20 threads for group setUp Thread Group.
2025-03-01 19:57:16,959 INFO o.a.j.e.StandardJMeterEngine: Thread will continue on error
2025-03-01 19:57:16,959 INFO o.a.j.t.ThreadGroup: Starting thread group... number=1 threads=20 ramp-up=10 delayedStart=false
2025-03-01 19:57:16,973 INFO o.a.j.t.JMeterThread: Thread started: setUp Thread Group 1-1
2025-03-01 19:57:16,998 INFO o.a.j.t.ThreadGroup: Started thread group number 1
2025-03-01 19:57:16,998 INFO o.a.j.e.StandardJMeterEngine: Waiting for all setup thread groups to exit
2025-03-01 19:57:17,470 INFO o.a.j.t.JMeterThread: Thread started: setUp Thread Group 1-2
2025-03-01 19:57:17,867 INFO o.a.j.p.h.s.HTTPHCAbstractImpl: Local host = THIVA
2025-03-01 19:57:17,875 INFO o.a.j.p.h.s.HTTPHC4Impl: HTTP request retry count = 0
2025-03-01 19:57:17,968 INFO o.a.j.t.JMeterThread: Thread started: setUp Thread Group 1-3
2025-03-01 19:57:18,467 INFO o.a.j.t.JMeterThread: Thread started: setUp Thread Group 1-4
2025-03-01 19:57:18,966 INFO o.a.j.t.JMeterThread: Thread started: setUp Thread Group 1-5
2025-03-01 19:57:19,466 INFO o.a.j.t.JMeterThread: Thread started: setUp Thread Group 1-6
2025-03-01 19:57:19,966 INFO o.a.j.t.JMeterThread: Thread started: setUp Thread Group 1-7
2025-03-01 19:57:20,469 INFO o.a.j.t.JMeterThread: Thread started: setUp Thread Group 1-8
2025-03-01 19:57:20,966 INFO o.a.j.t.JMeterThread: Thread started: setUp Thread Group 1-9
2025-03-01 19:57:21,465 INFO o.a.j.t.JMeterThread: Thread started: setUp Thread Group 1-10
2025-03-01 19:57:21,964 INFO o.a.j.t.JMeterThread: Thread started: setUp Thread Group 1-11
2025-03-01 19:57:22,464 INFO o.a.j.t.JMeterThread: Thread started: setUp Thread Group 1-12
2025-03-01 19:57:22,964 INFO o.a.j.t.JMeterThread: Thread started: setUp Thread Group 1-13
2025-03-01 19:57:23,467 INFO o.a.j.t.JMeterThread: Thread started: setUp Thread Group 1-14
2025-03-01 19:57:23,963 INFO o.a.j.t.JMeterThread: Thread started: setUp Thread Group 1-15
2025-03-01 19:57:24,464 INFO o.a.j.t.JMeterThread: Thread started: setUp Thread Group 1-16
2025-03-01 19:57:24,962 INFO o.a.j.t.JMeterThread: Thread started: setUp Thread Group 1-17
2025-03-01 19:57:25,463 INFO o.a.j.t.JMeterThread: Thread started: setUp Thread Group 1-18
2025-03-01 19:57:25,963 INFO o.a.j.t.JMeterThread: Thread started: setUp Thread Group 1-19
2025-03-01 19:57:26,461 INFO o.a.j.t.JMeterThread: Thread started: setUp Thread Group 1-20
2025-03-01 19:58:16,760 INFO o.a.j.t.JMeterThread: Thread finished: setUp Thread Group 1-1
2025-03-01 19:58:16,785 INFO o.a.j.t.JMeterThread: Thread finished: setUp Thread Group 1-3
2025-03-01 19:58:16,810 INFO o.a.j.t.JMeterThread: Thread finished: setUp Thread Group 1-15
2025-03-01 19:58:16,893 INFO o.a.j.t.JMeterThread: Thread finished: setUp Thread Group 1-2
2025-03-01 19:58:16,936 INFO o.a.j.t.JMeterThread: Thread finished: setUp Thread Group 1-18
2025-03-01 19:58:16,957 INFO o.a.j.t.JMeterThread: Thread finished: setUp Thread Group 1-13
2025-03-01 19:58:16,976 INFO o.a.j.t.JMeterThread: Stopping because end time detected by thread: setUp Thread Group 1-4
2025-03-01 19:58:16,976 INFO o.a.j.t.JMeterThread: Thread finished: setUp Thread Group 1-4
2025-03-01 19:58:17,024 INFO o.a.j.t.JMeterThread: Stopping because end time detected by thread: setUp Thread Group 1-12
2025-03-01 19:58:17,024 INFO o.a.j.t.JMeterThread: Thread finished: setUp Thread Group 1-12
2025-03-01 19:58:17,040 INFO o.a.j.t.JMeterThread: Stopping because end time detected by thread: setUp Thread Group 1-9
2025-03-01 19:58:17,040 INFO o.a.j.t.JMeterThread: Thread finished: setUp Thread Group 1-9
2025-03-01 19:58:17,071 INFO o.a.j.t.JMeterThread: Stopping because end time detected by thread: setUp Thread Group 1-20
2025-03-01 19:58:17,071 INFO o.a.j.t.JMeterThread: Thread finished: setUp Thread Group 1-20
2025-03-01 19:58:17,087 INFO o.a.j.t.JMeterThread: Stopping because end time detected by thread: setUp Thread Group 1-7
2025-03-01 19:58:17,093 INFO o.a.j.t.JMeterThread: Thread finished: setUp Thread Group 1-7
2025-03-01 19:58:17,093 INFO o.a.j.t.JMeterThread: Stopping because end time detected by thread: setUp Thread Group 1-17
2025-03-01 19:58:17,093 INFO o.a.j.t.JMeterThread: Thread finished: setUp Thread Group 1-17
2025-03-01 19:58:17,103 INFO o.a.j.t.JMeterThread: Stopping because end time detected by thread: setUp Thread Group 1-6
2025-03-01 19:58:17,103 INFO o.a.j.t.JMeterThread: Thread finished: setUp Thread Group 1-6
2025-03-01 19:58:17,198 INFO o.a.j.t.JMeterThread: Stopping because end time detected by thread: setUp Thread Group 1-5
2025-03-01 19:58:17,198 INFO o.a.j.t.JMeterThread: Thread finished: setUp Thread Group 1-5
2025-03-01 19:58:17,246 INFO o.a.j.t.JMeterThread: Stopping because end time detected by thread: setUp Thread Group 1-16
2025-03-01 19:58:17,246 INFO o.a.j.t.JMeterThread: Thread finished: setUp Thread Group 1-16
2025-03-01 19:58:17,254 INFO o.a.j.t.JMeterThread: Stopping because end time detected by thread: setUp Thread Group 1-14
2025-03-01 19:58:17,254 INFO o.a.j.t.JMeterThread: Thread finished: setUp Thread Group 1-14
2025-03-01 19:58:17,254 INFO o.a.j.t.JMeterThread: Stopping because end time detected by thread: setUp Thread Group 1-10
2025-03-01 19:58:17,254 INFO o.a.j.t.JMeterThread: Thread finished: setUp Thread Group 1-10
2025-03-01 19:58:17,278 INFO o.a.j.t.JMeterThread: Stopping because end time detected by thread: setUp Thread Group 1-8
2025-03-01 19:58:17,278 INFO o.a.j.t.JMeterThread: Thread finished: setUp Thread Group 1-8
2025-03-01 19:58:17,310 INFO o.a.j.t.JMeterThread: Stopping because end time detected by thread: setUp Thread Group 1-11
2025-03-01 19:58:17,310 INFO o.a.j.t.JMeterThread: Thread finished: setUp Thread Group 1-11
2025-03-01 19:58:17,326 INFO o.a.j.t.JMeterThread: Stopping because end time detected by thread: setUp Thread Group 1-19
2025-03-01 19:58:17,326 INFO o.a.j.t.JMeterThread: Thread finished: setUp Thread Group 1-19
2025-03-01 19:58:17,326 INFO o.a.j.e.StandardJMeterEngine: All Setup Threads have ended
2025-03-01 19:58:17,360 INFO o.a.j.e.StandardJMeterEngine: Starting ThreadGroup: 1 : Thread-Gruppe
2025-03-01 19:58:17,360 INFO o.a.j.e.StandardJMeterEngine: Starting 75 threads for group Thread-Gruppe.
2025-03-01 19:58:17,360 INFO o.a.j.e.StandardJMeterEngine: Thread will continue on error
2025-03-01 19:58:17,360 INFO o.a.j.t.ThreadGroup: Starting thread group... number=1 threads=75 ramp-up=10 delayedStart=false
2025-03-01 19:58:17,369 INFO o.a.j.t.JMeterThread: Thread started: Thread-Gruppe 1-1
2025-03-01 19:58:17,422 INFO o.a.j.t.ThreadGroup: Started thread group number 1
2025-03-01 19:58:17,422 INFO o.a.j.e.StandardJMeterEngine: Starting ThreadGroup: 2 : Thread-Gruppe
2025-03-01 19:58:17,422 INFO o.a.j.e.StandardJMeterEngine: Starting 20 threads for group Thread-Gruppe.
2025-03-01 19:58:17,422 INFO o.a.j.e.StandardJMeterEngine: Thread will continue on error
2025-03-01 19:58:17,422 INFO o.a.j.t.ThreadGroup: Starting thread group... number=2 threads=20 ramp-up=10 delayedStart=false
2025-03-01 19:58:17,424 INFO o.a.j.t.JMeterThread: Thread started: Thread-Gruppe 2-1
2025-03-01 19:58:17,438 INFO o.a.j.t.ThreadGroup: Started thread group number 2
2025-03-01 19:58:17,438 INFO o.a.j.e.StandardJMeterEngine: Starting ThreadGroup: 3 : Thread-Gruppe
2025-03-01 19:58:17,438 INFO o.a.j.e.StandardJMeterEngine: Starting 5 threads for group Thread-Gruppe.
2025-03-01 19:58:17,438 INFO o.a.j.e.StandardJMeterEngine: Thread will continue on error
2025-03-01 19:58:17,438 INFO o.a.j.t.ThreadGroup: Starting thread group... number=3 threads=5 ramp-up=10 delayedStart=false
2025-03-01 19:58:17,440 INFO o.a.j.t.JMeterThread: Thread started: Thread-Gruppe 3-1
2025-03-01 19:58:17,441 INFO o.a.j.t.ThreadGroup: Started thread group number 3
2025-03-01 19:58:17,442 INFO o.a.j.e.StandardJMeterEngine: All thread groups have been started
2025-03-01 19:58:17,496 INFO o.a.j.t.JMeterThread: Thread started: Thread-Gruppe 1-2
2025-03-01 19:58:17,629 INFO o.a.j.t.JMeterThread: Thread started: Thread-Gruppe 1-3
2025-03-01 19:58:17,764 INFO o.a.j.t.JMeterThread: Thread started: Thread-Gruppe 1-4
2025-03-01 19:58:17,898 INFO o.a.j.t.JMeterThread: Thread started: Thread-Gruppe 1-5
2025-03-01 19:58:17,924 INFO o.a.j.t.JMeterThread: Thread started: Thread-Gruppe 2-2
2025-03-01 19:58:18,028 INFO o.a.j.t.JMeterThread: Thread started: Thread-Gruppe 1-6
2025-03-01 19:58:18,161 INFO o.a.j.t.JMeterThread: Thread started: Thread-Gruppe 1-7
2025-03-01 19:58:18,293 INFO o.a.j.t.JMeterThread: Thread started: Thread-Gruppe 1-8
2025-03-01 19:58:18,425 INFO o.a.j.t.JMeterThread: Thread started: Thread-Gruppe 2-3
2025-03-01 19:58:18,426 INFO o.a.j.t.JMeterThread: Thread started: Thread-Gruppe 1-9
2025-03-01 19:58:18,560 INFO o.a.j.t.JMeterThread: Thread started: Thread-Gruppe 1-10
2025-03-01 19:58:18,692 INFO o.a.j.t.JMeterThread: Thread started: Thread-Gruppe 1-11
2025-03-01 19:58:18,825 INFO o.a.j.t.JMeterThread: Thread started: Thread-Gruppe 1-12
2025-03-01 19:58:18,924 INFO o.a.j.t.JMeterThread: Thread started: Thread-Gruppe 2-4
2025-03-01 19:58:18,958 INFO o.a.j.t.JMeterThread: Thread started: Thread-Gruppe 1-13
2025-03-01 19:58:19,091 INFO o.a.j.t.JMeterThread: Thread started: Thread-Gruppe 1-14
2025-03-01 19:58:19,224 INFO o.a.j.t.JMeterThread: Thread started: Thread-Gruppe 1-15
2025-03-01 19:58:19,357 INFO o.a.j.t.JMeterThread: Thread started: Thread-Gruppe 1-16
2025-03-01 19:58:19,425 INFO o.a.j.t.JMeterThread: Thread started: Thread-Gruppe 2-5
2025-03-01 19:58:19,441 INFO o.a.j.t.JMeterThread: Thread started: Thread-Gruppe 3-2
2025-03-01 19:58:19,491 INFO o.a.j.t.JMeterThread: Thread started: Thread-Gruppe 1-17
2025-03-01 19:58:19,623 INFO o.a.j.t.JMeterThread: Thread started: Thread-Gruppe 1-18
2025-03-01 19:58:19,757 INFO o.a.j.t.JMeterThread: Thread started: Thread-Gruppe 1-19
2025-03-01 19:58:19,890 INFO o.a.j.t.JMeterThread: Thread started: Thread-Gruppe 1-20
2025-03-01 19:58:19,924 INFO o.a.j.t.JMeterThread: Thread started: Thread-Gruppe 2-6
2025-03-01 19:58:20,023 INFO o.a.j.t.JMeterThread: Thread started: Thread-Gruppe 1-21
2025-03-01 19:58:20,156 INFO o.a.j.t.JMeterThread: Thread started: Thread-Gruppe 1-22
2025-03-01 19:58:20,287 INFO o.a.j.t.JMeterThread: Thread started: Thread-Gruppe 1-23
2025-03-01 19:58:20,423 INFO o.a.j.t.JMeterThread: Thread started: Thread-Gruppe 2-7
2025-03-01 19:58:20,423 INFO o.a.j.t.JMeterThread: Thread started: Thread-Gruppe 1-24
2025-03-01 19:58:20,555 INFO o.a.j.t.JMeterThread: Thread started: Thread-Gruppe 1-25
2025-03-01 19:58:20,687 INFO o.a.j.t.JMeterThread: Thread started: Thread-Gruppe 1-26
2025-03-01 19:58:20,821 INFO o.a.j.t.JMeterThread: Thread started: Thread-Gruppe 1-27
2025-03-01 19:58:20,925 INFO o.a.j.t.JMeterThread: Thread started: Thread-Gruppe 2-8
2025-03-01 19:58:20,953 INFO o.a.j.t.JMeterThread: Thread started: Thread-Gruppe 1-28
2025-03-01 19:58:21,086 INFO o.a.j.t.JMeterThread: Thread started: Thread-Gruppe 1-29
2025-03-01 19:58:21,220 INFO o.a.j.t.JMeterThread: Thread started: Thread-Gruppe 1-30
2025-03-01 19:58:21,352 INFO o.a.j.t.JMeterThread: Thread started: Thread-Gruppe 1-31
2025-03-01 19:58:21,426 INFO o.a.j.t.JMeterThread: Thread started: Thread-Gruppe 2-9
2025-03-01 19:58:21,440 INFO o.a.j.t.JMeterThread: Thread started: Thread-Gruppe 3-3
2025-03-01 19:58:21,486 INFO o.a.j.t.JMeterThread: Thread started: Thread-Gruppe 1-32
2025-03-01 19:58:21,618 INFO o.a.j.t.JMeterThread: Thread started: Thread-Gruppe 1-33
2025-03-01 19:58:21,751 INFO o.a.j.t.JMeterThread: Thread started: Thread-Gruppe 1-34
2025-03-01 19:58:21,885 INFO o.a.j.t.JMeterThread: Thread started: Thread-Gruppe 1-35
2025-03-01 19:58:21,924 INFO o.a.j.t.JMeterThread: Thread started: Thread-Gruppe 2-10
2025-03-01 19:58:22,019 INFO o.a.j.t.JMeterThread: Thread started: Thread-Gruppe 1-36
2025-03-01 19:58:22,149 INFO o.a.j.t.JMeterThread: Thread started: Thread-Gruppe 1-37
2025-03-01 19:58:22,283 INFO o.a.j.t.JMeterThread: Thread started: Thread-Gruppe 1-38
2025-03-01 19:58:22,417 INFO o.a.j.t.JMeterThread: Thread started: Thread-Gruppe 1-39
2025-03-01 19:58:22,425 INFO o.a.j.t.JMeterThread: Thread started: Thread-Gruppe 2-11
2025-03-01 19:58:22,549 INFO o.a.j.t.JMeterThread: Thread started: Thread-Gruppe 1-40
2025-03-01 19:58:22,682 INFO o.a.j.t.JMeterThread: Thread started: Thread-Gruppe 1-41
2025-03-01 19:58:22,815 INFO o.a.j.t.JMeterThread: Thread started: Thread-Gruppe 1-42
2025-03-01 19:58:22,924 INFO o.a.j.t.JMeterThread: Thread started: Thread-Gruppe 2-12
2025-03-01 19:58:22,949 INFO o.a.j.t.JMeterThread: Thread started: Thread-Gruppe 1-43
2025-03-01 19:58:23,081 INFO o.a.j.t.JMeterThread: Thread started: Thread-Gruppe 1-44
2025-03-01 19:58:23,214 INFO o.a.j.t.JMeterThread: Thread started: Thread-Gruppe 1-45
2025-03-01 19:58:23,347 INFO o.a.j.t.JMeterThread: Thread started: Thread-Gruppe 1-46
2025-03-01 19:58:23,424 INFO o.a.j.t.JMeterThread: Thread started: Thread-Gruppe 2-13
2025-03-01 19:58:23,441 INFO o.a.j.t.JMeterThread: Thread started: Thread-Gruppe 3-4
2025-03-01 19:58:23,481 INFO o.a.j.t.JMeterThread: Thread started: Thread-Gruppe 1-47
2025-03-01 19:58:23,613 INFO o.a.j.t.JMeterThread: Thread started: Thread-Gruppe 1-48
2025-03-01 19:58:23,746 INFO o.a.j.t.JMeterThread: Thread started: Thread-Gruppe 1-49
2025-03-01 19:58:23,881 INFO o.a.j.t.JMeterThread: Thread started: Thread-Gruppe 1-50
2025-03-01 19:58:23,925 INFO o.a.j.t.JMeterThread: Thread started: Thread-Gruppe 2-14
2025-03-01 19:58:24,012 INFO o.a.j.t.JMeterThread: Thread started: Thread-Gruppe 1-51
2025-03-01 19:58:24,145 INFO o.a.j.t.JMeterThread: Thread started: Thread-Gruppe 1-52
2025-03-01 19:58:24,277 INFO o.a.j.t.JMeterThread: Thread started: Thread-Gruppe 1-53
2025-03-01 19:58:24,411 INFO o.a.j.t.JMeterThread: Thread started: Thread-Gruppe 1-54
2025-03-01 19:58:24,423 INFO o.a.j.t.JMeterThread: Thread started: Thread-Gruppe 2-15
2025-03-01 19:58:24,545 INFO o.a.j.t.JMeterThread: Thread started: Thread-Gruppe 1-55
2025-03-01 19:58:24,676 INFO o.a.j.t.JMeterThread: Thread started: Thread-Gruppe 1-56
2025-03-01 19:58:24,810 INFO o.a.j.t.JMeterThread: Thread started: Thread-Gruppe 1-57
2025-03-01 19:58:24,924 INFO o.a.j.t.JMeterThread: Thread started: Thread-Gruppe 2-16
2025-03-01 19:58:24,943 INFO o.a.j.t.JMeterThread: Thread started: Thread-Gruppe 1-58
2025-03-01 19:58:25,075 INFO o.a.j.t.JMeterThread: Thread started: Thread-Gruppe 1-59
2025-03-01 19:58:25,209 INFO o.a.j.t.JMeterThread: Thread started: Thread-Gruppe 1-60
2025-03-01 19:58:25,341 INFO o.a.j.t.JMeterThread: Thread started: Thread-Gruppe 1-61
2025-03-01 19:58:25,423 INFO o.a.j.t.JMeterThread: Thread started: Thread-Gruppe 2-17
2025-03-01 19:58:25,439 INFO o.a.j.t.JMeterThread: Thread started: Thread-Gruppe 3-5
2025-03-01 19:58:25,475 INFO o.a.j.t.JMeterThread: Thread started: Thread-Gruppe 1-62
2025-03-01 19:58:25,608 INFO o.a.j.t.JMeterThread: Thread started: Thread-Gruppe 1-63
2025-03-01 19:58:25,741 INFO o.a.j.t.JMeterThread: Thread started: Thread-Gruppe 1-64
2025-03-01 19:58:25,875 INFO o.a.j.t.JMeterThread: Thread started: Thread-Gruppe 1-65
2025-03-01 19:58:25,924 INFO o.a.j.t.JMeterThread: Thread started: Thread-Gruppe 2-18
2025-03-01 19:58:26,008 INFO o.a.j.t.JMeterThread: Thread started: Thread-Gruppe 1-66
2025-03-01 19:58:26,141 INFO o.a.j.t.JMeterThread: Thread started: Thread-Gruppe 1-67
2025-03-01 19:58:26,274 INFO o.a.j.t.JMeterThread: Thread started: Thread-Gruppe 1-68
2025-03-01 19:58:26,407 INFO o.a.j.t.JMeterThread: Thread started: Thread-Gruppe 1-69
2025-03-01 19:58:26,424 INFO o.a.j.t.JMeterThread: Thread started: Thread-Gruppe 2-19
2025-03-01 19:58:26,541 INFO o.a.j.t.JMeterThread: Thread started: Thread-Gruppe 1-70
2025-03-01 19:58:26,672 INFO o.a.j.t.JMeterThread: Thread started: Thread-Gruppe 1-71
2025-03-01 19:58:26,806 INFO o.a.j.t.JMeterThread: Thread started: Thread-Gruppe 1-72
2025-03-01 19:58:26,925 INFO o.a.j.t.JMeterThread: Thread started: Thread-Gruppe 2-20
2025-03-01 19:58:26,937 INFO o.a.j.t.JMeterThread: Thread started: Thread-Gruppe 1-73
2025-03-01 19:58:27,071 INFO o.a.j.t.JMeterThread: Thread started: Thread-Gruppe 1-74
2025-03-01 19:58:27,204 INFO o.a.j.t.JMeterThread: Thread started: Thread-Gruppe 1-75
2025-03-01 19:58:30,013 INFO o.a.j.r.Summariser: summary +    620 in 00:01:13 =    8.5/s Avg:   417 Min:   243 Max:   897 Err:     0 (0.00%) Active: 100 Started: 100 Finished: 0
2025-03-01 19:59:00,003 INFO o.a.j.r.Summariser: summary +   2284 in 00:00:30 =   76.2/s Avg:   397 Min:   242 Max:  1094 Err:     0 (0.00%) Active: 100 Started: 100 Finished: 0
2025-03-01 19:59:00,004 INFO o.a.j.r.Summariser: summary =   2904 in 00:01:43 =   28.2/s Avg:   401 Min:   242 Max:  1094 Err:     0 (0.00%)
2025-03-01 19:59:30,017 INFO o.a.j.r.Summariser: summary +   2284 in 00:00:30 =   76.1/s Avg:   409 Min:   242 Max:  1374 Err:     0 (0.00%) Active: 100 Started: 100 Finished: 0
2025-03-01 19:59:30,019 INFO o.a.j.r.Summariser: summary =   5188 in 00:02:13 =   39.0/s Avg:   405 Min:   242 Max:  1374 Err:     0 (0.00%)
2025-03-01 20:00:00,018 INFO o.a.j.r.Summariser: summary +   2281 in 00:00:30 =   76.0/s Avg:   391 Min:   243 Max:   999 Err:     0 (0.00%) Active: 100 Started: 100 Finished: 0
2025-03-01 20:00:00,019 INFO o.a.j.r.Summariser: summary =   7469 in 00:02:43 =   45.8/s Avg:   400 Min:   242 Max:  1374 Err:     0 (0.00%)
2025-03-01 20:00:30,005 INFO o.a.j.r.Summariser: summary +   2284 in 00:00:30 =   76.2/s Avg:   405 Min:   243 Max:  1077 Err:     0 (0.00%) Active: 100 Started: 100 Finished: 0
2025-03-01 20:00:30,006 INFO o.a.j.r.Summariser: summary =   9753 in 00:03:13 =   50.5/s Avg:   401 Min:   242 Max:  1374 Err:     0 (0.00%)
2025-03-01 20:01:00,005 INFO o.a.j.r.Summariser: summary +   2284 in 00:00:30 =   76.1/s Avg:   397 Min:   243 Max:  1084 Err:     0 (0.00%) Active: 100 Started: 100 Finished: 0
2025-03-01 20:01:00,006 INFO o.a.j.r.Summariser: summary =  12037 in 00:03:43 =   54.0/s Avg:   401 Min:   242 Max:  1374 Err:     0 (0.00%)
2025-03-01 20:01:30,016 INFO o.a.j.r.Summariser: summary +   2283 in 00:00:30 =   76.1/s Avg:   402 Min:   243 Max:  1422 Err:     1 (0.04%) Active: 100 Started: 100 Finished: 0
2025-03-01 20:01:30,016 INFO o.a.j.r.Summariser: summary =  14320 in 00:04:13 =   56.6/s Avg:   401 Min:   242 Max:  1422 Err:     1 (0.01%)
2025-03-01 20:02:00,001 INFO o.a.j.r.Summariser: summary +   2286 in 00:00:30 =   76.2/s Avg:   401 Min:   243 Max:  1070 Err:     0 (0.00%) Active: 100 Started: 100 Finished: 0
2025-03-01 20:02:00,002 INFO o.a.j.r.Summariser: summary =  16606 in 00:04:43 =   58.7/s Avg:   401 Min:   242 Max:  1422 Err:     1 (0.01%)
2025-03-01 20:02:30,000 INFO o.a.j.r.Summariser: summary +   2280 in 00:00:30 =   76.0/s Avg:   392 Min:   242 Max:  1385 Err:     1 (0.04%) Active: 100 Started: 100 Finished: 0
2025-03-01 20:02:30,001 INFO o.a.j.r.Summariser: summary =  18886 in 00:05:13 =   60.3/s Avg:   400 Min:   242 Max:  1422 Err:     2 (0.01%)
2025-03-01 20:03:00,006 INFO o.a.j.r.Summariser: summary +   2287 in 00:00:30 =   76.2/s Avg:   398 Min:   243 Max:  1061 Err:     0 (0.00%) Active: 100 Started: 100 Finished: 0
2025-03-01 20:03:00,006 INFO o.a.j.r.Summariser: summary =  21173 in 00:05:43 =   61.7/s Avg:   400 Min:   242 Max:  1422 Err:     2 (0.01%)
2025-03-01 20:03:30,056 INFO o.a.j.r.Summariser: summary +   2277 in 00:00:30 =   75.8/s Avg:   402 Min:   243 Max:  1449 Err:     0 (0.00%) Active: 100 Started: 100 Finished: 0
2025-03-01 20:03:30,056 INFO o.a.j.r.Summariser: summary =  23450 in 00:06:13 =   62.9/s Avg:   400 Min:   242 Max:  1449 Err:     2 (0.01%)
2025-03-01 20:04:00,009 INFO o.a.j.r.Summariser: summary +   2285 in 00:00:30 =   76.3/s Avg:   397 Min:   241 Max:  1099 Err:     0 (0.00%) Active: 100 Started: 100 Finished: 0
2025-03-01 20:04:00,009 INFO o.a.j.r.Summariser: summary =  25735 in 00:06:43 =   63.9/s Avg:   400 Min:   241 Max:  1449 Err:     2 (0.01%)
2025-03-01 20:04:30,009 INFO o.a.j.r.Summariser: summary +   2274 in 00:00:30 =   75.8/s Avg:   407 Min:   243 Max:  1086 Err:     0 (0.00%) Active: 100 Started: 100 Finished: 0
2025-03-01 20:04:30,010 INFO o.a.j.r.Summariser: summary =  28009 in 00:07:13 =   64.7/s Avg:   400 Min:   241 Max:  1449 Err:     2 (0.01%)
2025-03-01 20:05:00,002 INFO o.a.j.r.Summariser: summary +   2291 in 00:00:30 =   76.4/s Avg:   393 Min:   241 Max:  1104 Err:     0 (0.00%) Active: 100 Started: 100 Finished: 0
2025-03-01 20:05:00,002 INFO o.a.j.r.Summariser: summary =  30300 in 00:07:43 =   65.4/s Avg:   400 Min:   241 Max:  1449 Err:     2 (0.01%)
2025-03-01 20:05:30,000 INFO o.a.j.r.Summariser: summary +   2282 in 00:00:30 =   76.1/s Avg:   406 Min:   243 Max:  1082 Err:     0 (0.00%) Active: 100 Started: 100 Finished: 0
2025-03-01 20:05:30,002 INFO o.a.j.r.Summariser: summary =  32582 in 00:08:13 =   66.1/s Avg:   400 Min:   241 Max:  1449 Err:     2 (0.01%)
2025-03-01 20:06:00,005 INFO o.a.j.r.Summariser: summary +   2289 in 00:00:30 =   76.3/s Avg:   394 Min:   242 Max:  1087 Err:     0 (0.00%) Active: 100 Started: 100 Finished: 0
2025-03-01 20:06:00,007 INFO o.a.j.r.Summariser: summary =  34871 in 00:08:43 =   66.7/s Avg:   400 Min:   241 Max:  1449 Err:     2 (0.01%)
2025-03-01 20:06:30,002 INFO o.a.j.r.Summariser: summary +   2282 in 00:00:30 =   76.1/s Avg:   394 Min:   243 Max:  1028 Err:     0 (0.00%) Active: 100 Started: 100 Finished: 0
2025-03-01 20:06:30,003 INFO o.a.j.r.Summariser: summary =  37153 in 00:09:13 =   67.2/s Avg:   399 Min:   241 Max:  1449 Err:     2 (0.01%)
2025-03-01 20:07:00,003 INFO o.a.j.r.Summariser: summary +   2280 in 00:00:30 =   76.0/s Avg:   405 Min:   242 Max:  1103 Err:     0 (0.00%) Active: 100 Started: 100 Finished: 0
2025-03-01 20:07:00,004 INFO o.a.j.r.Summariser: summary =  39433 in 00:09:43 =   67.6/s Avg:   400 Min:   241 Max:  1449 Err:     2 (0.01%)
2025-03-01 20:07:30,002 INFO o.a.j.r.Summariser: summary +   2282 in 00:00:30 =   76.1/s Avg:   399 Min:   243 Max:  1025 Err:     0 (0.00%) Active: 100 Started: 100 Finished: 0
2025-03-01 20:07:30,003 INFO o.a.j.r.Summariser: summary =  41715 in 00:10:13 =   68.0/s Avg:   400 Min:   241 Max:  1449 Err:     2 (0.00%)
2025-03-01 20:08:00,005 INFO o.a.j.r.Summariser: summary +   2286 in 00:00:30 =   76.2/s Avg:   407 Min:   242 Max:  1059 Err:     0 (0.00%) Active: 100 Started: 100 Finished: 0
2025-03-01 20:08:00,006 INFO o.a.j.r.Summariser: summary =  44001 in 00:10:43 =   68.4/s Avg:   400 Min:   241 Max:  1449 Err:     2 (0.00%)
2025-03-01 20:08:15,730 INFO o.a.j.t.JMeterThread: Thread finished: Thread-Gruppe 1-47
2025-03-01 20:08:15,746 INFO o.a.j.t.JMeterThread: Thread finished: Thread-Gruppe 1-17
2025-03-01 20:08:15,780 INFO o.a.j.t.JMeterThread: Thread finished: Thread-Gruppe 1-1
2025-03-01 20:08:15,862 INFO o.a.j.t.JMeterThread: Thread finished: Thread-Gruppe 1-62
2025-03-01 20:08:15,865 INFO o.a.j.t.JMeterThread: Thread finished: Thread-Gruppe 1-48
2025-03-01 20:08:15,908 INFO o.a.j.t.JMeterThread: Thread finished: Thread-Gruppe 1-2
2025-03-01 20:08:15,908 INFO o.a.j.t.JMeterThread: Thread finished: Thread-Gruppe 1-18
2025-03-01 20:08:16,002 INFO o.a.j.t.JMeterThread: Thread finished: Thread-Gruppe 1-49
2025-03-01 20:08:16,002 INFO o.a.j.t.JMeterThread: Thread finished: Thread-Gruppe 1-63
2025-03-01 20:08:16,019 INFO o.a.j.t.JMeterThread: Thread finished: Thread-Gruppe 1-3
2025-03-01 20:08:16,020 INFO o.a.j.t.JMeterThread: Thread finished: Thread-Gruppe 1-19
2025-03-01 20:08:16,133 INFO o.a.j.t.JMeterThread: Thread finished: Thread-Gruppe 1-64
2025-03-01 20:08:16,146 INFO o.a.j.t.JMeterThread: Thread finished: Thread-Gruppe 1-20
2025-03-01 20:08:16,149 INFO o.a.j.t.JMeterThread: Thread finished: Thread-Gruppe 1-50
2025-03-01 20:08:16,158 INFO o.a.j.t.JMeterThread: Thread finished: Thread-Gruppe 1-4
2025-03-01 20:08:16,272 INFO o.a.j.t.JMeterThread: Thread finished: Thread-Gruppe 1-51
2025-03-01 20:08:16,278 INFO o.a.j.t.JMeterThread: Thread finished: Thread-Gruppe 1-21
2025-03-01 20:08:16,293 INFO o.a.j.t.JMeterThread: Thread finished: Thread-Gruppe 1-5
2025-03-01 20:08:16,297 INFO o.a.j.t.JMeterThread: Thread finished: Thread-Gruppe 1-65
2025-03-01 20:08:16,315 INFO o.a.j.t.JMeterThread: Thread finished: Thread-Gruppe 1-32
2025-03-01 20:08:16,386 INFO o.a.j.t.JMeterThread: Thread finished: Thread-Gruppe 1-33
2025-03-01 20:08:16,393 INFO o.a.j.t.JMeterThread: Thread finished: Thread-Gruppe 1-52
2025-03-01 20:08:16,405 INFO o.a.j.t.JMeterThread: Thread finished: Thread-Gruppe 1-66
2025-03-01 20:08:16,427 INFO o.a.j.t.JMeterThread: Thread finished: Thread-Gruppe 1-22
2025-03-01 20:08:16,427 INFO o.a.j.t.JMeterThread: Thread finished: Thread-Gruppe 1-6
2025-03-01 20:08:16,529 INFO o.a.j.t.JMeterThread: Thread finished: Thread-Gruppe 1-53
2025-03-01 20:08:16,539 INFO o.a.j.t.JMeterThread: Thread finished: Thread-Gruppe 1-34
2025-03-01 20:08:16,540 INFO o.a.j.t.JMeterThread: Thread finished: Thread-Gruppe 1-67
2025-03-01 20:08:16,543 INFO o.a.j.t.JMeterThread: Thread finished: Thread-Gruppe 1-23
2025-03-01 20:08:16,596 INFO o.a.j.t.JMeterThread: Thread finished: Thread-Gruppe 1-7
2025-03-01 20:08:16,661 INFO o.a.j.t.JMeterThread: Thread finished: Thread-Gruppe 1-54
2025-03-01 20:08:16,672 INFO o.a.j.t.JMeterThread: Thread finished: Thread-Gruppe 1-68
2025-03-01 20:08:16,678 INFO o.a.j.t.JMeterThread: Thread finished: Thread-Gruppe 1-24
2025-03-01 20:08:16,686 INFO o.a.j.t.JMeterThread: Thread finished: Thread-Gruppe 1-8
2025-03-01 20:08:16,690 INFO o.a.j.t.JMeterThread: Thread finished: Thread-Gruppe 1-35
2025-03-01 20:08:16,791 INFO o.a.j.t.JMeterThread: Thread finished: Thread-Gruppe 1-55
2025-03-01 20:08:16,803 INFO o.a.j.t.JMeterThread: Thread finished: Thread-Gruppe 1-69
2025-03-01 20:08:16,810 INFO o.a.j.t.JMeterThread: Thread finished: Thread-Gruppe 1-9
2025-03-01 20:08:16,810 INFO o.a.j.t.JMeterThread: Thread finished: Thread-Gruppe 1-25
2025-03-01 20:08:16,821 INFO o.a.j.t.JMeterThread: Thread finished: Thread-Gruppe 1-36
2025-03-01 20:08:16,926 INFO o.a.j.t.JMeterThread: Thread finished: Thread-Gruppe 1-56
2025-03-01 20:08:16,929 INFO o.a.j.t.JMeterThread: Thread finished: Thread-Gruppe 1-70
2025-03-01 20:08:16,942 INFO o.a.j.t.JMeterThread: Thread finished: Thread-Gruppe 1-26
2025-03-01 20:08:17,002 INFO o.a.j.t.JMeterThread: Thread finished: Thread-Gruppe 1-10
2025-03-01 20:08:17,035 INFO o.a.j.t.JMeterThread: Thread finished: Thread-Gruppe 1-37
2025-03-01 20:08:17,058 INFO o.a.j.t.JMeterThread: Thread finished: Thread-Gruppe 1-57
2025-03-01 20:08:17,065 INFO o.a.j.t.JMeterThread: Thread finished: Thread-Gruppe 1-71
2025-03-01 20:08:17,078 INFO o.a.j.t.JMeterThread: Thread finished: Thread-Gruppe 1-27
2025-03-01 20:08:17,082 INFO o.a.j.t.JMeterThread: Thread finished: Thread-Gruppe 1-11
2025-03-01 20:08:17,146 INFO o.a.j.t.JMeterThread: Thread finished: Thread-Gruppe 1-38
2025-03-01 20:08:17,146 INFO o.a.j.t.JMeterThread: Thread finished: Thread-Gruppe 2-14
2025-03-01 20:08:17,148 INFO o.a.j.t.JMeterThread: Thread finished: Thread-Gruppe 2-20
2025-03-01 20:08:17,159 INFO o.a.j.t.JMeterThread: Thread finished: Thread-Gruppe 2-9
2025-03-01 20:08:17,194 INFO o.a.j.t.JMeterThread: Thread finished: Thread-Gruppe 1-58
2025-03-01 20:08:17,206 INFO o.a.j.t.JMeterThread: Thread finished: Thread-Gruppe 1-72
2025-03-01 20:08:17,214 INFO o.a.j.t.JMeterThread: Thread finished: Thread-Gruppe 1-28
2025-03-01 20:08:17,221 INFO o.a.j.t.JMeterThread: Thread finished: Thread-Gruppe 1-12
2025-03-01 20:08:17,232 INFO o.a.j.t.JMeterThread: Thread finished: Thread-Gruppe 2-13
2025-03-01 20:08:17,263 INFO o.a.j.t.JMeterThread: Thread finished: Thread-Gruppe 1-39
2025-03-01 20:08:17,264 INFO o.a.j.t.JMeterThread: Thread finished: Thread-Gruppe 3-5
2025-03-01 20:08:17,313 INFO o.a.j.t.JMeterThread: Thread finished: Thread-Gruppe 2-3
2025-03-01 20:08:17,322 INFO o.a.j.t.JMeterThread: Thread finished: Thread-Gruppe 1-73
2025-03-01 20:08:17,330 INFO o.a.j.t.JMeterThread: Thread finished: Thread-Gruppe 1-59
2025-03-01 20:08:17,343 INFO o.a.j.t.JMeterThread: Thread finished: Thread-Gruppe 1-29
2025-03-01 20:08:17,349 INFO o.a.j.t.JMeterThread: Thread finished: Thread-Gruppe 1-13
2025-03-01 20:08:17,383 INFO o.a.j.t.JMeterThread: Thread finished: Thread-Gruppe 2-18
2025-03-01 20:08:17,396 INFO o.a.j.t.JMeterThread: Thread finished: Thread-Gruppe 2-5
2025-03-01 20:08:17,410 INFO o.a.j.t.JMeterThread: Thread finished: Thread-Gruppe 2-1
2025-03-01 20:08:17,457 INFO o.a.j.t.JMeterThread: Stopping because end time detected by thread: Thread-Gruppe 1-40
2025-03-01 20:08:17,457 INFO o.a.j.t.JMeterThread: Thread finished: Thread-Gruppe 1-40
2025-03-01 20:08:17,463 INFO o.a.j.t.JMeterThread: Stopping because end time detected by thread: Thread-Gruppe 1-74
2025-03-01 20:08:17,463 INFO o.a.j.t.JMeterThread: Thread finished: Thread-Gruppe 1-74
2025-03-01 20:08:17,463 INFO o.a.j.t.JMeterThread: Stopping because end time detected by thread: Thread-Gruppe 1-60
2025-03-01 20:08:17,463 INFO o.a.j.t.JMeterThread: Thread finished: Thread-Gruppe 1-60
2025-03-01 20:08:17,463 INFO o.a.j.t.JMeterThread: Stopping because end time detected by thread: Thread-Gruppe 2-7
2025-03-01 20:08:17,463 INFO o.a.j.t.JMeterThread: Thread finished: Thread-Gruppe 2-7
2025-03-01 20:08:17,463 INFO o.a.j.t.JMeterThread: Stopping because end time detected by thread: Thread-Gruppe 1-30
2025-03-01 20:08:17,463 INFO o.a.j.t.JMeterThread: Thread finished: Thread-Gruppe 1-30
2025-03-01 20:08:17,479 INFO o.a.j.t.JMeterThread: Stopping because end time detected by thread: Thread-Gruppe 1-41
2025-03-01 20:08:17,479 INFO o.a.j.t.JMeterThread: Thread finished: Thread-Gruppe 1-41
2025-03-01 20:08:17,479 INFO o.a.j.t.JMeterThread: Stopping because end time detected by thread: Thread-Gruppe 1-14
2025-03-01 20:08:17,484 INFO o.a.j.t.JMeterThread: Thread finished: Thread-Gruppe 1-14
2025-03-01 20:08:17,500 INFO o.a.j.t.JMeterThread: Stopping because end time detected by thread: Thread-Gruppe 2-4
2025-03-01 20:08:17,503 INFO o.a.j.t.JMeterThread: Thread finished: Thread-Gruppe 2-4
2025-03-01 20:08:17,526 INFO o.a.j.t.JMeterThread: Stopping because end time detected by thread: Thread-Gruppe 3-3
2025-03-01 20:08:17,526 INFO o.a.j.t.JMeterThread: Thread finished: Thread-Gruppe 3-3
2025-03-01 20:08:17,534 INFO o.a.j.t.JMeterThread: Stopping because end time detected by thread: Thread-Gruppe 2-10
2025-03-01 20:08:17,534 INFO o.a.j.t.JMeterThread: Thread finished: Thread-Gruppe 2-10
2025-03-01 20:08:17,559 INFO o.a.j.t.JMeterThread: Stopping because end time detected by thread: Thread-Gruppe 3-4
2025-03-01 20:08:17,560 INFO o.a.j.t.JMeterThread: Thread finished: Thread-Gruppe 3-4
2025-03-01 20:08:17,563 INFO o.a.j.t.JMeterThread: Stopping because end time detected by thread: Thread-Gruppe 2-8
2025-03-01 20:08:17,563 INFO o.a.j.t.JMeterThread: Thread finished: Thread-Gruppe 2-8
2025-03-01 20:08:17,588 INFO o.a.j.t.JMeterThread: Stopping because end time detected by thread: Thread-Gruppe 2-11
2025-03-01 20:08:17,588 INFO o.a.j.t.JMeterThread: Thread finished: Thread-Gruppe 2-11
2025-03-01 20:08:17,590 INFO o.a.j.t.JMeterThread: Stopping because end time detected by thread: Thread-Gruppe 2-6
2025-03-01 20:08:17,590 INFO o.a.j.t.JMeterThread: Thread finished: Thread-Gruppe 2-6
2025-03-01 20:08:17,604 INFO o.a.j.t.JMeterThread: Stopping because end time detected by thread: Thread-Gruppe 1-75
2025-03-01 20:08:17,604 INFO o.a.j.t.JMeterThread: Thread finished: Thread-Gruppe 1-75
2025-03-01 20:08:17,604 INFO o.a.j.t.JMeterThread: Stopping because end time detected by thread: Thread-Gruppe 1-61
2025-03-01 20:08:17,604 INFO o.a.j.t.JMeterThread: Thread finished: Thread-Gruppe 1-61
2025-03-01 20:08:17,610 INFO o.a.j.t.JMeterThread: Stopping because end time detected by thread: Thread-Gruppe 1-31
2025-03-01 20:08:17,610 INFO o.a.j.t.JMeterThread: Thread finished: Thread-Gruppe 1-31
2025-03-01 20:08:17,620 INFO o.a.j.t.JMeterThread: Stopping because end time detected by thread: Thread-Gruppe 1-15
2025-03-01 20:08:17,620 INFO o.a.j.t.JMeterThread: Thread finished: Thread-Gruppe 1-15
2025-03-01 20:08:17,626 INFO o.a.j.t.JMeterThread: Stopping because end time detected by thread: Thread-Gruppe 3-2
2025-03-01 20:08:17,626 INFO o.a.j.t.JMeterThread: Thread finished: Thread-Gruppe 3-2
2025-03-01 20:08:17,642 INFO o.a.j.t.JMeterThread: Stopping because end time detected by thread: Thread-Gruppe 1-42
2025-03-01 20:08:17,642 INFO o.a.j.t.JMeterThread: Thread finished: Thread-Gruppe 1-42
2025-03-01 20:08:17,651 INFO o.a.j.t.JMeterThread: Stopping because end time detected by thread: Thread-Gruppe 2-2
2025-03-01 20:08:17,651 INFO o.a.j.t.JMeterThread: Thread finished: Thread-Gruppe 2-2
2025-03-01 20:08:17,715 INFO o.a.j.t.JMeterThread: Stopping because end time detected by thread: Thread-Gruppe 3-1
2025-03-01 20:08:17,715 INFO o.a.j.t.JMeterThread: Thread finished: Thread-Gruppe 3-1
2025-03-01 20:08:17,762 INFO o.a.j.t.JMeterThread: Stopping because end time detected by thread: Thread-Gruppe 1-43
2025-03-01 20:08:17,762 INFO o.a.j.t.JMeterThread: Thread finished: Thread-Gruppe 1-43
2025-03-01 20:08:17,762 INFO o.a.j.t.JMeterThread: Stopping because end time detected by thread: Thread-Gruppe 1-16
2025-03-01 20:08:17,762 INFO o.a.j.t.JMeterThread: Thread finished: Thread-Gruppe 1-16
2025-03-01 20:08:17,778 INFO o.a.j.t.JMeterThread: Stopping because end time detected by thread: Thread-Gruppe 2-16
2025-03-01 20:08:17,778 INFO o.a.j.t.JMeterThread: Thread finished: Thread-Gruppe 2-16
2025-03-01 20:08:17,779 INFO o.a.j.t.JMeterThread: Stopping because end time detected by thread: Thread-Gruppe 2-12
2025-03-01 20:08:17,779 INFO o.a.j.t.JMeterThread: Thread finished: Thread-Gruppe 2-12
2025-03-01 20:08:17,811 INFO o.a.j.t.JMeterThread: Stopping because end time detected by thread: Thread-Gruppe 2-15
2025-03-01 20:08:17,811 INFO o.a.j.t.JMeterThread: Thread finished: Thread-Gruppe 2-15
2025-03-01 20:08:17,887 INFO o.a.j.t.JMeterThread: Stopping because end time detected by thread: Thread-Gruppe 1-44
2025-03-01 20:08:17,887 INFO o.a.j.t.JMeterThread: Thread finished: Thread-Gruppe 1-44
2025-03-01 20:08:17,968 INFO o.a.j.t.JMeterThread: Stopping because end time detected by thread: Thread-Gruppe 2-17
2025-03-01 20:08:17,968 INFO o.a.j.t.JMeterThread: Thread finished: Thread-Gruppe 2-17
2025-03-01 20:08:18,003 INFO o.a.j.t.JMeterThread: Stopping because end time detected by thread: Thread-Gruppe 1-45
2025-03-01 20:08:18,003 INFO o.a.j.t.JMeterThread: Thread finished: Thread-Gruppe 1-45
2025-03-01 20:08:18,037 INFO o.a.j.t.JMeterThread: Stopping because end time detected by thread: Thread-Gruppe 2-19
2025-03-01 20:08:18,037 INFO o.a.j.t.JMeterThread: Thread finished: Thread-Gruppe 2-19
2025-03-01 20:08:18,193 INFO o.a.j.t.JMeterThread: Stopping because end time detected by thread: Thread-Gruppe 1-46
2025-03-01 20:08:18,193 INFO o.a.j.t.JMeterThread: Thread finished: Thread-Gruppe 1-46
2025-03-01 20:08:18,193 INFO o.a.j.e.StandardJMeterEngine: Notifying test listeners of end of test
2025-03-01 20:08:18,197 INFO o.a.j.r.Summariser: summary +   1356 in 00:00:18 =   74.5/s Avg:   383 Min:   242 Max:   909 Err:     0 (0.00%) Active: 0 Started: 100 Finished: 100
2025-03-01 20:08:18,197 INFO o.a.j.r.Summariser: summary =  45357 in 00:11:01 =   68.6/s Avg:   400 Min:   241 Max:  1449 Err:     2 (0.00%)
