2025-03-01 19:46:10,377 INFO o.a.j.u.JMeterUtils: Setting Locale to en_EN
2025-03-01 19:46:10,399 INFO o.a.j.JMeter: Loading user properties from: C:\Users\ASUS\Desktop\apache-jmeter-5.6.3\apache-jmeter-5.6.3\bin\user.properties
2025-03-01 19:46:10,399 INFO o.a.j.JMeter: Loading system properties from: C:\Users\ASUS\Desktop\apache-jmeter-5.6.3\apache-jmeter-5.6.3\bin\system.properties
2025-03-01 19:46:10,403 INFO o.a.j.JMeter: Setting JMeter property: lb_1_hostname=104.155.182.254
2025-03-01 19:46:10,403 INFO o.a.j.JMeter: Setting JMeter property: lb_2_hostname=35.246.73.6
2025-03-01 19:46:10,403 INFO o.a.j.JMeter: Setting JMeter property: lb_1_port=8090
2025-03-01 19:46:10,403 INFO o.a.j.JMeter: Setting JMeter property: lb_2_port=8091
2025-03-01 19:46:10,405 INFO o.a.j.JMeter: Setting JMeter property: warm_up_users=20
2025-03-01 19:46:10,407 INFO o.a.j.JMeter: Setting JMeter property: warm_up_time=60
2025-03-01 19:46:10,407 INFO o.a.j.JMeter: Setting JMeter property: test_run_time=600
2025-03-01 19:46:10,407 INFO o.a.j.JMeter: Setting JMeter property: ramp_up=10
2025-03-01 19:46:10,407 INFO o.a.j.JMeter: Setting JMeter property: group_1=75
2025-03-01 19:46:10,407 INFO o.a.j.JMeter: Setting JMeter property: group_2=20
2025-03-01 19:46:10,407 INFO o.a.j.JMeter: Setting JMeter property: group_3=5
2025-03-01 19:46:10,407 INFO o.a.j.JMeter: Setting JMeter property: group_1_request_rate=30
2025-03-01 19:46:10,407 INFO o.a.j.JMeter: Setting JMeter property: group_2_request_rate=90
2025-03-01 19:46:10,407 INFO o.a.j.JMeter: Setting JMeter property: group_3_request_rate=120
2025-03-01 19:46:10,407 INFO o.a.j.JMeter: Setting JMeter property: log_file=c:\\Users\\ASUS\\Desktop\\Repos\\rate-limiter-nginx\\jmeter\\cloud\\2025_03_01_18_17_logs\\sliding_window_counter\\mysql_script_rate_limit_100_window_size_60_sub_window_count_5\\warm_up_results.csv
2025-03-01 19:46:10,407 INFO o.a.j.JMeter: Setting JMeter property: algorithm=sliding_window_counter_mysql_script_rate_limit_100_window_size_60_sub_window_count_5
2025-03-01 19:46:10,407 INFO o.a.j.JMeter: Setting JMeter property: auth=/sliding_window_counter/mysql_script_rate_limit_100_window_size_60_sub_window_count_5/tools.descartes.teastore.auth/rest
2025-03-01 19:46:10,407 INFO o.a.j.JMeter: Setting JMeter property: persistence=/sliding_window_counter/mysql_script_rate_limit_100_window_size_60_sub_window_count_5/tools.descartes.teastore.persistence/rest
2025-03-01 19:46:10,407 INFO o.a.j.JMeter: Setting JMeter property: recommender=/sliding_window_counter/mysql_script_rate_limit_100_window_size_60_sub_window_count_5/tools.descartes.teastore.recommender/rest
2025-03-01 19:46:10,407 INFO o.a.j.JMeter: Setting JMeter property: image=/sliding_window_counter/mysql_script_rate_limit_100_window_size_60_sub_window_count_5/tools.descartes.teastore.image/rest
2025-03-01 19:46:10,416 INFO o.a.j.JMeter: Copyright (c) 1998-2024 The Apache Software Foundation
2025-03-01 19:46:10,416 INFO o.a.j.JMeter: Version 5.6.3
2025-03-01 19:46:10,416 INFO o.a.j.JMeter: java.version=17.0.9
2025-03-01 19:46:10,416 INFO o.a.j.JMeter: java.vm.name=Java HotSpot(TM) 64-Bit Server VM
2025-03-01 19:46:10,416 INFO o.a.j.JMeter: os.name=Windows 11
2025-03-01 19:46:10,416 INFO o.a.j.JMeter: os.arch=amd64
2025-03-01 19:46:10,416 INFO o.a.j.JMeter: os.version=10.0
2025-03-01 19:46:10,416 INFO o.a.j.JMeter: file.encoding=Cp1252
2025-03-01 19:46:10,416 INFO o.a.j.JMeter: java.awt.headless=true
2025-03-01 19:46:10,416 INFO o.a.j.JMeter: Max memory     =1073741824
2025-03-01 19:46:10,416 INFO o.a.j.JMeter: Available Processors =12
2025-03-01 19:46:10,436 INFO o.a.j.JMeter: Default Locale=English (EN)
2025-03-01 19:46:10,436 INFO o.a.j.JMeter: JMeter  Locale=English (EN)
2025-03-01 19:46:10,436 INFO o.a.j.JMeter: JMeterHome=C:\Users\ASUS\Desktop\apache-jmeter-5.6.3\apache-jmeter-5.6.3
2025-03-01 19:46:10,436 INFO o.a.j.JMeter: user.dir  =C:\Users\ASUS\Desktop\Repos\rate-limiter-nginx
2025-03-01 19:46:10,437 INFO o.a.j.JMeter: PWD       =C:\Users\ASUS\Desktop\Repos\rate-limiter-nginx
2025-03-01 19:46:10,442 INFO o.a.j.JMeter: IP: 192.168.1.45 Name: THIVA FullName: THIVA
2025-03-01 19:46:10,457 INFO o.a.j.s.FileServer: Default base='C:\Users\ASUS\Desktop\Repos\rate-limiter-nginx'
2025-03-01 19:46:10,461 INFO o.a.j.s.FileServer: Set new base='c:\Users\ASUS\Desktop\Repos\rate-limiter-nginx\jmeter\cloud'
2025-03-01 19:46:10,698 INFO o.a.j.s.SaveService: Testplan (JMX) version: 2.2. Testlog (JTL) version: 2.2
2025-03-01 19:46:10,738 INFO o.a.j.s.SaveService: Using SaveService properties version 5.0
2025-03-01 19:46:10,738 INFO o.a.j.s.SaveService: Using SaveService properties file encoding UTF-8
2025-03-01 19:46:10,749 INFO o.a.j.s.SaveService: Loading file: c:\Users\ASUS\Desktop\Repos\rate-limiter-nginx\jmeter\cloud\teastore_performance.jmx
2025-03-01 19:46:10,801 INFO o.a.j.p.h.c.CookieManager: Settings: Delete null: true Check: true Allow variable: true Save: false Prefix: COOKIE_
2025-03-01 19:46:10,830 INFO o.a.j.p.h.s.HTTPSamplerBase: Parser for text/html is org.apache.jmeter.protocol.http.parser.LagartoBasedHtmlParser
2025-03-01 19:46:10,831 INFO o.a.j.p.h.s.HTTPSamplerBase: Parser for application/xhtml+xml is org.apache.jmeter.protocol.http.parser.LagartoBasedHtmlParser
2025-03-01 19:46:10,831 INFO o.a.j.p.h.s.HTTPSamplerBase: Parser for application/xml is org.apache.jmeter.protocol.http.parser.LagartoBasedHtmlParser
2025-03-01 19:46:10,831 INFO o.a.j.p.h.s.HTTPSamplerBase: Parser for text/xml is org.apache.jmeter.protocol.http.parser.LagartoBasedHtmlParser
2025-03-01 19:46:10,831 INFO o.a.j.p.h.s.HTTPSamplerBase: Parser for text/vnd.wap.wml is org.apache.jmeter.protocol.http.parser.RegexpHTMLParser
2025-03-01 19:46:10,831 INFO o.a.j.p.h.s.HTTPSamplerBase: Parser for text/css is org.apache.jmeter.protocol.http.parser.CssParser
2025-03-01 19:46:10,964 INFO o.a.j.s.SampleResult: Note: Sample TimeStamps are START times
2025-03-01 19:46:10,964 INFO o.a.j.s.SampleResult: sampleresult.default.encoding is set to UTF-8
2025-03-01 19:46:10,964 INFO o.a.j.s.SampleResult: sampleresult.useNanoTime=true
2025-03-01 19:46:10,964 INFO o.a.j.s.SampleResult: sampleresult.nanoThreadSleep=5000
2025-03-01 19:46:10,997 INFO o.a.j.JMeter: Creating summariser <summary>
2025-03-01 19:46:11,023 INFO o.a.j.e.StandardJMeterEngine: Running the test!
2025-03-01 19:46:11,024 INFO o.a.j.s.SampleEvent: List of sample_variables: []
2025-03-01 19:46:11,024 INFO o.a.j.s.SampleEvent: List of sample_variables: []
2025-03-01 19:46:11,031 INFO o.a.j.e.u.CompoundVariable: Note: Function class names must contain the string: '.functions.'
2025-03-01 19:46:11,032 INFO o.a.j.e.u.CompoundVariable: Note: Function class names must not contain the string: '.gui.'
2025-03-01 19:46:11,119 INFO o.a.j.r.ClassFinder: Will scan jar C:\Users\ASUS\Desktop\apache-jmeter-5.6.3\apache-jmeter-5.6.3\lib\ext\jmeter-plugins-casutg-2.10.jar with filter ExtendsClassFilter [parents=[interface org.apache.jmeter.functions.Function], inner=false, contains=null, notContains=null]. Consider exposing JMeter plugins via META-INF/services, and add JMeter-Skip-Class-Scanning=true manifest attribute so JMeter can skip classfile scanning
2025-03-01 19:46:11,136 INFO o.a.j.r.ClassFinder: Will scan jar C:\Users\ASUS\Desktop\apache-jmeter-5.6.3\apache-jmeter-5.6.3\lib\ext\jmeter-plugins-graphs-vs-2.0.jar with filter ExtendsClassFilter [parents=[interface org.apache.jmeter.functions.Function], inner=false, contains=null, notContains=null]. Consider exposing JMeter plugins via META-INF/services, and add JMeter-Skip-Class-Scanning=true manifest attribute so JMeter can skip classfile scanning
2025-03-01 19:46:11,139 INFO o.a.j.r.ClassFinder: Will scan jar C:\Users\ASUS\Desktop\apache-jmeter-5.6.3\apache-jmeter-5.6.3\lib\ext\jmeter-plugins-manager-1.9.jar with filter ExtendsClassFilter [parents=[interface org.apache.jmeter.functions.Function], inner=false, contains=null, notContains=null]. Consider exposing JMeter plugins via META-INF/services, and add JMeter-Skip-Class-Scanning=true manifest attribute so JMeter can skip classfile scanning
2025-03-01 19:46:11,195 INFO o.a.j.r.ClassFinder: Will scan jar C:\Users\ASUS\Desktop\apache-jmeter-5.6.3\apache-jmeter-5.6.3\lib\ext\jmeter-plugins-graphs-basic-2.0.jar with filter ExtendsClassFilter [parents=[interface org.apache.jmeter.functions.Function], inner=false, contains=null, notContains=null]. Consider exposing JMeter plugins via META-INF/services, and add JMeter-Skip-Class-Scanning=true manifest attribute so JMeter can skip classfile scanning
2025-03-01 19:46:11,211 INFO o.a.j.r.ClassFinder: Will scan jar C:\Users\ASUS\Desktop\apache-jmeter-5.6.3\apache-jmeter-5.6.3\lib\ext\jmeter-plugins-manager-0.20.jar with filter ExtendsClassFilter [parents=[interface org.apache.jmeter.functions.Function], inner=false, contains=null, notContains=null]. Consider exposing JMeter plugins via META-INF/services, and add JMeter-Skip-Class-Scanning=true manifest attribute so JMeter can skip classfile scanning
2025-03-01 19:46:11,226 INFO o.a.j.r.ClassFinder: Will scan jar C:\Users\ASUS\Desktop\apache-jmeter-5.6.3\apache-jmeter-5.6.3\lib\ext\jmeter-plugins-tst-2.6.jar with filter ExtendsClassFilter [parents=[interface org.apache.jmeter.functions.Function], inner=false, contains=null, notContains=null]. Consider exposing JMeter plugins via META-INF/services, and add JMeter-Skip-Class-Scanning=true manifest attribute so JMeter can skip classfile scanning
2025-03-01 19:46:11,226 INFO o.a.j.r.ClassFinder: Will scan jar C:\Users\ASUS\Desktop\apache-jmeter-5.6.3\apache-jmeter-5.6.3\lib\ext\jmeter-parallel-0.12.jar with filter ExtendsClassFilter [parents=[interface org.apache.jmeter.functions.Function], inner=false, contains=null, notContains=null]. Consider exposing JMeter plugins via META-INF/services, and add JMeter-Skip-Class-Scanning=true manifest attribute so JMeter can skip classfile scanning
2025-03-01 19:46:11,517 INFO o.a.j.JMeter: Running test (1740838571517)
2025-03-01 19:46:11,518 INFO o.a.j.e.StandardJMeterEngine: Starting setUp thread groups
2025-03-01 19:46:11,519 INFO o.a.j.e.StandardJMeterEngine: Starting setUp ThreadGroup: 1 : setUp Thread Group 
2025-03-01 19:46:11,519 INFO o.a.j.e.StandardJMeterEngine: Starting 20 threads for group setUp Thread Group.
2025-03-01 19:46:11,519 INFO o.a.j.e.StandardJMeterEngine: Thread will continue on error
2025-03-01 19:46:11,519 INFO o.a.j.t.ThreadGroup: Starting thread group... number=1 threads=20 ramp-up=10 delayedStart=false
2025-03-01 19:46:11,526 INFO o.a.j.t.JMeterThread: Thread started: setUp Thread Group 1-1
2025-03-01 19:46:11,555 INFO o.a.j.t.ThreadGroup: Started thread group number 1
2025-03-01 19:46:11,555 INFO o.a.j.e.StandardJMeterEngine: Waiting for all setup thread groups to exit
2025-03-01 19:46:12,028 INFO o.a.j.t.JMeterThread: Thread started: setUp Thread Group 1-2
2025-03-01 19:46:12,366 INFO o.a.j.p.h.s.HTTPHCAbstractImpl: Local host = THIVA
2025-03-01 19:46:12,373 INFO o.a.j.p.h.s.HTTPHC4Impl: HTTP request retry count = 0
2025-03-01 19:46:12,525 INFO o.a.j.t.JMeterThread: Thread started: setUp Thread Group 1-3
2025-03-01 19:46:13,026 INFO o.a.j.t.JMeterThread: Thread started: setUp Thread Group 1-4
2025-03-01 19:46:13,525 INFO o.a.j.t.JMeterThread: Thread started: setUp Thread Group 1-5
2025-03-01 19:46:14,024 INFO o.a.j.t.JMeterThread: Thread started: setUp Thread Group 1-6
2025-03-01 19:46:14,524 INFO o.a.j.t.JMeterThread: Thread started: setUp Thread Group 1-7
2025-03-01 19:46:15,026 INFO o.a.j.t.JMeterThread: Thread started: setUp Thread Group 1-8
2025-03-01 19:46:15,523 INFO o.a.j.t.JMeterThread: Thread started: setUp Thread Group 1-9
2025-03-01 19:46:16,024 INFO o.a.j.t.JMeterThread: Thread started: setUp Thread Group 1-10
2025-03-01 19:46:16,523 INFO o.a.j.t.JMeterThread: Thread started: setUp Thread Group 1-11
2025-03-01 19:46:17,024 INFO o.a.j.t.JMeterThread: Thread started: setUp Thread Group 1-12
2025-03-01 19:46:17,523 INFO o.a.j.t.JMeterThread: Thread started: setUp Thread Group 1-13
2025-03-01 19:46:18,025 INFO o.a.j.t.JMeterThread: Thread started: setUp Thread Group 1-14
2025-03-01 19:46:18,522 INFO o.a.j.t.JMeterThread: Thread started: setUp Thread Group 1-15
2025-03-01 19:46:19,022 INFO o.a.j.t.JMeterThread: Thread started: setUp Thread Group 1-16
2025-03-01 19:46:19,521 INFO o.a.j.t.JMeterThread: Thread started: setUp Thread Group 1-17
2025-03-01 19:46:20,021 INFO o.a.j.t.JMeterThread: Thread started: setUp Thread Group 1-18
2025-03-01 19:46:20,521 INFO o.a.j.t.JMeterThread: Thread started: setUp Thread Group 1-19
2025-03-01 19:46:21,020 INFO o.a.j.t.JMeterThread: Thread started: setUp Thread Group 1-20
2025-03-01 19:47:11,350 INFO o.a.j.t.JMeterThread: Thread finished: setUp Thread Group 1-7
2025-03-01 19:47:11,423 INFO o.a.j.t.JMeterThread: Thread finished: setUp Thread Group 1-4
2025-03-01 19:47:11,490 INFO o.a.j.t.JMeterThread: Thread finished: setUp Thread Group 1-8
2025-03-01 19:47:11,539 INFO o.a.j.t.JMeterThread: Thread finished: setUp Thread Group 1-11
2025-03-01 19:47:11,543 INFO o.a.j.t.JMeterThread: Stopping because end time detected by thread: setUp Thread Group 1-9
2025-03-01 19:47:11,543 INFO o.a.j.t.JMeterThread: Thread finished: setUp Thread Group 1-9
2025-03-01 19:47:11,590 INFO o.a.j.t.JMeterThread: Stopping because end time detected by thread: setUp Thread Group 1-1
2025-03-01 19:47:11,590 INFO o.a.j.t.JMeterThread: Stopping because end time detected by thread: setUp Thread Group 1-6
2025-03-01 19:47:11,590 INFO o.a.j.t.JMeterThread: Thread finished: setUp Thread Group 1-1
2025-03-01 19:47:11,590 INFO o.a.j.t.JMeterThread: Thread finished: setUp Thread Group 1-6
2025-03-01 19:47:11,622 INFO o.a.j.t.JMeterThread: Stopping because end time detected by thread: setUp Thread Group 1-16
2025-03-01 19:47:11,622 INFO o.a.j.t.JMeterThread: Thread finished: setUp Thread Group 1-16
2025-03-01 19:47:11,622 INFO o.a.j.t.JMeterThread: Stopping because end time detected by thread: setUp Thread Group 1-12
2025-03-01 19:47:11,622 INFO o.a.j.t.JMeterThread: Thread finished: setUp Thread Group 1-12
2025-03-01 19:47:11,622 INFO o.a.j.t.JMeterThread: Stopping because end time detected by thread: setUp Thread Group 1-5
2025-03-01 19:47:11,622 INFO o.a.j.t.JMeterThread: Thread finished: setUp Thread Group 1-5
2025-03-01 19:47:11,622 INFO o.a.j.t.JMeterThread: Stopping because end time detected by thread: setUp Thread Group 1-20
2025-03-01 19:47:11,622 INFO o.a.j.t.JMeterThread: Thread finished: setUp Thread Group 1-20
2025-03-01 19:47:11,716 INFO o.a.j.t.JMeterThread: Stopping because end time detected by thread: setUp Thread Group 1-2
2025-03-01 19:47:11,716 INFO o.a.j.t.JMeterThread: Thread finished: setUp Thread Group 1-2
2025-03-01 19:47:11,716 INFO o.a.j.t.JMeterThread: Stopping because end time detected by thread: setUp Thread Group 1-10
2025-03-01 19:47:11,716 INFO o.a.j.t.JMeterThread: Thread finished: setUp Thread Group 1-10
2025-03-01 19:47:11,764 INFO o.a.j.t.JMeterThread: Stopping because end time detected by thread: setUp Thread Group 1-15
2025-03-01 19:47:11,764 INFO o.a.j.t.JMeterThread: Thread finished: setUp Thread Group 1-15
2025-03-01 19:47:11,780 INFO o.a.j.t.JMeterThread: Stopping because end time detected by thread: setUp Thread Group 1-17
2025-03-01 19:47:11,780 INFO o.a.j.t.JMeterThread: Thread finished: setUp Thread Group 1-17
2025-03-01 19:47:11,811 INFO o.a.j.t.JMeterThread: Stopping because end time detected by thread: setUp Thread Group 1-3
2025-03-01 19:47:11,811 INFO o.a.j.t.JMeterThread: Thread finished: setUp Thread Group 1-3
2025-03-01 19:47:11,845 INFO o.a.j.t.JMeterThread: Stopping because end time detected by thread: setUp Thread Group 1-13
2025-03-01 19:47:11,845 INFO o.a.j.t.JMeterThread: Thread finished: setUp Thread Group 1-13
2025-03-01 19:47:12,030 INFO o.a.j.t.JMeterThread: Stopping because end time detected by thread: setUp Thread Group 1-14
2025-03-01 19:47:12,030 INFO o.a.j.t.JMeterThread: Thread finished: setUp Thread Group 1-14
2025-03-01 19:47:12,100 INFO o.a.j.t.JMeterThread: Stopping because end time detected by thread: setUp Thread Group 1-18
2025-03-01 19:47:12,112 INFO o.a.j.t.JMeterThread: Thread finished: setUp Thread Group 1-18
2025-03-01 19:47:12,194 INFO o.a.j.t.JMeterThread: Stopping because end time detected by thread: setUp Thread Group 1-19
2025-03-01 19:47:12,194 INFO o.a.j.t.JMeterThread: Thread finished: setUp Thread Group 1-19
2025-03-01 19:47:12,194 INFO o.a.j.e.StandardJMeterEngine: All Setup Threads have ended
2025-03-01 19:47:12,233 INFO o.a.j.e.StandardJMeterEngine: Starting ThreadGroup: 1 : Thread-Gruppe
2025-03-01 19:47:12,233 INFO o.a.j.e.StandardJMeterEngine: Starting 75 threads for group Thread-Gruppe.
2025-03-01 19:47:12,233 INFO o.a.j.e.StandardJMeterEngine: Thread will continue on error
2025-03-01 19:47:12,233 INFO o.a.j.t.ThreadGroup: Starting thread group... number=1 threads=75 ramp-up=10 delayedStart=false
2025-03-01 19:47:12,245 INFO o.a.j.t.JMeterThread: Thread started: Thread-Gruppe 1-1
2025-03-01 19:47:12,312 INFO o.a.j.t.ThreadGroup: Started thread group number 1
2025-03-01 19:47:12,312 INFO o.a.j.e.StandardJMeterEngine: Starting ThreadGroup: 2 : Thread-Gruppe
2025-03-01 19:47:12,312 INFO o.a.j.e.StandardJMeterEngine: Starting 20 threads for group Thread-Gruppe.
2025-03-01 19:47:12,312 INFO o.a.j.e.StandardJMeterEngine: Thread will continue on error
2025-03-01 19:47:12,312 INFO o.a.j.t.ThreadGroup: Starting thread group... number=2 threads=20 ramp-up=10 delayedStart=false
2025-03-01 19:47:12,314 INFO o.a.j.t.JMeterThread: Thread started: Thread-Gruppe 2-1
2025-03-01 19:47:12,325 INFO o.a.j.t.ThreadGroup: Started thread group number 2
2025-03-01 19:47:12,325 INFO o.a.j.e.StandardJMeterEngine: Starting ThreadGroup: 3 : Thread-Gruppe
2025-03-01 19:47:12,325 INFO o.a.j.e.StandardJMeterEngine: Starting 5 threads for group Thread-Gruppe.
2025-03-01 19:47:12,325 INFO o.a.j.e.StandardJMeterEngine: Thread will continue on error
2025-03-01 19:47:12,325 INFO o.a.j.t.ThreadGroup: Starting thread group... number=3 threads=5 ramp-up=10 delayedStart=false
2025-03-01 19:47:12,327 INFO o.a.j.t.ThreadGroup: Started thread group number 3
2025-03-01 19:47:12,327 INFO o.a.j.t.JMeterThread: Thread started: Thread-Gruppe 3-1
2025-03-01 19:47:12,327 INFO o.a.j.e.StandardJMeterEngine: All thread groups have been started
2025-03-01 19:47:12,371 INFO o.a.j.t.JMeterThread: Thread started: Thread-Gruppe 1-2
2025-03-01 19:47:12,504 INFO o.a.j.t.JMeterThread: Thread started: Thread-Gruppe 1-3
2025-03-01 19:47:12,637 INFO o.a.j.t.JMeterThread: Thread started: Thread-Gruppe 1-4
2025-03-01 19:47:12,772 INFO o.a.j.t.JMeterThread: Thread started: Thread-Gruppe 1-5
2025-03-01 19:47:12,815 INFO o.a.j.t.JMeterThread: Thread started: Thread-Gruppe 2-2
2025-03-01 19:47:12,903 INFO o.a.j.t.JMeterThread: Thread started: Thread-Gruppe 1-6
2025-03-01 19:47:13,036 INFO o.a.j.t.JMeterThread: Thread started: Thread-Gruppe 1-7
2025-03-01 19:47:13,169 INFO o.a.j.t.JMeterThread: Thread started: Thread-Gruppe 1-8
2025-03-01 19:47:13,300 INFO o.a.j.t.JMeterThread: Thread started: Thread-Gruppe 1-9
2025-03-01 19:47:13,315 INFO o.a.j.t.JMeterThread: Thread started: Thread-Gruppe 2-3
2025-03-01 19:47:13,434 INFO o.a.j.t.JMeterThread: Thread started: Thread-Gruppe 1-10
2025-03-01 19:47:13,566 INFO o.a.j.t.JMeterThread: Thread started: Thread-Gruppe 1-11
2025-03-01 19:47:13,699 INFO o.a.j.t.JMeterThread: Thread started: Thread-Gruppe 1-12
2025-03-01 19:47:13,814 INFO o.a.j.t.JMeterThread: Thread started: Thread-Gruppe 2-4
2025-03-01 19:47:13,832 INFO o.a.j.t.JMeterThread: Thread started: Thread-Gruppe 1-13
2025-03-01 19:47:13,965 INFO o.a.j.t.JMeterThread: Thread started: Thread-Gruppe 1-14
2025-03-01 19:47:14,099 INFO o.a.j.t.JMeterThread: Thread started: Thread-Gruppe 1-15
2025-03-01 19:47:14,231 INFO o.a.j.t.JMeterThread: Thread started: Thread-Gruppe 1-16
2025-03-01 19:47:14,315 INFO o.a.j.t.JMeterThread: Thread started: Thread-Gruppe 2-5
2025-03-01 19:47:14,327 INFO o.a.j.t.JMeterThread: Thread started: Thread-Gruppe 3-2
2025-03-01 19:47:14,366 INFO o.a.j.t.JMeterThread: Thread started: Thread-Gruppe 1-17
2025-03-01 19:47:14,498 INFO o.a.j.t.JMeterThread: Thread started: Thread-Gruppe 1-18
2025-03-01 19:47:14,630 INFO o.a.j.t.JMeterThread: Thread started: Thread-Gruppe 1-19
2025-03-01 19:47:14,766 INFO o.a.j.t.JMeterThread: Thread started: Thread-Gruppe 1-20
2025-03-01 19:47:14,815 INFO o.a.j.t.JMeterThread: Thread started: Thread-Gruppe 2-6
2025-03-01 19:47:14,896 INFO o.a.j.t.JMeterThread: Thread started: Thread-Gruppe 1-21
2025-03-01 19:47:15,030 INFO o.a.j.t.JMeterThread: Thread started: Thread-Gruppe 1-22
2025-03-01 19:47:15,162 INFO o.a.j.t.JMeterThread: Thread started: Thread-Gruppe 1-23
2025-03-01 19:47:15,296 INFO o.a.j.t.JMeterThread: Thread started: Thread-Gruppe 1-24
2025-03-01 19:47:15,315 INFO o.a.j.t.JMeterThread: Thread started: Thread-Gruppe 2-7
2025-03-01 19:47:15,428 INFO o.a.j.t.JMeterThread: Thread started: Thread-Gruppe 1-25
2025-03-01 19:47:15,561 INFO o.a.j.t.JMeterThread: Thread started: Thread-Gruppe 1-26
2025-03-01 19:47:15,694 INFO o.a.j.t.JMeterThread: Thread started: Thread-Gruppe 1-27
2025-03-01 19:47:15,815 INFO o.a.j.t.JMeterThread: Thread started: Thread-Gruppe 2-8
2025-03-01 19:47:15,826 INFO o.a.j.t.JMeterThread: Thread started: Thread-Gruppe 1-28
2025-03-01 19:47:15,960 INFO o.a.j.t.JMeterThread: Thread started: Thread-Gruppe 1-29
2025-03-01 19:47:16,093 INFO o.a.j.t.JMeterThread: Thread started: Thread-Gruppe 1-30
2025-03-01 19:47:16,226 INFO o.a.j.t.JMeterThread: Thread started: Thread-Gruppe 1-31
2025-03-01 19:47:16,313 INFO o.a.j.t.JMeterThread: Thread started: Thread-Gruppe 2-9
2025-03-01 19:47:16,329 INFO o.a.j.t.JMeterThread: Thread started: Thread-Gruppe 3-3
2025-03-01 19:47:16,360 INFO o.a.j.t.JMeterThread: Thread started: Thread-Gruppe 1-32
2025-03-01 19:47:16,492 INFO o.a.j.t.JMeterThread: Thread started: Thread-Gruppe 1-33
2025-03-01 19:47:16,624 INFO o.a.j.t.JMeterThread: Thread started: Thread-Gruppe 1-34
2025-03-01 19:47:16,758 INFO o.a.j.t.JMeterThread: Thread started: Thread-Gruppe 1-35
2025-03-01 19:47:16,813 INFO o.a.j.t.JMeterThread: Thread started: Thread-Gruppe 2-10
2025-03-01 19:47:16,892 INFO o.a.j.t.JMeterThread: Thread started: Thread-Gruppe 1-36
2025-03-01 19:47:17,026 INFO o.a.j.t.JMeterThread: Thread started: Thread-Gruppe 1-37
2025-03-01 19:47:17,157 INFO o.a.j.t.JMeterThread: Thread started: Thread-Gruppe 1-38
2025-03-01 19:47:17,293 INFO o.a.j.t.JMeterThread: Thread started: Thread-Gruppe 1-39
2025-03-01 19:47:17,314 INFO o.a.j.t.JMeterThread: Thread started: Thread-Gruppe 2-11
2025-03-01 19:47:17,425 INFO o.a.j.t.JMeterThread: Thread started: Thread-Gruppe 1-40
2025-03-01 19:47:17,557 INFO o.a.j.t.JMeterThread: Thread started: Thread-Gruppe 1-41
2025-03-01 19:47:17,690 INFO o.a.j.t.JMeterThread: Thread started: Thread-Gruppe 1-42
2025-03-01 19:47:17,813 INFO o.a.j.t.JMeterThread: Thread started: Thread-Gruppe 2-12
2025-03-01 19:47:17,824 INFO o.a.j.t.JMeterThread: Thread started: Thread-Gruppe 1-43
2025-03-01 19:47:17,957 INFO o.a.j.t.JMeterThread: Thread started: Thread-Gruppe 1-44
2025-03-01 19:47:18,089 INFO o.a.j.t.JMeterThread: Thread started: Thread-Gruppe 1-45
2025-03-01 19:47:18,222 INFO o.a.j.t.JMeterThread: Thread started: Thread-Gruppe 1-46
2025-03-01 19:47:18,315 INFO o.a.j.t.JMeterThread: Thread started: Thread-Gruppe 2-13
2025-03-01 19:47:18,327 INFO o.a.j.t.JMeterThread: Thread started: Thread-Gruppe 3-4
2025-03-01 19:47:18,356 INFO o.a.j.t.JMeterThread: Thread started: Thread-Gruppe 1-47
2025-03-01 19:47:18,488 INFO o.a.j.t.JMeterThread: Thread started: Thread-Gruppe 1-48
2025-03-01 19:47:18,620 INFO o.a.j.t.JMeterThread: Thread started: Thread-Gruppe 1-49
2025-03-01 19:47:18,751 INFO o.a.j.t.JMeterThread: Thread started: Thread-Gruppe 1-50
2025-03-01 19:47:18,815 INFO o.a.j.t.JMeterThread: Thread started: Thread-Gruppe 2-14
2025-03-01 19:47:18,886 INFO o.a.j.t.JMeterThread: Thread started: Thread-Gruppe 1-51
2025-03-01 19:47:19,017 INFO o.a.j.t.JMeterThread: Thread started: Thread-Gruppe 1-52
2025-03-01 19:47:19,152 INFO o.a.j.t.JMeterThread: Thread started: Thread-Gruppe 1-53
2025-03-01 19:47:19,285 INFO o.a.j.t.JMeterThread: Thread started: Thread-Gruppe 1-54
2025-03-01 19:47:19,315 INFO o.a.j.t.JMeterThread: Thread started: Thread-Gruppe 2-15
2025-03-01 19:47:19,416 INFO o.a.j.t.JMeterThread: Thread started: Thread-Gruppe 1-55
2025-03-01 19:47:19,549 INFO o.a.j.t.JMeterThread: Thread started: Thread-Gruppe 1-56
2025-03-01 19:47:19,683 INFO o.a.j.t.JMeterThread: Thread started: Thread-Gruppe 1-57
2025-03-01 19:47:19,814 INFO o.a.j.t.JMeterThread: Thread started: Thread-Gruppe 2-16
2025-03-01 19:47:19,815 INFO o.a.j.t.JMeterThread: Thread started: Thread-Gruppe 1-58
2025-03-01 19:47:19,949 INFO o.a.j.t.JMeterThread: Thread started: Thread-Gruppe 1-59
2025-03-01 19:47:20,083 INFO o.a.j.t.JMeterThread: Thread started: Thread-Gruppe 1-60
2025-03-01 19:47:20,215 INFO o.a.j.t.JMeterThread: Thread started: Thread-Gruppe 1-61
2025-03-01 19:47:20,314 INFO o.a.j.t.JMeterThread: Thread started: Thread-Gruppe 2-17
2025-03-01 19:47:20,327 INFO o.a.j.t.JMeterThread: Thread started: Thread-Gruppe 3-5
2025-03-01 19:47:20,347 INFO o.a.j.t.JMeterThread: Thread started: Thread-Gruppe 1-62
2025-03-01 19:47:20,481 INFO o.a.j.t.JMeterThread: Thread started: Thread-Gruppe 1-63
2025-03-01 19:47:20,613 INFO o.a.j.t.JMeterThread: Thread started: Thread-Gruppe 1-64
2025-03-01 19:47:20,747 INFO o.a.j.t.JMeterThread: Thread started: Thread-Gruppe 1-65
2025-03-01 19:47:20,813 INFO o.a.j.t.JMeterThread: Thread started: Thread-Gruppe 2-18
2025-03-01 19:47:20,880 INFO o.a.j.t.JMeterThread: Thread started: Thread-Gruppe 1-66
2025-03-01 19:47:21,012 INFO o.a.j.t.JMeterThread: Thread started: Thread-Gruppe 1-67
2025-03-01 19:47:21,145 INFO o.a.j.t.JMeterThread: Thread started: Thread-Gruppe 1-68
2025-03-01 19:47:21,280 INFO o.a.j.t.JMeterThread: Thread started: Thread-Gruppe 1-69
2025-03-01 19:47:21,314 INFO o.a.j.t.JMeterThread: Thread started: Thread-Gruppe 2-19
2025-03-01 19:47:21,412 INFO o.a.j.t.JMeterThread: Thread started: Thread-Gruppe 1-70
2025-03-01 19:47:21,545 INFO o.a.j.t.JMeterThread: Thread started: Thread-Gruppe 1-71
2025-03-01 19:47:21,677 INFO o.a.j.t.JMeterThread: Thread started: Thread-Gruppe 1-72
2025-03-01 19:47:21,811 INFO o.a.j.t.JMeterThread: Thread started: Thread-Gruppe 1-73
2025-03-01 19:47:21,815 INFO o.a.j.t.JMeterThread: Thread started: Thread-Gruppe 2-20
2025-03-01 19:47:21,943 INFO o.a.j.t.JMeterThread: Thread started: Thread-Gruppe 1-74
2025-03-01 19:47:22,076 INFO o.a.j.t.JMeterThread: Thread started: Thread-Gruppe 1-75
2025-03-01 19:47:30,006 INFO o.a.j.r.Summariser: summary +    989 in 00:01:18 =   12.6/s Avg:   457 Min:   247 Max:  1177 Err:     0 (0.00%) Active: 100 Started: 100 Finished: 0
2025-03-01 19:48:00,013 INFO o.a.j.r.Summariser: summary +   2278 in 00:00:30 =   75.9/s Avg:   443 Min:   246 Max:  1295 Err:     0 (0.00%) Active: 100 Started: 100 Finished: 0
2025-03-01 19:48:00,013 INFO o.a.j.r.Summariser: summary =   3267 in 00:01:48 =   30.1/s Avg:   448 Min:   246 Max:  1295 Err:     0 (0.00%)
2025-03-01 19:48:30,030 INFO o.a.j.r.Summariser: summary +   2260 in 00:00:30 =   75.3/s Avg:   466 Min:   246 Max:  1257 Err:     0 (0.00%) Active: 100 Started: 100 Finished: 0
2025-03-01 19:48:30,031 INFO o.a.j.r.Summariser: summary =   5527 in 00:02:19 =   39.9/s Avg:   455 Min:   246 Max:  1295 Err:     0 (0.00%)
2025-03-01 19:49:00,007 INFO o.a.j.r.Summariser: summary +   2267 in 00:00:30 =   75.6/s Avg:   442 Min:   247 Max:  1086 Err:     0 (0.00%) Active: 100 Started: 100 Finished: 0
2025-03-01 19:49:00,009 INFO o.a.j.r.Summariser: summary =   7794 in 00:02:48 =   46.3/s Avg:   451 Min:   246 Max:  1295 Err:     0 (0.00%)
2025-03-01 19:49:30,056 INFO o.a.j.r.Summariser: summary +   2269 in 00:00:30 =   75.5/s Avg:   468 Min:   245 Max:  1422 Err:     0 (0.00%) Active: 100 Started: 100 Finished: 0
2025-03-01 19:49:30,056 INFO o.a.j.r.Summariser: summary =  10063 in 00:03:19 =   50.7/s Avg:   455 Min:   245 Max:  1422 Err:     0 (0.00%)
2025-03-01 19:50:00,014 INFO o.a.j.r.Summariser: summary +   2267 in 00:00:30 =   75.7/s Avg:   436 Min:   247 Max:  1052 Err:     0 (0.00%) Active: 100 Started: 100 Finished: 0
2025-03-01 19:50:00,015 INFO o.a.j.r.Summariser: summary =  12330 in 00:03:48 =   54.0/s Avg:   452 Min:   245 Max:  1422 Err:     0 (0.00%)
2025-03-01 19:50:30,006 INFO o.a.j.r.Summariser: summary +   2276 in 00:00:30 =   75.9/s Avg:   462 Min:   246 Max:  1191 Err:     1 (0.04%) Active: 100 Started: 100 Finished: 0
2025-03-01 19:50:30,007 INFO o.a.j.r.Summariser: summary =  14606 in 00:04:18 =   56.5/s Avg:   453 Min:   245 Max:  1422 Err:     1 (0.01%)
2025-03-01 19:51:00,004 INFO o.a.j.r.Summariser: summary +   2269 in 00:00:30 =   75.6/s Avg:   445 Min:   245 Max:   955 Err:     0 (0.00%) Active: 100 Started: 100 Finished: 0
2025-03-01 19:51:00,005 INFO o.a.j.r.Summariser: summary =  16875 in 00:04:48 =   58.5/s Avg:   452 Min:   245 Max:  1422 Err:     1 (0.01%)
2025-03-01 19:51:30,004 INFO o.a.j.r.Summariser: summary +   2265 in 00:00:30 =   75.5/s Avg:   458 Min:   246 Max:  1438 Err:     0 (0.00%) Active: 100 Started: 100 Finished: 0
2025-03-01 19:51:30,004 INFO o.a.j.r.Summariser: summary =  19140 in 00:05:18 =   60.1/s Avg:   453 Min:   245 Max:  1438 Err:     1 (0.01%)
2025-03-01 19:52:00,033 INFO o.a.j.r.Summariser: summary +   2261 in 00:00:30 =   75.3/s Avg:   446 Min:   247 Max:  1299 Err:     0 (0.00%) Active: 100 Started: 100 Finished: 0
2025-03-01 19:52:00,034 INFO o.a.j.r.Summariser: summary =  21401 in 00:05:49 =   61.4/s Avg:   452 Min:   245 Max:  1438 Err:     1 (0.00%)
2025-03-01 19:52:30,018 INFO o.a.j.r.Summariser: summary +   2272 in 00:00:30 =   75.8/s Avg:   463 Min:   248 Max:  1094 Err:     0 (0.00%) Active: 100 Started: 100 Finished: 0
2025-03-01 19:52:30,019 INFO o.a.j.r.Summariser: summary =  23673 in 00:06:19 =   62.5/s Avg:   453 Min:   245 Max:  1438 Err:     1 (0.00%)
2025-03-01 19:53:00,025 INFO o.a.j.r.Summariser: summary +   2262 in 00:00:30 =   75.4/s Avg:   443 Min:   247 Max:  1350 Err:     0 (0.00%) Active: 100 Started: 100 Finished: 0
2025-03-01 19:53:00,026 INFO o.a.j.r.Summariser: summary =  25935 in 00:06:49 =   63.5/s Avg:   452 Min:   245 Max:  1438 Err:     1 (0.00%)
2025-03-01 19:53:30,002 INFO o.a.j.r.Summariser: summary +   2270 in 00:00:30 =   75.7/s Avg:   464 Min:   246 Max:  1106 Err:     0 (0.00%) Active: 100 Started: 100 Finished: 0
2025-03-01 19:53:30,003 INFO o.a.j.r.Summariser: summary =  28205 in 00:07:18 =   64.3/s Avg:   453 Min:   245 Max:  1438 Err:     1 (0.00%)
2025-03-01 19:54:00,046 INFO o.a.j.r.Summariser: summary +   2270 in 00:00:30 =   75.6/s Avg:   435 Min:   247 Max:  1299 Err:     0 (0.00%) Active: 100 Started: 100 Finished: 0
2025-03-01 19:54:00,047 INFO o.a.j.r.Summariser: summary =  30475 in 00:07:49 =   65.0/s Avg:   452 Min:   245 Max:  1438 Err:     1 (0.00%)
2025-03-01 19:54:30,052 INFO o.a.j.r.Summariser: summary +   2270 in 00:00:30 =   75.7/s Avg:   459 Min:   247 Max:  1099 Err:     0 (0.00%) Active: 100 Started: 100 Finished: 0
2025-03-01 19:54:30,052 INFO o.a.j.r.Summariser: summary =  32745 in 00:08:19 =   65.7/s Avg:   452 Min:   245 Max:  1438 Err:     1 (0.00%)
2025-03-01 19:55:00,016 INFO o.a.j.r.Summariser: summary +   2267 in 00:00:30 =   75.7/s Avg:   447 Min:   246 Max:  1185 Err:     0 (0.00%) Active: 100 Started: 100 Finished: 0
2025-03-01 19:55:00,018 INFO o.a.j.r.Summariser: summary =  35012 in 00:08:48 =   66.2/s Avg:   452 Min:   245 Max:  1438 Err:     1 (0.00%)
2025-03-01 19:55:30,006 INFO o.a.j.r.Summariser: summary +   2259 in 00:00:30 =   75.3/s Avg:   454 Min:   243 Max:  1465 Err:     0 (0.00%) Active: 100 Started: 100 Finished: 0
2025-03-01 19:55:30,006 INFO o.a.j.r.Summariser: summary =  37271 in 00:09:18 =   66.7/s Avg:   452 Min:   243 Max:  1465 Err:     1 (0.00%)
2025-03-01 19:56:00,012 INFO o.a.j.r.Summariser: summary +   2280 in 00:00:30 =   76.0/s Avg:   457 Min:   246 Max:  1271 Err:     0 (0.00%) Active: 100 Started: 100 Finished: 0
2025-03-01 19:56:00,013 INFO o.a.j.r.Summariser: summary =  39551 in 00:09:48 =   67.2/s Avg:   452 Min:   243 Max:  1465 Err:     1 (0.00%)
2025-03-01 19:56:30,005 INFO o.a.j.r.Summariser: summary +   2251 in 00:00:30 =   75.1/s Avg:   446 Min:   246 Max:  1480 Err:     0 (0.00%) Active: 100 Started: 100 Finished: 0
2025-03-01 19:56:30,006 INFO o.a.j.r.Summariser: summary =  41802 in 00:10:18 =   67.6/s Avg:   452 Min:   243 Max:  1480 Err:     1 (0.00%)
2025-03-01 19:57:00,002 INFO o.a.j.r.Summariser: summary +   2279 in 00:00:30 =   76.0/s Avg:   461 Min:   246 Max:  1284 Err:     0 (0.00%) Active: 100 Started: 100 Finished: 0
2025-03-01 19:57:00,003 INFO o.a.j.r.Summariser: summary =  44081 in 00:10:48 =   68.0/s Avg:   453 Min:   243 Max:  1480 Err:     1 (0.00%)
2025-03-01 19:57:10,617 INFO o.a.j.t.JMeterThread: Thread finished: Thread-Gruppe 1-47
2025-03-01 19:57:10,630 INFO o.a.j.t.JMeterThread: Thread finished: Thread-Gruppe 1-17
2025-03-01 19:57:10,748 INFO o.a.j.t.JMeterThread: Thread finished: Thread-Gruppe 1-48
2025-03-01 19:57:10,761 INFO o.a.j.t.JMeterThread: Thread finished: Thread-Gruppe 1-18
2025-03-01 19:57:10,766 INFO o.a.j.t.JMeterThread: Thread finished: Thread-Gruppe 1-1
2025-03-01 19:57:10,825 INFO o.a.j.t.JMeterThread: Thread finished: Thread-Gruppe 1-62
2025-03-01 19:57:10,876 INFO o.a.j.t.JMeterThread: Thread finished: Thread-Gruppe 1-2
2025-03-01 19:57:10,881 INFO o.a.j.t.JMeterThread: Thread finished: Thread-Gruppe 1-49
2025-03-01 19:57:10,885 INFO o.a.j.t.JMeterThread: Thread finished: Thread-Gruppe 1-19
2025-03-01 19:57:10,967 INFO o.a.j.t.JMeterThread: Thread finished: Thread-Gruppe 1-63
2025-03-01 19:57:10,997 INFO o.a.j.t.JMeterThread: Thread finished: Thread-Gruppe 1-3
2025-03-01 19:57:11,010 INFO o.a.j.t.JMeterThread: Thread finished: Thread-Gruppe 1-50
2025-03-01 19:57:11,016 INFO o.a.j.t.JMeterThread: Thread finished: Thread-Gruppe 1-20
2025-03-01 19:57:11,109 INFO o.a.j.t.JMeterThread: Thread finished: Thread-Gruppe 1-64
2025-03-01 19:57:11,127 INFO o.a.j.t.JMeterThread: Thread finished: Thread-Gruppe 1-4
2025-03-01 19:57:11,146 INFO o.a.j.t.JMeterThread: Thread finished: Thread-Gruppe 1-51
2025-03-01 19:57:11,154 INFO o.a.j.t.JMeterThread: Thread finished: Thread-Gruppe 1-21
2025-03-01 19:57:11,241 INFO o.a.j.t.JMeterThread: Thread finished: Thread-Gruppe 1-65
2025-03-01 19:57:11,250 INFO o.a.j.t.JMeterThread: Thread finished: Thread-Gruppe 1-5
2025-03-01 19:57:11,266 INFO o.a.j.t.JMeterThread: Thread finished: Thread-Gruppe 1-52
2025-03-01 19:57:11,288 INFO o.a.j.t.JMeterThread: Thread finished: Thread-Gruppe 1-22
2025-03-01 19:57:11,304 INFO o.a.j.t.JMeterThread: Thread finished: Thread-Gruppe 1-32
2025-03-01 19:57:11,373 INFO o.a.j.t.JMeterThread: Thread finished: Thread-Gruppe 1-33
2025-03-01 19:57:11,374 INFO o.a.j.t.JMeterThread: Thread finished: Thread-Gruppe 1-66
2025-03-01 19:57:11,396 INFO o.a.j.t.JMeterThread: Thread finished: Thread-Gruppe 1-6
2025-03-01 19:57:11,409 INFO o.a.j.t.JMeterThread: Thread finished: Thread-Gruppe 1-53
2025-03-01 19:57:11,417 INFO o.a.j.t.JMeterThread: Thread finished: Thread-Gruppe 1-23
2025-03-01 19:57:11,505 INFO o.a.j.t.JMeterThread: Thread finished: Thread-Gruppe 1-67
2025-03-01 19:57:11,506 INFO o.a.j.t.JMeterThread: Thread finished: Thread-Gruppe 1-34
2025-03-01 19:57:11,563 INFO o.a.j.t.JMeterThread: Thread finished: Thread-Gruppe 1-7
2025-03-01 19:57:11,573 INFO o.a.j.t.JMeterThread: Thread finished: Thread-Gruppe 1-24
2025-03-01 19:57:11,574 INFO o.a.j.t.JMeterThread: Thread finished: Thread-Gruppe 1-54
2025-03-01 19:57:11,621 INFO o.a.j.t.JMeterThread: Thread finished: Thread-Gruppe 1-68
2025-03-01 19:57:11,641 INFO o.a.j.t.JMeterThread: Thread finished: Thread-Gruppe 1-35
2025-03-01 19:57:11,663 INFO o.a.j.t.JMeterThread: Thread finished: Thread-Gruppe 1-8
2025-03-01 19:57:11,677 INFO o.a.j.t.JMeterThread: Thread finished: Thread-Gruppe 1-55
2025-03-01 19:57:11,692 INFO o.a.j.t.JMeterThread: Thread finished: Thread-Gruppe 1-25
2025-03-01 19:57:11,773 INFO o.a.j.t.JMeterThread: Thread finished: Thread-Gruppe 1-69
2025-03-01 19:57:11,789 INFO o.a.j.t.JMeterThread: Thread finished: Thread-Gruppe 1-9
2025-03-01 19:57:11,815 INFO o.a.j.t.JMeterThread: Thread finished: Thread-Gruppe 1-36
2025-03-01 19:57:11,817 INFO o.a.j.t.JMeterThread: Thread finished: Thread-Gruppe 1-56
2025-03-01 19:57:11,820 INFO o.a.j.t.JMeterThread: Thread finished: Thread-Gruppe 1-26
2025-03-01 19:57:11,907 INFO o.a.j.t.JMeterThread: Thread finished: Thread-Gruppe 1-70
2025-03-01 19:57:11,932 INFO o.a.j.t.JMeterThread: Thread finished: Thread-Gruppe 1-10
2025-03-01 19:57:11,932 INFO o.a.j.t.JMeterThread: Thread finished: Thread-Gruppe 1-57
2025-03-01 19:57:11,957 INFO o.a.j.t.JMeterThread: Thread finished: Thread-Gruppe 1-27
2025-03-01 19:57:11,982 INFO o.a.j.t.JMeterThread: Thread finished: Thread-Gruppe 1-37
2025-03-01 19:57:12,053 INFO o.a.j.t.JMeterThread: Thread finished: Thread-Gruppe 1-38
2025-03-01 19:57:12,053 INFO o.a.j.t.JMeterThread: Thread finished: Thread-Gruppe 1-11
2025-03-01 19:57:12,060 INFO o.a.j.t.JMeterThread: Thread finished: Thread-Gruppe 1-71
2025-03-01 19:57:12,069 INFO o.a.j.t.JMeterThread: Thread finished: Thread-Gruppe 1-58
2025-03-01 19:57:12,081 INFO o.a.j.t.JMeterThread: Thread finished: Thread-Gruppe 2-2
2025-03-01 19:57:12,092 INFO o.a.j.t.JMeterThread: Thread finished: Thread-Gruppe 1-28
2025-03-01 19:57:12,198 INFO o.a.j.t.JMeterThread: Thread finished: Thread-Gruppe 1-72
2025-03-01 19:57:12,205 INFO o.a.j.t.JMeterThread: Thread finished: Thread-Gruppe 2-12
2025-03-01 19:57:12,205 INFO o.a.j.t.JMeterThread: Thread finished: Thread-Gruppe 1-39
2025-03-01 19:57:12,208 INFO o.a.j.t.JMeterThread: Thread finished: Thread-Gruppe 1-12
2025-03-01 19:57:12,208 INFO o.a.j.t.JMeterThread: Thread finished: Thread-Gruppe 3-4
2025-03-01 19:57:12,214 INFO o.a.j.t.JMeterThread: Thread finished: Thread-Gruppe 1-29
2025-03-01 19:57:12,216 INFO o.a.j.t.JMeterThread: Thread finished: Thread-Gruppe 1-59
2025-03-01 19:57:12,272 INFO o.a.j.t.JMeterThread: Thread finished: Thread-Gruppe 2-11
2025-03-01 19:57:12,283 INFO o.a.j.t.JMeterThread: Thread finished: Thread-Gruppe 2-19
2025-03-01 19:57:12,303 INFO o.a.j.t.JMeterThread: Thread finished: Thread-Gruppe 1-73
2025-03-01 19:57:12,309 INFO o.a.j.t.JMeterThread: Stopping because end time detected by thread: Thread-Gruppe 1-13
2025-03-01 19:57:12,309 INFO o.a.j.t.JMeterThread: Thread finished: Thread-Gruppe 1-13
2025-03-01 19:57:12,319 INFO o.a.j.t.JMeterThread: Thread finished: Thread-Gruppe 2-20
2025-03-01 19:57:12,335 INFO o.a.j.t.JMeterThread: Stopping because end time detected by thread: Thread-Gruppe 1-60
2025-03-01 19:57:12,335 INFO o.a.j.t.JMeterThread: Thread finished: Thread-Gruppe 1-60
2025-03-01 19:57:12,351 INFO o.a.j.t.JMeterThread: Stopping because end time detected by thread: Thread-Gruppe 1-30
2025-03-01 19:57:12,351 INFO o.a.j.t.JMeterThread: Thread finished: Thread-Gruppe 1-30
2025-03-01 19:57:12,351 INFO o.a.j.t.JMeterThread: Stopping because end time detected by thread: Thread-Gruppe 2-3
2025-03-01 19:57:12,351 INFO o.a.j.t.JMeterThread: Thread finished: Thread-Gruppe 2-3
2025-03-01 19:57:12,366 INFO o.a.j.t.JMeterThread: Stopping because end time detected by thread: Thread-Gruppe 2-13
2025-03-01 19:57:12,366 INFO o.a.j.t.JMeterThread: Thread finished: Thread-Gruppe 2-13
2025-03-01 19:57:12,382 INFO o.a.j.t.JMeterThread: Stopping because end time detected by thread: Thread-Gruppe 2-17
2025-03-01 19:57:12,382 INFO o.a.j.t.JMeterThread: Thread finished: Thread-Gruppe 2-17
2025-03-01 19:57:12,398 INFO o.a.j.t.JMeterThread: Stopping because end time detected by thread: Thread-Gruppe 2-8
2025-03-01 19:57:12,398 INFO o.a.j.t.JMeterThread: Thread finished: Thread-Gruppe 2-8
2025-03-01 19:57:12,415 INFO o.a.j.t.JMeterThread: Stopping because end time detected by thread: Thread-Gruppe 2-15
2025-03-01 19:57:12,415 INFO o.a.j.t.JMeterThread: Thread finished: Thread-Gruppe 2-15
2025-03-01 19:57:12,415 INFO o.a.j.t.JMeterThread: Stopping because end time detected by thread: Thread-Gruppe 1-40
2025-03-01 19:57:12,415 INFO o.a.j.t.JMeterThread: Thread finished: Thread-Gruppe 1-40
2025-03-01 19:57:12,415 INFO o.a.j.t.JMeterThread: Stopping because end time detected by thread: Thread-Gruppe 1-74
2025-03-01 19:57:12,415 INFO o.a.j.t.JMeterThread: Thread finished: Thread-Gruppe 1-74
2025-03-01 19:57:12,446 INFO o.a.j.t.JMeterThread: Stopping because end time detected by thread: Thread-Gruppe 1-41
2025-03-01 19:57:12,446 INFO o.a.j.t.JMeterThread: Thread finished: Thread-Gruppe 1-41
2025-03-01 19:57:12,446 INFO o.a.j.t.JMeterThread: Stopping because end time detected by thread: Thread-Gruppe 2-6
2025-03-01 19:57:12,446 INFO o.a.j.t.JMeterThread: Thread finished: Thread-Gruppe 2-6
2025-03-01 19:57:12,462 INFO o.a.j.t.JMeterThread: Stopping because end time detected by thread: Thread-Gruppe 1-14
2025-03-01 19:57:12,462 INFO o.a.j.t.JMeterThread: Thread finished: Thread-Gruppe 1-14
2025-03-01 19:57:12,462 INFO o.a.j.t.JMeterThread: Stopping because end time detected by thread: Thread-Gruppe 1-61
2025-03-01 19:57:12,462 INFO o.a.j.t.JMeterThread: Thread finished: Thread-Gruppe 1-61
2025-03-01 19:57:12,478 INFO o.a.j.t.JMeterThread: Stopping because end time detected by thread: Thread-Gruppe 1-31
2025-03-01 19:57:12,478 INFO o.a.j.t.JMeterThread: Thread finished: Thread-Gruppe 1-31
2025-03-01 19:57:12,502 INFO o.a.j.t.JMeterThread: Stopping because end time detected by thread: Thread-Gruppe 2-9
2025-03-01 19:57:12,502 INFO o.a.j.t.JMeterThread: Thread finished: Thread-Gruppe 2-9
2025-03-01 19:57:12,511 INFO o.a.j.t.JMeterThread: Stopping because end time detected by thread: Thread-Gruppe 2-16
2025-03-01 19:57:12,511 INFO o.a.j.t.JMeterThread: Thread finished: Thread-Gruppe 2-16
2025-03-01 19:57:12,527 INFO o.a.j.t.JMeterThread: Stopping because end time detected by thread: Thread-Gruppe 3-3
2025-03-01 19:57:12,527 INFO o.a.j.t.JMeterThread: Thread finished: Thread-Gruppe 3-3
2025-03-01 19:57:12,542 INFO o.a.j.t.JMeterThread: Stopping because end time detected by thread: Thread-Gruppe 2-1
2025-03-01 19:57:12,542 INFO o.a.j.t.JMeterThread: Thread finished: Thread-Gruppe 2-1
2025-03-01 19:57:12,558 INFO o.a.j.t.JMeterThread: Stopping because end time detected by thread: Thread-Gruppe 3-5
2025-03-01 19:57:12,558 INFO o.a.j.t.JMeterThread: Thread finished: Thread-Gruppe 3-5
2025-03-01 19:57:12,558 INFO o.a.j.t.JMeterThread: Stopping because end time detected by thread: Thread-Gruppe 1-75
2025-03-01 19:57:12,558 INFO o.a.j.t.JMeterThread: Thread finished: Thread-Gruppe 1-75
2025-03-01 19:57:12,574 INFO o.a.j.t.JMeterThread: Stopping because end time detected by thread: Thread-Gruppe 3-1
2025-03-01 19:57:12,574 INFO o.a.j.t.JMeterThread: Thread finished: Thread-Gruppe 3-1
2025-03-01 19:57:12,574 INFO o.a.j.t.JMeterThread: Stopping because end time detected by thread: Thread-Gruppe 1-15
2025-03-01 19:57:12,574 INFO o.a.j.t.JMeterThread: Thread finished: Thread-Gruppe 1-15
2025-03-01 19:57:12,606 INFO o.a.j.t.JMeterThread: Stopping because end time detected by thread: Thread-Gruppe 1-42
2025-03-01 19:57:12,606 INFO o.a.j.t.JMeterThread: Thread finished: Thread-Gruppe 1-42
2025-03-01 19:57:12,623 INFO o.a.j.t.JMeterThread: Stopping because end time detected by thread: Thread-Gruppe 2-4
2025-03-01 19:57:12,623 INFO o.a.j.t.JMeterThread: Thread finished: Thread-Gruppe 2-4
2025-03-01 19:57:12,686 INFO o.a.j.t.JMeterThread: Stopping because end time detected by thread: Thread-Gruppe 2-14
2025-03-01 19:57:12,686 INFO o.a.j.t.JMeterThread: Thread finished: Thread-Gruppe 2-14
2025-03-01 19:57:12,702 INFO o.a.j.t.JMeterThread: Stopping because end time detected by thread: Thread-Gruppe 1-43
2025-03-01 19:57:12,702 INFO o.a.j.t.JMeterThread: Thread finished: Thread-Gruppe 1-43
2025-03-01 19:57:12,718 INFO o.a.j.t.JMeterThread: Stopping because end time detected by thread: Thread-Gruppe 1-16
2025-03-01 19:57:12,718 INFO o.a.j.t.JMeterThread: Thread finished: Thread-Gruppe 1-16
2025-03-01 19:57:12,804 INFO o.a.j.t.JMeterThread: Stopping because end time detected by thread: Thread-Gruppe 2-10
2025-03-01 19:57:12,805 INFO o.a.j.t.JMeterThread: Thread finished: Thread-Gruppe 2-10
2025-03-01 19:57:12,845 INFO o.a.j.t.JMeterThread: Stopping because end time detected by thread: Thread-Gruppe 3-2
2025-03-01 19:57:12,845 INFO o.a.j.t.JMeterThread: Thread finished: Thread-Gruppe 3-2
2025-03-01 19:57:12,845 INFO o.a.j.t.JMeterThread: Stopping because end time detected by thread: Thread-Gruppe 1-44
2025-03-01 19:57:12,845 INFO o.a.j.t.JMeterThread: Thread finished: Thread-Gruppe 1-44
2025-03-01 19:57:12,940 INFO o.a.j.t.JMeterThread: Stopping because end time detected by thread: Thread-Gruppe 2-18
2025-03-01 19:57:12,940 INFO o.a.j.t.JMeterThread: Thread finished: Thread-Gruppe 2-18
2025-03-01 19:57:12,982 INFO o.a.j.t.JMeterThread: Stopping because end time detected by thread: Thread-Gruppe 1-45
2025-03-01 19:57:12,982 INFO o.a.j.t.JMeterThread: Thread finished: Thread-Gruppe 1-45
2025-03-01 19:57:13,099 INFO o.a.j.t.JMeterThread: Stopping because end time detected by thread: Thread-Gruppe 1-46
2025-03-01 19:57:13,099 INFO o.a.j.t.JMeterThread: Thread finished: Thread-Gruppe 1-46
2025-03-01 19:57:13,211 INFO o.a.j.t.JMeterThread: Stopping because end time detected by thread: Thread-Gruppe 2-7
2025-03-01 19:57:13,211 INFO o.a.j.t.JMeterThread: Thread finished: Thread-Gruppe 2-7
2025-03-01 19:57:13,211 INFO o.a.j.t.JMeterThread: Stopping because end time detected by thread: Thread-Gruppe 2-5
2025-03-01 19:57:13,221 INFO o.a.j.t.JMeterThread: Thread finished: Thread-Gruppe 2-5
2025-03-01 19:57:13,221 INFO o.a.j.e.StandardJMeterEngine: Notifying test listeners of end of test
2025-03-01 19:57:13,221 INFO o.a.j.r.Summariser: summary +    961 in 00:00:13 =   72.7/s Avg:   431 Min:   247 Max:  1247 Err:     0 (0.00%) Active: 0 Started: 100 Finished: 100
2025-03-01 19:57:13,221 INFO o.a.j.r.Summariser: summary =  45042 in 00:11:02 =   68.1/s Avg:   452 Min:   243 Max:  1480 Err:     1 (0.00%)
