2025-02-27 15:09:50,751 INFO o.a.j.u.JMeterUtils: Setting Locale to en_EN
2025-02-27 15:09:50,787 INFO o.a.j.JMeter: Loading user properties from: D:\Semester 7\CS4203 - Research and Development Project\Artifacts\apache-jmeter-5.6.3\bin\user.properties
2025-02-27 15:09:50,787 INFO o.a.j.JMeter: Loading system properties from: D:\Semester 7\CS4203 - Research and Development Project\Artifacts\apache-jmeter-5.6.3\bin\system.properties
2025-02-27 15:09:50,787 INFO o.a.j.JMeter: Setting JMeter property: lb_1_hostname=34.70.149.254
2025-02-27 15:09:50,787 INFO o.a.j.JMeter: Setting JMeter property: lb_2_hostname=35.232.62.106
2025-02-27 15:09:50,787 INFO o.a.j.JMeter: Setting JMeter property: lb_1_port=8090
2025-02-27 15:09:50,787 INFO o.a.j.JMeter: Setting JMeter property: lb_2_port=8091
2025-02-27 15:09:50,793 INFO o.a.j.JMeter: Setting JMeter property: warm_up_users=20
2025-02-27 15:09:50,793 INFO o.a.j.JMeter: Setting JMeter property: warm_up_time=60
2025-02-27 15:09:50,793 INFO o.a.j.JMeter: Setting JMeter property: test_run_time=600
2025-02-27 15:09:50,793 INFO o.a.j.JMeter: Setting JMeter property: ramp_up=10
2025-02-27 15:09:50,793 INFO o.a.j.JMeter: Setting JMeter property: group_1=75
2025-02-27 15:09:50,793 INFO o.a.j.JMeter: Setting JMeter property: group_2=20
2025-02-27 15:09:50,794 INFO o.a.j.JMeter: Setting JMeter property: group_3=5
2025-02-27 15:09:50,794 INFO o.a.j.JMeter: Setting JMeter property: group_1_request_rate=30
2025-02-27 15:09:50,794 INFO o.a.j.JMeter: Setting JMeter property: group_2_request_rate=90
2025-02-27 15:09:50,794 INFO o.a.j.JMeter: Setting JMeter property: group_3_request_rate=120
2025-02-27 15:09:50,794 INFO o.a.j.JMeter: Setting JMeter property: log_file=d:\Semester 7\CS4203 - Research and Development Project\Artifacts\rate-limiter-nginx\jmeter\cloud\2025_02_27_15_09_logs\sliding_window_counter\redis_script_rate_limit_100_window_size_60_sub_window_count_2\warm_up_results.csv
2025-02-27 15:09:50,794 INFO o.a.j.JMeter: Setting JMeter property: algorithm=sliding_window_counter_redis_script_rate_limit_100_window_size_60_sub_window_count_2
2025-02-27 15:09:50,794 INFO o.a.j.JMeter: Setting JMeter property: auth=/sliding_window_counter/redis_script_rate_limit_100_window_size_60_sub_window_count_2/tools.descartes.teastore.auth/rest
2025-02-27 15:09:50,794 INFO o.a.j.JMeter: Setting JMeter property: persistence=/sliding_window_counter/redis_script_rate_limit_100_window_size_60_sub_window_count_2/tools.descartes.teastore.persistence/rest
2025-02-27 15:09:50,794 INFO o.a.j.JMeter: Setting JMeter property: recommender=/sliding_window_counter/redis_script_rate_limit_100_window_size_60_sub_window_count_2/tools.descartes.teastore.recommender/rest
2025-02-27 15:09:50,794 INFO o.a.j.JMeter: Setting JMeter property: image=/sliding_window_counter/redis_script_rate_limit_100_window_size_60_sub_window_count_2/tools.descartes.teastore.image/rest
2025-02-27 15:09:50,803 INFO o.a.j.JMeter: Copyright (c) 1998-2024 The Apache Software Foundation
2025-02-27 15:09:50,803 INFO o.a.j.JMeter: Version 5.6.3
2025-02-27 15:09:50,803 INFO o.a.j.JMeter: java.version=11.0.22
2025-02-27 15:09:50,803 INFO o.a.j.JMeter: java.vm.name=Java HotSpot(TM) 64-Bit Server VM
2025-02-27 15:09:50,803 INFO o.a.j.JMeter: os.name=Windows 10
2025-02-27 15:09:50,803 INFO o.a.j.JMeter: os.arch=amd64
2025-02-27 15:09:50,803 INFO o.a.j.JMeter: os.version=10.0
2025-02-27 15:09:50,803 INFO o.a.j.JMeter: file.encoding=Cp1252
2025-02-27 15:09:50,804 INFO o.a.j.JMeter: java.awt.headless=true
2025-02-27 15:09:50,804 INFO o.a.j.JMeter: Max memory     =1073741824
2025-02-27 15:09:50,804 INFO o.a.j.JMeter: Available Processors =12
2025-02-27 15:09:50,817 INFO o.a.j.JMeter: Default Locale=English (EN)
2025-02-27 15:09:50,826 INFO o.a.j.JMeter: JMeter  Locale=English (EN)
2025-02-27 15:09:50,826 INFO o.a.j.JMeter: JMeterHome=D:\Semester 7\CS4203 - Research and Development Project\Artifacts\apache-jmeter-5.6.3
2025-02-27 15:09:50,826 INFO o.a.j.JMeter: user.dir  =D:\Semester 7\CS4203 - Research and Development Project\Artifacts\rate-limiter-nginx
2025-02-27 15:09:50,827 INFO o.a.j.JMeter: PWD       =D:\Semester 7\CS4203 - Research and Development Project\Artifacts\rate-limiter-nginx
2025-02-27 15:09:50,830 INFO o.a.j.JMeter: IP: 10.10.21.101 Name: KOBI-MSI-PC FullName: 10.10.21.101
2025-02-27 15:09:50,843 INFO o.a.j.s.FileServer: Default base='D:\Semester 7\CS4203 - Research and Development Project\Artifacts\rate-limiter-nginx'
2025-02-27 15:09:50,843 INFO o.a.j.s.FileServer: Set new base='d:\Semester 7\CS4203 - Research and Development Project\Artifacts\rate-limiter-nginx\jmeter\cloud'
2025-02-27 15:09:51,064 INFO o.a.j.s.SaveService: Testplan (JMX) version: 2.2. Testlog (JTL) version: 2.2
2025-02-27 15:09:51,102 INFO o.a.j.s.SaveService: Using SaveService properties version 5.0
2025-02-27 15:09:51,111 INFO o.a.j.s.SaveService: Using SaveService properties file encoding UTF-8
2025-02-27 15:09:51,115 INFO o.a.j.s.SaveService: Loading file: d:\Semester 7\CS4203 - Research and Development Project\Artifacts\rate-limiter-nginx\jmeter\cloud\teastore_performance.jmx
2025-02-27 15:09:51,185 INFO o.a.j.p.h.c.CookieManager: Settings: Delete null: true Check: true Allow variable: true Save: false Prefix: COOKIE_
2025-02-27 15:09:51,225 INFO o.a.j.p.h.s.HTTPSamplerBase: Parser for text/html is org.apache.jmeter.protocol.http.parser.LagartoBasedHtmlParser
2025-02-27 15:09:51,225 INFO o.a.j.p.h.s.HTTPSamplerBase: Parser for application/xhtml+xml is org.apache.jmeter.protocol.http.parser.LagartoBasedHtmlParser
2025-02-27 15:09:51,225 INFO o.a.j.p.h.s.HTTPSamplerBase: Parser for application/xml is org.apache.jmeter.protocol.http.parser.LagartoBasedHtmlParser
2025-02-27 15:09:51,225 INFO o.a.j.p.h.s.HTTPSamplerBase: Parser for text/xml is org.apache.jmeter.protocol.http.parser.LagartoBasedHtmlParser
2025-02-27 15:09:51,225 INFO o.a.j.p.h.s.HTTPSamplerBase: Parser for text/vnd.wap.wml is org.apache.jmeter.protocol.http.parser.RegexpHTMLParser
2025-02-27 15:09:51,225 INFO o.a.j.p.h.s.HTTPSamplerBase: Parser for text/css is org.apache.jmeter.protocol.http.parser.CssParser
2025-02-27 15:09:51,397 INFO o.a.j.s.SampleResult: Note: Sample TimeStamps are START times
2025-02-27 15:09:51,397 INFO o.a.j.s.SampleResult: sampleresult.default.encoding is set to UTF-8
2025-02-27 15:09:51,397 INFO o.a.j.s.SampleResult: sampleresult.useNanoTime=true
2025-02-27 15:09:51,397 INFO o.a.j.s.SampleResult: sampleresult.nanoThreadSleep=5000
2025-02-27 15:09:51,442 INFO o.a.j.JMeter: Creating summariser <summary>
2025-02-27 15:09:51,466 INFO o.a.j.e.StandardJMeterEngine: Running the test!
2025-02-27 15:09:51,467 INFO o.a.j.s.SampleEvent: List of sample_variables: []
2025-02-27 15:09:51,467 INFO o.a.j.s.SampleEvent: List of sample_variables: []
2025-02-27 15:09:51,481 INFO o.a.j.e.u.CompoundVariable: Note: Function class names must contain the string: '.functions.'
2025-02-27 15:09:51,481 INFO o.a.j.e.u.CompoundVariable: Note: Function class names must not contain the string: '.gui.'
2025-02-27 15:09:51,796 INFO o.a.j.r.ClassFinder: Will scan jar D:\Semester 7\CS4203 - Research and Development Project\Artifacts\apache-jmeter-5.6.3\lib\ext\jmeter-plugins-casutg-2.10.jar with filter ExtendsClassFilter [parents=[interface org.apache.jmeter.functions.Function], inner=false, contains=null, notContains=null]. Consider exposing JMeter plugins via META-INF/services, and add JMeter-Skip-Class-Scanning=true manifest attribute so JMeter can skip classfile scanning
2025-02-27 15:09:51,815 INFO o.a.j.r.ClassFinder: Will scan jar D:\Semester 7\CS4203 - Research and Development Project\Artifacts\apache-jmeter-5.6.3\lib\ext\jmeter-plugins-graphs-additional-2.0.jar with filter ExtendsClassFilter [parents=[interface org.apache.jmeter.functions.Function], inner=false, contains=null, notContains=null]. Consider exposing JMeter plugins via META-INF/services, and add JMeter-Skip-Class-Scanning=true manifest attribute so JMeter can skip classfile scanning
2025-02-27 15:09:51,825 INFO o.a.j.r.ClassFinder: Will scan jar D:\Semester 7\CS4203 - Research and Development Project\Artifacts\apache-jmeter-5.6.3\lib\ext\jmeter-plugins-perfmon-2.1.jar with filter ExtendsClassFilter [parents=[interface org.apache.jmeter.functions.Function], inner=false, contains=null, notContains=null]. Consider exposing JMeter plugins via META-INF/services, and add JMeter-Skip-Class-Scanning=true manifest attribute so JMeter can skip classfile scanning
2025-02-27 15:09:51,829 INFO o.a.j.r.ClassFinder: Will scan jar D:\Semester 7\CS4203 - Research and Development Project\Artifacts\apache-jmeter-5.6.3\lib\ext\json-lib-2.4-jdk15.jar with filter ExtendsClassFilter [parents=[interface org.apache.jmeter.functions.Function], inner=false, contains=null, notContains=null]. Consider exposing JMeter plugins via META-INF/services, and add JMeter-Skip-Class-Scanning=true manifest attribute so JMeter can skip classfile scanning
2025-02-27 15:09:51,854 INFO o.a.j.r.ClassFinder: Will scan jar D:\Semester 7\CS4203 - Research and Development Project\Artifacts\apache-jmeter-5.6.3\lib\ext\perfmon-2.2.2.jar with filter ExtendsClassFilter [parents=[interface org.apache.jmeter.functions.Function], inner=false, contains=null, notContains=null]. Consider exposing JMeter plugins via META-INF/services, and add JMeter-Skip-Class-Scanning=true manifest attribute so JMeter can skip classfile scanning
2025-02-27 15:09:51,877 INFO o.a.j.r.ClassFinder: Will scan jar D:\Semester 7\CS4203 - Research and Development Project\Artifacts\apache-jmeter-5.6.3\lib\ext\jmeter-plugins-manager-1.10.jar with filter ExtendsClassFilter [parents=[interface org.apache.jmeter.functions.Function], inner=false, contains=null, notContains=null]. Consider exposing JMeter plugins via META-INF/services, and add JMeter-Skip-Class-Scanning=true manifest attribute so JMeter can skip classfile scanning
2025-02-27 15:09:51,984 INFO o.a.j.r.ClassFinder: Will scan jar D:\Semester 7\CS4203 - Research and Development Project\Artifacts\apache-jmeter-5.6.3\lib\ext\jmeter-plugins-graphs-vs-2.0.jar with filter ExtendsClassFilter [parents=[interface org.apache.jmeter.functions.Function], inner=false, contains=null, notContains=null]. Consider exposing JMeter plugins via META-INF/services, and add JMeter-Skip-Class-Scanning=true manifest attribute so JMeter can skip classfile scanning
2025-02-27 15:09:51,987 INFO o.a.j.r.ClassFinder: Will scan jar D:\Semester 7\CS4203 - Research and Development Project\Artifacts\apache-jmeter-5.6.3\lib\ext\jmeter-parallel-0.12.jar with filter ExtendsClassFilter [parents=[interface org.apache.jmeter.functions.Function], inner=false, contains=null, notContains=null]. Consider exposing JMeter plugins via META-INF/services, and add JMeter-Skip-Class-Scanning=true manifest attribute so JMeter can skip classfile scanning
2025-02-27 15:09:51,997 INFO o.a.j.r.ClassFinder: Will scan jar D:\Semester 7\CS4203 - Research and Development Project\Artifacts\apache-jmeter-5.6.3\lib\ext\jmeter-plugins-tst-2.6.jar with filter ExtendsClassFilter [parents=[interface org.apache.jmeter.functions.Function], inner=false, contains=null, notContains=null]. Consider exposing JMeter plugins via META-INF/services, and add JMeter-Skip-Class-Scanning=true manifest attribute so JMeter can skip classfile scanning
2025-02-27 15:09:51,999 INFO o.a.j.r.ClassFinder: Will scan jar D:\Semester 7\CS4203 - Research and Development Project\Artifacts\apache-jmeter-5.6.3\lib\ext\jmeter-prometheus-plugin-0.6.0.jar with filter ExtendsClassFilter [parents=[interface org.apache.jmeter.functions.Function], inner=false, contains=null, notContains=null]. Consider exposing JMeter plugins via META-INF/services, and add JMeter-Skip-Class-Scanning=true manifest attribute so JMeter can skip classfile scanning
2025-02-27 15:09:52,019 INFO o.a.j.r.ClassFinder: Will scan jar D:\Semester 7\CS4203 - Research and Development Project\Artifacts\apache-jmeter-5.6.3\lib\ext\jmeter-plugins-graphs-basic-2.0.jar with filter ExtendsClassFilter [parents=[interface org.apache.jmeter.functions.Function], inner=false, contains=null, notContains=null]. Consider exposing JMeter plugins via META-INF/services, and add JMeter-Skip-Class-Scanning=true manifest attribute so JMeter can skip classfile scanning
2025-02-27 15:09:52,458 INFO o.a.j.JMeter: Running test (1740649192458)
2025-02-27 15:09:52,458 INFO o.a.j.e.StandardJMeterEngine: Starting setUp thread groups
2025-02-27 15:09:52,458 INFO o.a.j.e.StandardJMeterEngine: Starting setUp ThreadGroup: 1 : setUp Thread Group 
2025-02-27 15:09:52,458 INFO o.a.j.e.StandardJMeterEngine: Starting 20 threads for group setUp Thread Group.
2025-02-27 15:09:52,458 INFO o.a.j.e.StandardJMeterEngine: Thread will continue on error
2025-02-27 15:09:52,458 INFO o.a.j.t.ThreadGroup: Starting thread group... number=1 threads=20 ramp-up=10 delayedStart=false
2025-02-27 15:09:52,484 INFO o.a.j.t.JMeterThread: Thread started: setUp Thread Group 1-1
2025-02-27 15:09:52,542 INFO o.a.j.t.ThreadGroup: Started thread group number 1
2025-02-27 15:09:52,542 INFO o.a.j.e.StandardJMeterEngine: Waiting for all setup thread groups to exit
2025-02-27 15:09:52,977 INFO o.a.j.t.JMeterThread: Thread started: setUp Thread Group 1-2
2025-02-27 15:09:53,471 INFO o.a.j.t.JMeterThread: Thread started: setUp Thread Group 1-3
2025-02-27 15:09:53,663 INFO o.a.j.p.h.s.HTTPHCAbstractImpl: Local host = KOBI-MSI-PC
2025-02-27 15:09:53,670 INFO o.a.j.p.h.s.HTTPHC4Impl: HTTP request retry count = 0
2025-02-27 15:09:53,969 INFO o.a.j.t.JMeterThread: Thread started: setUp Thread Group 1-4
2025-02-27 15:09:54,468 INFO o.a.j.t.JMeterThread: Thread started: setUp Thread Group 1-5
2025-02-27 15:09:54,967 INFO o.a.j.t.JMeterThread: Thread started: setUp Thread Group 1-6
2025-02-27 15:09:55,476 INFO o.a.j.t.JMeterThread: Thread started: setUp Thread Group 1-7
2025-02-27 15:09:55,966 INFO o.a.j.t.JMeterThread: Thread started: setUp Thread Group 1-8
2025-02-27 15:09:56,465 INFO o.a.j.t.JMeterThread: Thread started: setUp Thread Group 1-9
2025-02-27 15:09:56,964 INFO o.a.j.t.JMeterThread: Thread started: setUp Thread Group 1-10
2025-02-27 15:09:57,464 INFO o.a.j.t.JMeterThread: Thread started: setUp Thread Group 1-11
2025-02-27 15:09:57,964 INFO o.a.j.t.JMeterThread: Thread started: setUp Thread Group 1-12
2025-02-27 15:09:58,464 INFO o.a.j.t.JMeterThread: Thread started: setUp Thread Group 1-13
2025-02-27 15:09:58,963 INFO o.a.j.t.JMeterThread: Thread started: setUp Thread Group 1-14
2025-02-27 15:09:59,465 INFO o.a.j.t.JMeterThread: Thread started: setUp Thread Group 1-15
2025-02-27 15:09:59,966 INFO o.a.j.t.JMeterThread: Thread started: setUp Thread Group 1-16
2025-02-27 15:10:00,463 INFO o.a.j.t.JMeterThread: Thread started: setUp Thread Group 1-17
2025-02-27 15:10:00,964 INFO o.a.j.t.JMeterThread: Thread started: setUp Thread Group 1-18
2025-02-27 15:10:01,461 INFO o.a.j.t.JMeterThread: Thread started: setUp Thread Group 1-19
2025-02-27 15:10:01,963 INFO o.a.j.t.JMeterThread: Thread started: setUp Thread Group 1-20
2025-02-27 15:10:52,264 INFO o.a.j.t.JMeterThread: Thread finished: setUp Thread Group 1-7
2025-02-27 15:10:52,267 INFO o.a.j.t.JMeterThread: Thread finished: setUp Thread Group 1-4
2025-02-27 15:10:52,290 INFO o.a.j.t.JMeterThread: Thread finished: setUp Thread Group 1-9
2025-02-27 15:10:52,331 INFO o.a.j.t.JMeterThread: Thread finished: setUp Thread Group 1-2
2025-02-27 15:10:52,331 INFO o.a.j.t.JMeterThread: Thread finished: setUp Thread Group 1-1
2025-02-27 15:10:52,333 INFO o.a.j.t.JMeterThread: Thread finished: setUp Thread Group 1-5
2025-02-27 15:10:52,338 INFO o.a.j.t.JMeterThread: Thread finished: setUp Thread Group 1-10
2025-02-27 15:10:52,458 INFO o.a.j.t.JMeterThread: Thread finished: setUp Thread Group 1-16
2025-02-27 15:10:52,476 INFO o.a.j.t.JMeterThread: Thread finished: setUp Thread Group 1-14
2025-02-27 15:10:52,476 INFO o.a.j.t.JMeterThread: Thread finished: setUp Thread Group 1-15
2025-02-27 15:10:52,517 INFO o.a.j.t.JMeterThread: Thread finished: setUp Thread Group 1-20
2025-02-27 15:10:52,517 INFO o.a.j.t.JMeterThread: Stopping because end time detected by thread: setUp Thread Group 1-6
2025-02-27 15:10:52,517 INFO o.a.j.t.JMeterThread: Thread finished: setUp Thread Group 1-6
2025-02-27 15:10:52,517 INFO o.a.j.t.JMeterThread: Thread finished: setUp Thread Group 1-13
2025-02-27 15:10:52,532 INFO o.a.j.t.JMeterThread: Thread finished: setUp Thread Group 1-19
2025-02-27 15:10:52,532 INFO o.a.j.t.JMeterThread: Stopping because end time detected by thread: setUp Thread Group 1-17
2025-02-27 15:10:52,532 INFO o.a.j.t.JMeterThread: Thread finished: setUp Thread Group 1-17
2025-02-27 15:10:52,682 INFO o.a.j.t.JMeterThread: Stopping because end time detected by thread: setUp Thread Group 1-18
2025-02-27 15:10:52,682 INFO o.a.j.t.JMeterThread: Thread finished: setUp Thread Group 1-18
2025-02-27 15:10:52,709 INFO o.a.j.t.JMeterThread: Stopping because end time detected by thread: setUp Thread Group 1-11
2025-02-27 15:10:52,709 INFO o.a.j.t.JMeterThread: Thread finished: setUp Thread Group 1-11
2025-02-27 15:10:52,713 INFO o.a.j.t.JMeterThread: Stopping because end time detected by thread: setUp Thread Group 1-8
2025-02-27 15:10:52,713 INFO o.a.j.t.JMeterThread: Thread finished: setUp Thread Group 1-8
2025-02-27 15:10:52,837 INFO o.a.j.t.JMeterThread: Stopping because end time detected by thread: setUp Thread Group 1-12
2025-02-27 15:10:52,837 INFO o.a.j.t.JMeterThread: Thread finished: setUp Thread Group 1-12
2025-02-27 15:10:52,975 INFO o.a.j.t.JMeterThread: Stopping because end time detected by thread: setUp Thread Group 1-3
2025-02-27 15:10:52,975 INFO o.a.j.t.JMeterThread: Thread finished: setUp Thread Group 1-3
2025-02-27 15:10:52,975 INFO o.a.j.e.StandardJMeterEngine: All Setup Threads have ended
2025-02-27 15:10:53,035 INFO o.a.j.e.StandardJMeterEngine: Starting ThreadGroup: 1 : Thread-Gruppe
2025-02-27 15:10:53,035 INFO o.a.j.e.StandardJMeterEngine: Starting 75 threads for group Thread-Gruppe.
2025-02-27 15:10:53,035 INFO o.a.j.e.StandardJMeterEngine: Thread will continue on error
2025-02-27 15:10:53,035 INFO o.a.j.t.ThreadGroup: Starting thread group... number=1 threads=75 ramp-up=10 delayedStart=false
2025-02-27 15:10:53,035 INFO o.a.j.t.JMeterThread: Thread started: Thread-Gruppe 1-1
2025-02-27 15:10:53,125 INFO o.a.j.t.ThreadGroup: Started thread group number 1
2025-02-27 15:10:53,125 INFO o.a.j.e.StandardJMeterEngine: Starting ThreadGroup: 2 : Thread-Gruppe
2025-02-27 15:10:53,125 INFO o.a.j.e.StandardJMeterEngine: Starting 20 threads for group Thread-Gruppe.
2025-02-27 15:10:53,125 INFO o.a.j.e.StandardJMeterEngine: Thread will continue on error
2025-02-27 15:10:53,125 INFO o.a.j.t.ThreadGroup: Starting thread group... number=2 threads=20 ramp-up=10 delayedStart=false
2025-02-27 15:10:53,127 INFO o.a.j.t.JMeterThread: Thread started: Thread-Gruppe 2-1
2025-02-27 15:10:53,144 INFO o.a.j.t.ThreadGroup: Started thread group number 2
2025-02-27 15:10:53,144 INFO o.a.j.e.StandardJMeterEngine: Starting ThreadGroup: 3 : Thread-Gruppe
2025-02-27 15:10:53,144 INFO o.a.j.e.StandardJMeterEngine: Starting 5 threads for group Thread-Gruppe.
2025-02-27 15:10:53,144 INFO o.a.j.e.StandardJMeterEngine: Thread will continue on error
2025-02-27 15:10:53,144 INFO o.a.j.t.ThreadGroup: Starting thread group... number=3 threads=5 ramp-up=10 delayedStart=false
2025-02-27 15:10:53,146 INFO o.a.j.t.JMeterThread: Thread started: Thread-Gruppe 3-1
2025-02-27 15:10:53,151 INFO o.a.j.t.ThreadGroup: Started thread group number 3
2025-02-27 15:10:53,151 INFO o.a.j.e.StandardJMeterEngine: All thread groups have been started
2025-02-27 15:10:53,175 INFO o.a.j.t.JMeterThread: Thread started: Thread-Gruppe 1-2
2025-02-27 15:10:53,308 INFO o.a.j.t.JMeterThread: Thread started: Thread-Gruppe 1-3
2025-02-27 15:10:53,442 INFO o.a.j.t.JMeterThread: Thread started: Thread-Gruppe 1-4
2025-02-27 15:10:53,570 INFO o.a.j.t.JMeterThread: Thread started: Thread-Gruppe 1-5
2025-02-27 15:10:53,627 INFO o.a.j.t.JMeterThread: Thread started: Thread-Gruppe 2-2
2025-02-27 15:10:53,704 INFO o.a.j.t.JMeterThread: Thread started: Thread-Gruppe 1-6
2025-02-27 15:10:53,836 INFO o.a.j.t.JMeterThread: Thread started: Thread-Gruppe 1-7
2025-02-27 15:10:53,969 INFO o.a.j.t.JMeterThread: Thread started: Thread-Gruppe 1-8
2025-02-27 15:10:54,102 INFO o.a.j.t.JMeterThread: Thread started: Thread-Gruppe 1-9
2025-02-27 15:10:54,128 INFO o.a.j.t.JMeterThread: Thread started: Thread-Gruppe 2-3
2025-02-27 15:10:54,236 INFO o.a.j.t.JMeterThread: Thread started: Thread-Gruppe 1-10
2025-02-27 15:10:54,368 INFO o.a.j.t.JMeterThread: Thread started: Thread-Gruppe 1-11
2025-02-27 15:10:54,502 INFO o.a.j.t.JMeterThread: Thread started: Thread-Gruppe 1-12
2025-02-27 15:10:54,627 INFO o.a.j.t.JMeterThread: Thread started: Thread-Gruppe 2-4
2025-02-27 15:10:54,635 INFO o.a.j.t.JMeterThread: Thread started: Thread-Gruppe 1-13
2025-02-27 15:10:54,768 INFO o.a.j.t.JMeterThread: Thread started: Thread-Gruppe 1-14
2025-02-27 15:10:54,901 INFO o.a.j.t.JMeterThread: Thread started: Thread-Gruppe 1-15
2025-02-27 15:10:55,033 INFO o.a.j.t.JMeterThread: Thread started: Thread-Gruppe 1-16
2025-02-27 15:10:55,127 INFO o.a.j.t.JMeterThread: Thread started: Thread-Gruppe 2-5
2025-02-27 15:10:55,147 INFO o.a.j.t.JMeterThread: Thread started: Thread-Gruppe 3-2
2025-02-27 15:10:55,166 INFO o.a.j.t.JMeterThread: Thread started: Thread-Gruppe 1-17
2025-02-27 15:10:55,300 INFO o.a.j.t.JMeterThread: Thread started: Thread-Gruppe 1-18
2025-02-27 15:10:55,433 INFO o.a.j.t.JMeterThread: Thread started: Thread-Gruppe 1-19
2025-02-27 15:10:55,565 INFO o.a.j.t.JMeterThread: Thread started: Thread-Gruppe 1-20
2025-02-27 15:10:55,627 INFO o.a.j.t.JMeterThread: Thread started: Thread-Gruppe 2-6
2025-02-27 15:10:55,698 INFO o.a.j.t.JMeterThread: Thread started: Thread-Gruppe 1-21
2025-02-27 15:10:55,831 INFO o.a.j.t.JMeterThread: Thread started: Thread-Gruppe 1-22
2025-02-27 15:10:55,964 INFO o.a.j.t.JMeterThread: Thread started: Thread-Gruppe 1-23
2025-02-27 15:10:56,098 INFO o.a.j.t.JMeterThread: Thread started: Thread-Gruppe 1-24
2025-02-27 15:10:56,127 INFO o.a.j.t.JMeterThread: Thread started: Thread-Gruppe 2-7
2025-02-27 15:10:56,229 INFO o.a.j.t.JMeterThread: Thread started: Thread-Gruppe 1-25
2025-02-27 15:10:56,363 INFO o.a.j.t.JMeterThread: Thread started: Thread-Gruppe 1-26
2025-02-27 15:10:56,496 INFO o.a.j.t.JMeterThread: Thread started: Thread-Gruppe 1-27
2025-02-27 15:10:56,627 INFO o.a.j.t.JMeterThread: Thread started: Thread-Gruppe 2-8
2025-02-27 15:10:56,629 INFO o.a.j.t.JMeterThread: Thread started: Thread-Gruppe 1-28
2025-02-27 15:10:56,762 INFO o.a.j.t.JMeterThread: Thread started: Thread-Gruppe 1-29
2025-02-27 15:10:56,894 INFO o.a.j.t.JMeterThread: Thread started: Thread-Gruppe 1-30
2025-02-27 15:10:57,027 INFO o.a.j.t.JMeterThread: Thread started: Thread-Gruppe 1-31
2025-02-27 15:10:57,128 INFO o.a.j.t.JMeterThread: Thread started: Thread-Gruppe 2-9
2025-02-27 15:10:57,147 INFO o.a.j.t.JMeterThread: Thread started: Thread-Gruppe 3-3
2025-02-27 15:10:57,161 INFO o.a.j.t.JMeterThread: Thread started: Thread-Gruppe 1-32
2025-02-27 15:10:57,293 INFO o.a.j.t.JMeterThread: Thread started: Thread-Gruppe 1-33
2025-02-27 15:10:57,427 INFO o.a.j.t.JMeterThread: Thread started: Thread-Gruppe 1-34
2025-02-27 15:10:57,560 INFO o.a.j.t.JMeterThread: Thread started: Thread-Gruppe 1-35
2025-02-27 15:10:57,627 INFO o.a.j.t.JMeterThread: Thread started: Thread-Gruppe 2-10
2025-02-27 15:10:57,693 INFO o.a.j.t.JMeterThread: Thread started: Thread-Gruppe 1-36
2025-02-27 15:10:57,826 INFO o.a.j.t.JMeterThread: Thread started: Thread-Gruppe 1-37
2025-02-27 15:10:57,958 INFO o.a.j.t.JMeterThread: Thread started: Thread-Gruppe 1-38
2025-02-27 15:10:58,091 INFO o.a.j.t.JMeterThread: Thread started: Thread-Gruppe 1-39
2025-02-27 15:10:58,128 INFO o.a.j.t.JMeterThread: Thread started: Thread-Gruppe 2-11
2025-02-27 15:10:58,226 INFO o.a.j.t.JMeterThread: Thread started: Thread-Gruppe 1-40
2025-02-27 15:10:58,358 INFO o.a.j.t.JMeterThread: Thread started: Thread-Gruppe 1-41
2025-02-27 15:10:58,491 INFO o.a.j.t.JMeterThread: Thread started: Thread-Gruppe 1-42
2025-02-27 15:10:58,623 INFO o.a.j.t.JMeterThread: Thread started: Thread-Gruppe 1-43
2025-02-27 15:10:58,628 INFO o.a.j.t.JMeterThread: Thread started: Thread-Gruppe 2-12
2025-02-27 15:10:58,757 INFO o.a.j.t.JMeterThread: Thread started: Thread-Gruppe 1-44
2025-02-27 15:10:58,889 INFO o.a.j.t.JMeterThread: Thread started: Thread-Gruppe 1-45
2025-02-27 15:10:59,023 INFO o.a.j.t.JMeterThread: Thread started: Thread-Gruppe 1-46
2025-02-27 15:10:59,128 INFO o.a.j.t.JMeterThread: Thread started: Thread-Gruppe 2-13
2025-02-27 15:10:59,147 INFO o.a.j.t.JMeterThread: Thread started: Thread-Gruppe 3-4
2025-02-27 15:10:59,156 INFO o.a.j.t.JMeterThread: Thread started: Thread-Gruppe 1-47
2025-02-27 15:10:59,288 INFO o.a.j.t.JMeterThread: Thread started: Thread-Gruppe 1-48
2025-02-27 15:10:59,422 INFO o.a.j.t.JMeterThread: Thread started: Thread-Gruppe 1-49
2025-02-27 15:10:59,555 INFO o.a.j.t.JMeterThread: Thread started: Thread-Gruppe 1-50
2025-02-27 15:10:59,627 INFO o.a.j.t.JMeterThread: Thread started: Thread-Gruppe 2-14
2025-02-27 15:10:59,688 INFO o.a.j.t.JMeterThread: Thread started: Thread-Gruppe 1-51
2025-02-27 15:10:59,821 INFO o.a.j.t.JMeterThread: Thread started: Thread-Gruppe 1-52
2025-02-27 15:10:59,954 INFO o.a.j.t.JMeterThread: Thread started: Thread-Gruppe 1-53
2025-02-27 15:11:00,005 INFO o.a.j.r.Summariser: summary +    214 in 00:01:08 =    3.2/s Avg:   410 Min:   250 Max:   788 Err:     0 (0.00%) Active: 71 Started: 71 Finished: 0
2025-02-27 15:11:00,086 INFO o.a.j.t.JMeterThread: Thread started: Thread-Gruppe 1-54
2025-02-27 15:11:00,127 INFO o.a.j.t.JMeterThread: Thread started: Thread-Gruppe 2-15
2025-02-27 15:11:00,220 INFO o.a.j.t.JMeterThread: Thread started: Thread-Gruppe 1-55
2025-02-27 15:11:00,353 INFO o.a.j.t.JMeterThread: Thread started: Thread-Gruppe 1-56
2025-02-27 15:11:00,486 INFO o.a.j.t.JMeterThread: Thread started: Thread-Gruppe 1-57
2025-02-27 15:11:00,619 INFO o.a.j.t.JMeterThread: Thread started: Thread-Gruppe 1-58
2025-02-27 15:11:00,628 INFO o.a.j.t.JMeterThread: Thread started: Thread-Gruppe 2-16
2025-02-27 15:11:00,752 INFO o.a.j.t.JMeterThread: Thread started: Thread-Gruppe 1-59
2025-02-27 15:11:00,885 INFO o.a.j.t.JMeterThread: Thread started: Thread-Gruppe 1-60
2025-02-27 15:11:01,018 INFO o.a.j.t.JMeterThread: Thread started: Thread-Gruppe 1-61
2025-02-27 15:11:01,128 INFO o.a.j.t.JMeterThread: Thread started: Thread-Gruppe 2-17
2025-02-27 15:11:01,148 INFO o.a.j.t.JMeterThread: Thread started: Thread-Gruppe 3-5
2025-02-27 15:11:01,151 INFO o.a.j.t.JMeterThread: Thread started: Thread-Gruppe 1-62
2025-02-27 15:11:01,283 INFO o.a.j.t.JMeterThread: Thread started: Thread-Gruppe 1-63
2025-02-27 15:11:01,417 INFO o.a.j.t.JMeterThread: Thread started: Thread-Gruppe 1-64
2025-02-27 15:11:01,550 INFO o.a.j.t.JMeterThread: Thread started: Thread-Gruppe 1-65
2025-02-27 15:11:01,629 INFO o.a.j.t.JMeterThread: Thread started: Thread-Gruppe 2-18
2025-02-27 15:11:01,683 INFO o.a.j.t.JMeterThread: Thread started: Thread-Gruppe 1-66
2025-02-27 15:11:01,815 INFO o.a.j.t.JMeterThread: Thread started: Thread-Gruppe 1-67
2025-02-27 15:11:01,948 INFO o.a.j.t.JMeterThread: Thread started: Thread-Gruppe 1-68
2025-02-27 15:11:02,082 INFO o.a.j.t.JMeterThread: Thread started: Thread-Gruppe 1-69
2025-02-27 15:11:02,127 INFO o.a.j.t.JMeterThread: Thread started: Thread-Gruppe 2-19
2025-02-27 15:11:02,215 INFO o.a.j.t.JMeterThread: Thread started: Thread-Gruppe 1-70
2025-02-27 15:11:02,348 INFO o.a.j.t.JMeterThread: Thread started: Thread-Gruppe 1-71
2025-02-27 15:11:02,481 INFO o.a.j.t.JMeterThread: Thread started: Thread-Gruppe 1-72
2025-02-27 15:11:02,614 INFO o.a.j.t.JMeterThread: Thread started: Thread-Gruppe 1-73
2025-02-27 15:11:02,627 INFO o.a.j.t.JMeterThread: Thread started: Thread-Gruppe 2-20
2025-02-27 15:11:02,747 INFO o.a.j.t.JMeterThread: Thread started: Thread-Gruppe 1-74
2025-02-27 15:11:02,879 INFO o.a.j.t.JMeterThread: Thread started: Thread-Gruppe 1-75
2025-02-27 15:11:30,018 INFO o.a.j.r.Summariser: summary +   2266 in 00:00:30 =   75.5/s Avg:   342 Min:   246 Max:   869 Err:     0 (0.00%) Active: 100 Started: 100 Finished: 0
2025-02-27 15:11:30,019 INFO o.a.j.r.Summariser: summary =   2480 in 00:01:38 =   25.4/s Avg:   348 Min:   246 Max:   869 Err:     0 (0.00%)
2025-02-27 15:12:00,000 INFO o.a.j.r.Summariser: summary +   2281 in 00:00:30 =   76.1/s Avg:   353 Min:   246 Max:  1034 Err:     0 (0.00%) Active: 100 Started: 100 Finished: 0
2025-02-27 15:12:00,002 INFO o.a.j.r.Summariser: summary =   4761 in 00:02:08 =   37.3/s Avg:   350 Min:   246 Max:  1034 Err:     0 (0.00%)
2025-02-27 15:12:30,014 INFO o.a.j.r.Summariser: summary +   2284 in 00:00:30 =   76.1/s Avg:   336 Min:   243 Max:   908 Err:     0 (0.00%) Active: 100 Started: 100 Finished: 0
2025-02-27 15:12:30,014 INFO o.a.j.r.Summariser: summary =   7045 in 00:02:38 =   44.7/s Avg:   346 Min:   243 Max:  1034 Err:     0 (0.00%)
2025-02-27 15:13:00,043 INFO o.a.j.r.Summariser: summary +   2287 in 00:00:30 =   76.2/s Avg:   340 Min:   245 Max:  1088 Err:     0 (0.00%) Active: 100 Started: 100 Finished: 0
2025-02-27 15:13:00,044 INFO o.a.j.r.Summariser: summary =   9332 in 00:03:08 =   49.7/s Avg:   344 Min:   243 Max:  1088 Err:     0 (0.00%)
2025-02-27 15:13:30,010 INFO o.a.j.r.Summariser: summary +   2287 in 00:00:30 =   76.3/s Avg:   355 Min:   244 Max:  2650 Err:     0 (0.00%) Active: 100 Started: 100 Finished: 0
2025-02-27 15:13:30,013 INFO o.a.j.r.Summariser: summary =  11619 in 00:03:38 =   53.4/s Avg:   346 Min:   243 Max:  2650 Err:     0 (0.00%)
2025-02-27 15:14:00,001 INFO o.a.j.r.Summariser: summary +   2216 in 00:00:30 =   73.9/s Avg:   341 Min:   244 Max:  1600 Err:     0 (0.00%) Active: 100 Started: 100 Finished: 0
2025-02-27 15:14:00,003 INFO o.a.j.r.Summariser: summary =  13835 in 00:04:08 =   55.9/s Avg:   346 Min:   243 Max:  2650 Err:     0 (0.00%)
2025-02-27 15:14:30,005 INFO o.a.j.r.Summariser: summary +   2282 in 00:00:30 =   76.1/s Avg:   402 Min:   245 Max:  3599 Err:     0 (0.00%) Active: 100 Started: 100 Finished: 0
2025-02-27 15:14:30,006 INFO o.a.j.r.Summariser: summary =  16117 in 00:04:38 =   58.1/s Avg:   354 Min:   243 Max:  3599 Err:     0 (0.00%)
2025-02-27 15:15:00,002 INFO o.a.j.r.Summariser: summary +   2284 in 00:00:30 =   76.1/s Avg:   324 Min:   246 Max:  1287 Err:     0 (0.00%) Active: 100 Started: 100 Finished: 0
2025-02-27 15:15:00,004 INFO o.a.j.r.Summariser: summary =  18401 in 00:05:08 =   59.8/s Avg:   350 Min:   243 Max:  3599 Err:     0 (0.00%)
2025-02-27 15:15:30,011 INFO o.a.j.r.Summariser: summary +   2288 in 00:00:30 =   76.2/s Avg:   360 Min:   244 Max:  1157 Err:     0 (0.00%) Active: 100 Started: 100 Finished: 0
2025-02-27 15:15:30,013 INFO o.a.j.r.Summariser: summary =  20689 in 00:05:38 =   61.3/s Avg:   351 Min:   243 Max:  3599 Err:     0 (0.00%)
2025-02-27 15:16:00,009 INFO o.a.j.r.Summariser: summary +   2288 in 00:00:30 =   76.3/s Avg:   329 Min:   243 Max:   858 Err:     0 (0.00%) Active: 100 Started: 100 Finished: 0
2025-02-27 15:16:00,010 INFO o.a.j.r.Summariser: summary =  22977 in 00:06:08 =   62.5/s Avg:   349 Min:   243 Max:  3599 Err:     0 (0.00%)
2025-02-27 15:16:30,004 INFO o.a.j.r.Summariser: summary +   2293 in 00:00:30 =   76.4/s Avg:   346 Min:   244 Max:  1030 Err:     0 (0.00%) Active: 100 Started: 100 Finished: 0
2025-02-27 15:16:30,005 INFO o.a.j.r.Summariser: summary =  25270 in 00:06:38 =   63.6/s Avg:   349 Min:   243 Max:  3599 Err:     0 (0.00%)
2025-02-27 15:17:00,009 INFO o.a.j.r.Summariser: summary +   2283 in 00:00:30 =   76.1/s Avg:   333 Min:   244 Max:  1087 Err:     0 (0.00%) Active: 100 Started: 100 Finished: 0
2025-02-27 15:17:00,010 INFO o.a.j.r.Summariser: summary =  27553 in 00:07:08 =   64.4/s Avg:   347 Min:   243 Max:  3599 Err:     0 (0.00%)
2025-02-27 15:17:30,001 INFO o.a.j.r.Summariser: summary +   2263 in 00:00:30 =   75.5/s Avg:   361 Min:   244 Max:  3106 Err:     0 (0.00%) Active: 100 Started: 100 Finished: 0
2025-02-27 15:17:30,002 INFO o.a.j.r.Summariser: summary =  29816 in 00:07:38 =   65.2/s Avg:   348 Min:   243 Max:  3599 Err:     0 (0.00%)
2025-02-27 15:18:00,009 INFO o.a.j.r.Summariser: summary +   2269 in 00:00:30 =   75.6/s Avg:   341 Min:   242 Max:  3126 Err:     0 (0.00%) Active: 100 Started: 100 Finished: 0
2025-02-27 15:18:00,010 INFO o.a.j.r.Summariser: summary =  32085 in 00:08:08 =   65.8/s Avg:   348 Min:   242 Max:  3599 Err:     0 (0.00%)
2025-02-27 15:18:30,012 INFO o.a.j.r.Summariser: summary +   2275 in 00:00:30 =   75.8/s Avg:   375 Min:   244 Max:  3102 Err:     0 (0.00%) Active: 100 Started: 100 Finished: 0
2025-02-27 15:18:30,014 INFO o.a.j.r.Summariser: summary =  34360 in 00:08:38 =   66.4/s Avg:   350 Min:   242 Max:  3599 Err:     0 (0.00%)
2025-02-27 15:19:00,004 INFO o.a.j.r.Summariser: summary +   2256 in 00:00:30 =   75.2/s Avg:   341 Min:   244 Max:  2874 Err:     0 (0.00%) Active: 100 Started: 100 Finished: 0
2025-02-27 15:19:00,005 INFO o.a.j.r.Summariser: summary =  36616 in 00:09:08 =   66.9/s Avg:   349 Min:   242 Max:  3599 Err:     0 (0.00%)
2025-02-27 15:19:30,004 INFO o.a.j.r.Summariser: summary +   2281 in 00:00:30 =   76.0/s Avg:   357 Min:   245 Max:  1552 Err:     0 (0.00%) Active: 100 Started: 100 Finished: 0
2025-02-27 15:19:30,005 INFO o.a.j.r.Summariser: summary =  38897 in 00:09:38 =   67.3/s Avg:   350 Min:   242 Max:  3599 Err:     0 (0.00%)
2025-02-27 15:20:00,011 INFO o.a.j.r.Summariser: summary +   2271 in 00:00:30 =   75.7/s Avg:   340 Min:   246 Max:  2781 Err:     0 (0.00%) Active: 100 Started: 100 Finished: 0
2025-02-27 15:20:00,012 INFO o.a.j.r.Summariser: summary =  41168 in 00:10:08 =   67.8/s Avg:   349 Min:   242 Max:  3599 Err:     0 (0.00%)
2025-02-27 15:20:30,002 INFO o.a.j.r.Summariser: summary +   2283 in 00:00:30 =   76.1/s Avg:   351 Min:   245 Max:  1513 Err:     0 (0.00%) Active: 100 Started: 100 Finished: 0
2025-02-27 15:20:30,003 INFO o.a.j.r.Summariser: summary =  43451 in 00:10:38 =   68.2/s Avg:   349 Min:   242 Max:  3599 Err:     0 (0.00%)
2025-02-27 15:20:51,407 INFO o.a.j.t.JMeterThread: Thread finished: Thread-Gruppe 1-44
2025-02-27 15:20:51,423 INFO o.a.j.t.JMeterThread: Thread finished: Thread-Gruppe 1-17
2025-02-27 15:20:51,461 INFO o.a.j.t.JMeterThread: Thread finished: Thread-Gruppe 1-43
2025-02-27 15:20:51,465 INFO o.a.j.t.JMeterThread: Thread finished: Thread-Gruppe 1-2
2025-02-27 15:20:51,539 INFO o.a.j.t.JMeterThread: Thread finished: Thread-Gruppe 1-63
2025-02-27 15:20:51,556 INFO o.a.j.t.JMeterThread: Thread finished: Thread-Gruppe 1-18
2025-02-27 15:20:51,663 INFO o.a.j.t.JMeterThread: Thread finished: Thread-Gruppe 1-46
2025-02-27 15:20:51,672 INFO o.a.j.t.JMeterThread: Thread finished: Thread-Gruppe 1-64
2025-02-27 15:20:51,693 INFO o.a.j.t.JMeterThread: Thread finished: Thread-Gruppe 1-19
2025-02-27 15:20:51,721 INFO o.a.j.t.JMeterThread: Thread finished: Thread-Gruppe 1-60
2025-02-27 15:20:51,747 INFO o.a.j.t.JMeterThread: Thread finished: Thread-Gruppe 1-47
2025-02-27 15:20:51,749 INFO o.a.j.t.JMeterThread: Thread finished: Thread-Gruppe 1-49
2025-02-27 15:20:51,806 INFO o.a.j.t.JMeterThread: Thread finished: Thread-Gruppe 1-65
2025-02-27 15:20:51,817 INFO o.a.j.t.JMeterThread: Thread finished: Thread-Gruppe 1-20
2025-02-27 15:20:51,934 INFO o.a.j.t.JMeterThread: Thread finished: Thread-Gruppe 1-32
2025-02-27 15:20:51,934 INFO o.a.j.t.JMeterThread: Thread finished: Thread-Gruppe 1-50
2025-02-27 15:20:51,936 INFO o.a.j.t.JMeterThread: Thread finished: Thread-Gruppe 1-28
2025-02-27 15:20:51,938 INFO o.a.j.t.JMeterThread: Thread finished: Thread-Gruppe 1-66
2025-02-27 15:20:51,951 INFO o.a.j.t.JMeterThread: Thread finished: Thread-Gruppe 1-21
2025-02-27 15:20:52,009 INFO o.a.j.t.JMeterThread: Thread finished: Thread-Gruppe 1-51
2025-02-27 15:20:52,032 INFO o.a.j.t.JMeterThread: Thread finished: Thread-Gruppe 1-6
2025-02-27 15:20:52,055 INFO o.a.j.t.JMeterThread: Thread finished: Thread-Gruppe 1-33
2025-02-27 15:20:52,070 INFO o.a.j.t.JMeterThread: Thread finished: Thread-Gruppe 1-67
2025-02-27 15:20:52,070 INFO o.a.j.t.JMeterThread: Thread finished: Thread-Gruppe 1-48
2025-02-27 15:20:52,077 INFO o.a.j.t.JMeterThread: Thread finished: Thread-Gruppe 1-52
2025-02-27 15:20:52,085 INFO o.a.j.t.JMeterThread: Thread finished: Thread-Gruppe 1-22
2025-02-27 15:20:52,090 INFO o.a.j.t.JMeterThread: Thread finished: Thread-Gruppe 1-7
2025-02-27 15:20:52,127 INFO o.a.j.t.JMeterThread: Thread finished: Thread-Gruppe 1-45
2025-02-27 15:20:52,213 INFO o.a.j.t.JMeterThread: Thread finished: Thread-Gruppe 1-53
2025-02-27 15:20:52,228 INFO o.a.j.t.JMeterThread: Thread finished: Thread-Gruppe 1-23
2025-02-27 15:20:52,228 INFO o.a.j.t.JMeterThread: Thread finished: Thread-Gruppe 1-62
2025-02-27 15:20:52,229 INFO o.a.j.t.JMeterThread: Thread finished: Thread-Gruppe 1-8
2025-02-27 15:20:52,340 INFO o.a.j.t.JMeterThread: Thread finished: Thread-Gruppe 1-69
2025-02-27 15:20:52,341 INFO o.a.j.t.JMeterThread: Thread finished: Thread-Gruppe 1-54
2025-02-27 15:20:52,359 INFO o.a.j.t.JMeterThread: Thread finished: Thread-Gruppe 1-24
2025-02-27 15:20:52,361 INFO o.a.j.t.JMeterThread: Thread finished: Thread-Gruppe 1-9
2025-02-27 15:20:52,429 INFO o.a.j.t.JMeterThread: Thread finished: Thread-Gruppe 1-3
2025-02-27 15:20:52,468 INFO o.a.j.t.JMeterThread: Thread finished: Thread-Gruppe 1-70
2025-02-27 15:20:52,484 INFO o.a.j.t.JMeterThread: Thread finished: Thread-Gruppe 1-25
2025-02-27 15:20:52,492 INFO o.a.j.t.JMeterThread: Thread finished: Thread-Gruppe 1-10
2025-02-27 15:20:52,606 INFO o.a.j.t.JMeterThread: Thread finished: Thread-Gruppe 1-71
2025-02-27 15:20:52,607 INFO o.a.j.t.JMeterThread: Thread finished: Thread-Gruppe 1-56
2025-02-27 15:20:52,618 INFO o.a.j.t.JMeterThread: Thread finished: Thread-Gruppe 1-35
2025-02-27 15:20:52,626 INFO o.a.j.t.JMeterThread: Thread finished: Thread-Gruppe 1-26
2025-02-27 15:20:52,631 INFO o.a.j.t.JMeterThread: Thread finished: Thread-Gruppe 1-11
2025-02-27 15:20:52,694 INFO o.a.j.t.JMeterThread: Thread finished: Thread-Gruppe 1-5
2025-02-27 15:20:52,760 INFO o.a.j.t.JMeterThread: Thread finished: Thread-Gruppe 2-1
2025-02-27 15:20:52,763 INFO o.a.j.t.JMeterThread: Thread finished: Thread-Gruppe 1-72
2025-02-27 15:20:52,774 INFO o.a.j.t.JMeterThread: Thread finished: Thread-Gruppe 2-15
2025-02-27 15:20:52,775 INFO o.a.j.t.JMeterThread: Thread finished: Thread-Gruppe 1-27
2025-02-27 15:20:52,775 INFO o.a.j.t.JMeterThread: Thread finished: Thread-Gruppe 1-4
2025-02-27 15:20:52,775 INFO o.a.j.t.JMeterThread: Thread finished: Thread-Gruppe 2-19
2025-02-27 15:20:52,775 INFO o.a.j.t.JMeterThread: Thread finished: Thread-Gruppe 1-57
2025-02-27 15:20:52,775 INFO o.a.j.t.JMeterThread: Thread finished: Thread-Gruppe 1-12
2025-02-27 15:20:52,789 INFO o.a.j.t.JMeterThread: Thread finished: Thread-Gruppe 2-4
2025-02-27 15:20:52,792 INFO o.a.j.t.JMeterThread: Thread finished: Thread-Gruppe 2-11
2025-02-27 15:20:52,808 INFO o.a.j.t.JMeterThread: Thread finished: Thread-Gruppe 2-14
2025-02-27 15:20:52,814 INFO o.a.j.t.JMeterThread: Thread finished: Thread-Gruppe 2-5
2025-02-27 15:20:52,863 INFO o.a.j.t.JMeterThread: Thread finished: Thread-Gruppe 1-68
2025-02-27 15:20:52,881 INFO o.a.j.t.JMeterThread: Thread finished: Thread-Gruppe 1-73
2025-02-27 15:20:52,882 INFO o.a.j.t.JMeterThread: Thread finished: Thread-Gruppe 1-58
2025-02-27 15:20:52,896 INFO o.a.j.t.JMeterThread: Thread finished: Thread-Gruppe 2-9
2025-02-27 15:20:52,949 INFO o.a.j.t.JMeterThread: Thread finished: Thread-Gruppe 1-1
2025-02-27 15:20:52,988 INFO o.a.j.t.JMeterThread: Thread finished: Thread-Gruppe 3-2
2025-02-27 15:20:53,011 INFO o.a.j.t.JMeterThread: Thread finished: Thread-Gruppe 1-55
2025-02-27 15:20:53,022 INFO o.a.j.t.JMeterThread: Thread finished: Thread-Gruppe 1-74
2025-02-27 15:20:53,022 INFO o.a.j.t.JMeterThread: Thread finished: Thread-Gruppe 2-3
2025-02-27 15:20:53,023 INFO o.a.j.t.JMeterThread: Thread finished: Thread-Gruppe 1-40
2025-02-27 15:20:53,023 INFO o.a.j.t.JMeterThread: Thread finished: Thread-Gruppe 1-29
2025-02-27 15:20:53,023 INFO o.a.j.t.JMeterThread: Thread finished: Thread-Gruppe 2-13
2025-02-27 15:20:53,023 INFO o.a.j.t.JMeterThread: Thread finished: Thread-Gruppe 1-59
2025-02-27 15:20:53,031 INFO o.a.j.t.JMeterThread: Thread finished: Thread-Gruppe 1-14
2025-02-27 15:20:53,057 INFO o.a.j.t.JMeterThread: Thread finished: Thread-Gruppe 2-12
2025-02-27 15:20:53,075 INFO o.a.j.t.JMeterThread: Stopping because end time detected by thread: Thread-Gruppe 1-13
2025-02-27 15:20:53,075 INFO o.a.j.t.JMeterThread: Thread finished: Thread-Gruppe 1-13
2025-02-27 15:20:53,085 INFO o.a.j.t.JMeterThread: Thread finished: Thread-Gruppe 2-16
2025-02-27 15:20:53,085 INFO o.a.j.t.JMeterThread: Thread finished: Thread-Gruppe 3-3
2025-02-27 15:20:53,085 INFO o.a.j.t.JMeterThread: Thread finished: Thread-Gruppe 3-4
2025-02-27 15:20:53,085 INFO o.a.j.t.JMeterThread: Thread finished: Thread-Gruppe 2-20
2025-02-27 15:20:53,089 INFO o.a.j.t.JMeterThread: Thread finished: Thread-Gruppe 3-5
2025-02-27 15:20:53,119 INFO o.a.j.t.JMeterThread: Stopping because end time detected by thread: Thread-Gruppe 1-37
2025-02-27 15:20:53,119 INFO o.a.j.t.JMeterThread: Thread finished: Thread-Gruppe 1-37
2025-02-27 15:20:53,134 INFO o.a.j.t.JMeterThread: Stopping because end time detected by thread: Thread-Gruppe 1-75
2025-02-27 15:20:53,134 INFO o.a.j.t.JMeterThread: Thread finished: Thread-Gruppe 1-75
2025-02-27 15:20:53,164 INFO o.a.j.t.JMeterThread: Stopping because end time detected by thread: Thread-Gruppe 2-10
2025-02-27 15:20:53,164 INFO o.a.j.t.JMeterThread: Thread finished: Thread-Gruppe 2-10
2025-02-27 15:20:53,164 INFO o.a.j.t.JMeterThread: Stopping because end time detected by thread: Thread-Gruppe 1-30
2025-02-27 15:20:53,164 INFO o.a.j.t.JMeterThread: Stopping because end time detected by thread: Thread-Gruppe 1-15
2025-02-27 15:20:53,164 INFO o.a.j.t.JMeterThread: Thread finished: Thread-Gruppe 1-30
2025-02-27 15:20:53,164 INFO o.a.j.t.JMeterThread: Thread finished: Thread-Gruppe 1-15
2025-02-27 15:20:53,179 INFO o.a.j.t.JMeterThread: Stopping because end time detected by thread: Thread-Gruppe 3-1
2025-02-27 15:20:53,179 INFO o.a.j.t.JMeterThread: Thread finished: Thread-Gruppe 3-1
2025-02-27 15:20:53,210 INFO o.a.j.t.JMeterThread: Stopping because end time detected by thread: Thread-Gruppe 2-2
2025-02-27 15:20:53,210 INFO o.a.j.t.JMeterThread: Stopping because end time detected by thread: Thread-Gruppe 2-6
2025-02-27 15:20:53,210 INFO o.a.j.t.JMeterThread: Thread finished: Thread-Gruppe 2-2
2025-02-27 15:20:53,210 INFO o.a.j.t.JMeterThread: Thread finished: Thread-Gruppe 2-6
2025-02-27 15:20:53,234 INFO o.a.j.t.JMeterThread: Stopping because end time detected by thread: Thread-Gruppe 2-17
2025-02-27 15:20:53,234 INFO o.a.j.t.JMeterThread: Thread finished: Thread-Gruppe 2-17
2025-02-27 15:20:53,270 INFO o.a.j.t.JMeterThread: Stopping because end time detected by thread: Thread-Gruppe 2-18
2025-02-27 15:20:53,270 INFO o.a.j.t.JMeterThread: Thread finished: Thread-Gruppe 2-18
2025-02-27 15:20:53,270 INFO o.a.j.t.JMeterThread: Stopping because end time detected by thread: Thread-Gruppe 1-61
2025-02-27 15:20:53,270 INFO o.a.j.t.JMeterThread: Thread finished: Thread-Gruppe 1-61
2025-02-27 15:20:53,270 INFO o.a.j.t.JMeterThread: Stopping because end time detected by thread: Thread-Gruppe 1-34
2025-02-27 15:20:53,270 INFO o.a.j.t.JMeterThread: Thread finished: Thread-Gruppe 1-34
2025-02-27 15:20:53,285 INFO o.a.j.t.JMeterThread: Stopping because end time detected by thread: Thread-Gruppe 1-31
2025-02-27 15:20:53,285 INFO o.a.j.t.JMeterThread: Thread finished: Thread-Gruppe 1-31
2025-02-27 15:20:53,285 INFO o.a.j.t.JMeterThread: Stopping because end time detected by thread: Thread-Gruppe 2-8
2025-02-27 15:20:53,285 INFO o.a.j.t.JMeterThread: Stopping because end time detected by thread: Thread-Gruppe 1-16
2025-02-27 15:20:53,285 INFO o.a.j.t.JMeterThread: Thread finished: Thread-Gruppe 2-8
2025-02-27 15:20:53,285 INFO o.a.j.t.JMeterThread: Thread finished: Thread-Gruppe 1-16
2025-02-27 15:20:53,300 INFO o.a.j.t.JMeterThread: Stopping because end time detected by thread: Thread-Gruppe 1-42
2025-02-27 15:20:53,300 INFO o.a.j.t.JMeterThread: Thread finished: Thread-Gruppe 1-42
2025-02-27 15:20:53,573 INFO o.a.j.t.JMeterThread: Stopping because end time detected by thread: Thread-Gruppe 1-38
2025-02-27 15:20:53,573 INFO o.a.j.t.JMeterThread: Thread finished: Thread-Gruppe 1-38
2025-02-27 15:20:53,588 INFO o.a.j.t.JMeterThread: Stopping because end time detected by thread: Thread-Gruppe 1-36
2025-02-27 15:20:53,588 INFO o.a.j.t.JMeterThread: Thread finished: Thread-Gruppe 1-36
2025-02-27 15:20:53,648 INFO o.a.j.t.JMeterThread: Stopping because end time detected by thread: Thread-Gruppe 2-7
2025-02-27 15:20:53,648 INFO o.a.j.t.JMeterThread: Thread finished: Thread-Gruppe 2-7
2025-02-27 15:20:53,692 INFO o.a.j.t.JMeterThread: Stopping because end time detected by thread: Thread-Gruppe 1-41
2025-02-27 15:20:53,692 INFO o.a.j.t.JMeterThread: Thread finished: Thread-Gruppe 1-41
2025-02-27 15:20:53,725 INFO o.a.j.t.JMeterThread: Stopping because end time detected by thread: Thread-Gruppe 1-39
2025-02-27 15:20:53,725 INFO o.a.j.t.JMeterThread: Thread finished: Thread-Gruppe 1-39
2025-02-27 15:20:53,726 INFO o.a.j.e.StandardJMeterEngine: Notifying test listeners of end of test
2025-02-27 15:20:53,739 INFO o.a.j.r.Summariser: summary +   1785 in 00:00:24 =   75.2/s Avg:   342 Min:   246 Max:   965 Err:     0 (0.00%) Active: 0 Started: 100 Finished: 100
2025-02-27 15:20:53,739 INFO o.a.j.r.Summariser: summary =  45236 in 00:11:01 =   68.4/s Avg:   349 Min:   242 Max:  3599 Err:     0 (0.00%)
