2025-02-27 15:20:56,777 INFO o.a.j.u.JMeterUtils: Setting Locale to en_EN
2025-02-27 15:20:56,803 INFO o.a.j.JMeter: Loading user properties from: D:\Semester 7\CS4203 - Research and Development Project\Artifacts\apache-jmeter-5.6.3\bin\user.properties
2025-02-27 15:20:56,804 INFO o.a.j.JMeter: Loading system properties from: D:\Semester 7\CS4203 - Research and Development Project\Artifacts\apache-jmeter-5.6.3\bin\system.properties
2025-02-27 15:20:56,804 INFO o.a.j.JMeter: Setting JMeter property: lb_1_hostname=34.70.149.254
2025-02-27 15:20:56,805 INFO o.a.j.JMeter: Setting JMeter property: lb_2_hostname=35.232.62.106
2025-02-27 15:20:56,805 INFO o.a.j.JMeter: Setting JMeter property: lb_1_port=8090
2025-02-27 15:20:56,805 INFO o.a.j.JMeter: Setting JMeter property: lb_2_port=8091
2025-02-27 15:20:56,807 INFO o.a.j.JMeter: Setting JMeter property: warm_up_users=20
2025-02-27 15:20:56,808 INFO o.a.j.JMeter: Setting JMeter property: warm_up_time=60
2025-02-27 15:20:56,808 INFO o.a.j.JMeter: Setting JMeter property: test_run_time=600
2025-02-27 15:20:56,808 INFO o.a.j.JMeter: Setting JMeter property: ramp_up=10
2025-02-27 15:20:56,808 INFO o.a.j.JMeter: Setting JMeter property: group_1=75
2025-02-27 15:20:56,808 INFO o.a.j.JMeter: Setting JMeter property: group_2=20
2025-02-27 15:20:56,808 INFO o.a.j.JMeter: Setting JMeter property: group_3=5
2025-02-27 15:20:56,809 INFO o.a.j.JMeter: Setting JMeter property: group_1_request_rate=30
2025-02-27 15:20:56,809 INFO o.a.j.JMeter: Setting JMeter property: group_2_request_rate=90
2025-02-27 15:20:56,809 INFO o.a.j.JMeter: Setting JMeter property: group_3_request_rate=120
2025-02-27 15:20:56,809 INFO o.a.j.JMeter: Setting JMeter property: log_file=d:\Semester 7\CS4203 - Research and Development Project\Artifacts\rate-limiter-nginx\jmeter\cloud\2025_02_27_15_09_logs\sliding_window_logs\redis_async_rate_limit_100_window_size_60_batch_percent_0.2\warm_up_results.csv
2025-02-27 15:20:56,809 INFO o.a.j.JMeter: Setting JMeter property: algorithm=sliding_window_logs_redis_async_rate_limit_100_window_size_60_batch_percent_0.2
2025-02-27 15:20:56,809 INFO o.a.j.JMeter: Setting JMeter property: auth=/sliding_window_logs/redis_async_rate_limit_100_window_size_60_batch_percent_0.2/tools.descartes.teastore.auth/rest
2025-02-27 15:20:56,809 INFO o.a.j.JMeter: Setting JMeter property: persistence=/sliding_window_logs/redis_async_rate_limit_100_window_size_60_batch_percent_0.2/tools.descartes.teastore.persistence/rest
2025-02-27 15:20:56,809 INFO o.a.j.JMeter: Setting JMeter property: recommender=/sliding_window_logs/redis_async_rate_limit_100_window_size_60_batch_percent_0.2/tools.descartes.teastore.recommender/rest
2025-02-27 15:20:56,809 INFO o.a.j.JMeter: Setting JMeter property: image=/sliding_window_logs/redis_async_rate_limit_100_window_size_60_batch_percent_0.2/tools.descartes.teastore.image/rest
2025-02-27 15:20:56,818 INFO o.a.j.JMeter: Copyright (c) 1998-2024 The Apache Software Foundation
2025-02-27 15:20:56,818 INFO o.a.j.JMeter: Version 5.6.3
2025-02-27 15:20:56,819 INFO o.a.j.JMeter: java.version=11.0.22
2025-02-27 15:20:56,819 INFO o.a.j.JMeter: java.vm.name=Java HotSpot(TM) 64-Bit Server VM
2025-02-27 15:20:56,819 INFO o.a.j.JMeter: os.name=Windows 10
2025-02-27 15:20:56,819 INFO o.a.j.JMeter: os.arch=amd64
2025-02-27 15:20:56,819 INFO o.a.j.JMeter: os.version=10.0
2025-02-27 15:20:56,819 INFO o.a.j.JMeter: file.encoding=Cp1252
2025-02-27 15:20:56,819 INFO o.a.j.JMeter: java.awt.headless=true
2025-02-27 15:20:56,819 INFO o.a.j.JMeter: Max memory     =1073741824
2025-02-27 15:20:56,819 INFO o.a.j.JMeter: Available Processors =12
2025-02-27 15:20:56,843 INFO o.a.j.JMeter: Default Locale=English (EN)
2025-02-27 15:20:56,843 INFO o.a.j.JMeter: JMeter  Locale=English (EN)
2025-02-27 15:20:56,843 INFO o.a.j.JMeter: JMeterHome=D:\Semester 7\CS4203 - Research and Development Project\Artifacts\apache-jmeter-5.6.3
2025-02-27 15:20:56,843 INFO o.a.j.JMeter: user.dir  =D:\Semester 7\CS4203 - Research and Development Project\Artifacts\rate-limiter-nginx
2025-02-27 15:20:56,844 INFO o.a.j.JMeter: PWD       =D:\Semester 7\CS4203 - Research and Development Project\Artifacts\rate-limiter-nginx
2025-02-27 15:20:56,854 INFO o.a.j.JMeter: IP: 10.10.21.101 Name: KOBI-MSI-PC FullName: 10.10.21.101
2025-02-27 15:20:56,872 INFO o.a.j.s.FileServer: Default base='D:\Semester 7\CS4203 - Research and Development Project\Artifacts\rate-limiter-nginx'
2025-02-27 15:20:56,874 INFO o.a.j.s.FileServer: Set new base='d:\Semester 7\CS4203 - Research and Development Project\Artifacts\rate-limiter-nginx\jmeter\cloud'
2025-02-27 15:20:57,113 INFO o.a.j.s.SaveService: Testplan (JMX) version: 2.2. Testlog (JTL) version: 2.2
2025-02-27 15:20:57,141 INFO o.a.j.s.SaveService: Using SaveService properties version 5.0
2025-02-27 15:20:57,145 INFO o.a.j.s.SaveService: Using SaveService properties file encoding UTF-8
2025-02-27 15:20:57,149 INFO o.a.j.s.SaveService: Loading file: d:\Semester 7\CS4203 - Research and Development Project\Artifacts\rate-limiter-nginx\jmeter\cloud\teastore_performance.jmx
2025-02-27 15:20:57,210 INFO o.a.j.p.h.c.CookieManager: Settings: Delete null: true Check: true Allow variable: true Save: false Prefix: COOKIE_
2025-02-27 15:20:57,239 INFO o.a.j.p.h.s.HTTPSamplerBase: Parser for text/html is org.apache.jmeter.protocol.http.parser.LagartoBasedHtmlParser
2025-02-27 15:20:57,240 INFO o.a.j.p.h.s.HTTPSamplerBase: Parser for application/xhtml+xml is org.apache.jmeter.protocol.http.parser.LagartoBasedHtmlParser
2025-02-27 15:20:57,240 INFO o.a.j.p.h.s.HTTPSamplerBase: Parser for application/xml is org.apache.jmeter.protocol.http.parser.LagartoBasedHtmlParser
2025-02-27 15:20:57,240 INFO o.a.j.p.h.s.HTTPSamplerBase: Parser for text/xml is org.apache.jmeter.protocol.http.parser.LagartoBasedHtmlParser
2025-02-27 15:20:57,240 INFO o.a.j.p.h.s.HTTPSamplerBase: Parser for text/vnd.wap.wml is org.apache.jmeter.protocol.http.parser.RegexpHTMLParser
2025-02-27 15:20:57,240 INFO o.a.j.p.h.s.HTTPSamplerBase: Parser for text/css is org.apache.jmeter.protocol.http.parser.CssParser
2025-02-27 15:20:57,417 INFO o.a.j.s.SampleResult: Note: Sample TimeStamps are START times
2025-02-27 15:20:57,417 INFO o.a.j.s.SampleResult: sampleresult.default.encoding is set to UTF-8
2025-02-27 15:20:57,417 INFO o.a.j.s.SampleResult: sampleresult.useNanoTime=true
2025-02-27 15:20:57,417 INFO o.a.j.s.SampleResult: sampleresult.nanoThreadSleep=5000
2025-02-27 15:20:57,463 INFO o.a.j.JMeter: Creating summariser <summary>
2025-02-27 15:20:57,483 INFO o.a.j.e.StandardJMeterEngine: Running the test!
2025-02-27 15:20:57,484 INFO o.a.j.s.SampleEvent: List of sample_variables: []
2025-02-27 15:20:57,484 INFO o.a.j.s.SampleEvent: List of sample_variables: []
2025-02-27 15:20:57,498 INFO o.a.j.e.u.CompoundVariable: Note: Function class names must contain the string: '.functions.'
2025-02-27 15:20:57,498 INFO o.a.j.e.u.CompoundVariable: Note: Function class names must not contain the string: '.gui.'
2025-02-27 15:20:57,809 INFO o.a.j.r.ClassFinder: Will scan jar D:\Semester 7\CS4203 - Research and Development Project\Artifacts\apache-jmeter-5.6.3\lib\ext\jmeter-plugins-casutg-2.10.jar with filter ExtendsClassFilter [parents=[interface org.apache.jmeter.functions.Function], inner=false, contains=null, notContains=null]. Consider exposing JMeter plugins via META-INF/services, and add JMeter-Skip-Class-Scanning=true manifest attribute so JMeter can skip classfile scanning
2025-02-27 15:20:57,831 INFO o.a.j.r.ClassFinder: Will scan jar D:\Semester 7\CS4203 - Research and Development Project\Artifacts\apache-jmeter-5.6.3\lib\ext\jmeter-plugins-graphs-additional-2.0.jar with filter ExtendsClassFilter [parents=[interface org.apache.jmeter.functions.Function], inner=false, contains=null, notContains=null]. Consider exposing JMeter plugins via META-INF/services, and add JMeter-Skip-Class-Scanning=true manifest attribute so JMeter can skip classfile scanning
2025-02-27 15:20:57,839 INFO o.a.j.r.ClassFinder: Will scan jar D:\Semester 7\CS4203 - Research and Development Project\Artifacts\apache-jmeter-5.6.3\lib\ext\jmeter-plugins-perfmon-2.1.jar with filter ExtendsClassFilter [parents=[interface org.apache.jmeter.functions.Function], inner=false, contains=null, notContains=null]. Consider exposing JMeter plugins via META-INF/services, and add JMeter-Skip-Class-Scanning=true manifest attribute so JMeter can skip classfile scanning
2025-02-27 15:20:57,846 INFO o.a.j.r.ClassFinder: Will scan jar D:\Semester 7\CS4203 - Research and Development Project\Artifacts\apache-jmeter-5.6.3\lib\ext\json-lib-2.4-jdk15.jar with filter ExtendsClassFilter [parents=[interface org.apache.jmeter.functions.Function], inner=false, contains=null, notContains=null]. Consider exposing JMeter plugins via META-INF/services, and add JMeter-Skip-Class-Scanning=true manifest attribute so JMeter can skip classfile scanning
2025-02-27 15:20:57,869 INFO o.a.j.r.ClassFinder: Will scan jar D:\Semester 7\CS4203 - Research and Development Project\Artifacts\apache-jmeter-5.6.3\lib\ext\perfmon-2.2.2.jar with filter ExtendsClassFilter [parents=[interface org.apache.jmeter.functions.Function], inner=false, contains=null, notContains=null]. Consider exposing JMeter plugins via META-INF/services, and add JMeter-Skip-Class-Scanning=true manifest attribute so JMeter can skip classfile scanning
2025-02-27 15:20:57,892 INFO o.a.j.r.ClassFinder: Will scan jar D:\Semester 7\CS4203 - Research and Development Project\Artifacts\apache-jmeter-5.6.3\lib\ext\jmeter-plugins-manager-1.10.jar with filter ExtendsClassFilter [parents=[interface org.apache.jmeter.functions.Function], inner=false, contains=null, notContains=null]. Consider exposing JMeter plugins via META-INF/services, and add JMeter-Skip-Class-Scanning=true manifest attribute so JMeter can skip classfile scanning
2025-02-27 15:20:57,995 INFO o.a.j.r.ClassFinder: Will scan jar D:\Semester 7\CS4203 - Research and Development Project\Artifacts\apache-jmeter-5.6.3\lib\ext\jmeter-plugins-graphs-vs-2.0.jar with filter ExtendsClassFilter [parents=[interface org.apache.jmeter.functions.Function], inner=false, contains=null, notContains=null]. Consider exposing JMeter plugins via META-INF/services, and add JMeter-Skip-Class-Scanning=true manifest attribute so JMeter can skip classfile scanning
2025-02-27 15:20:57,998 INFO o.a.j.r.ClassFinder: Will scan jar D:\Semester 7\CS4203 - Research and Development Project\Artifacts\apache-jmeter-5.6.3\lib\ext\jmeter-parallel-0.12.jar with filter ExtendsClassFilter [parents=[interface org.apache.jmeter.functions.Function], inner=false, contains=null, notContains=null]. Consider exposing JMeter plugins via META-INF/services, and add JMeter-Skip-Class-Scanning=true manifest attribute so JMeter can skip classfile scanning
2025-02-27 15:20:58,005 INFO o.a.j.r.ClassFinder: Will scan jar D:\Semester 7\CS4203 - Research and Development Project\Artifacts\apache-jmeter-5.6.3\lib\ext\jmeter-plugins-tst-2.6.jar with filter ExtendsClassFilter [parents=[interface org.apache.jmeter.functions.Function], inner=false, contains=null, notContains=null]. Consider exposing JMeter plugins via META-INF/services, and add JMeter-Skip-Class-Scanning=true manifest attribute so JMeter can skip classfile scanning
2025-02-27 15:20:58,009 INFO o.a.j.r.ClassFinder: Will scan jar D:\Semester 7\CS4203 - Research and Development Project\Artifacts\apache-jmeter-5.6.3\lib\ext\jmeter-prometheus-plugin-0.6.0.jar with filter ExtendsClassFilter [parents=[interface org.apache.jmeter.functions.Function], inner=false, contains=null, notContains=null]. Consider exposing JMeter plugins via META-INF/services, and add JMeter-Skip-Class-Scanning=true manifest attribute so JMeter can skip classfile scanning
2025-02-27 15:20:58,026 INFO o.a.j.r.ClassFinder: Will scan jar D:\Semester 7\CS4203 - Research and Development Project\Artifacts\apache-jmeter-5.6.3\lib\ext\jmeter-plugins-graphs-basic-2.0.jar with filter ExtendsClassFilter [parents=[interface org.apache.jmeter.functions.Function], inner=false, contains=null, notContains=null]. Consider exposing JMeter plugins via META-INF/services, and add JMeter-Skip-Class-Scanning=true manifest attribute so JMeter can skip classfile scanning
2025-02-27 15:20:58,476 INFO o.a.j.JMeter: Running test (1740649858476)
2025-02-27 15:20:58,476 INFO o.a.j.e.StandardJMeterEngine: Starting setUp thread groups
2025-02-27 15:20:58,476 INFO o.a.j.e.StandardJMeterEngine: Starting setUp ThreadGroup: 1 : setUp Thread Group 
2025-02-27 15:20:58,476 INFO o.a.j.e.StandardJMeterEngine: Starting 20 threads for group setUp Thread Group.
2025-02-27 15:20:58,476 INFO o.a.j.e.StandardJMeterEngine: Thread will continue on error
2025-02-27 15:20:58,476 INFO o.a.j.t.ThreadGroup: Starting thread group... number=1 threads=20 ramp-up=10 delayedStart=false
2025-02-27 15:20:58,491 INFO o.a.j.t.JMeterThread: Thread started: setUp Thread Group 1-1
2025-02-27 15:20:58,548 INFO o.a.j.t.ThreadGroup: Started thread group number 1
2025-02-27 15:20:58,549 INFO o.a.j.e.StandardJMeterEngine: Waiting for all setup thread groups to exit
2025-02-27 15:20:59,000 INFO o.a.j.t.JMeterThread: Thread started: setUp Thread Group 1-2
2025-02-27 15:20:59,490 INFO o.a.j.t.JMeterThread: Thread started: setUp Thread Group 1-3
2025-02-27 15:20:59,650 INFO o.a.j.p.h.s.HTTPHCAbstractImpl: Local host = KOBI-MSI-PC
2025-02-27 15:20:59,656 INFO o.a.j.p.h.s.HTTPHC4Impl: HTTP request retry count = 0
2025-02-27 15:20:59,994 INFO o.a.j.t.JMeterThread: Thread started: setUp Thread Group 1-4
2025-02-27 15:21:00,495 INFO o.a.j.t.JMeterThread: Thread started: setUp Thread Group 1-5
2025-02-27 15:21:00,983 INFO o.a.j.t.JMeterThread: Thread started: setUp Thread Group 1-6
2025-02-27 15:21:01,482 INFO o.a.j.t.JMeterThread: Thread started: setUp Thread Group 1-7
2025-02-27 15:21:01,983 INFO o.a.j.t.JMeterThread: Thread started: setUp Thread Group 1-8
2025-02-27 15:21:02,482 INFO o.a.j.t.JMeterThread: Thread started: setUp Thread Group 1-9
2025-02-27 15:21:02,984 INFO o.a.j.t.JMeterThread: Thread started: setUp Thread Group 1-10
2025-02-27 15:21:03,480 INFO o.a.j.t.JMeterThread: Thread started: setUp Thread Group 1-11
2025-02-27 15:21:03,982 INFO o.a.j.t.JMeterThread: Thread started: setUp Thread Group 1-12
2025-02-27 15:21:04,480 INFO o.a.j.t.JMeterThread: Thread started: setUp Thread Group 1-13
2025-02-27 15:21:04,982 INFO o.a.j.t.JMeterThread: Thread started: setUp Thread Group 1-14
2025-02-27 15:21:05,481 INFO o.a.j.t.JMeterThread: Thread started: setUp Thread Group 1-15
2025-02-27 15:21:05,981 INFO o.a.j.t.JMeterThread: Thread started: setUp Thread Group 1-16
2025-02-27 15:21:06,481 INFO o.a.j.t.JMeterThread: Thread started: setUp Thread Group 1-17
2025-02-27 15:21:06,982 INFO o.a.j.t.JMeterThread: Thread started: setUp Thread Group 1-18
2025-02-27 15:21:07,480 INFO o.a.j.t.JMeterThread: Thread started: setUp Thread Group 1-19
2025-02-27 15:21:07,981 INFO o.a.j.t.JMeterThread: Thread started: setUp Thread Group 1-20
2025-02-27 15:21:58,301 INFO o.a.j.t.JMeterThread: Thread finished: setUp Thread Group 1-2
2025-02-27 15:21:58,307 INFO o.a.j.t.JMeterThread: Thread finished: setUp Thread Group 1-9
2025-02-27 15:21:58,353 INFO o.a.j.t.JMeterThread: Thread finished: setUp Thread Group 1-1
2025-02-27 15:21:58,402 INFO o.a.j.t.JMeterThread: Thread finished: setUp Thread Group 1-18
2025-02-27 15:21:58,428 INFO o.a.j.t.JMeterThread: Thread finished: setUp Thread Group 1-3
2025-02-27 15:21:58,431 INFO o.a.j.t.JMeterThread: Thread finished: setUp Thread Group 1-10
2025-02-27 15:21:58,432 INFO o.a.j.t.JMeterThread: Thread finished: setUp Thread Group 1-11
2025-02-27 15:21:58,503 INFO o.a.j.t.JMeterThread: Thread finished: setUp Thread Group 1-6
2025-02-27 15:21:58,516 INFO o.a.j.t.JMeterThread: Stopping because end time detected by thread: setUp Thread Group 1-5
2025-02-27 15:21:58,516 INFO o.a.j.t.JMeterThread: Thread finished: setUp Thread Group 1-5
2025-02-27 15:21:58,537 INFO o.a.j.t.JMeterThread: Stopping because end time detected by thread: setUp Thread Group 1-14
2025-02-27 15:21:58,537 INFO o.a.j.t.JMeterThread: Thread finished: setUp Thread Group 1-14
2025-02-27 15:21:58,650 INFO o.a.j.t.JMeterThread: Stopping because end time detected by thread: setUp Thread Group 1-15
2025-02-27 15:21:58,650 INFO o.a.j.t.JMeterThread: Thread finished: setUp Thread Group 1-15
2025-02-27 15:21:58,650 INFO o.a.j.t.JMeterThread: Stopping because end time detected by thread: setUp Thread Group 1-12
2025-02-27 15:21:58,650 INFO o.a.j.t.JMeterThread: Stopping because end time detected by thread: setUp Thread Group 1-7
2025-02-27 15:21:58,650 INFO o.a.j.t.JMeterThread: Thread finished: setUp Thread Group 1-7
2025-02-27 15:21:58,650 INFO o.a.j.t.JMeterThread: Thread finished: setUp Thread Group 1-12
2025-02-27 15:21:58,680 INFO o.a.j.t.JMeterThread: Stopping because end time detected by thread: setUp Thread Group 1-4
2025-02-27 15:21:58,680 INFO o.a.j.t.JMeterThread: Thread finished: setUp Thread Group 1-4
2025-02-27 15:21:58,712 INFO o.a.j.t.JMeterThread: Stopping because end time detected by thread: setUp Thread Group 1-20
2025-02-27 15:21:58,712 INFO o.a.j.t.JMeterThread: Thread finished: setUp Thread Group 1-20
2025-02-27 15:21:58,712 INFO o.a.j.t.JMeterThread: Stopping because end time detected by thread: setUp Thread Group 1-8
2025-02-27 15:21:58,712 INFO o.a.j.t.JMeterThread: Thread finished: setUp Thread Group 1-8
2025-02-27 15:21:58,752 INFO o.a.j.t.JMeterThread: Stopping because end time detected by thread: setUp Thread Group 1-16
2025-02-27 15:21:58,752 INFO o.a.j.t.JMeterThread: Thread finished: setUp Thread Group 1-16
2025-02-27 15:21:58,772 INFO o.a.j.t.JMeterThread: Stopping because end time detected by thread: setUp Thread Group 1-13
2025-02-27 15:21:58,772 INFO o.a.j.t.JMeterThread: Thread finished: setUp Thread Group 1-13
2025-02-27 15:21:58,788 INFO o.a.j.t.JMeterThread: Stopping because end time detected by thread: setUp Thread Group 1-17
2025-02-27 15:21:58,788 INFO o.a.j.t.JMeterThread: Thread finished: setUp Thread Group 1-17
2025-02-27 15:21:58,812 INFO o.a.j.t.JMeterThread: Stopping because end time detected by thread: setUp Thread Group 1-19
2025-02-27 15:21:58,812 INFO o.a.j.t.JMeterThread: Thread finished: setUp Thread Group 1-19
2025-02-27 15:21:58,817 INFO o.a.j.e.StandardJMeterEngine: All Setup Threads have ended
2025-02-27 15:21:58,868 INFO o.a.j.e.StandardJMeterEngine: Starting ThreadGroup: 1 : Thread-Gruppe
2025-02-27 15:21:58,868 INFO o.a.j.e.StandardJMeterEngine: Starting 75 threads for group Thread-Gruppe.
2025-02-27 15:21:58,868 INFO o.a.j.e.StandardJMeterEngine: Thread will continue on error
2025-02-27 15:21:58,868 INFO o.a.j.t.ThreadGroup: Starting thread group... number=1 threads=75 ramp-up=10 delayedStart=false
2025-02-27 15:21:58,871 INFO o.a.j.t.JMeterThread: Thread started: Thread-Gruppe 1-1
2025-02-27 15:21:59,000 INFO o.a.j.t.ThreadGroup: Started thread group number 1
2025-02-27 15:21:59,000 INFO o.a.j.e.StandardJMeterEngine: Starting ThreadGroup: 2 : Thread-Gruppe
2025-02-27 15:21:59,000 INFO o.a.j.e.StandardJMeterEngine: Starting 20 threads for group Thread-Gruppe.
2025-02-27 15:21:59,000 INFO o.a.j.e.StandardJMeterEngine: Thread will continue on error
2025-02-27 15:21:59,000 INFO o.a.j.t.ThreadGroup: Starting thread group... number=2 threads=20 ramp-up=10 delayedStart=false
2025-02-27 15:21:59,002 INFO o.a.j.t.JMeterThread: Thread started: Thread-Gruppe 2-1
2025-02-27 15:21:59,003 INFO o.a.j.t.JMeterThread: Thread started: Thread-Gruppe 1-2
2025-02-27 15:21:59,024 INFO o.a.j.t.ThreadGroup: Started thread group number 2
2025-02-27 15:21:59,024 INFO o.a.j.e.StandardJMeterEngine: Starting ThreadGroup: 3 : Thread-Gruppe
2025-02-27 15:21:59,024 INFO o.a.j.e.StandardJMeterEngine: Starting 5 threads for group Thread-Gruppe.
2025-02-27 15:21:59,025 INFO o.a.j.e.StandardJMeterEngine: Thread will continue on error
2025-02-27 15:21:59,025 INFO o.a.j.t.ThreadGroup: Starting thread group... number=3 threads=5 ramp-up=10 delayedStart=false
2025-02-27 15:21:59,027 INFO o.a.j.t.JMeterThread: Thread started: Thread-Gruppe 3-1
2025-02-27 15:21:59,030 INFO o.a.j.t.ThreadGroup: Started thread group number 3
2025-02-27 15:21:59,031 INFO o.a.j.e.StandardJMeterEngine: All thread groups have been started
2025-02-27 15:21:59,139 INFO o.a.j.t.JMeterThread: Thread started: Thread-Gruppe 1-3
2025-02-27 15:21:59,273 INFO o.a.j.t.JMeterThread: Thread started: Thread-Gruppe 1-4
2025-02-27 15:21:59,405 INFO o.a.j.t.JMeterThread: Thread started: Thread-Gruppe 1-5
2025-02-27 15:21:59,503 INFO o.a.j.t.JMeterThread: Thread started: Thread-Gruppe 2-2
2025-02-27 15:21:59,537 INFO o.a.j.t.JMeterThread: Thread started: Thread-Gruppe 1-6
2025-02-27 15:21:59,671 INFO o.a.j.t.JMeterThread: Thread started: Thread-Gruppe 1-7
2025-02-27 15:21:59,803 INFO o.a.j.t.JMeterThread: Thread started: Thread-Gruppe 1-8
2025-02-27 15:21:59,937 INFO o.a.j.t.JMeterThread: Thread started: Thread-Gruppe 1-9
2025-02-27 15:22:00,002 INFO o.a.j.t.JMeterThread: Thread started: Thread-Gruppe 2-3
2025-02-27 15:22:00,008 INFO o.a.j.r.Summariser: summary +      8 in 00:01:02 =    0.1/s Avg:   508 Min:   502 Max:   519 Err:     0 (0.00%) Active: 13 Started: 13 Finished: 0
2025-02-27 15:22:00,070 INFO o.a.j.t.JMeterThread: Thread started: Thread-Gruppe 1-10
2025-02-27 15:22:00,202 INFO o.a.j.t.JMeterThread: Thread started: Thread-Gruppe 1-11
2025-02-27 15:22:00,335 INFO o.a.j.t.JMeterThread: Thread started: Thread-Gruppe 1-12
2025-02-27 15:22:00,467 INFO o.a.j.t.JMeterThread: Thread started: Thread-Gruppe 1-13
2025-02-27 15:22:00,503 INFO o.a.j.t.JMeterThread: Thread started: Thread-Gruppe 2-4
2025-02-27 15:22:00,600 INFO o.a.j.t.JMeterThread: Thread started: Thread-Gruppe 1-14
2025-02-27 15:22:00,732 INFO o.a.j.t.JMeterThread: Thread started: Thread-Gruppe 1-15
2025-02-27 15:22:00,866 INFO o.a.j.t.JMeterThread: Thread started: Thread-Gruppe 1-16
2025-02-27 15:22:00,999 INFO o.a.j.t.JMeterThread: Thread started: Thread-Gruppe 1-17
2025-02-27 15:22:01,004 INFO o.a.j.t.JMeterThread: Thread started: Thread-Gruppe 2-5
2025-02-27 15:22:01,027 INFO o.a.j.t.JMeterThread: Thread started: Thread-Gruppe 3-2
2025-02-27 15:22:01,131 INFO o.a.j.t.JMeterThread: Thread started: Thread-Gruppe 1-18
2025-02-27 15:22:01,265 INFO o.a.j.t.JMeterThread: Thread started: Thread-Gruppe 1-19
2025-02-27 15:22:01,399 INFO o.a.j.t.JMeterThread: Thread started: Thread-Gruppe 1-20
2025-02-27 15:22:01,503 INFO o.a.j.t.JMeterThread: Thread started: Thread-Gruppe 2-6
2025-02-27 15:22:01,531 INFO o.a.j.t.JMeterThread: Thread started: Thread-Gruppe 1-21
2025-02-27 15:22:01,665 INFO o.a.j.t.JMeterThread: Thread started: Thread-Gruppe 1-22
2025-02-27 15:22:01,798 INFO o.a.j.t.JMeterThread: Thread started: Thread-Gruppe 1-23
2025-02-27 15:22:01,930 INFO o.a.j.t.JMeterThread: Thread started: Thread-Gruppe 1-24
2025-02-27 15:22:02,003 INFO o.a.j.t.JMeterThread: Thread started: Thread-Gruppe 2-7
2025-02-27 15:22:02,064 INFO o.a.j.t.JMeterThread: Thread started: Thread-Gruppe 1-25
2025-02-27 15:22:02,197 INFO o.a.j.t.JMeterThread: Thread started: Thread-Gruppe 1-26
2025-02-27 15:22:02,329 INFO o.a.j.t.JMeterThread: Thread started: Thread-Gruppe 1-27
2025-02-27 15:22:02,464 INFO o.a.j.t.JMeterThread: Thread started: Thread-Gruppe 1-28
2025-02-27 15:22:02,502 INFO o.a.j.t.JMeterThread: Thread started: Thread-Gruppe 2-8
2025-02-27 15:22:02,595 INFO o.a.j.t.JMeterThread: Thread started: Thread-Gruppe 1-29
2025-02-27 15:22:02,730 INFO o.a.j.t.JMeterThread: Thread started: Thread-Gruppe 1-30
2025-02-27 15:22:02,862 INFO o.a.j.t.JMeterThread: Thread started: Thread-Gruppe 1-31
2025-02-27 15:22:02,995 INFO o.a.j.t.JMeterThread: Thread started: Thread-Gruppe 1-32
2025-02-27 15:22:03,002 INFO o.a.j.t.JMeterThread: Thread started: Thread-Gruppe 2-9
2025-02-27 15:22:03,028 INFO o.a.j.t.JMeterThread: Thread started: Thread-Gruppe 3-3
2025-02-27 15:22:03,127 INFO o.a.j.t.JMeterThread: Thread started: Thread-Gruppe 1-33
2025-02-27 15:22:03,260 INFO o.a.j.t.JMeterThread: Thread started: Thread-Gruppe 1-34
2025-02-27 15:22:03,393 INFO o.a.j.t.JMeterThread: Thread started: Thread-Gruppe 1-35
2025-02-27 15:22:03,503 INFO o.a.j.t.JMeterThread: Thread started: Thread-Gruppe 2-10
2025-02-27 15:22:03,527 INFO o.a.j.t.JMeterThread: Thread started: Thread-Gruppe 1-36
2025-02-27 15:22:03,659 INFO o.a.j.t.JMeterThread: Thread started: Thread-Gruppe 1-37
2025-02-27 15:22:03,793 INFO o.a.j.t.JMeterThread: Thread started: Thread-Gruppe 1-38
2025-02-27 15:22:03,925 INFO o.a.j.t.JMeterThread: Thread started: Thread-Gruppe 1-39
2025-02-27 15:22:04,002 INFO o.a.j.t.JMeterThread: Thread started: Thread-Gruppe 2-11
2025-02-27 15:22:04,058 INFO o.a.j.t.JMeterThread: Thread started: Thread-Gruppe 1-40
2025-02-27 15:22:04,192 INFO o.a.j.t.JMeterThread: Thread started: Thread-Gruppe 1-41
2025-02-27 15:22:04,325 INFO o.a.j.t.JMeterThread: Thread started: Thread-Gruppe 1-42
2025-02-27 15:22:04,458 INFO o.a.j.t.JMeterThread: Thread started: Thread-Gruppe 1-43
2025-02-27 15:22:04,502 INFO o.a.j.t.JMeterThread: Thread started: Thread-Gruppe 2-12
2025-02-27 15:22:04,591 INFO o.a.j.t.JMeterThread: Thread started: Thread-Gruppe 1-44
2025-02-27 15:22:04,723 INFO o.a.j.t.JMeterThread: Thread started: Thread-Gruppe 1-45
2025-02-27 15:22:04,857 INFO o.a.j.t.JMeterThread: Thread started: Thread-Gruppe 1-46
2025-02-27 15:22:04,990 INFO o.a.j.t.JMeterThread: Thread started: Thread-Gruppe 1-47
2025-02-27 15:22:05,004 INFO o.a.j.t.JMeterThread: Thread started: Thread-Gruppe 2-13
2025-02-27 15:22:05,028 INFO o.a.j.t.JMeterThread: Thread started: Thread-Gruppe 3-4
2025-02-27 15:22:05,123 INFO o.a.j.t.JMeterThread: Thread started: Thread-Gruppe 1-48
2025-02-27 15:22:05,256 INFO o.a.j.t.JMeterThread: Thread started: Thread-Gruppe 1-49
2025-02-27 15:22:05,388 INFO o.a.j.t.JMeterThread: Thread started: Thread-Gruppe 1-50
2025-02-27 15:22:05,504 INFO o.a.j.t.JMeterThread: Thread started: Thread-Gruppe 2-14
2025-02-27 15:22:05,521 INFO o.a.j.t.JMeterThread: Thread started: Thread-Gruppe 1-51
2025-02-27 15:22:05,653 INFO o.a.j.t.JMeterThread: Thread started: Thread-Gruppe 1-52
2025-02-27 15:22:05,787 INFO o.a.j.t.JMeterThread: Thread started: Thread-Gruppe 1-53
2025-02-27 15:22:05,921 INFO o.a.j.t.JMeterThread: Thread started: Thread-Gruppe 1-54
2025-02-27 15:22:06,004 INFO o.a.j.t.JMeterThread: Thread started: Thread-Gruppe 2-15
2025-02-27 15:22:06,052 INFO o.a.j.t.JMeterThread: Thread started: Thread-Gruppe 1-55
2025-02-27 15:22:06,186 INFO o.a.j.t.JMeterThread: Thread started: Thread-Gruppe 1-56
2025-02-27 15:22:06,320 INFO o.a.j.t.JMeterThread: Thread started: Thread-Gruppe 1-57
2025-02-27 15:22:06,451 INFO o.a.j.t.JMeterThread: Thread started: Thread-Gruppe 1-58
2025-02-27 15:22:06,503 INFO o.a.j.t.JMeterThread: Thread started: Thread-Gruppe 2-16
2025-02-27 15:22:06,584 INFO o.a.j.t.JMeterThread: Thread started: Thread-Gruppe 1-59
2025-02-27 15:22:06,717 INFO o.a.j.t.JMeterThread: Thread started: Thread-Gruppe 1-60
2025-02-27 15:22:06,851 INFO o.a.j.t.JMeterThread: Thread started: Thread-Gruppe 1-61
2025-02-27 15:22:06,985 INFO o.a.j.t.JMeterThread: Thread started: Thread-Gruppe 1-62
2025-02-27 15:22:07,005 INFO o.a.j.t.JMeterThread: Thread started: Thread-Gruppe 2-17
2025-02-27 15:22:07,028 INFO o.a.j.t.JMeterThread: Thread started: Thread-Gruppe 3-5
2025-02-27 15:22:07,120 INFO o.a.j.t.JMeterThread: Thread started: Thread-Gruppe 1-63
2025-02-27 15:22:07,252 INFO o.a.j.t.JMeterThread: Thread started: Thread-Gruppe 1-64
2025-02-27 15:22:07,385 INFO o.a.j.t.JMeterThread: Thread started: Thread-Gruppe 1-65
2025-02-27 15:22:07,503 INFO o.a.j.t.JMeterThread: Thread started: Thread-Gruppe 2-18
2025-02-27 15:22:07,516 INFO o.a.j.t.JMeterThread: Thread started: Thread-Gruppe 1-66
2025-02-27 15:22:07,650 INFO o.a.j.t.JMeterThread: Thread started: Thread-Gruppe 1-67
2025-02-27 15:22:07,782 INFO o.a.j.t.JMeterThread: Thread started: Thread-Gruppe 1-68
2025-02-27 15:22:07,915 INFO o.a.j.t.JMeterThread: Thread started: Thread-Gruppe 1-69
2025-02-27 15:22:08,002 INFO o.a.j.t.JMeterThread: Thread started: Thread-Gruppe 2-19
2025-02-27 15:22:08,048 INFO o.a.j.t.JMeterThread: Thread started: Thread-Gruppe 1-70
2025-02-27 15:22:08,181 INFO o.a.j.t.JMeterThread: Thread started: Thread-Gruppe 1-71
2025-02-27 15:22:08,314 INFO o.a.j.t.JMeterThread: Thread started: Thread-Gruppe 1-72
2025-02-27 15:22:08,446 INFO o.a.j.t.JMeterThread: Thread started: Thread-Gruppe 1-73
2025-02-27 15:22:08,502 INFO o.a.j.t.JMeterThread: Thread started: Thread-Gruppe 2-20
2025-02-27 15:22:08,580 INFO o.a.j.t.JMeterThread: Thread started: Thread-Gruppe 1-74
2025-02-27 15:22:08,712 INFO o.a.j.t.JMeterThread: Thread started: Thread-Gruppe 1-75
2025-02-27 15:22:30,013 INFO o.a.j.r.Summariser: summary +   2015 in 00:00:30 =   67.2/s Avg:   345 Min:   244 Max:  2573 Err:     0 (0.00%) Active: 100 Started: 100 Finished: 0
2025-02-27 15:22:30,015 INFO o.a.j.r.Summariser: summary =   2023 in 00:01:32 =   22.1/s Avg:   346 Min:   244 Max:  2573 Err:     0 (0.00%)
2025-02-27 15:23:00,002 INFO o.a.j.r.Summariser: summary +   2253 in 00:00:30 =   75.1/s Avg:   344 Min:   245 Max:  2758 Err:     0 (0.00%) Active: 100 Started: 100 Finished: 0
2025-02-27 15:23:00,004 INFO o.a.j.r.Summariser: summary =   4276 in 00:02:02 =   35.2/s Avg:   345 Min:   244 Max:  2758 Err:     0 (0.00%)
2025-02-27 15:23:30,000 INFO o.a.j.r.Summariser: summary +   2281 in 00:00:30 =   76.0/s Avg:   348 Min:   244 Max:  3079 Err:     0 (0.00%) Active: 100 Started: 100 Finished: 0
2025-02-27 15:23:30,001 INFO o.a.j.r.Summariser: summary =   6557 in 00:02:32 =   43.3/s Avg:   346 Min:   244 Max:  3079 Err:     0 (0.00%)
2025-02-27 15:24:00,000 INFO o.a.j.r.Summariser: summary +   2267 in 00:00:30 =   75.6/s Avg:   351 Min:   245 Max:  2770 Err:     0 (0.00%) Active: 100 Started: 100 Finished: 0
2025-02-27 15:24:00,002 INFO o.a.j.r.Summariser: summary =   8824 in 00:03:02 =   48.6/s Avg:   347 Min:   244 Max:  3079 Err:     0 (0.00%)
2025-02-27 15:24:30,011 INFO o.a.j.r.Summariser: summary +   2283 in 00:00:30 =   76.1/s Avg:   346 Min:   245 Max:  1257 Err:     0 (0.00%) Active: 100 Started: 100 Finished: 0
2025-02-27 15:24:30,013 INFO o.a.j.r.Summariser: summary =  11107 in 00:03:32 =   52.5/s Avg:   347 Min:   244 Max:  3079 Err:     0 (0.00%)
2025-02-27 15:25:00,020 INFO o.a.j.r.Summariser: summary +   2260 in 00:00:30 =   75.3/s Avg:   342 Min:   244 Max:  2901 Err:     0 (0.00%) Active: 100 Started: 100 Finished: 0
2025-02-27 15:25:00,021 INFO o.a.j.r.Summariser: summary =  13367 in 00:04:02 =   55.3/s Avg:   346 Min:   244 Max:  3079 Err:     0 (0.00%)
2025-02-27 15:25:30,016 INFO o.a.j.r.Summariser: summary +   2271 in 00:00:30 =   75.7/s Avg:   363 Min:   244 Max:  3009 Err:     0 (0.00%) Active: 100 Started: 100 Finished: 0
2025-02-27 15:25:30,018 INFO o.a.j.r.Summariser: summary =  15638 in 00:04:32 =   57.6/s Avg:   349 Min:   244 Max:  3079 Err:     0 (0.00%)
2025-02-27 15:26:00,004 INFO o.a.j.r.Summariser: summary +   2275 in 00:00:30 =   75.9/s Avg:   341 Min:   245 Max:  2829 Err:     0 (0.00%) Active: 100 Started: 100 Finished: 0
2025-02-27 15:26:00,006 INFO o.a.j.r.Summariser: summary =  17913 in 00:05:02 =   59.4/s Avg:   348 Min:   244 Max:  3079 Err:     0 (0.00%)
2025-02-27 15:26:30,028 INFO o.a.j.r.Summariser: summary +   2282 in 00:00:30 =   76.0/s Avg:   351 Min:   245 Max:  1348 Err:     0 (0.00%) Active: 100 Started: 100 Finished: 0
2025-02-27 15:26:30,030 INFO o.a.j.r.Summariser: summary =  20195 in 00:05:32 =   60.9/s Avg:   348 Min:   244 Max:  3079 Err:     0 (0.00%)
2025-02-27 15:27:00,020 INFO o.a.j.r.Summariser: summary +   2295 in 00:00:30 =   76.5/s Avg:   331 Min:   245 Max:   876 Err:     0 (0.00%) Active: 100 Started: 100 Finished: 0
2025-02-27 15:27:00,021 INFO o.a.j.r.Summariser: summary =  22490 in 00:06:02 =   62.2/s Avg:   346 Min:   244 Max:  3079 Err:     0 (0.00%)
2025-02-27 15:27:30,025 INFO o.a.j.r.Summariser: summary +   2281 in 00:00:30 =   76.0/s Avg:   343 Min:   246 Max:  1133 Err:     0 (0.00%) Active: 100 Started: 100 Finished: 0
2025-02-27 15:27:30,027 INFO o.a.j.r.Summariser: summary =  24771 in 00:06:32 =   63.3/s Avg:   346 Min:   244 Max:  3079 Err:     0 (0.00%)
2025-02-27 15:28:00,005 INFO o.a.j.r.Summariser: summary +   2286 in 00:00:30 =   76.3/s Avg:   334 Min:   245 Max:  2053 Err:     0 (0.00%) Active: 100 Started: 100 Finished: 0
2025-02-27 15:28:00,006 INFO o.a.j.r.Summariser: summary =  27057 in 00:07:02 =   64.2/s Avg:   345 Min:   244 Max:  3079 Err:     0 (0.00%)
2025-02-27 15:28:30,012 INFO o.a.j.r.Summariser: summary +   2276 in 00:00:30 =   75.8/s Avg:   368 Min:   245 Max:  2311 Err:     0 (0.00%) Active: 100 Started: 100 Finished: 0
2025-02-27 15:28:30,014 INFO o.a.j.r.Summariser: summary =  29333 in 00:07:32 =   65.0/s Avg:   347 Min:   244 Max:  3079 Err:     0 (0.00%)
2025-02-27 15:29:00,035 INFO o.a.j.r.Summariser: summary +   2283 in 00:00:30 =   76.0/s Avg:   332 Min:   245 Max:  1564 Err:     0 (0.00%) Active: 100 Started: 100 Finished: 0
2025-02-27 15:29:00,036 INFO o.a.j.r.Summariser: summary =  31616 in 00:08:02 =   65.7/s Avg:   346 Min:   244 Max:  3079 Err:     0 (0.00%)
2025-02-27 15:29:30,007 INFO o.a.j.r.Summariser: summary +   2275 in 00:00:30 =   75.9/s Avg:   371 Min:   245 Max:  1287 Err:     0 (0.00%) Active: 100 Started: 100 Finished: 0
2025-02-27 15:29:30,009 INFO o.a.j.r.Summariser: summary =  33891 in 00:08:32 =   66.3/s Avg:   348 Min:   244 Max:  3079 Err:     0 (0.00%)
2025-02-27 15:30:00,000 INFO o.a.j.r.Summariser: summary +   2299 in 00:00:30 =   76.6/s Avg:   326 Min:   244 Max:  1017 Err:     0 (0.00%) Active: 100 Started: 100 Finished: 0
2025-02-27 15:30:00,001 INFO o.a.j.r.Summariser: summary =  36190 in 00:09:02 =   66.8/s Avg:   346 Min:   244 Max:  3079 Err:     0 (0.00%)
2025-02-27 15:30:30,003 INFO o.a.j.r.Summariser: summary +   2283 in 00:00:30 =   76.1/s Avg:   363 Min:   245 Max:  1222 Err:     0 (0.00%) Active: 100 Started: 100 Finished: 0
2025-02-27 15:30:30,005 INFO o.a.j.r.Summariser: summary =  38473 in 00:09:32 =   67.3/s Avg:   347 Min:   244 Max:  3079 Err:     0 (0.00%)
2025-02-27 15:31:00,008 INFO o.a.j.r.Summariser: summary +   2259 in 00:00:30 =   75.3/s Avg:   370 Min:   245 Max:  1903 Err:     0 (0.00%) Active: 100 Started: 100 Finished: 0
2025-02-27 15:31:00,009 INFO o.a.j.r.Summariser: summary =  40732 in 00:10:02 =   67.7/s Avg:   348 Min:   244 Max:  3079 Err:     0 (0.00%)
2025-02-27 15:31:30,018 INFO o.a.j.r.Summariser: summary +   2277 in 00:00:30 =   75.9/s Avg:   360 Min:   245 Max:  1941 Err:     0 (0.00%) Active: 100 Started: 100 Finished: 0
2025-02-27 15:31:30,020 INFO o.a.j.r.Summariser: summary =  43009 in 00:10:32 =   68.1/s Avg:   349 Min:   244 Max:  3079 Err:     0 (0.00%)
2025-02-27 15:31:57,203 INFO o.a.j.t.JMeterThread: Thread finished: Thread-Gruppe 1-1
2025-02-27 15:31:57,262 INFO o.a.j.t.JMeterThread: Thread finished: Thread-Gruppe 1-17
2025-02-27 15:31:57,262 INFO o.a.j.t.JMeterThread: Thread finished: Thread-Gruppe 1-62
2025-02-27 15:31:57,262 INFO o.a.j.t.JMeterThread: Thread finished: Thread-Gruppe 1-2
2025-02-27 15:31:57,262 INFO o.a.j.t.JMeterThread: Thread finished: Thread-Gruppe 1-47
2025-02-27 15:31:57,400 INFO o.a.j.t.JMeterThread: Thread finished: Thread-Gruppe 1-18
2025-02-27 15:31:57,400 INFO o.a.j.t.JMeterThread: Thread finished: Thread-Gruppe 1-3
2025-02-27 15:31:57,400 INFO o.a.j.t.JMeterThread: Thread finished: Thread-Gruppe 1-63
2025-02-27 15:31:57,542 INFO o.a.j.t.JMeterThread: Thread finished: Thread-Gruppe 1-64
2025-02-27 15:31:57,542 INFO o.a.j.t.JMeterThread: Thread finished: Thread-Gruppe 1-19
2025-02-27 15:31:57,543 INFO o.a.j.t.JMeterThread: Thread finished: Thread-Gruppe 1-49
2025-02-27 15:31:57,645 INFO o.a.j.t.JMeterThread: Thread finished: Thread-Gruppe 1-14
2025-02-27 15:31:57,656 INFO o.a.j.t.JMeterThread: Thread finished: Thread-Gruppe 1-4
2025-02-27 15:31:57,670 INFO o.a.j.t.JMeterThread: Thread finished: Thread-Gruppe 1-65
2025-02-27 15:31:57,710 INFO o.a.j.t.JMeterThread: Thread finished: Thread-Gruppe 1-20
2025-02-27 15:31:57,736 INFO o.a.j.t.JMeterThread: Thread finished: Thread-Gruppe 1-5
2025-02-27 15:31:57,779 INFO o.a.j.t.JMeterThread: Thread finished: Thread-Gruppe 1-66
2025-02-27 15:31:57,788 INFO o.a.j.t.JMeterThread: Thread finished: Thread-Gruppe 1-51
2025-02-27 15:31:57,798 INFO o.a.j.t.JMeterThread: Thread finished: Thread-Gruppe 1-21
2025-02-27 15:31:57,917 INFO o.a.j.t.JMeterThread: Thread finished: Thread-Gruppe 1-67
2025-02-27 15:31:57,936 INFO o.a.j.t.JMeterThread: Thread finished: Thread-Gruppe 1-22
2025-02-27 15:31:57,936 INFO o.a.j.t.JMeterThread: Thread finished: Thread-Gruppe 1-7
2025-02-27 15:31:57,964 INFO o.a.j.t.JMeterThread: Thread finished: Thread-Gruppe 1-16
2025-02-27 15:31:57,977 INFO o.a.j.t.JMeterThread: Thread finished: Thread-Gruppe 1-33
2025-02-27 15:31:57,989 INFO o.a.j.t.JMeterThread: Thread finished: Thread-Gruppe 1-48
2025-02-27 15:31:58,074 INFO o.a.j.t.JMeterThread: Thread finished: Thread-Gruppe 1-68
2025-02-27 15:31:58,074 INFO o.a.j.t.JMeterThread: Thread finished: Thread-Gruppe 1-53
2025-02-27 15:31:58,102 INFO o.a.j.t.JMeterThread: Thread finished: Thread-Gruppe 1-23
2025-02-27 15:31:58,102 INFO o.a.j.t.JMeterThread: Thread finished: Thread-Gruppe 1-8
2025-02-27 15:31:58,115 INFO o.a.j.t.JMeterThread: Thread finished: Thread-Gruppe 1-6
2025-02-27 15:31:58,176 INFO o.a.j.t.JMeterThread: Thread finished: Thread-Gruppe 1-69
2025-02-27 15:31:58,186 INFO o.a.j.t.JMeterThread: Thread finished: Thread-Gruppe 1-54
2025-02-27 15:31:58,204 INFO o.a.j.t.JMeterThread: Thread finished: Thread-Gruppe 1-24
2025-02-27 15:31:58,237 INFO o.a.j.t.JMeterThread: Thread finished: Thread-Gruppe 1-9
2025-02-27 15:31:58,242 INFO o.a.j.t.JMeterThread: Thread finished: Thread-Gruppe 1-35
2025-02-27 15:31:58,242 INFO o.a.j.t.JMeterThread: Thread finished: Thread-Gruppe 1-34
2025-02-27 15:31:58,254 INFO o.a.j.t.JMeterThread: Thread finished: Thread-Gruppe 1-50
2025-02-27 15:31:58,318 INFO o.a.j.t.JMeterThread: Thread finished: Thread-Gruppe 1-70
2025-02-27 15:31:58,325 INFO o.a.j.t.JMeterThread: Thread finished: Thread-Gruppe 1-25
2025-02-27 15:31:58,325 INFO o.a.j.t.JMeterThread: Thread finished: Thread-Gruppe 1-55
2025-02-27 15:31:58,340 INFO o.a.j.t.JMeterThread: Thread finished: Thread-Gruppe 1-10
2025-02-27 15:31:58,465 INFO o.a.j.t.JMeterThread: Thread finished: Thread-Gruppe 1-37
2025-02-27 15:31:58,465 INFO o.a.j.t.JMeterThread: Thread finished: Thread-Gruppe 1-71
2025-02-27 15:31:58,466 INFO o.a.j.t.JMeterThread: Thread finished: Thread-Gruppe 1-56
2025-02-27 15:31:58,486 INFO o.a.j.t.JMeterThread: Thread finished: Thread-Gruppe 1-26
2025-02-27 15:31:58,535 INFO o.a.j.t.JMeterThread: Thread finished: Thread-Gruppe 1-32
2025-02-27 15:31:58,585 INFO o.a.j.t.JMeterThread: Thread finished: Thread-Gruppe 1-72
2025-02-27 15:31:58,597 INFO o.a.j.t.JMeterThread: Thread finished: Thread-Gruppe 1-57
2025-02-27 15:31:58,608 INFO o.a.j.t.JMeterThread: Thread finished: Thread-Gruppe 1-27
2025-02-27 15:31:58,693 INFO o.a.j.t.JMeterThread: Thread finished: Thread-Gruppe 2-8
2025-02-27 15:31:58,752 INFO o.a.j.t.JMeterThread: Thread finished: Thread-Gruppe 2-12
2025-02-27 15:31:58,752 INFO o.a.j.t.JMeterThread: Thread finished: Thread-Gruppe 1-73
2025-02-27 15:31:58,780 INFO o.a.j.t.JMeterThread: Thread finished: Thread-Gruppe 1-39
2025-02-27 15:31:58,784 INFO o.a.j.t.JMeterThread: Thread finished: Thread-Gruppe 1-28
2025-02-27 15:31:58,784 INFO o.a.j.t.JMeterThread: Thread finished: Thread-Gruppe 2-10
2025-02-27 15:31:58,784 INFO o.a.j.t.JMeterThread: Thread finished: Thread-Gruppe 1-13
2025-02-27 15:31:58,784 INFO o.a.j.t.JMeterThread: Thread finished: Thread-Gruppe 1-58
2025-02-27 15:31:58,823 INFO o.a.j.t.JMeterThread: Thread finished: Thread-Gruppe 1-11
2025-02-27 15:31:58,861 INFO o.a.j.t.JMeterThread: Thread finished: Thread-Gruppe 2-16
2025-02-27 15:31:58,874 INFO o.a.j.t.JMeterThread: Thread finished: Thread-Gruppe 1-52
2025-02-27 15:31:58,883 INFO o.a.j.t.JMeterThread: Thread finished: Thread-Gruppe 2-13
2025-02-27 15:31:58,905 INFO o.a.j.t.JMeterThread: Thread finished: Thread-Gruppe 1-74
2025-02-27 15:31:58,916 INFO o.a.j.t.JMeterThread: Thread finished: Thread-Gruppe 2-6
2025-02-27 15:31:58,917 INFO o.a.j.t.JMeterThread: Thread finished: Thread-Gruppe 1-59
2025-02-27 15:31:58,938 INFO o.a.j.t.JMeterThread: Thread finished: Thread-Gruppe 2-17
2025-02-27 15:31:58,957 INFO o.a.j.t.JMeterThread: Stopping because end time detected by thread: Thread-Gruppe 1-29
2025-02-27 15:31:58,958 INFO o.a.j.t.JMeterThread: Thread finished: Thread-Gruppe 1-29
2025-02-27 15:31:58,958 INFO o.a.j.t.JMeterThread: Thread finished: Thread-Gruppe 3-5
2025-02-27 15:31:58,959 INFO o.a.j.t.JMeterThread: Thread finished: Thread-Gruppe 2-18
2025-02-27 15:31:58,959 INFO o.a.j.t.JMeterThread: Thread finished: Thread-Gruppe 2-5
2025-02-27 15:31:58,966 INFO o.a.j.t.JMeterThread: Thread finished: Thread-Gruppe 1-75
2025-02-27 15:31:58,966 INFO o.a.j.t.JMeterThread: Thread finished: Thread-Gruppe 1-60
2025-02-27 15:31:58,981 INFO o.a.j.t.JMeterThread: Stopping because end time detected by thread: Thread-Gruppe 1-30
2025-02-27 15:31:58,981 INFO o.a.j.t.JMeterThread: Thread finished: Thread-Gruppe 1-30
2025-02-27 15:31:58,981 INFO o.a.j.t.JMeterThread: Thread finished: Thread-Gruppe 2-20
2025-02-27 15:31:58,981 INFO o.a.j.t.JMeterThread: Thread finished: Thread-Gruppe 2-19
2025-02-27 15:31:58,996 INFO o.a.j.t.JMeterThread: Stopping because end time detected by thread: Thread-Gruppe 1-15
2025-02-27 15:31:58,996 INFO o.a.j.t.JMeterThread: Thread finished: Thread-Gruppe 1-15
2025-02-27 15:31:59,066 INFO o.a.j.t.JMeterThread: Stopping because end time detected by thread: Thread-Gruppe 2-1
2025-02-27 15:31:59,066 INFO o.a.j.t.JMeterThread: Thread finished: Thread-Gruppe 2-1
2025-02-27 15:31:59,097 INFO o.a.j.t.JMeterThread: Stopping because end time detected by thread: Thread-Gruppe 1-41
2025-02-27 15:31:59,097 INFO o.a.j.t.JMeterThread: Stopping because end time detected by thread: Thread-Gruppe 2-7
2025-02-27 15:31:59,097 INFO o.a.j.t.JMeterThread: Thread finished: Thread-Gruppe 1-41
2025-02-27 15:31:59,097 INFO o.a.j.t.JMeterThread: Thread finished: Thread-Gruppe 2-7
2025-02-27 15:31:59,112 INFO o.a.j.t.JMeterThread: Stopping because end time detected by thread: Thread-Gruppe 2-4
2025-02-27 15:31:59,112 INFO o.a.j.t.JMeterThread: Stopping because end time detected by thread: Thread-Gruppe 1-12
2025-02-27 15:31:59,112 INFO o.a.j.t.JMeterThread: Thread finished: Thread-Gruppe 2-4
2025-02-27 15:31:59,112 INFO o.a.j.t.JMeterThread: Stopping because end time detected by thread: Thread-Gruppe 3-2
2025-02-27 15:31:59,112 INFO o.a.j.t.JMeterThread: Thread finished: Thread-Gruppe 1-12
2025-02-27 15:31:59,112 INFO o.a.j.t.JMeterThread: Thread finished: Thread-Gruppe 3-2
2025-02-27 15:31:59,127 INFO o.a.j.t.JMeterThread: Stopping because end time detected by thread: Thread-Gruppe 1-61
2025-02-27 15:31:59,127 INFO o.a.j.t.JMeterThread: Thread finished: Thread-Gruppe 1-61
2025-02-27 15:31:59,142 INFO o.a.j.t.JMeterThread: Stopping because end time detected by thread: Thread-Gruppe 2-2
2025-02-27 15:31:59,142 INFO o.a.j.t.JMeterThread: Thread finished: Thread-Gruppe 2-2
2025-02-27 15:31:59,157 INFO o.a.j.t.JMeterThread: Stopping because end time detected by thread: Thread-Gruppe 1-31
2025-02-27 15:31:59,157 INFO o.a.j.t.JMeterThread: Thread finished: Thread-Gruppe 1-31
2025-02-27 15:31:59,172 INFO o.a.j.t.JMeterThread: Stopping because end time detected by thread: Thread-Gruppe 3-3
2025-02-27 15:31:59,172 INFO o.a.j.t.JMeterThread: Stopping because end time detected by thread: Thread-Gruppe 2-15
2025-02-27 15:31:59,172 INFO o.a.j.t.JMeterThread: Thread finished: Thread-Gruppe 3-3
2025-02-27 15:31:59,172 INFO o.a.j.t.JMeterThread: Thread finished: Thread-Gruppe 2-15
2025-02-27 15:31:59,202 INFO o.a.j.t.JMeterThread: Stopping because end time detected by thread: Thread-Gruppe 2-14
2025-02-27 15:31:59,202 INFO o.a.j.t.JMeterThread: Thread finished: Thread-Gruppe 2-14
2025-02-27 15:31:59,232 INFO o.a.j.t.JMeterThread: Stopping because end time detected by thread: Thread-Gruppe 1-42
2025-02-27 15:31:59,232 INFO o.a.j.t.JMeterThread: Stopping because end time detected by thread: Thread-Gruppe 2-11
2025-02-27 15:31:59,232 INFO o.a.j.t.JMeterThread: Thread finished: Thread-Gruppe 1-42
2025-02-27 15:31:59,232 INFO o.a.j.t.JMeterThread: Thread finished: Thread-Gruppe 2-11
2025-02-27 15:31:59,247 INFO o.a.j.t.JMeterThread: Stopping because end time detected by thread: Thread-Gruppe 3-4
2025-02-27 15:31:59,247 INFO o.a.j.t.JMeterThread: Thread finished: Thread-Gruppe 3-4
2025-02-27 15:31:59,247 INFO o.a.j.t.JMeterThread: Stopping because end time detected by thread: Thread-Gruppe 3-1
2025-02-27 15:31:59,247 INFO o.a.j.t.JMeterThread: Thread finished: Thread-Gruppe 3-1
2025-02-27 15:31:59,367 INFO o.a.j.t.JMeterThread: Stopping because end time detected by thread: Thread-Gruppe 1-43
2025-02-27 15:31:59,367 INFO o.a.j.t.JMeterThread: Thread finished: Thread-Gruppe 1-43
2025-02-27 15:31:59,382 INFO o.a.j.t.JMeterThread: Stopping because end time detected by thread: Thread-Gruppe 1-36
2025-02-27 15:31:59,382 INFO o.a.j.t.JMeterThread: Thread finished: Thread-Gruppe 1-36
2025-02-27 15:31:59,498 INFO o.a.j.t.JMeterThread: Stopping because end time detected by thread: Thread-Gruppe 1-44
2025-02-27 15:31:59,498 INFO o.a.j.t.JMeterThread: Stopping because end time detected by thread: Thread-Gruppe 2-9
2025-02-27 15:31:59,498 INFO o.a.j.t.JMeterThread: Thread finished: Thread-Gruppe 1-44
2025-02-27 15:31:59,498 INFO o.a.j.t.JMeterThread: Thread finished: Thread-Gruppe 2-9
2025-02-27 15:31:59,498 INFO o.a.j.t.JMeterThread: Stopping because end time detected by thread: Thread-Gruppe 2-3
2025-02-27 15:31:59,498 INFO o.a.j.t.JMeterThread: Thread finished: Thread-Gruppe 2-3
2025-02-27 15:31:59,528 INFO o.a.j.t.JMeterThread: Stopping because end time detected by thread: Thread-Gruppe 1-45
2025-02-27 15:31:59,543 INFO o.a.j.t.JMeterThread: Thread finished: Thread-Gruppe 1-45
2025-02-27 15:31:59,641 INFO o.a.j.t.JMeterThread: Stopping because end time detected by thread: Thread-Gruppe 1-40
2025-02-27 15:31:59,641 INFO o.a.j.t.JMeterThread: Thread finished: Thread-Gruppe 1-40
2025-02-27 15:31:59,656 INFO o.a.j.t.JMeterThread: Stopping because end time detected by thread: Thread-Gruppe 1-38
2025-02-27 15:31:59,656 INFO o.a.j.t.JMeterThread: Thread finished: Thread-Gruppe 1-38
2025-02-27 15:31:59,656 INFO o.a.j.t.JMeterThread: Stopping because end time detected by thread: Thread-Gruppe 1-46
2025-02-27 15:31:59,672 INFO o.a.j.t.JMeterThread: Thread finished: Thread-Gruppe 1-46
2025-02-27 15:31:59,673 INFO o.a.j.e.StandardJMeterEngine: Notifying test listeners of end of test
2025-02-27 15:31:59,674 INFO o.a.j.r.Summariser: summary +   2223 in 00:00:30 =   75.0/s Avg:   353 Min:   247 Max:  1057 Err:     0 (0.00%) Active: 0 Started: 100 Finished: 100
2025-02-27 15:31:59,689 INFO o.a.j.r.Summariser: summary =  45232 in 00:11:01 =   68.4/s Avg:   349 Min:   244 Max:  3079 Err:     0 (0.00%)
