2025-02-28 11:28:47,712 INFO o.a.j.u.JMeterUtils: Setting Locale to en_EN
2025-02-28 11:28:47,734 INFO o.a.j.JMeter: Loading user properties from: C:\Users\ASUS\Desktop\apache-jmeter-5.6.3\apache-jmeter-5.6.3\bin\user.properties
2025-02-28 11:28:47,741 INFO o.a.j.JMeter: Loading system properties from: C:\Users\ASUS\Desktop\apache-jmeter-5.6.3\apache-jmeter-5.6.3\bin\system.properties
2025-02-28 11:28:47,741 INFO o.a.j.JMeter: Setting JMeter property: lb_1_hostname=34.123.91.22
2025-02-28 11:28:47,741 INFO o.a.j.JMeter: Setting JMeter property: lb_2_hostname=35.224.254.232
2025-02-28 11:28:47,741 INFO o.a.j.JMeter: Setting JMeter property: lb_1_port=8090
2025-02-28 11:28:47,741 INFO o.a.j.JMeter: Setting JMeter property: lb_2_port=8091
2025-02-28 11:28:47,743 INFO o.a.j.JMeter: Setting JMeter property: warm_up_users=20
2025-02-28 11:28:47,743 INFO o.a.j.JMeter: Setting JMeter property: warm_up_time=60
2025-02-28 11:28:47,743 INFO o.a.j.JMeter: Setting JMeter property: test_run_time=600
2025-02-28 11:28:47,743 INFO o.a.j.JMeter: Setting JMeter property: ramp_up=10
2025-02-28 11:28:47,743 INFO o.a.j.JMeter: Setting JMeter property: group_1=75
2025-02-28 11:28:47,743 INFO o.a.j.JMeter: Setting JMeter property: group_2=20
2025-02-28 11:28:47,743 INFO o.a.j.JMeter: Setting JMeter property: group_3=5
2025-02-28 11:28:47,743 INFO o.a.j.JMeter: Setting JMeter property: group_1_request_rate=30
2025-02-28 11:28:47,743 INFO o.a.j.JMeter: Setting JMeter property: group_2_request_rate=90
2025-02-28 11:28:47,743 INFO o.a.j.JMeter: Setting JMeter property: group_3_request_rate=120
2025-02-28 11:28:47,743 INFO o.a.j.JMeter: Setting JMeter property: log_file=c:\\Users\\ASUS\\Desktop\\Repos\\rate-limiter-nginx\\jmeter\\cloud\\2025_02_28_10_00_logs\\sliding_window_logs\\mysql_script_rate_limit_100_window_size_60\\warm_up_results.csv
2025-02-28 11:28:47,743 INFO o.a.j.JMeter: Setting JMeter property: algorithm=sliding_window_logs_mysql_script_rate_limit_100_window_size_60
2025-02-28 11:28:47,743 INFO o.a.j.JMeter: Setting JMeter property: auth=/sliding_window_logs/mysql_script_rate_limit_100_window_size_60/tools.descartes.teastore.auth/rest
2025-02-28 11:28:47,743 INFO o.a.j.JMeter: Setting JMeter property: persistence=/sliding_window_logs/mysql_script_rate_limit_100_window_size_60/tools.descartes.teastore.persistence/rest
2025-02-28 11:28:47,743 INFO o.a.j.JMeter: Setting JMeter property: recommender=/sliding_window_logs/mysql_script_rate_limit_100_window_size_60/tools.descartes.teastore.recommender/rest
2025-02-28 11:28:47,743 INFO o.a.j.JMeter: Setting JMeter property: image=/sliding_window_logs/mysql_script_rate_limit_100_window_size_60/tools.descartes.teastore.image/rest
2025-02-28 11:28:47,758 INFO o.a.j.JMeter: Copyright (c) 1998-2024 The Apache Software Foundation
2025-02-28 11:28:47,758 INFO o.a.j.JMeter: Version 5.6.3
2025-02-28 11:28:47,758 INFO o.a.j.JMeter: java.version=17.0.9
2025-02-28 11:28:47,758 INFO o.a.j.JMeter: java.vm.name=Java HotSpot(TM) 64-Bit Server VM
2025-02-28 11:28:47,758 INFO o.a.j.JMeter: os.name=Windows 11
2025-02-28 11:28:47,758 INFO o.a.j.JMeter: os.arch=amd64
2025-02-28 11:28:47,758 INFO o.a.j.JMeter: os.version=10.0
2025-02-28 11:28:47,758 INFO o.a.j.JMeter: file.encoding=Cp1252
2025-02-28 11:28:47,758 INFO o.a.j.JMeter: java.awt.headless=true
2025-02-28 11:28:47,758 INFO o.a.j.JMeter: Max memory     =1073741824
2025-02-28 11:28:47,758 INFO o.a.j.JMeter: Available Processors =12
2025-02-28 11:28:47,761 INFO o.a.j.JMeter: Default Locale=English (EN)
2025-02-28 11:28:47,761 INFO o.a.j.JMeter: JMeter  Locale=English (EN)
2025-02-28 11:28:47,761 INFO o.a.j.JMeter: JMeterHome=C:\Users\ASUS\Desktop\apache-jmeter-5.6.3\apache-jmeter-5.6.3
2025-02-28 11:28:47,761 INFO o.a.j.JMeter: user.dir  =C:\Users\ASUS\Desktop\Repos\rate-limiter-nginx
2025-02-28 11:28:47,761 INFO o.a.j.JMeter: PWD       =C:\Users\ASUS\Desktop\Repos\rate-limiter-nginx
2025-02-28 11:28:47,770 INFO o.a.j.JMeter: IP: 192.168.1.45 Name: THIVA FullName: THIVA
2025-02-28 11:28:47,786 INFO o.a.j.s.FileServer: Default base='C:\Users\ASUS\Desktop\Repos\rate-limiter-nginx'
2025-02-28 11:28:47,788 INFO o.a.j.s.FileServer: Set new base='c:\Users\ASUS\Desktop\Repos\rate-limiter-nginx\jmeter\cloud'
2025-02-28 11:28:48,062 INFO o.a.j.s.SaveService: Testplan (JMX) version: 2.2. Testlog (JTL) version: 2.2
2025-02-28 11:28:48,101 INFO o.a.j.s.SaveService: Using SaveService properties version 5.0
2025-02-28 11:28:48,102 INFO o.a.j.s.SaveService: Using SaveService properties file encoding UTF-8
2025-02-28 11:28:48,108 INFO o.a.j.s.SaveService: Loading file: c:\Users\ASUS\Desktop\Repos\rate-limiter-nginx\jmeter\cloud\teastore_performance.jmx
2025-02-28 11:28:48,161 INFO o.a.j.p.h.c.CookieManager: Settings: Delete null: true Check: true Allow variable: true Save: false Prefix: COOKIE_
2025-02-28 11:28:48,190 INFO o.a.j.p.h.s.HTTPSamplerBase: Parser for text/html is org.apache.jmeter.protocol.http.parser.LagartoBasedHtmlParser
2025-02-28 11:28:48,190 INFO o.a.j.p.h.s.HTTPSamplerBase: Parser for application/xhtml+xml is org.apache.jmeter.protocol.http.parser.LagartoBasedHtmlParser
2025-02-28 11:28:48,190 INFO o.a.j.p.h.s.HTTPSamplerBase: Parser for application/xml is org.apache.jmeter.protocol.http.parser.LagartoBasedHtmlParser
2025-02-28 11:28:48,190 INFO o.a.j.p.h.s.HTTPSamplerBase: Parser for text/xml is org.apache.jmeter.protocol.http.parser.LagartoBasedHtmlParser
2025-02-28 11:28:48,190 INFO o.a.j.p.h.s.HTTPSamplerBase: Parser for text/vnd.wap.wml is org.apache.jmeter.protocol.http.parser.RegexpHTMLParser
2025-02-28 11:28:48,190 INFO o.a.j.p.h.s.HTTPSamplerBase: Parser for text/css is org.apache.jmeter.protocol.http.parser.CssParser
2025-02-28 11:28:48,306 INFO o.a.j.s.SampleResult: Note: Sample TimeStamps are START times
2025-02-28 11:28:48,306 INFO o.a.j.s.SampleResult: sampleresult.default.encoding is set to UTF-8
2025-02-28 11:28:48,306 INFO o.a.j.s.SampleResult: sampleresult.useNanoTime=true
2025-02-28 11:28:48,306 INFO o.a.j.s.SampleResult: sampleresult.nanoThreadSleep=5000
2025-02-28 11:28:48,346 INFO o.a.j.JMeter: Creating summariser <summary>
2025-02-28 11:28:48,360 INFO o.a.j.e.StandardJMeterEngine: Running the test!
2025-02-28 11:28:48,360 INFO o.a.j.s.SampleEvent: List of sample_variables: []
2025-02-28 11:28:48,360 INFO o.a.j.s.SampleEvent: List of sample_variables: []
2025-02-28 11:28:48,362 INFO o.a.j.e.u.CompoundVariable: Note: Function class names must contain the string: '.functions.'
2025-02-28 11:28:48,362 INFO o.a.j.e.u.CompoundVariable: Note: Function class names must not contain the string: '.gui.'
2025-02-28 11:28:48,443 INFO o.a.j.r.ClassFinder: Will scan jar C:\Users\ASUS\Desktop\apache-jmeter-5.6.3\apache-jmeter-5.6.3\lib\ext\jmeter-plugins-casutg-2.10.jar with filter ExtendsClassFilter [parents=[interface org.apache.jmeter.functions.Function], inner=false, contains=null, notContains=null]. Consider exposing JMeter plugins via META-INF/services, and add JMeter-Skip-Class-Scanning=true manifest attribute so JMeter can skip classfile scanning
2025-02-28 11:28:48,459 INFO o.a.j.r.ClassFinder: Will scan jar C:\Users\ASUS\Desktop\apache-jmeter-5.6.3\apache-jmeter-5.6.3\lib\ext\jmeter-plugins-graphs-vs-2.0.jar with filter ExtendsClassFilter [parents=[interface org.apache.jmeter.functions.Function], inner=false, contains=null, notContains=null]. Consider exposing JMeter plugins via META-INF/services, and add JMeter-Skip-Class-Scanning=true manifest attribute so JMeter can skip classfile scanning
2025-02-28 11:28:48,459 INFO o.a.j.r.ClassFinder: Will scan jar C:\Users\ASUS\Desktop\apache-jmeter-5.6.3\apache-jmeter-5.6.3\lib\ext\jmeter-plugins-manager-1.9.jar with filter ExtendsClassFilter [parents=[interface org.apache.jmeter.functions.Function], inner=false, contains=null, notContains=null]. Consider exposing JMeter plugins via META-INF/services, and add JMeter-Skip-Class-Scanning=true manifest attribute so JMeter can skip classfile scanning
2025-02-28 11:28:48,523 INFO o.a.j.r.ClassFinder: Will scan jar C:\Users\ASUS\Desktop\apache-jmeter-5.6.3\apache-jmeter-5.6.3\lib\ext\jmeter-plugins-graphs-basic-2.0.jar with filter ExtendsClassFilter [parents=[interface org.apache.jmeter.functions.Function], inner=false, contains=null, notContains=null]. Consider exposing JMeter plugins via META-INF/services, and add JMeter-Skip-Class-Scanning=true manifest attribute so JMeter can skip classfile scanning
2025-02-28 11:28:48,531 INFO o.a.j.r.ClassFinder: Will scan jar C:\Users\ASUS\Desktop\apache-jmeter-5.6.3\apache-jmeter-5.6.3\lib\ext\jmeter-plugins-manager-0.20.jar with filter ExtendsClassFilter [parents=[interface org.apache.jmeter.functions.Function], inner=false, contains=null, notContains=null]. Consider exposing JMeter plugins via META-INF/services, and add JMeter-Skip-Class-Scanning=true manifest attribute so JMeter can skip classfile scanning
2025-02-28 11:28:48,540 INFO o.a.j.r.ClassFinder: Will scan jar C:\Users\ASUS\Desktop\apache-jmeter-5.6.3\apache-jmeter-5.6.3\lib\ext\jmeter-plugins-tst-2.6.jar with filter ExtendsClassFilter [parents=[interface org.apache.jmeter.functions.Function], inner=false, contains=null, notContains=null]. Consider exposing JMeter plugins via META-INF/services, and add JMeter-Skip-Class-Scanning=true manifest attribute so JMeter can skip classfile scanning
2025-02-28 11:28:48,540 INFO o.a.j.r.ClassFinder: Will scan jar C:\Users\ASUS\Desktop\apache-jmeter-5.6.3\apache-jmeter-5.6.3\lib\ext\jmeter-parallel-0.12.jar with filter ExtendsClassFilter [parents=[interface org.apache.jmeter.functions.Function], inner=false, contains=null, notContains=null]. Consider exposing JMeter plugins via META-INF/services, and add JMeter-Skip-Class-Scanning=true manifest attribute so JMeter can skip classfile scanning
2025-02-28 11:28:48,789 INFO o.a.j.JMeter: Running test (1740722328789)
2025-02-28 11:28:48,792 INFO o.a.j.e.StandardJMeterEngine: Starting setUp thread groups
2025-02-28 11:28:48,792 INFO o.a.j.e.StandardJMeterEngine: Starting setUp ThreadGroup: 1 : setUp Thread Group 
2025-02-28 11:28:48,792 INFO o.a.j.e.StandardJMeterEngine: Starting 20 threads for group setUp Thread Group.
2025-02-28 11:28:48,793 INFO o.a.j.e.StandardJMeterEngine: Thread will continue on error
2025-02-28 11:28:48,793 INFO o.a.j.t.ThreadGroup: Starting thread group... number=1 threads=20 ramp-up=10 delayedStart=false
2025-02-28 11:28:48,801 INFO o.a.j.t.JMeterThread: Thread started: setUp Thread Group 1-1
2025-02-28 11:28:48,831 INFO o.a.j.t.ThreadGroup: Started thread group number 1
2025-02-28 11:28:48,831 INFO o.a.j.e.StandardJMeterEngine: Waiting for all setup thread groups to exit
2025-02-28 11:28:49,319 INFO o.a.j.t.JMeterThread: Thread started: setUp Thread Group 1-2
2025-02-28 11:28:49,638 INFO o.a.j.p.h.s.HTTPHCAbstractImpl: Local host = THIVA
2025-02-28 11:28:49,638 INFO o.a.j.p.h.s.HTTPHC4Impl: HTTP request retry count = 0
2025-02-28 11:28:49,815 INFO o.a.j.t.JMeterThread: Thread started: setUp Thread Group 1-3
2025-02-28 11:28:50,298 INFO o.a.j.t.JMeterThread: Thread started: setUp Thread Group 1-4
2025-02-28 11:28:50,799 INFO o.a.j.t.JMeterThread: Thread started: setUp Thread Group 1-5
2025-02-28 11:28:51,295 INFO o.a.j.t.JMeterThread: Thread started: setUp Thread Group 1-6
2025-02-28 11:28:51,793 INFO o.a.j.t.JMeterThread: Thread started: setUp Thread Group 1-7
2025-02-28 11:28:52,304 INFO o.a.j.t.JMeterThread: Thread started: setUp Thread Group 1-8
2025-02-28 11:28:52,802 INFO o.a.j.t.JMeterThread: Thread started: setUp Thread Group 1-9
2025-02-28 11:28:53,302 INFO o.a.j.t.JMeterThread: Thread started: setUp Thread Group 1-10
2025-02-28 11:28:53,802 INFO o.a.j.t.JMeterThread: Thread started: setUp Thread Group 1-11
2025-02-28 11:28:54,293 INFO o.a.j.t.JMeterThread: Thread started: setUp Thread Group 1-12
2025-02-28 11:28:54,793 INFO o.a.j.t.JMeterThread: Thread started: setUp Thread Group 1-13
2025-02-28 11:28:55,303 INFO o.a.j.t.JMeterThread: Thread started: setUp Thread Group 1-14
2025-02-28 11:28:55,803 INFO o.a.j.t.JMeterThread: Thread started: setUp Thread Group 1-15
2025-02-28 11:28:56,302 INFO o.a.j.t.JMeterThread: Thread started: setUp Thread Group 1-16
2025-02-28 11:28:56,794 INFO o.a.j.t.JMeterThread: Thread started: setUp Thread Group 1-17
2025-02-28 11:28:57,300 INFO o.a.j.t.JMeterThread: Thread started: setUp Thread Group 1-18
2025-02-28 11:28:57,801 INFO o.a.j.t.JMeterThread: Thread started: setUp Thread Group 1-19
2025-02-28 11:28:58,297 INFO o.a.j.t.JMeterThread: Thread started: setUp Thread Group 1-20
2025-02-28 11:29:48,602 INFO o.a.j.t.JMeterThread: Thread finished: setUp Thread Group 1-6
2025-02-28 11:29:48,690 INFO o.a.j.t.JMeterThread: Thread finished: setUp Thread Group 1-7
2025-02-28 11:29:48,820 INFO o.a.j.t.JMeterThread: Stopping because end time detected by thread: setUp Thread Group 1-4
2025-02-28 11:29:48,822 INFO o.a.j.t.JMeterThread: Thread finished: setUp Thread Group 1-4
2025-02-28 11:29:48,854 INFO o.a.j.t.JMeterThread: Stopping because end time detected by thread: setUp Thread Group 1-11
2025-02-28 11:29:48,854 INFO o.a.j.t.JMeterThread: Stopping because end time detected by thread: setUp Thread Group 1-16
2025-02-28 11:29:48,854 INFO o.a.j.t.JMeterThread: Thread finished: setUp Thread Group 1-11
2025-02-28 11:29:48,854 INFO o.a.j.t.JMeterThread: Thread finished: setUp Thread Group 1-16
2025-02-28 11:29:48,870 INFO o.a.j.t.JMeterThread: Stopping because end time detected by thread: setUp Thread Group 1-1
2025-02-28 11:29:48,870 INFO o.a.j.t.JMeterThread: Thread finished: setUp Thread Group 1-1
2025-02-28 11:29:48,885 INFO o.a.j.t.JMeterThread: Stopping because end time detected by thread: setUp Thread Group 1-3
2025-02-28 11:29:48,885 INFO o.a.j.t.JMeterThread: Thread finished: setUp Thread Group 1-3
2025-02-28 11:29:48,885 INFO o.a.j.t.JMeterThread: Stopping because end time detected by thread: setUp Thread Group 1-2
2025-02-28 11:29:48,885 INFO o.a.j.t.JMeterThread: Thread finished: setUp Thread Group 1-2
2025-02-28 11:29:48,885 INFO o.a.j.t.JMeterThread: Stopping because end time detected by thread: setUp Thread Group 1-14
2025-02-28 11:29:48,897 INFO o.a.j.t.JMeterThread: Thread finished: setUp Thread Group 1-14
2025-02-28 11:29:48,901 INFO o.a.j.t.JMeterThread: Stopping because end time detected by thread: setUp Thread Group 1-17
2025-02-28 11:29:48,901 INFO o.a.j.t.JMeterThread: Thread finished: setUp Thread Group 1-17
2025-02-28 11:29:48,912 INFO o.a.j.t.JMeterThread: Stopping because end time detected by thread: setUp Thread Group 1-18
2025-02-28 11:29:48,912 INFO o.a.j.t.JMeterThread: Thread finished: setUp Thread Group 1-18
2025-02-28 11:29:48,917 INFO o.a.j.t.JMeterThread: Stopping because end time detected by thread: setUp Thread Group 1-9
2025-02-28 11:29:48,917 INFO o.a.j.t.JMeterThread: Thread finished: setUp Thread Group 1-9
2025-02-28 11:29:48,917 INFO o.a.j.t.JMeterThread: Stopping because end time detected by thread: setUp Thread Group 1-5
2025-02-28 11:29:48,917 INFO o.a.j.t.JMeterThread: Thread finished: setUp Thread Group 1-5
2025-02-28 11:29:48,933 INFO o.a.j.t.JMeterThread: Stopping because end time detected by thread: setUp Thread Group 1-12
2025-02-28 11:29:48,933 INFO o.a.j.t.JMeterThread: Thread finished: setUp Thread Group 1-12
2025-02-28 11:29:48,949 INFO o.a.j.t.JMeterThread: Stopping because end time detected by thread: setUp Thread Group 1-8
2025-02-28 11:29:48,950 INFO o.a.j.t.JMeterThread: Thread finished: setUp Thread Group 1-8
2025-02-28 11:29:48,949 INFO o.a.j.t.JMeterThread: Stopping because end time detected by thread: setUp Thread Group 1-10
2025-02-28 11:29:48,950 INFO o.a.j.t.JMeterThread: Thread finished: setUp Thread Group 1-10
2025-02-28 11:29:48,952 INFO o.a.j.t.JMeterThread: Stopping because end time detected by thread: setUp Thread Group 1-15
2025-02-28 11:29:48,952 INFO o.a.j.t.JMeterThread: Thread finished: setUp Thread Group 1-15
2025-02-28 11:29:48,980 INFO o.a.j.t.JMeterThread: Stopping because end time detected by thread: setUp Thread Group 1-13
2025-02-28 11:29:48,980 INFO o.a.j.t.JMeterThread: Thread finished: setUp Thread Group 1-13
2025-02-28 11:29:49,028 INFO o.a.j.t.JMeterThread: Stopping because end time detected by thread: setUp Thread Group 1-19
2025-02-28 11:29:49,028 INFO o.a.j.t.JMeterThread: Thread finished: setUp Thread Group 1-19
2025-02-28 11:29:49,386 INFO o.a.j.t.JMeterThread: Stopping because end time detected by thread: setUp Thread Group 1-20
2025-02-28 11:29:49,386 INFO o.a.j.t.JMeterThread: Thread finished: setUp Thread Group 1-20
2025-02-28 11:29:49,386 INFO o.a.j.e.StandardJMeterEngine: All Setup Threads have ended
2025-02-28 11:29:49,438 INFO o.a.j.e.StandardJMeterEngine: Starting ThreadGroup: 1 : Thread-Gruppe
2025-02-28 11:29:49,438 INFO o.a.j.e.StandardJMeterEngine: Starting 75 threads for group Thread-Gruppe.
2025-02-28 11:29:49,438 INFO o.a.j.e.StandardJMeterEngine: Thread will continue on error
2025-02-28 11:29:49,438 INFO o.a.j.t.ThreadGroup: Starting thread group... number=1 threads=75 ramp-up=10 delayedStart=false
2025-02-28 11:29:49,441 INFO o.a.j.t.JMeterThread: Thread started: Thread-Gruppe 1-1
2025-02-28 11:29:49,503 INFO o.a.j.t.ThreadGroup: Started thread group number 1
2025-02-28 11:29:49,503 INFO o.a.j.e.StandardJMeterEngine: Starting ThreadGroup: 2 : Thread-Gruppe
2025-02-28 11:29:49,503 INFO o.a.j.e.StandardJMeterEngine: Starting 20 threads for group Thread-Gruppe.
2025-02-28 11:29:49,503 INFO o.a.j.e.StandardJMeterEngine: Thread will continue on error
2025-02-28 11:29:49,503 INFO o.a.j.t.ThreadGroup: Starting thread group... number=2 threads=20 ramp-up=10 delayedStart=false
2025-02-28 11:29:49,506 INFO o.a.j.t.JMeterThread: Thread started: Thread-Gruppe 2-1
2025-02-28 11:29:49,529 INFO o.a.j.t.ThreadGroup: Started thread group number 2
2025-02-28 11:29:49,529 INFO o.a.j.e.StandardJMeterEngine: Starting ThreadGroup: 3 : Thread-Gruppe
2025-02-28 11:29:49,529 INFO o.a.j.e.StandardJMeterEngine: Starting 5 threads for group Thread-Gruppe.
2025-02-28 11:29:49,529 INFO o.a.j.e.StandardJMeterEngine: Thread will continue on error
2025-02-28 11:29:49,529 INFO o.a.j.t.ThreadGroup: Starting thread group... number=3 threads=5 ramp-up=10 delayedStart=false
2025-02-28 11:29:49,531 INFO o.a.j.t.JMeterThread: Thread started: Thread-Gruppe 3-1
2025-02-28 11:29:49,535 INFO o.a.j.t.ThreadGroup: Started thread group number 3
2025-02-28 11:29:49,535 INFO o.a.j.e.StandardJMeterEngine: All thread groups have been started
2025-02-28 11:29:49,582 INFO o.a.j.t.JMeterThread: Thread started: Thread-Gruppe 1-2
2025-02-28 11:29:49,709 INFO o.a.j.t.JMeterThread: Thread started: Thread-Gruppe 1-3
2025-02-28 11:29:49,841 INFO o.a.j.t.JMeterThread: Thread started: Thread-Gruppe 1-4
2025-02-28 11:29:49,974 INFO o.a.j.t.JMeterThread: Thread started: Thread-Gruppe 1-5
2025-02-28 11:29:50,006 INFO o.a.j.t.JMeterThread: Thread started: Thread-Gruppe 2-2
2025-02-28 11:29:50,106 INFO o.a.j.t.JMeterThread: Thread started: Thread-Gruppe 1-6
2025-02-28 11:29:50,240 INFO o.a.j.t.JMeterThread: Thread started: Thread-Gruppe 1-7
2025-02-28 11:29:50,372 INFO o.a.j.t.JMeterThread: Thread started: Thread-Gruppe 1-8
2025-02-28 11:29:50,506 INFO o.a.j.t.JMeterThread: Thread started: Thread-Gruppe 1-9
2025-02-28 11:29:50,507 INFO o.a.j.t.JMeterThread: Thread started: Thread-Gruppe 2-3
2025-02-28 11:29:50,637 INFO o.a.j.t.JMeterThread: Thread started: Thread-Gruppe 1-10
2025-02-28 11:29:50,771 INFO o.a.j.t.JMeterThread: Thread started: Thread-Gruppe 1-11
2025-02-28 11:29:50,903 INFO o.a.j.t.JMeterThread: Thread started: Thread-Gruppe 1-12
2025-02-28 11:29:51,007 INFO o.a.j.t.JMeterThread: Thread started: Thread-Gruppe 2-4
2025-02-28 11:29:51,036 INFO o.a.j.t.JMeterThread: Thread started: Thread-Gruppe 1-13
2025-02-28 11:29:51,170 INFO o.a.j.t.JMeterThread: Thread started: Thread-Gruppe 1-14
2025-02-28 11:29:51,303 INFO o.a.j.t.JMeterThread: Thread started: Thread-Gruppe 1-15
2025-02-28 11:29:51,435 INFO o.a.j.t.JMeterThread: Thread started: Thread-Gruppe 1-16
2025-02-28 11:29:51,505 INFO o.a.j.t.JMeterThread: Thread started: Thread-Gruppe 2-5
2025-02-28 11:29:51,532 INFO o.a.j.t.JMeterThread: Thread started: Thread-Gruppe 3-2
2025-02-28 11:29:51,569 INFO o.a.j.t.JMeterThread: Thread started: Thread-Gruppe 1-17
2025-02-28 11:29:51,704 INFO o.a.j.t.JMeterThread: Thread started: Thread-Gruppe 1-18
2025-02-28 11:29:51,836 INFO o.a.j.t.JMeterThread: Thread started: Thread-Gruppe 1-19
2025-02-28 11:29:51,969 INFO o.a.j.t.JMeterThread: Thread started: Thread-Gruppe 1-20
2025-02-28 11:29:52,006 INFO o.a.j.t.JMeterThread: Thread started: Thread-Gruppe 2-6
2025-02-28 11:29:52,101 INFO o.a.j.t.JMeterThread: Thread started: Thread-Gruppe 1-21
2025-02-28 11:29:52,232 INFO o.a.j.t.JMeterThread: Thread started: Thread-Gruppe 1-22
2025-02-28 11:29:52,367 INFO o.a.j.t.JMeterThread: Thread started: Thread-Gruppe 1-23
2025-02-28 11:29:52,500 INFO o.a.j.t.JMeterThread: Thread started: Thread-Gruppe 1-24
2025-02-28 11:29:52,506 INFO o.a.j.t.JMeterThread: Thread started: Thread-Gruppe 2-7
2025-02-28 11:29:52,632 INFO o.a.j.t.JMeterThread: Thread started: Thread-Gruppe 1-25
2025-02-28 11:29:52,765 INFO o.a.j.t.JMeterThread: Thread started: Thread-Gruppe 1-26
2025-02-28 11:29:52,898 INFO o.a.j.t.JMeterThread: Thread started: Thread-Gruppe 1-27
2025-02-28 11:29:53,004 INFO o.a.j.t.JMeterThread: Thread started: Thread-Gruppe 2-8
2025-02-28 11:29:53,031 INFO o.a.j.t.JMeterThread: Thread started: Thread-Gruppe 1-28
2025-02-28 11:29:53,164 INFO o.a.j.t.JMeterThread: Thread started: Thread-Gruppe 1-29
2025-02-28 11:29:53,296 INFO o.a.j.t.JMeterThread: Thread started: Thread-Gruppe 1-30
2025-02-28 11:29:53,430 INFO o.a.j.t.JMeterThread: Thread started: Thread-Gruppe 1-31
2025-02-28 11:29:53,505 INFO o.a.j.t.JMeterThread: Thread started: Thread-Gruppe 2-9
2025-02-28 11:29:53,532 INFO o.a.j.t.JMeterThread: Thread started: Thread-Gruppe 3-3
2025-02-28 11:29:53,563 INFO o.a.j.t.JMeterThread: Thread started: Thread-Gruppe 1-32
2025-02-28 11:29:53,697 INFO o.a.j.t.JMeterThread: Thread started: Thread-Gruppe 1-33
2025-02-28 11:29:53,830 INFO o.a.j.t.JMeterThread: Thread started: Thread-Gruppe 1-34
2025-02-28 11:29:53,963 INFO o.a.j.t.JMeterThread: Thread started: Thread-Gruppe 1-35
2025-02-28 11:29:54,005 INFO o.a.j.t.JMeterThread: Thread started: Thread-Gruppe 2-10
2025-02-28 11:29:54,096 INFO o.a.j.t.JMeterThread: Thread started: Thread-Gruppe 1-36
2025-02-28 11:29:54,229 INFO o.a.j.t.JMeterThread: Thread started: Thread-Gruppe 1-37
2025-02-28 11:29:54,363 INFO o.a.j.t.JMeterThread: Thread started: Thread-Gruppe 1-38
2025-02-28 11:29:54,494 INFO o.a.j.t.JMeterThread: Thread started: Thread-Gruppe 1-39
2025-02-28 11:29:54,505 INFO o.a.j.t.JMeterThread: Thread started: Thread-Gruppe 2-11
2025-02-28 11:29:54,627 INFO o.a.j.t.JMeterThread: Thread started: Thread-Gruppe 1-40
2025-02-28 11:29:54,761 INFO o.a.j.t.JMeterThread: Thread started: Thread-Gruppe 1-41
2025-02-28 11:29:54,893 INFO o.a.j.t.JMeterThread: Thread started: Thread-Gruppe 1-42
2025-02-28 11:29:55,005 INFO o.a.j.t.JMeterThread: Thread started: Thread-Gruppe 2-12
2025-02-28 11:29:55,027 INFO o.a.j.t.JMeterThread: Thread started: Thread-Gruppe 1-43
2025-02-28 11:29:55,161 INFO o.a.j.t.JMeterThread: Thread started: Thread-Gruppe 1-44
2025-02-28 11:29:55,293 INFO o.a.j.t.JMeterThread: Thread started: Thread-Gruppe 1-45
2025-02-28 11:29:55,427 INFO o.a.j.t.JMeterThread: Thread started: Thread-Gruppe 1-46
2025-02-28 11:29:55,507 INFO o.a.j.t.JMeterThread: Thread started: Thread-Gruppe 2-13
2025-02-28 11:29:55,532 INFO o.a.j.t.JMeterThread: Thread started: Thread-Gruppe 3-4
2025-02-28 11:29:55,557 INFO o.a.j.t.JMeterThread: Thread started: Thread-Gruppe 1-47
2025-02-28 11:29:55,690 INFO o.a.j.t.JMeterThread: Thread started: Thread-Gruppe 1-48
2025-02-28 11:29:55,824 INFO o.a.j.t.JMeterThread: Thread started: Thread-Gruppe 1-49
2025-02-28 11:29:55,958 INFO o.a.j.t.JMeterThread: Thread started: Thread-Gruppe 1-50
2025-02-28 11:29:56,006 INFO o.a.j.t.JMeterThread: Thread started: Thread-Gruppe 2-14
2025-02-28 11:29:56,090 INFO o.a.j.t.JMeterThread: Thread started: Thread-Gruppe 1-51
2025-02-28 11:29:56,223 INFO o.a.j.t.JMeterThread: Thread started: Thread-Gruppe 1-52
2025-02-28 11:29:56,356 INFO o.a.j.t.JMeterThread: Thread started: Thread-Gruppe 1-53
2025-02-28 11:29:56,489 INFO o.a.j.t.JMeterThread: Thread started: Thread-Gruppe 1-54
2025-02-28 11:29:56,507 INFO o.a.j.t.JMeterThread: Thread started: Thread-Gruppe 2-15
2025-02-28 11:29:56,622 INFO o.a.j.t.JMeterThread: Thread started: Thread-Gruppe 1-55
2025-02-28 11:29:56,756 INFO o.a.j.t.JMeterThread: Thread started: Thread-Gruppe 1-56
2025-02-28 11:29:56,889 INFO o.a.j.t.JMeterThread: Thread started: Thread-Gruppe 1-57
2025-02-28 11:29:57,005 INFO o.a.j.t.JMeterThread: Thread started: Thread-Gruppe 2-16
2025-02-28 11:29:57,022 INFO o.a.j.t.JMeterThread: Thread started: Thread-Gruppe 1-58
2025-02-28 11:29:57,154 INFO o.a.j.t.JMeterThread: Thread started: Thread-Gruppe 1-59
2025-02-28 11:29:57,288 INFO o.a.j.t.JMeterThread: Thread started: Thread-Gruppe 1-60
2025-02-28 11:29:57,420 INFO o.a.j.t.JMeterThread: Thread started: Thread-Gruppe 1-61
2025-02-28 11:29:57,506 INFO o.a.j.t.JMeterThread: Thread started: Thread-Gruppe 2-17
2025-02-28 11:29:57,530 INFO o.a.j.t.JMeterThread: Thread started: Thread-Gruppe 3-5
2025-02-28 11:29:57,555 INFO o.a.j.t.JMeterThread: Thread started: Thread-Gruppe 1-62
2025-02-28 11:29:57,686 INFO o.a.j.t.JMeterThread: Thread started: Thread-Gruppe 1-63
2025-02-28 11:29:57,821 INFO o.a.j.t.JMeterThread: Thread started: Thread-Gruppe 1-64
2025-02-28 11:29:57,952 INFO o.a.j.t.JMeterThread: Thread started: Thread-Gruppe 1-65
2025-02-28 11:29:58,007 INFO o.a.j.t.JMeterThread: Thread started: Thread-Gruppe 2-18
2025-02-28 11:29:58,086 INFO o.a.j.t.JMeterThread: Thread started: Thread-Gruppe 1-66
2025-02-28 11:29:58,219 INFO o.a.j.t.JMeterThread: Thread started: Thread-Gruppe 1-67
2025-02-28 11:29:58,351 INFO o.a.j.t.JMeterThread: Thread started: Thread-Gruppe 1-68
2025-02-28 11:29:58,486 INFO o.a.j.t.JMeterThread: Thread started: Thread-Gruppe 1-69
2025-02-28 11:29:58,505 INFO o.a.j.t.JMeterThread: Thread started: Thread-Gruppe 2-19
2025-02-28 11:29:58,617 INFO o.a.j.t.JMeterThread: Thread started: Thread-Gruppe 1-70
2025-02-28 11:29:58,750 INFO o.a.j.t.JMeterThread: Thread started: Thread-Gruppe 1-71
2025-02-28 11:29:58,883 INFO o.a.j.t.JMeterThread: Thread started: Thread-Gruppe 1-72
2025-02-28 11:29:59,005 INFO o.a.j.t.JMeterThread: Thread started: Thread-Gruppe 2-20
2025-02-28 11:29:59,017 INFO o.a.j.t.JMeterThread: Thread started: Thread-Gruppe 1-73
2025-02-28 11:29:59,149 INFO o.a.j.t.JMeterThread: Thread started: Thread-Gruppe 1-74
2025-02-28 11:29:59,282 INFO o.a.j.t.JMeterThread: Thread started: Thread-Gruppe 1-75
2025-02-28 11:30:00,028 INFO o.a.j.r.Summariser: summary +    467 in 00:01:11 =    6.6/s Avg:   384 Min:   244 Max:   848 Err:     0 (0.00%) Active: 100 Started: 100 Finished: 0
2025-02-28 11:30:30,040 INFO o.a.j.r.Summariser: summary +   2291 in 00:00:30 =   76.3/s Avg:   344 Min:   242 Max:   839 Err:     0 (0.00%) Active: 100 Started: 100 Finished: 0
2025-02-28 11:30:30,040 INFO o.a.j.r.Summariser: summary =   2758 in 00:01:41 =   27.2/s Avg:   351 Min:   242 Max:   848 Err:     0 (0.00%)
2025-02-28 11:31:00,030 INFO o.a.j.r.Summariser: summary +   2287 in 00:00:30 =   76.3/s Avg:   349 Min:   243 Max:  1010 Err:     0 (0.00%) Active: 100 Started: 100 Finished: 0
2025-02-28 11:31:00,031 INFO o.a.j.r.Summariser: summary =   5045 in 00:02:11 =   38.4/s Avg:   350 Min:   242 Max:  1010 Err:     0 (0.00%)
2025-02-28 11:31:30,002 INFO o.a.j.r.Summariser: summary +   2282 in 00:00:30 =   76.1/s Avg:   333 Min:   243 Max:   876 Err:     0 (0.00%) Active: 100 Started: 100 Finished: 0
2025-02-28 11:31:30,003 INFO o.a.j.r.Summariser: summary =   7327 in 00:02:41 =   45.4/s Avg:   345 Min:   242 Max:  1010 Err:     0 (0.00%)
2025-02-28 11:32:00,008 INFO o.a.j.r.Summariser: summary +   2280 in 00:00:30 =   76.0/s Avg:   346 Min:   239 Max:  1073 Err:     0 (0.00%) Active: 100 Started: 100 Finished: 0
2025-02-28 11:32:00,009 INFO o.a.j.r.Summariser: summary =   9607 in 00:03:11 =   50.2/s Avg:   345 Min:   239 Max:  1073 Err:     0 (0.00%)
2025-02-28 11:32:30,039 INFO o.a.j.r.Summariser: summary +   2293 in 00:00:30 =   76.4/s Avg:   346 Min:   245 Max:  1065 Err:     0 (0.00%) Active: 100 Started: 100 Finished: 0
2025-02-28 11:32:30,040 INFO o.a.j.r.Summariser: summary =  11900 in 00:03:41 =   53.8/s Avg:   345 Min:   239 Max:  1073 Err:     0 (0.00%)
2025-02-28 11:33:00,004 INFO o.a.j.r.Summariser: summary +   2283 in 00:00:30 =   76.2/s Avg:   341 Min:   243 Max:  1102 Err:     0 (0.00%) Active: 100 Started: 100 Finished: 0
2025-02-28 11:33:00,004 INFO o.a.j.r.Summariser: summary =  14183 in 00:04:11 =   56.5/s Avg:   345 Min:   239 Max:  1102 Err:     0 (0.00%)
2025-02-28 11:33:30,019 INFO o.a.j.r.Summariser: summary +   2292 in 00:00:30 =   76.4/s Avg:   349 Min:   243 Max:  1081 Err:     0 (0.00%) Active: 100 Started: 100 Finished: 0
2025-02-28 11:33:30,019 INFO o.a.j.r.Summariser: summary =  16475 in 00:04:41 =   58.6/s Avg:   345 Min:   239 Max:  1102 Err:     0 (0.00%)
2025-02-28 11:34:00,014 INFO o.a.j.r.Summariser: summary +   2285 in 00:00:30 =   76.2/s Avg:   328 Min:   243 Max:  1063 Err:     0 (0.00%) Active: 100 Started: 100 Finished: 0
2025-02-28 11:34:00,014 INFO o.a.j.r.Summariser: summary =  18760 in 00:05:11 =   60.3/s Avg:   343 Min:   239 Max:  1102 Err:     0 (0.00%)
2025-02-28 11:34:30,004 INFO o.a.j.r.Summariser: summary +   2285 in 00:00:30 =   76.2/s Avg:   357 Min:   241 Max:  1129 Err:     0 (0.00%) Active: 100 Started: 100 Finished: 0
2025-02-28 11:34:30,005 INFO o.a.j.r.Summariser: summary =  21045 in 00:05:41 =   61.7/s Avg:   345 Min:   239 Max:  1129 Err:     0 (0.00%)
2025-02-28 11:35:00,022 INFO o.a.j.r.Summariser: summary +   2283 in 00:00:30 =   76.1/s Avg:   339 Min:   242 Max:  1048 Err:     0 (0.00%) Active: 100 Started: 100 Finished: 0
2025-02-28 11:35:00,022 INFO o.a.j.r.Summariser: summary =  23328 in 00:06:11 =   62.8/s Avg:   344 Min:   239 Max:  1129 Err:     0 (0.00%)
2025-02-28 11:35:30,033 INFO o.a.j.r.Summariser: summary +   2295 in 00:00:30 =   76.5/s Avg:   347 Min:   240 Max:  1075 Err:     0 (0.00%) Active: 100 Started: 100 Finished: 0
2025-02-28 11:35:30,034 INFO o.a.j.r.Summariser: summary =  25623 in 00:06:41 =   63.9/s Avg:   344 Min:   239 Max:  1129 Err:     0 (0.00%)
2025-02-28 11:36:00,010 INFO o.a.j.r.Summariser: summary +   2284 in 00:00:30 =   76.2/s Avg:   342 Min:   241 Max:  1063 Err:     0 (0.00%) Active: 100 Started: 100 Finished: 0
2025-02-28 11:36:00,011 INFO o.a.j.r.Summariser: summary =  27907 in 00:07:11 =   64.7/s Avg:   344 Min:   239 Max:  1129 Err:     0 (0.00%)
2025-02-28 11:36:30,000 INFO o.a.j.r.Summariser: summary +   2295 in 00:00:30 =   76.5/s Avg:   346 Min:   241 Max:  1130 Err:     0 (0.00%) Active: 100 Started: 100 Finished: 0
2025-02-28 11:36:30,000 INFO o.a.j.r.Summariser: summary =  30202 in 00:07:41 =   65.5/s Avg:   344 Min:   239 Max:  1130 Err:     0 (0.00%)
2025-02-28 11:37:00,057 INFO o.a.j.r.Summariser: summary +   2282 in 00:00:30 =   75.9/s Avg:   348 Min:   242 Max:  1054 Err:     0 (0.00%) Active: 100 Started: 100 Finished: 0
2025-02-28 11:37:00,058 INFO o.a.j.r.Summariser: summary =  32484 in 00:08:11 =   66.1/s Avg:   345 Min:   239 Max:  1130 Err:     0 (0.00%)
2025-02-28 11:37:30,022 INFO o.a.j.r.Summariser: summary +   2291 in 00:00:30 =   76.5/s Avg:   351 Min:   240 Max:  1111 Err:     0 (0.00%) Active: 100 Started: 100 Finished: 0
2025-02-28 11:37:30,024 INFO o.a.j.r.Summariser: summary =  34775 in 00:08:41 =   66.7/s Avg:   345 Min:   239 Max:  1130 Err:     0 (0.00%)
2025-02-28 11:38:00,006 INFO o.a.j.r.Summariser: summary +   2280 in 00:00:30 =   76.0/s Avg:   331 Min:   241 Max:  1019 Err:     0 (0.00%) Active: 100 Started: 100 Finished: 0
2025-02-28 11:38:00,012 INFO o.a.j.r.Summariser: summary =  37055 in 00:09:11 =   67.2/s Avg:   344 Min:   239 Max:  1130 Err:     0 (0.00%)
2025-02-28 11:38:30,026 INFO o.a.j.r.Summariser: summary +   2291 in 00:00:30 =   76.3/s Avg:   354 Min:   239 Max:  1123 Err:     0 (0.00%) Active: 100 Started: 100 Finished: 0
2025-02-28 11:38:30,028 INFO o.a.j.r.Summariser: summary =  39346 in 00:09:41 =   67.7/s Avg:   345 Min:   239 Max:  1130 Err:     0 (0.00%)
2025-02-28 11:39:00,004 INFO o.a.j.r.Summariser: summary +   2284 in 00:00:30 =   76.2/s Avg:   341 Min:   241 Max:  1120 Err:     0 (0.00%) Active: 100 Started: 100 Finished: 0
2025-02-28 11:39:00,006 INFO o.a.j.r.Summariser: summary =  41630 in 00:10:11 =   68.1/s Avg:   344 Min:   239 Max:  1130 Err:     0 (0.00%)
2025-02-28 11:39:30,005 INFO o.a.j.r.Summariser: summary +   2284 in 00:00:30 =   76.1/s Avg:   356 Min:   240 Max:  1123 Err:     0 (0.00%) Active: 100 Started: 100 Finished: 0
2025-02-28 11:39:30,013 INFO o.a.j.r.Summariser: summary =  43914 in 00:10:41 =   68.5/s Avg:   345 Min:   239 Max:  1130 Err:     0 (0.00%)
2025-02-28 11:39:47,736 INFO o.a.j.t.JMeterThread: Thread finished: Thread-Gruppe 1-1
2025-02-28 11:39:47,807 INFO o.a.j.t.JMeterThread: Thread finished: Thread-Gruppe 1-62
2025-02-28 11:39:47,811 INFO o.a.j.t.JMeterThread: Thread finished: Thread-Gruppe 1-47
2025-02-28 11:39:47,827 INFO o.a.j.t.JMeterThread: Thread finished: Thread-Gruppe 1-17
2025-02-28 11:39:47,853 INFO o.a.j.t.JMeterThread: Thread finished: Thread-Gruppe 1-2
2025-02-28 11:39:47,956 INFO o.a.j.t.JMeterThread: Thread finished: Thread-Gruppe 1-48
2025-02-28 11:39:47,957 INFO o.a.j.t.JMeterThread: Thread finished: Thread-Gruppe 1-18
2025-02-28 11:39:47,961 INFO o.a.j.t.JMeterThread: Thread finished: Thread-Gruppe 1-63
2025-02-28 11:39:47,970 INFO o.a.j.t.JMeterThread: Thread finished: Thread-Gruppe 1-3
2025-02-28 11:39:48,083 INFO o.a.j.t.JMeterThread: Thread finished: Thread-Gruppe 1-64
2025-02-28 11:39:48,088 INFO o.a.j.t.JMeterThread: Thread finished: Thread-Gruppe 1-49
2025-02-28 11:39:48,095 INFO o.a.j.t.JMeterThread: Thread finished: Thread-Gruppe 1-19
2025-02-28 11:39:48,104 INFO o.a.j.t.JMeterThread: Thread finished: Thread-Gruppe 1-4
2025-02-28 11:39:48,207 INFO o.a.j.t.JMeterThread: Thread finished: Thread-Gruppe 1-65
2025-02-28 11:39:48,222 INFO o.a.j.t.JMeterThread: Thread finished: Thread-Gruppe 1-20
2025-02-28 11:39:48,237 INFO o.a.j.t.JMeterThread: Thread finished: Thread-Gruppe 1-50
2025-02-28 11:39:48,244 INFO o.a.j.t.JMeterThread: Thread finished: Thread-Gruppe 1-5
2025-02-28 11:39:48,308 INFO o.a.j.t.JMeterThread: Thread finished: Thread-Gruppe 1-32
2025-02-28 11:39:48,338 INFO o.a.j.t.JMeterThread: Thread finished: Thread-Gruppe 1-66
2025-02-28 11:39:48,355 INFO o.a.j.t.JMeterThread: Thread finished: Thread-Gruppe 1-51
2025-02-28 11:39:48,358 INFO o.a.j.t.JMeterThread: Thread finished: Thread-Gruppe 1-21
2025-02-28 11:39:48,375 INFO o.a.j.t.JMeterThread: Thread finished: Thread-Gruppe 1-6
2025-02-28 11:39:48,452 INFO o.a.j.t.JMeterThread: Thread finished: Thread-Gruppe 1-33
2025-02-28 11:39:48,483 INFO o.a.j.t.JMeterThread: Thread finished: Thread-Gruppe 1-67
2025-02-28 11:39:48,485 INFO o.a.j.t.JMeterThread: Thread finished: Thread-Gruppe 1-22
2025-02-28 11:39:48,498 INFO o.a.j.t.JMeterThread: Thread finished: Thread-Gruppe 1-52
2025-02-28 11:39:48,503 INFO o.a.j.t.JMeterThread: Thread finished: Thread-Gruppe 1-7
2025-02-28 11:39:48,587 INFO o.a.j.t.JMeterThread: Thread finished: Thread-Gruppe 1-34
2025-02-28 11:39:48,620 INFO o.a.j.t.JMeterThread: Thread finished: Thread-Gruppe 1-68
2025-02-28 11:39:48,620 INFO o.a.j.t.JMeterThread: Thread finished: Thread-Gruppe 1-53
2025-02-28 11:39:48,648 INFO o.a.j.t.JMeterThread: Thread finished: Thread-Gruppe 1-8
2025-02-28 11:39:48,653 INFO o.a.j.t.JMeterThread: Thread finished: Thread-Gruppe 1-23
2025-02-28 11:39:48,742 INFO o.a.j.t.JMeterThread: Thread finished: Thread-Gruppe 1-69
2025-02-28 11:39:48,744 INFO o.a.j.t.JMeterThread: Thread finished: Thread-Gruppe 1-54
2025-02-28 11:39:48,763 INFO o.a.j.t.JMeterThread: Thread finished: Thread-Gruppe 1-35
2025-02-28 11:39:48,765 INFO o.a.j.t.JMeterThread: Thread finished: Thread-Gruppe 1-24
2025-02-28 11:39:48,775 INFO o.a.j.t.JMeterThread: Thread finished: Thread-Gruppe 1-9
2025-02-28 11:39:48,851 INFO o.a.j.t.JMeterThread: Thread finished: Thread-Gruppe 1-36
2025-02-28 11:39:48,878 INFO o.a.j.t.JMeterThread: Thread finished: Thread-Gruppe 1-70
2025-02-28 11:39:48,880 INFO o.a.j.t.JMeterThread: Thread finished: Thread-Gruppe 1-55
2025-02-28 11:39:48,885 INFO o.a.j.t.JMeterThread: Thread finished: Thread-Gruppe 1-25
2025-02-28 11:39:48,901 INFO o.a.j.t.JMeterThread: Thread finished: Thread-Gruppe 1-10
2025-02-28 11:39:49,000 INFO o.a.j.t.JMeterThread: Thread finished: Thread-Gruppe 1-37
2025-02-28 11:39:49,004 INFO o.a.j.t.JMeterThread: Thread finished: Thread-Gruppe 1-71
2025-02-28 11:39:49,023 INFO o.a.j.t.JMeterThread: Thread finished: Thread-Gruppe 1-56
2025-02-28 11:39:49,033 INFO o.a.j.t.JMeterThread: Thread finished: Thread-Gruppe 1-26
2025-02-28 11:39:49,036 INFO o.a.j.t.JMeterThread: Thread finished: Thread-Gruppe 1-11
2025-02-28 11:39:49,132 INFO o.a.j.t.JMeterThread: Thread finished: Thread-Gruppe 1-38
2025-02-28 11:39:49,138 INFO o.a.j.t.JMeterThread: Thread finished: Thread-Gruppe 1-72
2025-02-28 11:39:49,142 INFO o.a.j.t.JMeterThread: Thread finished: Thread-Gruppe 1-57
2025-02-28 11:39:49,163 INFO o.a.j.t.JMeterThread: Thread finished: Thread-Gruppe 1-27
2025-02-28 11:39:49,166 INFO o.a.j.t.JMeterThread: Thread finished: Thread-Gruppe 1-12
2025-02-28 11:39:49,216 INFO o.a.j.t.JMeterThread: Thread finished: Thread-Gruppe 2-15
2025-02-28 11:39:49,231 INFO o.a.j.t.JMeterThread: Thread finished: Thread-Gruppe 2-1
2025-02-28 11:39:49,235 INFO o.a.j.t.JMeterThread: Thread finished: Thread-Gruppe 2-11
2025-02-28 11:39:49,272 INFO o.a.j.t.JMeterThread: Thread finished: Thread-Gruppe 1-39
2025-02-28 11:39:49,286 INFO o.a.j.t.JMeterThread: Thread finished: Thread-Gruppe 1-73
2025-02-28 11:39:49,290 INFO o.a.j.t.JMeterThread: Thread finished: Thread-Gruppe 1-58
2025-02-28 11:39:49,293 INFO o.a.j.t.JMeterThread: Thread finished: Thread-Gruppe 1-28
2025-02-28 11:39:49,295 INFO o.a.j.t.JMeterThread: Thread finished: Thread-Gruppe 2-16
2025-02-28 11:39:49,298 INFO o.a.j.t.JMeterThread: Thread finished: Thread-Gruppe 2-10
2025-02-28 11:39:49,302 INFO o.a.j.t.JMeterThread: Thread finished: Thread-Gruppe 1-13
2025-02-28 11:39:49,354 INFO o.a.j.t.JMeterThread: Thread finished: Thread-Gruppe 2-5
2025-02-28 11:39:49,354 INFO o.a.j.t.JMeterThread: Thread finished: Thread-Gruppe 2-9
2025-02-28 11:39:49,358 INFO o.a.j.t.JMeterThread: Thread finished: Thread-Gruppe 2-7
2025-02-28 11:39:49,359 INFO o.a.j.t.JMeterThread: Thread finished: Thread-Gruppe 2-2
2025-02-28 11:39:49,381 INFO o.a.j.t.JMeterThread: Thread finished: Thread-Gruppe 1-40
2025-02-28 11:39:49,389 INFO o.a.j.t.JMeterThread: Thread finished: Thread-Gruppe 2-13
2025-02-28 11:39:49,406 INFO o.a.j.t.JMeterThread: Thread finished: Thread-Gruppe 1-74
2025-02-28 11:39:49,427 INFO o.a.j.t.JMeterThread: Thread finished: Thread-Gruppe 1-14
2025-02-28 11:39:49,430 INFO o.a.j.t.JMeterThread: Thread finished: Thread-Gruppe 1-29
2025-02-28 11:39:49,436 INFO o.a.j.t.JMeterThread: Thread finished: Thread-Gruppe 3-4
2025-02-28 11:39:49,443 INFO o.a.j.t.JMeterThread: Thread finished: Thread-Gruppe 1-59
2025-02-28 11:39:49,445 INFO o.a.j.t.JMeterThread: Thread finished: Thread-Gruppe 2-8
2025-02-28 11:39:49,448 INFO o.a.j.t.JMeterThread: Thread finished: Thread-Gruppe 2-6
2025-02-28 11:39:49,512 INFO o.a.j.t.JMeterThread: Stopping because end time detected by thread: Thread-Gruppe 1-41
2025-02-28 11:39:49,512 INFO o.a.j.t.JMeterThread: Thread finished: Thread-Gruppe 1-41
2025-02-28 11:39:49,555 INFO o.a.j.t.JMeterThread: Stopping because end time detected by thread: Thread-Gruppe 1-75
2025-02-28 11:39:49,555 INFO o.a.j.t.JMeterThread: Thread finished: Thread-Gruppe 1-75
2025-02-28 11:39:49,559 INFO o.a.j.t.JMeterThread: Stopping because end time detected by thread: Thread-Gruppe 1-30
2025-02-28 11:39:49,559 INFO o.a.j.t.JMeterThread: Thread finished: Thread-Gruppe 1-30
2025-02-28 11:39:49,559 INFO o.a.j.t.JMeterThread: Stopping because end time detected by thread: Thread-Gruppe 2-19
2025-02-28 11:39:49,559 INFO o.a.j.t.JMeterThread: Thread finished: Thread-Gruppe 2-19
2025-02-28 11:39:49,559 INFO o.a.j.t.JMeterThread: Stopping because end time detected by thread: Thread-Gruppe 3-3
2025-02-28 11:39:49,559 INFO o.a.j.t.JMeterThread: Thread finished: Thread-Gruppe 3-3
2025-02-28 11:39:49,559 INFO o.a.j.t.JMeterThread: Stopping because end time detected by thread: Thread-Gruppe 1-15
2025-02-28 11:39:49,559 INFO o.a.j.t.JMeterThread: Thread finished: Thread-Gruppe 1-15
2025-02-28 11:39:49,559 INFO o.a.j.t.JMeterThread: Stopping because end time detected by thread: Thread-Gruppe 1-60
2025-02-28 11:39:49,574 INFO o.a.j.t.JMeterThread: Thread finished: Thread-Gruppe 1-60
2025-02-28 11:39:49,583 INFO o.a.j.t.JMeterThread: Stopping because end time detected by thread: Thread-Gruppe 2-3
2025-02-28 11:39:49,583 INFO o.a.j.t.JMeterThread: Thread finished: Thread-Gruppe 2-3
2025-02-28 11:39:49,623 INFO o.a.j.t.JMeterThread: Stopping because end time detected by thread: Thread-Gruppe 3-5
2025-02-28 11:39:49,623 INFO o.a.j.t.JMeterThread: Thread finished: Thread-Gruppe 3-5
2025-02-28 11:39:49,644 INFO o.a.j.t.JMeterThread: Stopping because end time detected by thread: Thread-Gruppe 1-42
2025-02-28 11:39:49,644 INFO o.a.j.t.JMeterThread: Thread finished: Thread-Gruppe 1-42
2025-02-28 11:39:49,644 INFO o.a.j.t.JMeterThread: Stopping because end time detected by thread: Thread-Gruppe 3-1
2025-02-28 11:39:49,644 INFO o.a.j.t.JMeterThread: Thread finished: Thread-Gruppe 3-1
2025-02-28 11:39:49,681 INFO o.a.j.t.JMeterThread: Stopping because end time detected by thread: Thread-Gruppe 1-61
2025-02-28 11:39:49,681 INFO o.a.j.t.JMeterThread: Thread finished: Thread-Gruppe 1-61
2025-02-28 11:39:49,687 INFO o.a.j.t.JMeterThread: Stopping because end time detected by thread: Thread-Gruppe 1-31
2025-02-28 11:39:49,687 INFO o.a.j.t.JMeterThread: Thread finished: Thread-Gruppe 1-31
2025-02-28 11:39:49,692 INFO o.a.j.t.JMeterThread: Stopping because end time detected by thread: Thread-Gruppe 1-16
2025-02-28 11:39:49,699 INFO o.a.j.t.JMeterThread: Thread finished: Thread-Gruppe 1-16
2025-02-28 11:39:49,705 INFO o.a.j.t.JMeterThread: Stopping because end time detected by thread: Thread-Gruppe 2-12
2025-02-28 11:39:49,705 INFO o.a.j.t.JMeterThread: Thread finished: Thread-Gruppe 2-12
2025-02-28 11:39:49,741 INFO o.a.j.t.JMeterThread: Stopping because end time detected by thread: Thread-Gruppe 2-4
2025-02-28 11:39:49,741 INFO o.a.j.t.JMeterThread: Thread finished: Thread-Gruppe 2-4
2025-02-28 11:39:49,753 INFO o.a.j.t.JMeterThread: Stopping because end time detected by thread: Thread-Gruppe 2-18
2025-02-28 11:39:49,753 INFO o.a.j.t.JMeterThread: Thread finished: Thread-Gruppe 2-18
2025-02-28 11:39:49,796 INFO o.a.j.t.JMeterThread: Stopping because end time detected by thread: Thread-Gruppe 1-43
2025-02-28 11:39:49,796 INFO o.a.j.t.JMeterThread: Thread finished: Thread-Gruppe 1-43
2025-02-28 11:39:49,804 INFO o.a.j.t.JMeterThread: Stopping because end time detected by thread: Thread-Gruppe 2-14
2025-02-28 11:39:49,804 INFO o.a.j.t.JMeterThread: Thread finished: Thread-Gruppe 2-14
2025-02-28 11:39:49,862 INFO o.a.j.t.JMeterThread: Stopping because end time detected by thread: Thread-Gruppe 2-20
2025-02-28 11:39:49,862 INFO o.a.j.t.JMeterThread: Thread finished: Thread-Gruppe 2-20
2025-02-28 11:39:49,926 INFO o.a.j.t.JMeterThread: Stopping because end time detected by thread: Thread-Gruppe 1-44
2025-02-28 11:39:49,933 INFO o.a.j.t.JMeterThread: Thread finished: Thread-Gruppe 1-44
2025-02-28 11:39:49,979 INFO o.a.j.t.JMeterThread: Stopping because end time detected by thread: Thread-Gruppe 2-17
2025-02-28 11:39:49,979 INFO o.a.j.t.JMeterThread: Thread finished: Thread-Gruppe 2-17
2025-02-28 11:39:50,045 INFO o.a.j.t.JMeterThread: Stopping because end time detected by thread: Thread-Gruppe 1-45
2025-02-28 11:39:50,047 INFO o.a.j.t.JMeterThread: Thread finished: Thread-Gruppe 1-45
2025-02-28 11:39:50,207 INFO o.a.j.t.JMeterThread: Stopping because end time detected by thread: Thread-Gruppe 1-46
2025-02-28 11:39:50,209 INFO o.a.j.t.JMeterThread: Thread finished: Thread-Gruppe 1-46
2025-02-28 11:39:50,304 INFO o.a.j.t.JMeterThread: Stopping because end time detected by thread: Thread-Gruppe 3-2
2025-02-28 11:39:50,304 INFO o.a.j.t.JMeterThread: Thread finished: Thread-Gruppe 3-2
2025-02-28 11:39:50,308 INFO o.a.j.e.StandardJMeterEngine: Notifying test listeners of end of test
2025-02-28 11:39:50,335 INFO o.a.j.r.Summariser: summary +   1516 in 00:00:20 =   74.6/s Avg:   330 Min:   244 Max:   841 Err:     0 (0.00%) Active: 0 Started: 100 Finished: 100
2025-02-28 11:39:50,339 INFO o.a.j.r.Summariser: summary =  45430 in 00:11:02 =   68.7/s Avg:   344 Min:   239 Max:  1130 Err:     0 (0.00%)
