2025-02-28 15:57:14,841 INFO o.a.j.u.JMeterUtils: Setting Locale to en_EN
2025-02-28 15:57:14,876 INFO o.a.j.JMeter: Loading user properties from: C:\Users\ASUS\Desktop\apache-jmeter-5.6.3\apache-jmeter-5.6.3\bin\user.properties
2025-02-28 15:57:14,876 INFO o.a.j.JMeter: Loading system properties from: C:\Users\ASUS\Desktop\apache-jmeter-5.6.3\apache-jmeter-5.6.3\bin\system.properties
2025-02-28 15:57:14,876 INFO o.a.j.JMeter: Setting JMeter property: lb_1_hostname=35.223.3.236
2025-02-28 15:57:14,876 INFO o.a.j.JMeter: Setting JMeter property: lb_2_hostname=34.56.2.152
2025-02-28 15:57:14,876 INFO o.a.j.JMeter: Setting JMeter property: lb_1_port=8090
2025-02-28 15:57:14,876 INFO o.a.j.JMeter: Setting JMeter property: lb_2_port=8091
2025-02-28 15:57:14,876 INFO o.a.j.JMeter: Setting JMeter property: warm_up_users=20
2025-02-28 15:57:14,876 INFO o.a.j.JMeter: Setting JMeter property: warm_up_time=60
2025-02-28 15:57:14,876 INFO o.a.j.JMeter: Setting JMeter property: test_run_time=600
2025-02-28 15:57:14,876 INFO o.a.j.JMeter: Setting JMeter property: ramp_up=10
2025-02-28 15:57:14,876 INFO o.a.j.JMeter: Setting JMeter property: group_1=75
2025-02-28 15:57:14,876 INFO o.a.j.JMeter: Setting JMeter property: group_2=20
2025-02-28 15:57:14,876 INFO o.a.j.JMeter: Setting JMeter property: group_3=5
2025-02-28 15:57:14,876 INFO o.a.j.JMeter: Setting JMeter property: group_1_request_rate=30
2025-02-28 15:57:14,876 INFO o.a.j.JMeter: Setting JMeter property: group_2_request_rate=90
2025-02-28 15:57:14,876 INFO o.a.j.JMeter: Setting JMeter property: group_3_request_rate=120
2025-02-28 15:57:14,876 INFO o.a.j.JMeter: Setting JMeter property: log_file=c:\\Users\\ASUS\\Desktop\\Repos\\rate-limiter-nginx\\jmeter\\cloud\\2025_02_28_15_57_logs\\base/base\\warm_up_results.csv
2025-02-28 15:57:14,876 INFO o.a.j.JMeter: Setting JMeter property: algorithm=_base/base
2025-02-28 15:57:14,876 INFO o.a.j.JMeter: Setting JMeter property: auth=//base/base/tools.descartes.teastore.auth/rest
2025-02-28 15:57:14,883 INFO o.a.j.JMeter: Setting JMeter property: persistence=//base/base/tools.descartes.teastore.persistence/rest
2025-02-28 15:57:14,883 INFO o.a.j.JMeter: Setting JMeter property: recommender=//base/base/tools.descartes.teastore.recommender/rest
2025-02-28 15:57:14,883 INFO o.a.j.JMeter: Setting JMeter property: image=//base/base/tools.descartes.teastore.image/rest
2025-02-28 15:57:14,883 INFO o.a.j.JMeter: Copyright (c) 1998-2024 The Apache Software Foundation
2025-02-28 15:57:14,883 INFO o.a.j.JMeter: Version 5.6.3
2025-02-28 15:57:14,883 INFO o.a.j.JMeter: java.version=17.0.9
2025-02-28 15:57:14,883 INFO o.a.j.JMeter: java.vm.name=Java HotSpot(TM) 64-Bit Server VM
2025-02-28 15:57:14,883 INFO o.a.j.JMeter: os.name=Windows 11
2025-02-28 15:57:14,883 INFO o.a.j.JMeter: os.arch=amd64
2025-02-28 15:57:14,883 INFO o.a.j.JMeter: os.version=10.0
2025-02-28 15:57:14,883 INFO o.a.j.JMeter: file.encoding=Cp1252
2025-02-28 15:57:14,883 INFO o.a.j.JMeter: java.awt.headless=true
2025-02-28 15:57:14,883 INFO o.a.j.JMeter: Max memory     =1073741824
2025-02-28 15:57:14,883 INFO o.a.j.JMeter: Available Processors =12
2025-02-28 15:57:14,899 INFO o.a.j.JMeter: Default Locale=English (EN)
2025-02-28 15:57:14,899 INFO o.a.j.JMeter: JMeter  Locale=English (EN)
2025-02-28 15:57:14,899 INFO o.a.j.JMeter: JMeterHome=C:\Users\ASUS\Desktop\apache-jmeter-5.6.3\apache-jmeter-5.6.3
2025-02-28 15:57:14,899 INFO o.a.j.JMeter: user.dir  =C:\Users\ASUS\Desktop\Repos\rate-limiter-nginx
2025-02-28 15:57:14,899 INFO o.a.j.JMeter: PWD       =C:\Users\ASUS\Desktop\Repos\rate-limiter-nginx
2025-02-28 15:57:14,899 INFO o.a.j.JMeter: IP: 192.168.1.45 Name: THIVA FullName: THIVA
2025-02-28 15:57:14,918 INFO o.a.j.s.FileServer: Default base='C:\Users\ASUS\Desktop\Repos\rate-limiter-nginx'
2025-02-28 15:57:14,918 INFO o.a.j.s.FileServer: Set new base='c:\Users\ASUS\Desktop\Repos\rate-limiter-nginx\jmeter\cloud'
2025-02-28 15:57:15,151 INFO o.a.j.s.SaveService: Testplan (JMX) version: 2.2. Testlog (JTL) version: 2.2
2025-02-28 15:57:15,184 INFO o.a.j.s.SaveService: Using SaveService properties version 5.0
2025-02-28 15:57:15,184 INFO o.a.j.s.SaveService: Using SaveService properties file encoding UTF-8
2025-02-28 15:57:15,190 INFO o.a.j.s.SaveService: Loading file: c:\Users\ASUS\Desktop\Repos\rate-limiter-nginx\jmeter\cloud\teastore_performance.jmx
2025-02-28 15:57:15,251 INFO o.a.j.p.h.c.CookieManager: Settings: Delete null: true Check: true Allow variable: true Save: false Prefix: COOKIE_
2025-02-28 15:57:15,284 INFO o.a.j.p.h.s.HTTPSamplerBase: Parser for text/html is org.apache.jmeter.protocol.http.parser.LagartoBasedHtmlParser
2025-02-28 15:57:15,284 INFO o.a.j.p.h.s.HTTPSamplerBase: Parser for application/xhtml+xml is org.apache.jmeter.protocol.http.parser.LagartoBasedHtmlParser
2025-02-28 15:57:15,284 INFO o.a.j.p.h.s.HTTPSamplerBase: Parser for application/xml is org.apache.jmeter.protocol.http.parser.LagartoBasedHtmlParser
2025-02-28 15:57:15,284 INFO o.a.j.p.h.s.HTTPSamplerBase: Parser for text/xml is org.apache.jmeter.protocol.http.parser.LagartoBasedHtmlParser
2025-02-28 15:57:15,284 INFO o.a.j.p.h.s.HTTPSamplerBase: Parser for text/vnd.wap.wml is org.apache.jmeter.protocol.http.parser.RegexpHTMLParser
2025-02-28 15:57:15,284 INFO o.a.j.p.h.s.HTTPSamplerBase: Parser for text/css is org.apache.jmeter.protocol.http.parser.CssParser
2025-02-28 15:57:15,412 INFO o.a.j.s.SampleResult: Note: Sample TimeStamps are START times
2025-02-28 15:57:15,412 INFO o.a.j.s.SampleResult: sampleresult.default.encoding is set to UTF-8
2025-02-28 15:57:15,412 INFO o.a.j.s.SampleResult: sampleresult.useNanoTime=true
2025-02-28 15:57:15,412 INFO o.a.j.s.SampleResult: sampleresult.nanoThreadSleep=5000
2025-02-28 15:57:15,458 INFO o.a.j.JMeter: Creating summariser <summary>
2025-02-28 15:57:15,487 INFO o.a.j.e.StandardJMeterEngine: Running the test!
2025-02-28 15:57:15,490 INFO o.a.j.s.SampleEvent: List of sample_variables: []
2025-02-28 15:57:15,490 INFO o.a.j.s.SampleEvent: List of sample_variables: []
2025-02-28 15:57:15,498 INFO o.a.j.e.u.CompoundVariable: Note: Function class names must contain the string: '.functions.'
2025-02-28 15:57:15,498 INFO o.a.j.e.u.CompoundVariable: Note: Function class names must not contain the string: '.gui.'
2025-02-28 15:57:15,585 INFO o.a.j.r.ClassFinder: Will scan jar C:\Users\ASUS\Desktop\apache-jmeter-5.6.3\apache-jmeter-5.6.3\lib\ext\jmeter-plugins-casutg-2.10.jar with filter ExtendsClassFilter [parents=[interface org.apache.jmeter.functions.Function], inner=false, contains=null, notContains=null]. Consider exposing JMeter plugins via META-INF/services, and add JMeter-Skip-Class-Scanning=true manifest attribute so JMeter can skip classfile scanning
2025-02-28 15:57:15,609 INFO o.a.j.r.ClassFinder: Will scan jar C:\Users\ASUS\Desktop\apache-jmeter-5.6.3\apache-jmeter-5.6.3\lib\ext\jmeter-plugins-graphs-vs-2.0.jar with filter ExtendsClassFilter [parents=[interface org.apache.jmeter.functions.Function], inner=false, contains=null, notContains=null]. Consider exposing JMeter plugins via META-INF/services, and add JMeter-Skip-Class-Scanning=true manifest attribute so JMeter can skip classfile scanning
2025-02-28 15:57:15,616 INFO o.a.j.r.ClassFinder: Will scan jar C:\Users\ASUS\Desktop\apache-jmeter-5.6.3\apache-jmeter-5.6.3\lib\ext\jmeter-plugins-manager-1.9.jar with filter ExtendsClassFilter [parents=[interface org.apache.jmeter.functions.Function], inner=false, contains=null, notContains=null]. Consider exposing JMeter plugins via META-INF/services, and add JMeter-Skip-Class-Scanning=true manifest attribute so JMeter can skip classfile scanning
2025-02-28 15:57:15,709 INFO o.a.j.r.ClassFinder: Will scan jar C:\Users\ASUS\Desktop\apache-jmeter-5.6.3\apache-jmeter-5.6.3\lib\ext\jmeter-plugins-graphs-basic-2.0.jar with filter ExtendsClassFilter [parents=[interface org.apache.jmeter.functions.Function], inner=false, contains=null, notContains=null]. Consider exposing JMeter plugins via META-INF/services, and add JMeter-Skip-Class-Scanning=true manifest attribute so JMeter can skip classfile scanning
2025-02-28 15:57:15,720 INFO o.a.j.r.ClassFinder: Will scan jar C:\Users\ASUS\Desktop\apache-jmeter-5.6.3\apache-jmeter-5.6.3\lib\ext\jmeter-plugins-manager-0.20.jar with filter ExtendsClassFilter [parents=[interface org.apache.jmeter.functions.Function], inner=false, contains=null, notContains=null]. Consider exposing JMeter plugins via META-INF/services, and add JMeter-Skip-Class-Scanning=true manifest attribute so JMeter can skip classfile scanning
2025-02-28 15:57:15,723 INFO o.a.j.r.ClassFinder: Will scan jar C:\Users\ASUS\Desktop\apache-jmeter-5.6.3\apache-jmeter-5.6.3\lib\ext\jmeter-plugins-tst-2.6.jar with filter ExtendsClassFilter [parents=[interface org.apache.jmeter.functions.Function], inner=false, contains=null, notContains=null]. Consider exposing JMeter plugins via META-INF/services, and add JMeter-Skip-Class-Scanning=true manifest attribute so JMeter can skip classfile scanning
2025-02-28 15:57:15,735 INFO o.a.j.r.ClassFinder: Will scan jar C:\Users\ASUS\Desktop\apache-jmeter-5.6.3\apache-jmeter-5.6.3\lib\ext\jmeter-parallel-0.12.jar with filter ExtendsClassFilter [parents=[interface org.apache.jmeter.functions.Function], inner=false, contains=null, notContains=null]. Consider exposing JMeter plugins via META-INF/services, and add JMeter-Skip-Class-Scanning=true manifest attribute so JMeter can skip classfile scanning
2025-02-28 15:57:16,081 INFO o.a.j.JMeter: Running test (1740738436081)
2025-02-28 15:57:16,081 INFO o.a.j.e.StandardJMeterEngine: Starting setUp thread groups
2025-02-28 15:57:16,081 INFO o.a.j.e.StandardJMeterEngine: Starting setUp ThreadGroup: 1 : setUp Thread Group 
2025-02-28 15:57:16,081 INFO o.a.j.e.StandardJMeterEngine: Starting 20 threads for group setUp Thread Group.
2025-02-28 15:57:16,081 INFO o.a.j.e.StandardJMeterEngine: Thread will continue on error
2025-02-28 15:57:16,081 INFO o.a.j.t.ThreadGroup: Starting thread group... number=1 threads=20 ramp-up=10 delayedStart=false
2025-02-28 15:57:16,097 INFO o.a.j.t.JMeterThread: Thread started: setUp Thread Group 1-1
2025-02-28 15:57:16,120 INFO o.a.j.t.ThreadGroup: Started thread group number 1
2025-02-28 15:57:16,120 INFO o.a.j.e.StandardJMeterEngine: Waiting for all setup thread groups to exit
2025-02-28 15:57:16,611 INFO o.a.j.t.JMeterThread: Thread started: setUp Thread Group 1-2
2025-02-28 15:57:17,074 INFO o.a.j.p.h.s.HTTPHCAbstractImpl: Local host = THIVA
2025-02-28 15:57:17,082 INFO o.a.j.p.h.s.HTTPHC4Impl: HTTP request retry count = 0
2025-02-28 15:57:17,101 INFO o.a.j.t.JMeterThread: Thread started: setUp Thread Group 1-3
2025-02-28 15:57:17,590 INFO o.a.j.t.JMeterThread: Thread started: setUp Thread Group 1-4
2025-02-28 15:57:18,089 INFO o.a.j.t.JMeterThread: Thread started: setUp Thread Group 1-5
2025-02-28 15:57:18,588 INFO o.a.j.t.JMeterThread: Thread started: setUp Thread Group 1-6
2025-02-28 15:57:19,085 INFO o.a.j.t.JMeterThread: Thread started: setUp Thread Group 1-7
2025-02-28 15:57:19,582 INFO o.a.j.t.JMeterThread: Thread started: setUp Thread Group 1-8
2025-02-28 15:57:20,091 INFO o.a.j.t.JMeterThread: Thread started: setUp Thread Group 1-9
2025-02-28 15:57:20,591 INFO o.a.j.t.JMeterThread: Thread started: setUp Thread Group 1-10
2025-02-28 15:57:21,090 INFO o.a.j.t.JMeterThread: Thread started: setUp Thread Group 1-11
2025-02-28 15:57:21,581 INFO o.a.j.t.JMeterThread: Thread started: setUp Thread Group 1-12
2025-02-28 15:57:22,088 INFO o.a.j.t.JMeterThread: Thread started: setUp Thread Group 1-13
2025-02-28 15:57:22,592 INFO o.a.j.t.JMeterThread: Thread started: setUp Thread Group 1-14
2025-02-28 15:57:23,087 INFO o.a.j.t.JMeterThread: Thread started: setUp Thread Group 1-15
2025-02-28 15:57:23,584 INFO o.a.j.t.JMeterThread: Thread started: setUp Thread Group 1-16
2025-02-28 15:57:24,083 INFO o.a.j.t.JMeterThread: Thread started: setUp Thread Group 1-17
2025-02-28 15:57:24,582 INFO o.a.j.t.JMeterThread: Thread started: setUp Thread Group 1-18
2025-02-28 15:57:25,082 INFO o.a.j.t.JMeterThread: Thread started: setUp Thread Group 1-19
2025-02-28 15:57:25,585 INFO o.a.j.t.JMeterThread: Thread started: setUp Thread Group 1-20
2025-02-28 15:58:15,914 INFO o.a.j.t.JMeterThread: Thread finished: setUp Thread Group 1-5
2025-02-28 15:58:15,934 INFO o.a.j.t.JMeterThread: Thread finished: setUp Thread Group 1-1
2025-02-28 15:58:15,970 INFO o.a.j.t.JMeterThread: Thread finished: setUp Thread Group 1-20
2025-02-28 15:58:15,995 INFO o.a.j.t.JMeterThread: Thread finished: setUp Thread Group 1-17
2025-02-28 15:58:16,023 INFO o.a.j.t.JMeterThread: Thread finished: setUp Thread Group 1-9
2025-02-28 15:58:16,035 INFO o.a.j.t.JMeterThread: Thread finished: setUp Thread Group 1-8
2025-02-28 15:58:16,055 INFO o.a.j.t.JMeterThread: Thread finished: setUp Thread Group 1-14
2025-02-28 15:58:16,055 INFO o.a.j.t.JMeterThread: Thread finished: setUp Thread Group 1-15
2025-02-28 15:58:16,062 INFO o.a.j.t.JMeterThread: Thread finished: setUp Thread Group 1-3
2025-02-28 15:58:16,066 INFO o.a.j.t.JMeterThread: Thread finished: setUp Thread Group 1-19
2025-02-28 15:58:16,066 INFO o.a.j.t.JMeterThread: Thread finished: setUp Thread Group 1-10
2025-02-28 15:58:16,078 INFO o.a.j.t.JMeterThread: Thread finished: setUp Thread Group 1-18
2025-02-28 15:58:16,250 INFO o.a.j.t.JMeterThread: Stopping because end time detected by thread: setUp Thread Group 1-11
2025-02-28 15:58:16,250 INFO o.a.j.t.JMeterThread: Thread finished: setUp Thread Group 1-11
2025-02-28 15:58:16,250 INFO o.a.j.t.JMeterThread: Stopping because end time detected by thread: setUp Thread Group 1-6
2025-02-28 15:58:16,250 INFO o.a.j.t.JMeterThread: Thread finished: setUp Thread Group 1-6
2025-02-28 15:58:16,275 INFO o.a.j.t.JMeterThread: Stopping because end time detected by thread: setUp Thread Group 1-4
2025-02-28 15:58:16,275 INFO o.a.j.t.JMeterThread: Stopping because end time detected by thread: setUp Thread Group 1-16
2025-02-28 15:58:16,276 INFO o.a.j.t.JMeterThread: Thread finished: setUp Thread Group 1-4
2025-02-28 15:58:16,276 INFO o.a.j.t.JMeterThread: Thread finished: setUp Thread Group 1-16
2025-02-28 15:58:16,284 INFO o.a.j.t.JMeterThread: Stopping because end time detected by thread: setUp Thread Group 1-2
2025-02-28 15:58:16,284 INFO o.a.j.t.JMeterThread: Thread finished: setUp Thread Group 1-2
2025-02-28 15:58:16,388 INFO o.a.j.t.JMeterThread: Stopping because end time detected by thread: setUp Thread Group 1-7
2025-02-28 15:58:16,388 INFO o.a.j.t.JMeterThread: Thread finished: setUp Thread Group 1-7
2025-02-28 15:58:16,800 INFO o.a.j.t.JMeterThread: Stopping because end time detected by thread: setUp Thread Group 1-13
2025-02-28 15:58:16,800 INFO o.a.j.t.JMeterThread: Thread finished: setUp Thread Group 1-13
2025-02-28 15:58:16,871 INFO o.a.j.t.JMeterThread: Stopping because end time detected by thread: setUp Thread Group 1-12
2025-02-28 15:58:16,871 INFO o.a.j.t.JMeterThread: Thread finished: setUp Thread Group 1-12
2025-02-28 15:58:16,872 INFO o.a.j.e.StandardJMeterEngine: All Setup Threads have ended
2025-02-28 15:58:16,918 INFO o.a.j.e.StandardJMeterEngine: Starting ThreadGroup: 1 : Thread-Gruppe
2025-02-28 15:58:16,918 INFO o.a.j.e.StandardJMeterEngine: Starting 75 threads for group Thread-Gruppe.
2025-02-28 15:58:16,918 INFO o.a.j.e.StandardJMeterEngine: Thread will continue on error
2025-02-28 15:58:16,918 INFO o.a.j.t.ThreadGroup: Starting thread group... number=1 threads=75 ramp-up=10 delayedStart=false
2025-02-28 15:58:16,918 INFO o.a.j.t.JMeterThread: Thread started: Thread-Gruppe 1-1
2025-02-28 15:58:17,004 INFO o.a.j.t.ThreadGroup: Started thread group number 1
2025-02-28 15:58:17,005 INFO o.a.j.e.StandardJMeterEngine: Starting ThreadGroup: 2 : Thread-Gruppe
2025-02-28 15:58:17,005 INFO o.a.j.e.StandardJMeterEngine: Starting 20 threads for group Thread-Gruppe.
2025-02-28 15:58:17,005 INFO o.a.j.e.StandardJMeterEngine: Thread will continue on error
2025-02-28 15:58:17,005 INFO o.a.j.t.ThreadGroup: Starting thread group... number=2 threads=20 ramp-up=10 delayedStart=false
2025-02-28 15:58:17,008 INFO o.a.j.t.JMeterThread: Thread started: Thread-Gruppe 2-1
2025-02-28 15:58:17,034 INFO o.a.j.t.ThreadGroup: Started thread group number 2
2025-02-28 15:58:17,034 INFO o.a.j.e.StandardJMeterEngine: Starting ThreadGroup: 3 : Thread-Gruppe
2025-02-28 15:58:17,034 INFO o.a.j.e.StandardJMeterEngine: Starting 5 threads for group Thread-Gruppe.
2025-02-28 15:58:17,034 INFO o.a.j.e.StandardJMeterEngine: Thread will continue on error
2025-02-28 15:58:17,034 INFO o.a.j.t.ThreadGroup: Starting thread group... number=3 threads=5 ramp-up=10 delayedStart=false
2025-02-28 15:58:17,035 INFO o.a.j.t.JMeterThread: Thread started: Thread-Gruppe 3-1
2025-02-28 15:58:17,037 INFO o.a.j.t.ThreadGroup: Started thread group number 3
2025-02-28 15:58:17,037 INFO o.a.j.e.StandardJMeterEngine: All thread groups have been started
2025-02-28 15:58:17,061 INFO o.a.j.t.JMeterThread: Thread started: Thread-Gruppe 1-2
2025-02-28 15:58:17,196 INFO o.a.j.t.JMeterThread: Thread started: Thread-Gruppe 1-3
2025-02-28 15:58:17,329 INFO o.a.j.t.JMeterThread: Thread started: Thread-Gruppe 1-4
2025-02-28 15:58:17,454 INFO o.a.j.t.JMeterThread: Thread started: Thread-Gruppe 1-5
2025-02-28 15:58:17,511 INFO o.a.j.t.JMeterThread: Thread started: Thread-Gruppe 2-2
2025-02-28 15:58:17,588 INFO o.a.j.t.JMeterThread: Thread started: Thread-Gruppe 1-6
2025-02-28 15:58:17,720 INFO o.a.j.t.JMeterThread: Thread started: Thread-Gruppe 1-7
2025-02-28 15:58:17,851 INFO o.a.j.t.JMeterThread: Thread started: Thread-Gruppe 1-8
2025-02-28 15:58:17,986 INFO o.a.j.t.JMeterThread: Thread started: Thread-Gruppe 1-9
2025-02-28 15:58:18,010 INFO o.a.j.t.JMeterThread: Thread started: Thread-Gruppe 2-3
2025-02-28 15:58:18,118 INFO o.a.j.t.JMeterThread: Thread started: Thread-Gruppe 1-10
2025-02-28 15:58:18,251 INFO o.a.j.t.JMeterThread: Thread started: Thread-Gruppe 1-11
2025-02-28 15:58:18,385 INFO o.a.j.t.JMeterThread: Thread started: Thread-Gruppe 1-12
2025-02-28 15:58:18,508 INFO o.a.j.t.JMeterThread: Thread started: Thread-Gruppe 2-4
2025-02-28 15:58:18,518 INFO o.a.j.t.JMeterThread: Thread started: Thread-Gruppe 1-13
2025-02-28 15:58:18,651 INFO o.a.j.t.JMeterThread: Thread started: Thread-Gruppe 1-14
2025-02-28 15:58:18,783 INFO o.a.j.t.JMeterThread: Thread started: Thread-Gruppe 1-15
2025-02-28 15:58:18,916 INFO o.a.j.t.JMeterThread: Thread started: Thread-Gruppe 1-16
2025-02-28 15:58:19,009 INFO o.a.j.t.JMeterThread: Thread started: Thread-Gruppe 2-5
2025-02-28 15:58:19,035 INFO o.a.j.t.JMeterThread: Thread started: Thread-Gruppe 3-2
2025-02-28 15:58:19,051 INFO o.a.j.t.JMeterThread: Thread started: Thread-Gruppe 1-17
2025-02-28 15:58:19,183 INFO o.a.j.t.JMeterThread: Thread started: Thread-Gruppe 1-18
2025-02-28 15:58:19,316 INFO o.a.j.t.JMeterThread: Thread started: Thread-Gruppe 1-19
2025-02-28 15:58:19,449 INFO o.a.j.t.JMeterThread: Thread started: Thread-Gruppe 1-20
2025-02-28 15:58:19,508 INFO o.a.j.t.JMeterThread: Thread started: Thread-Gruppe 2-6
2025-02-28 15:58:19,582 INFO o.a.j.t.JMeterThread: Thread started: Thread-Gruppe 1-21
2025-02-28 15:58:19,715 INFO o.a.j.t.JMeterThread: Thread started: Thread-Gruppe 1-22
2025-02-28 15:58:19,848 INFO o.a.j.t.JMeterThread: Thread started: Thread-Gruppe 1-23
2025-02-28 15:58:19,981 INFO o.a.j.t.JMeterThread: Thread started: Thread-Gruppe 1-24
2025-02-28 15:58:20,008 INFO o.a.j.t.JMeterThread: Thread started: Thread-Gruppe 2-7
2025-02-28 15:58:20,113 INFO o.a.j.t.JMeterThread: Thread started: Thread-Gruppe 1-25
2025-02-28 15:58:20,245 INFO o.a.j.t.JMeterThread: Thread started: Thread-Gruppe 1-26
2025-02-28 15:58:20,378 INFO o.a.j.t.JMeterThread: Thread started: Thread-Gruppe 1-27
2025-02-28 15:58:20,509 INFO o.a.j.t.JMeterThread: Thread started: Thread-Gruppe 2-8
2025-02-28 15:58:20,512 INFO o.a.j.t.JMeterThread: Thread started: Thread-Gruppe 1-28
2025-02-28 15:58:20,644 INFO o.a.j.t.JMeterThread: Thread started: Thread-Gruppe 1-29
2025-02-28 15:58:20,779 INFO o.a.j.t.JMeterThread: Thread started: Thread-Gruppe 1-30
2025-02-28 15:58:20,911 INFO o.a.j.t.JMeterThread: Thread started: Thread-Gruppe 1-31
2025-02-28 15:58:21,008 INFO o.a.j.t.JMeterThread: Thread started: Thread-Gruppe 2-9
2025-02-28 15:58:21,036 INFO o.a.j.t.JMeterThread: Thread started: Thread-Gruppe 3-3
2025-02-28 15:58:21,044 INFO o.a.j.t.JMeterThread: Thread started: Thread-Gruppe 1-32
2025-02-28 15:58:21,177 INFO o.a.j.t.JMeterThread: Thread started: Thread-Gruppe 1-33
2025-02-28 15:58:21,311 INFO o.a.j.t.JMeterThread: Thread started: Thread-Gruppe 1-34
2025-02-28 15:58:21,444 INFO o.a.j.t.JMeterThread: Thread started: Thread-Gruppe 1-35
2025-02-28 15:58:21,510 INFO o.a.j.t.JMeterThread: Thread started: Thread-Gruppe 2-10
2025-02-28 15:58:21,576 INFO o.a.j.t.JMeterThread: Thread started: Thread-Gruppe 1-36
2025-02-28 15:58:21,709 INFO o.a.j.t.JMeterThread: Thread started: Thread-Gruppe 1-37
2025-02-28 15:58:21,842 INFO o.a.j.t.JMeterThread: Thread started: Thread-Gruppe 1-38
2025-02-28 15:58:21,974 INFO o.a.j.t.JMeterThread: Thread started: Thread-Gruppe 1-39
2025-02-28 15:58:22,008 INFO o.a.j.t.JMeterThread: Thread started: Thread-Gruppe 2-11
2025-02-28 15:58:22,107 INFO o.a.j.t.JMeterThread: Thread started: Thread-Gruppe 1-40
2025-02-28 15:58:22,240 INFO o.a.j.t.JMeterThread: Thread started: Thread-Gruppe 1-41
2025-02-28 15:58:22,373 INFO o.a.j.t.JMeterThread: Thread started: Thread-Gruppe 1-42
2025-02-28 15:58:22,506 INFO o.a.j.t.JMeterThread: Thread started: Thread-Gruppe 1-43
2025-02-28 15:58:22,508 INFO o.a.j.t.JMeterThread: Thread started: Thread-Gruppe 2-12
2025-02-28 15:58:22,640 INFO o.a.j.t.JMeterThread: Thread started: Thread-Gruppe 1-44
2025-02-28 15:58:22,774 INFO o.a.j.t.JMeterThread: Thread started: Thread-Gruppe 1-45
2025-02-28 15:58:22,907 INFO o.a.j.t.JMeterThread: Thread started: Thread-Gruppe 1-46
2025-02-28 15:58:23,007 INFO o.a.j.t.JMeterThread: Thread started: Thread-Gruppe 2-13
2025-02-28 15:58:23,037 INFO o.a.j.t.JMeterThread: Thread started: Thread-Gruppe 3-4
2025-02-28 15:58:23,039 INFO o.a.j.t.JMeterThread: Thread started: Thread-Gruppe 1-47
2025-02-28 15:58:23,172 INFO o.a.j.t.JMeterThread: Thread started: Thread-Gruppe 1-48
2025-02-28 15:58:23,305 INFO o.a.j.t.JMeterThread: Thread started: Thread-Gruppe 1-49
2025-02-28 15:58:23,438 INFO o.a.j.t.JMeterThread: Thread started: Thread-Gruppe 1-50
2025-02-28 15:58:23,508 INFO o.a.j.t.JMeterThread: Thread started: Thread-Gruppe 2-14
2025-02-28 15:58:23,571 INFO o.a.j.t.JMeterThread: Thread started: Thread-Gruppe 1-51
2025-02-28 15:58:23,705 INFO o.a.j.t.JMeterThread: Thread started: Thread-Gruppe 1-52
2025-02-28 15:58:23,836 INFO o.a.j.t.JMeterThread: Thread started: Thread-Gruppe 1-53
2025-02-28 15:58:23,971 INFO o.a.j.t.JMeterThread: Thread started: Thread-Gruppe 1-54
2025-02-28 15:58:24,007 INFO o.a.j.t.JMeterThread: Thread started: Thread-Gruppe 2-15
2025-02-28 15:58:24,102 INFO o.a.j.t.JMeterThread: Thread started: Thread-Gruppe 1-55
2025-02-28 15:58:24,236 INFO o.a.j.t.JMeterThread: Thread started: Thread-Gruppe 1-56
2025-02-28 15:58:24,369 INFO o.a.j.t.JMeterThread: Thread started: Thread-Gruppe 1-57
2025-02-28 15:58:24,501 INFO o.a.j.t.JMeterThread: Thread started: Thread-Gruppe 1-58
2025-02-28 15:58:24,508 INFO o.a.j.t.JMeterThread: Thread started: Thread-Gruppe 2-16
2025-02-28 15:58:24,635 INFO o.a.j.t.JMeterThread: Thread started: Thread-Gruppe 1-59
2025-02-28 15:58:24,767 INFO o.a.j.t.JMeterThread: Thread started: Thread-Gruppe 1-60
2025-02-28 15:58:24,901 INFO o.a.j.t.JMeterThread: Thread started: Thread-Gruppe 1-61
2025-02-28 15:58:25,009 INFO o.a.j.t.JMeterThread: Thread started: Thread-Gruppe 2-17
2025-02-28 15:58:25,034 INFO o.a.j.t.JMeterThread: Thread started: Thread-Gruppe 1-62
2025-02-28 15:58:25,037 INFO o.a.j.t.JMeterThread: Thread started: Thread-Gruppe 3-5
2025-02-28 15:58:25,167 INFO o.a.j.t.JMeterThread: Thread started: Thread-Gruppe 1-63
2025-02-28 15:58:25,299 INFO o.a.j.t.JMeterThread: Thread started: Thread-Gruppe 1-64
2025-02-28 15:58:25,432 INFO o.a.j.t.JMeterThread: Thread started: Thread-Gruppe 1-65
2025-02-28 15:58:25,508 INFO o.a.j.t.JMeterThread: Thread started: Thread-Gruppe 2-18
2025-02-28 15:58:25,564 INFO o.a.j.t.JMeterThread: Thread started: Thread-Gruppe 1-66
2025-02-28 15:58:25,698 INFO o.a.j.t.JMeterThread: Thread started: Thread-Gruppe 1-67
2025-02-28 15:58:25,832 INFO o.a.j.t.JMeterThread: Thread started: Thread-Gruppe 1-68
2025-02-28 15:58:25,963 INFO o.a.j.t.JMeterThread: Thread started: Thread-Gruppe 1-69
2025-02-28 15:58:26,007 INFO o.a.j.t.JMeterThread: Thread started: Thread-Gruppe 2-19
2025-02-28 15:58:26,098 INFO o.a.j.t.JMeterThread: Thread started: Thread-Gruppe 1-70
2025-02-28 15:58:26,229 INFO o.a.j.t.JMeterThread: Thread started: Thread-Gruppe 1-71
2025-02-28 15:58:26,363 INFO o.a.j.t.JMeterThread: Thread started: Thread-Gruppe 1-72
2025-02-28 15:58:26,497 INFO o.a.j.t.JMeterThread: Thread started: Thread-Gruppe 1-73
2025-02-28 15:58:26,507 INFO o.a.j.t.JMeterThread: Thread started: Thread-Gruppe 2-20
2025-02-28 15:58:26,630 INFO o.a.j.t.JMeterThread: Thread started: Thread-Gruppe 1-74
2025-02-28 15:58:26,763 INFO o.a.j.t.JMeterThread: Thread started: Thread-Gruppe 1-75
2025-02-28 15:58:30,013 INFO o.a.j.r.Summariser: summary +    663 in 00:01:14 =    9.0/s Avg:   358 Min:   236 Max:   819 Err:     0 (0.00%) Active: 100 Started: 100 Finished: 0
2025-02-28 15:59:00,009 INFO o.a.j.r.Summariser: summary +   2284 in 00:00:30 =   76.1/s Avg:   335 Min:   234 Max:  1089 Err:     0 (0.00%) Active: 100 Started: 100 Finished: 0
2025-02-28 15:59:00,010 INFO o.a.j.r.Summariser: summary =   2947 in 00:01:44 =   28.4/s Avg:   340 Min:   234 Max:  1089 Err:     0 (0.00%)
2025-02-28 15:59:30,008 INFO o.a.j.r.Summariser: summary +   2283 in 00:00:30 =   76.1/s Avg:   349 Min:   234 Max:  1056 Err:     0 (0.00%) Active: 100 Started: 100 Finished: 0
2025-02-28 15:59:30,009 INFO o.a.j.r.Summariser: summary =   5230 in 00:02:14 =   39.1/s Avg:   344 Min:   234 Max:  1089 Err:     0 (0.00%)
2025-02-28 16:00:00,023 INFO o.a.j.r.Summariser: summary +   2286 in 00:00:30 =   76.2/s Avg:   328 Min:   234 Max:  1051 Err:     0 (0.00%) Active: 100 Started: 100 Finished: 0
2025-02-28 16:00:00,024 INFO o.a.j.r.Summariser: summary =   7516 in 00:02:44 =   45.8/s Avg:   339 Min:   234 Max:  1089 Err:     0 (0.00%)
2025-02-28 16:00:30,025 INFO o.a.j.r.Summariser: summary +   2279 in 00:00:30 =   76.0/s Avg:   348 Min:   234 Max:  1096 Err:     0 (0.00%) Active: 100 Started: 100 Finished: 0
2025-02-28 16:00:30,025 INFO o.a.j.r.Summariser: summary =   9795 in 00:03:14 =   50.5/s Avg:   341 Min:   234 Max:  1096 Err:     0 (0.00%)
2025-02-28 16:01:00,012 INFO o.a.j.r.Summariser: summary +   2292 in 00:00:30 =   76.4/s Avg:   337 Min:   234 Max:  1352 Err:     0 (0.00%) Active: 100 Started: 100 Finished: 0
2025-02-28 16:01:00,012 INFO o.a.j.r.Summariser: summary =  12087 in 00:03:44 =   54.0/s Avg:   340 Min:   234 Max:  1352 Err:     0 (0.00%)
2025-02-28 16:01:30,038 INFO o.a.j.r.Summariser: summary +   2276 in 00:00:30 =   75.8/s Avg:   344 Min:   235 Max:  1123 Err:     0 (0.00%) Active: 100 Started: 100 Finished: 0
2025-02-28 16:01:30,039 INFO o.a.j.r.Summariser: summary =  14363 in 00:04:14 =   56.6/s Avg:   341 Min:   234 Max:  1352 Err:     0 (0.00%)
2025-02-28 16:02:00,019 INFO o.a.j.r.Summariser: summary +   2294 in 00:00:30 =   76.5/s Avg:   338 Min:   233 Max:  1089 Err:     0 (0.00%) Active: 100 Started: 100 Finished: 0
2025-02-28 16:02:00,020 INFO o.a.j.r.Summariser: summary =  16657 in 00:04:44 =   58.7/s Avg:   341 Min:   233 Max:  1352 Err:     0 (0.00%)
2025-02-28 16:02:30,019 INFO o.a.j.r.Summariser: summary +   2271 in 00:00:30 =   75.7/s Avg:   331 Min:   234 Max:  1091 Err:     0 (0.00%) Active: 100 Started: 100 Finished: 0
2025-02-28 16:02:30,021 INFO o.a.j.r.Summariser: summary =  18928 in 00:05:14 =   60.3/s Avg:   339 Min:   233 Max:  1352 Err:     0 (0.00%)
2025-02-28 16:03:00,020 INFO o.a.j.r.Summariser: summary +   2295 in 00:00:30 =   76.5/s Avg:   335 Min:   233 Max:  1105 Err:     0 (0.00%) Active: 100 Started: 100 Finished: 0
2025-02-28 16:03:00,020 INFO o.a.j.r.Summariser: summary =  21223 in 00:05:44 =   61.7/s Avg:   339 Min:   233 Max:  1352 Err:     0 (0.00%)
2025-02-28 16:03:30,042 INFO o.a.j.r.Summariser: summary +   2275 in 00:00:30 =   75.8/s Avg:   345 Min:   233 Max:  1091 Err:     0 (0.00%) Active: 100 Started: 100 Finished: 0
2025-02-28 16:03:30,044 INFO o.a.j.r.Summariser: summary =  23498 in 00:06:14 =   62.8/s Avg:   339 Min:   233 Max:  1352 Err:     0 (0.00%)
2025-02-28 16:04:00,015 INFO o.a.j.r.Summariser: summary +   2287 in 00:00:30 =   76.3/s Avg:   335 Min:   234 Max:  1254 Err:     0 (0.00%) Active: 100 Started: 100 Finished: 0
2025-02-28 16:04:00,015 INFO o.a.j.r.Summariser: summary =  25785 in 00:06:44 =   63.8/s Avg:   339 Min:   233 Max:  1352 Err:     0 (0.00%)
2025-02-28 16:04:30,003 INFO o.a.j.r.Summariser: summary +   2281 in 00:00:30 =   76.1/s Avg:   347 Min:   233 Max:  1449 Err:     0 (0.00%) Active: 100 Started: 100 Finished: 0
2025-02-28 16:04:30,003 INFO o.a.j.r.Summariser: summary =  28066 in 00:07:14 =   64.7/s Avg:   340 Min:   233 Max:  1449 Err:     0 (0.00%)
2025-02-28 16:05:00,024 INFO o.a.j.r.Summariser: summary +   2297 in 00:00:30 =   76.5/s Avg:   331 Min:   234 Max:  1055 Err:     0 (0.00%) Active: 100 Started: 100 Finished: 0
2025-02-28 16:05:00,025 INFO o.a.j.r.Summariser: summary =  30363 in 00:07:44 =   65.4/s Avg:   339 Min:   233 Max:  1449 Err:     0 (0.00%)
2025-02-28 16:05:30,000 INFO o.a.j.r.Summariser: summary +   2282 in 00:00:30 =   76.1/s Avg:   343 Min:   233 Max:  1129 Err:     0 (0.00%) Active: 100 Started: 100 Finished: 0
2025-02-28 16:05:30,001 INFO o.a.j.r.Summariser: summary =  32645 in 00:08:14 =   66.1/s Avg:   339 Min:   233 Max:  1449 Err:     0 (0.00%)
2025-02-28 16:06:00,038 INFO o.a.j.r.Summariser: summary +   2294 in 00:00:30 =   76.4/s Avg:   336 Min:   232 Max:  1051 Err:     0 (0.00%) Active: 100 Started: 100 Finished: 0
2025-02-28 16:06:00,038 INFO o.a.j.r.Summariser: summary =  34939 in 00:08:44 =   66.7/s Avg:   339 Min:   232 Max:  1449 Err:     0 (0.00%)
2025-02-28 16:06:30,028 INFO o.a.j.r.Summariser: summary +   2285 in 00:00:30 =   76.2/s Avg:   331 Min:   234 Max:  1070 Err:     0 (0.00%) Active: 100 Started: 100 Finished: 0
2025-02-28 16:06:30,030 INFO o.a.j.r.Summariser: summary =  37224 in 00:09:14 =   67.2/s Avg:   339 Min:   232 Max:  1449 Err:     0 (0.00%)
2025-02-28 16:07:00,042 INFO o.a.j.r.Summariser: summary +   2286 in 00:00:30 =   76.2/s Avg:   341 Min:   233 Max:  1086 Err:     0 (0.00%) Active: 100 Started: 100 Finished: 0
2025-02-28 16:07:00,043 INFO o.a.j.r.Summariser: summary =  39510 in 00:09:44 =   67.7/s Avg:   339 Min:   232 Max:  1449 Err:     0 (0.00%)
2025-02-28 16:07:30,000 INFO o.a.j.r.Summariser: summary +   2288 in 00:00:30 =   76.4/s Avg:   342 Min:   233 Max:  1348 Err:     0 (0.00%) Active: 100 Started: 100 Finished: 0
2025-02-28 16:07:30,000 INFO o.a.j.r.Summariser: summary =  41798 in 00:10:14 =   68.1/s Avg:   339 Min:   232 Max:  1449 Err:     0 (0.00%)
2025-02-28 16:08:00,004 INFO o.a.j.r.Summariser: summary +   2284 in 00:00:30 =   76.1/s Avg:   342 Min:   233 Max:  1062 Err:     0 (0.00%) Active: 100 Started: 100 Finished: 0
2025-02-28 16:08:00,004 INFO o.a.j.r.Summariser: summary =  44082 in 00:10:44 =   68.5/s Avg:   339 Min:   232 Max:  1449 Err:     0 (0.00%)
2025-02-28 16:08:15,239 INFO o.a.j.t.JMeterThread: Thread finished: Thread-Gruppe 1-1
2025-02-28 16:08:15,285 INFO o.a.j.t.JMeterThread: Thread finished: Thread-Gruppe 1-62
2025-02-28 16:08:15,300 INFO o.a.j.t.JMeterThread: Thread finished: Thread-Gruppe 1-17
2025-02-28 16:08:15,316 INFO o.a.j.t.JMeterThread: Thread finished: Thread-Gruppe 1-2
2025-02-28 16:08:15,316 INFO o.a.j.t.JMeterThread: Thread finished: Thread-Gruppe 1-47
2025-02-28 16:08:15,410 INFO o.a.j.t.JMeterThread: Thread finished: Thread-Gruppe 1-63
2025-02-28 16:08:15,433 INFO o.a.j.t.JMeterThread: Thread finished: Thread-Gruppe 1-48
2025-02-28 16:08:15,433 INFO o.a.j.t.JMeterThread: Thread finished: Thread-Gruppe 1-18
2025-02-28 16:08:15,444 INFO o.a.j.t.JMeterThread: Thread finished: Thread-Gruppe 1-3
2025-02-28 16:08:15,553 INFO o.a.j.t.JMeterThread: Thread finished: Thread-Gruppe 1-64
2025-02-28 16:08:15,561 INFO o.a.j.t.JMeterThread: Thread finished: Thread-Gruppe 1-49
2025-02-28 16:08:15,572 INFO o.a.j.t.JMeterThread: Thread finished: Thread-Gruppe 1-19
2025-02-28 16:08:15,600 INFO o.a.j.t.JMeterThread: Thread finished: Thread-Gruppe 1-4
2025-02-28 16:08:15,687 INFO o.a.j.t.JMeterThread: Thread finished: Thread-Gruppe 1-65
2025-02-28 16:08:15,693 INFO o.a.j.t.JMeterThread: Thread finished: Thread-Gruppe 1-20
2025-02-28 16:08:15,702 INFO o.a.j.t.JMeterThread: Thread finished: Thread-Gruppe 1-50
2025-02-28 16:08:15,702 INFO o.a.j.t.JMeterThread: Thread finished: Thread-Gruppe 1-5
2025-02-28 16:08:15,806 INFO o.a.j.t.JMeterThread: Thread finished: Thread-Gruppe 1-32
2025-02-28 16:08:15,844 INFO o.a.j.t.JMeterThread: Thread finished: Thread-Gruppe 1-51
2025-02-28 16:08:15,853 INFO o.a.j.t.JMeterThread: Thread finished: Thread-Gruppe 1-66
2025-02-28 16:08:15,853 INFO o.a.j.t.JMeterThread: Thread finished: Thread-Gruppe 1-6
2025-02-28 16:08:15,853 INFO o.a.j.t.JMeterThread: Thread finished: Thread-Gruppe 1-21
2025-02-28 16:08:15,925 INFO o.a.j.t.JMeterThread: Thread finished: Thread-Gruppe 1-33
2025-02-28 16:08:15,951 INFO o.a.j.t.JMeterThread: Thread finished: Thread-Gruppe 1-67
2025-02-28 16:08:15,959 INFO o.a.j.t.JMeterThread: Thread finished: Thread-Gruppe 1-52
2025-02-28 16:08:15,965 INFO o.a.j.t.JMeterThread: Thread finished: Thread-Gruppe 1-22
2025-02-28 16:08:15,967 INFO o.a.j.t.JMeterThread: Thread finished: Thread-Gruppe 1-7
2025-02-28 16:08:16,093 INFO o.a.j.t.JMeterThread: Thread finished: Thread-Gruppe 1-53
2025-02-28 16:08:16,096 INFO o.a.j.t.JMeterThread: Thread finished: Thread-Gruppe 1-68
2025-02-28 16:08:16,096 INFO o.a.j.t.JMeterThread: Thread finished: Thread-Gruppe 1-8
2025-02-28 16:08:16,100 INFO o.a.j.t.JMeterThread: Thread finished: Thread-Gruppe 1-23
2025-02-28 16:08:16,108 INFO o.a.j.t.JMeterThread: Thread finished: Thread-Gruppe 1-34
2025-02-28 16:08:16,202 INFO o.a.j.t.JMeterThread: Thread finished: Thread-Gruppe 1-35
2025-02-28 16:08:16,217 INFO o.a.j.t.JMeterThread: Thread finished: Thread-Gruppe 1-69
2025-02-28 16:08:16,222 INFO o.a.j.t.JMeterThread: Thread finished: Thread-Gruppe 1-54
2025-02-28 16:08:16,250 INFO o.a.j.t.JMeterThread: Thread finished: Thread-Gruppe 1-24
2025-02-28 16:08:16,250 INFO o.a.j.t.JMeterThread: Thread finished: Thread-Gruppe 1-9
2025-02-28 16:08:16,344 INFO o.a.j.t.JMeterThread: Thread finished: Thread-Gruppe 1-70
2025-02-28 16:08:16,354 INFO o.a.j.t.JMeterThread: Thread finished: Thread-Gruppe 1-36
2025-02-28 16:08:16,354 INFO o.a.j.t.JMeterThread: Thread finished: Thread-Gruppe 1-25
2025-02-28 16:08:16,355 INFO o.a.j.t.JMeterThread: Thread finished: Thread-Gruppe 1-55
2025-02-28 16:08:16,366 INFO o.a.j.t.JMeterThread: Thread finished: Thread-Gruppe 1-10
2025-02-28 16:08:16,468 INFO o.a.j.t.JMeterThread: Thread finished: Thread-Gruppe 1-37
2025-02-28 16:08:16,481 INFO o.a.j.t.JMeterThread: Thread finished: Thread-Gruppe 1-71
2025-02-28 16:08:16,483 INFO o.a.j.t.JMeterThread: Thread finished: Thread-Gruppe 1-56
2025-02-28 16:08:16,498 INFO o.a.j.t.JMeterThread: Thread finished: Thread-Gruppe 1-26
2025-02-28 16:08:16,506 INFO o.a.j.t.JMeterThread: Thread finished: Thread-Gruppe 1-11
2025-02-28 16:08:16,598 INFO o.a.j.t.JMeterThread: Thread finished: Thread-Gruppe 1-72
2025-02-28 16:08:16,622 INFO o.a.j.t.JMeterThread: Thread finished: Thread-Gruppe 1-27
2025-02-28 16:08:16,630 INFO o.a.j.t.JMeterThread: Thread finished: Thread-Gruppe 1-57
2025-02-28 16:08:16,643 INFO o.a.j.t.JMeterThread: Thread finished: Thread-Gruppe 1-12
2025-02-28 16:08:16,645 INFO o.a.j.t.JMeterThread: Thread finished: Thread-Gruppe 2-18
2025-02-28 16:08:16,669 INFO o.a.j.t.JMeterThread: Thread finished: Thread-Gruppe 1-38
2025-02-28 16:08:16,700 INFO o.a.j.t.JMeterThread: Thread finished: Thread-Gruppe 2-13
2025-02-28 16:08:16,700 INFO o.a.j.t.JMeterThread: Thread finished: Thread-Gruppe 2-19
2025-02-28 16:08:16,708 INFO o.a.j.t.JMeterThread: Thread finished: Thread-Gruppe 1-39
2025-02-28 16:08:16,715 INFO o.a.j.t.JMeterThread: Thread finished: Thread-Gruppe 2-6
2025-02-28 16:08:16,750 INFO o.a.j.t.JMeterThread: Thread finished: Thread-Gruppe 1-73
2025-02-28 16:08:16,751 INFO o.a.j.t.JMeterThread: Thread finished: Thread-Gruppe 1-58
2025-02-28 16:08:16,777 INFO o.a.j.t.JMeterThread: Thread finished: Thread-Gruppe 1-28
2025-02-28 16:08:16,784 INFO o.a.j.t.JMeterThread: Thread finished: Thread-Gruppe 2-10
2025-02-28 16:08:16,785 INFO o.a.j.t.JMeterThread: Thread finished: Thread-Gruppe 2-1
2025-02-28 16:08:16,795 INFO o.a.j.t.JMeterThread: Thread finished: Thread-Gruppe 1-13
2025-02-28 16:08:16,798 INFO o.a.j.t.JMeterThread: Thread finished: Thread-Gruppe 2-16
2025-02-28 16:08:16,804 INFO o.a.j.t.JMeterThread: Thread finished: Thread-Gruppe 2-17
2025-02-28 16:08:16,828 INFO o.a.j.t.JMeterThread: Thread finished: Thread-Gruppe 1-40
2025-02-28 16:08:16,830 INFO o.a.j.t.JMeterThread: Thread finished: Thread-Gruppe 2-14
2025-02-28 16:08:16,886 INFO o.a.j.t.JMeterThread: Thread finished: Thread-Gruppe 1-59
2025-02-28 16:08:16,890 INFO o.a.j.t.JMeterThread: Thread finished: Thread-Gruppe 1-74
2025-02-28 16:08:16,894 INFO o.a.j.t.JMeterThread: Thread finished: Thread-Gruppe 1-29
2025-02-28 16:08:16,903 INFO o.a.j.t.JMeterThread: Thread finished: Thread-Gruppe 1-14
2025-02-28 16:08:16,911 INFO o.a.j.t.JMeterThread: Thread finished: Thread-Gruppe 2-4
2025-02-28 16:08:16,938 INFO o.a.j.t.JMeterThread: Thread finished: Thread-Gruppe 2-7
2025-02-28 16:08:16,981 INFO o.a.j.t.JMeterThread: Thread finished: Thread-Gruppe 3-4
2025-02-28 16:08:16,982 INFO o.a.j.t.JMeterThread: Thread finished: Thread-Gruppe 2-8
2025-02-28 16:08:16,995 INFO o.a.j.t.JMeterThread: Stopping because end time detected by thread: Thread-Gruppe 1-41
2025-02-28 16:08:16,995 INFO o.a.j.t.JMeterThread: Thread finished: Thread-Gruppe 1-41
2025-02-28 16:08:16,995 INFO o.a.j.t.JMeterThread: Thread finished: Thread-Gruppe 2-5
2025-02-28 16:08:17,014 INFO o.a.j.t.JMeterThread: Stopping because end time detected by thread: Thread-Gruppe 1-75
2025-02-28 16:08:17,015 INFO o.a.j.t.JMeterThread: Thread finished: Thread-Gruppe 1-75
2025-02-28 16:08:17,027 INFO o.a.j.t.JMeterThread: Thread finished: Thread-Gruppe 3-2
2025-02-28 16:08:17,029 INFO o.a.j.t.JMeterThread: Stopping because end time detected by thread: Thread-Gruppe 1-60
2025-02-28 16:08:17,029 INFO o.a.j.t.JMeterThread: Thread finished: Thread-Gruppe 1-60
2025-02-28 16:08:17,033 INFO o.a.j.t.JMeterThread: Stopping because end time detected by thread: Thread-Gruppe 1-15
2025-02-28 16:08:17,033 INFO o.a.j.t.JMeterThread: Thread finished: Thread-Gruppe 1-15
2025-02-28 16:08:17,035 INFO o.a.j.t.JMeterThread: Stopping because end time detected by thread: Thread-Gruppe 1-30
2025-02-28 16:08:17,035 INFO o.a.j.t.JMeterThread: Thread finished: Thread-Gruppe 1-30
2025-02-28 16:08:17,085 INFO o.a.j.t.JMeterThread: Stopping because end time detected by thread: Thread-Gruppe 3-3
2025-02-28 16:08:17,085 INFO o.a.j.t.JMeterThread: Thread finished: Thread-Gruppe 3-3
2025-02-28 16:08:17,127 INFO o.a.j.t.JMeterThread: Stopping because end time detected by thread: Thread-Gruppe 1-42
2025-02-28 16:08:17,127 INFO o.a.j.t.JMeterThread: Thread finished: Thread-Gruppe 1-42
2025-02-28 16:08:17,133 INFO o.a.j.t.JMeterThread: Stopping because end time detected by thread: Thread-Gruppe 2-3
2025-02-28 16:08:17,133 INFO o.a.j.t.JMeterThread: Thread finished: Thread-Gruppe 2-3
2025-02-28 16:08:17,149 INFO o.a.j.t.JMeterThread: Stopping because end time detected by thread: Thread-Gruppe 2-11
2025-02-28 16:08:17,149 INFO o.a.j.t.JMeterThread: Thread finished: Thread-Gruppe 2-11
2025-02-28 16:08:17,149 INFO o.a.j.t.JMeterThread: Stopping because end time detected by thread: Thread-Gruppe 1-31
2025-02-28 16:08:17,149 INFO o.a.j.t.JMeterThread: Stopping because end time detected by thread: Thread-Gruppe 1-61
2025-02-28 16:08:17,164 INFO o.a.j.t.JMeterThread: Thread finished: Thread-Gruppe 1-31
2025-02-28 16:08:17,164 INFO o.a.j.t.JMeterThread: Thread finished: Thread-Gruppe 1-61
2025-02-28 16:08:17,164 INFO o.a.j.t.JMeterThread: Stopping because end time detected by thread: Thread-Gruppe 1-16
2025-02-28 16:08:17,164 INFO o.a.j.t.JMeterThread: Thread finished: Thread-Gruppe 1-16
2025-02-28 16:08:17,229 INFO o.a.j.t.JMeterThread: Stopping because end time detected by thread: Thread-Gruppe 2-2
2025-02-28 16:08:17,229 INFO o.a.j.t.JMeterThread: Thread finished: Thread-Gruppe 2-2
2025-02-28 16:08:17,239 INFO o.a.j.t.JMeterThread: Stopping because end time detected by thread: Thread-Gruppe 2-15
2025-02-28 16:08:17,239 INFO o.a.j.t.JMeterThread: Thread finished: Thread-Gruppe 2-15
2025-02-28 16:08:17,267 INFO o.a.j.t.JMeterThread: Stopping because end time detected by thread: Thread-Gruppe 2-9
2025-02-28 16:08:17,267 INFO o.a.j.t.JMeterThread: Thread finished: Thread-Gruppe 2-9
2025-02-28 16:08:17,272 INFO o.a.j.t.JMeterThread: Stopping because end time detected by thread: Thread-Gruppe 1-43
2025-02-28 16:08:17,272 INFO o.a.j.t.JMeterThread: Thread finished: Thread-Gruppe 1-43
2025-02-28 16:08:17,272 INFO o.a.j.t.JMeterThread: Stopping because end time detected by thread: Thread-Gruppe 3-1
2025-02-28 16:08:17,272 INFO o.a.j.t.JMeterThread: Thread finished: Thread-Gruppe 3-1
2025-02-28 16:08:17,380 INFO o.a.j.t.JMeterThread: Stopping because end time detected by thread: Thread-Gruppe 1-44
2025-02-28 16:08:17,380 INFO o.a.j.t.JMeterThread: Thread finished: Thread-Gruppe 1-44
2025-02-28 16:08:17,386 INFO o.a.j.t.JMeterThread: Stopping because end time detected by thread: Thread-Gruppe 2-20
2025-02-28 16:08:17,386 INFO o.a.j.t.JMeterThread: Thread finished: Thread-Gruppe 2-20
2025-02-28 16:08:17,541 INFO o.a.j.t.JMeterThread: Stopping because end time detected by thread: Thread-Gruppe 1-45
2025-02-28 16:08:17,541 INFO o.a.j.t.JMeterThread: Thread finished: Thread-Gruppe 1-45
2025-02-28 16:08:17,595 INFO o.a.j.t.JMeterThread: Stopping because end time detected by thread: Thread-Gruppe 2-12
2025-02-28 16:08:17,595 INFO o.a.j.t.JMeterThread: Thread finished: Thread-Gruppe 2-12
2025-02-28 16:08:17,605 INFO o.a.j.t.JMeterThread: Stopping because end time detected by thread: Thread-Gruppe 3-5
2025-02-28 16:08:17,605 INFO o.a.j.t.JMeterThread: Thread finished: Thread-Gruppe 3-5
2025-02-28 16:08:17,687 INFO o.a.j.t.JMeterThread: Stopping because end time detected by thread: Thread-Gruppe 1-46
2025-02-28 16:08:17,687 INFO o.a.j.t.JMeterThread: Thread finished: Thread-Gruppe 1-46
2025-02-28 16:08:17,687 INFO o.a.j.e.StandardJMeterEngine: Notifying test listeners of end of test
2025-02-28 16:08:17,687 INFO o.a.j.r.Summariser: summary +   1324 in 00:00:18 =   74.9/s Avg:   318 Min:   233 Max:  1039 Err:     0 (0.00%) Active: 0 Started: 100 Finished: 100
2025-02-28 16:08:17,687 INFO o.a.j.r.Summariser: summary =  45406 in 00:11:02 =   68.6/s Avg:   339 Min:   232 Max:  1449 Err:     0 (0.00%)
