2025-03-02 00:05:25,046 INFO o.a.j.u.JMeterUtils: Setting Locale to en_EN
2025-03-02 00:05:25,067 INFO o.a.j.JMeter: Loading user properties from: C:\Users\ASUS\Desktop\apache-jmeter-5.6.3\apache-jmeter-5.6.3\bin\user.properties
2025-03-02 00:05:25,067 INFO o.a.j.JMeter: Loading system properties from: C:\Users\ASUS\Desktop\apache-jmeter-5.6.3\apache-jmeter-5.6.3\bin\system.properties
2025-03-02 00:05:25,069 INFO o.a.j.JMeter: Setting JMeter property: lb_1_hostname=34.44.76.176
2025-03-02 00:05:25,069 INFO o.a.j.JMeter: Setting JMeter property: lb_2_hostname=34.89.122.87
2025-03-02 00:05:25,069 INFO o.a.j.JMeter: Setting JMeter property: lb_1_port=8090
2025-03-02 00:05:25,069 INFO o.a.j.JMeter: Setting JMeter property: lb_2_port=8091
2025-03-02 00:05:25,071 INFO o.a.j.JMeter: Setting JMeter property: warm_up_users=20
2025-03-02 00:05:25,073 INFO o.a.j.JMeter: Setting JMeter property: warm_up_time=60
2025-03-02 00:05:25,073 INFO o.a.j.JMeter: Setting JMeter property: test_run_time=600
2025-03-02 00:05:25,073 INFO o.a.j.JMeter: Setting JMeter property: group_1=75
2025-03-02 00:05:25,073 INFO o.a.j.JMeter: Setting JMeter property: group_2=20
2025-03-02 00:05:25,073 INFO o.a.j.JMeter: Setting JMeter property: group_3=5
2025-03-02 00:05:25,073 INFO o.a.j.JMeter: Setting JMeter property: group_1_request_rate=30
2025-03-02 00:05:25,073 INFO o.a.j.JMeter: Setting JMeter property: group_2_request_rate=90
2025-03-02 00:05:25,073 INFO o.a.j.JMeter: Setting JMeter property: group_3_request_rate=120
2025-03-02 00:05:25,073 INFO o.a.j.JMeter: Setting JMeter property: ramp_up=10
2025-03-02 00:05:25,073 INFO o.a.j.JMeter: Setting JMeter property: log_file=c:\\Users\\ASUS\\Desktop\\Repos\\rate-limiter-nginx\\jmeter\\cloud\\logs\\sliding_window_log\\performance\\2025_02_03_0_05\\warm_up_results.csv
2025-03-02 00:05:25,080 INFO o.a.j.JMeter: Copyright (c) 1998-2024 The Apache Software Foundation
2025-03-02 00:05:25,080 INFO o.a.j.JMeter: Version 5.6.3
2025-03-02 00:05:25,080 INFO o.a.j.JMeter: java.version=17.0.9
2025-03-02 00:05:25,080 INFO o.a.j.JMeter: java.vm.name=Java HotSpot(TM) 64-Bit Server VM
2025-03-02 00:05:25,080 INFO o.a.j.JMeter: os.name=Windows 11
2025-03-02 00:05:25,080 INFO o.a.j.JMeter: os.arch=amd64
2025-03-02 00:05:25,080 INFO o.a.j.JMeter: os.version=10.0
2025-03-02 00:05:25,080 INFO o.a.j.JMeter: file.encoding=Cp1252
2025-03-02 00:05:25,080 INFO o.a.j.JMeter: java.awt.headless=true
2025-03-02 00:05:25,080 INFO o.a.j.JMeter: Max memory     =1073741824
2025-03-02 00:05:25,080 INFO o.a.j.JMeter: Available Processors =12
2025-03-02 00:05:25,080 INFO o.a.j.JMeter: Default Locale=English (EN)
2025-03-02 00:05:25,080 INFO o.a.j.JMeter: JMeter  Locale=English (EN)
2025-03-02 00:05:25,080 INFO o.a.j.JMeter: JMeterHome=C:\Users\ASUS\Desktop\apache-jmeter-5.6.3\apache-jmeter-5.6.3
2025-03-02 00:05:25,080 INFO o.a.j.JMeter: user.dir  =c:\Users\ASUS\Desktop\Repos\rate-limiter-nginx\jmeter\cloud
2025-03-02 00:05:25,080 INFO o.a.j.JMeter: PWD       =C:\Users\ASUS\Desktop\Repos\rate-limiter-nginx\jmeter\cloud
2025-03-02 00:05:25,096 INFO o.a.j.JMeter: IP: 192.168.1.45 Name: THIVA FullName: THIVA
2025-03-02 00:05:25,115 INFO o.a.j.s.FileServer: Default base='c:\Users\ASUS\Desktop\Repos\rate-limiter-nginx\jmeter\cloud'
2025-03-02 00:05:25,115 INFO o.a.j.s.FileServer: Set new base='c:\Users\ASUS\Desktop\Repos\rate-limiter-nginx\jmeter\cloud'
2025-03-02 00:05:25,380 INFO o.a.j.s.SaveService: Testplan (JMX) version: 2.2. Testlog (JTL) version: 2.2
2025-03-02 00:05:25,396 INFO o.a.j.s.SaveService: Using SaveService properties version 5.0
2025-03-02 00:05:25,412 INFO o.a.j.s.SaveService: Using SaveService properties file encoding UTF-8
2025-03-02 00:05:25,412 INFO o.a.j.s.SaveService: Loading file: teastore_performance.jmx
2025-03-02 00:05:25,466 INFO o.a.j.p.h.c.CookieManager: Settings: Delete null: true Check: true Allow variable: true Save: false Prefix: COOKIE_
2025-03-02 00:05:25,490 INFO o.a.j.p.h.s.HTTPSamplerBase: Parser for text/html is org.apache.jmeter.protocol.http.parser.LagartoBasedHtmlParser
2025-03-02 00:05:25,490 INFO o.a.j.p.h.s.HTTPSamplerBase: Parser for application/xhtml+xml is org.apache.jmeter.protocol.http.parser.LagartoBasedHtmlParser
2025-03-02 00:05:25,490 INFO o.a.j.p.h.s.HTTPSamplerBase: Parser for application/xml is org.apache.jmeter.protocol.http.parser.LagartoBasedHtmlParser
2025-03-02 00:05:25,490 INFO o.a.j.p.h.s.HTTPSamplerBase: Parser for text/xml is org.apache.jmeter.protocol.http.parser.LagartoBasedHtmlParser
2025-03-02 00:05:25,490 INFO o.a.j.p.h.s.HTTPSamplerBase: Parser for text/vnd.wap.wml is org.apache.jmeter.protocol.http.parser.RegexpHTMLParser
2025-03-02 00:05:25,490 INFO o.a.j.p.h.s.HTTPSamplerBase: Parser for text/css is org.apache.jmeter.protocol.http.parser.CssParser
2025-03-02 00:05:25,647 INFO o.a.j.JMeter: Creating summariser <summary>
2025-03-02 00:05:25,662 INFO o.a.j.e.StandardJMeterEngine: Running the test!
2025-03-02 00:05:25,667 INFO o.a.j.s.SampleEvent: List of sample_variables: []
2025-03-02 00:05:25,667 INFO o.a.j.s.SampleEvent: List of sample_variables: []
2025-03-02 00:05:25,667 INFO o.a.j.e.u.CompoundVariable: Note: Function class names must contain the string: '.functions.'
2025-03-02 00:05:25,667 INFO o.a.j.e.u.CompoundVariable: Note: Function class names must not contain the string: '.gui.'
2025-03-02 00:05:25,755 INFO o.a.j.r.ClassFinder: Will scan jar C:\Users\ASUS\Desktop\apache-jmeter-5.6.3\apache-jmeter-5.6.3\lib\ext\jmeter-plugins-casutg-2.10.jar with filter ExtendsClassFilter [parents=[interface org.apache.jmeter.functions.Function], inner=false, contains=null, notContains=null]. Consider exposing JMeter plugins via META-INF/services, and add JMeter-Skip-Class-Scanning=true manifest attribute so JMeter can skip classfile scanning
2025-03-02 00:05:25,766 INFO o.a.j.r.ClassFinder: Will scan jar C:\Users\ASUS\Desktop\apache-jmeter-5.6.3\apache-jmeter-5.6.3\lib\ext\jmeter-plugins-graphs-vs-2.0.jar with filter ExtendsClassFilter [parents=[interface org.apache.jmeter.functions.Function], inner=false, contains=null, notContains=null]. Consider exposing JMeter plugins via META-INF/services, and add JMeter-Skip-Class-Scanning=true manifest attribute so JMeter can skip classfile scanning
2025-03-02 00:05:25,770 INFO o.a.j.r.ClassFinder: Will scan jar C:\Users\ASUS\Desktop\apache-jmeter-5.6.3\apache-jmeter-5.6.3\lib\ext\jmeter-plugins-manager-1.9.jar with filter ExtendsClassFilter [parents=[interface org.apache.jmeter.functions.Function], inner=false, contains=null, notContains=null]. Consider exposing JMeter plugins via META-INF/services, and add JMeter-Skip-Class-Scanning=true manifest attribute so JMeter can skip classfile scanning
2025-03-02 00:05:25,826 INFO o.a.j.r.ClassFinder: Will scan jar C:\Users\ASUS\Desktop\apache-jmeter-5.6.3\apache-jmeter-5.6.3\lib\ext\jmeter-plugins-graphs-basic-2.0.jar with filter ExtendsClassFilter [parents=[interface org.apache.jmeter.functions.Function], inner=false, contains=null, notContains=null]. Consider exposing JMeter plugins via META-INF/services, and add JMeter-Skip-Class-Scanning=true manifest attribute so JMeter can skip classfile scanning
2025-03-02 00:05:25,826 INFO o.a.j.r.ClassFinder: Will scan jar C:\Users\ASUS\Desktop\apache-jmeter-5.6.3\apache-jmeter-5.6.3\lib\ext\jmeter-plugins-manager-0.20.jar with filter ExtendsClassFilter [parents=[interface org.apache.jmeter.functions.Function], inner=false, contains=null, notContains=null]. Consider exposing JMeter plugins via META-INF/services, and add JMeter-Skip-Class-Scanning=true manifest attribute so JMeter can skip classfile scanning
2025-03-02 00:05:25,841 INFO o.a.j.r.ClassFinder: Will scan jar C:\Users\ASUS\Desktop\apache-jmeter-5.6.3\apache-jmeter-5.6.3\lib\ext\jmeter-plugins-tst-2.6.jar with filter ExtendsClassFilter [parents=[interface org.apache.jmeter.functions.Function], inner=false, contains=null, notContains=null]. Consider exposing JMeter plugins via META-INF/services, and add JMeter-Skip-Class-Scanning=true manifest attribute so JMeter can skip classfile scanning
2025-03-02 00:05:25,841 INFO o.a.j.r.ClassFinder: Will scan jar C:\Users\ASUS\Desktop\apache-jmeter-5.6.3\apache-jmeter-5.6.3\lib\ext\jmeter-parallel-0.12.jar with filter ExtendsClassFilter [parents=[interface org.apache.jmeter.functions.Function], inner=false, contains=null, notContains=null]. Consider exposing JMeter plugins via META-INF/services, and add JMeter-Skip-Class-Scanning=true manifest attribute so JMeter can skip classfile scanning
2025-03-02 00:05:26,096 INFO o.a.j.JMeter: Running test (1740854126096)
2025-03-02 00:05:26,112 INFO o.a.j.e.StandardJMeterEngine: Starting setUp thread groups
2025-03-02 00:05:26,112 INFO o.a.j.e.StandardJMeterEngine: Starting setUp ThreadGroup: 1 : setUp Thread Group 
2025-03-02 00:05:26,112 INFO o.a.j.e.StandardJMeterEngine: Starting 20 threads for group setUp Thread Group.
2025-03-02 00:05:26,112 INFO o.a.j.e.StandardJMeterEngine: Thread will continue on error
2025-03-02 00:05:26,112 INFO o.a.j.t.ThreadGroup: Starting thread group... number=1 threads=20 ramp-up=10 delayedStart=false
2025-03-02 00:05:26,121 INFO o.a.j.t.JMeterThread: Thread started: setUp Thread Group 1-1
2025-03-02 00:05:26,152 INFO o.a.j.t.ThreadGroup: Started thread group number 1
2025-03-02 00:05:26,152 INFO o.a.j.e.StandardJMeterEngine: Waiting for all setup thread groups to exit
2025-03-02 00:05:26,628 INFO o.a.j.t.JMeterThread: Thread started: setUp Thread Group 1-2
2025-03-02 00:05:26,933 INFO o.a.j.p.h.s.HTTPHCAbstractImpl: Local host = THIVA
2025-03-02 00:05:26,937 INFO o.a.j.p.h.s.HTTPHC4Impl: HTTP request retry count = 0
2025-03-02 00:05:26,942 INFO o.a.j.s.SampleResult: Note: Sample TimeStamps are START times
2025-03-02 00:05:26,942 INFO o.a.j.s.SampleResult: sampleresult.default.encoding is set to UTF-8
2025-03-02 00:05:26,942 INFO o.a.j.s.SampleResult: sampleresult.useNanoTime=true
2025-03-02 00:05:26,942 INFO o.a.j.s.SampleResult: sampleresult.nanoThreadSleep=5000
2025-03-02 00:05:27,128 INFO o.a.j.t.JMeterThread: Thread started: setUp Thread Group 1-3
2025-03-02 00:05:27,613 INFO o.a.j.t.JMeterThread: Thread started: setUp Thread Group 1-4
2025-03-02 00:05:28,126 INFO o.a.j.t.JMeterThread: Thread started: setUp Thread Group 1-5
2025-03-02 00:05:28,624 INFO o.a.j.t.JMeterThread: Thread started: setUp Thread Group 1-6
2025-03-02 00:05:29,124 INFO o.a.j.t.JMeterThread: Thread started: setUp Thread Group 1-7
2025-03-02 00:05:29,627 INFO o.a.j.t.JMeterThread: Thread started: setUp Thread Group 1-8
2025-03-02 00:05:30,127 INFO o.a.j.t.JMeterThread: Thread started: setUp Thread Group 1-9
2025-03-02 00:05:30,627 INFO o.a.j.t.JMeterThread: Thread started: setUp Thread Group 1-10
2025-03-02 00:05:31,113 INFO o.a.j.t.JMeterThread: Thread started: setUp Thread Group 1-11
2025-03-02 00:05:31,613 INFO o.a.j.t.JMeterThread: Thread started: setUp Thread Group 1-12
2025-03-02 00:05:32,113 INFO o.a.j.t.JMeterThread: Thread started: setUp Thread Group 1-13
2025-03-02 00:05:32,613 INFO o.a.j.t.JMeterThread: Thread started: setUp Thread Group 1-14
2025-03-02 00:05:33,113 INFO o.a.j.t.JMeterThread: Thread started: setUp Thread Group 1-15
2025-03-02 00:05:33,612 INFO o.a.j.t.JMeterThread: Thread started: setUp Thread Group 1-16
2025-03-02 00:05:34,112 INFO o.a.j.t.JMeterThread: Thread started: setUp Thread Group 1-17
2025-03-02 00:05:34,628 INFO o.a.j.t.JMeterThread: Thread started: setUp Thread Group 1-18
2025-03-02 00:05:35,128 INFO o.a.j.t.JMeterThread: Thread started: setUp Thread Group 1-19
2025-03-02 00:05:35,628 INFO o.a.j.t.JMeterThread: Thread started: setUp Thread Group 1-20
2025-03-02 00:06:25,895 INFO o.a.j.t.JMeterThread: Thread finished: setUp Thread Group 1-11
2025-03-02 00:06:25,905 INFO o.a.j.t.JMeterThread: Thread finished: setUp Thread Group 1-20
2025-03-02 00:06:25,956 INFO o.a.j.t.JMeterThread: Thread finished: setUp Thread Group 1-18
2025-03-02 00:06:25,956 INFO o.a.j.t.JMeterThread: Thread finished: setUp Thread Group 1-17
2025-03-02 00:06:25,956 INFO o.a.j.t.JMeterThread: Thread finished: setUp Thread Group 1-5
2025-03-02 00:06:26,039 INFO o.a.j.t.JMeterThread: Thread finished: setUp Thread Group 1-7
2025-03-02 00:06:26,091 INFO o.a.j.t.JMeterThread: Thread finished: setUp Thread Group 1-3
2025-03-02 00:06:26,114 INFO o.a.j.t.JMeterThread: Thread finished: setUp Thread Group 1-15
2025-03-02 00:06:26,147 INFO o.a.j.t.JMeterThread: Stopping because end time detected by thread: setUp Thread Group 1-8
2025-03-02 00:06:26,147 INFO o.a.j.t.JMeterThread: Thread finished: setUp Thread Group 1-8
2025-03-02 00:06:26,147 INFO o.a.j.t.JMeterThread: Stopping because end time detected by thread: setUp Thread Group 1-19
2025-03-02 00:06:26,147 INFO o.a.j.t.JMeterThread: Thread finished: setUp Thread Group 1-19
2025-03-02 00:06:26,166 INFO o.a.j.t.JMeterThread: Stopping because end time detected by thread: setUp Thread Group 1-10
2025-03-02 00:06:26,166 INFO o.a.j.t.JMeterThread: Stopping because end time detected by thread: setUp Thread Group 1-12
2025-03-02 00:06:26,167 INFO o.a.j.t.JMeterThread: Thread finished: setUp Thread Group 1-12
2025-03-02 00:06:26,167 INFO o.a.j.t.JMeterThread: Thread finished: setUp Thread Group 1-10
2025-03-02 00:06:26,218 INFO o.a.j.t.JMeterThread: Stopping because end time detected by thread: setUp Thread Group 1-6
2025-03-02 00:06:26,218 INFO o.a.j.t.JMeterThread: Thread finished: setUp Thread Group 1-6
2025-03-02 00:06:26,232 INFO o.a.j.t.JMeterThread: Stopping because end time detected by thread: setUp Thread Group 1-13
2025-03-02 00:06:26,232 INFO o.a.j.t.JMeterThread: Thread finished: setUp Thread Group 1-13
2025-03-02 00:06:26,280 INFO o.a.j.t.JMeterThread: Stopping because end time detected by thread: setUp Thread Group 1-4
2025-03-02 00:06:26,280 INFO o.a.j.t.JMeterThread: Thread finished: setUp Thread Group 1-4
2025-03-02 00:06:26,280 INFO o.a.j.t.JMeterThread: Stopping because end time detected by thread: setUp Thread Group 1-9
2025-03-02 00:06:26,280 INFO o.a.j.t.JMeterThread: Thread finished: setUp Thread Group 1-9
2025-03-02 00:06:26,288 INFO o.a.j.t.JMeterThread: Stopping because end time detected by thread: setUp Thread Group 1-1
2025-03-02 00:06:26,288 INFO o.a.j.t.JMeterThread: Thread finished: setUp Thread Group 1-1
2025-03-02 00:06:26,297 INFO o.a.j.t.JMeterThread: Stopping because end time detected by thread: setUp Thread Group 1-14
2025-03-02 00:06:26,297 INFO o.a.j.t.JMeterThread: Thread finished: setUp Thread Group 1-14
2025-03-02 00:06:26,347 INFO o.a.j.t.JMeterThread: Stopping because end time detected by thread: setUp Thread Group 1-16
2025-03-02 00:06:26,347 INFO o.a.j.t.JMeterThread: Thread finished: setUp Thread Group 1-16
2025-03-02 00:06:26,363 INFO o.a.j.t.JMeterThread: Stopping because end time detected by thread: setUp Thread Group 1-2
2025-03-02 00:06:26,363 INFO o.a.j.t.JMeterThread: Thread finished: setUp Thread Group 1-2
2025-03-02 00:06:26,363 INFO o.a.j.e.StandardJMeterEngine: All Setup Threads have ended
2025-03-02 00:06:26,396 INFO o.a.j.e.StandardJMeterEngine: Starting ThreadGroup: 1 : Thread-Gruppe
2025-03-02 00:06:26,396 INFO o.a.j.e.StandardJMeterEngine: Starting 75 threads for group Thread-Gruppe.
2025-03-02 00:06:26,396 INFO o.a.j.e.StandardJMeterEngine: Thread will continue on error
2025-03-02 00:06:26,396 INFO o.a.j.t.ThreadGroup: Starting thread group... number=1 threads=75 ramp-up=10 delayedStart=false
2025-03-02 00:06:26,396 INFO o.a.j.t.JMeterThread: Thread started: Thread-Gruppe 1-1
2025-03-02 00:06:26,473 INFO o.a.j.t.ThreadGroup: Started thread group number 1
2025-03-02 00:06:26,473 INFO o.a.j.e.StandardJMeterEngine: Starting ThreadGroup: 2 : Thread-Gruppe
2025-03-02 00:06:26,473 INFO o.a.j.e.StandardJMeterEngine: Starting 20 threads for group Thread-Gruppe.
2025-03-02 00:06:26,473 INFO o.a.j.e.StandardJMeterEngine: Thread will continue on error
2025-03-02 00:06:26,473 INFO o.a.j.t.ThreadGroup: Starting thread group... number=2 threads=20 ramp-up=10 delayedStart=false
2025-03-02 00:06:26,476 INFO o.a.j.t.JMeterThread: Thread started: Thread-Gruppe 2-1
2025-03-02 00:06:26,490 INFO o.a.j.t.ThreadGroup: Started thread group number 2
2025-03-02 00:06:26,490 INFO o.a.j.e.StandardJMeterEngine: Starting ThreadGroup: 3 : Thread-Gruppe
2025-03-02 00:06:26,490 INFO o.a.j.e.StandardJMeterEngine: Starting 5 threads for group Thread-Gruppe.
2025-03-02 00:06:26,490 INFO o.a.j.e.StandardJMeterEngine: Thread will continue on error
2025-03-02 00:06:26,490 INFO o.a.j.t.ThreadGroup: Starting thread group... number=3 threads=5 ramp-up=10 delayedStart=false
2025-03-02 00:06:26,491 INFO o.a.j.t.JMeterThread: Thread started: Thread-Gruppe 3-1
2025-03-02 00:06:26,493 INFO o.a.j.t.ThreadGroup: Started thread group number 3
2025-03-02 00:06:26,494 INFO o.a.j.e.StandardJMeterEngine: All thread groups have been started
2025-03-02 00:06:26,542 INFO o.a.j.t.JMeterThread: Thread started: Thread-Gruppe 1-2
2025-03-02 00:06:26,675 INFO o.a.j.t.JMeterThread: Thread started: Thread-Gruppe 1-3
2025-03-02 00:06:26,810 INFO o.a.j.t.JMeterThread: Thread started: Thread-Gruppe 1-4
2025-03-02 00:06:26,942 INFO o.a.j.t.JMeterThread: Thread started: Thread-Gruppe 1-5
2025-03-02 00:06:26,976 INFO o.a.j.t.JMeterThread: Thread started: Thread-Gruppe 2-2
2025-03-02 00:06:27,077 INFO o.a.j.t.JMeterThread: Thread started: Thread-Gruppe 1-6
2025-03-02 00:06:27,197 INFO o.a.j.t.JMeterThread: Thread started: Thread-Gruppe 1-7
2025-03-02 00:06:27,330 INFO o.a.j.t.JMeterThread: Thread started: Thread-Gruppe 1-8
2025-03-02 00:06:27,463 INFO o.a.j.t.JMeterThread: Thread started: Thread-Gruppe 1-9
2025-03-02 00:06:27,478 INFO o.a.j.t.JMeterThread: Thread started: Thread-Gruppe 2-3
2025-03-02 00:06:27,600 INFO o.a.j.t.JMeterThread: Thread started: Thread-Gruppe 1-10
2025-03-02 00:06:27,728 INFO o.a.j.t.JMeterThread: Thread started: Thread-Gruppe 1-11
2025-03-02 00:06:27,860 INFO o.a.j.t.JMeterThread: Thread started: Thread-Gruppe 1-12
2025-03-02 00:06:27,975 INFO o.a.j.t.JMeterThread: Thread started: Thread-Gruppe 2-4
2025-03-02 00:06:27,994 INFO o.a.j.t.JMeterThread: Thread started: Thread-Gruppe 1-13
2025-03-02 00:06:28,127 INFO o.a.j.t.JMeterThread: Thread started: Thread-Gruppe 1-14
2025-03-02 00:06:28,260 INFO o.a.j.t.JMeterThread: Thread started: Thread-Gruppe 1-15
2025-03-02 00:06:28,394 INFO o.a.j.t.JMeterThread: Thread started: Thread-Gruppe 1-16
2025-03-02 00:06:28,476 INFO o.a.j.t.JMeterThread: Thread started: Thread-Gruppe 2-5
2025-03-02 00:06:28,492 INFO o.a.j.t.JMeterThread: Thread started: Thread-Gruppe 3-2
2025-03-02 00:06:28,526 INFO o.a.j.t.JMeterThread: Thread started: Thread-Gruppe 1-17
2025-03-02 00:06:28,660 INFO o.a.j.t.JMeterThread: Thread started: Thread-Gruppe 1-18
2025-03-02 00:06:28,793 INFO o.a.j.t.JMeterThread: Thread started: Thread-Gruppe 1-19
2025-03-02 00:06:28,926 INFO o.a.j.t.JMeterThread: Thread started: Thread-Gruppe 1-20
2025-03-02 00:06:28,974 INFO o.a.j.t.JMeterThread: Thread started: Thread-Gruppe 2-6
2025-03-02 00:06:29,058 INFO o.a.j.t.JMeterThread: Thread started: Thread-Gruppe 1-21
2025-03-02 00:06:29,191 INFO o.a.j.t.JMeterThread: Thread started: Thread-Gruppe 1-22
2025-03-02 00:06:29,325 INFO o.a.j.t.JMeterThread: Thread started: Thread-Gruppe 1-23
2025-03-02 00:06:29,456 INFO o.a.j.t.JMeterThread: Thread started: Thread-Gruppe 1-24
2025-03-02 00:06:29,475 INFO o.a.j.t.JMeterThread: Thread started: Thread-Gruppe 2-7
2025-03-02 00:06:29,592 INFO o.a.j.t.JMeterThread: Thread started: Thread-Gruppe 1-25
2025-03-02 00:06:29,723 INFO o.a.j.t.JMeterThread: Thread started: Thread-Gruppe 1-26
2025-03-02 00:06:29,857 INFO o.a.j.t.JMeterThread: Thread started: Thread-Gruppe 1-27
2025-03-02 00:06:29,974 INFO o.a.j.t.JMeterThread: Thread started: Thread-Gruppe 2-8
2025-03-02 00:06:29,990 INFO o.a.j.t.JMeterThread: Thread started: Thread-Gruppe 1-28
2025-03-02 00:06:30,077 INFO o.a.j.r.Summariser: summary +     65 in 00:01:04 =    1.0/s Avg:   458 Min:   247 Max:   596 Err:     0 (0.00%) Active: 38 Started: 38 Finished: 0
2025-03-02 00:06:30,124 INFO o.a.j.t.JMeterThread: Thread started: Thread-Gruppe 1-29
2025-03-02 00:06:30,258 INFO o.a.j.t.JMeterThread: Thread started: Thread-Gruppe 1-30
2025-03-02 00:06:30,388 INFO o.a.j.t.JMeterThread: Thread started: Thread-Gruppe 1-31
2025-03-02 00:06:30,474 INFO o.a.j.t.JMeterThread: Thread started: Thread-Gruppe 2-9
2025-03-02 00:06:30,491 INFO o.a.j.t.JMeterThread: Thread started: Thread-Gruppe 3-3
2025-03-02 00:06:30,521 INFO o.a.j.t.JMeterThread: Thread started: Thread-Gruppe 1-32
2025-03-02 00:06:30,655 INFO o.a.j.t.JMeterThread: Thread started: Thread-Gruppe 1-33
2025-03-02 00:06:30,788 INFO o.a.j.t.JMeterThread: Thread started: Thread-Gruppe 1-34
2025-03-02 00:06:30,921 INFO o.a.j.t.JMeterThread: Thread started: Thread-Gruppe 1-35
2025-03-02 00:06:30,975 INFO o.a.j.t.JMeterThread: Thread started: Thread-Gruppe 2-10
2025-03-02 00:06:31,053 INFO o.a.j.t.JMeterThread: Thread started: Thread-Gruppe 1-36
2025-03-02 00:06:31,189 INFO o.a.j.t.JMeterThread: Thread started: Thread-Gruppe 1-37
2025-03-02 00:06:31,321 INFO o.a.j.t.JMeterThread: Thread started: Thread-Gruppe 1-38
2025-03-02 00:06:31,455 INFO o.a.j.t.JMeterThread: Thread started: Thread-Gruppe 1-39
2025-03-02 00:06:31,475 INFO o.a.j.t.JMeterThread: Thread started: Thread-Gruppe 2-11
2025-03-02 00:06:31,586 INFO o.a.j.t.JMeterThread: Thread started: Thread-Gruppe 1-40
2025-03-02 00:06:31,720 INFO o.a.j.t.JMeterThread: Thread started: Thread-Gruppe 1-41
2025-03-02 00:06:31,852 INFO o.a.j.t.JMeterThread: Thread started: Thread-Gruppe 1-42
2025-03-02 00:06:31,974 INFO o.a.j.t.JMeterThread: Thread started: Thread-Gruppe 2-12
2025-03-02 00:06:31,984 INFO o.a.j.t.JMeterThread: Thread started: Thread-Gruppe 1-43
2025-03-02 00:06:32,118 INFO o.a.j.t.JMeterThread: Thread started: Thread-Gruppe 1-44
2025-03-02 00:06:32,249 INFO o.a.j.t.JMeterThread: Thread started: Thread-Gruppe 1-45
2025-03-02 00:06:32,383 INFO o.a.j.t.JMeterThread: Thread started: Thread-Gruppe 1-46
2025-03-02 00:06:32,476 INFO o.a.j.t.JMeterThread: Thread started: Thread-Gruppe 2-13
2025-03-02 00:06:32,493 INFO o.a.j.t.JMeterThread: Thread started: Thread-Gruppe 3-4
2025-03-02 00:06:32,516 INFO o.a.j.t.JMeterThread: Thread started: Thread-Gruppe 1-47
2025-03-02 00:06:32,650 INFO o.a.j.t.JMeterThread: Thread started: Thread-Gruppe 1-48
2025-03-02 00:06:32,782 INFO o.a.j.t.JMeterThread: Thread started: Thread-Gruppe 1-49
2025-03-02 00:06:32,916 INFO o.a.j.t.JMeterThread: Thread started: Thread-Gruppe 1-50
2025-03-02 00:06:32,974 INFO o.a.j.t.JMeterThread: Thread started: Thread-Gruppe 2-14
2025-03-02 00:06:33,048 INFO o.a.j.t.JMeterThread: Thread started: Thread-Gruppe 1-51
2025-03-02 00:06:33,181 INFO o.a.j.t.JMeterThread: Thread started: Thread-Gruppe 1-52
2025-03-02 00:06:33,315 INFO o.a.j.t.JMeterThread: Thread started: Thread-Gruppe 1-53
2025-03-02 00:06:33,447 INFO o.a.j.t.JMeterThread: Thread started: Thread-Gruppe 1-54
2025-03-02 00:06:33,474 INFO o.a.j.t.JMeterThread: Thread started: Thread-Gruppe 2-15
2025-03-02 00:06:33,579 INFO o.a.j.t.JMeterThread: Thread started: Thread-Gruppe 1-55
2025-03-02 00:06:33,712 INFO o.a.j.t.JMeterThread: Thread started: Thread-Gruppe 1-56
2025-03-02 00:06:33,846 INFO o.a.j.t.JMeterThread: Thread started: Thread-Gruppe 1-57
2025-03-02 00:06:33,976 INFO o.a.j.t.JMeterThread: Thread started: Thread-Gruppe 2-16
2025-03-02 00:06:33,979 INFO o.a.j.t.JMeterThread: Thread started: Thread-Gruppe 1-58
2025-03-02 00:06:34,114 INFO o.a.j.t.JMeterThread: Thread started: Thread-Gruppe 1-59
2025-03-02 00:06:34,245 INFO o.a.j.t.JMeterThread: Thread started: Thread-Gruppe 1-60
2025-03-02 00:06:34,379 INFO o.a.j.t.JMeterThread: Thread started: Thread-Gruppe 1-61
2025-03-02 00:06:34,474 INFO o.a.j.t.JMeterThread: Thread started: Thread-Gruppe 2-17
2025-03-02 00:06:34,491 INFO o.a.j.t.JMeterThread: Thread started: Thread-Gruppe 3-5
2025-03-02 00:06:34,511 INFO o.a.j.t.JMeterThread: Thread started: Thread-Gruppe 1-62
2025-03-02 00:06:34,645 INFO o.a.j.t.JMeterThread: Thread started: Thread-Gruppe 1-63
2025-03-02 00:06:34,777 INFO o.a.j.t.JMeterThread: Thread started: Thread-Gruppe 1-64
2025-03-02 00:06:34,911 INFO o.a.j.t.JMeterThread: Thread started: Thread-Gruppe 1-65
2025-03-02 00:06:34,975 INFO o.a.j.t.JMeterThread: Thread started: Thread-Gruppe 2-18
2025-03-02 00:06:35,045 INFO o.a.j.t.JMeterThread: Thread started: Thread-Gruppe 1-66
2025-03-02 00:06:35,176 INFO o.a.j.t.JMeterThread: Thread started: Thread-Gruppe 1-67
2025-03-02 00:06:35,309 INFO o.a.j.t.JMeterThread: Thread started: Thread-Gruppe 1-68
2025-03-02 00:06:35,442 INFO o.a.j.t.JMeterThread: Thread started: Thread-Gruppe 1-69
2025-03-02 00:06:35,475 INFO o.a.j.t.JMeterThread: Thread started: Thread-Gruppe 2-19
2025-03-02 00:06:35,575 INFO o.a.j.t.JMeterThread: Thread started: Thread-Gruppe 1-70
2025-03-02 00:06:35,709 INFO o.a.j.t.JMeterThread: Thread started: Thread-Gruppe 1-71
2025-03-02 00:06:35,840 INFO o.a.j.t.JMeterThread: Thread started: Thread-Gruppe 1-72
2025-03-02 00:06:35,974 INFO o.a.j.t.JMeterThread: Thread started: Thread-Gruppe 2-20
2025-03-02 00:06:35,974 INFO o.a.j.t.JMeterThread: Thread started: Thread-Gruppe 1-73
2025-03-02 00:06:36,108 INFO o.a.j.t.JMeterThread: Thread started: Thread-Gruppe 1-74
2025-03-02 00:06:36,241 INFO o.a.j.t.JMeterThread: Thread started: Thread-Gruppe 1-75
2025-03-02 00:07:00,023 INFO o.a.j.r.Summariser: summary +   2153 in 00:00:30 =   71.9/s Avg:   365 Min:   242 Max:  1140 Err:     0 (0.00%) Active: 100 Started: 100 Finished: 0
2025-03-02 00:07:00,024 INFO o.a.j.r.Summariser: summary =   2218 in 00:01:34 =   23.6/s Avg:   368 Min:   242 Max:  1140 Err:     0 (0.00%)
2025-03-02 00:07:30,002 INFO o.a.j.r.Summariser: summary +   2293 in 00:00:30 =   76.5/s Avg:   364 Min:   194 Max:  1120 Err:     0 (0.00%) Active: 100 Started: 100 Finished: 0
2025-03-02 00:07:30,002 INFO o.a.j.r.Summariser: summary =   4511 in 00:02:04 =   36.4/s Avg:   366 Min:   194 Max:  1140 Err:     0 (0.00%)
2025-03-02 00:08:00,012 INFO o.a.j.r.Summariser: summary +   2288 in 00:00:30 =   76.2/s Avg:   358 Min:   199 Max:   865 Err:     0 (0.00%) Active: 100 Started: 100 Finished: 0
2025-03-02 00:08:00,013 INFO o.a.j.r.Summariser: summary =   6799 in 00:02:34 =   44.2/s Avg:   363 Min:   194 Max:  1140 Err:     0 (0.00%)
2025-03-02 00:08:30,003 INFO o.a.j.r.Summariser: summary +   2299 in 00:00:30 =   76.7/s Avg:   362 Min:   198 Max:  1095 Err:     0 (0.00%) Active: 100 Started: 100 Finished: 0
2025-03-02 00:08:30,004 INFO o.a.j.r.Summariser: summary =   9098 in 00:03:04 =   49.5/s Avg:   363 Min:   194 Max:  1140 Err:     0 (0.00%)
2025-03-02 00:09:00,011 INFO o.a.j.r.Summariser: summary +   2282 in 00:00:30 =   76.0/s Avg:   371 Min:   196 Max:  1091 Err:     0 (0.00%) Active: 100 Started: 100 Finished: 0
2025-03-02 00:09:00,012 INFO o.a.j.r.Summariser: summary =  11380 in 00:03:34 =   53.2/s Avg:   365 Min:   194 Max:  1140 Err:     0 (0.00%)
2025-03-02 00:09:30,035 INFO o.a.j.r.Summariser: summary +   2284 in 00:00:30 =   76.1/s Avg:   360 Min:   199 Max:  1108 Err:     0 (0.00%) Active: 100 Started: 100 Finished: 0
2025-03-02 00:09:30,036 INFO o.a.j.r.Summariser: summary =  13664 in 00:04:04 =   56.0/s Avg:   364 Min:   194 Max:  1140 Err:     0 (0.00%)
2025-03-02 00:10:00,069 INFO o.a.j.r.Summariser: summary +   2279 in 00:00:30 =   75.9/s Avg:   380 Min:   200 Max:  1241 Err:     0 (0.00%) Active: 100 Started: 100 Finished: 0
2025-03-02 00:10:00,070 INFO o.a.j.r.Summariser: summary =  15943 in 00:04:34 =   58.2/s Avg:   366 Min:   194 Max:  1241 Err:     0 (0.00%)
2025-03-02 00:10:30,029 INFO o.a.j.r.Summariser: summary +   2302 in 00:00:30 =   76.8/s Avg:   352 Min:   191 Max:   893 Err:     0 (0.00%) Active: 100 Started: 100 Finished: 0
2025-03-02 00:10:30,030 INFO o.a.j.r.Summariser: summary =  18245 in 00:05:04 =   60.0/s Avg:   365 Min:   191 Max:  1241 Err:     0 (0.00%)
2025-03-02 00:11:00,024 INFO o.a.j.r.Summariser: summary +   2284 in 00:00:30 =   76.1/s Avg:   380 Min:   194 Max:  1133 Err:     0 (0.00%) Active: 100 Started: 100 Finished: 0
2025-03-02 00:11:00,025 INFO o.a.j.r.Summariser: summary =  20529 in 00:05:34 =   61.5/s Avg:   366 Min:   191 Max:  1241 Err:     0 (0.00%)
2025-03-02 00:11:30,025 INFO o.a.j.r.Summariser: summary +   2291 in 00:00:30 =   76.4/s Avg:   350 Min:   199 Max:   932 Err:     0 (0.00%) Active: 100 Started: 100 Finished: 0
2025-03-02 00:11:30,026 INFO o.a.j.r.Summariser: summary =  22820 in 00:06:04 =   62.7/s Avg:   365 Min:   191 Max:  1241 Err:     0 (0.00%)
2025-03-02 00:12:00,058 INFO o.a.j.r.Summariser: summary +   2295 in 00:00:30 =   76.4/s Avg:   366 Min:   197 Max:  1135 Err:     0 (0.00%) Active: 100 Started: 100 Finished: 0
2025-03-02 00:12:00,059 INFO o.a.j.r.Summariser: summary =  25115 in 00:06:34 =   63.7/s Avg:   365 Min:   191 Max:  1241 Err:     0 (0.00%)
2025-03-02 00:12:30,022 INFO o.a.j.r.Summariser: summary +   2289 in 00:00:30 =   76.4/s Avg:   352 Min:   194 Max:  1083 Err:     0 (0.00%) Active: 100 Started: 100 Finished: 0
2025-03-02 00:12:30,023 INFO o.a.j.r.Summariser: summary =  27404 in 00:07:04 =   64.6/s Avg:   364 Min:   191 Max:  1241 Err:     0 (0.00%)
2025-03-02 00:13:00,000 INFO o.a.j.r.Summariser: summary +   2284 in 00:00:30 =   76.2/s Avg:   382 Min:   194 Max:  1125 Err:     0 (0.00%) Active: 100 Started: 100 Finished: 0
2025-03-02 00:13:00,001 INFO o.a.j.r.Summariser: summary =  29688 in 00:07:34 =   65.4/s Avg:   365 Min:   191 Max:  1241 Err:     0 (0.00%)
2025-03-02 00:13:30,019 INFO o.a.j.r.Summariser: summary +   2288 in 00:00:30 =   76.2/s Avg:   357 Min:   191 Max:  1074 Err:     0 (0.00%) Active: 100 Started: 100 Finished: 0
2025-03-02 00:13:30,020 INFO o.a.j.r.Summariser: summary =  31976 in 00:08:04 =   66.1/s Avg:   364 Min:   191 Max:  1241 Err:     0 (0.00%)
2025-03-02 00:14:00,010 INFO o.a.j.r.Summariser: summary +   2293 in 00:00:30 =   76.5/s Avg:   377 Min:   192 Max:  1013 Err:     0 (0.00%) Active: 100 Started: 100 Finished: 0
2025-03-02 00:14:00,011 INFO o.a.j.r.Summariser: summary =  34269 in 00:08:34 =   66.7/s Avg:   365 Min:   191 Max:  1241 Err:     0 (0.00%)
2025-03-02 00:14:30,030 INFO o.a.j.r.Summariser: summary +   2292 in 00:00:30 =   76.4/s Avg:   342 Min:   192 Max:   871 Err:     0 (0.00%) Active: 100 Started: 100 Finished: 0
2025-03-02 00:14:30,031 INFO o.a.j.r.Summariser: summary =  36561 in 00:09:04 =   67.2/s Avg:   364 Min:   191 Max:  1241 Err:     0 (0.00%)
2025-03-02 00:15:00,011 INFO o.a.j.r.Summariser: summary +   2294 in 00:00:30 =   76.5/s Avg:   374 Min:   191 Max:  1031 Err:     0 (0.00%) Active: 100 Started: 100 Finished: 0
2025-03-02 00:15:00,011 INFO o.a.j.r.Summariser: summary =  38855 in 00:09:34 =   67.7/s Avg:   364 Min:   191 Max:  1241 Err:     0 (0.00%)
2025-03-02 00:15:30,028 INFO o.a.j.r.Summariser: summary +   2278 in 00:00:30 =   75.9/s Avg:   368 Min:   194 Max:  1159 Err:     0 (0.00%) Active: 100 Started: 100 Finished: 0
2025-03-02 00:15:30,029 INFO o.a.j.r.Summariser: summary =  41133 in 00:10:04 =   68.1/s Avg:   365 Min:   191 Max:  1241 Err:     0 (0.00%)
2025-03-02 00:16:00,007 INFO o.a.j.r.Summariser: summary +   2290 in 00:00:30 =   76.4/s Avg:   376 Min:   192 Max:  1116 Err:     0 (0.00%) Active: 100 Started: 100 Finished: 0
2025-03-02 00:16:00,009 INFO o.a.j.r.Summariser: summary =  43423 in 00:10:34 =   68.5/s Avg:   365 Min:   191 Max:  1241 Err:     0 (0.00%)
2025-03-02 00:16:24,740 INFO o.a.j.t.JMeterThread: Thread finished: Thread-Gruppe 1-1
2025-03-02 00:16:24,765 INFO o.a.j.t.JMeterThread: Thread finished: Thread-Gruppe 1-47
2025-03-02 00:16:24,816 INFO o.a.j.t.JMeterThread: Thread finished: Thread-Gruppe 1-11
2025-03-02 00:16:24,816 INFO o.a.j.t.JMeterThread: Thread finished: Thread-Gruppe 1-61
2025-03-02 00:16:24,822 INFO o.a.j.t.JMeterThread: Thread finished: Thread-Gruppe 1-10
2025-03-02 00:16:24,838 INFO o.a.j.t.JMeterThread: Thread finished: Thread-Gruppe 1-2
2025-03-02 00:16:24,870 INFO o.a.j.t.JMeterThread: Thread finished: Thread-Gruppe 1-62
2025-03-02 00:16:24,952 INFO o.a.j.t.JMeterThread: Thread finished: Thread-Gruppe 1-8
2025-03-02 00:16:24,952 INFO o.a.j.t.JMeterThread: Thread finished: Thread-Gruppe 1-48
2025-03-02 00:16:24,999 INFO o.a.j.t.JMeterThread: Thread finished: Thread-Gruppe 1-12
2025-03-02 00:16:25,005 INFO o.a.j.t.JMeterThread: Thread finished: Thread-Gruppe 1-3
2025-03-02 00:16:25,062 INFO o.a.j.t.JMeterThread: Thread finished: Thread-Gruppe 1-49
2025-03-02 00:16:25,066 INFO o.a.j.t.JMeterThread: Thread finished: Thread-Gruppe 1-63
2025-03-02 00:16:25,069 INFO o.a.j.t.JMeterThread: Thread finished: Thread-Gruppe 1-13
2025-03-02 00:16:25,072 INFO o.a.j.t.JMeterThread: Thread finished: Thread-Gruppe 1-14
2025-03-02 00:16:25,100 INFO o.a.j.t.JMeterThread: Thread finished: Thread-Gruppe 1-64
2025-03-02 00:16:25,125 INFO o.a.j.t.JMeterThread: Thread finished: Thread-Gruppe 1-4
2025-03-02 00:16:25,206 INFO o.a.j.t.JMeterThread: Thread finished: Thread-Gruppe 1-15
2025-03-02 00:16:25,206 INFO o.a.j.t.JMeterThread: Thread finished: Thread-Gruppe 1-50
2025-03-02 00:16:25,226 INFO o.a.j.t.JMeterThread: Thread finished: Thread-Gruppe 1-65
2025-03-02 00:16:25,325 INFO o.a.j.t.JMeterThread: Thread finished: Thread-Gruppe 1-32
2025-03-02 00:16:25,333 INFO o.a.j.t.JMeterThread: Thread finished: Thread-Gruppe 1-51
2025-03-02 00:16:25,350 INFO o.a.j.t.JMeterThread: Thread finished: Thread-Gruppe 1-66
2025-03-02 00:16:25,391 INFO o.a.j.t.JMeterThread: Thread finished: Thread-Gruppe 1-17
2025-03-02 00:16:25,412 INFO o.a.j.t.JMeterThread: Thread finished: Thread-Gruppe 1-33
2025-03-02 00:16:25,412 INFO o.a.j.t.JMeterThread: Thread finished: Thread-Gruppe 1-19
2025-03-02 00:16:25,412 INFO o.a.j.t.JMeterThread: Thread finished: Thread-Gruppe 1-18
2025-03-02 00:16:25,458 INFO o.a.j.t.JMeterThread: Thread finished: Thread-Gruppe 1-52
2025-03-02 00:16:25,480 INFO o.a.j.t.JMeterThread: Thread finished: Thread-Gruppe 1-20
2025-03-02 00:16:25,487 INFO o.a.j.t.JMeterThread: Thread finished: Thread-Gruppe 1-5
2025-03-02 00:16:25,490 INFO o.a.j.t.JMeterThread: Thread finished: Thread-Gruppe 1-67
2025-03-02 00:16:25,533 INFO o.a.j.t.JMeterThread: Thread finished: Thread-Gruppe 1-34
2025-03-02 00:16:25,542 INFO o.a.j.t.JMeterThread: Thread finished: Thread-Gruppe 1-21
2025-03-02 00:16:25,583 INFO o.a.j.t.JMeterThread: Thread finished: Thread-Gruppe 1-53
2025-03-02 00:16:25,590 INFO o.a.j.t.JMeterThread: Thread finished: Thread-Gruppe 1-23
2025-03-02 00:16:25,616 INFO o.a.j.t.JMeterThread: Thread finished: Thread-Gruppe 1-22
2025-03-02 00:16:25,646 INFO o.a.j.t.JMeterThread: Thread finished: Thread-Gruppe 1-68
2025-03-02 00:16:25,686 INFO o.a.j.t.JMeterThread: Thread finished: Thread-Gruppe 1-35
2025-03-02 00:16:25,715 INFO o.a.j.t.JMeterThread: Thread finished: Thread-Gruppe 1-54
2025-03-02 00:16:25,719 INFO o.a.j.t.JMeterThread: Thread finished: Thread-Gruppe 1-24
2025-03-02 00:16:25,738 INFO o.a.j.t.JMeterThread: Thread finished: Thread-Gruppe 1-16
2025-03-02 00:16:25,742 INFO o.a.j.t.JMeterThread: Thread finished: Thread-Gruppe 1-69
2025-03-02 00:16:25,849 INFO o.a.j.t.JMeterThread: Thread finished: Thread-Gruppe 1-25
2025-03-02 00:16:25,874 INFO o.a.j.t.JMeterThread: Thread finished: Thread-Gruppe 1-70
2025-03-02 00:16:25,914 INFO o.a.j.t.JMeterThread: Thread finished: Thread-Gruppe 1-36
2025-03-02 00:16:25,970 INFO o.a.j.t.JMeterThread: Thread finished: Thread-Gruppe 1-37
2025-03-02 00:16:25,974 INFO o.a.j.t.JMeterThread: Thread finished: Thread-Gruppe 1-26
2025-03-02 00:16:26,037 INFO o.a.j.t.JMeterThread: Thread finished: Thread-Gruppe 1-71
2025-03-02 00:16:26,074 INFO o.a.j.t.JMeterThread: Thread finished: Thread-Gruppe 1-38
2025-03-02 00:16:26,109 INFO o.a.j.t.JMeterThread: Thread finished: Thread-Gruppe 2-19
2025-03-02 00:16:26,109 INFO o.a.j.t.JMeterThread: Thread finished: Thread-Gruppe 1-27
2025-03-02 00:16:26,132 INFO o.a.j.t.JMeterThread: Thread finished: Thread-Gruppe 1-55
2025-03-02 00:16:26,171 INFO o.a.j.t.JMeterThread: Thread finished: Thread-Gruppe 1-72
2025-03-02 00:16:26,189 INFO o.a.j.t.JMeterThread: Thread finished: Thread-Gruppe 2-10
2025-03-02 00:16:26,241 INFO o.a.j.t.JMeterThread: Thread finished: Thread-Gruppe 1-39
2025-03-02 00:16:26,241 INFO o.a.j.t.JMeterThread: Thread finished: Thread-Gruppe 2-15
2025-03-02 00:16:26,242 INFO o.a.j.t.JMeterThread: Thread finished: Thread-Gruppe 2-1
2025-03-02 00:16:26,260 INFO o.a.j.t.JMeterThread: Thread finished: Thread-Gruppe 1-28
2025-03-02 00:16:26,296 INFO o.a.j.t.JMeterThread: Thread finished: Thread-Gruppe 1-73
2025-03-02 00:16:26,296 INFO o.a.j.t.JMeterThread: Thread finished: Thread-Gruppe 2-2
2025-03-02 00:16:26,297 INFO o.a.j.t.JMeterThread: Thread finished: Thread-Gruppe 1-6
2025-03-02 00:16:26,297 INFO o.a.j.t.JMeterThread: Thread finished: Thread-Gruppe 1-56
2025-03-02 00:16:26,332 INFO o.a.j.t.JMeterThread: Thread finished: Thread-Gruppe 2-11
2025-03-02 00:16:26,370 INFO o.a.j.t.JMeterThread: Thread finished: Thread-Gruppe 2-12
2025-03-02 00:16:26,377 INFO o.a.j.t.JMeterThread: Thread finished: Thread-Gruppe 1-40
2025-03-02 00:16:26,401 INFO o.a.j.t.JMeterThread: Thread finished: Thread-Gruppe 1-57
2025-03-02 00:16:26,405 INFO o.a.j.t.JMeterThread: Thread finished: Thread-Gruppe 1-7
2025-03-02 00:16:26,431 INFO o.a.j.t.JMeterThread: Stopping because end time detected by thread: Thread-Gruppe 1-29
2025-03-02 00:16:26,431 INFO o.a.j.t.JMeterThread: Thread finished: Thread-Gruppe 1-29
2025-03-02 00:16:26,431 INFO o.a.j.t.JMeterThread: Thread finished: Thread-Gruppe 1-74
2025-03-02 00:16:26,431 INFO o.a.j.t.JMeterThread: Thread finished: Thread-Gruppe 2-17
2025-03-02 00:16:26,456 INFO o.a.j.t.JMeterThread: Stopping because end time detected by thread: Thread-Gruppe 1-41
2025-03-02 00:16:26,456 INFO o.a.j.t.JMeterThread: Thread finished: Thread-Gruppe 1-41
2025-03-02 00:16:26,458 INFO o.a.j.t.JMeterThread: Thread finished: Thread-Gruppe 2-18
2025-03-02 00:16:26,493 INFO o.a.j.t.JMeterThread: Stopping because end time detected by thread: Thread-Gruppe 3-1
2025-03-02 00:16:26,493 INFO o.a.j.t.JMeterThread: Stopping because end time detected by thread: Thread-Gruppe 3-4
2025-03-02 00:16:26,493 INFO o.a.j.t.JMeterThread: Thread finished: Thread-Gruppe 3-1
2025-03-02 00:16:26,495 INFO o.a.j.t.JMeterThread: Thread finished: Thread-Gruppe 3-4
2025-03-02 00:16:26,495 INFO o.a.j.t.JMeterThread: Stopping because end time detected by thread: Thread-Gruppe 1-58
2025-03-02 00:16:26,495 INFO o.a.j.t.JMeterThread: Thread finished: Thread-Gruppe 1-58
2025-03-02 00:16:26,495 INFO o.a.j.t.JMeterThread: Stopping because end time detected by thread: Thread-Gruppe 2-14
2025-03-02 00:16:26,495 INFO o.a.j.t.JMeterThread: Thread finished: Thread-Gruppe 2-14
2025-03-02 00:16:26,512 INFO o.a.j.t.JMeterThread: Stopping because end time detected by thread: Thread-Gruppe 1-30
2025-03-02 00:16:26,512 INFO o.a.j.t.JMeterThread: Thread finished: Thread-Gruppe 1-30
2025-03-02 00:16:26,543 INFO o.a.j.t.JMeterThread: Stopping because end time detected by thread: Thread-Gruppe 3-3
2025-03-02 00:16:26,543 INFO o.a.j.t.JMeterThread: Stopping because end time detected by thread: Thread-Gruppe 1-75
2025-03-02 00:16:26,543 INFO o.a.j.t.JMeterThread: Thread finished: Thread-Gruppe 3-3
2025-03-02 00:16:26,543 INFO o.a.j.t.JMeterThread: Thread finished: Thread-Gruppe 1-75
2025-03-02 00:16:26,558 INFO o.a.j.t.JMeterThread: Stopping because end time detected by thread: Thread-Gruppe 1-59
2025-03-02 00:16:26,558 INFO o.a.j.t.JMeterThread: Thread finished: Thread-Gruppe 1-59
2025-03-02 00:16:26,558 INFO o.a.j.t.JMeterThread: Stopping because end time detected by thread: Thread-Gruppe 2-4
2025-03-02 00:16:26,566 INFO o.a.j.t.JMeterThread: Thread finished: Thread-Gruppe 2-4
2025-03-02 00:16:26,582 INFO o.a.j.t.JMeterThread: Stopping because end time detected by thread: Thread-Gruppe 3-2
2025-03-02 00:16:26,582 INFO o.a.j.t.JMeterThread: Thread finished: Thread-Gruppe 3-2
2025-03-02 00:16:26,613 INFO o.a.j.t.JMeterThread: Stopping because end time detected by thread: Thread-Gruppe 2-3
2025-03-02 00:16:26,613 INFO o.a.j.t.JMeterThread: Thread finished: Thread-Gruppe 2-3
2025-03-02 00:16:26,629 INFO o.a.j.t.JMeterThread: Stopping because end time detected by thread: Thread-Gruppe 2-9
2025-03-02 00:16:26,629 INFO o.a.j.t.JMeterThread: Thread finished: Thread-Gruppe 2-9
2025-03-02 00:16:26,629 INFO o.a.j.t.JMeterThread: Stopping because end time detected by thread: Thread-Gruppe 1-42
2025-03-02 00:16:26,629 INFO o.a.j.t.JMeterThread: Thread finished: Thread-Gruppe 1-42
2025-03-02 00:16:26,645 INFO o.a.j.t.JMeterThread: Stopping because end time detected by thread: Thread-Gruppe 1-60
2025-03-02 00:16:26,645 INFO o.a.j.t.JMeterThread: Thread finished: Thread-Gruppe 1-60
2025-03-02 00:16:26,645 INFO o.a.j.t.JMeterThread: Stopping because end time detected by thread: Thread-Gruppe 1-31
2025-03-02 00:16:26,645 INFO o.a.j.t.JMeterThread: Thread finished: Thread-Gruppe 1-31
2025-03-02 00:16:26,650 INFO o.a.j.t.JMeterThread: Stopping because end time detected by thread: Thread-Gruppe 2-13
2025-03-02 00:16:26,650 INFO o.a.j.t.JMeterThread: Thread finished: Thread-Gruppe 2-13
2025-03-02 00:16:26,650 INFO o.a.j.t.JMeterThread: Stopping because end time detected by thread: Thread-Gruppe 1-9
2025-03-02 00:16:26,650 INFO o.a.j.t.JMeterThread: Thread finished: Thread-Gruppe 1-9
2025-03-02 00:16:26,740 INFO o.a.j.t.JMeterThread: Stopping because end time detected by thread: Thread-Gruppe 2-6
2025-03-02 00:16:26,740 INFO o.a.j.t.JMeterThread: Thread finished: Thread-Gruppe 2-6
2025-03-02 00:16:26,772 INFO o.a.j.t.JMeterThread: Stopping because end time detected by thread: Thread-Gruppe 2-16
2025-03-02 00:16:26,772 INFO o.a.j.t.JMeterThread: Thread finished: Thread-Gruppe 2-16
2025-03-02 00:16:26,772 INFO o.a.j.t.JMeterThread: Stopping because end time detected by thread: Thread-Gruppe 1-43
2025-03-02 00:16:26,772 INFO o.a.j.t.JMeterThread: Thread finished: Thread-Gruppe 1-43
2025-03-02 00:16:26,804 INFO o.a.j.t.JMeterThread: Stopping because end time detected by thread: Thread-Gruppe 2-5
2025-03-02 00:16:26,818 INFO o.a.j.t.JMeterThread: Thread finished: Thread-Gruppe 2-5
2025-03-02 00:16:26,804 INFO o.a.j.t.JMeterThread: Stopping because end time detected by thread: Thread-Gruppe 2-7
2025-03-02 00:16:26,818 INFO o.a.j.t.JMeterThread: Thread finished: Thread-Gruppe 2-7
2025-03-02 00:16:26,834 INFO o.a.j.t.JMeterThread: Stopping because end time detected by thread: Thread-Gruppe 3-5
2025-03-02 00:16:26,834 INFO o.a.j.t.JMeterThread: Thread finished: Thread-Gruppe 3-5
2025-03-02 00:16:26,834 INFO o.a.j.t.JMeterThread: Stopping because end time detected by thread: Thread-Gruppe 2-8
2025-03-02 00:16:26,834 INFO o.a.j.t.JMeterThread: Thread finished: Thread-Gruppe 2-8
2025-03-02 00:16:26,914 INFO o.a.j.t.JMeterThread: Stopping because end time detected by thread: Thread-Gruppe 1-44
2025-03-02 00:16:26,914 INFO o.a.j.t.JMeterThread: Thread finished: Thread-Gruppe 1-44
2025-03-02 00:16:26,914 INFO o.a.j.t.JMeterThread: Stopping because end time detected by thread: Thread-Gruppe 2-20
2025-03-02 00:16:26,914 INFO o.a.j.t.JMeterThread: Thread finished: Thread-Gruppe 2-20
2025-03-02 00:16:26,961 INFO o.a.j.t.JMeterThread: Stopping because end time detected by thread: Thread-Gruppe 1-45
2025-03-02 00:16:26,961 INFO o.a.j.t.JMeterThread: Thread finished: Thread-Gruppe 1-45
2025-03-02 00:16:27,108 INFO o.a.j.t.JMeterThread: Stopping because end time detected by thread: Thread-Gruppe 1-46
2025-03-02 00:16:27,108 INFO o.a.j.t.JMeterThread: Thread finished: Thread-Gruppe 1-46
2025-03-02 00:16:27,108 INFO o.a.j.e.StandardJMeterEngine: Notifying test listeners of end of test
2025-03-02 00:16:27,108 INFO o.a.j.r.Summariser: summary +   1966 in 00:00:27 =   72.5/s Avg:   458 Min:   207 Max:  3537 Err:     0 (0.00%) Active: 0 Started: 100 Finished: 100
2025-03-02 00:16:27,108 INFO o.a.j.r.Summariser: summary =  45389 in 00:11:01 =   68.7/s Avg:   369 Min:   191 Max:  3537 Err:     0 (0.00%)
