2025-02-27 10:52:59,103 INFO o.a.j.u.JMeterUtils: Setting Locale to en_EN
2025-02-27 10:52:59,121 INFO o.a.j.JMeter: Loading user properties from: D:\Semester 7\CS4203 - Research and Development Project\Artifacts\apache-jmeter-5.6.3\bin\user.properties
2025-02-27 10:52:59,121 INFO o.a.j.JMeter: Loading system properties from: D:\Semester 7\CS4203 - Research and Development Project\Artifacts\apache-jmeter-5.6.3\bin\system.properties
2025-02-27 10:52:59,121 INFO o.a.j.JMeter: Setting JMeter property: lb_1_hostname=34.67.126.244
2025-02-27 10:52:59,121 INFO o.a.j.JMeter: Setting JMeter property: lb_2_hostname=35.232.62.106
2025-02-27 10:52:59,121 INFO o.a.j.JMeter: Setting JMeter property: lb_1_port=8090
2025-02-27 10:52:59,121 INFO o.a.j.JMeter: Setting JMeter property: lb_2_port=8091
2025-02-27 10:52:59,133 INFO o.a.j.JMeter: Setting JMeter property: warm_up_users=20
2025-02-27 10:52:59,133 INFO o.a.j.JMeter: Setting JMeter property: warm_up_time=60
2025-02-27 10:52:59,133 INFO o.a.j.JMeter: Setting JMeter property: test_run_time=600
2025-02-27 10:52:59,133 INFO o.a.j.JMeter: Setting JMeter property: ramp_up=10
2025-02-27 10:52:59,133 INFO o.a.j.JMeter: Setting JMeter property: group_1=75
2025-02-27 10:52:59,133 INFO o.a.j.JMeter: Setting JMeter property: group_2=20
2025-02-27 10:52:59,133 INFO o.a.j.JMeter: Setting JMeter property: group_3=5
2025-02-27 10:52:59,133 INFO o.a.j.JMeter: Setting JMeter property: group_1_request_rate=30
2025-02-27 10:52:59,133 INFO o.a.j.JMeter: Setting JMeter property: group_2_request_rate=90
2025-02-27 10:52:59,133 INFO o.a.j.JMeter: Setting JMeter property: group_3_request_rate=120
2025-02-27 10:52:59,133 INFO o.a.j.JMeter: Setting JMeter property: log_file=d:\Semester 7\CS4203 - Research and Development Project\Artifacts\rate-limiter-nginx\jmeter\cloud\2025_02_27_09_12_logs\sliding_window_counter\redis_script_rate_limit_100_window_size_60_sub_window_count_5\warm_up_results.csv
2025-02-27 10:52:59,133 INFO o.a.j.JMeter: Setting JMeter property: algorithm=sliding_window_counter_redis_script_rate_limit_100_window_size_60_sub_window_count_5
2025-02-27 10:52:59,133 INFO o.a.j.JMeter: Setting JMeter property: auth=/sliding_window_counter/redis_script_rate_limit_100_window_size_60_sub_window_count_5/tools.descartes.teastore.auth/rest
2025-02-27 10:52:59,133 INFO o.a.j.JMeter: Setting JMeter property: persistence=/sliding_window_counter/redis_script_rate_limit_100_window_size_60_sub_window_count_5/tools.descartes.teastore.persistence/rest
2025-02-27 10:52:59,133 INFO o.a.j.JMeter: Setting JMeter property: recommender=/sliding_window_counter/redis_script_rate_limit_100_window_size_60_sub_window_count_5/tools.descartes.teastore.recommender/rest
2025-02-27 10:52:59,133 INFO o.a.j.JMeter: Setting JMeter property: image=/sliding_window_counter/redis_script_rate_limit_100_window_size_60_sub_window_count_5/tools.descartes.teastore.image/rest
2025-02-27 10:52:59,133 INFO o.a.j.JMeter: Copyright (c) 1998-2024 The Apache Software Foundation
2025-02-27 10:52:59,133 INFO o.a.j.JMeter: Version 5.6.3
2025-02-27 10:52:59,133 INFO o.a.j.JMeter: java.version=11.0.22
2025-02-27 10:52:59,133 INFO o.a.j.JMeter: java.vm.name=Java HotSpot(TM) 64-Bit Server VM
2025-02-27 10:52:59,133 INFO o.a.j.JMeter: os.name=Windows 10
2025-02-27 10:52:59,133 INFO o.a.j.JMeter: os.arch=amd64
2025-02-27 10:52:59,133 INFO o.a.j.JMeter: os.version=10.0
2025-02-27 10:52:59,133 INFO o.a.j.JMeter: file.encoding=Cp1252
2025-02-27 10:52:59,133 INFO o.a.j.JMeter: java.awt.headless=true
2025-02-27 10:52:59,133 INFO o.a.j.JMeter: Max memory     =1073741824
2025-02-27 10:52:59,133 INFO o.a.j.JMeter: Available Processors =12
2025-02-27 10:52:59,148 INFO o.a.j.JMeter: Default Locale=English (EN)
2025-02-27 10:52:59,163 INFO o.a.j.JMeter: JMeter  Locale=English (EN)
2025-02-27 10:52:59,163 INFO o.a.j.JMeter: JMeterHome=D:\Semester 7\CS4203 - Research and Development Project\Artifacts\apache-jmeter-5.6.3
2025-02-27 10:52:59,163 INFO o.a.j.JMeter: user.dir  =D:\Semester 7\CS4203 - Research and Development Project\Artifacts\rate-limiter-nginx
2025-02-27 10:52:59,163 INFO o.a.j.JMeter: PWD       =D:\Semester 7\CS4203 - Research and Development Project\Artifacts\rate-limiter-nginx
2025-02-27 10:52:59,163 INFO o.a.j.JMeter: IP: 10.10.21.101 Name: KOBI-MSI-PC FullName: 10.10.21.101
2025-02-27 10:52:59,178 INFO o.a.j.s.FileServer: Default base='D:\Semester 7\CS4203 - Research and Development Project\Artifacts\rate-limiter-nginx'
2025-02-27 10:52:59,178 INFO o.a.j.s.FileServer: Set new base='d:\Semester 7\CS4203 - Research and Development Project\Artifacts\rate-limiter-nginx\jmeter\cloud'
2025-02-27 10:52:59,405 INFO o.a.j.s.SaveService: Testplan (JMX) version: 2.2. Testlog (JTL) version: 2.2
2025-02-27 10:52:59,435 INFO o.a.j.s.SaveService: Using SaveService properties version 5.0
2025-02-27 10:52:59,450 INFO o.a.j.s.SaveService: Using SaveService properties file encoding UTF-8
2025-02-27 10:52:59,450 INFO o.a.j.s.SaveService: Loading file: d:\Semester 7\CS4203 - Research and Development Project\Artifacts\rate-limiter-nginx\jmeter\cloud\teastore_performance.jmx
2025-02-27 10:52:59,517 INFO o.a.j.p.h.c.CookieManager: Settings: Delete null: true Check: true Allow variable: true Save: false Prefix: COOKIE_
2025-02-27 10:52:59,548 INFO o.a.j.p.h.s.HTTPSamplerBase: Parser for text/html is org.apache.jmeter.protocol.http.parser.LagartoBasedHtmlParser
2025-02-27 10:52:59,548 INFO o.a.j.p.h.s.HTTPSamplerBase: Parser for application/xhtml+xml is org.apache.jmeter.protocol.http.parser.LagartoBasedHtmlParser
2025-02-27 10:52:59,548 INFO o.a.j.p.h.s.HTTPSamplerBase: Parser for application/xml is org.apache.jmeter.protocol.http.parser.LagartoBasedHtmlParser
2025-02-27 10:52:59,548 INFO o.a.j.p.h.s.HTTPSamplerBase: Parser for text/xml is org.apache.jmeter.protocol.http.parser.LagartoBasedHtmlParser
2025-02-27 10:52:59,549 INFO o.a.j.p.h.s.HTTPSamplerBase: Parser for text/vnd.wap.wml is org.apache.jmeter.protocol.http.parser.RegexpHTMLParser
2025-02-27 10:52:59,549 INFO o.a.j.p.h.s.HTTPSamplerBase: Parser for text/css is org.apache.jmeter.protocol.http.parser.CssParser
2025-02-27 10:52:59,725 INFO o.a.j.s.SampleResult: Note: Sample TimeStamps are START times
2025-02-27 10:52:59,725 INFO o.a.j.s.SampleResult: sampleresult.default.encoding is set to UTF-8
2025-02-27 10:52:59,725 INFO o.a.j.s.SampleResult: sampleresult.useNanoTime=true
2025-02-27 10:52:59,725 INFO o.a.j.s.SampleResult: sampleresult.nanoThreadSleep=5000
2025-02-27 10:52:59,770 INFO o.a.j.JMeter: Creating summariser <summary>
2025-02-27 10:52:59,792 INFO o.a.j.e.StandardJMeterEngine: Running the test!
2025-02-27 10:52:59,794 INFO o.a.j.s.SampleEvent: List of sample_variables: []
2025-02-27 10:52:59,794 INFO o.a.j.s.SampleEvent: List of sample_variables: []
2025-02-27 10:52:59,808 INFO o.a.j.e.u.CompoundVariable: Note: Function class names must contain the string: '.functions.'
2025-02-27 10:52:59,808 INFO o.a.j.e.u.CompoundVariable: Note: Function class names must not contain the string: '.gui.'
2025-02-27 10:53:00,092 INFO o.a.j.r.ClassFinder: Will scan jar D:\Semester 7\CS4203 - Research and Development Project\Artifacts\apache-jmeter-5.6.3\lib\ext\jmeter-plugins-casutg-2.10.jar with filter ExtendsClassFilter [parents=[interface org.apache.jmeter.functions.Function], inner=false, contains=null, notContains=null]. Consider exposing JMeter plugins via META-INF/services, and add JMeter-Skip-Class-Scanning=true manifest attribute so JMeter can skip classfile scanning
2025-02-27 10:53:00,107 INFO o.a.j.r.ClassFinder: Will scan jar D:\Semester 7\CS4203 - Research and Development Project\Artifacts\apache-jmeter-5.6.3\lib\ext\jmeter-plugins-graphs-additional-2.0.jar with filter ExtendsClassFilter [parents=[interface org.apache.jmeter.functions.Function], inner=false, contains=null, notContains=null]. Consider exposing JMeter plugins via META-INF/services, and add JMeter-Skip-Class-Scanning=true manifest attribute so JMeter can skip classfile scanning
2025-02-27 10:53:00,122 INFO o.a.j.r.ClassFinder: Will scan jar D:\Semester 7\CS4203 - Research and Development Project\Artifacts\apache-jmeter-5.6.3\lib\ext\jmeter-plugins-perfmon-2.1.jar with filter ExtendsClassFilter [parents=[interface org.apache.jmeter.functions.Function], inner=false, contains=null, notContains=null]. Consider exposing JMeter plugins via META-INF/services, and add JMeter-Skip-Class-Scanning=true manifest attribute so JMeter can skip classfile scanning
2025-02-27 10:53:00,122 INFO o.a.j.r.ClassFinder: Will scan jar D:\Semester 7\CS4203 - Research and Development Project\Artifacts\apache-jmeter-5.6.3\lib\ext\json-lib-2.4-jdk15.jar with filter ExtendsClassFilter [parents=[interface org.apache.jmeter.functions.Function], inner=false, contains=null, notContains=null]. Consider exposing JMeter plugins via META-INF/services, and add JMeter-Skip-Class-Scanning=true manifest attribute so JMeter can skip classfile scanning
2025-02-27 10:53:00,152 INFO o.a.j.r.ClassFinder: Will scan jar D:\Semester 7\CS4203 - Research and Development Project\Artifacts\apache-jmeter-5.6.3\lib\ext\perfmon-2.2.2.jar with filter ExtendsClassFilter [parents=[interface org.apache.jmeter.functions.Function], inner=false, contains=null, notContains=null]. Consider exposing JMeter plugins via META-INF/services, and add JMeter-Skip-Class-Scanning=true manifest attribute so JMeter can skip classfile scanning
2025-02-27 10:53:00,152 INFO o.a.j.r.ClassFinder: Will scan jar D:\Semester 7\CS4203 - Research and Development Project\Artifacts\apache-jmeter-5.6.3\lib\ext\jmeter-plugins-manager-1.10.jar with filter ExtendsClassFilter [parents=[interface org.apache.jmeter.functions.Function], inner=false, contains=null, notContains=null]. Consider exposing JMeter plugins via META-INF/services, and add JMeter-Skip-Class-Scanning=true manifest attribute so JMeter can skip classfile scanning
2025-02-27 10:53:00,260 INFO o.a.j.r.ClassFinder: Will scan jar D:\Semester 7\CS4203 - Research and Development Project\Artifacts\apache-jmeter-5.6.3\lib\ext\jmeter-plugins-graphs-vs-2.0.jar with filter ExtendsClassFilter [parents=[interface org.apache.jmeter.functions.Function], inner=false, contains=null, notContains=null]. Consider exposing JMeter plugins via META-INF/services, and add JMeter-Skip-Class-Scanning=true manifest attribute so JMeter can skip classfile scanning
2025-02-27 10:53:00,260 INFO o.a.j.r.ClassFinder: Will scan jar D:\Semester 7\CS4203 - Research and Development Project\Artifacts\apache-jmeter-5.6.3\lib\ext\jmeter-parallel-0.12.jar with filter ExtendsClassFilter [parents=[interface org.apache.jmeter.functions.Function], inner=false, contains=null, notContains=null]. Consider exposing JMeter plugins via META-INF/services, and add JMeter-Skip-Class-Scanning=true manifest attribute so JMeter can skip classfile scanning
2025-02-27 10:53:00,275 INFO o.a.j.r.ClassFinder: Will scan jar D:\Semester 7\CS4203 - Research and Development Project\Artifacts\apache-jmeter-5.6.3\lib\ext\jmeter-plugins-tst-2.6.jar with filter ExtendsClassFilter [parents=[interface org.apache.jmeter.functions.Function], inner=false, contains=null, notContains=null]. Consider exposing JMeter plugins via META-INF/services, and add JMeter-Skip-Class-Scanning=true manifest attribute so JMeter can skip classfile scanning
2025-02-27 10:53:00,275 INFO o.a.j.r.ClassFinder: Will scan jar D:\Semester 7\CS4203 - Research and Development Project\Artifacts\apache-jmeter-5.6.3\lib\ext\jmeter-prometheus-plugin-0.6.0.jar with filter ExtendsClassFilter [parents=[interface org.apache.jmeter.functions.Function], inner=false, contains=null, notContains=null]. Consider exposing JMeter plugins via META-INF/services, and add JMeter-Skip-Class-Scanning=true manifest attribute so JMeter can skip classfile scanning
2025-02-27 10:53:00,290 INFO o.a.j.r.ClassFinder: Will scan jar D:\Semester 7\CS4203 - Research and Development Project\Artifacts\apache-jmeter-5.6.3\lib\ext\jmeter-plugins-graphs-basic-2.0.jar with filter ExtendsClassFilter [parents=[interface org.apache.jmeter.functions.Function], inner=false, contains=null, notContains=null]. Consider exposing JMeter plugins via META-INF/services, and add JMeter-Skip-Class-Scanning=true manifest attribute so JMeter can skip classfile scanning
2025-02-27 10:53:00,738 INFO o.a.j.JMeter: Running test (1740633780738)
2025-02-27 10:53:00,738 INFO o.a.j.e.StandardJMeterEngine: Starting setUp thread groups
2025-02-27 10:53:00,738 INFO o.a.j.e.StandardJMeterEngine: Starting setUp ThreadGroup: 1 : setUp Thread Group 
2025-02-27 10:53:00,738 INFO o.a.j.e.StandardJMeterEngine: Starting 20 threads for group setUp Thread Group.
2025-02-27 10:53:00,738 INFO o.a.j.e.StandardJMeterEngine: Thread will continue on error
2025-02-27 10:53:00,738 INFO o.a.j.t.ThreadGroup: Starting thread group... number=1 threads=20 ramp-up=10 delayedStart=false
2025-02-27 10:53:00,753 INFO o.a.j.t.JMeterThread: Thread started: setUp Thread Group 1-1
2025-02-27 10:53:00,811 INFO o.a.j.t.ThreadGroup: Started thread group number 1
2025-02-27 10:53:00,811 INFO o.a.j.e.StandardJMeterEngine: Waiting for all setup thread groups to exit
2025-02-27 10:53:01,265 INFO o.a.j.t.JMeterThread: Thread started: setUp Thread Group 1-2
2025-02-27 10:53:01,750 INFO o.a.j.t.JMeterThread: Thread started: setUp Thread Group 1-3
2025-02-27 10:53:01,894 INFO o.a.j.p.h.s.HTTPHCAbstractImpl: Local host = KOBI-MSI-PC
2025-02-27 10:53:01,900 INFO o.a.j.p.h.s.HTTPHC4Impl: HTTP request retry count = 0
2025-02-27 10:53:02,252 INFO o.a.j.t.JMeterThread: Thread started: setUp Thread Group 1-4
2025-02-27 10:53:02,756 INFO o.a.j.t.JMeterThread: Thread started: setUp Thread Group 1-5
2025-02-27 10:53:03,246 INFO o.a.j.t.JMeterThread: Thread started: setUp Thread Group 1-6
2025-02-27 10:53:03,745 INFO o.a.j.t.JMeterThread: Thread started: setUp Thread Group 1-7
2025-02-27 10:53:04,247 INFO o.a.j.t.JMeterThread: Thread started: setUp Thread Group 1-8
2025-02-27 10:53:04,743 INFO o.a.j.t.JMeterThread: Thread started: setUp Thread Group 1-9
2025-02-27 10:53:05,246 INFO o.a.j.t.JMeterThread: Thread started: setUp Thread Group 1-10
2025-02-27 10:53:05,743 INFO o.a.j.t.JMeterThread: Thread started: setUp Thread Group 1-11
2025-02-27 10:53:06,243 INFO o.a.j.t.JMeterThread: Thread started: setUp Thread Group 1-12
2025-02-27 10:53:06,744 INFO o.a.j.t.JMeterThread: Thread started: setUp Thread Group 1-13
2025-02-27 10:53:07,244 INFO o.a.j.t.JMeterThread: Thread started: setUp Thread Group 1-14
2025-02-27 10:53:07,744 INFO o.a.j.t.JMeterThread: Thread started: setUp Thread Group 1-15
2025-02-27 10:53:08,243 INFO o.a.j.t.JMeterThread: Thread started: setUp Thread Group 1-16
2025-02-27 10:53:08,742 INFO o.a.j.t.JMeterThread: Thread started: setUp Thread Group 1-17
2025-02-27 10:53:09,243 INFO o.a.j.t.JMeterThread: Thread started: setUp Thread Group 1-18
2025-02-27 10:53:09,743 INFO o.a.j.t.JMeterThread: Thread started: setUp Thread Group 1-19
2025-02-27 10:53:10,242 INFO o.a.j.t.JMeterThread: Thread started: setUp Thread Group 1-20
2025-02-27 10:54:00,596 INFO o.a.j.t.JMeterThread: Thread finished: setUp Thread Group 1-10
2025-02-27 10:54:00,626 INFO o.a.j.t.JMeterThread: Thread finished: setUp Thread Group 1-18
2025-02-27 10:54:00,641 INFO o.a.j.t.JMeterThread: Thread finished: setUp Thread Group 1-6
2025-02-27 10:54:00,656 INFO o.a.j.t.JMeterThread: Thread finished: setUp Thread Group 1-4
2025-02-27 10:54:00,671 INFO o.a.j.t.JMeterThread: Thread finished: setUp Thread Group 1-20
2025-02-27 10:54:00,671 INFO o.a.j.t.JMeterThread: Thread finished: setUp Thread Group 1-17
2025-02-27 10:54:00,671 INFO o.a.j.t.JMeterThread: Thread finished: setUp Thread Group 1-14
2025-02-27 10:54:00,671 INFO o.a.j.t.JMeterThread: Thread finished: setUp Thread Group 1-9
2025-02-27 10:54:00,671 INFO o.a.j.t.JMeterThread: Thread finished: setUp Thread Group 1-15
2025-02-27 10:54:00,671 INFO o.a.j.t.JMeterThread: Thread finished: setUp Thread Group 1-12
2025-02-27 10:54:00,671 INFO o.a.j.t.JMeterThread: Thread finished: setUp Thread Group 1-7
2025-02-27 10:54:00,686 INFO o.a.j.t.JMeterThread: Thread finished: setUp Thread Group 1-19
2025-02-27 10:54:00,701 INFO o.a.j.t.JMeterThread: Thread finished: setUp Thread Group 1-13
2025-02-27 10:54:00,731 INFO o.a.j.t.JMeterThread: Thread finished: setUp Thread Group 1-11
2025-02-27 10:54:00,746 INFO o.a.j.t.JMeterThread: Thread finished: setUp Thread Group 1-8
2025-02-27 10:54:00,776 INFO o.a.j.t.JMeterThread: Thread finished: setUp Thread Group 1-16
2025-02-27 10:54:00,806 INFO o.a.j.t.JMeterThread: Stopping because end time detected by thread: setUp Thread Group 1-3
2025-02-27 10:54:00,806 INFO o.a.j.t.JMeterThread: Thread finished: setUp Thread Group 1-3
2025-02-27 10:54:00,806 INFO o.a.j.t.JMeterThread: Stopping because end time detected by thread: setUp Thread Group 1-2
2025-02-27 10:54:00,806 INFO o.a.j.t.JMeterThread: Stopping because end time detected by thread: setUp Thread Group 1-1
2025-02-27 10:54:00,806 INFO o.a.j.t.JMeterThread: Thread finished: setUp Thread Group 1-2
2025-02-27 10:54:00,806 INFO o.a.j.t.JMeterThread: Thread finished: setUp Thread Group 1-1
2025-02-27 10:54:00,836 INFO o.a.j.t.JMeterThread: Stopping because end time detected by thread: setUp Thread Group 1-5
2025-02-27 10:54:00,836 INFO o.a.j.t.JMeterThread: Thread finished: setUp Thread Group 1-5
2025-02-27 10:54:00,836 INFO o.a.j.e.StandardJMeterEngine: All Setup Threads have ended
2025-02-27 10:54:00,881 INFO o.a.j.e.StandardJMeterEngine: Starting ThreadGroup: 1 : Thread-Gruppe
2025-02-27 10:54:00,881 INFO o.a.j.e.StandardJMeterEngine: Starting 75 threads for group Thread-Gruppe.
2025-02-27 10:54:00,881 INFO o.a.j.e.StandardJMeterEngine: Thread will continue on error
2025-02-27 10:54:00,881 INFO o.a.j.t.ThreadGroup: Starting thread group... number=1 threads=75 ramp-up=10 delayedStart=false
2025-02-27 10:54:00,896 INFO o.a.j.t.JMeterThread: Thread started: Thread-Gruppe 1-1
2025-02-27 10:54:01,006 INFO o.a.j.t.ThreadGroup: Started thread group number 1
2025-02-27 10:54:01,006 INFO o.a.j.e.StandardJMeterEngine: Starting ThreadGroup: 2 : Thread-Gruppe
2025-02-27 10:54:01,006 INFO o.a.j.e.StandardJMeterEngine: Starting 20 threads for group Thread-Gruppe.
2025-02-27 10:54:01,006 INFO o.a.j.e.StandardJMeterEngine: Thread will continue on error
2025-02-27 10:54:01,006 INFO o.a.j.t.ThreadGroup: Starting thread group... number=2 threads=20 ramp-up=10 delayedStart=false
2025-02-27 10:54:01,008 INFO o.a.j.t.JMeterThread: Thread started: Thread-Gruppe 2-1
2025-02-27 10:54:01,019 INFO o.a.j.t.JMeterThread: Thread started: Thread-Gruppe 1-2
2025-02-27 10:54:01,032 INFO o.a.j.t.ThreadGroup: Started thread group number 2
2025-02-27 10:54:01,033 INFO o.a.j.e.StandardJMeterEngine: Starting ThreadGroup: 3 : Thread-Gruppe
2025-02-27 10:54:01,033 INFO o.a.j.e.StandardJMeterEngine: Starting 5 threads for group Thread-Gruppe.
2025-02-27 10:54:01,033 INFO o.a.j.e.StandardJMeterEngine: Thread will continue on error
2025-02-27 10:54:01,033 INFO o.a.j.t.ThreadGroup: Starting thread group... number=3 threads=5 ramp-up=10 delayedStart=false
2025-02-27 10:54:01,036 INFO o.a.j.t.JMeterThread: Thread started: Thread-Gruppe 3-1
2025-02-27 10:54:01,042 INFO o.a.j.t.ThreadGroup: Started thread group number 3
2025-02-27 10:54:01,042 INFO o.a.j.e.StandardJMeterEngine: All thread groups have been started
2025-02-27 10:54:01,155 INFO o.a.j.t.JMeterThread: Thread started: Thread-Gruppe 1-3
2025-02-27 10:54:01,285 INFO o.a.j.t.JMeterThread: Thread started: Thread-Gruppe 1-4
2025-02-27 10:54:01,417 INFO o.a.j.t.JMeterThread: Thread started: Thread-Gruppe 1-5
2025-02-27 10:54:01,508 INFO o.a.j.r.Summariser: summary +      1 in 00:01:01 =    0.0/s Avg:   537 Min:   537 Max:   537 Err:     0 (0.00%) Active: 7 Started: 7 Finished: 0
2025-02-27 10:54:01,509 INFO o.a.j.t.JMeterThread: Thread started: Thread-Gruppe 2-2
2025-02-27 10:54:01,550 INFO o.a.j.t.JMeterThread: Thread started: Thread-Gruppe 1-6
2025-02-27 10:54:01,682 INFO o.a.j.t.JMeterThread: Thread started: Thread-Gruppe 1-7
2025-02-27 10:54:01,815 INFO o.a.j.t.JMeterThread: Thread started: Thread-Gruppe 1-8
2025-02-27 10:54:01,948 INFO o.a.j.t.JMeterThread: Thread started: Thread-Gruppe 1-9
2025-02-27 10:54:02,009 INFO o.a.j.t.JMeterThread: Thread started: Thread-Gruppe 2-3
2025-02-27 10:54:02,083 INFO o.a.j.t.JMeterThread: Thread started: Thread-Gruppe 1-10
2025-02-27 10:54:02,214 INFO o.a.j.t.JMeterThread: Thread started: Thread-Gruppe 1-11
2025-02-27 10:54:02,347 INFO o.a.j.t.JMeterThread: Thread started: Thread-Gruppe 1-12
2025-02-27 10:54:02,481 INFO o.a.j.t.JMeterThread: Thread started: Thread-Gruppe 1-13
2025-02-27 10:54:02,509 INFO o.a.j.t.JMeterThread: Thread started: Thread-Gruppe 2-4
2025-02-27 10:54:02,614 INFO o.a.j.t.JMeterThread: Thread started: Thread-Gruppe 1-14
2025-02-27 10:54:02,747 INFO o.a.j.t.JMeterThread: Thread started: Thread-Gruppe 1-15
2025-02-27 10:54:02,880 INFO o.a.j.t.JMeterThread: Thread started: Thread-Gruppe 1-16
2025-02-27 10:54:03,008 INFO o.a.j.t.JMeterThread: Thread started: Thread-Gruppe 2-5
2025-02-27 10:54:03,013 INFO o.a.j.t.JMeterThread: Thread started: Thread-Gruppe 1-17
2025-02-27 10:54:03,036 INFO o.a.j.t.JMeterThread: Thread started: Thread-Gruppe 3-2
2025-02-27 10:54:03,144 INFO o.a.j.t.JMeterThread: Thread started: Thread-Gruppe 1-18
2025-02-27 10:54:03,279 INFO o.a.j.t.JMeterThread: Thread started: Thread-Gruppe 1-19
2025-02-27 10:54:03,411 INFO o.a.j.t.JMeterThread: Thread started: Thread-Gruppe 1-20
2025-02-27 10:54:03,509 INFO o.a.j.t.JMeterThread: Thread started: Thread-Gruppe 2-6
2025-02-27 10:54:03,545 INFO o.a.j.t.JMeterThread: Thread started: Thread-Gruppe 1-21
2025-02-27 10:54:03,677 INFO o.a.j.t.JMeterThread: Thread started: Thread-Gruppe 1-22
2025-02-27 10:54:03,810 INFO o.a.j.t.JMeterThread: Thread started: Thread-Gruppe 1-23
2025-02-27 10:54:03,943 INFO o.a.j.t.JMeterThread: Thread started: Thread-Gruppe 1-24
2025-02-27 10:54:04,008 INFO o.a.j.t.JMeterThread: Thread started: Thread-Gruppe 2-7
2025-02-27 10:54:04,077 INFO o.a.j.t.JMeterThread: Thread started: Thread-Gruppe 1-25
2025-02-27 10:54:04,209 INFO o.a.j.t.JMeterThread: Thread started: Thread-Gruppe 1-26
2025-02-27 10:54:04,342 INFO o.a.j.t.JMeterThread: Thread started: Thread-Gruppe 1-27
2025-02-27 10:54:04,475 INFO o.a.j.t.JMeterThread: Thread started: Thread-Gruppe 1-28
2025-02-27 10:54:04,509 INFO o.a.j.t.JMeterThread: Thread started: Thread-Gruppe 2-8
2025-02-27 10:54:04,608 INFO o.a.j.t.JMeterThread: Thread started: Thread-Gruppe 1-29
2025-02-27 10:54:04,742 INFO o.a.j.t.JMeterThread: Thread started: Thread-Gruppe 1-30
2025-02-27 10:54:04,874 INFO o.a.j.t.JMeterThread: Thread started: Thread-Gruppe 1-31
2025-02-27 10:54:05,007 INFO o.a.j.t.JMeterThread: Thread started: Thread-Gruppe 1-32
2025-02-27 10:54:05,009 INFO o.a.j.t.JMeterThread: Thread started: Thread-Gruppe 2-9
2025-02-27 10:54:05,036 INFO o.a.j.t.JMeterThread: Thread started: Thread-Gruppe 3-3
2025-02-27 10:54:05,140 INFO o.a.j.t.JMeterThread: Thread started: Thread-Gruppe 1-33
2025-02-27 10:54:05,274 INFO o.a.j.t.JMeterThread: Thread started: Thread-Gruppe 1-34
2025-02-27 10:54:05,407 INFO o.a.j.t.JMeterThread: Thread started: Thread-Gruppe 1-35
2025-02-27 10:54:05,509 INFO o.a.j.t.JMeterThread: Thread started: Thread-Gruppe 2-10
2025-02-27 10:54:05,539 INFO o.a.j.t.JMeterThread: Thread started: Thread-Gruppe 1-36
2025-02-27 10:54:05,671 INFO o.a.j.t.JMeterThread: Thread started: Thread-Gruppe 1-37
2025-02-27 10:54:05,805 INFO o.a.j.t.JMeterThread: Thread started: Thread-Gruppe 1-38
2025-02-27 10:54:05,938 INFO o.a.j.t.JMeterThread: Thread started: Thread-Gruppe 1-39
2025-02-27 10:54:06,008 INFO o.a.j.t.JMeterThread: Thread started: Thread-Gruppe 2-11
2025-02-27 10:54:06,070 INFO o.a.j.t.JMeterThread: Thread started: Thread-Gruppe 1-40
2025-02-27 10:54:06,204 INFO o.a.j.t.JMeterThread: Thread started: Thread-Gruppe 1-41
2025-02-27 10:54:06,336 INFO o.a.j.t.JMeterThread: Thread started: Thread-Gruppe 1-42
2025-02-27 10:54:06,470 INFO o.a.j.t.JMeterThread: Thread started: Thread-Gruppe 1-43
2025-02-27 10:54:06,508 INFO o.a.j.t.JMeterThread: Thread started: Thread-Gruppe 2-12
2025-02-27 10:54:06,603 INFO o.a.j.t.JMeterThread: Thread started: Thread-Gruppe 1-44
2025-02-27 10:54:06,736 INFO o.a.j.t.JMeterThread: Thread started: Thread-Gruppe 1-45
2025-02-27 10:54:06,868 INFO o.a.j.t.JMeterThread: Thread started: Thread-Gruppe 1-46
2025-02-27 10:54:07,002 INFO o.a.j.t.JMeterThread: Thread started: Thread-Gruppe 1-47
2025-02-27 10:54:07,009 INFO o.a.j.t.JMeterThread: Thread started: Thread-Gruppe 2-13
2025-02-27 10:54:07,036 INFO o.a.j.t.JMeterThread: Thread started: Thread-Gruppe 3-4
2025-02-27 10:54:07,134 INFO o.a.j.t.JMeterThread: Thread started: Thread-Gruppe 1-48
2025-02-27 10:54:07,268 INFO o.a.j.t.JMeterThread: Thread started: Thread-Gruppe 1-49
2025-02-27 10:54:07,400 INFO o.a.j.t.JMeterThread: Thread started: Thread-Gruppe 1-50
2025-02-27 10:54:07,510 INFO o.a.j.t.JMeterThread: Thread started: Thread-Gruppe 2-14
2025-02-27 10:54:07,533 INFO o.a.j.t.JMeterThread: Thread started: Thread-Gruppe 1-51
2025-02-27 10:54:07,668 INFO o.a.j.t.JMeterThread: Thread started: Thread-Gruppe 1-52
2025-02-27 10:54:07,800 INFO o.a.j.t.JMeterThread: Thread started: Thread-Gruppe 1-53
2025-02-27 10:54:07,932 INFO o.a.j.t.JMeterThread: Thread started: Thread-Gruppe 1-54
2025-02-27 10:54:08,009 INFO o.a.j.t.JMeterThread: Thread started: Thread-Gruppe 2-15
2025-02-27 10:54:08,065 INFO o.a.j.t.JMeterThread: Thread started: Thread-Gruppe 1-55
2025-02-27 10:54:08,198 INFO o.a.j.t.JMeterThread: Thread started: Thread-Gruppe 1-56
2025-02-27 10:54:08,331 INFO o.a.j.t.JMeterThread: Thread started: Thread-Gruppe 1-57
2025-02-27 10:54:08,465 INFO o.a.j.t.JMeterThread: Thread started: Thread-Gruppe 1-58
2025-02-27 10:54:08,510 INFO o.a.j.t.JMeterThread: Thread started: Thread-Gruppe 2-16
2025-02-27 10:54:08,598 INFO o.a.j.t.JMeterThread: Thread started: Thread-Gruppe 1-59
2025-02-27 10:54:08,732 INFO o.a.j.t.JMeterThread: Thread started: Thread-Gruppe 1-60
2025-02-27 10:54:08,864 INFO o.a.j.t.JMeterThread: Thread started: Thread-Gruppe 1-61
2025-02-27 10:54:08,998 INFO o.a.j.t.JMeterThread: Thread started: Thread-Gruppe 1-62
2025-02-27 10:54:09,010 INFO o.a.j.t.JMeterThread: Thread started: Thread-Gruppe 2-17
2025-02-27 10:54:09,037 INFO o.a.j.t.JMeterThread: Thread started: Thread-Gruppe 3-5
2025-02-27 10:54:09,129 INFO o.a.j.t.JMeterThread: Thread started: Thread-Gruppe 1-63
2025-02-27 10:54:09,263 INFO o.a.j.t.JMeterThread: Thread started: Thread-Gruppe 1-64
2025-02-27 10:54:09,395 INFO o.a.j.t.JMeterThread: Thread started: Thread-Gruppe 1-65
2025-02-27 10:54:09,509 INFO o.a.j.t.JMeterThread: Thread started: Thread-Gruppe 2-18
2025-02-27 10:54:09,528 INFO o.a.j.t.JMeterThread: Thread started: Thread-Gruppe 1-66
2025-02-27 10:54:09,661 INFO o.a.j.t.JMeterThread: Thread started: Thread-Gruppe 1-67
2025-02-27 10:54:09,794 INFO o.a.j.t.JMeterThread: Thread started: Thread-Gruppe 1-68
2025-02-27 10:54:09,928 INFO o.a.j.t.JMeterThread: Thread started: Thread-Gruppe 1-69
2025-02-27 10:54:10,009 INFO o.a.j.t.JMeterThread: Thread started: Thread-Gruppe 2-19
2025-02-27 10:54:10,060 INFO o.a.j.t.JMeterThread: Thread started: Thread-Gruppe 1-70
2025-02-27 10:54:10,193 INFO o.a.j.t.JMeterThread: Thread started: Thread-Gruppe 1-71
2025-02-27 10:54:10,326 INFO o.a.j.t.JMeterThread: Thread started: Thread-Gruppe 1-72
2025-02-27 10:54:10,459 INFO o.a.j.t.JMeterThread: Thread started: Thread-Gruppe 1-73
2025-02-27 10:54:10,508 INFO o.a.j.t.JMeterThread: Thread started: Thread-Gruppe 2-20
2025-02-27 10:54:10,593 INFO o.a.j.t.JMeterThread: Thread started: Thread-Gruppe 1-74
2025-02-27 10:54:10,726 INFO o.a.j.t.JMeterThread: Thread started: Thread-Gruppe 1-75
2025-02-27 10:54:30,032 INFO o.a.j.r.Summariser: summary +   1873 in 00:00:29 =   65.7/s Avg:   359 Min:   244 Max:   977 Err:     0 (0.00%) Active: 100 Started: 100 Finished: 0
2025-02-27 10:54:30,033 INFO o.a.j.r.Summariser: summary =   1874 in 00:01:29 =   21.0/s Avg:   359 Min:   244 Max:   977 Err:     0 (0.00%)
2025-02-27 10:55:00,003 INFO o.a.j.r.Summariser: summary +   2288 in 00:00:30 =   76.3/s Avg:   337 Min:   243 Max:   864 Err:     0 (0.00%) Active: 100 Started: 100 Finished: 0
2025-02-27 10:55:00,004 INFO o.a.j.r.Summariser: summary =   4162 in 00:01:59 =   34.9/s Avg:   347 Min:   243 Max:   977 Err:     0 (0.00%)
2025-02-27 10:55:30,010 INFO o.a.j.r.Summariser: summary +   2296 in 00:00:30 =   76.5/s Avg:   342 Min:   242 Max:  1009 Err:     0 (0.00%) Active: 100 Started: 100 Finished: 0
2025-02-27 10:55:30,012 INFO o.a.j.r.Summariser: summary =   6458 in 00:02:29 =   43.3/s Avg:   345 Min:   242 Max:  1009 Err:     0 (0.00%)
2025-02-27 10:56:00,006 INFO o.a.j.r.Summariser: summary +   2291 in 00:00:30 =   76.4/s Avg:   330 Min:   242 Max:   817 Err:     0 (0.00%) Active: 100 Started: 100 Finished: 0
2025-02-27 10:56:00,007 INFO o.a.j.r.Summariser: summary =   8749 in 00:02:59 =   48.8/s Avg:   341 Min:   242 Max:  1009 Err:     0 (0.00%)
2025-02-27 10:56:30,015 INFO o.a.j.r.Summariser: summary +   2289 in 00:00:30 =   76.3/s Avg:   344 Min:   242 Max:  1023 Err:     0 (0.00%) Active: 100 Started: 100 Finished: 0
2025-02-27 10:56:30,018 INFO o.a.j.r.Summariser: summary =  11038 in 00:03:29 =   52.7/s Avg:   342 Min:   242 Max:  1023 Err:     0 (0.00%)
2025-02-27 10:57:00,004 INFO o.a.j.r.Summariser: summary +   2285 in 00:00:30 =   76.2/s Avg:   320 Min:   242 Max:   802 Err:     0 (0.00%) Active: 100 Started: 100 Finished: 0
2025-02-27 10:57:00,005 INFO o.a.j.r.Summariser: summary =  13323 in 00:03:59 =   55.7/s Avg:   338 Min:   242 Max:  1023 Err:     0 (0.00%)
2025-02-27 10:57:30,028 INFO o.a.j.r.Summariser: summary +   2289 in 00:00:30 =   76.2/s Avg:   357 Min:   243 Max:  1579 Err:     0 (0.00%) Active: 100 Started: 100 Finished: 0
2025-02-27 10:57:30,030 INFO o.a.j.r.Summariser: summary =  15612 in 00:04:29 =   58.0/s Avg:   341 Min:   242 Max:  1579 Err:     0 (0.00%)
2025-02-27 10:58:00,012 INFO o.a.j.r.Summariser: summary +   2286 in 00:00:30 =   76.2/s Avg:   330 Min:   245 Max:   900 Err:     0 (0.00%) Active: 100 Started: 100 Finished: 0
2025-02-27 10:58:00,013 INFO o.a.j.r.Summariser: summary =  17898 in 00:04:59 =   59.8/s Avg:   340 Min:   242 Max:  1579 Err:     0 (0.00%)
2025-02-27 10:58:30,011 INFO o.a.j.r.Summariser: summary +   2287 in 00:00:30 =   76.2/s Avg:   347 Min:   243 Max:  1087 Err:     0 (0.00%) Active: 100 Started: 100 Finished: 0
2025-02-27 10:58:30,012 INFO o.a.j.r.Summariser: summary =  20185 in 00:05:29 =   61.3/s Avg:   340 Min:   242 Max:  1579 Err:     0 (0.00%)
2025-02-27 10:59:00,035 INFO o.a.j.r.Summariser: summary +   2289 in 00:00:30 =   76.2/s Avg:   336 Min:   243 Max:   890 Err:     0 (0.00%) Active: 100 Started: 100 Finished: 0
2025-02-27 10:59:00,036 INFO o.a.j.r.Summariser: summary =  22474 in 00:05:59 =   62.5/s Avg:   340 Min:   242 Max:  1579 Err:     0 (0.00%)
2025-02-27 10:59:30,031 INFO o.a.j.r.Summariser: summary +   2292 in 00:00:30 =   76.4/s Avg:   333 Min:   243 Max:  1047 Err:     0 (0.00%) Active: 100 Started: 100 Finished: 0
2025-02-27 10:59:30,033 INFO o.a.j.r.Summariser: summary =  24766 in 00:06:29 =   63.6/s Avg:   339 Min:   242 Max:  1579 Err:     0 (0.00%)
2025-02-27 11:00:00,016 INFO o.a.j.r.Summariser: summary +   2301 in 00:00:30 =   76.7/s Avg:   326 Min:   244 Max:   814 Err:     0 (0.00%) Active: 100 Started: 100 Finished: 0
2025-02-27 11:00:00,017 INFO o.a.j.r.Summariser: summary =  27067 in 00:06:59 =   64.6/s Avg:   338 Min:   242 Max:  1579 Err:     0 (0.00%)
2025-02-27 11:00:30,011 INFO o.a.j.r.Summariser: summary +   2282 in 00:00:30 =   76.1/s Avg:   348 Min:   243 Max:  1062 Err:     0 (0.00%) Active: 100 Started: 100 Finished: 0
2025-02-27 11:00:30,013 INFO o.a.j.r.Summariser: summary =  29349 in 00:07:29 =   65.3/s Avg:   339 Min:   242 Max:  1579 Err:     0 (0.00%)
2025-02-27 11:01:00,033 INFO o.a.j.r.Summariser: summary +   2287 in 00:00:30 =   76.2/s Avg:   336 Min:   243 Max:   920 Err:     0 (0.00%) Active: 100 Started: 100 Finished: 0
2025-02-27 11:01:00,033 INFO o.a.j.r.Summariser: summary =  31636 in 00:07:59 =   66.0/s Avg:   339 Min:   242 Max:  1579 Err:     0 (0.00%)
2025-02-27 11:01:30,012 INFO o.a.j.r.Summariser: summary +   2283 in 00:00:30 =   76.2/s Avg:   363 Min:   243 Max:  2008 Err:     0 (0.00%) Active: 100 Started: 100 Finished: 0
2025-02-27 11:01:30,012 INFO o.a.j.r.Summariser: summary =  33919 in 00:08:29 =   66.6/s Avg:   341 Min:   242 Max:  2008 Err:     0 (0.00%)
2025-02-27 11:02:00,012 INFO o.a.j.r.Summariser: summary +   2295 in 00:00:30 =   76.5/s Avg:   322 Min:   242 Max:   886 Err:     0 (0.00%) Active: 100 Started: 100 Finished: 0
2025-02-27 11:02:00,013 INFO o.a.j.r.Summariser: summary =  36214 in 00:08:59 =   67.2/s Avg:   339 Min:   242 Max:  2008 Err:     0 (0.00%)
2025-02-27 11:02:30,003 INFO o.a.j.r.Summariser: summary +   2291 in 00:00:30 =   76.4/s Avg:   359 Min:   243 Max:  1110 Err:     0 (0.00%) Active: 100 Started: 100 Finished: 0
2025-02-27 11:02:30,004 INFO o.a.j.r.Summariser: summary =  38505 in 00:09:29 =   67.6/s Avg:   341 Min:   242 Max:  2008 Err:     0 (0.00%)
2025-02-27 11:03:00,002 INFO o.a.j.r.Summariser: summary +   2278 in 00:00:30 =   75.9/s Avg:   337 Min:   250 Max:  1021 Err:     0 (0.00%) Active: 100 Started: 100 Finished: 0
2025-02-27 11:03:00,003 INFO o.a.j.r.Summariser: summary =  40783 in 00:09:59 =   68.1/s Avg:   340 Min:   242 Max:  2008 Err:     0 (0.00%)
2025-02-27 11:03:30,004 INFO o.a.j.r.Summariser: summary +   2279 in 00:00:30 =   76.0/s Avg:   352 Min:   248 Max:  1096 Err:     0 (0.00%) Active: 100 Started: 100 Finished: 0
2025-02-27 11:03:30,006 INFO o.a.j.r.Summariser: summary =  43062 in 00:10:29 =   68.4/s Avg:   341 Min:   242 Max:  2008 Err:     0 (0.00%)
2025-02-27 11:03:59,214 INFO o.a.j.t.JMeterThread: Thread finished: Thread-Gruppe 1-1
2025-02-27 11:03:59,257 INFO o.a.j.t.JMeterThread: Thread finished: Thread-Gruppe 1-62
2025-02-27 11:03:59,258 INFO o.a.j.t.JMeterThread: Thread finished: Thread-Gruppe 1-47
2025-02-27 11:03:59,272 INFO o.a.j.t.JMeterThread: Thread finished: Thread-Gruppe 1-17
2025-02-27 11:03:59,276 INFO o.a.j.t.JMeterThread: Thread finished: Thread-Gruppe 1-2
2025-02-27 11:03:59,383 INFO o.a.j.t.JMeterThread: Thread finished: Thread-Gruppe 1-63
2025-02-27 11:03:59,387 INFO o.a.j.t.JMeterThread: Thread finished: Thread-Gruppe 1-48
2025-02-27 11:03:59,399 INFO o.a.j.t.JMeterThread: Thread finished: Thread-Gruppe 1-18
2025-02-27 11:03:59,410 INFO o.a.j.t.JMeterThread: Thread finished: Thread-Gruppe 1-3
2025-02-27 11:03:59,517 INFO o.a.j.t.JMeterThread: Thread finished: Thread-Gruppe 1-64
2025-02-27 11:03:59,522 INFO o.a.j.t.JMeterThread: Thread finished: Thread-Gruppe 1-49
2025-02-27 11:03:59,534 INFO o.a.j.t.JMeterThread: Thread finished: Thread-Gruppe 1-19
2025-02-27 11:03:59,539 INFO o.a.j.t.JMeterThread: Thread finished: Thread-Gruppe 1-4
2025-02-27 11:03:59,651 INFO o.a.j.t.JMeterThread: Thread finished: Thread-Gruppe 1-65
2025-02-27 11:03:59,654 INFO o.a.j.t.JMeterThread: Thread finished: Thread-Gruppe 1-50
2025-02-27 11:03:59,670 INFO o.a.j.t.JMeterThread: Thread finished: Thread-Gruppe 1-20
2025-02-27 11:03:59,681 INFO o.a.j.t.JMeterThread: Thread finished: Thread-Gruppe 1-5
2025-02-27 11:03:59,765 INFO o.a.j.t.JMeterThread: Thread finished: Thread-Gruppe 1-32
2025-02-27 11:03:59,783 INFO o.a.j.t.JMeterThread: Thread finished: Thread-Gruppe 1-66
2025-02-27 11:03:59,789 INFO o.a.j.t.JMeterThread: Thread finished: Thread-Gruppe 1-51
2025-02-27 11:03:59,799 INFO o.a.j.t.JMeterThread: Thread finished: Thread-Gruppe 1-21
2025-02-27 11:03:59,803 INFO o.a.j.t.JMeterThread: Thread finished: Thread-Gruppe 1-6
2025-02-27 11:03:59,898 INFO o.a.j.t.JMeterThread: Thread finished: Thread-Gruppe 1-33
2025-02-27 11:03:59,917 INFO o.a.j.t.JMeterThread: Thread finished: Thread-Gruppe 1-67
2025-02-27 11:03:59,922 INFO o.a.j.t.JMeterThread: Thread finished: Thread-Gruppe 1-52
2025-02-27 11:03:59,933 INFO o.a.j.t.JMeterThread: Thread finished: Thread-Gruppe 1-22
2025-02-27 11:03:59,941 INFO o.a.j.t.JMeterThread: Thread finished: Thread-Gruppe 1-7
2025-02-27 11:04:00,000 INFO o.a.j.r.Summariser: summary +   2287 in 00:00:30 =   76.2/s Avg:   338 Min:   244 Max:  1034 Err:     0 (0.00%) Active: 73 Started: 100 Finished: 27
2025-02-27 11:04:00,002 INFO o.a.j.r.Summariser: summary =  45349 in 00:10:59 =   68.8/s Avg:   341 Min:   242 Max:  2008 Err:     0 (0.00%)
2025-02-27 11:04:00,028 INFO o.a.j.t.JMeterThread: Thread finished: Thread-Gruppe 1-34
2025-02-27 11:04:00,049 INFO o.a.j.t.JMeterThread: Thread finished: Thread-Gruppe 1-68
2025-02-27 11:04:00,055 INFO o.a.j.t.JMeterThread: Thread finished: Thread-Gruppe 1-53
2025-02-27 11:04:00,068 INFO o.a.j.t.JMeterThread: Thread finished: Thread-Gruppe 1-23
2025-02-27 11:04:00,075 INFO o.a.j.t.JMeterThread: Thread finished: Thread-Gruppe 1-8
2025-02-27 11:04:00,180 INFO o.a.j.t.JMeterThread: Thread finished: Thread-Gruppe 1-35
2025-02-27 11:04:00,181 INFO o.a.j.t.JMeterThread: Thread finished: Thread-Gruppe 1-69
2025-02-27 11:04:00,189 INFO o.a.j.t.JMeterThread: Thread finished: Thread-Gruppe 1-54
2025-02-27 11:04:00,198 INFO o.a.j.t.JMeterThread: Thread finished: Thread-Gruppe 1-9
2025-02-27 11:04:00,200 INFO o.a.j.t.JMeterThread: Thread finished: Thread-Gruppe 1-24
2025-02-27 11:04:00,308 INFO o.a.j.t.JMeterThread: Thread finished: Thread-Gruppe 1-36
2025-02-27 11:04:00,318 INFO o.a.j.t.JMeterThread: Thread finished: Thread-Gruppe 1-70
2025-02-27 11:04:00,335 INFO o.a.j.t.JMeterThread: Thread finished: Thread-Gruppe 1-55
2025-02-27 11:04:00,336 INFO o.a.j.t.JMeterThread: Thread finished: Thread-Gruppe 1-25
2025-02-27 11:04:00,343 INFO o.a.j.t.JMeterThread: Thread finished: Thread-Gruppe 1-10
2025-02-27 11:04:00,433 INFO o.a.j.t.JMeterThread: Thread finished: Thread-Gruppe 1-37
2025-02-27 11:04:00,449 INFO o.a.j.t.JMeterThread: Thread finished: Thread-Gruppe 1-71
2025-02-27 11:04:00,451 INFO o.a.j.t.JMeterThread: Thread finished: Thread-Gruppe 1-56
2025-02-27 11:04:00,461 INFO o.a.j.t.JMeterThread: Thread finished: Thread-Gruppe 1-26
2025-02-27 11:04:00,468 INFO o.a.j.t.JMeterThread: Thread finished: Thread-Gruppe 1-11
2025-02-27 11:04:00,582 INFO o.a.j.t.JMeterThread: Thread finished: Thread-Gruppe 1-57
2025-02-27 11:04:00,584 INFO o.a.j.t.JMeterThread: Thread finished: Thread-Gruppe 1-38
2025-02-27 11:04:00,586 INFO o.a.j.t.JMeterThread: Thread finished: Thread-Gruppe 1-72
2025-02-27 11:04:00,596 INFO o.a.j.t.JMeterThread: Thread finished: Thread-Gruppe 1-27
2025-02-27 11:04:00,600 INFO o.a.j.t.JMeterThread: Thread finished: Thread-Gruppe 1-12
2025-02-27 11:04:00,628 INFO o.a.j.t.JMeterThread: Thread finished: Thread-Gruppe 2-16
2025-02-27 11:04:00,685 INFO o.a.j.t.JMeterThread: Thread finished: Thread-Gruppe 2-8
2025-02-27 11:04:00,695 INFO o.a.j.t.JMeterThread: Thread finished: Thread-Gruppe 1-39
2025-02-27 11:04:00,702 INFO o.a.j.t.JMeterThread: Thread finished: Thread-Gruppe 2-5
2025-02-27 11:04:00,703 INFO o.a.j.t.JMeterThread: Thread finished: Thread-Gruppe 2-17
2025-02-27 11:04:00,713 INFO o.a.j.t.JMeterThread: Thread finished: Thread-Gruppe 1-73
2025-02-27 11:04:00,718 INFO o.a.j.t.JMeterThread: Thread finished: Thread-Gruppe 1-58
2025-02-27 11:04:00,729 INFO o.a.j.t.JMeterThread: Thread finished: Thread-Gruppe 1-28
2025-02-27 11:04:00,735 INFO o.a.j.t.JMeterThread: Thread finished: Thread-Gruppe 1-13
2025-02-27 11:04:00,818 INFO o.a.j.t.JMeterThread: Thread finished: Thread-Gruppe 3-3
2025-02-27 11:04:00,827 INFO o.a.j.t.JMeterThread: Thread finished: Thread-Gruppe 2-9
2025-02-27 11:04:00,835 INFO o.a.j.t.JMeterThread: Thread finished: Thread-Gruppe 1-40
2025-02-27 11:04:00,848 INFO o.a.j.t.JMeterThread: Thread finished: Thread-Gruppe 1-74
2025-02-27 11:04:00,849 INFO o.a.j.t.JMeterThread: Thread finished: Thread-Gruppe 2-2
2025-02-27 11:04:00,852 INFO o.a.j.t.JMeterThread: Thread finished: Thread-Gruppe 1-59
2025-02-27 11:04:00,864 INFO o.a.j.t.JMeterThread: Thread finished: Thread-Gruppe 1-29
2025-02-27 11:04:00,867 INFO o.a.j.t.JMeterThread: Thread finished: Thread-Gruppe 2-4
2025-02-27 11:04:00,867 INFO o.a.j.t.JMeterThread: Thread finished: Thread-Gruppe 1-14
2025-02-27 11:04:00,914 INFO o.a.j.t.JMeterThread: Thread finished: Thread-Gruppe 2-14
2025-02-27 11:04:00,933 INFO o.a.j.t.JMeterThread: Thread finished: Thread-Gruppe 2-18
2025-02-27 11:04:00,958 INFO o.a.j.t.JMeterThread: Thread finished: Thread-Gruppe 1-41
2025-02-27 11:04:00,984 INFO o.a.j.t.JMeterThread: Thread finished: Thread-Gruppe 1-75
2025-02-27 11:04:00,986 INFO o.a.j.t.JMeterThread: Thread finished: Thread-Gruppe 1-60
2025-02-27 11:04:01,004 INFO o.a.j.t.JMeterThread: Stopping because end time detected by thread: Thread-Gruppe 1-30
2025-02-27 11:04:01,004 INFO o.a.j.t.JMeterThread: Stopping because end time detected by thread: Thread-Gruppe 1-15
2025-02-27 11:04:01,004 INFO o.a.j.t.JMeterThread: Thread finished: Thread-Gruppe 1-30
2025-02-27 11:04:01,004 INFO o.a.j.t.JMeterThread: Thread finished: Thread-Gruppe 1-15
2025-02-27 11:04:01,004 INFO o.a.j.t.JMeterThread: Thread finished: Thread-Gruppe 2-7
2025-02-27 11:04:01,049 INFO o.a.j.t.JMeterThread: Stopping because end time detected by thread: Thread-Gruppe 2-13
2025-02-27 11:04:01,049 INFO o.a.j.t.JMeterThread: Thread finished: Thread-Gruppe 2-13
2025-02-27 11:04:01,079 INFO o.a.j.t.JMeterThread: Stopping because end time detected by thread: Thread-Gruppe 1-42
2025-02-27 11:04:01,079 INFO o.a.j.t.JMeterThread: Thread finished: Thread-Gruppe 1-42
2025-02-27 11:04:01,109 INFO o.a.j.t.JMeterThread: Stopping because end time detected by thread: Thread-Gruppe 1-61
2025-02-27 11:04:01,109 INFO o.a.j.t.JMeterThread: Thread finished: Thread-Gruppe 1-61
2025-02-27 11:04:01,124 INFO o.a.j.t.JMeterThread: Stopping because end time detected by thread: Thread-Gruppe 1-31
2025-02-27 11:04:01,124 INFO o.a.j.t.JMeterThread: Thread finished: Thread-Gruppe 1-31
2025-02-27 11:04:01,124 INFO o.a.j.t.JMeterThread: Stopping because end time detected by thread: Thread-Gruppe 2-19
2025-02-27 11:04:01,124 INFO o.a.j.t.JMeterThread: Stopping because end time detected by thread: Thread-Gruppe 1-16
2025-02-27 11:04:01,124 INFO o.a.j.t.JMeterThread: Thread finished: Thread-Gruppe 2-19
2025-02-27 11:04:01,124 INFO o.a.j.t.JMeterThread: Thread finished: Thread-Gruppe 1-16
2025-02-27 11:04:01,124 INFO o.a.j.t.JMeterThread: Stopping because end time detected by thread: Thread-Gruppe 2-11
2025-02-27 11:04:01,124 INFO o.a.j.t.JMeterThread: Stopping because end time detected by thread: Thread-Gruppe 2-10
2025-02-27 11:04:01,124 INFO o.a.j.t.JMeterThread: Thread finished: Thread-Gruppe 2-10
2025-02-27 11:04:01,139 INFO o.a.j.t.JMeterThread: Thread finished: Thread-Gruppe 2-11
2025-02-27 11:04:01,139 INFO o.a.j.t.JMeterThread: Stopping because end time detected by thread: Thread-Gruppe 2-3
2025-02-27 11:04:01,139 INFO o.a.j.t.JMeterThread: Thread finished: Thread-Gruppe 2-3
2025-02-27 11:04:01,154 INFO o.a.j.t.JMeterThread: Stopping because end time detected by thread: Thread-Gruppe 3-4
2025-02-27 11:04:01,154 INFO o.a.j.t.JMeterThread: Thread finished: Thread-Gruppe 3-4
2025-02-27 11:04:01,154 INFO o.a.j.t.JMeterThread: Stopping because end time detected by thread: Thread-Gruppe 2-6
2025-02-27 11:04:01,154 INFO o.a.j.t.JMeterThread: Thread finished: Thread-Gruppe 2-6
2025-02-27 11:04:01,184 INFO o.a.j.t.JMeterThread: Stopping because end time detected by thread: Thread-Gruppe 3-1
2025-02-27 11:04:01,184 INFO o.a.j.t.JMeterThread: Thread finished: Thread-Gruppe 3-1
2025-02-27 11:04:01,199 INFO o.a.j.t.JMeterThread: Stopping because end time detected by thread: Thread-Gruppe 3-2
2025-02-27 11:04:01,199 INFO o.a.j.t.JMeterThread: Thread finished: Thread-Gruppe 3-2
2025-02-27 11:04:01,214 INFO o.a.j.t.JMeterThread: Stopping because end time detected by thread: Thread-Gruppe 1-43
2025-02-27 11:04:01,214 INFO o.a.j.t.JMeterThread: Thread finished: Thread-Gruppe 1-43
2025-02-27 11:04:01,229 INFO o.a.j.t.JMeterThread: Stopping because end time detected by thread: Thread-Gruppe 2-20
2025-02-27 11:04:01,229 INFO o.a.j.t.JMeterThread: Thread finished: Thread-Gruppe 2-20
2025-02-27 11:04:01,244 INFO o.a.j.t.JMeterThread: Stopping because end time detected by thread: Thread-Gruppe 2-1
2025-02-27 11:04:01,244 INFO o.a.j.t.JMeterThread: Thread finished: Thread-Gruppe 2-1
2025-02-27 11:04:01,349 INFO o.a.j.t.JMeterThread: Stopping because end time detected by thread: Thread-Gruppe 2-15
2025-02-27 11:04:01,349 INFO o.a.j.t.JMeterThread: Stopping because end time detected by thread: Thread-Gruppe 1-44
2025-02-27 11:04:01,349 INFO o.a.j.t.JMeterThread: Thread finished: Thread-Gruppe 1-44
2025-02-27 11:04:01,349 INFO o.a.j.t.JMeterThread: Thread finished: Thread-Gruppe 2-15
2025-02-27 11:04:01,469 INFO o.a.j.t.JMeterThread: Stopping because end time detected by thread: Thread-Gruppe 2-12
2025-02-27 11:04:01,469 INFO o.a.j.t.JMeterThread: Thread finished: Thread-Gruppe 2-12
2025-02-27 11:04:01,484 INFO o.a.j.t.JMeterThread: Stopping because end time detected by thread: Thread-Gruppe 1-45
2025-02-27 11:04:01,484 INFO o.a.j.t.JMeterThread: Thread finished: Thread-Gruppe 1-45
2025-02-27 11:04:01,619 INFO o.a.j.t.JMeterThread: Stopping because end time detected by thread: Thread-Gruppe 3-5
2025-02-27 11:04:01,619 INFO o.a.j.t.JMeterThread: Thread finished: Thread-Gruppe 3-5
2025-02-27 11:04:01,619 INFO o.a.j.t.JMeterThread: Stopping because end time detected by thread: Thread-Gruppe 1-46
2025-02-27 11:04:01,619 INFO o.a.j.t.JMeterThread: Thread finished: Thread-Gruppe 1-46
2025-02-27 11:04:01,619 INFO o.a.j.e.StandardJMeterEngine: Notifying test listeners of end of test
2025-02-27 11:04:01,619 INFO o.a.j.r.Summariser: summary +    101 in 00:00:02 =   62.4/s Avg:   363 Min:   248 Max:   778 Err:     0 (0.00%) Active: 0 Started: 100 Finished: 100
2025-02-27 11:04:01,619 INFO o.a.j.r.Summariser: summary =  45450 in 00:11:01 =   68.8/s Avg:   341 Min:   242 Max:  2008 Err:     0 (0.00%)
