2025-02-28 15:02:41,704 INFO o.a.j.u.JMeterUtils: Setting Locale to en_EN
2025-02-28 15:02:41,723 INFO o.a.j.JMeter: Loading user properties from: C:\Users\ASUS\Desktop\apache-jmeter-5.6.3\apache-jmeter-5.6.3\bin\user.properties
2025-02-28 15:02:41,723 INFO o.a.j.JMeter: Loading system properties from: C:\Users\ASUS\Desktop\apache-jmeter-5.6.3\apache-jmeter-5.6.3\bin\system.properties
2025-02-28 15:02:41,723 INFO o.a.j.JMeter: Setting JMeter property: lb_1_hostname=35.223.3.236
2025-02-28 15:02:41,723 INFO o.a.j.JMeter: Setting JMeter property: lb_2_hostname=34.56.2.152
2025-02-28 15:02:41,723 INFO o.a.j.JMeter: Setting JMeter property: lb_1_port=8090
2025-02-28 15:02:41,723 INFO o.a.j.JMeter: Setting JMeter property: lb_2_port=8091
2025-02-28 15:02:41,743 INFO o.a.j.JMeter: Setting JMeter property: warm_up_users=20
2025-02-28 15:02:41,743 INFO o.a.j.JMeter: Setting JMeter property: warm_up_time=60
2025-02-28 15:02:41,743 INFO o.a.j.JMeter: Setting JMeter property: test_run_time=600
2025-02-28 15:02:41,743 INFO o.a.j.JMeter: Setting JMeter property: group_1=75
2025-02-28 15:02:41,743 INFO o.a.j.JMeter: Setting JMeter property: group_2=20
2025-02-28 15:02:41,743 INFO o.a.j.JMeter: Setting JMeter property: group_3=5
2025-02-28 15:02:41,743 INFO o.a.j.JMeter: Setting JMeter property: group_1_request_rate=30
2025-02-28 15:02:41,743 INFO o.a.j.JMeter: Setting JMeter property: group_2_request_rate=90
2025-02-28 15:02:41,743 INFO o.a.j.JMeter: Setting JMeter property: group_3_request_rate=120
2025-02-28 15:02:41,743 INFO o.a.j.JMeter: Setting JMeter property: ramp_up=10
2025-02-28 15:02:41,743 INFO o.a.j.JMeter: Setting JMeter property: log_file=c:\\Users\\ASUS\\Desktop\\Repos\\rate-limiter-nginx\\jmeter\\cloud\\logs\\token_bucket\\performance\\2025_28_02_15_02\\warm_up_results.csv
2025-02-28 15:02:41,751 INFO o.a.j.JMeter: Copyright (c) 1998-2024 The Apache Software Foundation
2025-02-28 15:02:41,751 INFO o.a.j.JMeter: Version 5.6.3
2025-02-28 15:02:41,751 INFO o.a.j.JMeter: java.version=17.0.9
2025-02-28 15:02:41,751 INFO o.a.j.JMeter: java.vm.name=Java HotSpot(TM) 64-Bit Server VM
2025-02-28 15:02:41,754 INFO o.a.j.JMeter: os.name=Windows 11
2025-02-28 15:02:41,754 INFO o.a.j.JMeter: os.arch=amd64
2025-02-28 15:02:41,754 INFO o.a.j.JMeter: os.version=10.0
2025-02-28 15:02:41,754 INFO o.a.j.JMeter: file.encoding=Cp1252
2025-02-28 15:02:41,754 INFO o.a.j.JMeter: java.awt.headless=true
2025-02-28 15:02:41,754 INFO o.a.j.JMeter: Max memory     =1073741824
2025-02-28 15:02:41,754 INFO o.a.j.JMeter: Available Processors =12
2025-02-28 15:02:41,756 INFO o.a.j.JMeter: Default Locale=English (EN)
2025-02-28 15:02:41,756 INFO o.a.j.JMeter: JMeter  Locale=English (EN)
2025-02-28 15:02:41,756 INFO o.a.j.JMeter: JMeterHome=C:\Users\ASUS\Desktop\apache-jmeter-5.6.3\apache-jmeter-5.6.3
2025-02-28 15:02:41,756 INFO o.a.j.JMeter: user.dir  =c:\Users\ASUS\Desktop\Repos\rate-limiter-nginx\jmeter\cloud
2025-02-28 15:02:41,756 INFO o.a.j.JMeter: PWD       =C:\Users\ASUS\Desktop\Repos\rate-limiter-nginx\jmeter\cloud
2025-02-28 15:02:41,778 INFO o.a.j.JMeter: IP: 192.168.1.45 Name: THIVA FullName: THIVA
2025-02-28 15:02:41,788 INFO o.a.j.s.FileServer: Default base='c:\Users\ASUS\Desktop\Repos\rate-limiter-nginx\jmeter\cloud'
2025-02-28 15:02:41,788 INFO o.a.j.s.FileServer: Set new base='c:\Users\ASUS\Desktop\Repos\rate-limiter-nginx\jmeter\cloud'
2025-02-28 15:02:42,036 INFO o.a.j.s.SaveService: Testplan (JMX) version: 2.2. Testlog (JTL) version: 2.2
2025-02-28 15:02:42,074 INFO o.a.j.s.SaveService: Using SaveService properties version 5.0
2025-02-28 15:02:42,074 INFO o.a.j.s.SaveService: Using SaveService properties file encoding UTF-8
2025-02-28 15:02:42,074 INFO o.a.j.s.SaveService: Loading file: teastore_performance.jmx
2025-02-28 15:02:42,144 INFO o.a.j.p.h.c.CookieManager: Settings: Delete null: true Check: true Allow variable: true Save: false Prefix: COOKIE_
2025-02-28 15:02:42,190 INFO o.a.j.p.h.s.HTTPSamplerBase: Parser for text/html is org.apache.jmeter.protocol.http.parser.LagartoBasedHtmlParser
2025-02-28 15:02:42,191 INFO o.a.j.p.h.s.HTTPSamplerBase: Parser for application/xhtml+xml is org.apache.jmeter.protocol.http.parser.LagartoBasedHtmlParser
2025-02-28 15:02:42,191 INFO o.a.j.p.h.s.HTTPSamplerBase: Parser for application/xml is org.apache.jmeter.protocol.http.parser.LagartoBasedHtmlParser
2025-02-28 15:02:42,191 INFO o.a.j.p.h.s.HTTPSamplerBase: Parser for text/xml is org.apache.jmeter.protocol.http.parser.LagartoBasedHtmlParser
2025-02-28 15:02:42,191 INFO o.a.j.p.h.s.HTTPSamplerBase: Parser for text/vnd.wap.wml is org.apache.jmeter.protocol.http.parser.RegexpHTMLParser
2025-02-28 15:02:42,191 INFO o.a.j.p.h.s.HTTPSamplerBase: Parser for text/css is org.apache.jmeter.protocol.http.parser.CssParser
2025-02-28 15:02:42,341 INFO o.a.j.JMeter: Creating summariser <summary>
2025-02-28 15:02:42,360 INFO o.a.j.e.StandardJMeterEngine: Running the test!
2025-02-28 15:02:42,360 INFO o.a.j.s.SampleEvent: List of sample_variables: []
2025-02-28 15:02:42,360 INFO o.a.j.s.SampleEvent: List of sample_variables: []
2025-02-28 15:02:42,370 INFO o.a.j.e.u.CompoundVariable: Note: Function class names must contain the string: '.functions.'
2025-02-28 15:02:42,370 INFO o.a.j.e.u.CompoundVariable: Note: Function class names must not contain the string: '.gui.'
2025-02-28 15:02:42,445 INFO o.a.j.r.ClassFinder: Will scan jar C:\Users\ASUS\Desktop\apache-jmeter-5.6.3\apache-jmeter-5.6.3\lib\ext\jmeter-plugins-casutg-2.10.jar with filter ExtendsClassFilter [parents=[interface org.apache.jmeter.functions.Function], inner=false, contains=null, notContains=null]. Consider exposing JMeter plugins via META-INF/services, and add JMeter-Skip-Class-Scanning=true manifest attribute so JMeter can skip classfile scanning
2025-02-28 15:02:42,456 INFO o.a.j.r.ClassFinder: Will scan jar C:\Users\ASUS\Desktop\apache-jmeter-5.6.3\apache-jmeter-5.6.3\lib\ext\jmeter-plugins-graphs-vs-2.0.jar with filter ExtendsClassFilter [parents=[interface org.apache.jmeter.functions.Function], inner=false, contains=null, notContains=null]. Consider exposing JMeter plugins via META-INF/services, and add JMeter-Skip-Class-Scanning=true manifest attribute so JMeter can skip classfile scanning
2025-02-28 15:02:42,460 INFO o.a.j.r.ClassFinder: Will scan jar C:\Users\ASUS\Desktop\apache-jmeter-5.6.3\apache-jmeter-5.6.3\lib\ext\jmeter-plugins-manager-1.9.jar with filter ExtendsClassFilter [parents=[interface org.apache.jmeter.functions.Function], inner=false, contains=null, notContains=null]. Consider exposing JMeter plugins via META-INF/services, and add JMeter-Skip-Class-Scanning=true manifest attribute so JMeter can skip classfile scanning
2025-02-28 15:02:42,532 INFO o.a.j.r.ClassFinder: Will scan jar C:\Users\ASUS\Desktop\apache-jmeter-5.6.3\apache-jmeter-5.6.3\lib\ext\jmeter-plugins-graphs-basic-2.0.jar with filter ExtendsClassFilter [parents=[interface org.apache.jmeter.functions.Function], inner=false, contains=null, notContains=null]. Consider exposing JMeter plugins via META-INF/services, and add JMeter-Skip-Class-Scanning=true manifest attribute so JMeter can skip classfile scanning
2025-02-28 15:02:42,533 INFO o.a.j.r.ClassFinder: Will scan jar C:\Users\ASUS\Desktop\apache-jmeter-5.6.3\apache-jmeter-5.6.3\lib\ext\jmeter-plugins-manager-0.20.jar with filter ExtendsClassFilter [parents=[interface org.apache.jmeter.functions.Function], inner=false, contains=null, notContains=null]. Consider exposing JMeter plugins via META-INF/services, and add JMeter-Skip-Class-Scanning=true manifest attribute so JMeter can skip classfile scanning
2025-02-28 15:02:42,540 INFO o.a.j.r.ClassFinder: Will scan jar C:\Users\ASUS\Desktop\apache-jmeter-5.6.3\apache-jmeter-5.6.3\lib\ext\jmeter-plugins-tst-2.6.jar with filter ExtendsClassFilter [parents=[interface org.apache.jmeter.functions.Function], inner=false, contains=null, notContains=null]. Consider exposing JMeter plugins via META-INF/services, and add JMeter-Skip-Class-Scanning=true manifest attribute so JMeter can skip classfile scanning
2025-02-28 15:02:42,545 INFO o.a.j.r.ClassFinder: Will scan jar C:\Users\ASUS\Desktop\apache-jmeter-5.6.3\apache-jmeter-5.6.3\lib\ext\jmeter-parallel-0.12.jar with filter ExtendsClassFilter [parents=[interface org.apache.jmeter.functions.Function], inner=false, contains=null, notContains=null]. Consider exposing JMeter plugins via META-INF/services, and add JMeter-Skip-Class-Scanning=true manifest attribute so JMeter can skip classfile scanning
2025-02-28 15:02:42,874 INFO o.a.j.JMeter: Running test (1740735162874)
2025-02-28 15:02:42,875 INFO o.a.j.e.StandardJMeterEngine: Starting setUp thread groups
2025-02-28 15:02:42,875 INFO o.a.j.e.StandardJMeterEngine: Starting setUp ThreadGroup: 1 : setUp Thread Group 
2025-02-28 15:02:42,875 INFO o.a.j.e.StandardJMeterEngine: Starting 20 threads for group setUp Thread Group.
2025-02-28 15:02:42,875 INFO o.a.j.e.StandardJMeterEngine: Thread will continue on error
2025-02-28 15:02:42,876 INFO o.a.j.t.ThreadGroup: Starting thread group... number=1 threads=20 ramp-up=10 delayedStart=false
2025-02-28 15:02:42,887 INFO o.a.j.t.JMeterThread: Thread started: setUp Thread Group 1-1
2025-02-28 15:02:42,926 INFO o.a.j.t.ThreadGroup: Started thread group number 1
2025-02-28 15:02:42,926 INFO o.a.j.e.StandardJMeterEngine: Waiting for all setup thread groups to exit
2025-02-28 15:02:43,385 INFO o.a.j.t.JMeterThread: Thread started: setUp Thread Group 1-2
2025-02-28 15:02:43,779 INFO o.a.j.p.h.s.HTTPHCAbstractImpl: Local host = THIVA
2025-02-28 15:02:43,788 INFO o.a.j.p.h.s.HTTPHC4Impl: HTTP request retry count = 0
2025-02-28 15:02:43,790 INFO o.a.j.s.SampleResult: Note: Sample TimeStamps are START times
2025-02-28 15:02:43,790 INFO o.a.j.s.SampleResult: sampleresult.default.encoding is set to UTF-8
2025-02-28 15:02:43,790 INFO o.a.j.s.SampleResult: sampleresult.useNanoTime=true
2025-02-28 15:02:43,790 INFO o.a.j.s.SampleResult: sampleresult.nanoThreadSleep=5000
2025-02-28 15:02:43,884 INFO o.a.j.t.JMeterThread: Thread started: setUp Thread Group 1-3
2025-02-28 15:02:44,384 INFO o.a.j.t.JMeterThread: Thread started: setUp Thread Group 1-4
2025-02-28 15:02:44,881 INFO o.a.j.t.JMeterThread: Thread started: setUp Thread Group 1-5
2025-02-28 15:02:45,382 INFO o.a.j.t.JMeterThread: Thread started: setUp Thread Group 1-6
2025-02-28 15:02:45,883 INFO o.a.j.t.JMeterThread: Thread started: setUp Thread Group 1-7
2025-02-28 15:02:46,384 INFO o.a.j.t.JMeterThread: Thread started: setUp Thread Group 1-8
2025-02-28 15:02:46,881 INFO o.a.j.t.JMeterThread: Thread started: setUp Thread Group 1-9
2025-02-28 15:02:47,384 INFO o.a.j.t.JMeterThread: Thread started: setUp Thread Group 1-10
2025-02-28 15:02:47,882 INFO o.a.j.t.JMeterThread: Thread started: setUp Thread Group 1-11
2025-02-28 15:02:48,383 INFO o.a.j.t.JMeterThread: Thread started: setUp Thread Group 1-12
2025-02-28 15:02:48,882 INFO o.a.j.t.JMeterThread: Thread started: setUp Thread Group 1-13
2025-02-28 15:02:49,382 INFO o.a.j.t.JMeterThread: Thread started: setUp Thread Group 1-14
2025-02-28 15:02:49,879 INFO o.a.j.t.JMeterThread: Thread started: setUp Thread Group 1-15
2025-02-28 15:02:50,380 INFO o.a.j.t.JMeterThread: Thread started: setUp Thread Group 1-16
2025-02-28 15:02:50,882 INFO o.a.j.t.JMeterThread: Thread started: setUp Thread Group 1-17
2025-02-28 15:02:51,380 INFO o.a.j.t.JMeterThread: Thread started: setUp Thread Group 1-18
2025-02-28 15:02:51,890 INFO o.a.j.t.JMeterThread: Thread started: setUp Thread Group 1-19
2025-02-28 15:02:52,378 INFO o.a.j.t.JMeterThread: Thread started: setUp Thread Group 1-20
2025-02-28 15:03:42,680 INFO o.a.j.t.JMeterThread: Thread finished: setUp Thread Group 1-18
2025-02-28 15:03:42,782 INFO o.a.j.t.JMeterThread: Thread finished: setUp Thread Group 1-14
2025-02-28 15:03:42,792 INFO o.a.j.t.JMeterThread: Thread finished: setUp Thread Group 1-3
2025-02-28 15:03:42,822 INFO o.a.j.t.JMeterThread: Thread finished: setUp Thread Group 1-20
2025-02-28 15:03:42,844 INFO o.a.j.t.JMeterThread: Thread finished: setUp Thread Group 1-8
2025-02-28 15:03:42,892 INFO o.a.j.t.JMeterThread: Stopping because end time detected by thread: setUp Thread Group 1-2
2025-02-28 15:03:42,892 INFO o.a.j.t.JMeterThread: Thread finished: setUp Thread Group 1-2
2025-02-28 15:03:42,895 INFO o.a.j.t.JMeterThread: Stopping because end time detected by thread: setUp Thread Group 1-5
2025-02-28 15:03:42,895 INFO o.a.j.t.JMeterThread: Thread finished: setUp Thread Group 1-5
2025-02-28 15:03:42,902 INFO o.a.j.t.JMeterThread: Stopping because end time detected by thread: setUp Thread Group 1-6
2025-02-28 15:03:42,902 INFO o.a.j.t.JMeterThread: Thread finished: setUp Thread Group 1-6
2025-02-28 15:03:42,910 INFO o.a.j.t.JMeterThread: Stopping because end time detected by thread: setUp Thread Group 1-7
2025-02-28 15:03:42,910 INFO o.a.j.t.JMeterThread: Thread finished: setUp Thread Group 1-7
2025-02-28 15:03:42,924 INFO o.a.j.t.JMeterThread: Stopping because end time detected by thread: setUp Thread Group 1-15
2025-02-28 15:03:42,924 INFO o.a.j.t.JMeterThread: Thread finished: setUp Thread Group 1-15
2025-02-28 15:03:42,924 INFO o.a.j.t.JMeterThread: Stopping because end time detected by thread: setUp Thread Group 1-4
2025-02-28 15:03:42,924 INFO o.a.j.t.JMeterThread: Stopping because end time detected by thread: setUp Thread Group 1-9
2025-02-28 15:03:42,931 INFO o.a.j.t.JMeterThread: Thread finished: setUp Thread Group 1-4
2025-02-28 15:03:42,931 INFO o.a.j.t.JMeterThread: Thread finished: setUp Thread Group 1-9
2025-02-28 15:03:42,947 INFO o.a.j.t.JMeterThread: Stopping because end time detected by thread: setUp Thread Group 1-17
2025-02-28 15:03:42,947 INFO o.a.j.t.JMeterThread: Thread finished: setUp Thread Group 1-17
2025-02-28 15:03:43,013 INFO o.a.j.t.JMeterThread: Stopping because end time detected by thread: setUp Thread Group 1-16
2025-02-28 15:03:43,013 INFO o.a.j.t.JMeterThread: Thread finished: setUp Thread Group 1-16
2025-02-28 15:03:43,013 INFO o.a.j.t.JMeterThread: Stopping because end time detected by thread: setUp Thread Group 1-19
2025-02-28 15:03:43,013 INFO o.a.j.t.JMeterThread: Thread finished: setUp Thread Group 1-19
2025-02-28 15:03:43,032 INFO o.a.j.t.JMeterThread: Stopping because end time detected by thread: setUp Thread Group 1-1
2025-02-28 15:03:43,032 INFO o.a.j.t.JMeterThread: Thread finished: setUp Thread Group 1-1
2025-02-28 15:03:43,061 INFO o.a.j.t.JMeterThread: Stopping because end time detected by thread: setUp Thread Group 1-11
2025-02-28 15:03:43,062 INFO o.a.j.t.JMeterThread: Thread finished: setUp Thread Group 1-11
2025-02-28 15:03:43,063 INFO o.a.j.t.JMeterThread: Stopping because end time detected by thread: setUp Thread Group 1-10
2025-02-28 15:03:43,063 INFO o.a.j.t.JMeterThread: Thread finished: setUp Thread Group 1-10
2025-02-28 15:03:43,081 INFO o.a.j.t.JMeterThread: Stopping because end time detected by thread: setUp Thread Group 1-12
2025-02-28 15:03:43,081 INFO o.a.j.t.JMeterThread: Thread finished: setUp Thread Group 1-12
2025-02-28 15:03:43,409 INFO o.a.j.t.JMeterThread: Stopping because end time detected by thread: setUp Thread Group 1-13
2025-02-28 15:03:43,409 INFO o.a.j.t.JMeterThread: Thread finished: setUp Thread Group 1-13
2025-02-28 15:03:43,410 INFO o.a.j.e.StandardJMeterEngine: All Setup Threads have ended
2025-02-28 15:03:43,463 INFO o.a.j.e.StandardJMeterEngine: Starting ThreadGroup: 1 : Thread-Gruppe
2025-02-28 15:03:43,463 INFO o.a.j.e.StandardJMeterEngine: Starting 75 threads for group Thread-Gruppe.
2025-02-28 15:03:43,463 INFO o.a.j.e.StandardJMeterEngine: Thread will continue on error
2025-02-28 15:03:43,463 INFO o.a.j.t.ThreadGroup: Starting thread group... number=1 threads=75 ramp-up=10 delayedStart=false
2025-02-28 15:03:43,472 INFO o.a.j.t.JMeterThread: Thread started: Thread-Gruppe 1-1
2025-02-28 15:03:43,568 INFO o.a.j.t.ThreadGroup: Started thread group number 1
2025-02-28 15:03:43,568 INFO o.a.j.e.StandardJMeterEngine: Starting ThreadGroup: 2 : Thread-Gruppe
2025-02-28 15:03:43,568 INFO o.a.j.e.StandardJMeterEngine: Starting 20 threads for group Thread-Gruppe.
2025-02-28 15:03:43,568 INFO o.a.j.e.StandardJMeterEngine: Thread will continue on error
2025-02-28 15:03:43,568 INFO o.a.j.t.ThreadGroup: Starting thread group... number=2 threads=20 ramp-up=10 delayedStart=false
2025-02-28 15:03:43,570 INFO o.a.j.t.JMeterThread: Thread started: Thread-Gruppe 2-1
2025-02-28 15:03:43,584 INFO o.a.j.t.ThreadGroup: Started thread group number 2
2025-02-28 15:03:43,585 INFO o.a.j.e.StandardJMeterEngine: Starting ThreadGroup: 3 : Thread-Gruppe
2025-02-28 15:03:43,585 INFO o.a.j.e.StandardJMeterEngine: Starting 5 threads for group Thread-Gruppe.
2025-02-28 15:03:43,585 INFO o.a.j.e.StandardJMeterEngine: Thread will continue on error
2025-02-28 15:03:43,585 INFO o.a.j.t.ThreadGroup: Starting thread group... number=3 threads=5 ramp-up=10 delayedStart=false
2025-02-28 15:03:43,587 INFO o.a.j.t.JMeterThread: Thread started: Thread-Gruppe 3-1
2025-02-28 15:03:43,591 INFO o.a.j.t.ThreadGroup: Started thread group number 3
2025-02-28 15:03:43,591 INFO o.a.j.e.StandardJMeterEngine: All thread groups have been started
2025-02-28 15:03:43,608 INFO o.a.j.t.JMeterThread: Thread started: Thread-Gruppe 1-2
2025-02-28 15:03:43,744 INFO o.a.j.t.JMeterThread: Thread started: Thread-Gruppe 1-3
2025-02-28 15:03:43,869 INFO o.a.j.t.JMeterThread: Thread started: Thread-Gruppe 1-4
2025-02-28 15:03:44,002 INFO o.a.j.t.JMeterThread: Thread started: Thread-Gruppe 1-5
2025-02-28 15:03:44,070 INFO o.a.j.t.JMeterThread: Thread started: Thread-Gruppe 2-2
2025-02-28 15:03:44,133 INFO o.a.j.t.JMeterThread: Thread started: Thread-Gruppe 1-6
2025-02-28 15:03:44,266 INFO o.a.j.t.JMeterThread: Thread started: Thread-Gruppe 1-7
2025-02-28 15:03:44,398 INFO o.a.j.t.JMeterThread: Thread started: Thread-Gruppe 1-8
2025-02-28 15:03:44,531 INFO o.a.j.t.JMeterThread: Thread started: Thread-Gruppe 1-9
2025-02-28 15:03:44,572 INFO o.a.j.t.JMeterThread: Thread started: Thread-Gruppe 2-3
2025-02-28 15:03:44,666 INFO o.a.j.t.JMeterThread: Thread started: Thread-Gruppe 1-10
2025-02-28 15:03:44,797 INFO o.a.j.t.JMeterThread: Thread started: Thread-Gruppe 1-11
2025-02-28 15:03:44,931 INFO o.a.j.t.JMeterThread: Thread started: Thread-Gruppe 1-12
2025-02-28 15:03:45,065 INFO o.a.j.t.JMeterThread: Thread started: Thread-Gruppe 1-13
2025-02-28 15:03:45,070 INFO o.a.j.t.JMeterThread: Thread started: Thread-Gruppe 2-4
2025-02-28 15:03:45,196 INFO o.a.j.t.JMeterThread: Thread started: Thread-Gruppe 1-14
2025-02-28 15:03:45,331 INFO o.a.j.t.JMeterThread: Thread started: Thread-Gruppe 1-15
2025-02-28 15:03:45,464 INFO o.a.j.t.JMeterThread: Thread started: Thread-Gruppe 1-16
2025-02-28 15:03:45,570 INFO o.a.j.t.JMeterThread: Thread started: Thread-Gruppe 2-5
2025-02-28 15:03:45,588 INFO o.a.j.t.JMeterThread: Thread started: Thread-Gruppe 3-2
2025-02-28 15:03:45,595 INFO o.a.j.t.JMeterThread: Thread started: Thread-Gruppe 1-17
2025-02-28 15:03:45,727 INFO o.a.j.t.JMeterThread: Thread started: Thread-Gruppe 1-18
2025-02-28 15:03:45,862 INFO o.a.j.t.JMeterThread: Thread started: Thread-Gruppe 1-19
2025-02-28 15:03:45,999 INFO o.a.j.t.JMeterThread: Thread started: Thread-Gruppe 1-20
2025-02-28 15:03:46,071 INFO o.a.j.t.JMeterThread: Thread started: Thread-Gruppe 2-6
2025-02-28 15:03:46,129 INFO o.a.j.t.JMeterThread: Thread started: Thread-Gruppe 1-21
2025-02-28 15:03:46,263 INFO o.a.j.t.JMeterThread: Thread started: Thread-Gruppe 1-22
2025-02-28 15:03:46,391 INFO o.a.j.t.JMeterThread: Thread started: Thread-Gruppe 1-23
2025-02-28 15:03:46,527 INFO o.a.j.t.JMeterThread: Thread started: Thread-Gruppe 1-24
2025-02-28 15:03:46,570 INFO o.a.j.t.JMeterThread: Thread started: Thread-Gruppe 2-7
2025-02-28 15:03:46,660 INFO o.a.j.t.JMeterThread: Thread started: Thread-Gruppe 1-25
2025-02-28 15:03:46,791 INFO o.a.j.t.JMeterThread: Thread started: Thread-Gruppe 1-26
2025-02-28 15:03:46,924 INFO o.a.j.t.JMeterThread: Thread started: Thread-Gruppe 1-27
2025-02-28 15:03:47,058 INFO o.a.j.t.JMeterThread: Thread started: Thread-Gruppe 1-28
2025-02-28 15:03:47,071 INFO o.a.j.t.JMeterThread: Thread started: Thread-Gruppe 2-8
2025-02-28 15:03:47,190 INFO o.a.j.t.JMeterThread: Thread started: Thread-Gruppe 1-29
2025-02-28 15:03:47,324 INFO o.a.j.t.JMeterThread: Thread started: Thread-Gruppe 1-30
2025-02-28 15:03:47,455 INFO o.a.j.t.JMeterThread: Thread started: Thread-Gruppe 1-31
2025-02-28 15:03:47,569 INFO o.a.j.t.JMeterThread: Thread started: Thread-Gruppe 2-9
2025-02-28 15:03:47,589 INFO o.a.j.t.JMeterThread: Thread started: Thread-Gruppe 1-32
2025-02-28 15:03:47,589 INFO o.a.j.t.JMeterThread: Thread started: Thread-Gruppe 3-3
2025-02-28 15:03:47,723 INFO o.a.j.t.JMeterThread: Thread started: Thread-Gruppe 1-33
2025-02-28 15:03:47,854 INFO o.a.j.t.JMeterThread: Thread started: Thread-Gruppe 1-34
2025-02-28 15:03:47,988 INFO o.a.j.t.JMeterThread: Thread started: Thread-Gruppe 1-35
2025-02-28 15:03:48,070 INFO o.a.j.t.JMeterThread: Thread started: Thread-Gruppe 2-10
2025-02-28 15:03:48,120 INFO o.a.j.t.JMeterThread: Thread started: Thread-Gruppe 1-36
2025-02-28 15:03:48,254 INFO o.a.j.t.JMeterThread: Thread started: Thread-Gruppe 1-37
2025-02-28 15:03:48,386 INFO o.a.j.t.JMeterThread: Thread started: Thread-Gruppe 1-38
2025-02-28 15:03:48,521 INFO o.a.j.t.JMeterThread: Thread started: Thread-Gruppe 1-39
2025-02-28 15:03:48,570 INFO o.a.j.t.JMeterThread: Thread started: Thread-Gruppe 2-11
2025-02-28 15:03:48,658 INFO o.a.j.t.JMeterThread: Thread started: Thread-Gruppe 1-40
2025-02-28 15:03:48,790 INFO o.a.j.t.JMeterThread: Thread started: Thread-Gruppe 1-41
2025-02-28 15:03:48,921 INFO o.a.j.t.JMeterThread: Thread started: Thread-Gruppe 1-42
2025-02-28 15:03:49,052 INFO o.a.j.t.JMeterThread: Thread started: Thread-Gruppe 1-43
2025-02-28 15:03:49,071 INFO o.a.j.t.JMeterThread: Thread started: Thread-Gruppe 2-12
2025-02-28 15:03:49,185 INFO o.a.j.t.JMeterThread: Thread started: Thread-Gruppe 1-44
2025-02-28 15:03:49,319 INFO o.a.j.t.JMeterThread: Thread started: Thread-Gruppe 1-45
2025-02-28 15:03:49,451 INFO o.a.j.t.JMeterThread: Thread started: Thread-Gruppe 1-46
2025-02-28 15:03:49,572 INFO o.a.j.t.JMeterThread: Thread started: Thread-Gruppe 2-13
2025-02-28 15:03:49,585 INFO o.a.j.t.JMeterThread: Thread started: Thread-Gruppe 1-47
2025-02-28 15:03:49,587 INFO o.a.j.t.JMeterThread: Thread started: Thread-Gruppe 3-4
2025-02-28 15:03:49,717 INFO o.a.j.t.JMeterThread: Thread started: Thread-Gruppe 1-48
2025-02-28 15:03:49,848 INFO o.a.j.t.JMeterThread: Thread started: Thread-Gruppe 1-49
2025-02-28 15:03:49,982 INFO o.a.j.t.JMeterThread: Thread started: Thread-Gruppe 1-50
2025-02-28 15:03:50,072 INFO o.a.j.t.JMeterThread: Thread started: Thread-Gruppe 2-14
2025-02-28 15:03:50,116 INFO o.a.j.t.JMeterThread: Thread started: Thread-Gruppe 1-51
2025-02-28 15:03:50,249 INFO o.a.j.t.JMeterThread: Thread started: Thread-Gruppe 1-52
2025-02-28 15:03:50,382 INFO o.a.j.t.JMeterThread: Thread started: Thread-Gruppe 1-53
2025-02-28 15:03:50,515 INFO o.a.j.t.JMeterThread: Thread started: Thread-Gruppe 1-54
2025-02-28 15:03:50,570 INFO o.a.j.t.JMeterThread: Thread started: Thread-Gruppe 2-15
2025-02-28 15:03:50,650 INFO o.a.j.t.JMeterThread: Thread started: Thread-Gruppe 1-55
2025-02-28 15:03:50,782 INFO o.a.j.t.JMeterThread: Thread started: Thread-Gruppe 1-56
2025-02-28 15:03:50,913 INFO o.a.j.t.JMeterThread: Thread started: Thread-Gruppe 1-57
2025-02-28 15:03:51,047 INFO o.a.j.t.JMeterThread: Thread started: Thread-Gruppe 1-58
2025-02-28 15:03:51,070 INFO o.a.j.t.JMeterThread: Thread started: Thread-Gruppe 2-16
2025-02-28 15:03:51,180 INFO o.a.j.t.JMeterThread: Thread started: Thread-Gruppe 1-59
2025-02-28 15:03:51,313 INFO o.a.j.t.JMeterThread: Thread started: Thread-Gruppe 1-60
2025-02-28 15:03:51,446 INFO o.a.j.t.JMeterThread: Thread started: Thread-Gruppe 1-61
2025-02-28 15:03:51,571 INFO o.a.j.t.JMeterThread: Thread started: Thread-Gruppe 2-17
2025-02-28 15:03:51,578 INFO o.a.j.t.JMeterThread: Thread started: Thread-Gruppe 1-62
2025-02-28 15:03:51,587 INFO o.a.j.t.JMeterThread: Thread started: Thread-Gruppe 3-5
2025-02-28 15:03:51,712 INFO o.a.j.t.JMeterThread: Thread started: Thread-Gruppe 1-63
2025-02-28 15:03:51,845 INFO o.a.j.t.JMeterThread: Thread started: Thread-Gruppe 1-64
2025-02-28 15:03:51,976 INFO o.a.j.t.JMeterThread: Thread started: Thread-Gruppe 1-65
2025-02-28 15:03:52,072 INFO o.a.j.t.JMeterThread: Thread started: Thread-Gruppe 2-18
2025-02-28 15:03:52,110 INFO o.a.j.t.JMeterThread: Thread started: Thread-Gruppe 1-66
2025-02-28 15:03:52,243 INFO o.a.j.t.JMeterThread: Thread started: Thread-Gruppe 1-67
2025-02-28 15:03:52,376 INFO o.a.j.t.JMeterThread: Thread started: Thread-Gruppe 1-68
2025-02-28 15:03:52,511 INFO o.a.j.t.JMeterThread: Thread started: Thread-Gruppe 1-69
2025-02-28 15:03:52,570 INFO o.a.j.t.JMeterThread: Thread started: Thread-Gruppe 2-19
2025-02-28 15:03:52,642 INFO o.a.j.t.JMeterThread: Thread started: Thread-Gruppe 1-70
2025-02-28 15:03:52,776 INFO o.a.j.t.JMeterThread: Thread started: Thread-Gruppe 1-71
2025-02-28 15:03:52,908 INFO o.a.j.t.JMeterThread: Thread started: Thread-Gruppe 1-72
2025-02-28 15:03:53,041 INFO o.a.j.t.JMeterThread: Thread started: Thread-Gruppe 1-73
2025-02-28 15:03:53,069 INFO o.a.j.t.JMeterThread: Thread started: Thread-Gruppe 2-20
2025-02-28 15:03:53,174 INFO o.a.j.t.JMeterThread: Thread started: Thread-Gruppe 1-74
2025-02-28 15:03:53,306 INFO o.a.j.t.JMeterThread: Thread started: Thread-Gruppe 1-75
2025-02-28 15:04:00,004 INFO o.a.j.r.Summariser: summary +    922 in 00:01:17 =   12.0/s Avg:   346 Min:   239 Max:   820 Err:     0 (0.00%) Active: 100 Started: 100 Finished: 0
2025-02-28 15:04:30,053 INFO o.a.j.r.Summariser: summary +   2292 in 00:00:30 =   76.3/s Avg:   330 Min:   242 Max:  1047 Err:     0 (0.00%) Active: 100 Started: 100 Finished: 0
2025-02-28 15:04:30,055 INFO o.a.j.r.Summariser: summary =   3214 in 00:01:47 =   30.0/s Avg:   335 Min:   239 Max:  1047 Err:     0 (0.00%)
2025-02-28 15:05:00,003 INFO o.a.j.r.Summariser: summary +   2286 in 00:00:30 =   76.3/s Avg:   350 Min:   242 Max:   979 Err:     0 (0.00%) Active: 100 Started: 100 Finished: 0
2025-02-28 15:05:00,003 INFO o.a.j.r.Summariser: summary =   5500 in 00:02:17 =   40.1/s Avg:   341 Min:   239 Max:  1047 Err:     0 (0.00%)
2025-02-28 15:05:30,000 INFO o.a.j.r.Summariser: summary +   2294 in 00:00:30 =   76.5/s Avg:   326 Min:   241 Max:  1037 Err:     0 (0.00%) Active: 100 Started: 100 Finished: 0
2025-02-28 15:05:30,001 INFO o.a.j.r.Summariser: summary =   7794 in 00:02:47 =   46.6/s Avg:   337 Min:   239 Max:  1047 Err:     0 (0.00%)
2025-02-28 15:06:00,002 INFO o.a.j.r.Summariser: summary +   2283 in 00:00:30 =   76.1/s Avg:   355 Min:   241 Max:  1298 Err:     0 (0.00%) Active: 100 Started: 100 Finished: 0
2025-02-28 15:06:00,003 INFO o.a.j.r.Summariser: summary =  10077 in 00:03:17 =   51.1/s Avg:   341 Min:   239 Max:  1298 Err:     0 (0.00%)
2025-02-28 15:06:30,026 INFO o.a.j.r.Summariser: summary +   2288 in 00:00:30 =   76.2/s Avg:   323 Min:   241 Max:  1054 Err:     0 (0.00%) Active: 100 Started: 100 Finished: 0
2025-02-28 15:06:30,027 INFO o.a.j.r.Summariser: summary =  12365 in 00:03:47 =   54.4/s Avg:   338 Min:   239 Max:  1298 Err:     0 (0.00%)
2025-02-28 15:07:00,024 INFO o.a.j.r.Summariser: summary +   2283 in 00:00:30 =   76.1/s Avg:   354 Min:   241 Max:  1260 Err:     0 (0.00%) Active: 100 Started: 100 Finished: 0
2025-02-28 15:07:00,024 INFO o.a.j.r.Summariser: summary =  14648 in 00:04:17 =   57.0/s Avg:   340 Min:   239 Max:  1298 Err:     0 (0.00%)
2025-02-28 15:07:30,056 INFO o.a.j.r.Summariser: summary +   2294 in 00:00:30 =   76.4/s Avg:   327 Min:   240 Max:  1085 Err:     0 (0.00%) Active: 100 Started: 100 Finished: 0
2025-02-28 15:07:30,057 INFO o.a.j.r.Summariser: summary =  16942 in 00:04:47 =   59.0/s Avg:   338 Min:   239 Max:  1298 Err:     0 (0.00%)
2025-02-28 15:08:00,008 INFO o.a.j.r.Summariser: summary +   2280 in 00:00:30 =   76.1/s Avg:   340 Min:   239 Max:  1085 Err:     0 (0.00%) Active: 100 Started: 100 Finished: 0
2025-02-28 15:08:00,009 INFO o.a.j.r.Summariser: summary =  19222 in 00:05:17 =   60.6/s Avg:   338 Min:   239 Max:  1298 Err:     0 (0.00%)
2025-02-28 15:08:30,021 INFO o.a.j.r.Summariser: summary +   2296 in 00:00:30 =   76.5/s Avg:   330 Min:   241 Max:  1067 Err:     0 (0.00%) Active: 100 Started: 100 Finished: 0
2025-02-28 15:08:30,022 INFO o.a.j.r.Summariser: summary =  21518 in 00:05:47 =   62.0/s Avg:   338 Min:   239 Max:  1298 Err:     0 (0.00%)
2025-02-28 15:09:00,059 INFO o.a.j.r.Summariser: summary +   2291 in 00:00:30 =   76.3/s Avg:   348 Min:   241 Max:  1091 Err:     0 (0.00%) Active: 100 Started: 100 Finished: 0
2025-02-28 15:09:00,060 INFO o.a.j.r.Summariser: summary =  23809 in 00:06:17 =   63.1/s Avg:   339 Min:   239 Max:  1298 Err:     0 (0.00%)
2025-02-28 15:09:30,004 INFO o.a.j.r.Summariser: summary +   2292 in 00:00:30 =   76.5/s Avg:   330 Min:   241 Max:  1070 Err:     0 (0.00%) Active: 100 Started: 100 Finished: 0
2025-02-28 15:09:30,005 INFO o.a.j.r.Summariser: summary =  26101 in 00:06:47 =   64.1/s Avg:   338 Min:   239 Max:  1298 Err:     0 (0.00%)
2025-02-28 15:10:00,001 INFO o.a.j.r.Summariser: summary +   2283 in 00:00:30 =   76.1/s Avg:   344 Min:   240 Max:  1101 Err:     0 (0.00%) Active: 100 Started: 100 Finished: 0
2025-02-28 15:10:00,002 INFO o.a.j.r.Summariser: summary =  28384 in 00:07:17 =   64.9/s Avg:   338 Min:   239 Max:  1298 Err:     0 (0.00%)
2025-02-28 15:10:30,043 INFO o.a.j.r.Summariser: summary +   2292 in 00:00:30 =   76.3/s Avg:   323 Min:   239 Max:  1066 Err:     0 (0.00%) Active: 100 Started: 100 Finished: 0
2025-02-28 15:10:30,045 INFO o.a.j.r.Summariser: summary =  30676 in 00:07:47 =   65.7/s Avg:   337 Min:   239 Max:  1298 Err:     0 (0.00%)
2025-02-28 15:11:00,008 INFO o.a.j.r.Summariser: summary +   2289 in 00:00:30 =   76.4/s Avg:   343 Min:   236 Max:  1033 Err:     0 (0.00%) Active: 100 Started: 100 Finished: 0
2025-02-28 15:11:00,009 INFO o.a.j.r.Summariser: summary =  32965 in 00:08:17 =   66.3/s Avg:   338 Min:   236 Max:  1298 Err:     0 (0.00%)
2025-02-28 15:11:30,001 INFO o.a.j.r.Summariser: summary +   2293 in 00:00:30 =   76.5/s Avg:   337 Min:   239 Max:  1289 Err:     0 (0.00%) Active: 100 Started: 100 Finished: 0
2025-02-28 15:11:30,002 INFO o.a.j.r.Summariser: summary =  35258 in 00:08:47 =   66.9/s Avg:   338 Min:   236 Max:  1298 Err:     0 (0.00%)
2025-02-28 15:12:00,004 INFO o.a.j.r.Summariser: summary +   2284 in 00:00:30 =   76.1/s Avg:   334 Min:   241 Max:  1087 Err:     0 (0.00%) Active: 100 Started: 100 Finished: 0
2025-02-28 15:12:00,005 INFO o.a.j.r.Summariser: summary =  37542 in 00:09:17 =   67.4/s Avg:   337 Min:   236 Max:  1298 Err:     0 (0.00%)
2025-02-28 15:12:30,007 INFO o.a.j.r.Summariser: summary +   2288 in 00:00:30 =   76.3/s Avg:   346 Min:   242 Max:  1084 Err:     0 (0.00%) Active: 100 Started: 100 Finished: 0
2025-02-28 15:12:30,008 INFO o.a.j.r.Summariser: summary =  39830 in 00:09:47 =   67.8/s Avg:   338 Min:   236 Max:  1298 Err:     0 (0.00%)
2025-02-28 15:13:00,049 INFO o.a.j.r.Summariser: summary +   2289 in 00:00:30 =   76.2/s Avg:   332 Min:   241 Max:  1113 Err:     0 (0.00%) Active: 100 Started: 100 Finished: 0
2025-02-28 15:13:00,049 INFO o.a.j.r.Summariser: summary =  42119 in 00:10:17 =   68.2/s Avg:   338 Min:   236 Max:  1298 Err:     0 (0.00%)
2025-02-28 15:13:30,018 INFO o.a.j.r.Summariser: summary +   2287 in 00:00:30 =   76.3/s Avg:   347 Min:   238 Max:  1056 Err:     0 (0.00%) Active: 100 Started: 100 Finished: 0
2025-02-28 15:13:30,018 INFO o.a.j.r.Summariser: summary =  44406 in 00:10:47 =   68.6/s Avg:   338 Min:   236 Max:  1298 Err:     0 (0.00%)
2025-02-28 15:13:41,759 INFO o.a.j.t.JMeterThread: Thread finished: Thread-Gruppe 1-1
2025-02-28 15:13:41,825 INFO o.a.j.t.JMeterThread: Thread finished: Thread-Gruppe 1-62
2025-02-28 15:13:41,850 INFO o.a.j.t.JMeterThread: Thread finished: Thread-Gruppe 1-47
2025-02-28 15:13:41,861 INFO o.a.j.t.JMeterThread: Thread finished: Thread-Gruppe 1-17
2025-02-28 15:13:41,870 INFO o.a.j.t.JMeterThread: Thread finished: Thread-Gruppe 1-2
2025-02-28 15:13:41,970 INFO o.a.j.t.JMeterThread: Thread finished: Thread-Gruppe 1-63
2025-02-28 15:13:41,975 INFO o.a.j.t.JMeterThread: Thread finished: Thread-Gruppe 1-48
2025-02-28 15:13:41,982 INFO o.a.j.t.JMeterThread: Thread finished: Thread-Gruppe 1-18
2025-02-28 15:13:41,993 INFO o.a.j.t.JMeterThread: Thread finished: Thread-Gruppe 1-3
2025-02-28 15:13:42,102 INFO o.a.j.t.JMeterThread: Thread finished: Thread-Gruppe 1-64
2025-02-28 15:13:42,114 INFO o.a.j.t.JMeterThread: Thread finished: Thread-Gruppe 1-49
2025-02-28 15:13:42,156 INFO o.a.j.t.JMeterThread: Thread finished: Thread-Gruppe 1-19
2025-02-28 15:13:42,157 INFO o.a.j.t.JMeterThread: Thread finished: Thread-Gruppe 1-4
2025-02-28 15:13:42,237 INFO o.a.j.t.JMeterThread: Thread finished: Thread-Gruppe 1-65
2025-02-28 15:13:42,239 INFO o.a.j.t.JMeterThread: Thread finished: Thread-Gruppe 1-50
2025-02-28 15:13:42,255 INFO o.a.j.t.JMeterThread: Thread finished: Thread-Gruppe 1-20
2025-02-28 15:13:42,262 INFO o.a.j.t.JMeterThread: Thread finished: Thread-Gruppe 1-5
2025-02-28 15:13:42,344 INFO o.a.j.t.JMeterThread: Thread finished: Thread-Gruppe 1-32
2025-02-28 15:13:42,360 INFO o.a.j.t.JMeterThread: Thread finished: Thread-Gruppe 1-66
2025-02-28 15:13:42,370 INFO o.a.j.t.JMeterThread: Thread finished: Thread-Gruppe 1-51
2025-02-28 15:13:42,400 INFO o.a.j.t.JMeterThread: Thread finished: Thread-Gruppe 1-21
2025-02-28 15:13:42,404 INFO o.a.j.t.JMeterThread: Thread finished: Thread-Gruppe 1-6
2025-02-28 15:13:42,460 INFO o.a.j.t.JMeterThread: Thread finished: Thread-Gruppe 1-33
2025-02-28 15:13:42,498 INFO o.a.j.t.JMeterThread: Thread finished: Thread-Gruppe 1-67
2025-02-28 15:13:42,513 INFO o.a.j.t.JMeterThread: Thread finished: Thread-Gruppe 1-22
2025-02-28 15:13:42,519 INFO o.a.j.t.JMeterThread: Thread finished: Thread-Gruppe 1-7
2025-02-28 15:13:42,520 INFO o.a.j.t.JMeterThread: Thread finished: Thread-Gruppe 1-52
2025-02-28 15:13:42,606 INFO o.a.j.t.JMeterThread: Thread finished: Thread-Gruppe 1-34
2025-02-28 15:13:42,629 INFO o.a.j.t.JMeterThread: Thread finished: Thread-Gruppe 1-68
2025-02-28 15:13:42,632 INFO o.a.j.t.JMeterThread: Thread finished: Thread-Gruppe 1-53
2025-02-28 15:13:42,643 INFO o.a.j.t.JMeterThread: Thread finished: Thread-Gruppe 1-8
2025-02-28 15:13:42,646 INFO o.a.j.t.JMeterThread: Thread finished: Thread-Gruppe 1-23
2025-02-28 15:13:42,736 INFO o.a.j.t.JMeterThread: Thread finished: Thread-Gruppe 1-35
2025-02-28 15:13:42,762 INFO o.a.j.t.JMeterThread: Thread finished: Thread-Gruppe 1-54
2025-02-28 15:13:42,766 INFO o.a.j.t.JMeterThread: Thread finished: Thread-Gruppe 1-24
2025-02-28 15:13:42,771 INFO o.a.j.t.JMeterThread: Thread finished: Thread-Gruppe 1-69
2025-02-28 15:13:42,787 INFO o.a.j.t.JMeterThread: Thread finished: Thread-Gruppe 1-9
2025-02-28 15:13:42,881 INFO o.a.j.t.JMeterThread: Thread finished: Thread-Gruppe 1-36
2025-02-28 15:13:42,895 INFO o.a.j.t.JMeterThread: Thread finished: Thread-Gruppe 1-55
2025-02-28 15:13:42,895 INFO o.a.j.t.JMeterThread: Thread finished: Thread-Gruppe 1-70
2025-02-28 15:13:42,911 INFO o.a.j.t.JMeterThread: Thread finished: Thread-Gruppe 1-25
2025-02-28 15:13:42,920 INFO o.a.j.t.JMeterThread: Thread finished: Thread-Gruppe 1-10
2025-02-28 15:13:43,014 INFO o.a.j.t.JMeterThread: Thread finished: Thread-Gruppe 1-37
2025-02-28 15:13:43,030 INFO o.a.j.t.JMeterThread: Thread finished: Thread-Gruppe 1-71
2025-02-28 15:13:43,038 INFO o.a.j.t.JMeterThread: Thread finished: Thread-Gruppe 1-56
2025-02-28 15:13:43,047 INFO o.a.j.t.JMeterThread: Thread finished: Thread-Gruppe 1-26
2025-02-28 15:13:43,056 INFO o.a.j.t.JMeterThread: Thread finished: Thread-Gruppe 1-11
2025-02-28 15:13:43,139 INFO o.a.j.t.JMeterThread: Thread finished: Thread-Gruppe 1-38
2025-02-28 15:13:43,160 INFO o.a.j.t.JMeterThread: Thread finished: Thread-Gruppe 1-72
2025-02-28 15:13:43,174 INFO o.a.j.t.JMeterThread: Thread finished: Thread-Gruppe 1-27
2025-02-28 15:13:43,174 INFO o.a.j.t.JMeterThread: Thread finished: Thread-Gruppe 1-57
2025-02-28 15:13:43,183 INFO o.a.j.t.JMeterThread: Thread finished: Thread-Gruppe 1-12
2025-02-28 15:13:43,196 INFO o.a.j.t.JMeterThread: Thread finished: Thread-Gruppe 2-4
2025-02-28 15:13:43,220 INFO o.a.j.t.JMeterThread: Thread finished: Thread-Gruppe 2-8
2025-02-28 15:13:43,239 INFO o.a.j.t.JMeterThread: Thread finished: Thread-Gruppe 2-7
2025-02-28 15:13:43,266 INFO o.a.j.t.JMeterThread: Thread finished: Thread-Gruppe 2-19
2025-02-28 15:13:43,293 INFO o.a.j.t.JMeterThread: Thread finished: Thread-Gruppe 1-39
2025-02-28 15:13:43,300 INFO o.a.j.t.JMeterThread: Thread finished: Thread-Gruppe 1-73
2025-02-28 15:13:43,300 INFO o.a.j.t.JMeterThread: Thread finished: Thread-Gruppe 1-58
2025-02-28 15:13:43,313 INFO o.a.j.t.JMeterThread: Thread finished: Thread-Gruppe 2-1
2025-02-28 15:13:43,324 INFO o.a.j.t.JMeterThread: Thread finished: Thread-Gruppe 1-28
2025-02-28 15:13:43,324 INFO o.a.j.t.JMeterThread: Thread finished: Thread-Gruppe 1-13
2025-02-28 15:13:43,372 INFO o.a.j.t.JMeterThread: Thread finished: Thread-Gruppe 2-16
2025-02-28 15:13:43,389 INFO o.a.j.t.JMeterThread: Thread finished: Thread-Gruppe 2-20
2025-02-28 15:13:43,433 INFO o.a.j.t.JMeterThread: Thread finished: Thread-Gruppe 1-74
2025-02-28 15:13:43,433 INFO o.a.j.t.JMeterThread: Thread finished: Thread-Gruppe 3-5
2025-02-28 15:13:43,433 INFO o.a.j.t.JMeterThread: Thread finished: Thread-Gruppe 1-40
2025-02-28 15:13:43,433 INFO o.a.j.t.JMeterThread: Thread finished: Thread-Gruppe 1-59
2025-02-28 15:13:43,442 INFO o.a.j.t.JMeterThread: Thread finished: Thread-Gruppe 1-29
2025-02-28 15:13:43,456 INFO o.a.j.t.JMeterThread: Thread finished: Thread-Gruppe 1-14
2025-02-28 15:13:43,461 INFO o.a.j.t.JMeterThread: Thread finished: Thread-Gruppe 2-14
2025-02-28 15:13:43,471 INFO o.a.j.t.JMeterThread: Thread finished: Thread-Gruppe 2-11
2025-02-28 15:13:43,514 INFO o.a.j.t.JMeterThread: Thread finished: Thread-Gruppe 2-12
2025-02-28 15:13:43,514 INFO o.a.j.t.JMeterThread: Thread finished: Thread-Gruppe 2-6
2025-02-28 15:13:43,541 INFO o.a.j.t.JMeterThread: Thread finished: Thread-Gruppe 2-5
2025-02-28 15:13:43,544 INFO o.a.j.t.JMeterThread: Stopping because end time detected by thread: Thread-Gruppe 1-41
2025-02-28 15:13:43,544 INFO o.a.j.t.JMeterThread: Thread finished: Thread-Gruppe 1-41
2025-02-28 15:13:43,560 INFO o.a.j.t.JMeterThread: Stopping because end time detected by thread: Thread-Gruppe 1-60
2025-02-28 15:13:43,560 INFO o.a.j.t.JMeterThread: Thread finished: Thread-Gruppe 1-60
2025-02-28 15:13:43,560 INFO o.a.j.t.JMeterThread: Thread finished: Thread-Gruppe 1-75
2025-02-28 15:13:43,560 INFO o.a.j.t.JMeterThread: Stopping because end time detected by thread: Thread-Gruppe 1-30
2025-02-28 15:13:43,560 INFO o.a.j.t.JMeterThread: Thread finished: Thread-Gruppe 1-30
2025-02-28 15:13:43,560 INFO o.a.j.t.JMeterThread: Thread finished: Thread-Gruppe 3-4
2025-02-28 15:13:43,576 INFO o.a.j.t.JMeterThread: Thread finished: Thread-Gruppe 2-18
2025-02-28 15:13:43,590 INFO o.a.j.t.JMeterThread: Stopping because end time detected by thread: Thread-Gruppe 1-15
2025-02-28 15:13:43,590 INFO o.a.j.t.JMeterThread: Thread finished: Thread-Gruppe 1-15
2025-02-28 15:13:43,592 INFO o.a.j.t.JMeterThread: Stopping because end time detected by thread: Thread-Gruppe 2-3
2025-02-28 15:13:43,592 INFO o.a.j.t.JMeterThread: Thread finished: Thread-Gruppe 2-3
2025-02-28 15:13:43,597 INFO o.a.j.t.JMeterThread: Stopping because end time detected by thread: Thread-Gruppe 2-17
2025-02-28 15:13:43,597 INFO o.a.j.t.JMeterThread: Thread finished: Thread-Gruppe 2-17
2025-02-28 15:13:43,603 INFO o.a.j.t.JMeterThread: Stopping because end time detected by thread: Thread-Gruppe 2-10
2025-02-28 15:13:43,607 INFO o.a.j.t.JMeterThread: Thread finished: Thread-Gruppe 2-10
2025-02-28 15:13:43,640 INFO o.a.j.t.JMeterThread: Stopping because end time detected by thread: Thread-Gruppe 3-2
2025-02-28 15:13:43,640 INFO o.a.j.t.JMeterThread: Thread finished: Thread-Gruppe 3-2
2025-02-28 15:13:43,655 INFO o.a.j.t.JMeterThread: Stopping because end time detected by thread: Thread-Gruppe 1-42
2025-02-28 15:13:43,655 INFO o.a.j.t.JMeterThread: Thread finished: Thread-Gruppe 1-42
2025-02-28 15:13:43,687 INFO o.a.j.t.JMeterThread: Stopping because end time detected by thread: Thread-Gruppe 1-61
2025-02-28 15:13:43,687 INFO o.a.j.t.JMeterThread: Thread finished: Thread-Gruppe 1-61
2025-02-28 15:13:43,702 INFO o.a.j.t.JMeterThread: Stopping because end time detected by thread: Thread-Gruppe 1-31
2025-02-28 15:13:43,702 INFO o.a.j.t.JMeterThread: Thread finished: Thread-Gruppe 1-31
2025-02-28 15:13:43,702 INFO o.a.j.t.JMeterThread: Stopping because end time detected by thread: Thread-Gruppe 1-16
2025-02-28 15:13:43,702 INFO o.a.j.t.JMeterThread: Thread finished: Thread-Gruppe 1-16
2025-02-28 15:13:43,718 INFO o.a.j.t.JMeterThread: Stopping because end time detected by thread: Thread-Gruppe 2-15
2025-02-28 15:13:43,718 INFO o.a.j.t.JMeterThread: Thread finished: Thread-Gruppe 2-15
2025-02-28 15:13:43,752 INFO o.a.j.t.JMeterThread: Stopping because end time detected by thread: Thread-Gruppe 2-13
2025-02-28 15:13:43,752 INFO o.a.j.t.JMeterThread: Thread finished: Thread-Gruppe 2-13
2025-02-28 15:13:43,752 INFO o.a.j.t.JMeterThread: Stopping because end time detected by thread: Thread-Gruppe 2-2
2025-02-28 15:13:43,752 INFO o.a.j.t.JMeterThread: Thread finished: Thread-Gruppe 2-2
2025-02-28 15:13:43,793 INFO o.a.j.t.JMeterThread: Stopping because end time detected by thread: Thread-Gruppe 2-9
2025-02-28 15:13:43,793 INFO o.a.j.t.JMeterThread: Thread finished: Thread-Gruppe 2-9
2025-02-28 15:13:43,797 INFO o.a.j.t.JMeterThread: Stopping because end time detected by thread: Thread-Gruppe 1-43
2025-02-28 15:13:43,797 INFO o.a.j.t.JMeterThread: Thread finished: Thread-Gruppe 1-43
2025-02-28 15:13:43,802 INFO o.a.j.t.JMeterThread: Stopping because end time detected by thread: Thread-Gruppe 3-3
2025-02-28 15:13:43,802 INFO o.a.j.t.JMeterThread: Thread finished: Thread-Gruppe 3-3
2025-02-28 15:13:43,933 INFO o.a.j.t.JMeterThread: Stopping because end time detected by thread: Thread-Gruppe 1-44
2025-02-28 15:13:43,933 INFO o.a.j.t.JMeterThread: Thread finished: Thread-Gruppe 1-44
2025-02-28 15:13:44,053 INFO o.a.j.t.JMeterThread: Stopping because end time detected by thread: Thread-Gruppe 3-1
2025-02-28 15:13:44,053 INFO o.a.j.t.JMeterThread: Thread finished: Thread-Gruppe 3-1
2025-02-28 15:13:44,058 INFO o.a.j.t.JMeterThread: Stopping because end time detected by thread: Thread-Gruppe 1-45
2025-02-28 15:13:44,058 INFO o.a.j.t.JMeterThread: Thread finished: Thread-Gruppe 1-45
2025-02-28 15:13:44,170 INFO o.a.j.t.JMeterThread: Stopping because end time detected by thread: Thread-Gruppe 1-46
2025-02-28 15:13:44,170 INFO o.a.j.t.JMeterThread: Thread finished: Thread-Gruppe 1-46
2025-02-28 15:13:44,170 INFO o.a.j.e.StandardJMeterEngine: Notifying test listeners of end of test
2025-02-28 15:13:44,187 INFO o.a.j.r.Summariser: summary +   1057 in 00:00:14 =   74.6/s Avg:   315 Min:   237 Max:  1100 Err:     0 (0.00%) Active: 0 Started: 100 Finished: 100
2025-02-28 15:13:44,187 INFO o.a.j.r.Summariser: summary =  45463 in 00:11:01 =   68.7/s Avg:   338 Min:   236 Max:  1298 Err:     0 (0.00%)
