2025-02-27 09:35:07,803 INFO o.a.j.u.JMeterUtils: Setting Locale to en_EN
2025-02-27 09:35:07,833 INFO o.a.j.JMeter: Loading user properties from: D:\Semester 7\CS4203 - Research and Development Project\Artifacts\apache-jmeter-5.6.3\bin\user.properties
2025-02-27 09:35:07,833 INFO o.a.j.JMeter: Loading system properties from: D:\Semester 7\CS4203 - Research and Development Project\Artifacts\apache-jmeter-5.6.3\bin\system.properties
2025-02-27 09:35:07,833 INFO o.a.j.JMeter: Setting JMeter property: lb_1_hostname=34.67.126.244
2025-02-27 09:35:07,833 INFO o.a.j.JMeter: Setting JMeter property: lb_2_hostname=35.232.62.106
2025-02-27 09:35:07,833 INFO o.a.j.JMeter: Setting JMeter property: lb_1_port=8090
2025-02-27 09:35:07,833 INFO o.a.j.JMeter: Setting JMeter property: lb_2_port=8091
2025-02-27 09:35:07,846 INFO o.a.j.JMeter: Setting JMeter property: warm_up_users=20
2025-02-27 09:35:07,846 INFO o.a.j.JMeter: Setting JMeter property: warm_up_time=60
2025-02-27 09:35:07,846 INFO o.a.j.JMeter: Setting JMeter property: test_run_time=600
2025-02-27 09:35:07,846 INFO o.a.j.JMeter: Setting JMeter property: ramp_up=10
2025-02-27 09:35:07,846 INFO o.a.j.JMeter: Setting JMeter property: group_1=75
2025-02-27 09:35:07,846 INFO o.a.j.JMeter: Setting JMeter property: group_2=20
2025-02-27 09:35:07,846 INFO o.a.j.JMeter: Setting JMeter property: group_3=5
2025-02-27 09:35:07,846 INFO o.a.j.JMeter: Setting JMeter property: group_1_request_rate=30
2025-02-27 09:35:07,846 INFO o.a.j.JMeter: Setting JMeter property: group_2_request_rate=90
2025-02-27 09:35:07,846 INFO o.a.j.JMeter: Setting JMeter property: group_3_request_rate=120
2025-02-27 09:35:07,846 INFO o.a.j.JMeter: Setting JMeter property: log_file=d:\Semester 7\CS4203 - Research and Development Project\Artifacts\rate-limiter-nginx\jmeter\cloud\2025_02_27_09_12_logs\fixed_window_counter\redis_async_rate_limit_100_window_size_60_batch_percent_0.5\warm_up_results.csv
2025-02-27 09:35:07,846 INFO o.a.j.JMeter: Setting JMeter property: algorithm=fixed_window_counter_redis_async_rate_limit_100_window_size_60_batch_percent_0.5
2025-02-27 09:35:07,846 INFO o.a.j.JMeter: Setting JMeter property: auth=/fixed_window_counter/redis_async_rate_limit_100_window_size_60_batch_percent_0.5/tools.descartes.teastore.auth/rest
2025-02-27 09:35:07,846 INFO o.a.j.JMeter: Setting JMeter property: persistence=/fixed_window_counter/redis_async_rate_limit_100_window_size_60_batch_percent_0.5/tools.descartes.teastore.persistence/rest
2025-02-27 09:35:07,846 INFO o.a.j.JMeter: Setting JMeter property: recommender=/fixed_window_counter/redis_async_rate_limit_100_window_size_60_batch_percent_0.5/tools.descartes.teastore.recommender/rest
2025-02-27 09:35:07,846 INFO o.a.j.JMeter: Setting JMeter property: image=/fixed_window_counter/redis_async_rate_limit_100_window_size_60_batch_percent_0.5/tools.descartes.teastore.image/rest
2025-02-27 09:35:07,846 INFO o.a.j.JMeter: Copyright (c) 1998-2024 The Apache Software Foundation
2025-02-27 09:35:07,846 INFO o.a.j.JMeter: Version 5.6.3
2025-02-27 09:35:07,846 INFO o.a.j.JMeter: java.version=11.0.22
2025-02-27 09:35:07,846 INFO o.a.j.JMeter: java.vm.name=Java HotSpot(TM) 64-Bit Server VM
2025-02-27 09:35:07,846 INFO o.a.j.JMeter: os.name=Windows 10
2025-02-27 09:35:07,846 INFO o.a.j.JMeter: os.arch=amd64
2025-02-27 09:35:07,846 INFO o.a.j.JMeter: os.version=10.0
2025-02-27 09:35:07,846 INFO o.a.j.JMeter: file.encoding=Cp1252
2025-02-27 09:35:07,846 INFO o.a.j.JMeter: java.awt.headless=true
2025-02-27 09:35:07,846 INFO o.a.j.JMeter: Max memory     =1073741824
2025-02-27 09:35:07,846 INFO o.a.j.JMeter: Available Processors =12
2025-02-27 09:35:07,861 INFO o.a.j.JMeter: Default Locale=English (EN)
2025-02-27 09:35:07,861 INFO o.a.j.JMeter: JMeter  Locale=English (EN)
2025-02-27 09:35:07,861 INFO o.a.j.JMeter: JMeterHome=D:\Semester 7\CS4203 - Research and Development Project\Artifacts\apache-jmeter-5.6.3
2025-02-27 09:35:07,861 INFO o.a.j.JMeter: user.dir  =D:\Semester 7\CS4203 - Research and Development Project\Artifacts\rate-limiter-nginx
2025-02-27 09:35:07,861 INFO o.a.j.JMeter: PWD       =D:\Semester 7\CS4203 - Research and Development Project\Artifacts\rate-limiter-nginx
2025-02-27 09:35:07,876 INFO o.a.j.JMeter: IP: 10.10.21.101 Name: KOBI-MSI-PC FullName: 10.10.21.101
2025-02-27 09:35:07,894 INFO o.a.j.s.FileServer: Default base='D:\Semester 7\CS4203 - Research and Development Project\Artifacts\rate-limiter-nginx'
2025-02-27 09:35:07,894 INFO o.a.j.s.FileServer: Set new base='d:\Semester 7\CS4203 - Research and Development Project\Artifacts\rate-limiter-nginx\jmeter\cloud'
2025-02-27 09:35:08,118 INFO o.a.j.s.SaveService: Testplan (JMX) version: 2.2. Testlog (JTL) version: 2.2
2025-02-27 09:35:08,133 INFO o.a.j.s.SaveService: Using SaveService properties version 5.0
2025-02-27 09:35:08,148 INFO o.a.j.s.SaveService: Using SaveService properties file encoding UTF-8
2025-02-27 09:35:08,148 INFO o.a.j.s.SaveService: Loading file: d:\Semester 7\CS4203 - Research and Development Project\Artifacts\rate-limiter-nginx\jmeter\cloud\teastore_performance.jmx
2025-02-27 09:35:08,207 INFO o.a.j.p.h.c.CookieManager: Settings: Delete null: true Check: true Allow variable: true Save: false Prefix: COOKIE_
2025-02-27 09:35:08,245 INFO o.a.j.p.h.s.HTTPSamplerBase: Parser for text/html is org.apache.jmeter.protocol.http.parser.LagartoBasedHtmlParser
2025-02-27 09:35:08,245 INFO o.a.j.p.h.s.HTTPSamplerBase: Parser for application/xhtml+xml is org.apache.jmeter.protocol.http.parser.LagartoBasedHtmlParser
2025-02-27 09:35:08,245 INFO o.a.j.p.h.s.HTTPSamplerBase: Parser for application/xml is org.apache.jmeter.protocol.http.parser.LagartoBasedHtmlParser
2025-02-27 09:35:08,245 INFO o.a.j.p.h.s.HTTPSamplerBase: Parser for text/xml is org.apache.jmeter.protocol.http.parser.LagartoBasedHtmlParser
2025-02-27 09:35:08,246 INFO o.a.j.p.h.s.HTTPSamplerBase: Parser for text/vnd.wap.wml is org.apache.jmeter.protocol.http.parser.RegexpHTMLParser
2025-02-27 09:35:08,246 INFO o.a.j.p.h.s.HTTPSamplerBase: Parser for text/css is org.apache.jmeter.protocol.http.parser.CssParser
2025-02-27 09:35:08,405 INFO o.a.j.s.SampleResult: Note: Sample TimeStamps are START times
2025-02-27 09:35:08,405 INFO o.a.j.s.SampleResult: sampleresult.default.encoding is set to UTF-8
2025-02-27 09:35:08,405 INFO o.a.j.s.SampleResult: sampleresult.useNanoTime=true
2025-02-27 09:35:08,405 INFO o.a.j.s.SampleResult: sampleresult.nanoThreadSleep=5000
2025-02-27 09:35:08,450 INFO o.a.j.JMeter: Creating summariser <summary>
2025-02-27 09:35:08,475 INFO o.a.j.e.StandardJMeterEngine: Running the test!
2025-02-27 09:35:08,476 INFO o.a.j.s.SampleEvent: List of sample_variables: []
2025-02-27 09:35:08,476 INFO o.a.j.s.SampleEvent: List of sample_variables: []
2025-02-27 09:35:08,484 INFO o.a.j.e.u.CompoundVariable: Note: Function class names must contain the string: '.functions.'
2025-02-27 09:35:08,484 INFO o.a.j.e.u.CompoundVariable: Note: Function class names must not contain the string: '.gui.'
2025-02-27 09:35:08,791 INFO o.a.j.r.ClassFinder: Will scan jar D:\Semester 7\CS4203 - Research and Development Project\Artifacts\apache-jmeter-5.6.3\lib\ext\jmeter-plugins-casutg-2.10.jar with filter ExtendsClassFilter [parents=[interface org.apache.jmeter.functions.Function], inner=false, contains=null, notContains=null]. Consider exposing JMeter plugins via META-INF/services, and add JMeter-Skip-Class-Scanning=true manifest attribute so JMeter can skip classfile scanning
2025-02-27 09:35:08,806 INFO o.a.j.r.ClassFinder: Will scan jar D:\Semester 7\CS4203 - Research and Development Project\Artifacts\apache-jmeter-5.6.3\lib\ext\jmeter-plugins-graphs-additional-2.0.jar with filter ExtendsClassFilter [parents=[interface org.apache.jmeter.functions.Function], inner=false, contains=null, notContains=null]. Consider exposing JMeter plugins via META-INF/services, and add JMeter-Skip-Class-Scanning=true manifest attribute so JMeter can skip classfile scanning
2025-02-27 09:35:08,821 INFO o.a.j.r.ClassFinder: Will scan jar D:\Semester 7\CS4203 - Research and Development Project\Artifacts\apache-jmeter-5.6.3\lib\ext\jmeter-plugins-perfmon-2.1.jar with filter ExtendsClassFilter [parents=[interface org.apache.jmeter.functions.Function], inner=false, contains=null, notContains=null]. Consider exposing JMeter plugins via META-INF/services, and add JMeter-Skip-Class-Scanning=true manifest attribute so JMeter can skip classfile scanning
2025-02-27 09:35:08,821 INFO o.a.j.r.ClassFinder: Will scan jar D:\Semester 7\CS4203 - Research and Development Project\Artifacts\apache-jmeter-5.6.3\lib\ext\json-lib-2.4-jdk15.jar with filter ExtendsClassFilter [parents=[interface org.apache.jmeter.functions.Function], inner=false, contains=null, notContains=null]. Consider exposing JMeter plugins via META-INF/services, and add JMeter-Skip-Class-Scanning=true manifest attribute so JMeter can skip classfile scanning
2025-02-27 09:35:08,836 INFO o.a.j.r.ClassFinder: Will scan jar D:\Semester 7\CS4203 - Research and Development Project\Artifacts\apache-jmeter-5.6.3\lib\ext\perfmon-2.2.2.jar with filter ExtendsClassFilter [parents=[interface org.apache.jmeter.functions.Function], inner=false, contains=null, notContains=null]. Consider exposing JMeter plugins via META-INF/services, and add JMeter-Skip-Class-Scanning=true manifest attribute so JMeter can skip classfile scanning
2025-02-27 09:35:08,866 INFO o.a.j.r.ClassFinder: Will scan jar D:\Semester 7\CS4203 - Research and Development Project\Artifacts\apache-jmeter-5.6.3\lib\ext\jmeter-plugins-manager-1.10.jar with filter ExtendsClassFilter [parents=[interface org.apache.jmeter.functions.Function], inner=false, contains=null, notContains=null]. Consider exposing JMeter plugins via META-INF/services, and add JMeter-Skip-Class-Scanning=true manifest attribute so JMeter can skip classfile scanning
2025-02-27 09:35:08,955 INFO o.a.j.r.ClassFinder: Will scan jar D:\Semester 7\CS4203 - Research and Development Project\Artifacts\apache-jmeter-5.6.3\lib\ext\jmeter-plugins-graphs-vs-2.0.jar with filter ExtendsClassFilter [parents=[interface org.apache.jmeter.functions.Function], inner=false, contains=null, notContains=null]. Consider exposing JMeter plugins via META-INF/services, and add JMeter-Skip-Class-Scanning=true manifest attribute so JMeter can skip classfile scanning
2025-02-27 09:35:08,955 INFO o.a.j.r.ClassFinder: Will scan jar D:\Semester 7\CS4203 - Research and Development Project\Artifacts\apache-jmeter-5.6.3\lib\ext\jmeter-parallel-0.12.jar with filter ExtendsClassFilter [parents=[interface org.apache.jmeter.functions.Function], inner=false, contains=null, notContains=null]. Consider exposing JMeter plugins via META-INF/services, and add JMeter-Skip-Class-Scanning=true manifest attribute so JMeter can skip classfile scanning
2025-02-27 09:35:08,970 INFO o.a.j.r.ClassFinder: Will scan jar D:\Semester 7\CS4203 - Research and Development Project\Artifacts\apache-jmeter-5.6.3\lib\ext\jmeter-plugins-tst-2.6.jar with filter ExtendsClassFilter [parents=[interface org.apache.jmeter.functions.Function], inner=false, contains=null, notContains=null]. Consider exposing JMeter plugins via META-INF/services, and add JMeter-Skip-Class-Scanning=true manifest attribute so JMeter can skip classfile scanning
2025-02-27 09:35:08,970 INFO o.a.j.r.ClassFinder: Will scan jar D:\Semester 7\CS4203 - Research and Development Project\Artifacts\apache-jmeter-5.6.3\lib\ext\jmeter-prometheus-plugin-0.6.0.jar with filter ExtendsClassFilter [parents=[interface org.apache.jmeter.functions.Function], inner=false, contains=null, notContains=null]. Consider exposing JMeter plugins via META-INF/services, and add JMeter-Skip-Class-Scanning=true manifest attribute so JMeter can skip classfile scanning
2025-02-27 09:35:08,985 INFO o.a.j.r.ClassFinder: Will scan jar D:\Semester 7\CS4203 - Research and Development Project\Artifacts\apache-jmeter-5.6.3\lib\ext\jmeter-plugins-graphs-basic-2.0.jar with filter ExtendsClassFilter [parents=[interface org.apache.jmeter.functions.Function], inner=false, contains=null, notContains=null]. Consider exposing JMeter plugins via META-INF/services, and add JMeter-Skip-Class-Scanning=true manifest attribute so JMeter can skip classfile scanning
2025-02-27 09:35:09,420 INFO o.a.j.JMeter: Running test (1740629109420)
2025-02-27 09:35:09,420 INFO o.a.j.e.StandardJMeterEngine: Starting setUp thread groups
2025-02-27 09:35:09,420 INFO o.a.j.e.StandardJMeterEngine: Starting setUp ThreadGroup: 1 : setUp Thread Group 
2025-02-27 09:35:09,420 INFO o.a.j.e.StandardJMeterEngine: Starting 20 threads for group setUp Thread Group.
2025-02-27 09:35:09,420 INFO o.a.j.e.StandardJMeterEngine: Thread will continue on error
2025-02-27 09:35:09,420 INFO o.a.j.t.ThreadGroup: Starting thread group... number=1 threads=20 ramp-up=10 delayedStart=false
2025-02-27 09:35:09,435 INFO o.a.j.t.JMeterThread: Thread started: setUp Thread Group 1-1
2025-02-27 09:35:09,497 INFO o.a.j.t.ThreadGroup: Started thread group number 1
2025-02-27 09:35:09,497 INFO o.a.j.e.StandardJMeterEngine: Waiting for all setup thread groups to exit
2025-02-27 09:35:09,942 INFO o.a.j.t.JMeterThread: Thread started: setUp Thread Group 1-2
2025-02-27 09:35:10,435 INFO o.a.j.t.JMeterThread: Thread started: setUp Thread Group 1-3
2025-02-27 09:35:10,577 INFO o.a.j.p.h.s.HTTPHCAbstractImpl: Local host = KOBI-MSI-PC
2025-02-27 09:35:10,584 INFO o.a.j.p.h.s.HTTPHC4Impl: HTTP request retry count = 0
2025-02-27 09:35:10,939 INFO o.a.j.t.JMeterThread: Thread started: setUp Thread Group 1-4
2025-02-27 09:35:11,441 INFO o.a.j.t.JMeterThread: Thread started: setUp Thread Group 1-5
2025-02-27 09:35:11,927 INFO o.a.j.t.JMeterThread: Thread started: setUp Thread Group 1-6
2025-02-27 09:35:12,426 INFO o.a.j.t.JMeterThread: Thread started: setUp Thread Group 1-7
2025-02-27 09:35:12,927 INFO o.a.j.t.JMeterThread: Thread started: setUp Thread Group 1-8
2025-02-27 09:35:13,427 INFO o.a.j.t.JMeterThread: Thread started: setUp Thread Group 1-9
2025-02-27 09:35:13,925 INFO o.a.j.t.JMeterThread: Thread started: setUp Thread Group 1-10
2025-02-27 09:35:14,427 INFO o.a.j.t.JMeterThread: Thread started: setUp Thread Group 1-11
2025-02-27 09:35:14,924 INFO o.a.j.t.JMeterThread: Thread started: setUp Thread Group 1-12
2025-02-27 09:35:15,425 INFO o.a.j.t.JMeterThread: Thread started: setUp Thread Group 1-13
2025-02-27 09:35:15,924 INFO o.a.j.t.JMeterThread: Thread started: setUp Thread Group 1-14
2025-02-27 09:35:16,425 INFO o.a.j.t.JMeterThread: Thread started: setUp Thread Group 1-15
2025-02-27 09:35:16,925 INFO o.a.j.t.JMeterThread: Thread started: setUp Thread Group 1-16
2025-02-27 09:35:17,425 INFO o.a.j.t.JMeterThread: Thread started: setUp Thread Group 1-17
2025-02-27 09:35:17,925 INFO o.a.j.t.JMeterThread: Thread started: setUp Thread Group 1-18
2025-02-27 09:35:18,426 INFO o.a.j.t.JMeterThread: Thread started: setUp Thread Group 1-19
2025-02-27 09:35:18,926 INFO o.a.j.t.JMeterThread: Thread started: setUp Thread Group 1-20
2025-02-27 09:36:09,287 INFO o.a.j.t.JMeterThread: Thread finished: setUp Thread Group 1-19
2025-02-27 09:36:09,304 INFO o.a.j.t.JMeterThread: Thread finished: setUp Thread Group 1-18
2025-02-27 09:36:09,320 INFO o.a.j.t.JMeterThread: Thread finished: setUp Thread Group 1-20
2025-02-27 09:36:09,325 INFO o.a.j.t.JMeterThread: Thread finished: setUp Thread Group 1-17
2025-02-27 09:36:09,387 INFO o.a.j.t.JMeterThread: Thread finished: setUp Thread Group 1-16
2025-02-27 09:36:09,412 INFO o.a.j.t.JMeterThread: Thread finished: setUp Thread Group 1-13
2025-02-27 09:36:09,427 INFO o.a.j.t.JMeterThread: Thread finished: setUp Thread Group 1-15
2025-02-27 09:36:09,472 INFO o.a.j.t.JMeterThread: Thread finished: setUp Thread Group 1-14
2025-02-27 09:36:09,472 INFO o.a.j.t.JMeterThread: Stopping because end time detected by thread: setUp Thread Group 1-6
2025-02-27 09:36:09,472 INFO o.a.j.t.JMeterThread: Thread finished: setUp Thread Group 1-6
2025-02-27 09:36:09,487 INFO o.a.j.t.JMeterThread: Stopping because end time detected by thread: setUp Thread Group 1-3
2025-02-27 09:36:09,487 INFO o.a.j.t.JMeterThread: Thread finished: setUp Thread Group 1-3
2025-02-27 09:36:09,532 INFO o.a.j.t.JMeterThread: Stopping because end time detected by thread: setUp Thread Group 1-2
2025-02-27 09:36:09,532 INFO o.a.j.t.JMeterThread: Thread finished: setUp Thread Group 1-2
2025-02-27 09:36:09,532 INFO o.a.j.t.JMeterThread: Stopping because end time detected by thread: setUp Thread Group 1-1
2025-02-27 09:36:09,532 INFO o.a.j.t.JMeterThread: Thread finished: setUp Thread Group 1-1
2025-02-27 09:36:09,532 INFO o.a.j.t.JMeterThread: Stopping because end time detected by thread: setUp Thread Group 1-4
2025-02-27 09:36:09,532 INFO o.a.j.t.JMeterThread: Thread finished: setUp Thread Group 1-4
2025-02-27 09:36:09,547 INFO o.a.j.t.JMeterThread: Stopping because end time detected by thread: setUp Thread Group 1-11
2025-02-27 09:36:09,547 INFO o.a.j.t.JMeterThread: Thread finished: setUp Thread Group 1-11
2025-02-27 09:36:09,562 INFO o.a.j.t.JMeterThread: Stopping because end time detected by thread: setUp Thread Group 1-7
2025-02-27 09:36:09,562 INFO o.a.j.t.JMeterThread: Thread finished: setUp Thread Group 1-7
2025-02-27 09:36:09,577 INFO o.a.j.t.JMeterThread: Stopping because end time detected by thread: setUp Thread Group 1-5
2025-02-27 09:36:09,577 INFO o.a.j.t.JMeterThread: Thread finished: setUp Thread Group 1-5
2025-02-27 09:36:09,637 INFO o.a.j.t.JMeterThread: Stopping because end time detected by thread: setUp Thread Group 1-9
2025-02-27 09:36:09,637 INFO o.a.j.t.JMeterThread: Thread finished: setUp Thread Group 1-9
2025-02-27 09:36:09,637 INFO o.a.j.t.JMeterThread: Stopping because end time detected by thread: setUp Thread Group 1-10
2025-02-27 09:36:09,652 INFO o.a.j.t.JMeterThread: Thread finished: setUp Thread Group 1-10
2025-02-27 09:36:09,862 INFO o.a.j.t.JMeterThread: Stopping because end time detected by thread: setUp Thread Group 1-12
2025-02-27 09:36:09,862 INFO o.a.j.t.JMeterThread: Thread finished: setUp Thread Group 1-12
2025-02-27 09:36:10,062 INFO o.a.j.t.JMeterThread: Stopping because end time detected by thread: setUp Thread Group 1-8
2025-02-27 09:36:10,062 INFO o.a.j.t.JMeterThread: Thread finished: setUp Thread Group 1-8
2025-02-27 09:36:10,077 INFO o.a.j.e.StandardJMeterEngine: All Setup Threads have ended
2025-02-27 09:36:10,107 INFO o.a.j.e.StandardJMeterEngine: Starting ThreadGroup: 1 : Thread-Gruppe
2025-02-27 09:36:10,122 INFO o.a.j.e.StandardJMeterEngine: Starting 75 threads for group Thread-Gruppe.
2025-02-27 09:36:10,122 INFO o.a.j.e.StandardJMeterEngine: Thread will continue on error
2025-02-27 09:36:10,122 INFO o.a.j.t.ThreadGroup: Starting thread group... number=1 threads=75 ramp-up=10 delayedStart=false
2025-02-27 09:36:10,123 INFO o.a.j.t.JMeterThread: Thread started: Thread-Gruppe 1-1
2025-02-27 09:36:10,222 INFO o.a.j.t.ThreadGroup: Started thread group number 1
2025-02-27 09:36:10,222 INFO o.a.j.e.StandardJMeterEngine: Starting ThreadGroup: 2 : Thread-Gruppe
2025-02-27 09:36:10,222 INFO o.a.j.e.StandardJMeterEngine: Starting 20 threads for group Thread-Gruppe.
2025-02-27 09:36:10,223 INFO o.a.j.e.StandardJMeterEngine: Thread will continue on error
2025-02-27 09:36:10,223 INFO o.a.j.t.ThreadGroup: Starting thread group... number=2 threads=20 ramp-up=10 delayedStart=false
2025-02-27 09:36:10,225 INFO o.a.j.t.JMeterThread: Thread started: Thread-Gruppe 2-1
2025-02-27 09:36:10,244 INFO o.a.j.t.ThreadGroup: Started thread group number 2
2025-02-27 09:36:10,244 INFO o.a.j.e.StandardJMeterEngine: Starting ThreadGroup: 3 : Thread-Gruppe
2025-02-27 09:36:10,244 INFO o.a.j.e.StandardJMeterEngine: Starting 5 threads for group Thread-Gruppe.
2025-02-27 09:36:10,244 INFO o.a.j.e.StandardJMeterEngine: Thread will continue on error
2025-02-27 09:36:10,244 INFO o.a.j.t.ThreadGroup: Starting thread group... number=3 threads=5 ramp-up=10 delayedStart=false
2025-02-27 09:36:10,246 INFO o.a.j.t.JMeterThread: Thread started: Thread-Gruppe 3-1
2025-02-27 09:36:10,251 INFO o.a.j.t.ThreadGroup: Started thread group number 3
2025-02-27 09:36:10,251 INFO o.a.j.e.StandardJMeterEngine: All thread groups have been started
2025-02-27 09:36:10,259 INFO o.a.j.t.JMeterThread: Thread started: Thread-Gruppe 1-2
2025-02-27 09:36:10,395 INFO o.a.j.t.JMeterThread: Thread started: Thread-Gruppe 1-3
2025-02-27 09:36:10,526 INFO o.a.j.t.JMeterThread: Thread started: Thread-Gruppe 1-4
2025-02-27 09:36:10,658 INFO o.a.j.t.JMeterThread: Thread started: Thread-Gruppe 1-5
2025-02-27 09:36:10,725 INFO o.a.j.t.JMeterThread: Thread started: Thread-Gruppe 2-2
2025-02-27 09:36:10,790 INFO o.a.j.t.JMeterThread: Thread started: Thread-Gruppe 1-6
2025-02-27 09:36:10,923 INFO o.a.j.t.JMeterThread: Thread started: Thread-Gruppe 1-7
2025-02-27 09:36:11,056 INFO o.a.j.t.JMeterThread: Thread started: Thread-Gruppe 1-8
2025-02-27 09:36:11,190 INFO o.a.j.t.JMeterThread: Thread started: Thread-Gruppe 1-9
2025-02-27 09:36:11,226 INFO o.a.j.t.JMeterThread: Thread started: Thread-Gruppe 2-3
2025-02-27 09:36:11,324 INFO o.a.j.t.JMeterThread: Thread started: Thread-Gruppe 1-10
2025-02-27 09:36:11,457 INFO o.a.j.t.JMeterThread: Thread started: Thread-Gruppe 1-11
2025-02-27 09:36:11,589 INFO o.a.j.t.JMeterThread: Thread started: Thread-Gruppe 1-12
2025-02-27 09:36:11,722 INFO o.a.j.t.JMeterThread: Thread started: Thread-Gruppe 1-13
2025-02-27 09:36:11,726 INFO o.a.j.t.JMeterThread: Thread started: Thread-Gruppe 2-4
2025-02-27 09:36:11,854 INFO o.a.j.t.JMeterThread: Thread started: Thread-Gruppe 1-14
2025-02-27 09:36:11,987 INFO o.a.j.t.JMeterThread: Thread started: Thread-Gruppe 1-15
2025-02-27 09:36:12,121 INFO o.a.j.t.JMeterThread: Thread started: Thread-Gruppe 1-16
2025-02-27 09:36:12,225 INFO o.a.j.t.JMeterThread: Thread started: Thread-Gruppe 2-5
2025-02-27 09:36:12,247 INFO o.a.j.t.JMeterThread: Thread started: Thread-Gruppe 3-2
2025-02-27 09:36:12,253 INFO o.a.j.t.JMeterThread: Thread started: Thread-Gruppe 1-17
2025-02-27 09:36:12,385 INFO o.a.j.t.JMeterThread: Thread started: Thread-Gruppe 1-18
2025-02-27 09:36:12,518 INFO o.a.j.t.JMeterThread: Thread started: Thread-Gruppe 1-19
2025-02-27 09:36:12,652 INFO o.a.j.t.JMeterThread: Thread started: Thread-Gruppe 1-20
2025-02-27 09:36:12,725 INFO o.a.j.t.JMeterThread: Thread started: Thread-Gruppe 2-6
2025-02-27 09:36:12,787 INFO o.a.j.t.JMeterThread: Thread started: Thread-Gruppe 1-21
2025-02-27 09:36:12,918 INFO o.a.j.t.JMeterThread: Thread started: Thread-Gruppe 1-22
2025-02-27 09:36:13,050 INFO o.a.j.t.JMeterThread: Thread started: Thread-Gruppe 1-23
2025-02-27 09:36:13,184 INFO o.a.j.t.JMeterThread: Thread started: Thread-Gruppe 1-24
2025-02-27 09:36:13,225 INFO o.a.j.t.JMeterThread: Thread started: Thread-Gruppe 2-7
2025-02-27 09:36:13,318 INFO o.a.j.t.JMeterThread: Thread started: Thread-Gruppe 1-25
2025-02-27 09:36:13,450 INFO o.a.j.t.JMeterThread: Thread started: Thread-Gruppe 1-26
2025-02-27 09:36:13,584 INFO o.a.j.t.JMeterThread: Thread started: Thread-Gruppe 1-27
2025-02-27 09:36:13,717 INFO o.a.j.t.JMeterThread: Thread started: Thread-Gruppe 1-28
2025-02-27 09:36:13,725 INFO o.a.j.t.JMeterThread: Thread started: Thread-Gruppe 2-8
2025-02-27 09:36:13,849 INFO o.a.j.t.JMeterThread: Thread started: Thread-Gruppe 1-29
2025-02-27 09:36:13,982 INFO o.a.j.t.JMeterThread: Thread started: Thread-Gruppe 1-30
2025-02-27 09:36:14,114 INFO o.a.j.t.JMeterThread: Thread started: Thread-Gruppe 1-31
2025-02-27 09:36:14,225 INFO o.a.j.t.JMeterThread: Thread started: Thread-Gruppe 2-9
2025-02-27 09:36:14,246 INFO o.a.j.t.JMeterThread: Thread started: Thread-Gruppe 3-3
2025-02-27 09:36:14,249 INFO o.a.j.t.JMeterThread: Thread started: Thread-Gruppe 1-32
2025-02-27 09:36:14,380 INFO o.a.j.t.JMeterThread: Thread started: Thread-Gruppe 1-33
2025-02-27 09:36:14,514 INFO o.a.j.t.JMeterThread: Thread started: Thread-Gruppe 1-34
2025-02-27 09:36:14,647 INFO o.a.j.t.JMeterThread: Thread started: Thread-Gruppe 1-35
2025-02-27 09:36:14,726 INFO o.a.j.t.JMeterThread: Thread started: Thread-Gruppe 2-10
2025-02-27 09:36:14,780 INFO o.a.j.t.JMeterThread: Thread started: Thread-Gruppe 1-36
2025-02-27 09:36:14,912 INFO o.a.j.t.JMeterThread: Thread started: Thread-Gruppe 1-37
2025-02-27 09:36:15,046 INFO o.a.j.t.JMeterThread: Thread started: Thread-Gruppe 1-38
2025-02-27 09:36:15,178 INFO o.a.j.t.JMeterThread: Thread started: Thread-Gruppe 1-39
2025-02-27 09:36:15,226 INFO o.a.j.t.JMeterThread: Thread started: Thread-Gruppe 2-11
2025-02-27 09:36:15,313 INFO o.a.j.t.JMeterThread: Thread started: Thread-Gruppe 1-40
2025-02-27 09:36:15,446 INFO o.a.j.t.JMeterThread: Thread started: Thread-Gruppe 1-41
2025-02-27 09:36:15,579 INFO o.a.j.t.JMeterThread: Thread started: Thread-Gruppe 1-42
2025-02-27 09:36:15,711 INFO o.a.j.t.JMeterThread: Thread started: Thread-Gruppe 1-43
2025-02-27 09:36:15,725 INFO o.a.j.t.JMeterThread: Thread started: Thread-Gruppe 2-12
2025-02-27 09:36:15,845 INFO o.a.j.t.JMeterThread: Thread started: Thread-Gruppe 1-44
2025-02-27 09:36:15,977 INFO o.a.j.t.JMeterThread: Thread started: Thread-Gruppe 1-45
2025-02-27 09:36:16,110 INFO o.a.j.t.JMeterThread: Thread started: Thread-Gruppe 1-46
2025-02-27 09:36:16,225 INFO o.a.j.t.JMeterThread: Thread started: Thread-Gruppe 2-13
2025-02-27 09:36:16,244 INFO o.a.j.t.JMeterThread: Thread started: Thread-Gruppe 1-47
2025-02-27 09:36:16,247 INFO o.a.j.t.JMeterThread: Thread started: Thread-Gruppe 3-4
2025-02-27 09:36:16,376 INFO o.a.j.t.JMeterThread: Thread started: Thread-Gruppe 1-48
2025-02-27 09:36:16,509 INFO o.a.j.t.JMeterThread: Thread started: Thread-Gruppe 1-49
2025-02-27 09:36:16,641 INFO o.a.j.t.JMeterThread: Thread started: Thread-Gruppe 1-50
2025-02-27 09:36:16,725 INFO o.a.j.t.JMeterThread: Thread started: Thread-Gruppe 2-14
2025-02-27 09:36:16,774 INFO o.a.j.t.JMeterThread: Thread started: Thread-Gruppe 1-51
2025-02-27 09:36:16,907 INFO o.a.j.t.JMeterThread: Thread started: Thread-Gruppe 1-52
2025-02-27 09:36:17,041 INFO o.a.j.t.JMeterThread: Thread started: Thread-Gruppe 1-53
2025-02-27 09:36:17,173 INFO o.a.j.t.JMeterThread: Thread started: Thread-Gruppe 1-54
2025-02-27 09:36:17,226 INFO o.a.j.t.JMeterThread: Thread started: Thread-Gruppe 2-15
2025-02-27 09:36:17,307 INFO o.a.j.t.JMeterThread: Thread started: Thread-Gruppe 1-55
2025-02-27 09:36:17,439 INFO o.a.j.t.JMeterThread: Thread started: Thread-Gruppe 1-56
2025-02-27 09:36:17,572 INFO o.a.j.t.JMeterThread: Thread started: Thread-Gruppe 1-57
2025-02-27 09:36:17,706 INFO o.a.j.t.JMeterThread: Thread started: Thread-Gruppe 1-58
2025-02-27 09:36:17,726 INFO o.a.j.t.JMeterThread: Thread started: Thread-Gruppe 2-16
2025-02-27 09:36:17,838 INFO o.a.j.t.JMeterThread: Thread started: Thread-Gruppe 1-59
2025-02-27 09:36:17,971 INFO o.a.j.t.JMeterThread: Thread started: Thread-Gruppe 1-60
2025-02-27 09:36:18,104 INFO o.a.j.t.JMeterThread: Thread started: Thread-Gruppe 1-61
2025-02-27 09:36:18,225 INFO o.a.j.t.JMeterThread: Thread started: Thread-Gruppe 2-17
2025-02-27 09:36:18,237 INFO o.a.j.t.JMeterThread: Thread started: Thread-Gruppe 1-62
2025-02-27 09:36:18,246 INFO o.a.j.t.JMeterThread: Thread started: Thread-Gruppe 3-5
2025-02-27 09:36:18,370 INFO o.a.j.t.JMeterThread: Thread started: Thread-Gruppe 1-63
2025-02-27 09:36:18,503 INFO o.a.j.t.JMeterThread: Thread started: Thread-Gruppe 1-64
2025-02-27 09:36:18,636 INFO o.a.j.t.JMeterThread: Thread started: Thread-Gruppe 1-65
2025-02-27 09:36:18,725 INFO o.a.j.t.JMeterThread: Thread started: Thread-Gruppe 2-18
2025-02-27 09:36:18,769 INFO o.a.j.t.JMeterThread: Thread started: Thread-Gruppe 1-66
2025-02-27 09:36:18,902 INFO o.a.j.t.JMeterThread: Thread started: Thread-Gruppe 1-67
2025-02-27 09:36:19,035 INFO o.a.j.t.JMeterThread: Thread started: Thread-Gruppe 1-68
2025-02-27 09:36:19,168 INFO o.a.j.t.JMeterThread: Thread started: Thread-Gruppe 1-69
2025-02-27 09:36:19,226 INFO o.a.j.t.JMeterThread: Thread started: Thread-Gruppe 2-19
2025-02-27 09:36:19,301 INFO o.a.j.t.JMeterThread: Thread started: Thread-Gruppe 1-70
2025-02-27 09:36:19,434 INFO o.a.j.t.JMeterThread: Thread started: Thread-Gruppe 1-71
2025-02-27 09:36:19,567 INFO o.a.j.t.JMeterThread: Thread started: Thread-Gruppe 1-72
2025-02-27 09:36:19,700 INFO o.a.j.t.JMeterThread: Thread started: Thread-Gruppe 1-73
2025-02-27 09:36:19,726 INFO o.a.j.t.JMeterThread: Thread started: Thread-Gruppe 2-20
2025-02-27 09:36:19,833 INFO o.a.j.t.JMeterThread: Thread started: Thread-Gruppe 1-74
2025-02-27 09:36:19,966 INFO o.a.j.t.JMeterThread: Thread started: Thread-Gruppe 1-75
2025-02-27 09:36:30,027 INFO o.a.j.r.Summariser: summary +   1178 in 00:01:21 =   14.6/s Avg:   348 Min:   249 Max:   819 Err:     0 (0.00%) Active: 100 Started: 100 Finished: 0
2025-02-27 09:37:00,002 INFO o.a.j.r.Summariser: summary +   2290 in 00:00:30 =   76.4/s Avg:   327 Min:   249 Max:   831 Err:     0 (0.00%) Active: 100 Started: 100 Finished: 0
2025-02-27 09:37:00,003 INFO o.a.j.r.Summariser: summary =   3468 in 00:01:51 =   31.4/s Avg:   334 Min:   249 Max:   831 Err:     0 (0.00%)
2025-02-27 09:37:30,003 INFO o.a.j.r.Summariser: summary +   2282 in 00:00:30 =   76.1/s Avg:   354 Min:   249 Max:  1085 Err:     0 (0.00%) Active: 100 Started: 100 Finished: 0
2025-02-27 09:37:30,004 INFO o.a.j.r.Summariser: summary =   5750 in 00:02:21 =   40.9/s Avg:   342 Min:   249 Max:  1085 Err:     0 (0.00%)
2025-02-27 09:38:00,019 INFO o.a.j.r.Summariser: summary +   2289 in 00:00:30 =   76.3/s Avg:   327 Min:   249 Max:   840 Err:     0 (0.00%) Active: 100 Started: 100 Finished: 0
2025-02-27 09:38:00,020 INFO o.a.j.r.Summariser: summary =   8039 in 00:02:51 =   47.1/s Avg:   338 Min:   249 Max:  1085 Err:     0 (0.00%)
2025-02-27 09:38:30,034 INFO o.a.j.r.Summariser: summary +   2285 in 00:00:30 =   76.1/s Avg:   366 Min:   248 Max:  1213 Err:     0 (0.00%) Active: 100 Started: 100 Finished: 0
2025-02-27 09:38:30,036 INFO o.a.j.r.Summariser: summary =  10324 in 00:03:21 =   51.5/s Avg:   344 Min:   248 Max:  1213 Err:     0 (0.00%)
2025-02-27 09:39:00,019 INFO o.a.j.r.Summariser: summary +   2295 in 00:00:30 =   76.5/s Avg:   315 Min:   249 Max:   909 Err:     0 (0.00%) Active: 100 Started: 100 Finished: 0
2025-02-27 09:39:00,020 INFO o.a.j.r.Summariser: summary =  12619 in 00:03:51 =   54.7/s Avg:   339 Min:   248 Max:  1213 Err:     0 (0.00%)
2025-02-27 09:39:30,019 INFO o.a.j.r.Summariser: summary +   2278 in 00:00:30 =   75.9/s Avg:   359 Min:   249 Max:  1082 Err:     0 (0.00%) Active: 100 Started: 100 Finished: 0
2025-02-27 09:39:30,020 INFO o.a.j.r.Summariser: summary =  14897 in 00:04:21 =   57.2/s Avg:   342 Min:   248 Max:  1213 Err:     0 (0.00%)
2025-02-27 09:40:00,004 INFO o.a.j.r.Summariser: summary +   2291 in 00:00:30 =   76.4/s Avg:   325 Min:   249 Max:   861 Err:     0 (0.00%) Active: 100 Started: 100 Finished: 0
2025-02-27 09:40:00,005 INFO o.a.j.r.Summariser: summary =  17188 in 00:04:51 =   59.1/s Avg:   340 Min:   248 Max:  1213 Err:     0 (0.00%)
2025-02-27 09:40:30,011 INFO o.a.j.r.Summariser: summary +   2276 in 00:00:30 =   75.8/s Avg:   355 Min:   249 Max:  1090 Err:     0 (0.00%) Active: 100 Started: 100 Finished: 0
2025-02-27 09:40:30,013 INFO o.a.j.r.Summariser: summary =  19464 in 00:05:21 =   60.7/s Avg:   341 Min:   248 Max:  1213 Err:     0 (0.00%)
2025-02-27 09:41:00,002 INFO o.a.j.r.Summariser: summary +   2294 in 00:00:30 =   76.5/s Avg:   330 Min:   249 Max:  1602 Err:     0 (0.00%) Active: 100 Started: 100 Finished: 0
2025-02-27 09:41:00,003 INFO o.a.j.r.Summariser: summary =  21758 in 00:05:51 =   62.1/s Avg:   340 Min:   248 Max:  1602 Err:     0 (0.00%)
2025-02-27 09:41:30,019 INFO o.a.j.r.Summariser: summary +   2290 in 00:00:30 =   76.3/s Avg:   351 Min:   249 Max:  1025 Err:     0 (0.00%) Active: 100 Started: 100 Finished: 0
2025-02-27 09:41:30,021 INFO o.a.j.r.Summariser: summary =  24048 in 00:06:21 =   63.2/s Avg:   341 Min:   248 Max:  1602 Err:     0 (0.00%)
2025-02-27 09:42:00,006 INFO o.a.j.r.Summariser: summary +   2290 in 00:00:30 =   76.4/s Avg:   326 Min:   249 Max:   825 Err:     0 (0.00%) Active: 100 Started: 100 Finished: 0
2025-02-27 09:42:00,007 INFO o.a.j.r.Summariser: summary =  26338 in 00:06:51 =   64.1/s Avg:   340 Min:   248 Max:  1602 Err:     0 (0.00%)
2025-02-27 09:42:30,008 INFO o.a.j.r.Summariser: summary +   2295 in 00:00:30 =   76.5/s Avg:   352 Min:   249 Max:  1209 Err:     0 (0.00%) Active: 100 Started: 100 Finished: 0
2025-02-27 09:42:30,008 INFO o.a.j.r.Summariser: summary =  28633 in 00:07:21 =   65.0/s Avg:   341 Min:   248 Max:  1602 Err:     0 (0.00%)
2025-02-27 09:43:00,022 INFO o.a.j.r.Summariser: summary +   2287 in 00:00:30 =   76.2/s Avg:   323 Min:   249 Max:   864 Err:     0 (0.00%) Active: 100 Started: 100 Finished: 0
2025-02-27 09:43:00,024 INFO o.a.j.r.Summariser: summary =  30920 in 00:07:51 =   65.7/s Avg:   339 Min:   248 Max:  1602 Err:     0 (0.00%)
2025-02-27 09:43:30,099 INFO o.a.j.r.Summariser: summary +   2291 in 00:00:30 =   76.2/s Avg:   345 Min:   249 Max:  1025 Err:     0 (0.00%) Active: 100 Started: 100 Finished: 0
2025-02-27 09:43:30,101 INFO o.a.j.r.Summariser: summary =  33211 in 00:08:21 =   66.3/s Avg:   340 Min:   248 Max:  1602 Err:     0 (0.00%)
2025-02-27 09:44:00,023 INFO o.a.j.r.Summariser: summary +   2296 in 00:00:30 =   76.7/s Avg:   334 Min:   248 Max:  1120 Err:     0 (0.00%) Active: 100 Started: 100 Finished: 0
2025-02-27 09:44:00,025 INFO o.a.j.r.Summariser: summary =  35507 in 00:08:51 =   66.9/s Avg:   339 Min:   248 Max:  1602 Err:     0 (0.00%)
2025-02-27 09:44:30,102 INFO o.a.j.r.Summariser: summary +   2281 in 00:00:30 =   75.8/s Avg:   346 Min:   249 Max:  1062 Err:     0 (0.00%) Active: 100 Started: 100 Finished: 0
2025-02-27 09:44:30,105 INFO o.a.j.r.Summariser: summary =  37788 in 00:09:21 =   67.4/s Avg:   340 Min:   248 Max:  1602 Err:     0 (0.00%)
2025-02-27 09:45:00,001 INFO o.a.j.r.Summariser: summary +   2293 in 00:00:30 =   76.7/s Avg:   340 Min:   249 Max:  1081 Err:     0 (0.00%) Active: 100 Started: 100 Finished: 0
2025-02-27 09:45:00,002 INFO o.a.j.r.Summariser: summary =  40081 in 00:09:51 =   67.9/s Avg:   340 Min:   248 Max:  1602 Err:     0 (0.00%)
2025-02-27 09:45:30,084 INFO o.a.j.r.Summariser: summary +   2285 in 00:00:30 =   76.0/s Avg:   340 Min:   249 Max:  1073 Err:     0 (0.00%) Active: 100 Started: 100 Finished: 0
2025-02-27 09:45:30,086 INFO o.a.j.r.Summariser: summary =  42366 in 00:10:21 =   68.3/s Avg:   340 Min:   248 Max:  1602 Err:     0 (0.00%)
2025-02-27 09:46:00,011 INFO o.a.j.r.Summariser: summary +   2297 in 00:00:30 =   76.8/s Avg:   336 Min:   249 Max:  1021 Err:     0 (0.00%) Active: 100 Started: 100 Finished: 0
2025-02-27 09:46:00,013 INFO o.a.j.r.Summariser: summary =  44663 in 00:10:51 =   68.6/s Avg:   340 Min:   248 Max:  1602 Err:     0 (0.00%)
2025-02-27 09:46:08,425 INFO o.a.j.t.JMeterThread: Thread finished: Thread-Gruppe 1-1
2025-02-27 09:46:08,495 INFO o.a.j.t.JMeterThread: Thread finished: Thread-Gruppe 1-62
2025-02-27 09:46:08,504 INFO o.a.j.t.JMeterThread: Thread finished: Thread-Gruppe 1-47
2025-02-27 09:46:08,504 INFO o.a.j.t.JMeterThread: Thread finished: Thread-Gruppe 1-17
2025-02-27 09:46:08,524 INFO o.a.j.t.JMeterThread: Thread finished: Thread-Gruppe 1-2
2025-02-27 09:46:08,621 INFO o.a.j.t.JMeterThread: Thread finished: Thread-Gruppe 1-63
2025-02-27 09:46:08,627 INFO o.a.j.t.JMeterThread: Thread finished: Thread-Gruppe 1-48
2025-02-27 09:46:08,639 INFO o.a.j.t.JMeterThread: Thread finished: Thread-Gruppe 1-18
2025-02-27 09:46:08,648 INFO o.a.j.t.JMeterThread: Thread finished: Thread-Gruppe 1-3
2025-02-27 09:46:08,772 INFO o.a.j.t.JMeterThread: Thread finished: Thread-Gruppe 1-64
2025-02-27 09:46:08,772 INFO o.a.j.t.JMeterThread: Thread finished: Thread-Gruppe 1-49
2025-02-27 09:46:08,772 INFO o.a.j.t.JMeterThread: Thread finished: Thread-Gruppe 1-19
2025-02-27 09:46:08,783 INFO o.a.j.t.JMeterThread: Thread finished: Thread-Gruppe 1-4
2025-02-27 09:46:08,889 INFO o.a.j.t.JMeterThread: Thread finished: Thread-Gruppe 1-65
2025-02-27 09:46:08,894 INFO o.a.j.t.JMeterThread: Thread finished: Thread-Gruppe 1-50
2025-02-27 09:46:08,905 INFO o.a.j.t.JMeterThread: Thread finished: Thread-Gruppe 1-20
2025-02-27 09:46:08,912 INFO o.a.j.t.JMeterThread: Thread finished: Thread-Gruppe 1-5
2025-02-27 09:46:09,031 INFO o.a.j.t.JMeterThread: Thread finished: Thread-Gruppe 1-32
2025-02-27 09:46:09,031 INFO o.a.j.t.JMeterThread: Thread finished: Thread-Gruppe 1-66
2025-02-27 09:46:09,035 INFO o.a.j.t.JMeterThread: Thread finished: Thread-Gruppe 1-51
2025-02-27 09:46:09,050 INFO o.a.j.t.JMeterThread: Thread finished: Thread-Gruppe 1-21
2025-02-27 09:46:09,054 INFO o.a.j.t.JMeterThread: Thread finished: Thread-Gruppe 1-6
2025-02-27 09:46:09,135 INFO o.a.j.t.JMeterThread: Thread finished: Thread-Gruppe 1-33
2025-02-27 09:46:09,158 INFO o.a.j.t.JMeterThread: Thread finished: Thread-Gruppe 1-67
2025-02-27 09:46:09,164 INFO o.a.j.t.JMeterThread: Thread finished: Thread-Gruppe 1-52
2025-02-27 09:46:09,196 INFO o.a.j.t.JMeterThread: Thread finished: Thread-Gruppe 1-22
2025-02-27 09:46:09,197 INFO o.a.j.t.JMeterThread: Thread finished: Thread-Gruppe 1-7
2025-02-27 09:46:09,282 INFO o.a.j.t.JMeterThread: Thread finished: Thread-Gruppe 1-34
2025-02-27 09:46:09,290 INFO o.a.j.t.JMeterThread: Thread finished: Thread-Gruppe 1-68
2025-02-27 09:46:09,296 INFO o.a.j.t.JMeterThread: Thread finished: Thread-Gruppe 1-53
2025-02-27 09:46:09,304 INFO o.a.j.t.JMeterThread: Thread finished: Thread-Gruppe 1-23
2025-02-27 09:46:09,313 INFO o.a.j.t.JMeterThread: Thread finished: Thread-Gruppe 1-8
2025-02-27 09:46:09,404 INFO o.a.j.t.JMeterThread: Thread finished: Thread-Gruppe 1-35
2025-02-27 09:46:09,420 INFO o.a.j.t.JMeterThread: Thread finished: Thread-Gruppe 1-69
2025-02-27 09:46:09,425 INFO o.a.j.t.JMeterThread: Thread finished: Thread-Gruppe 1-54
2025-02-27 09:46:09,451 INFO o.a.j.t.JMeterThread: Thread finished: Thread-Gruppe 1-9
2025-02-27 09:46:09,451 INFO o.a.j.t.JMeterThread: Thread finished: Thread-Gruppe 1-24
2025-02-27 09:46:09,547 INFO o.a.j.t.JMeterThread: Thread finished: Thread-Gruppe 1-36
2025-02-27 09:46:09,553 INFO o.a.j.t.JMeterThread: Thread finished: Thread-Gruppe 1-70
2025-02-27 09:46:09,560 INFO o.a.j.t.JMeterThread: Thread finished: Thread-Gruppe 1-55
2025-02-27 09:46:09,570 INFO o.a.j.t.JMeterThread: Thread finished: Thread-Gruppe 1-25
2025-02-27 09:46:09,585 INFO o.a.j.t.JMeterThread: Thread finished: Thread-Gruppe 1-10
2025-02-27 09:46:09,673 INFO o.a.j.t.JMeterThread: Thread finished: Thread-Gruppe 1-37
2025-02-27 09:46:09,686 INFO o.a.j.t.JMeterThread: Thread finished: Thread-Gruppe 1-71
2025-02-27 09:46:09,694 INFO o.a.j.t.JMeterThread: Thread finished: Thread-Gruppe 1-56
2025-02-27 09:46:09,715 INFO o.a.j.t.JMeterThread: Thread finished: Thread-Gruppe 1-26
2025-02-27 09:46:09,715 INFO o.a.j.t.JMeterThread: Thread finished: Thread-Gruppe 1-11
2025-02-27 09:46:09,803 INFO o.a.j.t.JMeterThread: Thread finished: Thread-Gruppe 1-38
2025-02-27 09:46:09,818 INFO o.a.j.t.JMeterThread: Thread finished: Thread-Gruppe 1-72
2025-02-27 09:46:09,831 INFO o.a.j.t.JMeterThread: Thread finished: Thread-Gruppe 2-15
2025-02-27 09:46:09,832 INFO o.a.j.t.JMeterThread: Thread finished: Thread-Gruppe 1-57
2025-02-27 09:46:09,835 INFO o.a.j.t.JMeterThread: Thread finished: Thread-Gruppe 1-27
2025-02-27 09:46:09,842 INFO o.a.j.t.JMeterThread: Thread finished: Thread-Gruppe 1-12
2025-02-27 09:46:09,893 INFO o.a.j.t.JMeterThread: Thread finished: Thread-Gruppe 2-9
2025-02-27 09:46:09,948 INFO o.a.j.t.JMeterThread: Thread finished: Thread-Gruppe 1-39
2025-02-27 09:46:09,951 INFO o.a.j.t.JMeterThread: Thread finished: Thread-Gruppe 1-73
2025-02-27 09:46:09,961 INFO o.a.j.t.JMeterThread: Thread finished: Thread-Gruppe 1-58
2025-02-27 09:46:09,966 INFO o.a.j.t.JMeterThread: Thread finished: Thread-Gruppe 2-5
2025-02-27 09:46:09,968 INFO o.a.j.t.JMeterThread: Thread finished: Thread-Gruppe 1-28
2025-02-27 09:46:09,976 INFO o.a.j.t.JMeterThread: Thread finished: Thread-Gruppe 2-14
2025-02-27 09:46:09,976 INFO o.a.j.t.JMeterThread: Thread finished: Thread-Gruppe 1-13
2025-02-27 09:46:10,000 INFO o.a.j.t.JMeterThread: Thread finished: Thread-Gruppe 2-6
2025-02-27 09:46:10,011 INFO o.a.j.t.JMeterThread: Thread finished: Thread-Gruppe 2-8
2025-02-27 09:46:10,058 INFO o.a.j.t.JMeterThread: Thread finished: Thread-Gruppe 2-19
2025-02-27 09:46:10,067 INFO o.a.j.t.JMeterThread: Thread finished: Thread-Gruppe 1-40
2025-02-27 09:46:10,086 INFO o.a.j.t.JMeterThread: Thread finished: Thread-Gruppe 1-74
2025-02-27 09:46:10,088 INFO o.a.j.t.JMeterThread: Thread finished: Thread-Gruppe 2-4
2025-02-27 09:46:10,088 INFO o.a.j.t.JMeterThread: Thread finished: Thread-Gruppe 1-59
2025-02-27 09:46:10,093 INFO o.a.j.t.JMeterThread: Thread finished: Thread-Gruppe 2-16
2025-02-27 09:46:10,109 INFO o.a.j.t.JMeterThread: Thread finished: Thread-Gruppe 1-14
2025-02-27 09:46:10,109 INFO o.a.j.t.JMeterThread: Thread finished: Thread-Gruppe 1-29
2025-02-27 09:46:10,143 INFO o.a.j.t.JMeterThread: Thread finished: Thread-Gruppe 2-12
2025-02-27 09:46:10,210 INFO o.a.j.t.JMeterThread: Thread finished: Thread-Gruppe 2-18
2025-02-27 09:46:10,219 INFO o.a.j.t.JMeterThread: Stopping because end time detected by thread: Thread-Gruppe 1-41
2025-02-27 09:46:10,220 INFO o.a.j.t.JMeterThread: Thread finished: Thread-Gruppe 1-41
2025-02-27 09:46:10,222 INFO o.a.j.t.JMeterThread: Stopping because end time detected by thread: Thread-Gruppe 1-75
2025-02-27 09:46:10,223 INFO o.a.j.t.JMeterThread: Thread finished: Thread-Gruppe 1-75
2025-02-27 09:46:10,226 INFO o.a.j.t.JMeterThread: Stopping because end time detected by thread: Thread-Gruppe 1-60
2025-02-27 09:46:10,227 INFO o.a.j.t.JMeterThread: Thread finished: Thread-Gruppe 1-60
2025-02-27 09:46:10,235 INFO o.a.j.t.JMeterThread: Stopping because end time detected by thread: Thread-Gruppe 1-30
2025-02-27 09:46:10,236 INFO o.a.j.t.JMeterThread: Stopping because end time detected by thread: Thread-Gruppe 2-1
2025-02-27 09:46:10,236 INFO o.a.j.t.JMeterThread: Thread finished: Thread-Gruppe 1-30
2025-02-27 09:46:10,236 INFO o.a.j.t.JMeterThread: Thread finished: Thread-Gruppe 2-1
2025-02-27 09:46:10,239 INFO o.a.j.t.JMeterThread: Stopping because end time detected by thread: Thread-Gruppe 1-15
2025-02-27 09:46:10,239 INFO o.a.j.t.JMeterThread: Thread finished: Thread-Gruppe 1-15
2025-02-27 09:46:10,258 INFO o.a.j.t.JMeterThread: Stopping because end time detected by thread: Thread-Gruppe 2-3
2025-02-27 09:46:10,258 INFO o.a.j.t.JMeterThread: Thread finished: Thread-Gruppe 2-3
2025-02-27 09:46:10,288 INFO o.a.j.t.JMeterThread: Stopping because end time detected by thread: Thread-Gruppe 2-10
2025-02-27 09:46:10,288 INFO o.a.j.t.JMeterThread: Thread finished: Thread-Gruppe 2-10
2025-02-27 09:46:10,288 INFO o.a.j.t.JMeterThread: Stopping because end time detected by thread: Thread-Gruppe 2-11
2025-02-27 09:46:10,288 INFO o.a.j.t.JMeterThread: Thread finished: Thread-Gruppe 2-11
2025-02-27 09:46:10,303 INFO o.a.j.t.JMeterThread: Stopping because end time detected by thread: Thread-Gruppe 3-4
2025-02-27 09:46:10,303 INFO o.a.j.t.JMeterThread: Thread finished: Thread-Gruppe 3-4
2025-02-27 09:46:10,318 INFO o.a.j.t.JMeterThread: Stopping because end time detected by thread: Thread-Gruppe 3-3
2025-02-27 09:46:10,318 INFO o.a.j.t.JMeterThread: Thread finished: Thread-Gruppe 3-3
2025-02-27 09:46:10,318 INFO o.a.j.t.JMeterThread: Stopping because end time detected by thread: Thread-Gruppe 1-42
2025-02-27 09:46:10,333 INFO o.a.j.t.JMeterThread: Thread finished: Thread-Gruppe 1-42
2025-02-27 09:46:10,348 INFO o.a.j.t.JMeterThread: Stopping because end time detected by thread: Thread-Gruppe 1-61
2025-02-27 09:46:10,348 INFO o.a.j.t.JMeterThread: Thread finished: Thread-Gruppe 1-61
2025-02-27 09:46:10,363 INFO o.a.j.t.JMeterThread: Stopping because end time detected by thread: Thread-Gruppe 1-31
2025-02-27 09:46:10,363 INFO o.a.j.t.JMeterThread: Thread finished: Thread-Gruppe 1-31
2025-02-27 09:46:10,363 INFO o.a.j.t.JMeterThread: Stopping because end time detected by thread: Thread-Gruppe 3-2
2025-02-27 09:46:10,363 INFO o.a.j.t.JMeterThread: Stopping because end time detected by thread: Thread-Gruppe 2-20
2025-02-27 09:46:10,363 INFO o.a.j.t.JMeterThread: Stopping because end time detected by thread: Thread-Gruppe 1-16
2025-02-27 09:46:10,363 INFO o.a.j.t.JMeterThread: Thread finished: Thread-Gruppe 2-20
2025-02-27 09:46:10,363 INFO o.a.j.t.JMeterThread: Thread finished: Thread-Gruppe 3-2
2025-02-27 09:46:10,363 INFO o.a.j.t.JMeterThread: Thread finished: Thread-Gruppe 1-16
2025-02-27 09:46:10,378 INFO o.a.j.t.JMeterThread: Stopping because end time detected by thread: Thread-Gruppe 3-5
2025-02-27 09:46:10,378 INFO o.a.j.t.JMeterThread: Thread finished: Thread-Gruppe 3-5
2025-02-27 09:46:10,393 INFO o.a.j.t.JMeterThread: Stopping because end time detected by thread: Thread-Gruppe 2-2
2025-02-27 09:46:10,393 INFO o.a.j.t.JMeterThread: Thread finished: Thread-Gruppe 2-2
2025-02-27 09:46:10,438 INFO o.a.j.t.JMeterThread: Stopping because end time detected by thread: Thread-Gruppe 2-7
2025-02-27 09:46:10,438 INFO o.a.j.t.JMeterThread: Thread finished: Thread-Gruppe 2-7
2025-02-27 09:46:10,454 INFO o.a.j.t.JMeterThread: Stopping because end time detected by thread: Thread-Gruppe 1-43
2025-02-27 09:46:10,454 INFO o.a.j.t.JMeterThread: Thread finished: Thread-Gruppe 1-43
2025-02-27 09:46:10,604 INFO o.a.j.t.JMeterThread: Stopping because end time detected by thread: Thread-Gruppe 2-17
2025-02-27 09:46:10,604 INFO o.a.j.t.JMeterThread: Thread finished: Thread-Gruppe 2-17
2025-02-27 09:46:10,637 INFO o.a.j.t.JMeterThread: Stopping because end time detected by thread: Thread-Gruppe 1-44
2025-02-27 09:46:10,637 INFO o.a.j.t.JMeterThread: Thread finished: Thread-Gruppe 1-44
2025-02-27 09:46:10,729 INFO o.a.j.t.JMeterThread: Stopping because end time detected by thread: Thread-Gruppe 1-45
2025-02-27 09:46:10,729 INFO o.a.j.t.JMeterThread: Thread finished: Thread-Gruppe 1-45
2025-02-27 09:46:10,759 INFO o.a.j.t.JMeterThread: Stopping because end time detected by thread: Thread-Gruppe 2-13
2025-02-27 09:46:10,759 INFO o.a.j.t.JMeterThread: Thread finished: Thread-Gruppe 2-13
2025-02-27 09:46:10,897 INFO o.a.j.t.JMeterThread: Stopping because end time detected by thread: Thread-Gruppe 1-46
2025-02-27 09:46:10,897 INFO o.a.j.t.JMeterThread: Thread finished: Thread-Gruppe 1-46
2025-02-27 09:46:11,005 INFO o.a.j.t.JMeterThread: Stopping because end time detected by thread: Thread-Gruppe 3-1
2025-02-27 09:46:11,005 INFO o.a.j.t.JMeterThread: Thread finished: Thread-Gruppe 3-1
2025-02-27 09:46:11,005 INFO o.a.j.e.StandardJMeterEngine: Notifying test listeners of end of test
2025-02-27 09:46:11,020 INFO o.a.j.r.Summariser: summary +    798 in 00:00:11 =   72.5/s Avg:   323 Min:   249 Max:   806 Err:     0 (0.00%) Active: 0 Started: 100 Finished: 100
2025-02-27 09:46:11,020 INFO o.a.j.r.Summariser: summary =  45461 in 00:11:02 =   68.7/s Avg:   339 Min:   248 Max:  1602 Err:     0 (0.00%)
