2025-02-28 10:33:22,427 INFO o.a.j.u.JMeterUtils: Setting Locale to en_EN
2025-02-28 10:33:22,459 INFO o.a.j.JMeter: Loading user properties from: C:\Users\ASUS\Desktop\apache-jmeter-5.6.3\apache-jmeter-5.6.3\bin\user.properties
2025-02-28 10:33:22,459 INFO o.a.j.JMeter: Loading system properties from: C:\Users\ASUS\Desktop\apache-jmeter-5.6.3\apache-jmeter-5.6.3\bin\system.properties
2025-02-28 10:33:22,459 INFO o.a.j.JMeter: Setting JMeter property: lb_1_hostname=34.123.91.22
2025-02-28 10:33:22,459 INFO o.a.j.JMeter: Setting JMeter property: lb_2_hostname=35.224.254.232
2025-02-28 10:33:22,459 INFO o.a.j.JMeter: Setting JMeter property: lb_1_port=8090
2025-02-28 10:33:22,459 INFO o.a.j.JMeter: Setting JMeter property: lb_2_port=8091
2025-02-28 10:33:22,459 INFO o.a.j.JMeter: Setting JMeter property: warm_up_users=20
2025-02-28 10:33:22,459 INFO o.a.j.JMeter: Setting JMeter property: warm_up_time=60
2025-02-28 10:33:22,459 INFO o.a.j.JMeter: Setting JMeter property: test_run_time=600
2025-02-28 10:33:22,459 INFO o.a.j.JMeter: Setting JMeter property: ramp_up=10
2025-02-28 10:33:22,459 INFO o.a.j.JMeter: Setting JMeter property: group_1=75
2025-02-28 10:33:22,459 INFO o.a.j.JMeter: Setting JMeter property: group_2=20
2025-02-28 10:33:22,459 INFO o.a.j.JMeter: Setting JMeter property: group_3=5
2025-02-28 10:33:22,459 INFO o.a.j.JMeter: Setting JMeter property: group_1_request_rate=30
2025-02-28 10:33:22,459 INFO o.a.j.JMeter: Setting JMeter property: group_2_request_rate=90
2025-02-28 10:33:22,459 INFO o.a.j.JMeter: Setting JMeter property: group_3_request_rate=120
2025-02-28 10:33:22,459 INFO o.a.j.JMeter: Setting JMeter property: log_file=c:\\Users\\ASUS\\Desktop\\Repos\\rate-limiter-nginx\\jmeter\\cloud\\2025_02_28_10_00_logs\\sliding_window_counter\\redis_async_rate_limit_100_window_size_60_sub_window_count_5_batch_percent_0.5\\warm_up_results.csv
2025-02-28 10:33:22,459 INFO o.a.j.JMeter: Setting JMeter property: algorithm=sliding_window_counter_redis_async_rate_limit_100_window_size_60_sub_window_count_5_batch_percent_0.5
2025-02-28 10:33:22,459 INFO o.a.j.JMeter: Setting JMeter property: auth=/sliding_window_counter/redis_async_rate_limit_100_window_size_60_sub_window_count_5_batch_percent_0.5/tools.descartes.teastore.auth/rest
2025-02-28 10:33:22,459 INFO o.a.j.JMeter: Setting JMeter property: persistence=/sliding_window_counter/redis_async_rate_limit_100_window_size_60_sub_window_count_5_batch_percent_0.5/tools.descartes.teastore.persistence/rest
2025-02-28 10:33:22,459 INFO o.a.j.JMeter: Setting JMeter property: recommender=/sliding_window_counter/redis_async_rate_limit_100_window_size_60_sub_window_count_5_batch_percent_0.5/tools.descartes.teastore.recommender/rest
2025-02-28 10:33:22,459 INFO o.a.j.JMeter: Setting JMeter property: image=/sliding_window_counter/redis_async_rate_limit_100_window_size_60_sub_window_count_5_batch_percent_0.5/tools.descartes.teastore.image/rest
2025-02-28 10:33:22,476 INFO o.a.j.JMeter: Copyright (c) 1998-2024 The Apache Software Foundation
2025-02-28 10:33:22,476 INFO o.a.j.JMeter: Version 5.6.3
2025-02-28 10:33:22,476 INFO o.a.j.JMeter: java.version=17.0.9
2025-02-28 10:33:22,476 INFO o.a.j.JMeter: java.vm.name=Java HotSpot(TM) 64-Bit Server VM
2025-02-28 10:33:22,476 INFO o.a.j.JMeter: os.name=Windows 11
2025-02-28 10:33:22,476 INFO o.a.j.JMeter: os.arch=amd64
2025-02-28 10:33:22,476 INFO o.a.j.JMeter: os.version=10.0
2025-02-28 10:33:22,476 INFO o.a.j.JMeter: file.encoding=Cp1252
2025-02-28 10:33:22,476 INFO o.a.j.JMeter: java.awt.headless=true
2025-02-28 10:33:22,476 INFO o.a.j.JMeter: Max memory     =1073741824
2025-02-28 10:33:22,476 INFO o.a.j.JMeter: Available Processors =12
2025-02-28 10:33:22,490 INFO o.a.j.JMeter: Default Locale=English (EN)
2025-02-28 10:33:22,490 INFO o.a.j.JMeter: JMeter  Locale=English (EN)
2025-02-28 10:33:22,490 INFO o.a.j.JMeter: JMeterHome=C:\Users\ASUS\Desktop\apache-jmeter-5.6.3\apache-jmeter-5.6.3
2025-02-28 10:33:22,490 INFO o.a.j.JMeter: user.dir  =C:\Users\ASUS\Desktop\Repos\rate-limiter-nginx
2025-02-28 10:33:22,490 INFO o.a.j.JMeter: PWD       =C:\Users\ASUS\Desktop\Repos\rate-limiter-nginx
2025-02-28 10:33:22,492 INFO o.a.j.JMeter: IP: 192.168.1.45 Name: THIVA FullName: THIVA
2025-02-28 10:33:22,504 INFO o.a.j.s.FileServer: Default base='C:\Users\ASUS\Desktop\Repos\rate-limiter-nginx'
2025-02-28 10:33:22,504 INFO o.a.j.s.FileServer: Set new base='c:\Users\ASUS\Desktop\Repos\rate-limiter-nginx\jmeter\cloud'
2025-02-28 10:33:22,723 INFO o.a.j.s.SaveService: Testplan (JMX) version: 2.2. Testlog (JTL) version: 2.2
2025-02-28 10:33:22,753 INFO o.a.j.s.SaveService: Using SaveService properties version 5.0
2025-02-28 10:33:22,753 INFO o.a.j.s.SaveService: Using SaveService properties file encoding UTF-8
2025-02-28 10:33:22,758 INFO o.a.j.s.SaveService: Loading file: c:\Users\ASUS\Desktop\Repos\rate-limiter-nginx\jmeter\cloud\teastore_performance.jmx
2025-02-28 10:33:22,815 INFO o.a.j.p.h.c.CookieManager: Settings: Delete null: true Check: true Allow variable: true Save: false Prefix: COOKIE_
2025-02-28 10:33:22,843 INFO o.a.j.p.h.s.HTTPSamplerBase: Parser for text/html is org.apache.jmeter.protocol.http.parser.LagartoBasedHtmlParser
2025-02-28 10:33:22,843 INFO o.a.j.p.h.s.HTTPSamplerBase: Parser for application/xhtml+xml is org.apache.jmeter.protocol.http.parser.LagartoBasedHtmlParser
2025-02-28 10:33:22,843 INFO o.a.j.p.h.s.HTTPSamplerBase: Parser for application/xml is org.apache.jmeter.protocol.http.parser.LagartoBasedHtmlParser
2025-02-28 10:33:22,843 INFO o.a.j.p.h.s.HTTPSamplerBase: Parser for text/xml is org.apache.jmeter.protocol.http.parser.LagartoBasedHtmlParser
2025-02-28 10:33:22,843 INFO o.a.j.p.h.s.HTTPSamplerBase: Parser for text/vnd.wap.wml is org.apache.jmeter.protocol.http.parser.RegexpHTMLParser
2025-02-28 10:33:22,843 INFO o.a.j.p.h.s.HTTPSamplerBase: Parser for text/css is org.apache.jmeter.protocol.http.parser.CssParser
2025-02-28 10:33:23,008 INFO o.a.j.s.SampleResult: Note: Sample TimeStamps are START times
2025-02-28 10:33:23,008 INFO o.a.j.s.SampleResult: sampleresult.default.encoding is set to UTF-8
2025-02-28 10:33:23,008 INFO o.a.j.s.SampleResult: sampleresult.useNanoTime=true
2025-02-28 10:33:23,008 INFO o.a.j.s.SampleResult: sampleresult.nanoThreadSleep=5000
2025-02-28 10:33:23,045 INFO o.a.j.JMeter: Creating summariser <summary>
2025-02-28 10:33:23,068 INFO o.a.j.e.StandardJMeterEngine: Running the test!
2025-02-28 10:33:23,068 INFO o.a.j.s.SampleEvent: List of sample_variables: []
2025-02-28 10:33:23,068 INFO o.a.j.s.SampleEvent: List of sample_variables: []
2025-02-28 10:33:23,080 INFO o.a.j.e.u.CompoundVariable: Note: Function class names must contain the string: '.functions.'
2025-02-28 10:33:23,080 INFO o.a.j.e.u.CompoundVariable: Note: Function class names must not contain the string: '.gui.'
2025-02-28 10:33:23,150 INFO o.a.j.r.ClassFinder: Will scan jar C:\Users\ASUS\Desktop\apache-jmeter-5.6.3\apache-jmeter-5.6.3\lib\ext\jmeter-plugins-casutg-2.10.jar with filter ExtendsClassFilter [parents=[interface org.apache.jmeter.functions.Function], inner=false, contains=null, notContains=null]. Consider exposing JMeter plugins via META-INF/services, and add JMeter-Skip-Class-Scanning=true manifest attribute so JMeter can skip classfile scanning
2025-02-28 10:33:23,167 INFO o.a.j.r.ClassFinder: Will scan jar C:\Users\ASUS\Desktop\apache-jmeter-5.6.3\apache-jmeter-5.6.3\lib\ext\jmeter-plugins-graphs-vs-2.0.jar with filter ExtendsClassFilter [parents=[interface org.apache.jmeter.functions.Function], inner=false, contains=null, notContains=null]. Consider exposing JMeter plugins via META-INF/services, and add JMeter-Skip-Class-Scanning=true manifest attribute so JMeter can skip classfile scanning
2025-02-28 10:33:23,175 INFO o.a.j.r.ClassFinder: Will scan jar C:\Users\ASUS\Desktop\apache-jmeter-5.6.3\apache-jmeter-5.6.3\lib\ext\jmeter-plugins-manager-1.9.jar with filter ExtendsClassFilter [parents=[interface org.apache.jmeter.functions.Function], inner=false, contains=null, notContains=null]. Consider exposing JMeter plugins via META-INF/services, and add JMeter-Skip-Class-Scanning=true manifest attribute so JMeter can skip classfile scanning
2025-02-28 10:33:23,240 INFO o.a.j.r.ClassFinder: Will scan jar C:\Users\ASUS\Desktop\apache-jmeter-5.6.3\apache-jmeter-5.6.3\lib\ext\jmeter-plugins-graphs-basic-2.0.jar with filter ExtendsClassFilter [parents=[interface org.apache.jmeter.functions.Function], inner=false, contains=null, notContains=null]. Consider exposing JMeter plugins via META-INF/services, and add JMeter-Skip-Class-Scanning=true manifest attribute so JMeter can skip classfile scanning
2025-02-28 10:33:23,240 INFO o.a.j.r.ClassFinder: Will scan jar C:\Users\ASUS\Desktop\apache-jmeter-5.6.3\apache-jmeter-5.6.3\lib\ext\jmeter-plugins-manager-0.20.jar with filter ExtendsClassFilter [parents=[interface org.apache.jmeter.functions.Function], inner=false, contains=null, notContains=null]. Consider exposing JMeter plugins via META-INF/services, and add JMeter-Skip-Class-Scanning=true manifest attribute so JMeter can skip classfile scanning
2025-02-28 10:33:23,254 INFO o.a.j.r.ClassFinder: Will scan jar C:\Users\ASUS\Desktop\apache-jmeter-5.6.3\apache-jmeter-5.6.3\lib\ext\jmeter-plugins-tst-2.6.jar with filter ExtendsClassFilter [parents=[interface org.apache.jmeter.functions.Function], inner=false, contains=null, notContains=null]. Consider exposing JMeter plugins via META-INF/services, and add JMeter-Skip-Class-Scanning=true manifest attribute so JMeter can skip classfile scanning
2025-02-28 10:33:23,254 INFO o.a.j.r.ClassFinder: Will scan jar C:\Users\ASUS\Desktop\apache-jmeter-5.6.3\apache-jmeter-5.6.3\lib\ext\jmeter-parallel-0.12.jar with filter ExtendsClassFilter [parents=[interface org.apache.jmeter.functions.Function], inner=false, contains=null, notContains=null]. Consider exposing JMeter plugins via META-INF/services, and add JMeter-Skip-Class-Scanning=true manifest attribute so JMeter can skip classfile scanning
2025-02-28 10:33:23,527 INFO o.a.j.JMeter: Running test (1740719003527)
2025-02-28 10:33:23,528 INFO o.a.j.e.StandardJMeterEngine: Starting setUp thread groups
2025-02-28 10:33:23,529 INFO o.a.j.e.StandardJMeterEngine: Starting setUp ThreadGroup: 1 : setUp Thread Group 
2025-02-28 10:33:23,529 INFO o.a.j.e.StandardJMeterEngine: Starting 20 threads for group setUp Thread Group.
2025-02-28 10:33:23,529 INFO o.a.j.e.StandardJMeterEngine: Thread will continue on error
2025-02-28 10:33:23,529 INFO o.a.j.t.ThreadGroup: Starting thread group... number=1 threads=20 ramp-up=10 delayedStart=false
2025-02-28 10:33:23,536 INFO o.a.j.t.JMeterThread: Thread started: setUp Thread Group 1-1
2025-02-28 10:33:23,572 INFO o.a.j.t.ThreadGroup: Started thread group number 1
2025-02-28 10:33:23,572 INFO o.a.j.e.StandardJMeterEngine: Waiting for all setup thread groups to exit
2025-02-28 10:33:24,043 INFO o.a.j.t.JMeterThread: Thread started: setUp Thread Group 1-2
2025-02-28 10:33:24,319 INFO o.a.j.p.h.s.HTTPHCAbstractImpl: Local host = THIVA
2025-02-28 10:33:24,326 INFO o.a.j.p.h.s.HTTPHC4Impl: HTTP request retry count = 0
2025-02-28 10:33:24,538 INFO o.a.j.t.JMeterThread: Thread started: setUp Thread Group 1-3
2025-02-28 10:33:25,035 INFO o.a.j.t.JMeterThread: Thread started: setUp Thread Group 1-4
2025-02-28 10:33:25,538 INFO o.a.j.t.JMeterThread: Thread started: setUp Thread Group 1-5
2025-02-28 10:33:26,039 INFO o.a.j.t.JMeterThread: Thread started: setUp Thread Group 1-6
2025-02-28 10:33:26,533 INFO o.a.j.t.JMeterThread: Thread started: setUp Thread Group 1-7
2025-02-28 10:33:27,037 INFO o.a.j.t.JMeterThread: Thread started: setUp Thread Group 1-8
2025-02-28 10:33:27,533 INFO o.a.j.t.JMeterThread: Thread started: setUp Thread Group 1-9
2025-02-28 10:33:28,034 INFO o.a.j.t.JMeterThread: Thread started: setUp Thread Group 1-10
2025-02-28 10:33:28,532 INFO o.a.j.t.JMeterThread: Thread started: setUp Thread Group 1-11
2025-02-28 10:33:29,032 INFO o.a.j.t.JMeterThread: Thread started: setUp Thread Group 1-12
2025-02-28 10:33:29,532 INFO o.a.j.t.JMeterThread: Thread started: setUp Thread Group 1-13
2025-02-28 10:33:30,034 INFO o.a.j.t.JMeterThread: Thread started: setUp Thread Group 1-14
2025-02-28 10:33:30,532 INFO o.a.j.t.JMeterThread: Thread started: setUp Thread Group 1-15
2025-02-28 10:33:31,040 INFO o.a.j.t.JMeterThread: Thread started: setUp Thread Group 1-16
2025-02-28 10:33:31,535 INFO o.a.j.t.JMeterThread: Thread started: setUp Thread Group 1-17
2025-02-28 10:33:32,035 INFO o.a.j.t.JMeterThread: Thread started: setUp Thread Group 1-18
2025-02-28 10:33:32,532 INFO o.a.j.t.JMeterThread: Thread started: setUp Thread Group 1-19
2025-02-28 10:33:33,032 INFO o.a.j.t.JMeterThread: Thread started: setUp Thread Group 1-20
2025-02-28 10:34:23,325 INFO o.a.j.t.JMeterThread: Thread finished: setUp Thread Group 1-5
2025-02-28 10:34:23,340 INFO o.a.j.t.JMeterThread: Thread finished: setUp Thread Group 1-19
2025-02-28 10:34:23,340 INFO o.a.j.t.JMeterThread: Thread finished: setUp Thread Group 1-2
2025-02-28 10:34:23,355 INFO o.a.j.t.JMeterThread: Thread finished: setUp Thread Group 1-6
2025-02-28 10:34:23,369 INFO o.a.j.t.JMeterThread: Thread finished: setUp Thread Group 1-11
2025-02-28 10:34:23,372 INFO o.a.j.t.JMeterThread: Thread finished: setUp Thread Group 1-20
2025-02-28 10:34:23,439 INFO o.a.j.t.JMeterThread: Thread finished: setUp Thread Group 1-14
2025-02-28 10:34:23,475 INFO o.a.j.t.JMeterThread: Thread finished: setUp Thread Group 1-9
2025-02-28 10:34:23,475 INFO o.a.j.t.JMeterThread: Thread finished: setUp Thread Group 1-1
2025-02-28 10:34:23,475 INFO o.a.j.t.JMeterThread: Thread finished: setUp Thread Group 1-4
2025-02-28 10:34:23,475 INFO o.a.j.t.JMeterThread: Thread finished: setUp Thread Group 1-3
2025-02-28 10:34:23,475 INFO o.a.j.t.JMeterThread: Thread finished: setUp Thread Group 1-18
2025-02-28 10:34:23,515 INFO o.a.j.t.JMeterThread: Thread finished: setUp Thread Group 1-8
2025-02-28 10:34:23,613 INFO o.a.j.t.JMeterThread: Stopping because end time detected by thread: setUp Thread Group 1-15
2025-02-28 10:34:23,613 INFO o.a.j.t.JMeterThread: Thread finished: setUp Thread Group 1-15
2025-02-28 10:34:23,630 INFO o.a.j.t.JMeterThread: Stopping because end time detected by thread: setUp Thread Group 1-7
2025-02-28 10:34:23,630 INFO o.a.j.t.JMeterThread: Thread finished: setUp Thread Group 1-7
2025-02-28 10:34:23,698 INFO o.a.j.t.JMeterThread: Stopping because end time detected by thread: setUp Thread Group 1-13
2025-02-28 10:34:23,698 INFO o.a.j.t.JMeterThread: Thread finished: setUp Thread Group 1-13
2025-02-28 10:34:23,714 INFO o.a.j.t.JMeterThread: Stopping because end time detected by thread: setUp Thread Group 1-12
2025-02-28 10:34:23,715 INFO o.a.j.t.JMeterThread: Thread finished: setUp Thread Group 1-12
2025-02-28 10:34:23,723 INFO o.a.j.t.JMeterThread: Stopping because end time detected by thread: setUp Thread Group 1-17
2025-02-28 10:34:23,723 INFO o.a.j.t.JMeterThread: Thread finished: setUp Thread Group 1-17
2025-02-28 10:34:23,790 INFO o.a.j.t.JMeterThread: Stopping because end time detected by thread: setUp Thread Group 1-10
2025-02-28 10:34:23,790 INFO o.a.j.t.JMeterThread: Thread finished: setUp Thread Group 1-10
2025-02-28 10:34:23,797 INFO o.a.j.t.JMeterThread: Stopping because end time detected by thread: setUp Thread Group 1-16
2025-02-28 10:34:23,797 INFO o.a.j.t.JMeterThread: Thread finished: setUp Thread Group 1-16
2025-02-28 10:34:23,797 INFO o.a.j.e.StandardJMeterEngine: All Setup Threads have ended
2025-02-28 10:34:23,834 INFO o.a.j.e.StandardJMeterEngine: Starting ThreadGroup: 1 : Thread-Gruppe
2025-02-28 10:34:23,834 INFO o.a.j.e.StandardJMeterEngine: Starting 75 threads for group Thread-Gruppe.
2025-02-28 10:34:23,834 INFO o.a.j.e.StandardJMeterEngine: Thread will continue on error
2025-02-28 10:34:23,834 INFO o.a.j.t.ThreadGroup: Starting thread group... number=1 threads=75 ramp-up=10 delayedStart=false
2025-02-28 10:34:23,836 INFO o.a.j.t.JMeterThread: Thread started: Thread-Gruppe 1-1
2025-02-28 10:34:23,905 INFO o.a.j.t.ThreadGroup: Started thread group number 1
2025-02-28 10:34:23,905 INFO o.a.j.e.StandardJMeterEngine: Starting ThreadGroup: 2 : Thread-Gruppe
2025-02-28 10:34:23,905 INFO o.a.j.e.StandardJMeterEngine: Starting 20 threads for group Thread-Gruppe.
2025-02-28 10:34:23,905 INFO o.a.j.e.StandardJMeterEngine: Thread will continue on error
2025-02-28 10:34:23,905 INFO o.a.j.t.ThreadGroup: Starting thread group... number=2 threads=20 ramp-up=10 delayedStart=false
2025-02-28 10:34:23,907 INFO o.a.j.t.JMeterThread: Thread started: Thread-Gruppe 2-1
2025-02-28 10:34:23,920 INFO o.a.j.t.ThreadGroup: Started thread group number 2
2025-02-28 10:34:23,920 INFO o.a.j.e.StandardJMeterEngine: Starting ThreadGroup: 3 : Thread-Gruppe
2025-02-28 10:34:23,921 INFO o.a.j.e.StandardJMeterEngine: Starting 5 threads for group Thread-Gruppe.
2025-02-28 10:34:23,921 INFO o.a.j.e.StandardJMeterEngine: Thread will continue on error
2025-02-28 10:34:23,921 INFO o.a.j.t.ThreadGroup: Starting thread group... number=3 threads=5 ramp-up=10 delayedStart=false
2025-02-28 10:34:23,922 INFO o.a.j.t.JMeterThread: Thread started: Thread-Gruppe 3-1
2025-02-28 10:34:23,924 INFO o.a.j.t.ThreadGroup: Started thread group number 3
2025-02-28 10:34:23,925 INFO o.a.j.e.StandardJMeterEngine: All thread groups have been started
2025-02-28 10:34:23,971 INFO o.a.j.t.JMeterThread: Thread started: Thread-Gruppe 1-2
2025-02-28 10:34:24,105 INFO o.a.j.t.JMeterThread: Thread started: Thread-Gruppe 1-3
2025-02-28 10:34:24,240 INFO o.a.j.t.JMeterThread: Thread started: Thread-Gruppe 1-4
2025-02-28 10:34:24,371 INFO o.a.j.t.JMeterThread: Thread started: Thread-Gruppe 1-5
2025-02-28 10:34:24,408 INFO o.a.j.t.JMeterThread: Thread started: Thread-Gruppe 2-2
2025-02-28 10:34:24,502 INFO o.a.j.t.JMeterThread: Thread started: Thread-Gruppe 1-6
2025-02-28 10:34:24,636 INFO o.a.j.t.JMeterThread: Thread started: Thread-Gruppe 1-7
2025-02-28 10:34:24,771 INFO o.a.j.t.JMeterThread: Thread started: Thread-Gruppe 1-8
2025-02-28 10:34:24,901 INFO o.a.j.t.JMeterThread: Thread started: Thread-Gruppe 1-9
2025-02-28 10:34:24,908 INFO o.a.j.t.JMeterThread: Thread started: Thread-Gruppe 2-3
2025-02-28 10:34:25,038 INFO o.a.j.t.JMeterThread: Thread started: Thread-Gruppe 1-10
2025-02-28 10:34:25,168 INFO o.a.j.t.JMeterThread: Thread started: Thread-Gruppe 1-11
2025-02-28 10:34:25,301 INFO o.a.j.t.JMeterThread: Thread started: Thread-Gruppe 1-12
2025-02-28 10:34:25,407 INFO o.a.j.t.JMeterThread: Thread started: Thread-Gruppe 2-4
2025-02-28 10:34:25,433 INFO o.a.j.t.JMeterThread: Thread started: Thread-Gruppe 1-13
2025-02-28 10:34:25,567 INFO o.a.j.t.JMeterThread: Thread started: Thread-Gruppe 1-14
2025-02-28 10:34:25,699 INFO o.a.j.t.JMeterThread: Thread started: Thread-Gruppe 1-15
2025-02-28 10:34:25,831 INFO o.a.j.t.JMeterThread: Thread started: Thread-Gruppe 1-16
2025-02-28 10:34:25,907 INFO o.a.j.t.JMeterThread: Thread started: Thread-Gruppe 2-5
2025-02-28 10:34:25,923 INFO o.a.j.t.JMeterThread: Thread started: Thread-Gruppe 3-2
2025-02-28 10:34:25,966 INFO o.a.j.t.JMeterThread: Thread started: Thread-Gruppe 1-17
2025-02-28 10:34:26,098 INFO o.a.j.t.JMeterThread: Thread started: Thread-Gruppe 1-18
2025-02-28 10:34:26,230 INFO o.a.j.t.JMeterThread: Thread started: Thread-Gruppe 1-19
2025-02-28 10:34:26,363 INFO o.a.j.t.JMeterThread: Thread started: Thread-Gruppe 1-20
2025-02-28 10:34:26,409 INFO o.a.j.t.JMeterThread: Thread started: Thread-Gruppe 2-6
2025-02-28 10:34:26,497 INFO o.a.j.t.JMeterThread: Thread started: Thread-Gruppe 1-21
2025-02-28 10:34:26,629 INFO o.a.j.t.JMeterThread: Thread started: Thread-Gruppe 1-22
2025-02-28 10:34:26,762 INFO o.a.j.t.JMeterThread: Thread started: Thread-Gruppe 1-23
2025-02-28 10:34:26,898 INFO o.a.j.t.JMeterThread: Thread started: Thread-Gruppe 1-24
2025-02-28 10:34:26,908 INFO o.a.j.t.JMeterThread: Thread started: Thread-Gruppe 2-7
2025-02-28 10:34:27,030 INFO o.a.j.t.JMeterThread: Thread started: Thread-Gruppe 1-25
2025-02-28 10:34:27,161 INFO o.a.j.t.JMeterThread: Thread started: Thread-Gruppe 1-26
2025-02-28 10:34:27,295 INFO o.a.j.t.JMeterThread: Thread started: Thread-Gruppe 1-27
2025-02-28 10:34:27,407 INFO o.a.j.t.JMeterThread: Thread started: Thread-Gruppe 2-8
2025-02-28 10:34:27,428 INFO o.a.j.t.JMeterThread: Thread started: Thread-Gruppe 1-28
2025-02-28 10:34:27,560 INFO o.a.j.t.JMeterThread: Thread started: Thread-Gruppe 1-29
2025-02-28 10:34:27,693 INFO o.a.j.t.JMeterThread: Thread started: Thread-Gruppe 1-30
2025-02-28 10:34:27,827 INFO o.a.j.t.JMeterThread: Thread started: Thread-Gruppe 1-31
2025-02-28 10:34:27,908 INFO o.a.j.t.JMeterThread: Thread started: Thread-Gruppe 2-9
2025-02-28 10:34:27,923 INFO o.a.j.t.JMeterThread: Thread started: Thread-Gruppe 3-3
2025-02-28 10:34:27,961 INFO o.a.j.t.JMeterThread: Thread started: Thread-Gruppe 1-32
2025-02-28 10:34:28,093 INFO o.a.j.t.JMeterThread: Thread started: Thread-Gruppe 1-33
2025-02-28 10:34:28,225 INFO o.a.j.t.JMeterThread: Thread started: Thread-Gruppe 1-34
2025-02-28 10:34:28,358 INFO o.a.j.t.JMeterThread: Thread started: Thread-Gruppe 1-35
2025-02-28 10:34:28,408 INFO o.a.j.t.JMeterThread: Thread started: Thread-Gruppe 2-10
2025-02-28 10:34:28,491 INFO o.a.j.t.JMeterThread: Thread started: Thread-Gruppe 1-36
2025-02-28 10:34:28,624 INFO o.a.j.t.JMeterThread: Thread started: Thread-Gruppe 1-37
2025-02-28 10:34:28,758 INFO o.a.j.t.JMeterThread: Thread started: Thread-Gruppe 1-38
2025-02-28 10:34:28,891 INFO o.a.j.t.JMeterThread: Thread started: Thread-Gruppe 1-39
2025-02-28 10:34:28,908 INFO o.a.j.t.JMeterThread: Thread started: Thread-Gruppe 2-11
2025-02-28 10:34:29,023 INFO o.a.j.t.JMeterThread: Thread started: Thread-Gruppe 1-40
2025-02-28 10:34:29,156 INFO o.a.j.t.JMeterThread: Thread started: Thread-Gruppe 1-41
2025-02-28 10:34:29,289 INFO o.a.j.t.JMeterThread: Thread started: Thread-Gruppe 1-42
2025-02-28 10:34:29,407 INFO o.a.j.t.JMeterThread: Thread started: Thread-Gruppe 2-12
2025-02-28 10:34:29,422 INFO o.a.j.t.JMeterThread: Thread started: Thread-Gruppe 1-43
2025-02-28 10:34:29,555 INFO o.a.j.t.JMeterThread: Thread started: Thread-Gruppe 1-44
2025-02-28 10:34:29,688 INFO o.a.j.t.JMeterThread: Thread started: Thread-Gruppe 1-45
2025-02-28 10:34:29,821 INFO o.a.j.t.JMeterThread: Thread started: Thread-Gruppe 1-46
2025-02-28 10:34:29,911 INFO o.a.j.t.JMeterThread: Thread started: Thread-Gruppe 2-13
2025-02-28 10:34:29,923 INFO o.a.j.t.JMeterThread: Thread started: Thread-Gruppe 3-4
2025-02-28 10:34:29,955 INFO o.a.j.t.JMeterThread: Thread started: Thread-Gruppe 1-47
2025-02-28 10:34:30,038 INFO o.a.j.r.Summariser: summary +    169 in 00:01:07 =    2.5/s Avg:   415 Min:   244 Max:   818 Err:     0 (0.00%) Active: 64 Started: 64 Finished: 0
2025-02-28 10:34:30,088 INFO o.a.j.t.JMeterThread: Thread started: Thread-Gruppe 1-48
2025-02-28 10:34:30,222 INFO o.a.j.t.JMeterThread: Thread started: Thread-Gruppe 1-49
2025-02-28 10:34:30,355 INFO o.a.j.t.JMeterThread: Thread started: Thread-Gruppe 1-50
2025-02-28 10:34:30,408 INFO o.a.j.t.JMeterThread: Thread started: Thread-Gruppe 2-14
2025-02-28 10:34:30,486 INFO o.a.j.t.JMeterThread: Thread started: Thread-Gruppe 1-51
2025-02-28 10:34:30,619 INFO o.a.j.t.JMeterThread: Thread started: Thread-Gruppe 1-52
2025-02-28 10:34:30,754 INFO o.a.j.t.JMeterThread: Thread started: Thread-Gruppe 1-53
2025-02-28 10:34:30,885 INFO o.a.j.t.JMeterThread: Thread started: Thread-Gruppe 1-54
2025-02-28 10:34:30,909 INFO o.a.j.t.JMeterThread: Thread started: Thread-Gruppe 2-15
2025-02-28 10:34:31,017 INFO o.a.j.t.JMeterThread: Thread started: Thread-Gruppe 1-55
2025-02-28 10:34:31,150 INFO o.a.j.t.JMeterThread: Thread started: Thread-Gruppe 1-56
2025-02-28 10:34:31,283 INFO o.a.j.t.JMeterThread: Thread started: Thread-Gruppe 1-57
2025-02-28 10:34:31,409 INFO o.a.j.t.JMeterThread: Thread started: Thread-Gruppe 2-16
2025-02-28 10:34:31,417 INFO o.a.j.t.JMeterThread: Thread started: Thread-Gruppe 1-58
2025-02-28 10:34:31,550 INFO o.a.j.t.JMeterThread: Thread started: Thread-Gruppe 1-59
2025-02-28 10:34:31,684 INFO o.a.j.t.JMeterThread: Thread started: Thread-Gruppe 1-60
2025-02-28 10:34:31,815 INFO o.a.j.t.JMeterThread: Thread started: Thread-Gruppe 1-61
2025-02-28 10:34:31,908 INFO o.a.j.t.JMeterThread: Thread started: Thread-Gruppe 2-17
2025-02-28 10:34:31,923 INFO o.a.j.t.JMeterThread: Thread started: Thread-Gruppe 3-5
2025-02-28 10:34:31,950 INFO o.a.j.t.JMeterThread: Thread started: Thread-Gruppe 1-62
2025-02-28 10:34:32,083 INFO o.a.j.t.JMeterThread: Thread started: Thread-Gruppe 1-63
2025-02-28 10:34:32,214 INFO o.a.j.t.JMeterThread: Thread started: Thread-Gruppe 1-64
2025-02-28 10:34:32,348 INFO o.a.j.t.JMeterThread: Thread started: Thread-Gruppe 1-65
2025-02-28 10:34:32,408 INFO o.a.j.t.JMeterThread: Thread started: Thread-Gruppe 2-18
2025-02-28 10:34:32,482 INFO o.a.j.t.JMeterThread: Thread started: Thread-Gruppe 1-66
2025-02-28 10:34:32,617 INFO o.a.j.t.JMeterThread: Thread started: Thread-Gruppe 1-67
2025-02-28 10:34:32,747 INFO o.a.j.t.JMeterThread: Thread started: Thread-Gruppe 1-68
2025-02-28 10:34:32,884 INFO o.a.j.t.JMeterThread: Thread started: Thread-Gruppe 1-69
2025-02-28 10:34:32,908 INFO o.a.j.t.JMeterThread: Thread started: Thread-Gruppe 2-19
2025-02-28 10:34:33,013 INFO o.a.j.t.JMeterThread: Thread started: Thread-Gruppe 1-70
2025-02-28 10:34:33,146 INFO o.a.j.t.JMeterThread: Thread started: Thread-Gruppe 1-71
2025-02-28 10:34:33,280 INFO o.a.j.t.JMeterThread: Thread started: Thread-Gruppe 1-72
2025-02-28 10:34:33,409 INFO o.a.j.t.JMeterThread: Thread started: Thread-Gruppe 2-20
2025-02-28 10:34:33,413 INFO o.a.j.t.JMeterThread: Thread started: Thread-Gruppe 1-73
2025-02-28 10:34:33,545 INFO o.a.j.t.JMeterThread: Thread started: Thread-Gruppe 1-74
2025-02-28 10:34:33,679 INFO o.a.j.t.JMeterThread: Thread started: Thread-Gruppe 1-75
2025-02-28 10:35:00,044 INFO o.a.j.r.Summariser: summary +   2251 in 00:00:30 =   75.0/s Avg:   338 Min:   237 Max:   849 Err:     0 (0.00%) Active: 100 Started: 100 Finished: 0
2025-02-28 10:35:00,044 INFO o.a.j.r.Summariser: summary =   2420 in 00:01:37 =   25.1/s Avg:   343 Min:   237 Max:   849 Err:     0 (0.00%)
2025-02-28 10:35:30,015 INFO o.a.j.r.Summariser: summary +   2280 in 00:00:30 =   76.1/s Avg:   339 Min:   237 Max:  1016 Err:     0 (0.00%) Active: 100 Started: 100 Finished: 0
2025-02-28 10:35:30,016 INFO o.a.j.r.Summariser: summary =   4700 in 00:02:06 =   37.2/s Avg:   341 Min:   237 Max:  1016 Err:     0 (0.00%)
2025-02-28 10:36:00,002 INFO o.a.j.r.Summariser: summary +   2296 in 00:00:30 =   76.6/s Avg:   327 Min:   236 Max:  1033 Err:     0 (0.00%) Active: 100 Started: 100 Finished: 0
2025-02-28 10:36:00,003 INFO o.a.j.r.Summariser: summary =   6996 in 00:02:36 =   44.7/s Avg:   337 Min:   236 Max:  1033 Err:     0 (0.00%)
2025-02-28 10:36:30,029 INFO o.a.j.r.Summariser: summary +   2286 in 00:00:30 =   76.1/s Avg:   333 Min:   240 Max:  1009 Err:     0 (0.00%) Active: 100 Started: 100 Finished: 0
2025-02-28 10:36:30,031 INFO o.a.j.r.Summariser: summary =   9282 in 00:03:07 =   49.8/s Avg:   336 Min:   236 Max:  1033 Err:     0 (0.00%)
2025-02-28 10:37:00,019 INFO o.a.j.r.Summariser: summary +   2288 in 00:00:30 =   76.3/s Avg:   347 Min:   240 Max:  1095 Err:     0 (0.00%) Active: 100 Started: 100 Finished: 0
2025-02-28 10:37:00,020 INFO o.a.j.r.Summariser: summary =  11570 in 00:03:36 =   53.4/s Avg:   338 Min:   236 Max:  1095 Err:     0 (0.00%)
2025-02-28 10:37:30,001 INFO o.a.j.r.Summariser: summary +   2293 in 00:00:30 =   76.5/s Avg:   325 Min:   240 Max:  1028 Err:     0 (0.00%) Active: 100 Started: 100 Finished: 0
2025-02-28 10:37:30,001 INFO o.a.j.r.Summariser: summary =  13863 in 00:04:06 =   56.2/s Avg:   336 Min:   236 Max:  1095 Err:     0 (0.00%)
2025-02-28 10:38:00,041 INFO o.a.j.r.Summariser: summary +   2289 in 00:00:30 =   76.2/s Avg:   351 Min:   236 Max:  1060 Err:     0 (0.00%) Active: 100 Started: 100 Finished: 0
2025-02-28 10:38:00,042 INFO o.a.j.r.Summariser: summary =  16152 in 00:04:37 =   58.4/s Avg:   338 Min:   236 Max:  1095 Err:     0 (0.00%)
2025-02-28 10:38:30,005 INFO o.a.j.r.Summariser: summary +   2290 in 00:00:30 =   76.4/s Avg:   322 Min:   238 Max:  1048 Err:     0 (0.00%) Active: 100 Started: 100 Finished: 0
2025-02-28 10:38:30,005 INFO o.a.j.r.Summariser: summary =  18442 in 00:05:06 =   60.2/s Avg:   336 Min:   236 Max:  1095 Err:     0 (0.00%)
2025-02-28 10:39:00,060 INFO o.a.j.r.Summariser: summary +   2290 in 00:00:30 =   76.2/s Avg:   355 Min:   239 Max:  1119 Err:     0 (0.00%) Active: 100 Started: 100 Finished: 0
2025-02-28 10:39:00,061 INFO o.a.j.r.Summariser: summary =  20732 in 00:05:37 =   61.6/s Avg:   338 Min:   236 Max:  1119 Err:     0 (0.00%)
2025-02-28 10:39:30,011 INFO o.a.j.r.Summariser: summary +   2286 in 00:00:30 =   76.3/s Avg:   327 Min:   237 Max:  1085 Err:     0 (0.00%) Active: 100 Started: 100 Finished: 0
2025-02-28 10:39:30,012 INFO o.a.j.r.Summariser: summary =  23018 in 00:06:06 =   62.8/s Avg:   337 Min:   236 Max:  1119 Err:     0 (0.00%)
2025-02-28 10:40:00,008 INFO o.a.j.r.Summariser: summary +   2286 in 00:00:30 =   76.2/s Avg:   346 Min:   235 Max:  1125 Err:     0 (0.00%) Active: 100 Started: 100 Finished: 0
2025-02-28 10:40:00,009 INFO o.a.j.r.Summariser: summary =  25304 in 00:06:36 =   63.8/s Avg:   338 Min:   235 Max:  1125 Err:     0 (0.00%)
2025-02-28 10:40:30,012 INFO o.a.j.r.Summariser: summary +   2266 in 00:00:30 =   75.5/s Avg:   340 Min:   232 Max:  6049 Err:     0 (0.00%) Active: 100 Started: 100 Finished: 0
2025-02-28 10:40:30,013 INFO o.a.j.r.Summariser: summary =  27570 in 00:07:06 =   64.6/s Avg:   338 Min:   232 Max:  6049 Err:     0 (0.00%)
2025-02-28 10:41:00,002 INFO o.a.j.r.Summariser: summary +   2289 in 00:00:30 =   76.3/s Avg:   357 Min:   237 Max:  2250 Err:     0 (0.00%) Active: 100 Started: 100 Finished: 0
2025-02-28 10:41:00,004 INFO o.a.j.r.Summariser: summary =  29859 in 00:07:36 =   65.4/s Avg:   339 Min:   232 Max:  6049 Err:     0 (0.00%)
2025-02-28 10:41:30,018 INFO o.a.j.r.Summariser: summary +   2287 in 00:00:30 =   76.2/s Avg:   327 Min:   236 Max:  1071 Err:     0 (0.00%) Active: 100 Started: 100 Finished: 0
2025-02-28 10:41:30,019 INFO o.a.j.r.Summariser: summary =  32146 in 00:08:06 =   66.1/s Avg:   339 Min:   232 Max:  6049 Err:     0 (0.00%)
2025-02-28 10:42:00,022 INFO o.a.j.r.Summariser: summary +   2292 in 00:00:30 =   76.4/s Avg:   356 Min:   236 Max:  1204 Err:     0 (0.00%) Active: 100 Started: 100 Finished: 0
2025-02-28 10:42:00,022 INFO o.a.j.r.Summariser: summary =  34438 in 00:08:36 =   66.7/s Avg:   340 Min:   232 Max:  6049 Err:     0 (0.00%)
2025-02-28 10:42:30,015 INFO o.a.j.r.Summariser: summary +   2290 in 00:00:30 =   76.3/s Avg:   314 Min:   236 Max:   993 Err:     0 (0.00%) Active: 100 Started: 100 Finished: 0
2025-02-28 10:42:30,015 INFO o.a.j.r.Summariser: summary =  36728 in 00:09:06 =   67.2/s Avg:   338 Min:   232 Max:  6049 Err:     0 (0.00%)
2025-02-28 10:43:00,003 INFO o.a.j.r.Summariser: summary +   2286 in 00:00:30 =   76.2/s Avg:   349 Min:   236 Max:  1745 Err:     0 (0.00%) Active: 100 Started: 100 Finished: 0
2025-02-28 10:43:00,004 INFO o.a.j.r.Summariser: summary =  39014 in 00:09:36 =   67.7/s Avg:   339 Min:   232 Max:  6049 Err:     0 (0.00%)
2025-02-28 10:43:30,020 INFO o.a.j.r.Summariser: summary +   2284 in 00:00:30 =   76.1/s Avg:   334 Min:   237 Max:  1255 Err:     0 (0.00%) Active: 100 Started: 100 Finished: 0
2025-02-28 10:43:30,023 INFO o.a.j.r.Summariser: summary =  41298 in 00:10:06 =   68.1/s Avg:   338 Min:   232 Max:  6049 Err:     0 (0.00%)
2025-02-28 10:44:00,021 INFO o.a.j.r.Summariser: summary +   2288 in 00:00:30 =   76.3/s Avg:   345 Min:   236 Max:  1105 Err:     0 (0.00%) Active: 100 Started: 100 Finished: 0
2025-02-28 10:44:00,022 INFO o.a.j.r.Summariser: summary =  43586 in 00:10:36 =   68.5/s Avg:   339 Min:   232 Max:  6049 Err:     0 (0.00%)
2025-02-28 10:44:22,133 INFO o.a.j.t.JMeterThread: Thread finished: Thread-Gruppe 1-1
2025-02-28 10:44:22,203 INFO o.a.j.t.JMeterThread: Thread finished: Thread-Gruppe 1-62
2025-02-28 10:44:22,209 INFO o.a.j.t.JMeterThread: Thread finished: Thread-Gruppe 1-47
2025-02-28 10:44:22,222 INFO o.a.j.t.JMeterThread: Thread finished: Thread-Gruppe 1-2
2025-02-28 10:44:22,304 INFO o.a.j.t.JMeterThread: Thread finished: Thread-Gruppe 1-17
2025-02-28 10:44:22,307 INFO o.a.j.t.JMeterThread: Thread finished: Thread-Gruppe 1-25
2025-02-28 10:44:22,375 INFO o.a.j.t.JMeterThread: Thread finished: Thread-Gruppe 1-63
2025-02-28 10:44:22,376 INFO o.a.j.t.JMeterThread: Thread finished: Thread-Gruppe 1-48
2025-02-28 10:44:22,384 INFO o.a.j.t.JMeterThread: Thread finished: Thread-Gruppe 1-18
2025-02-28 10:44:22,384 INFO o.a.j.t.JMeterThread: Thread finished: Thread-Gruppe 1-3
2025-02-28 10:44:22,478 INFO o.a.j.t.JMeterThread: Thread finished: Thread-Gruppe 1-64
2025-02-28 10:44:22,489 INFO o.a.j.t.JMeterThread: Thread finished: Thread-Gruppe 1-4
2025-02-28 10:44:22,489 INFO o.a.j.t.JMeterThread: Thread finished: Thread-Gruppe 1-49
2025-02-28 10:44:22,512 INFO o.a.j.t.JMeterThread: Thread finished: Thread-Gruppe 1-19
2025-02-28 10:44:22,612 INFO o.a.j.t.JMeterThread: Thread finished: Thread-Gruppe 1-20
2025-02-28 10:44:22,635 INFO o.a.j.t.JMeterThread: Thread finished: Thread-Gruppe 1-65
2025-02-28 10:44:22,635 INFO o.a.j.t.JMeterThread: Thread finished: Thread-Gruppe 1-5
2025-02-28 10:44:22,642 INFO o.a.j.t.JMeterThread: Thread finished: Thread-Gruppe 1-50
2025-02-28 10:44:22,745 INFO o.a.j.t.JMeterThread: Thread finished: Thread-Gruppe 1-66
2025-02-28 10:44:22,745 INFO o.a.j.t.JMeterThread: Thread finished: Thread-Gruppe 1-51
2025-02-28 10:44:22,748 INFO o.a.j.t.JMeterThread: Thread finished: Thread-Gruppe 1-21
2025-02-28 10:44:22,752 INFO o.a.j.t.JMeterThread: Thread finished: Thread-Gruppe 1-6
2025-02-28 10:44:22,862 INFO o.a.j.t.JMeterThread: Thread finished: Thread-Gruppe 1-52
2025-02-28 10:44:22,883 INFO o.a.j.t.JMeterThread: Thread finished: Thread-Gruppe 1-67
2025-02-28 10:44:22,884 INFO o.a.j.t.JMeterThread: Thread finished: Thread-Gruppe 1-22
2025-02-28 10:44:22,885 INFO o.a.j.t.JMeterThread: Thread finished: Thread-Gruppe 1-7
2025-02-28 10:44:22,895 INFO o.a.j.t.JMeterThread: Thread finished: Thread-Gruppe 1-33
2025-02-28 10:44:23,021 INFO o.a.j.t.JMeterThread: Thread finished: Thread-Gruppe 1-68
2025-02-28 10:44:23,023 INFO o.a.j.t.JMeterThread: Thread finished: Thread-Gruppe 1-34
2025-02-28 10:44:23,024 INFO o.a.j.t.JMeterThread: Thread finished: Thread-Gruppe 1-23
2025-02-28 10:44:23,025 INFO o.a.j.t.JMeterThread: Thread finished: Thread-Gruppe 1-8
2025-02-28 10:44:23,136 INFO o.a.j.t.JMeterThread: Thread finished: Thread-Gruppe 1-54
2025-02-28 10:44:23,141 INFO o.a.j.t.JMeterThread: Thread finished: Thread-Gruppe 1-69
2025-02-28 10:44:23,142 INFO o.a.j.t.JMeterThread: Thread finished: Thread-Gruppe 1-35
2025-02-28 10:44:23,176 INFO o.a.j.t.JMeterThread: Thread finished: Thread-Gruppe 1-24
2025-02-28 10:44:23,203 INFO o.a.j.t.JMeterThread: Thread finished: Thread-Gruppe 1-9
2025-02-28 10:44:23,272 INFO o.a.j.t.JMeterThread: Thread finished: Thread-Gruppe 1-70
2025-02-28 10:44:23,275 INFO o.a.j.t.JMeterThread: Thread finished: Thread-Gruppe 1-55
2025-02-28 10:44:23,300 INFO o.a.j.t.JMeterThread: Thread finished: Thread-Gruppe 1-10
2025-02-28 10:44:23,327 INFO o.a.j.t.JMeterThread: Thread finished: Thread-Gruppe 1-32
2025-02-28 10:44:23,384 INFO o.a.j.t.JMeterThread: Thread finished: Thread-Gruppe 1-37
2025-02-28 10:44:23,399 INFO o.a.j.t.JMeterThread: Thread finished: Thread-Gruppe 1-56
2025-02-28 10:44:23,408 INFO o.a.j.t.JMeterThread: Thread finished: Thread-Gruppe 1-26
2025-02-28 10:44:23,412 INFO o.a.j.t.JMeterThread: Thread finished: Thread-Gruppe 1-71
2025-02-28 10:44:23,420 INFO o.a.j.t.JMeterThread: Thread finished: Thread-Gruppe 1-11
2025-02-28 10:44:23,507 INFO o.a.j.t.JMeterThread: Thread finished: Thread-Gruppe 2-7
2025-02-28 10:44:23,518 INFO o.a.j.t.JMeterThread: Thread finished: Thread-Gruppe 1-38
2025-02-28 10:44:23,520 INFO o.a.j.t.JMeterThread: Thread finished: Thread-Gruppe 2-6
2025-02-28 10:44:23,536 INFO o.a.j.t.JMeterThread: Thread finished: Thread-Gruppe 1-57
2025-02-28 10:44:23,545 INFO o.a.j.t.JMeterThread: Thread finished: Thread-Gruppe 1-72
2025-02-28 10:44:23,549 INFO o.a.j.t.JMeterThread: Thread finished: Thread-Gruppe 1-27
2025-02-28 10:44:23,555 INFO o.a.j.t.JMeterThread: Thread finished: Thread-Gruppe 1-12
2025-02-28 10:44:23,589 INFO o.a.j.t.JMeterThread: Thread finished: Thread-Gruppe 2-19
2025-02-28 10:44:23,590 INFO o.a.j.t.JMeterThread: Thread finished: Thread-Gruppe 2-13
2025-02-28 10:44:23,628 INFO o.a.j.t.JMeterThread: Thread finished: Thread-Gruppe 2-16
2025-02-28 10:44:23,629 INFO o.a.j.t.JMeterThread: Thread finished: Thread-Gruppe 2-5
2025-02-28 10:44:23,639 INFO o.a.j.t.JMeterThread: Thread finished: Thread-Gruppe 1-39
2025-02-28 10:44:23,668 INFO o.a.j.t.JMeterThread: Thread finished: Thread-Gruppe 1-58
2025-02-28 10:44:23,670 INFO o.a.j.t.JMeterThread: Thread finished: Thread-Gruppe 1-73
2025-02-28 10:44:23,684 INFO o.a.j.t.JMeterThread: Thread finished: Thread-Gruppe 1-28
2025-02-28 10:44:23,684 INFO o.a.j.t.JMeterThread: Thread finished: Thread-Gruppe 2-3
2025-02-28 10:44:23,696 INFO o.a.j.t.JMeterThread: Thread finished: Thread-Gruppe 1-13
2025-02-28 10:44:23,718 INFO o.a.j.t.JMeterThread: Thread finished: Thread-Gruppe 3-4
2025-02-28 10:44:23,776 INFO o.a.j.t.JMeterThread: Thread finished: Thread-Gruppe 1-40
2025-02-28 10:44:23,786 INFO o.a.j.t.JMeterThread: Thread finished: Thread-Gruppe 1-53
2025-02-28 10:44:23,801 INFO o.a.j.t.JMeterThread: Thread finished: Thread-Gruppe 1-59
2025-02-28 10:44:23,809 INFO o.a.j.t.JMeterThread: Thread finished: Thread-Gruppe 1-74
2025-02-28 10:44:23,833 INFO o.a.j.t.JMeterThread: Thread finished: Thread-Gruppe 1-29
2025-02-28 10:44:23,833 INFO o.a.j.t.JMeterThread: Thread finished: Thread-Gruppe 2-4
2025-02-28 10:44:23,838 INFO o.a.j.t.JMeterThread: Thread finished: Thread-Gruppe 1-14
2025-02-28 10:44:23,870 INFO o.a.j.t.JMeterThread: Thread finished: Thread-Gruppe 1-36
2025-02-28 10:44:23,891 INFO o.a.j.t.JMeterThread: Thread finished: Thread-Gruppe 2-9
2025-02-28 10:44:23,891 INFO o.a.j.t.JMeterThread: Thread finished: Thread-Gruppe 2-15
2025-02-28 10:44:23,893 INFO o.a.j.t.JMeterThread: Thread finished: Thread-Gruppe 2-14
2025-02-28 10:44:23,893 INFO o.a.j.t.JMeterThread: Thread finished: Thread-Gruppe 2-18
2025-02-28 10:44:23,918 INFO o.a.j.t.JMeterThread: Stopping because end time detected by thread: Thread-Gruppe 1-41
2025-02-28 10:44:23,918 INFO o.a.j.t.JMeterThread: Stopping because end time detected by thread: Thread-Gruppe 2-12
2025-02-28 10:44:23,918 INFO o.a.j.t.JMeterThread: Stopping because end time detected by thread: Thread-Gruppe 1-75
2025-02-28 10:44:23,930 INFO o.a.j.t.JMeterThread: Thread finished: Thread-Gruppe 1-75
2025-02-28 10:44:23,931 INFO o.a.j.t.JMeterThread: Thread finished: Thread-Gruppe 2-12
2025-02-28 10:44:23,930 INFO o.a.j.t.JMeterThread: Thread finished: Thread-Gruppe 1-41
2025-02-28 10:44:23,931 INFO o.a.j.t.JMeterThread: Stopping because end time detected by thread: Thread-Gruppe 3-5
2025-02-28 10:44:23,931 INFO o.a.j.t.JMeterThread: Stopping because end time detected by thread: Thread-Gruppe 2-2
2025-02-28 10:44:23,934 INFO o.a.j.t.JMeterThread: Thread finished: Thread-Gruppe 3-5
2025-02-28 10:44:23,934 INFO o.a.j.t.JMeterThread: Thread finished: Thread-Gruppe 2-2
2025-02-28 10:44:23,935 INFO o.a.j.t.JMeterThread: Stopping because end time detected by thread: Thread-Gruppe 2-20
2025-02-28 10:44:23,935 INFO o.a.j.t.JMeterThread: Thread finished: Thread-Gruppe 2-20
2025-02-28 10:44:23,935 INFO o.a.j.t.JMeterThread: Stopping because end time detected by thread: Thread-Gruppe 1-60
2025-02-28 10:44:23,935 INFO o.a.j.t.JMeterThread: Thread finished: Thread-Gruppe 1-60
2025-02-28 10:44:23,935 INFO o.a.j.t.JMeterThread: Stopping because end time detected by thread: Thread-Gruppe 1-30
2025-02-28 10:44:23,935 INFO o.a.j.t.JMeterThread: Thread finished: Thread-Gruppe 1-30
2025-02-28 10:44:23,950 INFO o.a.j.t.JMeterThread: Stopping because end time detected by thread: Thread-Gruppe 1-15
2025-02-28 10:44:23,950 INFO o.a.j.t.JMeterThread: Thread finished: Thread-Gruppe 1-15
2025-02-28 10:44:23,950 INFO o.a.j.t.JMeterThread: Stopping because end time detected by thread: Thread-Gruppe 2-17
2025-02-28 10:44:23,950 INFO o.a.j.t.JMeterThread: Thread finished: Thread-Gruppe 2-17
2025-02-28 10:44:23,950 INFO o.a.j.t.JMeterThread: Stopping because end time detected by thread: Thread-Gruppe 2-11
2025-02-28 10:44:23,950 INFO o.a.j.t.JMeterThread: Thread finished: Thread-Gruppe 2-11
2025-02-28 10:44:24,030 INFO o.a.j.t.JMeterThread: Stopping because end time detected by thread: Thread-Gruppe 1-42
2025-02-28 10:44:24,030 INFO o.a.j.t.JMeterThread: Thread finished: Thread-Gruppe 1-42
2025-02-28 10:44:24,044 INFO o.a.j.t.JMeterThread: Stopping because end time detected by thread: Thread-Gruppe 3-1
2025-02-28 10:44:24,044 INFO o.a.j.t.JMeterThread: Thread finished: Thread-Gruppe 3-1
2025-02-28 10:44:24,062 INFO o.a.j.t.JMeterThread: Stopping because end time detected by thread: Thread-Gruppe 2-8
2025-02-28 10:44:24,062 INFO o.a.j.t.JMeterThread: Thread finished: Thread-Gruppe 2-8
2025-02-28 10:44:24,064 INFO o.a.j.t.JMeterThread: Stopping because end time detected by thread: Thread-Gruppe 1-61
2025-02-28 10:44:24,064 INFO o.a.j.t.JMeterThread: Thread finished: Thread-Gruppe 1-61
2025-02-28 10:44:24,064 INFO o.a.j.t.JMeterThread: Stopping because end time detected by thread: Thread-Gruppe 1-16
2025-02-28 10:44:24,064 INFO o.a.j.t.JMeterThread: Thread finished: Thread-Gruppe 1-16
2025-02-28 10:44:24,078 INFO o.a.j.t.JMeterThread: Stopping because end time detected by thread: Thread-Gruppe 3-3
2025-02-28 10:44:24,078 INFO o.a.j.t.JMeterThread: Thread finished: Thread-Gruppe 3-3
2025-02-28 10:44:24,094 INFO o.a.j.t.JMeterThread: Stopping because end time detected by thread: Thread-Gruppe 1-31
2025-02-28 10:44:24,094 INFO o.a.j.t.JMeterThread: Thread finished: Thread-Gruppe 1-31
2025-02-28 10:44:24,143 INFO o.a.j.t.JMeterThread: Stopping because end time detected by thread: Thread-Gruppe 3-2
2025-02-28 10:44:24,143 INFO o.a.j.t.JMeterThread: Thread finished: Thread-Gruppe 3-2
2025-02-28 10:44:24,159 INFO o.a.j.t.JMeterThread: Stopping because end time detected by thread: Thread-Gruppe 1-43
2025-02-28 10:44:24,159 INFO o.a.j.t.JMeterThread: Thread finished: Thread-Gruppe 1-43
2025-02-28 10:44:24,175 INFO o.a.j.t.JMeterThread: Stopping because end time detected by thread: Thread-Gruppe 2-10
2025-02-28 10:44:24,175 INFO o.a.j.t.JMeterThread: Thread finished: Thread-Gruppe 2-10
2025-02-28 10:44:24,306 INFO o.a.j.t.JMeterThread: Stopping because end time detected by thread: Thread-Gruppe 1-44
2025-02-28 10:44:24,306 INFO o.a.j.t.JMeterThread: Thread finished: Thread-Gruppe 1-44
2025-02-28 10:44:24,439 INFO o.a.j.t.JMeterThread: Stopping because end time detected by thread: Thread-Gruppe 1-45
2025-02-28 10:44:24,439 INFO o.a.j.t.JMeterThread: Thread finished: Thread-Gruppe 1-45
2025-02-28 10:44:24,491 INFO o.a.j.t.JMeterThread: Stopping because end time detected by thread: Thread-Gruppe 2-1
2025-02-28 10:44:24,493 INFO o.a.j.t.JMeterThread: Thread finished: Thread-Gruppe 2-1
2025-02-28 10:44:24,572 INFO o.a.j.t.JMeterThread: Stopping because end time detected by thread: Thread-Gruppe 1-46
2025-02-28 10:44:24,572 INFO o.a.j.t.JMeterThread: Thread finished: Thread-Gruppe 1-46
2025-02-28 10:44:24,574 INFO o.a.j.e.StandardJMeterEngine: Notifying test listeners of end of test
2025-02-28 10:44:24,582 INFO o.a.j.r.Summariser: summary +   1845 in 00:00:25 =   75.1/s Avg:   331 Min:   238 Max:  1019 Err:     0 (0.00%) Active: 0 Started: 100 Finished: 100
2025-02-28 10:44:24,582 INFO o.a.j.r.Summariser: summary =  45431 in 00:11:01 =   68.7/s Avg:   339 Min:   232 Max:  6049 Err:     0 (0.00%)
