2025-02-27 09:46:14,230 INFO o.a.j.u.JMeterUtils: Setting Locale to en_EN
2025-02-27 09:46:14,245 INFO o.a.j.JMeter: Loading user properties from: D:\Semester 7\CS4203 - Research and Development Project\Artifacts\apache-jmeter-5.6.3\bin\user.properties
2025-02-27 09:46:14,260 INFO o.a.j.JMeter: Loading system properties from: D:\Semester 7\CS4203 - Research and Development Project\Artifacts\apache-jmeter-5.6.3\bin\system.properties
2025-02-27 09:46:14,260 INFO o.a.j.JMeter: Setting JMeter property: lb_1_hostname=34.67.126.244
2025-02-27 09:46:14,260 INFO o.a.j.JMeter: Setting JMeter property: lb_2_hostname=35.232.62.106
2025-02-27 09:46:14,260 INFO o.a.j.JMeter: Setting JMeter property: lb_1_port=8090
2025-02-27 09:46:14,260 INFO o.a.j.JMeter: Setting JMeter property: lb_2_port=8091
2025-02-27 09:46:14,264 INFO o.a.j.JMeter: Setting JMeter property: warm_up_users=20
2025-02-27 09:46:14,264 INFO o.a.j.JMeter: Setting JMeter property: warm_up_time=60
2025-02-27 09:46:14,264 INFO o.a.j.JMeter: Setting JMeter property: test_run_time=600
2025-02-27 09:46:14,264 INFO o.a.j.JMeter: Setting JMeter property: ramp_up=10
2025-02-27 09:46:14,264 INFO o.a.j.JMeter: Setting JMeter property: group_1=75
2025-02-27 09:46:14,264 INFO o.a.j.JMeter: Setting JMeter property: group_2=20
2025-02-27 09:46:14,264 INFO o.a.j.JMeter: Setting JMeter property: group_3=5
2025-02-27 09:46:14,264 INFO o.a.j.JMeter: Setting JMeter property: group_1_request_rate=30
2025-02-27 09:46:14,264 INFO o.a.j.JMeter: Setting JMeter property: group_2_request_rate=90
2025-02-27 09:46:14,264 INFO o.a.j.JMeter: Setting JMeter property: group_3_request_rate=120
2025-02-27 09:46:14,264 INFO o.a.j.JMeter: Setting JMeter property: log_file=d:\Semester 7\CS4203 - Research and Development Project\Artifacts\rate-limiter-nginx\jmeter\cloud\2025_02_27_09_12_logs\gcra\mysql_script_period_60_rate_100_burst_5\warm_up_results.csv
2025-02-27 09:46:14,264 INFO o.a.j.JMeter: Setting JMeter property: algorithm=gcra_mysql_script_period_60_rate_100_burst_5
2025-02-27 09:46:14,264 INFO o.a.j.JMeter: Setting JMeter property: auth=/gcra/mysql_script_period_60_rate_100_burst_5/tools.descartes.teastore.auth/rest
2025-02-27 09:46:14,264 INFO o.a.j.JMeter: Setting JMeter property: persistence=/gcra/mysql_script_period_60_rate_100_burst_5/tools.descartes.teastore.persistence/rest
2025-02-27 09:46:14,264 INFO o.a.j.JMeter: Setting JMeter property: recommender=/gcra/mysql_script_period_60_rate_100_burst_5/tools.descartes.teastore.recommender/rest
2025-02-27 09:46:14,264 INFO o.a.j.JMeter: Setting JMeter property: image=/gcra/mysql_script_period_60_rate_100_burst_5/tools.descartes.teastore.image/rest
2025-02-27 09:46:14,264 INFO o.a.j.JMeter: Copyright (c) 1998-2024 The Apache Software Foundation
2025-02-27 09:46:14,264 INFO o.a.j.JMeter: Version 5.6.3
2025-02-27 09:46:14,264 INFO o.a.j.JMeter: java.version=11.0.22
2025-02-27 09:46:14,264 INFO o.a.j.JMeter: java.vm.name=Java HotSpot(TM) 64-Bit Server VM
2025-02-27 09:46:14,264 INFO o.a.j.JMeter: os.name=Windows 10
2025-02-27 09:46:14,264 INFO o.a.j.JMeter: os.arch=amd64
2025-02-27 09:46:14,264 INFO o.a.j.JMeter: os.version=10.0
2025-02-27 09:46:14,264 INFO o.a.j.JMeter: file.encoding=Cp1252
2025-02-27 09:46:14,264 INFO o.a.j.JMeter: java.awt.headless=true
2025-02-27 09:46:14,264 INFO o.a.j.JMeter: Max memory     =1073741824
2025-02-27 09:46:14,264 INFO o.a.j.JMeter: Available Processors =12
2025-02-27 09:46:14,279 INFO o.a.j.JMeter: Default Locale=English (EN)
2025-02-27 09:46:14,279 INFO o.a.j.JMeter: JMeter  Locale=English (EN)
2025-02-27 09:46:14,279 INFO o.a.j.JMeter: JMeterHome=D:\Semester 7\CS4203 - Research and Development Project\Artifacts\apache-jmeter-5.6.3
2025-02-27 09:46:14,279 INFO o.a.j.JMeter: user.dir  =D:\Semester 7\CS4203 - Research and Development Project\Artifacts\rate-limiter-nginx
2025-02-27 09:46:14,294 INFO o.a.j.JMeter: PWD       =D:\Semester 7\CS4203 - Research and Development Project\Artifacts\rate-limiter-nginx
2025-02-27 09:46:14,324 INFO o.a.j.JMeter: IP: 10.10.21.101 Name: KOBI-MSI-PC FullName: 10.10.21.101
2025-02-27 09:46:14,354 INFO o.a.j.s.FileServer: Default base='D:\Semester 7\CS4203 - Research and Development Project\Artifacts\rate-limiter-nginx'
2025-02-27 09:46:14,354 INFO o.a.j.s.FileServer: Set new base='d:\Semester 7\CS4203 - Research and Development Project\Artifacts\rate-limiter-nginx\jmeter\cloud'
2025-02-27 09:46:14,596 INFO o.a.j.s.SaveService: Testplan (JMX) version: 2.2. Testlog (JTL) version: 2.2
2025-02-27 09:46:14,621 INFO o.a.j.s.SaveService: Using SaveService properties version 5.0
2025-02-27 09:46:14,629 INFO o.a.j.s.SaveService: Using SaveService properties file encoding UTF-8
2025-02-27 09:46:14,629 INFO o.a.j.s.SaveService: Loading file: d:\Semester 7\CS4203 - Research and Development Project\Artifacts\rate-limiter-nginx\jmeter\cloud\teastore_performance.jmx
2025-02-27 09:46:14,696 INFO o.a.j.p.h.c.CookieManager: Settings: Delete null: true Check: true Allow variable: true Save: false Prefix: COOKIE_
2025-02-27 09:46:14,721 INFO o.a.j.p.h.s.HTTPSamplerBase: Parser for text/html is org.apache.jmeter.protocol.http.parser.LagartoBasedHtmlParser
2025-02-27 09:46:14,721 INFO o.a.j.p.h.s.HTTPSamplerBase: Parser for application/xhtml+xml is org.apache.jmeter.protocol.http.parser.LagartoBasedHtmlParser
2025-02-27 09:46:14,721 INFO o.a.j.p.h.s.HTTPSamplerBase: Parser for application/xml is org.apache.jmeter.protocol.http.parser.LagartoBasedHtmlParser
2025-02-27 09:46:14,721 INFO o.a.j.p.h.s.HTTPSamplerBase: Parser for text/xml is org.apache.jmeter.protocol.http.parser.LagartoBasedHtmlParser
2025-02-27 09:46:14,721 INFO o.a.j.p.h.s.HTTPSamplerBase: Parser for text/vnd.wap.wml is org.apache.jmeter.protocol.http.parser.RegexpHTMLParser
2025-02-27 09:46:14,721 INFO o.a.j.p.h.s.HTTPSamplerBase: Parser for text/css is org.apache.jmeter.protocol.http.parser.CssParser
2025-02-27 09:46:14,896 INFO o.a.j.s.SampleResult: Note: Sample TimeStamps are START times
2025-02-27 09:46:14,896 INFO o.a.j.s.SampleResult: sampleresult.default.encoding is set to UTF-8
2025-02-27 09:46:14,896 INFO o.a.j.s.SampleResult: sampleresult.useNanoTime=true
2025-02-27 09:46:14,896 INFO o.a.j.s.SampleResult: sampleresult.nanoThreadSleep=5000
2025-02-27 09:46:14,937 INFO o.a.j.JMeter: Creating summariser <summary>
2025-02-27 09:46:14,966 INFO o.a.j.e.StandardJMeterEngine: Running the test!
2025-02-27 09:46:14,968 INFO o.a.j.s.SampleEvent: List of sample_variables: []
2025-02-27 09:46:14,968 INFO o.a.j.s.SampleEvent: List of sample_variables: []
2025-02-27 09:46:14,983 INFO o.a.j.e.u.CompoundVariable: Note: Function class names must contain the string: '.functions.'
2025-02-27 09:46:14,984 INFO o.a.j.e.u.CompoundVariable: Note: Function class names must not contain the string: '.gui.'
2025-02-27 09:46:15,277 INFO o.a.j.r.ClassFinder: Will scan jar D:\Semester 7\CS4203 - Research and Development Project\Artifacts\apache-jmeter-5.6.3\lib\ext\jmeter-plugins-casutg-2.10.jar with filter ExtendsClassFilter [parents=[interface org.apache.jmeter.functions.Function], inner=false, contains=null, notContains=null]. Consider exposing JMeter plugins via META-INF/services, and add JMeter-Skip-Class-Scanning=true manifest attribute so JMeter can skip classfile scanning
2025-02-27 09:46:15,307 INFO o.a.j.r.ClassFinder: Will scan jar D:\Semester 7\CS4203 - Research and Development Project\Artifacts\apache-jmeter-5.6.3\lib\ext\jmeter-plugins-graphs-additional-2.0.jar with filter ExtendsClassFilter [parents=[interface org.apache.jmeter.functions.Function], inner=false, contains=null, notContains=null]. Consider exposing JMeter plugins via META-INF/services, and add JMeter-Skip-Class-Scanning=true manifest attribute so JMeter can skip classfile scanning
2025-02-27 09:46:15,307 INFO o.a.j.r.ClassFinder: Will scan jar D:\Semester 7\CS4203 - Research and Development Project\Artifacts\apache-jmeter-5.6.3\lib\ext\jmeter-plugins-perfmon-2.1.jar with filter ExtendsClassFilter [parents=[interface org.apache.jmeter.functions.Function], inner=false, contains=null, notContains=null]. Consider exposing JMeter plugins via META-INF/services, and add JMeter-Skip-Class-Scanning=true manifest attribute so JMeter can skip classfile scanning
2025-02-27 09:46:15,307 INFO o.a.j.r.ClassFinder: Will scan jar D:\Semester 7\CS4203 - Research and Development Project\Artifacts\apache-jmeter-5.6.3\lib\ext\json-lib-2.4-jdk15.jar with filter ExtendsClassFilter [parents=[interface org.apache.jmeter.functions.Function], inner=false, contains=null, notContains=null]. Consider exposing JMeter plugins via META-INF/services, and add JMeter-Skip-Class-Scanning=true manifest attribute so JMeter can skip classfile scanning
2025-02-27 09:46:15,337 INFO o.a.j.r.ClassFinder: Will scan jar D:\Semester 7\CS4203 - Research and Development Project\Artifacts\apache-jmeter-5.6.3\lib\ext\perfmon-2.2.2.jar with filter ExtendsClassFilter [parents=[interface org.apache.jmeter.functions.Function], inner=false, contains=null, notContains=null]. Consider exposing JMeter plugins via META-INF/services, and add JMeter-Skip-Class-Scanning=true manifest attribute so JMeter can skip classfile scanning
2025-02-27 09:46:15,352 INFO o.a.j.r.ClassFinder: Will scan jar D:\Semester 7\CS4203 - Research and Development Project\Artifacts\apache-jmeter-5.6.3\lib\ext\jmeter-plugins-manager-1.10.jar with filter ExtendsClassFilter [parents=[interface org.apache.jmeter.functions.Function], inner=false, contains=null, notContains=null]. Consider exposing JMeter plugins via META-INF/services, and add JMeter-Skip-Class-Scanning=true manifest attribute so JMeter can skip classfile scanning
2025-02-27 09:46:15,460 INFO o.a.j.r.ClassFinder: Will scan jar D:\Semester 7\CS4203 - Research and Development Project\Artifacts\apache-jmeter-5.6.3\lib\ext\jmeter-plugins-graphs-vs-2.0.jar with filter ExtendsClassFilter [parents=[interface org.apache.jmeter.functions.Function], inner=false, contains=null, notContains=null]. Consider exposing JMeter plugins via META-INF/services, and add JMeter-Skip-Class-Scanning=true manifest attribute so JMeter can skip classfile scanning
2025-02-27 09:46:15,460 INFO o.a.j.r.ClassFinder: Will scan jar D:\Semester 7\CS4203 - Research and Development Project\Artifacts\apache-jmeter-5.6.3\lib\ext\jmeter-parallel-0.12.jar with filter ExtendsClassFilter [parents=[interface org.apache.jmeter.functions.Function], inner=false, contains=null, notContains=null]. Consider exposing JMeter plugins via META-INF/services, and add JMeter-Skip-Class-Scanning=true manifest attribute so JMeter can skip classfile scanning
2025-02-27 09:46:15,460 INFO o.a.j.r.ClassFinder: Will scan jar D:\Semester 7\CS4203 - Research and Development Project\Artifacts\apache-jmeter-5.6.3\lib\ext\jmeter-plugins-tst-2.6.jar with filter ExtendsClassFilter [parents=[interface org.apache.jmeter.functions.Function], inner=false, contains=null, notContains=null]. Consider exposing JMeter plugins via META-INF/services, and add JMeter-Skip-Class-Scanning=true manifest attribute so JMeter can skip classfile scanning
2025-02-27 09:46:15,460 INFO o.a.j.r.ClassFinder: Will scan jar D:\Semester 7\CS4203 - Research and Development Project\Artifacts\apache-jmeter-5.6.3\lib\ext\jmeter-prometheus-plugin-0.6.0.jar with filter ExtendsClassFilter [parents=[interface org.apache.jmeter.functions.Function], inner=false, contains=null, notContains=null]. Consider exposing JMeter plugins via META-INF/services, and add JMeter-Skip-Class-Scanning=true manifest attribute so JMeter can skip classfile scanning
2025-02-27 09:46:15,490 INFO o.a.j.r.ClassFinder: Will scan jar D:\Semester 7\CS4203 - Research and Development Project\Artifacts\apache-jmeter-5.6.3\lib\ext\jmeter-plugins-graphs-basic-2.0.jar with filter ExtendsClassFilter [parents=[interface org.apache.jmeter.functions.Function], inner=false, contains=null, notContains=null]. Consider exposing JMeter plugins via META-INF/services, and add JMeter-Skip-Class-Scanning=true manifest attribute so JMeter can skip classfile scanning
2025-02-27 09:46:15,953 INFO o.a.j.JMeter: Running test (1740629775953)
2025-02-27 09:46:15,953 INFO o.a.j.e.StandardJMeterEngine: Starting setUp thread groups
2025-02-27 09:46:15,953 INFO o.a.j.e.StandardJMeterEngine: Starting setUp ThreadGroup: 1 : setUp Thread Group 
2025-02-27 09:46:15,953 INFO o.a.j.e.StandardJMeterEngine: Starting 20 threads for group setUp Thread Group.
2025-02-27 09:46:15,953 INFO o.a.j.e.StandardJMeterEngine: Thread will continue on error
2025-02-27 09:46:15,953 INFO o.a.j.t.ThreadGroup: Starting thread group... number=1 threads=20 ramp-up=10 delayedStart=false
2025-02-27 09:46:15,978 INFO o.a.j.t.JMeterThread: Thread started: setUp Thread Group 1-1
2025-02-27 09:46:16,032 INFO o.a.j.t.ThreadGroup: Started thread group number 1
2025-02-27 09:46:16,032 INFO o.a.j.e.StandardJMeterEngine: Waiting for all setup thread groups to exit
2025-02-27 09:46:16,474 INFO o.a.j.t.JMeterThread: Thread started: setUp Thread Group 1-2
2025-02-27 09:46:16,968 INFO o.a.j.t.JMeterThread: Thread started: setUp Thread Group 1-3
2025-02-27 09:46:17,088 INFO o.a.j.p.h.s.HTTPHCAbstractImpl: Local host = KOBI-MSI-PC
2025-02-27 09:46:17,094 INFO o.a.j.p.h.s.HTTPHC4Impl: HTTP request retry count = 0
2025-02-27 09:46:17,462 INFO o.a.j.t.JMeterThread: Thread started: setUp Thread Group 1-4
2025-02-27 09:46:17,960 INFO o.a.j.t.JMeterThread: Thread started: setUp Thread Group 1-5
2025-02-27 09:46:18,460 INFO o.a.j.t.JMeterThread: Thread started: setUp Thread Group 1-6
2025-02-27 09:46:18,959 INFO o.a.j.t.JMeterThread: Thread started: setUp Thread Group 1-7
2025-02-27 09:46:19,462 INFO o.a.j.t.JMeterThread: Thread started: setUp Thread Group 1-8
2025-02-27 09:46:19,959 INFO o.a.j.t.JMeterThread: Thread started: setUp Thread Group 1-9
2025-02-27 09:46:20,460 INFO o.a.j.t.JMeterThread: Thread started: setUp Thread Group 1-10
2025-02-27 09:46:20,960 INFO o.a.j.t.JMeterThread: Thread started: setUp Thread Group 1-11
2025-02-27 09:46:21,459 INFO o.a.j.t.JMeterThread: Thread started: setUp Thread Group 1-12
2025-02-27 09:46:21,959 INFO o.a.j.t.JMeterThread: Thread started: setUp Thread Group 1-13
2025-02-27 09:46:22,460 INFO o.a.j.t.JMeterThread: Thread started: setUp Thread Group 1-14
2025-02-27 09:46:22,959 INFO o.a.j.t.JMeterThread: Thread started: setUp Thread Group 1-15
2025-02-27 09:46:23,459 INFO o.a.j.t.JMeterThread: Thread started: setUp Thread Group 1-16
2025-02-27 09:46:23,958 INFO o.a.j.t.JMeterThread: Thread started: setUp Thread Group 1-17
2025-02-27 09:46:24,457 INFO o.a.j.t.JMeterThread: Thread started: setUp Thread Group 1-18
2025-02-27 09:46:24,957 INFO o.a.j.t.JMeterThread: Thread started: setUp Thread Group 1-19
2025-02-27 09:46:25,458 INFO o.a.j.t.JMeterThread: Thread started: setUp Thread Group 1-20
2025-02-27 09:47:15,792 INFO o.a.j.t.JMeterThread: Thread finished: setUp Thread Group 1-10
2025-02-27 09:47:15,799 INFO o.a.j.t.JMeterThread: Thread finished: setUp Thread Group 1-12
2025-02-27 09:47:15,868 INFO o.a.j.t.JMeterThread: Thread finished: setUp Thread Group 1-8
2025-02-27 09:47:15,993 INFO o.a.j.t.JMeterThread: Thread finished: setUp Thread Group 1-9
2025-02-27 09:47:16,012 INFO o.a.j.t.JMeterThread: Stopping because end time detected by thread: setUp Thread Group 1-2
2025-02-27 09:47:16,012 INFO o.a.j.t.JMeterThread: Thread finished: setUp Thread Group 1-2
2025-02-27 09:47:16,027 INFO o.a.j.t.JMeterThread: Stopping because end time detected by thread: setUp Thread Group 1-4
2025-02-27 09:47:16,027 INFO o.a.j.t.JMeterThread: Thread finished: setUp Thread Group 1-4
2025-02-27 09:47:16,060 INFO o.a.j.t.JMeterThread: Stopping because end time detected by thread: setUp Thread Group 1-20
2025-02-27 09:47:16,061 INFO o.a.j.t.JMeterThread: Thread finished: setUp Thread Group 1-20
2025-02-27 09:47:16,080 INFO o.a.j.t.JMeterThread: Stopping because end time detected by thread: setUp Thread Group 1-3
2025-02-27 09:47:16,080 INFO o.a.j.t.JMeterThread: Thread finished: setUp Thread Group 1-3
2025-02-27 09:47:16,100 INFO o.a.j.t.JMeterThread: Stopping because end time detected by thread: setUp Thread Group 1-6
2025-02-27 09:47:16,100 INFO o.a.j.t.JMeterThread: Thread finished: setUp Thread Group 1-6
2025-02-27 09:47:16,120 INFO o.a.j.t.JMeterThread: Stopping because end time detected by thread: setUp Thread Group 1-13
2025-02-27 09:47:16,120 INFO o.a.j.t.JMeterThread: Thread finished: setUp Thread Group 1-13
2025-02-27 09:47:16,124 INFO o.a.j.t.JMeterThread: Stopping because end time detected by thread: setUp Thread Group 1-15
2025-02-27 09:47:16,125 INFO o.a.j.t.JMeterThread: Thread finished: setUp Thread Group 1-15
2025-02-27 09:47:16,130 INFO o.a.j.t.JMeterThread: Stopping because end time detected by thread: setUp Thread Group 1-19
2025-02-27 09:47:16,130 INFO o.a.j.t.JMeterThread: Thread finished: setUp Thread Group 1-19
2025-02-27 09:47:16,192 INFO o.a.j.t.JMeterThread: Stopping because end time detected by thread: setUp Thread Group 1-7
2025-02-27 09:47:16,192 INFO o.a.j.t.JMeterThread: Stopping because end time detected by thread: setUp Thread Group 1-5
2025-02-27 09:47:16,192 INFO o.a.j.t.JMeterThread: Thread finished: setUp Thread Group 1-7
2025-02-27 09:47:16,192 INFO o.a.j.t.JMeterThread: Thread finished: setUp Thread Group 1-5
2025-02-27 09:47:16,222 INFO o.a.j.t.JMeterThread: Stopping because end time detected by thread: setUp Thread Group 1-17
2025-02-27 09:47:16,222 INFO o.a.j.t.JMeterThread: Stopping because end time detected by thread: setUp Thread Group 1-11
2025-02-27 09:47:16,222 INFO o.a.j.t.JMeterThread: Thread finished: setUp Thread Group 1-17
2025-02-27 09:47:16,222 INFO o.a.j.t.JMeterThread: Thread finished: setUp Thread Group 1-11
2025-02-27 09:47:16,243 INFO o.a.j.t.JMeterThread: Stopping because end time detected by thread: setUp Thread Group 1-16
2025-02-27 09:47:16,259 INFO o.a.j.t.JMeterThread: Thread finished: setUp Thread Group 1-16
2025-02-27 09:47:16,304 INFO o.a.j.t.JMeterThread: Stopping because end time detected by thread: setUp Thread Group 1-18
2025-02-27 09:47:16,304 INFO o.a.j.t.JMeterThread: Thread finished: setUp Thread Group 1-18
2025-02-27 09:47:16,553 INFO o.a.j.t.JMeterThread: Stopping because end time detected by thread: setUp Thread Group 1-14
2025-02-27 09:47:16,553 INFO o.a.j.t.JMeterThread: Thread finished: setUp Thread Group 1-14
2025-02-27 09:47:16,583 INFO o.a.j.t.JMeterThread: Stopping because end time detected by thread: setUp Thread Group 1-1
2025-02-27 09:47:16,583 INFO o.a.j.t.JMeterThread: Thread finished: setUp Thread Group 1-1
2025-02-27 09:47:16,583 INFO o.a.j.e.StandardJMeterEngine: All Setup Threads have ended
2025-02-27 09:47:16,631 INFO o.a.j.e.StandardJMeterEngine: Starting ThreadGroup: 1 : Thread-Gruppe
2025-02-27 09:47:16,631 INFO o.a.j.e.StandardJMeterEngine: Starting 75 threads for group Thread-Gruppe.
2025-02-27 09:47:16,631 INFO o.a.j.e.StandardJMeterEngine: Thread will continue on error
2025-02-27 09:47:16,631 INFO o.a.j.t.ThreadGroup: Starting thread group... number=1 threads=75 ramp-up=10 delayedStart=false
2025-02-27 09:47:16,631 INFO o.a.j.t.JMeterThread: Thread started: Thread-Gruppe 1-1
2025-02-27 09:47:16,728 INFO o.a.j.t.ThreadGroup: Started thread group number 1
2025-02-27 09:47:16,728 INFO o.a.j.e.StandardJMeterEngine: Starting ThreadGroup: 2 : Thread-Gruppe
2025-02-27 09:47:16,728 INFO o.a.j.e.StandardJMeterEngine: Starting 20 threads for group Thread-Gruppe.
2025-02-27 09:47:16,728 INFO o.a.j.e.StandardJMeterEngine: Thread will continue on error
2025-02-27 09:47:16,728 INFO o.a.j.t.ThreadGroup: Starting thread group... number=2 threads=20 ramp-up=10 delayedStart=false
2025-02-27 09:47:16,731 INFO o.a.j.t.JMeterThread: Thread started: Thread-Gruppe 2-1
2025-02-27 09:47:16,763 INFO o.a.j.t.ThreadGroup: Started thread group number 2
2025-02-27 09:47:16,764 INFO o.a.j.e.StandardJMeterEngine: Starting ThreadGroup: 3 : Thread-Gruppe
2025-02-27 09:47:16,764 INFO o.a.j.e.StandardJMeterEngine: Starting 5 threads for group Thread-Gruppe.
2025-02-27 09:47:16,764 INFO o.a.j.e.StandardJMeterEngine: Thread will continue on error
2025-02-27 09:47:16,764 INFO o.a.j.t.ThreadGroup: Starting thread group... number=3 threads=5 ramp-up=10 delayedStart=false
2025-02-27 09:47:16,766 INFO o.a.j.t.JMeterThread: Thread started: Thread-Gruppe 3-1
2025-02-27 09:47:16,770 INFO o.a.j.t.JMeterThread: Thread started: Thread-Gruppe 1-2
2025-02-27 09:47:16,772 INFO o.a.j.t.ThreadGroup: Started thread group number 3
2025-02-27 09:47:16,773 INFO o.a.j.e.StandardJMeterEngine: All thread groups have been started
2025-02-27 09:47:16,904 INFO o.a.j.t.JMeterThread: Thread started: Thread-Gruppe 1-3
2025-02-27 09:47:17,038 INFO o.a.j.t.JMeterThread: Thread started: Thread-Gruppe 1-4
2025-02-27 09:47:17,166 INFO o.a.j.t.JMeterThread: Thread started: Thread-Gruppe 1-5
2025-02-27 09:47:17,231 INFO o.a.j.t.JMeterThread: Thread started: Thread-Gruppe 2-2
2025-02-27 09:47:17,300 INFO o.a.j.t.JMeterThread: Thread started: Thread-Gruppe 1-6
2025-02-27 09:47:17,433 INFO o.a.j.t.JMeterThread: Thread started: Thread-Gruppe 1-7
2025-02-27 09:47:17,564 INFO o.a.j.t.JMeterThread: Thread started: Thread-Gruppe 1-8
2025-02-27 09:47:17,698 INFO o.a.j.t.JMeterThread: Thread started: Thread-Gruppe 1-9
2025-02-27 09:47:17,730 INFO o.a.j.t.JMeterThread: Thread started: Thread-Gruppe 2-3
2025-02-27 09:47:17,833 INFO o.a.j.t.JMeterThread: Thread started: Thread-Gruppe 1-10
2025-02-27 09:47:17,964 INFO o.a.j.t.JMeterThread: Thread started: Thread-Gruppe 1-11
2025-02-27 09:47:18,097 INFO o.a.j.t.JMeterThread: Thread started: Thread-Gruppe 1-12
2025-02-27 09:47:18,229 INFO o.a.j.t.JMeterThread: Thread started: Thread-Gruppe 1-13
2025-02-27 09:47:18,230 INFO o.a.j.t.JMeterThread: Thread started: Thread-Gruppe 2-4
2025-02-27 09:47:18,364 INFO o.a.j.t.JMeterThread: Thread started: Thread-Gruppe 1-14
2025-02-27 09:47:18,497 INFO o.a.j.t.JMeterThread: Thread started: Thread-Gruppe 1-15
2025-02-27 09:47:18,630 INFO o.a.j.t.JMeterThread: Thread started: Thread-Gruppe 1-16
2025-02-27 09:47:18,731 INFO o.a.j.t.JMeterThread: Thread started: Thread-Gruppe 2-5
2025-02-27 09:47:18,762 INFO o.a.j.t.JMeterThread: Thread started: Thread-Gruppe 1-17
2025-02-27 09:47:18,767 INFO o.a.j.t.JMeterThread: Thread started: Thread-Gruppe 3-2
2025-02-27 09:47:18,894 INFO o.a.j.t.JMeterThread: Thread started: Thread-Gruppe 1-18
2025-02-27 09:47:19,029 INFO o.a.j.t.JMeterThread: Thread started: Thread-Gruppe 1-19
2025-02-27 09:47:19,162 INFO o.a.j.t.JMeterThread: Thread started: Thread-Gruppe 1-20
2025-02-27 09:47:19,232 INFO o.a.j.t.JMeterThread: Thread started: Thread-Gruppe 2-6
2025-02-27 09:47:19,294 INFO o.a.j.t.JMeterThread: Thread started: Thread-Gruppe 1-21
2025-02-27 09:47:19,427 INFO o.a.j.t.JMeterThread: Thread started: Thread-Gruppe 1-22
2025-02-27 09:47:19,561 INFO o.a.j.t.JMeterThread: Thread started: Thread-Gruppe 1-23
2025-02-27 09:47:19,694 INFO o.a.j.t.JMeterThread: Thread started: Thread-Gruppe 1-24
2025-02-27 09:47:19,731 INFO o.a.j.t.JMeterThread: Thread started: Thread-Gruppe 2-7
2025-02-27 09:47:19,826 INFO o.a.j.t.JMeterThread: Thread started: Thread-Gruppe 1-25
2025-02-27 09:47:19,958 INFO o.a.j.t.JMeterThread: Thread started: Thread-Gruppe 1-26
2025-02-27 09:47:20,093 INFO o.a.j.t.JMeterThread: Thread started: Thread-Gruppe 1-27
2025-02-27 09:47:20,224 INFO o.a.j.t.JMeterThread: Thread started: Thread-Gruppe 1-28
2025-02-27 09:47:20,231 INFO o.a.j.t.JMeterThread: Thread started: Thread-Gruppe 2-8
2025-02-27 09:47:20,358 INFO o.a.j.t.JMeterThread: Thread started: Thread-Gruppe 1-29
2025-02-27 09:47:20,491 INFO o.a.j.t.JMeterThread: Thread started: Thread-Gruppe 1-30
2025-02-27 09:47:20,624 INFO o.a.j.t.JMeterThread: Thread started: Thread-Gruppe 1-31
2025-02-27 09:47:20,733 INFO o.a.j.t.JMeterThread: Thread started: Thread-Gruppe 2-9
2025-02-27 09:47:20,757 INFO o.a.j.t.JMeterThread: Thread started: Thread-Gruppe 1-32
2025-02-27 09:47:20,768 INFO o.a.j.t.JMeterThread: Thread started: Thread-Gruppe 3-3
2025-02-27 09:47:20,891 INFO o.a.j.t.JMeterThread: Thread started: Thread-Gruppe 1-33
2025-02-27 09:47:21,022 INFO o.a.j.t.JMeterThread: Thread started: Thread-Gruppe 1-34
2025-02-27 09:47:21,156 INFO o.a.j.t.JMeterThread: Thread started: Thread-Gruppe 1-35
2025-02-27 09:47:21,235 INFO o.a.j.t.JMeterThread: Thread started: Thread-Gruppe 2-10
2025-02-27 09:47:21,289 INFO o.a.j.t.JMeterThread: Thread started: Thread-Gruppe 1-36
2025-02-27 09:47:21,421 INFO o.a.j.t.JMeterThread: Thread started: Thread-Gruppe 1-37
2025-02-27 09:47:21,554 INFO o.a.j.t.JMeterThread: Thread started: Thread-Gruppe 1-38
2025-02-27 09:47:21,687 INFO o.a.j.t.JMeterThread: Thread started: Thread-Gruppe 1-39
2025-02-27 09:47:21,736 INFO o.a.j.t.JMeterThread: Thread started: Thread-Gruppe 2-11
2025-02-27 09:47:21,821 INFO o.a.j.t.JMeterThread: Thread started: Thread-Gruppe 1-40
2025-02-27 09:47:21,953 INFO o.a.j.t.JMeterThread: Thread started: Thread-Gruppe 1-41
2025-02-27 09:47:22,086 INFO o.a.j.t.JMeterThread: Thread started: Thread-Gruppe 1-42
2025-02-27 09:47:22,220 INFO o.a.j.t.JMeterThread: Thread started: Thread-Gruppe 1-43
2025-02-27 09:47:22,234 INFO o.a.j.t.JMeterThread: Thread started: Thread-Gruppe 2-12
2025-02-27 09:47:22,352 INFO o.a.j.t.JMeterThread: Thread started: Thread-Gruppe 1-44
2025-02-27 09:47:22,485 INFO o.a.j.t.JMeterThread: Thread started: Thread-Gruppe 1-45
2025-02-27 09:47:22,618 INFO o.a.j.t.JMeterThread: Thread started: Thread-Gruppe 1-46
2025-02-27 09:47:22,731 INFO o.a.j.t.JMeterThread: Thread started: Thread-Gruppe 2-13
2025-02-27 09:47:22,752 INFO o.a.j.t.JMeterThread: Thread started: Thread-Gruppe 1-47
2025-02-27 09:47:22,769 INFO o.a.j.t.JMeterThread: Thread started: Thread-Gruppe 3-4
2025-02-27 09:47:22,884 INFO o.a.j.t.JMeterThread: Thread started: Thread-Gruppe 1-48
2025-02-27 09:47:23,017 INFO o.a.j.t.JMeterThread: Thread started: Thread-Gruppe 1-49
2025-02-27 09:47:23,150 INFO o.a.j.t.JMeterThread: Thread started: Thread-Gruppe 1-50
2025-02-27 09:47:23,231 INFO o.a.j.t.JMeterThread: Thread started: Thread-Gruppe 2-14
2025-02-27 09:47:23,284 INFO o.a.j.t.JMeterThread: Thread started: Thread-Gruppe 1-51
2025-02-27 09:47:23,417 INFO o.a.j.t.JMeterThread: Thread started: Thread-Gruppe 1-52
2025-02-27 09:47:23,551 INFO o.a.j.t.JMeterThread: Thread started: Thread-Gruppe 1-53
2025-02-27 09:47:23,683 INFO o.a.j.t.JMeterThread: Thread started: Thread-Gruppe 1-54
2025-02-27 09:47:23,731 INFO o.a.j.t.JMeterThread: Thread started: Thread-Gruppe 2-15
2025-02-27 09:47:23,815 INFO o.a.j.t.JMeterThread: Thread started: Thread-Gruppe 1-55
2025-02-27 09:47:23,948 INFO o.a.j.t.JMeterThread: Thread started: Thread-Gruppe 1-56
2025-02-27 09:47:24,081 INFO o.a.j.t.JMeterThread: Thread started: Thread-Gruppe 1-57
2025-02-27 09:47:24,214 INFO o.a.j.t.JMeterThread: Thread started: Thread-Gruppe 1-58
2025-02-27 09:47:24,232 INFO o.a.j.t.JMeterThread: Thread started: Thread-Gruppe 2-16
2025-02-27 09:47:24,347 INFO o.a.j.t.JMeterThread: Thread started: Thread-Gruppe 1-59
2025-02-27 09:47:24,481 INFO o.a.j.t.JMeterThread: Thread started: Thread-Gruppe 1-60
2025-02-27 09:47:24,615 INFO o.a.j.t.JMeterThread: Thread started: Thread-Gruppe 1-61
2025-02-27 09:47:24,733 INFO o.a.j.t.JMeterThread: Thread started: Thread-Gruppe 2-17
2025-02-27 09:47:24,749 INFO o.a.j.t.JMeterThread: Thread started: Thread-Gruppe 1-62
2025-02-27 09:47:24,768 INFO o.a.j.t.JMeterThread: Thread started: Thread-Gruppe 3-5
2025-02-27 09:47:24,881 INFO o.a.j.t.JMeterThread: Thread started: Thread-Gruppe 1-63
2025-02-27 09:47:25,014 INFO o.a.j.t.JMeterThread: Thread started: Thread-Gruppe 1-64
2025-02-27 09:47:25,146 INFO o.a.j.t.JMeterThread: Thread started: Thread-Gruppe 1-65
2025-02-27 09:47:25,231 INFO o.a.j.t.JMeterThread: Thread started: Thread-Gruppe 2-18
2025-02-27 09:47:25,278 INFO o.a.j.t.JMeterThread: Thread started: Thread-Gruppe 1-66
2025-02-27 09:47:25,412 INFO o.a.j.t.JMeterThread: Thread started: Thread-Gruppe 1-67
2025-02-27 09:47:25,545 INFO o.a.j.t.JMeterThread: Thread started: Thread-Gruppe 1-68
2025-02-27 09:47:25,679 INFO o.a.j.t.JMeterThread: Thread started: Thread-Gruppe 1-69
2025-02-27 09:47:25,732 INFO o.a.j.t.JMeterThread: Thread started: Thread-Gruppe 2-19
2025-02-27 09:47:25,810 INFO o.a.j.t.JMeterThread: Thread started: Thread-Gruppe 1-70
2025-02-27 09:47:25,945 INFO o.a.j.t.JMeterThread: Thread started: Thread-Gruppe 1-71
2025-02-27 09:47:26,079 INFO o.a.j.t.JMeterThread: Thread started: Thread-Gruppe 1-72
2025-02-27 09:47:26,209 INFO o.a.j.t.JMeterThread: Thread started: Thread-Gruppe 1-73
2025-02-27 09:47:26,231 INFO o.a.j.t.JMeterThread: Thread started: Thread-Gruppe 2-20
2025-02-27 09:47:26,343 INFO o.a.j.t.JMeterThread: Thread started: Thread-Gruppe 1-74
2025-02-27 09:47:26,477 INFO o.a.j.t.JMeterThread: Thread started: Thread-Gruppe 1-75
2025-02-27 09:47:30,039 INFO o.a.j.r.Summariser: summary +    685 in 00:01:14 =    9.2/s Avg:   362 Min:   254 Max:   790 Err:     0 (0.00%) Active: 100 Started: 100 Finished: 0
2025-02-27 09:48:00,047 INFO o.a.j.r.Summariser: summary +   2289 in 00:00:30 =   76.3/s Avg:   341 Min:   253 Max:   865 Err:     0 (0.00%) Active: 100 Started: 100 Finished: 0
2025-02-27 09:48:00,049 INFO o.a.j.r.Summariser: summary =   2974 in 00:01:44 =   28.6/s Avg:   346 Min:   253 Max:   865 Err:     0 (0.00%)
2025-02-27 09:48:30,045 INFO o.a.j.r.Summariser: summary +   2274 in 00:00:30 =   75.8/s Avg:   356 Min:   251 Max:  1045 Err:     0 (0.00%) Active: 100 Started: 100 Finished: 0
2025-02-27 09:48:30,046 INFO o.a.j.r.Summariser: summary =   5248 in 00:02:14 =   39.1/s Avg:   350 Min:   251 Max:  1045 Err:     0 (0.00%)
2025-02-27 09:49:00,017 INFO o.a.j.r.Summariser: summary +   2294 in 00:00:30 =   76.5/s Avg:   334 Min:   250 Max:   817 Err:     0 (0.00%) Active: 100 Started: 100 Finished: 0
2025-02-27 09:49:00,018 INFO o.a.j.r.Summariser: summary =   7542 in 00:02:44 =   46.0/s Avg:   345 Min:   250 Max:  1045 Err:     0 (0.00%)
2025-02-27 09:49:30,013 INFO o.a.j.r.Summariser: summary +   2273 in 00:00:30 =   75.8/s Avg:   353 Min:   251 Max:  1094 Err:     0 (0.00%) Active: 100 Started: 100 Finished: 0
2025-02-27 09:49:30,015 INFO o.a.j.r.Summariser: summary =   9815 in 00:03:14 =   50.6/s Avg:   347 Min:   250 Max:  1094 Err:     0 (0.00%)
2025-02-27 09:50:00,029 INFO o.a.j.r.Summariser: summary +   2299 in 00:00:30 =   76.6/s Avg:   336 Min:   250 Max:  1037 Err:     0 (0.00%) Active: 100 Started: 100 Finished: 0
2025-02-27 09:50:00,030 INFO o.a.j.r.Summariser: summary =  12114 in 00:03:44 =   54.1/s Avg:   345 Min:   250 Max:  1094 Err:     0 (0.00%)
2025-02-27 09:50:30,027 INFO o.a.j.r.Summariser: summary +   2277 in 00:00:30 =   75.9/s Avg:   347 Min:   251 Max:  1030 Err:     0 (0.00%) Active: 100 Started: 100 Finished: 0
2025-02-27 09:50:30,028 INFO o.a.j.r.Summariser: summary =  14391 in 00:04:14 =   56.6/s Avg:   345 Min:   250 Max:  1094 Err:     0 (0.00%)
2025-02-27 09:51:00,016 INFO o.a.j.r.Summariser: summary +   2292 in 00:00:30 =   76.4/s Avg:   351 Min:   251 Max:  1036 Err:     0 (0.00%) Active: 100 Started: 100 Finished: 0
2025-02-27 09:51:00,017 INFO o.a.j.r.Summariser: summary =  16683 in 00:04:44 =   58.7/s Avg:   346 Min:   250 Max:  1094 Err:     0 (0.00%)
2025-02-27 09:51:30,006 INFO o.a.j.r.Summariser: summary +   2278 in 00:00:30 =   76.0/s Avg:   345 Min:   252 Max:  1045 Err:     0 (0.00%) Active: 100 Started: 100 Finished: 0
2025-02-27 09:51:30,008 INFO o.a.j.r.Summariser: summary =  18961 in 00:05:14 =   60.4/s Avg:   346 Min:   250 Max:  1094 Err:     0 (0.00%)
2025-02-27 09:52:00,057 INFO o.a.j.r.Summariser: summary +   2292 in 00:00:30 =   76.3/s Avg:   342 Min:   251 Max:  1086 Err:     0 (0.00%) Active: 100 Started: 100 Finished: 0
2025-02-27 09:52:00,059 INFO o.a.j.r.Summariser: summary =  21253 in 00:05:44 =   61.8/s Avg:   345 Min:   250 Max:  1094 Err:     0 (0.00%)
2025-02-27 09:52:30,049 INFO o.a.j.r.Summariser: summary +   2281 in 00:00:30 =   76.1/s Avg:   358 Min:   251 Max:  1103 Err:     0 (0.00%) Active: 100 Started: 100 Finished: 0
2025-02-27 09:52:30,051 INFO o.a.j.r.Summariser: summary =  23534 in 00:06:14 =   62.9/s Avg:   347 Min:   250 Max:  1103 Err:     0 (0.00%)
2025-02-27 09:53:00,021 INFO o.a.j.r.Summariser: summary +   2254 in 00:00:30 =   75.2/s Avg:   361 Min:   252 Max:  2856 Err:     0 (0.00%) Active: 100 Started: 100 Finished: 0
2025-02-27 09:53:00,022 INFO o.a.j.r.Summariser: summary =  25788 in 00:06:44 =   63.8/s Avg:   348 Min:   250 Max:  2856 Err:     0 (0.00%)
2025-02-27 09:53:30,030 INFO o.a.j.r.Summariser: summary +   2272 in 00:00:30 =   75.7/s Avg:   356 Min:   251 Max:  1404 Err:     0 (0.00%) Active: 100 Started: 100 Finished: 0
2025-02-27 09:53:30,032 INFO o.a.j.r.Summariser: summary =  28060 in 00:07:14 =   64.6/s Avg:   349 Min:   250 Max:  2856 Err:     0 (0.00%)
2025-02-27 09:54:00,008 INFO o.a.j.r.Summariser: summary +   2296 in 00:00:30 =   76.6/s Avg:   334 Min:   251 Max:  1055 Err:     0 (0.00%) Active: 100 Started: 100 Finished: 0
2025-02-27 09:54:00,011 INFO o.a.j.r.Summariser: summary =  30356 in 00:07:44 =   65.4/s Avg:   348 Min:   250 Max:  2856 Err:     0 (0.00%)
2025-02-27 09:54:30,007 INFO o.a.j.r.Summariser: summary +   2279 in 00:00:30 =   76.0/s Avg:   346 Min:   251 Max:  1025 Err:     0 (0.00%) Active: 100 Started: 100 Finished: 0
2025-02-27 09:54:30,008 INFO o.a.j.r.Summariser: summary =  32635 in 00:08:14 =   66.1/s Avg:   347 Min:   250 Max:  2856 Err:     0 (0.00%)
2025-02-27 09:55:00,027 INFO o.a.j.r.Summariser: summary +   2293 in 00:00:30 =   76.4/s Avg:   357 Min:   252 Max:  1135 Err:     0 (0.00%) Active: 100 Started: 100 Finished: 0
2025-02-27 09:55:00,028 INFO o.a.j.r.Summariser: summary =  34928 in 00:08:44 =   66.6/s Avg:   348 Min:   250 Max:  2856 Err:     0 (0.00%)
2025-02-27 09:55:30,044 INFO o.a.j.r.Summariser: summary +   2276 in 00:00:30 =   75.8/s Avg:   351 Min:   251 Max:  1049 Err:     0 (0.00%) Active: 100 Started: 100 Finished: 0
2025-02-27 09:55:30,045 INFO o.a.j.r.Summariser: summary =  37204 in 00:09:14 =   67.1/s Avg:   348 Min:   250 Max:  2856 Err:     0 (0.00%)
2025-02-27 09:56:00,004 INFO o.a.j.r.Summariser: summary +   2288 in 00:00:30 =   76.4/s Avg:   352 Min:   250 Max:  1197 Err:     0 (0.00%) Active: 100 Started: 100 Finished: 0
2025-02-27 09:56:00,005 INFO o.a.j.r.Summariser: summary =  39492 in 00:09:44 =   67.6/s Avg:   348 Min:   250 Max:  2856 Err:     0 (0.00%)
2025-02-27 09:56:30,002 INFO o.a.j.r.Summariser: summary +   2284 in 00:00:30 =   76.1/s Avg:   345 Min:   251 Max:  1056 Err:     0 (0.00%) Active: 100 Started: 100 Finished: 0
2025-02-27 09:56:30,002 INFO o.a.j.r.Summariser: summary =  41776 in 00:10:14 =   68.0/s Avg:   348 Min:   250 Max:  2856 Err:     0 (0.00%)
2025-02-27 09:57:00,011 INFO o.a.j.r.Summariser: summary +   2290 in 00:00:30 =   76.3/s Avg:   354 Min:   251 Max:  1057 Err:     0 (0.00%) Active: 100 Started: 100 Finished: 0
2025-02-27 09:57:00,012 INFO o.a.j.r.Summariser: summary =  44066 in 00:10:44 =   68.4/s Avg:   349 Min:   250 Max:  2856 Err:     0 (0.00%)
2025-02-27 09:57:14,952 INFO o.a.j.t.JMeterThread: Thread finished: Thread-Gruppe 1-1
2025-02-27 09:57:15,021 INFO o.a.j.t.JMeterThread: Thread finished: Thread-Gruppe 1-62
2025-02-27 09:57:15,028 INFO o.a.j.t.JMeterThread: Thread finished: Thread-Gruppe 1-47
2025-02-27 09:57:15,036 INFO o.a.j.t.JMeterThread: Thread finished: Thread-Gruppe 1-17
2025-02-27 09:57:15,040 INFO o.a.j.t.JMeterThread: Thread finished: Thread-Gruppe 1-2
2025-02-27 09:57:15,141 INFO o.a.j.t.JMeterThread: Thread finished: Thread-Gruppe 1-63
2025-02-27 09:57:15,142 INFO o.a.j.t.JMeterThread: Thread finished: Thread-Gruppe 1-48
2025-02-27 09:57:15,155 INFO o.a.j.t.JMeterThread: Thread finished: Thread-Gruppe 1-18
2025-02-27 09:57:15,163 INFO o.a.j.t.JMeterThread: Thread finished: Thread-Gruppe 1-3
2025-02-27 09:57:15,278 INFO o.a.j.t.JMeterThread: Thread finished: Thread-Gruppe 1-64
2025-02-27 09:57:15,278 INFO o.a.j.t.JMeterThread: Thread finished: Thread-Gruppe 1-49
2025-02-27 09:57:15,291 INFO o.a.j.t.JMeterThread: Thread finished: Thread-Gruppe 1-19
2025-02-27 09:57:15,294 INFO o.a.j.t.JMeterThread: Thread finished: Thread-Gruppe 1-4
2025-02-27 09:57:15,409 INFO o.a.j.t.JMeterThread: Thread finished: Thread-Gruppe 1-65
2025-02-27 09:57:15,409 INFO o.a.j.t.JMeterThread: Thread finished: Thread-Gruppe 1-50
2025-02-27 09:57:15,419 INFO o.a.j.t.JMeterThread: Thread finished: Thread-Gruppe 1-20
2025-02-27 09:57:15,429 INFO o.a.j.t.JMeterThread: Thread finished: Thread-Gruppe 1-5
2025-02-27 09:57:15,531 INFO o.a.j.t.JMeterThread: Thread finished: Thread-Gruppe 1-32
2025-02-27 09:57:15,539 INFO o.a.j.t.JMeterThread: Thread finished: Thread-Gruppe 1-66
2025-02-27 09:57:15,543 INFO o.a.j.t.JMeterThread: Thread finished: Thread-Gruppe 1-51
2025-02-27 09:57:15,552 INFO o.a.j.t.JMeterThread: Thread finished: Thread-Gruppe 1-21
2025-02-27 09:57:15,560 INFO o.a.j.t.JMeterThread: Thread finished: Thread-Gruppe 1-6
2025-02-27 09:57:15,650 INFO o.a.j.t.JMeterThread: Thread finished: Thread-Gruppe 1-33
2025-02-27 09:57:15,675 INFO o.a.j.t.JMeterThread: Thread finished: Thread-Gruppe 1-67
2025-02-27 09:57:15,675 INFO o.a.j.t.JMeterThread: Thread finished: Thread-Gruppe 1-52
2025-02-27 09:57:15,695 INFO o.a.j.t.JMeterThread: Thread finished: Thread-Gruppe 1-22
2025-02-27 09:57:15,702 INFO o.a.j.t.JMeterThread: Thread finished: Thread-Gruppe 1-7
2025-02-27 09:57:15,787 INFO o.a.j.t.JMeterThread: Thread finished: Thread-Gruppe 1-34
2025-02-27 09:57:15,811 INFO o.a.j.t.JMeterThread: Thread finished: Thread-Gruppe 1-68
2025-02-27 09:57:15,811 INFO o.a.j.t.JMeterThread: Thread finished: Thread-Gruppe 1-53
2025-02-27 09:57:15,862 INFO o.a.j.t.JMeterThread: Thread finished: Thread-Gruppe 1-23
2025-02-27 09:57:15,865 INFO o.a.j.t.JMeterThread: Thread finished: Thread-Gruppe 1-8
2025-02-27 09:57:15,915 INFO o.a.j.t.JMeterThread: Thread finished: Thread-Gruppe 1-35
2025-02-27 09:57:15,970 INFO o.a.j.t.JMeterThread: Thread finished: Thread-Gruppe 1-24
2025-02-27 09:57:15,970 INFO o.a.j.t.JMeterThread: Thread finished: Thread-Gruppe 1-9
2025-02-27 09:57:15,971 INFO o.a.j.t.JMeterThread: Thread finished: Thread-Gruppe 1-69
2025-02-27 09:57:15,971 INFO o.a.j.t.JMeterThread: Thread finished: Thread-Gruppe 1-54
2025-02-27 09:57:16,073 INFO o.a.j.t.JMeterThread: Thread finished: Thread-Gruppe 1-70
2025-02-27 09:57:16,074 INFO o.a.j.t.JMeterThread: Thread finished: Thread-Gruppe 1-55
2025-02-27 09:57:16,085 INFO o.a.j.t.JMeterThread: Thread finished: Thread-Gruppe 1-25
2025-02-27 09:57:16,092 INFO o.a.j.t.JMeterThread: Thread finished: Thread-Gruppe 1-10
2025-02-27 09:57:16,111 INFO o.a.j.t.JMeterThread: Thread finished: Thread-Gruppe 1-36
2025-02-27 09:57:16,205 INFO o.a.j.t.JMeterThread: Thread finished: Thread-Gruppe 1-71
2025-02-27 09:57:16,208 INFO o.a.j.t.JMeterThread: Thread finished: Thread-Gruppe 1-56
2025-02-27 09:57:16,211 INFO o.a.j.t.JMeterThread: Thread finished: Thread-Gruppe 1-37
2025-02-27 09:57:16,216 INFO o.a.j.t.JMeterThread: Thread finished: Thread-Gruppe 1-26
2025-02-27 09:57:16,223 INFO o.a.j.t.JMeterThread: Thread finished: Thread-Gruppe 1-11
2025-02-27 09:57:16,345 INFO o.a.j.t.JMeterThread: Thread finished: Thread-Gruppe 1-72
2025-02-27 09:57:16,346 INFO o.a.j.t.JMeterThread: Thread finished: Thread-Gruppe 1-57
2025-02-27 09:57:16,353 INFO o.a.j.t.JMeterThread: Thread finished: Thread-Gruppe 1-27
2025-02-27 09:57:16,355 INFO o.a.j.t.JMeterThread: Thread finished: Thread-Gruppe 1-12
2025-02-27 09:57:16,364 INFO o.a.j.t.JMeterThread: Thread finished: Thread-Gruppe 2-14
2025-02-27 09:57:16,364 INFO o.a.j.t.JMeterThread: Thread finished: Thread-Gruppe 1-38
2025-02-27 09:57:16,412 INFO o.a.j.t.JMeterThread: Thread finished: Thread-Gruppe 2-4
2025-02-27 09:57:16,429 INFO o.a.j.t.JMeterThread: Thread finished: Thread-Gruppe 2-1
2025-02-27 09:57:16,468 INFO o.a.j.t.JMeterThread: Thread finished: Thread-Gruppe 1-39
2025-02-27 09:57:16,468 INFO o.a.j.t.JMeterThread: Thread finished: Thread-Gruppe 1-73
2025-02-27 09:57:16,473 INFO o.a.j.t.JMeterThread: Thread finished: Thread-Gruppe 1-58
2025-02-27 09:57:16,475 INFO o.a.j.t.JMeterThread: Thread finished: Thread-Gruppe 2-18
2025-02-27 09:57:16,483 INFO o.a.j.t.JMeterThread: Thread finished: Thread-Gruppe 1-28
2025-02-27 09:57:16,486 INFO o.a.j.t.JMeterThread: Thread finished: Thread-Gruppe 1-13
2025-02-27 09:57:16,581 INFO o.a.j.t.JMeterThread: Thread finished: Thread-Gruppe 3-3
2025-02-27 09:57:16,585 INFO o.a.j.t.JMeterThread: Thread finished: Thread-Gruppe 2-12
2025-02-27 09:57:16,587 INFO o.a.j.t.JMeterThread: Thread finished: Thread-Gruppe 1-40
2025-02-27 09:57:16,605 INFO o.a.j.t.JMeterThread: Thread finished: Thread-Gruppe 1-74
2025-02-27 09:57:16,605 INFO o.a.j.t.JMeterThread: Thread finished: Thread-Gruppe 1-59
2025-02-27 09:57:16,614 INFO o.a.j.t.JMeterThread: Thread finished: Thread-Gruppe 2-11
2025-02-27 09:57:16,616 INFO o.a.j.t.JMeterThread: Thread finished: Thread-Gruppe 1-29
2025-02-27 09:57:16,629 INFO o.a.j.t.JMeterThread: Thread finished: Thread-Gruppe 1-14
2025-02-27 09:57:16,630 INFO o.a.j.t.JMeterThread: Thread finished: Thread-Gruppe 2-7
2025-02-27 09:57:16,630 INFO o.a.j.t.JMeterThread: Thread finished: Thread-Gruppe 2-8
2025-02-27 09:57:16,630 INFO o.a.j.t.JMeterThread: Thread finished: Thread-Gruppe 3-4
2025-02-27 09:57:16,660 INFO o.a.j.t.JMeterThread: Thread finished: Thread-Gruppe 2-15
2025-02-27 09:57:16,660 INFO o.a.j.t.JMeterThread: Thread finished: Thread-Gruppe 2-16
2025-02-27 09:57:16,660 INFO o.a.j.t.JMeterThread: Thread finished: Thread-Gruppe 2-2
2025-02-27 09:57:16,710 INFO o.a.j.t.JMeterThread: Stopping because end time detected by thread: Thread-Gruppe 1-41
2025-02-27 09:57:16,710 INFO o.a.j.t.JMeterThread: Thread finished: Thread-Gruppe 1-41
2025-02-27 09:57:16,727 INFO o.a.j.t.JMeterThread: Thread finished: Thread-Gruppe 2-9
2025-02-27 09:57:16,739 INFO o.a.j.t.JMeterThread: Stopping because end time detected by thread: Thread-Gruppe 1-60
2025-02-27 09:57:16,739 INFO o.a.j.t.JMeterThread: Stopping because end time detected by thread: Thread-Gruppe 1-75
2025-02-27 09:57:16,739 INFO o.a.j.t.JMeterThread: Thread finished: Thread-Gruppe 1-75
2025-02-27 09:57:16,739 INFO o.a.j.t.JMeterThread: Thread finished: Thread-Gruppe 1-60
2025-02-27 09:57:16,739 INFO o.a.j.t.JMeterThread: Thread finished: Thread-Gruppe 2-19
2025-02-27 09:57:16,748 INFO o.a.j.t.JMeterThread: Stopping because end time detected by thread: Thread-Gruppe 1-30
2025-02-27 09:57:16,749 INFO o.a.j.t.JMeterThread: Thread finished: Thread-Gruppe 1-30
2025-02-27 09:57:16,755 INFO o.a.j.t.JMeterThread: Stopping because end time detected by thread: Thread-Gruppe 1-15
2025-02-27 09:57:16,755 INFO o.a.j.t.JMeterThread: Thread finished: Thread-Gruppe 1-15
2025-02-27 09:57:16,770 INFO o.a.j.t.JMeterThread: Stopping because end time detected by thread: Thread-Gruppe 3-1
2025-02-27 09:57:16,770 INFO o.a.j.t.JMeterThread: Thread finished: Thread-Gruppe 3-1
2025-02-27 09:57:16,794 INFO o.a.j.t.JMeterThread: Stopping because end time detected by thread: Thread-Gruppe 2-5
2025-02-27 09:57:16,794 INFO o.a.j.t.JMeterThread: Thread finished: Thread-Gruppe 2-5
2025-02-27 09:57:16,834 INFO o.a.j.t.JMeterThread: Stopping because end time detected by thread: Thread-Gruppe 3-2
2025-02-27 09:57:16,834 INFO o.a.j.t.JMeterThread: Thread finished: Thread-Gruppe 3-2
2025-02-27 09:57:16,852 INFO o.a.j.t.JMeterThread: Stopping because end time detected by thread: Thread-Gruppe 1-42
2025-02-27 09:57:16,852 INFO o.a.j.t.JMeterThread: Thread finished: Thread-Gruppe 1-42
2025-02-27 09:57:16,865 INFO o.a.j.t.JMeterThread: Stopping because end time detected by thread: Thread-Gruppe 2-6
2025-02-27 09:57:16,865 INFO o.a.j.t.JMeterThread: Thread finished: Thread-Gruppe 2-6
2025-02-27 09:57:16,876 INFO o.a.j.t.JMeterThread: Stopping because end time detected by thread: Thread-Gruppe 1-61
2025-02-27 09:57:16,876 INFO o.a.j.t.JMeterThread: Thread finished: Thread-Gruppe 1-61
2025-02-27 09:57:16,882 INFO o.a.j.t.JMeterThread: Stopping because end time detected by thread: Thread-Gruppe 1-31
2025-02-27 09:57:16,882 INFO o.a.j.t.JMeterThread: Thread finished: Thread-Gruppe 1-31
2025-02-27 09:57:16,882 INFO o.a.j.t.JMeterThread: Stopping because end time detected by thread: Thread-Gruppe 1-16
2025-02-27 09:57:16,882 INFO o.a.j.t.JMeterThread: Thread finished: Thread-Gruppe 1-16
2025-02-27 09:57:16,897 INFO o.a.j.t.JMeterThread: Stopping because end time detected by thread: Thread-Gruppe 3-5
2025-02-27 09:57:16,898 INFO o.a.j.t.JMeterThread: Thread finished: Thread-Gruppe 3-5
2025-02-27 09:57:16,970 INFO o.a.j.t.JMeterThread: Stopping because end time detected by thread: Thread-Gruppe 2-13
2025-02-27 09:57:16,970 INFO o.a.j.t.JMeterThread: Thread finished: Thread-Gruppe 2-13
2025-02-27 09:57:16,979 INFO o.a.j.t.JMeterThread: Stopping because end time detected by thread: Thread-Gruppe 2-3
2025-02-27 09:57:16,979 INFO o.a.j.t.JMeterThread: Thread finished: Thread-Gruppe 2-3
2025-02-27 09:57:16,991 INFO o.a.j.t.JMeterThread: Stopping because end time detected by thread: Thread-Gruppe 1-43
2025-02-27 09:57:16,991 INFO o.a.j.t.JMeterThread: Thread finished: Thread-Gruppe 1-43
2025-02-27 09:57:17,107 INFO o.a.j.t.JMeterThread: Stopping because end time detected by thread: Thread-Gruppe 1-44
2025-02-27 09:57:17,107 INFO o.a.j.t.JMeterThread: Thread finished: Thread-Gruppe 1-44
2025-02-27 09:57:17,210 INFO o.a.j.t.JMeterThread: Stopping because end time detected by thread: Thread-Gruppe 2-17
2025-02-27 09:57:17,210 INFO o.a.j.t.JMeterThread: Thread finished: Thread-Gruppe 2-17
2025-02-27 09:57:17,210 INFO o.a.j.t.JMeterThread: Stopping because end time detected by thread: Thread-Gruppe 2-20
2025-02-27 09:57:17,210 INFO o.a.j.t.JMeterThread: Thread finished: Thread-Gruppe 2-20
2025-02-27 09:57:17,225 INFO o.a.j.t.JMeterThread: Stopping because end time detected by thread: Thread-Gruppe 2-10
2025-02-27 09:57:17,225 INFO o.a.j.t.JMeterThread: Thread finished: Thread-Gruppe 2-10
2025-02-27 09:57:17,240 INFO o.a.j.t.JMeterThread: Stopping because end time detected by thread: Thread-Gruppe 1-45
2025-02-27 09:57:17,240 INFO o.a.j.t.JMeterThread: Thread finished: Thread-Gruppe 1-45
2025-02-27 09:57:17,380 INFO o.a.j.t.JMeterThread: Stopping because end time detected by thread: Thread-Gruppe 1-46
2025-02-27 09:57:17,380 INFO o.a.j.t.JMeterThread: Thread finished: Thread-Gruppe 1-46
2025-02-27 09:57:17,380 INFO o.a.j.e.StandardJMeterEngine: Notifying test listeners of end of test
2025-02-27 09:57:17,385 INFO o.a.j.r.Summariser: summary +   1299 in 00:00:17 =   74.8/s Avg:   323 Min:   252 Max:   818 Err:     0 (0.00%) Active: 0 Started: 100 Finished: 100
2025-02-27 09:57:17,387 INFO o.a.j.r.Summariser: summary =  45365 in 00:11:01 =   68.6/s Avg:   348 Min:   250 Max:  2856 Err:     0 (0.00%)
