2025-02-28 05:23:56,874 INFO o.a.j.u.JMeterUtils: Setting Locale to en_EN
2025-02-28 05:23:56,894 INFO o.a.j.JMeter: Loading user properties from: C:\Users\ASUS\Desktop\apache-jmeter-5.6.3\apache-jmeter-5.6.3\bin\user.properties
2025-02-28 05:23:56,895 INFO o.a.j.JMeter: Loading system properties from: C:\Users\ASUS\Desktop\apache-jmeter-5.6.3\apache-jmeter-5.6.3\bin\system.properties
2025-02-28 05:23:56,896 INFO o.a.j.JMeter: Setting JMeter property: lb_1_hostname=34.55.170.28
2025-02-28 05:23:56,896 INFO o.a.j.JMeter: Setting JMeter property: lb_2_hostname=34.135.194.135
2025-02-28 05:23:56,896 INFO o.a.j.JMeter: Setting JMeter property: lb_1_port=8090
2025-02-28 05:23:56,896 INFO o.a.j.JMeter: Setting JMeter property: lb_2_port=8091
2025-02-28 05:23:56,899 INFO o.a.j.JMeter: Setting JMeter property: warm_up_users=20
2025-02-28 05:23:56,899 INFO o.a.j.JMeter: Setting JMeter property: warm_up_time=60
2025-02-28 05:23:56,899 INFO o.a.j.JMeter: Setting JMeter property: test_run_time=600
2025-02-28 05:23:56,899 INFO o.a.j.JMeter: Setting JMeter property: ramp_up=10
2025-02-28 05:23:56,900 INFO o.a.j.JMeter: Setting JMeter property: group_1=75
2025-02-28 05:23:56,900 INFO o.a.j.JMeter: Setting JMeter property: group_2=20
2025-02-28 05:23:56,900 INFO o.a.j.JMeter: Setting JMeter property: group_3=5
2025-02-28 05:23:56,900 INFO o.a.j.JMeter: Setting JMeter property: group_1_request_rate=30
2025-02-28 05:23:56,900 INFO o.a.j.JMeter: Setting JMeter property: group_2_request_rate=90
2025-02-28 05:23:56,900 INFO o.a.j.JMeter: Setting JMeter property: group_3_request_rate=120
2025-02-28 05:23:56,900 INFO o.a.j.JMeter: Setting JMeter property: log_file=c:\\Users\\ASUS\\Desktop\\Repos\\rate-limiter-nginx\\jmeter\\cloud\\2025_02_28_05_12_logs\\fixed_window_counter\\redis_script_rate_limit_100_window_size_60\\warm_up_results.csv
2025-02-28 05:23:56,900 INFO o.a.j.JMeter: Setting JMeter property: algorithm=fixed_window_counter_redis_script_rate_limit_100_window_size_60
2025-02-28 05:23:56,900 INFO o.a.j.JMeter: Setting JMeter property: auth=/fixed_window_counter/redis_script_rate_limit_100_window_size_60/tools.descartes.teastore.auth/rest
2025-02-28 05:23:56,900 INFO o.a.j.JMeter: Setting JMeter property: persistence=/fixed_window_counter/redis_script_rate_limit_100_window_size_60/tools.descartes.teastore.persistence/rest
2025-02-28 05:23:56,901 INFO o.a.j.JMeter: Setting JMeter property: recommender=/fixed_window_counter/redis_script_rate_limit_100_window_size_60/tools.descartes.teastore.recommender/rest
2025-02-28 05:23:56,901 INFO o.a.j.JMeter: Setting JMeter property: image=/fixed_window_counter/redis_script_rate_limit_100_window_size_60/tools.descartes.teastore.image/rest
2025-02-28 05:23:56,916 INFO o.a.j.JMeter: Copyright (c) 1998-2024 The Apache Software Foundation
2025-02-28 05:23:56,916 INFO o.a.j.JMeter: Version 5.6.3
2025-02-28 05:23:56,918 INFO o.a.j.JMeter: java.version=17.0.9
2025-02-28 05:23:56,918 INFO o.a.j.JMeter: java.vm.name=Java HotSpot(TM) 64-Bit Server VM
2025-02-28 05:23:56,918 INFO o.a.j.JMeter: os.name=Windows 11
2025-02-28 05:23:56,918 INFO o.a.j.JMeter: os.arch=amd64
2025-02-28 05:23:56,918 INFO o.a.j.JMeter: os.version=10.0
2025-02-28 05:23:56,918 INFO o.a.j.JMeter: file.encoding=Cp1252
2025-02-28 05:23:56,918 INFO o.a.j.JMeter: java.awt.headless=true
2025-02-28 05:23:56,918 INFO o.a.j.JMeter: Max memory     =1073741824
2025-02-28 05:23:56,918 INFO o.a.j.JMeter: Available Processors =12
2025-02-28 05:23:56,930 INFO o.a.j.JMeter: Default Locale=English (EN)
2025-02-28 05:23:56,931 INFO o.a.j.JMeter: JMeter  Locale=English (EN)
2025-02-28 05:23:56,931 INFO o.a.j.JMeter: JMeterHome=C:\Users\ASUS\Desktop\apache-jmeter-5.6.3\apache-jmeter-5.6.3
2025-02-28 05:23:56,931 INFO o.a.j.JMeter: user.dir  =C:\Users\ASUS\Desktop\Repos\rate-limiter-nginx
2025-02-28 05:23:56,932 INFO o.a.j.JMeter: PWD       =C:\Users\ASUS\Desktop\Repos\rate-limiter-nginx
2025-02-28 05:23:56,936 INFO o.a.j.JMeter: IP: 192.168.1.45 Name: THIVA FullName: THIVA
2025-02-28 05:23:56,949 INFO o.a.j.s.FileServer: Default base='C:\Users\ASUS\Desktop\Repos\rate-limiter-nginx'
2025-02-28 05:23:56,951 INFO o.a.j.s.FileServer: Set new base='c:\Users\ASUS\Desktop\Repos\rate-limiter-nginx\jmeter\cloud'
2025-02-28 05:23:57,203 INFO o.a.j.s.SaveService: Testplan (JMX) version: 2.2. Testlog (JTL) version: 2.2
2025-02-28 05:23:57,240 INFO o.a.j.s.SaveService: Using SaveService properties version 5.0
2025-02-28 05:23:57,244 INFO o.a.j.s.SaveService: Using SaveService properties file encoding UTF-8
2025-02-28 05:23:57,248 INFO o.a.j.s.SaveService: Loading file: c:\Users\ASUS\Desktop\Repos\rate-limiter-nginx\jmeter\cloud\teastore_performance.jmx
2025-02-28 05:23:57,307 INFO o.a.j.p.h.c.CookieManager: Settings: Delete null: true Check: true Allow variable: true Save: false Prefix: COOKIE_
2025-02-28 05:23:57,327 INFO o.a.j.p.h.s.HTTPSamplerBase: Parser for text/html is org.apache.jmeter.protocol.http.parser.LagartoBasedHtmlParser
2025-02-28 05:23:57,328 INFO o.a.j.p.h.s.HTTPSamplerBase: Parser for application/xhtml+xml is org.apache.jmeter.protocol.http.parser.LagartoBasedHtmlParser
2025-02-28 05:23:57,328 INFO o.a.j.p.h.s.HTTPSamplerBase: Parser for application/xml is org.apache.jmeter.protocol.http.parser.LagartoBasedHtmlParser
2025-02-28 05:23:57,328 INFO o.a.j.p.h.s.HTTPSamplerBase: Parser for text/xml is org.apache.jmeter.protocol.http.parser.LagartoBasedHtmlParser
2025-02-28 05:23:57,328 INFO o.a.j.p.h.s.HTTPSamplerBase: Parser for text/vnd.wap.wml is org.apache.jmeter.protocol.http.parser.RegexpHTMLParser
2025-02-28 05:23:57,328 INFO o.a.j.p.h.s.HTTPSamplerBase: Parser for text/css is org.apache.jmeter.protocol.http.parser.CssParser
2025-02-28 05:23:57,462 INFO o.a.j.s.SampleResult: Note: Sample TimeStamps are START times
2025-02-28 05:23:57,462 INFO o.a.j.s.SampleResult: sampleresult.default.encoding is set to UTF-8
2025-02-28 05:23:57,462 INFO o.a.j.s.SampleResult: sampleresult.useNanoTime=true
2025-02-28 05:23:57,462 INFO o.a.j.s.SampleResult: sampleresult.nanoThreadSleep=5000
2025-02-28 05:23:57,502 INFO o.a.j.JMeter: Creating summariser <summary>
2025-02-28 05:23:57,519 INFO o.a.j.e.StandardJMeterEngine: Running the test!
2025-02-28 05:23:57,520 INFO o.a.j.s.SampleEvent: List of sample_variables: []
2025-02-28 05:23:57,520 INFO o.a.j.s.SampleEvent: List of sample_variables: []
2025-02-28 05:23:57,527 INFO o.a.j.e.u.CompoundVariable: Note: Function class names must contain the string: '.functions.'
2025-02-28 05:23:57,528 INFO o.a.j.e.u.CompoundVariable: Note: Function class names must not contain the string: '.gui.'
2025-02-28 05:23:57,607 INFO o.a.j.r.ClassFinder: Will scan jar C:\Users\ASUS\Desktop\apache-jmeter-5.6.3\apache-jmeter-5.6.3\lib\ext\jmeter-plugins-casutg-2.10.jar with filter ExtendsClassFilter [parents=[interface org.apache.jmeter.functions.Function], inner=false, contains=null, notContains=null]. Consider exposing JMeter plugins via META-INF/services, and add JMeter-Skip-Class-Scanning=true manifest attribute so JMeter can skip classfile scanning
2025-02-28 05:23:57,622 INFO o.a.j.r.ClassFinder: Will scan jar C:\Users\ASUS\Desktop\apache-jmeter-5.6.3\apache-jmeter-5.6.3\lib\ext\jmeter-plugins-graphs-vs-2.0.jar with filter ExtendsClassFilter [parents=[interface org.apache.jmeter.functions.Function], inner=false, contains=null, notContains=null]. Consider exposing JMeter plugins via META-INF/services, and add JMeter-Skip-Class-Scanning=true manifest attribute so JMeter can skip classfile scanning
2025-02-28 05:23:57,625 INFO o.a.j.r.ClassFinder: Will scan jar C:\Users\ASUS\Desktop\apache-jmeter-5.6.3\apache-jmeter-5.6.3\lib\ext\jmeter-plugins-manager-1.9.jar with filter ExtendsClassFilter [parents=[interface org.apache.jmeter.functions.Function], inner=false, contains=null, notContains=null]. Consider exposing JMeter plugins via META-INF/services, and add JMeter-Skip-Class-Scanning=true manifest attribute so JMeter can skip classfile scanning
2025-02-28 05:23:57,714 INFO o.a.j.r.ClassFinder: Will scan jar C:\Users\ASUS\Desktop\apache-jmeter-5.6.3\apache-jmeter-5.6.3\lib\ext\jmeter-plugins-graphs-basic-2.0.jar with filter ExtendsClassFilter [parents=[interface org.apache.jmeter.functions.Function], inner=false, contains=null, notContains=null]. Consider exposing JMeter plugins via META-INF/services, and add JMeter-Skip-Class-Scanning=true manifest attribute so JMeter can skip classfile scanning
2025-02-28 05:23:57,716 INFO o.a.j.r.ClassFinder: Will scan jar C:\Users\ASUS\Desktop\apache-jmeter-5.6.3\apache-jmeter-5.6.3\lib\ext\jmeter-plugins-manager-0.20.jar with filter ExtendsClassFilter [parents=[interface org.apache.jmeter.functions.Function], inner=false, contains=null, notContains=null]. Consider exposing JMeter plugins via META-INF/services, and add JMeter-Skip-Class-Scanning=true manifest attribute so JMeter can skip classfile scanning
2025-02-28 05:23:57,731 INFO o.a.j.r.ClassFinder: Will scan jar C:\Users\ASUS\Desktop\apache-jmeter-5.6.3\apache-jmeter-5.6.3\lib\ext\jmeter-plugins-tst-2.6.jar with filter ExtendsClassFilter [parents=[interface org.apache.jmeter.functions.Function], inner=false, contains=null, notContains=null]. Consider exposing JMeter plugins via META-INF/services, and add JMeter-Skip-Class-Scanning=true manifest attribute so JMeter can skip classfile scanning
2025-02-28 05:23:57,739 INFO o.a.j.r.ClassFinder: Will scan jar C:\Users\ASUS\Desktop\apache-jmeter-5.6.3\apache-jmeter-5.6.3\lib\ext\jmeter-parallel-0.12.jar with filter ExtendsClassFilter [parents=[interface org.apache.jmeter.functions.Function], inner=false, contains=null, notContains=null]. Consider exposing JMeter plugins via META-INF/services, and add JMeter-Skip-Class-Scanning=true manifest attribute so JMeter can skip classfile scanning
2025-02-28 05:23:58,102 INFO o.a.j.JMeter: Running test (1740700438102)
2025-02-28 05:23:58,104 INFO o.a.j.e.StandardJMeterEngine: Starting setUp thread groups
2025-02-28 05:23:58,104 INFO o.a.j.e.StandardJMeterEngine: Starting setUp ThreadGroup: 1 : setUp Thread Group 
2025-02-28 05:23:58,104 INFO o.a.j.e.StandardJMeterEngine: Starting 20 threads for group setUp Thread Group.
2025-02-28 05:23:58,105 INFO o.a.j.e.StandardJMeterEngine: Thread will continue on error
2025-02-28 05:23:58,105 INFO o.a.j.t.ThreadGroup: Starting thread group... number=1 threads=20 ramp-up=10 delayedStart=false
2025-02-28 05:23:58,119 INFO o.a.j.t.JMeterThread: Thread started: setUp Thread Group 1-1
2025-02-28 05:23:58,140 INFO o.a.j.t.ThreadGroup: Started thread group number 1
2025-02-28 05:23:58,140 INFO o.a.j.e.StandardJMeterEngine: Waiting for all setup thread groups to exit
2025-02-28 05:23:58,618 INFO o.a.j.t.JMeterThread: Thread started: setUp Thread Group 1-2
2025-02-28 05:23:59,114 INFO o.a.j.t.JMeterThread: Thread started: setUp Thread Group 1-3
2025-02-28 05:23:59,133 INFO o.a.j.p.h.s.HTTPHCAbstractImpl: Local host = THIVA
2025-02-28 05:23:59,141 INFO o.a.j.p.h.s.HTTPHC4Impl: HTTP request retry count = 0
2025-02-28 05:23:59,614 INFO o.a.j.t.JMeterThread: Thread started: setUp Thread Group 1-4
2025-02-28 05:24:00,113 INFO o.a.j.t.JMeterThread: Thread started: setUp Thread Group 1-5
2025-02-28 05:24:00,613 INFO o.a.j.t.JMeterThread: Thread started: setUp Thread Group 1-6
2025-02-28 05:24:01,112 INFO o.a.j.t.JMeterThread: Thread started: setUp Thread Group 1-7
2025-02-28 05:24:01,612 INFO o.a.j.t.JMeterThread: Thread started: setUp Thread Group 1-8
2025-02-28 05:24:02,109 INFO o.a.j.t.JMeterThread: Thread started: setUp Thread Group 1-9
2025-02-28 05:24:02,611 INFO o.a.j.t.JMeterThread: Thread started: setUp Thread Group 1-10
2025-02-28 05:24:03,111 INFO o.a.j.t.JMeterThread: Thread started: setUp Thread Group 1-11
2025-02-28 05:24:03,608 INFO o.a.j.t.JMeterThread: Thread started: setUp Thread Group 1-12
2025-02-28 05:24:04,109 INFO o.a.j.t.JMeterThread: Thread started: setUp Thread Group 1-13
2025-02-28 05:24:04,610 INFO o.a.j.t.JMeterThread: Thread started: setUp Thread Group 1-14
2025-02-28 05:24:05,111 INFO o.a.j.t.JMeterThread: Thread started: setUp Thread Group 1-15
2025-02-28 05:24:05,610 INFO o.a.j.t.JMeterThread: Thread started: setUp Thread Group 1-16
2025-02-28 05:24:06,110 INFO o.a.j.t.JMeterThread: Thread started: setUp Thread Group 1-17
2025-02-28 05:24:06,610 INFO o.a.j.t.JMeterThread: Thread started: setUp Thread Group 1-18
2025-02-28 05:24:07,108 INFO o.a.j.t.JMeterThread: Thread started: setUp Thread Group 1-19
2025-02-28 05:24:07,609 INFO o.a.j.t.JMeterThread: Thread started: setUp Thread Group 1-20
2025-02-28 05:24:57,900 INFO o.a.j.t.JMeterThread: Thread finished: setUp Thread Group 1-15
2025-02-28 05:24:57,901 INFO o.a.j.t.JMeterThread: Thread finished: setUp Thread Group 1-13
2025-02-28 05:24:57,902 INFO o.a.j.t.JMeterThread: Thread finished: setUp Thread Group 1-7
2025-02-28 05:24:57,914 INFO o.a.j.t.JMeterThread: Thread finished: setUp Thread Group 1-8
2025-02-28 05:24:57,922 INFO o.a.j.t.JMeterThread: Thread finished: setUp Thread Group 1-14
2025-02-28 05:24:57,961 INFO o.a.j.t.JMeterThread: Thread finished: setUp Thread Group 1-2
2025-02-28 05:24:57,963 INFO o.a.j.t.JMeterThread: Thread finished: setUp Thread Group 1-1
2025-02-28 05:24:57,973 INFO o.a.j.t.JMeterThread: Thread finished: setUp Thread Group 1-4
2025-02-28 05:24:57,981 INFO o.a.j.t.JMeterThread: Thread finished: setUp Thread Group 1-6
2025-02-28 05:24:57,981 INFO o.a.j.t.JMeterThread: Thread finished: setUp Thread Group 1-9
2025-02-28 05:24:58,003 INFO o.a.j.t.JMeterThread: Thread finished: setUp Thread Group 1-17
2025-02-28 05:24:58,062 INFO o.a.j.t.JMeterThread: Thread finished: setUp Thread Group 1-5
2025-02-28 05:24:58,089 INFO o.a.j.t.JMeterThread: Thread finished: setUp Thread Group 1-12
2025-02-28 05:24:58,133 INFO o.a.j.t.JMeterThread: Stopping because end time detected by thread: setUp Thread Group 1-16
2025-02-28 05:24:58,133 INFO o.a.j.t.JMeterThread: Stopping because end time detected by thread: setUp Thread Group 1-3
2025-02-28 05:24:58,133 INFO o.a.j.t.JMeterThread: Thread finished: setUp Thread Group 1-16
2025-02-28 05:24:58,133 INFO o.a.j.t.JMeterThread: Thread finished: setUp Thread Group 1-3
2025-02-28 05:24:58,217 INFO o.a.j.t.JMeterThread: Stopping because end time detected by thread: setUp Thread Group 1-20
2025-02-28 05:24:58,218 INFO o.a.j.t.JMeterThread: Thread finished: setUp Thread Group 1-20
2025-02-28 05:24:58,278 INFO o.a.j.t.JMeterThread: Stopping because end time detected by thread: setUp Thread Group 1-19
2025-02-28 05:24:58,278 INFO o.a.j.t.JMeterThread: Stopping because end time detected by thread: setUp Thread Group 1-10
2025-02-28 05:24:58,278 INFO o.a.j.t.JMeterThread: Thread finished: setUp Thread Group 1-19
2025-02-28 05:24:58,278 INFO o.a.j.t.JMeterThread: Thread finished: setUp Thread Group 1-10
2025-02-28 05:24:58,279 INFO o.a.j.t.JMeterThread: Stopping because end time detected by thread: setUp Thread Group 1-11
2025-02-28 05:24:58,279 INFO o.a.j.t.JMeterThread: Thread finished: setUp Thread Group 1-11
2025-02-28 05:24:58,337 INFO o.a.j.t.JMeterThread: Stopping because end time detected by thread: setUp Thread Group 1-18
2025-02-28 05:24:58,337 INFO o.a.j.t.JMeterThread: Thread finished: setUp Thread Group 1-18
2025-02-28 05:24:58,338 INFO o.a.j.e.StandardJMeterEngine: All Setup Threads have ended
2025-02-28 05:24:58,381 INFO o.a.j.e.StandardJMeterEngine: Starting ThreadGroup: 1 : Thread-Gruppe
2025-02-28 05:24:58,381 INFO o.a.j.e.StandardJMeterEngine: Starting 75 threads for group Thread-Gruppe.
2025-02-28 05:24:58,381 INFO o.a.j.e.StandardJMeterEngine: Thread will continue on error
2025-02-28 05:24:58,381 INFO o.a.j.t.ThreadGroup: Starting thread group... number=1 threads=75 ramp-up=10 delayedStart=false
2025-02-28 05:24:58,391 INFO o.a.j.t.JMeterThread: Thread started: Thread-Gruppe 1-1
2025-02-28 05:24:58,483 INFO o.a.j.t.ThreadGroup: Started thread group number 1
2025-02-28 05:24:58,484 INFO o.a.j.e.StandardJMeterEngine: Starting ThreadGroup: 2 : Thread-Gruppe
2025-02-28 05:24:58,484 INFO o.a.j.e.StandardJMeterEngine: Starting 20 threads for group Thread-Gruppe.
2025-02-28 05:24:58,484 INFO o.a.j.e.StandardJMeterEngine: Thread will continue on error
2025-02-28 05:24:58,484 INFO o.a.j.t.ThreadGroup: Starting thread group... number=2 threads=20 ramp-up=10 delayedStart=false
2025-02-28 05:24:58,486 INFO o.a.j.t.JMeterThread: Thread started: Thread-Gruppe 2-1
2025-02-28 05:24:58,509 INFO o.a.j.t.ThreadGroup: Started thread group number 2
2025-02-28 05:24:58,509 INFO o.a.j.e.StandardJMeterEngine: Starting ThreadGroup: 3 : Thread-Gruppe
2025-02-28 05:24:58,509 INFO o.a.j.e.StandardJMeterEngine: Starting 5 threads for group Thread-Gruppe.
2025-02-28 05:24:58,509 INFO o.a.j.e.StandardJMeterEngine: Thread will continue on error
2025-02-28 05:24:58,509 INFO o.a.j.t.ThreadGroup: Starting thread group... number=3 threads=5 ramp-up=10 delayedStart=false
2025-02-28 05:24:58,511 INFO o.a.j.t.JMeterThread: Thread started: Thread-Gruppe 3-1
2025-02-28 05:24:58,516 INFO o.a.j.t.ThreadGroup: Started thread group number 3
2025-02-28 05:24:58,516 INFO o.a.j.e.StandardJMeterEngine: All thread groups have been started
2025-02-28 05:24:58,535 INFO o.a.j.t.JMeterThread: Thread started: Thread-Gruppe 1-2
2025-02-28 05:24:58,660 INFO o.a.j.t.JMeterThread: Thread started: Thread-Gruppe 1-3
2025-02-28 05:24:58,786 INFO o.a.j.t.JMeterThread: Thread started: Thread-Gruppe 1-4
2025-02-28 05:24:58,918 INFO o.a.j.t.JMeterThread: Thread started: Thread-Gruppe 1-5
2025-02-28 05:24:58,987 INFO o.a.j.t.JMeterThread: Thread started: Thread-Gruppe 2-2
2025-02-28 05:24:59,051 INFO o.a.j.t.JMeterThread: Thread started: Thread-Gruppe 1-6
2025-02-28 05:24:59,186 INFO o.a.j.t.JMeterThread: Thread started: Thread-Gruppe 1-7
2025-02-28 05:24:59,317 INFO o.a.j.t.JMeterThread: Thread started: Thread-Gruppe 1-8
2025-02-28 05:24:59,449 INFO o.a.j.t.JMeterThread: Thread started: Thread-Gruppe 1-9
2025-02-28 05:24:59,487 INFO o.a.j.t.JMeterThread: Thread started: Thread-Gruppe 2-3
2025-02-28 05:24:59,584 INFO o.a.j.t.JMeterThread: Thread started: Thread-Gruppe 1-10
2025-02-28 05:24:59,714 INFO o.a.j.t.JMeterThread: Thread started: Thread-Gruppe 1-11
2025-02-28 05:24:59,849 INFO o.a.j.t.JMeterThread: Thread started: Thread-Gruppe 1-12
2025-02-28 05:24:59,981 INFO o.a.j.t.JMeterThread: Thread started: Thread-Gruppe 1-13
2025-02-28 05:24:59,987 INFO o.a.j.t.JMeterThread: Thread started: Thread-Gruppe 2-4
2025-02-28 05:25:00,084 INFO o.a.j.r.Summariser: summary +     17 in 00:01:02 =    0.3/s Avg:   493 Min:   256 Max:   539 Err:     0 (0.00%) Active: 18 Started: 18 Finished: 0
2025-02-28 05:25:00,116 INFO o.a.j.t.JMeterThread: Thread started: Thread-Gruppe 1-14
2025-02-28 05:25:00,247 INFO o.a.j.t.JMeterThread: Thread started: Thread-Gruppe 1-15
2025-02-28 05:25:00,380 INFO o.a.j.t.JMeterThread: Thread started: Thread-Gruppe 1-16
2025-02-28 05:25:00,488 INFO o.a.j.t.JMeterThread: Thread started: Thread-Gruppe 2-5
2025-02-28 05:25:00,511 INFO o.a.j.t.JMeterThread: Thread started: Thread-Gruppe 3-2
2025-02-28 05:25:00,511 INFO o.a.j.t.JMeterThread: Thread started: Thread-Gruppe 1-17
2025-02-28 05:25:00,644 INFO o.a.j.t.JMeterThread: Thread started: Thread-Gruppe 1-18
2025-02-28 05:25:00,779 INFO o.a.j.t.JMeterThread: Thread started: Thread-Gruppe 1-19
2025-02-28 05:25:00,912 INFO o.a.j.t.JMeterThread: Thread started: Thread-Gruppe 1-20
2025-02-28 05:25:00,987 INFO o.a.j.t.JMeterThread: Thread started: Thread-Gruppe 2-6
2025-02-28 05:25:01,044 INFO o.a.j.t.JMeterThread: Thread started: Thread-Gruppe 1-21
2025-02-28 05:25:01,177 INFO o.a.j.t.JMeterThread: Thread started: Thread-Gruppe 1-22
2025-02-28 05:25:01,310 INFO o.a.j.t.JMeterThread: Thread started: Thread-Gruppe 1-23
2025-02-28 05:25:01,443 INFO o.a.j.t.JMeterThread: Thread started: Thread-Gruppe 1-24
2025-02-28 05:25:01,487 INFO o.a.j.t.JMeterThread: Thread started: Thread-Gruppe 2-7
2025-02-28 05:25:01,577 INFO o.a.j.t.JMeterThread: Thread started: Thread-Gruppe 1-25
2025-02-28 05:25:01,709 INFO o.a.j.t.JMeterThread: Thread started: Thread-Gruppe 1-26
2025-02-28 05:25:01,843 INFO o.a.j.t.JMeterThread: Thread started: Thread-Gruppe 1-27
2025-02-28 05:25:01,975 INFO o.a.j.t.JMeterThread: Thread started: Thread-Gruppe 1-28
2025-02-28 05:25:01,986 INFO o.a.j.t.JMeterThread: Thread started: Thread-Gruppe 2-8
2025-02-28 05:25:02,108 INFO o.a.j.t.JMeterThread: Thread started: Thread-Gruppe 1-29
2025-02-28 05:25:02,242 INFO o.a.j.t.JMeterThread: Thread started: Thread-Gruppe 1-30
2025-02-28 05:25:02,375 INFO o.a.j.t.JMeterThread: Thread started: Thread-Gruppe 1-31
2025-02-28 05:25:02,486 INFO o.a.j.t.JMeterThread: Thread started: Thread-Gruppe 2-9
2025-02-28 05:25:02,507 INFO o.a.j.t.JMeterThread: Thread started: Thread-Gruppe 1-32
2025-02-28 05:25:02,512 INFO o.a.j.t.JMeterThread: Thread started: Thread-Gruppe 3-3
2025-02-28 05:25:02,641 INFO o.a.j.t.JMeterThread: Thread started: Thread-Gruppe 1-33
2025-02-28 05:25:02,772 INFO o.a.j.t.JMeterThread: Thread started: Thread-Gruppe 1-34
2025-02-28 05:25:02,906 INFO o.a.j.t.JMeterThread: Thread started: Thread-Gruppe 1-35
2025-02-28 05:25:02,987 INFO o.a.j.t.JMeterThread: Thread started: Thread-Gruppe 2-10
2025-02-28 05:25:03,039 INFO o.a.j.t.JMeterThread: Thread started: Thread-Gruppe 1-36
2025-02-28 05:25:03,174 INFO o.a.j.t.JMeterThread: Thread started: Thread-Gruppe 1-37
2025-02-28 05:25:03,304 INFO o.a.j.t.JMeterThread: Thread started: Thread-Gruppe 1-38
2025-02-28 05:25:03,438 INFO o.a.j.t.JMeterThread: Thread started: Thread-Gruppe 1-39
2025-02-28 05:25:03,487 INFO o.a.j.t.JMeterThread: Thread started: Thread-Gruppe 2-11
2025-02-28 05:25:03,572 INFO o.a.j.t.JMeterThread: Thread started: Thread-Gruppe 1-40
2025-02-28 05:25:03,705 INFO o.a.j.t.JMeterThread: Thread started: Thread-Gruppe 1-41
2025-02-28 05:25:03,838 INFO o.a.j.t.JMeterThread: Thread started: Thread-Gruppe 1-42
2025-02-28 05:25:03,972 INFO o.a.j.t.JMeterThread: Thread started: Thread-Gruppe 1-43
2025-02-28 05:25:03,987 INFO o.a.j.t.JMeterThread: Thread started: Thread-Gruppe 2-12
2025-02-28 05:25:04,106 INFO o.a.j.t.JMeterThread: Thread started: Thread-Gruppe 1-44
2025-02-28 05:25:04,237 INFO o.a.j.t.JMeterThread: Thread started: Thread-Gruppe 1-45
2025-02-28 05:25:04,370 INFO o.a.j.t.JMeterThread: Thread started: Thread-Gruppe 1-46
2025-02-28 05:25:04,487 INFO o.a.j.t.JMeterThread: Thread started: Thread-Gruppe 2-13
2025-02-28 05:25:04,502 INFO o.a.j.t.JMeterThread: Thread started: Thread-Gruppe 1-47
2025-02-28 05:25:04,512 INFO o.a.j.t.JMeterThread: Thread started: Thread-Gruppe 3-4
2025-02-28 05:25:04,634 INFO o.a.j.t.JMeterThread: Thread started: Thread-Gruppe 1-48
2025-02-28 05:25:04,767 INFO o.a.j.t.JMeterThread: Thread started: Thread-Gruppe 1-49
2025-02-28 05:25:04,899 INFO o.a.j.t.JMeterThread: Thread started: Thread-Gruppe 1-50
2025-02-28 05:25:04,989 INFO o.a.j.t.JMeterThread: Thread started: Thread-Gruppe 2-14
2025-02-28 05:25:05,032 INFO o.a.j.t.JMeterThread: Thread started: Thread-Gruppe 1-51
2025-02-28 05:25:05,167 INFO o.a.j.t.JMeterThread: Thread started: Thread-Gruppe 1-52
2025-02-28 05:25:05,299 INFO o.a.j.t.JMeterThread: Thread started: Thread-Gruppe 1-53
2025-02-28 05:25:05,432 INFO o.a.j.t.JMeterThread: Thread started: Thread-Gruppe 1-54
2025-02-28 05:25:05,487 INFO o.a.j.t.JMeterThread: Thread started: Thread-Gruppe 2-15
2025-02-28 05:25:05,565 INFO o.a.j.t.JMeterThread: Thread started: Thread-Gruppe 1-55
2025-02-28 05:25:05,698 INFO o.a.j.t.JMeterThread: Thread started: Thread-Gruppe 1-56
2025-02-28 05:25:05,832 INFO o.a.j.t.JMeterThread: Thread started: Thread-Gruppe 1-57
2025-02-28 05:25:05,964 INFO o.a.j.t.JMeterThread: Thread started: Thread-Gruppe 1-58
2025-02-28 05:25:05,987 INFO o.a.j.t.JMeterThread: Thread started: Thread-Gruppe 2-16
2025-02-28 05:25:06,098 INFO o.a.j.t.JMeterThread: Thread started: Thread-Gruppe 1-59
2025-02-28 05:25:06,230 INFO o.a.j.t.JMeterThread: Thread started: Thread-Gruppe 1-60
2025-02-28 05:25:06,364 INFO o.a.j.t.JMeterThread: Thread started: Thread-Gruppe 1-61
2025-02-28 05:25:06,488 INFO o.a.j.t.JMeterThread: Thread started: Thread-Gruppe 2-17
2025-02-28 05:25:06,498 INFO o.a.j.t.JMeterThread: Thread started: Thread-Gruppe 1-62
2025-02-28 05:25:06,512 INFO o.a.j.t.JMeterThread: Thread started: Thread-Gruppe 3-5
2025-02-28 05:25:06,629 INFO o.a.j.t.JMeterThread: Thread started: Thread-Gruppe 1-63
2025-02-28 05:25:06,762 INFO o.a.j.t.JMeterThread: Thread started: Thread-Gruppe 1-64
2025-02-28 05:25:06,895 INFO o.a.j.t.JMeterThread: Thread started: Thread-Gruppe 1-65
2025-02-28 05:25:06,987 INFO o.a.j.t.JMeterThread: Thread started: Thread-Gruppe 2-18
2025-02-28 05:25:07,029 INFO o.a.j.t.JMeterThread: Thread started: Thread-Gruppe 1-66
2025-02-28 05:25:07,162 INFO o.a.j.t.JMeterThread: Thread started: Thread-Gruppe 1-67
2025-02-28 05:25:07,295 INFO o.a.j.t.JMeterThread: Thread started: Thread-Gruppe 1-68
2025-02-28 05:25:07,429 INFO o.a.j.t.JMeterThread: Thread started: Thread-Gruppe 1-69
2025-02-28 05:25:07,486 INFO o.a.j.t.JMeterThread: Thread started: Thread-Gruppe 2-19
2025-02-28 05:25:07,560 INFO o.a.j.t.JMeterThread: Thread started: Thread-Gruppe 1-70
2025-02-28 05:25:07,694 INFO o.a.j.t.JMeterThread: Thread started: Thread-Gruppe 1-71
2025-02-28 05:25:07,827 INFO o.a.j.t.JMeterThread: Thread started: Thread-Gruppe 1-72
2025-02-28 05:25:07,960 INFO o.a.j.t.JMeterThread: Thread started: Thread-Gruppe 1-73
2025-02-28 05:25:07,988 INFO o.a.j.t.JMeterThread: Thread started: Thread-Gruppe 2-20
2025-02-28 05:25:08,092 INFO o.a.j.t.JMeterThread: Thread started: Thread-Gruppe 1-74
2025-02-28 05:25:08,225 INFO o.a.j.t.JMeterThread: Thread started: Thread-Gruppe 1-75
2025-02-28 05:25:30,034 INFO o.a.j.r.Summariser: summary +   2051 in 00:00:30 =   68.5/s Avg:   341 Min:   242 Max:  1068 Err:     0 (0.00%) Active: 100 Started: 100 Finished: 0
2025-02-28 05:25:30,035 INFO o.a.j.r.Summariser: summary =   2068 in 00:01:32 =   22.5/s Avg:   342 Min:   242 Max:  1068 Err:     0 (0.00%)
2025-02-28 05:26:00,000 INFO o.a.j.r.Summariser: summary +   2292 in 00:00:30 =   76.5/s Avg:   336 Min:   242 Max:  1050 Err:     0 (0.00%) Active: 100 Started: 100 Finished: 0
2025-02-28 05:26:00,000 INFO o.a.j.r.Summariser: summary =   4360 in 00:02:02 =   35.8/s Avg:   339 Min:   242 Max:  1068 Err:     0 (0.00%)
2025-02-28 05:26:30,015 INFO o.a.j.r.Summariser: summary +   2286 in 00:00:30 =   76.2/s Avg:   341 Min:   241 Max:  1111 Err:     0 (0.00%) Active: 100 Started: 100 Finished: 0
2025-02-28 05:26:30,016 INFO o.a.j.r.Summariser: summary =   6646 in 00:02:32 =   43.7/s Avg:   339 Min:   241 Max:  1111 Err:     0 (0.00%)
2025-02-28 05:27:00,015 INFO o.a.j.r.Summariser: summary +   2290 in 00:00:30 =   76.3/s Avg:   337 Min:   242 Max:  1085 Err:     0 (0.00%) Active: 100 Started: 100 Finished: 0
2025-02-28 05:27:00,016 INFO o.a.j.r.Summariser: summary =   8936 in 00:03:02 =   49.1/s Avg:   339 Min:   241 Max:  1111 Err:     0 (0.00%)
2025-02-28 05:27:30,069 INFO o.a.j.r.Summariser: summary +   2295 in 00:00:30 =   76.4/s Avg:   348 Min:   243 Max:  1067 Err:     0 (0.00%) Active: 100 Started: 100 Finished: 0
2025-02-28 05:27:30,070 INFO o.a.j.r.Summariser: summary =  11231 in 00:03:32 =   53.0/s Avg:   341 Min:   241 Max:  1111 Err:     0 (0.00%)
2025-02-28 05:28:00,003 INFO o.a.j.r.Summariser: summary +   2287 in 00:00:30 =   76.4/s Avg:   328 Min:   242 Max:  1088 Err:     0 (0.00%) Active: 100 Started: 100 Finished: 0
2025-02-28 05:28:00,004 INFO o.a.j.r.Summariser: summary =  13518 in 00:04:02 =   55.9/s Avg:   339 Min:   241 Max:  1111 Err:     0 (0.00%)
2025-02-28 05:28:30,013 INFO o.a.j.r.Summariser: summary +   2279 in 00:00:30 =   75.9/s Avg:   351 Min:   242 Max:  1092 Err:     0 (0.00%) Active: 100 Started: 100 Finished: 0
2025-02-28 05:28:30,014 INFO o.a.j.r.Summariser: summary =  15797 in 00:04:32 =   58.1/s Avg:   340 Min:   241 Max:  1111 Err:     0 (0.00%)
2025-02-28 05:29:00,066 INFO o.a.j.r.Summariser: summary +   2295 in 00:00:30 =   76.4/s Avg:   333 Min:   242 Max:  1029 Err:     0 (0.00%) Active: 100 Started: 100 Finished: 0
2025-02-28 05:29:00,067 INFO o.a.j.r.Summariser: summary =  18092 in 00:05:02 =   59.9/s Avg:   339 Min:   241 Max:  1111 Err:     0 (0.00%)
2025-02-28 05:29:30,040 INFO o.a.j.r.Summariser: summary +   2280 in 00:00:30 =   76.1/s Avg:   352 Min:   242 Max:  1094 Err:     0 (0.00%) Active: 100 Started: 100 Finished: 0
2025-02-28 05:29:30,041 INFO o.a.j.r.Summariser: summary =  20372 in 00:05:32 =   61.4/s Avg:   341 Min:   241 Max:  1111 Err:     0 (0.00%)
2025-02-28 05:30:00,028 INFO o.a.j.r.Summariser: summary +   2295 in 00:00:30 =   76.5/s Avg:   332 Min:   243 Max:  1074 Err:     0 (0.00%) Active: 100 Started: 100 Finished: 0
2025-02-28 05:30:00,029 INFO o.a.j.r.Summariser: summary =  22667 in 00:06:02 =   62.6/s Avg:   340 Min:   241 Max:  1111 Err:     0 (0.00%)
2025-02-28 05:30:30,014 INFO o.a.j.r.Summariser: summary +   2279 in 00:00:30 =   76.0/s Avg:   341 Min:   243 Max:  1085 Err:     0 (0.00%) Active: 100 Started: 100 Finished: 0
2025-02-28 05:30:30,015 INFO o.a.j.r.Summariser: summary =  24946 in 00:06:32 =   63.7/s Avg:   340 Min:   241 Max:  1111 Err:     0 (0.00%)
2025-02-28 05:31:00,056 INFO o.a.j.r.Summariser: summary +   2293 in 00:00:30 =   76.3/s Avg:   329 Min:   241 Max:  1040 Err:     0 (0.00%) Active: 100 Started: 100 Finished: 0
2025-02-28 05:31:00,056 INFO o.a.j.r.Summariser: summary =  27239 in 00:07:02 =   64.6/s Avg:   339 Min:   241 Max:  1111 Err:     0 (0.00%)
2025-02-28 05:31:30,007 INFO o.a.j.r.Summariser: summary +   2282 in 00:00:30 =   76.2/s Avg:   357 Min:   242 Max:  1104 Err:     0 (0.00%) Active: 100 Started: 100 Finished: 0
2025-02-28 05:31:30,007 INFO o.a.j.r.Summariser: summary =  29521 in 00:07:32 =   65.3/s Avg:   340 Min:   241 Max:  1111 Err:     0 (0.00%)
2025-02-28 05:32:00,001 INFO o.a.j.r.Summariser: summary +   2291 in 00:00:30 =   76.4/s Avg:   327 Min:   242 Max:  1036 Err:     0 (0.00%) Active: 100 Started: 100 Finished: 0
2025-02-28 05:32:00,002 INFO o.a.j.r.Summariser: summary =  31812 in 00:08:02 =   66.0/s Avg:   339 Min:   241 Max:  1111 Err:     0 (0.00%)
2025-02-28 05:32:30,004 INFO o.a.j.r.Summariser: summary +   2281 in 00:00:30 =   76.0/s Avg:   363 Min:   242 Max:  1118 Err:     0 (0.00%) Active: 100 Started: 100 Finished: 0
2025-02-28 05:32:30,006 INFO o.a.j.r.Summariser: summary =  34093 in 00:08:32 =   66.6/s Avg:   341 Min:   241 Max:  1118 Err:     0 (0.00%)
2025-02-28 05:33:00,022 INFO o.a.j.r.Summariser: summary +   2296 in 00:00:30 =   76.5/s Avg:   320 Min:   242 Max:  1484 Err:     0 (0.00%) Active: 100 Started: 100 Finished: 0
2025-02-28 05:33:00,023 INFO o.a.j.r.Summariser: summary =  36389 in 00:09:02 =   67.1/s Avg:   340 Min:   241 Max:  1484 Err:     0 (0.00%)
2025-02-28 05:33:30,049 INFO o.a.j.r.Summariser: summary +   2276 in 00:00:30 =   75.8/s Avg:   358 Min:   242 Max:  1087 Err:     0 (0.00%) Active: 100 Started: 100 Finished: 0
2025-02-28 05:33:30,050 INFO o.a.j.r.Summariser: summary =  38665 in 00:09:32 =   67.6/s Avg:   341 Min:   241 Max:  1484 Err:     0 (0.00%)
2025-02-28 05:34:00,068 INFO o.a.j.r.Summariser: summary +   2294 in 00:00:30 =   76.4/s Avg:   326 Min:   242 Max:  1024 Err:     0 (0.00%) Active: 100 Started: 100 Finished: 0
2025-02-28 05:34:00,069 INFO o.a.j.r.Summariser: summary =  40959 in 00:10:02 =   68.0/s Avg:   340 Min:   241 Max:  1484 Err:     0 (0.00%)
2025-02-28 05:34:30,002 INFO o.a.j.r.Summariser: summary +   2286 in 00:00:30 =   76.4/s Avg:   351 Min:   243 Max:  1098 Err:     0 (0.00%) Active: 100 Started: 100 Finished: 0
2025-02-28 05:34:30,004 INFO o.a.j.r.Summariser: summary =  43245 in 00:10:32 =   68.4/s Avg:   340 Min:   241 Max:  1484 Err:     0 (0.00%)
2025-02-28 05:34:56,714 INFO o.a.j.t.JMeterThread: Thread finished: Thread-Gruppe 1-1
2025-02-28 05:34:56,752 INFO o.a.j.t.JMeterThread: Thread finished: Thread-Gruppe 1-62
2025-02-28 05:34:56,756 INFO o.a.j.t.JMeterThread: Thread finished: Thread-Gruppe 1-47
2025-02-28 05:34:56,767 INFO o.a.j.t.JMeterThread: Thread finished: Thread-Gruppe 1-17
2025-02-28 05:34:56,814 INFO o.a.j.t.JMeterThread: Thread finished: Thread-Gruppe 1-2
2025-02-28 05:34:56,883 INFO o.a.j.t.JMeterThread: Thread finished: Thread-Gruppe 1-63
2025-02-28 05:34:56,901 INFO o.a.j.t.JMeterThread: Thread finished: Thread-Gruppe 1-48
2025-02-28 05:34:56,908 INFO o.a.j.t.JMeterThread: Thread finished: Thread-Gruppe 1-18
2025-02-28 05:34:56,923 INFO o.a.j.t.JMeterThread: Thread finished: Thread-Gruppe 1-3
2025-02-28 05:34:57,010 INFO o.a.j.t.JMeterThread: Thread finished: Thread-Gruppe 1-64
2025-02-28 05:34:57,020 INFO o.a.j.t.JMeterThread: Thread finished: Thread-Gruppe 1-49
2025-02-28 05:34:57,038 INFO o.a.j.t.JMeterThread: Thread finished: Thread-Gruppe 1-19
2025-02-28 05:34:57,043 INFO o.a.j.t.JMeterThread: Thread finished: Thread-Gruppe 1-4
2025-02-28 05:34:57,145 INFO o.a.j.t.JMeterThread: Thread finished: Thread-Gruppe 1-50
2025-02-28 05:34:57,147 INFO o.a.j.t.JMeterThread: Thread finished: Thread-Gruppe 1-65
2025-02-28 05:34:57,164 INFO o.a.j.t.JMeterThread: Thread finished: Thread-Gruppe 1-20
2025-02-28 05:34:57,181 INFO o.a.j.t.JMeterThread: Thread finished: Thread-Gruppe 1-5
2025-02-28 05:34:57,263 INFO o.a.j.t.JMeterThread: Thread finished: Thread-Gruppe 1-32
2025-02-28 05:34:57,293 INFO o.a.j.t.JMeterThread: Thread finished: Thread-Gruppe 1-51
2025-02-28 05:34:57,304 INFO o.a.j.t.JMeterThread: Thread finished: Thread-Gruppe 1-66
2025-02-28 05:34:57,315 INFO o.a.j.t.JMeterThread: Thread finished: Thread-Gruppe 1-21
2025-02-28 05:34:57,316 INFO o.a.j.t.JMeterThread: Thread finished: Thread-Gruppe 1-6
2025-02-28 05:34:57,395 INFO o.a.j.t.JMeterThread: Thread finished: Thread-Gruppe 1-33
2025-02-28 05:34:57,409 INFO o.a.j.t.JMeterThread: Thread finished: Thread-Gruppe 1-67
2025-02-28 05:34:57,425 INFO o.a.j.t.JMeterThread: Thread finished: Thread-Gruppe 1-52
2025-02-28 05:34:57,435 INFO o.a.j.t.JMeterThread: Thread finished: Thread-Gruppe 1-22
2025-02-28 05:34:57,447 INFO o.a.j.t.JMeterThread: Thread finished: Thread-Gruppe 1-7
2025-02-28 05:34:57,514 INFO o.a.j.t.JMeterThread: Thread finished: Thread-Gruppe 1-34
2025-02-28 05:34:57,549 INFO o.a.j.t.JMeterThread: Thread finished: Thread-Gruppe 1-68
2025-02-28 05:34:57,556 INFO o.a.j.t.JMeterThread: Thread finished: Thread-Gruppe 1-53
2025-02-28 05:34:57,564 INFO o.a.j.t.JMeterThread: Thread finished: Thread-Gruppe 1-23
2025-02-28 05:34:57,572 INFO o.a.j.t.JMeterThread: Thread finished: Thread-Gruppe 1-8
2025-02-28 05:34:57,645 INFO o.a.j.t.JMeterThread: Thread finished: Thread-Gruppe 1-35
2025-02-28 05:34:57,681 INFO o.a.j.t.JMeterThread: Thread finished: Thread-Gruppe 1-69
2025-02-28 05:34:57,693 INFO o.a.j.t.JMeterThread: Thread finished: Thread-Gruppe 1-54
2025-02-28 05:34:57,703 INFO o.a.j.t.JMeterThread: Thread finished: Thread-Gruppe 1-24
2025-02-28 05:34:57,703 INFO o.a.j.t.JMeterThread: Thread finished: Thread-Gruppe 1-9
2025-02-28 05:34:57,805 INFO o.a.j.t.JMeterThread: Thread finished: Thread-Gruppe 1-36
2025-02-28 05:34:57,815 INFO o.a.j.t.JMeterThread: Thread finished: Thread-Gruppe 1-70
2025-02-28 05:34:57,821 INFO o.a.j.t.JMeterThread: Thread finished: Thread-Gruppe 1-55
2025-02-28 05:34:57,832 INFO o.a.j.t.JMeterThread: Thread finished: Thread-Gruppe 1-25
2025-02-28 05:34:57,839 INFO o.a.j.t.JMeterThread: Thread finished: Thread-Gruppe 1-10
2025-02-28 05:34:57,920 INFO o.a.j.t.JMeterThread: Thread finished: Thread-Gruppe 1-37
2025-02-28 05:34:57,961 INFO o.a.j.t.JMeterThread: Thread finished: Thread-Gruppe 1-71
2025-02-28 05:34:57,965 INFO o.a.j.t.JMeterThread: Thread finished: Thread-Gruppe 1-56
2025-02-28 05:34:57,968 INFO o.a.j.t.JMeterThread: Thread finished: Thread-Gruppe 1-26
2025-02-28 05:34:57,968 INFO o.a.j.t.JMeterThread: Thread finished: Thread-Gruppe 1-11
2025-02-28 05:34:58,060 INFO o.a.j.t.JMeterThread: Thread finished: Thread-Gruppe 1-38
2025-02-28 05:34:58,085 INFO o.a.j.t.JMeterThread: Thread finished: Thread-Gruppe 1-72
2025-02-28 05:34:58,089 INFO o.a.j.t.JMeterThread: Thread finished: Thread-Gruppe 1-27
2025-02-28 05:34:58,092 INFO o.a.j.t.JMeterThread: Thread finished: Thread-Gruppe 1-57
2025-02-28 05:34:58,132 INFO o.a.j.t.JMeterThread: Thread finished: Thread-Gruppe 1-12
2025-02-28 05:34:58,139 INFO o.a.j.t.JMeterThread: Thread finished: Thread-Gruppe 2-7
2025-02-28 05:34:58,148 INFO o.a.j.t.JMeterThread: Thread finished: Thread-Gruppe 2-5
2025-02-28 05:34:58,208 INFO o.a.j.t.JMeterThread: Thread finished: Thread-Gruppe 2-2
2025-02-28 05:34:58,208 INFO o.a.j.t.JMeterThread: Thread finished: Thread-Gruppe 2-9
2025-02-28 05:34:58,211 INFO o.a.j.t.JMeterThread: Thread finished: Thread-Gruppe 1-39
2025-02-28 05:34:58,214 INFO o.a.j.t.JMeterThread: Thread finished: Thread-Gruppe 1-73
2025-02-28 05:34:58,214 INFO o.a.j.t.JMeterThread: Thread finished: Thread-Gruppe 1-58
2025-02-28 05:34:58,230 INFO o.a.j.t.JMeterThread: Thread finished: Thread-Gruppe 1-13
2025-02-28 05:34:58,230 INFO o.a.j.t.JMeterThread: Thread finished: Thread-Gruppe 2-3
2025-02-28 05:34:58,233 INFO o.a.j.t.JMeterThread: Thread finished: Thread-Gruppe 1-28
2025-02-28 05:34:58,244 INFO o.a.j.t.JMeterThread: Thread finished: Thread-Gruppe 2-4
2025-02-28 05:34:58,279 INFO o.a.j.t.JMeterThread: Thread finished: Thread-Gruppe 2-8
2025-02-28 05:34:58,323 INFO o.a.j.t.JMeterThread: Thread finished: Thread-Gruppe 1-40
2025-02-28 05:34:58,324 INFO o.a.j.t.JMeterThread: Thread finished: Thread-Gruppe 2-15
2025-02-28 05:34:58,348 INFO o.a.j.t.JMeterThread: Thread finished: Thread-Gruppe 1-74
2025-02-28 05:34:58,380 INFO o.a.j.t.JMeterThread: Thread finished: Thread-Gruppe 2-19
2025-02-28 05:34:58,381 INFO o.a.j.t.JMeterThread: Thread finished: Thread-Gruppe 3-4
2025-02-28 05:34:58,382 INFO o.a.j.t.JMeterThread: Thread finished: Thread-Gruppe 1-59
2025-02-28 05:34:58,385 INFO o.a.j.t.JMeterThread: Thread finished: Thread-Gruppe 3-3
2025-02-28 05:34:58,393 INFO o.a.j.t.JMeterThread: Thread finished: Thread-Gruppe 1-29
2025-02-28 05:34:58,393 INFO o.a.j.t.JMeterThread: Thread finished: Thread-Gruppe 1-14
2025-02-28 05:34:58,420 INFO o.a.j.t.JMeterThread: Thread finished: Thread-Gruppe 2-12
2025-02-28 05:34:58,420 INFO o.a.j.t.JMeterThread: Thread finished: Thread-Gruppe 2-20
2025-02-28 05:34:58,444 INFO o.a.j.t.JMeterThread: Thread finished: Thread-Gruppe 2-6
2025-02-28 05:34:58,444 INFO o.a.j.t.JMeterThread: Thread finished: Thread-Gruppe 2-11
2025-02-28 05:34:58,453 INFO o.a.j.t.JMeterThread: Thread finished: Thread-Gruppe 3-2
2025-02-28 05:34:58,481 INFO o.a.j.t.JMeterThread: Stopping because end time detected by thread: Thread-Gruppe 1-41
2025-02-28 05:34:58,481 INFO o.a.j.t.JMeterThread: Thread finished: Thread-Gruppe 1-41
2025-02-28 05:34:58,482 INFO o.a.j.t.JMeterThread: Thread finished: Thread-Gruppe 1-75
2025-02-28 05:34:58,483 INFO o.a.j.t.JMeterThread: Thread finished: Thread-Gruppe 2-17
2025-02-28 05:34:58,492 INFO o.a.j.t.JMeterThread: Stopping because end time detected by thread: Thread-Gruppe 1-60
2025-02-28 05:34:58,492 INFO o.a.j.t.JMeterThread: Stopping because end time detected by thread: Thread-Gruppe 1-15
2025-02-28 05:34:58,492 INFO o.a.j.t.JMeterThread: Thread finished: Thread-Gruppe 1-15
2025-02-28 05:34:58,492 INFO o.a.j.t.JMeterThread: Thread finished: Thread-Gruppe 1-60
2025-02-28 05:34:58,500 INFO o.a.j.t.JMeterThread: Stopping because end time detected by thread: Thread-Gruppe 1-30
2025-02-28 05:34:58,500 INFO o.a.j.t.JMeterThread: Thread finished: Thread-Gruppe 1-30
2025-02-28 05:34:58,524 INFO o.a.j.t.JMeterThread: Stopping because end time detected by thread: Thread-Gruppe 2-10
2025-02-28 05:34:58,524 INFO o.a.j.t.JMeterThread: Thread finished: Thread-Gruppe 2-10
2025-02-28 05:34:58,540 INFO o.a.j.t.JMeterThread: Stopping because end time detected by thread: Thread-Gruppe 2-14
2025-02-28 05:34:58,540 INFO o.a.j.t.JMeterThread: Thread finished: Thread-Gruppe 2-14
2025-02-28 05:34:58,556 INFO o.a.j.t.JMeterThread: Stopping because end time detected by thread: Thread-Gruppe 2-1
2025-02-28 05:34:58,556 INFO o.a.j.t.JMeterThread: Thread finished: Thread-Gruppe 2-1
2025-02-28 05:34:58,590 INFO o.a.j.t.JMeterThread: Stopping because end time detected by thread: Thread-Gruppe 1-42
2025-02-28 05:34:58,590 INFO o.a.j.t.JMeterThread: Thread finished: Thread-Gruppe 1-42
2025-02-28 05:34:58,620 INFO o.a.j.t.JMeterThread: Stopping because end time detected by thread: Thread-Gruppe 1-61
2025-02-28 05:34:58,621 INFO o.a.j.t.JMeterThread: Thread finished: Thread-Gruppe 1-61
2025-02-28 05:34:58,631 INFO o.a.j.t.JMeterThread: Stopping because end time detected by thread: Thread-Gruppe 1-31
2025-02-28 05:34:58,632 INFO o.a.j.t.JMeterThread: Thread finished: Thread-Gruppe 1-31
2025-02-28 05:34:58,632 INFO o.a.j.t.JMeterThread: Stopping because end time detected by thread: Thread-Gruppe 1-16
2025-02-28 05:34:58,632 INFO o.a.j.t.JMeterThread: Thread finished: Thread-Gruppe 1-16
2025-02-28 05:34:58,693 INFO o.a.j.t.JMeterThread: Stopping because end time detected by thread: Thread-Gruppe 2-13
2025-02-28 05:34:58,693 INFO o.a.j.t.JMeterThread: Thread finished: Thread-Gruppe 2-13
2025-02-28 05:34:58,699 INFO o.a.j.t.JMeterThread: Stopping because end time detected by thread: Thread-Gruppe 2-18
2025-02-28 05:34:58,700 INFO o.a.j.t.JMeterThread: Stopping because end time detected by thread: Thread-Gruppe 3-5
2025-02-28 05:34:58,700 INFO o.a.j.t.JMeterThread: Thread finished: Thread-Gruppe 3-5
2025-02-28 05:34:58,700 INFO o.a.j.t.JMeterThread: Thread finished: Thread-Gruppe 2-18
2025-02-28 05:34:58,722 INFO o.a.j.t.JMeterThread: Stopping because end time detected by thread: Thread-Gruppe 1-43
2025-02-28 05:34:58,722 INFO o.a.j.t.JMeterThread: Thread finished: Thread-Gruppe 1-43
2025-02-28 05:34:58,734 INFO o.a.j.t.JMeterThread: Stopping because end time detected by thread: Thread-Gruppe 2-16
2025-02-28 05:34:58,734 INFO o.a.j.t.JMeterThread: Thread finished: Thread-Gruppe 2-16
2025-02-28 05:34:58,742 INFO o.a.j.t.JMeterThread: Stopping because end time detected by thread: Thread-Gruppe 3-1
2025-02-28 05:34:58,742 INFO o.a.j.t.JMeterThread: Thread finished: Thread-Gruppe 3-1
2025-02-28 05:34:58,907 INFO o.a.j.t.JMeterThread: Stopping because end time detected by thread: Thread-Gruppe 1-44
2025-02-28 05:34:58,907 INFO o.a.j.t.JMeterThread: Thread finished: Thread-Gruppe 1-44
2025-02-28 05:34:59,010 INFO o.a.j.t.JMeterThread: Stopping because end time detected by thread: Thread-Gruppe 1-45
2025-02-28 05:34:59,010 INFO o.a.j.t.JMeterThread: Thread finished: Thread-Gruppe 1-45
2025-02-28 05:34:59,137 INFO o.a.j.t.JMeterThread: Stopping because end time detected by thread: Thread-Gruppe 1-46
2025-02-28 05:34:59,137 INFO o.a.j.t.JMeterThread: Thread finished: Thread-Gruppe 1-46
2025-02-28 05:34:59,138 INFO o.a.j.e.StandardJMeterEngine: Notifying test listeners of end of test
2025-02-28 05:34:59,143 INFO o.a.j.r.Summariser: summary +   2195 in 00:00:29 =   75.3/s Avg:   330 Min:   242 Max:  1066 Err:     0 (0.00%) Active: 0 Started: 100 Finished: 100
2025-02-28 05:34:59,144 INFO o.a.j.r.Summariser: summary =  45440 in 00:11:01 =   68.7/s Avg:   340 Min:   241 Max:  1484 Err:     0 (0.00%)
