2025-02-27 10:41:52,858 INFO o.a.j.u.JMeterUtils: Setting Locale to en_EN
2025-02-27 10:41:52,888 INFO o.a.j.JMeter: Loading user properties from: D:\Semester 7\CS4203 - Research and Development Project\Artifacts\apache-jmeter-5.6.3\bin\user.properties
2025-02-27 10:41:52,888 INFO o.a.j.JMeter: Loading system properties from: D:\Semester 7\CS4203 - Research and Development Project\Artifacts\apache-jmeter-5.6.3\bin\system.properties
2025-02-27 10:41:52,888 INFO o.a.j.JMeter: Setting JMeter property: lb_1_hostname=34.67.126.244
2025-02-27 10:41:52,888 INFO o.a.j.JMeter: Setting JMeter property: lb_2_hostname=35.232.62.106
2025-02-27 10:41:52,888 INFO o.a.j.JMeter: Setting JMeter property: lb_1_port=8090
2025-02-27 10:41:52,888 INFO o.a.j.JMeter: Setting JMeter property: lb_2_port=8091
2025-02-27 10:41:52,893 INFO o.a.j.JMeter: Setting JMeter property: warm_up_users=20
2025-02-27 10:41:52,893 INFO o.a.j.JMeter: Setting JMeter property: warm_up_time=60
2025-02-27 10:41:52,893 INFO o.a.j.JMeter: Setting JMeter property: test_run_time=600
2025-02-27 10:41:52,893 INFO o.a.j.JMeter: Setting JMeter property: ramp_up=10
2025-02-27 10:41:52,893 INFO o.a.j.JMeter: Setting JMeter property: group_1=75
2025-02-27 10:41:52,893 INFO o.a.j.JMeter: Setting JMeter property: group_2=20
2025-02-27 10:41:52,893 INFO o.a.j.JMeter: Setting JMeter property: group_3=5
2025-02-27 10:41:52,893 INFO o.a.j.JMeter: Setting JMeter property: group_1_request_rate=30
2025-02-27 10:41:52,893 INFO o.a.j.JMeter: Setting JMeter property: group_2_request_rate=90
2025-02-27 10:41:52,893 INFO o.a.j.JMeter: Setting JMeter property: group_3_request_rate=120
2025-02-27 10:41:52,893 INFO o.a.j.JMeter: Setting JMeter property: log_file=d:\Semester 7\CS4203 - Research and Development Project\Artifacts\rate-limiter-nginx\jmeter\cloud\2025_02_27_09_12_logs\sliding_window_counter\redis_async_rate_limit_100_window_size_60_sub_window_count_5_batch_percent_0.5\warm_up_results.csv
2025-02-27 10:41:52,893 INFO o.a.j.JMeter: Setting JMeter property: algorithm=sliding_window_counter_redis_async_rate_limit_100_window_size_60_sub_window_count_5_batch_percent_0.5
2025-02-27 10:41:52,893 INFO o.a.j.JMeter: Setting JMeter property: auth=/sliding_window_counter/redis_async_rate_limit_100_window_size_60_sub_window_count_5_batch_percent_0.5/tools.descartes.teastore.auth/rest
2025-02-27 10:41:52,893 INFO o.a.j.JMeter: Setting JMeter property: persistence=/sliding_window_counter/redis_async_rate_limit_100_window_size_60_sub_window_count_5_batch_percent_0.5/tools.descartes.teastore.persistence/rest
2025-02-27 10:41:52,893 INFO o.a.j.JMeter: Setting JMeter property: recommender=/sliding_window_counter/redis_async_rate_limit_100_window_size_60_sub_window_count_5_batch_percent_0.5/tools.descartes.teastore.recommender/rest
2025-02-27 10:41:52,893 INFO o.a.j.JMeter: Setting JMeter property: image=/sliding_window_counter/redis_async_rate_limit_100_window_size_60_sub_window_count_5_batch_percent_0.5/tools.descartes.teastore.image/rest
2025-02-27 10:41:52,893 INFO o.a.j.JMeter: Copyright (c) 1998-2024 The Apache Software Foundation
2025-02-27 10:41:52,893 INFO o.a.j.JMeter: Version 5.6.3
2025-02-27 10:41:52,893 INFO o.a.j.JMeter: java.version=11.0.22
2025-02-27 10:41:52,893 INFO o.a.j.JMeter: java.vm.name=Java HotSpot(TM) 64-Bit Server VM
2025-02-27 10:41:52,893 INFO o.a.j.JMeter: os.name=Windows 10
2025-02-27 10:41:52,893 INFO o.a.j.JMeter: os.arch=amd64
2025-02-27 10:41:52,893 INFO o.a.j.JMeter: os.version=10.0
2025-02-27 10:41:52,893 INFO o.a.j.JMeter: file.encoding=Cp1252
2025-02-27 10:41:52,893 INFO o.a.j.JMeter: java.awt.headless=true
2025-02-27 10:41:52,893 INFO o.a.j.JMeter: Max memory     =1073741824
2025-02-27 10:41:52,893 INFO o.a.j.JMeter: Available Processors =12
2025-02-27 10:41:52,908 INFO o.a.j.JMeter: Default Locale=English (EN)
2025-02-27 10:41:52,923 INFO o.a.j.JMeter: JMeter  Locale=English (EN)
2025-02-27 10:41:52,923 INFO o.a.j.JMeter: JMeterHome=D:\Semester 7\CS4203 - Research and Development Project\Artifacts\apache-jmeter-5.6.3
2025-02-27 10:41:52,923 INFO o.a.j.JMeter: user.dir  =D:\Semester 7\CS4203 - Research and Development Project\Artifacts\rate-limiter-nginx
2025-02-27 10:41:52,923 INFO o.a.j.JMeter: PWD       =D:\Semester 7\CS4203 - Research and Development Project\Artifacts\rate-limiter-nginx
2025-02-27 10:41:52,923 INFO o.a.j.JMeter: IP: 10.10.21.101 Name: KOBI-MSI-PC FullName: 10.10.21.101
2025-02-27 10:41:52,935 INFO o.a.j.s.FileServer: Default base='D:\Semester 7\CS4203 - Research and Development Project\Artifacts\rate-limiter-nginx'
2025-02-27 10:41:52,935 INFO o.a.j.s.FileServer: Set new base='d:\Semester 7\CS4203 - Research and Development Project\Artifacts\rate-limiter-nginx\jmeter\cloud'
2025-02-27 10:41:53,168 INFO o.a.j.s.SaveService: Testplan (JMX) version: 2.2. Testlog (JTL) version: 2.2
2025-02-27 10:41:53,199 INFO o.a.j.s.SaveService: Using SaveService properties version 5.0
2025-02-27 10:41:53,199 INFO o.a.j.s.SaveService: Using SaveService properties file encoding UTF-8
2025-02-27 10:41:53,199 INFO o.a.j.s.SaveService: Loading file: d:\Semester 7\CS4203 - Research and Development Project\Artifacts\rate-limiter-nginx\jmeter\cloud\teastore_performance.jmx
2025-02-27 10:41:53,259 INFO o.a.j.p.h.c.CookieManager: Settings: Delete null: true Check: true Allow variable: true Save: false Prefix: COOKIE_
2025-02-27 10:41:53,301 INFO o.a.j.p.h.s.HTTPSamplerBase: Parser for text/html is org.apache.jmeter.protocol.http.parser.LagartoBasedHtmlParser
2025-02-27 10:41:53,301 INFO o.a.j.p.h.s.HTTPSamplerBase: Parser for application/xhtml+xml is org.apache.jmeter.protocol.http.parser.LagartoBasedHtmlParser
2025-02-27 10:41:53,301 INFO o.a.j.p.h.s.HTTPSamplerBase: Parser for application/xml is org.apache.jmeter.protocol.http.parser.LagartoBasedHtmlParser
2025-02-27 10:41:53,301 INFO o.a.j.p.h.s.HTTPSamplerBase: Parser for text/xml is org.apache.jmeter.protocol.http.parser.LagartoBasedHtmlParser
2025-02-27 10:41:53,301 INFO o.a.j.p.h.s.HTTPSamplerBase: Parser for text/vnd.wap.wml is org.apache.jmeter.protocol.http.parser.RegexpHTMLParser
2025-02-27 10:41:53,301 INFO o.a.j.p.h.s.HTTPSamplerBase: Parser for text/css is org.apache.jmeter.protocol.http.parser.CssParser
2025-02-27 10:41:53,463 INFO o.a.j.s.SampleResult: Note: Sample TimeStamps are START times
2025-02-27 10:41:53,463 INFO o.a.j.s.SampleResult: sampleresult.default.encoding is set to UTF-8
2025-02-27 10:41:53,463 INFO o.a.j.s.SampleResult: sampleresult.useNanoTime=true
2025-02-27 10:41:53,463 INFO o.a.j.s.SampleResult: sampleresult.nanoThreadSleep=5000
2025-02-27 10:41:53,508 INFO o.a.j.JMeter: Creating summariser <summary>
2025-02-27 10:41:53,532 INFO o.a.j.e.StandardJMeterEngine: Running the test!
2025-02-27 10:41:53,533 INFO o.a.j.s.SampleEvent: List of sample_variables: []
2025-02-27 10:41:53,533 INFO o.a.j.s.SampleEvent: List of sample_variables: []
2025-02-27 10:41:53,546 INFO o.a.j.e.u.CompoundVariable: Note: Function class names must contain the string: '.functions.'
2025-02-27 10:41:53,546 INFO o.a.j.e.u.CompoundVariable: Note: Function class names must not contain the string: '.gui.'
2025-02-27 10:41:53,838 INFO o.a.j.r.ClassFinder: Will scan jar D:\Semester 7\CS4203 - Research and Development Project\Artifacts\apache-jmeter-5.6.3\lib\ext\jmeter-plugins-casutg-2.10.jar with filter ExtendsClassFilter [parents=[interface org.apache.jmeter.functions.Function], inner=false, contains=null, notContains=null]. Consider exposing JMeter plugins via META-INF/services, and add JMeter-Skip-Class-Scanning=true manifest attribute so JMeter can skip classfile scanning
2025-02-27 10:41:53,853 INFO o.a.j.r.ClassFinder: Will scan jar D:\Semester 7\CS4203 - Research and Development Project\Artifacts\apache-jmeter-5.6.3\lib\ext\jmeter-plugins-graphs-additional-2.0.jar with filter ExtendsClassFilter [parents=[interface org.apache.jmeter.functions.Function], inner=false, contains=null, notContains=null]. Consider exposing JMeter plugins via META-INF/services, and add JMeter-Skip-Class-Scanning=true manifest attribute so JMeter can skip classfile scanning
2025-02-27 10:41:53,868 INFO o.a.j.r.ClassFinder: Will scan jar D:\Semester 7\CS4203 - Research and Development Project\Artifacts\apache-jmeter-5.6.3\lib\ext\jmeter-plugins-perfmon-2.1.jar with filter ExtendsClassFilter [parents=[interface org.apache.jmeter.functions.Function], inner=false, contains=null, notContains=null]. Consider exposing JMeter plugins via META-INF/services, and add JMeter-Skip-Class-Scanning=true manifest attribute so JMeter can skip classfile scanning
2025-02-27 10:41:53,868 INFO o.a.j.r.ClassFinder: Will scan jar D:\Semester 7\CS4203 - Research and Development Project\Artifacts\apache-jmeter-5.6.3\lib\ext\json-lib-2.4-jdk15.jar with filter ExtendsClassFilter [parents=[interface org.apache.jmeter.functions.Function], inner=false, contains=null, notContains=null]. Consider exposing JMeter plugins via META-INF/services, and add JMeter-Skip-Class-Scanning=true manifest attribute so JMeter can skip classfile scanning
2025-02-27 10:41:53,883 INFO o.a.j.r.ClassFinder: Will scan jar D:\Semester 7\CS4203 - Research and Development Project\Artifacts\apache-jmeter-5.6.3\lib\ext\perfmon-2.2.2.jar with filter ExtendsClassFilter [parents=[interface org.apache.jmeter.functions.Function], inner=false, contains=null, notContains=null]. Consider exposing JMeter plugins via META-INF/services, and add JMeter-Skip-Class-Scanning=true manifest attribute so JMeter can skip classfile scanning
2025-02-27 10:41:53,913 INFO o.a.j.r.ClassFinder: Will scan jar D:\Semester 7\CS4203 - Research and Development Project\Artifacts\apache-jmeter-5.6.3\lib\ext\jmeter-plugins-manager-1.10.jar with filter ExtendsClassFilter [parents=[interface org.apache.jmeter.functions.Function], inner=false, contains=null, notContains=null]. Consider exposing JMeter plugins via META-INF/services, and add JMeter-Skip-Class-Scanning=true manifest attribute so JMeter can skip classfile scanning
2025-02-27 10:41:54,012 INFO o.a.j.r.ClassFinder: Will scan jar D:\Semester 7\CS4203 - Research and Development Project\Artifacts\apache-jmeter-5.6.3\lib\ext\jmeter-plugins-graphs-vs-2.0.jar with filter ExtendsClassFilter [parents=[interface org.apache.jmeter.functions.Function], inner=false, contains=null, notContains=null]. Consider exposing JMeter plugins via META-INF/services, and add JMeter-Skip-Class-Scanning=true manifest attribute so JMeter can skip classfile scanning
2025-02-27 10:41:54,012 INFO o.a.j.r.ClassFinder: Will scan jar D:\Semester 7\CS4203 - Research and Development Project\Artifacts\apache-jmeter-5.6.3\lib\ext\jmeter-parallel-0.12.jar with filter ExtendsClassFilter [parents=[interface org.apache.jmeter.functions.Function], inner=false, contains=null, notContains=null]. Consider exposing JMeter plugins via META-INF/services, and add JMeter-Skip-Class-Scanning=true manifest attribute so JMeter can skip classfile scanning
2025-02-27 10:41:54,012 INFO o.a.j.r.ClassFinder: Will scan jar D:\Semester 7\CS4203 - Research and Development Project\Artifacts\apache-jmeter-5.6.3\lib\ext\jmeter-plugins-tst-2.6.jar with filter ExtendsClassFilter [parents=[interface org.apache.jmeter.functions.Function], inner=false, contains=null, notContains=null]. Consider exposing JMeter plugins via META-INF/services, and add JMeter-Skip-Class-Scanning=true manifest attribute so JMeter can skip classfile scanning
2025-02-27 10:41:54,012 INFO o.a.j.r.ClassFinder: Will scan jar D:\Semester 7\CS4203 - Research and Development Project\Artifacts\apache-jmeter-5.6.3\lib\ext\jmeter-prometheus-plugin-0.6.0.jar with filter ExtendsClassFilter [parents=[interface org.apache.jmeter.functions.Function], inner=false, contains=null, notContains=null]. Consider exposing JMeter plugins via META-INF/services, and add JMeter-Skip-Class-Scanning=true manifest attribute so JMeter can skip classfile scanning
2025-02-27 10:41:54,042 INFO o.a.j.r.ClassFinder: Will scan jar D:\Semester 7\CS4203 - Research and Development Project\Artifacts\apache-jmeter-5.6.3\lib\ext\jmeter-plugins-graphs-basic-2.0.jar with filter ExtendsClassFilter [parents=[interface org.apache.jmeter.functions.Function], inner=false, contains=null, notContains=null]. Consider exposing JMeter plugins via META-INF/services, and add JMeter-Skip-Class-Scanning=true manifest attribute so JMeter can skip classfile scanning
2025-02-27 10:41:54,469 INFO o.a.j.JMeter: Running test (1740633114469)
2025-02-27 10:41:54,469 INFO o.a.j.e.StandardJMeterEngine: Starting setUp thread groups
2025-02-27 10:41:54,469 INFO o.a.j.e.StandardJMeterEngine: Starting setUp ThreadGroup: 1 : setUp Thread Group 
2025-02-27 10:41:54,469 INFO o.a.j.e.StandardJMeterEngine: Starting 20 threads for group setUp Thread Group.
2025-02-27 10:41:54,469 INFO o.a.j.e.StandardJMeterEngine: Thread will continue on error
2025-02-27 10:41:54,469 INFO o.a.j.t.ThreadGroup: Starting thread group... number=1 threads=20 ramp-up=10 delayedStart=false
2025-02-27 10:41:54,501 INFO o.a.j.t.JMeterThread: Thread started: setUp Thread Group 1-1
2025-02-27 10:41:54,553 INFO o.a.j.t.ThreadGroup: Started thread group number 1
2025-02-27 10:41:54,553 INFO o.a.j.e.StandardJMeterEngine: Waiting for all setup thread groups to exit
2025-02-27 10:41:54,988 INFO o.a.j.t.JMeterThread: Thread started: setUp Thread Group 1-2
2025-02-27 10:41:55,492 INFO o.a.j.t.JMeterThread: Thread started: setUp Thread Group 1-3
2025-02-27 10:41:55,589 INFO o.a.j.p.h.s.HTTPHCAbstractImpl: Local host = KOBI-MSI-PC
2025-02-27 10:41:55,595 INFO o.a.j.p.h.s.HTTPHC4Impl: HTTP request retry count = 0
2025-02-27 10:41:55,976 INFO o.a.j.t.JMeterThread: Thread started: setUp Thread Group 1-4
2025-02-27 10:41:56,485 INFO o.a.j.t.JMeterThread: Thread started: setUp Thread Group 1-5
2025-02-27 10:41:56,977 INFO o.a.j.t.JMeterThread: Thread started: setUp Thread Group 1-6
2025-02-27 10:41:57,475 INFO o.a.j.t.JMeterThread: Thread started: setUp Thread Group 1-7
2025-02-27 10:41:57,977 INFO o.a.j.t.JMeterThread: Thread started: setUp Thread Group 1-8
2025-02-27 10:41:58,475 INFO o.a.j.t.JMeterThread: Thread started: setUp Thread Group 1-9
2025-02-27 10:41:58,977 INFO o.a.j.t.JMeterThread: Thread started: setUp Thread Group 1-10
2025-02-27 10:41:59,474 INFO o.a.j.t.JMeterThread: Thread started: setUp Thread Group 1-11
2025-02-27 10:41:59,976 INFO o.a.j.t.JMeterThread: Thread started: setUp Thread Group 1-12
2025-02-27 10:42:00,485 INFO o.a.j.t.JMeterThread: Thread started: setUp Thread Group 1-13
2025-02-27 10:42:00,974 INFO o.a.j.t.JMeterThread: Thread started: setUp Thread Group 1-14
2025-02-27 10:42:01,475 INFO o.a.j.t.JMeterThread: Thread started: setUp Thread Group 1-15
2025-02-27 10:42:01,974 INFO o.a.j.t.JMeterThread: Thread started: setUp Thread Group 1-16
2025-02-27 10:42:02,473 INFO o.a.j.t.JMeterThread: Thread started: setUp Thread Group 1-17
2025-02-27 10:42:02,975 INFO o.a.j.t.JMeterThread: Thread started: setUp Thread Group 1-18
2025-02-27 10:42:03,475 INFO o.a.j.t.JMeterThread: Thread started: setUp Thread Group 1-19
2025-02-27 10:42:03,974 INFO o.a.j.t.JMeterThread: Thread started: setUp Thread Group 1-20
2025-02-27 10:42:54,270 INFO o.a.j.t.JMeterThread: Thread finished: setUp Thread Group 1-7
2025-02-27 10:42:54,304 INFO o.a.j.t.JMeterThread: Thread finished: setUp Thread Group 1-6
2025-02-27 10:42:54,395 INFO o.a.j.t.JMeterThread: Thread finished: setUp Thread Group 1-1
2025-02-27 10:42:54,410 INFO o.a.j.t.JMeterThread: Thread finished: setUp Thread Group 1-4
2025-02-27 10:42:54,415 INFO o.a.j.t.JMeterThread: Thread finished: setUp Thread Group 1-3
2025-02-27 10:42:54,439 INFO o.a.j.t.JMeterThread: Thread finished: setUp Thread Group 1-12
2025-02-27 10:42:54,452 INFO o.a.j.t.JMeterThread: Thread finished: setUp Thread Group 1-14
2025-02-27 10:42:54,454 INFO o.a.j.t.JMeterThread: Thread finished: setUp Thread Group 1-10
2025-02-27 10:42:54,481 INFO o.a.j.t.JMeterThread: Thread finished: setUp Thread Group 1-2
2025-02-27 10:42:54,483 INFO o.a.j.t.JMeterThread: Thread finished: setUp Thread Group 1-16
2025-02-27 10:42:54,492 INFO o.a.j.t.JMeterThread: Thread finished: setUp Thread Group 1-11
2025-02-27 10:42:54,494 INFO o.a.j.t.JMeterThread: Thread finished: setUp Thread Group 1-18
2025-02-27 10:42:54,512 INFO o.a.j.t.JMeterThread: Thread finished: setUp Thread Group 1-19
2025-02-27 10:42:54,527 INFO o.a.j.t.JMeterThread: Thread finished: setUp Thread Group 1-20
2025-02-27 10:42:54,527 INFO o.a.j.t.JMeterThread: Thread finished: setUp Thread Group 1-15
2025-02-27 10:42:54,587 INFO o.a.j.t.JMeterThread: Stopping because end time detected by thread: setUp Thread Group 1-13
2025-02-27 10:42:54,587 INFO o.a.j.t.JMeterThread: Thread finished: setUp Thread Group 1-13
2025-02-27 10:42:54,617 INFO o.a.j.t.JMeterThread: Stopping because end time detected by thread: setUp Thread Group 1-17
2025-02-27 10:42:54,617 INFO o.a.j.t.JMeterThread: Thread finished: setUp Thread Group 1-17
2025-02-27 10:42:54,662 INFO o.a.j.t.JMeterThread: Stopping because end time detected by thread: setUp Thread Group 1-5
2025-02-27 10:42:54,676 INFO o.a.j.t.JMeterThread: Thread finished: setUp Thread Group 1-5
2025-02-27 10:42:54,752 INFO o.a.j.t.JMeterThread: Stopping because end time detected by thread: setUp Thread Group 1-8
2025-02-27 10:42:54,752 INFO o.a.j.t.JMeterThread: Thread finished: setUp Thread Group 1-8
2025-02-27 10:42:54,932 INFO o.a.j.t.JMeterThread: Stopping because end time detected by thread: setUp Thread Group 1-9
2025-02-27 10:42:54,932 INFO o.a.j.t.JMeterThread: Thread finished: setUp Thread Group 1-9
2025-02-27 10:42:54,932 INFO o.a.j.e.StandardJMeterEngine: All Setup Threads have ended
2025-02-27 10:42:54,985 INFO o.a.j.e.StandardJMeterEngine: Starting ThreadGroup: 1 : Thread-Gruppe
2025-02-27 10:42:54,985 INFO o.a.j.e.StandardJMeterEngine: Starting 75 threads for group Thread-Gruppe.
2025-02-27 10:42:54,985 INFO o.a.j.e.StandardJMeterEngine: Thread will continue on error
2025-02-27 10:42:54,985 INFO o.a.j.t.ThreadGroup: Starting thread group... number=1 threads=75 ramp-up=10 delayedStart=false
2025-02-27 10:42:54,985 INFO o.a.j.t.JMeterThread: Thread started: Thread-Gruppe 1-1
2025-02-27 10:42:55,086 INFO o.a.j.t.ThreadGroup: Started thread group number 1
2025-02-27 10:42:55,086 INFO o.a.j.e.StandardJMeterEngine: Starting ThreadGroup: 2 : Thread-Gruppe
2025-02-27 10:42:55,086 INFO o.a.j.e.StandardJMeterEngine: Starting 20 threads for group Thread-Gruppe.
2025-02-27 10:42:55,086 INFO o.a.j.e.StandardJMeterEngine: Thread will continue on error
2025-02-27 10:42:55,086 INFO o.a.j.t.ThreadGroup: Starting thread group... number=2 threads=20 ramp-up=10 delayedStart=false
2025-02-27 10:42:55,088 INFO o.a.j.t.JMeterThread: Thread started: Thread-Gruppe 2-1
2025-02-27 10:42:55,117 INFO o.a.j.t.ThreadGroup: Started thread group number 2
2025-02-27 10:42:55,117 INFO o.a.j.e.StandardJMeterEngine: Starting ThreadGroup: 3 : Thread-Gruppe
2025-02-27 10:42:55,117 INFO o.a.j.e.StandardJMeterEngine: Starting 5 threads for group Thread-Gruppe.
2025-02-27 10:42:55,117 INFO o.a.j.e.StandardJMeterEngine: Thread will continue on error
2025-02-27 10:42:55,117 INFO o.a.j.t.ThreadGroup: Starting thread group... number=3 threads=5 ramp-up=10 delayedStart=false
2025-02-27 10:42:55,120 INFO o.a.j.t.JMeterThread: Thread started: Thread-Gruppe 3-1
2025-02-27 10:42:55,123 INFO o.a.j.t.ThreadGroup: Started thread group number 3
2025-02-27 10:42:55,123 INFO o.a.j.e.StandardJMeterEngine: All thread groups have been started
2025-02-27 10:42:55,129 INFO o.a.j.t.JMeterThread: Thread started: Thread-Gruppe 1-2
2025-02-27 10:42:55,263 INFO o.a.j.t.JMeterThread: Thread started: Thread-Gruppe 1-3
2025-02-27 10:42:55,396 INFO o.a.j.t.JMeterThread: Thread started: Thread-Gruppe 1-4
2025-02-27 10:42:55,520 INFO o.a.j.t.JMeterThread: Thread started: Thread-Gruppe 1-5
2025-02-27 10:42:55,588 INFO o.a.j.t.JMeterThread: Thread started: Thread-Gruppe 2-2
2025-02-27 10:42:55,653 INFO o.a.j.t.JMeterThread: Thread started: Thread-Gruppe 1-6
2025-02-27 10:42:55,788 INFO o.a.j.t.JMeterThread: Thread started: Thread-Gruppe 1-7
2025-02-27 10:42:55,920 INFO o.a.j.t.JMeterThread: Thread started: Thread-Gruppe 1-8
2025-02-27 10:42:56,052 INFO o.a.j.t.JMeterThread: Thread started: Thread-Gruppe 1-9
2025-02-27 10:42:56,089 INFO o.a.j.t.JMeterThread: Thread started: Thread-Gruppe 2-3
2025-02-27 10:42:56,186 INFO o.a.j.t.JMeterThread: Thread started: Thread-Gruppe 1-10
2025-02-27 10:42:56,318 INFO o.a.j.t.JMeterThread: Thread started: Thread-Gruppe 1-11
2025-02-27 10:42:56,452 INFO o.a.j.t.JMeterThread: Thread started: Thread-Gruppe 1-12
2025-02-27 10:42:56,584 INFO o.a.j.t.JMeterThread: Thread started: Thread-Gruppe 1-13
2025-02-27 10:42:56,589 INFO o.a.j.t.JMeterThread: Thread started: Thread-Gruppe 2-4
2025-02-27 10:42:56,718 INFO o.a.j.t.JMeterThread: Thread started: Thread-Gruppe 1-14
2025-02-27 10:42:56,850 INFO o.a.j.t.JMeterThread: Thread started: Thread-Gruppe 1-15
2025-02-27 10:42:56,983 INFO o.a.j.t.JMeterThread: Thread started: Thread-Gruppe 1-16
2025-02-27 10:42:57,089 INFO o.a.j.t.JMeterThread: Thread started: Thread-Gruppe 2-5
2025-02-27 10:42:57,116 INFO o.a.j.t.JMeterThread: Thread started: Thread-Gruppe 1-17
2025-02-27 10:42:57,121 INFO o.a.j.t.JMeterThread: Thread started: Thread-Gruppe 3-2
2025-02-27 10:42:57,248 INFO o.a.j.t.JMeterThread: Thread started: Thread-Gruppe 1-18
2025-02-27 10:42:57,382 INFO o.a.j.t.JMeterThread: Thread started: Thread-Gruppe 1-19
2025-02-27 10:42:57,515 INFO o.a.j.t.JMeterThread: Thread started: Thread-Gruppe 1-20
2025-02-27 10:42:57,589 INFO o.a.j.t.JMeterThread: Thread started: Thread-Gruppe 2-6
2025-02-27 10:42:57,647 INFO o.a.j.t.JMeterThread: Thread started: Thread-Gruppe 1-21
2025-02-27 10:42:57,780 INFO o.a.j.t.JMeterThread: Thread started: Thread-Gruppe 1-22
2025-02-27 10:42:57,913 INFO o.a.j.t.JMeterThread: Thread started: Thread-Gruppe 1-23
2025-02-27 10:42:58,046 INFO o.a.j.t.JMeterThread: Thread started: Thread-Gruppe 1-24
2025-02-27 10:42:58,089 INFO o.a.j.t.JMeterThread: Thread started: Thread-Gruppe 2-7
2025-02-27 10:42:58,179 INFO o.a.j.t.JMeterThread: Thread started: Thread-Gruppe 1-25
2025-02-27 10:42:58,313 INFO o.a.j.t.JMeterThread: Thread started: Thread-Gruppe 1-26
2025-02-27 10:42:58,447 INFO o.a.j.t.JMeterThread: Thread started: Thread-Gruppe 1-27
2025-02-27 10:42:58,579 INFO o.a.j.t.JMeterThread: Thread started: Thread-Gruppe 1-28
2025-02-27 10:42:58,588 INFO o.a.j.t.JMeterThread: Thread started: Thread-Gruppe 2-8
2025-02-27 10:42:58,711 INFO o.a.j.t.JMeterThread: Thread started: Thread-Gruppe 1-29
2025-02-27 10:42:58,845 INFO o.a.j.t.JMeterThread: Thread started: Thread-Gruppe 1-30
2025-02-27 10:42:58,978 INFO o.a.j.t.JMeterThread: Thread started: Thread-Gruppe 1-31
2025-02-27 10:42:59,088 INFO o.a.j.t.JMeterThread: Thread started: Thread-Gruppe 2-9
2025-02-27 10:42:59,111 INFO o.a.j.t.JMeterThread: Thread started: Thread-Gruppe 1-32
2025-02-27 10:42:59,120 INFO o.a.j.t.JMeterThread: Thread started: Thread-Gruppe 3-3
2025-02-27 10:42:59,244 INFO o.a.j.t.JMeterThread: Thread started: Thread-Gruppe 1-33
2025-02-27 10:42:59,378 INFO o.a.j.t.JMeterThread: Thread started: Thread-Gruppe 1-34
2025-02-27 10:42:59,509 INFO o.a.j.t.JMeterThread: Thread started: Thread-Gruppe 1-35
2025-02-27 10:42:59,589 INFO o.a.j.t.JMeterThread: Thread started: Thread-Gruppe 2-10
2025-02-27 10:42:59,643 INFO o.a.j.t.JMeterThread: Thread started: Thread-Gruppe 1-36
2025-02-27 10:42:59,775 INFO o.a.j.t.JMeterThread: Thread started: Thread-Gruppe 1-37
2025-02-27 10:42:59,909 INFO o.a.j.t.JMeterThread: Thread started: Thread-Gruppe 1-38
2025-02-27 10:43:00,015 INFO o.a.j.r.Summariser: summary +    115 in 00:01:06 =    1.8/s Avg:   423 Min:   250 Max:   767 Err:     0 (0.00%) Active: 51 Started: 51 Finished: 0
2025-02-27 10:43:00,041 INFO o.a.j.t.JMeterThread: Thread started: Thread-Gruppe 1-39
2025-02-27 10:43:00,089 INFO o.a.j.t.JMeterThread: Thread started: Thread-Gruppe 2-11
2025-02-27 10:43:00,175 INFO o.a.j.t.JMeterThread: Thread started: Thread-Gruppe 1-40
2025-02-27 10:43:00,309 INFO o.a.j.t.JMeterThread: Thread started: Thread-Gruppe 1-41
2025-02-27 10:43:00,443 INFO o.a.j.t.JMeterThread: Thread started: Thread-Gruppe 1-42
2025-02-27 10:43:00,575 INFO o.a.j.t.JMeterThread: Thread started: Thread-Gruppe 1-43
2025-02-27 10:43:00,590 INFO o.a.j.t.JMeterThread: Thread started: Thread-Gruppe 2-12
2025-02-27 10:43:00,708 INFO o.a.j.t.JMeterThread: Thread started: Thread-Gruppe 1-44
2025-02-27 10:43:00,840 INFO o.a.j.t.JMeterThread: Thread started: Thread-Gruppe 1-45
2025-02-27 10:43:00,973 INFO o.a.j.t.JMeterThread: Thread started: Thread-Gruppe 1-46
2025-02-27 10:43:01,089 INFO o.a.j.t.JMeterThread: Thread started: Thread-Gruppe 2-13
2025-02-27 10:43:01,106 INFO o.a.j.t.JMeterThread: Thread started: Thread-Gruppe 1-47
2025-02-27 10:43:01,121 INFO o.a.j.t.JMeterThread: Thread started: Thread-Gruppe 3-4
2025-02-27 10:43:01,239 INFO o.a.j.t.JMeterThread: Thread started: Thread-Gruppe 1-48
2025-02-27 10:43:01,371 INFO o.a.j.t.JMeterThread: Thread started: Thread-Gruppe 1-49
2025-02-27 10:43:01,504 INFO o.a.j.t.JMeterThread: Thread started: Thread-Gruppe 1-50
2025-02-27 10:43:01,589 INFO o.a.j.t.JMeterThread: Thread started: Thread-Gruppe 2-14
2025-02-27 10:43:01,637 INFO o.a.j.t.JMeterThread: Thread started: Thread-Gruppe 1-51
2025-02-27 10:43:01,770 INFO o.a.j.t.JMeterThread: Thread started: Thread-Gruppe 1-52
2025-02-27 10:43:01,904 INFO o.a.j.t.JMeterThread: Thread started: Thread-Gruppe 1-53
2025-02-27 10:43:02,038 INFO o.a.j.t.JMeterThread: Thread started: Thread-Gruppe 1-54
2025-02-27 10:43:02,089 INFO o.a.j.t.JMeterThread: Thread started: Thread-Gruppe 2-15
2025-02-27 10:43:02,170 INFO o.a.j.t.JMeterThread: Thread started: Thread-Gruppe 1-55
2025-02-27 10:43:02,303 INFO o.a.j.t.JMeterThread: Thread started: Thread-Gruppe 1-56
2025-02-27 10:43:02,436 INFO o.a.j.t.JMeterThread: Thread started: Thread-Gruppe 1-57
2025-02-27 10:43:02,569 INFO o.a.j.t.JMeterThread: Thread started: Thread-Gruppe 1-58
2025-02-27 10:43:02,590 INFO o.a.j.t.JMeterThread: Thread started: Thread-Gruppe 2-16
2025-02-27 10:43:02,702 INFO o.a.j.t.JMeterThread: Thread started: Thread-Gruppe 1-59
2025-02-27 10:43:02,834 INFO o.a.j.t.JMeterThread: Thread started: Thread-Gruppe 1-60
2025-02-27 10:43:02,967 INFO o.a.j.t.JMeterThread: Thread started: Thread-Gruppe 1-61
2025-02-27 10:43:03,089 INFO o.a.j.t.JMeterThread: Thread started: Thread-Gruppe 2-17
2025-02-27 10:43:03,100 INFO o.a.j.t.JMeterThread: Thread started: Thread-Gruppe 1-62
2025-02-27 10:43:03,120 INFO o.a.j.t.JMeterThread: Thread started: Thread-Gruppe 3-5
2025-02-27 10:43:03,233 INFO o.a.j.t.JMeterThread: Thread started: Thread-Gruppe 1-63
2025-02-27 10:43:03,367 INFO o.a.j.t.JMeterThread: Thread started: Thread-Gruppe 1-64
2025-02-27 10:43:03,500 INFO o.a.j.t.JMeterThread: Thread started: Thread-Gruppe 1-65
2025-02-27 10:43:03,590 INFO o.a.j.t.JMeterThread: Thread started: Thread-Gruppe 2-18
2025-02-27 10:43:03,633 INFO o.a.j.t.JMeterThread: Thread started: Thread-Gruppe 1-66
2025-02-27 10:43:03,766 INFO o.a.j.t.JMeterThread: Thread started: Thread-Gruppe 1-67
2025-02-27 10:43:03,899 INFO o.a.j.t.JMeterThread: Thread started: Thread-Gruppe 1-68
2025-02-27 10:43:04,033 INFO o.a.j.t.JMeterThread: Thread started: Thread-Gruppe 1-69
2025-02-27 10:43:04,089 INFO o.a.j.t.JMeterThread: Thread started: Thread-Gruppe 2-19
2025-02-27 10:43:04,165 INFO o.a.j.t.JMeterThread: Thread started: Thread-Gruppe 1-70
2025-02-27 10:43:04,297 INFO o.a.j.t.JMeterThread: Thread started: Thread-Gruppe 1-71
2025-02-27 10:43:04,431 INFO o.a.j.t.JMeterThread: Thread started: Thread-Gruppe 1-72
2025-02-27 10:43:04,565 INFO o.a.j.t.JMeterThread: Thread started: Thread-Gruppe 1-73
2025-02-27 10:43:04,590 INFO o.a.j.t.JMeterThread: Thread started: Thread-Gruppe 2-20
2025-02-27 10:43:04,695 INFO o.a.j.t.JMeterThread: Thread started: Thread-Gruppe 1-74
2025-02-27 10:43:04,830 INFO o.a.j.t.JMeterThread: Thread started: Thread-Gruppe 1-75
2025-02-27 10:43:30,011 INFO o.a.j.r.Summariser: summary +   2215 in 00:00:30 =   73.8/s Avg:   337 Min:   244 Max:   809 Err:     0 (0.00%) Active: 100 Started: 100 Finished: 0
2025-02-27 10:43:30,011 INFO o.a.j.r.Summariser: summary =   2330 in 00:01:36 =   24.4/s Avg:   341 Min:   244 Max:   809 Err:     0 (0.00%)
2025-02-27 10:44:00,013 INFO o.a.j.r.Summariser: summary +   2289 in 00:00:30 =   76.3/s Avg:   338 Min:   245 Max:  1011 Err:     0 (0.00%) Active: 100 Started: 100 Finished: 0
2025-02-27 10:44:00,014 INFO o.a.j.r.Summariser: summary =   4619 in 00:02:06 =   36.8/s Avg:   339 Min:   244 Max:  1011 Err:     0 (0.00%)
2025-02-27 10:44:30,010 INFO o.a.j.r.Summariser: summary +   2290 in 00:00:30 =   76.3/s Avg:   335 Min:   249 Max:  1030 Err:     0 (0.00%) Active: 100 Started: 100 Finished: 0
2025-02-27 10:44:30,013 INFO o.a.j.r.Summariser: summary =   6909 in 00:02:36 =   44.4/s Avg:   338 Min:   244 Max:  1030 Err:     0 (0.00%)
2025-02-27 10:45:00,020 INFO o.a.j.r.Summariser: summary +   2290 in 00:00:30 =   76.3/s Avg:   328 Min:   249 Max:  1015 Err:     0 (0.00%) Active: 100 Started: 100 Finished: 0
2025-02-27 10:45:00,022 INFO o.a.j.r.Summariser: summary =   9199 in 00:03:06 =   49.6/s Avg:   335 Min:   244 Max:  1030 Err:     0 (0.00%)
2025-02-27 10:45:30,005 INFO o.a.j.r.Summariser: summary +   2282 in 00:00:30 =   76.1/s Avg:   348 Min:   244 Max:  1069 Err:     0 (0.00%) Active: 100 Started: 100 Finished: 0
2025-02-27 10:45:30,008 INFO o.a.j.r.Summariser: summary =  11481 in 00:03:36 =   53.3/s Avg:   338 Min:   244 Max:  1069 Err:     0 (0.00%)
2025-02-27 10:46:00,013 INFO o.a.j.r.Summariser: summary +   2285 in 00:00:30 =   76.1/s Avg:   330 Min:   244 Max:  1516 Err:     0 (0.00%) Active: 100 Started: 100 Finished: 0
2025-02-27 10:46:00,014 INFO o.a.j.r.Summariser: summary =  13766 in 00:04:06 =   56.1/s Avg:   337 Min:   244 Max:  1516 Err:     0 (0.00%)
2025-02-27 10:46:30,044 INFO o.a.j.r.Summariser: summary +   2248 in 00:00:30 =   74.9/s Avg:   396 Min:   249 Max:  3139 Err:     0 (0.00%) Active: 100 Started: 100 Finished: 0
2025-02-27 10:46:30,044 INFO o.a.j.r.Summariser: summary =  16014 in 00:04:36 =   58.1/s Avg:   345 Min:   244 Max:  3139 Err:     0 (0.00%)
2025-02-27 10:47:00,031 INFO o.a.j.r.Summariser: summary +   2254 in 00:00:30 =   75.2/s Avg:   371 Min:   250 Max:  2934 Err:     0 (0.00%) Active: 100 Started: 100 Finished: 0
2025-02-27 10:47:00,032 INFO o.a.j.r.Summariser: summary =  18268 in 00:05:06 =   59.8/s Avg:   348 Min:   244 Max:  3139 Err:     0 (0.00%)
2025-02-27 10:47:30,021 INFO o.a.j.r.Summariser: summary +   2289 in 00:00:30 =   76.3/s Avg:   357 Min:   241 Max:  2035 Err:     0 (0.00%) Active: 100 Started: 100 Finished: 0
2025-02-27 10:47:30,023 INFO o.a.j.r.Summariser: summary =  20557 in 00:05:36 =   61.3/s Avg:   349 Min:   241 Max:  3139 Err:     0 (0.00%)
2025-02-27 10:48:00,017 INFO o.a.j.r.Summariser: summary +   2290 in 00:00:30 =   76.3/s Avg:   322 Min:   242 Max:   842 Err:     0 (0.00%) Active: 100 Started: 100 Finished: 0
2025-02-27 10:48:00,018 INFO o.a.j.r.Summariser: summary =  22847 in 00:06:06 =   62.5/s Avg:   346 Min:   241 Max:  3139 Err:     0 (0.00%)
2025-02-27 10:48:30,000 INFO o.a.j.r.Summariser: summary +   2284 in 00:00:30 =   76.2/s Avg:   342 Min:   242 Max:  1066 Err:     0 (0.00%) Active: 100 Started: 100 Finished: 0
2025-02-27 10:48:30,001 INFO o.a.j.r.Summariser: summary =  25131 in 00:06:36 =   63.5/s Avg:   346 Min:   241 Max:  3139 Err:     0 (0.00%)
2025-02-27 10:49:00,016 INFO o.a.j.r.Summariser: summary +   2295 in 00:00:30 =   76.5/s Avg:   323 Min:   241 Max:   830 Err:     0 (0.00%) Active: 100 Started: 100 Finished: 0
2025-02-27 10:49:00,017 INFO o.a.j.r.Summariser: summary =  27426 in 00:07:06 =   64.4/s Avg:   344 Min:   241 Max:  3139 Err:     0 (0.00%)
2025-02-27 10:49:30,006 INFO o.a.j.r.Summariser: summary +   2291 in 00:00:30 =   76.4/s Avg:   349 Min:   242 Max:  1064 Err:     0 (0.00%) Active: 100 Started: 100 Finished: 0
2025-02-27 10:49:30,007 INFO o.a.j.r.Summariser: summary =  29717 in 00:07:36 =   65.2/s Avg:   344 Min:   241 Max:  3139 Err:     0 (0.00%)
2025-02-27 10:50:00,008 INFO o.a.j.r.Summariser: summary +   2288 in 00:00:30 =   76.3/s Avg:   328 Min:   241 Max:   879 Err:     0 (0.00%) Active: 100 Started: 100 Finished: 0
2025-02-27 10:50:00,009 INFO o.a.j.r.Summariser: summary =  32005 in 00:08:06 =   65.9/s Avg:   343 Min:   241 Max:  3139 Err:     0 (0.00%)
2025-02-27 10:50:30,002 INFO o.a.j.r.Summariser: summary +   2291 in 00:00:30 =   76.4/s Avg:   350 Min:   242 Max:  1059 Err:     0 (0.00%) Active: 100 Started: 100 Finished: 0
2025-02-27 10:50:30,004 INFO o.a.j.r.Summariser: summary =  34296 in 00:08:36 =   66.5/s Avg:   344 Min:   241 Max:  3139 Err:     0 (0.00%)
2025-02-27 10:51:00,009 INFO o.a.j.r.Summariser: summary +   2291 in 00:00:30 =   76.3/s Avg:   310 Min:   242 Max:  1008 Err:     0 (0.00%) Active: 100 Started: 100 Finished: 0
2025-02-27 10:51:00,010 INFO o.a.j.r.Summariser: summary =  36587 in 00:09:06 =   67.1/s Avg:   342 Min:   241 Max:  3139 Err:     0 (0.00%)
2025-02-27 10:51:30,019 INFO o.a.j.r.Summariser: summary +   2297 in 00:00:30 =   76.5/s Avg:   346 Min:   241 Max:  1023 Err:     0 (0.00%) Active: 100 Started: 100 Finished: 0
2025-02-27 10:51:30,021 INFO o.a.j.r.Summariser: summary =  38884 in 00:09:36 =   67.6/s Avg:   342 Min:   241 Max:  3139 Err:     0 (0.00%)
2025-02-27 10:52:00,009 INFO o.a.j.r.Summariser: summary +   2286 in 00:00:30 =   76.2/s Avg:   325 Min:   241 Max:   838 Err:     0 (0.00%) Active: 100 Started: 100 Finished: 0
2025-02-27 10:52:00,010 INFO o.a.j.r.Summariser: summary =  41170 in 00:10:06 =   68.0/s Avg:   341 Min:   241 Max:  3139 Err:     0 (0.00%)
2025-02-27 10:52:30,006 INFO o.a.j.r.Summariser: summary +   2289 in 00:00:30 =   76.3/s Avg:   357 Min:   242 Max:  1246 Err:     0 (0.00%) Active: 100 Started: 100 Finished: 0
2025-02-27 10:52:30,007 INFO o.a.j.r.Summariser: summary =  43459 in 00:10:36 =   68.4/s Avg:   342 Min:   241 Max:  3139 Err:     0 (0.00%)
2025-02-27 10:52:53,295 INFO o.a.j.t.JMeterThread: Thread finished: Thread-Gruppe 1-1
2025-02-27 10:52:53,352 INFO o.a.j.t.JMeterThread: Thread finished: Thread-Gruppe 1-62
2025-02-27 10:52:53,357 INFO o.a.j.t.JMeterThread: Thread finished: Thread-Gruppe 1-47
2025-02-27 10:52:53,371 INFO o.a.j.t.JMeterThread: Thread finished: Thread-Gruppe 1-17
2025-02-27 10:52:53,380 INFO o.a.j.t.JMeterThread: Thread finished: Thread-Gruppe 1-2
2025-02-27 10:52:53,488 INFO o.a.j.t.JMeterThread: Thread finished: Thread-Gruppe 1-63
2025-02-27 10:52:53,493 INFO o.a.j.t.JMeterThread: Thread finished: Thread-Gruppe 1-48
2025-02-27 10:52:53,502 INFO o.a.j.t.JMeterThread: Thread finished: Thread-Gruppe 1-18
2025-02-27 10:52:53,517 INFO o.a.j.t.JMeterThread: Thread finished: Thread-Gruppe 1-3
2025-02-27 10:52:53,626 INFO o.a.j.t.JMeterThread: Thread finished: Thread-Gruppe 1-64
2025-02-27 10:52:53,630 INFO o.a.j.t.JMeterThread: Thread finished: Thread-Gruppe 1-49
2025-02-27 10:52:53,649 INFO o.a.j.t.JMeterThread: Thread finished: Thread-Gruppe 1-19
2025-02-27 10:52:53,674 INFO o.a.j.t.JMeterThread: Thread finished: Thread-Gruppe 1-4
2025-02-27 10:52:53,786 INFO o.a.j.t.JMeterThread: Thread finished: Thread-Gruppe 1-65
2025-02-27 10:52:53,790 INFO o.a.j.t.JMeterThread: Thread finished: Thread-Gruppe 1-50
2025-02-27 10:52:53,796 INFO o.a.j.t.JMeterThread: Thread finished: Thread-Gruppe 1-20
2025-02-27 10:52:53,877 INFO o.a.j.t.JMeterThread: Thread finished: Thread-Gruppe 1-32
2025-02-27 10:52:53,891 INFO o.a.j.t.JMeterThread: Thread finished: Thread-Gruppe 1-66
2025-02-27 10:52:53,899 INFO o.a.j.t.JMeterThread: Thread finished: Thread-Gruppe 1-51
2025-02-27 10:52:53,901 INFO o.a.j.t.JMeterThread: Thread finished: Thread-Gruppe 1-21
2025-02-27 10:52:53,907 INFO o.a.j.t.JMeterThread: Thread finished: Thread-Gruppe 1-6
2025-02-27 10:52:54,012 INFO o.a.j.t.JMeterThread: Thread finished: Thread-Gruppe 1-67
2025-02-27 10:52:54,021 INFO o.a.j.t.JMeterThread: Thread finished: Thread-Gruppe 1-52
2025-02-27 10:52:54,035 INFO o.a.j.t.JMeterThread: Thread finished: Thread-Gruppe 1-33
2025-02-27 10:52:54,035 INFO o.a.j.t.JMeterThread: Thread finished: Thread-Gruppe 1-22
2025-02-27 10:52:54,144 INFO o.a.j.t.JMeterThread: Thread finished: Thread-Gruppe 1-34
2025-02-27 10:52:54,150 INFO o.a.j.t.JMeterThread: Thread finished: Thread-Gruppe 1-68
2025-02-27 10:52:54,157 INFO o.a.j.t.JMeterThread: Thread finished: Thread-Gruppe 1-53
2025-02-27 10:52:54,164 INFO o.a.j.t.JMeterThread: Thread finished: Thread-Gruppe 1-23
2025-02-27 10:52:54,166 INFO o.a.j.t.JMeterThread: Thread finished: Thread-Gruppe 1-7
2025-02-27 10:52:54,174 INFO o.a.j.t.JMeterThread: Thread finished: Thread-Gruppe 1-8
2025-02-27 10:52:54,243 INFO o.a.j.t.JMeterThread: Thread finished: Thread-Gruppe 1-5
2025-02-27 10:52:54,286 INFO o.a.j.t.JMeterThread: Thread finished: Thread-Gruppe 1-69
2025-02-27 10:52:54,292 INFO o.a.j.t.JMeterThread: Thread finished: Thread-Gruppe 1-54
2025-02-27 10:52:54,295 INFO o.a.j.t.JMeterThread: Thread finished: Thread-Gruppe 1-35
2025-02-27 10:52:54,299 INFO o.a.j.t.JMeterThread: Thread finished: Thread-Gruppe 1-24
2025-02-27 10:52:54,303 INFO o.a.j.t.JMeterThread: Thread finished: Thread-Gruppe 1-9
2025-02-27 10:52:54,399 INFO o.a.j.t.JMeterThread: Thread finished: Thread-Gruppe 1-36
2025-02-27 10:52:54,417 INFO o.a.j.t.JMeterThread: Thread finished: Thread-Gruppe 1-70
2025-02-27 10:52:54,421 INFO o.a.j.t.JMeterThread: Thread finished: Thread-Gruppe 1-55
2025-02-27 10:52:54,430 INFO o.a.j.t.JMeterThread: Thread finished: Thread-Gruppe 1-25
2025-02-27 10:52:54,441 INFO o.a.j.t.JMeterThread: Thread finished: Thread-Gruppe 1-10
2025-02-27 10:52:54,531 INFO o.a.j.t.JMeterThread: Thread finished: Thread-Gruppe 1-37
2025-02-27 10:52:54,548 INFO o.a.j.t.JMeterThread: Thread finished: Thread-Gruppe 1-71
2025-02-27 10:52:54,553 INFO o.a.j.t.JMeterThread: Thread finished: Thread-Gruppe 1-56
2025-02-27 10:52:54,564 INFO o.a.j.t.JMeterThread: Thread finished: Thread-Gruppe 1-26
2025-02-27 10:52:54,570 INFO o.a.j.t.JMeterThread: Thread finished: Thread-Gruppe 1-11
2025-02-27 10:52:54,668 INFO o.a.j.t.JMeterThread: Thread finished: Thread-Gruppe 1-38
2025-02-27 10:52:54,684 INFO o.a.j.t.JMeterThread: Thread finished: Thread-Gruppe 1-72
2025-02-27 10:52:54,685 INFO o.a.j.t.JMeterThread: Thread finished: Thread-Gruppe 2-12
2025-02-27 10:52:54,688 INFO o.a.j.t.JMeterThread: Thread finished: Thread-Gruppe 1-57
2025-02-27 10:52:54,699 INFO o.a.j.t.JMeterThread: Thread finished: Thread-Gruppe 1-27
2025-02-27 10:52:54,702 INFO o.a.j.t.JMeterThread: Thread finished: Thread-Gruppe 1-12
2025-02-27 10:52:54,797 INFO o.a.j.t.JMeterThread: Thread finished: Thread-Gruppe 1-39
2025-02-27 10:52:54,816 INFO o.a.j.t.JMeterThread: Thread finished: Thread-Gruppe 1-73
2025-02-27 10:52:54,821 INFO o.a.j.t.JMeterThread: Thread finished: Thread-Gruppe 1-58
2025-02-27 10:52:54,831 INFO o.a.j.t.JMeterThread: Thread finished: Thread-Gruppe 1-28
2025-02-27 10:52:54,838 INFO o.a.j.t.JMeterThread: Thread finished: Thread-Gruppe 1-13
2025-02-27 10:52:54,854 INFO o.a.j.t.JMeterThread: Thread finished: Thread-Gruppe 2-9
2025-02-27 10:52:54,929 INFO o.a.j.t.JMeterThread: Thread finished: Thread-Gruppe 1-40
2025-02-27 10:52:54,951 INFO o.a.j.t.JMeterThread: Thread finished: Thread-Gruppe 1-74
2025-02-27 10:52:54,955 INFO o.a.j.t.JMeterThread: Thread finished: Thread-Gruppe 1-59
2025-02-27 10:52:54,962 INFO o.a.j.t.JMeterThread: Thread finished: Thread-Gruppe 1-29
2025-02-27 10:52:54,973 INFO o.a.j.t.JMeterThread: Thread finished: Thread-Gruppe 1-14
2025-02-27 10:52:54,984 INFO o.a.j.t.JMeterThread: Thread finished: Thread-Gruppe 2-16
2025-02-27 10:52:54,984 INFO o.a.j.t.JMeterThread: Thread finished: Thread-Gruppe 2-2
2025-02-27 10:52:54,985 INFO o.a.j.t.JMeterThread: Thread finished: Thread-Gruppe 2-19
2025-02-27 10:52:55,023 INFO o.a.j.t.JMeterThread: Thread finished: Thread-Gruppe 2-7
2025-02-27 10:52:55,023 INFO o.a.j.t.JMeterThread: Thread finished: Thread-Gruppe 2-10
2025-02-27 10:52:55,024 INFO o.a.j.t.JMeterThread: Thread finished: Thread-Gruppe 2-13
2025-02-27 10:52:55,030 INFO o.a.j.t.JMeterThread: Thread finished: Thread-Gruppe 2-17
2025-02-27 10:52:55,043 INFO o.a.j.t.JMeterThread: Thread finished: Thread-Gruppe 2-3
2025-02-27 10:52:55,063 INFO o.a.j.t.JMeterThread: Stopping because end time detected by thread: Thread-Gruppe 1-41
2025-02-27 10:52:55,063 INFO o.a.j.t.JMeterThread: Thread finished: Thread-Gruppe 1-41
2025-02-27 10:52:55,081 INFO o.a.j.t.JMeterThread: Thread finished: Thread-Gruppe 1-75
2025-02-27 10:52:55,086 INFO o.a.j.t.JMeterThread: Stopping because end time detected by thread: Thread-Gruppe 1-60
2025-02-27 10:52:55,086 INFO o.a.j.t.JMeterThread: Thread finished: Thread-Gruppe 1-60
2025-02-27 10:52:55,095 INFO o.a.j.t.JMeterThread: Stopping because end time detected by thread: Thread-Gruppe 2-1
2025-02-27 10:52:55,096 INFO o.a.j.t.JMeterThread: Thread finished: Thread-Gruppe 2-1
2025-02-27 10:52:55,097 INFO o.a.j.t.JMeterThread: Stopping because end time detected by thread: Thread-Gruppe 1-30
2025-02-27 10:52:55,097 INFO o.a.j.t.JMeterThread: Thread finished: Thread-Gruppe 1-30
2025-02-27 10:52:55,098 INFO o.a.j.t.JMeterThread: Thread finished: Thread-Gruppe 3-5
2025-02-27 10:52:55,098 INFO o.a.j.t.JMeterThread: Stopping because end time detected by thread: Thread-Gruppe 1-15
2025-02-27 10:52:55,098 INFO o.a.j.t.JMeterThread: Thread finished: Thread-Gruppe 1-15
2025-02-27 10:52:55,098 INFO o.a.j.t.JMeterThread: Stopping because end time detected by thread: Thread-Gruppe 2-5
2025-02-27 10:52:55,098 INFO o.a.j.t.JMeterThread: Thread finished: Thread-Gruppe 2-5
2025-02-27 10:52:55,122 INFO o.a.j.t.JMeterThread: Stopping because end time detected by thread: Thread-Gruppe 3-3
2025-02-27 10:52:55,122 INFO o.a.j.t.JMeterThread: Thread finished: Thread-Gruppe 3-3
2025-02-27 10:52:55,186 INFO o.a.j.t.JMeterThread: Stopping because end time detected by thread: Thread-Gruppe 2-8
2025-02-27 10:52:55,186 INFO o.a.j.t.JMeterThread: Thread finished: Thread-Gruppe 2-8
2025-02-27 10:52:55,186 INFO o.a.j.t.JMeterThread: Stopping because end time detected by thread: Thread-Gruppe 1-42
2025-02-27 10:52:55,186 INFO o.a.j.t.JMeterThread: Thread finished: Thread-Gruppe 1-42
2025-02-27 10:52:55,201 INFO o.a.j.t.JMeterThread: Stopping because end time detected by thread: Thread-Gruppe 2-6
2025-02-27 10:52:55,201 INFO o.a.j.t.JMeterThread: Thread finished: Thread-Gruppe 2-6
2025-02-27 10:52:55,216 INFO o.a.j.t.JMeterThread: Stopping because end time detected by thread: Thread-Gruppe 1-61
2025-02-27 10:52:55,216 INFO o.a.j.t.JMeterThread: Stopping because end time detected by thread: Thread-Gruppe 3-2
2025-02-27 10:52:55,216 INFO o.a.j.t.JMeterThread: Thread finished: Thread-Gruppe 3-2
2025-02-27 10:52:55,216 INFO o.a.j.t.JMeterThread: Thread finished: Thread-Gruppe 1-61
2025-02-27 10:52:55,231 INFO o.a.j.t.JMeterThread: Stopping because end time detected by thread: Thread-Gruppe 1-31
2025-02-27 10:52:55,231 INFO o.a.j.t.JMeterThread: Stopping because end time detected by thread: Thread-Gruppe 1-16
2025-02-27 10:52:55,231 INFO o.a.j.t.JMeterThread: Thread finished: Thread-Gruppe 1-31
2025-02-27 10:52:55,231 INFO o.a.j.t.JMeterThread: Thread finished: Thread-Gruppe 1-16
2025-02-27 10:52:55,246 INFO o.a.j.t.JMeterThread: Stopping because end time detected by thread: Thread-Gruppe 2-18
2025-02-27 10:52:55,246 INFO o.a.j.t.JMeterThread: Thread finished: Thread-Gruppe 2-18
2025-02-27 10:52:55,246 INFO o.a.j.t.JMeterThread: Stopping because end time detected by thread: Thread-Gruppe 2-4
2025-02-27 10:52:55,246 INFO o.a.j.t.JMeterThread: Thread finished: Thread-Gruppe 2-4
2025-02-27 10:52:55,276 INFO o.a.j.t.JMeterThread: Stopping because end time detected by thread: Thread-Gruppe 2-20
2025-02-27 10:52:55,276 INFO o.a.j.t.JMeterThread: Thread finished: Thread-Gruppe 2-20
2025-02-27 10:52:55,291 INFO o.a.j.t.JMeterThread: Stopping because end time detected by thread: Thread-Gruppe 2-15
2025-02-27 10:52:55,291 INFO o.a.j.t.JMeterThread: Thread finished: Thread-Gruppe 2-15
2025-02-27 10:52:55,314 INFO o.a.j.t.JMeterThread: Stopping because end time detected by thread: Thread-Gruppe 3-4
2025-02-27 10:52:55,314 INFO o.a.j.t.JMeterThread: Thread finished: Thread-Gruppe 3-4
2025-02-27 10:52:55,314 INFO o.a.j.t.JMeterThread: Stopping because end time detected by thread: Thread-Gruppe 1-43
2025-02-27 10:52:55,314 INFO o.a.j.t.JMeterThread: Thread finished: Thread-Gruppe 1-43
2025-02-27 10:52:55,375 INFO o.a.j.t.JMeterThread: Stopping because end time detected by thread: Thread-Gruppe 2-14
2025-02-27 10:52:55,375 INFO o.a.j.t.JMeterThread: Stopping because end time detected by thread: Thread-Gruppe 3-1
2025-02-27 10:52:55,375 INFO o.a.j.t.JMeterThread: Thread finished: Thread-Gruppe 2-14
2025-02-27 10:52:55,375 INFO o.a.j.t.JMeterThread: Thread finished: Thread-Gruppe 3-1
2025-02-27 10:52:55,465 INFO o.a.j.t.JMeterThread: Stopping because end time detected by thread: Thread-Gruppe 1-44
2025-02-27 10:52:55,465 INFO o.a.j.t.JMeterThread: Thread finished: Thread-Gruppe 1-44
2025-02-27 10:52:55,633 INFO o.a.j.t.JMeterThread: Stopping because end time detected by thread: Thread-Gruppe 1-45
2025-02-27 10:52:55,633 INFO o.a.j.t.JMeterThread: Thread finished: Thread-Gruppe 1-45
2025-02-27 10:52:55,648 INFO o.a.j.t.JMeterThread: Stopping because end time detected by thread: Thread-Gruppe 2-11
2025-02-27 10:52:55,648 INFO o.a.j.t.JMeterThread: Thread finished: Thread-Gruppe 2-11
2025-02-27 10:52:55,771 INFO o.a.j.t.JMeterThread: Stopping because end time detected by thread: Thread-Gruppe 1-46
2025-02-27 10:52:55,771 INFO o.a.j.t.JMeterThread: Thread finished: Thread-Gruppe 1-46
2025-02-27 10:52:55,771 INFO o.a.j.e.StandardJMeterEngine: Notifying test listeners of end of test
2025-02-27 10:52:55,786 INFO o.a.j.r.Summariser: summary +   1939 in 00:00:26 =   75.2/s Avg:   329 Min:   241 Max:   840 Err:     0 (0.00%) Active: 0 Started: 100 Finished: 100
2025-02-27 10:52:55,786 INFO o.a.j.r.Summariser: summary =  45398 in 00:11:01 =   68.6/s Avg:   341 Min:   241 Max:  3139 Err:     0 (0.00%)
