2025-02-27 10:19:38,395 INFO o.a.j.u.JMeterUtils: Setting Locale to en_EN
2025-02-27 10:19:38,425 INFO o.a.j.JMeter: Loading user properties from: D:\Semester 7\CS4203 - Research and Development Project\Artifacts\apache-jmeter-5.6.3\bin\user.properties
2025-02-27 10:19:38,425 INFO o.a.j.JMeter: Loading system properties from: D:\Semester 7\CS4203 - Research and Development Project\Artifacts\apache-jmeter-5.6.3\bin\system.properties
2025-02-27 10:19:38,425 INFO o.a.j.JMeter: Setting JMeter property: lb_1_hostname=34.67.126.244
2025-02-27 10:19:38,425 INFO o.a.j.JMeter: Setting JMeter property: lb_2_hostname=35.232.62.106
2025-02-27 10:19:38,425 INFO o.a.j.JMeter: Setting JMeter property: lb_1_port=8090
2025-02-27 10:19:38,425 INFO o.a.j.JMeter: Setting JMeter property: lb_2_port=8091
2025-02-27 10:19:38,425 INFO o.a.j.JMeter: Setting JMeter property: warm_up_users=20
2025-02-27 10:19:38,425 INFO o.a.j.JMeter: Setting JMeter property: warm_up_time=60
2025-02-27 10:19:38,425 INFO o.a.j.JMeter: Setting JMeter property: test_run_time=600
2025-02-27 10:19:38,425 INFO o.a.j.JMeter: Setting JMeter property: ramp_up=10
2025-02-27 10:19:38,425 INFO o.a.j.JMeter: Setting JMeter property: group_1=75
2025-02-27 10:19:38,425 INFO o.a.j.JMeter: Setting JMeter property: group_2=20
2025-02-27 10:19:38,425 INFO o.a.j.JMeter: Setting JMeter property: group_3=5
2025-02-27 10:19:38,428 INFO o.a.j.JMeter: Setting JMeter property: group_1_request_rate=30
2025-02-27 10:19:38,428 INFO o.a.j.JMeter: Setting JMeter property: group_2_request_rate=90
2025-02-27 10:19:38,428 INFO o.a.j.JMeter: Setting JMeter property: group_3_request_rate=120
2025-02-27 10:19:38,428 INFO o.a.j.JMeter: Setting JMeter property: log_file=d:\Semester 7\CS4203 - Research and Development Project\Artifacts\rate-limiter-nginx\jmeter\cloud\2025_02_27_09_12_logs\leaky_bucket\redis_script_delay_3000_leak_rate_1.67\warm_up_results.csv
2025-02-27 10:19:38,428 INFO o.a.j.JMeter: Setting JMeter property: algorithm=leaky_bucket_redis_script_delay_3000_leak_rate_1.67
2025-02-27 10:19:38,428 INFO o.a.j.JMeter: Setting JMeter property: auth=/leaky_bucket/redis_script_delay_3000_leak_rate_1.67/tools.descartes.teastore.auth/rest
2025-02-27 10:19:38,428 INFO o.a.j.JMeter: Setting JMeter property: persistence=/leaky_bucket/redis_script_delay_3000_leak_rate_1.67/tools.descartes.teastore.persistence/rest
2025-02-27 10:19:38,428 INFO o.a.j.JMeter: Setting JMeter property: recommender=/leaky_bucket/redis_script_delay_3000_leak_rate_1.67/tools.descartes.teastore.recommender/rest
2025-02-27 10:19:38,428 INFO o.a.j.JMeter: Setting JMeter property: image=/leaky_bucket/redis_script_delay_3000_leak_rate_1.67/tools.descartes.teastore.image/rest
2025-02-27 10:19:38,436 INFO o.a.j.JMeter: Copyright (c) 1998-2024 The Apache Software Foundation
2025-02-27 10:19:38,437 INFO o.a.j.JMeter: Version 5.6.3
2025-02-27 10:19:38,437 INFO o.a.j.JMeter: java.version=11.0.22
2025-02-27 10:19:38,437 INFO o.a.j.JMeter: java.vm.name=Java HotSpot(TM) 64-Bit Server VM
2025-02-27 10:19:38,437 INFO o.a.j.JMeter: os.name=Windows 10
2025-02-27 10:19:38,437 INFO o.a.j.JMeter: os.arch=amd64
2025-02-27 10:19:38,437 INFO o.a.j.JMeter: os.version=10.0
2025-02-27 10:19:38,437 INFO o.a.j.JMeter: file.encoding=Cp1252
2025-02-27 10:19:38,437 INFO o.a.j.JMeter: java.awt.headless=true
2025-02-27 10:19:38,437 INFO o.a.j.JMeter: Max memory     =1073741824
2025-02-27 10:19:38,437 INFO o.a.j.JMeter: Available Processors =12
2025-02-27 10:19:38,456 INFO o.a.j.JMeter: Default Locale=English (EN)
2025-02-27 10:19:38,456 INFO o.a.j.JMeter: JMeter  Locale=English (EN)
2025-02-27 10:19:38,456 INFO o.a.j.JMeter: JMeterHome=D:\Semester 7\CS4203 - Research and Development Project\Artifacts\apache-jmeter-5.6.3
2025-02-27 10:19:38,456 INFO o.a.j.JMeter: user.dir  =D:\Semester 7\CS4203 - Research and Development Project\Artifacts\rate-limiter-nginx
2025-02-27 10:19:38,456 INFO o.a.j.JMeter: PWD       =D:\Semester 7\CS4203 - Research and Development Project\Artifacts\rate-limiter-nginx
2025-02-27 10:19:38,456 INFO o.a.j.JMeter: IP: 10.10.21.101 Name: KOBI-MSI-PC FullName: 10.10.21.101
2025-02-27 10:19:38,471 INFO o.a.j.s.FileServer: Default base='D:\Semester 7\CS4203 - Research and Development Project\Artifacts\rate-limiter-nginx'
2025-02-27 10:19:38,471 INFO o.a.j.s.FileServer: Set new base='d:\Semester 7\CS4203 - Research and Development Project\Artifacts\rate-limiter-nginx\jmeter\cloud'
2025-02-27 10:19:38,701 INFO o.a.j.s.SaveService: Testplan (JMX) version: 2.2. Testlog (JTL) version: 2.2
2025-02-27 10:19:38,731 INFO o.a.j.s.SaveService: Using SaveService properties version 5.0
2025-02-27 10:19:38,731 INFO o.a.j.s.SaveService: Using SaveService properties file encoding UTF-8
2025-02-27 10:19:38,731 INFO o.a.j.s.SaveService: Loading file: d:\Semester 7\CS4203 - Research and Development Project\Artifacts\rate-limiter-nginx\jmeter\cloud\teastore_performance_leaky_bucket.jmx
2025-02-27 10:19:38,791 INFO o.a.j.p.h.c.CookieManager: Settings: Delete null: true Check: true Allow variable: true Save: false Prefix: COOKIE_
2025-02-27 10:19:38,821 INFO o.a.j.p.h.s.HTTPSamplerBase: Parser for text/html is org.apache.jmeter.protocol.http.parser.LagartoBasedHtmlParser
2025-02-27 10:19:38,821 INFO o.a.j.p.h.s.HTTPSamplerBase: Parser for application/xhtml+xml is org.apache.jmeter.protocol.http.parser.LagartoBasedHtmlParser
2025-02-27 10:19:38,821 INFO o.a.j.p.h.s.HTTPSamplerBase: Parser for application/xml is org.apache.jmeter.protocol.http.parser.LagartoBasedHtmlParser
2025-02-27 10:19:38,821 INFO o.a.j.p.h.s.HTTPSamplerBase: Parser for text/xml is org.apache.jmeter.protocol.http.parser.LagartoBasedHtmlParser
2025-02-27 10:19:38,821 INFO o.a.j.p.h.s.HTTPSamplerBase: Parser for text/vnd.wap.wml is org.apache.jmeter.protocol.http.parser.RegexpHTMLParser
2025-02-27 10:19:38,821 INFO o.a.j.p.h.s.HTTPSamplerBase: Parser for text/css is org.apache.jmeter.protocol.http.parser.CssParser
2025-02-27 10:19:39,023 INFO o.a.j.s.SampleResult: Note: Sample TimeStamps are START times
2025-02-27 10:19:39,023 INFO o.a.j.s.SampleResult: sampleresult.default.encoding is set to UTF-8
2025-02-27 10:19:39,023 INFO o.a.j.s.SampleResult: sampleresult.useNanoTime=true
2025-02-27 10:19:39,023 INFO o.a.j.s.SampleResult: sampleresult.nanoThreadSleep=5000
2025-02-27 10:19:39,083 INFO o.a.j.JMeter: Creating summariser <summary>
2025-02-27 10:19:39,113 INFO o.a.j.e.StandardJMeterEngine: Running the test!
2025-02-27 10:19:39,115 INFO o.a.j.s.SampleEvent: List of sample_variables: []
2025-02-27 10:19:39,116 INFO o.a.j.s.SampleEvent: List of sample_variables: []
2025-02-27 10:19:39,129 INFO o.a.j.e.u.CompoundVariable: Note: Function class names must contain the string: '.functions.'
2025-02-27 10:19:39,130 INFO o.a.j.e.u.CompoundVariable: Note: Function class names must not contain the string: '.gui.'
2025-02-27 10:19:39,415 INFO o.a.j.r.ClassFinder: Will scan jar D:\Semester 7\CS4203 - Research and Development Project\Artifacts\apache-jmeter-5.6.3\lib\ext\jmeter-plugins-casutg-2.10.jar with filter ExtendsClassFilter [parents=[interface org.apache.jmeter.functions.Function], inner=false, contains=null, notContains=null]. Consider exposing JMeter plugins via META-INF/services, and add JMeter-Skip-Class-Scanning=true manifest attribute so JMeter can skip classfile scanning
2025-02-27 10:19:39,430 INFO o.a.j.r.ClassFinder: Will scan jar D:\Semester 7\CS4203 - Research and Development Project\Artifacts\apache-jmeter-5.6.3\lib\ext\jmeter-plugins-graphs-additional-2.0.jar with filter ExtendsClassFilter [parents=[interface org.apache.jmeter.functions.Function], inner=false, contains=null, notContains=null]. Consider exposing JMeter plugins via META-INF/services, and add JMeter-Skip-Class-Scanning=true manifest attribute so JMeter can skip classfile scanning
2025-02-27 10:19:39,445 INFO o.a.j.r.ClassFinder: Will scan jar D:\Semester 7\CS4203 - Research and Development Project\Artifacts\apache-jmeter-5.6.3\lib\ext\jmeter-plugins-perfmon-2.1.jar with filter ExtendsClassFilter [parents=[interface org.apache.jmeter.functions.Function], inner=false, contains=null, notContains=null]. Consider exposing JMeter plugins via META-INF/services, and add JMeter-Skip-Class-Scanning=true manifest attribute so JMeter can skip classfile scanning
2025-02-27 10:19:39,445 INFO o.a.j.r.ClassFinder: Will scan jar D:\Semester 7\CS4203 - Research and Development Project\Artifacts\apache-jmeter-5.6.3\lib\ext\json-lib-2.4-jdk15.jar with filter ExtendsClassFilter [parents=[interface org.apache.jmeter.functions.Function], inner=false, contains=null, notContains=null]. Consider exposing JMeter plugins via META-INF/services, and add JMeter-Skip-Class-Scanning=true manifest attribute so JMeter can skip classfile scanning
2025-02-27 10:19:39,475 INFO o.a.j.r.ClassFinder: Will scan jar D:\Semester 7\CS4203 - Research and Development Project\Artifacts\apache-jmeter-5.6.3\lib\ext\perfmon-2.2.2.jar with filter ExtendsClassFilter [parents=[interface org.apache.jmeter.functions.Function], inner=false, contains=null, notContains=null]. Consider exposing JMeter plugins via META-INF/services, and add JMeter-Skip-Class-Scanning=true manifest attribute so JMeter can skip classfile scanning
2025-02-27 10:19:39,490 INFO o.a.j.r.ClassFinder: Will scan jar D:\Semester 7\CS4203 - Research and Development Project\Artifacts\apache-jmeter-5.6.3\lib\ext\jmeter-plugins-manager-1.10.jar with filter ExtendsClassFilter [parents=[interface org.apache.jmeter.functions.Function], inner=false, contains=null, notContains=null]. Consider exposing JMeter plugins via META-INF/services, and add JMeter-Skip-Class-Scanning=true manifest attribute so JMeter can skip classfile scanning
2025-02-27 10:19:39,578 INFO o.a.j.r.ClassFinder: Will scan jar D:\Semester 7\CS4203 - Research and Development Project\Artifacts\apache-jmeter-5.6.3\lib\ext\jmeter-plugins-graphs-vs-2.0.jar with filter ExtendsClassFilter [parents=[interface org.apache.jmeter.functions.Function], inner=false, contains=null, notContains=null]. Consider exposing JMeter plugins via META-INF/services, and add JMeter-Skip-Class-Scanning=true manifest attribute so JMeter can skip classfile scanning
2025-02-27 10:19:39,578 INFO o.a.j.r.ClassFinder: Will scan jar D:\Semester 7\CS4203 - Research and Development Project\Artifacts\apache-jmeter-5.6.3\lib\ext\jmeter-parallel-0.12.jar with filter ExtendsClassFilter [parents=[interface org.apache.jmeter.functions.Function], inner=false, contains=null, notContains=null]. Consider exposing JMeter plugins via META-INF/services, and add JMeter-Skip-Class-Scanning=true manifest attribute so JMeter can skip classfile scanning
2025-02-27 10:19:39,593 INFO o.a.j.r.ClassFinder: Will scan jar D:\Semester 7\CS4203 - Research and Development Project\Artifacts\apache-jmeter-5.6.3\lib\ext\jmeter-plugins-tst-2.6.jar with filter ExtendsClassFilter [parents=[interface org.apache.jmeter.functions.Function], inner=false, contains=null, notContains=null]. Consider exposing JMeter plugins via META-INF/services, and add JMeter-Skip-Class-Scanning=true manifest attribute so JMeter can skip classfile scanning
2025-02-27 10:19:39,593 INFO o.a.j.r.ClassFinder: Will scan jar D:\Semester 7\CS4203 - Research and Development Project\Artifacts\apache-jmeter-5.6.3\lib\ext\jmeter-prometheus-plugin-0.6.0.jar with filter ExtendsClassFilter [parents=[interface org.apache.jmeter.functions.Function], inner=false, contains=null, notContains=null]. Consider exposing JMeter plugins via META-INF/services, and add JMeter-Skip-Class-Scanning=true manifest attribute so JMeter can skip classfile scanning
2025-02-27 10:19:39,608 INFO o.a.j.r.ClassFinder: Will scan jar D:\Semester 7\CS4203 - Research and Development Project\Artifacts\apache-jmeter-5.6.3\lib\ext\jmeter-plugins-graphs-basic-2.0.jar with filter ExtendsClassFilter [parents=[interface org.apache.jmeter.functions.Function], inner=false, contains=null, notContains=null]. Consider exposing JMeter plugins via META-INF/services, and add JMeter-Skip-Class-Scanning=true manifest attribute so JMeter can skip classfile scanning
2025-02-27 10:19:40,078 INFO o.a.j.JMeter: Running test (1740631780078)
2025-02-27 10:19:40,078 INFO o.a.j.e.StandardJMeterEngine: Starting setUp thread groups
2025-02-27 10:19:40,078 INFO o.a.j.e.StandardJMeterEngine: Starting setUp ThreadGroup: 1 : setUp Thread Group 
2025-02-27 10:19:40,078 INFO o.a.j.e.StandardJMeterEngine: Starting 20 threads for group setUp Thread Group.
2025-02-27 10:19:40,078 INFO o.a.j.e.StandardJMeterEngine: Thread will continue on error
2025-02-27 10:19:40,078 INFO o.a.j.t.ThreadGroup: Starting thread group... number=1 threads=20 ramp-up=10 delayedStart=false
2025-02-27 10:19:40,093 INFO o.a.j.t.JMeterThread: Thread started: setUp Thread Group 1-1
2025-02-27 10:19:40,148 INFO o.a.j.t.ThreadGroup: Started thread group number 1
2025-02-27 10:19:40,148 INFO o.a.j.e.StandardJMeterEngine: Waiting for all setup thread groups to exit
2025-02-27 10:19:40,602 INFO o.a.j.t.JMeterThread: Thread started: setUp Thread Group 1-2
2025-02-27 10:19:41,090 INFO o.a.j.t.JMeterThread: Thread started: setUp Thread Group 1-3
2025-02-27 10:19:41,172 INFO o.a.j.p.h.s.HTTPHCAbstractImpl: Local host = KOBI-MSI-PC
2025-02-27 10:19:41,179 INFO o.a.j.p.h.s.HTTPHC4Impl: HTTP request retry count = 0
2025-02-27 10:19:41,594 INFO o.a.j.t.JMeterThread: Thread started: setUp Thread Group 1-4
2025-02-27 10:19:42,093 INFO o.a.j.t.JMeterThread: Thread started: setUp Thread Group 1-5
2025-02-27 10:19:42,596 INFO o.a.j.t.JMeterThread: Thread started: setUp Thread Group 1-6
2025-02-27 10:19:43,084 INFO o.a.j.t.JMeterThread: Thread started: setUp Thread Group 1-7
2025-02-27 10:19:43,584 INFO o.a.j.t.JMeterThread: Thread started: setUp Thread Group 1-8
2025-02-27 10:19:44,084 INFO o.a.j.t.JMeterThread: Thread started: setUp Thread Group 1-9
2025-02-27 10:19:44,595 INFO o.a.j.t.JMeterThread: Thread started: setUp Thread Group 1-10
2025-02-27 10:19:45,084 INFO o.a.j.t.JMeterThread: Thread started: setUp Thread Group 1-11
2025-02-27 10:19:45,583 INFO o.a.j.t.JMeterThread: Thread started: setUp Thread Group 1-12
2025-02-27 10:19:46,083 INFO o.a.j.t.JMeterThread: Thread started: setUp Thread Group 1-13
2025-02-27 10:19:46,584 INFO o.a.j.t.JMeterThread: Thread started: setUp Thread Group 1-14
2025-02-27 10:19:47,084 INFO o.a.j.t.JMeterThread: Thread started: setUp Thread Group 1-15
2025-02-27 10:19:47,584 INFO o.a.j.t.JMeterThread: Thread started: setUp Thread Group 1-16
2025-02-27 10:19:48,084 INFO o.a.j.t.JMeterThread: Thread started: setUp Thread Group 1-17
2025-02-27 10:19:48,582 INFO o.a.j.t.JMeterThread: Thread started: setUp Thread Group 1-18
2025-02-27 10:19:49,084 INFO o.a.j.t.JMeterThread: Thread started: setUp Thread Group 1-19
2025-02-27 10:19:49,598 INFO o.a.j.t.JMeterThread: Thread started: setUp Thread Group 1-20
2025-02-27 10:20:39,926 INFO o.a.j.t.JMeterThread: Thread finished: setUp Thread Group 1-13
2025-02-27 10:20:40,052 INFO o.a.j.t.JMeterThread: Thread finished: setUp Thread Group 1-6
2025-02-27 10:20:40,055 INFO o.a.j.t.JMeterThread: Thread finished: setUp Thread Group 1-12
2025-02-27 10:20:40,146 INFO o.a.j.t.JMeterThread: Stopping because end time detected by thread: setUp Thread Group 1-11
2025-02-27 10:20:40,146 INFO o.a.j.t.JMeterThread: Thread finished: setUp Thread Group 1-11
2025-02-27 10:20:40,176 INFO o.a.j.t.JMeterThread: Stopping because end time detected by thread: setUp Thread Group 1-4
2025-02-27 10:20:40,176 INFO o.a.j.t.JMeterThread: Thread finished: setUp Thread Group 1-4
2025-02-27 10:20:40,226 INFO o.a.j.t.JMeterThread: Stopping because end time detected by thread: setUp Thread Group 1-14
2025-02-27 10:20:40,226 INFO o.a.j.t.JMeterThread: Thread finished: setUp Thread Group 1-14
2025-02-27 10:20:40,241 INFO o.a.j.t.JMeterThread: Stopping because end time detected by thread: setUp Thread Group 1-10
2025-02-27 10:20:40,241 INFO o.a.j.t.JMeterThread: Thread finished: setUp Thread Group 1-10
2025-02-27 10:20:40,301 INFO o.a.j.t.JMeterThread: Stopping because end time detected by thread: setUp Thread Group 1-20
2025-02-27 10:20:40,301 INFO o.a.j.t.JMeterThread: Thread finished: setUp Thread Group 1-20
2025-02-27 10:20:40,301 INFO o.a.j.t.JMeterThread: Stopping because end time detected by thread: setUp Thread Group 1-1
2025-02-27 10:20:40,301 INFO o.a.j.t.JMeterThread: Thread finished: setUp Thread Group 1-1
2025-02-27 10:20:40,316 INFO o.a.j.t.JMeterThread: Stopping because end time detected by thread: setUp Thread Group 1-2
2025-02-27 10:20:40,316 INFO o.a.j.t.JMeterThread: Stopping because end time detected by thread: setUp Thread Group 1-3
2025-02-27 10:20:40,331 INFO o.a.j.t.JMeterThread: Thread finished: setUp Thread Group 1-2
2025-02-27 10:20:40,331 INFO o.a.j.t.JMeterThread: Thread finished: setUp Thread Group 1-3
2025-02-27 10:20:40,406 INFO o.a.j.t.JMeterThread: Stopping because end time detected by thread: setUp Thread Group 1-19
2025-02-27 10:20:40,406 INFO o.a.j.t.JMeterThread: Thread finished: setUp Thread Group 1-19
2025-02-27 10:20:40,406 INFO o.a.j.t.JMeterThread: Stopping because end time detected by thread: setUp Thread Group 1-8
2025-02-27 10:20:40,406 INFO o.a.j.t.JMeterThread: Thread finished: setUp Thread Group 1-8
2025-02-27 10:20:40,466 INFO o.a.j.t.JMeterThread: Stopping because end time detected by thread: setUp Thread Group 1-18
2025-02-27 10:20:40,466 INFO o.a.j.t.JMeterThread: Thread finished: setUp Thread Group 1-18
2025-02-27 10:20:40,534 INFO o.a.j.t.JMeterThread: Stopping because end time detected by thread: setUp Thread Group 1-7
2025-02-27 10:20:40,534 INFO o.a.j.t.JMeterThread: Thread finished: setUp Thread Group 1-7
2025-02-27 10:20:40,559 INFO o.a.j.t.JMeterThread: Stopping because end time detected by thread: setUp Thread Group 1-17
2025-02-27 10:20:40,559 INFO o.a.j.t.JMeterThread: Thread finished: setUp Thread Group 1-17
2025-02-27 10:20:40,590 INFO o.a.j.t.JMeterThread: Stopping because end time detected by thread: setUp Thread Group 1-9
2025-02-27 10:20:40,590 INFO o.a.j.t.JMeterThread: Thread finished: setUp Thread Group 1-9
2025-02-27 10:20:40,684 INFO o.a.j.t.JMeterThread: Stopping because end time detected by thread: setUp Thread Group 1-5
2025-02-27 10:20:40,684 INFO o.a.j.t.JMeterThread: Thread finished: setUp Thread Group 1-5
2025-02-27 10:20:40,719 INFO o.a.j.t.JMeterThread: Stopping because end time detected by thread: setUp Thread Group 1-15
2025-02-27 10:20:40,719 INFO o.a.j.t.JMeterThread: Thread finished: setUp Thread Group 1-15
2025-02-27 10:20:41,174 INFO o.a.j.t.JMeterThread: Stopping because end time detected by thread: setUp Thread Group 1-16
2025-02-27 10:20:41,174 INFO o.a.j.t.JMeterThread: Thread finished: setUp Thread Group 1-16
2025-02-27 10:20:41,174 INFO o.a.j.e.StandardJMeterEngine: All Setup Threads have ended
2025-02-27 10:20:41,226 INFO o.a.j.e.StandardJMeterEngine: Starting ThreadGroup: 1 : Thread Group
2025-02-27 10:20:41,226 INFO o.a.j.e.StandardJMeterEngine: Starting 75 threads for group Thread Group.
2025-02-27 10:20:41,226 INFO o.a.j.e.StandardJMeterEngine: Thread will continue on error
2025-02-27 10:20:41,226 INFO o.a.j.t.ThreadGroup: Starting thread group... number=1 threads=75 ramp-up=10 delayedStart=false
2025-02-27 10:20:41,226 INFO o.a.j.t.JMeterThread: Thread started: Thread Group 1-1
2025-02-27 10:20:41,321 INFO o.a.j.t.ThreadGroup: Started thread group number 1
2025-02-27 10:20:41,321 INFO o.a.j.e.StandardJMeterEngine: Starting ThreadGroup: 2 : Thread Group
2025-02-27 10:20:41,321 INFO o.a.j.e.StandardJMeterEngine: Starting 20 threads for group Thread Group.
2025-02-27 10:20:41,321 INFO o.a.j.e.StandardJMeterEngine: Thread will continue on error
2025-02-27 10:20:41,321 INFO o.a.j.t.ThreadGroup: Starting thread group... number=2 threads=20 ramp-up=10 delayedStart=false
2025-02-27 10:20:41,323 INFO o.a.j.t.JMeterThread: Thread started: Thread Group 2-1
2025-02-27 10:20:41,343 INFO o.a.j.t.ThreadGroup: Started thread group number 2
2025-02-27 10:20:41,343 INFO o.a.j.e.StandardJMeterEngine: Starting ThreadGroup: 3 : Thread Group
2025-02-27 10:20:41,343 INFO o.a.j.e.StandardJMeterEngine: Starting 5 threads for group Thread Group.
2025-02-27 10:20:41,343 INFO o.a.j.e.StandardJMeterEngine: Thread will continue on error
2025-02-27 10:20:41,343 INFO o.a.j.t.ThreadGroup: Starting thread group... number=3 threads=5 ramp-up=10 delayedStart=false
2025-02-27 10:20:41,345 INFO o.a.j.t.JMeterThread: Thread started: Thread Group 3-1
2025-02-27 10:20:41,348 INFO o.a.j.t.ThreadGroup: Started thread group number 3
2025-02-27 10:20:41,348 INFO o.a.j.e.StandardJMeterEngine: Starting ThreadGroup: 4 : Thread Group
2025-02-27 10:20:41,348 INFO o.a.j.e.StandardJMeterEngine: Starting 5 threads for group Thread Group.
2025-02-27 10:20:41,348 INFO o.a.j.e.StandardJMeterEngine: Thread will continue on error
2025-02-27 10:20:41,348 INFO o.a.j.t.ThreadGroup: Starting thread group... number=4 threads=5 ramp-up=10 delayedStart=false
2025-02-27 10:20:41,351 INFO o.a.j.t.JMeterThread: Thread started: Thread Group 4-1
2025-02-27 10:20:41,354 INFO o.a.j.t.ThreadGroup: Started thread group number 4
2025-02-27 10:20:41,355 INFO o.a.j.e.StandardJMeterEngine: Starting ThreadGroup: 5 : Thread Group
2025-02-27 10:20:41,355 INFO o.a.j.e.StandardJMeterEngine: Starting 5 threads for group Thread Group.
2025-02-27 10:20:41,355 INFO o.a.j.e.StandardJMeterEngine: Thread will continue on error
2025-02-27 10:20:41,355 INFO o.a.j.t.ThreadGroup: Starting thread group... number=5 threads=5 ramp-up=10 delayedStart=false
2025-02-27 10:20:41,357 INFO o.a.j.t.JMeterThread: Thread started: Thread Group 5-1
2025-02-27 10:20:41,360 INFO o.a.j.t.ThreadGroup: Started thread group number 5
2025-02-27 10:20:41,360 INFO o.a.j.e.StandardJMeterEngine: Starting ThreadGroup: 6 : Thread Group
2025-02-27 10:20:41,360 INFO o.a.j.e.StandardJMeterEngine: Starting 5 threads for group Thread Group.
2025-02-27 10:20:41,360 INFO o.a.j.e.StandardJMeterEngine: Thread will continue on error
2025-02-27 10:20:41,360 INFO o.a.j.t.ThreadGroup: Starting thread group... number=6 threads=5 ramp-up=10 delayedStart=false
2025-02-27 10:20:41,362 INFO o.a.j.t.JMeterThread: Thread started: Thread Group 6-1
2025-02-27 10:20:41,364 INFO o.a.j.t.JMeterThread: Thread started: Thread Group 1-2
2025-02-27 10:20:41,366 INFO o.a.j.t.ThreadGroup: Started thread group number 6
2025-02-27 10:20:41,366 INFO o.a.j.e.StandardJMeterEngine: Starting ThreadGroup: 7 : Thread Group
2025-02-27 10:20:41,366 INFO o.a.j.e.StandardJMeterEngine: Starting 5 threads for group Thread Group.
2025-02-27 10:20:41,366 INFO o.a.j.e.StandardJMeterEngine: Thread will continue on error
2025-02-27 10:20:41,367 INFO o.a.j.t.ThreadGroup: Starting thread group... number=7 threads=5 ramp-up=10 delayedStart=false
2025-02-27 10:20:41,370 INFO o.a.j.t.JMeterThread: Thread started: Thread Group 7-1
2025-02-27 10:20:41,375 INFO o.a.j.t.ThreadGroup: Started thread group number 7
2025-02-27 10:20:41,375 INFO o.a.j.e.StandardJMeterEngine: All thread groups have been started
2025-02-27 10:20:41,499 INFO o.a.j.t.JMeterThread: Thread started: Thread Group 1-3
2025-02-27 10:20:41,628 INFO o.a.j.t.JMeterThread: Thread started: Thread Group 1-4
2025-02-27 10:20:41,762 INFO o.a.j.t.JMeterThread: Thread started: Thread Group 1-5
2025-02-27 10:20:41,824 INFO o.a.j.t.JMeterThread: Thread started: Thread Group 2-2
2025-02-27 10:20:41,895 INFO o.a.j.t.JMeterThread: Thread started: Thread Group 1-6
2025-02-27 10:20:42,026 INFO o.a.j.t.JMeterThread: Thread started: Thread Group 1-7
2025-02-27 10:20:42,160 INFO o.a.j.t.JMeterThread: Thread started: Thread Group 1-8
2025-02-27 10:20:42,294 INFO o.a.j.t.JMeterThread: Thread started: Thread Group 1-9
2025-02-27 10:20:42,323 INFO o.a.j.t.JMeterThread: Thread started: Thread Group 2-3
2025-02-27 10:20:42,427 INFO o.a.j.t.JMeterThread: Thread started: Thread Group 1-10
2025-02-27 10:20:42,561 INFO o.a.j.t.JMeterThread: Thread started: Thread Group 1-11
2025-02-27 10:20:42,692 INFO o.a.j.t.JMeterThread: Thread started: Thread Group 1-12
2025-02-27 10:20:42,824 INFO o.a.j.t.JMeterThread: Thread started: Thread Group 1-13
2025-02-27 10:20:42,824 INFO o.a.j.t.JMeterThread: Thread started: Thread Group 2-4
2025-02-27 10:20:42,957 INFO o.a.j.t.JMeterThread: Thread started: Thread Group 1-14
2025-02-27 10:20:43,090 INFO o.a.j.t.JMeterThread: Thread started: Thread Group 1-15
2025-02-27 10:20:43,224 INFO o.a.j.t.JMeterThread: Thread started: Thread Group 1-16
2025-02-27 10:20:43,325 INFO o.a.j.t.JMeterThread: Thread started: Thread Group 2-5
2025-02-27 10:20:43,345 INFO o.a.j.t.JMeterThread: Thread started: Thread Group 3-2
2025-02-27 10:20:43,350 INFO o.a.j.t.JMeterThread: Thread started: Thread Group 4-2
2025-02-27 10:20:43,356 INFO o.a.j.t.JMeterThread: Thread started: Thread Group 1-17
2025-02-27 10:20:43,358 INFO o.a.j.t.JMeterThread: Thread started: Thread Group 5-2
2025-02-27 10:20:43,363 INFO o.a.j.t.JMeterThread: Thread started: Thread Group 6-2
2025-02-27 10:20:43,371 INFO o.a.j.t.JMeterThread: Thread started: Thread Group 7-2
2025-02-27 10:20:43,489 INFO o.a.j.t.JMeterThread: Thread started: Thread Group 1-18
2025-02-27 10:20:43,622 INFO o.a.j.t.JMeterThread: Thread started: Thread Group 1-19
2025-02-27 10:20:43,755 INFO o.a.j.t.JMeterThread: Thread started: Thread Group 1-20
2025-02-27 10:20:43,823 INFO o.a.j.t.JMeterThread: Thread started: Thread Group 2-6
2025-02-27 10:20:43,889 INFO o.a.j.t.JMeterThread: Thread started: Thread Group 1-21
2025-02-27 10:20:44,022 INFO o.a.j.t.JMeterThread: Thread started: Thread Group 1-22
2025-02-27 10:20:44,155 INFO o.a.j.t.JMeterThread: Thread started: Thread Group 1-23
2025-02-27 10:20:44,288 INFO o.a.j.t.JMeterThread: Thread started: Thread Group 1-24
2025-02-27 10:20:44,323 INFO o.a.j.t.JMeterThread: Thread started: Thread Group 2-7
2025-02-27 10:20:44,421 INFO o.a.j.t.JMeterThread: Thread started: Thread Group 1-25
2025-02-27 10:20:44,553 INFO o.a.j.t.JMeterThread: Thread started: Thread Group 1-26
2025-02-27 10:20:44,687 INFO o.a.j.t.JMeterThread: Thread started: Thread Group 1-27
2025-02-27 10:20:44,820 INFO o.a.j.t.JMeterThread: Thread started: Thread Group 1-28
2025-02-27 10:20:44,824 INFO o.a.j.t.JMeterThread: Thread started: Thread Group 2-8
2025-02-27 10:20:44,954 INFO o.a.j.t.JMeterThread: Thread started: Thread Group 1-29
2025-02-27 10:20:45,085 INFO o.a.j.t.JMeterThread: Thread started: Thread Group 1-30
2025-02-27 10:20:45,219 INFO o.a.j.t.JMeterThread: Thread started: Thread Group 1-31
2025-02-27 10:20:45,324 INFO o.a.j.t.JMeterThread: Thread started: Thread Group 2-9
2025-02-27 10:20:45,345 INFO o.a.j.t.JMeterThread: Thread started: Thread Group 3-3
2025-02-27 10:20:45,351 INFO o.a.j.t.JMeterThread: Thread started: Thread Group 4-3
2025-02-27 10:20:45,352 INFO o.a.j.t.JMeterThread: Thread started: Thread Group 1-32
2025-02-27 10:20:45,357 INFO o.a.j.t.JMeterThread: Thread started: Thread Group 5-3
2025-02-27 10:20:45,362 INFO o.a.j.t.JMeterThread: Thread started: Thread Group 6-3
2025-02-27 10:20:45,371 INFO o.a.j.t.JMeterThread: Thread started: Thread Group 7-3
2025-02-27 10:20:45,485 INFO o.a.j.t.JMeterThread: Thread started: Thread Group 1-33
2025-02-27 10:20:45,618 INFO o.a.j.t.JMeterThread: Thread started: Thread Group 1-34
2025-02-27 10:20:45,750 INFO o.a.j.t.JMeterThread: Thread started: Thread Group 1-35
2025-02-27 10:20:45,823 INFO o.a.j.t.JMeterThread: Thread started: Thread Group 2-10
2025-02-27 10:20:45,883 INFO o.a.j.t.JMeterThread: Thread started: Thread Group 1-36
2025-02-27 10:20:46,016 INFO o.a.j.t.JMeterThread: Thread started: Thread Group 1-37
2025-02-27 10:20:46,150 INFO o.a.j.t.JMeterThread: Thread started: Thread Group 1-38
2025-02-27 10:20:46,283 INFO o.a.j.t.JMeterThread: Thread started: Thread Group 1-39
2025-02-27 10:20:46,325 INFO o.a.j.t.JMeterThread: Thread started: Thread Group 2-11
2025-02-27 10:20:46,416 INFO o.a.j.t.JMeterThread: Thread started: Thread Group 1-40
2025-02-27 10:20:46,549 INFO o.a.j.t.JMeterThread: Thread started: Thread Group 1-41
2025-02-27 10:20:46,682 INFO o.a.j.t.JMeterThread: Thread started: Thread Group 1-42
2025-02-27 10:20:46,815 INFO o.a.j.t.JMeterThread: Thread started: Thread Group 1-43
2025-02-27 10:20:46,824 INFO o.a.j.t.JMeterThread: Thread started: Thread Group 2-12
2025-02-27 10:20:46,948 INFO o.a.j.t.JMeterThread: Thread started: Thread Group 1-44
2025-02-27 10:20:47,080 INFO o.a.j.t.JMeterThread: Thread started: Thread Group 1-45
2025-02-27 10:20:47,214 INFO o.a.j.t.JMeterThread: Thread started: Thread Group 1-46
2025-02-27 10:20:47,324 INFO o.a.j.t.JMeterThread: Thread started: Thread Group 2-13
2025-02-27 10:20:47,345 INFO o.a.j.t.JMeterThread: Thread started: Thread Group 3-4
2025-02-27 10:20:47,347 INFO o.a.j.t.JMeterThread: Thread started: Thread Group 1-47
2025-02-27 10:20:47,351 INFO o.a.j.t.JMeterThread: Thread started: Thread Group 4-4
2025-02-27 10:20:47,357 INFO o.a.j.t.JMeterThread: Thread started: Thread Group 5-4
2025-02-27 10:20:47,363 INFO o.a.j.t.JMeterThread: Thread started: Thread Group 6-4
2025-02-27 10:20:47,370 INFO o.a.j.t.JMeterThread: Thread started: Thread Group 7-4
2025-02-27 10:20:47,481 INFO o.a.j.t.JMeterThread: Thread started: Thread Group 1-48
2025-02-27 10:20:47,612 INFO o.a.j.t.JMeterThread: Thread started: Thread Group 1-49
2025-02-27 10:20:47,745 INFO o.a.j.t.JMeterThread: Thread started: Thread Group 1-50
2025-02-27 10:20:47,823 INFO o.a.j.t.JMeterThread: Thread started: Thread Group 2-14
2025-02-27 10:20:47,879 INFO o.a.j.t.JMeterThread: Thread started: Thread Group 1-51
2025-02-27 10:20:48,012 INFO o.a.j.t.JMeterThread: Thread started: Thread Group 1-52
2025-02-27 10:20:48,145 INFO o.a.j.t.JMeterThread: Thread started: Thread Group 1-53
2025-02-27 10:20:48,277 INFO o.a.j.t.JMeterThread: Thread started: Thread Group 1-54
2025-02-27 10:20:48,323 INFO o.a.j.t.JMeterThread: Thread started: Thread Group 2-15
2025-02-27 10:20:48,411 INFO o.a.j.t.JMeterThread: Thread started: Thread Group 1-55
2025-02-27 10:20:48,544 INFO o.a.j.t.JMeterThread: Thread started: Thread Group 1-56
2025-02-27 10:20:48,677 INFO o.a.j.t.JMeterThread: Thread started: Thread Group 1-57
2025-02-27 10:20:48,810 INFO o.a.j.t.JMeterThread: Thread started: Thread Group 1-58
2025-02-27 10:20:48,823 INFO o.a.j.t.JMeterThread: Thread started: Thread Group 2-16
2025-02-27 10:20:48,943 INFO o.a.j.t.JMeterThread: Thread started: Thread Group 1-59
2025-02-27 10:20:49,075 INFO o.a.j.t.JMeterThread: Thread started: Thread Group 1-60
2025-02-27 10:20:49,208 INFO o.a.j.t.JMeterThread: Thread started: Thread Group 1-61
2025-02-27 10:20:49,323 INFO o.a.j.t.JMeterThread: Thread started: Thread Group 2-17
2025-02-27 10:20:49,342 INFO o.a.j.t.JMeterThread: Thread started: Thread Group 1-62
2025-02-27 10:20:49,346 INFO o.a.j.t.JMeterThread: Thread started: Thread Group 3-5
2025-02-27 10:20:49,351 INFO o.a.j.t.JMeterThread: Thread started: Thread Group 4-5
2025-02-27 10:20:49,357 INFO o.a.j.t.JMeterThread: Thread started: Thread Group 5-5
2025-02-27 10:20:49,365 INFO o.a.j.t.JMeterThread: Thread started: Thread Group 6-5
2025-02-27 10:20:49,371 INFO o.a.j.t.JMeterThread: Thread started: Thread Group 7-5
2025-02-27 10:20:49,475 INFO o.a.j.t.JMeterThread: Thread started: Thread Group 1-63
2025-02-27 10:20:49,608 INFO o.a.j.t.JMeterThread: Thread started: Thread Group 1-64
2025-02-27 10:20:49,742 INFO o.a.j.t.JMeterThread: Thread started: Thread Group 1-65
2025-02-27 10:20:49,824 INFO o.a.j.t.JMeterThread: Thread started: Thread Group 2-18
2025-02-27 10:20:49,874 INFO o.a.j.t.JMeterThread: Thread started: Thread Group 1-66
2025-02-27 10:20:50,007 INFO o.a.j.t.JMeterThread: Thread started: Thread Group 1-67
2025-02-27 10:20:50,140 INFO o.a.j.t.JMeterThread: Thread started: Thread Group 1-68
2025-02-27 10:20:50,272 INFO o.a.j.t.JMeterThread: Thread started: Thread Group 1-69
2025-02-27 10:20:50,324 INFO o.a.j.t.JMeterThread: Thread started: Thread Group 2-19
2025-02-27 10:20:50,405 INFO o.a.j.t.JMeterThread: Thread started: Thread Group 1-70
2025-02-27 10:20:50,540 INFO o.a.j.t.JMeterThread: Thread started: Thread Group 1-71
2025-02-27 10:20:50,672 INFO o.a.j.t.JMeterThread: Thread started: Thread Group 1-72
2025-02-27 10:20:50,805 INFO o.a.j.t.JMeterThread: Thread started: Thread Group 1-73
2025-02-27 10:20:50,824 INFO o.a.j.t.JMeterThread: Thread started: Thread Group 2-20
2025-02-27 10:20:50,938 INFO o.a.j.t.JMeterThread: Thread started: Thread Group 1-74
2025-02-27 10:20:51,070 INFO o.a.j.t.JMeterThread: Thread started: Thread Group 1-75
2025-02-27 10:21:00,004 INFO o.a.j.r.Summariser: summary +   1112 in 00:01:20 =   13.9/s Avg:   586 Min:   250 Max:  3009 Err:     0 (0.00%) Active: 120 Started: 120 Finished: 0
2025-02-27 10:21:30,002 INFO o.a.j.r.Summariser: summary +   2251 in 00:00:30 =   75.0/s Avg:   617 Min:   250 Max:  3530 Err:     0 (0.00%) Active: 120 Started: 120 Finished: 0
2025-02-27 10:21:30,003 INFO o.a.j.r.Summariser: summary =   3363 in 00:01:50 =   30.6/s Avg:   607 Min:   250 Max:  3530 Err:     0 (0.00%)
2025-02-27 10:22:00,013 INFO o.a.j.r.Summariser: summary +   2254 in 00:00:30 =   75.1/s Avg:   657 Min:   250 Max:  3511 Err:     0 (0.00%) Active: 120 Started: 120 Finished: 0
2025-02-27 10:22:00,015 INFO o.a.j.r.Summariser: summary =   5617 in 00:02:20 =   40.1/s Avg:   627 Min:   250 Max:  3530 Err:     0 (0.00%)
2025-02-27 10:22:30,006 INFO o.a.j.r.Summariser: summary +   2261 in 00:00:30 =   75.4/s Avg:   622 Min:   250 Max:  3518 Err:     0 (0.00%) Active: 120 Started: 120 Finished: 0
2025-02-27 10:22:30,008 INFO o.a.j.r.Summariser: summary =   7878 in 00:02:50 =   46.4/s Avg:   626 Min:   250 Max:  3530 Err:     0 (0.00%)
2025-02-27 10:23:00,005 INFO o.a.j.r.Summariser: summary +   2255 in 00:00:30 =   75.2/s Avg:   653 Min:   249 Max:  3531 Err:     0 (0.00%) Active: 120 Started: 120 Finished: 0
2025-02-27 10:23:00,006 INFO o.a.j.r.Summariser: summary =  10133 in 00:03:20 =   50.7/s Avg:   632 Min:   249 Max:  3531 Err:     0 (0.00%)
2025-02-27 10:23:30,003 INFO o.a.j.r.Summariser: summary +   2261 in 00:00:30 =   75.4/s Avg:   610 Min:   250 Max:  3516 Err:     0 (0.00%) Active: 120 Started: 120 Finished: 0
2025-02-27 10:23:30,005 INFO o.a.j.r.Summariser: summary =  12394 in 00:03:50 =   53.9/s Avg:   628 Min:   249 Max:  3531 Err:     0 (0.00%)
2025-02-27 10:24:00,003 INFO o.a.j.r.Summariser: summary +   2249 in 00:00:30 =   75.0/s Avg:   648 Min:   250 Max:  3509 Err:     0 (0.00%) Active: 120 Started: 120 Finished: 0
2025-02-27 10:24:00,004 INFO o.a.j.r.Summariser: summary =  14643 in 00:04:20 =   56.3/s Avg:   631 Min:   249 Max:  3531 Err:     0 (0.00%)
2025-02-27 10:24:30,010 INFO o.a.j.r.Summariser: summary +   2264 in 00:00:30 =   75.5/s Avg:   621 Min:   249 Max:  3516 Err:     0 (0.00%) Active: 120 Started: 120 Finished: 0
2025-02-27 10:24:30,012 INFO o.a.j.r.Summariser: summary =  16907 in 00:04:50 =   58.3/s Avg:   630 Min:   249 Max:  3531 Err:     0 (0.00%)
2025-02-27 10:25:00,007 INFO o.a.j.r.Summariser: summary +   2247 in 00:00:30 =   74.9/s Avg:   641 Min:   249 Max:  3562 Err:     0 (0.00%) Active: 120 Started: 120 Finished: 0
2025-02-27 10:25:00,008 INFO o.a.j.r.Summariser: summary =  19154 in 00:05:20 =   59.9/s Avg:   631 Min:   249 Max:  3562 Err:     0 (0.00%)
2025-02-27 10:25:30,004 INFO o.a.j.r.Summariser: summary +   2261 in 00:00:30 =   75.4/s Avg:   625 Min:   249 Max:  3531 Err:     0 (0.00%) Active: 120 Started: 120 Finished: 0
2025-02-27 10:25:30,006 INFO o.a.j.r.Summariser: summary =  21415 in 00:05:50 =   61.2/s Avg:   630 Min:   249 Max:  3562 Err:     0 (0.00%)
2025-02-27 10:26:00,008 INFO o.a.j.r.Summariser: summary +   2254 in 00:00:30 =   75.1/s Avg:   653 Min:   250 Max:  3529 Err:     0 (0.00%) Active: 120 Started: 120 Finished: 0
2025-02-27 10:26:00,009 INFO o.a.j.r.Summariser: summary =  23669 in 00:06:20 =   62.3/s Avg:   633 Min:   249 Max:  3562 Err:     0 (0.00%)
2025-02-27 10:26:30,002 INFO o.a.j.r.Summariser: summary +   2261 in 00:00:30 =   75.4/s Avg:   621 Min:   250 Max:  3519 Err:     0 (0.00%) Active: 120 Started: 120 Finished: 0
2025-02-27 10:26:30,004 INFO o.a.j.r.Summariser: summary =  25930 in 00:06:50 =   63.3/s Avg:   632 Min:   249 Max:  3562 Err:     0 (0.00%)
2025-02-27 10:27:00,003 INFO o.a.j.r.Summariser: summary +   2262 in 00:00:30 =   75.4/s Avg:   649 Min:   250 Max:  3558 Err:     0 (0.00%) Active: 120 Started: 120 Finished: 0
2025-02-27 10:27:00,004 INFO o.a.j.r.Summariser: summary =  28192 in 00:07:20 =   64.1/s Avg:   633 Min:   249 Max:  3562 Err:     0 (0.00%)
2025-02-27 10:27:30,001 INFO o.a.j.r.Summariser: summary +   2257 in 00:00:30 =   75.2/s Avg:   615 Min:   249 Max:  3507 Err:     0 (0.00%) Active: 120 Started: 120 Finished: 0
2025-02-27 10:27:30,002 INFO o.a.j.r.Summariser: summary =  30449 in 00:07:50 =   64.8/s Avg:   632 Min:   249 Max:  3562 Err:     0 (0.00%)
2025-02-27 10:28:00,007 INFO o.a.j.r.Summariser: summary +   2252 in 00:00:30 =   75.1/s Avg:   642 Min:   250 Max:  3518 Err:     0 (0.00%) Active: 120 Started: 120 Finished: 0
2025-02-27 10:28:00,008 INFO o.a.j.r.Summariser: summary =  32701 in 00:08:20 =   65.4/s Avg:   632 Min:   249 Max:  3562 Err:     0 (0.00%)
2025-02-27 10:28:30,008 INFO o.a.j.r.Summariser: summary +   2259 in 00:00:30 =   75.3/s Avg:   629 Min:   250 Max:  3505 Err:     0 (0.00%) Active: 120 Started: 120 Finished: 0
2025-02-27 10:28:30,009 INFO o.a.j.r.Summariser: summary =  34960 in 00:08:50 =   66.0/s Avg:   632 Min:   249 Max:  3562 Err:     0 (0.00%)
2025-02-27 10:29:00,010 INFO o.a.j.r.Summariser: summary +   2272 in 00:00:30 =   75.7/s Avg:   566 Min:   249 Max:  3515 Err:     0 (0.00%) Active: 120 Started: 120 Finished: 0
2025-02-27 10:29:00,011 INFO o.a.j.r.Summariser: summary =  37232 in 00:09:20 =   66.5/s Avg:   628 Min:   249 Max:  3562 Err:     0 (0.00%)
2025-02-27 10:29:30,001 INFO o.a.j.r.Summariser: summary +   2262 in 00:00:30 =   75.4/s Avg:   631 Min:   249 Max:  3509 Err:     0 (0.00%) Active: 120 Started: 120 Finished: 0
2025-02-27 10:29:30,003 INFO o.a.j.r.Summariser: summary =  39494 in 00:09:50 =   66.9/s Avg:   628 Min:   249 Max:  3562 Err:     0 (0.00%)
2025-02-27 10:30:00,006 INFO o.a.j.r.Summariser: summary +   2256 in 00:00:30 =   75.2/s Avg:   632 Min:   249 Max:  3574 Err:     0 (0.00%) Active: 120 Started: 120 Finished: 0
2025-02-27 10:30:00,009 INFO o.a.j.r.Summariser: summary =  41750 in 00:10:20 =   67.3/s Avg:   628 Min:   249 Max:  3574 Err:     0 (0.00%)
2025-02-27 10:30:30,003 INFO o.a.j.r.Summariser: summary +   2264 in 00:00:30 =   75.5/s Avg:   635 Min:   250 Max:  3532 Err:     0 (0.00%) Active: 120 Started: 120 Finished: 0
2025-02-27 10:30:30,005 INFO o.a.j.r.Summariser: summary =  44014 in 00:10:50 =   67.7/s Avg:   629 Min:   249 Max:  3574 Err:     0 (0.00%)
2025-02-27 10:30:39,538 INFO o.a.j.t.JMeterThread: Thread finished: Thread Group 1-1
2025-02-27 10:30:39,597 INFO o.a.j.t.JMeterThread: Thread finished: Thread Group 1-62
2025-02-27 10:30:39,601 INFO o.a.j.t.JMeterThread: Thread finished: Thread Group 1-47
2025-02-27 10:30:39,615 INFO o.a.j.t.JMeterThread: Thread finished: Thread Group 1-17
2025-02-27 10:30:39,619 INFO o.a.j.t.JMeterThread: Thread finished: Thread Group 1-2
2025-02-27 10:30:39,728 INFO o.a.j.t.JMeterThread: Thread finished: Thread Group 1-63
2025-02-27 10:30:39,735 INFO o.a.j.t.JMeterThread: Thread finished: Thread Group 1-48
2025-02-27 10:30:39,743 INFO o.a.j.t.JMeterThread: Thread finished: Thread Group 1-18
2025-02-27 10:30:39,752 INFO o.a.j.t.JMeterThread: Thread finished: Thread Group 1-3
2025-02-27 10:30:39,861 INFO o.a.j.t.JMeterThread: Thread finished: Thread Group 1-64
2025-02-27 10:30:39,868 INFO o.a.j.t.JMeterThread: Thread finished: Thread Group 1-49
2025-02-27 10:30:39,875 INFO o.a.j.t.JMeterThread: Thread finished: Thread Group 1-19
2025-02-27 10:30:39,883 INFO o.a.j.t.JMeterThread: Thread finished: Thread Group 1-4
2025-02-27 10:30:39,996 INFO o.a.j.t.JMeterThread: Thread finished: Thread Group 1-65
2025-02-27 10:30:39,999 INFO o.a.j.t.JMeterThread: Thread finished: Thread Group 1-50
2025-02-27 10:30:40,008 INFO o.a.j.t.JMeterThread: Thread finished: Thread Group 1-20
2025-02-27 10:30:40,019 INFO o.a.j.t.JMeterThread: Thread finished: Thread Group 1-5
2025-02-27 10:30:40,105 INFO o.a.j.t.JMeterThread: Thread finished: Thread Group 1-32
2025-02-27 10:30:40,128 INFO o.a.j.t.JMeterThread: Thread finished: Thread Group 1-66
2025-02-27 10:30:40,134 INFO o.a.j.t.JMeterThread: Thread finished: Thread Group 1-51
2025-02-27 10:30:40,141 INFO o.a.j.t.JMeterThread: Thread finished: Thread Group 1-21
2025-02-27 10:30:40,148 INFO o.a.j.t.JMeterThread: Thread finished: Thread Group 1-6
2025-02-27 10:30:40,235 INFO o.a.j.t.JMeterThread: Thread finished: Thread Group 1-33
2025-02-27 10:30:40,260 INFO o.a.j.t.JMeterThread: Thread finished: Thread Group 1-67
2025-02-27 10:30:40,265 INFO o.a.j.t.JMeterThread: Thread finished: Thread Group 1-52
2025-02-27 10:30:40,275 INFO o.a.j.t.JMeterThread: Thread finished: Thread Group 1-22
2025-02-27 10:30:40,283 INFO o.a.j.t.JMeterThread: Thread finished: Thread Group 1-7
2025-02-27 10:30:40,368 INFO o.a.j.t.JMeterThread: Thread finished: Thread Group 1-34
2025-02-27 10:30:40,394 INFO o.a.j.t.JMeterThread: Thread finished: Thread Group 1-68
2025-02-27 10:30:40,400 INFO o.a.j.t.JMeterThread: Thread finished: Thread Group 1-53
2025-02-27 10:30:40,408 INFO o.a.j.t.JMeterThread: Thread finished: Thread Group 1-23
2025-02-27 10:30:40,417 INFO o.a.j.t.JMeterThread: Thread finished: Thread Group 1-8
2025-02-27 10:30:40,503 INFO o.a.j.t.JMeterThread: Thread finished: Thread Group 1-35
2025-02-27 10:30:40,525 INFO o.a.j.t.JMeterThread: Thread finished: Thread Group 1-69
2025-02-27 10:30:40,528 INFO o.a.j.t.JMeterThread: Thread finished: Thread Group 1-54
2025-02-27 10:30:40,540 INFO o.a.j.t.JMeterThread: Thread finished: Thread Group 1-24
2025-02-27 10:30:40,554 INFO o.a.j.t.JMeterThread: Thread finished: Thread Group 1-9
2025-02-27 10:30:40,637 INFO o.a.j.t.JMeterThread: Thread finished: Thread Group 1-36
2025-02-27 10:30:40,660 INFO o.a.j.t.JMeterThread: Thread finished: Thread Group 1-70
2025-02-27 10:30:40,663 INFO o.a.j.t.JMeterThread: Thread finished: Thread Group 1-55
2025-02-27 10:30:40,678 INFO o.a.j.t.JMeterThread: Thread finished: Thread Group 1-25
2025-02-27 10:30:40,682 INFO o.a.j.t.JMeterThread: Thread finished: Thread Group 1-10
2025-02-27 10:30:40,774 INFO o.a.j.t.JMeterThread: Thread finished: Thread Group 1-37
2025-02-27 10:30:40,792 INFO o.a.j.t.JMeterThread: Thread finished: Thread Group 1-71
2025-02-27 10:30:40,795 INFO o.a.j.t.JMeterThread: Thread finished: Thread Group 1-56
2025-02-27 10:30:40,805 INFO o.a.j.t.JMeterThread: Thread finished: Thread Group 1-26
2025-02-27 10:30:40,813 INFO o.a.j.t.JMeterThread: Thread finished: Thread Group 1-11
2025-02-27 10:30:40,902 INFO o.a.j.t.JMeterThread: Thread finished: Thread Group 1-38
2025-02-27 10:30:40,924 INFO o.a.j.t.JMeterThread: Thread finished: Thread Group 1-72
2025-02-27 10:30:40,929 INFO o.a.j.t.JMeterThread: Thread finished: Thread Group 1-57
2025-02-27 10:30:40,931 INFO o.a.j.t.JMeterThread: Thread finished: Thread Group 2-4
2025-02-27 10:30:40,940 INFO o.a.j.t.JMeterThread: Thread finished: Thread Group 1-27
2025-02-27 10:30:40,944 INFO o.a.j.t.JMeterThread: Thread finished: Thread Group 1-12
2025-02-27 10:30:41,016 INFO o.a.j.t.JMeterThread: Thread finished: Thread Group 2-1
2025-02-27 10:30:41,017 INFO o.a.j.t.JMeterThread: Thread finished: Thread Group 2-7
2025-02-27 10:30:41,031 INFO o.a.j.t.JMeterThread: Thread finished: Thread Group 1-39
2025-02-27 10:30:41,057 INFO o.a.j.t.JMeterThread: Thread finished: Thread Group 1-73
2025-02-27 10:30:41,063 INFO o.a.j.t.JMeterThread: Thread finished: Thread Group 1-58
2025-02-27 10:30:41,067 INFO o.a.j.t.JMeterThread: Thread finished: Thread Group 2-3
2025-02-27 10:30:41,071 INFO o.a.j.t.JMeterThread: Thread finished: Thread Group 1-28
2025-02-27 10:30:41,078 INFO o.a.j.t.JMeterThread: Thread finished: Thread Group 1-13
2025-02-27 10:30:41,114 INFO o.a.j.t.JMeterThread: Thread finished: Thread Group 2-18
2025-02-27 10:30:41,154 INFO o.a.j.t.JMeterThread: Thread finished: Thread Group 2-5
2025-02-27 10:30:41,166 INFO o.a.j.t.JMeterThread: Thread finished: Thread Group 2-11
2025-02-27 10:30:41,172 INFO o.a.j.t.JMeterThread: Thread finished: Thread Group 1-40
2025-02-27 10:30:41,193 INFO o.a.j.t.JMeterThread: Thread finished: Thread Group 1-74
2025-02-27 10:30:41,198 INFO o.a.j.t.JMeterThread: Thread finished: Thread Group 1-59
2025-02-27 10:30:41,207 INFO o.a.j.t.JMeterThread: Thread finished: Thread Group 1-29
2025-02-27 10:30:41,209 INFO o.a.j.t.JMeterThread: Thread finished: Thread Group 2-20
2025-02-27 10:30:41,210 INFO o.a.j.t.JMeterThread: Thread finished: Thread Group 1-14
2025-02-27 10:30:41,246 INFO o.a.j.t.JMeterThread: Thread finished: Thread Group 2-15
2025-02-27 10:30:41,271 INFO o.a.j.t.JMeterThread: Thread finished: Thread Group 2-2
2025-02-27 10:30:41,301 INFO o.a.j.t.JMeterThread: Stopping because end time detected by thread: Thread Group 1-41
2025-02-27 10:30:41,303 INFO o.a.j.t.JMeterThread: Thread finished: Thread Group 1-41
2025-02-27 10:30:41,308 INFO o.a.j.t.JMeterThread: Thread finished: Thread Group 1-75
2025-02-27 10:30:41,323 INFO o.a.j.t.JMeterThread: Stopping because end time detected by thread: Thread Group 1-60
2025-02-27 10:30:41,323 INFO o.a.j.t.JMeterThread: Thread finished: Thread Group 1-60
2025-02-27 10:30:41,323 INFO o.a.j.t.JMeterThread: Stopping because end time detected by thread: Thread Group 1-30
2025-02-27 10:30:41,323 INFO o.a.j.t.JMeterThread: Thread finished: Thread Group 1-30
2025-02-27 10:30:41,338 INFO o.a.j.t.JMeterThread: Stopping because end time detected by thread: Thread Group 1-15
2025-02-27 10:30:41,338 INFO o.a.j.t.JMeterThread: Thread finished: Thread Group 1-15
2025-02-27 10:30:41,354 INFO o.a.j.t.JMeterThread: Stopping because end time detected by thread: Thread Group 2-6
2025-02-27 10:30:41,354 INFO o.a.j.t.JMeterThread: Thread finished: Thread Group 2-6
2025-02-27 10:30:41,414 INFO o.a.j.t.JMeterThread: Stopping because end time detected by thread: Thread Group 2-12
2025-02-27 10:30:41,414 INFO o.a.j.t.JMeterThread: Thread finished: Thread Group 2-12
2025-02-27 10:30:41,429 INFO o.a.j.t.JMeterThread: Stopping because end time detected by thread: Thread Group 1-42
2025-02-27 10:30:41,429 INFO o.a.j.t.JMeterThread: Thread finished: Thread Group 1-42
2025-02-27 10:30:41,459 INFO o.a.j.t.JMeterThread: Stopping because end time detected by thread: Thread Group 1-61
2025-02-27 10:30:41,459 INFO o.a.j.t.JMeterThread: Thread finished: Thread Group 1-61
2025-02-27 10:30:41,459 INFO o.a.j.t.JMeterThread: Stopping because end time detected by thread: Thread Group 2-16
2025-02-27 10:30:41,459 INFO o.a.j.t.JMeterThread: Thread finished: Thread Group 2-16
2025-02-27 10:30:41,459 INFO o.a.j.t.JMeterThread: Stopping because end time detected by thread: Thread Group 2-10
2025-02-27 10:30:41,459 INFO o.a.j.t.JMeterThread: Thread finished: Thread Group 2-10
2025-02-27 10:30:41,459 INFO o.a.j.t.JMeterThread: Stopping because end time detected by thread: Thread Group 1-31
2025-02-27 10:30:41,459 INFO o.a.j.t.JMeterThread: Thread finished: Thread Group 1-31
2025-02-27 10:30:41,474 INFO o.a.j.t.JMeterThread: Stopping because end time detected by thread: Thread Group 1-16
2025-02-27 10:30:41,474 INFO o.a.j.t.JMeterThread: Thread finished: Thread Group 1-16
2025-02-27 10:30:41,474 INFO o.a.j.t.JMeterThread: Stopping because end time detected by thread: Thread Group 2-14
2025-02-27 10:30:41,474 INFO o.a.j.t.JMeterThread: Thread finished: Thread Group 2-14
2025-02-27 10:30:41,519 INFO o.a.j.t.JMeterThread: Stopping because end time detected by thread: Thread Group 4-1
2025-02-27 10:30:41,519 INFO o.a.j.t.JMeterThread: Stopping because end time detected by thread: Thread Group 2-19
2025-02-27 10:30:41,519 INFO o.a.j.t.JMeterThread: Thread finished: Thread Group 4-1
2025-02-27 10:30:41,519 INFO o.a.j.t.JMeterThread: Thread finished: Thread Group 2-19
2025-02-27 10:30:41,519 INFO o.a.j.t.JMeterThread: Stopping because end time detected by thread: Thread Group 5-2
2025-02-27 10:30:41,519 INFO o.a.j.t.JMeterThread: Thread finished: Thread Group 5-2
2025-02-27 10:30:41,519 INFO o.a.j.t.JMeterThread: Stopping because end time detected by thread: Thread Group 2-8
2025-02-27 10:30:41,519 INFO o.a.j.t.JMeterThread: Stopping because end time detected by thread: Thread Group 6-2
2025-02-27 10:30:41,519 INFO o.a.j.t.JMeterThread: Stopping because end time detected by thread: Thread Group 7-2
2025-02-27 10:30:41,519 INFO o.a.j.t.JMeterThread: Thread finished: Thread Group 2-8
2025-02-27 10:30:41,519 INFO o.a.j.t.JMeterThread: Thread finished: Thread Group 6-2
2025-02-27 10:30:41,519 INFO o.a.j.t.JMeterThread: Thread finished: Thread Group 7-2
2025-02-27 10:30:41,554 INFO o.a.j.t.JMeterThread: Stopping because end time detected by thread: Thread Group 2-9
2025-02-27 10:30:41,554 INFO o.a.j.t.JMeterThread: Thread finished: Thread Group 2-9
2025-02-27 10:30:41,554 INFO o.a.j.t.JMeterThread: Stopping because end time detected by thread: Thread Group 1-43
2025-02-27 10:30:41,554 INFO o.a.j.t.JMeterThread: Thread finished: Thread Group 1-43
2025-02-27 10:30:41,690 INFO o.a.j.t.JMeterThread: Stopping because end time detected by thread: Thread Group 1-44
2025-02-27 10:30:41,690 INFO o.a.j.t.JMeterThread: Thread finished: Thread Group 1-44
2025-02-27 10:30:41,765 INFO o.a.j.t.JMeterThread: Stopping because end time detected by thread: Thread Group 2-17
2025-02-27 10:30:41,765 INFO o.a.j.t.JMeterThread: Thread finished: Thread Group 2-17
2025-02-27 10:30:41,825 INFO o.a.j.t.JMeterThread: Stopping because end time detected by thread: Thread Group 1-45
2025-02-27 10:30:41,825 INFO o.a.j.t.JMeterThread: Thread finished: Thread Group 1-45
2025-02-27 10:30:41,880 INFO o.a.j.t.JMeterThread: Stopping because end time detected by thread: Thread Group 2-13
2025-02-27 10:30:41,880 INFO o.a.j.t.JMeterThread: Thread finished: Thread Group 2-13
2025-02-27 10:30:41,955 INFO o.a.j.t.JMeterThread: Stopping because end time detected by thread: Thread Group 1-46
2025-02-27 10:30:41,955 INFO o.a.j.t.JMeterThread: Thread finished: Thread Group 1-46
2025-02-27 10:30:42,000 INFO o.a.j.t.JMeterThread: Stopping because end time detected by thread: Thread Group 3-2
2025-02-27 10:30:42,015 INFO o.a.j.t.JMeterThread: Thread finished: Thread Group 3-2
2025-02-27 10:30:42,112 INFO o.a.j.t.JMeterThread: Stopping because end time detected by thread: Thread Group 3-1
2025-02-27 10:30:42,112 INFO o.a.j.t.JMeterThread: Thread finished: Thread Group 3-1
2025-02-27 10:30:42,127 INFO o.a.j.t.JMeterThread: Stopping because end time detected by thread: Thread Group 5-3
2025-02-27 10:30:42,127 INFO o.a.j.t.JMeterThread: Thread finished: Thread Group 5-3
2025-02-27 10:30:42,127 INFO o.a.j.t.JMeterThread: Stopping because end time detected by thread: Thread Group 7-3
2025-02-27 10:30:42,127 INFO o.a.j.t.JMeterThread: Thread finished: Thread Group 7-3
2025-02-27 10:30:42,127 INFO o.a.j.t.JMeterThread: Stopping because end time detected by thread: Thread Group 6-3
2025-02-27 10:30:42,127 INFO o.a.j.t.JMeterThread: Thread finished: Thread Group 6-3
2025-02-27 10:30:42,616 INFO o.a.j.t.JMeterThread: Stopping because end time detected by thread: Thread Group 4-2
2025-02-27 10:30:42,616 INFO o.a.j.t.JMeterThread: Thread finished: Thread Group 4-2
2025-02-27 10:30:42,722 INFO o.a.j.t.JMeterThread: Stopping because end time detected by thread: Thread Group 3-4
2025-02-27 10:30:42,722 INFO o.a.j.t.JMeterThread: Thread finished: Thread Group 3-4
2025-02-27 10:30:42,722 INFO o.a.j.t.JMeterThread: Stopping because end time detected by thread: Thread Group 4-4
2025-02-27 10:30:42,722 INFO o.a.j.t.JMeterThread: Thread finished: Thread Group 4-4
2025-02-27 10:30:42,722 INFO o.a.j.t.JMeterThread: Stopping because end time detected by thread: Thread Group 5-4
2025-02-27 10:30:42,722 INFO o.a.j.t.JMeterThread: Thread finished: Thread Group 5-4
2025-02-27 10:30:42,737 INFO o.a.j.t.JMeterThread: Stopping because end time detected by thread: Thread Group 7-4
2025-02-27 10:30:42,737 INFO o.a.j.t.JMeterThread: Thread finished: Thread Group 7-4
2025-02-27 10:30:42,737 INFO o.a.j.t.JMeterThread: Stopping because end time detected by thread: Thread Group 6-4
2025-02-27 10:30:42,737 INFO o.a.j.t.JMeterThread: Thread finished: Thread Group 6-4
2025-02-27 10:30:43,315 INFO o.a.j.t.JMeterThread: Stopping because end time detected by thread: Thread Group 3-3
2025-02-27 10:30:43,315 INFO o.a.j.t.JMeterThread: Thread finished: Thread Group 3-3
2025-02-27 10:30:43,315 INFO o.a.j.t.JMeterThread: Stopping because end time detected by thread: Thread Group 4-3
2025-02-27 10:30:43,315 INFO o.a.j.t.JMeterThread: Thread finished: Thread Group 4-3
2025-02-27 10:30:43,330 INFO o.a.j.t.JMeterThread: Stopping because end time detected by thread: Thread Group 7-5
2025-02-27 10:30:43,330 INFO o.a.j.t.JMeterThread: Stopping because end time detected by thread: Thread Group 5-5
2025-02-27 10:30:43,330 INFO o.a.j.t.JMeterThread: Thread finished: Thread Group 7-5
2025-02-27 10:30:43,330 INFO o.a.j.t.JMeterThread: Thread finished: Thread Group 5-5
2025-02-27 10:30:43,330 INFO o.a.j.t.JMeterThread: Stopping because end time detected by thread: Thread Group 6-5
2025-02-27 10:30:43,330 INFO o.a.j.t.JMeterThread: Thread finished: Thread Group 6-5
2025-02-27 10:30:43,913 INFO o.a.j.t.JMeterThread: Stopping because end time detected by thread: Thread Group 3-5
2025-02-27 10:30:43,913 INFO o.a.j.t.JMeterThread: Thread finished: Thread Group 3-5
2025-02-27 10:30:43,913 INFO o.a.j.t.JMeterThread: Stopping because end time detected by thread: Thread Group 5-1
2025-02-27 10:30:43,913 INFO o.a.j.t.JMeterThread: Stopping because end time detected by thread: Thread Group 4-5
2025-02-27 10:30:43,913 INFO o.a.j.t.JMeterThread: Thread finished: Thread Group 5-1
2025-02-27 10:30:43,913 INFO o.a.j.t.JMeterThread: Thread finished: Thread Group 4-5
2025-02-27 10:30:43,928 INFO o.a.j.t.JMeterThread: Stopping because end time detected by thread: Thread Group 7-1
2025-02-27 10:30:43,928 INFO o.a.j.t.JMeterThread: Stopping because end time detected by thread: Thread Group 6-1
2025-02-27 10:30:43,928 INFO o.a.j.t.JMeterThread: Thread finished: Thread Group 7-1
2025-02-27 10:30:43,928 INFO o.a.j.t.JMeterThread: Thread finished: Thread Group 6-1
2025-02-27 10:30:43,928 INFO o.a.j.e.StandardJMeterEngine: Notifying test listeners of end of test
2025-02-27 10:30:43,928 INFO o.a.j.r.Summariser: summary +    897 in 00:00:14 =   64.4/s Avg:   672 Min:   250 Max:  3503 Err:     0 (0.00%) Active: 0 Started: 120 Finished: 120
2025-02-27 10:30:43,928 INFO o.a.j.r.Summariser: summary =  44911 in 00:11:04 =   67.7/s Avg:   630 Min:   249 Max:  3574 Err:     0 (0.00%)
