2025-02-27 11:15:11,094 INFO o.a.j.u.JMeterUtils: Setting Locale to en_EN
2025-02-27 11:15:11,109 INFO o.a.j.JMeter: Loading user properties from: D:\Semester 7\CS4203 - Research and Development Project\Artifacts\apache-jmeter-5.6.3\bin\user.properties
2025-02-27 11:15:11,109 INFO o.a.j.JMeter: Loading system properties from: D:\Semester 7\CS4203 - Research and Development Project\Artifacts\apache-jmeter-5.6.3\bin\system.properties
2025-02-27 11:15:11,109 INFO o.a.j.JMeter: Setting JMeter property: lb_1_hostname=34.67.126.244
2025-02-27 11:15:11,109 INFO o.a.j.JMeter: Setting JMeter property: lb_2_hostname=35.232.62.106
2025-02-27 11:15:11,109 INFO o.a.j.JMeter: Setting JMeter property: lb_1_port=8090
2025-02-27 11:15:11,109 INFO o.a.j.JMeter: Setting JMeter property: lb_2_port=8091
2025-02-27 11:15:11,126 INFO o.a.j.JMeter: Setting JMeter property: warm_up_users=20
2025-02-27 11:15:11,126 INFO o.a.j.JMeter: Setting JMeter property: warm_up_time=60
2025-02-27 11:15:11,126 INFO o.a.j.JMeter: Setting JMeter property: test_run_time=600
2025-02-27 11:15:11,126 INFO o.a.j.JMeter: Setting JMeter property: ramp_up=10
2025-02-27 11:15:11,126 INFO o.a.j.JMeter: Setting JMeter property: group_1=75
2025-02-27 11:15:11,126 INFO o.a.j.JMeter: Setting JMeter property: group_2=20
2025-02-27 11:15:11,126 INFO o.a.j.JMeter: Setting JMeter property: group_3=5
2025-02-27 11:15:11,126 INFO o.a.j.JMeter: Setting JMeter property: group_1_request_rate=30
2025-02-27 11:15:11,126 INFO o.a.j.JMeter: Setting JMeter property: group_2_request_rate=90
2025-02-27 11:15:11,126 INFO o.a.j.JMeter: Setting JMeter property: group_3_request_rate=120
2025-02-27 11:15:11,126 INFO o.a.j.JMeter: Setting JMeter property: log_file=d:\Semester 7\CS4203 - Research and Development Project\Artifacts\rate-limiter-nginx\jmeter\cloud\2025_02_27_09_12_logs\sliding_window_logs\redis_async_rate_limit_100_window_size_60_batch_percent_0.5\warm_up_results.csv
2025-02-27 11:15:11,126 INFO o.a.j.JMeter: Setting JMeter property: algorithm=sliding_window_logs_redis_async_rate_limit_100_window_size_60_batch_percent_0.5
2025-02-27 11:15:11,126 INFO o.a.j.JMeter: Setting JMeter property: auth=/sliding_window_logs/redis_async_rate_limit_100_window_size_60_batch_percent_0.5/tools.descartes.teastore.auth/rest
2025-02-27 11:15:11,126 INFO o.a.j.JMeter: Setting JMeter property: persistence=/sliding_window_logs/redis_async_rate_limit_100_window_size_60_batch_percent_0.5/tools.descartes.teastore.persistence/rest
2025-02-27 11:15:11,126 INFO o.a.j.JMeter: Setting JMeter property: recommender=/sliding_window_logs/redis_async_rate_limit_100_window_size_60_batch_percent_0.5/tools.descartes.teastore.recommender/rest
2025-02-27 11:15:11,126 INFO o.a.j.JMeter: Setting JMeter property: image=/sliding_window_logs/redis_async_rate_limit_100_window_size_60_batch_percent_0.5/tools.descartes.teastore.image/rest
2025-02-27 11:15:11,126 INFO o.a.j.JMeter: Copyright (c) 1998-2024 The Apache Software Foundation
2025-02-27 11:15:11,126 INFO o.a.j.JMeter: Version 5.6.3
2025-02-27 11:15:11,126 INFO o.a.j.JMeter: java.version=11.0.22
2025-02-27 11:15:11,126 INFO o.a.j.JMeter: java.vm.name=Java HotSpot(TM) 64-Bit Server VM
2025-02-27 11:15:11,126 INFO o.a.j.JMeter: os.name=Windows 10
2025-02-27 11:15:11,126 INFO o.a.j.JMeter: os.arch=amd64
2025-02-27 11:15:11,126 INFO o.a.j.JMeter: os.version=10.0
2025-02-27 11:15:11,126 INFO o.a.j.JMeter: file.encoding=Cp1252
2025-02-27 11:15:11,126 INFO o.a.j.JMeter: java.awt.headless=true
2025-02-27 11:15:11,126 INFO o.a.j.JMeter: Max memory     =1073741824
2025-02-27 11:15:11,126 INFO o.a.j.JMeter: Available Processors =12
2025-02-27 11:15:11,141 INFO o.a.j.JMeter: Default Locale=English (EN)
2025-02-27 11:15:11,141 INFO o.a.j.JMeter: JMeter  Locale=English (EN)
2025-02-27 11:15:11,141 INFO o.a.j.JMeter: JMeterHome=D:\Semester 7\CS4203 - Research and Development Project\Artifacts\apache-jmeter-5.6.3
2025-02-27 11:15:11,141 INFO o.a.j.JMeter: user.dir  =D:\Semester 7\CS4203 - Research and Development Project\Artifacts\rate-limiter-nginx
2025-02-27 11:15:11,156 INFO o.a.j.JMeter: PWD       =D:\Semester 7\CS4203 - Research and Development Project\Artifacts\rate-limiter-nginx
2025-02-27 11:15:11,156 INFO o.a.j.JMeter: IP: 10.10.21.101 Name: KOBI-MSI-PC FullName: 10.10.21.101
2025-02-27 11:15:11,171 INFO o.a.j.s.FileServer: Default base='D:\Semester 7\CS4203 - Research and Development Project\Artifacts\rate-limiter-nginx'
2025-02-27 11:15:11,171 INFO o.a.j.s.FileServer: Set new base='d:\Semester 7\CS4203 - Research and Development Project\Artifacts\rate-limiter-nginx\jmeter\cloud'
2025-02-27 11:15:11,412 INFO o.a.j.s.SaveService: Testplan (JMX) version: 2.2. Testlog (JTL) version: 2.2
2025-02-27 11:15:11,442 INFO o.a.j.s.SaveService: Using SaveService properties version 5.0
2025-02-27 11:15:11,442 INFO o.a.j.s.SaveService: Using SaveService properties file encoding UTF-8
2025-02-27 11:15:11,457 INFO o.a.j.s.SaveService: Loading file: d:\Semester 7\CS4203 - Research and Development Project\Artifacts\rate-limiter-nginx\jmeter\cloud\teastore_performance.jmx
2025-02-27 11:15:11,517 INFO o.a.j.p.h.c.CookieManager: Settings: Delete null: true Check: true Allow variable: true Save: false Prefix: COOKIE_
2025-02-27 11:15:11,532 INFO o.a.j.p.h.s.HTTPSamplerBase: Parser for text/html is org.apache.jmeter.protocol.http.parser.LagartoBasedHtmlParser
2025-02-27 11:15:11,532 INFO o.a.j.p.h.s.HTTPSamplerBase: Parser for application/xhtml+xml is org.apache.jmeter.protocol.http.parser.LagartoBasedHtmlParser
2025-02-27 11:15:11,532 INFO o.a.j.p.h.s.HTTPSamplerBase: Parser for application/xml is org.apache.jmeter.protocol.http.parser.LagartoBasedHtmlParser
2025-02-27 11:15:11,532 INFO o.a.j.p.h.s.HTTPSamplerBase: Parser for text/xml is org.apache.jmeter.protocol.http.parser.LagartoBasedHtmlParser
2025-02-27 11:15:11,532 INFO o.a.j.p.h.s.HTTPSamplerBase: Parser for text/vnd.wap.wml is org.apache.jmeter.protocol.http.parser.RegexpHTMLParser
2025-02-27 11:15:11,532 INFO o.a.j.p.h.s.HTTPSamplerBase: Parser for text/css is org.apache.jmeter.protocol.http.parser.CssParser
2025-02-27 11:15:11,698 INFO o.a.j.s.SampleResult: Note: Sample TimeStamps are START times
2025-02-27 11:15:11,698 INFO o.a.j.s.SampleResult: sampleresult.default.encoding is set to UTF-8
2025-02-27 11:15:11,698 INFO o.a.j.s.SampleResult: sampleresult.useNanoTime=true
2025-02-27 11:15:11,698 INFO o.a.j.s.SampleResult: sampleresult.nanoThreadSleep=5000
2025-02-27 11:15:11,743 INFO o.a.j.JMeter: Creating summariser <summary>
2025-02-27 11:15:11,770 INFO o.a.j.e.StandardJMeterEngine: Running the test!
2025-02-27 11:15:11,771 INFO o.a.j.s.SampleEvent: List of sample_variables: []
2025-02-27 11:15:11,771 INFO o.a.j.s.SampleEvent: List of sample_variables: []
2025-02-27 11:15:11,785 INFO o.a.j.e.u.CompoundVariable: Note: Function class names must contain the string: '.functions.'
2025-02-27 11:15:11,785 INFO o.a.j.e.u.CompoundVariable: Note: Function class names must not contain the string: '.gui.'
2025-02-27 11:15:12,078 INFO o.a.j.r.ClassFinder: Will scan jar D:\Semester 7\CS4203 - Research and Development Project\Artifacts\apache-jmeter-5.6.3\lib\ext\jmeter-plugins-casutg-2.10.jar with filter ExtendsClassFilter [parents=[interface org.apache.jmeter.functions.Function], inner=false, contains=null, notContains=null]. Consider exposing JMeter plugins via META-INF/services, and add JMeter-Skip-Class-Scanning=true manifest attribute so JMeter can skip classfile scanning
2025-02-27 11:15:12,094 INFO o.a.j.r.ClassFinder: Will scan jar D:\Semester 7\CS4203 - Research and Development Project\Artifacts\apache-jmeter-5.6.3\lib\ext\jmeter-plugins-graphs-additional-2.0.jar with filter ExtendsClassFilter [parents=[interface org.apache.jmeter.functions.Function], inner=false, contains=null, notContains=null]. Consider exposing JMeter plugins via META-INF/services, and add JMeter-Skip-Class-Scanning=true manifest attribute so JMeter can skip classfile scanning
2025-02-27 11:15:12,094 INFO o.a.j.r.ClassFinder: Will scan jar D:\Semester 7\CS4203 - Research and Development Project\Artifacts\apache-jmeter-5.6.3\lib\ext\jmeter-plugins-perfmon-2.1.jar with filter ExtendsClassFilter [parents=[interface org.apache.jmeter.functions.Function], inner=false, contains=null, notContains=null]. Consider exposing JMeter plugins via META-INF/services, and add JMeter-Skip-Class-Scanning=true manifest attribute so JMeter can skip classfile scanning
2025-02-27 11:15:12,109 INFO o.a.j.r.ClassFinder: Will scan jar D:\Semester 7\CS4203 - Research and Development Project\Artifacts\apache-jmeter-5.6.3\lib\ext\json-lib-2.4-jdk15.jar with filter ExtendsClassFilter [parents=[interface org.apache.jmeter.functions.Function], inner=false, contains=null, notContains=null]. Consider exposing JMeter plugins via META-INF/services, and add JMeter-Skip-Class-Scanning=true manifest attribute so JMeter can skip classfile scanning
2025-02-27 11:15:12,124 INFO o.a.j.r.ClassFinder: Will scan jar D:\Semester 7\CS4203 - Research and Development Project\Artifacts\apache-jmeter-5.6.3\lib\ext\perfmon-2.2.2.jar with filter ExtendsClassFilter [parents=[interface org.apache.jmeter.functions.Function], inner=false, contains=null, notContains=null]. Consider exposing JMeter plugins via META-INF/services, and add JMeter-Skip-Class-Scanning=true manifest attribute so JMeter can skip classfile scanning
2025-02-27 11:15:12,140 INFO o.a.j.r.ClassFinder: Will scan jar D:\Semester 7\CS4203 - Research and Development Project\Artifacts\apache-jmeter-5.6.3\lib\ext\jmeter-plugins-manager-1.10.jar with filter ExtendsClassFilter [parents=[interface org.apache.jmeter.functions.Function], inner=false, contains=null, notContains=null]. Consider exposing JMeter plugins via META-INF/services, and add JMeter-Skip-Class-Scanning=true manifest attribute so JMeter can skip classfile scanning
2025-02-27 11:15:12,247 INFO o.a.j.r.ClassFinder: Will scan jar D:\Semester 7\CS4203 - Research and Development Project\Artifacts\apache-jmeter-5.6.3\lib\ext\jmeter-plugins-graphs-vs-2.0.jar with filter ExtendsClassFilter [parents=[interface org.apache.jmeter.functions.Function], inner=false, contains=null, notContains=null]. Consider exposing JMeter plugins via META-INF/services, and add JMeter-Skip-Class-Scanning=true manifest attribute so JMeter can skip classfile scanning
2025-02-27 11:15:12,262 INFO o.a.j.r.ClassFinder: Will scan jar D:\Semester 7\CS4203 - Research and Development Project\Artifacts\apache-jmeter-5.6.3\lib\ext\jmeter-parallel-0.12.jar with filter ExtendsClassFilter [parents=[interface org.apache.jmeter.functions.Function], inner=false, contains=null, notContains=null]. Consider exposing JMeter plugins via META-INF/services, and add JMeter-Skip-Class-Scanning=true manifest attribute so JMeter can skip classfile scanning
2025-02-27 11:15:12,262 INFO o.a.j.r.ClassFinder: Will scan jar D:\Semester 7\CS4203 - Research and Development Project\Artifacts\apache-jmeter-5.6.3\lib\ext\jmeter-plugins-tst-2.6.jar with filter ExtendsClassFilter [parents=[interface org.apache.jmeter.functions.Function], inner=false, contains=null, notContains=null]. Consider exposing JMeter plugins via META-INF/services, and add JMeter-Skip-Class-Scanning=true manifest attribute so JMeter can skip classfile scanning
2025-02-27 11:15:12,262 INFO o.a.j.r.ClassFinder: Will scan jar D:\Semester 7\CS4203 - Research and Development Project\Artifacts\apache-jmeter-5.6.3\lib\ext\jmeter-prometheus-plugin-0.6.0.jar with filter ExtendsClassFilter [parents=[interface org.apache.jmeter.functions.Function], inner=false, contains=null, notContains=null]. Consider exposing JMeter plugins via META-INF/services, and add JMeter-Skip-Class-Scanning=true manifest attribute so JMeter can skip classfile scanning
2025-02-27 11:15:12,277 INFO o.a.j.r.ClassFinder: Will scan jar D:\Semester 7\CS4203 - Research and Development Project\Artifacts\apache-jmeter-5.6.3\lib\ext\jmeter-plugins-graphs-basic-2.0.jar with filter ExtendsClassFilter [parents=[interface org.apache.jmeter.functions.Function], inner=false, contains=null, notContains=null]. Consider exposing JMeter plugins via META-INF/services, and add JMeter-Skip-Class-Scanning=true manifest attribute so JMeter can skip classfile scanning
2025-02-27 11:15:12,708 INFO o.a.j.JMeter: Running test (1740635112708)
2025-02-27 11:15:12,708 INFO o.a.j.e.StandardJMeterEngine: Starting setUp thread groups
2025-02-27 11:15:12,708 INFO o.a.j.e.StandardJMeterEngine: Starting setUp ThreadGroup: 1 : setUp Thread Group 
2025-02-27 11:15:12,708 INFO o.a.j.e.StandardJMeterEngine: Starting 20 threads for group setUp Thread Group.
2025-02-27 11:15:12,708 INFO o.a.j.e.StandardJMeterEngine: Thread will continue on error
2025-02-27 11:15:12,708 INFO o.a.j.t.ThreadGroup: Starting thread group... number=1 threads=20 ramp-up=10 delayedStart=false
2025-02-27 11:15:12,723 INFO o.a.j.t.JMeterThread: Thread started: setUp Thread Group 1-1
2025-02-27 11:15:12,787 INFO o.a.j.t.ThreadGroup: Started thread group number 1
2025-02-27 11:15:12,787 INFO o.a.j.e.StandardJMeterEngine: Waiting for all setup thread groups to exit
2025-02-27 11:15:13,232 INFO o.a.j.t.JMeterThread: Thread started: setUp Thread Group 1-2
2025-02-27 11:15:13,723 INFO o.a.j.t.JMeterThread: Thread started: setUp Thread Group 1-3
2025-02-27 11:15:13,769 INFO o.a.j.p.h.s.HTTPHCAbstractImpl: Local host = KOBI-MSI-PC
2025-02-27 11:15:13,776 INFO o.a.j.p.h.s.HTTPHC4Impl: HTTP request retry count = 0
2025-02-27 11:15:14,229 INFO o.a.j.t.JMeterThread: Thread started: setUp Thread Group 1-4
2025-02-27 11:15:14,727 INFO o.a.j.t.JMeterThread: Thread started: setUp Thread Group 1-5
2025-02-27 11:15:15,215 INFO o.a.j.t.JMeterThread: Thread started: setUp Thread Group 1-6
2025-02-27 11:15:15,715 INFO o.a.j.t.JMeterThread: Thread started: setUp Thread Group 1-7
2025-02-27 11:15:16,216 INFO o.a.j.t.JMeterThread: Thread started: setUp Thread Group 1-8
2025-02-27 11:15:16,714 INFO o.a.j.t.JMeterThread: Thread started: setUp Thread Group 1-9
2025-02-27 11:15:17,215 INFO o.a.j.t.JMeterThread: Thread started: setUp Thread Group 1-10
2025-02-27 11:15:17,713 INFO o.a.j.t.JMeterThread: Thread started: setUp Thread Group 1-11
2025-02-27 11:15:18,216 INFO o.a.j.t.JMeterThread: Thread started: setUp Thread Group 1-12
2025-02-27 11:15:18,713 INFO o.a.j.t.JMeterThread: Thread started: setUp Thread Group 1-13
2025-02-27 11:15:19,214 INFO o.a.j.t.JMeterThread: Thread started: setUp Thread Group 1-14
2025-02-27 11:15:19,713 INFO o.a.j.t.JMeterThread: Thread started: setUp Thread Group 1-15
2025-02-27 11:15:20,213 INFO o.a.j.t.JMeterThread: Thread started: setUp Thread Group 1-16
2025-02-27 11:15:20,712 INFO o.a.j.t.JMeterThread: Thread started: setUp Thread Group 1-17
2025-02-27 11:15:21,212 INFO o.a.j.t.JMeterThread: Thread started: setUp Thread Group 1-18
2025-02-27 11:15:21,711 INFO o.a.j.t.JMeterThread: Thread started: setUp Thread Group 1-19
2025-02-27 11:15:22,212 INFO o.a.j.t.JMeterThread: Thread started: setUp Thread Group 1-20
2025-02-27 11:16:12,544 INFO o.a.j.t.JMeterThread: Thread finished: setUp Thread Group 1-3
2025-02-27 11:16:12,544 INFO o.a.j.t.JMeterThread: Thread finished: setUp Thread Group 1-4
2025-02-27 11:16:12,547 INFO o.a.j.t.JMeterThread: Thread finished: setUp Thread Group 1-1
2025-02-27 11:16:12,547 INFO o.a.j.t.JMeterThread: Thread finished: setUp Thread Group 1-2
2025-02-27 11:16:12,584 INFO o.a.j.t.JMeterThread: Thread finished: setUp Thread Group 1-12
2025-02-27 11:16:12,621 INFO o.a.j.t.JMeterThread: Thread finished: setUp Thread Group 1-15
2025-02-27 11:16:12,629 INFO o.a.j.t.JMeterThread: Thread finished: setUp Thread Group 1-18
2025-02-27 11:16:12,631 INFO o.a.j.t.JMeterThread: Thread finished: setUp Thread Group 1-11
2025-02-27 11:16:12,637 INFO o.a.j.t.JMeterThread: Thread finished: setUp Thread Group 1-14
2025-02-27 11:16:12,708 INFO o.a.j.t.JMeterThread: Thread finished: setUp Thread Group 1-20
2025-02-27 11:16:12,768 INFO o.a.j.t.JMeterThread: Thread finished: setUp Thread Group 1-17
2025-02-27 11:16:12,802 INFO o.a.j.t.JMeterThread: Stopping because end time detected by thread: setUp Thread Group 1-16
2025-02-27 11:16:12,802 INFO o.a.j.t.JMeterThread: Thread finished: setUp Thread Group 1-16
2025-02-27 11:16:12,802 INFO o.a.j.t.JMeterThread: Stopping because end time detected by thread: setUp Thread Group 1-5
2025-02-27 11:16:12,802 INFO o.a.j.t.JMeterThread: Stopping because end time detected by thread: setUp Thread Group 1-19
2025-02-27 11:16:12,802 INFO o.a.j.t.JMeterThread: Thread finished: setUp Thread Group 1-5
2025-02-27 11:16:12,802 INFO o.a.j.t.JMeterThread: Thread finished: setUp Thread Group 1-19
2025-02-27 11:16:12,817 INFO o.a.j.t.JMeterThread: Stopping because end time detected by thread: setUp Thread Group 1-13
2025-02-27 11:16:12,817 INFO o.a.j.t.JMeterThread: Stopping because end time detected by thread: setUp Thread Group 1-10
2025-02-27 11:16:12,817 INFO o.a.j.t.JMeterThread: Thread finished: setUp Thread Group 1-13
2025-02-27 11:16:12,817 INFO o.a.j.t.JMeterThread: Thread finished: setUp Thread Group 1-10
2025-02-27 11:16:12,892 INFO o.a.j.t.JMeterThread: Stopping because end time detected by thread: setUp Thread Group 1-7
2025-02-27 11:16:12,892 INFO o.a.j.t.JMeterThread: Thread finished: setUp Thread Group 1-7
2025-02-27 11:16:12,937 INFO o.a.j.t.JMeterThread: Stopping because end time detected by thread: setUp Thread Group 1-9
2025-02-27 11:16:12,937 INFO o.a.j.t.JMeterThread: Thread finished: setUp Thread Group 1-9
2025-02-27 11:16:12,937 INFO o.a.j.t.JMeterThread: Stopping because end time detected by thread: setUp Thread Group 1-6
2025-02-27 11:16:12,937 INFO o.a.j.t.JMeterThread: Thread finished: setUp Thread Group 1-6
2025-02-27 11:16:12,967 INFO o.a.j.t.JMeterThread: Stopping because end time detected by thread: setUp Thread Group 1-8
2025-02-27 11:16:12,967 INFO o.a.j.t.JMeterThread: Thread finished: setUp Thread Group 1-8
2025-02-27 11:16:12,967 INFO o.a.j.e.StandardJMeterEngine: All Setup Threads have ended
2025-02-27 11:16:13,012 INFO o.a.j.e.StandardJMeterEngine: Starting ThreadGroup: 1 : Thread-Gruppe
2025-02-27 11:16:13,012 INFO o.a.j.e.StandardJMeterEngine: Starting 75 threads for group Thread-Gruppe.
2025-02-27 11:16:13,012 INFO o.a.j.e.StandardJMeterEngine: Thread will continue on error
2025-02-27 11:16:13,012 INFO o.a.j.t.ThreadGroup: Starting thread group... number=1 threads=75 ramp-up=10 delayedStart=false
2025-02-27 11:16:13,012 INFO o.a.j.t.JMeterThread: Thread started: Thread-Gruppe 1-1
2025-02-27 11:16:13,109 INFO o.a.j.t.ThreadGroup: Started thread group number 1
2025-02-27 11:16:13,109 INFO o.a.j.e.StandardJMeterEngine: Starting ThreadGroup: 2 : Thread-Gruppe
2025-02-27 11:16:13,109 INFO o.a.j.e.StandardJMeterEngine: Starting 20 threads for group Thread-Gruppe.
2025-02-27 11:16:13,109 INFO o.a.j.e.StandardJMeterEngine: Thread will continue on error
2025-02-27 11:16:13,110 INFO o.a.j.t.ThreadGroup: Starting thread group... number=2 threads=20 ramp-up=10 delayedStart=false
2025-02-27 11:16:13,112 INFO o.a.j.t.JMeterThread: Thread started: Thread-Gruppe 2-1
2025-02-27 11:16:13,130 INFO o.a.j.t.ThreadGroup: Started thread group number 2
2025-02-27 11:16:13,130 INFO o.a.j.e.StandardJMeterEngine: Starting ThreadGroup: 3 : Thread-Gruppe
2025-02-27 11:16:13,130 INFO o.a.j.e.StandardJMeterEngine: Starting 5 threads for group Thread-Gruppe.
2025-02-27 11:16:13,130 INFO o.a.j.e.StandardJMeterEngine: Thread will continue on error
2025-02-27 11:16:13,130 INFO o.a.j.t.ThreadGroup: Starting thread group... number=3 threads=5 ramp-up=10 delayedStart=false
2025-02-27 11:16:13,132 INFO o.a.j.t.JMeterThread: Thread started: Thread-Gruppe 3-1
2025-02-27 11:16:13,135 INFO o.a.j.t.ThreadGroup: Started thread group number 3
2025-02-27 11:16:13,136 INFO o.a.j.e.StandardJMeterEngine: All thread groups have been started
2025-02-27 11:16:13,157 INFO o.a.j.t.JMeterThread: Thread started: Thread-Gruppe 1-2
2025-02-27 11:16:13,291 INFO o.a.j.t.JMeterThread: Thread started: Thread-Gruppe 1-3
2025-02-27 11:16:13,425 INFO o.a.j.t.JMeterThread: Thread started: Thread-Gruppe 1-4
2025-02-27 11:16:13,548 INFO o.a.j.t.JMeterThread: Thread started: Thread-Gruppe 1-5
2025-02-27 11:16:13,613 INFO o.a.j.t.JMeterThread: Thread started: Thread-Gruppe 2-2
2025-02-27 11:16:13,680 INFO o.a.j.t.JMeterThread: Thread started: Thread-Gruppe 1-6
2025-02-27 11:16:13,813 INFO o.a.j.t.JMeterThread: Thread started: Thread-Gruppe 1-7
2025-02-27 11:16:13,947 INFO o.a.j.t.JMeterThread: Thread started: Thread-Gruppe 1-8
2025-02-27 11:16:14,080 INFO o.a.j.t.JMeterThread: Thread started: Thread-Gruppe 1-9
2025-02-27 11:16:14,113 INFO o.a.j.t.JMeterThread: Thread started: Thread-Gruppe 2-3
2025-02-27 11:16:14,213 INFO o.a.j.t.JMeterThread: Thread started: Thread-Gruppe 1-10
2025-02-27 11:16:14,344 INFO o.a.j.t.JMeterThread: Thread started: Thread-Gruppe 1-11
2025-02-27 11:16:14,478 INFO o.a.j.t.JMeterThread: Thread started: Thread-Gruppe 1-12
2025-02-27 11:16:14,612 INFO o.a.j.t.JMeterThread: Thread started: Thread-Gruppe 2-4
2025-02-27 11:16:14,612 INFO o.a.j.t.JMeterThread: Thread started: Thread-Gruppe 1-13
2025-02-27 11:16:14,745 INFO o.a.j.t.JMeterThread: Thread started: Thread-Gruppe 1-14
2025-02-27 11:16:14,878 INFO o.a.j.t.JMeterThread: Thread started: Thread-Gruppe 1-15
2025-02-27 11:16:15,010 INFO o.a.j.t.JMeterThread: Thread started: Thread-Gruppe 1-16
2025-02-27 11:16:15,112 INFO o.a.j.t.JMeterThread: Thread started: Thread-Gruppe 2-5
2025-02-27 11:16:15,132 INFO o.a.j.t.JMeterThread: Thread started: Thread-Gruppe 3-2
2025-02-27 11:16:15,144 INFO o.a.j.t.JMeterThread: Thread started: Thread-Gruppe 1-17
2025-02-27 11:16:15,277 INFO o.a.j.t.JMeterThread: Thread started: Thread-Gruppe 1-18
2025-02-27 11:16:15,409 INFO o.a.j.t.JMeterThread: Thread started: Thread-Gruppe 1-19
2025-02-27 11:16:15,542 INFO o.a.j.t.JMeterThread: Thread started: Thread-Gruppe 1-20
2025-02-27 11:16:15,612 INFO o.a.j.t.JMeterThread: Thread started: Thread-Gruppe 2-6
2025-02-27 11:16:15,675 INFO o.a.j.t.JMeterThread: Thread started: Thread-Gruppe 1-21
2025-02-27 11:16:15,807 INFO o.a.j.t.JMeterThread: Thread started: Thread-Gruppe 1-22
2025-02-27 11:16:15,941 INFO o.a.j.t.JMeterThread: Thread started: Thread-Gruppe 1-23
2025-02-27 11:16:16,074 INFO o.a.j.t.JMeterThread: Thread started: Thread-Gruppe 1-24
2025-02-27 11:16:16,112 INFO o.a.j.t.JMeterThread: Thread started: Thread-Gruppe 2-7
2025-02-27 11:16:16,207 INFO o.a.j.t.JMeterThread: Thread started: Thread-Gruppe 1-25
2025-02-27 11:16:16,340 INFO o.a.j.t.JMeterThread: Thread started: Thread-Gruppe 1-26
2025-02-27 11:16:16,474 INFO o.a.j.t.JMeterThread: Thread started: Thread-Gruppe 1-27
2025-02-27 11:16:16,606 INFO o.a.j.t.JMeterThread: Thread started: Thread-Gruppe 1-28
2025-02-27 11:16:16,614 INFO o.a.j.t.JMeterThread: Thread started: Thread-Gruppe 2-8
2025-02-27 11:16:16,738 INFO o.a.j.t.JMeterThread: Thread started: Thread-Gruppe 1-29
2025-02-27 11:16:16,872 INFO o.a.j.t.JMeterThread: Thread started: Thread-Gruppe 1-30
2025-02-27 11:16:17,005 INFO o.a.j.t.JMeterThread: Thread started: Thread-Gruppe 1-31
2025-02-27 11:16:17,114 INFO o.a.j.t.JMeterThread: Thread started: Thread-Gruppe 2-9
2025-02-27 11:16:17,133 INFO o.a.j.t.JMeterThread: Thread started: Thread-Gruppe 3-3
2025-02-27 11:16:17,138 INFO o.a.j.t.JMeterThread: Thread started: Thread-Gruppe 1-32
2025-02-27 11:16:17,270 INFO o.a.j.t.JMeterThread: Thread started: Thread-Gruppe 1-33
2025-02-27 11:16:17,403 INFO o.a.j.t.JMeterThread: Thread started: Thread-Gruppe 1-34
2025-02-27 11:16:17,538 INFO o.a.j.t.JMeterThread: Thread started: Thread-Gruppe 1-35
2025-02-27 11:16:17,613 INFO o.a.j.t.JMeterThread: Thread started: Thread-Gruppe 2-10
2025-02-27 11:16:17,669 INFO o.a.j.t.JMeterThread: Thread started: Thread-Gruppe 1-36
2025-02-27 11:16:17,803 INFO o.a.j.t.JMeterThread: Thread started: Thread-Gruppe 1-37
2025-02-27 11:16:17,935 INFO o.a.j.t.JMeterThread: Thread started: Thread-Gruppe 1-38
2025-02-27 11:16:18,069 INFO o.a.j.t.JMeterThread: Thread started: Thread-Gruppe 1-39
2025-02-27 11:16:18,114 INFO o.a.j.t.JMeterThread: Thread started: Thread-Gruppe 2-11
2025-02-27 11:16:18,201 INFO o.a.j.t.JMeterThread: Thread started: Thread-Gruppe 1-40
2025-02-27 11:16:18,334 INFO o.a.j.t.JMeterThread: Thread started: Thread-Gruppe 1-41
2025-02-27 11:16:18,468 INFO o.a.j.t.JMeterThread: Thread started: Thread-Gruppe 1-42
2025-02-27 11:16:18,601 INFO o.a.j.t.JMeterThread: Thread started: Thread-Gruppe 1-43
2025-02-27 11:16:18,614 INFO o.a.j.t.JMeterThread: Thread started: Thread-Gruppe 2-12
2025-02-27 11:16:18,734 INFO o.a.j.t.JMeterThread: Thread started: Thread-Gruppe 1-44
2025-02-27 11:16:18,868 INFO o.a.j.t.JMeterThread: Thread started: Thread-Gruppe 1-45
2025-02-27 11:16:19,000 INFO o.a.j.t.JMeterThread: Thread started: Thread-Gruppe 1-46
2025-02-27 11:16:19,113 INFO o.a.j.t.JMeterThread: Thread started: Thread-Gruppe 2-13
2025-02-27 11:16:19,132 INFO o.a.j.t.JMeterThread: Thread started: Thread-Gruppe 1-47
2025-02-27 11:16:19,133 INFO o.a.j.t.JMeterThread: Thread started: Thread-Gruppe 3-4
2025-02-27 11:16:19,265 INFO o.a.j.t.JMeterThread: Thread started: Thread-Gruppe 1-48
2025-02-27 11:16:19,398 INFO o.a.j.t.JMeterThread: Thread started: Thread-Gruppe 1-49
2025-02-27 11:16:19,531 INFO o.a.j.t.JMeterThread: Thread started: Thread-Gruppe 1-50
2025-02-27 11:16:19,612 INFO o.a.j.t.JMeterThread: Thread started: Thread-Gruppe 2-14
2025-02-27 11:16:19,664 INFO o.a.j.t.JMeterThread: Thread started: Thread-Gruppe 1-51
2025-02-27 11:16:19,797 INFO o.a.j.t.JMeterThread: Thread started: Thread-Gruppe 1-52
2025-02-27 11:16:19,930 INFO o.a.j.t.JMeterThread: Thread started: Thread-Gruppe 1-53
2025-02-27 11:16:20,063 INFO o.a.j.t.JMeterThread: Thread started: Thread-Gruppe 1-54
2025-02-27 11:16:20,112 INFO o.a.j.t.JMeterThread: Thread started: Thread-Gruppe 2-15
2025-02-27 11:16:20,196 INFO o.a.j.t.JMeterThread: Thread started: Thread-Gruppe 1-55
2025-02-27 11:16:20,329 INFO o.a.j.t.JMeterThread: Thread started: Thread-Gruppe 1-56
2025-02-27 11:16:20,464 INFO o.a.j.t.JMeterThread: Thread started: Thread-Gruppe 1-57
2025-02-27 11:16:20,596 INFO o.a.j.t.JMeterThread: Thread started: Thread-Gruppe 1-58
2025-02-27 11:16:20,613 INFO o.a.j.t.JMeterThread: Thread started: Thread-Gruppe 2-16
2025-02-27 11:16:20,729 INFO o.a.j.t.JMeterThread: Thread started: Thread-Gruppe 1-59
2025-02-27 11:16:20,862 INFO o.a.j.t.JMeterThread: Thread started: Thread-Gruppe 1-60
2025-02-27 11:16:20,994 INFO o.a.j.t.JMeterThread: Thread started: Thread-Gruppe 1-61
2025-02-27 11:16:21,112 INFO o.a.j.t.JMeterThread: Thread started: Thread-Gruppe 2-17
2025-02-27 11:16:21,127 INFO o.a.j.t.JMeterThread: Thread started: Thread-Gruppe 1-62
2025-02-27 11:16:21,132 INFO o.a.j.t.JMeterThread: Thread started: Thread-Gruppe 3-5
2025-02-27 11:16:21,260 INFO o.a.j.t.JMeterThread: Thread started: Thread-Gruppe 1-63
2025-02-27 11:16:21,393 INFO o.a.j.t.JMeterThread: Thread started: Thread-Gruppe 1-64
2025-02-27 11:16:21,527 INFO o.a.j.t.JMeterThread: Thread started: Thread-Gruppe 1-65
2025-02-27 11:16:21,613 INFO o.a.j.t.JMeterThread: Thread started: Thread-Gruppe 2-18
2025-02-27 11:16:21,659 INFO o.a.j.t.JMeterThread: Thread started: Thread-Gruppe 1-66
2025-02-27 11:16:21,793 INFO o.a.j.t.JMeterThread: Thread started: Thread-Gruppe 1-67
2025-02-27 11:16:21,925 INFO o.a.j.t.JMeterThread: Thread started: Thread-Gruppe 1-68
2025-02-27 11:16:22,059 INFO o.a.j.t.JMeterThread: Thread started: Thread-Gruppe 1-69
2025-02-27 11:16:22,112 INFO o.a.j.t.JMeterThread: Thread started: Thread-Gruppe 2-19
2025-02-27 11:16:22,191 INFO o.a.j.t.JMeterThread: Thread started: Thread-Gruppe 1-70
2025-02-27 11:16:22,325 INFO o.a.j.t.JMeterThread: Thread started: Thread-Gruppe 1-71
2025-02-27 11:16:22,457 INFO o.a.j.t.JMeterThread: Thread started: Thread-Gruppe 1-72
2025-02-27 11:16:22,591 INFO o.a.j.t.JMeterThread: Thread started: Thread-Gruppe 1-73
2025-02-27 11:16:22,612 INFO o.a.j.t.JMeterThread: Thread started: Thread-Gruppe 2-20
2025-02-27 11:16:22,724 INFO o.a.j.t.JMeterThread: Thread started: Thread-Gruppe 1-74
2025-02-27 11:16:22,857 INFO o.a.j.t.JMeterThread: Thread started: Thread-Gruppe 1-75
2025-02-27 11:16:30,037 INFO o.a.j.r.Summariser: summary +    957 in 00:01:17 =   12.4/s Avg:   346 Min:   245 Max:   775 Err:     0 (0.00%) Active: 100 Started: 100 Finished: 0
2025-02-27 11:17:00,012 INFO o.a.j.r.Summariser: summary +   2289 in 00:00:30 =   76.4/s Avg:   334 Min:   248 Max:   847 Err:     0 (0.00%) Active: 100 Started: 100 Finished: 0
2025-02-27 11:17:00,014 INFO o.a.j.r.Summariser: summary =   3246 in 00:01:47 =   30.3/s Avg:   337 Min:   245 Max:   847 Err:     0 (0.00%)
2025-02-27 11:17:30,018 INFO o.a.j.r.Summariser: summary +   2279 in 00:00:30 =   75.9/s Avg:   372 Min:   245 Max:  1173 Err:     0 (0.00%) Active: 100 Started: 100 Finished: 0
2025-02-27 11:17:30,019 INFO o.a.j.r.Summariser: summary =   5525 in 00:02:17 =   40.2/s Avg:   351 Min:   245 Max:  1173 Err:     0 (0.00%)
2025-02-27 11:18:00,005 INFO o.a.j.r.Summariser: summary +   2281 in 00:00:30 =   76.1/s Avg:   338 Min:   242 Max:   964 Err:     0 (0.00%) Active: 100 Started: 100 Finished: 0
2025-02-27 11:18:00,006 INFO o.a.j.r.Summariser: summary =   7806 in 00:02:47 =   46.7/s Avg:   347 Min:   242 Max:  1173 Err:     0 (0.00%)
2025-02-27 11:18:30,012 INFO o.a.j.r.Summariser: summary +   2288 in 00:00:30 =   76.3/s Avg:   360 Min:   242 Max:  1063 Err:     0 (0.00%) Active: 100 Started: 100 Finished: 0
2025-02-27 11:18:30,014 INFO o.a.j.r.Summariser: summary =  10094 in 00:03:17 =   51.2/s Avg:   350 Min:   242 Max:  1173 Err:     0 (0.00%)
2025-02-27 11:19:00,012 INFO o.a.j.r.Summariser: summary +   2297 in 00:00:30 =   76.6/s Avg:   321 Min:   241 Max:   930 Err:     0 (0.00%) Active: 100 Started: 100 Finished: 0
2025-02-27 11:19:00,013 INFO o.a.j.r.Summariser: summary =  12391 in 00:03:47 =   54.5/s Avg:   345 Min:   241 Max:  1173 Err:     0 (0.00%)
2025-02-27 11:19:30,016 INFO o.a.j.r.Summariser: summary +   2264 in 00:00:30 =   75.5/s Avg:   375 Min:   242 Max:  3156 Err:     0 (0.00%) Active: 100 Started: 100 Finished: 0
2025-02-27 11:19:30,018 INFO o.a.j.r.Summariser: summary =  14655 in 00:04:17 =   57.0/s Avg:   350 Min:   241 Max:  3156 Err:     0 (0.00%)
2025-02-27 11:20:00,002 INFO o.a.j.r.Summariser: summary +   2285 in 00:00:30 =   76.2/s Avg:   332 Min:   240 Max:   885 Err:     0 (0.00%) Active: 100 Started: 100 Finished: 0
2025-02-27 11:20:00,004 INFO o.a.j.r.Summariser: summary =  16940 in 00:04:47 =   59.0/s Avg:   347 Min:   240 Max:  3156 Err:     0 (0.00%)
2025-02-27 11:20:30,003 INFO o.a.j.r.Summariser: summary +   2278 in 00:00:30 =   75.9/s Avg:   342 Min:   241 Max:  1053 Err:     0 (0.00%) Active: 100 Started: 100 Finished: 0
2025-02-27 11:20:30,005 INFO o.a.j.r.Summariser: summary =  19218 in 00:05:17 =   60.6/s Avg:   347 Min:   240 Max:  3156 Err:     0 (0.00%)
2025-02-27 11:21:00,004 INFO o.a.j.r.Summariser: summary +   2290 in 00:00:30 =   76.3/s Avg:   330 Min:   242 Max:  1022 Err:     0 (0.00%) Active: 100 Started: 100 Finished: 0
2025-02-27 11:21:00,004 INFO o.a.j.r.Summariser: summary =  21508 in 00:05:47 =   61.9/s Avg:   345 Min:   240 Max:  3156 Err:     0 (0.00%)
2025-02-27 11:21:30,047 INFO o.a.j.r.Summariser: summary +   2292 in 00:00:30 =   76.3/s Avg:   347 Min:   243 Max:  1027 Err:     0 (0.00%) Active: 100 Started: 100 Finished: 0
2025-02-27 11:21:30,049 INFO o.a.j.r.Summariser: summary =  23800 in 00:06:17 =   63.1/s Avg:   345 Min:   240 Max:  3156 Err:     0 (0.00%)
2025-02-27 11:22:00,083 INFO o.a.j.r.Summariser: summary +   2284 in 00:00:30 =   76.0/s Avg:   344 Min:   246 Max:  1025 Err:     0 (0.00%) Active: 100 Started: 100 Finished: 0
2025-02-27 11:22:00,085 INFO o.a.j.r.Summariser: summary =  26084 in 00:06:47 =   64.0/s Avg:   345 Min:   240 Max:  3156 Err:     0 (0.00%)
2025-02-27 11:22:30,023 INFO o.a.j.r.Summariser: summary +   2285 in 00:00:30 =   76.3/s Avg:   351 Min:   242 Max:  1076 Err:     0 (0.00%) Active: 100 Started: 100 Finished: 0
2025-02-27 11:22:30,025 INFO o.a.j.r.Summariser: summary =  28369 in 00:07:17 =   64.9/s Avg:   345 Min:   240 Max:  3156 Err:     0 (0.00%)
2025-02-27 11:23:00,008 INFO o.a.j.r.Summariser: summary +   2291 in 00:00:30 =   76.4/s Avg:   326 Min:   241 Max:  1028 Err:     0 (0.00%) Active: 100 Started: 100 Finished: 0
2025-02-27 11:23:00,009 INFO o.a.j.r.Summariser: summary =  30660 in 00:07:47 =   65.6/s Avg:   344 Min:   240 Max:  3156 Err:     0 (0.00%)
2025-02-27 11:23:30,025 INFO o.a.j.r.Summariser: summary +   2290 in 00:00:30 =   76.3/s Avg:   348 Min:   242 Max:  1082 Err:     0 (0.00%) Active: 100 Started: 100 Finished: 0
2025-02-27 11:23:30,027 INFO o.a.j.r.Summariser: summary =  32950 in 00:08:17 =   66.3/s Avg:   344 Min:   240 Max:  3156 Err:     0 (0.00%)
2025-02-27 11:24:00,023 INFO o.a.j.r.Summariser: summary +   2263 in 00:00:30 =   75.4/s Avg:   374 Min:   249 Max:  1785 Err:     0 (0.00%) Active: 100 Started: 100 Finished: 0
2025-02-27 11:24:00,024 INFO o.a.j.r.Summariser: summary =  35213 in 00:08:47 =   66.8/s Avg:   346 Min:   240 Max:  3156 Err:     0 (0.00%)
2025-02-27 11:24:30,005 INFO o.a.j.r.Summariser: summary +   2279 in 00:00:30 =   76.0/s Avg:   349 Min:   243 Max:  1307 Err:     0 (0.00%) Active: 100 Started: 100 Finished: 0
2025-02-27 11:24:30,006 INFO o.a.j.r.Summariser: summary =  37492 in 00:09:17 =   67.3/s Avg:   346 Min:   240 Max:  3156 Err:     0 (0.00%)
2025-02-27 11:25:00,007 INFO o.a.j.r.Summariser: summary +   2283 in 00:00:30 =   76.1/s Avg:   361 Min:   242 Max:  1112 Err:     0 (0.00%) Active: 100 Started: 100 Finished: 0
2025-02-27 11:25:00,008 INFO o.a.j.r.Summariser: summary =  39775 in 00:09:47 =   67.7/s Avg:   347 Min:   240 Max:  3156 Err:     0 (0.00%)
2025-02-27 11:25:30,030 INFO o.a.j.r.Summariser: summary +   2290 in 00:00:30 =   76.3/s Avg:   334 Min:   242 Max:  1043 Err:     0 (0.00%) Active: 100 Started: 100 Finished: 0
2025-02-27 11:25:30,032 INFO o.a.j.r.Summariser: summary =  42065 in 00:10:17 =   68.1/s Avg:   346 Min:   240 Max:  3156 Err:     0 (0.00%)
2025-02-27 11:26:00,034 INFO o.a.j.r.Summariser: summary +   2287 in 00:00:30 =   76.2/s Avg:   348 Min:   242 Max:  1059 Err:     0 (0.00%) Active: 100 Started: 100 Finished: 0
2025-02-27 11:26:00,036 INFO o.a.j.r.Summariser: summary =  44352 in 00:10:47 =   68.5/s Avg:   347 Min:   240 Max:  3156 Err:     0 (0.00%)
2025-02-27 11:26:11,331 INFO o.a.j.t.JMeterThread: Thread finished: Thread-Gruppe 1-1
2025-02-27 11:26:11,381 INFO o.a.j.t.JMeterThread: Thread finished: Thread-Gruppe 1-62
2025-02-27 11:26:11,385 INFO o.a.j.t.JMeterThread: Thread finished: Thread-Gruppe 1-47
2025-02-27 11:26:11,402 INFO o.a.j.t.JMeterThread: Thread finished: Thread-Gruppe 1-17
2025-02-27 11:26:11,413 INFO o.a.j.t.JMeterThread: Thread finished: Thread-Gruppe 1-2
2025-02-27 11:26:11,529 INFO o.a.j.t.JMeterThread: Thread finished: Thread-Gruppe 1-63
2025-02-27 11:26:11,530 INFO o.a.j.t.JMeterThread: Thread finished: Thread-Gruppe 1-48
2025-02-27 11:26:11,538 INFO o.a.j.t.JMeterThread: Thread finished: Thread-Gruppe 1-18
2025-02-27 11:26:11,550 INFO o.a.j.t.JMeterThread: Thread finished: Thread-Gruppe 1-3
2025-02-27 11:26:11,648 INFO o.a.j.t.JMeterThread: Thread finished: Thread-Gruppe 1-64
2025-02-27 11:26:11,660 INFO o.a.j.t.JMeterThread: Thread finished: Thread-Gruppe 1-49
2025-02-27 11:26:11,663 INFO o.a.j.t.JMeterThread: Thread finished: Thread-Gruppe 1-19
2025-02-27 11:26:11,681 INFO o.a.j.t.JMeterThread: Thread finished: Thread-Gruppe 1-4
2025-02-27 11:26:11,780 INFO o.a.j.t.JMeterThread: Thread finished: Thread-Gruppe 1-65
2025-02-27 11:26:11,784 INFO o.a.j.t.JMeterThread: Thread finished: Thread-Gruppe 1-50
2025-02-27 11:26:11,797 INFO o.a.j.t.JMeterThread: Thread finished: Thread-Gruppe 1-20
2025-02-27 11:26:11,806 INFO o.a.j.t.JMeterThread: Thread finished: Thread-Gruppe 1-5
2025-02-27 11:26:11,892 INFO o.a.j.t.JMeterThread: Thread finished: Thread-Gruppe 1-32
2025-02-27 11:26:11,919 INFO o.a.j.t.JMeterThread: Thread finished: Thread-Gruppe 1-66
2025-02-27 11:26:11,923 INFO o.a.j.t.JMeterThread: Thread finished: Thread-Gruppe 1-51
2025-02-27 11:26:11,931 INFO o.a.j.t.JMeterThread: Thread finished: Thread-Gruppe 1-21
2025-02-27 11:26:11,943 INFO o.a.j.t.JMeterThread: Thread finished: Thread-Gruppe 1-6
2025-02-27 11:26:12,032 INFO o.a.j.t.JMeterThread: Thread finished: Thread-Gruppe 1-33
2025-02-27 11:26:12,047 INFO o.a.j.t.JMeterThread: Thread finished: Thread-Gruppe 1-67
2025-02-27 11:26:12,049 INFO o.a.j.t.JMeterThread: Thread finished: Thread-Gruppe 1-52
2025-02-27 11:26:12,062 INFO o.a.j.t.JMeterThread: Thread finished: Thread-Gruppe 1-22
2025-02-27 11:26:12,072 INFO o.a.j.t.JMeterThread: Thread finished: Thread-Gruppe 1-7
2025-02-27 11:26:12,166 INFO o.a.j.t.JMeterThread: Thread finished: Thread-Gruppe 1-34
2025-02-27 11:26:12,179 INFO o.a.j.t.JMeterThread: Thread finished: Thread-Gruppe 1-68
2025-02-27 11:26:12,185 INFO o.a.j.t.JMeterThread: Thread finished: Thread-Gruppe 1-53
2025-02-27 11:26:12,195 INFO o.a.j.t.JMeterThread: Thread finished: Thread-Gruppe 1-23
2025-02-27 11:26:12,301 INFO o.a.j.t.JMeterThread: Thread finished: Thread-Gruppe 1-35
2025-02-27 11:26:12,321 INFO o.a.j.t.JMeterThread: Thread finished: Thread-Gruppe 1-69
2025-02-27 11:26:12,325 INFO o.a.j.t.JMeterThread: Thread finished: Thread-Gruppe 1-54
2025-02-27 11:26:12,331 INFO o.a.j.t.JMeterThread: Thread finished: Thread-Gruppe 1-24
2025-02-27 11:26:12,431 INFO o.a.j.t.JMeterThread: Thread finished: Thread-Gruppe 1-36
2025-02-27 11:26:12,445 INFO o.a.j.t.JMeterThread: Thread finished: Thread-Gruppe 1-70
2025-02-27 11:26:12,445 INFO o.a.j.t.JMeterThread: Thread finished: Thread-Gruppe 1-8
2025-02-27 11:26:12,448 INFO o.a.j.t.JMeterThread: Thread finished: Thread-Gruppe 1-55
2025-02-27 11:26:12,458 INFO o.a.j.t.JMeterThread: Thread finished: Thread-Gruppe 1-25
2025-02-27 11:26:12,577 INFO o.a.j.t.JMeterThread: Thread finished: Thread-Gruppe 1-37
2025-02-27 11:26:12,581 INFO o.a.j.t.JMeterThread: Thread finished: Thread-Gruppe 1-71
2025-02-27 11:26:12,581 INFO o.a.j.t.JMeterThread: Thread finished: Thread-Gruppe 1-56
2025-02-27 11:26:12,586 INFO o.a.j.t.JMeterThread: Thread finished: Thread-Gruppe 1-9
2025-02-27 11:26:12,594 INFO o.a.j.t.JMeterThread: Thread finished: Thread-Gruppe 1-26
2025-02-27 11:26:12,692 INFO o.a.j.t.JMeterThread: Thread finished: Thread-Gruppe 1-38
2025-02-27 11:26:12,708 INFO o.a.j.t.JMeterThread: Thread finished: Thread-Gruppe 1-72
2025-02-27 11:26:12,717 INFO o.a.j.t.JMeterThread: Thread finished: Thread-Gruppe 1-57
2025-02-27 11:26:12,726 INFO o.a.j.t.JMeterThread: Thread finished: Thread-Gruppe 1-27
2025-02-27 11:26:12,730 INFO o.a.j.t.JMeterThread: Thread finished: Thread-Gruppe 1-12
2025-02-27 11:26:12,749 INFO o.a.j.t.JMeterThread: Thread finished: Thread-Gruppe 1-10
2025-02-27 11:26:12,800 INFO o.a.j.t.JMeterThread: Thread finished: Thread-Gruppe 2-6
2025-02-27 11:26:12,812 INFO o.a.j.t.JMeterThread: Thread finished: Thread-Gruppe 1-39
2025-02-27 11:26:12,836 INFO o.a.j.t.JMeterThread: Thread finished: Thread-Gruppe 2-17
2025-02-27 11:26:12,846 INFO o.a.j.t.JMeterThread: Thread finished: Thread-Gruppe 1-73
2025-02-27 11:26:12,851 INFO o.a.j.t.JMeterThread: Thread finished: Thread-Gruppe 1-58
2025-02-27 11:26:12,859 INFO o.a.j.t.JMeterThread: Thread finished: Thread-Gruppe 1-28
2025-02-27 11:26:12,864 INFO o.a.j.t.JMeterThread: Thread finished: Thread-Gruppe 1-13
2025-02-27 11:26:12,871 INFO o.a.j.t.JMeterThread: Thread finished: Thread-Gruppe 1-11
2025-02-27 11:26:12,927 INFO o.a.j.t.JMeterThread: Thread finished: Thread-Gruppe 2-16
2025-02-27 11:26:12,928 INFO o.a.j.t.JMeterThread: Thread finished: Thread-Gruppe 2-2
2025-02-27 11:26:12,955 INFO o.a.j.t.JMeterThread: Thread finished: Thread-Gruppe 2-19
2025-02-27 11:26:12,956 INFO o.a.j.t.JMeterThread: Thread finished: Thread-Gruppe 1-40
2025-02-27 11:26:12,973 INFO o.a.j.t.JMeterThread: Thread finished: Thread-Gruppe 2-12
2025-02-27 11:26:12,977 INFO o.a.j.t.JMeterThread: Thread finished: Thread-Gruppe 1-74
2025-02-27 11:26:12,982 INFO o.a.j.t.JMeterThread: Thread finished: Thread-Gruppe 1-59
2025-02-27 11:26:12,987 INFO o.a.j.t.JMeterThread: Thread finished: Thread-Gruppe 2-4
2025-02-27 11:26:12,988 INFO o.a.j.t.JMeterThread: Thread finished: Thread-Gruppe 1-29
2025-02-27 11:26:12,997 INFO o.a.j.t.JMeterThread: Thread finished: Thread-Gruppe 1-14
2025-02-27 11:26:13,006 INFO o.a.j.t.JMeterThread: Thread finished: Thread-Gruppe 3-4
2025-02-27 11:26:13,012 INFO o.a.j.t.JMeterThread: Thread finished: Thread-Gruppe 2-11
2025-02-27 11:26:13,012 INFO o.a.j.t.JMeterThread: Thread finished: Thread-Gruppe 2-10
2025-02-27 11:26:13,033 INFO o.a.j.t.JMeterThread: Thread finished: Thread-Gruppe 3-3
2025-02-27 11:26:13,070 INFO o.a.j.t.JMeterThread: Thread finished: Thread-Gruppe 2-1
2025-02-27 11:26:13,088 INFO o.a.j.t.JMeterThread: Stopping because end time detected by thread: Thread-Gruppe 1-41
2025-02-27 11:26:13,089 INFO o.a.j.t.JMeterThread: Thread finished: Thread-Gruppe 1-41
2025-02-27 11:26:13,111 INFO o.a.j.t.JMeterThread: Stopping because end time detected by thread: Thread-Gruppe 1-75
2025-02-27 11:26:13,111 INFO o.a.j.t.JMeterThread: Stopping because end time detected by thread: Thread-Gruppe 1-60
2025-02-27 11:26:13,111 INFO o.a.j.t.JMeterThread: Thread finished: Thread-Gruppe 1-75
2025-02-27 11:26:13,111 INFO o.a.j.t.JMeterThread: Thread finished: Thread-Gruppe 1-60
2025-02-27 11:26:13,126 INFO o.a.j.t.JMeterThread: Stopping because end time detected by thread: Thread-Gruppe 1-30
2025-02-27 11:26:13,126 INFO o.a.j.t.JMeterThread: Thread finished: Thread-Gruppe 1-30
2025-02-27 11:26:13,126 INFO o.a.j.t.JMeterThread: Stopping because end time detected by thread: Thread-Gruppe 1-15
2025-02-27 11:26:13,126 INFO o.a.j.t.JMeterThread: Thread finished: Thread-Gruppe 1-15
2025-02-27 11:26:13,171 INFO o.a.j.t.JMeterThread: Stopping because end time detected by thread: Thread-Gruppe 3-1
2025-02-27 11:26:13,171 INFO o.a.j.t.JMeterThread: Thread finished: Thread-Gruppe 3-1
2025-02-27 11:26:13,216 INFO o.a.j.t.JMeterThread: Stopping because end time detected by thread: Thread-Gruppe 1-42
2025-02-27 11:26:13,216 INFO o.a.j.t.JMeterThread: Thread finished: Thread-Gruppe 1-42
2025-02-27 11:26:13,216 INFO o.a.j.t.JMeterThread: Stopping because end time detected by thread: Thread-Gruppe 2-13
2025-02-27 11:26:13,216 INFO o.a.j.t.JMeterThread: Thread finished: Thread-Gruppe 2-13
2025-02-27 11:26:13,231 INFO o.a.j.t.JMeterThread: Stopping because end time detected by thread: Thread-Gruppe 2-18
2025-02-27 11:26:13,231 INFO o.a.j.t.JMeterThread: Thread finished: Thread-Gruppe 2-18
2025-02-27 11:26:13,246 INFO o.a.j.t.JMeterThread: Stopping because end time detected by thread: Thread-Gruppe 1-61
2025-02-27 11:26:13,246 INFO o.a.j.t.JMeterThread: Thread finished: Thread-Gruppe 1-61
2025-02-27 11:26:13,261 INFO o.a.j.t.JMeterThread: Stopping because end time detected by thread: Thread-Gruppe 1-31
2025-02-27 11:26:13,261 INFO o.a.j.t.JMeterThread: Thread finished: Thread-Gruppe 1-31
2025-02-27 11:26:13,261 INFO o.a.j.t.JMeterThread: Stopping because end time detected by thread: Thread-Gruppe 1-16
2025-02-27 11:26:13,261 INFO o.a.j.t.JMeterThread: Thread finished: Thread-Gruppe 1-16
2025-02-27 11:26:13,261 INFO o.a.j.t.JMeterThread: Stopping because end time detected by thread: Thread-Gruppe 2-15
2025-02-27 11:26:13,261 INFO o.a.j.t.JMeterThread: Thread finished: Thread-Gruppe 2-15
2025-02-27 11:26:13,291 INFO o.a.j.t.JMeterThread: Stopping because end time detected by thread: Thread-Gruppe 2-5
2025-02-27 11:26:13,291 INFO o.a.j.t.JMeterThread: Thread finished: Thread-Gruppe 2-5
2025-02-27 11:26:13,306 INFO o.a.j.t.JMeterThread: Stopping because end time detected by thread: Thread-Gruppe 2-7
2025-02-27 11:26:13,306 INFO o.a.j.t.JMeterThread: Thread finished: Thread-Gruppe 2-7
2025-02-27 11:26:13,306 INFO o.a.j.t.JMeterThread: Stopping because end time detected by thread: Thread-Gruppe 2-8
2025-02-27 11:26:13,306 INFO o.a.j.t.JMeterThread: Thread finished: Thread-Gruppe 2-8
2025-02-27 11:26:13,306 INFO o.a.j.t.JMeterThread: Stopping because end time detected by thread: Thread-Gruppe 2-9
2025-02-27 11:26:13,306 INFO o.a.j.t.JMeterThread: Thread finished: Thread-Gruppe 2-9
2025-02-27 11:26:13,306 INFO o.a.j.t.JMeterThread: Stopping because end time detected by thread: Thread-Gruppe 2-3
2025-02-27 11:26:13,306 INFO o.a.j.t.JMeterThread: Thread finished: Thread-Gruppe 2-3
2025-02-27 11:26:13,366 INFO o.a.j.t.JMeterThread: Stopping because end time detected by thread: Thread-Gruppe 1-43
2025-02-27 11:26:13,366 INFO o.a.j.t.JMeterThread: Stopping because end time detected by thread: Thread-Gruppe 3-5
2025-02-27 11:26:13,366 INFO o.a.j.t.JMeterThread: Thread finished: Thread-Gruppe 1-43
2025-02-27 11:26:13,366 INFO o.a.j.t.JMeterThread: Thread finished: Thread-Gruppe 3-5
2025-02-27 11:26:13,366 INFO o.a.j.t.JMeterThread: Stopping because end time detected by thread: Thread-Gruppe 2-14
2025-02-27 11:26:13,366 INFO o.a.j.t.JMeterThread: Thread finished: Thread-Gruppe 2-14
2025-02-27 11:26:13,473 INFO o.a.j.t.JMeterThread: Stopping because end time detected by thread: Thread-Gruppe 1-44
2025-02-27 11:26:13,473 INFO o.a.j.t.JMeterThread: Thread finished: Thread-Gruppe 1-44
2025-02-27 11:26:13,518 INFO o.a.j.t.JMeterThread: Stopping because end time detected by thread: Thread-Gruppe 2-20
2025-02-27 11:26:13,518 INFO o.a.j.t.JMeterThread: Thread finished: Thread-Gruppe 2-20
2025-02-27 11:26:13,630 INFO o.a.j.t.JMeterThread: Stopping because end time detected by thread: Thread-Gruppe 1-45
2025-02-27 11:26:13,630 INFO o.a.j.t.JMeterThread: Thread finished: Thread-Gruppe 1-45
2025-02-27 11:26:13,724 INFO o.a.j.t.JMeterThread: Stopping because end time detected by thread: Thread-Gruppe 3-2
2025-02-27 11:26:13,724 INFO o.a.j.t.JMeterThread: Thread finished: Thread-Gruppe 3-2
2025-02-27 11:26:13,754 INFO o.a.j.t.JMeterThread: Stopping because end time detected by thread: Thread-Gruppe 1-46
2025-02-27 11:26:13,754 INFO o.a.j.t.JMeterThread: Thread finished: Thread-Gruppe 1-46
2025-02-27 11:26:13,754 INFO o.a.j.e.StandardJMeterEngine: Notifying test listeners of end of test
2025-02-27 11:26:13,754 INFO o.a.j.r.Summariser: summary +   1024 in 00:00:14 =   74.6/s Avg:   320 Min:   242 Max:   871 Err:     0 (0.00%) Active: 0 Started: 100 Finished: 100
2025-02-27 11:26:13,754 INFO o.a.j.r.Summariser: summary =  45376 in 00:11:01 =   68.6/s Avg:   346 Min:   240 Max:  3156 Err:     0 (0.00%)
