2025-03-02 01:17:03,996 INFO o.a.j.u.JMeterUtils: Setting Locale to en_EN
2025-03-02 01:17:04,022 INFO o.a.j.JMeter: Loading user properties from: C:\Users\ASUS\Desktop\apache-jmeter-5.6.3\apache-jmeter-5.6.3\bin\user.properties
2025-03-02 01:17:04,023 INFO o.a.j.JMeter: Loading system properties from: C:\Users\ASUS\Desktop\apache-jmeter-5.6.3\apache-jmeter-5.6.3\bin\system.properties
2025-03-02 01:17:04,023 INFO o.a.j.JMeter: Setting JMeter property: lb_1_hostname=34.44.76.176
2025-03-02 01:17:04,023 INFO o.a.j.JMeter: Setting JMeter property: lb_2_hostname=34.89.122.87
2025-03-02 01:17:04,023 INFO o.a.j.JMeter: Setting JMeter property: lb_1_port=8090
2025-03-02 01:17:04,023 INFO o.a.j.JMeter: Setting JMeter property: lb_2_port=8091
2025-03-02 01:17:04,025 INFO o.a.j.JMeter: Setting JMeter property: warm_up_users=20
2025-03-02 01:17:04,025 INFO o.a.j.JMeter: Setting JMeter property: warm_up_time=60
2025-03-02 01:17:04,025 INFO o.a.j.JMeter: Setting JMeter property: test_run_time=600
2025-03-02 01:17:04,025 INFO o.a.j.JMeter: Setting JMeter property: group_1=75
2025-03-02 01:17:04,025 INFO o.a.j.JMeter: Setting JMeter property: group_2=20
2025-03-02 01:17:04,025 INFO o.a.j.JMeter: Setting JMeter property: group_3=5
2025-03-02 01:17:04,025 INFO o.a.j.JMeter: Setting JMeter property: group_1_request_rate=30
2025-03-02 01:17:04,025 INFO o.a.j.JMeter: Setting JMeter property: group_2_request_rate=90
2025-03-02 01:17:04,025 INFO o.a.j.JMeter: Setting JMeter property: group_3_request_rate=120
2025-03-02 01:17:04,025 INFO o.a.j.JMeter: Setting JMeter property: ramp_up=10
2025-03-02 01:17:04,025 INFO o.a.j.JMeter: Setting JMeter property: log_file=c:\\Users\\ASUS\\Desktop\\Repos\\rate-limiter-nginx\\jmeter\\cloud\\logs\\sliding_window_log\\performance\\2025_02_03_1_17\\warm_up_results.csv
2025-03-02 01:17:04,034 INFO o.a.j.JMeter: Copyright (c) 1998-2024 The Apache Software Foundation
2025-03-02 01:17:04,034 INFO o.a.j.JMeter: Version 5.6.3
2025-03-02 01:17:04,034 INFO o.a.j.JMeter: java.version=17.0.9
2025-03-02 01:17:04,034 INFO o.a.j.JMeter: java.vm.name=Java HotSpot(TM) 64-Bit Server VM
2025-03-02 01:17:04,034 INFO o.a.j.JMeter: os.name=Windows 11
2025-03-02 01:17:04,034 INFO o.a.j.JMeter: os.arch=amd64
2025-03-02 01:17:04,034 INFO o.a.j.JMeter: os.version=10.0
2025-03-02 01:17:04,034 INFO o.a.j.JMeter: file.encoding=Cp1252
2025-03-02 01:17:04,034 INFO o.a.j.JMeter: java.awt.headless=true
2025-03-02 01:17:04,034 INFO o.a.j.JMeter: Max memory     =1073741824
2025-03-02 01:17:04,034 INFO o.a.j.JMeter: Available Processors =12
2025-03-02 01:17:04,039 INFO o.a.j.JMeter: Default Locale=English (EN)
2025-03-02 01:17:04,039 INFO o.a.j.JMeter: JMeter  Locale=English (EN)
2025-03-02 01:17:04,039 INFO o.a.j.JMeter: JMeterHome=C:\Users\ASUS\Desktop\apache-jmeter-5.6.3\apache-jmeter-5.6.3
2025-03-02 01:17:04,039 INFO o.a.j.JMeter: user.dir  =c:\Users\ASUS\Desktop\Repos\rate-limiter-nginx\jmeter\cloud
2025-03-02 01:17:04,039 INFO o.a.j.JMeter: PWD       =C:\Users\ASUS\Desktop\Repos\rate-limiter-nginx\jmeter\cloud
2025-03-02 01:17:04,051 INFO o.a.j.JMeter: IP: 192.168.1.45 Name: THIVA FullName: THIVA
2025-03-02 01:17:04,072 INFO o.a.j.s.FileServer: Default base='c:\Users\ASUS\Desktop\Repos\rate-limiter-nginx\jmeter\cloud'
2025-03-02 01:17:04,075 INFO o.a.j.s.FileServer: Set new base='c:\Users\ASUS\Desktop\Repos\rate-limiter-nginx\jmeter\cloud'
2025-03-02 01:17:04,310 INFO o.a.j.s.SaveService: Testplan (JMX) version: 2.2. Testlog (JTL) version: 2.2
2025-03-02 01:17:04,355 INFO o.a.j.s.SaveService: Using SaveService properties version 5.0
2025-03-02 01:17:04,355 INFO o.a.j.s.SaveService: Using SaveService properties file encoding UTF-8
2025-03-02 01:17:04,365 INFO o.a.j.s.SaveService: Loading file: teastore_performance.jmx
2025-03-02 01:17:04,438 INFO o.a.j.p.h.c.CookieManager: Settings: Delete null: true Check: true Allow variable: true Save: false Prefix: COOKIE_
2025-03-02 01:17:04,472 INFO o.a.j.p.h.s.HTTPSamplerBase: Parser for text/html is org.apache.jmeter.protocol.http.parser.LagartoBasedHtmlParser
2025-03-02 01:17:04,472 INFO o.a.j.p.h.s.HTTPSamplerBase: Parser for application/xhtml+xml is org.apache.jmeter.protocol.http.parser.LagartoBasedHtmlParser
2025-03-02 01:17:04,472 INFO o.a.j.p.h.s.HTTPSamplerBase: Parser for application/xml is org.apache.jmeter.protocol.http.parser.LagartoBasedHtmlParser
2025-03-02 01:17:04,472 INFO o.a.j.p.h.s.HTTPSamplerBase: Parser for text/xml is org.apache.jmeter.protocol.http.parser.LagartoBasedHtmlParser
2025-03-02 01:17:04,472 INFO o.a.j.p.h.s.HTTPSamplerBase: Parser for text/vnd.wap.wml is org.apache.jmeter.protocol.http.parser.RegexpHTMLParser
2025-03-02 01:17:04,472 INFO o.a.j.p.h.s.HTTPSamplerBase: Parser for text/css is org.apache.jmeter.protocol.http.parser.CssParser
2025-03-02 01:17:04,638 INFO o.a.j.JMeter: Creating summariser <summary>
2025-03-02 01:17:04,668 INFO o.a.j.e.StandardJMeterEngine: Running the test!
2025-03-02 01:17:04,669 INFO o.a.j.s.SampleEvent: List of sample_variables: []
2025-03-02 01:17:04,669 INFO o.a.j.s.SampleEvent: List of sample_variables: []
2025-03-02 01:17:04,676 INFO o.a.j.e.u.CompoundVariable: Note: Function class names must contain the string: '.functions.'
2025-03-02 01:17:04,676 INFO o.a.j.e.u.CompoundVariable: Note: Function class names must not contain the string: '.gui.'
2025-03-02 01:17:04,773 INFO o.a.j.r.ClassFinder: Will scan jar C:\Users\ASUS\Desktop\apache-jmeter-5.6.3\apache-jmeter-5.6.3\lib\ext\jmeter-plugins-casutg-2.10.jar with filter ExtendsClassFilter [parents=[interface org.apache.jmeter.functions.Function], inner=false, contains=null, notContains=null]. Consider exposing JMeter plugins via META-INF/services, and add JMeter-Skip-Class-Scanning=true manifest attribute so JMeter can skip classfile scanning
2025-03-02 01:17:04,787 INFO o.a.j.r.ClassFinder: Will scan jar C:\Users\ASUS\Desktop\apache-jmeter-5.6.3\apache-jmeter-5.6.3\lib\ext\jmeter-plugins-graphs-vs-2.0.jar with filter ExtendsClassFilter [parents=[interface org.apache.jmeter.functions.Function], inner=false, contains=null, notContains=null]. Consider exposing JMeter plugins via META-INF/services, and add JMeter-Skip-Class-Scanning=true manifest attribute so JMeter can skip classfile scanning
2025-03-02 01:17:04,794 INFO o.a.j.r.ClassFinder: Will scan jar C:\Users\ASUS\Desktop\apache-jmeter-5.6.3\apache-jmeter-5.6.3\lib\ext\jmeter-plugins-manager-1.9.jar with filter ExtendsClassFilter [parents=[interface org.apache.jmeter.functions.Function], inner=false, contains=null, notContains=null]. Consider exposing JMeter plugins via META-INF/services, and add JMeter-Skip-Class-Scanning=true manifest attribute so JMeter can skip classfile scanning
2025-03-02 01:17:04,853 INFO o.a.j.r.ClassFinder: Will scan jar C:\Users\ASUS\Desktop\apache-jmeter-5.6.3\apache-jmeter-5.6.3\lib\ext\jmeter-plugins-graphs-basic-2.0.jar with filter ExtendsClassFilter [parents=[interface org.apache.jmeter.functions.Function], inner=false, contains=null, notContains=null]. Consider exposing JMeter plugins via META-INF/services, and add JMeter-Skip-Class-Scanning=true manifest attribute so JMeter can skip classfile scanning
2025-03-02 01:17:04,853 INFO o.a.j.r.ClassFinder: Will scan jar C:\Users\ASUS\Desktop\apache-jmeter-5.6.3\apache-jmeter-5.6.3\lib\ext\jmeter-plugins-manager-0.20.jar with filter ExtendsClassFilter [parents=[interface org.apache.jmeter.functions.Function], inner=false, contains=null, notContains=null]. Consider exposing JMeter plugins via META-INF/services, and add JMeter-Skip-Class-Scanning=true manifest attribute so JMeter can skip classfile scanning
2025-03-02 01:17:04,853 INFO o.a.j.r.ClassFinder: Will scan jar C:\Users\ASUS\Desktop\apache-jmeter-5.6.3\apache-jmeter-5.6.3\lib\ext\jmeter-plugins-tst-2.6.jar with filter ExtendsClassFilter [parents=[interface org.apache.jmeter.functions.Function], inner=false, contains=null, notContains=null]. Consider exposing JMeter plugins via META-INF/services, and add JMeter-Skip-Class-Scanning=true manifest attribute so JMeter can skip classfile scanning
2025-03-02 01:17:04,883 INFO o.a.j.r.ClassFinder: Will scan jar C:\Users\ASUS\Desktop\apache-jmeter-5.6.3\apache-jmeter-5.6.3\lib\ext\jmeter-parallel-0.12.jar with filter ExtendsClassFilter [parents=[interface org.apache.jmeter.functions.Function], inner=false, contains=null, notContains=null]. Consider exposing JMeter plugins via META-INF/services, and add JMeter-Skip-Class-Scanning=true manifest attribute so JMeter can skip classfile scanning
2025-03-02 01:17:05,211 INFO o.a.j.JMeter: Running test (1740858425211)
2025-03-02 01:17:05,212 INFO o.a.j.e.StandardJMeterEngine: Starting setUp thread groups
2025-03-02 01:17:05,212 INFO o.a.j.e.StandardJMeterEngine: Starting setUp ThreadGroup: 1 : setUp Thread Group 
2025-03-02 01:17:05,212 INFO o.a.j.e.StandardJMeterEngine: Starting 20 threads for group setUp Thread Group.
2025-03-02 01:17:05,212 INFO o.a.j.e.StandardJMeterEngine: Thread will continue on error
2025-03-02 01:17:05,212 INFO o.a.j.t.ThreadGroup: Starting thread group... number=1 threads=20 ramp-up=10 delayedStart=false
2025-03-02 01:17:05,230 INFO o.a.j.t.JMeterThread: Thread started: setUp Thread Group 1-1
2025-03-02 01:17:05,250 INFO o.a.j.t.ThreadGroup: Started thread group number 1
2025-03-02 01:17:05,250 INFO o.a.j.e.StandardJMeterEngine: Waiting for all setup thread groups to exit
2025-03-02 01:17:05,726 INFO o.a.j.t.JMeterThread: Thread started: setUp Thread Group 1-2
2025-03-02 01:17:06,000 INFO o.a.j.p.h.s.HTTPHCAbstractImpl: Local host = THIVA
2025-03-02 01:17:06,006 INFO o.a.j.p.h.s.HTTPHC4Impl: HTTP request retry count = 0
2025-03-02 01:17:06,007 INFO o.a.j.s.SampleResult: Note: Sample TimeStamps are START times
2025-03-02 01:17:06,007 INFO o.a.j.s.SampleResult: sampleresult.default.encoding is set to UTF-8
2025-03-02 01:17:06,007 INFO o.a.j.s.SampleResult: sampleresult.useNanoTime=true
2025-03-02 01:17:06,007 INFO o.a.j.s.SampleResult: sampleresult.nanoThreadSleep=5000
2025-03-02 01:17:06,222 INFO o.a.j.t.JMeterThread: Thread started: setUp Thread Group 1-3
2025-03-02 01:17:06,721 INFO o.a.j.t.JMeterThread: Thread started: setUp Thread Group 1-4
2025-03-02 01:17:07,220 INFO o.a.j.t.JMeterThread: Thread started: setUp Thread Group 1-5
2025-03-02 01:17:07,719 INFO o.a.j.t.JMeterThread: Thread started: setUp Thread Group 1-6
2025-03-02 01:17:08,220 INFO o.a.j.t.JMeterThread: Thread started: setUp Thread Group 1-7
2025-03-02 01:17:08,724 INFO o.a.j.t.JMeterThread: Thread started: setUp Thread Group 1-8
2025-03-02 01:17:09,218 INFO o.a.j.t.JMeterThread: Thread started: setUp Thread Group 1-9
2025-03-02 01:17:09,717 INFO o.a.j.t.JMeterThread: Thread started: setUp Thread Group 1-10
2025-03-02 01:17:10,218 INFO o.a.j.t.JMeterThread: Thread started: setUp Thread Group 1-11
2025-03-02 01:17:10,717 INFO o.a.j.t.JMeterThread: Thread started: setUp Thread Group 1-12
2025-03-02 01:17:11,215 INFO o.a.j.t.JMeterThread: Thread started: setUp Thread Group 1-13
2025-03-02 01:17:11,726 INFO o.a.j.t.JMeterThread: Thread started: setUp Thread Group 1-14
2025-03-02 01:17:12,227 INFO o.a.j.t.JMeterThread: Thread started: setUp Thread Group 1-15
2025-03-02 01:17:12,717 INFO o.a.j.t.JMeterThread: Thread started: setUp Thread Group 1-16
2025-03-02 01:17:13,220 INFO o.a.j.t.JMeterThread: Thread started: setUp Thread Group 1-17
2025-03-02 01:17:13,717 INFO o.a.j.t.JMeterThread: Thread started: setUp Thread Group 1-18
2025-03-02 01:17:14,217 INFO o.a.j.t.JMeterThread: Thread started: setUp Thread Group 1-19
2025-03-02 01:17:14,716 INFO o.a.j.t.JMeterThread: Thread started: setUp Thread Group 1-20
2025-03-02 01:18:04,980 INFO o.a.j.t.JMeterThread: Thread finished: setUp Thread Group 1-10
2025-03-02 01:18:05,083 INFO o.a.j.t.JMeterThread: Thread finished: setUp Thread Group 1-14
2025-03-02 01:18:05,113 INFO o.a.j.t.JMeterThread: Thread finished: setUp Thread Group 1-12
2025-03-02 01:18:05,158 INFO o.a.j.t.JMeterThread: Thread finished: setUp Thread Group 1-1
2025-03-02 01:18:05,185 INFO o.a.j.t.JMeterThread: Thread finished: setUp Thread Group 1-4
2025-03-02 01:18:05,189 INFO o.a.j.t.JMeterThread: Thread finished: setUp Thread Group 1-2
2025-03-02 01:18:05,215 INFO o.a.j.t.JMeterThread: Thread finished: setUp Thread Group 1-5
2025-03-02 01:18:05,231 INFO o.a.j.t.JMeterThread: Thread finished: setUp Thread Group 1-18
2025-03-02 01:18:05,247 INFO o.a.j.t.JMeterThread: Stopping because end time detected by thread: setUp Thread Group 1-9
2025-03-02 01:18:05,247 INFO o.a.j.t.JMeterThread: Thread finished: setUp Thread Group 1-9
2025-03-02 01:18:05,247 INFO o.a.j.t.JMeterThread: Stopping because end time detected by thread: setUp Thread Group 1-7
2025-03-02 01:18:05,247 INFO o.a.j.t.JMeterThread: Thread finished: setUp Thread Group 1-7
2025-03-02 01:18:05,247 INFO o.a.j.t.JMeterThread: Stopping because end time detected by thread: setUp Thread Group 1-11
2025-03-02 01:18:05,247 INFO o.a.j.t.JMeterThread: Thread finished: setUp Thread Group 1-11
2025-03-02 01:18:05,279 INFO o.a.j.t.JMeterThread: Stopping because end time detected by thread: setUp Thread Group 1-19
2025-03-02 01:18:05,279 INFO o.a.j.t.JMeterThread: Thread finished: setUp Thread Group 1-19
2025-03-02 01:18:05,288 INFO o.a.j.t.JMeterThread: Stopping because end time detected by thread: setUp Thread Group 1-8
2025-03-02 01:18:05,288 INFO o.a.j.t.JMeterThread: Thread finished: setUp Thread Group 1-8
2025-03-02 01:18:05,336 INFO o.a.j.t.JMeterThread: Stopping because end time detected by thread: setUp Thread Group 1-13
2025-03-02 01:18:05,336 INFO o.a.j.t.JMeterThread: Thread finished: setUp Thread Group 1-13
2025-03-02 01:18:05,352 INFO o.a.j.t.JMeterThread: Stopping because end time detected by thread: setUp Thread Group 1-20
2025-03-02 01:18:05,352 INFO o.a.j.t.JMeterThread: Thread finished: setUp Thread Group 1-20
2025-03-02 01:18:05,401 INFO o.a.j.t.JMeterThread: Stopping because end time detected by thread: setUp Thread Group 1-6
2025-03-02 01:18:05,401 INFO o.a.j.t.JMeterThread: Thread finished: setUp Thread Group 1-6
2025-03-02 01:18:05,416 INFO o.a.j.t.JMeterThread: Stopping because end time detected by thread: setUp Thread Group 1-17
2025-03-02 01:18:05,416 INFO o.a.j.t.JMeterThread: Thread finished: setUp Thread Group 1-17
2025-03-02 01:18:05,416 INFO o.a.j.t.JMeterThread: Stopping because end time detected by thread: setUp Thread Group 1-15
2025-03-02 01:18:05,416 INFO o.a.j.t.JMeterThread: Thread finished: setUp Thread Group 1-15
2025-03-02 01:18:05,432 INFO o.a.j.t.JMeterThread: Stopping because end time detected by thread: setUp Thread Group 1-3
2025-03-02 01:18:05,432 INFO o.a.j.t.JMeterThread: Thread finished: setUp Thread Group 1-3
2025-03-02 01:18:05,464 INFO o.a.j.t.JMeterThread: Stopping because end time detected by thread: setUp Thread Group 1-16
2025-03-02 01:18:05,464 INFO o.a.j.t.JMeterThread: Thread finished: setUp Thread Group 1-16
2025-03-02 01:18:05,480 INFO o.a.j.e.StandardJMeterEngine: All Setup Threads have ended
2025-03-02 01:18:05,519 INFO o.a.j.e.StandardJMeterEngine: Starting ThreadGroup: 1 : Thread-Gruppe
2025-03-02 01:18:05,527 INFO o.a.j.e.StandardJMeterEngine: Starting 75 threads for group Thread-Gruppe.
2025-03-02 01:18:05,527 INFO o.a.j.e.StandardJMeterEngine: Thread will continue on error
2025-03-02 01:18:05,527 INFO o.a.j.t.ThreadGroup: Starting thread group... number=1 threads=75 ramp-up=10 delayedStart=false
2025-03-02 01:18:05,527 INFO o.a.j.t.JMeterThread: Thread started: Thread-Gruppe 1-1
2025-03-02 01:18:05,612 INFO o.a.j.t.ThreadGroup: Started thread group number 1
2025-03-02 01:18:05,612 INFO o.a.j.e.StandardJMeterEngine: Starting ThreadGroup: 2 : Thread-Gruppe
2025-03-02 01:18:05,612 INFO o.a.j.e.StandardJMeterEngine: Starting 20 threads for group Thread-Gruppe.
2025-03-02 01:18:05,612 INFO o.a.j.e.StandardJMeterEngine: Thread will continue on error
2025-03-02 01:18:05,612 INFO o.a.j.t.ThreadGroup: Starting thread group... number=2 threads=20 ramp-up=10 delayedStart=false
2025-03-02 01:18:05,615 INFO o.a.j.t.JMeterThread: Thread started: Thread-Gruppe 2-1
2025-03-02 01:18:05,634 INFO o.a.j.t.ThreadGroup: Started thread group number 2
2025-03-02 01:18:05,634 INFO o.a.j.e.StandardJMeterEngine: Starting ThreadGroup: 3 : Thread-Gruppe
2025-03-02 01:18:05,634 INFO o.a.j.e.StandardJMeterEngine: Starting 5 threads for group Thread-Gruppe.
2025-03-02 01:18:05,634 INFO o.a.j.e.StandardJMeterEngine: Thread will continue on error
2025-03-02 01:18:05,634 INFO o.a.j.t.ThreadGroup: Starting thread group... number=3 threads=5 ramp-up=10 delayedStart=false
2025-03-02 01:18:05,638 INFO o.a.j.t.JMeterThread: Thread started: Thread-Gruppe 3-1
2025-03-02 01:18:05,639 INFO o.a.j.t.ThreadGroup: Started thread group number 3
2025-03-02 01:18:05,639 INFO o.a.j.e.StandardJMeterEngine: All thread groups have been started
2025-03-02 01:18:05,667 INFO o.a.j.t.JMeterThread: Thread started: Thread-Gruppe 1-2
2025-03-02 01:18:05,799 INFO o.a.j.t.JMeterThread: Thread started: Thread-Gruppe 1-3
2025-03-02 01:18:05,934 INFO o.a.j.t.JMeterThread: Thread started: Thread-Gruppe 1-4
2025-03-02 01:18:06,067 INFO o.a.j.t.JMeterThread: Thread started: Thread-Gruppe 1-5
2025-03-02 01:18:06,116 INFO o.a.j.t.JMeterThread: Thread started: Thread-Gruppe 2-2
2025-03-02 01:18:06,200 INFO o.a.j.t.JMeterThread: Thread started: Thread-Gruppe 1-6
2025-03-02 01:18:06,331 INFO o.a.j.t.JMeterThread: Thread started: Thread-Gruppe 1-7
2025-03-02 01:18:06,461 INFO o.a.j.t.JMeterThread: Thread started: Thread-Gruppe 1-8
2025-03-02 01:18:06,594 INFO o.a.j.t.JMeterThread: Thread started: Thread-Gruppe 1-9
2025-03-02 01:18:06,617 INFO o.a.j.t.JMeterThread: Thread started: Thread-Gruppe 2-3
2025-03-02 01:18:06,731 INFO o.a.j.t.JMeterThread: Thread started: Thread-Gruppe 1-10
2025-03-02 01:18:06,860 INFO o.a.j.t.JMeterThread: Thread started: Thread-Gruppe 1-11
2025-03-02 01:18:06,993 INFO o.a.j.t.JMeterThread: Thread started: Thread-Gruppe 1-12
2025-03-02 01:18:07,115 INFO o.a.j.t.JMeterThread: Thread started: Thread-Gruppe 2-4
2025-03-02 01:18:07,127 INFO o.a.j.t.JMeterThread: Thread started: Thread-Gruppe 1-13
2025-03-02 01:18:07,260 INFO o.a.j.t.JMeterThread: Thread started: Thread-Gruppe 1-14
2025-03-02 01:18:07,393 INFO o.a.j.t.JMeterThread: Thread started: Thread-Gruppe 1-15
2025-03-02 01:18:07,527 INFO o.a.j.t.JMeterThread: Thread started: Thread-Gruppe 1-16
2025-03-02 01:18:07,615 INFO o.a.j.t.JMeterThread: Thread started: Thread-Gruppe 2-5
2025-03-02 01:18:07,638 INFO o.a.j.t.JMeterThread: Thread started: Thread-Gruppe 3-2
2025-03-02 01:18:07,659 INFO o.a.j.t.JMeterThread: Thread started: Thread-Gruppe 1-17
2025-03-02 01:18:07,792 INFO o.a.j.t.JMeterThread: Thread started: Thread-Gruppe 1-18
2025-03-02 01:18:07,926 INFO o.a.j.t.JMeterThread: Thread started: Thread-Gruppe 1-19
2025-03-02 01:18:08,057 INFO o.a.j.t.JMeterThread: Thread started: Thread-Gruppe 1-20
2025-03-02 01:18:08,114 INFO o.a.j.t.JMeterThread: Thread started: Thread-Gruppe 2-6
2025-03-02 01:18:08,189 INFO o.a.j.t.JMeterThread: Thread started: Thread-Gruppe 1-21
2025-03-02 01:18:08,323 INFO o.a.j.t.JMeterThread: Thread started: Thread-Gruppe 1-22
2025-03-02 01:18:08,456 INFO o.a.j.t.JMeterThread: Thread started: Thread-Gruppe 1-23
2025-03-02 01:18:08,589 INFO o.a.j.t.JMeterThread: Thread started: Thread-Gruppe 1-24
2025-03-02 01:18:08,615 INFO o.a.j.t.JMeterThread: Thread started: Thread-Gruppe 2-7
2025-03-02 01:18:08,723 INFO o.a.j.t.JMeterThread: Thread started: Thread-Gruppe 1-25
2025-03-02 01:18:08,857 INFO o.a.j.t.JMeterThread: Thread started: Thread-Gruppe 1-26
2025-03-02 01:18:08,989 INFO o.a.j.t.JMeterThread: Thread started: Thread-Gruppe 1-27
2025-03-02 01:18:09,114 INFO o.a.j.t.JMeterThread: Thread started: Thread-Gruppe 2-8
2025-03-02 01:18:09,123 INFO o.a.j.t.JMeterThread: Thread started: Thread-Gruppe 1-28
2025-03-02 01:18:09,256 INFO o.a.j.t.JMeterThread: Thread started: Thread-Gruppe 1-29
2025-03-02 01:18:09,389 INFO o.a.j.t.JMeterThread: Thread started: Thread-Gruppe 1-30
2025-03-02 01:18:09,520 INFO o.a.j.t.JMeterThread: Thread started: Thread-Gruppe 1-31
2025-03-02 01:18:09,615 INFO o.a.j.t.JMeterThread: Thread started: Thread-Gruppe 2-9
2025-03-02 01:18:09,636 INFO o.a.j.t.JMeterThread: Thread started: Thread-Gruppe 3-3
2025-03-02 01:18:09,654 INFO o.a.j.t.JMeterThread: Thread started: Thread-Gruppe 1-32
2025-03-02 01:18:09,787 INFO o.a.j.t.JMeterThread: Thread started: Thread-Gruppe 1-33
2025-03-02 01:18:09,920 INFO o.a.j.t.JMeterThread: Thread started: Thread-Gruppe 1-34
2025-03-02 01:18:10,052 INFO o.a.j.t.JMeterThread: Thread started: Thread-Gruppe 1-35
2025-03-02 01:18:10,114 INFO o.a.j.t.JMeterThread: Thread started: Thread-Gruppe 2-10
2025-03-02 01:18:10,185 INFO o.a.j.t.JMeterThread: Thread started: Thread-Gruppe 1-36
2025-03-02 01:18:10,318 INFO o.a.j.t.JMeterThread: Thread started: Thread-Gruppe 1-37
2025-03-02 01:18:10,451 INFO o.a.j.t.JMeterThread: Thread started: Thread-Gruppe 1-38
2025-03-02 01:18:10,583 INFO o.a.j.t.JMeterThread: Thread started: Thread-Gruppe 1-39
2025-03-02 01:18:10,614 INFO o.a.j.t.JMeterThread: Thread started: Thread-Gruppe 2-11
2025-03-02 01:18:10,717 INFO o.a.j.t.JMeterThread: Thread started: Thread-Gruppe 1-40
2025-03-02 01:18:10,850 INFO o.a.j.t.JMeterThread: Thread started: Thread-Gruppe 1-41
2025-03-02 01:18:10,982 INFO o.a.j.t.JMeterThread: Thread started: Thread-Gruppe 1-42
2025-03-02 01:18:11,117 INFO o.a.j.t.JMeterThread: Thread started: Thread-Gruppe 1-43
2025-03-02 01:18:11,117 INFO o.a.j.t.JMeterThread: Thread started: Thread-Gruppe 2-12
2025-03-02 01:18:11,249 INFO o.a.j.t.JMeterThread: Thread started: Thread-Gruppe 1-44
2025-03-02 01:18:11,381 INFO o.a.j.t.JMeterThread: Thread started: Thread-Gruppe 1-45
2025-03-02 01:18:11,514 INFO o.a.j.t.JMeterThread: Thread started: Thread-Gruppe 1-46
2025-03-02 01:18:11,616 INFO o.a.j.t.JMeterThread: Thread started: Thread-Gruppe 2-13
2025-03-02 01:18:11,637 INFO o.a.j.t.JMeterThread: Thread started: Thread-Gruppe 3-4
2025-03-02 01:18:11,648 INFO o.a.j.t.JMeterThread: Thread started: Thread-Gruppe 1-47
2025-03-02 01:18:11,780 INFO o.a.j.t.JMeterThread: Thread started: Thread-Gruppe 1-48
2025-03-02 01:18:11,914 INFO o.a.j.t.JMeterThread: Thread started: Thread-Gruppe 1-49
2025-03-02 01:18:12,048 INFO o.a.j.t.JMeterThread: Thread started: Thread-Gruppe 1-50
2025-03-02 01:18:12,115 INFO o.a.j.t.JMeterThread: Thread started: Thread-Gruppe 2-14
2025-03-02 01:18:12,180 INFO o.a.j.t.JMeterThread: Thread started: Thread-Gruppe 1-51
2025-03-02 01:18:12,314 INFO o.a.j.t.JMeterThread: Thread started: Thread-Gruppe 1-52
2025-03-02 01:18:12,447 INFO o.a.j.t.JMeterThread: Thread started: Thread-Gruppe 1-53
2025-03-02 01:18:12,580 INFO o.a.j.t.JMeterThread: Thread started: Thread-Gruppe 1-54
2025-03-02 01:18:12,615 INFO o.a.j.t.JMeterThread: Thread started: Thread-Gruppe 2-15
2025-03-02 01:18:12,712 INFO o.a.j.t.JMeterThread: Thread started: Thread-Gruppe 1-55
2025-03-02 01:18:12,845 INFO o.a.j.t.JMeterThread: Thread started: Thread-Gruppe 1-56
2025-03-02 01:18:12,980 INFO o.a.j.t.JMeterThread: Thread started: Thread-Gruppe 1-57
2025-03-02 01:18:13,113 INFO o.a.j.t.JMeterThread: Thread started: Thread-Gruppe 1-58
2025-03-02 01:18:13,116 INFO o.a.j.t.JMeterThread: Thread started: Thread-Gruppe 2-16
2025-03-02 01:18:13,245 INFO o.a.j.t.JMeterThread: Thread started: Thread-Gruppe 1-59
2025-03-02 01:18:13,377 INFO o.a.j.t.JMeterThread: Thread started: Thread-Gruppe 1-60
2025-03-02 01:18:13,511 INFO o.a.j.t.JMeterThread: Thread started: Thread-Gruppe 1-61
2025-03-02 01:18:13,616 INFO o.a.j.t.JMeterThread: Thread started: Thread-Gruppe 2-17
2025-03-02 01:18:13,639 INFO o.a.j.t.JMeterThread: Thread started: Thread-Gruppe 3-5
2025-03-02 01:18:13,645 INFO o.a.j.t.JMeterThread: Thread started: Thread-Gruppe 1-62
2025-03-02 01:18:13,778 INFO o.a.j.t.JMeterThread: Thread started: Thread-Gruppe 1-63
2025-03-02 01:18:13,911 INFO o.a.j.t.JMeterThread: Thread started: Thread-Gruppe 1-64
2025-03-02 01:18:14,044 INFO o.a.j.t.JMeterThread: Thread started: Thread-Gruppe 1-65
2025-03-02 01:18:14,116 INFO o.a.j.t.JMeterThread: Thread started: Thread-Gruppe 2-18
2025-03-02 01:18:14,175 INFO o.a.j.t.JMeterThread: Thread started: Thread-Gruppe 1-66
2025-03-02 01:18:14,309 INFO o.a.j.t.JMeterThread: Thread started: Thread-Gruppe 1-67
2025-03-02 01:18:14,440 INFO o.a.j.t.JMeterThread: Thread started: Thread-Gruppe 1-68
2025-03-02 01:18:14,575 INFO o.a.j.t.JMeterThread: Thread started: Thread-Gruppe 1-69
2025-03-02 01:18:14,616 INFO o.a.j.t.JMeterThread: Thread started: Thread-Gruppe 2-19
2025-03-02 01:18:14,709 INFO o.a.j.t.JMeterThread: Thread started: Thread-Gruppe 1-70
2025-03-02 01:18:14,841 INFO o.a.j.t.JMeterThread: Thread started: Thread-Gruppe 1-71
2025-03-02 01:18:14,975 INFO o.a.j.t.JMeterThread: Thread started: Thread-Gruppe 1-72
2025-03-02 01:18:15,107 INFO o.a.j.t.JMeterThread: Thread started: Thread-Gruppe 1-73
2025-03-02 01:18:15,116 INFO o.a.j.t.JMeterThread: Thread started: Thread-Gruppe 2-20
2025-03-02 01:18:15,241 INFO o.a.j.t.JMeterThread: Thread started: Thread-Gruppe 1-74
2025-03-02 01:18:15,373 INFO o.a.j.t.JMeterThread: Thread started: Thread-Gruppe 1-75
2025-03-02 01:18:30,029 INFO o.a.j.r.Summariser: summary +   1529 in 00:01:25 =   18.0/s Avg:   357 Min:   242 Max:  1063 Err:     0 (0.00%) Active: 100 Started: 100 Finished: 0
2025-03-02 01:19:00,004 INFO o.a.j.r.Summariser: summary +   2296 in 00:00:30 =   76.6/s Avg:   342 Min:   211 Max:  1067 Err:     0 (0.00%) Active: 100 Started: 100 Finished: 0
2025-03-02 01:19:00,005 INFO o.a.j.r.Summariser: summary =   3825 in 00:01:55 =   33.3/s Avg:   348 Min:   211 Max:  1067 Err:     0 (0.00%)
2025-03-02 01:19:30,000 INFO o.a.j.r.Summariser: summary +   2300 in 00:00:30 =   76.7/s Avg:   361 Min:   194 Max:  1067 Err:     0 (0.00%) Active: 100 Started: 100 Finished: 0
2025-03-02 01:19:30,001 INFO o.a.j.r.Summariser: summary =   6125 in 00:02:25 =   42.3/s Avg:   353 Min:   194 Max:  1067 Err:     0 (0.00%)
2025-03-02 01:20:00,007 INFO o.a.j.r.Summariser: summary +   2291 in 00:00:30 =   76.3/s Avg:   344 Min:   190 Max:  1066 Err:     0 (0.00%) Active: 100 Started: 100 Finished: 0
2025-03-02 01:20:00,008 INFO o.a.j.r.Summariser: summary =   8416 in 00:02:55 =   48.1/s Avg:   350 Min:   190 Max:  1067 Err:     0 (0.00%)
2025-03-02 01:20:30,032 INFO o.a.j.r.Summariser: summary +   2300 in 00:00:30 =   76.6/s Avg:   359 Min:   191 Max:  1174 Err:     1 (0.04%) Active: 100 Started: 100 Finished: 0
2025-03-02 01:20:30,033 INFO o.a.j.r.Summariser: summary =  10716 in 00:03:25 =   52.3/s Avg:   352 Min:   190 Max:  1174 Err:     1 (0.01%)
2025-03-02 01:21:00,027 INFO o.a.j.r.Summariser: summary +   2294 in 00:00:30 =   76.5/s Avg:   332 Min:   243 Max:  1071 Err:     0 (0.00%) Active: 100 Started: 100 Finished: 0
2025-03-02 01:21:00,028 INFO o.a.j.r.Summariser: summary =  13010 in 00:03:55 =   55.4/s Avg:   349 Min:   190 Max:  1174 Err:     1 (0.01%)
2025-03-02 01:21:30,024 INFO o.a.j.r.Summariser: summary +   2292 in 00:00:30 =   76.4/s Avg:   354 Min:   191 Max:  1030 Err:     0 (0.00%) Active: 100 Started: 100 Finished: 0
2025-03-02 01:21:30,025 INFO o.a.j.r.Summariser: summary =  15302 in 00:04:25 =   57.8/s Avg:   349 Min:   190 Max:  1174 Err:     1 (0.01%)
2025-03-02 01:22:00,032 INFO o.a.j.r.Summariser: summary +   2297 in 00:00:30 =   76.5/s Avg:   347 Min:   242 Max:  1061 Err:     0 (0.00%) Active: 100 Started: 100 Finished: 0
2025-03-02 01:22:00,032 INFO o.a.j.r.Summariser: summary =  17599 in 00:04:55 =   59.7/s Avg:   349 Min:   190 Max:  1174 Err:     1 (0.01%)
2025-03-02 01:22:30,008 INFO o.a.j.r.Summariser: summary +   2295 in 00:00:30 =   76.6/s Avg:   354 Min:   189 Max:  1058 Err:     0 (0.00%) Active: 100 Started: 100 Finished: 0
2025-03-02 01:22:30,009 INFO o.a.j.r.Summariser: summary =  19894 in 00:05:25 =   61.3/s Avg:   350 Min:   189 Max:  1174 Err:     1 (0.01%)
2025-03-02 01:23:00,029 INFO o.a.j.r.Summariser: summary +   2294 in 00:00:30 =   76.4/s Avg:   348 Min:   192 Max:  1167 Err:     0 (0.00%) Active: 100 Started: 100 Finished: 0
2025-03-02 01:23:00,030 INFO o.a.j.r.Summariser: summary =  22188 in 00:05:55 =   62.5/s Avg:   349 Min:   189 Max:  1174 Err:     1 (0.00%)
2025-03-02 01:23:30,041 INFO o.a.j.r.Summariser: summary +   2306 in 00:00:30 =   76.8/s Avg:   349 Min:   188 Max:  1083 Err:     0 (0.00%) Active: 100 Started: 100 Finished: 0
2025-03-02 01:23:30,042 INFO o.a.j.r.Summariser: summary =  24494 in 00:06:25 =   63.6/s Avg:   349 Min:   188 Max:  1174 Err:     1 (0.00%)
2025-03-02 01:24:00,013 INFO o.a.j.r.Summariser: summary +   2291 in 00:00:30 =   76.4/s Avg:   344 Min:   242 Max:   819 Err:     1 (0.04%) Active: 100 Started: 100 Finished: 0
2025-03-02 01:24:00,014 INFO o.a.j.r.Summariser: summary =  26785 in 00:06:55 =   64.6/s Avg:   349 Min:   188 Max:  1174 Err:     2 (0.01%)
2025-03-02 01:24:30,012 INFO o.a.j.r.Summariser: summary +   2302 in 00:00:30 =   76.7/s Avg:   357 Min:   193 Max:  1087 Err:     0 (0.00%) Active: 100 Started: 100 Finished: 0
2025-03-02 01:24:30,013 INFO o.a.j.r.Summariser: summary =  29087 in 00:07:25 =   65.4/s Avg:   350 Min:   188 Max:  1174 Err:     2 (0.01%)
2025-03-02 01:25:00,006 INFO o.a.j.r.Summariser: summary +   2292 in 00:00:30 =   76.4/s Avg:   339 Min:   196 Max:   877 Err:     0 (0.00%) Active: 100 Started: 100 Finished: 0
2025-03-02 01:25:00,007 INFO o.a.j.r.Summariser: summary =  31379 in 00:07:55 =   66.1/s Avg:   349 Min:   188 Max:  1174 Err:     2 (0.01%)
2025-03-02 01:25:30,035 INFO o.a.j.r.Summariser: summary +   2303 in 00:00:30 =   76.7/s Avg:   354 Min:   193 Max:  1084 Err:     0 (0.00%) Active: 100 Started: 100 Finished: 0
2025-03-02 01:25:30,037 INFO o.a.j.r.Summariser: summary =  33682 in 00:08:25 =   66.7/s Avg:   349 Min:   188 Max:  1174 Err:     2 (0.01%)
2025-03-02 01:26:00,018 INFO o.a.j.r.Summariser: summary +   2290 in 00:00:30 =   76.4/s Avg:   345 Min:   197 Max:   945 Err:     0 (0.00%) Active: 100 Started: 100 Finished: 0
2025-03-02 01:26:00,019 INFO o.a.j.r.Summariser: summary =  35972 in 00:08:55 =   67.3/s Avg:   349 Min:   188 Max:  1174 Err:     2 (0.01%)
2025-03-02 01:26:30,046 INFO o.a.j.r.Summariser: summary +   2305 in 00:00:30 =   76.8/s Avg:   350 Min:   191 Max:  1008 Err:     1 (0.04%) Active: 100 Started: 100 Finished: 0
2025-03-02 01:26:30,047 INFO o.a.j.r.Summariser: summary =  38277 in 00:09:25 =   67.8/s Avg:   349 Min:   188 Max:  1174 Err:     3 (0.01%)
2025-03-02 01:27:00,032 INFO o.a.j.r.Summariser: summary +   2299 in 00:00:30 =   76.7/s Avg:   349 Min:   190 Max:   930 Err:     0 (0.00%) Active: 100 Started: 100 Finished: 0
2025-03-02 01:27:00,033 INFO o.a.j.r.Summariser: summary =  40576 in 00:09:55 =   68.2/s Avg:   349 Min:   188 Max:  1174 Err:     3 (0.01%)
2025-03-02 01:27:30,000 INFO o.a.j.r.Summariser: summary +   2288 in 00:00:30 =   76.3/s Avg:   341 Min:   190 Max:  1048 Err:     0 (0.00%) Active: 100 Started: 100 Finished: 0
2025-03-02 01:27:30,000 INFO o.a.j.r.Summariser: summary =  42864 in 00:10:25 =   68.6/s Avg:   349 Min:   188 Max:  1174 Err:     3 (0.01%)
2025-03-02 01:28:00,021 INFO o.a.j.r.Summariser: summary +   2299 in 00:00:30 =   76.6/s Avg:   347 Min:   202 Max:  1094 Err:     0 (0.00%) Active: 100 Started: 100 Finished: 0
2025-03-02 01:28:00,022 INFO o.a.j.r.Summariser: summary =  45163 in 00:10:55 =   69.0/s Avg:   348 Min:   188 Max:  1174 Err:     3 (0.01%)
2025-03-02 01:28:03,865 INFO o.a.j.t.JMeterThread: Thread finished: Thread-Gruppe 1-1
2025-03-02 01:28:03,896 INFO o.a.j.t.JMeterThread: Thread finished: Thread-Gruppe 1-47
2025-03-02 01:28:03,931 INFO o.a.j.t.JMeterThread: Thread finished: Thread-Gruppe 1-17
2025-03-02 01:28:03,946 INFO o.a.j.t.JMeterThread: Thread finished: Thread-Gruppe 1-62
2025-03-02 01:28:03,959 INFO o.a.j.t.JMeterThread: Thread finished: Thread-Gruppe 1-2
2025-03-02 01:28:04,042 INFO o.a.j.t.JMeterThread: Thread finished: Thread-Gruppe 1-48
2025-03-02 01:28:04,048 INFO o.a.j.t.JMeterThread: Thread finished: Thread-Gruppe 1-18
2025-03-02 01:28:04,076 INFO o.a.j.t.JMeterThread: Thread finished: Thread-Gruppe 1-63
2025-03-02 01:28:04,088 INFO o.a.j.t.JMeterThread: Thread finished: Thread-Gruppe 1-3
2025-03-02 01:28:04,173 INFO o.a.j.t.JMeterThread: Thread finished: Thread-Gruppe 1-19
2025-03-02 01:28:04,177 INFO o.a.j.t.JMeterThread: Thread finished: Thread-Gruppe 1-49
2025-03-02 01:28:04,199 INFO o.a.j.t.JMeterThread: Thread finished: Thread-Gruppe 1-64
2025-03-02 01:28:04,242 INFO o.a.j.t.JMeterThread: Thread finished: Thread-Gruppe 1-4
2025-03-02 01:28:04,300 INFO o.a.j.t.JMeterThread: Thread finished: Thread-Gruppe 1-50
2025-03-02 01:28:04,311 INFO o.a.j.t.JMeterThread: Thread finished: Thread-Gruppe 1-20
2025-03-02 01:28:04,338 INFO o.a.j.t.JMeterThread: Thread finished: Thread-Gruppe 1-65
2025-03-02 01:28:04,357 INFO o.a.j.t.JMeterThread: Thread finished: Thread-Gruppe 1-32
2025-03-02 01:28:04,365 INFO o.a.j.t.JMeterThread: Thread finished: Thread-Gruppe 1-5
2025-03-02 01:28:04,432 INFO o.a.j.t.JMeterThread: Thread finished: Thread-Gruppe 1-51
2025-03-02 01:28:04,453 INFO o.a.j.t.JMeterThread: Thread finished: Thread-Gruppe 1-21
2025-03-02 01:28:04,495 INFO o.a.j.t.JMeterThread: Thread finished: Thread-Gruppe 1-66
2025-03-02 01:28:04,495 INFO o.a.j.t.JMeterThread: Thread finished: Thread-Gruppe 1-33
2025-03-02 01:28:04,505 INFO o.a.j.t.JMeterThread: Thread finished: Thread-Gruppe 1-6
2025-03-02 01:28:04,570 INFO o.a.j.t.JMeterThread: Thread finished: Thread-Gruppe 1-22
2025-03-02 01:28:04,576 INFO o.a.j.t.JMeterThread: Thread finished: Thread-Gruppe 1-52
2025-03-02 01:28:04,594 INFO o.a.j.t.JMeterThread: Thread finished: Thread-Gruppe 1-67
2025-03-02 01:28:04,631 INFO o.a.j.t.JMeterThread: Thread finished: Thread-Gruppe 1-7
2025-03-02 01:28:04,670 INFO o.a.j.t.JMeterThread: Thread finished: Thread-Gruppe 1-34
2025-03-02 01:28:04,694 INFO o.a.j.t.JMeterThread: Thread finished: Thread-Gruppe 1-53
2025-03-02 01:28:04,725 INFO o.a.j.t.JMeterThread: Thread finished: Thread-Gruppe 1-68
2025-03-02 01:28:04,725 INFO o.a.j.t.JMeterThread: Thread finished: Thread-Gruppe 1-23
2025-03-02 01:28:04,748 INFO o.a.j.t.JMeterThread: Thread finished: Thread-Gruppe 1-35
2025-03-02 01:28:04,756 INFO o.a.j.t.JMeterThread: Thread finished: Thread-Gruppe 1-8
2025-03-02 01:28:04,834 INFO o.a.j.t.JMeterThread: Thread finished: Thread-Gruppe 1-54
2025-03-02 01:28:04,834 INFO o.a.j.t.JMeterThread: Thread finished: Thread-Gruppe 1-24
2025-03-02 01:28:04,872 INFO o.a.j.t.JMeterThread: Thread finished: Thread-Gruppe 1-69
2025-03-02 01:28:04,891 INFO o.a.j.t.JMeterThread: Thread finished: Thread-Gruppe 1-9
2025-03-02 01:28:04,926 INFO o.a.j.t.JMeterThread: Thread finished: Thread-Gruppe 1-36
2025-03-02 01:28:04,966 INFO o.a.j.t.JMeterThread: Thread finished: Thread-Gruppe 1-55
2025-03-02 01:28:04,981 INFO o.a.j.t.JMeterThread: Thread finished: Thread-Gruppe 1-25
2025-03-02 01:28:05,022 INFO o.a.j.t.JMeterThread: Thread finished: Thread-Gruppe 1-70
2025-03-02 01:28:05,026 INFO o.a.j.t.JMeterThread: Thread finished: Thread-Gruppe 1-37
2025-03-02 01:28:05,036 INFO o.a.j.t.JMeterThread: Thread finished: Thread-Gruppe 1-10
2025-03-02 01:28:05,105 INFO o.a.j.t.JMeterThread: Thread finished: Thread-Gruppe 1-56
2025-03-02 01:28:05,111 INFO o.a.j.t.JMeterThread: Thread finished: Thread-Gruppe 1-26
2025-03-02 01:28:05,131 INFO o.a.j.t.JMeterThread: Thread finished: Thread-Gruppe 1-71
2025-03-02 01:28:05,155 INFO o.a.j.t.JMeterThread: Thread finished: Thread-Gruppe 1-11
2025-03-02 01:28:05,156 INFO o.a.j.t.JMeterThread: Thread finished: Thread-Gruppe 1-38
2025-03-02 01:28:05,236 INFO o.a.j.t.JMeterThread: Thread finished: Thread-Gruppe 1-57
2025-03-02 01:28:05,243 INFO o.a.j.t.JMeterThread: Thread finished: Thread-Gruppe 1-27
2025-03-02 01:28:05,264 INFO o.a.j.t.JMeterThread: Thread finished: Thread-Gruppe 1-72
2025-03-02 01:28:05,292 INFO o.a.j.t.JMeterThread: Thread finished: Thread-Gruppe 1-39
2025-03-02 01:28:05,300 INFO o.a.j.t.JMeterThread: Thread finished: Thread-Gruppe 1-12
2025-03-02 01:28:05,360 INFO o.a.j.t.JMeterThread: Thread finished: Thread-Gruppe 1-58
2025-03-02 01:28:05,387 INFO o.a.j.t.JMeterThread: Thread finished: Thread-Gruppe 1-28
2025-03-02 01:28:05,396 INFO o.a.j.t.JMeterThread: Thread finished: Thread-Gruppe 2-1
2025-03-02 01:28:05,407 INFO o.a.j.t.JMeterThread: Thread finished: Thread-Gruppe 1-73
2025-03-02 01:28:05,414 INFO o.a.j.t.JMeterThread: Thread finished: Thread-Gruppe 1-40
2025-03-02 01:28:05,426 INFO o.a.j.t.JMeterThread: Thread finished: Thread-Gruppe 1-13
2025-03-02 01:28:05,426 INFO o.a.j.t.JMeterThread: Thread finished: Thread-Gruppe 3-3
2025-03-02 01:28:05,504 INFO o.a.j.t.JMeterThread: Thread finished: Thread-Gruppe 1-59
2025-03-02 01:28:05,504 INFO o.a.j.t.JMeterThread: Thread finished: Thread-Gruppe 1-29
2025-03-02 01:28:05,512 INFO o.a.j.t.JMeterThread: Thread finished: Thread-Gruppe 2-8
2025-03-02 01:28:05,527 INFO o.a.j.t.JMeterThread: Thread finished: Thread-Gruppe 3-5
2025-03-02 01:28:05,541 INFO o.a.j.t.JMeterThread: Thread finished: Thread-Gruppe 1-74
2025-03-02 01:28:05,541 INFO o.a.j.t.JMeterThread: Thread finished: Thread-Gruppe 1-41
2025-03-02 01:28:05,566 INFO o.a.j.t.JMeterThread: Stopping because end time detected by thread: Thread-Gruppe 1-14
2025-03-02 01:28:05,566 INFO o.a.j.t.JMeterThread: Thread finished: Thread-Gruppe 1-14
2025-03-02 01:28:05,593 INFO o.a.j.t.JMeterThread: Thread finished: Thread-Gruppe 2-13
2025-03-02 01:28:05,636 INFO o.a.j.t.JMeterThread: Stopping because end time detected by thread: Thread-Gruppe 1-60
2025-03-02 01:28:05,636 INFO o.a.j.t.JMeterThread: Thread finished: Thread-Gruppe 1-60
2025-03-02 01:28:05,638 INFO o.a.j.t.JMeterThread: Stopping because end time detected by thread: Thread-Gruppe 2-5
2025-03-02 01:28:05,638 INFO o.a.j.t.JMeterThread: Thread finished: Thread-Gruppe 2-5
2025-03-02 01:28:05,638 INFO o.a.j.t.JMeterThread: Stopping because end time detected by thread: Thread-Gruppe 2-15
2025-03-02 01:28:05,639 INFO o.a.j.t.JMeterThread: Thread finished: Thread-Gruppe 2-15
2025-03-02 01:28:05,642 INFO o.a.j.t.JMeterThread: Stopping because end time detected by thread: Thread-Gruppe 2-3
2025-03-02 01:28:05,642 INFO o.a.j.t.JMeterThread: Thread finished: Thread-Gruppe 2-3
2025-03-02 01:28:05,642 INFO o.a.j.t.JMeterThread: Stopping because end time detected by thread: Thread-Gruppe 1-30
2025-03-02 01:28:05,642 INFO o.a.j.t.JMeterThread: Thread finished: Thread-Gruppe 1-30
2025-03-02 01:28:05,654 INFO o.a.j.t.JMeterThread: Stopping because end time detected by thread: Thread-Gruppe 2-18
2025-03-02 01:28:05,654 INFO o.a.j.t.JMeterThread: Thread finished: Thread-Gruppe 2-18
2025-03-02 01:28:05,668 INFO o.a.j.t.JMeterThread: Stopping because end time detected by thread: Thread-Gruppe 1-75
2025-03-02 01:28:05,668 INFO o.a.j.t.JMeterThread: Thread finished: Thread-Gruppe 1-75
2025-03-02 01:28:05,669 INFO o.a.j.t.JMeterThread: Stopping because end time detected by thread: Thread-Gruppe 2-19
2025-03-02 01:28:05,669 INFO o.a.j.t.JMeterThread: Thread finished: Thread-Gruppe 2-19
2025-03-02 01:28:05,677 INFO o.a.j.t.JMeterThread: Stopping because end time detected by thread: Thread-Gruppe 3-2
2025-03-02 01:28:05,677 INFO o.a.j.t.JMeterThread: Thread finished: Thread-Gruppe 3-2
2025-03-02 01:28:05,678 INFO o.a.j.t.JMeterThread: Stopping because end time detected by thread: Thread-Gruppe 3-4
2025-03-02 01:28:05,678 INFO o.a.j.t.JMeterThread: Thread finished: Thread-Gruppe 3-4
2025-03-02 01:28:05,683 INFO o.a.j.t.JMeterThread: Stopping because end time detected by thread: Thread-Gruppe 1-15
2025-03-02 01:28:05,683 INFO o.a.j.t.JMeterThread: Thread finished: Thread-Gruppe 1-15
2025-03-02 01:28:05,696 INFO o.a.j.t.JMeterThread: Stopping because end time detected by thread: Thread-Gruppe 1-42
2025-03-02 01:28:05,696 INFO o.a.j.t.JMeterThread: Stopping because end time detected by thread: Thread-Gruppe 2-14
2025-03-02 01:28:05,696 INFO o.a.j.t.JMeterThread: Stopping because end time detected by thread: Thread-Gruppe 3-1
2025-03-02 01:28:05,696 INFO o.a.j.t.JMeterThread: Thread finished: Thread-Gruppe 2-14
2025-03-02 01:28:05,696 INFO o.a.j.t.JMeterThread: Thread finished: Thread-Gruppe 3-1
2025-03-02 01:28:05,696 INFO o.a.j.t.JMeterThread: Thread finished: Thread-Gruppe 1-42
2025-03-02 01:28:05,700 INFO o.a.j.t.JMeterThread: Stopping because end time detected by thread: Thread-Gruppe 2-4
2025-03-02 01:28:05,700 INFO o.a.j.t.JMeterThread: Thread finished: Thread-Gruppe 2-4
2025-03-02 01:28:05,739 INFO o.a.j.t.JMeterThread: Stopping because end time detected by thread: Thread-Gruppe 2-16
2025-03-02 01:28:05,739 INFO o.a.j.t.JMeterThread: Thread finished: Thread-Gruppe 2-16
2025-03-02 01:28:05,752 INFO o.a.j.t.JMeterThread: Stopping because end time detected by thread: Thread-Gruppe 1-61
2025-03-02 01:28:05,752 INFO o.a.j.t.JMeterThread: Thread finished: Thread-Gruppe 1-61
2025-03-02 01:28:05,795 INFO o.a.j.t.JMeterThread: Stopping because end time detected by thread: Thread-Gruppe 1-31
2025-03-02 01:28:05,795 INFO o.a.j.t.JMeterThread: Thread finished: Thread-Gruppe 1-31
2025-03-02 01:28:05,797 INFO o.a.j.t.JMeterThread: Stopping because end time detected by thread: Thread-Gruppe 2-10
2025-03-02 01:28:05,797 INFO o.a.j.t.JMeterThread: Thread finished: Thread-Gruppe 2-10
2025-03-02 01:28:05,801 INFO o.a.j.t.JMeterThread: Stopping because end time detected by thread: Thread-Gruppe 2-7
2025-03-02 01:28:05,801 INFO o.a.j.t.JMeterThread: Thread finished: Thread-Gruppe 2-7
2025-03-02 01:28:05,815 INFO o.a.j.t.JMeterThread: Stopping because end time detected by thread: Thread-Gruppe 1-16
2025-03-02 01:28:05,815 INFO o.a.j.t.JMeterThread: Thread finished: Thread-Gruppe 1-16
2025-03-02 01:28:05,832 INFO o.a.j.t.JMeterThread: Stopping because end time detected by thread: Thread-Gruppe 1-43
2025-03-02 01:28:05,832 INFO o.a.j.t.JMeterThread: Thread finished: Thread-Gruppe 1-43
2025-03-02 01:28:05,832 INFO o.a.j.t.JMeterThread: Stopping because end time detected by thread: Thread-Gruppe 2-17
2025-03-02 01:28:05,832 INFO o.a.j.t.JMeterThread: Thread finished: Thread-Gruppe 2-17
2025-03-02 01:28:05,848 INFO o.a.j.t.JMeterThread: Stopping because end time detected by thread: Thread-Gruppe 2-12
2025-03-02 01:28:05,848 INFO o.a.j.t.JMeterThread: Thread finished: Thread-Gruppe 2-12
2025-03-02 01:28:05,848 INFO o.a.j.t.JMeterThread: Stopping because end time detected by thread: Thread-Gruppe 2-9
2025-03-02 01:28:05,848 INFO o.a.j.t.JMeterThread: Thread finished: Thread-Gruppe 2-9
2025-03-02 01:28:05,910 INFO o.a.j.t.JMeterThread: Stopping because end time detected by thread: Thread-Gruppe 2-11
2025-03-02 01:28:05,910 INFO o.a.j.t.JMeterThread: Thread finished: Thread-Gruppe 2-11
2025-03-02 01:28:06,006 INFO o.a.j.t.JMeterThread: Stopping because end time detected by thread: Thread-Gruppe 1-44
2025-03-02 01:28:06,007 INFO o.a.j.t.JMeterThread: Thread finished: Thread-Gruppe 1-44
2025-03-02 01:28:06,051 INFO o.a.j.t.JMeterThread: Stopping because end time detected by thread: Thread-Gruppe 2-2
2025-03-02 01:28:06,051 INFO o.a.j.t.JMeterThread: Thread finished: Thread-Gruppe 2-2
2025-03-02 01:28:06,083 INFO o.a.j.t.JMeterThread: Stopping because end time detected by thread: Thread-Gruppe 2-6
2025-03-02 01:28:06,083 INFO o.a.j.t.JMeterThread: Thread finished: Thread-Gruppe 2-6
2025-03-02 01:28:06,099 INFO o.a.j.t.JMeterThread: Stopping because end time detected by thread: Thread-Gruppe 1-45
2025-03-02 01:28:06,099 INFO o.a.j.t.JMeterThread: Thread finished: Thread-Gruppe 1-45
2025-03-02 01:28:06,241 INFO o.a.j.t.JMeterThread: Stopping because end time detected by thread: Thread-Gruppe 1-46
2025-03-02 01:28:06,241 INFO o.a.j.t.JMeterThread: Thread finished: Thread-Gruppe 1-46
2025-03-02 01:28:06,290 INFO o.a.j.t.JMeterThread: Stopping because end time detected by thread: Thread-Gruppe 2-20
2025-03-02 01:28:06,290 INFO o.a.j.t.JMeterThread: Thread finished: Thread-Gruppe 2-20
2025-03-02 01:28:06,300 INFO o.a.j.e.StandardJMeterEngine: Notifying test listeners of end of test
2025-03-02 01:28:06,303 INFO o.a.j.r.Summariser: summary +    459 in 00:00:06 =   73.1/s Avg:   354 Min:   204 Max:   821 Err:     0 (0.00%) Active: 0 Started: 100 Finished: 100
2025-03-02 01:28:06,304 INFO o.a.j.r.Summariser: summary =  45622 in 00:11:01 =   69.0/s Avg:   349 Min:   188 Max:  1174 Err:     3 (0.01%)
