2025-02-28 14:19:26,670 INFO o.a.j.u.JMeterUtils: Setting Locale to en_EN
2025-02-28 14:19:26,687 INFO o.a.j.JMeter: Loading user properties from: C:\Users\ASUS\Desktop\apache-jmeter-5.6.3\apache-jmeter-5.6.3\bin\user.properties
2025-02-28 14:19:26,687 INFO o.a.j.JMeter: Loading system properties from: C:\Users\ASUS\Desktop\apache-jmeter-5.6.3\apache-jmeter-5.6.3\bin\system.properties
2025-02-28 14:19:26,687 INFO o.a.j.JMeter: Setting JMeter property: lb_1_hostname=35.223.3.236
2025-02-28 14:19:26,687 INFO o.a.j.JMeter: Setting JMeter property: lb_2_hostname=34.56.2.152
2025-02-28 14:19:26,687 INFO o.a.j.JMeter: Setting JMeter property: lb_1_port=8090
2025-02-28 14:19:26,687 INFO o.a.j.JMeter: Setting JMeter property: lb_2_port=8091
2025-02-28 14:19:26,687 INFO o.a.j.JMeter: Setting JMeter property: warm_up_users=20
2025-02-28 14:19:26,687 INFO o.a.j.JMeter: Setting JMeter property: warm_up_time=60
2025-02-28 14:19:26,687 INFO o.a.j.JMeter: Setting JMeter property: test_run_time=600
2025-02-28 14:19:26,687 INFO o.a.j.JMeter: Setting JMeter property: group_1=75
2025-02-28 14:19:26,687 INFO o.a.j.JMeter: Setting JMeter property: group_2=20
2025-02-28 14:19:26,687 INFO o.a.j.JMeter: Setting JMeter property: group_3=5
2025-02-28 14:19:26,687 INFO o.a.j.JMeter: Setting JMeter property: group_1_request_rate=30
2025-02-28 14:19:26,687 INFO o.a.j.JMeter: Setting JMeter property: group_2_request_rate=90
2025-02-28 14:19:26,687 INFO o.a.j.JMeter: Setting JMeter property: group_3_request_rate=120
2025-02-28 14:19:26,687 INFO o.a.j.JMeter: Setting JMeter property: ramp_up=10
2025-02-28 14:19:26,687 INFO o.a.j.JMeter: Setting JMeter property: log_file=c:\\Users\\ASUS\\Desktop\\Repos\\rate-limiter-nginx\\jmeter\\cloud\\logs\\sliding_window_log\\performance\\2025_28_02_14_19\\warm_up_results.csv
2025-02-28 14:19:26,703 INFO o.a.j.JMeter: Copyright (c) 1998-2024 The Apache Software Foundation
2025-02-28 14:19:26,703 INFO o.a.j.JMeter: Version 5.6.3
2025-02-28 14:19:26,703 INFO o.a.j.JMeter: java.version=17.0.9
2025-02-28 14:19:26,703 INFO o.a.j.JMeter: java.vm.name=Java HotSpot(TM) 64-Bit Server VM
2025-02-28 14:19:26,703 INFO o.a.j.JMeter: os.name=Windows 11
2025-02-28 14:19:26,703 INFO o.a.j.JMeter: os.arch=amd64
2025-02-28 14:19:26,703 INFO o.a.j.JMeter: os.version=10.0
2025-02-28 14:19:26,703 INFO o.a.j.JMeter: file.encoding=Cp1252
2025-02-28 14:19:26,703 INFO o.a.j.JMeter: java.awt.headless=true
2025-02-28 14:19:26,703 INFO o.a.j.JMeter: Max memory     =1073741824
2025-02-28 14:19:26,703 INFO o.a.j.JMeter: Available Processors =12
2025-02-28 14:19:26,717 INFO o.a.j.JMeter: Default Locale=English (EN)
2025-02-28 14:19:26,717 INFO o.a.j.JMeter: JMeter  Locale=English (EN)
2025-02-28 14:19:26,717 INFO o.a.j.JMeter: JMeterHome=C:\Users\ASUS\Desktop\apache-jmeter-5.6.3\apache-jmeter-5.6.3
2025-02-28 14:19:26,717 INFO o.a.j.JMeter: user.dir  =c:\Users\ASUS\Desktop\Repos\rate-limiter-nginx\jmeter\cloud
2025-02-28 14:19:26,720 INFO o.a.j.JMeter: PWD       =C:\Users\ASUS\Desktop\Repos\rate-limiter-nginx\jmeter\cloud
2025-02-28 14:19:26,720 INFO o.a.j.JMeter: IP: 192.168.1.45 Name: THIVA FullName: THIVA
2025-02-28 14:19:26,743 INFO o.a.j.s.FileServer: Default base='c:\Users\ASUS\Desktop\Repos\rate-limiter-nginx\jmeter\cloud'
2025-02-28 14:19:26,746 INFO o.a.j.s.FileServer: Set new base='c:\Users\ASUS\Desktop\Repos\rate-limiter-nginx\jmeter\cloud'
2025-02-28 14:19:26,986 INFO o.a.j.s.SaveService: Testplan (JMX) version: 2.2. Testlog (JTL) version: 2.2
2025-02-28 14:19:27,004 INFO o.a.j.s.SaveService: Using SaveService properties version 5.0
2025-02-28 14:19:27,021 INFO o.a.j.s.SaveService: Using SaveService properties file encoding UTF-8
2025-02-28 14:19:27,021 INFO o.a.j.s.SaveService: Loading file: teastore_performance.jmx
2025-02-28 14:19:27,066 INFO o.a.j.p.h.c.CookieManager: Settings: Delete null: true Check: true Allow variable: true Save: false Prefix: COOKIE_
2025-02-28 14:19:27,087 INFO o.a.j.p.h.s.HTTPSamplerBase: Parser for text/html is org.apache.jmeter.protocol.http.parser.LagartoBasedHtmlParser
2025-02-28 14:19:27,088 INFO o.a.j.p.h.s.HTTPSamplerBase: Parser for application/xhtml+xml is org.apache.jmeter.protocol.http.parser.LagartoBasedHtmlParser
2025-02-28 14:19:27,088 INFO o.a.j.p.h.s.HTTPSamplerBase: Parser for application/xml is org.apache.jmeter.protocol.http.parser.LagartoBasedHtmlParser
2025-02-28 14:19:27,088 INFO o.a.j.p.h.s.HTTPSamplerBase: Parser for text/xml is org.apache.jmeter.protocol.http.parser.LagartoBasedHtmlParser
2025-02-28 14:19:27,088 INFO o.a.j.p.h.s.HTTPSamplerBase: Parser for text/vnd.wap.wml is org.apache.jmeter.protocol.http.parser.RegexpHTMLParser
2025-02-28 14:19:27,088 INFO o.a.j.p.h.s.HTTPSamplerBase: Parser for text/css is org.apache.jmeter.protocol.http.parser.CssParser
2025-02-28 14:19:27,220 INFO o.a.j.JMeter: Creating summariser <summary>
2025-02-28 14:19:27,250 INFO o.a.j.e.StandardJMeterEngine: Running the test!
2025-02-28 14:19:27,251 INFO o.a.j.s.SampleEvent: List of sample_variables: []
2025-02-28 14:19:27,251 INFO o.a.j.s.SampleEvent: List of sample_variables: []
2025-02-28 14:19:27,263 INFO o.a.j.e.u.CompoundVariable: Note: Function class names must contain the string: '.functions.'
2025-02-28 14:19:27,263 INFO o.a.j.e.u.CompoundVariable: Note: Function class names must not contain the string: '.gui.'
2025-02-28 14:19:27,339 INFO o.a.j.r.ClassFinder: Will scan jar C:\Users\ASUS\Desktop\apache-jmeter-5.6.3\apache-jmeter-5.6.3\lib\ext\jmeter-plugins-casutg-2.10.jar with filter ExtendsClassFilter [parents=[interface org.apache.jmeter.functions.Function], inner=false, contains=null, notContains=null]. Consider exposing JMeter plugins via META-INF/services, and add JMeter-Skip-Class-Scanning=true manifest attribute so JMeter can skip classfile scanning
2025-02-28 14:19:27,355 INFO o.a.j.r.ClassFinder: Will scan jar C:\Users\ASUS\Desktop\apache-jmeter-5.6.3\apache-jmeter-5.6.3\lib\ext\jmeter-plugins-graphs-vs-2.0.jar with filter ExtendsClassFilter [parents=[interface org.apache.jmeter.functions.Function], inner=false, contains=null, notContains=null]. Consider exposing JMeter plugins via META-INF/services, and add JMeter-Skip-Class-Scanning=true manifest attribute so JMeter can skip classfile scanning
2025-02-28 14:19:27,355 INFO o.a.j.r.ClassFinder: Will scan jar C:\Users\ASUS\Desktop\apache-jmeter-5.6.3\apache-jmeter-5.6.3\lib\ext\jmeter-plugins-manager-1.9.jar with filter ExtendsClassFilter [parents=[interface org.apache.jmeter.functions.Function], inner=false, contains=null, notContains=null]. Consider exposing JMeter plugins via META-INF/services, and add JMeter-Skip-Class-Scanning=true manifest attribute so JMeter can skip classfile scanning
2025-02-28 14:19:27,444 INFO o.a.j.r.ClassFinder: Will scan jar C:\Users\ASUS\Desktop\apache-jmeter-5.6.3\apache-jmeter-5.6.3\lib\ext\jmeter-plugins-graphs-basic-2.0.jar with filter ExtendsClassFilter [parents=[interface org.apache.jmeter.functions.Function], inner=false, contains=null, notContains=null]. Consider exposing JMeter plugins via META-INF/services, and add JMeter-Skip-Class-Scanning=true manifest attribute so JMeter can skip classfile scanning
2025-02-28 14:19:27,446 INFO o.a.j.r.ClassFinder: Will scan jar C:\Users\ASUS\Desktop\apache-jmeter-5.6.3\apache-jmeter-5.6.3\lib\ext\jmeter-plugins-manager-0.20.jar with filter ExtendsClassFilter [parents=[interface org.apache.jmeter.functions.Function], inner=false, contains=null, notContains=null]. Consider exposing JMeter plugins via META-INF/services, and add JMeter-Skip-Class-Scanning=true manifest attribute so JMeter can skip classfile scanning
2025-02-28 14:19:27,449 INFO o.a.j.r.ClassFinder: Will scan jar C:\Users\ASUS\Desktop\apache-jmeter-5.6.3\apache-jmeter-5.6.3\lib\ext\jmeter-plugins-tst-2.6.jar with filter ExtendsClassFilter [parents=[interface org.apache.jmeter.functions.Function], inner=false, contains=null, notContains=null]. Consider exposing JMeter plugins via META-INF/services, and add JMeter-Skip-Class-Scanning=true manifest attribute so JMeter can skip classfile scanning
2025-02-28 14:19:27,453 INFO o.a.j.r.ClassFinder: Will scan jar C:\Users\ASUS\Desktop\apache-jmeter-5.6.3\apache-jmeter-5.6.3\lib\ext\jmeter-parallel-0.12.jar with filter ExtendsClassFilter [parents=[interface org.apache.jmeter.functions.Function], inner=false, contains=null, notContains=null]. Consider exposing JMeter plugins via META-INF/services, and add JMeter-Skip-Class-Scanning=true manifest attribute so JMeter can skip classfile scanning
2025-02-28 14:19:27,784 INFO o.a.j.JMeter: Running test (1740732567784)
2025-02-28 14:19:27,788 INFO o.a.j.e.StandardJMeterEngine: Starting setUp thread groups
2025-02-28 14:19:27,788 INFO o.a.j.e.StandardJMeterEngine: Starting setUp ThreadGroup: 1 : setUp Thread Group 
2025-02-28 14:19:27,788 INFO o.a.j.e.StandardJMeterEngine: Starting 20 threads for group setUp Thread Group.
2025-02-28 14:19:27,788 INFO o.a.j.e.StandardJMeterEngine: Thread will continue on error
2025-02-28 14:19:27,788 INFO o.a.j.t.ThreadGroup: Starting thread group... number=1 threads=20 ramp-up=10 delayedStart=false
2025-02-28 14:19:27,804 INFO o.a.j.t.JMeterThread: Thread started: setUp Thread Group 1-1
2025-02-28 14:19:27,834 INFO o.a.j.t.ThreadGroup: Started thread group number 1
2025-02-28 14:19:27,834 INFO o.a.j.e.StandardJMeterEngine: Waiting for all setup thread groups to exit
2025-02-28 14:19:28,316 INFO o.a.j.t.JMeterThread: Thread started: setUp Thread Group 1-2
2025-02-28 14:19:28,673 INFO o.a.j.p.h.s.HTTPHCAbstractImpl: Local host = THIVA
2025-02-28 14:19:28,673 INFO o.a.j.p.h.s.HTTPHC4Impl: HTTP request retry count = 0
2025-02-28 14:19:28,682 INFO o.a.j.s.SampleResult: Note: Sample TimeStamps are START times
2025-02-28 14:19:28,682 INFO o.a.j.s.SampleResult: sampleresult.default.encoding is set to UTF-8
2025-02-28 14:19:28,682 INFO o.a.j.s.SampleResult: sampleresult.useNanoTime=true
2025-02-28 14:19:28,683 INFO o.a.j.s.SampleResult: sampleresult.nanoThreadSleep=5000
2025-02-28 14:19:28,814 INFO o.a.j.t.JMeterThread: Thread started: setUp Thread Group 1-3
2025-02-28 14:19:29,297 INFO o.a.j.t.JMeterThread: Thread started: setUp Thread Group 1-4
2025-02-28 14:19:29,810 INFO o.a.j.t.JMeterThread: Thread started: setUp Thread Group 1-5
2025-02-28 14:19:30,292 INFO o.a.j.t.JMeterThread: Thread started: setUp Thread Group 1-6
2025-02-28 14:19:30,789 INFO o.a.j.t.JMeterThread: Thread started: setUp Thread Group 1-7
2025-02-28 14:19:31,288 INFO o.a.j.t.JMeterThread: Thread started: setUp Thread Group 1-8
2025-02-28 14:19:31,803 INFO o.a.j.t.JMeterThread: Thread started: setUp Thread Group 1-9
2025-02-28 14:19:32,304 INFO o.a.j.t.JMeterThread: Thread started: setUp Thread Group 1-10
2025-02-28 14:19:32,803 INFO o.a.j.t.JMeterThread: Thread started: setUp Thread Group 1-11
2025-02-28 14:19:33,292 INFO o.a.j.t.JMeterThread: Thread started: setUp Thread Group 1-12
2025-02-28 14:19:33,789 INFO o.a.j.t.JMeterThread: Thread started: setUp Thread Group 1-13
2025-02-28 14:19:34,295 INFO o.a.j.t.JMeterThread: Thread started: setUp Thread Group 1-14
2025-02-28 14:19:34,795 INFO o.a.j.t.JMeterThread: Thread started: setUp Thread Group 1-15
2025-02-28 14:19:35,295 INFO o.a.j.t.JMeterThread: Thread started: setUp Thread Group 1-16
2025-02-28 14:19:35,794 INFO o.a.j.t.JMeterThread: Thread started: setUp Thread Group 1-17
2025-02-28 14:19:36,295 INFO o.a.j.t.JMeterThread: Thread started: setUp Thread Group 1-18
2025-02-28 14:19:36,795 INFO o.a.j.t.JMeterThread: Thread started: setUp Thread Group 1-19
2025-02-28 14:19:37,289 INFO o.a.j.t.JMeterThread: Thread started: setUp Thread Group 1-20
2025-02-28 14:20:27,569 INFO o.a.j.t.JMeterThread: Thread finished: setUp Thread Group 1-2
2025-02-28 14:20:27,581 INFO o.a.j.t.JMeterThread: Thread finished: setUp Thread Group 1-7
2025-02-28 14:20:27,583 INFO o.a.j.t.JMeterThread: Thread finished: setUp Thread Group 1-4
2025-02-28 14:20:27,604 INFO o.a.j.t.JMeterThread: Thread finished: setUp Thread Group 1-6
2025-02-28 14:20:27,617 INFO o.a.j.t.JMeterThread: Thread finished: setUp Thread Group 1-1
2025-02-28 14:20:27,645 INFO o.a.j.t.JMeterThread: Thread finished: setUp Thread Group 1-19
2025-02-28 14:20:27,653 INFO o.a.j.t.JMeterThread: Thread finished: setUp Thread Group 1-17
2025-02-28 14:20:27,657 INFO o.a.j.t.JMeterThread: Thread finished: setUp Thread Group 1-9
2025-02-28 14:20:27,666 INFO o.a.j.t.JMeterThread: Thread finished: setUp Thread Group 1-8
2025-02-28 14:20:27,673 INFO o.a.j.t.JMeterThread: Thread finished: setUp Thread Group 1-16
2025-02-28 14:20:27,691 INFO o.a.j.t.JMeterThread: Thread finished: setUp Thread Group 1-14
2025-02-28 14:20:27,708 INFO o.a.j.t.JMeterThread: Thread finished: setUp Thread Group 1-11
2025-02-28 14:20:27,725 INFO o.a.j.t.JMeterThread: Thread finished: setUp Thread Group 1-18
2025-02-28 14:20:27,740 INFO o.a.j.t.JMeterThread: Thread finished: setUp Thread Group 1-3
2025-02-28 14:20:27,836 INFO o.a.j.t.JMeterThread: Stopping because end time detected by thread: setUp Thread Group 1-10
2025-02-28 14:20:27,848 INFO o.a.j.t.JMeterThread: Thread finished: setUp Thread Group 1-10
2025-02-28 14:20:27,899 INFO o.a.j.t.JMeterThread: Stopping because end time detected by thread: setUp Thread Group 1-5
2025-02-28 14:20:27,899 INFO o.a.j.t.JMeterThread: Thread finished: setUp Thread Group 1-5
2025-02-28 14:20:27,915 INFO o.a.j.t.JMeterThread: Stopping because end time detected by thread: setUp Thread Group 1-13
2025-02-28 14:20:27,915 INFO o.a.j.t.JMeterThread: Thread finished: setUp Thread Group 1-13
2025-02-28 14:20:27,946 INFO o.a.j.t.JMeterThread: Stopping because end time detected by thread: setUp Thread Group 1-15
2025-02-28 14:20:27,946 INFO o.a.j.t.JMeterThread: Thread finished: setUp Thread Group 1-15
2025-02-28 14:20:27,962 INFO o.a.j.t.JMeterThread: Stopping because end time detected by thread: setUp Thread Group 1-12
2025-02-28 14:20:27,962 INFO o.a.j.t.JMeterThread: Thread finished: setUp Thread Group 1-12
2025-02-28 14:20:27,962 INFO o.a.j.t.JMeterThread: Stopping because end time detected by thread: setUp Thread Group 1-20
2025-02-28 14:20:27,962 INFO o.a.j.t.JMeterThread: Thread finished: setUp Thread Group 1-20
2025-02-28 14:20:27,962 INFO o.a.j.e.StandardJMeterEngine: All Setup Threads have ended
2025-02-28 14:20:28,009 INFO o.a.j.e.StandardJMeterEngine: Starting ThreadGroup: 1 : Thread-Gruppe
2025-02-28 14:20:28,009 INFO o.a.j.e.StandardJMeterEngine: Starting 75 threads for group Thread-Gruppe.
2025-02-28 14:20:28,009 INFO o.a.j.e.StandardJMeterEngine: Thread will continue on error
2025-02-28 14:20:28,009 INFO o.a.j.t.ThreadGroup: Starting thread group... number=1 threads=75 ramp-up=10 delayedStart=false
2025-02-28 14:20:28,011 INFO o.a.j.t.JMeterThread: Thread started: Thread-Gruppe 1-1
2025-02-28 14:20:28,081 INFO o.a.j.t.ThreadGroup: Started thread group number 1
2025-02-28 14:20:28,082 INFO o.a.j.e.StandardJMeterEngine: Starting ThreadGroup: 2 : Thread-Gruppe
2025-02-28 14:20:28,082 INFO o.a.j.e.StandardJMeterEngine: Starting 20 threads for group Thread-Gruppe.
2025-02-28 14:20:28,082 INFO o.a.j.e.StandardJMeterEngine: Thread will continue on error
2025-02-28 14:20:28,082 INFO o.a.j.t.ThreadGroup: Starting thread group... number=2 threads=20 ramp-up=10 delayedStart=false
2025-02-28 14:20:28,083 INFO o.a.j.t.JMeterThread: Thread started: Thread-Gruppe 2-1
2025-02-28 14:20:28,097 INFO o.a.j.t.ThreadGroup: Started thread group number 2
2025-02-28 14:20:28,097 INFO o.a.j.e.StandardJMeterEngine: Starting ThreadGroup: 3 : Thread-Gruppe
2025-02-28 14:20:28,097 INFO o.a.j.e.StandardJMeterEngine: Starting 5 threads for group Thread-Gruppe.
2025-02-28 14:20:28,097 INFO o.a.j.e.StandardJMeterEngine: Thread will continue on error
2025-02-28 14:20:28,097 INFO o.a.j.t.ThreadGroup: Starting thread group... number=3 threads=5 ramp-up=10 delayedStart=false
2025-02-28 14:20:28,099 INFO o.a.j.t.JMeterThread: Thread started: Thread-Gruppe 3-1
2025-02-28 14:20:28,101 INFO o.a.j.t.ThreadGroup: Started thread group number 3
2025-02-28 14:20:28,101 INFO o.a.j.e.StandardJMeterEngine: All thread groups have been started
2025-02-28 14:20:28,148 INFO o.a.j.t.JMeterThread: Thread started: Thread-Gruppe 1-2
2025-02-28 14:20:28,279 INFO o.a.j.t.JMeterThread: Thread started: Thread-Gruppe 1-3
2025-02-28 14:20:28,414 INFO o.a.j.t.JMeterThread: Thread started: Thread-Gruppe 1-4
2025-02-28 14:20:28,548 INFO o.a.j.t.JMeterThread: Thread started: Thread-Gruppe 1-5
2025-02-28 14:20:28,585 INFO o.a.j.t.JMeterThread: Thread started: Thread-Gruppe 2-2
2025-02-28 14:20:28,679 INFO o.a.j.t.JMeterThread: Thread started: Thread-Gruppe 1-6
2025-02-28 14:20:28,811 INFO o.a.j.t.JMeterThread: Thread started: Thread-Gruppe 1-7
2025-02-28 14:20:28,943 INFO o.a.j.t.JMeterThread: Thread started: Thread-Gruppe 1-8
2025-02-28 14:20:29,076 INFO o.a.j.t.JMeterThread: Thread started: Thread-Gruppe 1-9
2025-02-28 14:20:29,086 INFO o.a.j.t.JMeterThread: Thread started: Thread-Gruppe 2-3
2025-02-28 14:20:29,211 INFO o.a.j.t.JMeterThread: Thread started: Thread-Gruppe 1-10
2025-02-28 14:20:29,345 INFO o.a.j.t.JMeterThread: Thread started: Thread-Gruppe 1-11
2025-02-28 14:20:29,476 INFO o.a.j.t.JMeterThread: Thread started: Thread-Gruppe 1-12
2025-02-28 14:20:29,585 INFO o.a.j.t.JMeterThread: Thread started: Thread-Gruppe 2-4
2025-02-28 14:20:29,610 INFO o.a.j.t.JMeterThread: Thread started: Thread-Gruppe 1-13
2025-02-28 14:20:29,742 INFO o.a.j.t.JMeterThread: Thread started: Thread-Gruppe 1-14
2025-02-28 14:20:29,876 INFO o.a.j.t.JMeterThread: Thread started: Thread-Gruppe 1-15
2025-02-28 14:20:30,007 INFO o.a.j.r.Summariser: summary +     22 in 00:01:02 =    0.4/s Avg:   468 Min:   253 Max:   527 Err:     0 (0.00%) Active: 20 Started: 20 Finished: 0
2025-02-28 14:20:30,009 INFO o.a.j.t.JMeterThread: Thread started: Thread-Gruppe 1-16
2025-02-28 14:20:30,084 INFO o.a.j.t.JMeterThread: Thread started: Thread-Gruppe 2-5
2025-02-28 14:20:30,099 INFO o.a.j.t.JMeterThread: Thread started: Thread-Gruppe 3-2
2025-02-28 14:20:30,141 INFO o.a.j.t.JMeterThread: Thread started: Thread-Gruppe 1-17
2025-02-28 14:20:30,273 INFO o.a.j.t.JMeterThread: Thread started: Thread-Gruppe 1-18
2025-02-28 14:20:30,406 INFO o.a.j.t.JMeterThread: Thread started: Thread-Gruppe 1-19
2025-02-28 14:20:30,539 INFO o.a.j.t.JMeterThread: Thread started: Thread-Gruppe 1-20
2025-02-28 14:20:30,586 INFO o.a.j.t.JMeterThread: Thread started: Thread-Gruppe 2-6
2025-02-28 14:20:30,674 INFO o.a.j.t.JMeterThread: Thread started: Thread-Gruppe 1-21
2025-02-28 14:20:30,807 INFO o.a.j.t.JMeterThread: Thread started: Thread-Gruppe 1-22
2025-02-28 14:20:30,938 INFO o.a.j.t.JMeterThread: Thread started: Thread-Gruppe 1-23
2025-02-28 14:20:31,071 INFO o.a.j.t.JMeterThread: Thread started: Thread-Gruppe 1-24
2025-02-28 14:20:31,083 INFO o.a.j.t.JMeterThread: Thread started: Thread-Gruppe 2-7
2025-02-28 14:20:31,202 INFO o.a.j.t.JMeterThread: Thread started: Thread-Gruppe 1-25
2025-02-28 14:20:31,337 INFO o.a.j.t.JMeterThread: Thread started: Thread-Gruppe 1-26
2025-02-28 14:20:31,469 INFO o.a.j.t.JMeterThread: Thread started: Thread-Gruppe 1-27
2025-02-28 14:20:31,583 INFO o.a.j.t.JMeterThread: Thread started: Thread-Gruppe 2-8
2025-02-28 14:20:31,602 INFO o.a.j.t.JMeterThread: Thread started: Thread-Gruppe 1-28
2025-02-28 14:20:31,735 INFO o.a.j.t.JMeterThread: Thread started: Thread-Gruppe 1-29
2025-02-28 14:20:31,869 INFO o.a.j.t.JMeterThread: Thread started: Thread-Gruppe 1-30
2025-02-28 14:20:32,003 INFO o.a.j.t.JMeterThread: Thread started: Thread-Gruppe 1-31
2025-02-28 14:20:32,083 INFO o.a.j.t.JMeterThread: Thread started: Thread-Gruppe 2-9
2025-02-28 14:20:32,099 INFO o.a.j.t.JMeterThread: Thread started: Thread-Gruppe 3-3
2025-02-28 14:20:32,136 INFO o.a.j.t.JMeterThread: Thread started: Thread-Gruppe 1-32
2025-02-28 14:20:32,270 INFO o.a.j.t.JMeterThread: Thread started: Thread-Gruppe 1-33
2025-02-28 14:20:32,402 INFO o.a.j.t.JMeterThread: Thread started: Thread-Gruppe 1-34
2025-02-28 14:20:32,536 INFO o.a.j.t.JMeterThread: Thread started: Thread-Gruppe 1-35
2025-02-28 14:20:32,584 INFO o.a.j.t.JMeterThread: Thread started: Thread-Gruppe 2-10
2025-02-28 14:20:32,668 INFO o.a.j.t.JMeterThread: Thread started: Thread-Gruppe 1-36
2025-02-28 14:20:32,802 INFO o.a.j.t.JMeterThread: Thread started: Thread-Gruppe 1-37
2025-02-28 14:20:32,934 INFO o.a.j.t.JMeterThread: Thread started: Thread-Gruppe 1-38
2025-02-28 14:20:33,068 INFO o.a.j.t.JMeterThread: Thread started: Thread-Gruppe 1-39
2025-02-28 14:20:33,084 INFO o.a.j.t.JMeterThread: Thread started: Thread-Gruppe 2-11
2025-02-28 14:20:33,199 INFO o.a.j.t.JMeterThread: Thread started: Thread-Gruppe 1-40
2025-02-28 14:20:33,333 INFO o.a.j.t.JMeterThread: Thread started: Thread-Gruppe 1-41
2025-02-28 14:20:33,464 INFO o.a.j.t.JMeterThread: Thread started: Thread-Gruppe 1-42
2025-02-28 14:20:33,584 INFO o.a.j.t.JMeterThread: Thread started: Thread-Gruppe 2-12
2025-02-28 14:20:33,598 INFO o.a.j.t.JMeterThread: Thread started: Thread-Gruppe 1-43
2025-02-28 14:20:33,730 INFO o.a.j.t.JMeterThread: Thread started: Thread-Gruppe 1-44
2025-02-28 14:20:33,864 INFO o.a.j.t.JMeterThread: Thread started: Thread-Gruppe 1-45
2025-02-28 14:20:33,997 INFO o.a.j.t.JMeterThread: Thread started: Thread-Gruppe 1-46
2025-02-28 14:20:34,085 INFO o.a.j.t.JMeterThread: Thread started: Thread-Gruppe 2-13
2025-02-28 14:20:34,099 INFO o.a.j.t.JMeterThread: Thread started: Thread-Gruppe 3-4
2025-02-28 14:20:34,129 INFO o.a.j.t.JMeterThread: Thread started: Thread-Gruppe 1-47
2025-02-28 14:20:34,262 INFO o.a.j.t.JMeterThread: Thread started: Thread-Gruppe 1-48
2025-02-28 14:20:34,395 INFO o.a.j.t.JMeterThread: Thread started: Thread-Gruppe 1-49
2025-02-28 14:20:34,527 INFO o.a.j.t.JMeterThread: Thread started: Thread-Gruppe 1-50
2025-02-28 14:20:34,585 INFO o.a.j.t.JMeterThread: Thread started: Thread-Gruppe 2-14
2025-02-28 14:20:34,661 INFO o.a.j.t.JMeterThread: Thread started: Thread-Gruppe 1-51
2025-02-28 14:20:34,794 INFO o.a.j.t.JMeterThread: Thread started: Thread-Gruppe 1-52
2025-02-28 14:20:34,926 INFO o.a.j.t.JMeterThread: Thread started: Thread-Gruppe 1-53
2025-02-28 14:20:35,060 INFO o.a.j.t.JMeterThread: Thread started: Thread-Gruppe 1-54
2025-02-28 14:20:35,085 INFO o.a.j.t.JMeterThread: Thread started: Thread-Gruppe 2-15
2025-02-28 14:20:35,193 INFO o.a.j.t.JMeterThread: Thread started: Thread-Gruppe 1-55
2025-02-28 14:20:35,327 INFO o.a.j.t.JMeterThread: Thread started: Thread-Gruppe 1-56
2025-02-28 14:20:35,460 INFO o.a.j.t.JMeterThread: Thread started: Thread-Gruppe 1-57
2025-02-28 14:20:35,585 INFO o.a.j.t.JMeterThread: Thread started: Thread-Gruppe 2-16
2025-02-28 14:20:35,592 INFO o.a.j.t.JMeterThread: Thread started: Thread-Gruppe 1-58
2025-02-28 14:20:35,725 INFO o.a.j.t.JMeterThread: Thread started: Thread-Gruppe 1-59
2025-02-28 14:20:35,858 INFO o.a.j.t.JMeterThread: Thread started: Thread-Gruppe 1-60
2025-02-28 14:20:35,992 INFO o.a.j.t.JMeterThread: Thread started: Thread-Gruppe 1-61
2025-02-28 14:20:36,085 INFO o.a.j.t.JMeterThread: Thread started: Thread-Gruppe 2-17
2025-02-28 14:20:36,099 INFO o.a.j.t.JMeterThread: Thread started: Thread-Gruppe 3-5
2025-02-28 14:20:36,123 INFO o.a.j.t.JMeterThread: Thread started: Thread-Gruppe 1-62
2025-02-28 14:20:36,258 INFO o.a.j.t.JMeterThread: Thread started: Thread-Gruppe 1-63
2025-02-28 14:20:36,390 INFO o.a.j.t.JMeterThread: Thread started: Thread-Gruppe 1-64
2025-02-28 14:20:36,523 INFO o.a.j.t.JMeterThread: Thread started: Thread-Gruppe 1-65
2025-02-28 14:20:36,583 INFO o.a.j.t.JMeterThread: Thread started: Thread-Gruppe 2-18
2025-02-28 14:20:36,656 INFO o.a.j.t.JMeterThread: Thread started: Thread-Gruppe 1-66
2025-02-28 14:20:36,790 INFO o.a.j.t.JMeterThread: Thread started: Thread-Gruppe 1-67
2025-02-28 14:20:36,922 INFO o.a.j.t.JMeterThread: Thread started: Thread-Gruppe 1-68
2025-02-28 14:20:37,055 INFO o.a.j.t.JMeterThread: Thread started: Thread-Gruppe 1-69
2025-02-28 14:20:37,084 INFO o.a.j.t.JMeterThread: Thread started: Thread-Gruppe 2-19
2025-02-28 14:20:37,188 INFO o.a.j.t.JMeterThread: Thread started: Thread-Gruppe 1-70
2025-02-28 14:20:37,323 INFO o.a.j.t.JMeterThread: Thread started: Thread-Gruppe 1-71
2025-02-28 14:20:37,454 INFO o.a.j.t.JMeterThread: Thread started: Thread-Gruppe 1-72
2025-02-28 14:20:37,584 INFO o.a.j.t.JMeterThread: Thread started: Thread-Gruppe 2-20
2025-02-28 14:20:37,587 INFO o.a.j.t.JMeterThread: Thread started: Thread-Gruppe 1-73
2025-02-28 14:20:37,720 INFO o.a.j.t.JMeterThread: Thread started: Thread-Gruppe 1-74
2025-02-28 14:20:37,852 INFO o.a.j.t.JMeterThread: Thread started: Thread-Gruppe 1-75
2025-02-28 14:21:00,044 INFO o.a.j.r.Summariser: summary +   2078 in 00:00:30 =   69.2/s Avg:   339 Min:   238 Max:  1095 Err:     0 (0.00%) Active: 100 Started: 100 Finished: 0
2025-02-28 14:21:00,045 INFO o.a.j.r.Summariser: summary =   2100 in 00:01:32 =   22.8/s Avg:   340 Min:   238 Max:  1095 Err:     0 (0.00%)
2025-02-28 14:21:30,019 INFO o.a.j.r.Summariser: summary +   2291 in 00:00:30 =   76.4/s Avg:   333 Min:   237 Max:   855 Err:     0 (0.00%) Active: 100 Started: 100 Finished: 0
2025-02-28 14:21:30,020 INFO o.a.j.r.Summariser: summary =   4391 in 00:02:02 =   35.9/s Avg:   336 Min:   237 Max:  1095 Err:     0 (0.00%)
2025-02-28 14:22:00,019 INFO o.a.j.r.Summariser: summary +   2294 in 00:00:30 =   76.5/s Avg:   335 Min:   237 Max:  1176 Err:     0 (0.00%) Active: 100 Started: 100 Finished: 0
2025-02-28 14:22:00,019 INFO o.a.j.r.Summariser: summary =   6685 in 00:02:32 =   43.9/s Avg:   336 Min:   237 Max:  1176 Err:     0 (0.00%)
2025-02-28 14:22:30,048 INFO o.a.j.r.Summariser: summary +   2293 in 00:00:30 =   76.4/s Avg:   332 Min:   237 Max:  1033 Err:     0 (0.00%) Active: 100 Started: 100 Finished: 0
2025-02-28 14:22:30,049 INFO o.a.j.r.Summariser: summary =   8978 in 00:03:02 =   49.3/s Avg:   335 Min:   237 Max:  1176 Err:     0 (0.00%)
2025-02-28 14:23:00,013 INFO o.a.j.r.Summariser: summary +   2289 in 00:00:30 =   76.4/s Avg:   344 Min:   237 Max:  1102 Err:     0 (0.00%) Active: 100 Started: 100 Finished: 0
2025-02-28 14:23:00,013 INFO o.a.j.r.Summariser: summary =  11267 in 00:03:32 =   53.1/s Avg:   337 Min:   237 Max:  1176 Err:     0 (0.00%)
2025-02-28 14:23:30,014 INFO o.a.j.r.Summariser: summary +   2287 in 00:00:30 =   76.2/s Avg:   327 Min:   239 Max:  1020 Err:     0 (0.00%) Active: 100 Started: 100 Finished: 0
2025-02-28 14:23:30,015 INFO o.a.j.r.Summariser: summary =  13554 in 00:04:02 =   56.0/s Avg:   335 Min:   237 Max:  1176 Err:     0 (0.00%)
2025-02-28 14:24:00,071 INFO o.a.j.r.Summariser: summary +   2283 in 00:00:30 =   76.0/s Avg:   348 Min:   239 Max:  1091 Err:     0 (0.00%) Active: 100 Started: 100 Finished: 0
2025-02-28 14:24:00,074 INFO o.a.j.r.Summariser: summary =  15837 in 00:04:32 =   58.2/s Avg:   337 Min:   237 Max:  1176 Err:     0 (0.00%)
2025-02-28 14:24:30,001 INFO o.a.j.r.Summariser: summary +   2294 in 00:00:30 =   76.6/s Avg:   329 Min:   241 Max:  1081 Err:     0 (0.00%) Active: 100 Started: 100 Finished: 0
2025-02-28 14:24:30,002 INFO o.a.j.r.Summariser: summary =  18131 in 00:05:02 =   60.0/s Avg:   336 Min:   237 Max:  1176 Err:     0 (0.00%)
2025-02-28 14:25:00,004 INFO o.a.j.r.Summariser: summary +   2282 in 00:00:30 =   76.1/s Avg:   350 Min:   238 Max:  1102 Err:     0 (0.00%) Active: 100 Started: 100 Finished: 0
2025-02-28 14:25:00,005 INFO o.a.j.r.Summariser: summary =  20413 in 00:05:32 =   61.4/s Avg:   337 Min:   237 Max:  1176 Err:     0 (0.00%)
2025-02-28 14:25:30,008 INFO o.a.j.r.Summariser: summary +   2289 in 00:00:30 =   76.3/s Avg:   331 Min:   238 Max:  1154 Err:     0 (0.00%) Active: 100 Started: 100 Finished: 0
2025-02-28 14:25:30,009 INFO o.a.j.r.Summariser: summary =  22702 in 00:06:02 =   62.7/s Avg:   337 Min:   237 Max:  1176 Err:     0 (0.00%)
2025-02-28 14:26:00,003 INFO o.a.j.r.Summariser: summary +   2290 in 00:00:30 =   76.3/s Avg:   338 Min:   238 Max:  1082 Err:     0 (0.00%) Active: 100 Started: 100 Finished: 0
2025-02-28 14:26:00,004 INFO o.a.j.r.Summariser: summary =  24992 in 00:06:32 =   63.7/s Avg:   337 Min:   237 Max:  1176 Err:     0 (0.00%)
2025-02-28 14:26:30,009 INFO o.a.j.r.Summariser: summary +   2290 in 00:00:30 =   76.3/s Avg:   326 Min:   237 Max:   850 Err:     0 (0.00%) Active: 100 Started: 100 Finished: 0
2025-02-28 14:26:30,009 INFO o.a.j.r.Summariser: summary =  27282 in 00:07:02 =   64.6/s Avg:   336 Min:   237 Max:  1176 Err:     0 (0.00%)
2025-02-28 14:27:00,006 INFO o.a.j.r.Summariser: summary +   2288 in 00:00:30 =   76.3/s Avg:   352 Min:   239 Max:  1222 Err:     0 (0.00%) Active: 100 Started: 100 Finished: 0
2025-02-28 14:27:00,007 INFO o.a.j.r.Summariser: summary =  29570 in 00:07:32 =   65.4/s Avg:   337 Min:   237 Max:  1222 Err:     0 (0.00%)
2025-02-28 14:27:30,003 INFO o.a.j.r.Summariser: summary +   2291 in 00:00:30 =   76.4/s Avg:   323 Min:   241 Max:   831 Err:     0 (0.00%) Active: 100 Started: 100 Finished: 0
2025-02-28 14:27:30,004 INFO o.a.j.r.Summariser: summary =  31861 in 00:08:02 =   66.1/s Avg:   336 Min:   237 Max:  1222 Err:     0 (0.00%)
2025-02-28 14:28:00,005 INFO o.a.j.r.Summariser: summary +   2293 in 00:00:30 =   76.4/s Avg:   355 Min:   239 Max:  1038 Err:     0 (0.00%) Active: 100 Started: 100 Finished: 0
2025-02-28 14:28:00,006 INFO o.a.j.r.Summariser: summary =  34154 in 00:08:32 =   66.7/s Avg:   337 Min:   237 Max:  1222 Err:     0 (0.00%)
2025-02-28 14:28:30,003 INFO o.a.j.r.Summariser: summary +   2293 in 00:00:30 =   76.4/s Avg:   315 Min:   238 Max:   850 Err:     0 (0.00%) Active: 100 Started: 100 Finished: 0
2025-02-28 14:28:30,003 INFO o.a.j.r.Summariser: summary =  36447 in 00:09:02 =   67.2/s Avg:   336 Min:   237 Max:  1222 Err:     0 (0.00%)
2025-02-28 14:29:00,058 INFO o.a.j.r.Summariser: summary +   2294 in 00:00:30 =   76.3/s Avg:   351 Min:   238 Max:  1056 Err:     0 (0.00%) Active: 100 Started: 100 Finished: 0
2025-02-28 14:29:00,058 INFO o.a.j.r.Summariser: summary =  38741 in 00:09:32 =   67.7/s Avg:   337 Min:   237 Max:  1222 Err:     0 (0.00%)
2025-02-28 14:29:30,002 INFO o.a.j.r.Summariser: summary +   2288 in 00:00:30 =   76.4/s Avg:   325 Min:   238 Max:  1043 Err:     0 (0.00%) Active: 100 Started: 100 Finished: 0
2025-02-28 14:29:30,003 INFO o.a.j.r.Summariser: summary =  41029 in 00:10:02 =   68.1/s Avg:   336 Min:   237 Max:  1222 Err:     0 (0.00%)
2025-02-28 14:30:00,025 INFO o.a.j.r.Summariser: summary +   2288 in 00:00:30 =   76.2/s Avg:   348 Min:   238 Max:  1100 Err:     0 (0.00%) Active: 100 Started: 100 Finished: 0
2025-02-28 14:30:00,025 INFO o.a.j.r.Summariser: summary =  43317 in 00:10:32 =   68.5/s Avg:   337 Min:   237 Max:  1222 Err:     0 (0.00%)
2025-02-28 14:30:26,305 INFO o.a.j.t.JMeterThread: Thread finished: Thread-Gruppe 1-1
2025-02-28 14:30:26,375 INFO o.a.j.t.JMeterThread: Thread finished: Thread-Gruppe 1-62
2025-02-28 14:30:26,393 INFO o.a.j.t.JMeterThread: Thread finished: Thread-Gruppe 1-47
2025-02-28 14:30:26,393 INFO o.a.j.t.JMeterThread: Thread finished: Thread-Gruppe 1-17
2025-02-28 14:30:26,397 INFO o.a.j.t.JMeterThread: Thread finished: Thread-Gruppe 1-2
2025-02-28 14:30:26,547 INFO o.a.j.t.JMeterThread: Thread finished: Thread-Gruppe 1-63
2025-02-28 14:30:26,547 INFO o.a.j.t.JMeterThread: Thread finished: Thread-Gruppe 1-48
2025-02-28 14:30:26,547 INFO o.a.j.t.JMeterThread: Thread finished: Thread-Gruppe 1-3
2025-02-28 14:30:26,547 INFO o.a.j.t.JMeterThread: Thread finished: Thread-Gruppe 1-18
2025-02-28 14:30:26,648 INFO o.a.j.t.JMeterThread: Thread finished: Thread-Gruppe 1-64
2025-02-28 14:30:26,652 INFO o.a.j.t.JMeterThread: Thread finished: Thread-Gruppe 1-49
2025-02-28 14:30:26,654 INFO o.a.j.t.JMeterThread: Thread finished: Thread-Gruppe 1-4
2025-02-28 14:30:26,669 INFO o.a.j.t.JMeterThread: Thread finished: Thread-Gruppe 1-19
2025-02-28 14:30:26,777 INFO o.a.j.t.JMeterThread: Thread finished: Thread-Gruppe 1-65
2025-02-28 14:30:26,799 INFO o.a.j.t.JMeterThread: Thread finished: Thread-Gruppe 1-20
2025-02-28 14:30:26,805 INFO o.a.j.t.JMeterThread: Thread finished: Thread-Gruppe 1-50
2025-02-28 14:30:26,808 INFO o.a.j.t.JMeterThread: Thread finished: Thread-Gruppe 1-5
2025-02-28 14:30:26,875 INFO o.a.j.t.JMeterThread: Thread finished: Thread-Gruppe 1-32
2025-02-28 14:30:26,906 INFO o.a.j.t.JMeterThread: Thread finished: Thread-Gruppe 1-66
2025-02-28 14:30:26,911 INFO o.a.j.t.JMeterThread: Thread finished: Thread-Gruppe 1-51
2025-02-28 14:30:26,922 INFO o.a.j.t.JMeterThread: Thread finished: Thread-Gruppe 1-21
2025-02-28 14:30:26,925 INFO o.a.j.t.JMeterThread: Thread finished: Thread-Gruppe 1-6
2025-02-28 14:30:27,046 INFO o.a.j.t.JMeterThread: Thread finished: Thread-Gruppe 1-33
2025-02-28 14:30:27,051 INFO o.a.j.t.JMeterThread: Thread finished: Thread-Gruppe 1-67
2025-02-28 14:30:27,055 INFO o.a.j.t.JMeterThread: Thread finished: Thread-Gruppe 1-52
2025-02-28 14:30:27,057 INFO o.a.j.t.JMeterThread: Thread finished: Thread-Gruppe 1-22
2025-02-28 14:30:27,058 INFO o.a.j.t.JMeterThread: Thread finished: Thread-Gruppe 1-7
2025-02-28 14:30:27,153 INFO o.a.j.t.JMeterThread: Thread finished: Thread-Gruppe 1-34
2025-02-28 14:30:27,179 INFO o.a.j.t.JMeterThread: Thread finished: Thread-Gruppe 1-68
2025-02-28 14:30:27,189 INFO o.a.j.t.JMeterThread: Thread finished: Thread-Gruppe 1-53
2025-02-28 14:30:27,230 INFO o.a.j.t.JMeterThread: Thread finished: Thread-Gruppe 1-23
2025-02-28 14:30:27,230 INFO o.a.j.t.JMeterThread: Thread finished: Thread-Gruppe 1-8
2025-02-28 14:30:27,311 INFO o.a.j.t.JMeterThread: Thread finished: Thread-Gruppe 1-69
2025-02-28 14:30:27,324 INFO o.a.j.t.JMeterThread: Thread finished: Thread-Gruppe 1-54
2025-02-28 14:30:27,327 INFO o.a.j.t.JMeterThread: Thread finished: Thread-Gruppe 1-24
2025-02-28 14:30:27,337 INFO o.a.j.t.JMeterThread: Thread finished: Thread-Gruppe 1-35
2025-02-28 14:30:27,340 INFO o.a.j.t.JMeterThread: Thread finished: Thread-Gruppe 1-9
2025-02-28 14:30:27,447 INFO o.a.j.t.JMeterThread: Thread finished: Thread-Gruppe 1-55
2025-02-28 14:30:27,447 INFO o.a.j.t.JMeterThread: Thread finished: Thread-Gruppe 1-36
2025-02-28 14:30:27,462 INFO o.a.j.t.JMeterThread: Thread finished: Thread-Gruppe 1-70
2025-02-28 14:30:27,473 INFO o.a.j.t.JMeterThread: Thread finished: Thread-Gruppe 1-10
2025-02-28 14:30:27,493 INFO o.a.j.t.JMeterThread: Thread finished: Thread-Gruppe 1-25
2025-02-28 14:30:27,584 INFO o.a.j.t.JMeterThread: Thread finished: Thread-Gruppe 1-71
2025-02-28 14:30:27,598 INFO o.a.j.t.JMeterThread: Thread finished: Thread-Gruppe 1-26
2025-02-28 14:30:27,599 INFO o.a.j.t.JMeterThread: Thread finished: Thread-Gruppe 1-11
2025-02-28 14:30:27,599 INFO o.a.j.t.JMeterThread: Thread finished: Thread-Gruppe 1-56
2025-02-28 14:30:27,608 INFO o.a.j.t.JMeterThread: Thread finished: Thread-Gruppe 1-37
2025-02-28 14:30:27,671 INFO o.a.j.t.JMeterThread: Thread finished: Thread-Gruppe 1-38
2025-02-28 14:30:27,688 INFO o.a.j.t.JMeterThread: Thread finished: Thread-Gruppe 2-9
2025-02-28 14:30:27,708 INFO o.a.j.t.JMeterThread: Thread finished: Thread-Gruppe 1-72
2025-02-28 14:30:27,708 INFO o.a.j.t.JMeterThread: Thread finished: Thread-Gruppe 1-57
2025-02-28 14:30:27,711 INFO o.a.j.t.JMeterThread: Thread finished: Thread-Gruppe 2-5
2025-02-28 14:30:27,711 INFO o.a.j.t.JMeterThread: Thread finished: Thread-Gruppe 2-20
2025-02-28 14:30:27,724 INFO o.a.j.t.JMeterThread: Thread finished: Thread-Gruppe 2-18
2025-02-28 14:30:27,729 INFO o.a.j.t.JMeterThread: Thread finished: Thread-Gruppe 1-27
2025-02-28 14:30:27,729 INFO o.a.j.t.JMeterThread: Thread finished: Thread-Gruppe 1-12
2025-02-28 14:30:27,744 INFO o.a.j.t.JMeterThread: Thread finished: Thread-Gruppe 2-16
2025-02-28 14:30:27,770 INFO o.a.j.t.JMeterThread: Thread finished: Thread-Gruppe 2-12
2025-02-28 14:30:27,832 INFO o.a.j.t.JMeterThread: Thread finished: Thread-Gruppe 2-8
2025-02-28 14:30:27,832 INFO o.a.j.t.JMeterThread: Thread finished: Thread-Gruppe 1-39
2025-02-28 14:30:27,841 INFO o.a.j.t.JMeterThread: Thread finished: Thread-Gruppe 1-73
2025-02-28 14:30:27,853 INFO o.a.j.t.JMeterThread: Thread finished: Thread-Gruppe 1-58
2025-02-28 14:30:27,854 INFO o.a.j.t.JMeterThread: Thread finished: Thread-Gruppe 1-28
2025-02-28 14:30:27,863 INFO o.a.j.t.JMeterThread: Thread finished: Thread-Gruppe 1-13
2025-02-28 14:30:27,952 INFO o.a.j.t.JMeterThread: Thread finished: Thread-Gruppe 1-40
2025-02-28 14:30:27,952 INFO o.a.j.t.JMeterThread: Thread finished: Thread-Gruppe 2-2
2025-02-28 14:30:27,962 INFO o.a.j.t.JMeterThread: Thread finished: Thread-Gruppe 3-3
2025-02-28 14:30:27,965 INFO o.a.j.t.JMeterThread: Thread finished: Thread-Gruppe 1-74
2025-02-28 14:30:27,975 INFO o.a.j.t.JMeterThread: Thread finished: Thread-Gruppe 2-19
2025-02-28 14:30:27,977 INFO o.a.j.t.JMeterThread: Thread finished: Thread-Gruppe 1-59
2025-02-28 14:30:27,978 INFO o.a.j.t.JMeterThread: Thread finished: Thread-Gruppe 2-14
2025-02-28 14:30:27,989 INFO o.a.j.t.JMeterThread: Thread finished: Thread-Gruppe 1-29
2025-02-28 14:30:27,997 INFO o.a.j.t.JMeterThread: Thread finished: Thread-Gruppe 1-14
2025-02-28 14:30:28,036 INFO o.a.j.t.JMeterThread: Thread finished: Thread-Gruppe 2-7
2025-02-28 14:30:28,046 INFO o.a.j.t.JMeterThread: Thread finished: Thread-Gruppe 3-5
2025-02-28 14:30:28,073 INFO o.a.j.t.JMeterThread: Stopping because end time detected by thread: Thread-Gruppe 1-41
2025-02-28 14:30:28,074 INFO o.a.j.t.JMeterThread: Thread finished: Thread-Gruppe 1-41
2025-02-28 14:30:28,103 INFO o.a.j.t.JMeterThread: Stopping because end time detected by thread: Thread-Gruppe 1-75
2025-02-28 14:30:28,103 INFO o.a.j.t.JMeterThread: Thread finished: Thread-Gruppe 1-75
2025-02-28 14:30:28,103 INFO o.a.j.t.JMeterThread: Stopping because end time detected by thread: Thread-Gruppe 1-30
2025-02-28 14:30:28,103 INFO o.a.j.t.JMeterThread: Thread finished: Thread-Gruppe 1-30
2025-02-28 14:30:28,119 INFO o.a.j.t.JMeterThread: Stopping because end time detected by thread: Thread-Gruppe 1-60
2025-02-28 14:30:28,119 INFO o.a.j.t.JMeterThread: Thread finished: Thread-Gruppe 1-60
2025-02-28 14:30:28,119 INFO o.a.j.t.JMeterThread: Stopping because end time detected by thread: Thread-Gruppe 1-15
2025-02-28 14:30:28,119 INFO o.a.j.t.JMeterThread: Thread finished: Thread-Gruppe 1-15
2025-02-28 14:30:28,119 INFO o.a.j.t.JMeterThread: Stopping because end time detected by thread: Thread-Gruppe 2-11
2025-02-28 14:30:28,119 INFO o.a.j.t.JMeterThread: Thread finished: Thread-Gruppe 2-11
2025-02-28 14:30:28,183 INFO o.a.j.t.JMeterThread: Stopping because end time detected by thread: Thread-Gruppe 3-4
2025-02-28 14:30:28,183 INFO o.a.j.t.JMeterThread: Thread finished: Thread-Gruppe 3-4
2025-02-28 14:30:28,183 INFO o.a.j.t.JMeterThread: Stopping because end time detected by thread: Thread-Gruppe 2-10
2025-02-28 14:30:28,183 INFO o.a.j.t.JMeterThread: Thread finished: Thread-Gruppe 2-10
2025-02-28 14:30:28,183 INFO o.a.j.t.JMeterThread: Stopping because end time detected by thread: Thread-Gruppe 2-4
2025-02-28 14:30:28,183 INFO o.a.j.t.JMeterThread: Thread finished: Thread-Gruppe 2-4
2025-02-28 14:30:28,198 INFO o.a.j.t.JMeterThread: Stopping because end time detected by thread: Thread-Gruppe 3-1
2025-02-28 14:30:28,198 INFO o.a.j.t.JMeterThread: Thread finished: Thread-Gruppe 3-1
2025-02-28 14:30:28,198 INFO o.a.j.t.JMeterThread: Stopping because end time detected by thread: Thread-Gruppe 2-1
2025-02-28 14:30:28,198 INFO o.a.j.t.JMeterThread: Thread finished: Thread-Gruppe 2-1
2025-02-28 14:30:28,247 INFO o.a.j.t.JMeterThread: Stopping because end time detected by thread: Thread-Gruppe 3-2
2025-02-28 14:30:28,247 INFO o.a.j.t.JMeterThread: Stopping because end time detected by thread: Thread-Gruppe 2-3
2025-02-28 14:30:28,253 INFO o.a.j.t.JMeterThread: Thread finished: Thread-Gruppe 3-2
2025-02-28 14:30:28,253 INFO o.a.j.t.JMeterThread: Thread finished: Thread-Gruppe 2-3
2025-02-28 14:30:28,253 INFO o.a.j.t.JMeterThread: Stopping because end time detected by thread: Thread-Gruppe 1-61
2025-02-28 14:30:28,253 INFO o.a.j.t.JMeterThread: Thread finished: Thread-Gruppe 1-61
2025-02-28 14:30:28,269 INFO o.a.j.t.JMeterThread: Stopping because end time detected by thread: Thread-Gruppe 1-31
2025-02-28 14:30:28,269 INFO o.a.j.t.JMeterThread: Thread finished: Thread-Gruppe 1-31
2025-02-28 14:30:28,269 INFO o.a.j.t.JMeterThread: Stopping because end time detected by thread: Thread-Gruppe 1-16
2025-02-28 14:30:28,269 INFO o.a.j.t.JMeterThread: Thread finished: Thread-Gruppe 1-16
2025-02-28 14:30:28,284 INFO o.a.j.t.JMeterThread: Stopping because end time detected by thread: Thread-Gruppe 1-42
2025-02-28 14:30:28,284 INFO o.a.j.t.JMeterThread: Thread finished: Thread-Gruppe 1-42
2025-02-28 14:30:28,334 INFO o.a.j.t.JMeterThread: Stopping because end time detected by thread: Thread-Gruppe 2-15
2025-02-28 14:30:28,334 INFO o.a.j.t.JMeterThread: Thread finished: Thread-Gruppe 2-15
2025-02-28 14:30:28,348 INFO o.a.j.t.JMeterThread: Stopping because end time detected by thread: Thread-Gruppe 2-6
2025-02-28 14:30:28,348 INFO o.a.j.t.JMeterThread: Thread finished: Thread-Gruppe 2-6
2025-02-28 14:30:28,374 INFO o.a.j.t.JMeterThread: Stopping because end time detected by thread: Thread-Gruppe 1-43
2025-02-28 14:30:28,374 INFO o.a.j.t.JMeterThread: Thread finished: Thread-Gruppe 1-43
2025-02-28 14:30:28,501 INFO o.a.j.t.JMeterThread: Stopping because end time detected by thread: Thread-Gruppe 1-44
2025-02-28 14:30:28,501 INFO o.a.j.t.JMeterThread: Thread finished: Thread-Gruppe 1-44
2025-02-28 14:30:28,509 INFO o.a.j.t.JMeterThread: Stopping because end time detected by thread: Thread-Gruppe 2-13
2025-02-28 14:30:28,509 INFO o.a.j.t.JMeterThread: Thread finished: Thread-Gruppe 2-13
2025-02-28 14:30:28,586 INFO o.a.j.t.JMeterThread: Stopping because end time detected by thread: Thread-Gruppe 2-17
2025-02-28 14:30:28,586 INFO o.a.j.t.JMeterThread: Thread finished: Thread-Gruppe 2-17
2025-02-28 14:30:28,602 INFO o.a.j.t.JMeterThread: Stopping because end time detected by thread: Thread-Gruppe 1-45
2025-02-28 14:30:28,602 INFO o.a.j.t.JMeterThread: Thread finished: Thread-Gruppe 1-45
2025-02-28 14:30:28,744 INFO o.a.j.t.JMeterThread: Stopping because end time detected by thread: Thread-Gruppe 1-46
2025-02-28 14:30:28,744 INFO o.a.j.t.JMeterThread: Thread finished: Thread-Gruppe 1-46
2025-02-28 14:30:28,755 INFO o.a.j.e.StandardJMeterEngine: Notifying test listeners of end of test
2025-02-28 14:30:28,758 INFO o.a.j.r.Summariser: summary +   2162 in 00:00:29 =   75.2/s Avg:   329 Min:   238 Max:  1035 Err:     0 (0.00%) Active: 0 Started: 100 Finished: 100
2025-02-28 14:30:28,760 INFO o.a.j.r.Summariser: summary =  45479 in 00:11:01 =   68.8/s Avg:   336 Min:   237 Max:  1222 Err:     0 (0.00%)
