2025-02-28 05:46:07,107 INFO o.a.j.u.JMeterUtils: Setting Locale to en_EN
2025-02-28 05:46:07,126 INFO o.a.j.JMeter: Loading user properties from: C:\Users\ASUS\Desktop\apache-jmeter-5.6.3\apache-jmeter-5.6.3\bin\user.properties
2025-02-28 05:46:07,127 INFO o.a.j.JMeter: Loading system properties from: C:\Users\ASUS\Desktop\apache-jmeter-5.6.3\apache-jmeter-5.6.3\bin\system.properties
2025-02-28 05:46:07,129 INFO o.a.j.JMeter: Setting JMeter property: lb_1_hostname=34.55.170.28
2025-02-28 05:46:07,129 INFO o.a.j.JMeter: Setting JMeter property: lb_2_hostname=34.135.194.135
2025-02-28 05:46:07,129 INFO o.a.j.JMeter: Setting JMeter property: lb_1_port=8090
2025-02-28 05:46:07,129 INFO o.a.j.JMeter: Setting JMeter property: lb_2_port=8091
2025-02-28 05:46:07,132 INFO o.a.j.JMeter: Setting JMeter property: warm_up_users=20
2025-02-28 05:46:07,132 INFO o.a.j.JMeter: Setting JMeter property: warm_up_time=60
2025-02-28 05:46:07,132 INFO o.a.j.JMeter: Setting JMeter property: test_run_time=600
2025-02-28 05:46:07,132 INFO o.a.j.JMeter: Setting JMeter property: ramp_up=10
2025-02-28 05:46:07,132 INFO o.a.j.JMeter: Setting JMeter property: group_1=75
2025-02-28 05:46:07,132 INFO o.a.j.JMeter: Setting JMeter property: group_2=20
2025-02-28 05:46:07,132 INFO o.a.j.JMeter: Setting JMeter property: group_3=5
2025-02-28 05:46:07,132 INFO o.a.j.JMeter: Setting JMeter property: group_1_request_rate=30
2025-02-28 05:46:07,132 INFO o.a.j.JMeter: Setting JMeter property: group_2_request_rate=90
2025-02-28 05:46:07,132 INFO o.a.j.JMeter: Setting JMeter property: group_3_request_rate=120
2025-02-28 05:46:07,132 INFO o.a.j.JMeter: Setting JMeter property: log_file=c:\\Users\\ASUS\\Desktop\\Repos\\rate-limiter-nginx\\jmeter\\cloud\\2025_02_28_05_12_logs\\fixed_window_counter\\mysql_script_rate_limit_100_window_size_60\\warm_up_results.csv
2025-02-28 05:46:07,132 INFO o.a.j.JMeter: Setting JMeter property: algorithm=fixed_window_counter_mysql_script_rate_limit_100_window_size_60
2025-02-28 05:46:07,132 INFO o.a.j.JMeter: Setting JMeter property: auth=/fixed_window_counter/mysql_script_rate_limit_100_window_size_60/tools.descartes.teastore.auth/rest
2025-02-28 05:46:07,132 INFO o.a.j.JMeter: Setting JMeter property: persistence=/fixed_window_counter/mysql_script_rate_limit_100_window_size_60/tools.descartes.teastore.persistence/rest
2025-02-28 05:46:07,134 INFO o.a.j.JMeter: Setting JMeter property: recommender=/fixed_window_counter/mysql_script_rate_limit_100_window_size_60/tools.descartes.teastore.recommender/rest
2025-02-28 05:46:07,134 INFO o.a.j.JMeter: Setting JMeter property: image=/fixed_window_counter/mysql_script_rate_limit_100_window_size_60/tools.descartes.teastore.image/rest
2025-02-28 05:46:07,142 INFO o.a.j.JMeter: Copyright (c) 1998-2024 The Apache Software Foundation
2025-02-28 05:46:07,143 INFO o.a.j.JMeter: Version 5.6.3
2025-02-28 05:46:07,143 INFO o.a.j.JMeter: java.version=17.0.9
2025-02-28 05:46:07,143 INFO o.a.j.JMeter: java.vm.name=Java HotSpot(TM) 64-Bit Server VM
2025-02-28 05:46:07,143 INFO o.a.j.JMeter: os.name=Windows 11
2025-02-28 05:46:07,143 INFO o.a.j.JMeter: os.arch=amd64
2025-02-28 05:46:07,143 INFO o.a.j.JMeter: os.version=10.0
2025-02-28 05:46:07,143 INFO o.a.j.JMeter: file.encoding=Cp1252
2025-02-28 05:46:07,143 INFO o.a.j.JMeter: java.awt.headless=true
2025-02-28 05:46:07,143 INFO o.a.j.JMeter: Max memory     =1073741824
2025-02-28 05:46:07,143 INFO o.a.j.JMeter: Available Processors =12
2025-02-28 05:46:07,150 INFO o.a.j.JMeter: Default Locale=English (EN)
2025-02-28 05:46:07,150 INFO o.a.j.JMeter: JMeter  Locale=English (EN)
2025-02-28 05:46:07,150 INFO o.a.j.JMeter: JMeterHome=C:\Users\ASUS\Desktop\apache-jmeter-5.6.3\apache-jmeter-5.6.3
2025-02-28 05:46:07,150 INFO o.a.j.JMeter: user.dir  =C:\Users\ASUS\Desktop\Repos\rate-limiter-nginx
2025-02-28 05:46:07,151 INFO o.a.j.JMeter: PWD       =C:\Users\ASUS\Desktop\Repos\rate-limiter-nginx
2025-02-28 05:46:07,154 INFO o.a.j.JMeter: IP: 192.168.1.45 Name: THIVA FullName: THIVA
2025-02-28 05:46:07,162 INFO o.a.j.s.FileServer: Default base='C:\Users\ASUS\Desktop\Repos\rate-limiter-nginx'
2025-02-28 05:46:07,164 INFO o.a.j.s.FileServer: Set new base='c:\Users\ASUS\Desktop\Repos\rate-limiter-nginx\jmeter\cloud'
2025-02-28 05:46:07,413 INFO o.a.j.s.SaveService: Testplan (JMX) version: 2.2. Testlog (JTL) version: 2.2
2025-02-28 05:46:07,442 INFO o.a.j.s.SaveService: Using SaveService properties version 5.0
2025-02-28 05:46:07,445 INFO o.a.j.s.SaveService: Using SaveService properties file encoding UTF-8
2025-02-28 05:46:07,447 INFO o.a.j.s.SaveService: Loading file: c:\Users\ASUS\Desktop\Repos\rate-limiter-nginx\jmeter\cloud\teastore_performance.jmx
2025-02-28 05:46:07,491 INFO o.a.j.p.h.c.CookieManager: Settings: Delete null: true Check: true Allow variable: true Save: false Prefix: COOKIE_
2025-02-28 05:46:07,511 INFO o.a.j.p.h.s.HTTPSamplerBase: Parser for text/html is org.apache.jmeter.protocol.http.parser.LagartoBasedHtmlParser
2025-02-28 05:46:07,511 INFO o.a.j.p.h.s.HTTPSamplerBase: Parser for application/xhtml+xml is org.apache.jmeter.protocol.http.parser.LagartoBasedHtmlParser
2025-02-28 05:46:07,511 INFO o.a.j.p.h.s.HTTPSamplerBase: Parser for application/xml is org.apache.jmeter.protocol.http.parser.LagartoBasedHtmlParser
2025-02-28 05:46:07,512 INFO o.a.j.p.h.s.HTTPSamplerBase: Parser for text/xml is org.apache.jmeter.protocol.http.parser.LagartoBasedHtmlParser
2025-02-28 05:46:07,512 INFO o.a.j.p.h.s.HTTPSamplerBase: Parser for text/vnd.wap.wml is org.apache.jmeter.protocol.http.parser.RegexpHTMLParser
2025-02-28 05:46:07,512 INFO o.a.j.p.h.s.HTTPSamplerBase: Parser for text/css is org.apache.jmeter.protocol.http.parser.CssParser
2025-02-28 05:46:07,636 INFO o.a.j.s.SampleResult: Note: Sample TimeStamps are START times
2025-02-28 05:46:07,637 INFO o.a.j.s.SampleResult: sampleresult.default.encoding is set to UTF-8
2025-02-28 05:46:07,637 INFO o.a.j.s.SampleResult: sampleresult.useNanoTime=true
2025-02-28 05:46:07,637 INFO o.a.j.s.SampleResult: sampleresult.nanoThreadSleep=5000
2025-02-28 05:46:07,673 INFO o.a.j.JMeter: Creating summariser <summary>
2025-02-28 05:46:07,692 INFO o.a.j.e.StandardJMeterEngine: Running the test!
2025-02-28 05:46:07,693 INFO o.a.j.s.SampleEvent: List of sample_variables: []
2025-02-28 05:46:07,693 INFO o.a.j.s.SampleEvent: List of sample_variables: []
2025-02-28 05:46:07,701 INFO o.a.j.e.u.CompoundVariable: Note: Function class names must contain the string: '.functions.'
2025-02-28 05:46:07,702 INFO o.a.j.e.u.CompoundVariable: Note: Function class names must not contain the string: '.gui.'
2025-02-28 05:46:07,791 INFO o.a.j.r.ClassFinder: Will scan jar C:\Users\ASUS\Desktop\apache-jmeter-5.6.3\apache-jmeter-5.6.3\lib\ext\jmeter-plugins-casutg-2.10.jar with filter ExtendsClassFilter [parents=[interface org.apache.jmeter.functions.Function], inner=false, contains=null, notContains=null]. Consider exposing JMeter plugins via META-INF/services, and add JMeter-Skip-Class-Scanning=true manifest attribute so JMeter can skip classfile scanning
2025-02-28 05:46:07,805 INFO o.a.j.r.ClassFinder: Will scan jar C:\Users\ASUS\Desktop\apache-jmeter-5.6.3\apache-jmeter-5.6.3\lib\ext\jmeter-plugins-graphs-vs-2.0.jar with filter ExtendsClassFilter [parents=[interface org.apache.jmeter.functions.Function], inner=false, contains=null, notContains=null]. Consider exposing JMeter plugins via META-INF/services, and add JMeter-Skip-Class-Scanning=true manifest attribute so JMeter can skip classfile scanning
2025-02-28 05:46:07,808 INFO o.a.j.r.ClassFinder: Will scan jar C:\Users\ASUS\Desktop\apache-jmeter-5.6.3\apache-jmeter-5.6.3\lib\ext\jmeter-plugins-manager-1.9.jar with filter ExtendsClassFilter [parents=[interface org.apache.jmeter.functions.Function], inner=false, contains=null, notContains=null]. Consider exposing JMeter plugins via META-INF/services, and add JMeter-Skip-Class-Scanning=true manifest attribute so JMeter can skip classfile scanning
2025-02-28 05:46:07,888 INFO o.a.j.r.ClassFinder: Will scan jar C:\Users\ASUS\Desktop\apache-jmeter-5.6.3\apache-jmeter-5.6.3\lib\ext\jmeter-plugins-graphs-basic-2.0.jar with filter ExtendsClassFilter [parents=[interface org.apache.jmeter.functions.Function], inner=false, contains=null, notContains=null]. Consider exposing JMeter plugins via META-INF/services, and add JMeter-Skip-Class-Scanning=true manifest attribute so JMeter can skip classfile scanning
2025-02-28 05:46:07,896 INFO o.a.j.r.ClassFinder: Will scan jar C:\Users\ASUS\Desktop\apache-jmeter-5.6.3\apache-jmeter-5.6.3\lib\ext\jmeter-plugins-manager-0.20.jar with filter ExtendsClassFilter [parents=[interface org.apache.jmeter.functions.Function], inner=false, contains=null, notContains=null]. Consider exposing JMeter plugins via META-INF/services, and add JMeter-Skip-Class-Scanning=true manifest attribute so JMeter can skip classfile scanning
2025-02-28 05:46:07,907 INFO o.a.j.r.ClassFinder: Will scan jar C:\Users\ASUS\Desktop\apache-jmeter-5.6.3\apache-jmeter-5.6.3\lib\ext\jmeter-plugins-tst-2.6.jar with filter ExtendsClassFilter [parents=[interface org.apache.jmeter.functions.Function], inner=false, contains=null, notContains=null]. Consider exposing JMeter plugins via META-INF/services, and add JMeter-Skip-Class-Scanning=true manifest attribute so JMeter can skip classfile scanning
2025-02-28 05:46:07,909 INFO o.a.j.r.ClassFinder: Will scan jar C:\Users\ASUS\Desktop\apache-jmeter-5.6.3\apache-jmeter-5.6.3\lib\ext\jmeter-parallel-0.12.jar with filter ExtendsClassFilter [parents=[interface org.apache.jmeter.functions.Function], inner=false, contains=null, notContains=null]. Consider exposing JMeter plugins via META-INF/services, and add JMeter-Skip-Class-Scanning=true manifest attribute so JMeter can skip classfile scanning
2025-02-28 05:46:08,263 INFO o.a.j.JMeter: Running test (1740701768263)
2025-02-28 05:46:08,264 INFO o.a.j.e.StandardJMeterEngine: Starting setUp thread groups
2025-02-28 05:46:08,265 INFO o.a.j.e.StandardJMeterEngine: Starting setUp ThreadGroup: 1 : setUp Thread Group 
2025-02-28 05:46:08,265 INFO o.a.j.e.StandardJMeterEngine: Starting 20 threads for group setUp Thread Group.
2025-02-28 05:46:08,265 INFO o.a.j.e.StandardJMeterEngine: Thread will continue on error
2025-02-28 05:46:08,265 INFO o.a.j.t.ThreadGroup: Starting thread group... number=1 threads=20 ramp-up=10 delayedStart=false
2025-02-28 05:46:08,276 INFO o.a.j.t.JMeterThread: Thread started: setUp Thread Group 1-1
2025-02-28 05:46:08,304 INFO o.a.j.t.ThreadGroup: Started thread group number 1
2025-02-28 05:46:08,305 INFO o.a.j.e.StandardJMeterEngine: Waiting for all setup thread groups to exit
2025-02-28 05:46:08,774 INFO o.a.j.t.JMeterThread: Thread started: setUp Thread Group 1-2
2025-02-28 05:46:09,213 INFO o.a.j.p.h.s.HTTPHCAbstractImpl: Local host = THIVA
2025-02-28 05:46:09,221 INFO o.a.j.p.h.s.HTTPHC4Impl: HTTP request retry count = 0
2025-02-28 05:46:09,274 INFO o.a.j.t.JMeterThread: Thread started: setUp Thread Group 1-3
2025-02-28 05:46:09,770 INFO o.a.j.t.JMeterThread: Thread started: setUp Thread Group 1-4
2025-02-28 05:46:10,270 INFO o.a.j.t.JMeterThread: Thread started: setUp Thread Group 1-5
2025-02-28 05:46:10,772 INFO o.a.j.t.JMeterThread: Thread started: setUp Thread Group 1-6
2025-02-28 05:46:11,270 INFO o.a.j.t.JMeterThread: Thread started: setUp Thread Group 1-7
2025-02-28 05:46:11,771 INFO o.a.j.t.JMeterThread: Thread started: setUp Thread Group 1-8
2025-02-28 05:46:12,271 INFO o.a.j.t.JMeterThread: Thread started: setUp Thread Group 1-9
2025-02-28 05:46:12,772 INFO o.a.j.t.JMeterThread: Thread started: setUp Thread Group 1-10
2025-02-28 05:46:13,269 INFO o.a.j.t.JMeterThread: Thread started: setUp Thread Group 1-11
2025-02-28 05:46:13,771 INFO o.a.j.t.JMeterThread: Thread started: setUp Thread Group 1-12
2025-02-28 05:46:14,270 INFO o.a.j.t.JMeterThread: Thread started: setUp Thread Group 1-13
2025-02-28 05:46:14,769 INFO o.a.j.t.JMeterThread: Thread started: setUp Thread Group 1-14
2025-02-28 05:46:15,269 INFO o.a.j.t.JMeterThread: Thread started: setUp Thread Group 1-15
2025-02-28 05:46:15,770 INFO o.a.j.t.JMeterThread: Thread started: setUp Thread Group 1-16
2025-02-28 05:46:16,271 INFO o.a.j.t.JMeterThread: Thread started: setUp Thread Group 1-17
2025-02-28 05:46:16,770 INFO o.a.j.t.JMeterThread: Thread started: setUp Thread Group 1-18
2025-02-28 05:46:17,272 INFO o.a.j.t.JMeterThread: Thread started: setUp Thread Group 1-19
2025-02-28 05:46:17,768 INFO o.a.j.t.JMeterThread: Thread started: setUp Thread Group 1-20
2025-02-28 05:47:08,078 INFO o.a.j.t.JMeterThread: Thread finished: setUp Thread Group 1-18
2025-02-28 05:47:08,161 INFO o.a.j.t.JMeterThread: Thread finished: setUp Thread Group 1-1
2025-02-28 05:47:08,209 INFO o.a.j.t.JMeterThread: Thread finished: setUp Thread Group 1-8
2025-02-28 05:47:08,213 INFO o.a.j.t.JMeterThread: Thread finished: setUp Thread Group 1-19
2025-02-28 05:47:08,237 INFO o.a.j.t.JMeterThread: Thread finished: setUp Thread Group 1-16
2025-02-28 05:47:08,237 INFO o.a.j.t.JMeterThread: Thread finished: setUp Thread Group 1-14
2025-02-28 05:47:08,249 INFO o.a.j.t.JMeterThread: Thread finished: setUp Thread Group 1-15
2025-02-28 05:47:08,288 INFO o.a.j.t.JMeterThread: Stopping because end time detected by thread: setUp Thread Group 1-2
2025-02-28 05:47:08,288 INFO o.a.j.t.JMeterThread: Thread finished: setUp Thread Group 1-2
2025-02-28 05:47:08,301 INFO o.a.j.t.JMeterThread: Stopping because end time detected by thread: setUp Thread Group 1-13
2025-02-28 05:47:08,301 INFO o.a.j.t.JMeterThread: Thread finished: setUp Thread Group 1-13
2025-02-28 05:47:08,323 INFO o.a.j.t.JMeterThread: Stopping because end time detected by thread: setUp Thread Group 1-3
2025-02-28 05:47:08,323 INFO o.a.j.t.JMeterThread: Thread finished: setUp Thread Group 1-3
2025-02-28 05:47:08,330 INFO o.a.j.t.JMeterThread: Stopping because end time detected by thread: setUp Thread Group 1-5
2025-02-28 05:47:08,330 INFO o.a.j.t.JMeterThread: Thread finished: setUp Thread Group 1-5
2025-02-28 05:47:08,354 INFO o.a.j.t.JMeterThread: Stopping because end time detected by thread: setUp Thread Group 1-4
2025-02-28 05:47:08,354 INFO o.a.j.t.JMeterThread: Thread finished: setUp Thread Group 1-4
2025-02-28 05:47:08,375 INFO o.a.j.t.JMeterThread: Stopping because end time detected by thread: setUp Thread Group 1-20
2025-02-28 05:47:08,376 INFO o.a.j.t.JMeterThread: Thread finished: setUp Thread Group 1-20
2025-02-28 05:47:08,431 INFO o.a.j.t.JMeterThread: Stopping because end time detected by thread: setUp Thread Group 1-11
2025-02-28 05:47:08,431 INFO o.a.j.t.JMeterThread: Thread finished: setUp Thread Group 1-11
2025-02-28 05:47:08,438 INFO o.a.j.t.JMeterThread: Stopping because end time detected by thread: setUp Thread Group 1-9
2025-02-28 05:47:08,438 INFO o.a.j.t.JMeterThread: Thread finished: setUp Thread Group 1-9
2025-02-28 05:47:08,457 INFO o.a.j.t.JMeterThread: Stopping because end time detected by thread: setUp Thread Group 1-6
2025-02-28 05:47:08,457 INFO o.a.j.t.JMeterThread: Thread finished: setUp Thread Group 1-6
2025-02-28 05:47:08,491 INFO o.a.j.t.JMeterThread: Stopping because end time detected by thread: setUp Thread Group 1-7
2025-02-28 05:47:08,492 INFO o.a.j.t.JMeterThread: Thread finished: setUp Thread Group 1-7
2025-02-28 05:47:08,519 INFO o.a.j.t.JMeterThread: Stopping because end time detected by thread: setUp Thread Group 1-10
2025-02-28 05:47:08,520 INFO o.a.j.t.JMeterThread: Thread finished: setUp Thread Group 1-10
2025-02-28 05:47:08,543 INFO o.a.j.t.JMeterThread: Stopping because end time detected by thread: setUp Thread Group 1-17
2025-02-28 05:47:08,543 INFO o.a.j.t.JMeterThread: Thread finished: setUp Thread Group 1-17
2025-02-28 05:47:08,946 INFO o.a.j.t.JMeterThread: Stopping because end time detected by thread: setUp Thread Group 1-12
2025-02-28 05:47:08,947 INFO o.a.j.t.JMeterThread: Thread finished: setUp Thread Group 1-12
2025-02-28 05:47:08,947 INFO o.a.j.e.StandardJMeterEngine: All Setup Threads have ended
2025-02-28 05:47:08,990 INFO o.a.j.e.StandardJMeterEngine: Starting ThreadGroup: 1 : Thread-Gruppe
2025-02-28 05:47:08,990 INFO o.a.j.e.StandardJMeterEngine: Starting 75 threads for group Thread-Gruppe.
2025-02-28 05:47:08,990 INFO o.a.j.e.StandardJMeterEngine: Thread will continue on error
2025-02-28 05:47:08,990 INFO o.a.j.t.ThreadGroup: Starting thread group... number=1 threads=75 ramp-up=10 delayedStart=false
2025-02-28 05:47:08,998 INFO o.a.j.t.JMeterThread: Thread started: Thread-Gruppe 1-1
2025-02-28 05:47:09,088 INFO o.a.j.t.ThreadGroup: Started thread group number 1
2025-02-28 05:47:09,088 INFO o.a.j.e.StandardJMeterEngine: Starting ThreadGroup: 2 : Thread-Gruppe
2025-02-28 05:47:09,088 INFO o.a.j.e.StandardJMeterEngine: Starting 20 threads for group Thread-Gruppe.
2025-02-28 05:47:09,088 INFO o.a.j.e.StandardJMeterEngine: Thread will continue on error
2025-02-28 05:47:09,088 INFO o.a.j.t.ThreadGroup: Starting thread group... number=2 threads=20 ramp-up=10 delayedStart=false
2025-02-28 05:47:09,089 INFO o.a.j.t.JMeterThread: Thread started: Thread-Gruppe 2-1
2025-02-28 05:47:09,100 INFO o.a.j.t.ThreadGroup: Started thread group number 2
2025-02-28 05:47:09,100 INFO o.a.j.e.StandardJMeterEngine: Starting ThreadGroup: 3 : Thread-Gruppe
2025-02-28 05:47:09,100 INFO o.a.j.e.StandardJMeterEngine: Starting 5 threads for group Thread-Gruppe.
2025-02-28 05:47:09,100 INFO o.a.j.e.StandardJMeterEngine: Thread will continue on error
2025-02-28 05:47:09,100 INFO o.a.j.t.ThreadGroup: Starting thread group... number=3 threads=5 ramp-up=10 delayedStart=false
2025-02-28 05:47:09,101 INFO o.a.j.t.JMeterThread: Thread started: Thread-Gruppe 3-1
2025-02-28 05:47:09,104 INFO o.a.j.t.ThreadGroup: Started thread group number 3
2025-02-28 05:47:09,104 INFO o.a.j.e.StandardJMeterEngine: All thread groups have been started
2025-02-28 05:47:09,132 INFO o.a.j.t.JMeterThread: Thread started: Thread-Gruppe 1-2
2025-02-28 05:47:09,262 INFO o.a.j.t.JMeterThread: Thread started: Thread-Gruppe 1-3
2025-02-28 05:47:09,395 INFO o.a.j.t.JMeterThread: Thread started: Thread-Gruppe 1-4
2025-02-28 05:47:09,527 INFO o.a.j.t.JMeterThread: Thread started: Thread-Gruppe 1-5
2025-02-28 05:47:09,591 INFO o.a.j.t.JMeterThread: Thread started: Thread-Gruppe 2-2
2025-02-28 05:47:09,660 INFO o.a.j.t.JMeterThread: Thread started: Thread-Gruppe 1-6
2025-02-28 05:47:09,793 INFO o.a.j.t.JMeterThread: Thread started: Thread-Gruppe 1-7
2025-02-28 05:47:09,927 INFO o.a.j.t.JMeterThread: Thread started: Thread-Gruppe 1-8
2025-02-28 05:47:10,057 INFO o.a.j.t.JMeterThread: Thread started: Thread-Gruppe 1-9
2025-02-28 05:47:10,091 INFO o.a.j.t.JMeterThread: Thread started: Thread-Gruppe 2-3
2025-02-28 05:47:10,194 INFO o.a.j.t.JMeterThread: Thread started: Thread-Gruppe 1-10
2025-02-28 05:47:10,323 INFO o.a.j.t.JMeterThread: Thread started: Thread-Gruppe 1-11
2025-02-28 05:47:10,456 INFO o.a.j.t.JMeterThread: Thread started: Thread-Gruppe 1-12
2025-02-28 05:47:10,590 INFO o.a.j.t.JMeterThread: Thread started: Thread-Gruppe 2-4
2025-02-28 05:47:10,591 INFO o.a.j.t.JMeterThread: Thread started: Thread-Gruppe 1-13
2025-02-28 05:47:10,724 INFO o.a.j.t.JMeterThread: Thread started: Thread-Gruppe 1-14
2025-02-28 05:47:10,856 INFO o.a.j.t.JMeterThread: Thread started: Thread-Gruppe 1-15
2025-02-28 05:47:10,990 INFO o.a.j.t.JMeterThread: Thread started: Thread-Gruppe 1-16
2025-02-28 05:47:11,090 INFO o.a.j.t.JMeterThread: Thread started: Thread-Gruppe 2-5
2025-02-28 05:47:11,102 INFO o.a.j.t.JMeterThread: Thread started: Thread-Gruppe 3-2
2025-02-28 05:47:11,122 INFO o.a.j.t.JMeterThread: Thread started: Thread-Gruppe 1-17
2025-02-28 05:47:11,257 INFO o.a.j.t.JMeterThread: Thread started: Thread-Gruppe 1-18
2025-02-28 05:47:11,388 INFO o.a.j.t.JMeterThread: Thread started: Thread-Gruppe 1-19
2025-02-28 05:47:11,520 INFO o.a.j.t.JMeterThread: Thread started: Thread-Gruppe 1-20
2025-02-28 05:47:11,591 INFO o.a.j.t.JMeterThread: Thread started: Thread-Gruppe 2-6
2025-02-28 05:47:11,655 INFO o.a.j.t.JMeterThread: Thread started: Thread-Gruppe 1-21
2025-02-28 05:47:11,786 INFO o.a.j.t.JMeterThread: Thread started: Thread-Gruppe 1-22
2025-02-28 05:47:11,921 INFO o.a.j.t.JMeterThread: Thread started: Thread-Gruppe 1-23
2025-02-28 05:47:12,054 INFO o.a.j.t.JMeterThread: Thread started: Thread-Gruppe 1-24
2025-02-28 05:47:12,090 INFO o.a.j.t.JMeterThread: Thread started: Thread-Gruppe 2-7
2025-02-28 05:47:12,186 INFO o.a.j.t.JMeterThread: Thread started: Thread-Gruppe 1-25
2025-02-28 05:47:12,319 INFO o.a.j.t.JMeterThread: Thread started: Thread-Gruppe 1-26
2025-02-28 05:47:12,451 INFO o.a.j.t.JMeterThread: Thread started: Thread-Gruppe 1-27
2025-02-28 05:47:12,584 INFO o.a.j.t.JMeterThread: Thread started: Thread-Gruppe 1-28
2025-02-28 05:47:12,590 INFO o.a.j.t.JMeterThread: Thread started: Thread-Gruppe 2-8
2025-02-28 05:47:12,717 INFO o.a.j.t.JMeterThread: Thread started: Thread-Gruppe 1-29
2025-02-28 05:47:12,850 INFO o.a.j.t.JMeterThread: Thread started: Thread-Gruppe 1-30
2025-02-28 05:47:12,983 INFO o.a.j.t.JMeterThread: Thread started: Thread-Gruppe 1-31
2025-02-28 05:47:13,092 INFO o.a.j.t.JMeterThread: Thread started: Thread-Gruppe 2-9
2025-02-28 05:47:13,102 INFO o.a.j.t.JMeterThread: Thread started: Thread-Gruppe 3-3
2025-02-28 05:47:13,118 INFO o.a.j.t.JMeterThread: Thread started: Thread-Gruppe 1-32
2025-02-28 05:47:13,250 INFO o.a.j.t.JMeterThread: Thread started: Thread-Gruppe 1-33
2025-02-28 05:47:13,383 INFO o.a.j.t.JMeterThread: Thread started: Thread-Gruppe 1-34
2025-02-28 05:47:13,516 INFO o.a.j.t.JMeterThread: Thread started: Thread-Gruppe 1-35
2025-02-28 05:47:13,589 INFO o.a.j.t.JMeterThread: Thread started: Thread-Gruppe 2-10
2025-02-28 05:47:13,647 INFO o.a.j.t.JMeterThread: Thread started: Thread-Gruppe 1-36
2025-02-28 05:47:13,780 INFO o.a.j.t.JMeterThread: Thread started: Thread-Gruppe 1-37
2025-02-28 05:47:13,914 INFO o.a.j.t.JMeterThread: Thread started: Thread-Gruppe 1-38
2025-02-28 05:47:14,047 INFO o.a.j.t.JMeterThread: Thread started: Thread-Gruppe 1-39
2025-02-28 05:47:14,090 INFO o.a.j.t.JMeterThread: Thread started: Thread-Gruppe 2-11
2025-02-28 05:47:14,179 INFO o.a.j.t.JMeterThread: Thread started: Thread-Gruppe 1-40
2025-02-28 05:47:14,312 INFO o.a.j.t.JMeterThread: Thread started: Thread-Gruppe 1-41
2025-02-28 05:47:14,447 INFO o.a.j.t.JMeterThread: Thread started: Thread-Gruppe 1-42
2025-02-28 05:47:14,578 INFO o.a.j.t.JMeterThread: Thread started: Thread-Gruppe 1-43
2025-02-28 05:47:14,589 INFO o.a.j.t.JMeterThread: Thread started: Thread-Gruppe 2-12
2025-02-28 05:47:14,711 INFO o.a.j.t.JMeterThread: Thread started: Thread-Gruppe 1-44
2025-02-28 05:47:14,845 INFO o.a.j.t.JMeterThread: Thread started: Thread-Gruppe 1-45
2025-02-28 05:47:14,979 INFO o.a.j.t.JMeterThread: Thread started: Thread-Gruppe 1-46
2025-02-28 05:47:15,090 INFO o.a.j.t.JMeterThread: Thread started: Thread-Gruppe 2-13
2025-02-28 05:47:15,102 INFO o.a.j.t.JMeterThread: Thread started: Thread-Gruppe 3-4
2025-02-28 05:47:15,111 INFO o.a.j.t.JMeterThread: Thread started: Thread-Gruppe 1-47
2025-02-28 05:47:15,243 INFO o.a.j.t.JMeterThread: Thread started: Thread-Gruppe 1-48
2025-02-28 05:47:15,376 INFO o.a.j.t.JMeterThread: Thread started: Thread-Gruppe 1-49
2025-02-28 05:47:15,509 INFO o.a.j.t.JMeterThread: Thread started: Thread-Gruppe 1-50
2025-02-28 05:47:15,590 INFO o.a.j.t.JMeterThread: Thread started: Thread-Gruppe 2-14
2025-02-28 05:47:15,642 INFO o.a.j.t.JMeterThread: Thread started: Thread-Gruppe 1-51
2025-02-28 05:47:15,776 INFO o.a.j.t.JMeterThread: Thread started: Thread-Gruppe 1-52
2025-02-28 05:47:15,909 INFO o.a.j.t.JMeterThread: Thread started: Thread-Gruppe 1-53
2025-02-28 05:47:16,042 INFO o.a.j.t.JMeterThread: Thread started: Thread-Gruppe 1-54
2025-02-28 05:47:16,090 INFO o.a.j.t.JMeterThread: Thread started: Thread-Gruppe 2-15
2025-02-28 05:47:16,174 INFO o.a.j.t.JMeterThread: Thread started: Thread-Gruppe 1-55
2025-02-28 05:47:16,308 INFO o.a.j.t.JMeterThread: Thread started: Thread-Gruppe 1-56
2025-02-28 05:47:16,440 INFO o.a.j.t.JMeterThread: Thread started: Thread-Gruppe 1-57
2025-02-28 05:47:16,574 INFO o.a.j.t.JMeterThread: Thread started: Thread-Gruppe 1-58
2025-02-28 05:47:16,590 INFO o.a.j.t.JMeterThread: Thread started: Thread-Gruppe 2-16
2025-02-28 05:47:16,708 INFO o.a.j.t.JMeterThread: Thread started: Thread-Gruppe 1-59
2025-02-28 05:47:16,841 INFO o.a.j.t.JMeterThread: Thread started: Thread-Gruppe 1-60
2025-02-28 05:47:16,971 INFO o.a.j.t.JMeterThread: Thread started: Thread-Gruppe 1-61
2025-02-28 05:47:17,090 INFO o.a.j.t.JMeterThread: Thread started: Thread-Gruppe 2-17
2025-02-28 05:47:17,102 INFO o.a.j.t.JMeterThread: Thread started: Thread-Gruppe 3-5
2025-02-28 05:47:17,105 INFO o.a.j.t.JMeterThread: Thread started: Thread-Gruppe 1-62
2025-02-28 05:47:17,238 INFO o.a.j.t.JMeterThread: Thread started: Thread-Gruppe 1-63
2025-02-28 05:47:17,371 INFO o.a.j.t.JMeterThread: Thread started: Thread-Gruppe 1-64
2025-02-28 05:47:17,504 INFO o.a.j.t.JMeterThread: Thread started: Thread-Gruppe 1-65
2025-02-28 05:47:17,591 INFO o.a.j.t.JMeterThread: Thread started: Thread-Gruppe 2-18
2025-02-28 05:47:17,638 INFO o.a.j.t.JMeterThread: Thread started: Thread-Gruppe 1-66
2025-02-28 05:47:17,770 INFO o.a.j.t.JMeterThread: Thread started: Thread-Gruppe 1-67
2025-02-28 05:47:17,903 INFO o.a.j.t.JMeterThread: Thread started: Thread-Gruppe 1-68
2025-02-28 05:47:18,037 INFO o.a.j.t.JMeterThread: Thread started: Thread-Gruppe 1-69
2025-02-28 05:47:18,090 INFO o.a.j.t.JMeterThread: Thread started: Thread-Gruppe 2-19
2025-02-28 05:47:18,168 INFO o.a.j.t.JMeterThread: Thread started: Thread-Gruppe 1-70
2025-02-28 05:47:18,302 INFO o.a.j.t.JMeterThread: Thread started: Thread-Gruppe 1-71
2025-02-28 05:47:18,434 INFO o.a.j.t.JMeterThread: Thread started: Thread-Gruppe 1-72
2025-02-28 05:47:18,568 INFO o.a.j.t.JMeterThread: Thread started: Thread-Gruppe 1-73
2025-02-28 05:47:18,591 INFO o.a.j.t.JMeterThread: Thread started: Thread-Gruppe 2-20
2025-02-28 05:47:18,702 INFO o.a.j.t.JMeterThread: Thread started: Thread-Gruppe 1-74
2025-02-28 05:47:18,834 INFO o.a.j.t.JMeterThread: Thread started: Thread-Gruppe 1-75
2025-02-28 05:47:30,024 INFO o.a.j.r.Summariser: summary +   1260 in 00:01:22 =   15.4/s Avg:   357 Min:   249 Max:  1048 Err:     0 (0.00%) Active: 100 Started: 100 Finished: 0
2025-02-28 05:48:00,035 INFO o.a.j.r.Summariser: summary +   2285 in 00:00:30 =   76.1/s Avg:   335 Min:   247 Max:  1112 Err:     0 (0.00%) Active: 100 Started: 100 Finished: 0
2025-02-28 05:48:00,036 INFO o.a.j.r.Summariser: summary =   3545 in 00:01:52 =   31.7/s Avg:   343 Min:   247 Max:  1112 Err:     0 (0.00%)
2025-02-28 05:48:30,024 INFO o.a.j.r.Summariser: summary +   2281 in 00:00:30 =   76.1/s Avg:   363 Min:   246 Max:  1066 Err:     0 (0.00%) Active: 100 Started: 100 Finished: 0
2025-02-28 05:48:30,024 INFO o.a.j.r.Summariser: summary =   5826 in 00:02:22 =   41.1/s Avg:   351 Min:   246 Max:  1112 Err:     0 (0.00%)
2025-02-28 05:49:00,018 INFO o.a.j.r.Summariser: summary +   2291 in 00:00:30 =   76.4/s Avg:   329 Min:   246 Max:   989 Err:     0 (0.00%) Active: 100 Started: 100 Finished: 0
2025-02-28 05:49:00,020 INFO o.a.j.r.Summariser: summary =   8117 in 00:02:52 =   47.3/s Avg:   345 Min:   246 Max:  1112 Err:     0 (0.00%)
2025-02-28 05:49:30,013 INFO o.a.j.r.Summariser: summary +   2287 in 00:00:30 =   76.2/s Avg:   361 Min:   247 Max:  1132 Err:     0 (0.00%) Active: 100 Started: 100 Finished: 0
2025-02-28 05:49:30,013 INFO o.a.j.r.Summariser: summary =  10404 in 00:03:22 =   51.6/s Avg:   348 Min:   246 Max:  1132 Err:     0 (0.00%)
2025-02-28 05:50:00,008 INFO o.a.j.r.Summariser: summary +   2291 in 00:00:30 =   76.4/s Avg:   320 Min:   244 Max:  1101 Err:     0 (0.00%) Active: 100 Started: 100 Finished: 0
2025-02-28 05:50:00,009 INFO o.a.j.r.Summariser: summary =  12695 in 00:03:52 =   54.8/s Avg:   343 Min:   244 Max:  1132 Err:     0 (0.00%)
2025-02-28 05:50:30,002 INFO o.a.j.r.Summariser: summary +   2284 in 00:00:30 =   76.2/s Avg:   363 Min:   245 Max:  1107 Err:     0 (0.00%) Active: 100 Started: 100 Finished: 0
2025-02-28 05:50:30,003 INFO o.a.j.r.Summariser: summary =  14979 in 00:04:22 =   57.2/s Avg:   346 Min:   244 Max:  1132 Err:     0 (0.00%)
2025-02-28 05:51:00,031 INFO o.a.j.r.Summariser: summary +   2289 in 00:00:30 =   76.2/s Avg:   331 Min:   244 Max:  1014 Err:     0 (0.00%) Active: 100 Started: 100 Finished: 0
2025-02-28 05:51:00,031 INFO o.a.j.r.Summariser: summary =  17268 in 00:04:52 =   59.2/s Avg:   344 Min:   244 Max:  1132 Err:     0 (0.00%)
2025-02-28 05:51:30,019 INFO o.a.j.r.Summariser: summary +   2283 in 00:00:30 =   76.1/s Avg:   356 Min:   246 Max:  1088 Err:     0 (0.00%) Active: 100 Started: 100 Finished: 0
2025-02-28 05:51:30,020 INFO o.a.j.r.Summariser: summary =  19551 in 00:05:22 =   60.8/s Avg:   345 Min:   244 Max:  1132 Err:     0 (0.00%)
2025-02-28 05:52:00,010 INFO o.a.j.r.Summariser: summary +   2288 in 00:00:30 =   76.3/s Avg:   335 Min:   244 Max:  1063 Err:     0 (0.00%) Active: 100 Started: 100 Finished: 0
2025-02-28 05:52:00,010 INFO o.a.j.r.Summariser: summary =  21839 in 00:05:52 =   62.1/s Avg:   344 Min:   244 Max:  1132 Err:     0 (0.00%)
2025-02-28 05:52:30,034 INFO o.a.j.r.Summariser: summary +   2293 in 00:00:30 =   76.4/s Avg:   355 Min:   246 Max:  1098 Err:     0 (0.00%) Active: 100 Started: 100 Finished: 0
2025-02-28 05:52:30,035 INFO o.a.j.r.Summariser: summary =  24132 in 00:06:22 =   63.2/s Avg:   345 Min:   244 Max:  1132 Err:     0 (0.00%)
2025-02-28 05:53:00,017 INFO o.a.j.r.Summariser: summary +   2287 in 00:00:30 =   76.3/s Avg:   336 Min:   244 Max:  1063 Err:     0 (0.00%) Active: 100 Started: 100 Finished: 0
2025-02-28 05:53:00,019 INFO o.a.j.r.Summariser: summary =  26419 in 00:06:52 =   64.2/s Avg:   344 Min:   244 Max:  1132 Err:     0 (0.00%)
2025-02-28 05:53:30,015 INFO o.a.j.r.Summariser: summary +   2288 in 00:00:30 =   76.3/s Avg:   354 Min:   247 Max:  1077 Err:     0 (0.00%) Active: 100 Started: 100 Finished: 0
2025-02-28 05:53:30,017 INFO o.a.j.r.Summariser: summary =  28707 in 00:07:22 =   65.0/s Avg:   345 Min:   244 Max:  1132 Err:     0 (0.00%)
2025-02-28 05:54:00,012 INFO o.a.j.r.Summariser: summary +   2284 in 00:00:30 =   76.1/s Avg:   326 Min:   245 Max:  1080 Err:     0 (0.00%) Active: 100 Started: 100 Finished: 0
2025-02-28 05:54:00,013 INFO o.a.j.r.Summariser: summary =  30991 in 00:07:52 =   65.7/s Avg:   344 Min:   244 Max:  1132 Err:     0 (0.00%)
2025-02-28 05:54:30,027 INFO o.a.j.r.Summariser: summary +   2285 in 00:00:30 =   76.1/s Avg:   351 Min:   247 Max:  1069 Err:     0 (0.00%) Active: 100 Started: 100 Finished: 0
2025-02-28 05:54:30,028 INFO o.a.j.r.Summariser: summary =  33276 in 00:08:22 =   66.3/s Avg:   344 Min:   244 Max:  1132 Err:     0 (0.00%)
2025-02-28 05:55:00,026 INFO o.a.j.r.Summariser: summary +   2298 in 00:00:30 =   76.6/s Avg:   341 Min:   244 Max:  1076 Err:     0 (0.00%) Active: 100 Started: 100 Finished: 0
2025-02-28 05:55:00,027 INFO o.a.j.r.Summariser: summary =  35574 in 00:08:52 =   66.9/s Avg:   344 Min:   244 Max:  1132 Err:     0 (0.00%)
2025-02-28 05:55:30,010 INFO o.a.j.r.Summariser: summary +   2278 in 00:00:30 =   76.0/s Avg:   348 Min:   247 Max:  1106 Err:     0 (0.00%) Active: 100 Started: 100 Finished: 0
2025-02-28 05:55:30,011 INFO o.a.j.r.Summariser: summary =  37852 in 00:09:22 =   67.4/s Avg:   344 Min:   244 Max:  1132 Err:     0 (0.00%)
2025-02-28 05:56:00,006 INFO o.a.j.r.Summariser: summary +   2292 in 00:00:30 =   76.4/s Avg:   347 Min:   245 Max:  1156 Err:     0 (0.00%) Active: 100 Started: 100 Finished: 0
2025-02-28 05:56:00,007 INFO o.a.j.r.Summariser: summary =  40144 in 00:09:52 =   67.8/s Avg:   344 Min:   244 Max:  1156 Err:     0 (0.00%)
2025-02-28 05:56:30,004 INFO o.a.j.r.Summariser: summary +   2279 in 00:00:30 =   76.0/s Avg:   335 Min:   247 Max:  1046 Err:     0 (0.00%) Active: 100 Started: 100 Finished: 0
2025-02-28 05:56:30,005 INFO o.a.j.r.Summariser: summary =  42423 in 00:10:22 =   68.2/s Avg:   344 Min:   244 Max:  1156 Err:     0 (0.00%)
2025-02-28 05:57:00,056 INFO o.a.j.r.Summariser: summary +   2302 in 00:00:30 =   76.6/s Avg:   344 Min:   247 Max:  1102 Err:     0 (0.00%) Active: 100 Started: 100 Finished: 0
2025-02-28 05:57:00,057 INFO o.a.j.r.Summariser: summary =  44725 in 00:10:52 =   68.6/s Avg:   344 Min:   244 Max:  1156 Err:     0 (0.00%)
2025-02-28 05:57:07,293 INFO o.a.j.t.JMeterThread: Thread finished: Thread-Gruppe 1-1
2025-02-28 05:57:07,366 INFO o.a.j.t.JMeterThread: Thread finished: Thread-Gruppe 1-47
2025-02-28 05:57:07,366 INFO o.a.j.t.JMeterThread: Thread finished: Thread-Gruppe 1-62
2025-02-28 05:57:07,383 INFO o.a.j.t.JMeterThread: Thread finished: Thread-Gruppe 1-17
2025-02-28 05:57:07,390 INFO o.a.j.t.JMeterThread: Thread finished: Thread-Gruppe 1-2
2025-02-28 05:57:07,503 INFO o.a.j.t.JMeterThread: Thread finished: Thread-Gruppe 1-63
2025-02-28 05:57:07,507 INFO o.a.j.t.JMeterThread: Thread finished: Thread-Gruppe 1-48
2025-02-28 05:57:07,515 INFO o.a.j.t.JMeterThread: Thread finished: Thread-Gruppe 1-18
2025-02-28 05:57:07,523 INFO o.a.j.t.JMeterThread: Thread finished: Thread-Gruppe 1-3
2025-02-28 05:57:07,635 INFO o.a.j.t.JMeterThread: Thread finished: Thread-Gruppe 1-49
2025-02-28 05:57:07,638 INFO o.a.j.t.JMeterThread: Thread finished: Thread-Gruppe 1-64
2025-02-28 05:57:07,649 INFO o.a.j.t.JMeterThread: Thread finished: Thread-Gruppe 1-19
2025-02-28 05:57:07,655 INFO o.a.j.t.JMeterThread: Thread finished: Thread-Gruppe 1-4
2025-02-28 05:57:07,774 INFO o.a.j.t.JMeterThread: Thread finished: Thread-Gruppe 1-50
2025-02-28 05:57:07,774 INFO o.a.j.t.JMeterThread: Thread finished: Thread-Gruppe 1-20
2025-02-28 05:57:07,785 INFO o.a.j.t.JMeterThread: Thread finished: Thread-Gruppe 1-65
2025-02-28 05:57:07,787 INFO o.a.j.t.JMeterThread: Thread finished: Thread-Gruppe 1-5
2025-02-28 05:57:07,889 INFO o.a.j.t.JMeterThread: Thread finished: Thread-Gruppe 1-32
2025-02-28 05:57:07,904 INFO o.a.j.t.JMeterThread: Thread finished: Thread-Gruppe 1-66
2025-02-28 05:57:07,904 INFO o.a.j.t.JMeterThread: Thread finished: Thread-Gruppe 1-51
2025-02-28 05:57:07,910 INFO o.a.j.t.JMeterThread: Thread finished: Thread-Gruppe 1-21
2025-02-28 05:57:07,910 INFO o.a.j.t.JMeterThread: Thread finished: Thread-Gruppe 1-6
2025-02-28 05:57:08,003 INFO o.a.j.t.JMeterThread: Thread finished: Thread-Gruppe 1-33
2025-02-28 05:57:08,027 INFO o.a.j.t.JMeterThread: Thread finished: Thread-Gruppe 1-67
2025-02-28 05:57:08,031 INFO o.a.j.t.JMeterThread: Thread finished: Thread-Gruppe 1-52
2025-02-28 05:57:08,040 INFO o.a.j.t.JMeterThread: Thread finished: Thread-Gruppe 1-22
2025-02-28 05:57:08,051 INFO o.a.j.t.JMeterThread: Thread finished: Thread-Gruppe 1-7
2025-02-28 05:57:08,155 INFO o.a.j.t.JMeterThread: Thread finished: Thread-Gruppe 1-34
2025-02-28 05:57:08,161 INFO o.a.j.t.JMeterThread: Thread finished: Thread-Gruppe 1-68
2025-02-28 05:57:08,172 INFO o.a.j.t.JMeterThread: Thread finished: Thread-Gruppe 1-53
2025-02-28 05:57:08,180 INFO o.a.j.t.JMeterThread: Thread finished: Thread-Gruppe 1-23
2025-02-28 05:57:08,188 INFO o.a.j.t.JMeterThread: Thread finished: Thread-Gruppe 1-8
2025-02-28 05:57:08,295 INFO o.a.j.t.JMeterThread: Thread finished: Thread-Gruppe 1-35
2025-02-28 05:57:08,298 INFO o.a.j.t.JMeterThread: Thread finished: Thread-Gruppe 1-69
2025-02-28 05:57:08,305 INFO o.a.j.t.JMeterThread: Thread finished: Thread-Gruppe 1-54
2025-02-28 05:57:08,314 INFO o.a.j.t.JMeterThread: Thread finished: Thread-Gruppe 1-24
2025-02-28 05:57:08,319 INFO o.a.j.t.JMeterThread: Thread finished: Thread-Gruppe 1-9
2025-02-28 05:57:08,407 INFO o.a.j.t.JMeterThread: Thread finished: Thread-Gruppe 1-36
2025-02-28 05:57:08,428 INFO o.a.j.t.JMeterThread: Thread finished: Thread-Gruppe 1-70
2025-02-28 05:57:08,430 INFO o.a.j.t.JMeterThread: Thread finished: Thread-Gruppe 1-55
2025-02-28 05:57:08,451 INFO o.a.j.t.JMeterThread: Thread finished: Thread-Gruppe 1-10
2025-02-28 05:57:08,452 INFO o.a.j.t.JMeterThread: Thread finished: Thread-Gruppe 1-25
2025-02-28 05:57:08,541 INFO o.a.j.t.JMeterThread: Thread finished: Thread-Gruppe 1-37
2025-02-28 05:57:08,563 INFO o.a.j.t.JMeterThread: Thread finished: Thread-Gruppe 1-71
2025-02-28 05:57:08,587 INFO o.a.j.t.JMeterThread: Thread finished: Thread-Gruppe 1-56
2025-02-28 05:57:08,588 INFO o.a.j.t.JMeterThread: Thread finished: Thread-Gruppe 1-26
2025-02-28 05:57:08,588 INFO o.a.j.t.JMeterThread: Thread finished: Thread-Gruppe 1-11
2025-02-28 05:57:08,659 INFO o.a.j.t.JMeterThread: Thread finished: Thread-Gruppe 1-38
2025-02-28 05:57:08,692 INFO o.a.j.t.JMeterThread: Thread finished: Thread-Gruppe 1-72
2025-02-28 05:57:08,697 INFO o.a.j.t.JMeterThread: Thread finished: Thread-Gruppe 1-57
2025-02-28 05:57:08,712 INFO o.a.j.t.JMeterThread: Thread finished: Thread-Gruppe 1-27
2025-02-28 05:57:08,716 INFO o.a.j.t.JMeterThread: Thread finished: Thread-Gruppe 1-12
2025-02-28 05:57:08,782 INFO o.a.j.t.JMeterThread: Thread finished: Thread-Gruppe 2-6
2025-02-28 05:57:08,810 INFO o.a.j.t.JMeterThread: Thread finished: Thread-Gruppe 1-39
2025-02-28 05:57:08,831 INFO o.a.j.t.JMeterThread: Thread finished: Thread-Gruppe 1-58
2025-02-28 05:57:08,833 INFO o.a.j.t.JMeterThread: Thread finished: Thread-Gruppe 1-73
2025-02-28 05:57:08,846 INFO o.a.j.t.JMeterThread: Thread finished: Thread-Gruppe 1-13
2025-02-28 05:57:08,846 INFO o.a.j.t.JMeterThread: Thread finished: Thread-Gruppe 1-28
2025-02-28 05:57:08,919 INFO o.a.j.t.JMeterThread: Thread finished: Thread-Gruppe 2-2
2025-02-28 05:57:08,937 INFO o.a.j.t.JMeterThread: Thread finished: Thread-Gruppe 1-40
2025-02-28 05:57:08,969 INFO o.a.j.t.JMeterThread: Thread finished: Thread-Gruppe 1-74
2025-02-28 05:57:08,971 INFO o.a.j.t.JMeterThread: Thread finished: Thread-Gruppe 2-18
2025-02-28 05:57:08,977 INFO o.a.j.t.JMeterThread: Thread finished: Thread-Gruppe 3-4
2025-02-28 05:57:08,977 INFO o.a.j.t.JMeterThread: Thread finished: Thread-Gruppe 1-29
2025-02-28 05:57:08,984 INFO o.a.j.t.JMeterThread: Thread finished: Thread-Gruppe 1-14
2025-02-28 05:57:08,987 INFO o.a.j.t.JMeterThread: Thread finished: Thread-Gruppe 1-59
2025-02-28 05:57:08,998 INFO o.a.j.t.JMeterThread: Thread finished: Thread-Gruppe 3-1
2025-02-28 05:57:09,010 INFO o.a.j.t.JMeterThread: Thread finished: Thread-Gruppe 2-16
2025-02-28 05:57:09,030 INFO o.a.j.t.JMeterThread: Thread finished: Thread-Gruppe 2-3
2025-02-28 05:57:09,047 INFO o.a.j.t.JMeterThread: Thread finished: Thread-Gruppe 2-1
2025-02-28 05:57:09,056 INFO o.a.j.t.JMeterThread: Thread finished: Thread-Gruppe 2-19
2025-02-28 05:57:09,098 INFO o.a.j.t.JMeterThread: Stopping because end time detected by thread: Thread-Gruppe 1-60
2025-02-28 05:57:09,098 INFO o.a.j.t.JMeterThread: Thread finished: Thread-Gruppe 1-60
2025-02-28 05:57:09,101 INFO o.a.j.t.JMeterThread: Stopping because end time detected by thread: Thread-Gruppe 1-75
2025-02-28 05:57:09,102 INFO o.a.j.t.JMeterThread: Thread finished: Thread-Gruppe 1-75
2025-02-28 05:57:09,131 INFO o.a.j.t.JMeterThread: Stopping because end time detected by thread: Thread-Gruppe 2-20
2025-02-28 05:57:09,131 INFO o.a.j.t.JMeterThread: Thread finished: Thread-Gruppe 2-20
2025-02-28 05:57:09,131 INFO o.a.j.t.JMeterThread: Stopping because end time detected by thread: Thread-Gruppe 1-30
2025-02-28 05:57:09,132 INFO o.a.j.t.JMeterThread: Thread finished: Thread-Gruppe 1-30
2025-02-28 05:57:09,140 INFO o.a.j.t.JMeterThread: Stopping because end time detected by thread: Thread-Gruppe 2-13
2025-02-28 05:57:09,140 INFO o.a.j.t.JMeterThread: Thread finished: Thread-Gruppe 2-13
2025-02-28 05:57:09,143 INFO o.a.j.t.JMeterThread: Stopping because end time detected by thread: Thread-Gruppe 1-41
2025-02-28 05:57:09,143 INFO o.a.j.t.JMeterThread: Thread finished: Thread-Gruppe 1-41
2025-02-28 05:57:09,143 INFO o.a.j.t.JMeterThread: Stopping because end time detected by thread: Thread-Gruppe 1-15
2025-02-28 05:57:09,143 INFO o.a.j.t.JMeterThread: Thread finished: Thread-Gruppe 1-15
2025-02-28 05:57:09,143 INFO o.a.j.t.JMeterThread: Stopping because end time detected by thread: Thread-Gruppe 2-17
2025-02-28 05:57:09,143 INFO o.a.j.t.JMeterThread: Thread finished: Thread-Gruppe 2-17
2025-02-28 05:57:09,148 INFO o.a.j.t.JMeterThread: Stopping because end time detected by thread: Thread-Gruppe 2-14
2025-02-28 05:57:09,148 INFO o.a.j.t.JMeterThread: Thread finished: Thread-Gruppe 2-14
2025-02-28 05:57:09,150 INFO o.a.j.t.JMeterThread: Stopping because end time detected by thread: Thread-Gruppe 3-2
2025-02-28 05:57:09,150 INFO o.a.j.t.JMeterThread: Thread finished: Thread-Gruppe 3-2
2025-02-28 05:57:09,166 INFO o.a.j.t.JMeterThread: Stopping because end time detected by thread: Thread-Gruppe 2-7
2025-02-28 05:57:09,167 INFO o.a.j.t.JMeterThread: Thread finished: Thread-Gruppe 2-7
2025-02-28 05:57:09,204 INFO o.a.j.t.JMeterThread: Stopping because end time detected by thread: Thread-Gruppe 3-5
2025-02-28 05:57:09,204 INFO o.a.j.t.JMeterThread: Thread finished: Thread-Gruppe 3-5
2025-02-28 05:57:09,211 INFO o.a.j.t.JMeterThread: Stopping because end time detected by thread: Thread-Gruppe 2-9
2025-02-28 05:57:09,211 INFO o.a.j.t.JMeterThread: Thread finished: Thread-Gruppe 2-9
2025-02-28 05:57:09,226 INFO o.a.j.t.JMeterThread: Stopping because end time detected by thread: Thread-Gruppe 1-42
2025-02-28 05:57:09,226 INFO o.a.j.t.JMeterThread: Stopping because end time detected by thread: Thread-Gruppe 2-10
2025-02-28 05:57:09,226 INFO o.a.j.t.JMeterThread: Thread finished: Thread-Gruppe 1-42
2025-02-28 05:57:09,226 INFO o.a.j.t.JMeterThread: Thread finished: Thread-Gruppe 2-10
2025-02-28 05:57:09,227 INFO o.a.j.t.JMeterThread: Stopping because end time detected by thread: Thread-Gruppe 2-12
2025-02-28 05:57:09,227 INFO o.a.j.t.JMeterThread: Thread finished: Thread-Gruppe 2-12
2025-02-28 05:57:09,231 INFO o.a.j.t.JMeterThread: Stopping because end time detected by thread: Thread-Gruppe 2-5
2025-02-28 05:57:09,232 INFO o.a.j.t.JMeterThread: Thread finished: Thread-Gruppe 2-5
2025-02-28 05:57:09,247 INFO o.a.j.t.JMeterThread: Stopping because end time detected by thread: Thread-Gruppe 1-31
2025-02-28 05:57:09,247 INFO o.a.j.t.JMeterThread: Thread finished: Thread-Gruppe 1-31
2025-02-28 05:57:09,249 INFO o.a.j.t.JMeterThread: Stopping because end time detected by thread: Thread-Gruppe 1-61
2025-02-28 05:57:09,249 INFO o.a.j.t.JMeterThread: Thread finished: Thread-Gruppe 1-61
2025-02-28 05:57:09,251 INFO o.a.j.t.JMeterThread: Stopping because end time detected by thread: Thread-Gruppe 1-16
2025-02-28 05:57:09,251 INFO o.a.j.t.JMeterThread: Thread finished: Thread-Gruppe 1-16
2025-02-28 05:57:09,251 INFO o.a.j.t.JMeterThread: Stopping because end time detected by thread: Thread-Gruppe 2-8
2025-02-28 05:57:09,251 INFO o.a.j.t.JMeterThread: Thread finished: Thread-Gruppe 2-8
2025-02-28 05:57:09,285 INFO o.a.j.t.JMeterThread: Stopping because end time detected by thread: Thread-Gruppe 2-15
2025-02-28 05:57:09,285 INFO o.a.j.t.JMeterThread: Thread finished: Thread-Gruppe 2-15
2025-02-28 05:57:09,316 INFO o.a.j.t.JMeterThread: Stopping because end time detected by thread: Thread-Gruppe 2-4
2025-02-28 05:57:09,316 INFO o.a.j.t.JMeterThread: Thread finished: Thread-Gruppe 2-4
2025-02-28 05:57:09,332 INFO o.a.j.t.JMeterThread: Stopping because end time detected by thread: Thread-Gruppe 3-3
2025-02-28 05:57:09,333 INFO o.a.j.t.JMeterThread: Thread finished: Thread-Gruppe 3-3
2025-02-28 05:57:09,348 INFO o.a.j.t.JMeterThread: Stopping because end time detected by thread: Thread-Gruppe 1-43
2025-02-28 05:57:09,348 INFO o.a.j.t.JMeterThread: Thread finished: Thread-Gruppe 1-43
2025-02-28 05:57:09,463 INFO o.a.j.t.JMeterThread: Stopping because end time detected by thread: Thread-Gruppe 1-44
2025-02-28 05:57:09,463 INFO o.a.j.t.JMeterThread: Thread finished: Thread-Gruppe 1-44
2025-02-28 05:57:09,594 INFO o.a.j.t.JMeterThread: Stopping because end time detected by thread: Thread-Gruppe 1-45
2025-02-28 05:57:09,594 INFO o.a.j.t.JMeterThread: Thread finished: Thread-Gruppe 1-45
2025-02-28 05:57:09,732 INFO o.a.j.t.JMeterThread: Stopping because end time detected by thread: Thread-Gruppe 1-46
2025-02-28 05:57:09,732 INFO o.a.j.t.JMeterThread: Thread finished: Thread-Gruppe 1-46
2025-02-28 05:57:09,824 INFO o.a.j.t.JMeterThread: Stopping because end time detected by thread: Thread-Gruppe 2-11
2025-02-28 05:57:09,824 INFO o.a.j.t.JMeterThread: Thread finished: Thread-Gruppe 2-11
2025-02-28 05:57:09,825 INFO o.a.j.e.StandardJMeterEngine: Notifying test listeners of end of test
2025-02-28 05:57:09,827 INFO o.a.j.r.Summariser: summary +    715 in 00:00:10 =   73.2/s Avg:   332 Min:   247 Max:   828 Err:     0 (0.00%) Active: 0 Started: 100 Finished: 100
2025-02-28 05:57:09,828 INFO o.a.j.r.Summariser: summary =  45440 in 00:11:02 =   68.7/s Avg:   344 Min:   244 Max:  1156 Err:     0 (0.00%)
