2025-03-01 18:28:33,922 INFO o.a.j.u.JMeterUtils: Setting Locale to en_EN
2025-03-01 18:28:33,953 INFO o.a.j.JMeter: Loading user properties from: C:\Users\ASUS\Desktop\apache-jmeter-5.6.3\apache-jmeter-5.6.3\bin\user.properties
2025-03-01 18:28:33,953 INFO o.a.j.JMeter: Loading system properties from: C:\Users\ASUS\Desktop\apache-jmeter-5.6.3\apache-jmeter-5.6.3\bin\system.properties
2025-03-01 18:28:33,957 INFO o.a.j.JMeter: Setting JMeter property: lb_1_hostname=104.155.182.254
2025-03-01 18:28:33,957 INFO o.a.j.JMeter: Setting JMeter property: lb_2_hostname=35.246.73.6
2025-03-01 18:28:33,957 INFO o.a.j.JMeter: Setting JMeter property: lb_1_port=8090
2025-03-01 18:28:33,957 INFO o.a.j.JMeter: Setting JMeter property: lb_2_port=8091
2025-03-01 18:28:33,957 INFO o.a.j.JMeter: Setting JMeter property: warm_up_users=20
2025-03-01 18:28:33,957 INFO o.a.j.JMeter: Setting JMeter property: warm_up_time=60
2025-03-01 18:28:33,957 INFO o.a.j.JMeter: Setting JMeter property: test_run_time=600
2025-03-01 18:28:33,957 INFO o.a.j.JMeter: Setting JMeter property: ramp_up=10
2025-03-01 18:28:33,957 INFO o.a.j.JMeter: Setting JMeter property: group_1=75
2025-03-01 18:28:33,957 INFO o.a.j.JMeter: Setting JMeter property: group_2=20
2025-03-01 18:28:33,957 INFO o.a.j.JMeter: Setting JMeter property: group_3=5
2025-03-01 18:28:33,957 INFO o.a.j.JMeter: Setting JMeter property: group_1_request_rate=30
2025-03-01 18:28:33,957 INFO o.a.j.JMeter: Setting JMeter property: group_2_request_rate=90
2025-03-01 18:28:33,957 INFO o.a.j.JMeter: Setting JMeter property: group_3_request_rate=120
2025-03-01 18:28:33,959 INFO o.a.j.JMeter: Setting JMeter property: log_file=c:\\Users\\ASUS\\Desktop\\Repos\\rate-limiter-nginx\\jmeter\\cloud\\2025_03_01_18_17_logs\\fixed_window_counter\\redis_script_rate_limit_100_window_size_60\\warm_up_results.csv
2025-03-01 18:28:33,959 INFO o.a.j.JMeter: Setting JMeter property: algorithm=fixed_window_counter_redis_script_rate_limit_100_window_size_60
2025-03-01 18:28:33,959 INFO o.a.j.JMeter: Setting JMeter property: auth=/fixed_window_counter/redis_script_rate_limit_100_window_size_60/tools.descartes.teastore.auth/rest
2025-03-01 18:28:33,959 INFO o.a.j.JMeter: Setting JMeter property: persistence=/fixed_window_counter/redis_script_rate_limit_100_window_size_60/tools.descartes.teastore.persistence/rest
2025-03-01 18:28:33,959 INFO o.a.j.JMeter: Setting JMeter property: recommender=/fixed_window_counter/redis_script_rate_limit_100_window_size_60/tools.descartes.teastore.recommender/rest
2025-03-01 18:28:33,959 INFO o.a.j.JMeter: Setting JMeter property: image=/fixed_window_counter/redis_script_rate_limit_100_window_size_60/tools.descartes.teastore.image/rest
2025-03-01 18:28:33,962 INFO o.a.j.JMeter: Copyright (c) 1998-2024 The Apache Software Foundation
2025-03-01 18:28:33,962 INFO o.a.j.JMeter: Version 5.6.3
2025-03-01 18:28:33,962 INFO o.a.j.JMeter: java.version=17.0.9
2025-03-01 18:28:33,962 INFO o.a.j.JMeter: java.vm.name=Java HotSpot(TM) 64-Bit Server VM
2025-03-01 18:28:33,962 INFO o.a.j.JMeter: os.name=Windows 11
2025-03-01 18:28:33,962 INFO o.a.j.JMeter: os.arch=amd64
2025-03-01 18:28:33,962 INFO o.a.j.JMeter: os.version=10.0
2025-03-01 18:28:33,962 INFO o.a.j.JMeter: file.encoding=Cp1252
2025-03-01 18:28:33,962 INFO o.a.j.JMeter: java.awt.headless=true
2025-03-01 18:28:33,969 INFO o.a.j.JMeter: Max memory     =1073741824
2025-03-01 18:28:33,969 INFO o.a.j.JMeter: Available Processors =12
2025-03-01 18:28:33,981 INFO o.a.j.JMeter: Default Locale=English (EN)
2025-03-01 18:28:33,981 INFO o.a.j.JMeter: JMeter  Locale=English (EN)
2025-03-01 18:28:33,981 INFO o.a.j.JMeter: JMeterHome=C:\Users\ASUS\Desktop\apache-jmeter-5.6.3\apache-jmeter-5.6.3
2025-03-01 18:28:33,981 INFO o.a.j.JMeter: user.dir  =C:\Users\ASUS\Desktop\Repos\rate-limiter-nginx
2025-03-01 18:28:33,981 INFO o.a.j.JMeter: PWD       =C:\Users\ASUS\Desktop\Repos\rate-limiter-nginx
2025-03-01 18:28:33,981 INFO o.a.j.JMeter: IP: 192.168.1.45 Name: THIVA FullName: THIVA
2025-03-01 18:28:34,008 INFO o.a.j.s.FileServer: Default base='C:\Users\ASUS\Desktop\Repos\rate-limiter-nginx'
2025-03-01 18:28:34,012 INFO o.a.j.s.FileServer: Set new base='c:\Users\ASUS\Desktop\Repos\rate-limiter-nginx\jmeter\cloud'
2025-03-01 18:28:34,262 INFO o.a.j.s.SaveService: Testplan (JMX) version: 2.2. Testlog (JTL) version: 2.2
2025-03-01 18:28:34,295 INFO o.a.j.s.SaveService: Using SaveService properties version 5.0
2025-03-01 18:28:34,295 INFO o.a.j.s.SaveService: Using SaveService properties file encoding UTF-8
2025-03-01 18:28:34,300 INFO o.a.j.s.SaveService: Loading file: c:\Users\ASUS\Desktop\Repos\rate-limiter-nginx\jmeter\cloud\teastore_performance.jmx
2025-03-01 18:28:34,352 INFO o.a.j.p.h.c.CookieManager: Settings: Delete null: true Check: true Allow variable: true Save: false Prefix: COOKIE_
2025-03-01 18:28:34,372 INFO o.a.j.p.h.s.HTTPSamplerBase: Parser for text/html is org.apache.jmeter.protocol.http.parser.LagartoBasedHtmlParser
2025-03-01 18:28:34,372 INFO o.a.j.p.h.s.HTTPSamplerBase: Parser for application/xhtml+xml is org.apache.jmeter.protocol.http.parser.LagartoBasedHtmlParser
2025-03-01 18:28:34,372 INFO o.a.j.p.h.s.HTTPSamplerBase: Parser for application/xml is org.apache.jmeter.protocol.http.parser.LagartoBasedHtmlParser
2025-03-01 18:28:34,372 INFO o.a.j.p.h.s.HTTPSamplerBase: Parser for text/xml is org.apache.jmeter.protocol.http.parser.LagartoBasedHtmlParser
2025-03-01 18:28:34,372 INFO o.a.j.p.h.s.HTTPSamplerBase: Parser for text/vnd.wap.wml is org.apache.jmeter.protocol.http.parser.RegexpHTMLParser
2025-03-01 18:28:34,372 INFO o.a.j.p.h.s.HTTPSamplerBase: Parser for text/css is org.apache.jmeter.protocol.http.parser.CssParser
2025-03-01 18:28:34,505 INFO o.a.j.s.SampleResult: Note: Sample TimeStamps are START times
2025-03-01 18:28:34,505 INFO o.a.j.s.SampleResult: sampleresult.default.encoding is set to UTF-8
2025-03-01 18:28:34,505 INFO o.a.j.s.SampleResult: sampleresult.useNanoTime=true
2025-03-01 18:28:34,505 INFO o.a.j.s.SampleResult: sampleresult.nanoThreadSleep=5000
2025-03-01 18:28:34,555 INFO o.a.j.JMeter: Creating summariser <summary>
2025-03-01 18:28:34,578 INFO o.a.j.e.StandardJMeterEngine: Running the test!
2025-03-01 18:28:34,580 INFO o.a.j.s.SampleEvent: List of sample_variables: []
2025-03-01 18:28:34,580 INFO o.a.j.s.SampleEvent: List of sample_variables: []
2025-03-01 18:28:34,592 INFO o.a.j.e.u.CompoundVariable: Note: Function class names must contain the string: '.functions.'
2025-03-01 18:28:34,592 INFO o.a.j.e.u.CompoundVariable: Note: Function class names must not contain the string: '.gui.'
2025-03-01 18:28:34,680 INFO o.a.j.r.ClassFinder: Will scan jar C:\Users\ASUS\Desktop\apache-jmeter-5.6.3\apache-jmeter-5.6.3\lib\ext\jmeter-plugins-casutg-2.10.jar with filter ExtendsClassFilter [parents=[interface org.apache.jmeter.functions.Function], inner=false, contains=null, notContains=null]. Consider exposing JMeter plugins via META-INF/services, and add JMeter-Skip-Class-Scanning=true manifest attribute so JMeter can skip classfile scanning
2025-03-01 18:28:34,694 INFO o.a.j.r.ClassFinder: Will scan jar C:\Users\ASUS\Desktop\apache-jmeter-5.6.3\apache-jmeter-5.6.3\lib\ext\jmeter-plugins-graphs-vs-2.0.jar with filter ExtendsClassFilter [parents=[interface org.apache.jmeter.functions.Function], inner=false, contains=null, notContains=null]. Consider exposing JMeter plugins via META-INF/services, and add JMeter-Skip-Class-Scanning=true manifest attribute so JMeter can skip classfile scanning
2025-03-01 18:28:34,699 INFO o.a.j.r.ClassFinder: Will scan jar C:\Users\ASUS\Desktop\apache-jmeter-5.6.3\apache-jmeter-5.6.3\lib\ext\jmeter-plugins-manager-1.9.jar with filter ExtendsClassFilter [parents=[interface org.apache.jmeter.functions.Function], inner=false, contains=null, notContains=null]. Consider exposing JMeter plugins via META-INF/services, and add JMeter-Skip-Class-Scanning=true manifest attribute so JMeter can skip classfile scanning
2025-03-01 18:28:34,782 INFO o.a.j.r.ClassFinder: Will scan jar C:\Users\ASUS\Desktop\apache-jmeter-5.6.3\apache-jmeter-5.6.3\lib\ext\jmeter-plugins-graphs-basic-2.0.jar with filter ExtendsClassFilter [parents=[interface org.apache.jmeter.functions.Function], inner=false, contains=null, notContains=null]. Consider exposing JMeter plugins via META-INF/services, and add JMeter-Skip-Class-Scanning=true manifest attribute so JMeter can skip classfile scanning
2025-03-01 18:28:34,788 INFO o.a.j.r.ClassFinder: Will scan jar C:\Users\ASUS\Desktop\apache-jmeter-5.6.3\apache-jmeter-5.6.3\lib\ext\jmeter-plugins-manager-0.20.jar with filter ExtendsClassFilter [parents=[interface org.apache.jmeter.functions.Function], inner=false, contains=null, notContains=null]. Consider exposing JMeter plugins via META-INF/services, and add JMeter-Skip-Class-Scanning=true manifest attribute so JMeter can skip classfile scanning
2025-03-01 18:28:34,791 INFO o.a.j.r.ClassFinder: Will scan jar C:\Users\ASUS\Desktop\apache-jmeter-5.6.3\apache-jmeter-5.6.3\lib\ext\jmeter-plugins-tst-2.6.jar with filter ExtendsClassFilter [parents=[interface org.apache.jmeter.functions.Function], inner=false, contains=null, notContains=null]. Consider exposing JMeter plugins via META-INF/services, and add JMeter-Skip-Class-Scanning=true manifest attribute so JMeter can skip classfile scanning
2025-03-01 18:28:34,791 INFO o.a.j.r.ClassFinder: Will scan jar C:\Users\ASUS\Desktop\apache-jmeter-5.6.3\apache-jmeter-5.6.3\lib\ext\jmeter-parallel-0.12.jar with filter ExtendsClassFilter [parents=[interface org.apache.jmeter.functions.Function], inner=false, contains=null, notContains=null]. Consider exposing JMeter plugins via META-INF/services, and add JMeter-Skip-Class-Scanning=true manifest attribute so JMeter can skip classfile scanning
2025-03-01 18:28:35,128 INFO o.a.j.JMeter: Running test (1740833915128)
2025-03-01 18:28:35,128 INFO o.a.j.e.StandardJMeterEngine: Starting setUp thread groups
2025-03-01 18:28:35,128 INFO o.a.j.e.StandardJMeterEngine: Starting setUp ThreadGroup: 1 : setUp Thread Group 
2025-03-01 18:28:35,128 INFO o.a.j.e.StandardJMeterEngine: Starting 20 threads for group setUp Thread Group.
2025-03-01 18:28:35,128 INFO o.a.j.e.StandardJMeterEngine: Thread will continue on error
2025-03-01 18:28:35,128 INFO o.a.j.t.ThreadGroup: Starting thread group... number=1 threads=20 ramp-up=10 delayedStart=false
2025-03-01 18:28:35,154 INFO o.a.j.t.JMeterThread: Thread started: setUp Thread Group 1-1
2025-03-01 18:28:35,176 INFO o.a.j.t.ThreadGroup: Started thread group number 1
2025-03-01 18:28:35,177 INFO o.a.j.e.StandardJMeterEngine: Waiting for all setup thread groups to exit
2025-03-01 18:28:35,644 INFO o.a.j.t.JMeterThread: Thread started: setUp Thread Group 1-2
2025-03-01 18:28:36,061 INFO o.a.j.p.h.s.HTTPHCAbstractImpl: Local host = THIVA
2025-03-01 18:28:36,071 INFO o.a.j.p.h.s.HTTPHC4Impl: HTTP request retry count = 0
2025-03-01 18:28:36,140 INFO o.a.j.t.JMeterThread: Thread started: setUp Thread Group 1-3
2025-03-01 18:28:36,640 INFO o.a.j.t.JMeterThread: Thread started: setUp Thread Group 1-4
2025-03-01 18:28:37,135 INFO o.a.j.t.JMeterThread: Thread started: setUp Thread Group 1-5
2025-03-01 18:28:37,639 INFO o.a.j.t.JMeterThread: Thread started: setUp Thread Group 1-6
2025-03-01 18:28:38,137 INFO o.a.j.t.JMeterThread: Thread started: setUp Thread Group 1-7
2025-03-01 18:28:38,639 INFO o.a.j.t.JMeterThread: Thread started: setUp Thread Group 1-8
2025-03-01 18:28:39,136 INFO o.a.j.t.JMeterThread: Thread started: setUp Thread Group 1-9
2025-03-01 18:28:39,633 INFO o.a.j.t.JMeterThread: Thread started: setUp Thread Group 1-10
2025-03-01 18:28:40,132 INFO o.a.j.t.JMeterThread: Thread started: setUp Thread Group 1-11
2025-03-01 18:28:40,632 INFO o.a.j.t.JMeterThread: Thread started: setUp Thread Group 1-12
2025-03-01 18:28:41,133 INFO o.a.j.t.JMeterThread: Thread started: setUp Thread Group 1-13
2025-03-01 18:28:41,634 INFO o.a.j.t.JMeterThread: Thread started: setUp Thread Group 1-14
2025-03-01 18:28:42,133 INFO o.a.j.t.JMeterThread: Thread started: setUp Thread Group 1-15
2025-03-01 18:28:42,631 INFO o.a.j.t.JMeterThread: Thread started: setUp Thread Group 1-16
2025-03-01 18:28:43,133 INFO o.a.j.t.JMeterThread: Thread started: setUp Thread Group 1-17
2025-03-01 18:28:43,634 INFO o.a.j.t.JMeterThread: Thread started: setUp Thread Group 1-18
2025-03-01 18:28:44,134 INFO o.a.j.t.JMeterThread: Thread started: setUp Thread Group 1-19
2025-03-01 18:28:44,632 INFO o.a.j.t.JMeterThread: Thread started: setUp Thread Group 1-20
2025-03-01 18:29:34,901 INFO o.a.j.t.JMeterThread: Thread finished: setUp Thread Group 1-2
2025-03-01 18:29:34,936 INFO o.a.j.t.JMeterThread: Thread finished: setUp Thread Group 1-17
2025-03-01 18:29:35,032 INFO o.a.j.t.JMeterThread: Thread finished: setUp Thread Group 1-8
2025-03-01 18:29:35,032 INFO o.a.j.t.JMeterThread: Thread finished: setUp Thread Group 1-4
2025-03-01 18:29:35,091 INFO o.a.j.t.JMeterThread: Thread finished: setUp Thread Group 1-14
2025-03-01 18:29:35,097 INFO o.a.j.t.JMeterThread: Thread finished: setUp Thread Group 1-13
2025-03-01 18:29:35,118 INFO o.a.j.t.JMeterThread: Thread finished: setUp Thread Group 1-1
2025-03-01 18:29:35,134 INFO o.a.j.t.JMeterThread: Thread finished: setUp Thread Group 1-9
2025-03-01 18:29:35,170 INFO o.a.j.t.JMeterThread: Stopping because end time detected by thread: setUp Thread Group 1-15
2025-03-01 18:29:35,170 INFO o.a.j.t.JMeterThread: Thread finished: setUp Thread Group 1-15
2025-03-01 18:29:35,170 INFO o.a.j.t.JMeterThread: Stopping because end time detected by thread: setUp Thread Group 1-12
2025-03-01 18:29:35,170 INFO o.a.j.t.JMeterThread: Thread finished: setUp Thread Group 1-12
2025-03-01 18:29:35,214 INFO o.a.j.t.JMeterThread: Stopping because end time detected by thread: setUp Thread Group 1-20
2025-03-01 18:29:35,214 INFO o.a.j.t.JMeterThread: Thread finished: setUp Thread Group 1-20
2025-03-01 18:29:35,261 INFO o.a.j.t.JMeterThread: Stopping because end time detected by thread: setUp Thread Group 1-19
2025-03-01 18:29:35,261 INFO o.a.j.t.JMeterThread: Thread finished: setUp Thread Group 1-19
2025-03-01 18:29:35,261 INFO o.a.j.t.JMeterThread: Stopping because end time detected by thread: setUp Thread Group 1-5
2025-03-01 18:29:35,261 INFO o.a.j.t.JMeterThread: Thread finished: setUp Thread Group 1-5
2025-03-01 18:29:35,316 INFO o.a.j.t.JMeterThread: Stopping because end time detected by thread: setUp Thread Group 1-18
2025-03-01 18:29:35,316 INFO o.a.j.t.JMeterThread: Thread finished: setUp Thread Group 1-18
2025-03-01 18:29:35,373 INFO o.a.j.t.JMeterThread: Stopping because end time detected by thread: setUp Thread Group 1-7
2025-03-01 18:29:35,373 INFO o.a.j.t.JMeterThread: Thread finished: setUp Thread Group 1-7
2025-03-01 18:29:35,453 INFO o.a.j.t.JMeterThread: Stopping because end time detected by thread: setUp Thread Group 1-3
2025-03-01 18:29:35,454 INFO o.a.j.t.JMeterThread: Thread finished: setUp Thread Group 1-3
2025-03-01 18:29:35,489 INFO o.a.j.t.JMeterThread: Stopping because end time detected by thread: setUp Thread Group 1-16
2025-03-01 18:29:35,489 INFO o.a.j.t.JMeterThread: Thread finished: setUp Thread Group 1-16
2025-03-01 18:29:35,506 INFO o.a.j.t.JMeterThread: Stopping because end time detected by thread: setUp Thread Group 1-10
2025-03-01 18:29:35,506 INFO o.a.j.t.JMeterThread: Thread finished: setUp Thread Group 1-10
2025-03-01 18:29:35,611 INFO o.a.j.t.JMeterThread: Stopping because end time detected by thread: setUp Thread Group 1-11
2025-03-01 18:29:35,611 INFO o.a.j.t.JMeterThread: Thread finished: setUp Thread Group 1-11
2025-03-01 18:29:35,659 INFO o.a.j.t.JMeterThread: Stopping because end time detected by thread: setUp Thread Group 1-6
2025-03-01 18:29:35,659 INFO o.a.j.t.JMeterThread: Thread finished: setUp Thread Group 1-6
2025-03-01 18:29:35,659 INFO o.a.j.e.StandardJMeterEngine: All Setup Threads have ended
2025-03-01 18:29:35,707 INFO o.a.j.e.StandardJMeterEngine: Starting ThreadGroup: 1 : Thread-Gruppe
2025-03-01 18:29:35,707 INFO o.a.j.e.StandardJMeterEngine: Starting 75 threads for group Thread-Gruppe.
2025-03-01 18:29:35,707 INFO o.a.j.e.StandardJMeterEngine: Thread will continue on error
2025-03-01 18:29:35,707 INFO o.a.j.t.ThreadGroup: Starting thread group... number=1 threads=75 ramp-up=10 delayedStart=false
2025-03-01 18:29:35,707 INFO o.a.j.t.JMeterThread: Thread started: Thread-Gruppe 1-1
2025-03-01 18:29:35,794 INFO o.a.j.t.ThreadGroup: Started thread group number 1
2025-03-01 18:29:35,794 INFO o.a.j.e.StandardJMeterEngine: Starting ThreadGroup: 2 : Thread-Gruppe
2025-03-01 18:29:35,794 INFO o.a.j.e.StandardJMeterEngine: Starting 20 threads for group Thread-Gruppe.
2025-03-01 18:29:35,794 INFO o.a.j.e.StandardJMeterEngine: Thread will continue on error
2025-03-01 18:29:35,794 INFO o.a.j.t.ThreadGroup: Starting thread group... number=2 threads=20 ramp-up=10 delayedStart=false
2025-03-01 18:29:35,796 INFO o.a.j.t.JMeterThread: Thread started: Thread-Gruppe 2-1
2025-03-01 18:29:35,830 INFO o.a.j.t.ThreadGroup: Started thread group number 2
2025-03-01 18:29:35,830 INFO o.a.j.e.StandardJMeterEngine: Starting ThreadGroup: 3 : Thread-Gruppe
2025-03-01 18:29:35,830 INFO o.a.j.e.StandardJMeterEngine: Starting 5 threads for group Thread-Gruppe.
2025-03-01 18:29:35,830 INFO o.a.j.e.StandardJMeterEngine: Thread will continue on error
2025-03-01 18:29:35,830 INFO o.a.j.t.ThreadGroup: Starting thread group... number=3 threads=5 ramp-up=10 delayedStart=false
2025-03-01 18:29:35,839 INFO o.a.j.t.ThreadGroup: Started thread group number 3
2025-03-01 18:29:35,839 INFO o.a.j.e.StandardJMeterEngine: All thread groups have been started
2025-03-01 18:29:35,841 INFO o.a.j.t.JMeterThread: Thread started: Thread-Gruppe 3-1
2025-03-01 18:29:35,854 INFO o.a.j.t.JMeterThread: Thread started: Thread-Gruppe 1-2
2025-03-01 18:29:35,989 INFO o.a.j.t.JMeterThread: Thread started: Thread-Gruppe 1-3
2025-03-01 18:29:36,122 INFO o.a.j.t.JMeterThread: Thread started: Thread-Gruppe 1-4
2025-03-01 18:29:36,242 INFO o.a.j.t.JMeterThread: Thread started: Thread-Gruppe 1-5
2025-03-01 18:29:36,297 INFO o.a.j.t.JMeterThread: Thread started: Thread-Gruppe 2-2
2025-03-01 18:29:36,375 INFO o.a.j.t.JMeterThread: Thread started: Thread-Gruppe 1-6
2025-03-01 18:29:36,507 INFO o.a.j.t.JMeterThread: Thread started: Thread-Gruppe 1-7
2025-03-01 18:29:36,642 INFO o.a.j.t.JMeterThread: Thread started: Thread-Gruppe 1-8
2025-03-01 18:29:36,773 INFO o.a.j.t.JMeterThread: Thread started: Thread-Gruppe 1-9
2025-03-01 18:29:36,797 INFO o.a.j.t.JMeterThread: Thread started: Thread-Gruppe 2-3
2025-03-01 18:29:36,909 INFO o.a.j.t.JMeterThread: Thread started: Thread-Gruppe 1-10
2025-03-01 18:29:37,039 INFO o.a.j.t.JMeterThread: Thread started: Thread-Gruppe 1-11
2025-03-01 18:29:37,172 INFO o.a.j.t.JMeterThread: Thread started: Thread-Gruppe 1-12
2025-03-01 18:29:37,297 INFO o.a.j.t.JMeterThread: Thread started: Thread-Gruppe 2-4
2025-03-01 18:29:37,305 INFO o.a.j.t.JMeterThread: Thread started: Thread-Gruppe 1-13
2025-03-01 18:29:37,438 INFO o.a.j.t.JMeterThread: Thread started: Thread-Gruppe 1-14
2025-03-01 18:29:37,571 INFO o.a.j.t.JMeterThread: Thread started: Thread-Gruppe 1-15
2025-03-01 18:29:37,704 INFO o.a.j.t.JMeterThread: Thread started: Thread-Gruppe 1-16
2025-03-01 18:29:37,797 INFO o.a.j.t.JMeterThread: Thread started: Thread-Gruppe 2-5
2025-03-01 18:29:37,838 INFO o.a.j.t.JMeterThread: Thread started: Thread-Gruppe 1-17
2025-03-01 18:29:37,841 INFO o.a.j.t.JMeterThread: Thread started: Thread-Gruppe 3-2
2025-03-01 18:29:37,971 INFO o.a.j.t.JMeterThread: Thread started: Thread-Gruppe 1-18
2025-03-01 18:29:38,103 INFO o.a.j.t.JMeterThread: Thread started: Thread-Gruppe 1-19
2025-03-01 18:29:38,237 INFO o.a.j.t.JMeterThread: Thread started: Thread-Gruppe 1-20
2025-03-01 18:29:38,316 INFO o.a.j.t.JMeterThread: Thread started: Thread-Gruppe 2-6
2025-03-01 18:29:38,370 INFO o.a.j.t.JMeterThread: Thread started: Thread-Gruppe 1-21
2025-03-01 18:29:38,503 INFO o.a.j.t.JMeterThread: Thread started: Thread-Gruppe 1-22
2025-03-01 18:29:38,636 INFO o.a.j.t.JMeterThread: Thread started: Thread-Gruppe 1-23
2025-03-01 18:29:38,770 INFO o.a.j.t.JMeterThread: Thread started: Thread-Gruppe 1-24
2025-03-01 18:29:38,810 INFO o.a.j.t.JMeterThread: Thread started: Thread-Gruppe 2-7
2025-03-01 18:29:38,901 INFO o.a.j.t.JMeterThread: Thread started: Thread-Gruppe 1-25
2025-03-01 18:29:39,035 INFO o.a.j.t.JMeterThread: Thread started: Thread-Gruppe 1-26
2025-03-01 18:29:39,168 INFO o.a.j.t.JMeterThread: Thread started: Thread-Gruppe 1-27
2025-03-01 18:29:39,300 INFO o.a.j.t.JMeterThread: Thread started: Thread-Gruppe 1-28
2025-03-01 18:29:39,311 INFO o.a.j.t.JMeterThread: Thread started: Thread-Gruppe 2-8
2025-03-01 18:29:39,434 INFO o.a.j.t.JMeterThread: Thread started: Thread-Gruppe 1-29
2025-03-01 18:29:39,566 INFO o.a.j.t.JMeterThread: Thread started: Thread-Gruppe 1-30
2025-03-01 18:29:39,700 INFO o.a.j.t.JMeterThread: Thread started: Thread-Gruppe 1-31
2025-03-01 18:29:39,821 INFO o.a.j.t.JMeterThread: Thread started: Thread-Gruppe 2-9
2025-03-01 18:29:39,832 INFO o.a.j.t.JMeterThread: Thread started: Thread-Gruppe 1-32
2025-03-01 18:29:39,841 INFO o.a.j.t.JMeterThread: Thread started: Thread-Gruppe 3-3
2025-03-01 18:29:39,965 INFO o.a.j.t.JMeterThread: Thread started: Thread-Gruppe 1-33
2025-03-01 18:29:40,099 INFO o.a.j.t.JMeterThread: Thread started: Thread-Gruppe 1-34
2025-03-01 18:29:40,232 INFO o.a.j.t.JMeterThread: Thread started: Thread-Gruppe 1-35
2025-03-01 18:29:40,313 INFO o.a.j.t.JMeterThread: Thread started: Thread-Gruppe 2-10
2025-03-01 18:29:40,365 INFO o.a.j.t.JMeterThread: Thread started: Thread-Gruppe 1-36
2025-03-01 18:29:40,498 INFO o.a.j.t.JMeterThread: Thread started: Thread-Gruppe 1-37
2025-03-01 18:29:40,630 INFO o.a.j.t.JMeterThread: Thread started: Thread-Gruppe 1-38
2025-03-01 18:29:40,764 INFO o.a.j.t.JMeterThread: Thread started: Thread-Gruppe 1-39
2025-03-01 18:29:40,820 INFO o.a.j.t.JMeterThread: Thread started: Thread-Gruppe 2-11
2025-03-01 18:29:40,895 INFO o.a.j.t.JMeterThread: Thread started: Thread-Gruppe 1-40
2025-03-01 18:29:41,028 INFO o.a.j.t.JMeterThread: Thread started: Thread-Gruppe 1-41
2025-03-01 18:29:41,161 INFO o.a.j.t.JMeterThread: Thread started: Thread-Gruppe 1-42
2025-03-01 18:29:41,295 INFO o.a.j.t.JMeterThread: Thread started: Thread-Gruppe 1-43
2025-03-01 18:29:41,310 INFO o.a.j.t.JMeterThread: Thread started: Thread-Gruppe 2-12
2025-03-01 18:29:41,428 INFO o.a.j.t.JMeterThread: Thread started: Thread-Gruppe 1-44
2025-03-01 18:29:41,562 INFO o.a.j.t.JMeterThread: Thread started: Thread-Gruppe 1-45
2025-03-01 18:29:41,694 INFO o.a.j.t.JMeterThread: Thread started: Thread-Gruppe 1-46
2025-03-01 18:29:41,804 INFO o.a.j.t.JMeterThread: Thread started: Thread-Gruppe 2-13
2025-03-01 18:29:41,827 INFO o.a.j.t.JMeterThread: Thread started: Thread-Gruppe 1-47
2025-03-01 18:29:41,840 INFO o.a.j.t.JMeterThread: Thread started: Thread-Gruppe 3-4
2025-03-01 18:29:41,960 INFO o.a.j.t.JMeterThread: Thread started: Thread-Gruppe 1-48
2025-03-01 18:29:42,093 INFO o.a.j.t.JMeterThread: Thread started: Thread-Gruppe 1-49
2025-03-01 18:29:42,227 INFO o.a.j.t.JMeterThread: Thread started: Thread-Gruppe 1-50
2025-03-01 18:29:42,309 INFO o.a.j.t.JMeterThread: Thread started: Thread-Gruppe 2-14
2025-03-01 18:29:42,360 INFO o.a.j.t.JMeterThread: Thread started: Thread-Gruppe 1-51
2025-03-01 18:29:42,492 INFO o.a.j.t.JMeterThread: Thread started: Thread-Gruppe 1-52
2025-03-01 18:29:42,625 INFO o.a.j.t.JMeterThread: Thread started: Thread-Gruppe 1-53
2025-03-01 18:29:42,759 INFO o.a.j.t.JMeterThread: Thread started: Thread-Gruppe 1-54
2025-03-01 18:29:42,809 INFO o.a.j.t.JMeterThread: Thread started: Thread-Gruppe 2-15
2025-03-01 18:29:42,891 INFO o.a.j.t.JMeterThread: Thread started: Thread-Gruppe 1-55
2025-03-01 18:29:43,024 INFO o.a.j.t.JMeterThread: Thread started: Thread-Gruppe 1-56
2025-03-01 18:29:43,158 INFO o.a.j.t.JMeterThread: Thread started: Thread-Gruppe 1-57
2025-03-01 18:29:43,291 INFO o.a.j.t.JMeterThread: Thread started: Thread-Gruppe 1-58
2025-03-01 18:29:43,310 INFO o.a.j.t.JMeterThread: Thread started: Thread-Gruppe 2-16
2025-03-01 18:29:43,424 INFO o.a.j.t.JMeterThread: Thread started: Thread-Gruppe 1-59
2025-03-01 18:29:43,555 INFO o.a.j.t.JMeterThread: Thread started: Thread-Gruppe 1-60
2025-03-01 18:29:43,689 INFO o.a.j.t.JMeterThread: Thread started: Thread-Gruppe 1-61
2025-03-01 18:29:43,808 INFO o.a.j.t.JMeterThread: Thread started: Thread-Gruppe 2-17
2025-03-01 18:29:43,821 INFO o.a.j.t.JMeterThread: Thread started: Thread-Gruppe 1-62
2025-03-01 18:29:43,836 INFO o.a.j.t.JMeterThread: Thread started: Thread-Gruppe 3-5
2025-03-01 18:29:43,956 INFO o.a.j.t.JMeterThread: Thread started: Thread-Gruppe 1-63
2025-03-01 18:29:44,089 INFO o.a.j.t.JMeterThread: Thread started: Thread-Gruppe 1-64
2025-03-01 18:29:44,222 INFO o.a.j.t.JMeterThread: Thread started: Thread-Gruppe 1-65
2025-03-01 18:29:44,309 INFO o.a.j.t.JMeterThread: Thread started: Thread-Gruppe 2-18
2025-03-01 18:29:44,355 INFO o.a.j.t.JMeterThread: Thread started: Thread-Gruppe 1-66
2025-03-01 18:29:44,486 INFO o.a.j.t.JMeterThread: Thread started: Thread-Gruppe 1-67
2025-03-01 18:29:44,621 INFO o.a.j.t.JMeterThread: Thread started: Thread-Gruppe 1-68
2025-03-01 18:29:44,755 INFO o.a.j.t.JMeterThread: Thread started: Thread-Gruppe 1-69
2025-03-01 18:29:44,808 INFO o.a.j.t.JMeterThread: Thread started: Thread-Gruppe 2-19
2025-03-01 18:29:44,886 INFO o.a.j.t.JMeterThread: Thread started: Thread-Gruppe 1-70
2025-03-01 18:29:45,019 INFO o.a.j.t.JMeterThread: Thread started: Thread-Gruppe 1-71
2025-03-01 18:29:45,152 INFO o.a.j.t.JMeterThread: Thread started: Thread-Gruppe 1-72
2025-03-01 18:29:45,286 INFO o.a.j.t.JMeterThread: Thread started: Thread-Gruppe 1-73
2025-03-01 18:29:45,306 INFO o.a.j.t.JMeterThread: Thread started: Thread-Gruppe 2-20
2025-03-01 18:29:45,418 INFO o.a.j.t.JMeterThread: Thread started: Thread-Gruppe 1-74
2025-03-01 18:29:45,550 INFO o.a.j.t.JMeterThread: Thread started: Thread-Gruppe 1-75
2025-03-01 18:30:00,005 INFO o.a.j.r.Summariser: summary +   1500 in 00:01:25 =   17.7/s Avg:   406 Min:   242 Max:   978 Err:     0 (0.00%) Active: 100 Started: 100 Finished: 0
2025-03-01 18:30:30,016 INFO o.a.j.r.Summariser: summary +   2283 in 00:00:30 =   76.1/s Avg:   393 Min:   243 Max:  1020 Err:     0 (0.00%) Active: 100 Started: 100 Finished: 0
2025-03-01 18:30:30,017 INFO o.a.j.r.Summariser: summary =   3783 in 00:01:55 =   32.9/s Avg:   398 Min:   242 Max:  1020 Err:     0 (0.00%)
2025-03-01 18:31:00,036 INFO o.a.j.r.Summariser: summary +   2291 in 00:00:30 =   76.3/s Avg:   414 Min:   242 Max:   991 Err:     0 (0.00%) Active: 100 Started: 100 Finished: 0
2025-03-01 18:31:00,037 INFO o.a.j.r.Summariser: summary =   6074 in 00:02:25 =   41.9/s Avg:   404 Min:   242 Max:  1020 Err:     0 (0.00%)
2025-03-01 18:31:30,020 INFO o.a.j.r.Summariser: summary +   2278 in 00:00:30 =   76.0/s Avg:   393 Min:   243 Max:  1053 Err:     0 (0.00%) Active: 100 Started: 100 Finished: 0
2025-03-01 18:31:30,021 INFO o.a.j.r.Summariser: summary =   8352 in 00:02:55 =   47.8/s Avg:   401 Min:   242 Max:  1053 Err:     0 (0.00%)
2025-03-01 18:32:00,032 INFO o.a.j.r.Summariser: summary +   2288 in 00:00:30 =   76.2/s Avg:   409 Min:   242 Max:  1086 Err:     0 (0.00%) Active: 100 Started: 100 Finished: 0
2025-03-01 18:32:00,033 INFO o.a.j.r.Summariser: summary =  10640 in 00:03:25 =   51.9/s Avg:   403 Min:   242 Max:  1086 Err:     0 (0.00%)
2025-03-01 18:32:30,011 INFO o.a.j.r.Summariser: summary +   2281 in 00:00:30 =   76.1/s Avg:   383 Min:   242 Max:  1048 Err:     0 (0.00%) Active: 100 Started: 100 Finished: 0
2025-03-01 18:32:30,011 INFO o.a.j.r.Summariser: summary =  12921 in 00:03:55 =   55.0/s Avg:   399 Min:   242 Max:  1086 Err:     0 (0.00%)
2025-03-01 18:33:00,011 INFO o.a.j.r.Summariser: summary +   2291 in 00:00:30 =   76.4/s Avg:   409 Min:   242 Max:  1204 Err:     0 (0.00%) Active: 100 Started: 100 Finished: 0
2025-03-01 18:33:00,012 INFO o.a.j.r.Summariser: summary =  15212 in 00:04:25 =   57.4/s Avg:   401 Min:   242 Max:  1204 Err:     0 (0.00%)
2025-03-01 18:33:30,004 INFO o.a.j.r.Summariser: summary +   2266 in 00:00:30 =   75.6/s Avg:   403 Min:   242 Max:  2046 Err:     1 (0.04%) Active: 100 Started: 100 Finished: 0
2025-03-01 18:33:30,005 INFO o.a.j.r.Summariser: summary =  17478 in 00:04:55 =   59.3/s Avg:   401 Min:   242 Max:  2046 Err:     1 (0.01%)
2025-03-01 18:34:00,020 INFO o.a.j.r.Summariser: summary +   2287 in 00:00:30 =   76.2/s Avg:   411 Min:   243 Max:  1126 Err:     0 (0.00%) Active: 100 Started: 100 Finished: 0
2025-03-01 18:34:00,020 INFO o.a.j.r.Summariser: summary =  19765 in 00:05:25 =   60.8/s Avg:   402 Min:   242 Max:  2046 Err:     1 (0.01%)
2025-03-01 18:34:30,032 INFO o.a.j.r.Summariser: summary +   2266 in 00:00:30 =   75.5/s Avg:   413 Min:   244 Max:  1877 Err:     0 (0.00%) Active: 100 Started: 100 Finished: 0
2025-03-01 18:34:30,032 INFO o.a.j.r.Summariser: summary =  22031 in 00:05:55 =   62.1/s Avg:   403 Min:   242 Max:  2046 Err:     1 (0.00%)
2025-03-01 18:35:00,006 INFO o.a.j.r.Summariser: summary +   2281 in 00:00:30 =   76.1/s Avg:   402 Min:   243 Max:  1355 Err:     0 (0.00%) Active: 100 Started: 100 Finished: 0
2025-03-01 18:35:00,007 INFO o.a.j.r.Summariser: summary =  24312 in 00:06:25 =   63.2/s Avg:   403 Min:   242 Max:  2046 Err:     1 (0.00%)
2025-03-01 18:35:30,013 INFO o.a.j.r.Summariser: summary +   2289 in 00:00:30 =   76.3/s Avg:   393 Min:   242 Max:  1026 Err:     0 (0.00%) Active: 100 Started: 100 Finished: 0
2025-03-01 18:35:30,013 INFO o.a.j.r.Summariser: summary =  26601 in 00:06:55 =   64.1/s Avg:   402 Min:   242 Max:  2046 Err:     1 (0.00%)
2025-03-01 18:36:00,013 INFO o.a.j.r.Summariser: summary +   2286 in 00:00:30 =   76.2/s Avg:   407 Min:   243 Max:  1091 Err:     0 (0.00%) Active: 100 Started: 100 Finished: 0
2025-03-01 18:36:00,014 INFO o.a.j.r.Summariser: summary =  28887 in 00:07:25 =   64.9/s Avg:   403 Min:   242 Max:  2046 Err:     1 (0.00%)
2025-03-01 18:36:30,003 INFO o.a.j.r.Summariser: summary +   2279 in 00:00:30 =   76.0/s Avg:   388 Min:   243 Max:   922 Err:     0 (0.00%) Active: 100 Started: 100 Finished: 0
2025-03-01 18:36:30,004 INFO o.a.j.r.Summariser: summary =  31166 in 00:07:55 =   65.6/s Avg:   402 Min:   242 Max:  2046 Err:     1 (0.00%)
2025-03-01 18:37:00,005 INFO o.a.j.r.Summariser: summary +   2279 in 00:00:30 =   76.0/s Avg:   404 Min:   242 Max:  1033 Err:     0 (0.00%) Active: 100 Started: 100 Finished: 0
2025-03-01 18:37:00,005 INFO o.a.j.r.Summariser: summary =  33445 in 00:08:25 =   66.2/s Avg:   402 Min:   242 Max:  2046 Err:     1 (0.00%)
2025-03-01 18:37:30,053 INFO o.a.j.r.Summariser: summary +   2283 in 00:00:30 =   76.0/s Avg:   399 Min:   243 Max:  1078 Err:     0 (0.00%) Active: 100 Started: 100 Finished: 0
2025-03-01 18:37:30,054 INFO o.a.j.r.Summariser: summary =  35728 in 00:08:55 =   66.8/s Avg:   402 Min:   242 Max:  2046 Err:     1 (0.00%)
2025-03-01 18:38:00,001 INFO o.a.j.r.Summariser: summary +   2283 in 00:00:30 =   76.2/s Avg:   403 Min:   242 Max:  1082 Err:     0 (0.00%) Active: 100 Started: 100 Finished: 0
2025-03-01 18:38:00,002 INFO o.a.j.r.Summariser: summary =  38011 in 00:09:25 =   67.3/s Avg:   402 Min:   242 Max:  2046 Err:     1 (0.00%)
2025-03-01 18:38:30,002 INFO o.a.j.r.Summariser: summary +   2283 in 00:00:30 =   76.1/s Avg:   401 Min:   243 Max:  1094 Err:     0 (0.00%) Active: 100 Started: 100 Finished: 0
2025-03-01 18:38:30,003 INFO o.a.j.r.Summariser: summary =  40294 in 00:09:55 =   67.7/s Avg:   402 Min:   242 Max:  2046 Err:     1 (0.00%)
2025-03-01 18:39:00,004 INFO o.a.j.r.Summariser: summary +   2279 in 00:00:30 =   76.0/s Avg:   392 Min:   241 Max:  1142 Err:     0 (0.00%) Active: 100 Started: 100 Finished: 0
2025-03-01 18:39:00,005 INFO o.a.j.r.Summariser: summary =  42573 in 00:10:25 =   68.1/s Avg:   401 Min:   241 Max:  2046 Err:     1 (0.00%)
2025-03-01 18:39:30,047 INFO o.a.j.r.Summariser: summary +   2292 in 00:00:30 =   76.3/s Avg:   397 Min:   243 Max:   999 Err:     0 (0.00%) Active: 100 Started: 100 Finished: 0
2025-03-01 18:39:30,047 INFO o.a.j.r.Summariser: summary =  44865 in 00:10:55 =   68.5/s Avg:   401 Min:   241 Max:  2046 Err:     1 (0.00%)
2025-03-01 18:39:34,086 INFO o.a.j.t.JMeterThread: Thread finished: Thread-Gruppe 1-47
2025-03-01 18:39:34,095 INFO o.a.j.t.JMeterThread: Thread finished: Thread-Gruppe 1-17
2025-03-01 18:39:34,145 INFO o.a.j.t.JMeterThread: Thread finished: Thread-Gruppe 1-1
2025-03-01 18:39:34,224 INFO o.a.j.t.JMeterThread: Thread finished: Thread-Gruppe 1-62
2025-03-01 18:39:34,229 INFO o.a.j.t.JMeterThread: Thread finished: Thread-Gruppe 1-18
2025-03-01 18:39:34,237 INFO o.a.j.t.JMeterThread: Thread finished: Thread-Gruppe 1-48
2025-03-01 18:39:34,250 INFO o.a.j.t.JMeterThread: Thread finished: Thread-Gruppe 1-2
2025-03-01 18:39:34,346 INFO o.a.j.t.JMeterThread: Thread finished: Thread-Gruppe 1-63
2025-03-01 18:39:34,350 INFO o.a.j.t.JMeterThread: Thread finished: Thread-Gruppe 1-19
2025-03-01 18:39:34,355 INFO o.a.j.t.JMeterThread: Thread finished: Thread-Gruppe 1-49
2025-03-01 18:39:34,384 INFO o.a.j.t.JMeterThread: Thread finished: Thread-Gruppe 1-3
2025-03-01 18:39:34,480 INFO o.a.j.t.JMeterThread: Thread finished: Thread-Gruppe 1-64
2025-03-01 18:39:34,487 INFO o.a.j.t.JMeterThread: Thread finished: Thread-Gruppe 1-50
2025-03-01 18:39:34,511 INFO o.a.j.t.JMeterThread: Thread finished: Thread-Gruppe 1-20
2025-03-01 18:39:34,511 INFO o.a.j.t.JMeterThread: Thread finished: Thread-Gruppe 1-4
2025-03-01 18:39:34,618 INFO o.a.j.t.JMeterThread: Thread finished: Thread-Gruppe 1-32
2025-03-01 18:39:34,618 INFO o.a.j.t.JMeterThread: Thread finished: Thread-Gruppe 1-21
2025-03-01 18:39:34,619 INFO o.a.j.t.JMeterThread: Thread finished: Thread-Gruppe 1-65
2025-03-01 18:39:34,624 INFO o.a.j.t.JMeterThread: Thread finished: Thread-Gruppe 1-51
2025-03-01 18:39:34,630 INFO o.a.j.t.JMeterThread: Thread finished: Thread-Gruppe 1-5
2025-03-01 18:39:34,747 INFO o.a.j.t.JMeterThread: Thread finished: Thread-Gruppe 1-52
2025-03-01 18:39:34,755 INFO o.a.j.t.JMeterThread: Thread finished: Thread-Gruppe 1-66
2025-03-01 18:39:34,764 INFO o.a.j.t.JMeterThread: Thread finished: Thread-Gruppe 1-22
2025-03-01 18:39:34,771 INFO o.a.j.t.JMeterThread: Thread finished: Thread-Gruppe 1-6
2025-03-01 18:39:34,805 INFO o.a.j.t.JMeterThread: Thread finished: Thread-Gruppe 1-33
2025-03-01 18:39:34,867 INFO o.a.j.t.JMeterThread: Thread finished: Thread-Gruppe 1-67
2025-03-01 18:39:34,880 INFO o.a.j.t.JMeterThread: Thread finished: Thread-Gruppe 1-34
2025-03-01 18:39:34,886 INFO o.a.j.t.JMeterThread: Thread finished: Thread-Gruppe 1-53
2025-03-01 18:39:34,894 INFO o.a.j.t.JMeterThread: Thread finished: Thread-Gruppe 1-23
2025-03-01 18:39:34,896 INFO o.a.j.t.JMeterThread: Thread finished: Thread-Gruppe 1-7
2025-03-01 18:39:35,017 INFO o.a.j.t.JMeterThread: Thread finished: Thread-Gruppe 1-54
2025-03-01 18:39:35,026 INFO o.a.j.t.JMeterThread: Thread finished: Thread-Gruppe 1-24
2025-03-01 18:39:35,027 INFO o.a.j.t.JMeterThread: Thread finished: Thread-Gruppe 1-68
2025-03-01 18:39:35,033 INFO o.a.j.t.JMeterThread: Thread finished: Thread-Gruppe 1-8
2025-03-01 18:39:35,056 INFO o.a.j.t.JMeterThread: Thread finished: Thread-Gruppe 1-35
2025-03-01 18:39:35,145 INFO o.a.j.t.JMeterThread: Thread finished: Thread-Gruppe 1-55
2025-03-01 18:39:35,149 INFO o.a.j.t.JMeterThread: Thread finished: Thread-Gruppe 1-36
2025-03-01 18:39:35,158 INFO o.a.j.t.JMeterThread: Thread finished: Thread-Gruppe 1-25
2025-03-01 18:39:35,163 INFO o.a.j.t.JMeterThread: Thread finished: Thread-Gruppe 1-69
2025-03-01 18:39:35,201 INFO o.a.j.t.JMeterThread: Thread finished: Thread-Gruppe 1-9
2025-03-01 18:39:35,275 INFO o.a.j.t.JMeterThread: Thread finished: Thread-Gruppe 1-56
2025-03-01 18:39:35,275 INFO o.a.j.t.JMeterThread: Thread finished: Thread-Gruppe 1-70
2025-03-01 18:39:35,287 INFO o.a.j.t.JMeterThread: Thread finished: Thread-Gruppe 1-37
2025-03-01 18:39:35,287 INFO o.a.j.t.JMeterThread: Thread finished: Thread-Gruppe 1-26
2025-03-01 18:39:35,298 INFO o.a.j.t.JMeterThread: Thread finished: Thread-Gruppe 1-10
2025-03-01 18:39:35,403 INFO o.a.j.t.JMeterThread: Thread finished: Thread-Gruppe 1-71
2025-03-01 18:39:35,424 INFO o.a.j.t.JMeterThread: Thread finished: Thread-Gruppe 1-57
2025-03-01 18:39:35,439 INFO o.a.j.t.JMeterThread: Thread finished: Thread-Gruppe 1-38
2025-03-01 18:39:35,441 INFO o.a.j.t.JMeterThread: Thread finished: Thread-Gruppe 1-11
2025-03-01 18:39:35,444 INFO o.a.j.t.JMeterThread: Thread finished: Thread-Gruppe 1-27
2025-03-01 18:39:35,453 INFO o.a.j.t.JMeterThread: Thread finished: Thread-Gruppe 2-18
2025-03-01 18:39:35,467 INFO o.a.j.t.JMeterThread: Thread finished: Thread-Gruppe 2-5
2025-03-01 18:39:35,503 INFO o.a.j.t.JMeterThread: Thread finished: Thread-Gruppe 2-4
2025-03-01 18:39:35,542 INFO o.a.j.t.JMeterThread: Thread finished: Thread-Gruppe 1-58
2025-03-01 18:39:35,556 INFO o.a.j.t.JMeterThread: Thread finished: Thread-Gruppe 2-20
2025-03-01 18:39:35,556 INFO o.a.j.t.JMeterThread: Thread finished: Thread-Gruppe 1-28
2025-03-01 18:39:35,565 INFO o.a.j.t.JMeterThread: Thread finished: Thread-Gruppe 1-72
2025-03-01 18:39:35,577 INFO o.a.j.t.JMeterThread: Thread finished: Thread-Gruppe 1-12
2025-03-01 18:39:35,590 INFO o.a.j.t.JMeterThread: Thread finished: Thread-Gruppe 2-15
2025-03-01 18:39:35,606 INFO o.a.j.t.JMeterThread: Thread finished: Thread-Gruppe 3-1
2025-03-01 18:39:35,632 INFO o.a.j.t.JMeterThread: Thread finished: Thread-Gruppe 2-6
2025-03-01 18:39:35,655 INFO o.a.j.t.JMeterThread: Thread finished: Thread-Gruppe 1-39
2025-03-01 18:39:35,656 INFO o.a.j.t.JMeterThread: Thread finished: Thread-Gruppe 2-1
2025-03-01 18:39:35,671 INFO o.a.j.t.JMeterThread: Thread finished: Thread-Gruppe 1-59
2025-03-01 18:39:35,685 INFO o.a.j.t.JMeterThread: Thread finished: Thread-Gruppe 1-73
2025-03-01 18:39:35,689 INFO o.a.j.t.JMeterThread: Thread finished: Thread-Gruppe 1-29
2025-03-01 18:39:35,690 INFO o.a.j.t.JMeterThread: Thread finished: Thread-Gruppe 1-13
2025-03-01 18:39:35,703 INFO o.a.j.t.JMeterThread: Thread finished: Thread-Gruppe 2-14
2025-03-01 18:39:35,727 INFO o.a.j.t.JMeterThread: Thread finished: Thread-Gruppe 2-9
2025-03-01 18:39:35,751 INFO o.a.j.t.JMeterThread: Thread finished: Thread-Gruppe 2-13
2025-03-01 18:39:35,753 INFO o.a.j.t.JMeterThread: Thread finished: Thread-Gruppe 3-4
2025-03-01 18:39:35,792 INFO o.a.j.t.JMeterThread: Thread finished: Thread-Gruppe 2-7
2025-03-01 18:39:35,796 INFO o.a.j.t.JMeterThread: Stopping because end time detected by thread: Thread-Gruppe 1-40
2025-03-01 18:39:35,796 INFO o.a.j.t.JMeterThread: Thread finished: Thread-Gruppe 1-40
2025-03-01 18:39:35,842 INFO o.a.j.t.JMeterThread: Stopping because end time detected by thread: Thread-Gruppe 1-60
2025-03-01 18:39:35,842 INFO o.a.j.t.JMeterThread: Thread finished: Thread-Gruppe 1-60
2025-03-01 18:39:35,842 INFO o.a.j.t.JMeterThread: Stopping because end time detected by thread: Thread-Gruppe 1-14
2025-03-01 18:39:35,842 INFO o.a.j.t.JMeterThread: Stopping because end time detected by thread: Thread-Gruppe 1-30
2025-03-01 18:39:35,848 INFO o.a.j.t.JMeterThread: Thread finished: Thread-Gruppe 1-14
2025-03-01 18:39:35,848 INFO o.a.j.t.JMeterThread: Stopping because end time detected by thread: Thread-Gruppe 1-74
2025-03-01 18:39:35,848 INFO o.a.j.t.JMeterThread: Thread finished: Thread-Gruppe 1-74
2025-03-01 18:39:35,842 INFO o.a.j.t.JMeterThread: Stopping because end time detected by thread: Thread-Gruppe 2-19
2025-03-01 18:39:35,848 INFO o.a.j.t.JMeterThread: Thread finished: Thread-Gruppe 2-19
2025-03-01 18:39:35,848 INFO o.a.j.t.JMeterThread: Thread finished: Thread-Gruppe 1-30
2025-03-01 18:39:35,848 INFO o.a.j.t.JMeterThread: Stopping because end time detected by thread: Thread-Gruppe 1-41
2025-03-01 18:39:35,848 INFO o.a.j.t.JMeterThread: Thread finished: Thread-Gruppe 1-41
2025-03-01 18:39:35,895 INFO o.a.j.t.JMeterThread: Stopping because end time detected by thread: Thread-Gruppe 2-17
2025-03-01 18:39:35,895 INFO o.a.j.t.JMeterThread: Thread finished: Thread-Gruppe 2-17
2025-03-01 18:39:35,911 INFO o.a.j.t.JMeterThread: Stopping because end time detected by thread: Thread-Gruppe 2-12
2025-03-01 18:39:35,911 INFO o.a.j.t.JMeterThread: Thread finished: Thread-Gruppe 2-12
2025-03-01 18:39:35,927 INFO o.a.j.t.JMeterThread: Stopping because end time detected by thread: Thread-Gruppe 1-42
2025-03-01 18:39:35,927 INFO o.a.j.t.JMeterThread: Thread finished: Thread-Gruppe 1-42
2025-03-01 18:39:35,943 INFO o.a.j.t.JMeterThread: Stopping because end time detected by thread: Thread-Gruppe 1-31
2025-03-01 18:39:35,943 INFO o.a.j.t.JMeterThread: Thread finished: Thread-Gruppe 1-31
2025-03-01 18:39:35,943 INFO o.a.j.t.JMeterThread: Stopping because end time detected by thread: Thread-Gruppe 1-75
2025-03-01 18:39:35,944 INFO o.a.j.t.JMeterThread: Thread finished: Thread-Gruppe 1-75
2025-03-01 18:39:35,944 INFO o.a.j.t.JMeterThread: Stopping because end time detected by thread: Thread-Gruppe 1-61
2025-03-01 18:39:35,944 INFO o.a.j.t.JMeterThread: Thread finished: Thread-Gruppe 1-61
2025-03-01 18:39:35,944 INFO o.a.j.t.JMeterThread: Stopping because end time detected by thread: Thread-Gruppe 1-15
2025-03-01 18:39:35,944 INFO o.a.j.t.JMeterThread: Thread finished: Thread-Gruppe 1-15
2025-03-01 18:39:35,993 INFO o.a.j.t.JMeterThread: Stopping because end time detected by thread: Thread-Gruppe 2-2
2025-03-01 18:39:35,993 INFO o.a.j.t.JMeterThread: Thread finished: Thread-Gruppe 2-2
2025-03-01 18:39:36,008 INFO o.a.j.t.JMeterThread: Stopping because end time detected by thread: Thread-Gruppe 2-3
2025-03-01 18:39:36,008 INFO o.a.j.t.JMeterThread: Thread finished: Thread-Gruppe 2-3
2025-03-01 18:39:36,008 INFO o.a.j.t.JMeterThread: Stopping because end time detected by thread: Thread-Gruppe 2-10
2025-03-01 18:39:36,008 INFO o.a.j.t.JMeterThread: Thread finished: Thread-Gruppe 2-10
2025-03-01 18:39:36,024 INFO o.a.j.t.JMeterThread: Stopping because end time detected by thread: Thread-Gruppe 2-16
2025-03-01 18:39:36,024 INFO o.a.j.t.JMeterThread: Thread finished: Thread-Gruppe 2-16
2025-03-01 18:39:36,056 INFO o.a.j.t.JMeterThread: Stopping because end time detected by thread: Thread-Gruppe 2-8
2025-03-01 18:39:36,056 INFO o.a.j.t.JMeterThread: Thread finished: Thread-Gruppe 2-8
2025-03-01 18:39:36,088 INFO o.a.j.t.JMeterThread: Stopping because end time detected by thread: Thread-Gruppe 1-43
2025-03-01 18:39:36,088 INFO o.a.j.t.JMeterThread: Thread finished: Thread-Gruppe 1-43
2025-03-01 18:39:36,088 INFO o.a.j.t.JMeterThread: Stopping because end time detected by thread: Thread-Gruppe 1-16
2025-03-01 18:39:36,088 INFO o.a.j.t.JMeterThread: Thread finished: Thread-Gruppe 1-16
2025-03-01 18:39:36,088 INFO o.a.j.t.JMeterThread: Stopping because end time detected by thread: Thread-Gruppe 3-5
2025-03-01 18:39:36,088 INFO o.a.j.t.JMeterThread: Thread finished: Thread-Gruppe 3-5
2025-03-01 18:39:36,088 INFO o.a.j.t.JMeterThread: Stopping because end time detected by thread: Thread-Gruppe 3-2
2025-03-01 18:39:36,088 INFO o.a.j.t.JMeterThread: Thread finished: Thread-Gruppe 3-2
2025-03-01 18:39:36,088 INFO o.a.j.t.JMeterThread: Stopping because end time detected by thread: Thread-Gruppe 2-11
2025-03-01 18:39:36,088 INFO o.a.j.t.JMeterThread: Thread finished: Thread-Gruppe 2-11
2025-03-01 18:39:36,150 INFO o.a.j.t.JMeterThread: Stopping because end time detected by thread: Thread-Gruppe 3-3
2025-03-01 18:39:36,150 INFO o.a.j.t.JMeterThread: Thread finished: Thread-Gruppe 3-3
2025-03-01 18:39:36,246 INFO o.a.j.t.JMeterThread: Stopping because end time detected by thread: Thread-Gruppe 1-44
2025-03-01 18:39:36,246 INFO o.a.j.t.JMeterThread: Thread finished: Thread-Gruppe 1-44
2025-03-01 18:39:36,393 INFO o.a.j.t.JMeterThread: Stopping because end time detected by thread: Thread-Gruppe 1-45
2025-03-01 18:39:36,393 INFO o.a.j.t.JMeterThread: Thread finished: Thread-Gruppe 1-45
2025-03-01 18:39:36,501 INFO o.a.j.t.JMeterThread: Stopping because end time detected by thread: Thread-Gruppe 1-46
2025-03-01 18:39:36,501 INFO o.a.j.t.JMeterThread: Thread finished: Thread-Gruppe 1-46
2025-03-01 18:39:36,501 INFO o.a.j.e.StandardJMeterEngine: Notifying test listeners of end of test
2025-03-01 18:39:36,501 INFO o.a.j.r.Summariser: summary +    464 in 00:00:06 =   71.9/s Avg:   407 Min:   242 Max:   899 Err:     0 (0.00%) Active: 0 Started: 100 Finished: 100
2025-03-01 18:39:36,501 INFO o.a.j.r.Summariser: summary =  45329 in 00:11:01 =   68.5/s Avg:   401 Min:   241 Max:  2046 Err:     1 (0.00%)
