2025-03-01 18:39:39,272 INFO o.a.j.u.JMeterUtils: Setting Locale to en_EN
2025-03-01 18:39:39,310 INFO o.a.j.JMeter: Loading user properties from: C:\Users\ASUS\Desktop\apache-jmeter-5.6.3\apache-jmeter-5.6.3\bin\user.properties
2025-03-01 18:39:39,313 INFO o.a.j.JMeter: Loading system properties from: C:\Users\ASUS\Desktop\apache-jmeter-5.6.3\apache-jmeter-5.6.3\bin\system.properties
2025-03-01 18:39:39,313 INFO o.a.j.JMeter: Setting JMeter property: lb_1_hostname=104.155.182.254
2025-03-01 18:39:39,313 INFO o.a.j.JMeter: Setting JMeter property: lb_2_hostname=35.246.73.6
2025-03-01 18:39:39,313 INFO o.a.j.JMeter: Setting JMeter property: lb_1_port=8090
2025-03-01 18:39:39,313 INFO o.a.j.JMeter: Setting JMeter property: lb_2_port=8091
2025-03-01 18:39:39,313 INFO o.a.j.JMeter: Setting JMeter property: warm_up_users=20
2025-03-01 18:39:39,313 INFO o.a.j.JMeter: Setting JMeter property: warm_up_time=60
2025-03-01 18:39:39,313 INFO o.a.j.JMeter: Setting JMeter property: test_run_time=600
2025-03-01 18:39:39,313 INFO o.a.j.JMeter: Setting JMeter property: ramp_up=10
2025-03-01 18:39:39,313 INFO o.a.j.JMeter: Setting JMeter property: group_1=75
2025-03-01 18:39:39,313 INFO o.a.j.JMeter: Setting JMeter property: group_2=20
2025-03-01 18:39:39,313 INFO o.a.j.JMeter: Setting JMeter property: group_3=5
2025-03-01 18:39:39,313 INFO o.a.j.JMeter: Setting JMeter property: group_1_request_rate=30
2025-03-01 18:39:39,313 INFO o.a.j.JMeter: Setting JMeter property: group_2_request_rate=90
2025-03-01 18:39:39,313 INFO o.a.j.JMeter: Setting JMeter property: group_3_request_rate=120
2025-03-01 18:39:39,313 INFO o.a.j.JMeter: Setting JMeter property: log_file=c:\\Users\\ASUS\\Desktop\\Repos\\rate-limiter-nginx\\jmeter\\cloud\\2025_03_01_18_17_logs\\fixed_window_counter\\redis_async_rate_limit_100_window_size_60_batch_percent_0.5\\warm_up_results.csv
2025-03-01 18:39:39,313 INFO o.a.j.JMeter: Setting JMeter property: algorithm=fixed_window_counter_redis_async_rate_limit_100_window_size_60_batch_percent_0.5
2025-03-01 18:39:39,313 INFO o.a.j.JMeter: Setting JMeter property: auth=/fixed_window_counter/redis_async_rate_limit_100_window_size_60_batch_percent_0.5/tools.descartes.teastore.auth/rest
2025-03-01 18:39:39,313 INFO o.a.j.JMeter: Setting JMeter property: persistence=/fixed_window_counter/redis_async_rate_limit_100_window_size_60_batch_percent_0.5/tools.descartes.teastore.persistence/rest
2025-03-01 18:39:39,313 INFO o.a.j.JMeter: Setting JMeter property: recommender=/fixed_window_counter/redis_async_rate_limit_100_window_size_60_batch_percent_0.5/tools.descartes.teastore.recommender/rest
2025-03-01 18:39:39,313 INFO o.a.j.JMeter: Setting JMeter property: image=/fixed_window_counter/redis_async_rate_limit_100_window_size_60_batch_percent_0.5/tools.descartes.teastore.image/rest
2025-03-01 18:39:39,327 INFO o.a.j.JMeter: Copyright (c) 1998-2024 The Apache Software Foundation
2025-03-01 18:39:39,327 INFO o.a.j.JMeter: Version 5.6.3
2025-03-01 18:39:39,327 INFO o.a.j.JMeter: java.version=17.0.9
2025-03-01 18:39:39,327 INFO o.a.j.JMeter: java.vm.name=Java HotSpot(TM) 64-Bit Server VM
2025-03-01 18:39:39,327 INFO o.a.j.JMeter: os.name=Windows 11
2025-03-01 18:39:39,327 INFO o.a.j.JMeter: os.arch=amd64
2025-03-01 18:39:39,327 INFO o.a.j.JMeter: os.version=10.0
2025-03-01 18:39:39,327 INFO o.a.j.JMeter: file.encoding=Cp1252
2025-03-01 18:39:39,327 INFO o.a.j.JMeter: java.awt.headless=true
2025-03-01 18:39:39,327 INFO o.a.j.JMeter: Max memory     =1073741824
2025-03-01 18:39:39,327 INFO o.a.j.JMeter: Available Processors =12
2025-03-01 18:39:39,339 INFO o.a.j.JMeter: Default Locale=English (EN)
2025-03-01 18:39:39,341 INFO o.a.j.JMeter: JMeter  Locale=English (EN)
2025-03-01 18:39:39,341 INFO o.a.j.JMeter: JMeterHome=C:\Users\ASUS\Desktop\apache-jmeter-5.6.3\apache-jmeter-5.6.3
2025-03-01 18:39:39,341 INFO o.a.j.JMeter: user.dir  =C:\Users\ASUS\Desktop\Repos\rate-limiter-nginx
2025-03-01 18:39:39,341 INFO o.a.j.JMeter: PWD       =C:\Users\ASUS\Desktop\Repos\rate-limiter-nginx
2025-03-01 18:39:39,350 INFO o.a.j.JMeter: IP: 192.168.1.45 Name: THIVA FullName: THIVA
2025-03-01 18:39:39,375 INFO o.a.j.s.FileServer: Default base='C:\Users\ASUS\Desktop\Repos\rate-limiter-nginx'
2025-03-01 18:39:39,383 INFO o.a.j.s.FileServer: Set new base='c:\Users\ASUS\Desktop\Repos\rate-limiter-nginx\jmeter\cloud'
2025-03-01 18:39:39,592 INFO o.a.j.s.SaveService: Testplan (JMX) version: 2.2. Testlog (JTL) version: 2.2
2025-03-01 18:39:39,626 INFO o.a.j.s.SaveService: Using SaveService properties version 5.0
2025-03-01 18:39:39,626 INFO o.a.j.s.SaveService: Using SaveService properties file encoding UTF-8
2025-03-01 18:39:39,626 INFO o.a.j.s.SaveService: Loading file: c:\Users\ASUS\Desktop\Repos\rate-limiter-nginx\jmeter\cloud\teastore_performance.jmx
2025-03-01 18:39:39,671 INFO o.a.j.p.h.c.CookieManager: Settings: Delete null: true Check: true Allow variable: true Save: false Prefix: COOKIE_
2025-03-01 18:39:39,688 INFO o.a.j.p.h.s.HTTPSamplerBase: Parser for text/html is org.apache.jmeter.protocol.http.parser.LagartoBasedHtmlParser
2025-03-01 18:39:39,688 INFO o.a.j.p.h.s.HTTPSamplerBase: Parser for application/xhtml+xml is org.apache.jmeter.protocol.http.parser.LagartoBasedHtmlParser
2025-03-01 18:39:39,688 INFO o.a.j.p.h.s.HTTPSamplerBase: Parser for application/xml is org.apache.jmeter.protocol.http.parser.LagartoBasedHtmlParser
2025-03-01 18:39:39,688 INFO o.a.j.p.h.s.HTTPSamplerBase: Parser for text/xml is org.apache.jmeter.protocol.http.parser.LagartoBasedHtmlParser
2025-03-01 18:39:39,688 INFO o.a.j.p.h.s.HTTPSamplerBase: Parser for text/vnd.wap.wml is org.apache.jmeter.protocol.http.parser.RegexpHTMLParser
2025-03-01 18:39:39,688 INFO o.a.j.p.h.s.HTTPSamplerBase: Parser for text/css is org.apache.jmeter.protocol.http.parser.CssParser
2025-03-01 18:39:39,826 INFO o.a.j.s.SampleResult: Note: Sample TimeStamps are START times
2025-03-01 18:39:39,826 INFO o.a.j.s.SampleResult: sampleresult.default.encoding is set to UTF-8
2025-03-01 18:39:39,827 INFO o.a.j.s.SampleResult: sampleresult.useNanoTime=true
2025-03-01 18:39:39,827 INFO o.a.j.s.SampleResult: sampleresult.nanoThreadSleep=5000
2025-03-01 18:39:39,854 INFO o.a.j.JMeter: Creating summariser <summary>
2025-03-01 18:39:39,886 INFO o.a.j.e.StandardJMeterEngine: Running the test!
2025-03-01 18:39:39,887 INFO o.a.j.s.SampleEvent: List of sample_variables: []
2025-03-01 18:39:39,887 INFO o.a.j.s.SampleEvent: List of sample_variables: []
2025-03-01 18:39:39,898 INFO o.a.j.e.u.CompoundVariable: Note: Function class names must contain the string: '.functions.'
2025-03-01 18:39:39,898 INFO o.a.j.e.u.CompoundVariable: Note: Function class names must not contain the string: '.gui.'
2025-03-01 18:39:39,970 INFO o.a.j.r.ClassFinder: Will scan jar C:\Users\ASUS\Desktop\apache-jmeter-5.6.3\apache-jmeter-5.6.3\lib\ext\jmeter-plugins-casutg-2.10.jar with filter ExtendsClassFilter [parents=[interface org.apache.jmeter.functions.Function], inner=false, contains=null, notContains=null]. Consider exposing JMeter plugins via META-INF/services, and add JMeter-Skip-Class-Scanning=true manifest attribute so JMeter can skip classfile scanning
2025-03-01 18:39:39,970 INFO o.a.j.r.ClassFinder: Will scan jar C:\Users\ASUS\Desktop\apache-jmeter-5.6.3\apache-jmeter-5.6.3\lib\ext\jmeter-plugins-graphs-vs-2.0.jar with filter ExtendsClassFilter [parents=[interface org.apache.jmeter.functions.Function], inner=false, contains=null, notContains=null]. Consider exposing JMeter plugins via META-INF/services, and add JMeter-Skip-Class-Scanning=true manifest attribute so JMeter can skip classfile scanning
2025-03-01 18:39:39,970 INFO o.a.j.r.ClassFinder: Will scan jar C:\Users\ASUS\Desktop\apache-jmeter-5.6.3\apache-jmeter-5.6.3\lib\ext\jmeter-plugins-manager-1.9.jar with filter ExtendsClassFilter [parents=[interface org.apache.jmeter.functions.Function], inner=false, contains=null, notContains=null]. Consider exposing JMeter plugins via META-INF/services, and add JMeter-Skip-Class-Scanning=true manifest attribute so JMeter can skip classfile scanning
2025-03-01 18:39:40,038 INFO o.a.j.r.ClassFinder: Will scan jar C:\Users\ASUS\Desktop\apache-jmeter-5.6.3\apache-jmeter-5.6.3\lib\ext\jmeter-plugins-graphs-basic-2.0.jar with filter ExtendsClassFilter [parents=[interface org.apache.jmeter.functions.Function], inner=false, contains=null, notContains=null]. Consider exposing JMeter plugins via META-INF/services, and add JMeter-Skip-Class-Scanning=true manifest attribute so JMeter can skip classfile scanning
2025-03-01 18:39:40,056 INFO o.a.j.r.ClassFinder: Will scan jar C:\Users\ASUS\Desktop\apache-jmeter-5.6.3\apache-jmeter-5.6.3\lib\ext\jmeter-plugins-manager-0.20.jar with filter ExtendsClassFilter [parents=[interface org.apache.jmeter.functions.Function], inner=false, contains=null, notContains=null]. Consider exposing JMeter plugins via META-INF/services, and add JMeter-Skip-Class-Scanning=true manifest attribute so JMeter can skip classfile scanning
2025-03-01 18:39:40,063 INFO o.a.j.r.ClassFinder: Will scan jar C:\Users\ASUS\Desktop\apache-jmeter-5.6.3\apache-jmeter-5.6.3\lib\ext\jmeter-plugins-tst-2.6.jar with filter ExtendsClassFilter [parents=[interface org.apache.jmeter.functions.Function], inner=false, contains=null, notContains=null]. Consider exposing JMeter plugins via META-INF/services, and add JMeter-Skip-Class-Scanning=true manifest attribute so JMeter can skip classfile scanning
2025-03-01 18:39:40,075 INFO o.a.j.r.ClassFinder: Will scan jar C:\Users\ASUS\Desktop\apache-jmeter-5.6.3\apache-jmeter-5.6.3\lib\ext\jmeter-parallel-0.12.jar with filter ExtendsClassFilter [parents=[interface org.apache.jmeter.functions.Function], inner=false, contains=null, notContains=null]. Consider exposing JMeter plugins via META-INF/services, and add JMeter-Skip-Class-Scanning=true manifest attribute so JMeter can skip classfile scanning
2025-03-01 18:39:40,406 INFO o.a.j.JMeter: Running test (1740834580406)
2025-03-01 18:39:40,406 INFO o.a.j.e.StandardJMeterEngine: Starting setUp thread groups
2025-03-01 18:39:40,406 INFO o.a.j.e.StandardJMeterEngine: Starting setUp ThreadGroup: 1 : setUp Thread Group 
2025-03-01 18:39:40,406 INFO o.a.j.e.StandardJMeterEngine: Starting 20 threads for group setUp Thread Group.
2025-03-01 18:39:40,406 INFO o.a.j.e.StandardJMeterEngine: Thread will continue on error
2025-03-01 18:39:40,406 INFO o.a.j.t.ThreadGroup: Starting thread group... number=1 threads=20 ramp-up=10 delayedStart=false
2025-03-01 18:39:40,425 INFO o.a.j.t.JMeterThread: Thread started: setUp Thread Group 1-1
2025-03-01 18:39:40,452 INFO o.a.j.t.ThreadGroup: Started thread group number 1
2025-03-01 18:39:40,452 INFO o.a.j.e.StandardJMeterEngine: Waiting for all setup thread groups to exit
2025-03-01 18:39:40,933 INFO o.a.j.t.JMeterThread: Thread started: setUp Thread Group 1-2
2025-03-01 18:39:41,278 INFO o.a.j.p.h.s.HTTPHCAbstractImpl: Local host = THIVA
2025-03-01 18:39:41,283 INFO o.a.j.p.h.s.HTTPHC4Impl: HTTP request retry count = 0
2025-03-01 18:39:41,441 INFO o.a.j.t.JMeterThread: Thread started: setUp Thread Group 1-3
2025-03-01 18:39:41,909 INFO o.a.j.t.JMeterThread: Thread started: setUp Thread Group 1-4
2025-03-01 18:39:42,407 INFO o.a.j.t.JMeterThread: Thread started: setUp Thread Group 1-5
2025-03-01 18:39:42,907 INFO o.a.j.t.JMeterThread: Thread started: setUp Thread Group 1-6
2025-03-01 18:39:43,406 INFO o.a.j.t.JMeterThread: Thread started: setUp Thread Group 1-7
2025-03-01 18:39:43,918 INFO o.a.j.t.JMeterThread: Thread started: setUp Thread Group 1-8
2025-03-01 18:39:44,417 INFO o.a.j.t.JMeterThread: Thread started: setUp Thread Group 1-9
2025-03-01 18:39:44,907 INFO o.a.j.t.JMeterThread: Thread started: setUp Thread Group 1-10
2025-03-01 18:39:45,406 INFO o.a.j.t.JMeterThread: Thread started: setUp Thread Group 1-11
2025-03-01 18:39:45,908 INFO o.a.j.t.JMeterThread: Thread started: setUp Thread Group 1-12
2025-03-01 18:39:46,406 INFO o.a.j.t.JMeterThread: Thread started: setUp Thread Group 1-13
2025-03-01 18:39:46,907 INFO o.a.j.t.JMeterThread: Thread started: setUp Thread Group 1-14
2025-03-01 18:39:47,418 INFO o.a.j.t.JMeterThread: Thread started: setUp Thread Group 1-15
2025-03-01 18:39:47,919 INFO o.a.j.t.JMeterThread: Thread started: setUp Thread Group 1-16
2025-03-01 18:39:48,419 INFO o.a.j.t.JMeterThread: Thread started: setUp Thread Group 1-17
2025-03-01 18:39:48,906 INFO o.a.j.t.JMeterThread: Thread started: setUp Thread Group 1-18
2025-03-01 18:39:49,411 INFO o.a.j.t.JMeterThread: Thread started: setUp Thread Group 1-19
2025-03-01 18:39:49,912 INFO o.a.j.t.JMeterThread: Thread started: setUp Thread Group 1-20
2025-03-01 18:40:40,215 INFO o.a.j.t.JMeterThread: Thread finished: setUp Thread Group 1-14
2025-03-01 18:40:40,253 INFO o.a.j.t.JMeterThread: Thread finished: setUp Thread Group 1-10
2025-03-01 18:40:40,255 INFO o.a.j.t.JMeterThread: Thread finished: setUp Thread Group 1-16
2025-03-01 18:40:40,294 INFO o.a.j.t.JMeterThread: Thread finished: setUp Thread Group 1-13
2025-03-01 18:40:40,324 INFO o.a.j.t.JMeterThread: Thread finished: setUp Thread Group 1-2
2025-03-01 18:40:40,358 INFO o.a.j.t.JMeterThread: Thread finished: setUp Thread Group 1-5
2025-03-01 18:40:40,462 INFO o.a.j.t.JMeterThread: Stopping because end time detected by thread: setUp Thread Group 1-20
2025-03-01 18:40:40,462 INFO o.a.j.t.JMeterThread: Thread finished: setUp Thread Group 1-20
2025-03-01 18:40:40,462 INFO o.a.j.t.JMeterThread: Stopping because end time detected by thread: setUp Thread Group 1-15
2025-03-01 18:40:40,462 INFO o.a.j.t.JMeterThread: Thread finished: setUp Thread Group 1-15
2025-03-01 18:40:40,462 INFO o.a.j.t.JMeterThread: Stopping because end time detected by thread: setUp Thread Group 1-1
2025-03-01 18:40:40,462 INFO o.a.j.t.JMeterThread: Thread finished: setUp Thread Group 1-1
2025-03-01 18:40:40,478 INFO o.a.j.t.JMeterThread: Stopping because end time detected by thread: setUp Thread Group 1-9
2025-03-01 18:40:40,478 INFO o.a.j.t.JMeterThread: Thread finished: setUp Thread Group 1-9
2025-03-01 18:40:40,494 INFO o.a.j.t.JMeterThread: Stopping because end time detected by thread: setUp Thread Group 1-7
2025-03-01 18:40:40,494 INFO o.a.j.t.JMeterThread: Thread finished: setUp Thread Group 1-7
2025-03-01 18:40:40,510 INFO o.a.j.t.JMeterThread: Stopping because end time detected by thread: setUp Thread Group 1-3
2025-03-01 18:40:40,510 INFO o.a.j.t.JMeterThread: Thread finished: setUp Thread Group 1-3
2025-03-01 18:40:40,525 INFO o.a.j.t.JMeterThread: Stopping because end time detected by thread: setUp Thread Group 1-18
2025-03-01 18:40:40,525 INFO o.a.j.t.JMeterThread: Thread finished: setUp Thread Group 1-18
2025-03-01 18:40:40,557 INFO o.a.j.t.JMeterThread: Stopping because end time detected by thread: setUp Thread Group 1-19
2025-03-01 18:40:40,557 INFO o.a.j.t.JMeterThread: Thread finished: setUp Thread Group 1-19
2025-03-01 18:40:40,557 INFO o.a.j.t.JMeterThread: Stopping because end time detected by thread: setUp Thread Group 1-4
2025-03-01 18:40:40,557 INFO o.a.j.t.JMeterThread: Thread finished: setUp Thread Group 1-4
2025-03-01 18:40:40,557 INFO o.a.j.t.JMeterThread: Stopping because end time detected by thread: setUp Thread Group 1-6
2025-03-01 18:40:40,557 INFO o.a.j.t.JMeterThread: Thread finished: setUp Thread Group 1-6
2025-03-01 18:40:40,636 INFO o.a.j.t.JMeterThread: Stopping because end time detected by thread: setUp Thread Group 1-17
2025-03-01 18:40:40,636 INFO o.a.j.t.JMeterThread: Thread finished: setUp Thread Group 1-17
2025-03-01 18:40:40,667 INFO o.a.j.t.JMeterThread: Stopping because end time detected by thread: setUp Thread Group 1-12
2025-03-01 18:40:40,667 INFO o.a.j.t.JMeterThread: Thread finished: setUp Thread Group 1-12
2025-03-01 18:40:40,912 INFO o.a.j.t.JMeterThread: Stopping because end time detected by thread: setUp Thread Group 1-8
2025-03-01 18:40:40,912 INFO o.a.j.t.JMeterThread: Thread finished: setUp Thread Group 1-8
2025-03-01 18:40:40,971 INFO o.a.j.t.JMeterThread: Stopping because end time detected by thread: setUp Thread Group 1-11
2025-03-01 18:40:40,971 INFO o.a.j.t.JMeterThread: Thread finished: setUp Thread Group 1-11
2025-03-01 18:40:40,971 INFO o.a.j.e.StandardJMeterEngine: All Setup Threads have ended
2025-03-01 18:40:41,007 INFO o.a.j.e.StandardJMeterEngine: Starting ThreadGroup: 1 : Thread-Gruppe
2025-03-01 18:40:41,007 INFO o.a.j.e.StandardJMeterEngine: Starting 75 threads for group Thread-Gruppe.
2025-03-01 18:40:41,007 INFO o.a.j.e.StandardJMeterEngine: Thread will continue on error
2025-03-01 18:40:41,007 INFO o.a.j.t.ThreadGroup: Starting thread group... number=1 threads=75 ramp-up=10 delayedStart=false
2025-03-01 18:40:41,018 INFO o.a.j.t.JMeterThread: Thread started: Thread-Gruppe 1-1
2025-03-01 18:40:41,068 INFO o.a.j.t.ThreadGroup: Started thread group number 1
2025-03-01 18:40:41,068 INFO o.a.j.e.StandardJMeterEngine: Starting ThreadGroup: 2 : Thread-Gruppe
2025-03-01 18:40:41,068 INFO o.a.j.e.StandardJMeterEngine: Starting 20 threads for group Thread-Gruppe.
2025-03-01 18:40:41,068 INFO o.a.j.e.StandardJMeterEngine: Thread will continue on error
2025-03-01 18:40:41,068 INFO o.a.j.t.ThreadGroup: Starting thread group... number=2 threads=20 ramp-up=10 delayedStart=false
2025-03-01 18:40:41,070 INFO o.a.j.t.JMeterThread: Thread started: Thread-Gruppe 2-1
2025-03-01 18:40:41,080 INFO o.a.j.t.ThreadGroup: Started thread group number 2
2025-03-01 18:40:41,080 INFO o.a.j.e.StandardJMeterEngine: Starting ThreadGroup: 3 : Thread-Gruppe
2025-03-01 18:40:41,080 INFO o.a.j.e.StandardJMeterEngine: Starting 5 threads for group Thread-Gruppe.
2025-03-01 18:40:41,080 INFO o.a.j.e.StandardJMeterEngine: Thread will continue on error
2025-03-01 18:40:41,080 INFO o.a.j.t.ThreadGroup: Starting thread group... number=3 threads=5 ramp-up=10 delayedStart=false
2025-03-01 18:40:41,081 INFO o.a.j.t.JMeterThread: Thread started: Thread-Gruppe 3-1
2025-03-01 18:40:41,084 INFO o.a.j.t.ThreadGroup: Started thread group number 3
2025-03-01 18:40:41,084 INFO o.a.j.e.StandardJMeterEngine: All thread groups have been started
2025-03-01 18:40:41,143 INFO o.a.j.t.JMeterThread: Thread started: Thread-Gruppe 1-2
2025-03-01 18:40:41,275 INFO o.a.j.t.JMeterThread: Thread started: Thread-Gruppe 1-3
2025-03-01 18:40:41,410 INFO o.a.j.t.JMeterThread: Thread started: Thread-Gruppe 1-4
2025-03-01 18:40:41,542 INFO o.a.j.t.JMeterThread: Thread started: Thread-Gruppe 1-5
2025-03-01 18:40:41,570 INFO o.a.j.t.JMeterThread: Thread started: Thread-Gruppe 2-2
2025-03-01 18:40:41,676 INFO o.a.j.t.JMeterThread: Thread started: Thread-Gruppe 1-6
2025-03-01 18:40:41,807 INFO o.a.j.t.JMeterThread: Thread started: Thread-Gruppe 1-7
2025-03-01 18:40:41,941 INFO o.a.j.t.JMeterThread: Thread started: Thread-Gruppe 1-8
2025-03-01 18:40:42,072 INFO o.a.j.t.JMeterThread: Thread started: Thread-Gruppe 2-3
2025-03-01 18:40:42,073 INFO o.a.j.t.JMeterThread: Thread started: Thread-Gruppe 1-9
2025-03-01 18:40:42,209 INFO o.a.j.t.JMeterThread: Thread started: Thread-Gruppe 1-10
2025-03-01 18:40:42,339 INFO o.a.j.t.JMeterThread: Thread started: Thread-Gruppe 1-11
2025-03-01 18:40:42,472 INFO o.a.j.t.JMeterThread: Thread started: Thread-Gruppe 1-12
2025-03-01 18:40:42,570 INFO o.a.j.t.JMeterThread: Thread started: Thread-Gruppe 2-4
2025-03-01 18:40:42,606 INFO o.a.j.t.JMeterThread: Thread started: Thread-Gruppe 1-13
2025-03-01 18:40:42,737 INFO o.a.j.t.JMeterThread: Thread started: Thread-Gruppe 1-14
2025-03-01 18:40:42,870 INFO o.a.j.t.JMeterThread: Thread started: Thread-Gruppe 1-15
2025-03-01 18:40:43,005 INFO o.a.j.t.JMeterThread: Thread started: Thread-Gruppe 1-16
2025-03-01 18:40:43,070 INFO o.a.j.t.JMeterThread: Thread started: Thread-Gruppe 2-5
2025-03-01 18:40:43,081 INFO o.a.j.t.JMeterThread: Thread started: Thread-Gruppe 3-2
2025-03-01 18:40:43,137 INFO o.a.j.t.JMeterThread: Thread started: Thread-Gruppe 1-17
2025-03-01 18:40:43,270 INFO o.a.j.t.JMeterThread: Thread started: Thread-Gruppe 1-18
2025-03-01 18:40:43,404 INFO o.a.j.t.JMeterThread: Thread started: Thread-Gruppe 1-19
2025-03-01 18:40:43,537 INFO o.a.j.t.JMeterThread: Thread started: Thread-Gruppe 1-20
2025-03-01 18:40:43,570 INFO o.a.j.t.JMeterThread: Thread started: Thread-Gruppe 2-6
2025-03-01 18:40:43,670 INFO o.a.j.t.JMeterThread: Thread started: Thread-Gruppe 1-21
2025-03-01 18:40:43,803 INFO o.a.j.t.JMeterThread: Thread started: Thread-Gruppe 1-22
2025-03-01 18:40:43,935 INFO o.a.j.t.JMeterThread: Thread started: Thread-Gruppe 1-23
2025-03-01 18:40:44,069 INFO o.a.j.t.JMeterThread: Thread started: Thread-Gruppe 1-24
2025-03-01 18:40:44,071 INFO o.a.j.t.JMeterThread: Thread started: Thread-Gruppe 2-7
2025-03-01 18:40:44,202 INFO o.a.j.t.JMeterThread: Thread started: Thread-Gruppe 1-25
2025-03-01 18:40:44,335 INFO o.a.j.t.JMeterThread: Thread started: Thread-Gruppe 1-26
2025-03-01 18:40:44,468 INFO o.a.j.t.JMeterThread: Thread started: Thread-Gruppe 1-27
2025-03-01 18:40:44,569 INFO o.a.j.t.JMeterThread: Thread started: Thread-Gruppe 2-8
2025-03-01 18:40:44,601 INFO o.a.j.t.JMeterThread: Thread started: Thread-Gruppe 1-28
2025-03-01 18:40:44,733 INFO o.a.j.t.JMeterThread: Thread started: Thread-Gruppe 1-29
2025-03-01 18:40:44,867 INFO o.a.j.t.JMeterThread: Thread started: Thread-Gruppe 1-30
2025-03-01 18:40:45,000 INFO o.a.j.t.JMeterThread: Thread started: Thread-Gruppe 1-31
2025-03-01 18:40:45,070 INFO o.a.j.t.JMeterThread: Thread started: Thread-Gruppe 2-9
2025-03-01 18:40:45,083 INFO o.a.j.t.JMeterThread: Thread started: Thread-Gruppe 3-3
2025-03-01 18:40:45,131 INFO o.a.j.t.JMeterThread: Thread started: Thread-Gruppe 1-32
2025-03-01 18:40:45,266 INFO o.a.j.t.JMeterThread: Thread started: Thread-Gruppe 1-33
2025-03-01 18:40:45,397 INFO o.a.j.t.JMeterThread: Thread started: Thread-Gruppe 1-34
2025-03-01 18:40:45,532 INFO o.a.j.t.JMeterThread: Thread started: Thread-Gruppe 1-35
2025-03-01 18:40:45,571 INFO o.a.j.t.JMeterThread: Thread started: Thread-Gruppe 2-10
2025-03-01 18:40:45,664 INFO o.a.j.t.JMeterThread: Thread started: Thread-Gruppe 1-36
2025-03-01 18:40:45,798 INFO o.a.j.t.JMeterThread: Thread started: Thread-Gruppe 1-37
2025-03-01 18:40:45,931 INFO o.a.j.t.JMeterThread: Thread started: Thread-Gruppe 1-38
2025-03-01 18:40:46,062 INFO o.a.j.t.JMeterThread: Thread started: Thread-Gruppe 1-39
2025-03-01 18:40:46,069 INFO o.a.j.t.JMeterThread: Thread started: Thread-Gruppe 2-11
2025-03-01 18:40:46,197 INFO o.a.j.t.JMeterThread: Thread started: Thread-Gruppe 1-40
2025-03-01 18:40:46,330 INFO o.a.j.t.JMeterThread: Thread started: Thread-Gruppe 1-41
2025-03-01 18:40:46,462 INFO o.a.j.t.JMeterThread: Thread started: Thread-Gruppe 1-42
2025-03-01 18:40:46,571 INFO o.a.j.t.JMeterThread: Thread started: Thread-Gruppe 2-12
2025-03-01 18:40:46,595 INFO o.a.j.t.JMeterThread: Thread started: Thread-Gruppe 1-43
2025-03-01 18:40:46,729 INFO o.a.j.t.JMeterThread: Thread started: Thread-Gruppe 1-44
2025-03-01 18:40:46,861 INFO o.a.j.t.JMeterThread: Thread started: Thread-Gruppe 1-45
2025-03-01 18:40:46,995 INFO o.a.j.t.JMeterThread: Thread started: Thread-Gruppe 1-46
2025-03-01 18:40:47,070 INFO o.a.j.t.JMeterThread: Thread started: Thread-Gruppe 2-13
2025-03-01 18:40:47,082 INFO o.a.j.t.JMeterThread: Thread started: Thread-Gruppe 3-4
2025-03-01 18:40:47,127 INFO o.a.j.t.JMeterThread: Thread started: Thread-Gruppe 1-47
2025-03-01 18:40:47,260 INFO o.a.j.t.JMeterThread: Thread started: Thread-Gruppe 1-48
2025-03-01 18:40:47,393 INFO o.a.j.t.JMeterThread: Thread started: Thread-Gruppe 1-49
2025-03-01 18:40:47,527 INFO o.a.j.t.JMeterThread: Thread started: Thread-Gruppe 1-50
2025-03-01 18:40:47,571 INFO o.a.j.t.JMeterThread: Thread started: Thread-Gruppe 2-14
2025-03-01 18:40:47,659 INFO o.a.j.t.JMeterThread: Thread started: Thread-Gruppe 1-51
2025-03-01 18:40:47,791 INFO o.a.j.t.JMeterThread: Thread started: Thread-Gruppe 1-52
2025-03-01 18:40:47,925 INFO o.a.j.t.JMeterThread: Thread started: Thread-Gruppe 1-53
2025-03-01 18:40:48,058 INFO o.a.j.t.JMeterThread: Thread started: Thread-Gruppe 1-54
2025-03-01 18:40:48,070 INFO o.a.j.t.JMeterThread: Thread started: Thread-Gruppe 2-15
2025-03-01 18:40:48,190 INFO o.a.j.t.JMeterThread: Thread started: Thread-Gruppe 1-55
2025-03-01 18:40:48,324 INFO o.a.j.t.JMeterThread: Thread started: Thread-Gruppe 1-56
2025-03-01 18:40:48,456 INFO o.a.j.t.JMeterThread: Thread started: Thread-Gruppe 1-57
2025-03-01 18:40:48,570 INFO o.a.j.t.JMeterThread: Thread started: Thread-Gruppe 2-16
2025-03-01 18:40:48,591 INFO o.a.j.t.JMeterThread: Thread started: Thread-Gruppe 1-58
2025-03-01 18:40:48,722 INFO o.a.j.t.JMeterThread: Thread started: Thread-Gruppe 1-59
2025-03-01 18:40:48,856 INFO o.a.j.t.JMeterThread: Thread started: Thread-Gruppe 1-60
2025-03-01 18:40:48,990 INFO o.a.j.t.JMeterThread: Thread started: Thread-Gruppe 1-61
2025-03-01 18:40:49,070 INFO o.a.j.t.JMeterThread: Thread started: Thread-Gruppe 2-17
2025-03-01 18:40:49,083 INFO o.a.j.t.JMeterThread: Thread started: Thread-Gruppe 3-5
2025-03-01 18:40:49,122 INFO o.a.j.t.JMeterThread: Thread started: Thread-Gruppe 1-62
2025-03-01 18:40:49,257 INFO o.a.j.t.JMeterThread: Thread started: Thread-Gruppe 1-63
2025-03-01 18:40:49,389 INFO o.a.j.t.JMeterThread: Thread started: Thread-Gruppe 1-64
2025-03-01 18:40:49,521 INFO o.a.j.t.JMeterThread: Thread started: Thread-Gruppe 1-65
2025-03-01 18:40:49,571 INFO o.a.j.t.JMeterThread: Thread started: Thread-Gruppe 2-18
2025-03-01 18:40:49,655 INFO o.a.j.t.JMeterThread: Thread started: Thread-Gruppe 1-66
2025-03-01 18:40:49,788 INFO o.a.j.t.JMeterThread: Thread started: Thread-Gruppe 1-67
2025-03-01 18:40:49,921 INFO o.a.j.t.JMeterThread: Thread started: Thread-Gruppe 1-68
2025-03-01 18:40:50,052 INFO o.a.j.t.JMeterThread: Thread started: Thread-Gruppe 1-69
2025-03-01 18:40:50,071 INFO o.a.j.t.JMeterThread: Thread started: Thread-Gruppe 2-19
2025-03-01 18:40:50,185 INFO o.a.j.t.JMeterThread: Thread started: Thread-Gruppe 1-70
2025-03-01 18:40:50,320 INFO o.a.j.t.JMeterThread: Thread started: Thread-Gruppe 1-71
2025-03-01 18:40:50,452 INFO o.a.j.t.JMeterThread: Thread started: Thread-Gruppe 1-72
2025-03-01 18:40:50,570 INFO o.a.j.t.JMeterThread: Thread started: Thread-Gruppe 2-20
2025-03-01 18:40:50,584 INFO o.a.j.t.JMeterThread: Thread started: Thread-Gruppe 1-73
2025-03-01 18:40:50,719 INFO o.a.j.t.JMeterThread: Thread started: Thread-Gruppe 1-74
2025-03-01 18:40:50,851 INFO o.a.j.t.JMeterThread: Thread started: Thread-Gruppe 1-75
2025-03-01 18:41:00,040 INFO o.a.j.r.Summariser: summary +   1110 in 00:01:20 =   13.9/s Avg:   368 Min:   241 Max:   855 Err:     0 (0.00%) Active: 100 Started: 100 Finished: 0
2025-03-01 18:41:30,002 INFO o.a.j.r.Summariser: summary +   2295 in 00:00:30 =   76.6/s Avg:   345 Min:   241 Max:  1240 Err:     0 (0.00%) Active: 100 Started: 100 Finished: 0
2025-03-01 18:41:30,002 INFO o.a.j.r.Summariser: summary =   3405 in 00:01:50 =   31.1/s Avg:   353 Min:   241 Max:  1240 Err:     0 (0.00%)
2025-03-01 18:42:00,021 INFO o.a.j.r.Summariser: summary +   2290 in 00:00:30 =   76.3/s Avg:   368 Min:   241 Max:   947 Err:     0 (0.00%) Active: 100 Started: 100 Finished: 0
2025-03-01 18:42:00,021 INFO o.a.j.r.Summariser: summary =   5695 in 00:02:20 =   40.8/s Avg:   359 Min:   241 Max:  1240 Err:     0 (0.00%)
2025-03-01 18:42:30,002 INFO o.a.j.r.Summariser: summary +   2288 in 00:00:30 =   76.3/s Avg:   359 Min:   241 Max:  1612 Err:     0 (0.00%) Active: 100 Started: 100 Finished: 0
2025-03-01 18:42:30,003 INFO o.a.j.r.Summariser: summary =   7983 in 00:02:50 =   47.1/s Avg:   359 Min:   241 Max:  1612 Err:     0 (0.00%)
2025-03-01 18:43:00,015 INFO o.a.j.r.Summariser: summary +   2290 in 00:00:30 =   76.3/s Avg:   371 Min:   241 Max:  1090 Err:     0 (0.00%) Active: 100 Started: 100 Finished: 0
2025-03-01 18:43:00,015 INFO o.a.j.r.Summariser: summary =  10273 in 00:03:20 =   51.5/s Avg:   361 Min:   241 Max:  1612 Err:     0 (0.00%)
2025-03-01 18:43:30,030 INFO o.a.j.r.Summariser: summary +   2301 in 00:00:30 =   76.7/s Avg:   345 Min:   241 Max:  1085 Err:     0 (0.00%) Active: 100 Started: 100 Finished: 0
2025-03-01 18:43:30,032 INFO o.a.j.r.Summariser: summary =  12574 in 00:03:50 =   54.8/s Avg:   358 Min:   241 Max:  1612 Err:     0 (0.00%)
2025-03-01 18:44:00,010 INFO o.a.j.r.Summariser: summary +   2281 in 00:00:30 =   76.1/s Avg:   370 Min:   241 Max:  1021 Err:     0 (0.00%) Active: 100 Started: 100 Finished: 0
2025-03-01 18:44:00,011 INFO o.a.j.r.Summariser: summary =  14855 in 00:04:20 =   57.2/s Avg:   360 Min:   241 Max:  1612 Err:     0 (0.00%)
2025-03-01 18:44:30,018 INFO o.a.j.r.Summariser: summary +   2302 in 00:00:30 =   76.7/s Avg:   349 Min:   234 Max:  1030 Err:     1 (0.04%) Active: 100 Started: 100 Finished: 0
2025-03-01 18:44:30,019 INFO o.a.j.r.Summariser: summary =  17157 in 00:04:50 =   59.2/s Avg:   359 Min:   234 Max:  1612 Err:     1 (0.01%)
2025-03-01 18:45:00,038 INFO o.a.j.r.Summariser: summary +   2284 in 00:00:30 =   76.1/s Avg:   362 Min:   241 Max:  1106 Err:     0 (0.00%) Active: 100 Started: 100 Finished: 0
2025-03-01 18:45:00,039 INFO o.a.j.r.Summariser: summary =  19441 in 00:05:20 =   60.8/s Avg:   359 Min:   234 Max:  1612 Err:     1 (0.01%)
2025-03-01 18:45:30,007 INFO o.a.j.r.Summariser: summary +   2288 in 00:00:30 =   76.3/s Avg:   357 Min:   243 Max:  1033 Err:     0 (0.00%) Active: 100 Started: 100 Finished: 0
2025-03-01 18:45:30,007 INFO o.a.j.r.Summariser: summary =  21729 in 00:05:50 =   62.2/s Avg:   359 Min:   234 Max:  1612 Err:     1 (0.00%)
2025-03-01 18:46:00,001 INFO o.a.j.r.Summariser: summary +   2293 in 00:00:30 =   76.4/s Avg:   368 Min:   242 Max:  1114 Err:     0 (0.00%) Active: 100 Started: 100 Finished: 0
2025-03-01 18:46:00,002 INFO o.a.j.r.Summariser: summary =  24022 in 00:06:20 =   63.3/s Avg:   360 Min:   234 Max:  1612 Err:     1 (0.00%)
2025-03-01 18:46:30,039 INFO o.a.j.r.Summariser: summary +   2299 in 00:00:30 =   76.5/s Avg:   349 Min:   241 Max:   925 Err:     0 (0.00%) Active: 100 Started: 100 Finished: 0
2025-03-01 18:46:30,040 INFO o.a.j.r.Summariser: summary =  26321 in 00:06:50 =   64.3/s Avg:   359 Min:   234 Max:  1612 Err:     1 (0.00%)
2025-03-01 18:47:00,031 INFO o.a.j.r.Summariser: summary +   2290 in 00:00:30 =   76.4/s Avg:   368 Min:   242 Max:  1138 Err:     0 (0.00%) Active: 100 Started: 100 Finished: 0
2025-03-01 18:47:00,032 INFO o.a.j.r.Summariser: summary =  28611 in 00:07:20 =   65.1/s Avg:   359 Min:   234 Max:  1612 Err:     1 (0.00%)
2025-03-01 18:47:30,046 INFO o.a.j.r.Summariser: summary +   2293 in 00:00:30 =   76.4/s Avg:   347 Min:   242 Max:   845 Err:     0 (0.00%) Active: 100 Started: 100 Finished: 0
2025-03-01 18:47:30,047 INFO o.a.j.r.Summariser: summary =  30904 in 00:07:50 =   65.8/s Avg:   359 Min:   234 Max:  1612 Err:     1 (0.00%)
2025-03-01 18:48:00,021 INFO o.a.j.r.Summariser: summary +   2289 in 00:00:30 =   76.4/s Avg:   361 Min:   242 Max:  1061 Err:     0 (0.00%) Active: 100 Started: 100 Finished: 0
2025-03-01 18:48:00,021 INFO o.a.j.r.Summariser: summary =  33193 in 00:08:20 =   66.4/s Avg:   359 Min:   234 Max:  1612 Err:     1 (0.00%)
2025-03-01 18:48:30,031 INFO o.a.j.r.Summariser: summary +   2297 in 00:00:30 =   76.5/s Avg:   355 Min:   241 Max:  1026 Err:     0 (0.00%) Active: 100 Started: 100 Finished: 0
2025-03-01 18:48:30,031 INFO o.a.j.r.Summariser: summary =  35490 in 00:08:50 =   67.0/s Avg:   359 Min:   234 Max:  1612 Err:     1 (0.00%)
2025-03-01 18:49:00,023 INFO o.a.j.r.Summariser: summary +   2290 in 00:00:30 =   76.4/s Avg:   351 Min:   241 Max:  1052 Err:     0 (0.00%) Active: 100 Started: 100 Finished: 0
2025-03-01 18:49:00,024 INFO o.a.j.r.Summariser: summary =  37780 in 00:09:20 =   67.5/s Avg:   358 Min:   234 Max:  1612 Err:     1 (0.00%)
2025-03-01 18:49:30,005 INFO o.a.j.r.Summariser: summary +   2299 in 00:00:30 =   76.7/s Avg:   364 Min:   242 Max:  1109 Err:     0 (0.00%) Active: 100 Started: 100 Finished: 0
2025-03-01 18:49:30,005 INFO o.a.j.r.Summariser: summary =  40079 in 00:09:50 =   68.0/s Avg:   358 Min:   234 Max:  1612 Err:     1 (0.00%)
2025-03-01 18:50:00,019 INFO o.a.j.r.Summariser: summary +   2293 in 00:00:30 =   76.4/s Avg:   342 Min:   228 Max:  1043 Err:     1 (0.04%) Active: 100 Started: 100 Finished: 0
2025-03-01 18:50:00,019 INFO o.a.j.r.Summariser: summary =  42372 in 00:10:20 =   68.4/s Avg:   358 Min:   228 Max:  1612 Err:     2 (0.00%)
2025-03-01 18:50:30,007 INFO o.a.j.r.Summariser: summary +   2301 in 00:00:30 =   76.7/s Avg:   365 Min:   241 Max:  1092 Err:     0 (0.00%) Active: 100 Started: 100 Finished: 0
2025-03-01 18:50:30,008 INFO o.a.j.r.Summariser: summary =  44673 in 00:10:50 =   68.8/s Avg:   358 Min:   228 Max:  1612 Err:     2 (0.00%)
2025-03-01 18:50:39,353 INFO o.a.j.t.JMeterThread: Thread finished: Thread-Gruppe 1-1
2025-03-01 18:50:39,391 INFO o.a.j.t.JMeterThread: Thread finished: Thread-Gruppe 1-47
2025-03-01 18:50:39,393 INFO o.a.j.t.JMeterThread: Thread finished: Thread-Gruppe 1-17
2025-03-01 18:50:39,408 INFO o.a.j.t.JMeterThread: Thread finished: Thread-Gruppe 1-62
2025-03-01 18:50:39,440 INFO o.a.j.t.JMeterThread: Thread finished: Thread-Gruppe 1-2
2025-03-01 18:50:39,525 INFO o.a.j.t.JMeterThread: Thread finished: Thread-Gruppe 1-18
2025-03-01 18:50:39,526 INFO o.a.j.t.JMeterThread: Thread finished: Thread-Gruppe 1-48
2025-03-01 18:50:39,548 INFO o.a.j.t.JMeterThread: Thread finished: Thread-Gruppe 1-63
2025-03-01 18:50:39,578 INFO o.a.j.t.JMeterThread: Thread finished: Thread-Gruppe 1-3
2025-03-01 18:50:39,652 INFO o.a.j.t.JMeterThread: Thread finished: Thread-Gruppe 1-49
2025-03-01 18:50:39,663 INFO o.a.j.t.JMeterThread: Thread finished: Thread-Gruppe 1-19
2025-03-01 18:50:39,716 INFO o.a.j.t.JMeterThread: Thread finished: Thread-Gruppe 1-64
2025-03-01 18:50:39,718 INFO o.a.j.t.JMeterThread: Thread finished: Thread-Gruppe 1-4
2025-03-01 18:50:39,778 INFO o.a.j.t.JMeterThread: Thread finished: Thread-Gruppe 1-50
2025-03-01 18:50:39,796 INFO o.a.j.t.JMeterThread: Thread finished: Thread-Gruppe 1-20
2025-03-01 18:50:39,832 INFO o.a.j.t.JMeterThread: Thread finished: Thread-Gruppe 1-65
2025-03-01 18:50:39,839 INFO o.a.j.t.JMeterThread: Thread finished: Thread-Gruppe 1-5
2025-03-01 18:50:39,862 INFO o.a.j.t.JMeterThread: Thread finished: Thread-Gruppe 1-32
2025-03-01 18:50:39,924 INFO o.a.j.t.JMeterThread: Thread finished: Thread-Gruppe 1-51
2025-03-01 18:50:39,924 INFO o.a.j.t.JMeterThread: Thread finished: Thread-Gruppe 1-21
2025-03-01 18:50:39,952 INFO o.a.j.t.JMeterThread: Thread finished: Thread-Gruppe 1-66
2025-03-01 18:50:39,968 INFO o.a.j.t.JMeterThread: Thread finished: Thread-Gruppe 1-6
2025-03-01 18:50:40,005 INFO o.a.j.t.JMeterThread: Thread finished: Thread-Gruppe 1-33
2025-03-01 18:50:40,053 INFO o.a.j.t.JMeterThread: Thread finished: Thread-Gruppe 1-52
2025-03-01 18:50:40,062 INFO o.a.j.t.JMeterThread: Thread finished: Thread-Gruppe 1-22
2025-03-01 18:50:40,100 INFO o.a.j.t.JMeterThread: Thread finished: Thread-Gruppe 1-67
2025-03-01 18:50:40,111 INFO o.a.j.t.JMeterThread: Thread finished: Thread-Gruppe 1-7
2025-03-01 18:50:40,154 INFO o.a.j.t.JMeterThread: Thread finished: Thread-Gruppe 1-34
2025-03-01 18:50:40,196 INFO o.a.j.t.JMeterThread: Thread finished: Thread-Gruppe 1-23
2025-03-01 18:50:40,201 INFO o.a.j.t.JMeterThread: Thread finished: Thread-Gruppe 1-53
2025-03-01 18:50:40,213 INFO o.a.j.t.JMeterThread: Thread finished: Thread-Gruppe 1-68
2025-03-01 18:50:40,222 INFO o.a.j.t.JMeterThread: Thread finished: Thread-Gruppe 1-35
2025-03-01 18:50:40,250 INFO o.a.j.t.JMeterThread: Thread finished: Thread-Gruppe 1-8
2025-03-01 18:50:40,326 INFO o.a.j.t.JMeterThread: Thread finished: Thread-Gruppe 1-24
2025-03-01 18:50:40,326 INFO o.a.j.t.JMeterThread: Thread finished: Thread-Gruppe 1-54
2025-03-01 18:50:40,350 INFO o.a.j.t.JMeterThread: Thread finished: Thread-Gruppe 1-69
2025-03-01 18:50:40,359 INFO o.a.j.t.JMeterThread: Thread finished: Thread-Gruppe 1-36
2025-03-01 18:50:40,369 INFO o.a.j.t.JMeterThread: Thread finished: Thread-Gruppe 1-9
2025-03-01 18:50:40,444 INFO o.a.j.t.JMeterThread: Thread finished: Thread-Gruppe 1-55
2025-03-01 18:50:40,450 INFO o.a.j.t.JMeterThread: Thread finished: Thread-Gruppe 1-25
2025-03-01 18:50:40,486 INFO o.a.j.t.JMeterThread: Thread finished: Thread-Gruppe 1-37
2025-03-01 18:50:40,486 INFO o.a.j.t.JMeterThread: Thread finished: Thread-Gruppe 1-70
2025-03-01 18:50:40,513 INFO o.a.j.t.JMeterThread: Thread finished: Thread-Gruppe 1-10
2025-03-01 18:50:40,576 INFO o.a.j.t.JMeterThread: Thread finished: Thread-Gruppe 1-56
2025-03-01 18:50:40,580 INFO o.a.j.t.JMeterThread: Thread finished: Thread-Gruppe 1-26
2025-03-01 18:50:40,613 INFO o.a.j.t.JMeterThread: Thread finished: Thread-Gruppe 1-38
2025-03-01 18:50:40,615 INFO o.a.j.t.JMeterThread: Thread finished: Thread-Gruppe 1-71
2025-03-01 18:50:40,644 INFO o.a.j.t.JMeterThread: Thread finished: Thread-Gruppe 1-11
2025-03-01 18:50:40,684 INFO o.a.j.t.JMeterThread: Thread finished: Thread-Gruppe 2-9
2025-03-01 18:50:40,692 INFO o.a.j.t.JMeterThread: Thread finished: Thread-Gruppe 2-17
2025-03-01 18:50:40,699 INFO o.a.j.t.JMeterThread: Thread finished: Thread-Gruppe 2-14
2025-03-01 18:50:40,716 INFO o.a.j.t.JMeterThread: Thread finished: Thread-Gruppe 1-57
2025-03-01 18:50:40,716 INFO o.a.j.t.JMeterThread: Thread finished: Thread-Gruppe 1-27
2025-03-01 18:50:40,745 INFO o.a.j.t.JMeterThread: Thread finished: Thread-Gruppe 1-72
2025-03-01 18:50:40,797 INFO o.a.j.t.JMeterThread: Thread finished: Thread-Gruppe 1-39
2025-03-01 18:50:40,798 INFO o.a.j.t.JMeterThread: Thread finished: Thread-Gruppe 1-12
2025-03-01 18:50:40,798 INFO o.a.j.t.JMeterThread: Thread finished: Thread-Gruppe 2-11
2025-03-01 18:50:40,828 INFO o.a.j.t.JMeterThread: Thread finished: Thread-Gruppe 2-1
2025-03-01 18:50:40,844 INFO o.a.j.t.JMeterThread: Thread finished: Thread-Gruppe 1-58
2025-03-01 18:50:40,860 INFO o.a.j.t.JMeterThread: Thread finished: Thread-Gruppe 1-28
2025-03-01 18:50:40,867 INFO o.a.j.t.JMeterThread: Thread finished: Thread-Gruppe 1-73
2025-03-01 18:50:40,893 INFO o.a.j.t.JMeterThread: Thread finished: Thread-Gruppe 2-12
2025-03-01 18:50:40,905 INFO o.a.j.t.JMeterThread: Thread finished: Thread-Gruppe 1-13
2025-03-01 18:50:40,959 INFO o.a.j.t.JMeterThread: Thread finished: Thread-Gruppe 1-40
2025-03-01 18:50:40,968 INFO o.a.j.t.JMeterThread: Thread finished: Thread-Gruppe 1-59
2025-03-01 18:50:40,985 INFO o.a.j.t.JMeterThread: Thread finished: Thread-Gruppe 2-8
2025-03-01 18:50:40,992 INFO o.a.j.t.JMeterThread: Thread finished: Thread-Gruppe 1-29
2025-03-01 18:50:40,997 INFO o.a.j.t.JMeterThread: Thread finished: Thread-Gruppe 2-2
2025-03-01 18:50:41,015 INFO o.a.j.t.JMeterThread: Thread finished: Thread-Gruppe 1-41
2025-03-01 18:50:41,015 INFO o.a.j.t.JMeterThread: Thread finished: Thread-Gruppe 1-74
2025-03-01 18:50:41,032 INFO o.a.j.t.JMeterThread: Stopping because end time detected by thread: Thread-Gruppe 1-14
2025-03-01 18:50:41,032 INFO o.a.j.t.JMeterThread: Thread finished: Thread-Gruppe 1-14
2025-03-01 18:50:41,050 INFO o.a.j.t.JMeterThread: Thread finished: Thread-Gruppe 2-18
2025-03-01 18:50:41,053 INFO o.a.j.t.JMeterThread: Thread finished: Thread-Gruppe 2-19
2025-03-01 18:50:41,075 INFO o.a.j.t.JMeterThread: Thread finished: Thread-Gruppe 2-20
2025-03-01 18:50:41,075 INFO o.a.j.t.JMeterThread: Stopping because end time detected by thread: Thread-Gruppe 2-7
2025-03-01 18:50:41,075 INFO o.a.j.t.JMeterThread: Thread finished: Thread-Gruppe 2-7
2025-03-01 18:50:41,091 INFO o.a.j.t.JMeterThread: Stopping because end time detected by thread: Thread-Gruppe 1-60
2025-03-01 18:50:41,091 INFO o.a.j.t.JMeterThread: Thread finished: Thread-Gruppe 1-60
2025-03-01 18:50:41,106 INFO o.a.j.t.JMeterThread: Stopping because end time detected by thread: Thread-Gruppe 1-30
2025-03-01 18:50:41,106 INFO o.a.j.t.JMeterThread: Thread finished: Thread-Gruppe 1-30
2025-03-01 18:50:41,122 INFO o.a.j.t.JMeterThread: Stopping because end time detected by thread: Thread-Gruppe 2-10
2025-03-01 18:50:41,138 INFO o.a.j.t.JMeterThread: Thread finished: Thread-Gruppe 2-10
2025-03-01 18:50:41,152 INFO o.a.j.t.JMeterThread: Stopping because end time detected by thread: Thread-Gruppe 1-75
2025-03-01 18:50:41,153 INFO o.a.j.t.JMeterThread: Thread finished: Thread-Gruppe 1-75
2025-03-01 18:50:41,168 INFO o.a.j.t.JMeterThread: Stopping because end time detected by thread: Thread-Gruppe 1-15
2025-03-01 18:50:41,168 INFO o.a.j.t.JMeterThread: Thread finished: Thread-Gruppe 1-15
2025-03-01 18:50:41,213 INFO o.a.j.t.JMeterThread: Stopping because end time detected by thread: Thread-Gruppe 1-42
2025-03-01 18:50:41,213 INFO o.a.j.t.JMeterThread: Thread finished: Thread-Gruppe 1-42
2025-03-01 18:50:41,226 INFO o.a.j.t.JMeterThread: Stopping because end time detected by thread: Thread-Gruppe 2-3
2025-03-01 18:50:41,226 INFO o.a.j.t.JMeterThread: Stopping because end time detected by thread: Thread-Gruppe 3-1
2025-03-01 18:50:41,226 INFO o.a.j.t.JMeterThread: Thread finished: Thread-Gruppe 2-3
2025-03-01 18:50:41,226 INFO o.a.j.t.JMeterThread: Thread finished: Thread-Gruppe 3-1
2025-03-01 18:50:41,248 INFO o.a.j.t.JMeterThread: Stopping because end time detected by thread: Thread-Gruppe 1-61
2025-03-01 18:50:41,248 INFO o.a.j.t.JMeterThread: Stopping because end time detected by thread: Thread-Gruppe 2-13
2025-03-01 18:50:41,248 INFO o.a.j.t.JMeterThread: Thread finished: Thread-Gruppe 1-61
2025-03-01 18:50:41,249 INFO o.a.j.t.JMeterThread: Thread finished: Thread-Gruppe 2-13
2025-03-01 18:50:41,252 INFO o.a.j.t.JMeterThread: Stopping because end time detected by thread: Thread-Gruppe 1-31
2025-03-01 18:50:41,252 INFO o.a.j.t.JMeterThread: Thread finished: Thread-Gruppe 1-31
2025-03-01 18:50:41,261 INFO o.a.j.t.JMeterThread: Stopping because end time detected by thread: Thread-Gruppe 2-5
2025-03-01 18:50:41,261 INFO o.a.j.t.JMeterThread: Thread finished: Thread-Gruppe 2-5
2025-03-01 18:50:41,296 INFO o.a.j.t.JMeterThread: Stopping because end time detected by thread: Thread-Gruppe 3-3
2025-03-01 18:50:41,296 INFO o.a.j.t.JMeterThread: Thread finished: Thread-Gruppe 3-3
2025-03-01 18:50:41,296 INFO o.a.j.t.JMeterThread: Stopping because end time detected by thread: Thread-Gruppe 1-43
2025-03-01 18:50:41,296 INFO o.a.j.t.JMeterThread: Thread finished: Thread-Gruppe 1-43
2025-03-01 18:50:41,296 INFO o.a.j.t.JMeterThread: Stopping because end time detected by thread: Thread-Gruppe 1-16
2025-03-01 18:50:41,296 INFO o.a.j.t.JMeterThread: Thread finished: Thread-Gruppe 1-16
2025-03-01 18:50:41,328 INFO o.a.j.t.JMeterThread: Stopping because end time detected by thread: Thread-Gruppe 2-6
2025-03-01 18:50:41,328 INFO o.a.j.t.JMeterThread: Thread finished: Thread-Gruppe 2-6
2025-03-01 18:50:41,344 INFO o.a.j.t.JMeterThread: Stopping because end time detected by thread: Thread-Gruppe 3-5
2025-03-01 18:50:41,344 INFO o.a.j.t.JMeterThread: Thread finished: Thread-Gruppe 3-5
2025-03-01 18:50:41,344 INFO o.a.j.t.JMeterThread: Stopping because end time detected by thread: Thread-Gruppe 2-16
2025-03-01 18:50:41,344 INFO o.a.j.t.JMeterThread: Thread finished: Thread-Gruppe 2-16
2025-03-01 18:50:41,344 INFO o.a.j.t.JMeterThread: Stopping because end time detected by thread: Thread-Gruppe 3-2
2025-03-01 18:50:41,344 INFO o.a.j.t.JMeterThread: Thread finished: Thread-Gruppe 3-2
2025-03-01 18:50:41,454 INFO o.a.j.t.JMeterThread: Stopping because end time detected by thread: Thread-Gruppe 1-44
2025-03-01 18:50:41,454 INFO o.a.j.t.JMeterThread: Thread finished: Thread-Gruppe 1-44
2025-03-01 18:50:41,549 INFO o.a.j.t.JMeterThread: Stopping because end time detected by thread: Thread-Gruppe 2-4
2025-03-01 18:50:41,549 INFO o.a.j.t.JMeterThread: Thread finished: Thread-Gruppe 2-4
2025-03-01 18:50:41,549 INFO o.a.j.t.JMeterThread: Stopping because end time detected by thread: Thread-Gruppe 1-45
2025-03-01 18:50:41,549 INFO o.a.j.t.JMeterThread: Thread finished: Thread-Gruppe 1-45
2025-03-01 18:50:41,581 INFO o.a.j.t.JMeterThread: Stopping because end time detected by thread: Thread-Gruppe 3-4
2025-03-01 18:50:41,581 INFO o.a.j.t.JMeterThread: Thread finished: Thread-Gruppe 3-4
2025-03-01 18:50:41,613 INFO o.a.j.t.JMeterThread: Stopping because end time detected by thread: Thread-Gruppe 2-15
2025-03-01 18:50:41,613 INFO o.a.j.t.JMeterThread: Thread finished: Thread-Gruppe 2-15
2025-03-01 18:50:41,679 INFO o.a.j.t.JMeterThread: Stopping because end time detected by thread: Thread-Gruppe 1-46
2025-03-01 18:50:41,679 INFO o.a.j.t.JMeterThread: Thread finished: Thread-Gruppe 1-46
2025-03-01 18:50:41,679 INFO o.a.j.e.StandardJMeterEngine: Notifying test listeners of end of test
2025-03-01 18:50:41,684 INFO o.a.j.r.Summariser: summary +    872 in 00:00:12 =   74.7/s Avg:   334 Min:   241 Max:   805 Err:     0 (0.00%) Active: 0 Started: 100 Finished: 100
2025-03-01 18:50:41,684 INFO o.a.j.r.Summariser: summary =  45545 in 00:11:01 =   68.9/s Avg:   357 Min:   228 Max:  1612 Err:     2 (0.00%)
