2025-02-27 14:21:24,484 INFO o.a.j.u.JMeterUtils: Setting Locale to en_EN
2025-02-27 14:21:24,499 INFO o.a.j.JMeter: Loading user properties from: D:\Semester 7\CS4203 - Research and Development Project\Artifacts\apache-jmeter-5.6.3\bin\user.properties
2025-02-27 14:21:24,514 INFO o.a.j.JMeter: Loading system properties from: D:\Semester 7\CS4203 - Research and Development Project\Artifacts\apache-jmeter-5.6.3\bin\system.properties
2025-02-27 14:21:24,514 INFO o.a.j.JMeter: Setting JMeter property: lb_1_hostname=34.70.149.254
2025-02-27 14:21:24,514 INFO o.a.j.JMeter: Setting JMeter property: lb_2_hostname=35.232.62.106
2025-02-27 14:21:24,514 INFO o.a.j.JMeter: Setting JMeter property: lb_1_port=8090
2025-02-27 14:21:24,514 INFO o.a.j.JMeter: Setting JMeter property: lb_2_port=8091
2025-02-27 14:21:24,518 INFO o.a.j.JMeter: Setting JMeter property: warm_up_users=20
2025-02-27 14:21:24,518 INFO o.a.j.JMeter: Setting JMeter property: warm_up_time=60
2025-02-27 14:21:24,518 INFO o.a.j.JMeter: Setting JMeter property: test_run_time=600
2025-02-27 14:21:24,518 INFO o.a.j.JMeter: Setting JMeter property: ramp_up=10
2025-02-27 14:21:24,518 INFO o.a.j.JMeter: Setting JMeter property: group_1=75
2025-02-27 14:21:24,518 INFO o.a.j.JMeter: Setting JMeter property: group_2=20
2025-02-27 14:21:24,518 INFO o.a.j.JMeter: Setting JMeter property: group_3=5
2025-02-27 14:21:24,518 INFO o.a.j.JMeter: Setting JMeter property: group_1_request_rate=30
2025-02-27 14:21:24,518 INFO o.a.j.JMeter: Setting JMeter property: group_2_request_rate=90
2025-02-27 14:21:24,518 INFO o.a.j.JMeter: Setting JMeter property: group_3_request_rate=120
2025-02-27 14:21:24,518 INFO o.a.j.JMeter: Setting JMeter property: log_file=d:\Semester 7\CS4203 - Research and Development Project\Artifacts\rate-limiter-nginx\jmeter\cloud\2025_02_27_13_48_logs\sliding_window_counter\redis_async_rate_limit_100_window_size_60_sub_window_count_5_batch_percent_0.8\warm_up_results.csv
2025-02-27 14:21:24,518 INFO o.a.j.JMeter: Setting JMeter property: algorithm=sliding_window_counter_redis_async_rate_limit_100_window_size_60_sub_window_count_5_batch_percent_0.8
2025-02-27 14:21:24,518 INFO o.a.j.JMeter: Setting JMeter property: auth=/sliding_window_counter/redis_async_rate_limit_100_window_size_60_sub_window_count_5_batch_percent_0.8/tools.descartes.teastore.auth/rest
2025-02-27 14:21:24,518 INFO o.a.j.JMeter: Setting JMeter property: persistence=/sliding_window_counter/redis_async_rate_limit_100_window_size_60_sub_window_count_5_batch_percent_0.8/tools.descartes.teastore.persistence/rest
2025-02-27 14:21:24,518 INFO o.a.j.JMeter: Setting JMeter property: recommender=/sliding_window_counter/redis_async_rate_limit_100_window_size_60_sub_window_count_5_batch_percent_0.8/tools.descartes.teastore.recommender/rest
2025-02-27 14:21:24,518 INFO o.a.j.JMeter: Setting JMeter property: image=/sliding_window_counter/redis_async_rate_limit_100_window_size_60_sub_window_count_5_batch_percent_0.8/tools.descartes.teastore.image/rest
2025-02-27 14:21:24,518 INFO o.a.j.JMeter: Copyright (c) 1998-2024 The Apache Software Foundation
2025-02-27 14:21:24,518 INFO o.a.j.JMeter: Version 5.6.3
2025-02-27 14:21:24,518 INFO o.a.j.JMeter: java.version=11.0.22
2025-02-27 14:21:24,518 INFO o.a.j.JMeter: java.vm.name=Java HotSpot(TM) 64-Bit Server VM
2025-02-27 14:21:24,518 INFO o.a.j.JMeter: os.name=Windows 10
2025-02-27 14:21:24,518 INFO o.a.j.JMeter: os.arch=amd64
2025-02-27 14:21:24,518 INFO o.a.j.JMeter: os.version=10.0
2025-02-27 14:21:24,518 INFO o.a.j.JMeter: file.encoding=Cp1252
2025-02-27 14:21:24,518 INFO o.a.j.JMeter: java.awt.headless=true
2025-02-27 14:21:24,518 INFO o.a.j.JMeter: Max memory     =1073741824
2025-02-27 14:21:24,518 INFO o.a.j.JMeter: Available Processors =12
2025-02-27 14:21:24,534 INFO o.a.j.JMeter: Default Locale=English (EN)
2025-02-27 14:21:24,534 INFO o.a.j.JMeter: JMeter  Locale=English (EN)
2025-02-27 14:21:24,534 INFO o.a.j.JMeter: JMeterHome=D:\Semester 7\CS4203 - Research and Development Project\Artifacts\apache-jmeter-5.6.3
2025-02-27 14:21:24,534 INFO o.a.j.JMeter: user.dir  =D:\Semester 7\CS4203 - Research and Development Project\Artifacts\rate-limiter-nginx
2025-02-27 14:21:24,548 INFO o.a.j.JMeter: PWD       =D:\Semester 7\CS4203 - Research and Development Project\Artifacts\rate-limiter-nginx
2025-02-27 14:21:24,564 INFO o.a.j.JMeter: IP: 10.10.21.101 Name: KOBI-MSI-PC FullName: 10.10.21.101
2025-02-27 14:21:24,579 INFO o.a.j.s.FileServer: Default base='D:\Semester 7\CS4203 - Research and Development Project\Artifacts\rate-limiter-nginx'
2025-02-27 14:21:24,593 INFO o.a.j.s.FileServer: Set new base='d:\Semester 7\CS4203 - Research and Development Project\Artifacts\rate-limiter-nginx\jmeter\cloud'
2025-02-27 14:21:24,807 INFO o.a.j.s.SaveService: Testplan (JMX) version: 2.2. Testlog (JTL) version: 2.2
2025-02-27 14:21:24,838 INFO o.a.j.s.SaveService: Using SaveService properties version 5.0
2025-02-27 14:21:24,854 INFO o.a.j.s.SaveService: Using SaveService properties file encoding UTF-8
2025-02-27 14:21:24,856 INFO o.a.j.s.SaveService: Loading file: d:\Semester 7\CS4203 - Research and Development Project\Artifacts\rate-limiter-nginx\jmeter\cloud\teastore_performance.jmx
2025-02-27 14:21:24,916 INFO o.a.j.p.h.c.CookieManager: Settings: Delete null: true Check: true Allow variable: true Save: false Prefix: COOKIE_
2025-02-27 14:21:24,946 INFO o.a.j.p.h.s.HTTPSamplerBase: Parser for text/html is org.apache.jmeter.protocol.http.parser.LagartoBasedHtmlParser
2025-02-27 14:21:24,946 INFO o.a.j.p.h.s.HTTPSamplerBase: Parser for application/xhtml+xml is org.apache.jmeter.protocol.http.parser.LagartoBasedHtmlParser
2025-02-27 14:21:24,946 INFO o.a.j.p.h.s.HTTPSamplerBase: Parser for application/xml is org.apache.jmeter.protocol.http.parser.LagartoBasedHtmlParser
2025-02-27 14:21:24,946 INFO o.a.j.p.h.s.HTTPSamplerBase: Parser for text/xml is org.apache.jmeter.protocol.http.parser.LagartoBasedHtmlParser
2025-02-27 14:21:24,946 INFO o.a.j.p.h.s.HTTPSamplerBase: Parser for text/vnd.wap.wml is org.apache.jmeter.protocol.http.parser.RegexpHTMLParser
2025-02-27 14:21:24,946 INFO o.a.j.p.h.s.HTTPSamplerBase: Parser for text/css is org.apache.jmeter.protocol.http.parser.CssParser
2025-02-27 14:21:25,113 INFO o.a.j.s.SampleResult: Note: Sample TimeStamps are START times
2025-02-27 14:21:25,113 INFO o.a.j.s.SampleResult: sampleresult.default.encoding is set to UTF-8
2025-02-27 14:21:25,113 INFO o.a.j.s.SampleResult: sampleresult.useNanoTime=true
2025-02-27 14:21:25,113 INFO o.a.j.s.SampleResult: sampleresult.nanoThreadSleep=5000
2025-02-27 14:21:25,158 INFO o.a.j.JMeter: Creating summariser <summary>
2025-02-27 14:21:25,183 INFO o.a.j.e.StandardJMeterEngine: Running the test!
2025-02-27 14:21:25,184 INFO o.a.j.s.SampleEvent: List of sample_variables: []
2025-02-27 14:21:25,185 INFO o.a.j.s.SampleEvent: List of sample_variables: []
2025-02-27 14:21:25,196 INFO o.a.j.e.u.CompoundVariable: Note: Function class names must contain the string: '.functions.'
2025-02-27 14:21:25,196 INFO o.a.j.e.u.CompoundVariable: Note: Function class names must not contain the string: '.gui.'
2025-02-27 14:21:25,487 INFO o.a.j.r.ClassFinder: Will scan jar D:\Semester 7\CS4203 - Research and Development Project\Artifacts\apache-jmeter-5.6.3\lib\ext\jmeter-plugins-casutg-2.10.jar with filter ExtendsClassFilter [parents=[interface org.apache.jmeter.functions.Function], inner=false, contains=null, notContains=null]. Consider exposing JMeter plugins via META-INF/services, and add JMeter-Skip-Class-Scanning=true manifest attribute so JMeter can skip classfile scanning
2025-02-27 14:21:25,517 INFO o.a.j.r.ClassFinder: Will scan jar D:\Semester 7\CS4203 - Research and Development Project\Artifacts\apache-jmeter-5.6.3\lib\ext\jmeter-plugins-graphs-additional-2.0.jar with filter ExtendsClassFilter [parents=[interface org.apache.jmeter.functions.Function], inner=false, contains=null, notContains=null]. Consider exposing JMeter plugins via META-INF/services, and add JMeter-Skip-Class-Scanning=true manifest attribute so JMeter can skip classfile scanning
2025-02-27 14:21:25,517 INFO o.a.j.r.ClassFinder: Will scan jar D:\Semester 7\CS4203 - Research and Development Project\Artifacts\apache-jmeter-5.6.3\lib\ext\jmeter-plugins-perfmon-2.1.jar with filter ExtendsClassFilter [parents=[interface org.apache.jmeter.functions.Function], inner=false, contains=null, notContains=null]. Consider exposing JMeter plugins via META-INF/services, and add JMeter-Skip-Class-Scanning=true manifest attribute so JMeter can skip classfile scanning
2025-02-27 14:21:25,517 INFO o.a.j.r.ClassFinder: Will scan jar D:\Semester 7\CS4203 - Research and Development Project\Artifacts\apache-jmeter-5.6.3\lib\ext\json-lib-2.4-jdk15.jar with filter ExtendsClassFilter [parents=[interface org.apache.jmeter.functions.Function], inner=false, contains=null, notContains=null]. Consider exposing JMeter plugins via META-INF/services, and add JMeter-Skip-Class-Scanning=true manifest attribute so JMeter can skip classfile scanning
2025-02-27 14:21:25,547 INFO o.a.j.r.ClassFinder: Will scan jar D:\Semester 7\CS4203 - Research and Development Project\Artifacts\apache-jmeter-5.6.3\lib\ext\perfmon-2.2.2.jar with filter ExtendsClassFilter [parents=[interface org.apache.jmeter.functions.Function], inner=false, contains=null, notContains=null]. Consider exposing JMeter plugins via META-INF/services, and add JMeter-Skip-Class-Scanning=true manifest attribute so JMeter can skip classfile scanning
2025-02-27 14:21:25,562 INFO o.a.j.r.ClassFinder: Will scan jar D:\Semester 7\CS4203 - Research and Development Project\Artifacts\apache-jmeter-5.6.3\lib\ext\jmeter-plugins-manager-1.10.jar with filter ExtendsClassFilter [parents=[interface org.apache.jmeter.functions.Function], inner=false, contains=null, notContains=null]. Consider exposing JMeter plugins via META-INF/services, and add JMeter-Skip-Class-Scanning=true manifest attribute so JMeter can skip classfile scanning
2025-02-27 14:21:25,667 INFO o.a.j.r.ClassFinder: Will scan jar D:\Semester 7\CS4203 - Research and Development Project\Artifacts\apache-jmeter-5.6.3\lib\ext\jmeter-plugins-graphs-vs-2.0.jar with filter ExtendsClassFilter [parents=[interface org.apache.jmeter.functions.Function], inner=false, contains=null, notContains=null]. Consider exposing JMeter plugins via META-INF/services, and add JMeter-Skip-Class-Scanning=true manifest attribute so JMeter can skip classfile scanning
2025-02-27 14:21:25,667 INFO o.a.j.r.ClassFinder: Will scan jar D:\Semester 7\CS4203 - Research and Development Project\Artifacts\apache-jmeter-5.6.3\lib\ext\jmeter-parallel-0.12.jar with filter ExtendsClassFilter [parents=[interface org.apache.jmeter.functions.Function], inner=false, contains=null, notContains=null]. Consider exposing JMeter plugins via META-INF/services, and add JMeter-Skip-Class-Scanning=true manifest attribute so JMeter can skip classfile scanning
2025-02-27 14:21:25,682 INFO o.a.j.r.ClassFinder: Will scan jar D:\Semester 7\CS4203 - Research and Development Project\Artifacts\apache-jmeter-5.6.3\lib\ext\jmeter-plugins-tst-2.6.jar with filter ExtendsClassFilter [parents=[interface org.apache.jmeter.functions.Function], inner=false, contains=null, notContains=null]. Consider exposing JMeter plugins via META-INF/services, and add JMeter-Skip-Class-Scanning=true manifest attribute so JMeter can skip classfile scanning
2025-02-27 14:21:25,682 INFO o.a.j.r.ClassFinder: Will scan jar D:\Semester 7\CS4203 - Research and Development Project\Artifacts\apache-jmeter-5.6.3\lib\ext\jmeter-prometheus-plugin-0.6.0.jar with filter ExtendsClassFilter [parents=[interface org.apache.jmeter.functions.Function], inner=false, contains=null, notContains=null]. Consider exposing JMeter plugins via META-INF/services, and add JMeter-Skip-Class-Scanning=true manifest attribute so JMeter can skip classfile scanning
2025-02-27 14:21:25,697 INFO o.a.j.r.ClassFinder: Will scan jar D:\Semester 7\CS4203 - Research and Development Project\Artifacts\apache-jmeter-5.6.3\lib\ext\jmeter-plugins-graphs-basic-2.0.jar with filter ExtendsClassFilter [parents=[interface org.apache.jmeter.functions.Function], inner=false, contains=null, notContains=null]. Consider exposing JMeter plugins via META-INF/services, and add JMeter-Skip-Class-Scanning=true manifest attribute so JMeter can skip classfile scanning
2025-02-27 14:21:26,135 INFO o.a.j.JMeter: Running test (1740646286135)
2025-02-27 14:21:26,150 INFO o.a.j.e.StandardJMeterEngine: Starting setUp thread groups
2025-02-27 14:21:26,150 INFO o.a.j.e.StandardJMeterEngine: Starting setUp ThreadGroup: 1 : setUp Thread Group 
2025-02-27 14:21:26,150 INFO o.a.j.e.StandardJMeterEngine: Starting 20 threads for group setUp Thread Group.
2025-02-27 14:21:26,150 INFO o.a.j.e.StandardJMeterEngine: Thread will continue on error
2025-02-27 14:21:26,150 INFO o.a.j.t.ThreadGroup: Starting thread group... number=1 threads=20 ramp-up=10 delayedStart=false
2025-02-27 14:21:26,165 INFO o.a.j.t.JMeterThread: Thread started: setUp Thread Group 1-1
2025-02-27 14:21:26,218 INFO o.a.j.t.ThreadGroup: Started thread group number 1
2025-02-27 14:21:26,219 INFO o.a.j.e.StandardJMeterEngine: Waiting for all setup thread groups to exit
2025-02-27 14:21:26,672 INFO o.a.j.t.JMeterThread: Thread started: setUp Thread Group 1-2
2025-02-27 14:21:27,161 INFO o.a.j.t.JMeterThread: Thread started: setUp Thread Group 1-3
2025-02-27 14:21:27,220 INFO o.a.j.p.h.s.HTTPHCAbstractImpl: Local host = KOBI-MSI-PC
2025-02-27 14:21:27,227 INFO o.a.j.p.h.s.HTTPHC4Impl: HTTP request retry count = 0
2025-02-27 14:21:27,667 INFO o.a.j.t.JMeterThread: Thread started: setUp Thread Group 1-4
2025-02-27 14:21:28,165 INFO o.a.j.t.JMeterThread: Thread started: setUp Thread Group 1-5
2025-02-27 14:21:28,667 INFO o.a.j.t.JMeterThread: Thread started: setUp Thread Group 1-6
2025-02-27 14:21:29,156 INFO o.a.j.t.JMeterThread: Thread started: setUp Thread Group 1-7
2025-02-27 14:21:29,659 INFO o.a.j.t.JMeterThread: Thread started: setUp Thread Group 1-8
2025-02-27 14:21:30,156 INFO o.a.j.t.JMeterThread: Thread started: setUp Thread Group 1-9
2025-02-27 14:21:30,654 INFO o.a.j.t.JMeterThread: Thread started: setUp Thread Group 1-10
2025-02-27 14:21:31,155 INFO o.a.j.t.JMeterThread: Thread started: setUp Thread Group 1-11
2025-02-27 14:21:31,655 INFO o.a.j.t.JMeterThread: Thread started: setUp Thread Group 1-12
2025-02-27 14:21:32,155 INFO o.a.j.t.JMeterThread: Thread started: setUp Thread Group 1-13
2025-02-27 14:21:32,655 INFO o.a.j.t.JMeterThread: Thread started: setUp Thread Group 1-14
2025-02-27 14:21:33,155 INFO o.a.j.t.JMeterThread: Thread started: setUp Thread Group 1-15
2025-02-27 14:21:33,655 INFO o.a.j.t.JMeterThread: Thread started: setUp Thread Group 1-16
2025-02-27 14:21:34,156 INFO o.a.j.t.JMeterThread: Thread started: setUp Thread Group 1-17
2025-02-27 14:21:34,656 INFO o.a.j.t.JMeterThread: Thread started: setUp Thread Group 1-18
2025-02-27 14:21:35,155 INFO o.a.j.t.JMeterThread: Thread started: setUp Thread Group 1-19
2025-02-27 14:21:35,654 INFO o.a.j.t.JMeterThread: Thread started: setUp Thread Group 1-20
2025-02-27 14:22:26,015 INFO o.a.j.t.JMeterThread: Thread finished: setUp Thread Group 1-8
2025-02-27 14:22:26,030 INFO o.a.j.t.JMeterThread: Thread finished: setUp Thread Group 1-9
2025-02-27 14:22:26,081 INFO o.a.j.t.JMeterThread: Thread finished: setUp Thread Group 1-5
2025-02-27 14:22:26,097 INFO o.a.j.t.JMeterThread: Thread finished: setUp Thread Group 1-20
2025-02-27 14:22:26,108 INFO o.a.j.t.JMeterThread: Thread finished: setUp Thread Group 1-18
2025-02-27 14:22:26,116 INFO o.a.j.t.JMeterThread: Thread finished: setUp Thread Group 1-1
2025-02-27 14:22:26,116 INFO o.a.j.t.JMeterThread: Thread finished: setUp Thread Group 1-6
2025-02-27 14:22:26,161 INFO o.a.j.t.JMeterThread: Thread finished: setUp Thread Group 1-16
2025-02-27 14:22:26,166 INFO o.a.j.t.JMeterThread: Thread finished: setUp Thread Group 1-15
2025-02-27 14:22:26,167 INFO o.a.j.t.JMeterThread: Stopping because end time detected by thread: setUp Thread Group 1-2
2025-02-27 14:22:26,167 INFO o.a.j.t.JMeterThread: Thread finished: setUp Thread Group 1-2
2025-02-27 14:22:26,169 INFO o.a.j.t.JMeterThread: Stopping because end time detected by thread: setUp Thread Group 1-3
2025-02-27 14:22:26,169 INFO o.a.j.t.JMeterThread: Thread finished: setUp Thread Group 1-3
2025-02-27 14:22:26,174 INFO o.a.j.t.JMeterThread: Stopping because end time detected by thread: setUp Thread Group 1-4
2025-02-27 14:22:26,174 INFO o.a.j.t.JMeterThread: Thread finished: setUp Thread Group 1-4
2025-02-27 14:22:26,205 INFO o.a.j.t.JMeterThread: Stopping because end time detected by thread: setUp Thread Group 1-14
2025-02-27 14:22:26,205 INFO o.a.j.t.JMeterThread: Thread finished: setUp Thread Group 1-14
2025-02-27 14:22:26,220 INFO o.a.j.t.JMeterThread: Stopping because end time detected by thread: setUp Thread Group 1-13
2025-02-27 14:22:26,220 INFO o.a.j.t.JMeterThread: Stopping because end time detected by thread: setUp Thread Group 1-19
2025-02-27 14:22:26,220 INFO o.a.j.t.JMeterThread: Thread finished: setUp Thread Group 1-13
2025-02-27 14:22:26,220 INFO o.a.j.t.JMeterThread: Thread finished: setUp Thread Group 1-19
2025-02-27 14:22:26,349 INFO o.a.j.t.JMeterThread: Stopping because end time detected by thread: setUp Thread Group 1-10
2025-02-27 14:22:26,349 INFO o.a.j.t.JMeterThread: Thread finished: setUp Thread Group 1-10
2025-02-27 14:22:26,364 INFO o.a.j.t.JMeterThread: Stopping because end time detected by thread: setUp Thread Group 1-17
2025-02-27 14:22:26,364 INFO o.a.j.t.JMeterThread: Thread finished: setUp Thread Group 1-17
2025-02-27 14:22:26,364 INFO o.a.j.t.JMeterThread: Stopping because end time detected by thread: setUp Thread Group 1-7
2025-02-27 14:22:26,364 INFO o.a.j.t.JMeterThread: Thread finished: setUp Thread Group 1-7
2025-02-27 14:22:26,409 INFO o.a.j.t.JMeterThread: Stopping because end time detected by thread: setUp Thread Group 1-11
2025-02-27 14:22:26,409 INFO o.a.j.t.JMeterThread: Thread finished: setUp Thread Group 1-11
2025-02-27 14:22:26,652 INFO o.a.j.t.JMeterThread: Stopping because end time detected by thread: setUp Thread Group 1-12
2025-02-27 14:22:26,652 INFO o.a.j.t.JMeterThread: Thread finished: setUp Thread Group 1-12
2025-02-27 14:22:26,652 INFO o.a.j.e.StandardJMeterEngine: All Setup Threads have ended
2025-02-27 14:22:26,704 INFO o.a.j.e.StandardJMeterEngine: Starting ThreadGroup: 1 : Thread-Gruppe
2025-02-27 14:22:26,704 INFO o.a.j.e.StandardJMeterEngine: Starting 75 threads for group Thread-Gruppe.
2025-02-27 14:22:26,704 INFO o.a.j.e.StandardJMeterEngine: Thread will continue on error
2025-02-27 14:22:26,704 INFO o.a.j.t.ThreadGroup: Starting thread group... number=1 threads=75 ramp-up=10 delayedStart=false
2025-02-27 14:22:26,704 INFO o.a.j.t.JMeterThread: Thread started: Thread-Gruppe 1-1
2025-02-27 14:22:26,816 INFO o.a.j.t.ThreadGroup: Started thread group number 1
2025-02-27 14:22:26,816 INFO o.a.j.e.StandardJMeterEngine: Starting ThreadGroup: 2 : Thread-Gruppe
2025-02-27 14:22:26,816 INFO o.a.j.e.StandardJMeterEngine: Starting 20 threads for group Thread-Gruppe.
2025-02-27 14:22:26,817 INFO o.a.j.e.StandardJMeterEngine: Thread will continue on error
2025-02-27 14:22:26,817 INFO o.a.j.t.ThreadGroup: Starting thread group... number=2 threads=20 ramp-up=10 delayedStart=false
2025-02-27 14:22:26,819 INFO o.a.j.t.JMeterThread: Thread started: Thread-Gruppe 2-1
2025-02-27 14:22:26,843 INFO o.a.j.t.ThreadGroup: Started thread group number 2
2025-02-27 14:22:26,843 INFO o.a.j.e.StandardJMeterEngine: Starting ThreadGroup: 3 : Thread-Gruppe
2025-02-27 14:22:26,843 INFO o.a.j.e.StandardJMeterEngine: Starting 5 threads for group Thread-Gruppe.
2025-02-27 14:22:26,843 INFO o.a.j.e.StandardJMeterEngine: Thread will continue on error
2025-02-27 14:22:26,843 INFO o.a.j.t.ThreadGroup: Starting thread group... number=3 threads=5 ramp-up=10 delayedStart=false
2025-02-27 14:22:26,846 INFO o.a.j.t.JMeterThread: Thread started: Thread-Gruppe 1-2
2025-02-27 14:22:26,846 INFO o.a.j.t.JMeterThread: Thread started: Thread-Gruppe 3-1
2025-02-27 14:22:26,851 INFO o.a.j.t.ThreadGroup: Started thread group number 3
2025-02-27 14:22:26,851 INFO o.a.j.e.StandardJMeterEngine: All thread groups have been started
2025-02-27 14:22:26,979 INFO o.a.j.t.JMeterThread: Thread started: Thread-Gruppe 1-3
2025-02-27 14:22:27,114 INFO o.a.j.t.JMeterThread: Thread started: Thread-Gruppe 1-4
2025-02-27 14:22:27,240 INFO o.a.j.t.JMeterThread: Thread started: Thread-Gruppe 1-5
2025-02-27 14:22:27,319 INFO o.a.j.t.JMeterThread: Thread started: Thread-Gruppe 2-2
2025-02-27 14:22:27,373 INFO o.a.j.t.JMeterThread: Thread started: Thread-Gruppe 1-6
2025-02-27 14:22:27,505 INFO o.a.j.t.JMeterThread: Thread started: Thread-Gruppe 1-7
2025-02-27 14:22:27,639 INFO o.a.j.t.JMeterThread: Thread started: Thread-Gruppe 1-8
2025-02-27 14:22:27,770 INFO o.a.j.t.JMeterThread: Thread started: Thread-Gruppe 1-9
2025-02-27 14:22:27,819 INFO o.a.j.t.JMeterThread: Thread started: Thread-Gruppe 2-3
2025-02-27 14:22:27,904 INFO o.a.j.t.JMeterThread: Thread started: Thread-Gruppe 1-10
2025-02-27 14:22:28,037 INFO o.a.j.t.JMeterThread: Thread started: Thread-Gruppe 1-11
2025-02-27 14:22:28,170 INFO o.a.j.t.JMeterThread: Thread started: Thread-Gruppe 1-12
2025-02-27 14:22:28,303 INFO o.a.j.t.JMeterThread: Thread started: Thread-Gruppe 1-13
2025-02-27 14:22:28,320 INFO o.a.j.t.JMeterThread: Thread started: Thread-Gruppe 2-4
2025-02-27 14:22:28,437 INFO o.a.j.t.JMeterThread: Thread started: Thread-Gruppe 1-14
2025-02-27 14:22:28,569 INFO o.a.j.t.JMeterThread: Thread started: Thread-Gruppe 1-15
2025-02-27 14:22:28,704 INFO o.a.j.t.JMeterThread: Thread started: Thread-Gruppe 1-16
2025-02-27 14:22:28,820 INFO o.a.j.t.JMeterThread: Thread started: Thread-Gruppe 2-5
2025-02-27 14:22:28,835 INFO o.a.j.t.JMeterThread: Thread started: Thread-Gruppe 1-17
2025-02-27 14:22:28,845 INFO o.a.j.t.JMeterThread: Thread started: Thread-Gruppe 3-2
2025-02-27 14:22:28,967 INFO o.a.j.t.JMeterThread: Thread started: Thread-Gruppe 1-18
2025-02-27 14:22:29,100 INFO o.a.j.t.JMeterThread: Thread started: Thread-Gruppe 1-19
2025-02-27 14:22:29,233 INFO o.a.j.t.JMeterThread: Thread started: Thread-Gruppe 1-20
2025-02-27 14:22:29,319 INFO o.a.j.t.JMeterThread: Thread started: Thread-Gruppe 2-6
2025-02-27 14:22:29,368 INFO o.a.j.t.JMeterThread: Thread started: Thread-Gruppe 1-21
2025-02-27 14:22:29,500 INFO o.a.j.t.JMeterThread: Thread started: Thread-Gruppe 1-22
2025-02-27 14:22:29,633 INFO o.a.j.t.JMeterThread: Thread started: Thread-Gruppe 1-23
2025-02-27 14:22:29,765 INFO o.a.j.t.JMeterThread: Thread started: Thread-Gruppe 1-24
2025-02-27 14:22:29,820 INFO o.a.j.t.JMeterThread: Thread started: Thread-Gruppe 2-7
2025-02-27 14:22:29,898 INFO o.a.j.t.JMeterThread: Thread started: Thread-Gruppe 1-25
2025-02-27 14:22:30,011 INFO o.a.j.r.Summariser: summary +     54 in 00:01:04 =    0.8/s Avg:   454 Min:   251 Max:   529 Err:     0 (0.00%) Active: 34 Started: 34 Finished: 0
2025-02-27 14:22:30,031 INFO o.a.j.t.JMeterThread: Thread started: Thread-Gruppe 1-26
2025-02-27 14:22:30,165 INFO o.a.j.t.JMeterThread: Thread started: Thread-Gruppe 1-27
2025-02-27 14:22:30,299 INFO o.a.j.t.JMeterThread: Thread started: Thread-Gruppe 1-28
2025-02-27 14:22:30,320 INFO o.a.j.t.JMeterThread: Thread started: Thread-Gruppe 2-8
2025-02-27 14:22:30,432 INFO o.a.j.t.JMeterThread: Thread started: Thread-Gruppe 1-29
2025-02-27 14:22:30,564 INFO o.a.j.t.JMeterThread: Thread started: Thread-Gruppe 1-30
2025-02-27 14:22:30,697 INFO o.a.j.t.JMeterThread: Thread started: Thread-Gruppe 1-31
2025-02-27 14:22:30,820 INFO o.a.j.t.JMeterThread: Thread started: Thread-Gruppe 2-9
2025-02-27 14:22:30,832 INFO o.a.j.t.JMeterThread: Thread started: Thread-Gruppe 1-32
2025-02-27 14:22:30,847 INFO o.a.j.t.JMeterThread: Thread started: Thread-Gruppe 3-3
2025-02-27 14:22:30,964 INFO o.a.j.t.JMeterThread: Thread started: Thread-Gruppe 1-33
2025-02-27 14:22:31,097 INFO o.a.j.t.JMeterThread: Thread started: Thread-Gruppe 1-34
2025-02-27 14:22:31,230 INFO o.a.j.t.JMeterThread: Thread started: Thread-Gruppe 1-35
2025-02-27 14:22:31,320 INFO o.a.j.t.JMeterThread: Thread started: Thread-Gruppe 2-10
2025-02-27 14:22:31,362 INFO o.a.j.t.JMeterThread: Thread started: Thread-Gruppe 1-36
2025-02-27 14:22:31,495 INFO o.a.j.t.JMeterThread: Thread started: Thread-Gruppe 1-37
2025-02-27 14:22:31,629 INFO o.a.j.t.JMeterThread: Thread started: Thread-Gruppe 1-38
2025-02-27 14:22:31,761 INFO o.a.j.t.JMeterThread: Thread started: Thread-Gruppe 1-39
2025-02-27 14:22:31,820 INFO o.a.j.t.JMeterThread: Thread started: Thread-Gruppe 2-11
2025-02-27 14:22:31,894 INFO o.a.j.t.JMeterThread: Thread started: Thread-Gruppe 1-40
2025-02-27 14:22:32,028 INFO o.a.j.t.JMeterThread: Thread started: Thread-Gruppe 1-41
2025-02-27 14:22:32,160 INFO o.a.j.t.JMeterThread: Thread started: Thread-Gruppe 1-42
2025-02-27 14:22:32,293 INFO o.a.j.t.JMeterThread: Thread started: Thread-Gruppe 1-43
2025-02-27 14:22:32,320 INFO o.a.j.t.JMeterThread: Thread started: Thread-Gruppe 2-12
2025-02-27 14:22:32,427 INFO o.a.j.t.JMeterThread: Thread started: Thread-Gruppe 1-44
2025-02-27 14:22:32,560 INFO o.a.j.t.JMeterThread: Thread started: Thread-Gruppe 1-45
2025-02-27 14:22:32,692 INFO o.a.j.t.JMeterThread: Thread started: Thread-Gruppe 1-46
2025-02-27 14:22:32,821 INFO o.a.j.t.JMeterThread: Thread started: Thread-Gruppe 2-13
2025-02-27 14:22:32,824 INFO o.a.j.t.JMeterThread: Thread started: Thread-Gruppe 1-47
2025-02-27 14:22:32,846 INFO o.a.j.t.JMeterThread: Thread started: Thread-Gruppe 3-4
2025-02-27 14:22:32,959 INFO o.a.j.t.JMeterThread: Thread started: Thread-Gruppe 1-48
2025-02-27 14:22:33,092 INFO o.a.j.t.JMeterThread: Thread started: Thread-Gruppe 1-49
2025-02-27 14:22:33,225 INFO o.a.j.t.JMeterThread: Thread started: Thread-Gruppe 1-50
2025-02-27 14:22:33,321 INFO o.a.j.t.JMeterThread: Thread started: Thread-Gruppe 2-14
2025-02-27 14:22:33,357 INFO o.a.j.t.JMeterThread: Thread started: Thread-Gruppe 1-51
2025-02-27 14:22:33,490 INFO o.a.j.t.JMeterThread: Thread started: Thread-Gruppe 1-52
2025-02-27 14:22:33,622 INFO o.a.j.t.JMeterThread: Thread started: Thread-Gruppe 1-53
2025-02-27 14:22:33,757 INFO o.a.j.t.JMeterThread: Thread started: Thread-Gruppe 1-54
2025-02-27 14:22:33,819 INFO o.a.j.t.JMeterThread: Thread started: Thread-Gruppe 2-15
2025-02-27 14:22:33,889 INFO o.a.j.t.JMeterThread: Thread started: Thread-Gruppe 1-55
2025-02-27 14:22:34,021 INFO o.a.j.t.JMeterThread: Thread started: Thread-Gruppe 1-56
2025-02-27 14:22:34,154 INFO o.a.j.t.JMeterThread: Thread started: Thread-Gruppe 1-57
2025-02-27 14:22:34,288 INFO o.a.j.t.JMeterThread: Thread started: Thread-Gruppe 1-58
2025-02-27 14:22:34,319 INFO o.a.j.t.JMeterThread: Thread started: Thread-Gruppe 2-16
2025-02-27 14:22:34,421 INFO o.a.j.t.JMeterThread: Thread started: Thread-Gruppe 1-59
2025-02-27 14:22:34,554 INFO o.a.j.t.JMeterThread: Thread started: Thread-Gruppe 1-60
2025-02-27 14:22:34,687 INFO o.a.j.t.JMeterThread: Thread started: Thread-Gruppe 1-61
2025-02-27 14:22:34,820 INFO o.a.j.t.JMeterThread: Thread started: Thread-Gruppe 2-17
2025-02-27 14:22:34,820 INFO o.a.j.t.JMeterThread: Thread started: Thread-Gruppe 1-62
2025-02-27 14:22:34,846 INFO o.a.j.t.JMeterThread: Thread started: Thread-Gruppe 3-5
2025-02-27 14:22:34,953 INFO o.a.j.t.JMeterThread: Thread started: Thread-Gruppe 1-63
2025-02-27 14:22:35,086 INFO o.a.j.t.JMeterThread: Thread started: Thread-Gruppe 1-64
2025-02-27 14:22:35,219 INFO o.a.j.t.JMeterThread: Thread started: Thread-Gruppe 1-65
2025-02-27 14:22:35,320 INFO o.a.j.t.JMeterThread: Thread started: Thread-Gruppe 2-18
2025-02-27 14:22:35,351 INFO o.a.j.t.JMeterThread: Thread started: Thread-Gruppe 1-66
2025-02-27 14:22:35,486 INFO o.a.j.t.JMeterThread: Thread started: Thread-Gruppe 1-67
2025-02-27 14:22:35,618 INFO o.a.j.t.JMeterThread: Thread started: Thread-Gruppe 1-68
2025-02-27 14:22:35,750 INFO o.a.j.t.JMeterThread: Thread started: Thread-Gruppe 1-69
2025-02-27 14:22:35,820 INFO o.a.j.t.JMeterThread: Thread started: Thread-Gruppe 2-19
2025-02-27 14:22:35,883 INFO o.a.j.t.JMeterThread: Thread started: Thread-Gruppe 1-70
2025-02-27 14:22:36,016 INFO o.a.j.t.JMeterThread: Thread started: Thread-Gruppe 1-71
2025-02-27 14:22:36,149 INFO o.a.j.t.JMeterThread: Thread started: Thread-Gruppe 1-72
2025-02-27 14:22:36,282 INFO o.a.j.t.JMeterThread: Thread started: Thread-Gruppe 1-73
2025-02-27 14:22:36,320 INFO o.a.j.t.JMeterThread: Thread started: Thread-Gruppe 2-20
2025-02-27 14:22:36,416 INFO o.a.j.t.JMeterThread: Thread started: Thread-Gruppe 1-74
2025-02-27 14:22:36,549 INFO o.a.j.t.JMeterThread: Thread started: Thread-Gruppe 1-75
2025-02-27 14:23:00,004 INFO o.a.j.r.Summariser: summary +   2139 in 00:00:30 =   71.3/s Avg:   346 Min:   242 Max:   869 Err:     0 (0.00%) Active: 100 Started: 100 Finished: 0
2025-02-27 14:23:00,005 INFO o.a.j.r.Summariser: summary =   2193 in 00:01:34 =   23.4/s Avg:   349 Min:   242 Max:   869 Err:     0 (0.00%)
2025-02-27 14:23:30,006 INFO o.a.j.r.Summariser: summary +   2282 in 00:00:30 =   76.1/s Avg:   342 Min:   242 Max:   905 Err:     0 (0.00%) Active: 100 Started: 100 Finished: 0
2025-02-27 14:23:30,006 INFO o.a.j.r.Summariser: summary =   4475 in 00:02:04 =   36.1/s Avg:   345 Min:   242 Max:   905 Err:     0 (0.00%)
2025-02-27 14:24:00,011 INFO o.a.j.r.Summariser: summary +   2288 in 00:00:30 =   76.3/s Avg:   340 Min:   242 Max:  1073 Err:     0 (0.00%) Active: 100 Started: 100 Finished: 0
2025-02-27 14:24:00,012 INFO o.a.j.r.Summariser: summary =   6763 in 00:02:34 =   44.0/s Avg:   344 Min:   242 Max:  1073 Err:     0 (0.00%)
2025-02-27 14:24:30,011 INFO o.a.j.r.Summariser: summary +   2260 in 00:00:30 =   75.3/s Avg:   356 Min:   243 Max:   909 Err:     0 (0.00%) Active: 100 Started: 100 Finished: 0
2025-02-27 14:24:30,013 INFO o.a.j.r.Summariser: summary =   9023 in 00:03:04 =   49.1/s Avg:   347 Min:   242 Max:  1073 Err:     0 (0.00%)
2025-02-27 14:25:00,017 INFO o.a.j.r.Summariser: summary +   2291 in 00:00:30 =   76.3/s Avg:   368 Min:   241 Max:  1193 Err:     0 (0.00%) Active: 100 Started: 100 Finished: 0
2025-02-27 14:25:00,018 INFO o.a.j.r.Summariser: summary =  11314 in 00:03:34 =   52.9/s Avg:   351 Min:   241 Max:  1193 Err:     0 (0.00%)
2025-02-27 14:25:30,001 INFO o.a.j.r.Summariser: summary +   2293 in 00:00:30 =   76.5/s Avg:   331 Min:   240 Max:   850 Err:     0 (0.00%) Active: 100 Started: 100 Finished: 0
2025-02-27 14:25:30,002 INFO o.a.j.r.Summariser: summary =  13607 in 00:04:04 =   55.8/s Avg:   348 Min:   240 Max:  1193 Err:     0 (0.00%)
2025-02-27 14:26:00,002 INFO o.a.j.r.Summariser: summary +   2276 in 00:00:30 =   75.9/s Avg:   353 Min:   240 Max:  1102 Err:     0 (0.00%) Active: 100 Started: 100 Finished: 0
2025-02-27 14:26:00,003 INFO o.a.j.r.Summariser: summary =  15883 in 00:04:34 =   58.0/s Avg:   348 Min:   240 Max:  1193 Err:     0 (0.00%)
2025-02-27 14:26:30,006 INFO o.a.j.r.Summariser: summary +   2299 in 00:00:30 =   76.6/s Avg:   328 Min:   242 Max:  1004 Err:     0 (0.00%) Active: 100 Started: 100 Finished: 0
2025-02-27 14:26:30,008 INFO o.a.j.r.Summariser: summary =  18182 in 00:05:04 =   59.8/s Avg:   346 Min:   240 Max:  1193 Err:     0 (0.00%)
2025-02-27 14:27:00,021 INFO o.a.j.r.Summariser: summary +   2285 in 00:00:30 =   76.1/s Avg:   353 Min:   241 Max:  1058 Err:     0 (0.00%) Active: 100 Started: 100 Finished: 0
2025-02-27 14:27:00,022 INFO o.a.j.r.Summariser: summary =  20467 in 00:05:34 =   61.3/s Avg:   346 Min:   240 Max:  1193 Err:     0 (0.00%)
2025-02-27 14:27:30,011 INFO o.a.j.r.Summariser: summary +   2295 in 00:00:30 =   76.5/s Avg:   328 Min:   242 Max:   883 Err:     0 (0.00%) Active: 100 Started: 100 Finished: 0
2025-02-27 14:27:30,013 INFO o.a.j.r.Summariser: summary =  22762 in 00:06:04 =   62.6/s Avg:   345 Min:   240 Max:  1193 Err:     0 (0.00%)
2025-02-27 14:28:00,032 INFO o.a.j.r.Summariser: summary +   2283 in 00:00:30 =   76.0/s Avg:   343 Min:   241 Max:  1085 Err:     0 (0.00%) Active: 100 Started: 100 Finished: 0
2025-02-27 14:28:00,033 INFO o.a.j.r.Summariser: summary =  25045 in 00:06:34 =   63.6/s Avg:   344 Min:   240 Max:  1193 Err:     0 (0.00%)
2025-02-27 14:28:30,003 INFO o.a.j.r.Summariser: summary +   2289 in 00:00:30 =   76.4/s Avg:   331 Min:   242 Max:   838 Err:     0 (0.00%) Active: 100 Started: 100 Finished: 0
2025-02-27 14:28:30,004 INFO o.a.j.r.Summariser: summary =  27334 in 00:07:04 =   64.5/s Avg:   343 Min:   240 Max:  1193 Err:     0 (0.00%)
2025-02-27 14:29:00,005 INFO o.a.j.r.Summariser: summary +   2289 in 00:00:30 =   76.3/s Avg:   354 Min:   241 Max:  1062 Err:     0 (0.00%) Active: 100 Started: 100 Finished: 0
2025-02-27 14:29:00,007 INFO o.a.j.r.Summariser: summary =  29623 in 00:07:34 =   65.3/s Avg:   344 Min:   240 Max:  1193 Err:     0 (0.00%)
2025-02-27 14:29:30,010 INFO o.a.j.r.Summariser: summary +   2286 in 00:00:30 =   76.2/s Avg:   325 Min:   241 Max:   817 Err:     0 (0.00%) Active: 100 Started: 100 Finished: 0
2025-02-27 14:29:30,012 INFO o.a.j.r.Summariser: summary =  31909 in 00:08:04 =   65.9/s Avg:   343 Min:   240 Max:  1193 Err:     0 (0.00%)
2025-02-27 14:30:00,003 INFO o.a.j.r.Summariser: summary +   2291 in 00:00:30 =   76.4/s Avg:   357 Min:   241 Max:  1041 Err:     0 (0.00%) Active: 100 Started: 100 Finished: 0
2025-02-27 14:30:00,003 INFO o.a.j.r.Summariser: summary =  34200 in 00:08:34 =   66.6/s Avg:   344 Min:   240 Max:  1193 Err:     0 (0.00%)
2025-02-27 14:30:30,010 INFO o.a.j.r.Summariser: summary +   2284 in 00:00:30 =   76.1/s Avg:   318 Min:   240 Max:   882 Err:     0 (0.00%) Active: 100 Started: 100 Finished: 0
2025-02-27 14:30:30,011 INFO o.a.j.r.Summariser: summary =  36484 in 00:09:04 =   67.1/s Avg:   342 Min:   240 Max:  1193 Err:     0 (0.00%)
2025-02-27 14:31:00,002 INFO o.a.j.r.Summariser: summary +   2281 in 00:00:30 =   76.1/s Avg:   368 Min:   242 Max:  1202 Err:     0 (0.00%) Active: 100 Started: 100 Finished: 0
2025-02-27 14:31:00,004 INFO o.a.j.r.Summariser: summary =  38765 in 00:09:34 =   67.6/s Avg:   344 Min:   240 Max:  1202 Err:     0 (0.00%)
2025-02-27 14:31:30,003 INFO o.a.j.r.Summariser: summary +   2275 in 00:00:30 =   75.8/s Avg:   341 Min:   242 Max:  1034 Err:     0 (0.00%) Active: 100 Started: 100 Finished: 0
2025-02-27 14:31:30,005 INFO o.a.j.r.Summariser: summary =  41040 in 00:10:04 =   68.0/s Avg:   343 Min:   240 Max:  1202 Err:     0 (0.00%)
2025-02-27 14:32:00,006 INFO o.a.j.r.Summariser: summary +   2289 in 00:00:30 =   76.3/s Avg:   351 Min:   240 Max:  1118 Err:     0 (0.00%) Active: 100 Started: 100 Finished: 0
2025-02-27 14:32:00,007 INFO o.a.j.r.Summariser: summary =  43329 in 00:10:34 =   68.4/s Avg:   344 Min:   240 Max:  1202 Err:     0 (0.00%)
2025-02-27 14:32:25,046 INFO o.a.j.t.JMeterThread: Thread finished: Thread-Gruppe 1-1
2025-02-27 14:32:25,111 INFO o.a.j.t.JMeterThread: Thread finished: Thread-Gruppe 1-62
2025-02-27 14:32:25,111 INFO o.a.j.t.JMeterThread: Thread finished: Thread-Gruppe 1-47
2025-02-27 14:32:25,111 INFO o.a.j.t.JMeterThread: Thread finished: Thread-Gruppe 1-17
2025-02-27 14:32:25,115 INFO o.a.j.t.JMeterThread: Thread finished: Thread-Gruppe 1-2
2025-02-27 14:32:25,215 INFO o.a.j.t.JMeterThread: Thread finished: Thread-Gruppe 1-63
2025-02-27 14:32:25,215 INFO o.a.j.t.JMeterThread: Thread finished: Thread-Gruppe 1-18
2025-02-27 14:32:25,216 INFO o.a.j.t.JMeterThread: Thread finished: Thread-Gruppe 1-48
2025-02-27 14:32:25,229 INFO o.a.j.t.JMeterThread: Thread finished: Thread-Gruppe 1-3
2025-02-27 14:32:25,341 INFO o.a.j.t.JMeterThread: Thread finished: Thread-Gruppe 1-64
2025-02-27 14:32:25,348 INFO o.a.j.t.JMeterThread: Thread finished: Thread-Gruppe 1-49
2025-02-27 14:32:25,355 INFO o.a.j.t.JMeterThread: Thread finished: Thread-Gruppe 1-19
2025-02-27 14:32:25,375 INFO o.a.j.t.JMeterThread: Thread finished: Thread-Gruppe 1-4
2025-02-27 14:32:25,474 INFO o.a.j.t.JMeterThread: Thread finished: Thread-Gruppe 1-65
2025-02-27 14:32:25,477 INFO o.a.j.t.JMeterThread: Thread finished: Thread-Gruppe 1-20
2025-02-27 14:32:25,477 INFO o.a.j.t.JMeterThread: Thread finished: Thread-Gruppe 1-50
2025-02-27 14:32:25,495 INFO o.a.j.t.JMeterThread: Thread finished: Thread-Gruppe 1-5
2025-02-27 14:32:25,617 INFO o.a.j.t.JMeterThread: Thread finished: Thread-Gruppe 1-51
2025-02-27 14:32:25,620 INFO o.a.j.t.JMeterThread: Thread finished: Thread-Gruppe 1-66
2025-02-27 14:32:25,623 INFO o.a.j.t.JMeterThread: Thread finished: Thread-Gruppe 1-32
2025-02-27 14:32:25,628 INFO o.a.j.t.JMeterThread: Thread finished: Thread-Gruppe 1-6
2025-02-27 14:32:25,628 INFO o.a.j.t.JMeterThread: Thread finished: Thread-Gruppe 1-21
2025-02-27 14:32:25,744 INFO o.a.j.t.JMeterThread: Thread finished: Thread-Gruppe 1-33
2025-02-27 14:32:25,749 INFO o.a.j.t.JMeterThread: Thread finished: Thread-Gruppe 1-67
2025-02-27 14:32:25,749 INFO o.a.j.t.JMeterThread: Thread finished: Thread-Gruppe 1-52
2025-02-27 14:32:25,768 INFO o.a.j.t.JMeterThread: Thread finished: Thread-Gruppe 1-22
2025-02-27 14:32:25,771 INFO o.a.j.t.JMeterThread: Thread finished: Thread-Gruppe 1-7
2025-02-27 14:32:25,879 INFO o.a.j.t.JMeterThread: Thread finished: Thread-Gruppe 1-34
2025-02-27 14:32:25,884 INFO o.a.j.t.JMeterThread: Thread finished: Thread-Gruppe 1-68
2025-02-27 14:32:25,885 INFO o.a.j.t.JMeterThread: Thread finished: Thread-Gruppe 1-53
2025-02-27 14:32:25,885 INFO o.a.j.t.JMeterThread: Thread finished: Thread-Gruppe 1-23
2025-02-27 14:32:25,891 INFO o.a.j.t.JMeterThread: Thread finished: Thread-Gruppe 1-8
2025-02-27 14:32:26,027 INFO o.a.j.t.JMeterThread: Thread finished: Thread-Gruppe 1-35
2025-02-27 14:32:26,028 INFO o.a.j.t.JMeterThread: Thread finished: Thread-Gruppe 1-69
2025-02-27 14:32:26,029 INFO o.a.j.t.JMeterThread: Thread finished: Thread-Gruppe 1-54
2025-02-27 14:32:26,075 INFO o.a.j.t.JMeterThread: Thread finished: Thread-Gruppe 1-24
2025-02-27 14:32:26,076 INFO o.a.j.t.JMeterThread: Thread finished: Thread-Gruppe 1-9
2025-02-27 14:32:26,146 INFO o.a.j.t.JMeterThread: Thread finished: Thread-Gruppe 1-36
2025-02-27 14:32:26,147 INFO o.a.j.t.JMeterThread: Thread finished: Thread-Gruppe 1-25
2025-02-27 14:32:26,147 INFO o.a.j.t.JMeterThread: Thread finished: Thread-Gruppe 1-70
2025-02-27 14:32:26,147 INFO o.a.j.t.JMeterThread: Thread finished: Thread-Gruppe 1-55
2025-02-27 14:32:26,162 INFO o.a.j.t.JMeterThread: Thread finished: Thread-Gruppe 1-10
2025-02-27 14:32:26,301 INFO o.a.j.t.JMeterThread: Thread finished: Thread-Gruppe 1-71
2025-02-27 14:32:26,315 INFO o.a.j.t.JMeterThread: Thread finished: Thread-Gruppe 1-56
2025-02-27 14:32:26,317 INFO o.a.j.t.JMeterThread: Thread finished: Thread-Gruppe 1-26
2025-02-27 14:32:26,321 INFO o.a.j.t.JMeterThread: Thread finished: Thread-Gruppe 1-11
2025-02-27 14:32:26,355 INFO o.a.j.t.JMeterThread: Thread finished: Thread-Gruppe 1-37
2025-02-27 14:32:26,450 INFO o.a.j.t.JMeterThread: Thread finished: Thread-Gruppe 1-38
2025-02-27 14:32:26,455 INFO o.a.j.t.JMeterThread: Thread finished: Thread-Gruppe 1-72
2025-02-27 14:32:26,455 INFO o.a.j.t.JMeterThread: Thread finished: Thread-Gruppe 2-7
2025-02-27 14:32:26,455 INFO o.a.j.t.JMeterThread: Thread finished: Thread-Gruppe 1-57
2025-02-27 14:32:26,460 INFO o.a.j.t.JMeterThread: Thread finished: Thread-Gruppe 1-27
2025-02-27 14:32:26,460 INFO o.a.j.t.JMeterThread: Thread finished: Thread-Gruppe 1-12
2025-02-27 14:32:26,536 INFO o.a.j.t.JMeterThread: Thread finished: Thread-Gruppe 2-4
2025-02-27 14:32:26,536 INFO o.a.j.t.JMeterThread: Thread finished: Thread-Gruppe 1-73
2025-02-27 14:32:26,540 INFO o.a.j.t.JMeterThread: Thread finished: Thread-Gruppe 2-11
2025-02-27 14:32:26,540 INFO o.a.j.t.JMeterThread: Thread finished: Thread-Gruppe 1-58
2025-02-27 14:32:26,558 INFO o.a.j.t.JMeterThread: Thread finished: Thread-Gruppe 1-28
2025-02-27 14:32:26,558 INFO o.a.j.t.JMeterThread: Thread finished: Thread-Gruppe 1-13
2025-02-27 14:32:26,558 INFO o.a.j.t.JMeterThread: Thread finished: Thread-Gruppe 1-39
2025-02-27 14:32:26,601 INFO o.a.j.t.JMeterThread: Thread finished: Thread-Gruppe 2-3
2025-02-27 14:32:26,618 INFO o.a.j.t.JMeterThread: Thread finished: Thread-Gruppe 2-14
2025-02-27 14:32:26,653 INFO o.a.j.t.JMeterThread: Thread finished: Thread-Gruppe 2-9
2025-02-27 14:32:26,664 INFO o.a.j.t.JMeterThread: Thread finished: Thread-Gruppe 2-17
2025-02-27 14:32:26,676 INFO o.a.j.t.JMeterThread: Thread finished: Thread-Gruppe 1-74
2025-02-27 14:32:26,676 INFO o.a.j.t.JMeterThread: Thread finished: Thread-Gruppe 1-59
2025-02-27 14:32:26,690 INFO o.a.j.t.JMeterThread: Thread finished: Thread-Gruppe 1-29
2025-02-27 14:32:26,692 INFO o.a.j.t.JMeterThread: Thread finished: Thread-Gruppe 1-14
2025-02-27 14:32:26,699 INFO o.a.j.t.JMeterThread: Thread finished: Thread-Gruppe 3-2
2025-02-27 14:32:26,713 INFO o.a.j.t.JMeterThread: Thread finished: Thread-Gruppe 2-8
2025-02-27 14:32:26,716 INFO o.a.j.t.JMeterThread: Thread finished: Thread-Gruppe 1-40
2025-02-27 14:32:26,745 INFO o.a.j.t.JMeterThread: Thread finished: Thread-Gruppe 2-19
2025-02-27 14:32:26,745 INFO o.a.j.t.JMeterThread: Thread finished: Thread-Gruppe 2-18
2025-02-27 14:32:26,781 INFO o.a.j.t.JMeterThread: Thread finished: Thread-Gruppe 2-2
2025-02-27 14:32:26,792 INFO o.a.j.t.JMeterThread: Thread finished: Thread-Gruppe 2-13
2025-02-27 14:32:26,792 INFO o.a.j.t.JMeterThread: Thread finished: Thread-Gruppe 2-1
2025-02-27 14:32:26,807 INFO o.a.j.t.JMeterThread: Thread finished: Thread-Gruppe 1-75
2025-02-27 14:32:26,808 INFO o.a.j.t.JMeterThread: Stopping because end time detected by thread: Thread-Gruppe 1-60
2025-02-27 14:32:26,809 INFO o.a.j.t.JMeterThread: Thread finished: Thread-Gruppe 1-60
2025-02-27 14:32:26,809 INFO o.a.j.t.JMeterThread: Stopping because end time detected by thread: Thread-Gruppe 1-41
2025-02-27 14:32:26,810 INFO o.a.j.t.JMeterThread: Thread finished: Thread-Gruppe 1-41
2025-02-27 14:32:26,820 INFO o.a.j.t.JMeterThread: Stopping because end time detected by thread: Thread-Gruppe 1-30
2025-02-27 14:32:26,820 INFO o.a.j.t.JMeterThread: Thread finished: Thread-Gruppe 1-30
2025-02-27 14:32:26,820 INFO o.a.j.t.JMeterThread: Stopping because end time detected by thread: Thread-Gruppe 1-15
2025-02-27 14:32:26,820 INFO o.a.j.t.JMeterThread: Thread finished: Thread-Gruppe 1-15
2025-02-27 14:32:26,841 INFO o.a.j.t.JMeterThread: Stopping because end time detected by thread: Thread-Gruppe 2-15
2025-02-27 14:32:26,841 INFO o.a.j.t.JMeterThread: Thread finished: Thread-Gruppe 2-15
2025-02-27 14:32:26,947 INFO o.a.j.t.JMeterThread: Stopping because end time detected by thread: Thread-Gruppe 1-61
2025-02-27 14:32:26,947 INFO o.a.j.t.JMeterThread: Stopping because end time detected by thread: Thread-Gruppe 1-31
2025-02-27 14:32:26,947 INFO o.a.j.t.JMeterThread: Thread finished: Thread-Gruppe 1-31
2025-02-27 14:32:26,947 INFO o.a.j.t.JMeterThread: Thread finished: Thread-Gruppe 1-61
2025-02-27 14:32:26,962 INFO o.a.j.t.JMeterThread: Stopping because end time detected by thread: Thread-Gruppe 1-16
2025-02-27 14:32:26,962 INFO o.a.j.t.JMeterThread: Thread finished: Thread-Gruppe 1-16
2025-02-27 14:32:26,977 INFO o.a.j.t.JMeterThread: Stopping because end time detected by thread: Thread-Gruppe 1-42
2025-02-27 14:32:26,977 INFO o.a.j.t.JMeterThread: Stopping because end time detected by thread: Thread-Gruppe 2-20
2025-02-27 14:32:26,977 INFO o.a.j.t.JMeterThread: Thread finished: Thread-Gruppe 1-42
2025-02-27 14:32:26,977 INFO o.a.j.t.JMeterThread: Thread finished: Thread-Gruppe 2-20
2025-02-27 14:32:27,037 INFO o.a.j.t.JMeterThread: Stopping because end time detected by thread: Thread-Gruppe 1-43
2025-02-27 14:32:27,037 INFO o.a.j.t.JMeterThread: Thread finished: Thread-Gruppe 1-43
2025-02-27 14:32:27,037 INFO o.a.j.t.JMeterThread: Stopping because end time detected by thread: Thread-Gruppe 2-5
2025-02-27 14:32:27,037 INFO o.a.j.t.JMeterThread: Thread finished: Thread-Gruppe 2-5
2025-02-27 14:32:27,037 INFO o.a.j.t.JMeterThread: Stopping because end time detected by thread: Thread-Gruppe 3-5
2025-02-27 14:32:27,037 INFO o.a.j.t.JMeterThread: Thread finished: Thread-Gruppe 3-5
2025-02-27 14:32:27,037 INFO o.a.j.t.JMeterThread: Stopping because end time detected by thread: Thread-Gruppe 2-12
2025-02-27 14:32:27,037 INFO o.a.j.t.JMeterThread: Thread finished: Thread-Gruppe 2-12
2025-02-27 14:32:27,052 INFO o.a.j.t.JMeterThread: Stopping because end time detected by thread: Thread-Gruppe 2-6
2025-02-27 14:32:27,052 INFO o.a.j.t.JMeterThread: Stopping because end time detected by thread: Thread-Gruppe 2-16
2025-02-27 14:32:27,052 INFO o.a.j.t.JMeterThread: Thread finished: Thread-Gruppe 2-6
2025-02-27 14:32:27,052 INFO o.a.j.t.JMeterThread: Thread finished: Thread-Gruppe 2-16
2025-02-27 14:32:27,067 INFO o.a.j.t.JMeterThread: Stopping because end time detected by thread: Thread-Gruppe 3-3
2025-02-27 14:32:27,067 INFO o.a.j.t.JMeterThread: Thread finished: Thread-Gruppe 3-3
2025-02-27 14:32:27,145 INFO o.a.j.t.JMeterThread: Stopping because end time detected by thread: Thread-Gruppe 3-1
2025-02-27 14:32:27,145 INFO o.a.j.t.JMeterThread: Thread finished: Thread-Gruppe 3-1
2025-02-27 14:32:27,145 INFO o.a.j.t.JMeterThread: Stopping because end time detected by thread: Thread-Gruppe 3-4
2025-02-27 14:32:27,160 INFO o.a.j.t.JMeterThread: Thread finished: Thread-Gruppe 3-4
2025-02-27 14:32:27,205 INFO o.a.j.t.JMeterThread: Stopping because end time detected by thread: Thread-Gruppe 1-44
2025-02-27 14:32:27,205 INFO o.a.j.t.JMeterThread: Thread finished: Thread-Gruppe 1-44
2025-02-27 14:32:27,252 INFO o.a.j.t.JMeterThread: Stopping because end time detected by thread: Thread-Gruppe 2-10
2025-02-27 14:32:27,252 INFO o.a.j.t.JMeterThread: Thread finished: Thread-Gruppe 2-10
2025-02-27 14:32:27,297 INFO o.a.j.t.JMeterThread: Stopping because end time detected by thread: Thread-Gruppe 1-45
2025-02-27 14:32:27,297 INFO o.a.j.t.JMeterThread: Thread finished: Thread-Gruppe 1-45
2025-02-27 14:32:27,463 INFO o.a.j.t.JMeterThread: Stopping because end time detected by thread: Thread-Gruppe 1-46
2025-02-27 14:32:27,463 INFO o.a.j.t.JMeterThread: Thread finished: Thread-Gruppe 1-46
2025-02-27 14:32:27,463 INFO o.a.j.e.StandardJMeterEngine: Notifying test listeners of end of test
2025-02-27 14:32:27,463 INFO o.a.j.r.Summariser: summary +   2064 in 00:00:27 =   75.2/s Avg:   334 Min:   239 Max:   900 Err:     0 (0.00%) Active: 0 Started: 100 Finished: 100
2025-02-27 14:32:27,463 INFO o.a.j.r.Summariser: summary =  45393 in 00:11:01 =   68.6/s Avg:   343 Min:   239 Max:  1202 Err:     0 (0.00%)
