2025-03-01 20:08:20,951 INFO o.a.j.u.JMeterUtils: Setting Locale to en_EN
2025-03-01 20:08:20,973 INFO o.a.j.JMeter: Loading user properties from: C:\Users\ASUS\Desktop\apache-jmeter-5.6.3\apache-jmeter-5.6.3\bin\user.properties
2025-03-01 20:08:20,973 INFO o.a.j.JMeter: Loading system properties from: C:\Users\ASUS\Desktop\apache-jmeter-5.6.3\apache-jmeter-5.6.3\bin\system.properties
2025-03-01 20:08:20,973 INFO o.a.j.JMeter: Setting JMeter property: lb_1_hostname=104.155.182.254
2025-03-01 20:08:20,973 INFO o.a.j.JMeter: Setting JMeter property: lb_2_hostname=35.246.73.6
2025-03-01 20:08:20,973 INFO o.a.j.JMeter: Setting JMeter property: lb_1_port=8090
2025-03-01 20:08:20,973 INFO o.a.j.JMeter: Setting JMeter property: lb_2_port=8091
2025-03-01 20:08:20,983 INFO o.a.j.JMeter: Setting JMeter property: warm_up_users=20
2025-03-01 20:08:20,983 INFO o.a.j.JMeter: Setting JMeter property: warm_up_time=60
2025-03-01 20:08:20,983 INFO o.a.j.JMeter: Setting JMeter property: test_run_time=600
2025-03-01 20:08:20,983 INFO o.a.j.JMeter: Setting JMeter property: ramp_up=10
2025-03-01 20:08:20,983 INFO o.a.j.JMeter: Setting JMeter property: group_1=75
2025-03-01 20:08:20,983 INFO o.a.j.JMeter: Setting JMeter property: group_2=20
2025-03-01 20:08:20,983 INFO o.a.j.JMeter: Setting JMeter property: group_3=5
2025-03-01 20:08:20,983 INFO o.a.j.JMeter: Setting JMeter property: group_1_request_rate=30
2025-03-01 20:08:20,983 INFO o.a.j.JMeter: Setting JMeter property: group_2_request_rate=90
2025-03-01 20:08:20,983 INFO o.a.j.JMeter: Setting JMeter property: group_3_request_rate=120
2025-03-01 20:08:20,983 INFO o.a.j.JMeter: Setting JMeter property: log_file=c:\\Users\\ASUS\\Desktop\\Repos\\rate-limiter-nginx\\jmeter\\cloud\\2025_03_01_18_17_logs\\sliding_window_logs\\redis_script_rate_limit_100_window_size_60\\warm_up_results.csv
2025-03-01 20:08:20,983 INFO o.a.j.JMeter: Setting JMeter property: algorithm=sliding_window_logs_redis_script_rate_limit_100_window_size_60
2025-03-01 20:08:20,983 INFO o.a.j.JMeter: Setting JMeter property: auth=/sliding_window_logs/redis_script_rate_limit_100_window_size_60/tools.descartes.teastore.auth/rest
2025-03-01 20:08:20,983 INFO o.a.j.JMeter: Setting JMeter property: persistence=/sliding_window_logs/redis_script_rate_limit_100_window_size_60/tools.descartes.teastore.persistence/rest
2025-03-01 20:08:20,983 INFO o.a.j.JMeter: Setting JMeter property: recommender=/sliding_window_logs/redis_script_rate_limit_100_window_size_60/tools.descartes.teastore.recommender/rest
2025-03-01 20:08:20,983 INFO o.a.j.JMeter: Setting JMeter property: image=/sliding_window_logs/redis_script_rate_limit_100_window_size_60/tools.descartes.teastore.image/rest
2025-03-01 20:08:20,990 INFO o.a.j.JMeter: Copyright (c) 1998-2024 The Apache Software Foundation
2025-03-01 20:08:20,990 INFO o.a.j.JMeter: Version 5.6.3
2025-03-01 20:08:20,990 INFO o.a.j.JMeter: java.version=17.0.9
2025-03-01 20:08:20,990 INFO o.a.j.JMeter: java.vm.name=Java HotSpot(TM) 64-Bit Server VM
2025-03-01 20:08:20,990 INFO o.a.j.JMeter: os.name=Windows 11
2025-03-01 20:08:20,990 INFO o.a.j.JMeter: os.arch=amd64
2025-03-01 20:08:20,998 INFO o.a.j.JMeter: os.version=10.0
2025-03-01 20:08:20,998 INFO o.a.j.JMeter: file.encoding=Cp1252
2025-03-01 20:08:20,998 INFO o.a.j.JMeter: java.awt.headless=true
2025-03-01 20:08:20,998 INFO o.a.j.JMeter: Max memory     =1073741824
2025-03-01 20:08:20,998 INFO o.a.j.JMeter: Available Processors =12
2025-03-01 20:08:21,010 INFO o.a.j.JMeter: Default Locale=English (EN)
2025-03-01 20:08:21,010 INFO o.a.j.JMeter: JMeter  Locale=English (EN)
2025-03-01 20:08:21,010 INFO o.a.j.JMeter: JMeterHome=C:\Users\ASUS\Desktop\apache-jmeter-5.6.3\apache-jmeter-5.6.3
2025-03-01 20:08:21,010 INFO o.a.j.JMeter: user.dir  =C:\Users\ASUS\Desktop\Repos\rate-limiter-nginx
2025-03-01 20:08:21,010 INFO o.a.j.JMeter: PWD       =C:\Users\ASUS\Desktop\Repos\rate-limiter-nginx
2025-03-01 20:08:21,010 INFO o.a.j.JMeter: IP: 192.168.1.45 Name: THIVA FullName: THIVA
2025-03-01 20:08:21,040 INFO o.a.j.s.FileServer: Default base='C:\Users\ASUS\Desktop\Repos\rate-limiter-nginx'
2025-03-01 20:08:21,042 INFO o.a.j.s.FileServer: Set new base='c:\Users\ASUS\Desktop\Repos\rate-limiter-nginx\jmeter\cloud'
2025-03-01 20:08:21,281 INFO o.a.j.s.SaveService: Testplan (JMX) version: 2.2. Testlog (JTL) version: 2.2
2025-03-01 20:08:21,318 INFO o.a.j.s.SaveService: Using SaveService properties version 5.0
2025-03-01 20:08:21,325 INFO o.a.j.s.SaveService: Using SaveService properties file encoding UTF-8
2025-03-01 20:08:21,325 INFO o.a.j.s.SaveService: Loading file: c:\Users\ASUS\Desktop\Repos\rate-limiter-nginx\jmeter\cloud\teastore_performance.jmx
2025-03-01 20:08:21,376 INFO o.a.j.p.h.c.CookieManager: Settings: Delete null: true Check: true Allow variable: true Save: false Prefix: COOKIE_
2025-03-01 20:08:21,405 INFO o.a.j.p.h.s.HTTPSamplerBase: Parser for text/html is org.apache.jmeter.protocol.http.parser.LagartoBasedHtmlParser
2025-03-01 20:08:21,405 INFO o.a.j.p.h.s.HTTPSamplerBase: Parser for application/xhtml+xml is org.apache.jmeter.protocol.http.parser.LagartoBasedHtmlParser
2025-03-01 20:08:21,405 INFO o.a.j.p.h.s.HTTPSamplerBase: Parser for application/xml is org.apache.jmeter.protocol.http.parser.LagartoBasedHtmlParser
2025-03-01 20:08:21,405 INFO o.a.j.p.h.s.HTTPSamplerBase: Parser for text/xml is org.apache.jmeter.protocol.http.parser.LagartoBasedHtmlParser
2025-03-01 20:08:21,405 INFO o.a.j.p.h.s.HTTPSamplerBase: Parser for text/vnd.wap.wml is org.apache.jmeter.protocol.http.parser.RegexpHTMLParser
2025-03-01 20:08:21,405 INFO o.a.j.p.h.s.HTTPSamplerBase: Parser for text/css is org.apache.jmeter.protocol.http.parser.CssParser
2025-03-01 20:08:21,539 INFO o.a.j.s.SampleResult: Note: Sample TimeStamps are START times
2025-03-01 20:08:21,539 INFO o.a.j.s.SampleResult: sampleresult.default.encoding is set to UTF-8
2025-03-01 20:08:21,539 INFO o.a.j.s.SampleResult: sampleresult.useNanoTime=true
2025-03-01 20:08:21,539 INFO o.a.j.s.SampleResult: sampleresult.nanoThreadSleep=5000
2025-03-01 20:08:21,574 INFO o.a.j.JMeter: Creating summariser <summary>
2025-03-01 20:08:21,591 INFO o.a.j.e.StandardJMeterEngine: Running the test!
2025-03-01 20:08:21,592 INFO o.a.j.s.SampleEvent: List of sample_variables: []
2025-03-01 20:08:21,592 INFO o.a.j.s.SampleEvent: List of sample_variables: []
2025-03-01 20:08:21,602 INFO o.a.j.e.u.CompoundVariable: Note: Function class names must contain the string: '.functions.'
2025-03-01 20:08:21,602 INFO o.a.j.e.u.CompoundVariable: Note: Function class names must not contain the string: '.gui.'
2025-03-01 20:08:21,687 INFO o.a.j.r.ClassFinder: Will scan jar C:\Users\ASUS\Desktop\apache-jmeter-5.6.3\apache-jmeter-5.6.3\lib\ext\jmeter-plugins-casutg-2.10.jar with filter ExtendsClassFilter [parents=[interface org.apache.jmeter.functions.Function], inner=false, contains=null, notContains=null]. Consider exposing JMeter plugins via META-INF/services, and add JMeter-Skip-Class-Scanning=true manifest attribute so JMeter can skip classfile scanning
2025-03-01 20:08:21,705 INFO o.a.j.r.ClassFinder: Will scan jar C:\Users\ASUS\Desktop\apache-jmeter-5.6.3\apache-jmeter-5.6.3\lib\ext\jmeter-plugins-graphs-vs-2.0.jar with filter ExtendsClassFilter [parents=[interface org.apache.jmeter.functions.Function], inner=false, contains=null, notContains=null]. Consider exposing JMeter plugins via META-INF/services, and add JMeter-Skip-Class-Scanning=true manifest attribute so JMeter can skip classfile scanning
2025-03-01 20:08:21,709 INFO o.a.j.r.ClassFinder: Will scan jar C:\Users\ASUS\Desktop\apache-jmeter-5.6.3\apache-jmeter-5.6.3\lib\ext\jmeter-plugins-manager-1.9.jar with filter ExtendsClassFilter [parents=[interface org.apache.jmeter.functions.Function], inner=false, contains=null, notContains=null]. Consider exposing JMeter plugins via META-INF/services, and add JMeter-Skip-Class-Scanning=true manifest attribute so JMeter can skip classfile scanning
2025-03-01 20:08:21,785 INFO o.a.j.r.ClassFinder: Will scan jar C:\Users\ASUS\Desktop\apache-jmeter-5.6.3\apache-jmeter-5.6.3\lib\ext\jmeter-plugins-graphs-basic-2.0.jar with filter ExtendsClassFilter [parents=[interface org.apache.jmeter.functions.Function], inner=false, contains=null, notContains=null]. Consider exposing JMeter plugins via META-INF/services, and add JMeter-Skip-Class-Scanning=true manifest attribute so JMeter can skip classfile scanning
2025-03-01 20:08:21,787 INFO o.a.j.r.ClassFinder: Will scan jar C:\Users\ASUS\Desktop\apache-jmeter-5.6.3\apache-jmeter-5.6.3\lib\ext\jmeter-plugins-manager-0.20.jar with filter ExtendsClassFilter [parents=[interface org.apache.jmeter.functions.Function], inner=false, contains=null, notContains=null]. Consider exposing JMeter plugins via META-INF/services, and add JMeter-Skip-Class-Scanning=true manifest attribute so JMeter can skip classfile scanning
2025-03-01 20:08:21,793 INFO o.a.j.r.ClassFinder: Will scan jar C:\Users\ASUS\Desktop\apache-jmeter-5.6.3\apache-jmeter-5.6.3\lib\ext\jmeter-plugins-tst-2.6.jar with filter ExtendsClassFilter [parents=[interface org.apache.jmeter.functions.Function], inner=false, contains=null, notContains=null]. Consider exposing JMeter plugins via META-INF/services, and add JMeter-Skip-Class-Scanning=true manifest attribute so JMeter can skip classfile scanning
2025-03-01 20:08:21,801 INFO o.a.j.r.ClassFinder: Will scan jar C:\Users\ASUS\Desktop\apache-jmeter-5.6.3\apache-jmeter-5.6.3\lib\ext\jmeter-parallel-0.12.jar with filter ExtendsClassFilter [parents=[interface org.apache.jmeter.functions.Function], inner=false, contains=null, notContains=null]. Consider exposing JMeter plugins via META-INF/services, and add JMeter-Skip-Class-Scanning=true manifest attribute so JMeter can skip classfile scanning
2025-03-01 20:08:22,102 INFO o.a.j.JMeter: Running test (1740839902102)
2025-03-01 20:08:22,102 INFO o.a.j.e.StandardJMeterEngine: Starting setUp thread groups
2025-03-01 20:08:22,102 INFO o.a.j.e.StandardJMeterEngine: Starting setUp ThreadGroup: 1 : setUp Thread Group 
2025-03-01 20:08:22,102 INFO o.a.j.e.StandardJMeterEngine: Starting 20 threads for group setUp Thread Group.
2025-03-01 20:08:22,102 INFO o.a.j.e.StandardJMeterEngine: Thread will continue on error
2025-03-01 20:08:22,102 INFO o.a.j.t.ThreadGroup: Starting thread group... number=1 threads=20 ramp-up=10 delayedStart=false
2025-03-01 20:08:22,122 INFO o.a.j.t.JMeterThread: Thread started: setUp Thread Group 1-1
2025-03-01 20:08:22,137 INFO o.a.j.t.ThreadGroup: Started thread group number 1
2025-03-01 20:08:22,137 INFO o.a.j.e.StandardJMeterEngine: Waiting for all setup thread groups to exit
2025-03-01 20:08:22,634 INFO o.a.j.t.JMeterThread: Thread started: setUp Thread Group 1-2
2025-03-01 20:08:22,964 INFO o.a.j.p.h.s.HTTPHCAbstractImpl: Local host = THIVA
2025-03-01 20:08:22,971 INFO o.a.j.p.h.s.HTTPHC4Impl: HTTP request retry count = 0
2025-03-01 20:08:23,125 INFO o.a.j.t.JMeterThread: Thread started: setUp Thread Group 1-3
2025-03-01 20:08:23,609 INFO o.a.j.t.JMeterThread: Thread started: setUp Thread Group 1-4
2025-03-01 20:08:24,108 INFO o.a.j.t.JMeterThread: Thread started: setUp Thread Group 1-5
2025-03-01 20:08:24,609 INFO o.a.j.t.JMeterThread: Thread started: setUp Thread Group 1-6
2025-03-01 20:08:25,106 INFO o.a.j.t.JMeterThread: Thread started: setUp Thread Group 1-7
2025-03-01 20:08:25,609 INFO o.a.j.t.JMeterThread: Thread started: setUp Thread Group 1-8
2025-03-01 20:08:26,106 INFO o.a.j.t.JMeterThread: Thread started: setUp Thread Group 1-9
2025-03-01 20:08:26,607 INFO o.a.j.t.JMeterThread: Thread started: setUp Thread Group 1-10
2025-03-01 20:08:27,105 INFO o.a.j.t.JMeterThread: Thread started: setUp Thread Group 1-11
2025-03-01 20:08:27,603 INFO o.a.j.t.JMeterThread: Thread started: setUp Thread Group 1-12
2025-03-01 20:08:28,102 INFO o.a.j.t.JMeterThread: Thread started: setUp Thread Group 1-13
2025-03-01 20:08:28,602 INFO o.a.j.t.JMeterThread: Thread started: setUp Thread Group 1-14
2025-03-01 20:08:29,102 INFO o.a.j.t.JMeterThread: Thread started: setUp Thread Group 1-15
2025-03-01 20:08:29,602 INFO o.a.j.t.JMeterThread: Thread started: setUp Thread Group 1-16
2025-03-01 20:08:30,103 INFO o.a.j.t.JMeterThread: Thread started: setUp Thread Group 1-17
2025-03-01 20:08:30,602 INFO o.a.j.t.JMeterThread: Thread started: setUp Thread Group 1-18
2025-03-01 20:08:31,102 INFO o.a.j.t.JMeterThread: Thread started: setUp Thread Group 1-19
2025-03-01 20:08:31,603 INFO o.a.j.t.JMeterThread: Thread started: setUp Thread Group 1-20
2025-03-01 20:09:21,905 INFO o.a.j.t.JMeterThread: Thread finished: setUp Thread Group 1-5
2025-03-01 20:09:21,961 INFO o.a.j.t.JMeterThread: Thread finished: setUp Thread Group 1-8
2025-03-01 20:09:22,001 INFO o.a.j.t.JMeterThread: Thread finished: setUp Thread Group 1-12
2025-03-01 20:09:22,030 INFO o.a.j.t.JMeterThread: Thread finished: setUp Thread Group 1-9
2025-03-01 20:09:22,036 INFO o.a.j.t.JMeterThread: Thread finished: setUp Thread Group 1-16
2025-03-01 20:09:22,036 INFO o.a.j.t.JMeterThread: Thread finished: setUp Thread Group 1-3
2025-03-01 20:09:22,109 INFO o.a.j.t.JMeterThread: Thread finished: setUp Thread Group 1-19
2025-03-01 20:09:22,110 INFO o.a.j.t.JMeterThread: Stopping because end time detected by thread: setUp Thread Group 1-1
2025-03-01 20:09:22,111 INFO o.a.j.t.JMeterThread: Thread finished: setUp Thread Group 1-1
2025-03-01 20:09:22,111 INFO o.a.j.t.JMeterThread: Thread finished: setUp Thread Group 1-11
2025-03-01 20:09:22,111 INFO o.a.j.t.JMeterThread: Stopping because end time detected by thread: setUp Thread Group 1-2
2025-03-01 20:09:22,111 INFO o.a.j.t.JMeterThread: Thread finished: setUp Thread Group 1-2
2025-03-01 20:09:22,124 INFO o.a.j.t.JMeterThread: Thread finished: setUp Thread Group 1-10
2025-03-01 20:09:22,124 INFO o.a.j.t.JMeterThread: Thread finished: setUp Thread Group 1-18
2025-03-01 20:09:22,138 INFO o.a.j.t.JMeterThread: Stopping because end time detected by thread: setUp Thread Group 1-14
2025-03-01 20:09:22,138 INFO o.a.j.t.JMeterThread: Thread finished: setUp Thread Group 1-14
2025-03-01 20:09:22,186 INFO o.a.j.t.JMeterThread: Stopping because end time detected by thread: setUp Thread Group 1-6
2025-03-01 20:09:22,186 INFO o.a.j.t.JMeterThread: Thread finished: setUp Thread Group 1-6
2025-03-01 20:09:22,186 INFO o.a.j.t.JMeterThread: Stopping because end time detected by thread: setUp Thread Group 1-20
2025-03-01 20:09:22,186 INFO o.a.j.t.JMeterThread: Thread finished: setUp Thread Group 1-20
2025-03-01 20:09:22,234 INFO o.a.j.t.JMeterThread: Stopping because end time detected by thread: setUp Thread Group 1-17
2025-03-01 20:09:22,234 INFO o.a.j.t.JMeterThread: Thread finished: setUp Thread Group 1-17
2025-03-01 20:09:22,252 INFO o.a.j.t.JMeterThread: Stopping because end time detected by thread: setUp Thread Group 1-13
2025-03-01 20:09:22,252 INFO o.a.j.t.JMeterThread: Thread finished: setUp Thread Group 1-13
2025-03-01 20:09:22,284 INFO o.a.j.t.JMeterThread: Stopping because end time detected by thread: setUp Thread Group 1-4
2025-03-01 20:09:22,284 INFO o.a.j.t.JMeterThread: Thread finished: setUp Thread Group 1-4
2025-03-01 20:09:22,361 INFO o.a.j.t.JMeterThread: Stopping because end time detected by thread: setUp Thread Group 1-15
2025-03-01 20:09:22,361 INFO o.a.j.t.JMeterThread: Thread finished: setUp Thread Group 1-15
2025-03-01 20:09:22,411 INFO o.a.j.t.JMeterThread: Stopping because end time detected by thread: setUp Thread Group 1-7
2025-03-01 20:09:22,411 INFO o.a.j.t.JMeterThread: Thread finished: setUp Thread Group 1-7
2025-03-01 20:09:22,411 INFO o.a.j.e.StandardJMeterEngine: All Setup Threads have ended
2025-03-01 20:09:22,456 INFO o.a.j.e.StandardJMeterEngine: Starting ThreadGroup: 1 : Thread-Gruppe
2025-03-01 20:09:22,456 INFO o.a.j.e.StandardJMeterEngine: Starting 75 threads for group Thread-Gruppe.
2025-03-01 20:09:22,456 INFO o.a.j.e.StandardJMeterEngine: Thread will continue on error
2025-03-01 20:09:22,456 INFO o.a.j.t.ThreadGroup: Starting thread group... number=1 threads=75 ramp-up=10 delayedStart=false
2025-03-01 20:09:22,456 INFO o.a.j.t.JMeterThread: Thread started: Thread-Gruppe 1-1
2025-03-01 20:09:22,525 INFO o.a.j.t.ThreadGroup: Started thread group number 1
2025-03-01 20:09:22,525 INFO o.a.j.e.StandardJMeterEngine: Starting ThreadGroup: 2 : Thread-Gruppe
2025-03-01 20:09:22,525 INFO o.a.j.e.StandardJMeterEngine: Starting 20 threads for group Thread-Gruppe.
2025-03-01 20:09:22,525 INFO o.a.j.e.StandardJMeterEngine: Thread will continue on error
2025-03-01 20:09:22,526 INFO o.a.j.t.ThreadGroup: Starting thread group... number=2 threads=20 ramp-up=10 delayedStart=false
2025-03-01 20:09:22,528 INFO o.a.j.t.JMeterThread: Thread started: Thread-Gruppe 2-1
2025-03-01 20:09:22,548 INFO o.a.j.t.ThreadGroup: Started thread group number 2
2025-03-01 20:09:22,548 INFO o.a.j.e.StandardJMeterEngine: Starting ThreadGroup: 3 : Thread-Gruppe
2025-03-01 20:09:22,548 INFO o.a.j.e.StandardJMeterEngine: Starting 5 threads for group Thread-Gruppe.
2025-03-01 20:09:22,548 INFO o.a.j.e.StandardJMeterEngine: Thread will continue on error
2025-03-01 20:09:22,548 INFO o.a.j.t.ThreadGroup: Starting thread group... number=3 threads=5 ramp-up=10 delayedStart=false
2025-03-01 20:09:22,549 INFO o.a.j.t.JMeterThread: Thread started: Thread-Gruppe 3-1
2025-03-01 20:09:22,553 INFO o.a.j.t.ThreadGroup: Started thread group number 3
2025-03-01 20:09:22,554 INFO o.a.j.e.StandardJMeterEngine: All thread groups have been started
2025-03-01 20:09:22,595 INFO o.a.j.t.JMeterThread: Thread started: Thread-Gruppe 1-2
2025-03-01 20:09:22,729 INFO o.a.j.t.JMeterThread: Thread started: Thread-Gruppe 1-3
2025-03-01 20:09:22,862 INFO o.a.j.t.JMeterThread: Thread started: Thread-Gruppe 1-4
2025-03-01 20:09:22,996 INFO o.a.j.t.JMeterThread: Thread started: Thread-Gruppe 1-5
2025-03-01 20:09:23,032 INFO o.a.j.t.JMeterThread: Thread started: Thread-Gruppe 2-2
2025-03-01 20:09:23,125 INFO o.a.j.t.JMeterThread: Thread started: Thread-Gruppe 1-6
2025-03-01 20:09:23,257 INFO o.a.j.t.JMeterThread: Thread started: Thread-Gruppe 1-7
2025-03-01 20:09:23,391 INFO o.a.j.t.JMeterThread: Thread started: Thread-Gruppe 1-8
2025-03-01 20:09:23,523 INFO o.a.j.t.JMeterThread: Thread started: Thread-Gruppe 1-9
2025-03-01 20:09:23,531 INFO o.a.j.t.JMeterThread: Thread started: Thread-Gruppe 2-3
2025-03-01 20:09:23,658 INFO o.a.j.t.JMeterThread: Thread started: Thread-Gruppe 1-10
2025-03-01 20:09:23,789 INFO o.a.j.t.JMeterThread: Thread started: Thread-Gruppe 1-11
2025-03-01 20:09:23,922 INFO o.a.j.t.JMeterThread: Thread started: Thread-Gruppe 1-12
2025-03-01 20:09:24,029 INFO o.a.j.t.JMeterThread: Thread started: Thread-Gruppe 2-4
2025-03-01 20:09:24,055 INFO o.a.j.t.JMeterThread: Thread started: Thread-Gruppe 1-13
2025-03-01 20:09:24,189 INFO o.a.j.t.JMeterThread: Thread started: Thread-Gruppe 1-14
2025-03-01 20:09:24,321 INFO o.a.j.t.JMeterThread: Thread started: Thread-Gruppe 1-15
2025-03-01 20:09:24,454 INFO o.a.j.t.JMeterThread: Thread started: Thread-Gruppe 1-16
2025-03-01 20:09:24,529 INFO o.a.j.t.JMeterThread: Thread started: Thread-Gruppe 2-5
2025-03-01 20:09:24,551 INFO o.a.j.t.JMeterThread: Thread started: Thread-Gruppe 3-2
2025-03-01 20:09:24,588 INFO o.a.j.t.JMeterThread: Thread started: Thread-Gruppe 1-17
2025-03-01 20:09:24,719 INFO o.a.j.t.JMeterThread: Thread started: Thread-Gruppe 1-18
2025-03-01 20:09:24,853 INFO o.a.j.t.JMeterThread: Thread started: Thread-Gruppe 1-19
2025-03-01 20:09:24,986 INFO o.a.j.t.JMeterThread: Thread started: Thread-Gruppe 1-20
2025-03-01 20:09:25,028 INFO o.a.j.t.JMeterThread: Thread started: Thread-Gruppe 2-6
2025-03-01 20:09:25,120 INFO o.a.j.t.JMeterThread: Thread started: Thread-Gruppe 1-21
2025-03-01 20:09:25,252 INFO o.a.j.t.JMeterThread: Thread started: Thread-Gruppe 1-22
2025-03-01 20:09:25,385 INFO o.a.j.t.JMeterThread: Thread started: Thread-Gruppe 1-23
2025-03-01 20:09:25,518 INFO o.a.j.t.JMeterThread: Thread started: Thread-Gruppe 1-24
2025-03-01 20:09:25,529 INFO o.a.j.t.JMeterThread: Thread started: Thread-Gruppe 2-7
2025-03-01 20:09:25,650 INFO o.a.j.t.JMeterThread: Thread started: Thread-Gruppe 1-25
2025-03-01 20:09:25,783 INFO o.a.j.t.JMeterThread: Thread started: Thread-Gruppe 1-26
2025-03-01 20:09:25,917 INFO o.a.j.t.JMeterThread: Thread started: Thread-Gruppe 1-27
2025-03-01 20:09:26,029 INFO o.a.j.t.JMeterThread: Thread started: Thread-Gruppe 2-8
2025-03-01 20:09:26,050 INFO o.a.j.t.JMeterThread: Thread started: Thread-Gruppe 1-28
2025-03-01 20:09:26,181 INFO o.a.j.t.JMeterThread: Thread started: Thread-Gruppe 1-29
2025-03-01 20:09:26,315 INFO o.a.j.t.JMeterThread: Thread started: Thread-Gruppe 1-30
2025-03-01 20:09:26,448 INFO o.a.j.t.JMeterThread: Thread started: Thread-Gruppe 1-31
2025-03-01 20:09:26,528 INFO o.a.j.t.JMeterThread: Thread started: Thread-Gruppe 2-9
2025-03-01 20:09:26,550 INFO o.a.j.t.JMeterThread: Thread started: Thread-Gruppe 3-3
2025-03-01 20:09:26,581 INFO o.a.j.t.JMeterThread: Thread started: Thread-Gruppe 1-32
2025-03-01 20:09:26,714 INFO o.a.j.t.JMeterThread: Thread started: Thread-Gruppe 1-33
2025-03-01 20:09:26,847 INFO o.a.j.t.JMeterThread: Thread started: Thread-Gruppe 1-34
2025-03-01 20:09:26,979 INFO o.a.j.t.JMeterThread: Thread started: Thread-Gruppe 1-35
2025-03-01 20:09:27,028 INFO o.a.j.t.JMeterThread: Thread started: Thread-Gruppe 2-10
2025-03-01 20:09:27,113 INFO o.a.j.t.JMeterThread: Thread started: Thread-Gruppe 1-36
2025-03-01 20:09:27,245 INFO o.a.j.t.JMeterThread: Thread started: Thread-Gruppe 1-37
2025-03-01 20:09:27,381 INFO o.a.j.t.JMeterThread: Thread started: Thread-Gruppe 1-38
2025-03-01 20:09:27,513 INFO o.a.j.t.JMeterThread: Thread started: Thread-Gruppe 1-39
2025-03-01 20:09:27,527 INFO o.a.j.t.JMeterThread: Thread started: Thread-Gruppe 2-11
2025-03-01 20:09:27,648 INFO o.a.j.t.JMeterThread: Thread started: Thread-Gruppe 1-40
2025-03-01 20:09:27,778 INFO o.a.j.t.JMeterThread: Thread started: Thread-Gruppe 1-41
2025-03-01 20:09:27,911 INFO o.a.j.t.JMeterThread: Thread started: Thread-Gruppe 1-42
2025-03-01 20:09:28,028 INFO o.a.j.t.JMeterThread: Thread started: Thread-Gruppe 2-12
2025-03-01 20:09:28,045 INFO o.a.j.t.JMeterThread: Thread started: Thread-Gruppe 1-43
2025-03-01 20:09:28,178 INFO o.a.j.t.JMeterThread: Thread started: Thread-Gruppe 1-44
2025-03-01 20:09:28,310 INFO o.a.j.t.JMeterThread: Thread started: Thread-Gruppe 1-45
2025-03-01 20:09:28,444 INFO o.a.j.t.JMeterThread: Thread started: Thread-Gruppe 1-46
2025-03-01 20:09:28,529 INFO o.a.j.t.JMeterThread: Thread started: Thread-Gruppe 2-13
2025-03-01 20:09:28,551 INFO o.a.j.t.JMeterThread: Thread started: Thread-Gruppe 3-4
2025-03-01 20:09:28,577 INFO o.a.j.t.JMeterThread: Thread started: Thread-Gruppe 1-47
2025-03-01 20:09:28,710 INFO o.a.j.t.JMeterThread: Thread started: Thread-Gruppe 1-48
2025-03-01 20:09:28,843 INFO o.a.j.t.JMeterThread: Thread started: Thread-Gruppe 1-49
2025-03-01 20:09:28,976 INFO o.a.j.t.JMeterThread: Thread started: Thread-Gruppe 1-50
2025-03-01 20:09:29,028 INFO o.a.j.t.JMeterThread: Thread started: Thread-Gruppe 2-14
2025-03-01 20:09:29,109 INFO o.a.j.t.JMeterThread: Thread started: Thread-Gruppe 1-51
2025-03-01 20:09:29,242 INFO o.a.j.t.JMeterThread: Thread started: Thread-Gruppe 1-52
2025-03-01 20:09:29,375 INFO o.a.j.t.JMeterThread: Thread started: Thread-Gruppe 1-53
2025-03-01 20:09:29,507 INFO o.a.j.t.JMeterThread: Thread started: Thread-Gruppe 1-54
2025-03-01 20:09:29,528 INFO o.a.j.t.JMeterThread: Thread started: Thread-Gruppe 2-15
2025-03-01 20:09:29,641 INFO o.a.j.t.JMeterThread: Thread started: Thread-Gruppe 1-55
2025-03-01 20:09:29,774 INFO o.a.j.t.JMeterThread: Thread started: Thread-Gruppe 1-56
2025-03-01 20:09:29,905 INFO o.a.j.t.JMeterThread: Thread started: Thread-Gruppe 1-57
2025-03-01 20:09:30,010 INFO o.a.j.r.Summariser: summary +    247 in 00:01:08 =    3.6/s Avg:   449 Min:   243 Max:   931 Err:     0 (0.00%) Active: 76 Started: 76 Finished: 0
2025-03-01 20:09:30,029 INFO o.a.j.t.JMeterThread: Thread started: Thread-Gruppe 2-16
2025-03-01 20:09:30,040 INFO o.a.j.t.JMeterThread: Thread started: Thread-Gruppe 1-58
2025-03-01 20:09:30,172 INFO o.a.j.t.JMeterThread: Thread started: Thread-Gruppe 1-59
2025-03-01 20:09:30,306 INFO o.a.j.t.JMeterThread: Thread started: Thread-Gruppe 1-60
2025-03-01 20:09:30,439 INFO o.a.j.t.JMeterThread: Thread started: Thread-Gruppe 1-61
2025-03-01 20:09:30,528 INFO o.a.j.t.JMeterThread: Thread started: Thread-Gruppe 2-17
2025-03-01 20:09:30,551 INFO o.a.j.t.JMeterThread: Thread started: Thread-Gruppe 3-5
2025-03-01 20:09:30,573 INFO o.a.j.t.JMeterThread: Thread started: Thread-Gruppe 1-62
2025-03-01 20:09:30,703 INFO o.a.j.t.JMeterThread: Thread started: Thread-Gruppe 1-63
2025-03-01 20:09:30,838 INFO o.a.j.t.JMeterThread: Thread started: Thread-Gruppe 1-64
2025-03-01 20:09:30,972 INFO o.a.j.t.JMeterThread: Thread started: Thread-Gruppe 1-65
2025-03-01 20:09:31,029 INFO o.a.j.t.JMeterThread: Thread started: Thread-Gruppe 2-18
2025-03-01 20:09:31,105 INFO o.a.j.t.JMeterThread: Thread started: Thread-Gruppe 1-66
2025-03-01 20:09:31,237 INFO o.a.j.t.JMeterThread: Thread started: Thread-Gruppe 1-67
2025-03-01 20:09:31,368 INFO o.a.j.t.JMeterThread: Thread started: Thread-Gruppe 1-68
2025-03-01 20:09:31,505 INFO o.a.j.t.JMeterThread: Thread started: Thread-Gruppe 1-69
2025-03-01 20:09:31,528 INFO o.a.j.t.JMeterThread: Thread started: Thread-Gruppe 2-19
2025-03-01 20:09:31,636 INFO o.a.j.t.JMeterThread: Thread started: Thread-Gruppe 1-70
2025-03-01 20:09:31,769 INFO o.a.j.t.JMeterThread: Thread started: Thread-Gruppe 1-71
2025-03-01 20:09:31,902 INFO o.a.j.t.JMeterThread: Thread started: Thread-Gruppe 1-72
2025-03-01 20:09:32,029 INFO o.a.j.t.JMeterThread: Thread started: Thread-Gruppe 2-20
2025-03-01 20:09:32,034 INFO o.a.j.t.JMeterThread: Thread started: Thread-Gruppe 1-73
2025-03-01 20:09:32,168 INFO o.a.j.t.JMeterThread: Thread started: Thread-Gruppe 1-74
2025-03-01 20:09:32,300 INFO o.a.j.t.JMeterThread: Thread started: Thread-Gruppe 1-75
2025-03-01 20:10:00,015 INFO o.a.j.r.Summariser: summary +   2265 in 00:00:30 =   75.5/s Avg:   397 Min:   243 Max:   926 Err:     0 (0.00%) Active: 100 Started: 100 Finished: 0
2025-03-01 20:10:00,015 INFO o.a.j.r.Summariser: summary =   2512 in 00:01:38 =   25.7/s Avg:   402 Min:   243 Max:   931 Err:     0 (0.00%)
2025-03-01 20:10:30,012 INFO o.a.j.r.Summariser: summary +   2284 in 00:00:30 =   76.1/s Avg:   405 Min:   242 Max:   911 Err:     0 (0.00%) Active: 100 Started: 100 Finished: 0
2025-03-01 20:10:30,013 INFO o.a.j.r.Summariser: summary =   4796 in 00:02:08 =   37.5/s Avg:   404 Min:   242 Max:   931 Err:     0 (0.00%)
2025-03-01 20:11:00,026 INFO o.a.j.r.Summariser: summary +   2286 in 00:00:30 =   76.2/s Avg:   389 Min:   242 Max:  1010 Err:     0 (0.00%) Active: 100 Started: 100 Finished: 0
2025-03-01 20:11:00,026 INFO o.a.j.r.Summariser: summary =   7082 in 00:02:38 =   44.8/s Avg:   399 Min:   242 Max:  1010 Err:     0 (0.00%)
2025-03-01 20:11:30,009 INFO o.a.j.r.Summariser: summary +   2279 in 00:00:30 =   76.0/s Avg:   398 Min:   242 Max:  1114 Err:     0 (0.00%) Active: 100 Started: 100 Finished: 0
2025-03-01 20:11:30,010 INFO o.a.j.r.Summariser: summary =   9361 in 00:03:08 =   49.8/s Avg:   399 Min:   242 Max:  1114 Err:     0 (0.00%)
2025-03-01 20:12:00,024 INFO o.a.j.r.Summariser: summary +   2286 in 00:00:30 =   76.2/s Avg:   405 Min:   242 Max:  1085 Err:     1 (0.04%) Active: 100 Started: 100 Finished: 0
2025-03-01 20:12:00,025 INFO o.a.j.r.Summariser: summary =  11647 in 00:03:38 =   53.4/s Avg:   400 Min:   242 Max:  1114 Err:     1 (0.01%)
2025-03-01 20:12:30,005 INFO o.a.j.r.Summariser: summary +   2277 in 00:00:30 =   75.9/s Avg:   393 Min:   243 Max:  1009 Err:     1 (0.04%) Active: 100 Started: 100 Finished: 0
2025-03-01 20:12:30,006 INFO o.a.j.r.Summariser: summary =  13924 in 00:04:08 =   56.2/s Avg:   399 Min:   242 Max:  1114 Err:     2 (0.01%)
2025-03-01 20:13:00,005 INFO o.a.j.r.Summariser: summary +   2293 in 00:00:30 =   76.4/s Avg:   412 Min:   242 Max:  1097 Err:     0 (0.00%) Active: 100 Started: 100 Finished: 0
2025-03-01 20:13:00,006 INFO o.a.j.r.Summariser: summary =  16217 in 00:04:38 =   58.4/s Avg:   401 Min:   242 Max:  1114 Err:     2 (0.01%)
2025-03-01 20:13:30,003 INFO o.a.j.r.Summariser: summary +   2279 in 00:00:30 =   76.0/s Avg:   384 Min:   242 Max:  1425 Err:     0 (0.00%) Active: 100 Started: 100 Finished: 0
2025-03-01 20:13:30,003 INFO o.a.j.r.Summariser: summary =  18496 in 00:05:08 =   60.1/s Avg:   399 Min:   242 Max:  1425 Err:     2 (0.01%)
2025-03-01 20:14:00,005 INFO o.a.j.r.Summariser: summary +   2289 in 00:00:30 =   76.3/s Avg:   413 Min:   243 Max:  1061 Err:     0 (0.00%) Active: 100 Started: 100 Finished: 0
2025-03-01 20:14:00,006 INFO o.a.j.r.Summariser: summary =  20785 in 00:05:38 =   61.5/s Avg:   400 Min:   242 Max:  1425 Err:     2 (0.01%)
2025-03-01 20:14:30,007 INFO o.a.j.r.Summariser: summary +   2277 in 00:00:30 =   75.9/s Avg:   394 Min:   241 Max:  1174 Err:     0 (0.00%) Active: 100 Started: 100 Finished: 0
2025-03-01 20:14:30,008 INFO o.a.j.r.Summariser: summary =  23062 in 00:06:08 =   62.7/s Avg:   400 Min:   241 Max:  1425 Err:     2 (0.01%)
2025-03-01 20:15:00,032 INFO o.a.j.r.Summariser: summary +   2284 in 00:00:30 =   76.1/s Avg:   406 Min:   242 Max:  1099 Err:     0 (0.00%) Active: 100 Started: 100 Finished: 0
2025-03-01 20:15:00,032 INFO o.a.j.r.Summariser: summary =  25346 in 00:06:38 =   63.7/s Avg:   400 Min:   241 Max:  1425 Err:     2 (0.01%)
2025-03-01 20:15:30,033 INFO o.a.j.r.Summariser: summary +   2280 in 00:00:30 =   76.0/s Avg:   395 Min:   243 Max:  1047 Err:     0 (0.00%) Active: 100 Started: 100 Finished: 0
2025-03-01 20:15:30,034 INFO o.a.j.r.Summariser: summary =  27626 in 00:07:08 =   64.6/s Avg:   400 Min:   241 Max:  1425 Err:     2 (0.01%)
2025-03-01 20:16:00,010 INFO o.a.j.r.Summariser: summary +   2286 in 00:00:30 =   76.3/s Avg:   411 Min:   243 Max:  1091 Err:     0 (0.00%) Active: 100 Started: 100 Finished: 0
2025-03-01 20:16:00,012 INFO o.a.j.r.Summariser: summary =  29912 in 00:07:38 =   65.3/s Avg:   401 Min:   241 Max:  1425 Err:     2 (0.01%)
2025-03-01 20:16:30,028 INFO o.a.j.r.Summariser: summary +   2277 in 00:00:30 =   75.9/s Avg:   394 Min:   242 Max:  1055 Err:     0 (0.00%) Active: 100 Started: 100 Finished: 0
2025-03-01 20:16:30,028 INFO o.a.j.r.Summariser: summary =  32189 in 00:08:08 =   66.0/s Avg:   400 Min:   241 Max:  1425 Err:     2 (0.01%)
2025-03-01 20:17:00,008 INFO o.a.j.r.Summariser: summary +   2291 in 00:00:30 =   76.4/s Avg:   409 Min:   242 Max:  1093 Err:     0 (0.00%) Active: 100 Started: 100 Finished: 0
2025-03-01 20:17:00,009 INFO o.a.j.r.Summariser: summary =  34480 in 00:08:38 =   66.6/s Avg:   401 Min:   241 Max:  1425 Err:     2 (0.01%)
2025-03-01 20:17:30,029 INFO o.a.j.r.Summariser: summary +   2276 in 00:00:30 =   75.8/s Avg:   383 Min:   242 Max:   975 Err:     0 (0.00%) Active: 100 Started: 100 Finished: 0
2025-03-01 20:17:30,030 INFO o.a.j.r.Summariser: summary =  36756 in 00:09:08 =   67.1/s Avg:   400 Min:   241 Max:  1425 Err:     2 (0.01%)
2025-03-01 20:18:00,020 INFO o.a.j.r.Summariser: summary +   2283 in 00:00:30 =   76.1/s Avg:   407 Min:   241 Max:  1099 Err:     0 (0.00%) Active: 100 Started: 100 Finished: 0
2025-03-01 20:18:00,020 INFO o.a.j.r.Summariser: summary =  39039 in 00:09:38 =   67.6/s Avg:   400 Min:   241 Max:  1425 Err:     2 (0.01%)
2025-03-01 20:18:30,009 INFO o.a.j.r.Summariser: summary +   2284 in 00:00:30 =   76.2/s Avg:   396 Min:   243 Max:  1043 Err:     0 (0.00%) Active: 100 Started: 100 Finished: 0
2025-03-01 20:18:30,009 INFO o.a.j.r.Summariser: summary =  41323 in 00:10:08 =   68.0/s Avg:   400 Min:   241 Max:  1425 Err:     2 (0.00%)
2025-03-01 20:19:00,017 INFO o.a.j.r.Summariser: summary +   2284 in 00:00:30 =   76.1/s Avg:   408 Min:   243 Max:  1094 Err:     0 (0.00%) Active: 100 Started: 100 Finished: 0
2025-03-01 20:19:00,018 INFO o.a.j.r.Summariser: summary =  43607 in 00:10:38 =   68.4/s Avg:   400 Min:   241 Max:  1425 Err:     2 (0.00%)
2025-03-01 20:19:20,831 INFO o.a.j.t.JMeterThread: Thread finished: Thread-Gruppe 1-47
2025-03-01 20:19:20,843 INFO o.a.j.t.JMeterThread: Thread finished: Thread-Gruppe 1-17
2025-03-01 20:19:20,905 INFO o.a.j.t.JMeterThread: Thread finished: Thread-Gruppe 1-1
2025-03-01 20:19:20,966 INFO o.a.j.t.JMeterThread: Thread finished: Thread-Gruppe 1-62
2025-03-01 20:19:20,979 INFO o.a.j.t.JMeterThread: Thread finished: Thread-Gruppe 1-48
2025-03-01 20:19:20,991 INFO o.a.j.t.JMeterThread: Thread finished: Thread-Gruppe 1-18
2025-03-01 20:19:20,995 INFO o.a.j.t.JMeterThread: Thread finished: Thread-Gruppe 1-2
2025-03-01 20:19:21,098 INFO o.a.j.t.JMeterThread: Thread finished: Thread-Gruppe 1-49
2025-03-01 20:19:21,107 INFO o.a.j.t.JMeterThread: Thread finished: Thread-Gruppe 1-19
2025-03-01 20:19:21,110 INFO o.a.j.t.JMeterThread: Thread finished: Thread-Gruppe 1-63
2025-03-01 20:19:21,123 INFO o.a.j.t.JMeterThread: Thread finished: Thread-Gruppe 1-3
2025-03-01 20:19:21,222 INFO o.a.j.t.JMeterThread: Thread finished: Thread-Gruppe 1-64
2025-03-01 20:19:21,231 INFO o.a.j.t.JMeterThread: Thread finished: Thread-Gruppe 1-50
2025-03-01 20:19:21,238 INFO o.a.j.t.JMeterThread: Thread finished: Thread-Gruppe 1-20
2025-03-01 20:19:21,263 INFO o.a.j.t.JMeterThread: Thread finished: Thread-Gruppe 1-4
2025-03-01 20:19:21,351 INFO o.a.j.t.JMeterThread: Thread finished: Thread-Gruppe 1-32
2025-03-01 20:19:21,358 INFO o.a.j.t.JMeterThread: Thread finished: Thread-Gruppe 1-51
2025-03-01 20:19:21,362 INFO o.a.j.t.JMeterThread: Thread finished: Thread-Gruppe 1-65
2025-03-01 20:19:21,370 INFO o.a.j.t.JMeterThread: Thread finished: Thread-Gruppe 1-21
2025-03-01 20:19:21,391 INFO o.a.j.t.JMeterThread: Thread finished: Thread-Gruppe 1-5
2025-03-01 20:19:21,495 INFO o.a.j.t.JMeterThread: Thread finished: Thread-Gruppe 1-52
2025-03-01 20:19:21,497 INFO o.a.j.t.JMeterThread: Thread finished: Thread-Gruppe 1-22
2025-03-01 20:19:21,502 INFO o.a.j.t.JMeterThread: Thread finished: Thread-Gruppe 1-66
2025-03-01 20:19:21,524 INFO o.a.j.t.JMeterThread: Thread finished: Thread-Gruppe 1-6
2025-03-01 20:19:21,550 INFO o.a.j.t.JMeterThread: Thread finished: Thread-Gruppe 1-33
2025-03-01 20:19:21,625 INFO o.a.j.t.JMeterThread: Thread finished: Thread-Gruppe 1-67
2025-03-01 20:19:21,635 INFO o.a.j.t.JMeterThread: Thread finished: Thread-Gruppe 1-53
2025-03-01 20:19:21,640 INFO o.a.j.t.JMeterThread: Thread finished: Thread-Gruppe 1-23
2025-03-01 20:19:21,651 INFO o.a.j.t.JMeterThread: Thread finished: Thread-Gruppe 1-34
2025-03-01 20:19:21,652 INFO o.a.j.t.JMeterThread: Thread finished: Thread-Gruppe 1-7
2025-03-01 20:19:21,755 INFO o.a.j.t.JMeterThread: Thread finished: Thread-Gruppe 1-68
2025-03-01 20:19:21,763 INFO o.a.j.t.JMeterThread: Thread finished: Thread-Gruppe 1-54
2025-03-01 20:19:21,771 INFO o.a.j.t.JMeterThread: Thread finished: Thread-Gruppe 1-24
2025-03-01 20:19:21,793 INFO o.a.j.t.JMeterThread: Thread finished: Thread-Gruppe 1-8
2025-03-01 20:19:21,798 INFO o.a.j.t.JMeterThread: Thread finished: Thread-Gruppe 1-35
2025-03-01 20:19:21,895 INFO o.a.j.t.JMeterThread: Thread finished: Thread-Gruppe 1-69
2025-03-01 20:19:21,896 INFO o.a.j.t.JMeterThread: Thread finished: Thread-Gruppe 1-55
2025-03-01 20:19:21,907 INFO o.a.j.t.JMeterThread: Thread finished: Thread-Gruppe 1-25
2025-03-01 20:19:21,914 INFO o.a.j.t.JMeterThread: Thread finished: Thread-Gruppe 1-9
2025-03-01 20:19:21,924 INFO o.a.j.t.JMeterThread: Thread finished: Thread-Gruppe 1-36
2025-03-01 20:19:22,027 INFO o.a.j.t.JMeterThread: Thread finished: Thread-Gruppe 1-56
2025-03-01 20:19:22,030 INFO o.a.j.t.JMeterThread: Thread finished: Thread-Gruppe 1-70
2025-03-01 20:19:22,039 INFO o.a.j.t.JMeterThread: Thread finished: Thread-Gruppe 1-37
2025-03-01 20:19:22,042 INFO o.a.j.t.JMeterThread: Thread finished: Thread-Gruppe 1-26
2025-03-01 20:19:22,043 INFO o.a.j.t.JMeterThread: Thread finished: Thread-Gruppe 1-10
2025-03-01 20:19:22,146 INFO o.a.j.t.JMeterThread: Thread finished: Thread-Gruppe 2-1
2025-03-01 20:19:22,146 INFO o.a.j.t.JMeterThread: Thread finished: Thread-Gruppe 2-16
2025-03-01 20:19:22,154 INFO o.a.j.t.JMeterThread: Thread finished: Thread-Gruppe 1-71
2025-03-01 20:19:22,162 INFO o.a.j.t.JMeterThread: Thread finished: Thread-Gruppe 2-9
2025-03-01 20:19:22,162 INFO o.a.j.t.JMeterThread: Thread finished: Thread-Gruppe 1-57
2025-03-01 20:19:22,179 INFO o.a.j.t.JMeterThread: Thread finished: Thread-Gruppe 1-27
2025-03-01 20:19:22,183 INFO o.a.j.t.JMeterThread: Thread finished: Thread-Gruppe 2-6
2025-03-01 20:19:22,193 INFO o.a.j.t.JMeterThread: Thread finished: Thread-Gruppe 2-2
2025-03-01 20:19:22,193 INFO o.a.j.t.JMeterThread: Thread finished: Thread-Gruppe 1-11
2025-03-01 20:19:22,201 INFO o.a.j.t.JMeterThread: Thread finished: Thread-Gruppe 1-38
2025-03-01 20:19:22,290 INFO o.a.j.t.JMeterThread: Thread finished: Thread-Gruppe 1-72
2025-03-01 20:19:22,299 INFO o.a.j.t.JMeterThread: Thread finished: Thread-Gruppe 1-58
2025-03-01 20:19:22,303 INFO o.a.j.t.JMeterThread: Thread finished: Thread-Gruppe 1-28
2025-03-01 20:19:22,312 INFO o.a.j.t.JMeterThread: Thread finished: Thread-Gruppe 1-12
2025-03-01 20:19:22,339 INFO o.a.j.t.JMeterThread: Thread finished: Thread-Gruppe 2-3
2025-03-01 20:19:22,357 INFO o.a.j.t.JMeterThread: Thread finished: Thread-Gruppe 1-39
2025-03-01 20:19:22,362 INFO o.a.j.t.JMeterThread: Thread finished: Thread-Gruppe 2-12
2025-03-01 20:19:22,366 INFO o.a.j.t.JMeterThread: Thread finished: Thread-Gruppe 2-19
2025-03-01 20:19:22,404 INFO o.a.j.t.JMeterThread: Thread finished: Thread-Gruppe 1-40
2025-03-01 20:19:22,411 INFO o.a.j.t.JMeterThread: Thread finished: Thread-Gruppe 2-20
2025-03-01 20:19:22,431 INFO o.a.j.t.JMeterThread: Thread finished: Thread-Gruppe 1-59
2025-03-01 20:19:22,431 INFO o.a.j.t.JMeterThread: Thread finished: Thread-Gruppe 1-73
2025-03-01 20:19:22,435 INFO o.a.j.t.JMeterThread: Thread finished: Thread-Gruppe 2-15
2025-03-01 20:19:22,439 INFO o.a.j.t.JMeterThread: Thread finished: Thread-Gruppe 1-29
2025-03-01 20:19:22,454 INFO o.a.j.t.JMeterThread: Thread finished: Thread-Gruppe 1-13
2025-03-01 20:19:22,467 INFO o.a.j.t.JMeterThread: Thread finished: Thread-Gruppe 2-5
2025-03-01 20:19:22,488 INFO o.a.j.t.JMeterThread: Thread finished: Thread-Gruppe 2-8
2025-03-01 20:19:22,500 INFO o.a.j.t.JMeterThread: Thread finished: Thread-Gruppe 3-4
2025-03-01 20:19:22,512 INFO o.a.j.t.JMeterThread: Thread finished: Thread-Gruppe 2-11
2025-03-01 20:19:22,518 INFO o.a.j.t.JMeterThread: Thread finished: Thread-Gruppe 3-3
2025-03-01 20:19:22,564 INFO o.a.j.t.JMeterThread: Stopping because end time detected by thread: Thread-Gruppe 1-74
2025-03-01 20:19:22,564 INFO o.a.j.t.JMeterThread: Stopping because end time detected by thread: Thread-Gruppe 1-30
2025-03-01 20:19:22,567 INFO o.a.j.t.JMeterThread: Thread finished: Thread-Gruppe 1-74
2025-03-01 20:19:22,567 INFO o.a.j.t.JMeterThread: Thread finished: Thread-Gruppe 1-30
2025-03-01 20:19:22,567 INFO o.a.j.t.JMeterThread: Stopping because end time detected by thread: Thread-Gruppe 1-60
2025-03-01 20:19:22,567 INFO o.a.j.t.JMeterThread: Thread finished: Thread-Gruppe 1-60
2025-03-01 20:19:22,567 INFO o.a.j.t.JMeterThread: Stopping because end time detected by thread: Thread-Gruppe 1-14
2025-03-01 20:19:22,567 INFO o.a.j.t.JMeterThread: Thread finished: Thread-Gruppe 1-14
2025-03-01 20:19:22,630 INFO o.a.j.t.JMeterThread: Stopping because end time detected by thread: Thread-Gruppe 1-41
2025-03-01 20:19:22,630 INFO o.a.j.t.JMeterThread: Thread finished: Thread-Gruppe 1-41
2025-03-01 20:19:22,694 INFO o.a.j.t.JMeterThread: Stopping because end time detected by thread: Thread-Gruppe 1-61
2025-03-01 20:19:22,694 INFO o.a.j.t.JMeterThread: Thread finished: Thread-Gruppe 1-61
2025-03-01 20:19:22,694 INFO o.a.j.t.JMeterThread: Stopping because end time detected by thread: Thread-Gruppe 1-45
2025-03-01 20:19:22,694 INFO o.a.j.t.JMeterThread: Thread finished: Thread-Gruppe 1-45
2025-03-01 20:19:22,702 INFO o.a.j.t.JMeterThread: Stopping because end time detected by thread: Thread-Gruppe 1-75
2025-03-01 20:19:22,702 INFO o.a.j.t.JMeterThread: Stopping because end time detected by thread: Thread-Gruppe 1-31
2025-03-01 20:19:22,702 INFO o.a.j.t.JMeterThread: Thread finished: Thread-Gruppe 1-75
2025-03-01 20:19:22,702 INFO o.a.j.t.JMeterThread: Thread finished: Thread-Gruppe 1-31
2025-03-01 20:19:22,702 INFO o.a.j.t.JMeterThread: Stopping because end time detected by thread: Thread-Gruppe 1-15
2025-03-01 20:19:22,702 INFO o.a.j.t.JMeterThread: Thread finished: Thread-Gruppe 1-15
2025-03-01 20:19:22,718 INFO o.a.j.t.JMeterThread: Stopping because end time detected by thread: Thread-Gruppe 3-1
2025-03-01 20:19:22,718 INFO o.a.j.t.JMeterThread: Thread finished: Thread-Gruppe 3-1
2025-03-01 20:19:22,718 INFO o.a.j.t.JMeterThread: Stopping because end time detected by thread: Thread-Gruppe 2-14
2025-03-01 20:19:22,718 INFO o.a.j.t.JMeterThread: Thread finished: Thread-Gruppe 2-14
2025-03-01 20:19:22,734 INFO o.a.j.t.JMeterThread: Stopping because end time detected by thread: Thread-Gruppe 2-13
2025-03-01 20:19:22,734 INFO o.a.j.t.JMeterThread: Thread finished: Thread-Gruppe 2-13
2025-03-01 20:19:22,734 INFO o.a.j.t.JMeterThread: Stopping because end time detected by thread: Thread-Gruppe 3-2
2025-03-01 20:19:22,734 INFO o.a.j.t.JMeterThread: Thread finished: Thread-Gruppe 3-2
2025-03-01 20:19:22,749 INFO o.a.j.t.JMeterThread: Stopping because end time detected by thread: Thread-Gruppe 2-10
2025-03-01 20:19:22,749 INFO o.a.j.t.JMeterThread: Thread finished: Thread-Gruppe 2-10
2025-03-01 20:19:22,749 INFO o.a.j.t.JMeterThread: Stopping because end time detected by thread: Thread-Gruppe 1-42
2025-03-01 20:19:22,749 INFO o.a.j.t.JMeterThread: Thread finished: Thread-Gruppe 1-42
2025-03-01 20:19:22,822 INFO o.a.j.t.JMeterThread: Stopping because end time detected by thread: Thread-Gruppe 2-4
2025-03-01 20:19:22,822 INFO o.a.j.t.JMeterThread: Thread finished: Thread-Gruppe 2-4
2025-03-01 20:19:22,827 INFO o.a.j.t.JMeterThread: Stopping because end time detected by thread: Thread-Gruppe 2-17
2025-03-01 20:19:22,827 INFO o.a.j.t.JMeterThread: Thread finished: Thread-Gruppe 2-17
2025-03-01 20:19:22,833 INFO o.a.j.t.JMeterThread: Stopping because end time detected by thread: Thread-Gruppe 1-43
2025-03-01 20:19:22,833 INFO o.a.j.t.JMeterThread: Thread finished: Thread-Gruppe 1-43
2025-03-01 20:19:22,838 INFO o.a.j.t.JMeterThread: Stopping because end time detected by thread: Thread-Gruppe 1-16
2025-03-01 20:19:22,838 INFO o.a.j.t.JMeterThread: Thread finished: Thread-Gruppe 1-16
2025-03-01 20:19:22,985 INFO o.a.j.t.JMeterThread: Stopping because end time detected by thread: Thread-Gruppe 1-44
2025-03-01 20:19:22,985 INFO o.a.j.t.JMeterThread: Thread finished: Thread-Gruppe 1-44
2025-03-01 20:19:23,050 INFO o.a.j.t.JMeterThread: Stopping because end time detected by thread: Thread-Gruppe 2-18
2025-03-01 20:19:23,050 INFO o.a.j.t.JMeterThread: Thread finished: Thread-Gruppe 2-18
2025-03-01 20:19:23,113 INFO o.a.j.t.JMeterThread: Stopping because end time detected by thread: Thread-Gruppe 2-7
2025-03-01 20:19:23,113 INFO o.a.j.t.JMeterThread: Thread finished: Thread-Gruppe 2-7
2025-03-01 20:19:23,128 INFO o.a.j.t.JMeterThread: Stopping because end time detected by thread: Thread-Gruppe 3-5
2025-03-01 20:19:23,128 INFO o.a.j.t.JMeterThread: Thread finished: Thread-Gruppe 3-5
2025-03-01 20:19:23,240 INFO o.a.j.t.JMeterThread: Stopping because end time detected by thread: Thread-Gruppe 1-46
2025-03-01 20:19:23,240 INFO o.a.j.t.JMeterThread: Thread finished: Thread-Gruppe 1-46
2025-03-01 20:19:23,240 INFO o.a.j.e.StandardJMeterEngine: Notifying test listeners of end of test
2025-03-01 20:19:23,240 INFO o.a.j.r.Summariser: summary +   1743 in 00:00:23 =   75.1/s Avg:   393 Min:   242 Max:   937 Err:     0 (0.00%) Active: 0 Started: 100 Finished: 100
2025-03-01 20:19:23,240 INFO o.a.j.r.Summariser: summary =  45350 in 00:11:01 =   68.6/s Avg:   400 Min:   241 Max:  1425 Err:     2 (0.00%)
