2025-03-01 18:50:44,272 INFO o.a.j.u.JMeterUtils: Setting Locale to en_EN
2025-03-01 18:50:44,305 INFO o.a.j.JMeter: Loading user properties from: C:\Users\ASUS\Desktop\apache-jmeter-5.6.3\apache-jmeter-5.6.3\bin\user.properties
2025-03-01 18:50:44,305 INFO o.a.j.JMeter: Loading system properties from: C:\Users\ASUS\Desktop\apache-jmeter-5.6.3\apache-jmeter-5.6.3\bin\system.properties
2025-03-01 18:50:44,305 INFO o.a.j.JMeter: Setting JMeter property: lb_1_hostname=104.155.182.254
2025-03-01 18:50:44,305 INFO o.a.j.JMeter: Setting JMeter property: lb_2_hostname=35.246.73.6
2025-03-01 18:50:44,305 INFO o.a.j.JMeter: Setting JMeter property: lb_1_port=8090
2025-03-01 18:50:44,305 INFO o.a.j.JMeter: Setting JMeter property: lb_2_port=8091
2025-03-01 18:50:44,305 INFO o.a.j.JMeter: Setting JMeter property: warm_up_users=20
2025-03-01 18:50:44,315 INFO o.a.j.JMeter: Setting JMeter property: warm_up_time=60
2025-03-01 18:50:44,315 INFO o.a.j.JMeter: Setting JMeter property: test_run_time=600
2025-03-01 18:50:44,315 INFO o.a.j.JMeter: Setting JMeter property: ramp_up=10
2025-03-01 18:50:44,315 INFO o.a.j.JMeter: Setting JMeter property: group_1=75
2025-03-01 18:50:44,315 INFO o.a.j.JMeter: Setting JMeter property: group_2=20
2025-03-01 18:50:44,315 INFO o.a.j.JMeter: Setting JMeter property: group_3=5
2025-03-01 18:50:44,315 INFO o.a.j.JMeter: Setting JMeter property: group_1_request_rate=30
2025-03-01 18:50:44,315 INFO o.a.j.JMeter: Setting JMeter property: group_2_request_rate=90
2025-03-01 18:50:44,315 INFO o.a.j.JMeter: Setting JMeter property: group_3_request_rate=120
2025-03-01 18:50:44,315 INFO o.a.j.JMeter: Setting JMeter property: log_file=c:\\Users\\ASUS\\Desktop\\Repos\\rate-limiter-nginx\\jmeter\\cloud\\2025_03_01_18_17_logs\\fixed_window_counter\\mysql_script_rate_limit_100_window_size_60\\warm_up_results.csv
2025-03-01 18:50:44,315 INFO o.a.j.JMeter: Setting JMeter property: algorithm=fixed_window_counter_mysql_script_rate_limit_100_window_size_60
2025-03-01 18:50:44,315 INFO o.a.j.JMeter: Setting JMeter property: auth=/fixed_window_counter/mysql_script_rate_limit_100_window_size_60/tools.descartes.teastore.auth/rest
2025-03-01 18:50:44,315 INFO o.a.j.JMeter: Setting JMeter property: persistence=/fixed_window_counter/mysql_script_rate_limit_100_window_size_60/tools.descartes.teastore.persistence/rest
2025-03-01 18:50:44,315 INFO o.a.j.JMeter: Setting JMeter property: recommender=/fixed_window_counter/mysql_script_rate_limit_100_window_size_60/tools.descartes.teastore.recommender/rest
2025-03-01 18:50:44,315 INFO o.a.j.JMeter: Setting JMeter property: image=/fixed_window_counter/mysql_script_rate_limit_100_window_size_60/tools.descartes.teastore.image/rest
2025-03-01 18:50:44,323 INFO o.a.j.JMeter: Copyright (c) 1998-2024 The Apache Software Foundation
2025-03-01 18:50:44,323 INFO o.a.j.JMeter: Version 5.6.3
2025-03-01 18:50:44,323 INFO o.a.j.JMeter: java.version=17.0.9
2025-03-01 18:50:44,323 INFO o.a.j.JMeter: java.vm.name=Java HotSpot(TM) 64-Bit Server VM
2025-03-01 18:50:44,323 INFO o.a.j.JMeter: os.name=Windows 11
2025-03-01 18:50:44,323 INFO o.a.j.JMeter: os.arch=amd64
2025-03-01 18:50:44,323 INFO o.a.j.JMeter: os.version=10.0
2025-03-01 18:50:44,323 INFO o.a.j.JMeter: file.encoding=Cp1252
2025-03-01 18:50:44,323 INFO o.a.j.JMeter: java.awt.headless=true
2025-03-01 18:50:44,323 INFO o.a.j.JMeter: Max memory     =1073741824
2025-03-01 18:50:44,323 INFO o.a.j.JMeter: Available Processors =12
2025-03-01 18:50:44,339 INFO o.a.j.JMeter: Default Locale=English (EN)
2025-03-01 18:50:44,339 INFO o.a.j.JMeter: JMeter  Locale=English (EN)
2025-03-01 18:50:44,339 INFO o.a.j.JMeter: JMeterHome=C:\Users\ASUS\Desktop\apache-jmeter-5.6.3\apache-jmeter-5.6.3
2025-03-01 18:50:44,342 INFO o.a.j.JMeter: user.dir  =C:\Users\ASUS\Desktop\Repos\rate-limiter-nginx
2025-03-01 18:50:44,342 INFO o.a.j.JMeter: PWD       =C:\Users\ASUS\Desktop\Repos\rate-limiter-nginx
2025-03-01 18:50:44,348 INFO o.a.j.JMeter: IP: 192.168.1.45 Name: THIVA FullName: THIVA
2025-03-01 18:50:44,372 INFO o.a.j.s.FileServer: Default base='C:\Users\ASUS\Desktop\Repos\rate-limiter-nginx'
2025-03-01 18:50:44,372 INFO o.a.j.s.FileServer: Set new base='c:\Users\ASUS\Desktop\Repos\rate-limiter-nginx\jmeter\cloud'
2025-03-01 18:50:44,605 INFO o.a.j.s.SaveService: Testplan (JMX) version: 2.2. Testlog (JTL) version: 2.2
2025-03-01 18:50:44,642 INFO o.a.j.s.SaveService: Using SaveService properties version 5.0
2025-03-01 18:50:44,656 INFO o.a.j.s.SaveService: Using SaveService properties file encoding UTF-8
2025-03-01 18:50:44,656 INFO o.a.j.s.SaveService: Loading file: c:\Users\ASUS\Desktop\Repos\rate-limiter-nginx\jmeter\cloud\teastore_performance.jmx
2025-03-01 18:50:44,718 INFO o.a.j.p.h.c.CookieManager: Settings: Delete null: true Check: true Allow variable: true Save: false Prefix: COOKIE_
2025-03-01 18:50:44,738 INFO o.a.j.p.h.s.HTTPSamplerBase: Parser for text/html is org.apache.jmeter.protocol.http.parser.LagartoBasedHtmlParser
2025-03-01 18:50:44,738 INFO o.a.j.p.h.s.HTTPSamplerBase: Parser for application/xhtml+xml is org.apache.jmeter.protocol.http.parser.LagartoBasedHtmlParser
2025-03-01 18:50:44,738 INFO o.a.j.p.h.s.HTTPSamplerBase: Parser for application/xml is org.apache.jmeter.protocol.http.parser.LagartoBasedHtmlParser
2025-03-01 18:50:44,738 INFO o.a.j.p.h.s.HTTPSamplerBase: Parser for text/xml is org.apache.jmeter.protocol.http.parser.LagartoBasedHtmlParser
2025-03-01 18:50:44,738 INFO o.a.j.p.h.s.HTTPSamplerBase: Parser for text/vnd.wap.wml is org.apache.jmeter.protocol.http.parser.RegexpHTMLParser
2025-03-01 18:50:44,738 INFO o.a.j.p.h.s.HTTPSamplerBase: Parser for text/css is org.apache.jmeter.protocol.http.parser.CssParser
2025-03-01 18:50:44,870 INFO o.a.j.s.SampleResult: Note: Sample TimeStamps are START times
2025-03-01 18:50:44,870 INFO o.a.j.s.SampleResult: sampleresult.default.encoding is set to UTF-8
2025-03-01 18:50:44,870 INFO o.a.j.s.SampleResult: sampleresult.useNanoTime=true
2025-03-01 18:50:44,870 INFO o.a.j.s.SampleResult: sampleresult.nanoThreadSleep=5000
2025-03-01 18:50:44,920 INFO o.a.j.JMeter: Creating summariser <summary>
2025-03-01 18:50:44,939 INFO o.a.j.e.StandardJMeterEngine: Running the test!
2025-03-01 18:50:44,940 INFO o.a.j.s.SampleEvent: List of sample_variables: []
2025-03-01 18:50:44,940 INFO o.a.j.s.SampleEvent: List of sample_variables: []
2025-03-01 18:50:44,947 INFO o.a.j.e.u.CompoundVariable: Note: Function class names must contain the string: '.functions.'
2025-03-01 18:50:44,947 INFO o.a.j.e.u.CompoundVariable: Note: Function class names must not contain the string: '.gui.'
2025-03-01 18:50:45,025 INFO o.a.j.r.ClassFinder: Will scan jar C:\Users\ASUS\Desktop\apache-jmeter-5.6.3\apache-jmeter-5.6.3\lib\ext\jmeter-plugins-casutg-2.10.jar with filter ExtendsClassFilter [parents=[interface org.apache.jmeter.functions.Function], inner=false, contains=null, notContains=null]. Consider exposing JMeter plugins via META-INF/services, and add JMeter-Skip-Class-Scanning=true manifest attribute so JMeter can skip classfile scanning
2025-03-01 18:50:45,049 INFO o.a.j.r.ClassFinder: Will scan jar C:\Users\ASUS\Desktop\apache-jmeter-5.6.3\apache-jmeter-5.6.3\lib\ext\jmeter-plugins-graphs-vs-2.0.jar with filter ExtendsClassFilter [parents=[interface org.apache.jmeter.functions.Function], inner=false, contains=null, notContains=null]. Consider exposing JMeter plugins via META-INF/services, and add JMeter-Skip-Class-Scanning=true manifest attribute so JMeter can skip classfile scanning
2025-03-01 18:50:45,054 INFO o.a.j.r.ClassFinder: Will scan jar C:\Users\ASUS\Desktop\apache-jmeter-5.6.3\apache-jmeter-5.6.3\lib\ext\jmeter-plugins-manager-1.9.jar with filter ExtendsClassFilter [parents=[interface org.apache.jmeter.functions.Function], inner=false, contains=null, notContains=null]. Consider exposing JMeter plugins via META-INF/services, and add JMeter-Skip-Class-Scanning=true manifest attribute so JMeter can skip classfile scanning
2025-03-01 18:50:45,102 INFO o.a.j.r.ClassFinder: Will scan jar C:\Users\ASUS\Desktop\apache-jmeter-5.6.3\apache-jmeter-5.6.3\lib\ext\jmeter-plugins-graphs-basic-2.0.jar with filter ExtendsClassFilter [parents=[interface org.apache.jmeter.functions.Function], inner=false, contains=null, notContains=null]. Consider exposing JMeter plugins via META-INF/services, and add JMeter-Skip-Class-Scanning=true manifest attribute so JMeter can skip classfile scanning
2025-03-01 18:50:45,121 INFO o.a.j.r.ClassFinder: Will scan jar C:\Users\ASUS\Desktop\apache-jmeter-5.6.3\apache-jmeter-5.6.3\lib\ext\jmeter-plugins-manager-0.20.jar with filter ExtendsClassFilter [parents=[interface org.apache.jmeter.functions.Function], inner=false, contains=null, notContains=null]. Consider exposing JMeter plugins via META-INF/services, and add JMeter-Skip-Class-Scanning=true manifest attribute so JMeter can skip classfile scanning
2025-03-01 18:50:45,134 INFO o.a.j.r.ClassFinder: Will scan jar C:\Users\ASUS\Desktop\apache-jmeter-5.6.3\apache-jmeter-5.6.3\lib\ext\jmeter-plugins-tst-2.6.jar with filter ExtendsClassFilter [parents=[interface org.apache.jmeter.functions.Function], inner=false, contains=null, notContains=null]. Consider exposing JMeter plugins via META-INF/services, and add JMeter-Skip-Class-Scanning=true manifest attribute so JMeter can skip classfile scanning
2025-03-01 18:50:45,134 INFO o.a.j.r.ClassFinder: Will scan jar C:\Users\ASUS\Desktop\apache-jmeter-5.6.3\apache-jmeter-5.6.3\lib\ext\jmeter-parallel-0.12.jar with filter ExtendsClassFilter [parents=[interface org.apache.jmeter.functions.Function], inner=false, contains=null, notContains=null]. Consider exposing JMeter plugins via META-INF/services, and add JMeter-Skip-Class-Scanning=true manifest attribute so JMeter can skip classfile scanning
2025-03-01 18:50:45,406 INFO o.a.j.JMeter: Running test (1740835245406)
2025-03-01 18:50:45,407 INFO o.a.j.e.StandardJMeterEngine: Starting setUp thread groups
2025-03-01 18:50:45,407 INFO o.a.j.e.StandardJMeterEngine: Starting setUp ThreadGroup: 1 : setUp Thread Group 
2025-03-01 18:50:45,408 INFO o.a.j.e.StandardJMeterEngine: Starting 20 threads for group setUp Thread Group.
2025-03-01 18:50:45,408 INFO o.a.j.e.StandardJMeterEngine: Thread will continue on error
2025-03-01 18:50:45,408 INFO o.a.j.t.ThreadGroup: Starting thread group... number=1 threads=20 ramp-up=10 delayedStart=false
2025-03-01 18:50:45,422 INFO o.a.j.t.JMeterThread: Thread started: setUp Thread Group 1-1
2025-03-01 18:50:45,453 INFO o.a.j.t.ThreadGroup: Started thread group number 1
2025-03-01 18:50:45,453 INFO o.a.j.e.StandardJMeterEngine: Waiting for all setup thread groups to exit
2025-03-01 18:50:45,917 INFO o.a.j.t.JMeterThread: Thread started: setUp Thread Group 1-2
2025-03-01 18:50:46,264 INFO o.a.j.p.h.s.HTTPHCAbstractImpl: Local host = THIVA
2025-03-01 18:50:46,271 INFO o.a.j.p.h.s.HTTPHC4Impl: HTTP request retry count = 0
2025-03-01 18:50:46,414 INFO o.a.j.t.JMeterThread: Thread started: setUp Thread Group 1-3
2025-03-01 18:50:46,916 INFO o.a.j.t.JMeterThread: Thread started: setUp Thread Group 1-4
2025-03-01 18:50:47,417 INFO o.a.j.t.JMeterThread: Thread started: setUp Thread Group 1-5
2025-03-01 18:50:47,916 INFO o.a.j.t.JMeterThread: Thread started: setUp Thread Group 1-6
2025-03-01 18:50:48,415 INFO o.a.j.t.JMeterThread: Thread started: setUp Thread Group 1-7
2025-03-01 18:50:48,931 INFO o.a.j.t.JMeterThread: Thread started: setUp Thread Group 1-8
2025-03-01 18:50:49,414 INFO o.a.j.t.JMeterThread: Thread started: setUp Thread Group 1-9
2025-03-01 18:50:49,914 INFO o.a.j.t.JMeterThread: Thread started: setUp Thread Group 1-10
2025-03-01 18:50:50,416 INFO o.a.j.t.JMeterThread: Thread started: setUp Thread Group 1-11
2025-03-01 18:50:50,913 INFO o.a.j.t.JMeterThread: Thread started: setUp Thread Group 1-12
2025-03-01 18:50:51,413 INFO o.a.j.t.JMeterThread: Thread started: setUp Thread Group 1-13
2025-03-01 18:50:51,913 INFO o.a.j.t.JMeterThread: Thread started: setUp Thread Group 1-14
2025-03-01 18:50:52,411 INFO o.a.j.t.JMeterThread: Thread started: setUp Thread Group 1-15
2025-03-01 18:50:52,911 INFO o.a.j.t.JMeterThread: Thread started: setUp Thread Group 1-16
2025-03-01 18:50:53,413 INFO o.a.j.t.JMeterThread: Thread started: setUp Thread Group 1-17
2025-03-01 18:50:53,912 INFO o.a.j.t.JMeterThread: Thread started: setUp Thread Group 1-18
2025-03-01 18:50:54,412 INFO o.a.j.t.JMeterThread: Thread started: setUp Thread Group 1-19
2025-03-01 18:50:54,913 INFO o.a.j.t.JMeterThread: Thread started: setUp Thread Group 1-20
2025-03-01 18:51:45,196 INFO o.a.j.t.JMeterThread: Thread finished: setUp Thread Group 1-6
2025-03-01 18:51:45,290 INFO o.a.j.t.JMeterThread: Thread finished: setUp Thread Group 1-17
2025-03-01 18:51:45,324 INFO o.a.j.t.JMeterThread: Thread finished: setUp Thread Group 1-10
2025-03-01 18:51:45,328 INFO o.a.j.t.JMeterThread: Thread finished: setUp Thread Group 1-13
2025-03-01 18:51:45,404 INFO o.a.j.t.JMeterThread: Thread finished: setUp Thread Group 1-14
2025-03-01 18:51:45,421 INFO o.a.j.t.JMeterThread: Thread finished: setUp Thread Group 1-11
2025-03-01 18:51:45,445 INFO o.a.j.t.JMeterThread: Stopping because end time detected by thread: setUp Thread Group 1-2
2025-03-01 18:51:45,445 INFO o.a.j.t.JMeterThread: Stopping because end time detected by thread: setUp Thread Group 1-15
2025-03-01 18:51:45,445 INFO o.a.j.t.JMeterThread: Thread finished: setUp Thread Group 1-2
2025-03-01 18:51:45,445 INFO o.a.j.t.JMeterThread: Thread finished: setUp Thread Group 1-15
2025-03-01 18:51:45,496 INFO o.a.j.t.JMeterThread: Stopping because end time detected by thread: setUp Thread Group 1-20
2025-03-01 18:51:45,496 INFO o.a.j.t.JMeterThread: Thread finished: setUp Thread Group 1-20
2025-03-01 18:51:45,592 INFO o.a.j.t.JMeterThread: Stopping because end time detected by thread: setUp Thread Group 1-12
2025-03-01 18:51:45,592 INFO o.a.j.t.JMeterThread: Thread finished: setUp Thread Group 1-12
2025-03-01 18:51:45,600 INFO o.a.j.t.JMeterThread: Stopping because end time detected by thread: setUp Thread Group 1-1
2025-03-01 18:51:45,600 INFO o.a.j.t.JMeterThread: Thread finished: setUp Thread Group 1-1
2025-03-01 18:51:45,600 INFO o.a.j.t.JMeterThread: Stopping because end time detected by thread: setUp Thread Group 1-9
2025-03-01 18:51:45,600 INFO o.a.j.t.JMeterThread: Thread finished: setUp Thread Group 1-9
2025-03-01 18:51:45,608 INFO o.a.j.t.JMeterThread: Stopping because end time detected by thread: setUp Thread Group 1-16
2025-03-01 18:51:45,608 INFO o.a.j.t.JMeterThread: Thread finished: setUp Thread Group 1-16
2025-03-01 18:51:45,657 INFO o.a.j.t.JMeterThread: Stopping because end time detected by thread: setUp Thread Group 1-7
2025-03-01 18:51:45,657 INFO o.a.j.t.JMeterThread: Thread finished: setUp Thread Group 1-7
2025-03-01 18:51:45,704 INFO o.a.j.t.JMeterThread: Stopping because end time detected by thread: setUp Thread Group 1-18
2025-03-01 18:51:45,704 INFO o.a.j.t.JMeterThread: Thread finished: setUp Thread Group 1-18
2025-03-01 18:51:45,800 INFO o.a.j.t.JMeterThread: Stopping because end time detected by thread: setUp Thread Group 1-4
2025-03-01 18:51:45,800 INFO o.a.j.t.JMeterThread: Thread finished: setUp Thread Group 1-4
2025-03-01 18:51:45,816 INFO o.a.j.t.JMeterThread: Stopping because end time detected by thread: setUp Thread Group 1-5
2025-03-01 18:51:45,825 INFO o.a.j.t.JMeterThread: Thread finished: setUp Thread Group 1-5
2025-03-01 18:51:45,896 INFO o.a.j.t.JMeterThread: Stopping because end time detected by thread: setUp Thread Group 1-3
2025-03-01 18:51:45,904 INFO o.a.j.t.JMeterThread: Thread finished: setUp Thread Group 1-3
2025-03-01 18:51:45,912 INFO o.a.j.t.JMeterThread: Stopping because end time detected by thread: setUp Thread Group 1-8
2025-03-01 18:51:45,912 INFO o.a.j.t.JMeterThread: Thread finished: setUp Thread Group 1-8
2025-03-01 18:51:46,039 INFO o.a.j.t.JMeterThread: Stopping because end time detected by thread: setUp Thread Group 1-19
2025-03-01 18:51:46,039 INFO o.a.j.t.JMeterThread: Thread finished: setUp Thread Group 1-19
2025-03-01 18:51:46,039 INFO o.a.j.e.StandardJMeterEngine: All Setup Threads have ended
2025-03-01 18:51:46,079 INFO o.a.j.e.StandardJMeterEngine: Starting ThreadGroup: 1 : Thread-Gruppe
2025-03-01 18:51:46,079 INFO o.a.j.e.StandardJMeterEngine: Starting 75 threads for group Thread-Gruppe.
2025-03-01 18:51:46,079 INFO o.a.j.e.StandardJMeterEngine: Thread will continue on error
2025-03-01 18:51:46,079 INFO o.a.j.t.ThreadGroup: Starting thread group... number=1 threads=75 ramp-up=10 delayedStart=false
2025-03-01 18:51:46,079 INFO o.a.j.t.JMeterThread: Thread started: Thread-Gruppe 1-1
2025-03-01 18:51:46,141 INFO o.a.j.t.ThreadGroup: Started thread group number 1
2025-03-01 18:51:46,142 INFO o.a.j.e.StandardJMeterEngine: Starting ThreadGroup: 2 : Thread-Gruppe
2025-03-01 18:51:46,142 INFO o.a.j.e.StandardJMeterEngine: Starting 20 threads for group Thread-Gruppe.
2025-03-01 18:51:46,142 INFO o.a.j.e.StandardJMeterEngine: Thread will continue on error
2025-03-01 18:51:46,142 INFO o.a.j.t.ThreadGroup: Starting thread group... number=2 threads=20 ramp-up=10 delayedStart=false
2025-03-01 18:51:46,144 INFO o.a.j.t.JMeterThread: Thread started: Thread-Gruppe 2-1
2025-03-01 18:51:46,159 INFO o.a.j.t.ThreadGroup: Started thread group number 2
2025-03-01 18:51:46,159 INFO o.a.j.e.StandardJMeterEngine: Starting ThreadGroup: 3 : Thread-Gruppe
2025-03-01 18:51:46,159 INFO o.a.j.e.StandardJMeterEngine: Starting 5 threads for group Thread-Gruppe.
2025-03-01 18:51:46,159 INFO o.a.j.e.StandardJMeterEngine: Thread will continue on error
2025-03-01 18:51:46,160 INFO o.a.j.t.ThreadGroup: Starting thread group... number=3 threads=5 ramp-up=10 delayedStart=false
2025-03-01 18:51:46,161 INFO o.a.j.t.JMeterThread: Thread started: Thread-Gruppe 3-1
2025-03-01 18:51:46,164 INFO o.a.j.t.ThreadGroup: Started thread group number 3
2025-03-01 18:51:46,164 INFO o.a.j.e.StandardJMeterEngine: All thread groups have been started
2025-03-01 18:51:46,220 INFO o.a.j.t.JMeterThread: Thread started: Thread-Gruppe 1-2
2025-03-01 18:51:46,352 INFO o.a.j.t.JMeterThread: Thread started: Thread-Gruppe 1-3
2025-03-01 18:51:46,486 INFO o.a.j.t.JMeterThread: Thread started: Thread-Gruppe 1-4
2025-03-01 18:51:46,620 INFO o.a.j.t.JMeterThread: Thread started: Thread-Gruppe 1-5
2025-03-01 18:51:46,644 INFO o.a.j.t.JMeterThread: Thread started: Thread-Gruppe 2-2
2025-03-01 18:51:46,746 INFO o.a.j.t.JMeterThread: Thread started: Thread-Gruppe 1-6
2025-03-01 18:51:46,879 INFO o.a.j.t.JMeterThread: Thread started: Thread-Gruppe 1-7
2025-03-01 18:51:47,012 INFO o.a.j.t.JMeterThread: Thread started: Thread-Gruppe 1-8
2025-03-01 18:51:47,145 INFO o.a.j.t.JMeterThread: Thread started: Thread-Gruppe 1-9
2025-03-01 18:51:47,145 INFO o.a.j.t.JMeterThread: Thread started: Thread-Gruppe 2-3
2025-03-01 18:51:47,281 INFO o.a.j.t.JMeterThread: Thread started: Thread-Gruppe 1-10
2025-03-01 18:51:47,412 INFO o.a.j.t.JMeterThread: Thread started: Thread-Gruppe 1-11
2025-03-01 18:51:47,545 INFO o.a.j.t.JMeterThread: Thread started: Thread-Gruppe 1-12
2025-03-01 18:51:47,645 INFO o.a.j.t.JMeterThread: Thread started: Thread-Gruppe 2-4
2025-03-01 18:51:47,679 INFO o.a.j.t.JMeterThread: Thread started: Thread-Gruppe 1-13
2025-03-01 18:51:47,813 INFO o.a.j.t.JMeterThread: Thread started: Thread-Gruppe 1-14
2025-03-01 18:51:47,944 INFO o.a.j.t.JMeterThread: Thread started: Thread-Gruppe 1-15
2025-03-01 18:51:48,077 INFO o.a.j.t.JMeterThread: Thread started: Thread-Gruppe 1-16
2025-03-01 18:51:48,145 INFO o.a.j.t.JMeterThread: Thread started: Thread-Gruppe 2-5
2025-03-01 18:51:48,161 INFO o.a.j.t.JMeterThread: Thread started: Thread-Gruppe 3-2
2025-03-01 18:51:48,208 INFO o.a.j.t.JMeterThread: Thread started: Thread-Gruppe 1-17
2025-03-01 18:51:48,343 INFO o.a.j.t.JMeterThread: Thread started: Thread-Gruppe 1-18
2025-03-01 18:51:48,474 INFO o.a.j.t.JMeterThread: Thread started: Thread-Gruppe 1-19
2025-03-01 18:51:48,610 INFO o.a.j.t.JMeterThread: Thread started: Thread-Gruppe 1-20
2025-03-01 18:51:48,644 INFO o.a.j.t.JMeterThread: Thread started: Thread-Gruppe 2-6
2025-03-01 18:51:48,741 INFO o.a.j.t.JMeterThread: Thread started: Thread-Gruppe 1-21
2025-03-01 18:51:48,874 INFO o.a.j.t.JMeterThread: Thread started: Thread-Gruppe 1-22
2025-03-01 18:51:49,007 INFO o.a.j.t.JMeterThread: Thread started: Thread-Gruppe 1-23
2025-03-01 18:51:49,140 INFO o.a.j.t.JMeterThread: Thread started: Thread-Gruppe 1-24
2025-03-01 18:51:49,145 INFO o.a.j.t.JMeterThread: Thread started: Thread-Gruppe 2-7
2025-03-01 18:51:49,275 INFO o.a.j.t.JMeterThread: Thread started: Thread-Gruppe 1-25
2025-03-01 18:51:49,407 INFO o.a.j.t.JMeterThread: Thread started: Thread-Gruppe 1-26
2025-03-01 18:51:49,540 INFO o.a.j.t.JMeterThread: Thread started: Thread-Gruppe 1-27
2025-03-01 18:51:49,645 INFO o.a.j.t.JMeterThread: Thread started: Thread-Gruppe 2-8
2025-03-01 18:51:49,675 INFO o.a.j.t.JMeterThread: Thread started: Thread-Gruppe 1-28
2025-03-01 18:51:49,806 INFO o.a.j.t.JMeterThread: Thread started: Thread-Gruppe 1-29
2025-03-01 18:51:49,938 INFO o.a.j.t.JMeterThread: Thread started: Thread-Gruppe 1-30
2025-03-01 18:51:50,072 INFO o.a.j.t.JMeterThread: Thread started: Thread-Gruppe 1-31
2025-03-01 18:51:50,143 INFO o.a.j.t.JMeterThread: Thread started: Thread-Gruppe 2-9
2025-03-01 18:51:50,163 INFO o.a.j.t.JMeterThread: Thread started: Thread-Gruppe 3-3
2025-03-01 18:51:50,204 INFO o.a.j.t.JMeterThread: Thread started: Thread-Gruppe 1-32
2025-03-01 18:51:50,338 INFO o.a.j.t.JMeterThread: Thread started: Thread-Gruppe 1-33
2025-03-01 18:51:50,470 INFO o.a.j.t.JMeterThread: Thread started: Thread-Gruppe 1-34
2025-03-01 18:51:50,602 INFO o.a.j.t.JMeterThread: Thread started: Thread-Gruppe 1-35
2025-03-01 18:51:50,644 INFO o.a.j.t.JMeterThread: Thread started: Thread-Gruppe 2-10
2025-03-01 18:51:50,736 INFO o.a.j.t.JMeterThread: Thread started: Thread-Gruppe 1-36
2025-03-01 18:51:50,871 INFO o.a.j.t.JMeterThread: Thread started: Thread-Gruppe 1-37
2025-03-01 18:51:51,003 INFO o.a.j.t.JMeterThread: Thread started: Thread-Gruppe 1-38
2025-03-01 18:51:51,136 INFO o.a.j.t.JMeterThread: Thread started: Thread-Gruppe 1-39
2025-03-01 18:51:51,144 INFO o.a.j.t.JMeterThread: Thread started: Thread-Gruppe 2-11
2025-03-01 18:51:51,269 INFO o.a.j.t.JMeterThread: Thread started: Thread-Gruppe 1-40
2025-03-01 18:51:51,402 INFO o.a.j.t.JMeterThread: Thread started: Thread-Gruppe 1-41
2025-03-01 18:51:51,535 INFO o.a.j.t.JMeterThread: Thread started: Thread-Gruppe 1-42
2025-03-01 18:51:51,645 INFO o.a.j.t.JMeterThread: Thread started: Thread-Gruppe 2-12
2025-03-01 18:51:51,669 INFO o.a.j.t.JMeterThread: Thread started: Thread-Gruppe 1-43
2025-03-01 18:51:51,800 INFO o.a.j.t.JMeterThread: Thread started: Thread-Gruppe 1-44
2025-03-01 18:51:51,934 INFO o.a.j.t.JMeterThread: Thread started: Thread-Gruppe 1-45
2025-03-01 18:51:52,066 INFO o.a.j.t.JMeterThread: Thread started: Thread-Gruppe 1-46
2025-03-01 18:51:52,144 INFO o.a.j.t.JMeterThread: Thread started: Thread-Gruppe 2-13
2025-03-01 18:51:52,162 INFO o.a.j.t.JMeterThread: Thread started: Thread-Gruppe 3-4
2025-03-01 18:51:52,200 INFO o.a.j.t.JMeterThread: Thread started: Thread-Gruppe 1-47
2025-03-01 18:51:52,332 INFO o.a.j.t.JMeterThread: Thread started: Thread-Gruppe 1-48
2025-03-01 18:51:52,466 INFO o.a.j.t.JMeterThread: Thread started: Thread-Gruppe 1-49
2025-03-01 18:51:52,599 INFO o.a.j.t.JMeterThread: Thread started: Thread-Gruppe 1-50
2025-03-01 18:51:52,643 INFO o.a.j.t.JMeterThread: Thread started: Thread-Gruppe 2-14
2025-03-01 18:51:52,731 INFO o.a.j.t.JMeterThread: Thread started: Thread-Gruppe 1-51
2025-03-01 18:51:52,864 INFO o.a.j.t.JMeterThread: Thread started: Thread-Gruppe 1-52
2025-03-01 18:51:52,998 INFO o.a.j.t.JMeterThread: Thread started: Thread-Gruppe 1-53
2025-03-01 18:51:53,130 INFO o.a.j.t.JMeterThread: Thread started: Thread-Gruppe 1-54
2025-03-01 18:51:53,145 INFO o.a.j.t.JMeterThread: Thread started: Thread-Gruppe 2-15
2025-03-01 18:51:53,262 INFO o.a.j.t.JMeterThread: Thread started: Thread-Gruppe 1-55
2025-03-01 18:51:53,396 INFO o.a.j.t.JMeterThread: Thread started: Thread-Gruppe 1-56
2025-03-01 18:51:53,528 INFO o.a.j.t.JMeterThread: Thread started: Thread-Gruppe 1-57
2025-03-01 18:51:53,643 INFO o.a.j.t.JMeterThread: Thread started: Thread-Gruppe 2-16
2025-03-01 18:51:53,662 INFO o.a.j.t.JMeterThread: Thread started: Thread-Gruppe 1-58
2025-03-01 18:51:53,796 INFO o.a.j.t.JMeterThread: Thread started: Thread-Gruppe 1-59
2025-03-01 18:51:53,928 INFO o.a.j.t.JMeterThread: Thread started: Thread-Gruppe 1-60
2025-03-01 18:51:54,062 INFO o.a.j.t.JMeterThread: Thread started: Thread-Gruppe 1-61
2025-03-01 18:51:54,143 INFO o.a.j.t.JMeterThread: Thread started: Thread-Gruppe 2-17
2025-03-01 18:51:54,161 INFO o.a.j.t.JMeterThread: Thread started: Thread-Gruppe 3-5
2025-03-01 18:51:54,195 INFO o.a.j.t.JMeterThread: Thread started: Thread-Gruppe 1-62
2025-03-01 18:51:54,329 INFO o.a.j.t.JMeterThread: Thread started: Thread-Gruppe 1-63
2025-03-01 18:51:54,460 INFO o.a.j.t.JMeterThread: Thread started: Thread-Gruppe 1-64
2025-03-01 18:51:54,593 INFO o.a.j.t.JMeterThread: Thread started: Thread-Gruppe 1-65
2025-03-01 18:51:54,644 INFO o.a.j.t.JMeterThread: Thread started: Thread-Gruppe 2-18
2025-03-01 18:51:54,728 INFO o.a.j.t.JMeterThread: Thread started: Thread-Gruppe 1-66
2025-03-01 18:51:54,859 INFO o.a.j.t.JMeterThread: Thread started: Thread-Gruppe 1-67
2025-03-01 18:51:54,992 INFO o.a.j.t.JMeterThread: Thread started: Thread-Gruppe 1-68
2025-03-01 18:51:55,124 INFO o.a.j.t.JMeterThread: Thread started: Thread-Gruppe 1-69
2025-03-01 18:51:55,145 INFO o.a.j.t.JMeterThread: Thread started: Thread-Gruppe 2-19
2025-03-01 18:51:55,258 INFO o.a.j.t.JMeterThread: Thread started: Thread-Gruppe 1-70
2025-03-01 18:51:55,390 INFO o.a.j.t.JMeterThread: Thread started: Thread-Gruppe 1-71
2025-03-01 18:51:55,524 INFO o.a.j.t.JMeterThread: Thread started: Thread-Gruppe 1-72
2025-03-01 18:51:55,644 INFO o.a.j.t.JMeterThread: Thread started: Thread-Gruppe 2-20
2025-03-01 18:51:55,658 INFO o.a.j.t.JMeterThread: Thread started: Thread-Gruppe 1-73
2025-03-01 18:51:55,789 INFO o.a.j.t.JMeterThread: Thread started: Thread-Gruppe 1-74
2025-03-01 18:51:55,923 INFO o.a.j.t.JMeterThread: Thread started: Thread-Gruppe 1-75
2025-03-01 18:52:00,010 INFO o.a.j.r.Summariser: summary +    706 in 00:01:15 =    9.5/s Avg:   465 Min:   246 Max:  1171 Err:     0 (0.00%) Active: 100 Started: 100 Finished: 0
2025-03-01 18:52:30,008 INFO o.a.j.r.Summariser: summary +   2270 in 00:00:30 =   75.7/s Avg:   448 Min:   246 Max:  1283 Err:     0 (0.00%) Active: 100 Started: 100 Finished: 0
2025-03-01 18:52:30,008 INFO o.a.j.r.Summariser: summary =   2976 in 00:01:45 =   28.5/s Avg:   452 Min:   246 Max:  1283 Err:     0 (0.00%)
2025-03-01 18:53:00,015 INFO o.a.j.r.Summariser: summary +   2269 in 00:00:30 =   75.6/s Avg:   460 Min:   246 Max:  1081 Err:     0 (0.00%) Active: 100 Started: 100 Finished: 0
2025-03-01 18:53:00,015 INFO o.a.j.r.Summariser: summary =   5245 in 00:02:15 =   39.0/s Avg:   455 Min:   246 Max:  1283 Err:     0 (0.00%)
2025-03-01 18:53:30,054 INFO o.a.j.r.Summariser: summary +   2265 in 00:00:30 =   75.4/s Avg:   445 Min:   246 Max:  1458 Err:     0 (0.00%) Active: 100 Started: 100 Finished: 0
2025-03-01 18:53:30,055 INFO o.a.j.r.Summariser: summary =   7510 in 00:02:45 =   45.6/s Avg:   452 Min:   246 Max:  1458 Err:     0 (0.00%)
2025-03-01 18:54:00,024 INFO o.a.j.r.Summariser: summary +   2267 in 00:00:30 =   75.6/s Avg:   458 Min:   246 Max:  1190 Err:     1 (0.04%) Active: 100 Started: 100 Finished: 0
2025-03-01 18:54:00,025 INFO o.a.j.r.Summariser: summary =   9777 in 00:03:15 =   50.2/s Avg:   454 Min:   246 Max:  1458 Err:     1 (0.01%)
2025-03-01 18:54:30,014 INFO o.a.j.r.Summariser: summary +   2272 in 00:00:30 =   75.8/s Avg:   449 Min:   247 Max:  1449 Err:     0 (0.00%) Active: 100 Started: 100 Finished: 0
2025-03-01 18:54:30,014 INFO o.a.j.r.Summariser: summary =  12049 in 00:03:45 =   53.6/s Avg:   453 Min:   246 Max:  1458 Err:     1 (0.01%)
2025-03-01 18:55:00,028 INFO o.a.j.r.Summariser: summary +   2264 in 00:00:30 =   75.4/s Avg:   456 Min:   243 Max:  1214 Err:     0 (0.00%) Active: 100 Started: 100 Finished: 0
2025-03-01 18:55:00,029 INFO o.a.j.r.Summariser: summary =  14313 in 00:04:15 =   56.2/s Avg:   453 Min:   243 Max:  1458 Err:     1 (0.01%)
2025-03-01 18:55:30,015 INFO o.a.j.r.Summariser: summary +   2274 in 00:00:30 =   75.8/s Avg:   452 Min:   246 Max:  1305 Err:     0 (0.00%) Active: 100 Started: 100 Finished: 0
2025-03-01 18:55:30,016 INFO o.a.j.r.Summariser: summary =  16587 in 00:04:45 =   58.3/s Avg:   453 Min:   243 Max:  1458 Err:     1 (0.01%)
2025-03-01 18:56:00,018 INFO o.a.j.r.Summariser: summary +   2264 in 00:00:30 =   75.5/s Avg:   447 Min:   246 Max:  1274 Err:     0 (0.00%) Active: 100 Started: 100 Finished: 0
2025-03-01 18:56:00,019 INFO o.a.j.r.Summariser: summary =  18851 in 00:05:15 =   59.9/s Avg:   452 Min:   243 Max:  1458 Err:     1 (0.01%)
2025-03-01 18:56:30,009 INFO o.a.j.r.Summariser: summary +   2266 in 00:00:30 =   75.6/s Avg:   451 Min:   247 Max:  1269 Err:     0 (0.00%) Active: 100 Started: 100 Finished: 0
2025-03-01 18:56:30,010 INFO o.a.j.r.Summariser: summary =  21117 in 00:05:45 =   61.3/s Avg:   452 Min:   243 Max:  1458 Err:     1 (0.00%)
2025-03-01 18:57:00,028 INFO o.a.j.r.Summariser: summary +   2263 in 00:00:30 =   75.4/s Avg:   457 Min:   244 Max:  1140 Err:     0 (0.00%) Active: 100 Started: 100 Finished: 0
2025-03-01 18:57:00,029 INFO o.a.j.r.Summariser: summary =  23380 in 00:06:15 =   62.4/s Avg:   453 Min:   243 Max:  1458 Err:     1 (0.00%)
2025-03-01 18:57:30,003 INFO o.a.j.r.Summariser: summary +   2226 in 00:00:30 =   74.3/s Avg:   485 Min:   246 Max:  2481 Err:     0 (0.00%) Active: 100 Started: 100 Finished: 0
2025-03-01 18:57:30,003 INFO o.a.j.r.Summariser: summary =  25606 in 00:06:45 =   63.3/s Avg:   456 Min:   243 Max:  2481 Err:     1 (0.00%)
2025-03-01 18:58:00,033 INFO o.a.j.r.Summariser: summary +   2269 in 00:00:30 =   75.6/s Avg:   462 Min:   247 Max:  1441 Err:     0 (0.00%) Active: 100 Started: 100 Finished: 0
2025-03-01 18:58:00,034 INFO o.a.j.r.Summariser: summary =  27875 in 00:07:15 =   64.1/s Avg:   456 Min:   243 Max:  2481 Err:     1 (0.00%)
2025-03-01 18:58:30,001 INFO o.a.j.r.Summariser: summary +   2272 in 00:00:30 =   75.8/s Avg:   441 Min:   246 Max:  1060 Err:     0 (0.00%) Active: 100 Started: 100 Finished: 0
2025-03-01 18:58:30,002 INFO o.a.j.r.Summariser: summary =  30147 in 00:07:45 =   64.9/s Avg:   455 Min:   243 Max:  2481 Err:     1 (0.00%)
2025-03-01 18:59:00,009 INFO o.a.j.r.Summariser: summary +   2269 in 00:00:30 =   75.6/s Avg:   457 Min:   246 Max:  1119 Err:     0 (0.00%) Active: 100 Started: 100 Finished: 0
2025-03-01 18:59:00,010 INFO o.a.j.r.Summariser: summary =  32416 in 00:08:15 =   65.5/s Avg:   455 Min:   243 Max:  2481 Err:     1 (0.00%)
2025-03-01 18:59:30,004 INFO o.a.j.r.Summariser: summary +   2266 in 00:00:30 =   75.5/s Avg:   449 Min:   246 Max:  1297 Err:     0 (0.00%) Active: 100 Started: 100 Finished: 0
2025-03-01 18:59:30,004 INFO o.a.j.r.Summariser: summary =  34682 in 00:08:45 =   66.1/s Avg:   455 Min:   243 Max:  2481 Err:     1 (0.00%)
2025-03-01 19:00:00,016 INFO o.a.j.r.Summariser: summary +   2264 in 00:00:30 =   75.4/s Avg:   449 Min:   244 Max:  1145 Err:     0 (0.00%) Active: 100 Started: 100 Finished: 0
2025-03-01 19:00:00,016 INFO o.a.j.r.Summariser: summary =  36946 in 00:09:15 =   66.6/s Avg:   454 Min:   243 Max:  2481 Err:     1 (0.00%)
2025-03-01 19:00:30,005 INFO o.a.j.r.Summariser: summary +   2264 in 00:00:30 =   75.5/s Avg:   457 Min:   246 Max:  1144 Err:     0 (0.00%) Active: 100 Started: 100 Finished: 0
2025-03-01 19:00:30,005 INFO o.a.j.r.Summariser: summary =  39210 in 00:09:45 =   67.1/s Avg:   454 Min:   243 Max:  2481 Err:     1 (0.00%)
2025-03-01 19:01:00,002 INFO o.a.j.r.Summariser: summary +   2274 in 00:00:30 =   75.8/s Avg:   452 Min:   246 Max:  1267 Err:     0 (0.00%) Active: 100 Started: 100 Finished: 0
2025-03-01 19:01:00,003 INFO o.a.j.r.Summariser: summary =  41484 in 00:10:15 =   67.5/s Avg:   454 Min:   243 Max:  2481 Err:     1 (0.00%)
2025-03-01 19:01:30,006 INFO o.a.j.r.Summariser: summary +   2266 in 00:00:30 =   75.5/s Avg:   463 Min:   246 Max:  1161 Err:     0 (0.00%) Active: 100 Started: 100 Finished: 0
2025-03-01 19:01:30,007 INFO o.a.j.r.Summariser: summary =  43750 in 00:10:45 =   67.9/s Avg:   455 Min:   243 Max:  2481 Err:     1 (0.00%)
2025-03-01 19:01:44,465 INFO o.a.j.t.JMeterThread: Thread finished: Thread-Gruppe 1-47
2025-03-01 19:01:44,470 INFO o.a.j.t.JMeterThread: Thread finished: Thread-Gruppe 1-17
2025-03-01 19:01:44,588 INFO o.a.j.t.JMeterThread: Thread finished: Thread-Gruppe 1-48
2025-03-01 19:01:44,601 INFO o.a.j.t.JMeterThread: Thread finished: Thread-Gruppe 1-18
2025-03-01 19:01:44,614 INFO o.a.j.t.JMeterThread: Thread finished: Thread-Gruppe 1-1
2025-03-01 19:01:44,697 INFO o.a.j.t.JMeterThread: Thread finished: Thread-Gruppe 1-62
2025-03-01 19:01:44,714 INFO o.a.j.t.JMeterThread: Thread finished: Thread-Gruppe 1-2
2025-03-01 19:01:44,730 INFO o.a.j.t.JMeterThread: Thread finished: Thread-Gruppe 1-19
2025-03-01 19:01:44,730 INFO o.a.j.t.JMeterThread: Thread finished: Thread-Gruppe 1-49
2025-03-01 19:01:44,818 INFO o.a.j.t.JMeterThread: Thread finished: Thread-Gruppe 1-63
2025-03-01 19:01:44,853 INFO o.a.j.t.JMeterThread: Thread finished: Thread-Gruppe 1-3
2025-03-01 19:01:44,865 INFO o.a.j.t.JMeterThread: Thread finished: Thread-Gruppe 1-50
2025-03-01 19:01:44,871 INFO o.a.j.t.JMeterThread: Thread finished: Thread-Gruppe 1-20
2025-03-01 19:01:44,948 INFO o.a.j.t.JMeterThread: Thread finished: Thread-Gruppe 1-64
2025-03-01 19:01:44,983 INFO o.a.j.t.JMeterThread: Thread finished: Thread-Gruppe 1-51
2025-03-01 19:01:44,993 INFO o.a.j.t.JMeterThread: Thread finished: Thread-Gruppe 1-4
2025-03-01 19:01:45,011 INFO o.a.j.t.JMeterThread: Thread finished: Thread-Gruppe 1-21
2025-03-01 19:01:45,074 INFO o.a.j.t.JMeterThread: Thread finished: Thread-Gruppe 1-65
2025-03-01 19:01:45,100 INFO o.a.j.t.JMeterThread: Thread finished: Thread-Gruppe 1-32
2025-03-01 19:01:45,109 INFO o.a.j.t.JMeterThread: Thread finished: Thread-Gruppe 1-5
2025-03-01 19:01:45,116 INFO o.a.j.t.JMeterThread: Thread finished: Thread-Gruppe 1-52
2025-03-01 19:01:45,139 INFO o.a.j.t.JMeterThread: Thread finished: Thread-Gruppe 1-22
2025-03-01 19:01:45,208 INFO o.a.j.t.JMeterThread: Thread finished: Thread-Gruppe 1-66
2025-03-01 19:01:45,234 INFO o.a.j.t.JMeterThread: Thread finished: Thread-Gruppe 1-6
2025-03-01 19:01:45,245 INFO o.a.j.t.JMeterThread: Thread finished: Thread-Gruppe 1-33
2025-03-01 19:01:45,251 INFO o.a.j.t.JMeterThread: Thread finished: Thread-Gruppe 1-53
2025-03-01 19:01:45,266 INFO o.a.j.t.JMeterThread: Thread finished: Thread-Gruppe 1-23
2025-03-01 19:01:45,345 INFO o.a.j.t.JMeterThread: Thread finished: Thread-Gruppe 1-67
2025-03-01 19:01:45,374 INFO o.a.j.t.JMeterThread: Thread finished: Thread-Gruppe 1-7
2025-03-01 19:01:45,390 INFO o.a.j.t.JMeterThread: Thread finished: Thread-Gruppe 1-34
2025-03-01 19:01:45,395 INFO o.a.j.t.JMeterThread: Thread finished: Thread-Gruppe 1-24
2025-03-01 19:01:45,395 INFO o.a.j.t.JMeterThread: Thread finished: Thread-Gruppe 1-54
2025-03-01 19:01:45,481 INFO o.a.j.t.JMeterThread: Thread finished: Thread-Gruppe 1-68
2025-03-01 19:01:45,483 INFO o.a.j.t.JMeterThread: Thread finished: Thread-Gruppe 1-35
2025-03-01 19:01:45,499 INFO o.a.j.t.JMeterThread: Thread finished: Thread-Gruppe 1-8
2025-03-01 19:01:45,522 INFO o.a.j.t.JMeterThread: Thread finished: Thread-Gruppe 1-55
2025-03-01 19:01:45,530 INFO o.a.j.t.JMeterThread: Thread finished: Thread-Gruppe 1-25
2025-03-01 19:01:45,602 INFO o.a.j.t.JMeterThread: Thread finished: Thread-Gruppe 1-36
2025-03-01 19:01:45,607 INFO o.a.j.t.JMeterThread: Thread finished: Thread-Gruppe 1-69
2025-03-01 19:01:45,638 INFO o.a.j.t.JMeterThread: Thread finished: Thread-Gruppe 1-9
2025-03-01 19:01:45,659 INFO o.a.j.t.JMeterThread: Thread finished: Thread-Gruppe 1-56
2025-03-01 19:01:45,667 INFO o.a.j.t.JMeterThread: Thread finished: Thread-Gruppe 1-26
2025-03-01 19:01:45,758 INFO o.a.j.t.JMeterThread: Thread finished: Thread-Gruppe 1-70
2025-03-01 19:01:45,764 INFO o.a.j.t.JMeterThread: Thread finished: Thread-Gruppe 1-37
2025-03-01 19:01:45,770 INFO o.a.j.t.JMeterThread: Thread finished: Thread-Gruppe 1-10
2025-03-01 19:01:45,786 INFO o.a.j.t.JMeterThread: Thread finished: Thread-Gruppe 1-57
2025-03-01 19:01:45,817 INFO o.a.j.t.JMeterThread: Thread finished: Thread-Gruppe 1-27
2025-03-01 19:01:45,877 INFO o.a.j.t.JMeterThread: Thread finished: Thread-Gruppe 1-71
2025-03-01 19:01:45,886 INFO o.a.j.t.JMeterThread: Thread finished: Thread-Gruppe 1-38
2025-03-01 19:01:45,888 INFO o.a.j.t.JMeterThread: Thread finished: Thread-Gruppe 1-11
2025-03-01 19:01:45,926 INFO o.a.j.t.JMeterThread: Thread finished: Thread-Gruppe 1-58
2025-03-01 19:01:45,933 INFO o.a.j.t.JMeterThread: Thread finished: Thread-Gruppe 1-28
2025-03-01 19:01:45,953 INFO o.a.j.t.JMeterThread: Thread finished: Thread-Gruppe 2-13
2025-03-01 19:01:45,975 INFO o.a.j.t.JMeterThread: Thread finished: Thread-Gruppe 3-4
2025-03-01 19:01:45,998 INFO o.a.j.t.JMeterThread: Thread finished: Thread-Gruppe 2-7
2025-03-01 19:01:46,001 INFO o.a.j.t.JMeterThread: Thread finished: Thread-Gruppe 1-72
2025-03-01 19:01:46,028 INFO o.a.j.t.JMeterThread: Thread finished: Thread-Gruppe 1-39
2025-03-01 19:01:46,034 INFO o.a.j.t.JMeterThread: Thread finished: Thread-Gruppe 1-12
2025-03-01 19:01:46,087 INFO o.a.j.t.JMeterThread: Thread finished: Thread-Gruppe 1-29
2025-03-01 19:01:46,088 INFO o.a.j.t.JMeterThread: Thread finished: Thread-Gruppe 2-1
2025-03-01 19:01:46,089 INFO o.a.j.t.JMeterThread: Thread finished: Thread-Gruppe 1-59
2025-03-01 19:01:46,110 INFO o.a.j.t.JMeterThread: Thread finished: Thread-Gruppe 2-9
2025-03-01 19:01:46,141 INFO o.a.j.t.JMeterThread: Stopping because end time detected by thread: Thread-Gruppe 1-73
2025-03-01 19:01:46,141 INFO o.a.j.t.JMeterThread: Thread finished: Thread-Gruppe 1-73
2025-03-01 19:01:46,143 INFO o.a.j.t.JMeterThread: Thread finished: Thread-Gruppe 2-12
2025-03-01 19:01:46,157 INFO o.a.j.t.JMeterThread: Stopping because end time detected by thread: Thread-Gruppe 2-3
2025-03-01 19:01:46,157 INFO o.a.j.t.JMeterThread: Thread finished: Thread-Gruppe 2-3
2025-03-01 19:01:46,157 INFO o.a.j.t.JMeterThread: Thread finished: Thread-Gruppe 2-18
2025-03-01 19:01:46,173 INFO o.a.j.t.JMeterThread: Stopping because end time detected by thread: Thread-Gruppe 1-40
2025-03-01 19:01:46,173 INFO o.a.j.t.JMeterThread: Thread finished: Thread-Gruppe 1-40
2025-03-01 19:01:46,173 INFO o.a.j.t.JMeterThread: Stopping because end time detected by thread: Thread-Gruppe 1-60
2025-03-01 19:01:46,173 INFO o.a.j.t.JMeterThread: Thread finished: Thread-Gruppe 1-60
2025-03-01 19:01:46,188 INFO o.a.j.t.JMeterThread: Stopping because end time detected by thread: Thread-Gruppe 2-5
2025-03-01 19:01:46,188 INFO o.a.j.t.JMeterThread: Thread finished: Thread-Gruppe 2-5
2025-03-01 19:01:46,188 INFO o.a.j.t.JMeterThread: Stopping because end time detected by thread: Thread-Gruppe 1-30
2025-03-01 19:01:46,188 INFO o.a.j.t.JMeterThread: Thread finished: Thread-Gruppe 1-30
2025-03-01 19:01:46,188 INFO o.a.j.t.JMeterThread: Stopping because end time detected by thread: Thread-Gruppe 2-8
2025-03-01 19:01:46,188 INFO o.a.j.t.JMeterThread: Thread finished: Thread-Gruppe 2-8
2025-03-01 19:01:46,204 INFO o.a.j.t.JMeterThread: Stopping because end time detected by thread: Thread-Gruppe 2-15
2025-03-01 19:01:46,204 INFO o.a.j.t.JMeterThread: Thread finished: Thread-Gruppe 2-15
2025-03-01 19:01:46,204 INFO o.a.j.t.JMeterThread: Stopping because end time detected by thread: Thread-Gruppe 2-11
2025-03-01 19:01:46,204 INFO o.a.j.t.JMeterThread: Thread finished: Thread-Gruppe 2-11
2025-03-01 19:01:46,204 INFO o.a.j.t.JMeterThread: Stopping because end time detected by thread: Thread-Gruppe 2-17
2025-03-01 19:01:46,204 INFO o.a.j.t.JMeterThread: Thread finished: Thread-Gruppe 2-17
2025-03-01 19:01:46,221 INFO o.a.j.t.JMeterThread: Stopping because end time detected by thread: Thread-Gruppe 2-16
2025-03-01 19:01:46,221 INFO o.a.j.t.JMeterThread: Thread finished: Thread-Gruppe 2-16
2025-03-01 19:01:46,236 INFO o.a.j.t.JMeterThread: Stopping because end time detected by thread: Thread-Gruppe 2-19
2025-03-01 19:01:46,236 INFO o.a.j.t.JMeterThread: Thread finished: Thread-Gruppe 2-19
2025-03-01 19:01:46,268 INFO o.a.j.t.JMeterThread: Stopping because end time detected by thread: Thread-Gruppe 1-74
2025-03-01 19:01:46,268 INFO o.a.j.t.JMeterThread: Stopping because end time detected by thread: Thread-Gruppe 3-3
2025-03-01 19:01:46,268 INFO o.a.j.t.JMeterThread: Thread finished: Thread-Gruppe 1-74
2025-03-01 19:01:46,272 INFO o.a.j.t.JMeterThread: Thread finished: Thread-Gruppe 3-3
2025-03-01 19:01:46,287 INFO o.a.j.t.JMeterThread: Stopping because end time detected by thread: Thread-Gruppe 1-41
2025-03-01 19:01:46,287 INFO o.a.j.t.JMeterThread: Thread finished: Thread-Gruppe 1-41
2025-03-01 19:01:46,287 INFO o.a.j.t.JMeterThread: Stopping because end time detected by thread: Thread-Gruppe 1-14
2025-03-01 19:01:46,287 INFO o.a.j.t.JMeterThread: Thread finished: Thread-Gruppe 1-14
2025-03-01 19:01:46,303 INFO o.a.j.t.JMeterThread: Stopping because end time detected by thread: Thread-Gruppe 2-20
2025-03-01 19:01:46,303 INFO o.a.j.t.JMeterThread: Thread finished: Thread-Gruppe 2-20
2025-03-01 19:01:46,335 INFO o.a.j.t.JMeterThread: Stopping because end time detected by thread: Thread-Gruppe 1-31
2025-03-01 19:01:46,335 INFO o.a.j.t.JMeterThread: Thread finished: Thread-Gruppe 1-31
2025-03-01 19:01:46,335 INFO o.a.j.t.JMeterThread: Stopping because end time detected by thread: Thread-Gruppe 1-61
2025-03-01 19:01:46,335 INFO o.a.j.t.JMeterThread: Thread finished: Thread-Gruppe 1-61
2025-03-01 19:01:46,351 INFO o.a.j.t.JMeterThread: Stopping because end time detected by thread: Thread-Gruppe 2-2
2025-03-01 19:01:46,351 INFO o.a.j.t.JMeterThread: Thread finished: Thread-Gruppe 2-2
2025-03-01 19:01:46,366 INFO o.a.j.t.JMeterThread: Stopping because end time detected by thread: Thread-Gruppe 3-5
2025-03-01 19:01:46,366 INFO o.a.j.t.JMeterThread: Thread finished: Thread-Gruppe 3-5
2025-03-01 19:01:46,382 INFO o.a.j.t.JMeterThread: Stopping because end time detected by thread: Thread-Gruppe 2-6
2025-03-01 19:01:46,382 INFO o.a.j.t.JMeterThread: Thread finished: Thread-Gruppe 2-6
2025-03-01 19:01:46,398 INFO o.a.j.t.JMeterThread: Stopping because end time detected by thread: Thread-Gruppe 1-75
2025-03-01 19:01:46,398 INFO o.a.j.t.JMeterThread: Thread finished: Thread-Gruppe 1-75
2025-03-01 19:01:46,414 INFO o.a.j.t.JMeterThread: Stopping because end time detected by thread: Thread-Gruppe 1-42
2025-03-01 19:01:46,414 INFO o.a.j.t.JMeterThread: Thread finished: Thread-Gruppe 1-42
2025-03-01 19:01:46,414 INFO o.a.j.t.JMeterThread: Stopping because end time detected by thread: Thread-Gruppe 3-1
2025-03-01 19:01:46,414 INFO o.a.j.t.JMeterThread: Thread finished: Thread-Gruppe 3-1
2025-03-01 19:01:46,430 INFO o.a.j.t.JMeterThread: Stopping because end time detected by thread: Thread-Gruppe 1-15
2025-03-01 19:01:46,430 INFO o.a.j.t.JMeterThread: Thread finished: Thread-Gruppe 1-15
2025-03-01 19:01:46,478 INFO o.a.j.t.JMeterThread: Stopping because end time detected by thread: Thread-Gruppe 2-14
2025-03-01 19:01:46,478 INFO o.a.j.t.JMeterThread: Thread finished: Thread-Gruppe 2-14
2025-03-01 19:01:46,541 INFO o.a.j.t.JMeterThread: Stopping because end time detected by thread: Thread-Gruppe 1-13
2025-03-01 19:01:46,541 INFO o.a.j.t.JMeterThread: Thread finished: Thread-Gruppe 1-13
2025-03-01 19:01:46,572 INFO o.a.j.t.JMeterThread: Stopping because end time detected by thread: Thread-Gruppe 1-43
2025-03-01 19:01:46,572 INFO o.a.j.t.JMeterThread: Thread finished: Thread-Gruppe 1-43
2025-03-01 19:01:46,572 INFO o.a.j.t.JMeterThread: Stopping because end time detected by thread: Thread-Gruppe 1-16
2025-03-01 19:01:46,572 INFO o.a.j.t.JMeterThread: Thread finished: Thread-Gruppe 1-16
2025-03-01 19:01:46,592 INFO o.a.j.t.JMeterThread: Stopping because end time detected by thread: Thread-Gruppe 3-2
2025-03-01 19:01:46,592 INFO o.a.j.t.JMeterThread: Thread finished: Thread-Gruppe 3-2
2025-03-01 19:01:46,599 INFO o.a.j.t.JMeterThread: Stopping because end time detected by thread: Thread-Gruppe 2-10
2025-03-01 19:01:46,599 INFO o.a.j.t.JMeterThread: Thread finished: Thread-Gruppe 2-10
2025-03-01 19:01:46,660 INFO o.a.j.t.JMeterThread: Stopping because end time detected by thread: Thread-Gruppe 1-44
2025-03-01 19:01:46,660 INFO o.a.j.t.JMeterThread: Thread finished: Thread-Gruppe 1-44
2025-03-01 19:01:46,859 INFO o.a.j.t.JMeterThread: Stopping because end time detected by thread: Thread-Gruppe 1-45
2025-03-01 19:01:46,859 INFO o.a.j.t.JMeterThread: Thread finished: Thread-Gruppe 1-45
2025-03-01 19:01:46,906 INFO o.a.j.t.JMeterThread: Stopping because end time detected by thread: Thread-Gruppe 2-4
2025-03-01 19:01:46,906 INFO o.a.j.t.JMeterThread: Thread finished: Thread-Gruppe 2-4
2025-03-01 19:01:47,004 INFO o.a.j.t.JMeterThread: Stopping because end time detected by thread: Thread-Gruppe 1-46
2025-03-01 19:01:47,004 INFO o.a.j.t.JMeterThread: Thread finished: Thread-Gruppe 1-46
2025-03-01 19:01:47,004 INFO o.a.j.e.StandardJMeterEngine: Notifying test listeners of end of test
2025-03-01 19:01:47,004 INFO o.a.j.r.Summariser: summary +   1248 in 00:00:17 =   73.4/s Avg:   441 Min:   246 Max:  1285 Err:     0 (0.00%) Active: 0 Started: 100 Finished: 100
2025-03-01 19:01:47,004 INFO o.a.j.r.Summariser: summary =  44998 in 00:11:02 =   68.0/s Avg:   454 Min:   243 Max:  2481 Err:     1 (0.00%)
