2025-03-01 20:41:35,958 INFO o.a.j.u.JMeterUtils: Setting Locale to en_EN
2025-03-01 20:41:35,987 INFO o.a.j.JMeter: Loading user properties from: C:\Users\ASUS\Desktop\apache-jmeter-5.6.3\apache-jmeter-5.6.3\bin\user.properties
2025-03-01 20:41:35,988 INFO o.a.j.JMeter: Loading system properties from: C:\Users\ASUS\Desktop\apache-jmeter-5.6.3\apache-jmeter-5.6.3\bin\system.properties
2025-03-01 20:41:35,989 INFO o.a.j.JMeter: Setting JMeter property: lb_1_hostname=104.155.182.254
2025-03-01 20:41:35,990 INFO o.a.j.JMeter: Setting JMeter property: lb_2_hostname=35.246.73.6
2025-03-01 20:41:35,990 INFO o.a.j.JMeter: Setting JMeter property: lb_1_port=8090
2025-03-01 20:41:35,990 INFO o.a.j.JMeter: Setting JMeter property: lb_2_port=8091
2025-03-01 20:41:35,993 INFO o.a.j.JMeter: Setting JMeter property: warm_up_users=20
2025-03-01 20:41:35,993 INFO o.a.j.JMeter: Setting JMeter property: warm_up_time=60
2025-03-01 20:41:35,993 INFO o.a.j.JMeter: Setting JMeter property: test_run_time=600
2025-03-01 20:41:35,993 INFO o.a.j.JMeter: Setting JMeter property: ramp_up=10
2025-03-01 20:41:35,993 INFO o.a.j.JMeter: Setting JMeter property: group_1=75
2025-03-01 20:41:35,993 INFO o.a.j.JMeter: Setting JMeter property: group_2=20
2025-03-01 20:41:35,993 INFO o.a.j.JMeter: Setting JMeter property: group_3=5
2025-03-01 20:41:35,993 INFO o.a.j.JMeter: Setting JMeter property: group_1_request_rate=30
2025-03-01 20:41:35,993 INFO o.a.j.JMeter: Setting JMeter property: group_2_request_rate=90
2025-03-01 20:41:35,993 INFO o.a.j.JMeter: Setting JMeter property: group_3_request_rate=120
2025-03-01 20:41:35,993 INFO o.a.j.JMeter: Setting JMeter property: log_file=c:\\Users\\ASUS\\Desktop\\Repos\\rate-limiter-nginx\\jmeter\\cloud\\2025_03_01_18_17_logs\\token_bucket\\redis_script_bucket_capacity_5_refill_rate_1.67\\warm_up_results.csv
2025-03-01 20:41:35,994 INFO o.a.j.JMeter: Setting JMeter property: algorithm=token_bucket_redis_script_bucket_capacity_5_refill_rate_1.67
2025-03-01 20:41:35,994 INFO o.a.j.JMeter: Setting JMeter property: auth=/token_bucket/redis_script_bucket_capacity_5_refill_rate_1.67/tools.descartes.teastore.auth/rest
2025-03-01 20:41:35,994 INFO o.a.j.JMeter: Setting JMeter property: persistence=/token_bucket/redis_script_bucket_capacity_5_refill_rate_1.67/tools.descartes.teastore.persistence/rest
2025-03-01 20:41:35,994 INFO o.a.j.JMeter: Setting JMeter property: recommender=/token_bucket/redis_script_bucket_capacity_5_refill_rate_1.67/tools.descartes.teastore.recommender/rest
2025-03-01 20:41:35,994 INFO o.a.j.JMeter: Setting JMeter property: image=/token_bucket/redis_script_bucket_capacity_5_refill_rate_1.67/tools.descartes.teastore.image/rest
2025-03-01 20:41:36,008 INFO o.a.j.JMeter: Copyright (c) 1998-2024 The Apache Software Foundation
2025-03-01 20:41:36,008 INFO o.a.j.JMeter: Version 5.6.3
2025-03-01 20:41:36,008 INFO o.a.j.JMeter: java.version=17.0.9
2025-03-01 20:41:36,008 INFO o.a.j.JMeter: java.vm.name=Java HotSpot(TM) 64-Bit Server VM
2025-03-01 20:41:36,008 INFO o.a.j.JMeter: os.name=Windows 11
2025-03-01 20:41:36,008 INFO o.a.j.JMeter: os.arch=amd64
2025-03-01 20:41:36,008 INFO o.a.j.JMeter: os.version=10.0
2025-03-01 20:41:36,008 INFO o.a.j.JMeter: file.encoding=Cp1252
2025-03-01 20:41:36,008 INFO o.a.j.JMeter: java.awt.headless=true
2025-03-01 20:41:36,008 INFO o.a.j.JMeter: Max memory     =1073741824
2025-03-01 20:41:36,008 INFO o.a.j.JMeter: Available Processors =12
2025-03-01 20:41:36,020 INFO o.a.j.JMeter: Default Locale=English (EN)
2025-03-01 20:41:36,021 INFO o.a.j.JMeter: JMeter  Locale=English (EN)
2025-03-01 20:41:36,021 INFO o.a.j.JMeter: JMeterHome=C:\Users\ASUS\Desktop\apache-jmeter-5.6.3\apache-jmeter-5.6.3
2025-03-01 20:41:36,021 INFO o.a.j.JMeter: user.dir  =C:\Users\ASUS\Desktop\Repos\rate-limiter-nginx
2025-03-01 20:41:36,021 INFO o.a.j.JMeter: PWD       =C:\Users\ASUS\Desktop\Repos\rate-limiter-nginx
2025-03-01 20:41:36,027 INFO o.a.j.JMeter: IP: 192.168.1.45 Name: THIVA FullName: THIVA
2025-03-01 20:41:36,047 INFO o.a.j.s.FileServer: Default base='C:\Users\ASUS\Desktop\Repos\rate-limiter-nginx'
2025-03-01 20:41:36,050 INFO o.a.j.s.FileServer: Set new base='c:\Users\ASUS\Desktop\Repos\rate-limiter-nginx\jmeter\cloud'
2025-03-01 20:41:36,246 INFO o.a.j.s.SaveService: Testplan (JMX) version: 2.2. Testlog (JTL) version: 2.2
2025-03-01 20:41:36,270 INFO o.a.j.s.SaveService: Using SaveService properties version 5.0
2025-03-01 20:41:36,279 INFO o.a.j.s.SaveService: Using SaveService properties file encoding UTF-8
2025-03-01 20:41:36,279 INFO o.a.j.s.SaveService: Loading file: c:\Users\ASUS\Desktop\Repos\rate-limiter-nginx\jmeter\cloud\teastore_performance.jmx
2025-03-01 20:41:36,329 INFO o.a.j.p.h.c.CookieManager: Settings: Delete null: true Check: true Allow variable: true Save: false Prefix: COOKIE_
2025-03-01 20:41:36,350 INFO o.a.j.p.h.s.HTTPSamplerBase: Parser for text/html is org.apache.jmeter.protocol.http.parser.LagartoBasedHtmlParser
2025-03-01 20:41:36,350 INFO o.a.j.p.h.s.HTTPSamplerBase: Parser for application/xhtml+xml is org.apache.jmeter.protocol.http.parser.LagartoBasedHtmlParser
2025-03-01 20:41:36,350 INFO o.a.j.p.h.s.HTTPSamplerBase: Parser for application/xml is org.apache.jmeter.protocol.http.parser.LagartoBasedHtmlParser
2025-03-01 20:41:36,350 INFO o.a.j.p.h.s.HTTPSamplerBase: Parser for text/xml is org.apache.jmeter.protocol.http.parser.LagartoBasedHtmlParser
2025-03-01 20:41:36,350 INFO o.a.j.p.h.s.HTTPSamplerBase: Parser for text/vnd.wap.wml is org.apache.jmeter.protocol.http.parser.RegexpHTMLParser
2025-03-01 20:41:36,350 INFO o.a.j.p.h.s.HTTPSamplerBase: Parser for text/css is org.apache.jmeter.protocol.http.parser.CssParser
2025-03-01 20:41:36,479 INFO o.a.j.s.SampleResult: Note: Sample TimeStamps are START times
2025-03-01 20:41:36,479 INFO o.a.j.s.SampleResult: sampleresult.default.encoding is set to UTF-8
2025-03-01 20:41:36,479 INFO o.a.j.s.SampleResult: sampleresult.useNanoTime=true
2025-03-01 20:41:36,479 INFO o.a.j.s.SampleResult: sampleresult.nanoThreadSleep=5000
2025-03-01 20:41:36,521 INFO o.a.j.JMeter: Creating summariser <summary>
2025-03-01 20:41:36,549 INFO o.a.j.e.StandardJMeterEngine: Running the test!
2025-03-01 20:41:36,550 INFO o.a.j.s.SampleEvent: List of sample_variables: []
2025-03-01 20:41:36,550 INFO o.a.j.s.SampleEvent: List of sample_variables: []
2025-03-01 20:41:36,559 INFO o.a.j.e.u.CompoundVariable: Note: Function class names must contain the string: '.functions.'
2025-03-01 20:41:36,559 INFO o.a.j.e.u.CompoundVariable: Note: Function class names must not contain the string: '.gui.'
2025-03-01 20:41:36,629 INFO o.a.j.r.ClassFinder: Will scan jar C:\Users\ASUS\Desktop\apache-jmeter-5.6.3\apache-jmeter-5.6.3\lib\ext\jmeter-plugins-casutg-2.10.jar with filter ExtendsClassFilter [parents=[interface org.apache.jmeter.functions.Function], inner=false, contains=null, notContains=null]. Consider exposing JMeter plugins via META-INF/services, and add JMeter-Skip-Class-Scanning=true manifest attribute so JMeter can skip classfile scanning
2025-03-01 20:41:36,629 INFO o.a.j.r.ClassFinder: Will scan jar C:\Users\ASUS\Desktop\apache-jmeter-5.6.3\apache-jmeter-5.6.3\lib\ext\jmeter-plugins-graphs-vs-2.0.jar with filter ExtendsClassFilter [parents=[interface org.apache.jmeter.functions.Function], inner=false, contains=null, notContains=null]. Consider exposing JMeter plugins via META-INF/services, and add JMeter-Skip-Class-Scanning=true manifest attribute so JMeter can skip classfile scanning
2025-03-01 20:41:36,645 INFO o.a.j.r.ClassFinder: Will scan jar C:\Users\ASUS\Desktop\apache-jmeter-5.6.3\apache-jmeter-5.6.3\lib\ext\jmeter-plugins-manager-1.9.jar with filter ExtendsClassFilter [parents=[interface org.apache.jmeter.functions.Function], inner=false, contains=null, notContains=null]. Consider exposing JMeter plugins via META-INF/services, and add JMeter-Skip-Class-Scanning=true manifest attribute so JMeter can skip classfile scanning
2025-03-01 20:41:36,712 INFO o.a.j.r.ClassFinder: Will scan jar C:\Users\ASUS\Desktop\apache-jmeter-5.6.3\apache-jmeter-5.6.3\lib\ext\jmeter-plugins-graphs-basic-2.0.jar with filter ExtendsClassFilter [parents=[interface org.apache.jmeter.functions.Function], inner=false, contains=null, notContains=null]. Consider exposing JMeter plugins via META-INF/services, and add JMeter-Skip-Class-Scanning=true manifest attribute so JMeter can skip classfile scanning
2025-03-01 20:41:36,727 INFO o.a.j.r.ClassFinder: Will scan jar C:\Users\ASUS\Desktop\apache-jmeter-5.6.3\apache-jmeter-5.6.3\lib\ext\jmeter-plugins-manager-0.20.jar with filter ExtendsClassFilter [parents=[interface org.apache.jmeter.functions.Function], inner=false, contains=null, notContains=null]. Consider exposing JMeter plugins via META-INF/services, and add JMeter-Skip-Class-Scanning=true manifest attribute so JMeter can skip classfile scanning
2025-03-01 20:41:36,729 INFO o.a.j.r.ClassFinder: Will scan jar C:\Users\ASUS\Desktop\apache-jmeter-5.6.3\apache-jmeter-5.6.3\lib\ext\jmeter-plugins-tst-2.6.jar with filter ExtendsClassFilter [parents=[interface org.apache.jmeter.functions.Function], inner=false, contains=null, notContains=null]. Consider exposing JMeter plugins via META-INF/services, and add JMeter-Skip-Class-Scanning=true manifest attribute so JMeter can skip classfile scanning
2025-03-01 20:41:36,729 INFO o.a.j.r.ClassFinder: Will scan jar C:\Users\ASUS\Desktop\apache-jmeter-5.6.3\apache-jmeter-5.6.3\lib\ext\jmeter-parallel-0.12.jar with filter ExtendsClassFilter [parents=[interface org.apache.jmeter.functions.Function], inner=false, contains=null, notContains=null]. Consider exposing JMeter plugins via META-INF/services, and add JMeter-Skip-Class-Scanning=true manifest attribute so JMeter can skip classfile scanning
2025-03-01 20:41:37,009 INFO o.a.j.JMeter: Running test (1740841897009)
2025-03-01 20:41:37,009 INFO o.a.j.e.StandardJMeterEngine: Starting setUp thread groups
2025-03-01 20:41:37,009 INFO o.a.j.e.StandardJMeterEngine: Starting setUp ThreadGroup: 1 : setUp Thread Group 
2025-03-01 20:41:37,009 INFO o.a.j.e.StandardJMeterEngine: Starting 20 threads for group setUp Thread Group.
2025-03-01 20:41:37,009 INFO o.a.j.e.StandardJMeterEngine: Thread will continue on error
2025-03-01 20:41:37,009 INFO o.a.j.t.ThreadGroup: Starting thread group... number=1 threads=20 ramp-up=10 delayedStart=false
2025-03-01 20:41:37,026 INFO o.a.j.t.JMeterThread: Thread started: setUp Thread Group 1-1
2025-03-01 20:41:37,052 INFO o.a.j.t.ThreadGroup: Started thread group number 1
2025-03-01 20:41:37,052 INFO o.a.j.e.StandardJMeterEngine: Waiting for all setup thread groups to exit
2025-03-01 20:41:37,532 INFO o.a.j.t.JMeterThread: Thread started: setUp Thread Group 1-2
2025-03-01 20:41:37,910 INFO o.a.j.p.h.s.HTTPHCAbstractImpl: Local host = THIVA
2025-03-01 20:41:37,910 INFO o.a.j.p.h.s.HTTPHC4Impl: HTTP request retry count = 0
2025-03-01 20:41:38,039 INFO o.a.j.t.JMeterThread: Thread started: setUp Thread Group 1-3
2025-03-01 20:41:38,513 INFO o.a.j.t.JMeterThread: Thread started: setUp Thread Group 1-4
2025-03-01 20:41:39,012 INFO o.a.j.t.JMeterThread: Thread started: setUp Thread Group 1-5
2025-03-01 20:41:39,512 INFO o.a.j.t.JMeterThread: Thread started: setUp Thread Group 1-6
2025-03-01 20:41:40,009 INFO o.a.j.t.JMeterThread: Thread started: setUp Thread Group 1-7
2025-03-01 20:41:40,510 INFO o.a.j.t.JMeterThread: Thread started: setUp Thread Group 1-8
2025-03-01 20:41:41,026 INFO o.a.j.t.JMeterThread: Thread started: setUp Thread Group 1-9
2025-03-01 20:41:41,522 INFO o.a.j.t.JMeterThread: Thread started: setUp Thread Group 1-10
2025-03-01 20:41:42,027 INFO o.a.j.t.JMeterThread: Thread started: setUp Thread Group 1-11
2025-03-01 20:41:42,514 INFO o.a.j.t.JMeterThread: Thread started: setUp Thread Group 1-12
2025-03-01 20:41:43,013 INFO o.a.j.t.JMeterThread: Thread started: setUp Thread Group 1-13
2025-03-01 20:41:43,510 INFO o.a.j.t.JMeterThread: Thread started: setUp Thread Group 1-14
2025-03-01 20:41:44,010 INFO o.a.j.t.JMeterThread: Thread started: setUp Thread Group 1-15
2025-03-01 20:41:44,519 INFO o.a.j.t.JMeterThread: Thread started: setUp Thread Group 1-16
2025-03-01 20:41:45,018 INFO o.a.j.t.JMeterThread: Thread started: setUp Thread Group 1-17
2025-03-01 20:41:45,511 INFO o.a.j.t.JMeterThread: Thread started: setUp Thread Group 1-18
2025-03-01 20:41:46,010 INFO o.a.j.t.JMeterThread: Thread started: setUp Thread Group 1-19
2025-03-01 20:41:46,510 INFO o.a.j.t.JMeterThread: Thread started: setUp Thread Group 1-20
2025-03-01 20:42:36,785 INFO o.a.j.t.JMeterThread: Thread finished: setUp Thread Group 1-5
2025-03-01 20:42:36,797 INFO o.a.j.t.JMeterThread: Thread finished: setUp Thread Group 1-7
2025-03-01 20:42:36,869 INFO o.a.j.t.JMeterThread: Thread finished: setUp Thread Group 1-8
2025-03-01 20:42:36,880 INFO o.a.j.t.JMeterThread: Thread finished: setUp Thread Group 1-20
2025-03-01 20:42:36,963 INFO o.a.j.t.JMeterThread: Thread finished: setUp Thread Group 1-15
2025-03-01 20:42:36,975 INFO o.a.j.t.JMeterThread: Thread finished: setUp Thread Group 1-6
2025-03-01 20:42:36,975 INFO o.a.j.t.JMeterThread: Thread finished: setUp Thread Group 1-19
2025-03-01 20:42:37,035 INFO o.a.j.t.JMeterThread: Stopping because end time detected by thread: setUp Thread Group 1-11
2025-03-01 20:42:37,035 INFO o.a.j.t.JMeterThread: Thread finished: setUp Thread Group 1-11
2025-03-01 20:42:37,092 INFO o.a.j.t.JMeterThread: Stopping because end time detected by thread: setUp Thread Group 1-17
2025-03-01 20:42:37,092 INFO o.a.j.t.JMeterThread: Thread finished: setUp Thread Group 1-17
2025-03-01 20:42:37,108 INFO o.a.j.t.JMeterThread: Stopping because end time detected by thread: setUp Thread Group 1-4
2025-03-01 20:42:37,108 INFO o.a.j.t.JMeterThread: Thread finished: setUp Thread Group 1-4
2025-03-01 20:42:37,108 INFO o.a.j.t.JMeterThread: Stopping because end time detected by thread: setUp Thread Group 1-18
2025-03-01 20:42:37,108 INFO o.a.j.t.JMeterThread: Thread finished: setUp Thread Group 1-18
2025-03-01 20:42:37,139 INFO o.a.j.t.JMeterThread: Stopping because end time detected by thread: setUp Thread Group 1-3
2025-03-01 20:42:37,139 INFO o.a.j.t.JMeterThread: Thread finished: setUp Thread Group 1-3
2025-03-01 20:42:37,190 INFO o.a.j.t.JMeterThread: Stopping because end time detected by thread: setUp Thread Group 1-1
2025-03-01 20:42:37,190 INFO o.a.j.t.JMeterThread: Thread finished: setUp Thread Group 1-1
2025-03-01 20:42:37,203 INFO o.a.j.t.JMeterThread: Stopping because end time detected by thread: setUp Thread Group 1-12
2025-03-01 20:42:37,203 INFO o.a.j.t.JMeterThread: Thread finished: setUp Thread Group 1-12
2025-03-01 20:42:37,221 INFO o.a.j.t.JMeterThread: Stopping because end time detected by thread: setUp Thread Group 1-16
2025-03-01 20:42:37,221 INFO o.a.j.t.JMeterThread: Thread finished: setUp Thread Group 1-16
2025-03-01 20:42:37,250 INFO o.a.j.t.JMeterThread: Stopping because end time detected by thread: setUp Thread Group 1-9
2025-03-01 20:42:37,250 INFO o.a.j.t.JMeterThread: Thread finished: setUp Thread Group 1-9
2025-03-01 20:42:37,331 INFO o.a.j.t.JMeterThread: Stopping because end time detected by thread: setUp Thread Group 1-2
2025-03-01 20:42:37,331 INFO o.a.j.t.JMeterThread: Thread finished: setUp Thread Group 1-2
2025-03-01 20:42:37,331 INFO o.a.j.t.JMeterThread: Stopping because end time detected by thread: setUp Thread Group 1-10
2025-03-01 20:42:37,341 INFO o.a.j.t.JMeterThread: Thread finished: setUp Thread Group 1-10
2025-03-01 20:42:37,377 INFO o.a.j.t.JMeterThread: Stopping because end time detected by thread: setUp Thread Group 1-14
2025-03-01 20:42:37,390 INFO o.a.j.t.JMeterThread: Thread finished: setUp Thread Group 1-14
2025-03-01 20:42:37,473 INFO o.a.j.t.JMeterThread: Stopping because end time detected by thread: setUp Thread Group 1-13
2025-03-01 20:42:37,473 INFO o.a.j.t.JMeterThread: Thread finished: setUp Thread Group 1-13
2025-03-01 20:42:37,488 INFO o.a.j.e.StandardJMeterEngine: All Setup Threads have ended
2025-03-01 20:42:37,519 INFO o.a.j.e.StandardJMeterEngine: Starting ThreadGroup: 1 : Thread-Gruppe
2025-03-01 20:42:37,519 INFO o.a.j.e.StandardJMeterEngine: Starting 75 threads for group Thread-Gruppe.
2025-03-01 20:42:37,519 INFO o.a.j.e.StandardJMeterEngine: Thread will continue on error
2025-03-01 20:42:37,519 INFO o.a.j.t.ThreadGroup: Starting thread group... number=1 threads=75 ramp-up=10 delayedStart=false
2025-03-01 20:42:37,523 INFO o.a.j.t.JMeterThread: Thread started: Thread-Gruppe 1-1
2025-03-01 20:42:37,574 INFO o.a.j.t.ThreadGroup: Started thread group number 1
2025-03-01 20:42:37,574 INFO o.a.j.e.StandardJMeterEngine: Starting ThreadGroup: 2 : Thread-Gruppe
2025-03-01 20:42:37,574 INFO o.a.j.e.StandardJMeterEngine: Starting 20 threads for group Thread-Gruppe.
2025-03-01 20:42:37,574 INFO o.a.j.e.StandardJMeterEngine: Thread will continue on error
2025-03-01 20:42:37,575 INFO o.a.j.t.ThreadGroup: Starting thread group... number=2 threads=20 ramp-up=10 delayedStart=false
2025-03-01 20:42:37,576 INFO o.a.j.t.JMeterThread: Thread started: Thread-Gruppe 2-1
2025-03-01 20:42:37,588 INFO o.a.j.t.ThreadGroup: Started thread group number 2
2025-03-01 20:42:37,588 INFO o.a.j.e.StandardJMeterEngine: Starting ThreadGroup: 3 : Thread-Gruppe
2025-03-01 20:42:37,588 INFO o.a.j.e.StandardJMeterEngine: Starting 5 threads for group Thread-Gruppe.
2025-03-01 20:42:37,588 INFO o.a.j.e.StandardJMeterEngine: Thread will continue on error
2025-03-01 20:42:37,588 INFO o.a.j.t.ThreadGroup: Starting thread group... number=3 threads=5 ramp-up=10 delayedStart=false
2025-03-01 20:42:37,590 INFO o.a.j.t.JMeterThread: Thread started: Thread-Gruppe 3-1
2025-03-01 20:42:37,591 INFO o.a.j.t.ThreadGroup: Started thread group number 3
2025-03-01 20:42:37,591 INFO o.a.j.e.StandardJMeterEngine: All thread groups have been started
2025-03-01 20:42:37,656 INFO o.a.j.t.JMeterThread: Thread started: Thread-Gruppe 1-2
2025-03-01 20:42:37,790 INFO o.a.j.t.JMeterThread: Thread started: Thread-Gruppe 1-3
2025-03-01 20:42:37,922 INFO o.a.j.t.JMeterThread: Thread started: Thread-Gruppe 1-4
2025-03-01 20:42:38,056 INFO o.a.j.t.JMeterThread: Thread started: Thread-Gruppe 1-5
2025-03-01 20:42:38,077 INFO o.a.j.t.JMeterThread: Thread started: Thread-Gruppe 2-2
2025-03-01 20:42:38,187 INFO o.a.j.t.JMeterThread: Thread started: Thread-Gruppe 1-6
2025-03-01 20:42:38,320 INFO o.a.j.t.JMeterThread: Thread started: Thread-Gruppe 1-7
2025-03-01 20:42:38,452 INFO o.a.j.t.JMeterThread: Thread started: Thread-Gruppe 1-8
2025-03-01 20:42:38,577 INFO o.a.j.t.JMeterThread: Thread started: Thread-Gruppe 2-3
2025-03-01 20:42:38,588 INFO o.a.j.t.JMeterThread: Thread started: Thread-Gruppe 1-9
2025-03-01 20:42:38,722 INFO o.a.j.t.JMeterThread: Thread started: Thread-Gruppe 1-10
2025-03-01 20:42:38,852 INFO o.a.j.t.JMeterThread: Thread started: Thread-Gruppe 1-11
2025-03-01 20:42:38,985 INFO o.a.j.t.JMeterThread: Thread started: Thread-Gruppe 1-12
2025-03-01 20:42:39,077 INFO o.a.j.t.JMeterThread: Thread started: Thread-Gruppe 2-4
2025-03-01 20:42:39,119 INFO o.a.j.t.JMeterThread: Thread started: Thread-Gruppe 1-13
2025-03-01 20:42:39,251 INFO o.a.j.t.JMeterThread: Thread started: Thread-Gruppe 1-14
2025-03-01 20:42:39,383 INFO o.a.j.t.JMeterThread: Thread started: Thread-Gruppe 1-15
2025-03-01 20:42:39,517 INFO o.a.j.t.JMeterThread: Thread started: Thread-Gruppe 1-16
2025-03-01 20:42:39,577 INFO o.a.j.t.JMeterThread: Thread started: Thread-Gruppe 2-5
2025-03-01 20:42:39,589 INFO o.a.j.t.JMeterThread: Thread started: Thread-Gruppe 3-2
2025-03-01 20:42:39,649 INFO o.a.j.t.JMeterThread: Thread started: Thread-Gruppe 1-17
2025-03-01 20:42:39,781 INFO o.a.j.t.JMeterThread: Thread started: Thread-Gruppe 1-18
2025-03-01 20:42:39,914 INFO o.a.j.t.JMeterThread: Thread started: Thread-Gruppe 1-19
2025-03-01 20:42:40,049 INFO o.a.j.t.JMeterThread: Thread started: Thread-Gruppe 1-20
2025-03-01 20:42:40,077 INFO o.a.j.t.JMeterThread: Thread started: Thread-Gruppe 2-6
2025-03-01 20:42:40,181 INFO o.a.j.t.JMeterThread: Thread started: Thread-Gruppe 1-21
2025-03-01 20:42:40,314 INFO o.a.j.t.JMeterThread: Thread started: Thread-Gruppe 1-22
2025-03-01 20:42:40,446 INFO o.a.j.t.JMeterThread: Thread started: Thread-Gruppe 1-23
2025-03-01 20:42:40,577 INFO o.a.j.t.JMeterThread: Thread started: Thread-Gruppe 2-7
2025-03-01 20:42:40,580 INFO o.a.j.t.JMeterThread: Thread started: Thread-Gruppe 1-24
2025-03-01 20:42:40,712 INFO o.a.j.t.JMeterThread: Thread started: Thread-Gruppe 1-25
2025-03-01 20:42:40,847 INFO o.a.j.t.JMeterThread: Thread started: Thread-Gruppe 1-26
2025-03-01 20:42:40,978 INFO o.a.j.t.JMeterThread: Thread started: Thread-Gruppe 1-27
2025-03-01 20:42:41,078 INFO o.a.j.t.JMeterThread: Thread started: Thread-Gruppe 2-8
2025-03-01 20:42:41,113 INFO o.a.j.t.JMeterThread: Thread started: Thread-Gruppe 1-28
2025-03-01 20:42:41,245 INFO o.a.j.t.JMeterThread: Thread started: Thread-Gruppe 1-29
2025-03-01 20:42:41,378 INFO o.a.j.t.JMeterThread: Thread started: Thread-Gruppe 1-30
2025-03-01 20:42:41,512 INFO o.a.j.t.JMeterThread: Thread started: Thread-Gruppe 1-31
2025-03-01 20:42:41,577 INFO o.a.j.t.JMeterThread: Thread started: Thread-Gruppe 2-9
2025-03-01 20:42:41,591 INFO o.a.j.t.JMeterThread: Thread started: Thread-Gruppe 3-3
2025-03-01 20:42:41,645 INFO o.a.j.t.JMeterThread: Thread started: Thread-Gruppe 1-32
2025-03-01 20:42:41,777 INFO o.a.j.t.JMeterThread: Thread started: Thread-Gruppe 1-33
2025-03-01 20:42:41,909 INFO o.a.j.t.JMeterThread: Thread started: Thread-Gruppe 1-34
2025-03-01 20:42:42,043 INFO o.a.j.t.JMeterThread: Thread started: Thread-Gruppe 1-35
2025-03-01 20:42:42,078 INFO o.a.j.t.JMeterThread: Thread started: Thread-Gruppe 2-10
2025-03-01 20:42:42,176 INFO o.a.j.t.JMeterThread: Thread started: Thread-Gruppe 1-36
2025-03-01 20:42:42,310 INFO o.a.j.t.JMeterThread: Thread started: Thread-Gruppe 1-37
2025-03-01 20:42:42,442 INFO o.a.j.t.JMeterThread: Thread started: Thread-Gruppe 1-38
2025-03-01 20:42:42,576 INFO o.a.j.t.JMeterThread: Thread started: Thread-Gruppe 1-39
2025-03-01 20:42:42,578 INFO o.a.j.t.JMeterThread: Thread started: Thread-Gruppe 2-11
2025-03-01 20:42:42,708 INFO o.a.j.t.JMeterThread: Thread started: Thread-Gruppe 1-40
2025-03-01 20:42:42,840 INFO o.a.j.t.JMeterThread: Thread started: Thread-Gruppe 1-41
2025-03-01 20:42:42,975 INFO o.a.j.t.JMeterThread: Thread started: Thread-Gruppe 1-42
2025-03-01 20:42:43,078 INFO o.a.j.t.JMeterThread: Thread started: Thread-Gruppe 2-12
2025-03-01 20:42:43,107 INFO o.a.j.t.JMeterThread: Thread started: Thread-Gruppe 1-43
2025-03-01 20:42:43,240 INFO o.a.j.t.JMeterThread: Thread started: Thread-Gruppe 1-44
2025-03-01 20:42:43,373 INFO o.a.j.t.JMeterThread: Thread started: Thread-Gruppe 1-45
2025-03-01 20:42:43,505 INFO o.a.j.t.JMeterThread: Thread started: Thread-Gruppe 1-46
2025-03-01 20:42:43,577 INFO o.a.j.t.JMeterThread: Thread started: Thread-Gruppe 2-13
2025-03-01 20:42:43,590 INFO o.a.j.t.JMeterThread: Thread started: Thread-Gruppe 3-4
2025-03-01 20:42:43,639 INFO o.a.j.t.JMeterThread: Thread started: Thread-Gruppe 1-47
2025-03-01 20:42:43,772 INFO o.a.j.t.JMeterThread: Thread started: Thread-Gruppe 1-48
2025-03-01 20:42:43,905 INFO o.a.j.t.JMeterThread: Thread started: Thread-Gruppe 1-49
2025-03-01 20:42:44,039 INFO o.a.j.t.JMeterThread: Thread started: Thread-Gruppe 1-50
2025-03-01 20:42:44,078 INFO o.a.j.t.JMeterThread: Thread started: Thread-Gruppe 2-14
2025-03-01 20:42:44,171 INFO o.a.j.t.JMeterThread: Thread started: Thread-Gruppe 1-51
2025-03-01 20:42:44,305 INFO o.a.j.t.JMeterThread: Thread started: Thread-Gruppe 1-52
2025-03-01 20:42:44,438 INFO o.a.j.t.JMeterThread: Thread started: Thread-Gruppe 1-53
2025-03-01 20:42:44,569 INFO o.a.j.t.JMeterThread: Thread started: Thread-Gruppe 1-54
2025-03-01 20:42:44,578 INFO o.a.j.t.JMeterThread: Thread started: Thread-Gruppe 2-15
2025-03-01 20:42:44,703 INFO o.a.j.t.JMeterThread: Thread started: Thread-Gruppe 1-55
2025-03-01 20:42:44,837 INFO o.a.j.t.JMeterThread: Thread started: Thread-Gruppe 1-56
2025-03-01 20:42:44,970 INFO o.a.j.t.JMeterThread: Thread started: Thread-Gruppe 1-57
2025-03-01 20:42:45,077 INFO o.a.j.t.JMeterThread: Thread started: Thread-Gruppe 2-16
2025-03-01 20:42:45,102 INFO o.a.j.t.JMeterThread: Thread started: Thread-Gruppe 1-58
2025-03-01 20:42:45,235 INFO o.a.j.t.JMeterThread: Thread started: Thread-Gruppe 1-59
2025-03-01 20:42:45,368 INFO o.a.j.t.JMeterThread: Thread started: Thread-Gruppe 1-60
2025-03-01 20:42:45,502 INFO o.a.j.t.JMeterThread: Thread started: Thread-Gruppe 1-61
2025-03-01 20:42:45,576 INFO o.a.j.t.JMeterThread: Thread started: Thread-Gruppe 2-17
2025-03-01 20:42:45,589 INFO o.a.j.t.JMeterThread: Thread started: Thread-Gruppe 3-5
2025-03-01 20:42:45,634 INFO o.a.j.t.JMeterThread: Thread started: Thread-Gruppe 1-62
2025-03-01 20:42:45,768 INFO o.a.j.t.JMeterThread: Thread started: Thread-Gruppe 1-63
2025-03-01 20:42:45,901 INFO o.a.j.t.JMeterThread: Thread started: Thread-Gruppe 1-64
2025-03-01 20:42:46,033 INFO o.a.j.t.JMeterThread: Thread started: Thread-Gruppe 1-65
2025-03-01 20:42:46,078 INFO o.a.j.t.JMeterThread: Thread started: Thread-Gruppe 2-18
2025-03-01 20:42:46,167 INFO o.a.j.t.JMeterThread: Thread started: Thread-Gruppe 1-66
2025-03-01 20:42:46,299 INFO o.a.j.t.JMeterThread: Thread started: Thread-Gruppe 1-67
2025-03-01 20:42:46,432 INFO o.a.j.t.JMeterThread: Thread started: Thread-Gruppe 1-68
2025-03-01 20:42:46,565 INFO o.a.j.t.JMeterThread: Thread started: Thread-Gruppe 1-69
2025-03-01 20:42:46,578 INFO o.a.j.t.JMeterThread: Thread started: Thread-Gruppe 2-19
2025-03-01 20:42:46,698 INFO o.a.j.t.JMeterThread: Thread started: Thread-Gruppe 1-70
2025-03-01 20:42:46,832 INFO o.a.j.t.JMeterThread: Thread started: Thread-Gruppe 1-71
2025-03-01 20:42:46,964 INFO o.a.j.t.JMeterThread: Thread started: Thread-Gruppe 1-72
2025-03-01 20:42:47,077 INFO o.a.j.t.JMeterThread: Thread started: Thread-Gruppe 2-20
2025-03-01 20:42:47,098 INFO o.a.j.t.JMeterThread: Thread started: Thread-Gruppe 1-73
2025-03-01 20:42:47,230 INFO o.a.j.t.JMeterThread: Thread started: Thread-Gruppe 1-74
2025-03-01 20:42:47,362 INFO o.a.j.t.JMeterThread: Thread started: Thread-Gruppe 1-75
2025-03-01 20:43:00,007 INFO o.a.j.r.Summariser: summary +   1366 in 00:01:23 =   16.5/s Avg:   406 Min:   243 Max:   959 Err:     0 (0.00%) Active: 100 Started: 100 Finished: 0
2025-03-01 20:43:30,004 INFO o.a.j.r.Summariser: summary +   2279 in 00:00:30 =   76.0/s Avg:   392 Min:   243 Max:  1467 Err:     0 (0.00%) Active: 100 Started: 100 Finished: 0
2025-03-01 20:43:30,004 INFO o.a.j.r.Summariser: summary =   3645 in 00:01:53 =   32.3/s Avg:   397 Min:   243 Max:  1467 Err:     0 (0.00%)
2025-03-01 20:44:00,033 INFO o.a.j.r.Summariser: summary +   2284 in 00:00:30 =   76.1/s Avg:   416 Min:   243 Max:   963 Err:     0 (0.00%) Active: 100 Started: 100 Finished: 0
2025-03-01 20:44:00,034 INFO o.a.j.r.Summariser: summary =   5929 in 00:02:23 =   41.5/s Avg:   404 Min:   243 Max:  1467 Err:     0 (0.00%)
2025-03-01 20:44:30,004 INFO o.a.j.r.Summariser: summary +   2284 in 00:00:30 =   76.2/s Avg:   391 Min:   240 Max:  1118 Err:     0 (0.00%) Active: 100 Started: 100 Finished: 0
2025-03-01 20:44:30,004 INFO o.a.j.r.Summariser: summary =   8213 in 00:02:53 =   47.5/s Avg:   401 Min:   240 Max:  1467 Err:     0 (0.00%)
2025-03-01 20:45:00,010 INFO o.a.j.r.Summariser: summary +   2282 in 00:00:30 =   76.0/s Avg:   412 Min:   242 Max:  1132 Err:     0 (0.00%) Active: 100 Started: 100 Finished: 0
2025-03-01 20:45:00,011 INFO o.a.j.r.Summariser: summary =  10495 in 00:03:23 =   51.7/s Avg:   403 Min:   240 Max:  1467 Err:     0 (0.00%)
2025-03-01 20:45:30,012 INFO o.a.j.r.Summariser: summary +   2285 in 00:00:30 =   76.2/s Avg:   380 Min:   242 Max:  1020 Err:     0 (0.00%) Active: 100 Started: 100 Finished: 0
2025-03-01 20:45:30,013 INFO o.a.j.r.Summariser: summary =  12780 in 00:03:53 =   54.8/s Avg:   399 Min:   240 Max:  1467 Err:     0 (0.00%)
2025-03-01 20:46:00,029 INFO o.a.j.r.Summariser: summary +   2285 in 00:00:30 =   76.1/s Avg:   411 Min:   242 Max:  1093 Err:     0 (0.00%) Active: 100 Started: 100 Finished: 0
2025-03-01 20:46:00,030 INFO o.a.j.r.Summariser: summary =  15065 in 00:04:23 =   57.3/s Avg:   401 Min:   240 Max:  1467 Err:     0 (0.00%)
2025-03-01 20:46:30,023 INFO o.a.j.r.Summariser: summary +   2282 in 00:00:30 =   76.1/s Avg:   393 Min:   242 Max:   939 Err:     0 (0.00%) Active: 100 Started: 100 Finished: 0
2025-03-01 20:46:30,024 INFO o.a.j.r.Summariser: summary =  17347 in 00:04:53 =   59.2/s Avg:   400 Min:   240 Max:  1467 Err:     0 (0.00%)
2025-03-01 20:47:00,007 INFO o.a.j.r.Summariser: summary +   2285 in 00:00:30 =   76.2/s Avg:   408 Min:   243 Max:  1123 Err:     1 (0.04%) Active: 100 Started: 100 Finished: 0
2025-03-01 20:47:00,008 INFO o.a.j.r.Summariser: summary =  19632 in 00:05:23 =   60.8/s Avg:   401 Min:   240 Max:  1467 Err:     1 (0.01%)
2025-03-01 20:47:30,029 INFO o.a.j.r.Summariser: summary +   2285 in 00:00:30 =   76.1/s Avg:   396 Min:   243 Max:   901 Err:     0 (0.00%) Active: 100 Started: 100 Finished: 0
2025-03-01 20:47:30,030 INFO o.a.j.r.Summariser: summary =  21917 in 00:05:53 =   62.1/s Avg:   400 Min:   240 Max:  1467 Err:     1 (0.00%)
2025-03-01 20:48:00,018 INFO o.a.j.r.Summariser: summary +   2282 in 00:00:30 =   76.1/s Avg:   405 Min:   243 Max:  1276 Err:     0 (0.00%) Active: 100 Started: 100 Finished: 0
2025-03-01 20:48:00,019 INFO o.a.j.r.Summariser: summary =  24199 in 00:06:23 =   63.2/s Avg:   401 Min:   240 Max:  1467 Err:     1 (0.00%)
2025-03-01 20:48:30,024 INFO o.a.j.r.Summariser: summary +   2285 in 00:00:30 =   76.1/s Avg:   393 Min:   242 Max:  1110 Err:     1 (0.04%) Active: 100 Started: 100 Finished: 0
2025-03-01 20:48:30,025 INFO o.a.j.r.Summariser: summary =  26484 in 00:06:53 =   64.1/s Avg:   400 Min:   240 Max:  1467 Err:     2 (0.01%)
2025-03-01 20:49:00,067 INFO o.a.j.r.Summariser: summary +   2283 in 00:00:30 =   76.0/s Avg:   409 Min:   242 Max:  1112 Err:     0 (0.00%) Active: 100 Started: 100 Finished: 0
2025-03-01 20:49:00,068 INFO o.a.j.r.Summariser: summary =  28767 in 00:07:23 =   64.9/s Avg:   401 Min:   240 Max:  1467 Err:     2 (0.01%)
2025-03-01 20:49:30,001 INFO o.a.j.r.Summariser: summary +   2275 in 00:00:30 =   76.0/s Avg:   388 Min:   243 Max:   914 Err:     0 (0.00%) Active: 100 Started: 100 Finished: 0
2025-03-01 20:49:30,001 INFO o.a.j.r.Summariser: summary =  31042 in 00:07:53 =   65.6/s Avg:   400 Min:   240 Max:  1467 Err:     2 (0.01%)
2025-03-01 20:50:00,000 INFO o.a.j.r.Summariser: summary +   2280 in 00:00:30 =   76.0/s Avg:   418 Min:   242 Max:  1829 Err:     0 (0.00%) Active: 100 Started: 100 Finished: 0
2025-03-01 20:50:00,001 INFO o.a.j.r.Summariser: summary =  33322 in 00:08:23 =   66.2/s Avg:   401 Min:   240 Max:  1829 Err:     2 (0.01%)
2025-03-01 20:50:30,026 INFO o.a.j.r.Summariser: summary +   2291 in 00:00:30 =   76.3/s Avg:   396 Min:   243 Max:  1086 Err:     0 (0.00%) Active: 100 Started: 100 Finished: 0
2025-03-01 20:50:30,027 INFO o.a.j.r.Summariser: summary =  35613 in 00:08:53 =   66.8/s Avg:   401 Min:   240 Max:  1829 Err:     2 (0.01%)
2025-03-01 20:51:00,019 INFO o.a.j.r.Summariser: summary +   2279 in 00:00:30 =   76.0/s Avg:   405 Min:   242 Max:  1111 Err:     0 (0.00%) Active: 100 Started: 100 Finished: 0
2025-03-01 20:51:00,020 INFO o.a.j.r.Summariser: summary =  37892 in 00:09:23 =   67.3/s Avg:   401 Min:   240 Max:  1829 Err:     2 (0.01%)
2025-03-01 20:51:30,009 INFO o.a.j.r.Summariser: summary +   2285 in 00:00:30 =   76.2/s Avg:   403 Min:   243 Max:  1079 Err:     0 (0.00%) Active: 100 Started: 100 Finished: 0
2025-03-01 20:51:30,010 INFO o.a.j.r.Summariser: summary =  40177 in 00:09:53 =   67.8/s Avg:   401 Min:   240 Max:  1829 Err:     2 (0.00%)
2025-03-01 20:52:00,010 INFO o.a.j.r.Summariser: summary +   2277 in 00:00:30 =   75.9/s Avg:   394 Min:   242 Max:  1298 Err:     0 (0.00%) Active: 100 Started: 100 Finished: 0
2025-03-01 20:52:00,011 INFO o.a.j.r.Summariser: summary =  42454 in 00:10:23 =   68.1/s Avg:   401 Min:   240 Max:  1829 Err:     2 (0.00%)
2025-03-01 20:52:30,019 INFO o.a.j.r.Summariser: summary +   2290 in 00:00:30 =   76.3/s Avg:   399 Min:   243 Max:  2002 Err:     0 (0.00%) Active: 100 Started: 100 Finished: 0
2025-03-01 20:52:30,020 INFO o.a.j.r.Summariser: summary =  44744 in 00:10:53 =   68.5/s Avg:   401 Min:   240 Max:  2002 Err:     2 (0.00%)
2025-03-01 20:52:35,889 INFO o.a.j.t.JMeterThread: Thread finished: Thread-Gruppe 1-47
2025-03-01 20:52:35,908 INFO o.a.j.t.JMeterThread: Thread finished: Thread-Gruppe 1-17
2025-03-01 20:52:35,952 INFO o.a.j.t.JMeterThread: Thread finished: Thread-Gruppe 1-1
2025-03-01 20:52:36,018 INFO o.a.j.t.JMeterThread: Thread finished: Thread-Gruppe 1-48
2025-03-01 20:52:36,022 INFO o.a.j.t.JMeterThread: Thread finished: Thread-Gruppe 1-62
2025-03-01 20:52:36,035 INFO o.a.j.t.JMeterThread: Thread finished: Thread-Gruppe 1-18
2025-03-01 20:52:36,067 INFO o.a.j.t.JMeterThread: Thread finished: Thread-Gruppe 1-2
2025-03-01 20:52:36,164 INFO o.a.j.t.JMeterThread: Thread finished: Thread-Gruppe 1-63
2025-03-01 20:52:36,181 INFO o.a.j.t.JMeterThread: Thread finished: Thread-Gruppe 1-19
2025-03-01 20:52:36,189 INFO o.a.j.t.JMeterThread: Thread finished: Thread-Gruppe 1-3
2025-03-01 20:52:36,199 INFO o.a.j.t.JMeterThread: Thread finished: Thread-Gruppe 1-49
2025-03-01 20:52:36,288 INFO o.a.j.t.JMeterThread: Thread finished: Thread-Gruppe 1-50
2025-03-01 20:52:36,309 INFO o.a.j.t.JMeterThread: Thread finished: Thread-Gruppe 1-20
2025-03-01 20:52:36,317 INFO o.a.j.t.JMeterThread: Thread finished: Thread-Gruppe 1-4
2025-03-01 20:52:36,322 INFO o.a.j.t.JMeterThread: Thread finished: Thread-Gruppe 1-64
2025-03-01 20:52:36,437 INFO o.a.j.t.JMeterThread: Thread finished: Thread-Gruppe 1-32
2025-03-01 20:52:36,438 INFO o.a.j.t.JMeterThread: Thread finished: Thread-Gruppe 1-65
2025-03-01 20:52:36,439 INFO o.a.j.t.JMeterThread: Thread finished: Thread-Gruppe 1-51
2025-03-01 20:52:36,443 INFO o.a.j.t.JMeterThread: Thread finished: Thread-Gruppe 1-21
2025-03-01 20:52:36,460 INFO o.a.j.t.JMeterThread: Thread finished: Thread-Gruppe 1-5
2025-03-01 20:52:36,559 INFO o.a.j.t.JMeterThread: Thread finished: Thread-Gruppe 1-22
2025-03-01 20:52:36,560 INFO o.a.j.t.JMeterThread: Thread finished: Thread-Gruppe 1-66
2025-03-01 20:52:36,564 INFO o.a.j.t.JMeterThread: Thread finished: Thread-Gruppe 1-52
2025-03-01 20:52:36,571 INFO o.a.j.t.JMeterThread: Thread finished: Thread-Gruppe 1-6
2025-03-01 20:52:36,638 INFO o.a.j.t.JMeterThread: Thread finished: Thread-Gruppe 1-33
2025-03-01 20:52:36,692 INFO o.a.j.t.JMeterThread: Thread finished: Thread-Gruppe 1-67
2025-03-01 20:52:36,696 INFO o.a.j.t.JMeterThread: Thread finished: Thread-Gruppe 1-23
2025-03-01 20:52:36,698 INFO o.a.j.t.JMeterThread: Thread finished: Thread-Gruppe 1-53
2025-03-01 20:52:36,758 INFO o.a.j.t.JMeterThread: Thread finished: Thread-Gruppe 1-34
2025-03-01 20:52:36,808 INFO o.a.j.t.JMeterThread: Thread finished: Thread-Gruppe 1-7
2025-03-01 20:52:36,817 INFO o.a.j.t.JMeterThread: Thread finished: Thread-Gruppe 1-54
2025-03-01 20:52:36,822 INFO o.a.j.t.JMeterThread: Thread finished: Thread-Gruppe 1-68
2025-03-01 20:52:36,841 INFO o.a.j.t.JMeterThread: Thread finished: Thread-Gruppe 1-24
2025-03-01 20:52:36,851 INFO o.a.j.t.JMeterThread: Thread finished: Thread-Gruppe 1-35
2025-03-01 20:52:36,858 INFO o.a.j.t.JMeterThread: Thread finished: Thread-Gruppe 1-8
2025-03-01 20:52:36,958 INFO o.a.j.t.JMeterThread: Thread finished: Thread-Gruppe 1-55
2025-03-01 20:52:36,958 INFO o.a.j.t.JMeterThread: Thread finished: Thread-Gruppe 1-69
2025-03-01 20:52:36,978 INFO o.a.j.t.JMeterThread: Thread finished: Thread-Gruppe 1-25
2025-03-01 20:52:36,979 INFO o.a.j.t.JMeterThread: Thread finished: Thread-Gruppe 1-9
2025-03-01 20:52:36,996 INFO o.a.j.t.JMeterThread: Thread finished: Thread-Gruppe 1-36
2025-03-01 20:52:37,088 INFO o.a.j.t.JMeterThread: Thread finished: Thread-Gruppe 1-70
2025-03-01 20:52:37,088 INFO o.a.j.t.JMeterThread: Thread finished: Thread-Gruppe 1-56
2025-03-01 20:52:37,092 INFO o.a.j.t.JMeterThread: Thread finished: Thread-Gruppe 1-37
2025-03-01 20:52:37,150 INFO o.a.j.t.JMeterThread: Thread finished: Thread-Gruppe 1-26
2025-03-01 20:52:37,151 INFO o.a.j.t.JMeterThread: Thread finished: Thread-Gruppe 1-10
2025-03-01 20:52:37,188 INFO o.a.j.t.JMeterThread: Thread finished: Thread-Gruppe 2-2
2025-03-01 20:52:37,188 INFO o.a.j.t.JMeterThread: Thread finished: Thread-Gruppe 2-19
2025-03-01 20:52:37,232 INFO o.a.j.t.JMeterThread: Thread finished: Thread-Gruppe 1-71
2025-03-01 20:52:37,232 INFO o.a.j.t.JMeterThread: Thread finished: Thread-Gruppe 1-57
2025-03-01 20:52:37,232 INFO o.a.j.t.JMeterThread: Thread finished: Thread-Gruppe 1-11
2025-03-01 20:52:37,238 INFO o.a.j.t.JMeterThread: Thread finished: Thread-Gruppe 1-27
2025-03-01 20:52:37,254 INFO o.a.j.t.JMeterThread: Thread finished: Thread-Gruppe 1-38
2025-03-01 20:52:37,258 INFO o.a.j.t.JMeterThread: Thread finished: Thread-Gruppe 2-5
2025-03-01 20:52:37,330 INFO o.a.j.t.JMeterThread: Thread finished: Thread-Gruppe 2-3
2025-03-01 20:52:37,334 INFO o.a.j.t.JMeterThread: Thread finished: Thread-Gruppe 2-12
2025-03-01 20:52:37,355 INFO o.a.j.t.JMeterThread: Thread finished: Thread-Gruppe 1-58
2025-03-01 20:52:37,363 INFO o.a.j.t.JMeterThread: Thread finished: Thread-Gruppe 1-72
2025-03-01 20:52:37,374 INFO o.a.j.t.JMeterThread: Thread finished: Thread-Gruppe 2-16
2025-03-01 20:52:37,379 INFO o.a.j.t.JMeterThread: Thread finished: Thread-Gruppe 1-12
2025-03-01 20:52:37,388 INFO o.a.j.t.JMeterThread: Thread finished: Thread-Gruppe 1-39
2025-03-01 20:52:37,394 INFO o.a.j.t.JMeterThread: Thread finished: Thread-Gruppe 2-15
2025-03-01 20:52:37,401 INFO o.a.j.t.JMeterThread: Thread finished: Thread-Gruppe 1-28
2025-03-01 20:52:37,422 INFO o.a.j.t.JMeterThread: Thread finished: Thread-Gruppe 2-1
2025-03-01 20:52:37,429 INFO o.a.j.t.JMeterThread: Thread finished: Thread-Gruppe 2-4
2025-03-01 20:52:37,455 INFO o.a.j.t.JMeterThread: Thread finished: Thread-Gruppe 2-10
2025-03-01 20:52:37,473 INFO o.a.j.t.JMeterThread: Thread finished: Thread-Gruppe 2-11
2025-03-01 20:52:37,483 INFO o.a.j.t.JMeterThread: Thread finished: Thread-Gruppe 3-1
2025-03-01 20:52:37,490 INFO o.a.j.t.JMeterThread: Thread finished: Thread-Gruppe 1-59
2025-03-01 20:52:37,496 INFO o.a.j.t.JMeterThread: Thread finished: Thread-Gruppe 1-73
2025-03-01 20:52:37,498 INFO o.a.j.t.JMeterThread: Thread finished: Thread-Gruppe 1-40
2025-03-01 20:52:37,499 INFO o.a.j.t.JMeterThread: Thread finished: Thread-Gruppe 2-9
2025-03-01 20:52:37,499 INFO o.a.j.t.JMeterThread: Thread finished: Thread-Gruppe 1-29
2025-03-01 20:52:37,533 INFO o.a.j.t.JMeterThread: Thread finished: Thread-Gruppe 2-14
2025-03-01 20:52:37,540 INFO o.a.j.t.JMeterThread: Stopping because end time detected by thread: Thread-Gruppe 1-13
2025-03-01 20:52:37,541 INFO o.a.j.t.JMeterThread: Thread finished: Thread-Gruppe 1-13
2025-03-01 20:52:37,621 INFO o.a.j.t.JMeterThread: Stopping because end time detected by thread: Thread-Gruppe 1-74
2025-03-01 20:52:37,621 INFO o.a.j.t.JMeterThread: Thread finished: Thread-Gruppe 1-74
2025-03-01 20:52:37,637 INFO o.a.j.t.JMeterThread: Stopping because end time detected by thread: Thread-Gruppe 1-60
2025-03-01 20:52:37,637 INFO o.a.j.t.JMeterThread: Thread finished: Thread-Gruppe 1-60
2025-03-01 20:52:37,637 INFO o.a.j.t.JMeterThread: Stopping because end time detected by thread: Thread-Gruppe 1-41
2025-03-01 20:52:37,637 INFO o.a.j.t.JMeterThread: Thread finished: Thread-Gruppe 1-41
2025-03-01 20:52:37,637 INFO o.a.j.t.JMeterThread: Stopping because end time detected by thread: Thread-Gruppe 1-30
2025-03-01 20:52:37,653 INFO o.a.j.t.JMeterThread: Thread finished: Thread-Gruppe 1-30
2025-03-01 20:52:37,653 INFO o.a.j.t.JMeterThread: Stopping because end time detected by thread: Thread-Gruppe 1-14
2025-03-01 20:52:37,653 INFO o.a.j.t.JMeterThread: Thread finished: Thread-Gruppe 1-14
2025-03-01 20:52:37,749 INFO o.a.j.t.JMeterThread: Stopping because end time detected by thread: Thread-Gruppe 3-5
2025-03-01 20:52:37,749 INFO o.a.j.t.JMeterThread: Thread finished: Thread-Gruppe 3-5
2025-03-01 20:52:37,749 INFO o.a.j.t.JMeterThread: Stopping because end time detected by thread: Thread-Gruppe 2-13
2025-03-01 20:52:37,749 INFO o.a.j.t.JMeterThread: Thread finished: Thread-Gruppe 2-13
2025-03-01 20:52:37,749 INFO o.a.j.t.JMeterThread: Stopping because end time detected by thread: Thread-Gruppe 1-75
2025-03-01 20:52:37,749 INFO o.a.j.t.JMeterThread: Thread finished: Thread-Gruppe 1-75
2025-03-01 20:52:37,749 INFO o.a.j.t.JMeterThread: Stopping because end time detected by thread: Thread-Gruppe 1-31
2025-03-01 20:52:37,749 INFO o.a.j.t.JMeterThread: Stopping because end time detected by thread: Thread-Gruppe 1-61
2025-03-01 20:52:37,749 INFO o.a.j.t.JMeterThread: Thread finished: Thread-Gruppe 1-31
2025-03-01 20:52:37,749 INFO o.a.j.t.JMeterThread: Thread finished: Thread-Gruppe 1-61
2025-03-01 20:52:37,779 INFO o.a.j.t.JMeterThread: Stopping because end time detected by thread: Thread-Gruppe 2-6
2025-03-01 20:52:37,779 INFO o.a.j.t.JMeterThread: Thread finished: Thread-Gruppe 2-6
2025-03-01 20:52:37,779 INFO o.a.j.t.JMeterThread: Stopping because end time detected by thread: Thread-Gruppe 3-3
2025-03-01 20:52:37,779 INFO o.a.j.t.JMeterThread: Thread finished: Thread-Gruppe 3-3
2025-03-01 20:52:37,796 INFO o.a.j.t.JMeterThread: Stopping because end time detected by thread: Thread-Gruppe 1-15
2025-03-01 20:52:37,796 INFO o.a.j.t.JMeterThread: Thread finished: Thread-Gruppe 1-15
2025-03-01 20:52:37,812 INFO o.a.j.t.JMeterThread: Stopping because end time detected by thread: Thread-Gruppe 2-20
2025-03-01 20:52:37,812 INFO o.a.j.t.JMeterThread: Thread finished: Thread-Gruppe 2-20
2025-03-01 20:52:37,840 INFO o.a.j.t.JMeterThread: Stopping because end time detected by thread: Thread-Gruppe 1-42
2025-03-01 20:52:37,840 INFO o.a.j.t.JMeterThread: Thread finished: Thread-Gruppe 1-42
2025-03-01 20:52:37,900 INFO o.a.j.t.JMeterThread: Stopping because end time detected by thread: Thread-Gruppe 1-16
2025-03-01 20:52:37,900 INFO o.a.j.t.JMeterThread: Thread finished: Thread-Gruppe 1-16
2025-03-01 20:52:37,938 INFO o.a.j.t.JMeterThread: Stopping because end time detected by thread: Thread-Gruppe 3-4
2025-03-01 20:52:37,938 INFO o.a.j.t.JMeterThread: Thread finished: Thread-Gruppe 3-4
2025-03-01 20:52:38,023 INFO o.a.j.t.JMeterThread: Stopping because end time detected by thread: Thread-Gruppe 1-43
2025-03-01 20:52:38,023 INFO o.a.j.t.JMeterThread: Thread finished: Thread-Gruppe 1-43
2025-03-01 20:52:38,049 INFO o.a.j.t.JMeterThread: Stopping because end time detected by thread: Thread-Gruppe 1-44
2025-03-01 20:52:38,049 INFO o.a.j.t.JMeterThread: Thread finished: Thread-Gruppe 1-44
2025-03-01 20:52:38,058 INFO o.a.j.t.JMeterThread: Stopping because end time detected by thread: Thread-Gruppe 3-2
2025-03-01 20:52:38,058 INFO o.a.j.t.JMeterThread: Thread finished: Thread-Gruppe 3-2
2025-03-01 20:52:38,097 INFO o.a.j.t.JMeterThread: Stopping because end time detected by thread: Thread-Gruppe 2-8
2025-03-01 20:52:38,097 INFO o.a.j.t.JMeterThread: Thread finished: Thread-Gruppe 2-8
2025-03-01 20:52:38,097 INFO o.a.j.t.JMeterThread: Stopping because end time detected by thread: Thread-Gruppe 2-7
2025-03-01 20:52:38,113 INFO o.a.j.t.JMeterThread: Thread finished: Thread-Gruppe 2-7
2025-03-01 20:52:38,149 INFO o.a.j.t.JMeterThread: Stopping because end time detected by thread: Thread-Gruppe 1-45
2025-03-01 20:52:38,149 INFO o.a.j.t.JMeterThread: Thread finished: Thread-Gruppe 1-45
2025-03-01 20:52:38,192 INFO o.a.j.t.JMeterThread: Stopping because end time detected by thread: Thread-Gruppe 2-17
2025-03-01 20:52:38,192 INFO o.a.j.t.JMeterThread: Thread finished: Thread-Gruppe 2-17
2025-03-01 20:52:38,272 INFO o.a.j.t.JMeterThread: Stopping because end time detected by thread: Thread-Gruppe 1-46
2025-03-01 20:52:38,272 INFO o.a.j.t.JMeterThread: Thread finished: Thread-Gruppe 1-46
2025-03-01 20:52:38,352 INFO o.a.j.t.JMeterThread: Stopping because end time detected by thread: Thread-Gruppe 2-18
2025-03-01 20:52:38,352 INFO o.a.j.t.JMeterThread: Thread finished: Thread-Gruppe 2-18
2025-03-01 20:52:38,352 INFO o.a.j.e.StandardJMeterEngine: Notifying test listeners of end of test
2025-03-01 20:52:38,354 INFO o.a.j.r.Summariser: summary +    601 in 00:00:08 =   72.1/s Avg:   394 Min:   243 Max:   916 Err:     0 (0.00%) Active: 0 Started: 100 Finished: 100
2025-03-01 20:52:38,354 INFO o.a.j.r.Summariser: summary =  45345 in 00:11:01 =   68.6/s Avg:   401 Min:   240 Max:  2002 Err:     2 (0.00%)
