2025-03-01 19:24:00,591 INFO o.a.j.u.JMeterUtils: Setting Locale to en_EN
2025-03-01 19:24:00,620 INFO o.a.j.JMeter: Loading user properties from: C:\Users\ASUS\Desktop\apache-jmeter-5.6.3\apache-jmeter-5.6.3\bin\user.properties
2025-03-01 19:24:00,620 INFO o.a.j.JMeter: Loading system properties from: C:\Users\ASUS\Desktop\apache-jmeter-5.6.3\apache-jmeter-5.6.3\bin\system.properties
2025-03-01 19:24:00,623 INFO o.a.j.JMeter: Setting JMeter property: lb_1_hostname=104.155.182.254
2025-03-01 19:24:00,623 INFO o.a.j.JMeter: Setting JMeter property: lb_2_hostname=35.246.73.6
2025-03-01 19:24:00,623 INFO o.a.j.JMeter: Setting JMeter property: lb_1_port=8090
2025-03-01 19:24:00,623 INFO o.a.j.JMeter: Setting JMeter property: lb_2_port=8091
2025-03-01 19:24:00,624 INFO o.a.j.JMeter: Setting JMeter property: warm_up_users=20
2025-03-01 19:24:00,624 INFO o.a.j.JMeter: Setting JMeter property: warm_up_time=60
2025-03-01 19:24:00,624 INFO o.a.j.JMeter: Setting JMeter property: test_run_time=600
2025-03-01 19:24:00,624 INFO o.a.j.JMeter: Setting JMeter property: ramp_up=10
2025-03-01 19:24:00,627 INFO o.a.j.JMeter: Setting JMeter property: group_1=75
2025-03-01 19:24:00,627 INFO o.a.j.JMeter: Setting JMeter property: group_2=20
2025-03-01 19:24:00,627 INFO o.a.j.JMeter: Setting JMeter property: group_3=5
2025-03-01 19:24:00,627 INFO o.a.j.JMeter: Setting JMeter property: group_1_request_rate=30
2025-03-01 19:24:00,627 INFO o.a.j.JMeter: Setting JMeter property: group_2_request_rate=90
2025-03-01 19:24:00,627 INFO o.a.j.JMeter: Setting JMeter property: group_3_request_rate=120
2025-03-01 19:24:00,627 INFO o.a.j.JMeter: Setting JMeter property: log_file=c:\\Users\\ASUS\\Desktop\\Repos\\rate-limiter-nginx\\jmeter\\cloud\\2025_03_01_18_17_logs\\sliding_window_counter\\redis_script_rate_limit_100_window_size_60_sub_window_count_5\\warm_up_results.csv
2025-03-01 19:24:00,627 INFO o.a.j.JMeter: Setting JMeter property: algorithm=sliding_window_counter_redis_script_rate_limit_100_window_size_60_sub_window_count_5
2025-03-01 19:24:00,627 INFO o.a.j.JMeter: Setting JMeter property: auth=/sliding_window_counter/redis_script_rate_limit_100_window_size_60_sub_window_count_5/tools.descartes.teastore.auth/rest
2025-03-01 19:24:00,627 INFO o.a.j.JMeter: Setting JMeter property: persistence=/sliding_window_counter/redis_script_rate_limit_100_window_size_60_sub_window_count_5/tools.descartes.teastore.persistence/rest
2025-03-01 19:24:00,627 INFO o.a.j.JMeter: Setting JMeter property: recommender=/sliding_window_counter/redis_script_rate_limit_100_window_size_60_sub_window_count_5/tools.descartes.teastore.recommender/rest
2025-03-01 19:24:00,627 INFO o.a.j.JMeter: Setting JMeter property: image=/sliding_window_counter/redis_script_rate_limit_100_window_size_60_sub_window_count_5/tools.descartes.teastore.image/rest
2025-03-01 19:24:00,636 INFO o.a.j.JMeter: Copyright (c) 1998-2024 The Apache Software Foundation
2025-03-01 19:24:00,636 INFO o.a.j.JMeter: Version 5.6.3
2025-03-01 19:24:00,636 INFO o.a.j.JMeter: java.version=17.0.9
2025-03-01 19:24:00,636 INFO o.a.j.JMeter: java.vm.name=Java HotSpot(TM) 64-Bit Server VM
2025-03-01 19:24:00,636 INFO o.a.j.JMeter: os.name=Windows 11
2025-03-01 19:24:00,636 INFO o.a.j.JMeter: os.arch=amd64
2025-03-01 19:24:00,636 INFO o.a.j.JMeter: os.version=10.0
2025-03-01 19:24:00,636 INFO o.a.j.JMeter: file.encoding=Cp1252
2025-03-01 19:24:00,636 INFO o.a.j.JMeter: java.awt.headless=true
2025-03-01 19:24:00,636 INFO o.a.j.JMeter: Max memory     =1073741824
2025-03-01 19:24:00,636 INFO o.a.j.JMeter: Available Processors =12
2025-03-01 19:24:00,645 INFO o.a.j.JMeter: Default Locale=English (EN)
2025-03-01 19:24:00,645 INFO o.a.j.JMeter: JMeter  Locale=English (EN)
2025-03-01 19:24:00,645 INFO o.a.j.JMeter: JMeterHome=C:\Users\ASUS\Desktop\apache-jmeter-5.6.3\apache-jmeter-5.6.3
2025-03-01 19:24:00,645 INFO o.a.j.JMeter: user.dir  =C:\Users\ASUS\Desktop\Repos\rate-limiter-nginx
2025-03-01 19:24:00,645 INFO o.a.j.JMeter: PWD       =C:\Users\ASUS\Desktop\Repos\rate-limiter-nginx
2025-03-01 19:24:00,659 INFO o.a.j.JMeter: IP: 192.168.1.45 Name: THIVA FullName: THIVA
2025-03-01 19:24:00,670 INFO o.a.j.s.FileServer: Default base='C:\Users\ASUS\Desktop\Repos\rate-limiter-nginx'
2025-03-01 19:24:00,670 INFO o.a.j.s.FileServer: Set new base='c:\Users\ASUS\Desktop\Repos\rate-limiter-nginx\jmeter\cloud'
2025-03-01 19:24:00,910 INFO o.a.j.s.SaveService: Testplan (JMX) version: 2.2. Testlog (JTL) version: 2.2
2025-03-01 19:24:00,952 INFO o.a.j.s.SaveService: Using SaveService properties version 5.0
2025-03-01 19:24:00,959 INFO o.a.j.s.SaveService: Using SaveService properties file encoding UTF-8
2025-03-01 19:24:00,959 INFO o.a.j.s.SaveService: Loading file: c:\Users\ASUS\Desktop\Repos\rate-limiter-nginx\jmeter\cloud\teastore_performance.jmx
2025-03-01 19:24:01,039 INFO o.a.j.p.h.c.CookieManager: Settings: Delete null: true Check: true Allow variable: true Save: false Prefix: COOKIE_
2025-03-01 19:24:01,079 INFO o.a.j.p.h.s.HTTPSamplerBase: Parser for text/html is org.apache.jmeter.protocol.http.parser.LagartoBasedHtmlParser
2025-03-01 19:24:01,079 INFO o.a.j.p.h.s.HTTPSamplerBase: Parser for application/xhtml+xml is org.apache.jmeter.protocol.http.parser.LagartoBasedHtmlParser
2025-03-01 19:24:01,079 INFO o.a.j.p.h.s.HTTPSamplerBase: Parser for application/xml is org.apache.jmeter.protocol.http.parser.LagartoBasedHtmlParser
2025-03-01 19:24:01,079 INFO o.a.j.p.h.s.HTTPSamplerBase: Parser for text/xml is org.apache.jmeter.protocol.http.parser.LagartoBasedHtmlParser
2025-03-01 19:24:01,079 INFO o.a.j.p.h.s.HTTPSamplerBase: Parser for text/vnd.wap.wml is org.apache.jmeter.protocol.http.parser.RegexpHTMLParser
2025-03-01 19:24:01,079 INFO o.a.j.p.h.s.HTTPSamplerBase: Parser for text/css is org.apache.jmeter.protocol.http.parser.CssParser
2025-03-01 19:24:01,206 INFO o.a.j.s.SampleResult: Note: Sample TimeStamps are START times
2025-03-01 19:24:01,209 INFO o.a.j.s.SampleResult: sampleresult.default.encoding is set to UTF-8
2025-03-01 19:24:01,209 INFO o.a.j.s.SampleResult: sampleresult.useNanoTime=true
2025-03-01 19:24:01,209 INFO o.a.j.s.SampleResult: sampleresult.nanoThreadSleep=5000
2025-03-01 19:24:01,238 INFO o.a.j.JMeter: Creating summariser <summary>
2025-03-01 19:24:01,256 INFO o.a.j.e.StandardJMeterEngine: Running the test!
2025-03-01 19:24:01,258 INFO o.a.j.s.SampleEvent: List of sample_variables: []
2025-03-01 19:24:01,258 INFO o.a.j.s.SampleEvent: List of sample_variables: []
2025-03-01 19:24:01,262 INFO o.a.j.e.u.CompoundVariable: Note: Function class names must contain the string: '.functions.'
2025-03-01 19:24:01,262 INFO o.a.j.e.u.CompoundVariable: Note: Function class names must not contain the string: '.gui.'
2025-03-01 19:24:01,358 INFO o.a.j.r.ClassFinder: Will scan jar C:\Users\ASUS\Desktop\apache-jmeter-5.6.3\apache-jmeter-5.6.3\lib\ext\jmeter-plugins-casutg-2.10.jar with filter ExtendsClassFilter [parents=[interface org.apache.jmeter.functions.Function], inner=false, contains=null, notContains=null]. Consider exposing JMeter plugins via META-INF/services, and add JMeter-Skip-Class-Scanning=true manifest attribute so JMeter can skip classfile scanning
2025-03-01 19:24:01,374 INFO o.a.j.r.ClassFinder: Will scan jar C:\Users\ASUS\Desktop\apache-jmeter-5.6.3\apache-jmeter-5.6.3\lib\ext\jmeter-plugins-graphs-vs-2.0.jar with filter ExtendsClassFilter [parents=[interface org.apache.jmeter.functions.Function], inner=false, contains=null, notContains=null]. Consider exposing JMeter plugins via META-INF/services, and add JMeter-Skip-Class-Scanning=true manifest attribute so JMeter can skip classfile scanning
2025-03-01 19:24:01,374 INFO o.a.j.r.ClassFinder: Will scan jar C:\Users\ASUS\Desktop\apache-jmeter-5.6.3\apache-jmeter-5.6.3\lib\ext\jmeter-plugins-manager-1.9.jar with filter ExtendsClassFilter [parents=[interface org.apache.jmeter.functions.Function], inner=false, contains=null, notContains=null]. Consider exposing JMeter plugins via META-INF/services, and add JMeter-Skip-Class-Scanning=true manifest attribute so JMeter can skip classfile scanning
2025-03-01 19:24:01,448 INFO o.a.j.r.ClassFinder: Will scan jar C:\Users\ASUS\Desktop\apache-jmeter-5.6.3\apache-jmeter-5.6.3\lib\ext\jmeter-plugins-graphs-basic-2.0.jar with filter ExtendsClassFilter [parents=[interface org.apache.jmeter.functions.Function], inner=false, contains=null, notContains=null]. Consider exposing JMeter plugins via META-INF/services, and add JMeter-Skip-Class-Scanning=true manifest attribute so JMeter can skip classfile scanning
2025-03-01 19:24:01,463 INFO o.a.j.r.ClassFinder: Will scan jar C:\Users\ASUS\Desktop\apache-jmeter-5.6.3\apache-jmeter-5.6.3\lib\ext\jmeter-plugins-manager-0.20.jar with filter ExtendsClassFilter [parents=[interface org.apache.jmeter.functions.Function], inner=false, contains=null, notContains=null]. Consider exposing JMeter plugins via META-INF/services, and add JMeter-Skip-Class-Scanning=true manifest attribute so JMeter can skip classfile scanning
2025-03-01 19:24:01,476 INFO o.a.j.r.ClassFinder: Will scan jar C:\Users\ASUS\Desktop\apache-jmeter-5.6.3\apache-jmeter-5.6.3\lib\ext\jmeter-plugins-tst-2.6.jar with filter ExtendsClassFilter [parents=[interface org.apache.jmeter.functions.Function], inner=false, contains=null, notContains=null]. Consider exposing JMeter plugins via META-INF/services, and add JMeter-Skip-Class-Scanning=true manifest attribute so JMeter can skip classfile scanning
2025-03-01 19:24:01,476 INFO o.a.j.r.ClassFinder: Will scan jar C:\Users\ASUS\Desktop\apache-jmeter-5.6.3\apache-jmeter-5.6.3\lib\ext\jmeter-parallel-0.12.jar with filter ExtendsClassFilter [parents=[interface org.apache.jmeter.functions.Function], inner=false, contains=null, notContains=null]. Consider exposing JMeter plugins via META-INF/services, and add JMeter-Skip-Class-Scanning=true manifest attribute so JMeter can skip classfile scanning
2025-03-01 19:24:01,746 INFO o.a.j.JMeter: Running test (1740837241746)
2025-03-01 19:24:01,751 INFO o.a.j.e.StandardJMeterEngine: Starting setUp thread groups
2025-03-01 19:24:01,751 INFO o.a.j.e.StandardJMeterEngine: Starting setUp ThreadGroup: 1 : setUp Thread Group 
2025-03-01 19:24:01,751 INFO o.a.j.e.StandardJMeterEngine: Starting 20 threads for group setUp Thread Group.
2025-03-01 19:24:01,751 INFO o.a.j.e.StandardJMeterEngine: Thread will continue on error
2025-03-01 19:24:01,751 INFO o.a.j.t.ThreadGroup: Starting thread group... number=1 threads=20 ramp-up=10 delayedStart=false
2025-03-01 19:24:01,761 INFO o.a.j.t.JMeterThread: Thread started: setUp Thread Group 1-1
2025-03-01 19:24:01,796 INFO o.a.j.t.ThreadGroup: Started thread group number 1
2025-03-01 19:24:01,796 INFO o.a.j.e.StandardJMeterEngine: Waiting for all setup thread groups to exit
2025-03-01 19:24:02,260 INFO o.a.j.t.JMeterThread: Thread started: setUp Thread Group 1-2
2025-03-01 19:24:02,593 INFO o.a.j.p.h.s.HTTPHCAbstractImpl: Local host = THIVA
2025-03-01 19:24:02,604 INFO o.a.j.p.h.s.HTTPHC4Impl: HTTP request retry count = 0
2025-03-01 19:24:02,758 INFO o.a.j.t.JMeterThread: Thread started: setUp Thread Group 1-3
2025-03-01 19:24:03,256 INFO o.a.j.t.JMeterThread: Thread started: setUp Thread Group 1-4
2025-03-01 19:24:03,756 INFO o.a.j.t.JMeterThread: Thread started: setUp Thread Group 1-5
2025-03-01 19:24:04,256 INFO o.a.j.t.JMeterThread: Thread started: setUp Thread Group 1-6
2025-03-01 19:24:04,757 INFO o.a.j.t.JMeterThread: Thread started: setUp Thread Group 1-7
2025-03-01 19:24:05,260 INFO o.a.j.t.JMeterThread: Thread started: setUp Thread Group 1-8
2025-03-01 19:24:05,756 INFO o.a.j.t.JMeterThread: Thread started: setUp Thread Group 1-9
2025-03-01 19:24:06,255 INFO o.a.j.t.JMeterThread: Thread started: setUp Thread Group 1-10
2025-03-01 19:24:06,755 INFO o.a.j.t.JMeterThread: Thread started: setUp Thread Group 1-11
2025-03-01 19:24:07,256 INFO o.a.j.t.JMeterThread: Thread started: setUp Thread Group 1-12
2025-03-01 19:24:07,755 INFO o.a.j.t.JMeterThread: Thread started: setUp Thread Group 1-13
2025-03-01 19:24:08,257 INFO o.a.j.t.JMeterThread: Thread started: setUp Thread Group 1-14
2025-03-01 19:24:08,755 INFO o.a.j.t.JMeterThread: Thread started: setUp Thread Group 1-15
2025-03-01 19:24:09,256 INFO o.a.j.t.JMeterThread: Thread started: setUp Thread Group 1-16
2025-03-01 19:24:09,757 INFO o.a.j.t.JMeterThread: Thread started: setUp Thread Group 1-17
2025-03-01 19:24:10,255 INFO o.a.j.t.JMeterThread: Thread started: setUp Thread Group 1-18
2025-03-01 19:24:10,755 INFO o.a.j.t.JMeterThread: Thread started: setUp Thread Group 1-19
2025-03-01 19:24:11,256 INFO o.a.j.t.JMeterThread: Thread started: setUp Thread Group 1-20
2025-03-01 19:25:01,599 INFO o.a.j.t.JMeterThread: Thread finished: setUp Thread Group 1-1
2025-03-01 19:25:01,694 INFO o.a.j.t.JMeterThread: Thread finished: setUp Thread Group 1-7
2025-03-01 19:25:01,742 INFO o.a.j.t.JMeterThread: Thread finished: setUp Thread Group 1-3
2025-03-01 19:25:01,759 INFO o.a.j.t.JMeterThread: Thread finished: setUp Thread Group 1-13
2025-03-01 19:25:01,765 INFO o.a.j.t.JMeterThread: Thread finished: setUp Thread Group 1-19
2025-03-01 19:25:01,770 INFO o.a.j.t.JMeterThread: Thread finished: setUp Thread Group 1-18
2025-03-01 19:25:01,791 INFO o.a.j.t.JMeterThread: Stopping because end time detected by thread: setUp Thread Group 1-15
2025-03-01 19:25:01,791 INFO o.a.j.t.JMeterThread: Thread finished: setUp Thread Group 1-15
2025-03-01 19:25:01,791 INFO o.a.j.t.JMeterThread: Stopping because end time detected by thread: setUp Thread Group 1-4
2025-03-01 19:25:01,791 INFO o.a.j.t.JMeterThread: Thread finished: setUp Thread Group 1-4
2025-03-01 19:25:01,807 INFO o.a.j.t.JMeterThread: Stopping because end time detected by thread: setUp Thread Group 1-8
2025-03-01 19:25:01,807 INFO o.a.j.t.JMeterThread: Thread finished: setUp Thread Group 1-8
2025-03-01 19:25:01,822 INFO o.a.j.t.JMeterThread: Stopping because end time detected by thread: setUp Thread Group 1-9
2025-03-01 19:25:01,822 INFO o.a.j.t.JMeterThread: Thread finished: setUp Thread Group 1-9
2025-03-01 19:25:01,838 INFO o.a.j.t.JMeterThread: Stopping because end time detected by thread: setUp Thread Group 1-6
2025-03-01 19:25:01,838 INFO o.a.j.t.JMeterThread: Thread finished: setUp Thread Group 1-6
2025-03-01 19:25:01,854 INFO o.a.j.t.JMeterThread: Stopping because end time detected by thread: setUp Thread Group 1-5
2025-03-01 19:25:01,854 INFO o.a.j.t.JMeterThread: Thread finished: setUp Thread Group 1-5
2025-03-01 19:25:01,894 INFO o.a.j.t.JMeterThread: Stopping because end time detected by thread: setUp Thread Group 1-17
2025-03-01 19:25:01,894 INFO o.a.j.t.JMeterThread: Thread finished: setUp Thread Group 1-17
2025-03-01 19:25:01,933 INFO o.a.j.t.JMeterThread: Stopping because end time detected by thread: setUp Thread Group 1-16
2025-03-01 19:25:01,948 INFO o.a.j.t.JMeterThread: Thread finished: setUp Thread Group 1-16
2025-03-01 19:25:01,997 INFO o.a.j.t.JMeterThread: Stopping because end time detected by thread: setUp Thread Group 1-14
2025-03-01 19:25:01,997 INFO o.a.j.t.JMeterThread: Thread finished: setUp Thread Group 1-14
2025-03-01 19:25:01,997 INFO o.a.j.t.JMeterThread: Stopping because end time detected by thread: setUp Thread Group 1-2
2025-03-01 19:25:01,997 INFO o.a.j.t.JMeterThread: Thread finished: setUp Thread Group 1-2
2025-03-01 19:25:02,013 INFO o.a.j.t.JMeterThread: Stopping because end time detected by thread: setUp Thread Group 1-20
2025-03-01 19:25:02,013 INFO o.a.j.t.JMeterThread: Thread finished: setUp Thread Group 1-20
2025-03-01 19:25:02,028 INFO o.a.j.t.JMeterThread: Stopping because end time detected by thread: setUp Thread Group 1-12
2025-03-01 19:25:02,028 INFO o.a.j.t.JMeterThread: Thread finished: setUp Thread Group 1-12
2025-03-01 19:25:02,028 INFO o.a.j.t.JMeterThread: Stopping because end time detected by thread: setUp Thread Group 1-10
2025-03-01 19:25:02,028 INFO o.a.j.t.JMeterThread: Thread finished: setUp Thread Group 1-10
2025-03-01 19:25:02,108 INFO o.a.j.t.JMeterThread: Stopping because end time detected by thread: setUp Thread Group 1-11
2025-03-01 19:25:02,124 INFO o.a.j.t.JMeterThread: Thread finished: setUp Thread Group 1-11
2025-03-01 19:25:02,124 INFO o.a.j.e.StandardJMeterEngine: All Setup Threads have ended
2025-03-01 19:25:02,171 INFO o.a.j.e.StandardJMeterEngine: Starting ThreadGroup: 1 : Thread-Gruppe
2025-03-01 19:25:02,171 INFO o.a.j.e.StandardJMeterEngine: Starting 75 threads for group Thread-Gruppe.
2025-03-01 19:25:02,171 INFO o.a.j.e.StandardJMeterEngine: Thread will continue on error
2025-03-01 19:25:02,171 INFO o.a.j.t.ThreadGroup: Starting thread group... number=1 threads=75 ramp-up=10 delayedStart=false
2025-03-01 19:25:02,172 INFO o.a.j.t.JMeterThread: Thread started: Thread-Gruppe 1-1
2025-03-01 19:25:02,267 INFO o.a.j.t.ThreadGroup: Started thread group number 1
2025-03-01 19:25:02,267 INFO o.a.j.e.StandardJMeterEngine: Starting ThreadGroup: 2 : Thread-Gruppe
2025-03-01 19:25:02,267 INFO o.a.j.e.StandardJMeterEngine: Starting 20 threads for group Thread-Gruppe.
2025-03-01 19:25:02,267 INFO o.a.j.e.StandardJMeterEngine: Thread will continue on error
2025-03-01 19:25:02,267 INFO o.a.j.t.ThreadGroup: Starting thread group... number=2 threads=20 ramp-up=10 delayedStart=false
2025-03-01 19:25:02,271 INFO o.a.j.t.JMeterThread: Thread started: Thread-Gruppe 2-1
2025-03-01 19:25:02,286 INFO o.a.j.t.ThreadGroup: Started thread group number 2
2025-03-01 19:25:02,286 INFO o.a.j.e.StandardJMeterEngine: Starting ThreadGroup: 3 : Thread-Gruppe
2025-03-01 19:25:02,286 INFO o.a.j.e.StandardJMeterEngine: Starting 5 threads for group Thread-Gruppe.
2025-03-01 19:25:02,286 INFO o.a.j.e.StandardJMeterEngine: Thread will continue on error
2025-03-01 19:25:02,286 INFO o.a.j.t.ThreadGroup: Starting thread group... number=3 threads=5 ramp-up=10 delayedStart=false
2025-03-01 19:25:02,288 INFO o.a.j.t.JMeterThread: Thread started: Thread-Gruppe 3-1
2025-03-01 19:25:02,292 INFO o.a.j.t.ThreadGroup: Started thread group number 3
2025-03-01 19:25:02,292 INFO o.a.j.e.StandardJMeterEngine: All thread groups have been started
2025-03-01 19:25:02,311 INFO o.a.j.t.JMeterThread: Thread started: Thread-Gruppe 1-2
2025-03-01 19:25:02,447 INFO o.a.j.t.JMeterThread: Thread started: Thread-Gruppe 1-3
2025-03-01 19:25:02,579 INFO o.a.j.t.JMeterThread: Thread started: Thread-Gruppe 1-4
2025-03-01 19:25:02,713 INFO o.a.j.t.JMeterThread: Thread started: Thread-Gruppe 1-5
2025-03-01 19:25:02,717 INFO o.a.j.r.Summariser: summary +      1 in 00:01:01 =    0.0/s Avg:   505 Min:   505 Max:   505 Err:     0 (0.00%) Active: 7 Started: 7 Finished: 0
2025-03-01 19:25:02,770 INFO o.a.j.t.JMeterThread: Thread started: Thread-Gruppe 2-2
2025-03-01 19:25:02,848 INFO o.a.j.t.JMeterThread: Thread started: Thread-Gruppe 1-6
2025-03-01 19:25:02,979 INFO o.a.j.t.JMeterThread: Thread started: Thread-Gruppe 1-7
2025-03-01 19:25:03,107 INFO o.a.j.t.JMeterThread: Thread started: Thread-Gruppe 1-8
2025-03-01 19:25:03,239 INFO o.a.j.t.JMeterThread: Thread started: Thread-Gruppe 1-9
2025-03-01 19:25:03,271 INFO o.a.j.t.JMeterThread: Thread started: Thread-Gruppe 2-3
2025-03-01 19:25:03,375 INFO o.a.j.t.JMeterThread: Thread started: Thread-Gruppe 1-10
2025-03-01 19:25:03,505 INFO o.a.j.t.JMeterThread: Thread started: Thread-Gruppe 1-11
2025-03-01 19:25:03,638 INFO o.a.j.t.JMeterThread: Thread started: Thread-Gruppe 1-12
2025-03-01 19:25:03,770 INFO o.a.j.t.JMeterThread: Thread started: Thread-Gruppe 2-4
2025-03-01 19:25:03,773 INFO o.a.j.t.JMeterThread: Thread started: Thread-Gruppe 1-13
2025-03-01 19:25:03,904 INFO o.a.j.t.JMeterThread: Thread started: Thread-Gruppe 1-14
2025-03-01 19:25:04,037 INFO o.a.j.t.JMeterThread: Thread started: Thread-Gruppe 1-15
2025-03-01 19:25:04,169 INFO o.a.j.t.JMeterThread: Thread started: Thread-Gruppe 1-16
2025-03-01 19:25:04,269 INFO o.a.j.t.JMeterThread: Thread started: Thread-Gruppe 2-5
2025-03-01 19:25:04,290 INFO o.a.j.t.JMeterThread: Thread started: Thread-Gruppe 3-2
2025-03-01 19:25:04,303 INFO o.a.j.t.JMeterThread: Thread started: Thread-Gruppe 1-17
2025-03-01 19:25:04,435 INFO o.a.j.t.JMeterThread: Thread started: Thread-Gruppe 1-18
2025-03-01 19:25:04,568 INFO o.a.j.t.JMeterThread: Thread started: Thread-Gruppe 1-19
2025-03-01 19:25:04,702 INFO o.a.j.t.JMeterThread: Thread started: Thread-Gruppe 1-20
2025-03-01 19:25:04,771 INFO o.a.j.t.JMeterThread: Thread started: Thread-Gruppe 2-6
2025-03-01 19:25:04,835 INFO o.a.j.t.JMeterThread: Thread started: Thread-Gruppe 1-21
2025-03-01 19:25:04,969 INFO o.a.j.t.JMeterThread: Thread started: Thread-Gruppe 1-22
2025-03-01 19:25:05,101 INFO o.a.j.t.JMeterThread: Thread started: Thread-Gruppe 1-23
2025-03-01 19:25:05,233 INFO o.a.j.t.JMeterThread: Thread started: Thread-Gruppe 1-24
2025-03-01 19:25:05,271 INFO o.a.j.t.JMeterThread: Thread started: Thread-Gruppe 2-7
2025-03-01 19:25:05,367 INFO o.a.j.t.JMeterThread: Thread started: Thread-Gruppe 1-25
2025-03-01 19:25:05,501 INFO o.a.j.t.JMeterThread: Thread started: Thread-Gruppe 1-26
2025-03-01 19:25:05,634 INFO o.a.j.t.JMeterThread: Thread started: Thread-Gruppe 1-27
2025-03-01 19:25:05,767 INFO o.a.j.t.JMeterThread: Thread started: Thread-Gruppe 1-28
2025-03-01 19:25:05,770 INFO o.a.j.t.JMeterThread: Thread started: Thread-Gruppe 2-8
2025-03-01 19:25:05,899 INFO o.a.j.t.JMeterThread: Thread started: Thread-Gruppe 1-29
2025-03-01 19:25:06,033 INFO o.a.j.t.JMeterThread: Thread started: Thread-Gruppe 1-30
2025-03-01 19:25:06,166 INFO o.a.j.t.JMeterThread: Thread started: Thread-Gruppe 1-31
2025-03-01 19:25:06,271 INFO o.a.j.t.JMeterThread: Thread started: Thread-Gruppe 2-9
2025-03-01 19:25:06,288 INFO o.a.j.t.JMeterThread: Thread started: Thread-Gruppe 3-3
2025-03-01 19:25:06,300 INFO o.a.j.t.JMeterThread: Thread started: Thread-Gruppe 1-32
2025-03-01 19:25:06,432 INFO o.a.j.t.JMeterThread: Thread started: Thread-Gruppe 1-33
2025-03-01 19:25:06,563 INFO o.a.j.t.JMeterThread: Thread started: Thread-Gruppe 1-34
2025-03-01 19:25:06,696 INFO o.a.j.t.JMeterThread: Thread started: Thread-Gruppe 1-35
2025-03-01 19:25:06,768 INFO o.a.j.t.JMeterThread: Thread started: Thread-Gruppe 2-10
2025-03-01 19:25:06,830 INFO o.a.j.t.JMeterThread: Thread started: Thread-Gruppe 1-36
2025-03-01 19:25:06,961 INFO o.a.j.t.JMeterThread: Thread started: Thread-Gruppe 1-37
2025-03-01 19:25:07,095 INFO o.a.j.t.JMeterThread: Thread started: Thread-Gruppe 1-38
2025-03-01 19:25:07,227 INFO o.a.j.t.JMeterThread: Thread started: Thread-Gruppe 1-39
2025-03-01 19:25:07,269 INFO o.a.j.t.JMeterThread: Thread started: Thread-Gruppe 2-11
2025-03-01 19:25:07,361 INFO o.a.j.t.JMeterThread: Thread started: Thread-Gruppe 1-40
2025-03-01 19:25:07,495 INFO o.a.j.t.JMeterThread: Thread started: Thread-Gruppe 1-41
2025-03-01 19:25:07,628 INFO o.a.j.t.JMeterThread: Thread started: Thread-Gruppe 1-42
2025-03-01 19:25:07,760 INFO o.a.j.t.JMeterThread: Thread started: Thread-Gruppe 1-43
2025-03-01 19:25:07,770 INFO o.a.j.t.JMeterThread: Thread started: Thread-Gruppe 2-12
2025-03-01 19:25:07,894 INFO o.a.j.t.JMeterThread: Thread started: Thread-Gruppe 1-44
2025-03-01 19:25:08,026 INFO o.a.j.t.JMeterThread: Thread started: Thread-Gruppe 1-45
2025-03-01 19:25:08,160 INFO o.a.j.t.JMeterThread: Thread started: Thread-Gruppe 1-46
2025-03-01 19:25:08,270 INFO o.a.j.t.JMeterThread: Thread started: Thread-Gruppe 2-13
2025-03-01 19:25:08,289 INFO o.a.j.t.JMeterThread: Thread started: Thread-Gruppe 3-4
2025-03-01 19:25:08,291 INFO o.a.j.t.JMeterThread: Thread started: Thread-Gruppe 1-47
2025-03-01 19:25:08,425 INFO o.a.j.t.JMeterThread: Thread started: Thread-Gruppe 1-48
2025-03-01 19:25:08,558 INFO o.a.j.t.JMeterThread: Thread started: Thread-Gruppe 1-49
2025-03-01 19:25:08,693 INFO o.a.j.t.JMeterThread: Thread started: Thread-Gruppe 1-50
2025-03-01 19:25:08,770 INFO o.a.j.t.JMeterThread: Thread started: Thread-Gruppe 2-14
2025-03-01 19:25:08,825 INFO o.a.j.t.JMeterThread: Thread started: Thread-Gruppe 1-51
2025-03-01 19:25:08,957 INFO o.a.j.t.JMeterThread: Thread started: Thread-Gruppe 1-52
2025-03-01 19:25:09,090 INFO o.a.j.t.JMeterThread: Thread started: Thread-Gruppe 1-53
2025-03-01 19:25:09,223 INFO o.a.j.t.JMeterThread: Thread started: Thread-Gruppe 1-54
2025-03-01 19:25:09,270 INFO o.a.j.t.JMeterThread: Thread started: Thread-Gruppe 2-15
2025-03-01 19:25:09,357 INFO o.a.j.t.JMeterThread: Thread started: Thread-Gruppe 1-55
2025-03-01 19:25:09,489 INFO o.a.j.t.JMeterThread: Thread started: Thread-Gruppe 1-56
2025-03-01 19:25:09,623 INFO o.a.j.t.JMeterThread: Thread started: Thread-Gruppe 1-57
2025-03-01 19:25:09,757 INFO o.a.j.t.JMeterThread: Thread started: Thread-Gruppe 1-58
2025-03-01 19:25:09,769 INFO o.a.j.t.JMeterThread: Thread started: Thread-Gruppe 2-16
2025-03-01 19:25:09,889 INFO o.a.j.t.JMeterThread: Thread started: Thread-Gruppe 1-59
2025-03-01 19:25:10,022 INFO o.a.j.t.JMeterThread: Thread started: Thread-Gruppe 1-60
2025-03-01 19:25:10,154 INFO o.a.j.t.JMeterThread: Thread started: Thread-Gruppe 1-61
2025-03-01 19:25:10,269 INFO o.a.j.t.JMeterThread: Thread started: Thread-Gruppe 2-17
2025-03-01 19:25:10,287 INFO o.a.j.t.JMeterThread: Thread started: Thread-Gruppe 3-5
2025-03-01 19:25:10,289 INFO o.a.j.t.JMeterThread: Thread started: Thread-Gruppe 1-62
2025-03-01 19:25:10,421 INFO o.a.j.t.JMeterThread: Thread started: Thread-Gruppe 1-63
2025-03-01 19:25:10,554 INFO o.a.j.t.JMeterThread: Thread started: Thread-Gruppe 1-64
2025-03-01 19:25:10,687 INFO o.a.j.t.JMeterThread: Thread started: Thread-Gruppe 1-65
2025-03-01 19:25:10,770 INFO o.a.j.t.JMeterThread: Thread started: Thread-Gruppe 2-18
2025-03-01 19:25:10,820 INFO o.a.j.t.JMeterThread: Thread started: Thread-Gruppe 1-66
2025-03-01 19:25:10,954 INFO o.a.j.t.JMeterThread: Thread started: Thread-Gruppe 1-67
2025-03-01 19:25:11,087 INFO o.a.j.t.JMeterThread: Thread started: Thread-Gruppe 1-68
2025-03-01 19:25:11,220 INFO o.a.j.t.JMeterThread: Thread started: Thread-Gruppe 1-69
2025-03-01 19:25:11,269 INFO o.a.j.t.JMeterThread: Thread started: Thread-Gruppe 2-19
2025-03-01 19:25:11,352 INFO o.a.j.t.JMeterThread: Thread started: Thread-Gruppe 1-70
2025-03-01 19:25:11,484 INFO o.a.j.t.JMeterThread: Thread started: Thread-Gruppe 1-71
2025-03-01 19:25:11,618 INFO o.a.j.t.JMeterThread: Thread started: Thread-Gruppe 1-72
2025-03-01 19:25:11,750 INFO o.a.j.t.JMeterThread: Thread started: Thread-Gruppe 1-73
2025-03-01 19:25:11,770 INFO o.a.j.t.JMeterThread: Thread started: Thread-Gruppe 2-20
2025-03-01 19:25:11,884 INFO o.a.j.t.JMeterThread: Thread started: Thread-Gruppe 1-74
2025-03-01 19:25:12,018 INFO o.a.j.t.JMeterThread: Thread started: Thread-Gruppe 1-75
2025-03-01 19:25:30,005 INFO o.a.j.r.Summariser: summary +   1772 in 00:00:27 =   64.9/s Avg:   401 Min:   243 Max:   922 Err:     0 (0.00%) Active: 100 Started: 100 Finished: 0
2025-03-01 19:25:30,006 INFO o.a.j.r.Summariser: summary =   1773 in 00:01:28 =   20.1/s Avg:   401 Min:   243 Max:   922 Err:     0 (0.00%)
2025-03-01 19:26:00,003 INFO o.a.j.r.Summariser: summary +   2282 in 00:00:30 =   76.1/s Avg:   391 Min:   242 Max:   922 Err:     0 (0.00%) Active: 100 Started: 100 Finished: 0
2025-03-01 19:26:00,004 INFO o.a.j.r.Summariser: summary =   4055 in 00:01:58 =   34.3/s Avg:   396 Min:   242 Max:   922 Err:     0 (0.00%)
2025-03-01 19:26:30,028 INFO o.a.j.r.Summariser: summary +   2292 in 00:00:30 =   76.3/s Avg:   404 Min:   242 Max:  1089 Err:     0 (0.00%) Active: 100 Started: 100 Finished: 0
2025-03-01 19:26:30,029 INFO o.a.j.r.Summariser: summary =   6347 in 00:02:28 =   42.8/s Avg:   399 Min:   242 Max:  1089 Err:     0 (0.00%)
2025-03-01 19:27:00,006 INFO o.a.j.r.Summariser: summary +   2280 in 00:00:30 =   76.1/s Avg:   395 Min:   242 Max:   915 Err:     0 (0.00%) Active: 100 Started: 100 Finished: 0
2025-03-01 19:27:00,006 INFO o.a.j.r.Summariser: summary =   8627 in 00:02:58 =   48.4/s Avg:   398 Min:   242 Max:  1089 Err:     0 (0.00%)
2025-03-01 19:27:30,008 INFO o.a.j.r.Summariser: summary +   2288 in 00:00:30 =   76.3/s Avg:   404 Min:   243 Max:  1173 Err:     0 (0.00%) Active: 100 Started: 100 Finished: 0
2025-03-01 19:27:30,009 INFO o.a.j.r.Summariser: summary =  10915 in 00:03:28 =   52.4/s Avg:   399 Min:   242 Max:  1173 Err:     0 (0.00%)
2025-03-01 19:28:00,012 INFO o.a.j.r.Summariser: summary +   2285 in 00:00:30 =   76.2/s Avg:   384 Min:   242 Max:   895 Err:     0 (0.00%) Active: 100 Started: 100 Finished: 0
2025-03-01 19:28:00,012 INFO o.a.j.r.Summariser: summary =  13200 in 00:03:58 =   55.4/s Avg:   397 Min:   242 Max:  1173 Err:     0 (0.00%)
2025-03-01 19:28:30,008 INFO o.a.j.r.Summariser: summary +   2283 in 00:00:30 =   76.1/s Avg:   411 Min:   243 Max:  1163 Err:     0 (0.00%) Active: 100 Started: 100 Finished: 0
2025-03-01 19:28:30,009 INFO o.a.j.r.Summariser: summary =  15483 in 00:04:28 =   57.7/s Avg:   399 Min:   242 Max:  1173 Err:     0 (0.00%)
2025-03-01 19:29:00,006 INFO o.a.j.r.Summariser: summary +   2286 in 00:00:30 =   76.2/s Avg:   395 Min:   242 Max:   912 Err:     0 (0.00%) Active: 100 Started: 100 Finished: 0
2025-03-01 19:29:00,007 INFO o.a.j.r.Summariser: summary =  17769 in 00:04:58 =   59.6/s Avg:   398 Min:   242 Max:  1173 Err:     0 (0.00%)
2025-03-01 19:29:30,001 INFO o.a.j.r.Summariser: summary +   2282 in 00:00:30 =   76.1/s Avg:   407 Min:   242 Max:  1051 Err:     0 (0.00%) Active: 100 Started: 100 Finished: 0
2025-03-01 19:29:30,001 INFO o.a.j.r.Summariser: summary =  20051 in 00:05:28 =   61.1/s Avg:   399 Min:   242 Max:  1173 Err:     0 (0.00%)
2025-03-01 19:30:00,004 INFO o.a.j.r.Summariser: summary +   2285 in 00:00:30 =   76.2/s Avg:   391 Min:   242 Max:   988 Err:     0 (0.00%) Active: 100 Started: 100 Finished: 0
2025-03-01 19:30:00,005 INFO o.a.j.r.Summariser: summary =  22336 in 00:05:58 =   62.3/s Avg:   398 Min:   242 Max:  1173 Err:     0 (0.00%)
2025-03-01 19:30:30,012 INFO o.a.j.r.Summariser: summary +   2284 in 00:00:30 =   76.1/s Avg:   397 Min:   242 Max:  1101 Err:     0 (0.00%) Active: 100 Started: 100 Finished: 0
2025-03-01 19:30:30,013 INFO o.a.j.r.Summariser: summary =  24620 in 00:06:28 =   63.4/s Avg:   398 Min:   242 Max:  1173 Err:     0 (0.00%)
2025-03-01 19:31:00,001 INFO o.a.j.r.Summariser: summary +   2285 in 00:00:30 =   76.2/s Avg:   392 Min:   242 Max:   911 Err:     0 (0.00%) Active: 100 Started: 100 Finished: 0
2025-03-01 19:31:00,002 INFO o.a.j.r.Summariser: summary =  26905 in 00:06:58 =   64.3/s Avg:   398 Min:   242 Max:  1173 Err:     0 (0.00%)
2025-03-01 19:31:30,008 INFO o.a.j.r.Summariser: summary +   2278 in 00:00:30 =   75.9/s Avg:   410 Min:   243 Max:  1088 Err:     0 (0.00%) Active: 100 Started: 100 Finished: 0
2025-03-01 19:31:30,008 INFO o.a.j.r.Summariser: summary =  29183 in 00:07:28 =   65.1/s Avg:   399 Min:   242 Max:  1173 Err:     0 (0.00%)
2025-03-01 19:32:00,002 INFO o.a.j.r.Summariser: summary +   2289 in 00:00:30 =   76.3/s Avg:   389 Min:   243 Max:  1006 Err:     0 (0.00%) Active: 100 Started: 100 Finished: 0
2025-03-01 19:32:00,003 INFO o.a.j.r.Summariser: summary =  31472 in 00:07:58 =   65.8/s Avg:   398 Min:   242 Max:  1173 Err:     0 (0.00%)
2025-03-01 19:32:30,051 INFO o.a.j.r.Summariser: summary +   2275 in 00:00:30 =   75.7/s Avg:   412 Min:   241 Max:  1248 Err:     0 (0.00%) Active: 100 Started: 100 Finished: 0
2025-03-01 19:32:30,052 INFO o.a.j.r.Summariser: summary =  33747 in 00:08:28 =   66.4/s Avg:   399 Min:   241 Max:  1248 Err:     0 (0.00%)
2025-03-01 19:33:00,000 INFO o.a.j.r.Summariser: summary +   2294 in 00:00:30 =   76.6/s Avg:   387 Min:   242 Max:  1013 Err:     0 (0.00%) Active: 100 Started: 100 Finished: 0
2025-03-01 19:33:00,001 INFO o.a.j.r.Summariser: summary =  36041 in 00:08:58 =   67.0/s Avg:   398 Min:   241 Max:  1248 Err:     0 (0.00%)
2025-03-01 19:33:30,036 INFO o.a.j.r.Summariser: summary +   2278 in 00:00:30 =   75.8/s Avg:   410 Min:   242 Max:  1137 Err:     0 (0.00%) Active: 100 Started: 100 Finished: 0
2025-03-01 19:33:30,037 INFO o.a.j.r.Summariser: summary =  38319 in 00:09:28 =   67.4/s Avg:   399 Min:   241 Max:  1248 Err:     0 (0.00%)
2025-03-01 19:34:00,014 INFO o.a.j.r.Summariser: summary +   2287 in 00:00:30 =   76.3/s Avg:   393 Min:   242 Max:   956 Err:     0 (0.00%) Active: 100 Started: 100 Finished: 0
2025-03-01 19:34:00,015 INFO o.a.j.r.Summariser: summary =  40606 in 00:09:58 =   67.9/s Avg:   399 Min:   241 Max:  1248 Err:     0 (0.00%)
2025-03-01 19:34:30,001 INFO o.a.j.r.Summariser: summary +   2279 in 00:00:30 =   76.0/s Avg:   403 Min:   242 Max:  1061 Err:     0 (0.00%) Active: 100 Started: 100 Finished: 0
2025-03-01 19:34:30,002 INFO o.a.j.r.Summariser: summary =  42885 in 00:10:28 =   68.3/s Avg:   399 Min:   241 Max:  1248 Err:     0 (0.00%)
2025-03-01 19:35:00,005 INFO o.a.j.r.Summariser: summary +   2286 in 00:00:30 =   76.2/s Avg:   391 Min:   243 Max:  1031 Err:     0 (0.00%) Active: 100 Started: 100 Finished: 0
2025-03-01 19:35:00,005 INFO o.a.j.r.Summariser: summary =  45171 in 00:10:58 =   68.6/s Avg:   398 Min:   241 Max:  1248 Err:     0 (0.00%)
2025-03-01 19:35:00,560 INFO o.a.j.t.JMeterThread: Thread finished: Thread-Gruppe 1-17
2025-03-01 19:35:00,561 INFO o.a.j.t.JMeterThread: Thread finished: Thread-Gruppe 1-47
2025-03-01 19:35:00,612 INFO o.a.j.t.JMeterThread: Thread finished: Thread-Gruppe 1-1
2025-03-01 19:35:00,678 INFO o.a.j.t.JMeterThread: Thread finished: Thread-Gruppe 1-48
2025-03-01 19:35:00,687 INFO o.a.j.t.JMeterThread: Thread finished: Thread-Gruppe 1-62
2025-03-01 19:35:00,708 INFO o.a.j.t.JMeterThread: Thread finished: Thread-Gruppe 1-18
2025-03-01 19:35:00,708 INFO o.a.j.t.JMeterThread: Thread finished: Thread-Gruppe 1-2
2025-03-01 19:35:00,815 INFO o.a.j.t.JMeterThread: Thread finished: Thread-Gruppe 1-63
2025-03-01 19:35:00,825 INFO o.a.j.t.JMeterThread: Thread finished: Thread-Gruppe 1-19
2025-03-01 19:35:00,825 INFO o.a.j.t.JMeterThread: Thread finished: Thread-Gruppe 1-49
2025-03-01 19:35:00,833 INFO o.a.j.t.JMeterThread: Thread finished: Thread-Gruppe 1-3
2025-03-01 19:35:00,940 INFO o.a.j.t.JMeterThread: Thread finished: Thread-Gruppe 1-64
2025-03-01 19:35:00,948 INFO o.a.j.t.JMeterThread: Thread finished: Thread-Gruppe 1-50
2025-03-01 19:35:00,953 INFO o.a.j.t.JMeterThread: Thread finished: Thread-Gruppe 1-20
2025-03-01 19:35:01,007 INFO o.a.j.t.JMeterThread: Thread finished: Thread-Gruppe 1-4
2025-03-01 19:35:01,070 INFO o.a.j.t.JMeterThread: Thread finished: Thread-Gruppe 1-51
2025-03-01 19:35:01,076 INFO o.a.j.t.JMeterThread: Thread finished: Thread-Gruppe 1-65
2025-03-01 19:35:01,087 INFO o.a.j.t.JMeterThread: Thread finished: Thread-Gruppe 1-21
2025-03-01 19:35:01,107 INFO o.a.j.t.JMeterThread: Thread finished: Thread-Gruppe 1-32
2025-03-01 19:35:01,115 INFO o.a.j.t.JMeterThread: Thread finished: Thread-Gruppe 1-5
2025-03-01 19:35:01,208 INFO o.a.j.t.JMeterThread: Thread finished: Thread-Gruppe 1-66
2025-03-01 19:35:01,208 INFO o.a.j.t.JMeterThread: Thread finished: Thread-Gruppe 1-52
2025-03-01 19:35:01,231 INFO o.a.j.t.JMeterThread: Thread finished: Thread-Gruppe 1-22
2025-03-01 19:35:01,234 INFO o.a.j.t.JMeterThread: Thread finished: Thread-Gruppe 1-33
2025-03-01 19:35:01,252 INFO o.a.j.t.JMeterThread: Thread finished: Thread-Gruppe 1-6
2025-03-01 19:35:01,319 INFO o.a.j.t.JMeterThread: Thread finished: Thread-Gruppe 1-34
2025-03-01 19:35:01,336 INFO o.a.j.t.JMeterThread: Thread finished: Thread-Gruppe 1-67
2025-03-01 19:35:01,348 INFO o.a.j.t.JMeterThread: Thread finished: Thread-Gruppe 1-53
2025-03-01 19:35:01,357 INFO o.a.j.t.JMeterThread: Thread finished: Thread-Gruppe 1-23
2025-03-01 19:35:01,401 INFO o.a.j.t.JMeterThread: Thread finished: Thread-Gruppe 1-7
2025-03-01 19:35:01,485 INFO o.a.j.t.JMeterThread: Thread finished: Thread-Gruppe 1-35
2025-03-01 19:35:01,486 INFO o.a.j.t.JMeterThread: Thread finished: Thread-Gruppe 1-68
2025-03-01 19:35:01,487 INFO o.a.j.t.JMeterThread: Thread finished: Thread-Gruppe 1-54
2025-03-01 19:35:01,492 INFO o.a.j.t.JMeterThread: Thread finished: Thread-Gruppe 1-24
2025-03-01 19:35:01,501 INFO o.a.j.t.JMeterThread: Thread finished: Thread-Gruppe 1-8
2025-03-01 19:35:01,608 INFO o.a.j.t.JMeterThread: Thread finished: Thread-Gruppe 1-36
2025-03-01 19:35:01,616 INFO o.a.j.t.JMeterThread: Thread finished: Thread-Gruppe 1-55
2025-03-01 19:35:01,620 INFO o.a.j.t.JMeterThread: Thread finished: Thread-Gruppe 1-69
2025-03-01 19:35:01,623 INFO o.a.j.t.JMeterThread: Thread finished: Thread-Gruppe 1-9
2025-03-01 19:35:01,627 INFO o.a.j.t.JMeterThread: Thread finished: Thread-Gruppe 1-25
2025-03-01 19:35:01,735 INFO o.a.j.t.JMeterThread: Thread finished: Thread-Gruppe 1-70
2025-03-01 19:35:01,739 INFO o.a.j.t.JMeterThread: Thread finished: Thread-Gruppe 1-56
2025-03-01 19:35:01,766 INFO o.a.j.t.JMeterThread: Thread finished: Thread-Gruppe 1-37
2025-03-01 19:35:01,766 INFO o.a.j.t.JMeterThread: Thread finished: Thread-Gruppe 1-10
2025-03-01 19:35:01,768 INFO o.a.j.t.JMeterThread: Thread finished: Thread-Gruppe 1-26
2025-03-01 19:35:01,865 INFO o.a.j.t.JMeterThread: Thread finished: Thread-Gruppe 2-9
2025-03-01 19:35:01,867 INFO o.a.j.t.JMeterThread: Thread finished: Thread-Gruppe 2-20
2025-03-01 19:35:01,893 INFO o.a.j.t.JMeterThread: Thread finished: Thread-Gruppe 1-27
2025-03-01 19:35:01,893 INFO o.a.j.t.JMeterThread: Thread finished: Thread-Gruppe 1-71
2025-03-01 19:35:01,894 INFO o.a.j.t.JMeterThread: Thread finished: Thread-Gruppe 1-57
2025-03-01 19:35:01,905 INFO o.a.j.t.JMeterThread: Thread finished: Thread-Gruppe 1-11
2025-03-01 19:35:01,916 INFO o.a.j.t.JMeterThread: Thread finished: Thread-Gruppe 1-38
2025-03-01 19:35:01,933 INFO o.a.j.t.JMeterThread: Thread finished: Thread-Gruppe 2-16
2025-03-01 19:35:01,991 INFO o.a.j.t.JMeterThread: Thread finished: Thread-Gruppe 2-1
2025-03-01 19:35:02,004 INFO o.a.j.t.JMeterThread: Thread finished: Thread-Gruppe 1-72
2025-03-01 19:35:02,010 INFO o.a.j.t.JMeterThread: Thread finished: Thread-Gruppe 1-39
2025-03-01 19:35:02,016 INFO o.a.j.t.JMeterThread: Thread finished: Thread-Gruppe 1-58
2025-03-01 19:35:02,025 INFO o.a.j.t.JMeterThread: Thread finished: Thread-Gruppe 1-28
2025-03-01 19:35:02,025 INFO o.a.j.t.JMeterThread: Thread finished: Thread-Gruppe 1-12
2025-03-01 19:35:02,085 INFO o.a.j.t.JMeterThread: Thread finished: Thread-Gruppe 2-3
2025-03-01 19:35:02,132 INFO o.a.j.t.JMeterThread: Thread finished: Thread-Gruppe 1-73
2025-03-01 19:35:02,143 INFO o.a.j.t.JMeterThread: Thread finished: Thread-Gruppe 1-59
2025-03-01 19:35:02,148 INFO o.a.j.t.JMeterThread: Thread finished: Thread-Gruppe 1-29
2025-03-01 19:35:02,168 INFO o.a.j.t.JMeterThread: Thread finished: Thread-Gruppe 1-13
2025-03-01 19:35:02,168 INFO o.a.j.t.JMeterThread: Thread finished: Thread-Gruppe 1-40
2025-03-01 19:35:02,184 INFO o.a.j.t.JMeterThread: Thread finished: Thread-Gruppe 2-17
2025-03-01 19:35:02,275 INFO o.a.j.t.JMeterThread: Thread finished: Thread-Gruppe 2-14
2025-03-01 19:35:02,276 INFO o.a.j.t.JMeterThread: Stopping because end time detected by thread: Thread-Gruppe 2-4
2025-03-01 19:35:02,276 INFO o.a.j.t.JMeterThread: Thread finished: Thread-Gruppe 2-4
2025-03-01 19:35:02,280 INFO o.a.j.t.JMeterThread: Stopping because end time detected by thread: Thread-Gruppe 2-7
2025-03-01 19:35:02,280 INFO o.a.j.t.JMeterThread: Thread finished: Thread-Gruppe 2-7
2025-03-01 19:35:02,280 INFO o.a.j.t.JMeterThread: Stopping because end time detected by thread: Thread-Gruppe 1-60
2025-03-01 19:35:02,280 INFO o.a.j.t.JMeterThread: Thread finished: Thread-Gruppe 1-60
2025-03-01 19:35:02,280 INFO o.a.j.t.JMeterThread: Stopping because end time detected by thread: Thread-Gruppe 1-30
2025-03-01 19:35:02,280 INFO o.a.j.t.JMeterThread: Stopping because end time detected by thread: Thread-Gruppe 1-74
2025-03-01 19:35:02,280 INFO o.a.j.t.JMeterThread: Thread finished: Thread-Gruppe 1-74
2025-03-01 19:35:02,280 INFO o.a.j.t.JMeterThread: Thread finished: Thread-Gruppe 1-30
2025-03-01 19:35:02,295 INFO o.a.j.t.JMeterThread: Stopping because end time detected by thread: Thread-Gruppe 2-5
2025-03-01 19:35:02,295 INFO o.a.j.t.JMeterThread: Stopping because end time detected by thread: Thread-Gruppe 2-15
2025-03-01 19:35:02,295 INFO o.a.j.t.JMeterThread: Stopping because end time detected by thread: Thread-Gruppe 1-14
2025-03-01 19:35:02,304 INFO o.a.j.t.JMeterThread: Thread finished: Thread-Gruppe 1-14
2025-03-01 19:35:02,295 INFO o.a.j.t.JMeterThread: Thread finished: Thread-Gruppe 2-5
2025-03-01 19:35:02,295 INFO o.a.j.t.JMeterThread: Thread finished: Thread-Gruppe 2-15
2025-03-01 19:35:02,319 INFO o.a.j.t.JMeterThread: Stopping because end time detected by thread: Thread-Gruppe 2-18
2025-03-01 19:35:02,335 INFO o.a.j.t.JMeterThread: Thread finished: Thread-Gruppe 2-18
2025-03-01 19:35:02,351 INFO o.a.j.t.JMeterThread: Stopping because end time detected by thread: Thread-Gruppe 2-8
2025-03-01 19:35:02,351 INFO o.a.j.t.JMeterThread: Thread finished: Thread-Gruppe 2-8
2025-03-01 19:35:02,367 INFO o.a.j.t.JMeterThread: Stopping because end time detected by thread: Thread-Gruppe 2-6
2025-03-01 19:35:02,367 INFO o.a.j.t.JMeterThread: Thread finished: Thread-Gruppe 2-6
2025-03-01 19:35:02,367 INFO o.a.j.t.JMeterThread: Stopping because end time detected by thread: Thread-Gruppe 1-41
2025-03-01 19:35:02,367 INFO o.a.j.t.JMeterThread: Thread finished: Thread-Gruppe 1-41
2025-03-01 19:35:02,401 INFO o.a.j.t.JMeterThread: Stopping because end time detected by thread: Thread-Gruppe 3-4
2025-03-01 19:35:02,401 INFO o.a.j.t.JMeterThread: Stopping because end time detected by thread: Thread-Gruppe 3-5
2025-03-01 19:35:02,404 INFO o.a.j.t.JMeterThread: Thread finished: Thread-Gruppe 3-4
2025-03-01 19:35:02,404 INFO o.a.j.t.JMeterThread: Thread finished: Thread-Gruppe 3-5
2025-03-01 19:35:02,404 INFO o.a.j.t.JMeterThread: Stopping because end time detected by thread: Thread-Gruppe 1-75
2025-03-01 19:35:02,404 INFO o.a.j.t.JMeterThread: Stopping because end time detected by thread: Thread-Gruppe 1-31
2025-03-01 19:35:02,404 INFO o.a.j.t.JMeterThread: Thread finished: Thread-Gruppe 1-75
2025-03-01 19:35:02,404 INFO o.a.j.t.JMeterThread: Stopping because end time detected by thread: Thread-Gruppe 1-61
2025-03-01 19:35:02,404 INFO o.a.j.t.JMeterThread: Thread finished: Thread-Gruppe 1-31
2025-03-01 19:35:02,404 INFO o.a.j.t.JMeterThread: Thread finished: Thread-Gruppe 1-61
2025-03-01 19:35:02,421 INFO o.a.j.t.JMeterThread: Stopping because end time detected by thread: Thread-Gruppe 1-15
2025-03-01 19:35:02,421 INFO o.a.j.t.JMeterThread: Thread finished: Thread-Gruppe 1-15
2025-03-01 19:35:02,436 INFO o.a.j.t.JMeterThread: Stopping because end time detected by thread: Thread-Gruppe 1-42
2025-03-01 19:35:02,436 INFO o.a.j.t.JMeterThread: Thread finished: Thread-Gruppe 1-42
2025-03-01 19:35:02,483 INFO o.a.j.t.JMeterThread: Stopping because end time detected by thread: Thread-Gruppe 2-11
2025-03-01 19:35:02,483 INFO o.a.j.t.JMeterThread: Stopping because end time detected by thread: Thread-Gruppe 3-1
2025-03-01 19:35:02,483 INFO o.a.j.t.JMeterThread: Thread finished: Thread-Gruppe 3-1
2025-03-01 19:35:02,483 INFO o.a.j.t.JMeterThread: Thread finished: Thread-Gruppe 2-11
2025-03-01 19:35:02,515 INFO o.a.j.t.JMeterThread: Stopping because end time detected by thread: Thread-Gruppe 3-3
2025-03-01 19:35:02,515 INFO o.a.j.t.JMeterThread: Thread finished: Thread-Gruppe 3-3
2025-03-01 19:35:02,531 INFO o.a.j.t.JMeterThread: Stopping because end time detected by thread: Thread-Gruppe 2-10
2025-03-01 19:35:02,531 INFO o.a.j.t.JMeterThread: Thread finished: Thread-Gruppe 2-10
2025-03-01 19:35:02,547 INFO o.a.j.t.JMeterThread: Stopping because end time detected by thread: Thread-Gruppe 1-43
2025-03-01 19:35:02,547 INFO o.a.j.t.JMeterThread: Thread finished: Thread-Gruppe 1-43
2025-03-01 19:35:02,563 INFO o.a.j.t.JMeterThread: Stopping because end time detected by thread: Thread-Gruppe 1-16
2025-03-01 19:35:02,563 INFO o.a.j.t.JMeterThread: Thread finished: Thread-Gruppe 1-16
2025-03-01 19:35:02,595 INFO o.a.j.t.JMeterThread: Stopping because end time detected by thread: Thread-Gruppe 2-2
2025-03-01 19:35:02,595 INFO o.a.j.t.JMeterThread: Thread finished: Thread-Gruppe 2-2
2025-03-01 19:35:02,642 INFO o.a.j.t.JMeterThread: Stopping because end time detected by thread: Thread-Gruppe 2-12
2025-03-01 19:35:02,642 INFO o.a.j.t.JMeterThread: Thread finished: Thread-Gruppe 2-12
2025-03-01 19:35:02,666 INFO o.a.j.t.JMeterThread: Stopping because end time detected by thread: Thread-Gruppe 2-13
2025-03-01 19:35:02,667 INFO o.a.j.t.JMeterThread: Thread finished: Thread-Gruppe 2-13
2025-03-01 19:35:02,674 INFO o.a.j.t.JMeterThread: Stopping because end time detected by thread: Thread-Gruppe 1-44
2025-03-01 19:35:02,674 INFO o.a.j.t.JMeterThread: Thread finished: Thread-Gruppe 1-44
2025-03-01 19:35:02,769 INFO o.a.j.t.JMeterThread: Stopping because end time detected by thread: Thread-Gruppe 3-2
2025-03-01 19:35:02,785 INFO o.a.j.t.JMeterThread: Thread finished: Thread-Gruppe 3-2
2025-03-01 19:35:02,801 INFO o.a.j.t.JMeterThread: Stopping because end time detected by thread: Thread-Gruppe 1-45
2025-03-01 19:35:02,801 INFO o.a.j.t.JMeterThread: Thread finished: Thread-Gruppe 1-45
2025-03-01 19:35:02,961 INFO o.a.j.t.JMeterThread: Stopping because end time detected by thread: Thread-Gruppe 1-46
2025-03-01 19:35:02,961 INFO o.a.j.t.JMeterThread: Thread finished: Thread-Gruppe 1-46
2025-03-01 19:35:02,961 INFO o.a.j.t.JMeterThread: Stopping because end time detected by thread: Thread-Gruppe 2-19
2025-03-01 19:35:02,961 INFO o.a.j.t.JMeterThread: Thread finished: Thread-Gruppe 2-19
2025-03-01 19:35:02,961 INFO o.a.j.e.StandardJMeterEngine: Notifying test listeners of end of test
2025-03-01 19:35:02,970 INFO o.a.j.r.Summariser: summary +    204 in 00:00:03 =   68.8/s Avg:   418 Min:   244 Max:   902 Err:     0 (0.00%) Active: 0 Started: 100 Finished: 100
2025-03-01 19:35:02,970 INFO o.a.j.r.Summariser: summary =  45375 in 00:11:01 =   68.6/s Avg:   398 Min:   241 Max:  1248 Err:     0 (0.00%)
