2025-02-27 09:57:20,658 INFO o.a.j.u.JMeterUtils: Setting Locale to en_EN
2025-02-27 09:57:20,678 INFO o.a.j.JMeter: Loading user properties from: D:\Semester 7\CS4203 - Research and Development Project\Artifacts\apache-jmeter-5.6.3\bin\user.properties
2025-02-27 09:57:20,678 INFO o.a.j.JMeter: Loading system properties from: D:\Semester 7\CS4203 - Research and Development Project\Artifacts\apache-jmeter-5.6.3\bin\system.properties
2025-02-27 09:57:20,678 INFO o.a.j.JMeter: Setting JMeter property: lb_1_hostname=34.67.126.244
2025-02-27 09:57:20,678 INFO o.a.j.JMeter: Setting JMeter property: lb_2_hostname=35.232.62.106
2025-02-27 09:57:20,678 INFO o.a.j.JMeter: Setting JMeter property: lb_1_port=8090
2025-02-27 09:57:20,678 INFO o.a.j.JMeter: Setting JMeter property: lb_2_port=8091
2025-02-27 09:57:20,688 INFO o.a.j.JMeter: Setting JMeter property: warm_up_users=20
2025-02-27 09:57:20,688 INFO o.a.j.JMeter: Setting JMeter property: warm_up_time=60
2025-02-27 09:57:20,688 INFO o.a.j.JMeter: Setting JMeter property: test_run_time=600
2025-02-27 09:57:20,688 INFO o.a.j.JMeter: Setting JMeter property: ramp_up=10
2025-02-27 09:57:20,688 INFO o.a.j.JMeter: Setting JMeter property: group_1=75
2025-02-27 09:57:20,688 INFO o.a.j.JMeter: Setting JMeter property: group_2=20
2025-02-27 09:57:20,688 INFO o.a.j.JMeter: Setting JMeter property: group_3=5
2025-02-27 09:57:20,689 INFO o.a.j.JMeter: Setting JMeter property: group_1_request_rate=30
2025-02-27 09:57:20,689 INFO o.a.j.JMeter: Setting JMeter property: group_2_request_rate=90
2025-02-27 09:57:20,689 INFO o.a.j.JMeter: Setting JMeter property: group_3_request_rate=120
2025-02-27 09:57:20,689 INFO o.a.j.JMeter: Setting JMeter property: log_file=d:\Semester 7\CS4203 - Research and Development Project\Artifacts\rate-limiter-nginx\jmeter\cloud\2025_02_27_09_12_logs\gcra\redis_script_period_60_rate_100_burst_5\warm_up_results.csv
2025-02-27 09:57:20,689 INFO o.a.j.JMeter: Setting JMeter property: algorithm=gcra_redis_script_period_60_rate_100_burst_5
2025-02-27 09:57:20,689 INFO o.a.j.JMeter: Setting JMeter property: auth=/gcra/redis_script_period_60_rate_100_burst_5/tools.descartes.teastore.auth/rest
2025-02-27 09:57:20,689 INFO o.a.j.JMeter: Setting JMeter property: persistence=/gcra/redis_script_period_60_rate_100_burst_5/tools.descartes.teastore.persistence/rest
2025-02-27 09:57:20,689 INFO o.a.j.JMeter: Setting JMeter property: recommender=/gcra/redis_script_period_60_rate_100_burst_5/tools.descartes.teastore.recommender/rest
2025-02-27 09:57:20,689 INFO o.a.j.JMeter: Setting JMeter property: image=/gcra/redis_script_period_60_rate_100_burst_5/tools.descartes.teastore.image/rest
2025-02-27 09:57:20,696 INFO o.a.j.JMeter: Copyright (c) 1998-2024 The Apache Software Foundation
2025-02-27 09:57:20,696 INFO o.a.j.JMeter: Version 5.6.3
2025-02-27 09:57:20,696 INFO o.a.j.JMeter: java.version=11.0.22
2025-02-27 09:57:20,696 INFO o.a.j.JMeter: java.vm.name=Java HotSpot(TM) 64-Bit Server VM
2025-02-27 09:57:20,696 INFO o.a.j.JMeter: os.name=Windows 10
2025-02-27 09:57:20,697 INFO o.a.j.JMeter: os.arch=amd64
2025-02-27 09:57:20,697 INFO o.a.j.JMeter: os.version=10.0
2025-02-27 09:57:20,697 INFO o.a.j.JMeter: file.encoding=Cp1252
2025-02-27 09:57:20,697 INFO o.a.j.JMeter: java.awt.headless=true
2025-02-27 09:57:20,697 INFO o.a.j.JMeter: Max memory     =1073741824
2025-02-27 09:57:20,697 INFO o.a.j.JMeter: Available Processors =12
2025-02-27 09:57:20,712 INFO o.a.j.JMeter: Default Locale=English (EN)
2025-02-27 09:57:20,712 INFO o.a.j.JMeter: JMeter  Locale=English (EN)
2025-02-27 09:57:20,712 INFO o.a.j.JMeter: JMeterHome=D:\Semester 7\CS4203 - Research and Development Project\Artifacts\apache-jmeter-5.6.3
2025-02-27 09:57:20,712 INFO o.a.j.JMeter: user.dir  =D:\Semester 7\CS4203 - Research and Development Project\Artifacts\rate-limiter-nginx
2025-02-27 09:57:20,712 INFO o.a.j.JMeter: PWD       =D:\Semester 7\CS4203 - Research and Development Project\Artifacts\rate-limiter-nginx
2025-02-27 09:57:20,723 INFO o.a.j.JMeter: IP: 10.10.21.101 Name: KOBI-MSI-PC FullName: 10.10.21.101
2025-02-27 09:57:20,744 INFO o.a.j.s.FileServer: Default base='D:\Semester 7\CS4203 - Research and Development Project\Artifacts\rate-limiter-nginx'
2025-02-27 09:57:20,744 INFO o.a.j.s.FileServer: Set new base='d:\Semester 7\CS4203 - Research and Development Project\Artifacts\rate-limiter-nginx\jmeter\cloud'
2025-02-27 09:57:21,004 INFO o.a.j.s.SaveService: Testplan (JMX) version: 2.2. Testlog (JTL) version: 2.2
2025-02-27 09:57:21,036 INFO o.a.j.s.SaveService: Using SaveService properties version 5.0
2025-02-27 09:57:21,045 INFO o.a.j.s.SaveService: Using SaveService properties file encoding UTF-8
2025-02-27 09:57:21,045 INFO o.a.j.s.SaveService: Loading file: d:\Semester 7\CS4203 - Research and Development Project\Artifacts\rate-limiter-nginx\jmeter\cloud\teastore_performance.jmx
2025-02-27 09:57:21,103 INFO o.a.j.p.h.c.CookieManager: Settings: Delete null: true Check: true Allow variable: true Save: false Prefix: COOKIE_
2025-02-27 09:57:21,133 INFO o.a.j.p.h.s.HTTPSamplerBase: Parser for text/html is org.apache.jmeter.protocol.http.parser.LagartoBasedHtmlParser
2025-02-27 09:57:21,133 INFO o.a.j.p.h.s.HTTPSamplerBase: Parser for application/xhtml+xml is org.apache.jmeter.protocol.http.parser.LagartoBasedHtmlParser
2025-02-27 09:57:21,133 INFO o.a.j.p.h.s.HTTPSamplerBase: Parser for application/xml is org.apache.jmeter.protocol.http.parser.LagartoBasedHtmlParser
2025-02-27 09:57:21,133 INFO o.a.j.p.h.s.HTTPSamplerBase: Parser for text/xml is org.apache.jmeter.protocol.http.parser.LagartoBasedHtmlParser
2025-02-27 09:57:21,133 INFO o.a.j.p.h.s.HTTPSamplerBase: Parser for text/vnd.wap.wml is org.apache.jmeter.protocol.http.parser.RegexpHTMLParser
2025-02-27 09:57:21,133 INFO o.a.j.p.h.s.HTTPSamplerBase: Parser for text/css is org.apache.jmeter.protocol.http.parser.CssParser
2025-02-27 09:57:21,322 INFO o.a.j.s.SampleResult: Note: Sample TimeStamps are START times
2025-02-27 09:57:21,322 INFO o.a.j.s.SampleResult: sampleresult.default.encoding is set to UTF-8
2025-02-27 09:57:21,322 INFO o.a.j.s.SampleResult: sampleresult.useNanoTime=true
2025-02-27 09:57:21,322 INFO o.a.j.s.SampleResult: sampleresult.nanoThreadSleep=5000
2025-02-27 09:57:21,367 INFO o.a.j.JMeter: Creating summariser <summary>
2025-02-27 09:57:21,391 INFO o.a.j.e.StandardJMeterEngine: Running the test!
2025-02-27 09:57:21,392 INFO o.a.j.s.SampleEvent: List of sample_variables: []
2025-02-27 09:57:21,393 INFO o.a.j.s.SampleEvent: List of sample_variables: []
2025-02-27 09:57:21,405 INFO o.a.j.e.u.CompoundVariable: Note: Function class names must contain the string: '.functions.'
2025-02-27 09:57:21,405 INFO o.a.j.e.u.CompoundVariable: Note: Function class names must not contain the string: '.gui.'
2025-02-27 09:57:21,720 INFO o.a.j.r.ClassFinder: Will scan jar D:\Semester 7\CS4203 - Research and Development Project\Artifacts\apache-jmeter-5.6.3\lib\ext\jmeter-plugins-casutg-2.10.jar with filter ExtendsClassFilter [parents=[interface org.apache.jmeter.functions.Function], inner=false, contains=null, notContains=null]. Consider exposing JMeter plugins via META-INF/services, and add JMeter-Skip-Class-Scanning=true manifest attribute so JMeter can skip classfile scanning
2025-02-27 09:57:21,742 INFO o.a.j.r.ClassFinder: Will scan jar D:\Semester 7\CS4203 - Research and Development Project\Artifacts\apache-jmeter-5.6.3\lib\ext\jmeter-plugins-graphs-additional-2.0.jar with filter ExtendsClassFilter [parents=[interface org.apache.jmeter.functions.Function], inner=false, contains=null, notContains=null]. Consider exposing JMeter plugins via META-INF/services, and add JMeter-Skip-Class-Scanning=true manifest attribute so JMeter can skip classfile scanning
2025-02-27 09:57:21,751 INFO o.a.j.r.ClassFinder: Will scan jar D:\Semester 7\CS4203 - Research and Development Project\Artifacts\apache-jmeter-5.6.3\lib\ext\jmeter-plugins-perfmon-2.1.jar with filter ExtendsClassFilter [parents=[interface org.apache.jmeter.functions.Function], inner=false, contains=null, notContains=null]. Consider exposing JMeter plugins via META-INF/services, and add JMeter-Skip-Class-Scanning=true manifest attribute so JMeter can skip classfile scanning
2025-02-27 09:57:21,758 INFO o.a.j.r.ClassFinder: Will scan jar D:\Semester 7\CS4203 - Research and Development Project\Artifacts\apache-jmeter-5.6.3\lib\ext\json-lib-2.4-jdk15.jar with filter ExtendsClassFilter [parents=[interface org.apache.jmeter.functions.Function], inner=false, contains=null, notContains=null]. Consider exposing JMeter plugins via META-INF/services, and add JMeter-Skip-Class-Scanning=true manifest attribute so JMeter can skip classfile scanning
2025-02-27 09:57:21,787 INFO o.a.j.r.ClassFinder: Will scan jar D:\Semester 7\CS4203 - Research and Development Project\Artifacts\apache-jmeter-5.6.3\lib\ext\perfmon-2.2.2.jar with filter ExtendsClassFilter [parents=[interface org.apache.jmeter.functions.Function], inner=false, contains=null, notContains=null]. Consider exposing JMeter plugins via META-INF/services, and add JMeter-Skip-Class-Scanning=true manifest attribute so JMeter can skip classfile scanning
2025-02-27 09:57:21,812 INFO o.a.j.r.ClassFinder: Will scan jar D:\Semester 7\CS4203 - Research and Development Project\Artifacts\apache-jmeter-5.6.3\lib\ext\jmeter-plugins-manager-1.10.jar with filter ExtendsClassFilter [parents=[interface org.apache.jmeter.functions.Function], inner=false, contains=null, notContains=null]. Consider exposing JMeter plugins via META-INF/services, and add JMeter-Skip-Class-Scanning=true manifest attribute so JMeter can skip classfile scanning
2025-02-27 09:57:21,919 INFO o.a.j.r.ClassFinder: Will scan jar D:\Semester 7\CS4203 - Research and Development Project\Artifacts\apache-jmeter-5.6.3\lib\ext\jmeter-plugins-graphs-vs-2.0.jar with filter ExtendsClassFilter [parents=[interface org.apache.jmeter.functions.Function], inner=false, contains=null, notContains=null]. Consider exposing JMeter plugins via META-INF/services, and add JMeter-Skip-Class-Scanning=true manifest attribute so JMeter can skip classfile scanning
2025-02-27 09:57:21,919 INFO o.a.j.r.ClassFinder: Will scan jar D:\Semester 7\CS4203 - Research and Development Project\Artifacts\apache-jmeter-5.6.3\lib\ext\jmeter-parallel-0.12.jar with filter ExtendsClassFilter [parents=[interface org.apache.jmeter.functions.Function], inner=false, contains=null, notContains=null]. Consider exposing JMeter plugins via META-INF/services, and add JMeter-Skip-Class-Scanning=true manifest attribute so JMeter can skip classfile scanning
2025-02-27 09:57:21,934 INFO o.a.j.r.ClassFinder: Will scan jar D:\Semester 7\CS4203 - Research and Development Project\Artifacts\apache-jmeter-5.6.3\lib\ext\jmeter-plugins-tst-2.6.jar with filter ExtendsClassFilter [parents=[interface org.apache.jmeter.functions.Function], inner=false, contains=null, notContains=null]. Consider exposing JMeter plugins via META-INF/services, and add JMeter-Skip-Class-Scanning=true manifest attribute so JMeter can skip classfile scanning
2025-02-27 09:57:21,934 INFO o.a.j.r.ClassFinder: Will scan jar D:\Semester 7\CS4203 - Research and Development Project\Artifacts\apache-jmeter-5.6.3\lib\ext\jmeter-prometheus-plugin-0.6.0.jar with filter ExtendsClassFilter [parents=[interface org.apache.jmeter.functions.Function], inner=false, contains=null, notContains=null]. Consider exposing JMeter plugins via META-INF/services, and add JMeter-Skip-Class-Scanning=true manifest attribute so JMeter can skip classfile scanning
2025-02-27 09:57:21,949 INFO o.a.j.r.ClassFinder: Will scan jar D:\Semester 7\CS4203 - Research and Development Project\Artifacts\apache-jmeter-5.6.3\lib\ext\jmeter-plugins-graphs-basic-2.0.jar with filter ExtendsClassFilter [parents=[interface org.apache.jmeter.functions.Function], inner=false, contains=null, notContains=null]. Consider exposing JMeter plugins via META-INF/services, and add JMeter-Skip-Class-Scanning=true manifest attribute so JMeter can skip classfile scanning
2025-02-27 09:57:22,432 INFO o.a.j.JMeter: Running test (1740630442432)
2025-02-27 09:57:22,432 INFO o.a.j.e.StandardJMeterEngine: Starting setUp thread groups
2025-02-27 09:57:22,432 INFO o.a.j.e.StandardJMeterEngine: Starting setUp ThreadGroup: 1 : setUp Thread Group 
2025-02-27 09:57:22,432 INFO o.a.j.e.StandardJMeterEngine: Starting 20 threads for group setUp Thread Group.
2025-02-27 09:57:22,432 INFO o.a.j.e.StandardJMeterEngine: Thread will continue on error
2025-02-27 09:57:22,432 INFO o.a.j.t.ThreadGroup: Starting thread group... number=1 threads=20 ramp-up=10 delayedStart=false
2025-02-27 09:57:22,467 INFO o.a.j.t.JMeterThread: Thread started: setUp Thread Group 1-1
2025-02-27 09:57:22,515 INFO o.a.j.t.ThreadGroup: Started thread group number 1
2025-02-27 09:57:22,515 INFO o.a.j.e.StandardJMeterEngine: Waiting for all setup thread groups to exit
2025-02-27 09:57:22,950 INFO o.a.j.t.JMeterThread: Thread started: setUp Thread Group 1-2
2025-02-27 09:57:23,454 INFO o.a.j.t.JMeterThread: Thread started: setUp Thread Group 1-3
2025-02-27 09:57:23,580 INFO o.a.j.p.h.s.HTTPHCAbstractImpl: Local host = KOBI-MSI-PC
2025-02-27 09:57:23,586 INFO o.a.j.p.h.s.HTTPHC4Impl: HTTP request retry count = 0
2025-02-27 09:57:23,943 INFO o.a.j.t.JMeterThread: Thread started: setUp Thread Group 1-4
2025-02-27 09:57:24,441 INFO o.a.j.t.JMeterThread: Thread started: setUp Thread Group 1-5
2025-02-27 09:57:24,939 INFO o.a.j.t.JMeterThread: Thread started: setUp Thread Group 1-6
2025-02-27 09:57:25,439 INFO o.a.j.t.JMeterThread: Thread started: setUp Thread Group 1-7
2025-02-27 09:57:25,954 INFO o.a.j.t.JMeterThread: Thread started: setUp Thread Group 1-8
2025-02-27 09:57:26,440 INFO o.a.j.t.JMeterThread: Thread started: setUp Thread Group 1-9
2025-02-27 09:57:26,937 INFO o.a.j.t.JMeterThread: Thread started: setUp Thread Group 1-10
2025-02-27 09:57:27,438 INFO o.a.j.t.JMeterThread: Thread started: setUp Thread Group 1-11
2025-02-27 09:57:27,938 INFO o.a.j.t.JMeterThread: Thread started: setUp Thread Group 1-12
2025-02-27 09:57:28,439 INFO o.a.j.t.JMeterThread: Thread started: setUp Thread Group 1-13
2025-02-27 09:57:28,938 INFO o.a.j.t.JMeterThread: Thread started: setUp Thread Group 1-14
2025-02-27 09:57:29,437 INFO o.a.j.t.JMeterThread: Thread started: setUp Thread Group 1-15
2025-02-27 09:57:29,937 INFO o.a.j.t.JMeterThread: Thread started: setUp Thread Group 1-16
2025-02-27 09:57:30,436 INFO o.a.j.t.JMeterThread: Thread started: setUp Thread Group 1-17
2025-02-27 09:57:30,938 INFO o.a.j.t.JMeterThread: Thread started: setUp Thread Group 1-18
2025-02-27 09:57:31,437 INFO o.a.j.t.JMeterThread: Thread started: setUp Thread Group 1-19
2025-02-27 09:57:31,938 INFO o.a.j.t.JMeterThread: Thread started: setUp Thread Group 1-20
2025-02-27 09:58:22,196 INFO o.a.j.t.JMeterThread: Thread finished: setUp Thread Group 1-1
2025-02-27 09:58:22,203 INFO o.a.j.t.JMeterThread: Thread finished: setUp Thread Group 1-3
2025-02-27 09:58:22,258 INFO o.a.j.t.JMeterThread: Thread finished: setUp Thread Group 1-9
2025-02-27 09:58:22,262 INFO o.a.j.t.JMeterThread: Thread finished: setUp Thread Group 1-15
2025-02-27 09:58:22,340 INFO o.a.j.t.JMeterThread: Thread finished: setUp Thread Group 1-6
2025-02-27 09:58:22,388 INFO o.a.j.t.JMeterThread: Thread finished: setUp Thread Group 1-10
2025-02-27 09:58:22,469 INFO o.a.j.t.JMeterThread: Thread finished: setUp Thread Group 1-8
2025-02-27 09:58:22,511 INFO o.a.j.t.JMeterThread: Stopping because end time detected by thread: setUp Thread Group 1-5
2025-02-27 09:58:22,511 INFO o.a.j.t.JMeterThread: Thread finished: setUp Thread Group 1-5
2025-02-27 09:58:22,531 INFO o.a.j.t.JMeterThread: Stopping because end time detected by thread: setUp Thread Group 1-7
2025-02-27 09:58:22,531 INFO o.a.j.t.JMeterThread: Thread finished: setUp Thread Group 1-7
2025-02-27 09:58:22,544 INFO o.a.j.t.JMeterThread: Stopping because end time detected by thread: setUp Thread Group 1-11
2025-02-27 09:58:22,545 INFO o.a.j.t.JMeterThread: Thread finished: setUp Thread Group 1-11
2025-02-27 09:58:22,550 INFO o.a.j.t.JMeterThread: Stopping because end time detected by thread: setUp Thread Group 1-19
2025-02-27 09:58:22,550 INFO o.a.j.t.JMeterThread: Thread finished: setUp Thread Group 1-19
2025-02-27 09:58:22,606 INFO o.a.j.t.JMeterThread: Stopping because end time detected by thread: setUp Thread Group 1-12
2025-02-27 09:58:22,606 INFO o.a.j.t.JMeterThread: Thread finished: setUp Thread Group 1-12
2025-02-27 09:58:22,639 INFO o.a.j.t.JMeterThread: Stopping because end time detected by thread: setUp Thread Group 1-17
2025-02-27 09:58:22,639 INFO o.a.j.t.JMeterThread: Thread finished: setUp Thread Group 1-17
2025-02-27 09:58:22,682 INFO o.a.j.t.JMeterThread: Stopping because end time detected by thread: setUp Thread Group 1-16
2025-02-27 09:58:22,682 INFO o.a.j.t.JMeterThread: Thread finished: setUp Thread Group 1-16
2025-02-27 09:58:22,724 INFO o.a.j.t.JMeterThread: Stopping because end time detected by thread: setUp Thread Group 1-20
2025-02-27 09:58:22,725 INFO o.a.j.t.JMeterThread: Thread finished: setUp Thread Group 1-20
2025-02-27 09:58:22,844 INFO o.a.j.t.JMeterThread: Stopping because end time detected by thread: setUp Thread Group 1-14
2025-02-27 09:58:22,845 INFO o.a.j.t.JMeterThread: Thread finished: setUp Thread Group 1-14
2025-02-27 09:58:22,908 INFO o.a.j.t.JMeterThread: Stopping because end time detected by thread: setUp Thread Group 1-18
2025-02-27 09:58:22,911 INFO o.a.j.t.JMeterThread: Thread finished: setUp Thread Group 1-18
2025-02-27 09:58:22,993 INFO o.a.j.t.JMeterThread: Stopping because end time detected by thread: setUp Thread Group 1-13
2025-02-27 09:58:22,993 INFO o.a.j.t.JMeterThread: Thread finished: setUp Thread Group 1-13
2025-02-27 09:58:23,181 INFO o.a.j.t.JMeterThread: Stopping because end time detected by thread: setUp Thread Group 1-2
2025-02-27 09:58:23,181 INFO o.a.j.t.JMeterThread: Thread finished: setUp Thread Group 1-2
2025-02-27 09:58:23,202 INFO o.a.j.t.JMeterThread: Stopping because end time detected by thread: setUp Thread Group 1-4
2025-02-27 09:58:23,202 INFO o.a.j.t.JMeterThread: Thread finished: setUp Thread Group 1-4
2025-02-27 09:58:23,202 INFO o.a.j.e.StandardJMeterEngine: All Setup Threads have ended
2025-02-27 09:58:23,234 INFO o.a.j.e.StandardJMeterEngine: Starting ThreadGroup: 1 : Thread-Gruppe
2025-02-27 09:58:23,234 INFO o.a.j.e.StandardJMeterEngine: Starting 75 threads for group Thread-Gruppe.
2025-02-27 09:58:23,234 INFO o.a.j.e.StandardJMeterEngine: Thread will continue on error
2025-02-27 09:58:23,234 INFO o.a.j.t.ThreadGroup: Starting thread group... number=1 threads=75 ramp-up=10 delayedStart=false
2025-02-27 09:58:23,249 INFO o.a.j.t.JMeterThread: Thread started: Thread-Gruppe 1-1
2025-02-27 09:58:23,361 INFO o.a.j.t.ThreadGroup: Started thread group number 1
2025-02-27 09:58:23,361 INFO o.a.j.e.StandardJMeterEngine: Starting ThreadGroup: 2 : Thread-Gruppe
2025-02-27 09:58:23,361 INFO o.a.j.e.StandardJMeterEngine: Starting 20 threads for group Thread-Gruppe.
2025-02-27 09:58:23,361 INFO o.a.j.e.StandardJMeterEngine: Thread will continue on error
2025-02-27 09:58:23,361 INFO o.a.j.t.ThreadGroup: Starting thread group... number=2 threads=20 ramp-up=10 delayedStart=false
2025-02-27 09:58:23,364 INFO o.a.j.t.JMeterThread: Thread started: Thread-Gruppe 2-1
2025-02-27 09:58:23,385 INFO o.a.j.t.JMeterThread: Thread started: Thread-Gruppe 1-2
2025-02-27 09:58:23,391 INFO o.a.j.t.ThreadGroup: Started thread group number 2
2025-02-27 09:58:23,391 INFO o.a.j.e.StandardJMeterEngine: Starting ThreadGroup: 3 : Thread-Gruppe
2025-02-27 09:58:23,391 INFO o.a.j.e.StandardJMeterEngine: Starting 5 threads for group Thread-Gruppe.
2025-02-27 09:58:23,391 INFO o.a.j.e.StandardJMeterEngine: Thread will continue on error
2025-02-27 09:58:23,391 INFO o.a.j.t.ThreadGroup: Starting thread group... number=3 threads=5 ramp-up=10 delayedStart=false
2025-02-27 09:58:23,394 INFO o.a.j.t.JMeterThread: Thread started: Thread-Gruppe 3-1
2025-02-27 09:58:23,400 INFO o.a.j.t.ThreadGroup: Started thread group number 3
2025-02-27 09:58:23,400 INFO o.a.j.e.StandardJMeterEngine: All thread groups have been started
2025-02-27 09:58:23,503 INFO o.a.j.t.JMeterThread: Thread started: Thread-Gruppe 1-3
2025-02-27 09:58:23,636 INFO o.a.j.t.JMeterThread: Thread started: Thread-Gruppe 1-4
2025-02-27 09:58:23,768 INFO o.a.j.t.JMeterThread: Thread started: Thread-Gruppe 1-5
2025-02-27 09:58:23,863 INFO o.a.j.t.JMeterThread: Thread started: Thread-Gruppe 2-2
2025-02-27 09:58:23,902 INFO o.a.j.t.JMeterThread: Thread started: Thread-Gruppe 1-6
2025-02-27 09:58:24,035 INFO o.a.j.t.JMeterThread: Thread started: Thread-Gruppe 1-7
2025-02-27 09:58:24,168 INFO o.a.j.t.JMeterThread: Thread started: Thread-Gruppe 1-8
2025-02-27 09:58:24,302 INFO o.a.j.t.JMeterThread: Thread started: Thread-Gruppe 1-9
2025-02-27 09:58:24,363 INFO o.a.j.t.JMeterThread: Thread started: Thread-Gruppe 2-3
2025-02-27 09:58:24,436 INFO o.a.j.t.JMeterThread: Thread started: Thread-Gruppe 1-10
2025-02-27 09:58:24,567 INFO o.a.j.t.JMeterThread: Thread started: Thread-Gruppe 1-11
2025-02-27 09:58:24,700 INFO o.a.j.t.JMeterThread: Thread started: Thread-Gruppe 1-12
2025-02-27 09:58:24,833 INFO o.a.j.t.JMeterThread: Thread started: Thread-Gruppe 1-13
2025-02-27 09:58:24,864 INFO o.a.j.t.JMeterThread: Thread started: Thread-Gruppe 2-4
2025-02-27 09:58:24,966 INFO o.a.j.t.JMeterThread: Thread started: Thread-Gruppe 1-14
2025-02-27 09:58:25,099 INFO o.a.j.t.JMeterThread: Thread started: Thread-Gruppe 1-15
2025-02-27 09:58:25,232 INFO o.a.j.t.JMeterThread: Thread started: Thread-Gruppe 1-16
2025-02-27 09:58:25,364 INFO o.a.j.t.JMeterThread: Thread started: Thread-Gruppe 2-5
2025-02-27 09:58:25,366 INFO o.a.j.t.JMeterThread: Thread started: Thread-Gruppe 1-17
2025-02-27 09:58:25,395 INFO o.a.j.t.JMeterThread: Thread started: Thread-Gruppe 3-2
2025-02-27 09:58:25,498 INFO o.a.j.t.JMeterThread: Thread started: Thread-Gruppe 1-18
2025-02-27 09:58:25,633 INFO o.a.j.t.JMeterThread: Thread started: Thread-Gruppe 1-19
2025-02-27 09:58:25,765 INFO o.a.j.t.JMeterThread: Thread started: Thread-Gruppe 1-20
2025-02-27 09:58:25,864 INFO o.a.j.t.JMeterThread: Thread started: Thread-Gruppe 2-6
2025-02-27 09:58:25,898 INFO o.a.j.t.JMeterThread: Thread started: Thread-Gruppe 1-21
2025-02-27 09:58:26,031 INFO o.a.j.t.JMeterThread: Thread started: Thread-Gruppe 1-22
2025-02-27 09:58:26,164 INFO o.a.j.t.JMeterThread: Thread started: Thread-Gruppe 1-23
2025-02-27 09:58:26,297 INFO o.a.j.t.JMeterThread: Thread started: Thread-Gruppe 1-24
2025-02-27 09:58:26,364 INFO o.a.j.t.JMeterThread: Thread started: Thread-Gruppe 2-7
2025-02-27 09:58:26,430 INFO o.a.j.t.JMeterThread: Thread started: Thread-Gruppe 1-25
2025-02-27 09:58:26,562 INFO o.a.j.t.JMeterThread: Thread started: Thread-Gruppe 1-26
2025-02-27 09:58:26,696 INFO o.a.j.t.JMeterThread: Thread started: Thread-Gruppe 1-27
2025-02-27 09:58:26,828 INFO o.a.j.t.JMeterThread: Thread started: Thread-Gruppe 1-28
2025-02-27 09:58:26,866 INFO o.a.j.t.JMeterThread: Thread started: Thread-Gruppe 2-8
2025-02-27 09:58:26,961 INFO o.a.j.t.JMeterThread: Thread started: Thread-Gruppe 1-29
2025-02-27 09:58:27,094 INFO o.a.j.t.JMeterThread: Thread started: Thread-Gruppe 1-30
2025-02-27 09:58:27,228 INFO o.a.j.t.JMeterThread: Thread started: Thread-Gruppe 1-31
2025-02-27 09:58:27,361 INFO o.a.j.t.JMeterThread: Thread started: Thread-Gruppe 1-32
2025-02-27 09:58:27,364 INFO o.a.j.t.JMeterThread: Thread started: Thread-Gruppe 2-9
2025-02-27 09:58:27,396 INFO o.a.j.t.JMeterThread: Thread started: Thread-Gruppe 3-3
2025-02-27 09:58:27,493 INFO o.a.j.t.JMeterThread: Thread started: Thread-Gruppe 1-33
2025-02-27 09:58:27,626 INFO o.a.j.t.JMeterThread: Thread started: Thread-Gruppe 1-34
2025-02-27 09:58:27,759 INFO o.a.j.t.JMeterThread: Thread started: Thread-Gruppe 1-35
2025-02-27 09:58:27,865 INFO o.a.j.t.JMeterThread: Thread started: Thread-Gruppe 2-10
2025-02-27 09:58:27,892 INFO o.a.j.t.JMeterThread: Thread started: Thread-Gruppe 1-36
2025-02-27 09:58:28,024 INFO o.a.j.t.JMeterThread: Thread started: Thread-Gruppe 1-37
2025-02-27 09:58:28,157 INFO o.a.j.t.JMeterThread: Thread started: Thread-Gruppe 1-38
2025-02-27 09:58:28,290 INFO o.a.j.t.JMeterThread: Thread started: Thread-Gruppe 1-39
2025-02-27 09:58:28,363 INFO o.a.j.t.JMeterThread: Thread started: Thread-Gruppe 2-11
2025-02-27 09:58:28,424 INFO o.a.j.t.JMeterThread: Thread started: Thread-Gruppe 1-40
2025-02-27 09:58:28,556 INFO o.a.j.t.JMeterThread: Thread started: Thread-Gruppe 1-41
2025-02-27 09:58:28,691 INFO o.a.j.t.JMeterThread: Thread started: Thread-Gruppe 1-42
2025-02-27 09:58:28,823 INFO o.a.j.t.JMeterThread: Thread started: Thread-Gruppe 1-43
2025-02-27 09:58:28,864 INFO o.a.j.t.JMeterThread: Thread started: Thread-Gruppe 2-12
2025-02-27 09:58:28,957 INFO o.a.j.t.JMeterThread: Thread started: Thread-Gruppe 1-44
2025-02-27 09:58:29,090 INFO o.a.j.t.JMeterThread: Thread started: Thread-Gruppe 1-45
2025-02-27 09:58:29,223 INFO o.a.j.t.JMeterThread: Thread started: Thread-Gruppe 1-46
2025-02-27 09:58:29,356 INFO o.a.j.t.JMeterThread: Thread started: Thread-Gruppe 1-47
2025-02-27 09:58:29,363 INFO o.a.j.t.JMeterThread: Thread started: Thread-Gruppe 2-13
2025-02-27 09:58:29,396 INFO o.a.j.t.JMeterThread: Thread started: Thread-Gruppe 3-4
2025-02-27 09:58:29,489 INFO o.a.j.t.JMeterThread: Thread started: Thread-Gruppe 1-48
2025-02-27 09:58:29,621 INFO o.a.j.t.JMeterThread: Thread started: Thread-Gruppe 1-49
2025-02-27 09:58:29,755 INFO o.a.j.t.JMeterThread: Thread started: Thread-Gruppe 1-50
2025-02-27 09:58:29,865 INFO o.a.j.t.JMeterThread: Thread started: Thread-Gruppe 2-14
2025-02-27 09:58:29,888 INFO o.a.j.t.JMeterThread: Thread started: Thread-Gruppe 1-51
2025-02-27 09:58:30,019 INFO o.a.j.r.Summariser: summary +    202 in 00:01:08 =    3.0/s Avg:   407 Min:   251 Max:   774 Err:     0 (0.00%) Active: 69 Started: 69 Finished: 0
2025-02-27 09:58:30,020 INFO o.a.j.t.JMeterThread: Thread started: Thread-Gruppe 1-52
2025-02-27 09:58:30,155 INFO o.a.j.t.JMeterThread: Thread started: Thread-Gruppe 1-53
2025-02-27 09:58:30,286 INFO o.a.j.t.JMeterThread: Thread started: Thread-Gruppe 1-54
2025-02-27 09:58:30,363 INFO o.a.j.t.JMeterThread: Thread started: Thread-Gruppe 2-15
2025-02-27 09:58:30,420 INFO o.a.j.t.JMeterThread: Thread started: Thread-Gruppe 1-55
2025-02-27 09:58:30,553 INFO o.a.j.t.JMeterThread: Thread started: Thread-Gruppe 1-56
2025-02-27 09:58:30,686 INFO o.a.j.t.JMeterThread: Thread started: Thread-Gruppe 1-57
2025-02-27 09:58:30,817 INFO o.a.j.t.JMeterThread: Thread started: Thread-Gruppe 1-58
2025-02-27 09:58:30,865 INFO o.a.j.t.JMeterThread: Thread started: Thread-Gruppe 2-16
2025-02-27 09:58:30,951 INFO o.a.j.t.JMeterThread: Thread started: Thread-Gruppe 1-59
2025-02-27 09:58:31,085 INFO o.a.j.t.JMeterThread: Thread started: Thread-Gruppe 1-60
2025-02-27 09:58:31,217 INFO o.a.j.t.JMeterThread: Thread started: Thread-Gruppe 1-61
2025-02-27 09:58:31,349 INFO o.a.j.t.JMeterThread: Thread started: Thread-Gruppe 1-62
2025-02-27 09:58:31,365 INFO o.a.j.t.JMeterThread: Thread started: Thread-Gruppe 2-17
2025-02-27 09:58:31,395 INFO o.a.j.t.JMeterThread: Thread started: Thread-Gruppe 3-5
2025-02-27 09:58:31,483 INFO o.a.j.t.JMeterThread: Thread started: Thread-Gruppe 1-63
2025-02-27 09:58:31,616 INFO o.a.j.t.JMeterThread: Thread started: Thread-Gruppe 1-64
2025-02-27 09:58:31,749 INFO o.a.j.t.JMeterThread: Thread started: Thread-Gruppe 1-65
2025-02-27 09:58:31,864 INFO o.a.j.t.JMeterThread: Thread started: Thread-Gruppe 2-18
2025-02-27 09:58:31,882 INFO o.a.j.t.JMeterThread: Thread started: Thread-Gruppe 1-66
2025-02-27 09:58:32,015 INFO o.a.j.t.JMeterThread: Thread started: Thread-Gruppe 1-67
2025-02-27 09:58:32,148 INFO o.a.j.t.JMeterThread: Thread started: Thread-Gruppe 1-68
2025-02-27 09:58:32,280 INFO o.a.j.t.JMeterThread: Thread started: Thread-Gruppe 1-69
2025-02-27 09:58:32,364 INFO o.a.j.t.JMeterThread: Thread started: Thread-Gruppe 2-19
2025-02-27 09:58:32,414 INFO o.a.j.t.JMeterThread: Thread started: Thread-Gruppe 1-70
2025-02-27 09:58:32,547 INFO o.a.j.t.JMeterThread: Thread started: Thread-Gruppe 1-71
2025-02-27 09:58:32,679 INFO o.a.j.t.JMeterThread: Thread started: Thread-Gruppe 1-72
2025-02-27 09:58:32,812 INFO o.a.j.t.JMeterThread: Thread started: Thread-Gruppe 1-73
2025-02-27 09:58:32,864 INFO o.a.j.t.JMeterThread: Thread started: Thread-Gruppe 2-20
2025-02-27 09:58:32,945 INFO o.a.j.t.JMeterThread: Thread started: Thread-Gruppe 1-74
2025-02-27 09:58:33,079 INFO o.a.j.t.JMeterThread: Thread started: Thread-Gruppe 1-75
2025-02-27 09:59:00,011 INFO o.a.j.r.Summariser: summary +   2262 in 00:00:30 =   75.4/s Avg:   335 Min:   250 Max:   844 Err:     0 (0.00%) Active: 100 Started: 100 Finished: 0
2025-02-27 09:59:00,012 INFO o.a.j.r.Summariser: summary =   2464 in 00:01:38 =   25.3/s Avg:   341 Min:   250 Max:   844 Err:     0 (0.00%)
2025-02-27 09:59:30,005 INFO o.a.j.r.Summariser: summary +   2285 in 00:00:30 =   76.2/s Avg:   339 Min:   249 Max:  1017 Err:     0 (0.00%) Active: 100 Started: 100 Finished: 0
2025-02-27 09:59:30,006 INFO o.a.j.r.Summariser: summary =   4749 in 00:02:08 =   37.2/s Avg:   340 Min:   249 Max:  1017 Err:     0 (0.00%)
2025-02-27 10:00:00,003 INFO o.a.j.r.Summariser: summary +   2293 in 00:00:30 =   76.4/s Avg:   328 Min:   250 Max:  1043 Err:     0 (0.00%) Active: 100 Started: 100 Finished: 0
2025-02-27 10:00:00,003 INFO o.a.j.r.Summariser: summary =   7042 in 00:02:38 =   44.7/s Avg:   336 Min:   249 Max:  1043 Err:     0 (0.00%)
2025-02-27 10:00:30,012 INFO o.a.j.r.Summariser: summary +   2285 in 00:00:30 =   76.1/s Avg:   335 Min:   250 Max:  1108 Err:     0 (0.00%) Active: 100 Started: 100 Finished: 0
2025-02-27 10:00:30,013 INFO o.a.j.r.Summariser: summary =   9327 in 00:03:08 =   49.7/s Avg:   336 Min:   249 Max:  1108 Err:     0 (0.00%)
2025-02-27 10:01:00,003 INFO o.a.j.r.Summariser: summary +   2284 in 00:00:30 =   76.2/s Avg:   351 Min:   250 Max:  1165 Err:     0 (0.00%) Active: 100 Started: 100 Finished: 0
2025-02-27 10:01:00,004 INFO o.a.j.r.Summariser: summary =  11611 in 00:03:38 =   53.4/s Avg:   339 Min:   249 Max:  1165 Err:     0 (0.00%)
2025-02-27 10:01:30,009 INFO o.a.j.r.Summariser: summary +   2287 in 00:00:30 =   76.2/s Avg:   327 Min:   249 Max:  1015 Err:     0 (0.00%) Active: 100 Started: 100 Finished: 0
2025-02-27 10:01:30,010 INFO o.a.j.r.Summariser: summary =  13898 in 00:04:08 =   56.1/s Avg:   337 Min:   249 Max:  1165 Err:     0 (0.00%)
2025-02-27 10:02:00,008 INFO o.a.j.r.Summariser: summary +   2287 in 00:00:30 =   76.2/s Avg:   353 Min:   249 Max:  1069 Err:     0 (0.00%) Active: 100 Started: 100 Finished: 0
2025-02-27 10:02:00,009 INFO o.a.j.r.Summariser: summary =  16185 in 00:04:38 =   58.3/s Avg:   339 Min:   249 Max:  1165 Err:     0 (0.00%)
2025-02-27 10:02:30,002 INFO o.a.j.r.Summariser: summary +   2291 in 00:00:30 =   76.4/s Avg:   325 Min:   250 Max:  1033 Err:     0 (0.00%) Active: 100 Started: 100 Finished: 0
2025-02-27 10:02:30,004 INFO o.a.j.r.Summariser: summary =  18476 in 00:05:08 =   60.1/s Avg:   337 Min:   249 Max:  1165 Err:     0 (0.00%)
2025-02-27 10:03:00,001 INFO o.a.j.r.Summariser: summary +   2291 in 00:00:30 =   76.4/s Avg:   354 Min:   250 Max:  1092 Err:     0 (0.00%) Active: 100 Started: 100 Finished: 0
2025-02-27 10:03:00,001 INFO o.a.j.r.Summariser: summary =  20767 in 00:05:38 =   61.5/s Avg:   339 Min:   249 Max:  1165 Err:     0 (0.00%)
2025-02-27 10:03:30,005 INFO o.a.j.r.Summariser: summary +   2290 in 00:00:30 =   76.3/s Avg:   327 Min:   249 Max:   834 Err:     0 (0.00%) Active: 100 Started: 100 Finished: 0
2025-02-27 10:03:30,007 INFO o.a.j.r.Summariser: summary =  23057 in 00:06:08 =   62.7/s Avg:   338 Min:   249 Max:  1165 Err:     0 (0.00%)
2025-02-27 10:04:00,002 INFO o.a.j.r.Summariser: summary +   2288 in 00:00:30 =   76.3/s Avg:   346 Min:   249 Max:  1034 Err:     0 (0.00%) Active: 100 Started: 100 Finished: 0
2025-02-27 10:04:00,003 INFO o.a.j.r.Summariser: summary =  25345 in 00:06:38 =   63.7/s Avg:   339 Min:   249 Max:  1165 Err:     0 (0.00%)
2025-02-27 10:04:30,004 INFO o.a.j.r.Summariser: summary +   2292 in 00:00:30 =   76.4/s Avg:   328 Min:   249 Max:  1020 Err:     0 (0.00%) Active: 100 Started: 100 Finished: 0
2025-02-27 10:04:30,005 INFO o.a.j.r.Summariser: summary =  27637 in 00:07:08 =   64.6/s Avg:   338 Min:   249 Max:  1165 Err:     0 (0.00%)
2025-02-27 10:05:00,006 INFO o.a.j.r.Summariser: summary +   2294 in 00:00:30 =   76.5/s Avg:   351 Min:   250 Max:  1036 Err:     0 (0.00%) Active: 100 Started: 100 Finished: 0
2025-02-27 10:05:00,007 INFO o.a.j.r.Summariser: summary =  29931 in 00:07:38 =   65.4/s Avg:   339 Min:   249 Max:  1165 Err:     0 (0.00%)
2025-02-27 10:05:30,005 INFO o.a.j.r.Summariser: summary +   2285 in 00:00:30 =   76.2/s Avg:   329 Min:   249 Max:  1005 Err:     0 (0.00%) Active: 100 Started: 100 Finished: 0
2025-02-27 10:05:30,006 INFO o.a.j.r.Summariser: summary =  32216 in 00:08:08 =   66.1/s Avg:   338 Min:   249 Max:  1165 Err:     0 (0.00%)
2025-02-27 10:06:00,003 INFO o.a.j.r.Summariser: summary +   2292 in 00:00:30 =   76.4/s Avg:   355 Min:   249 Max:  1020 Err:     0 (0.00%) Active: 100 Started: 100 Finished: 0
2025-02-27 10:06:00,004 INFO o.a.j.r.Summariser: summary =  34508 in 00:08:38 =   66.7/s Avg:   339 Min:   249 Max:  1165 Err:     0 (0.00%)
2025-02-27 10:06:30,004 INFO o.a.j.r.Summariser: summary +   2291 in 00:00:30 =   76.4/s Avg:   316 Min:   249 Max:  1030 Err:     0 (0.00%) Active: 100 Started: 100 Finished: 0
2025-02-27 10:06:30,005 INFO o.a.j.r.Summariser: summary =  36799 in 00:09:08 =   67.2/s Avg:   338 Min:   249 Max:  1165 Err:     0 (0.00%)
2025-02-27 10:07:00,001 INFO o.a.j.r.Summariser: summary +   2285 in 00:00:30 =   76.2/s Avg:   355 Min:   250 Max:  1062 Err:     0 (0.00%) Active: 100 Started: 100 Finished: 0
2025-02-27 10:07:00,002 INFO o.a.j.r.Summariser: summary =  39084 in 00:09:38 =   67.7/s Avg:   339 Min:   249 Max:  1165 Err:     0 (0.00%)
2025-02-27 10:07:30,002 INFO o.a.j.r.Summariser: summary +   2287 in 00:00:30 =   76.2/s Avg:   341 Min:   250 Max:  1007 Err:     0 (0.00%) Active: 100 Started: 100 Finished: 0
2025-02-27 10:07:30,003 INFO o.a.j.r.Summariser: summary =  41371 in 00:10:08 =   68.1/s Avg:   339 Min:   249 Max:  1165 Err:     0 (0.00%)
2025-02-27 10:08:00,002 INFO o.a.j.r.Summariser: summary +   2285 in 00:00:30 =   76.2/s Avg:   352 Min:   250 Max:  1110 Err:     0 (0.00%) Active: 100 Started: 100 Finished: 0
2025-02-27 10:08:00,003 INFO o.a.j.r.Summariser: summary =  43656 in 00:10:38 =   68.5/s Avg:   340 Min:   249 Max:  1165 Err:     0 (0.00%)
2025-02-27 10:08:21,556 INFO o.a.j.t.JMeterThread: Thread finished: Thread-Gruppe 1-1
2025-02-27 10:08:21,604 INFO o.a.j.t.JMeterThread: Thread finished: Thread-Gruppe 1-62
2025-02-27 10:08:21,611 INFO o.a.j.t.JMeterThread: Thread finished: Thread-Gruppe 1-47
2025-02-27 10:08:21,621 INFO o.a.j.t.JMeterThread: Thread finished: Thread-Gruppe 1-17
2025-02-27 10:08:21,648 INFO o.a.j.t.JMeterThread: Thread finished: Thread-Gruppe 1-2
2025-02-27 10:08:21,744 INFO o.a.j.t.JMeterThread: Thread finished: Thread-Gruppe 1-63
2025-02-27 10:08:21,749 INFO o.a.j.t.JMeterThread: Thread finished: Thread-Gruppe 1-48
2025-02-27 10:08:21,760 INFO o.a.j.t.JMeterThread: Thread finished: Thread-Gruppe 1-18
2025-02-27 10:08:21,761 INFO o.a.j.t.JMeterThread: Thread finished: Thread-Gruppe 1-3
2025-02-27 10:08:21,873 INFO o.a.j.t.JMeterThread: Thread finished: Thread-Gruppe 1-64
2025-02-27 10:08:21,882 INFO o.a.j.t.JMeterThread: Thread finished: Thread-Gruppe 1-49
2025-02-27 10:08:21,887 INFO o.a.j.t.JMeterThread: Thread finished: Thread-Gruppe 1-19
2025-02-27 10:08:21,896 INFO o.a.j.t.JMeterThread: Thread finished: Thread-Gruppe 1-4
2025-02-27 10:08:22,007 INFO o.a.j.t.JMeterThread: Thread finished: Thread-Gruppe 1-65
2025-02-27 10:08:22,013 INFO o.a.j.t.JMeterThread: Thread finished: Thread-Gruppe 1-50
2025-02-27 10:08:22,018 INFO o.a.j.t.JMeterThread: Thread finished: Thread-Gruppe 1-20
2025-02-27 10:08:22,021 INFO o.a.j.t.JMeterThread: Thread finished: Thread-Gruppe 1-5
2025-02-27 10:08:22,140 INFO o.a.j.t.JMeterThread: Thread finished: Thread-Gruppe 1-32
2025-02-27 10:08:22,142 INFO o.a.j.t.JMeterThread: Thread finished: Thread-Gruppe 1-66
2025-02-27 10:08:22,144 INFO o.a.j.t.JMeterThread: Thread finished: Thread-Gruppe 1-51
2025-02-27 10:08:22,153 INFO o.a.j.t.JMeterThread: Thread finished: Thread-Gruppe 1-21
2025-02-27 10:08:22,159 INFO o.a.j.t.JMeterThread: Thread finished: Thread-Gruppe 1-6
2025-02-27 10:08:22,261 INFO o.a.j.t.JMeterThread: Thread finished: Thread-Gruppe 1-33
2025-02-27 10:08:22,284 INFO o.a.j.t.JMeterThread: Thread finished: Thread-Gruppe 1-67
2025-02-27 10:08:22,288 INFO o.a.j.t.JMeterThread: Thread finished: Thread-Gruppe 1-52
2025-02-27 10:08:22,291 INFO o.a.j.t.JMeterThread: Thread finished: Thread-Gruppe 1-22
2025-02-27 10:08:22,296 INFO o.a.j.t.JMeterThread: Thread finished: Thread-Gruppe 1-7
2025-02-27 10:08:22,392 INFO o.a.j.t.JMeterThread: Thread finished: Thread-Gruppe 1-34
2025-02-27 10:08:22,402 INFO o.a.j.t.JMeterThread: Thread finished: Thread-Gruppe 1-68
2025-02-27 10:08:22,411 INFO o.a.j.t.JMeterThread: Thread finished: Thread-Gruppe 1-53
2025-02-27 10:08:22,421 INFO o.a.j.t.JMeterThread: Thread finished: Thread-Gruppe 1-23
2025-02-27 10:08:22,426 INFO o.a.j.t.JMeterThread: Thread finished: Thread-Gruppe 1-8
2025-02-27 10:08:22,517 INFO o.a.j.t.JMeterThread: Thread finished: Thread-Gruppe 1-35
2025-02-27 10:08:22,531 INFO o.a.j.t.JMeterThread: Thread finished: Thread-Gruppe 1-69
2025-02-27 10:08:22,542 INFO o.a.j.t.JMeterThread: Thread finished: Thread-Gruppe 1-54
2025-02-27 10:08:22,549 INFO o.a.j.t.JMeterThread: Thread finished: Thread-Gruppe 1-24
2025-02-27 10:08:22,553 INFO o.a.j.t.JMeterThread: Thread finished: Thread-Gruppe 1-9
2025-02-27 10:08:22,656 INFO o.a.j.t.JMeterThread: Thread finished: Thread-Gruppe 1-36
2025-02-27 10:08:22,670 INFO o.a.j.t.JMeterThread: Thread finished: Thread-Gruppe 1-70
2025-02-27 10:08:22,674 INFO o.a.j.t.JMeterThread: Thread finished: Thread-Gruppe 1-55
2025-02-27 10:08:22,686 INFO o.a.j.t.JMeterThread: Thread finished: Thread-Gruppe 1-25
2025-02-27 10:08:22,692 INFO o.a.j.t.JMeterThread: Thread finished: Thread-Gruppe 1-10
2025-02-27 10:08:22,788 INFO o.a.j.t.JMeterThread: Thread finished: Thread-Gruppe 1-37
2025-02-27 10:08:22,804 INFO o.a.j.t.JMeterThread: Thread finished: Thread-Gruppe 1-71
2025-02-27 10:08:22,814 INFO o.a.j.t.JMeterThread: Thread finished: Thread-Gruppe 1-56
2025-02-27 10:08:22,818 INFO o.a.j.t.JMeterThread: Thread finished: Thread-Gruppe 1-26
2025-02-27 10:08:22,827 INFO o.a.j.t.JMeterThread: Thread finished: Thread-Gruppe 1-11
2025-02-27 10:08:22,926 INFO o.a.j.t.JMeterThread: Thread finished: Thread-Gruppe 1-38
2025-02-27 10:08:22,950 INFO o.a.j.t.JMeterThread: Thread finished: Thread-Gruppe 1-72
2025-02-27 10:08:22,963 INFO o.a.j.t.JMeterThread: Thread finished: Thread-Gruppe 1-57
2025-02-27 10:08:22,971 INFO o.a.j.t.JMeterThread: Thread finished: Thread-Gruppe 1-27
2025-02-27 10:08:22,973 INFO o.a.j.t.JMeterThread: Thread finished: Thread-Gruppe 1-12
2025-02-27 10:08:23,029 INFO o.a.j.t.JMeterThread: Thread finished: Thread-Gruppe 2-15
2025-02-27 10:08:23,048 INFO o.a.j.t.JMeterThread: Thread finished: Thread-Gruppe 1-39
2025-02-27 10:08:23,064 INFO o.a.j.t.JMeterThread: Thread finished: Thread-Gruppe 2-3
2025-02-27 10:08:23,067 INFO o.a.j.t.JMeterThread: Thread finished: Thread-Gruppe 1-73
2025-02-27 10:08:23,068 INFO o.a.j.t.JMeterThread: Thread finished: Thread-Gruppe 2-14
2025-02-27 10:08:23,076 INFO o.a.j.t.JMeterThread: Thread finished: Thread-Gruppe 1-58
2025-02-27 10:08:23,090 INFO o.a.j.t.JMeterThread: Thread finished: Thread-Gruppe 1-28
2025-02-27 10:08:23,090 INFO o.a.j.t.JMeterThread: Thread finished: Thread-Gruppe 1-13
2025-02-27 10:08:23,177 INFO o.a.j.t.JMeterThread: Thread finished: Thread-Gruppe 3-4
2025-02-27 10:08:23,188 INFO o.a.j.t.JMeterThread: Thread finished: Thread-Gruppe 2-20
2025-02-27 10:08:23,196 INFO o.a.j.t.JMeterThread: Thread finished: Thread-Gruppe 2-19
2025-02-27 10:08:23,211 INFO o.a.j.t.JMeterThread: Thread finished: Thread-Gruppe 1-74
2025-02-27 10:08:23,211 INFO o.a.j.t.JMeterThread: Thread finished: Thread-Gruppe 1-40
2025-02-27 10:08:23,217 INFO o.a.j.t.JMeterThread: Thread finished: Thread-Gruppe 1-59
2025-02-27 10:08:23,219 INFO o.a.j.t.JMeterThread: Thread finished: Thread-Gruppe 2-12
2025-02-27 10:08:23,230 INFO o.a.j.t.JMeterThread: Thread finished: Thread-Gruppe 1-29
2025-02-27 10:08:23,232 INFO o.a.j.t.JMeterThread: Thread finished: Thread-Gruppe 2-8
2025-02-27 10:08:23,232 INFO o.a.j.t.JMeterThread: Thread finished: Thread-Gruppe 1-14
2025-02-27 10:08:23,234 INFO o.a.j.t.JMeterThread: Thread finished: Thread-Gruppe 2-5
2025-02-27 10:08:23,239 INFO o.a.j.t.JMeterThread: Thread finished: Thread-Gruppe 3-3
2025-02-27 10:08:23,310 INFO o.a.j.t.JMeterThread: Thread finished: Thread-Gruppe 2-2
2025-02-27 10:08:23,310 INFO o.a.j.t.JMeterThread: Stopping because end time detected by thread: Thread-Gruppe 1-41
2025-02-27 10:08:23,310 INFO o.a.j.t.JMeterThread: Thread finished: Thread-Gruppe 1-41
2025-02-27 10:08:23,333 INFO o.a.j.t.JMeterThread: Thread finished: Thread-Gruppe 1-75
2025-02-27 10:08:23,339 INFO o.a.j.t.JMeterThread: Thread finished: Thread-Gruppe 1-60
2025-02-27 10:08:23,384 INFO o.a.j.t.JMeterThread: Stopping because end time detected by thread: Thread-Gruppe 2-10
2025-02-27 10:08:23,384 INFO o.a.j.t.JMeterThread: Stopping because end time detected by thread: Thread-Gruppe 1-30
2025-02-27 10:08:23,384 INFO o.a.j.t.JMeterThread: Stopping because end time detected by thread: Thread-Gruppe 1-15
2025-02-27 10:08:23,384 INFO o.a.j.t.JMeterThread: Thread finished: Thread-Gruppe 2-10
2025-02-27 10:08:23,384 INFO o.a.j.t.JMeterThread: Thread finished: Thread-Gruppe 1-15
2025-02-27 10:08:23,384 INFO o.a.j.t.JMeterThread: Thread finished: Thread-Gruppe 1-30
2025-02-27 10:08:23,384 INFO o.a.j.t.JMeterThread: Stopping because end time detected by thread: Thread-Gruppe 2-4
2025-02-27 10:08:23,384 INFO o.a.j.t.JMeterThread: Thread finished: Thread-Gruppe 2-4
2025-02-27 10:08:23,429 INFO o.a.j.t.JMeterThread: Stopping because end time detected by thread: Thread-Gruppe 2-7
2025-02-27 10:08:23,429 INFO o.a.j.t.JMeterThread: Thread finished: Thread-Gruppe 2-7
2025-02-27 10:08:23,429 INFO o.a.j.t.JMeterThread: Stopping because end time detected by thread: Thread-Gruppe 2-6
2025-02-27 10:08:23,429 INFO o.a.j.t.JMeterThread: Thread finished: Thread-Gruppe 2-6
2025-02-27 10:08:23,474 INFO o.a.j.t.JMeterThread: Stopping because end time detected by thread: Thread-Gruppe 1-61
2025-02-27 10:08:23,474 INFO o.a.j.t.JMeterThread: Thread finished: Thread-Gruppe 1-61
2025-02-27 10:08:23,474 INFO o.a.j.t.JMeterThread: Stopping because end time detected by thread: Thread-Gruppe 1-42
2025-02-27 10:08:23,474 INFO o.a.j.t.JMeterThread: Stopping because end time detected by thread: Thread-Gruppe 1-31
2025-02-27 10:08:23,474 INFO o.a.j.t.JMeterThread: Stopping because end time detected by thread: Thread-Gruppe 2-18
2025-02-27 10:08:23,474 INFO o.a.j.t.JMeterThread: Thread finished: Thread-Gruppe 2-18
2025-02-27 10:08:23,474 INFO o.a.j.t.JMeterThread: Thread finished: Thread-Gruppe 1-42
2025-02-27 10:08:23,474 INFO o.a.j.t.JMeterThread: Thread finished: Thread-Gruppe 1-31
2025-02-27 10:08:23,474 INFO o.a.j.t.JMeterThread: Stopping because end time detected by thread: Thread-Gruppe 1-16
2025-02-27 10:08:23,474 INFO o.a.j.t.JMeterThread: Thread finished: Thread-Gruppe 1-16
2025-02-27 10:08:23,489 INFO o.a.j.t.JMeterThread: Stopping because end time detected by thread: Thread-Gruppe 3-1
2025-02-27 10:08:23,489 INFO o.a.j.t.JMeterThread: Thread finished: Thread-Gruppe 3-1
2025-02-27 10:08:23,489 INFO o.a.j.t.JMeterThread: Stopping because end time detected by thread: Thread-Gruppe 2-16
2025-02-27 10:08:23,489 INFO o.a.j.t.JMeterThread: Thread finished: Thread-Gruppe 2-16
2025-02-27 10:08:23,549 INFO o.a.j.t.JMeterThread: Stopping because end time detected by thread: Thread-Gruppe 3-2
2025-02-27 10:08:23,549 INFO o.a.j.t.JMeterThread: Thread finished: Thread-Gruppe 3-2
2025-02-27 10:08:23,564 INFO o.a.j.t.JMeterThread: Stopping because end time detected by thread: Thread-Gruppe 2-13
2025-02-27 10:08:23,564 INFO o.a.j.t.JMeterThread: Stopping because end time detected by thread: Thread-Gruppe 2-11
2025-02-27 10:08:23,564 INFO o.a.j.t.JMeterThread: Thread finished: Thread-Gruppe 2-11
2025-02-27 10:08:23,564 INFO o.a.j.t.JMeterThread: Thread finished: Thread-Gruppe 2-13
2025-02-27 10:08:23,579 INFO o.a.j.t.JMeterThread: Stopping because end time detected by thread: Thread-Gruppe 1-43
2025-02-27 10:08:23,579 INFO o.a.j.t.JMeterThread: Thread finished: Thread-Gruppe 1-43
2025-02-27 10:08:23,639 INFO o.a.j.t.JMeterThread: Stopping because end time detected by thread: Thread-Gruppe 2-1
2025-02-27 10:08:23,639 INFO o.a.j.t.JMeterThread: Stopping because end time detected by thread: Thread-Gruppe 2-9
2025-02-27 10:08:23,639 INFO o.a.j.t.JMeterThread: Thread finished: Thread-Gruppe 2-9
2025-02-27 10:08:23,639 INFO o.a.j.t.JMeterThread: Thread finished: Thread-Gruppe 2-1
2025-02-27 10:08:23,714 INFO o.a.j.t.JMeterThread: Stopping because end time detected by thread: Thread-Gruppe 1-44
2025-02-27 10:08:23,714 INFO o.a.j.t.JMeterThread: Thread finished: Thread-Gruppe 1-44
2025-02-27 10:08:23,789 INFO o.a.j.t.JMeterThread: Stopping because end time detected by thread: Thread-Gruppe 3-5
2025-02-27 10:08:23,789 INFO o.a.j.t.JMeterThread: Thread finished: Thread-Gruppe 3-5
2025-02-27 10:08:23,843 INFO o.a.j.t.JMeterThread: Stopping because end time detected by thread: Thread-Gruppe 1-45
2025-02-27 10:08:23,843 INFO o.a.j.t.JMeterThread: Thread finished: Thread-Gruppe 1-45
2025-02-27 10:08:23,897 INFO o.a.j.t.JMeterThread: Stopping because end time detected by thread: Thread-Gruppe 2-17
2025-02-27 10:08:23,897 INFO o.a.j.t.JMeterThread: Thread finished: Thread-Gruppe 2-17
2025-02-27 10:08:23,979 INFO o.a.j.t.JMeterThread: Stopping because end time detected by thread: Thread-Gruppe 1-46
2025-02-27 10:08:23,979 INFO o.a.j.t.JMeterThread: Thread finished: Thread-Gruppe 1-46
2025-02-27 10:08:23,979 INFO o.a.j.e.StandardJMeterEngine: Notifying test listeners of end of test
2025-02-27 10:08:23,997 INFO o.a.j.r.Summariser: summary +   1807 in 00:00:24 =   75.3/s Avg:   330 Min:   250 Max:   844 Err:     0 (0.00%) Active: 0 Started: 100 Finished: 100
2025-02-27 10:08:23,997 INFO o.a.j.r.Summariser: summary =  45463 in 00:11:02 =   68.7/s Avg:   339 Min:   249 Max:  1165 Err:     0 (0.00%)
