2025-02-27 11:37:22,899 INFO o.a.j.u.JMeterUtils: Setting Locale to en_EN
2025-02-27 11:37:22,931 INFO o.a.j.JMeter: Loading user properties from: D:\Semester 7\CS4203 - Research and Development Project\Artifacts\apache-jmeter-5.6.3\bin\user.properties
2025-02-27 11:37:22,931 INFO o.a.j.JMeter: Loading system properties from: D:\Semester 7\CS4203 - Research and Development Project\Artifacts\apache-jmeter-5.6.3\bin\system.properties
2025-02-27 11:37:22,932 INFO o.a.j.JMeter: Setting JMeter property: lb_1_hostname=34.67.126.244
2025-02-27 11:37:22,933 INFO o.a.j.JMeter: Setting JMeter property: lb_2_hostname=35.232.62.106
2025-02-27 11:37:22,933 INFO o.a.j.JMeter: Setting JMeter property: lb_1_port=8090
2025-02-27 11:37:22,933 INFO o.a.j.JMeter: Setting JMeter property: lb_2_port=8091
2025-02-27 11:37:22,936 INFO o.a.j.JMeter: Setting JMeter property: warm_up_users=20
2025-02-27 11:37:22,936 INFO o.a.j.JMeter: Setting JMeter property: warm_up_time=60
2025-02-27 11:37:22,936 INFO o.a.j.JMeter: Setting JMeter property: test_run_time=600
2025-02-27 11:37:22,936 INFO o.a.j.JMeter: Setting JMeter property: ramp_up=10
2025-02-27 11:37:22,937 INFO o.a.j.JMeter: Setting JMeter property: group_1=75
2025-02-27 11:37:22,937 INFO o.a.j.JMeter: Setting JMeter property: group_2=20
2025-02-27 11:37:22,937 INFO o.a.j.JMeter: Setting JMeter property: group_3=5
2025-02-27 11:37:22,937 INFO o.a.j.JMeter: Setting JMeter property: group_1_request_rate=30
2025-02-27 11:37:22,937 INFO o.a.j.JMeter: Setting JMeter property: group_2_request_rate=90
2025-02-27 11:37:22,937 INFO o.a.j.JMeter: Setting JMeter property: group_3_request_rate=120
2025-02-27 11:37:22,937 INFO o.a.j.JMeter: Setting JMeter property: log_file=d:\Semester 7\CS4203 - Research and Development Project\Artifacts\rate-limiter-nginx\jmeter\cloud\2025_02_27_09_12_logs\token_bucket\mysql_script_bucket_capacity_5_refill_rate_1.67\warm_up_results.csv
2025-02-27 11:37:22,937 INFO o.a.j.JMeter: Setting JMeter property: algorithm=token_bucket_mysql_script_bucket_capacity_5_refill_rate_1.67
2025-02-27 11:37:22,937 INFO o.a.j.JMeter: Setting JMeter property: auth=/token_bucket/mysql_script_bucket_capacity_5_refill_rate_1.67/tools.descartes.teastore.auth/rest
2025-02-27 11:37:22,937 INFO o.a.j.JMeter: Setting JMeter property: persistence=/token_bucket/mysql_script_bucket_capacity_5_refill_rate_1.67/tools.descartes.teastore.persistence/rest
2025-02-27 11:37:22,938 INFO o.a.j.JMeter: Setting JMeter property: recommender=/token_bucket/mysql_script_bucket_capacity_5_refill_rate_1.67/tools.descartes.teastore.recommender/rest
2025-02-27 11:37:22,938 INFO o.a.j.JMeter: Setting JMeter property: image=/token_bucket/mysql_script_bucket_capacity_5_refill_rate_1.67/tools.descartes.teastore.image/rest
2025-02-27 11:37:22,947 INFO o.a.j.JMeter: Copyright (c) 1998-2024 The Apache Software Foundation
2025-02-27 11:37:22,947 INFO o.a.j.JMeter: Version 5.6.3
2025-02-27 11:37:22,947 INFO o.a.j.JMeter: java.version=11.0.22
2025-02-27 11:37:22,947 INFO o.a.j.JMeter: java.vm.name=Java HotSpot(TM) 64-Bit Server VM
2025-02-27 11:37:22,947 INFO o.a.j.JMeter: os.name=Windows 10
2025-02-27 11:37:22,948 INFO o.a.j.JMeter: os.arch=amd64
2025-02-27 11:37:22,948 INFO o.a.j.JMeter: os.version=10.0
2025-02-27 11:37:22,948 INFO o.a.j.JMeter: file.encoding=Cp1252
2025-02-27 11:37:22,948 INFO o.a.j.JMeter: java.awt.headless=true
2025-02-27 11:37:22,948 INFO o.a.j.JMeter: Max memory     =1073741824
2025-02-27 11:37:22,948 INFO o.a.j.JMeter: Available Processors =12
2025-02-27 11:37:22,971 INFO o.a.j.JMeter: Default Locale=English (EN)
2025-02-27 11:37:22,971 INFO o.a.j.JMeter: JMeter  Locale=English (EN)
2025-02-27 11:37:22,971 INFO o.a.j.JMeter: JMeterHome=D:\Semester 7\CS4203 - Research and Development Project\Artifacts\apache-jmeter-5.6.3
2025-02-27 11:37:22,971 INFO o.a.j.JMeter: user.dir  =D:\Semester 7\CS4203 - Research and Development Project\Artifacts\rate-limiter-nginx
2025-02-27 11:37:22,971 INFO o.a.j.JMeter: PWD       =D:\Semester 7\CS4203 - Research and Development Project\Artifacts\rate-limiter-nginx
2025-02-27 11:37:22,979 INFO o.a.j.JMeter: IP: 10.10.21.101 Name: KOBI-MSI-PC FullName: 10.10.21.101
2025-02-27 11:37:22,996 INFO o.a.j.s.FileServer: Default base='D:\Semester 7\CS4203 - Research and Development Project\Artifacts\rate-limiter-nginx'
2025-02-27 11:37:22,996 INFO o.a.j.s.FileServer: Set new base='d:\Semester 7\CS4203 - Research and Development Project\Artifacts\rate-limiter-nginx\jmeter\cloud'
2025-02-27 11:37:23,245 INFO o.a.j.s.SaveService: Testplan (JMX) version: 2.2. Testlog (JTL) version: 2.2
2025-02-27 11:37:23,280 INFO o.a.j.s.SaveService: Using SaveService properties version 5.0
2025-02-27 11:37:23,287 INFO o.a.j.s.SaveService: Using SaveService properties file encoding UTF-8
2025-02-27 11:37:23,289 INFO o.a.j.s.SaveService: Loading file: d:\Semester 7\CS4203 - Research and Development Project\Artifacts\rate-limiter-nginx\jmeter\cloud\teastore_performance.jmx
2025-02-27 11:37:23,350 INFO o.a.j.p.h.c.CookieManager: Settings: Delete null: true Check: true Allow variable: true Save: false Prefix: COOKIE_
2025-02-27 11:37:23,380 INFO o.a.j.p.h.s.HTTPSamplerBase: Parser for text/html is org.apache.jmeter.protocol.http.parser.LagartoBasedHtmlParser
2025-02-27 11:37:23,380 INFO o.a.j.p.h.s.HTTPSamplerBase: Parser for application/xhtml+xml is org.apache.jmeter.protocol.http.parser.LagartoBasedHtmlParser
2025-02-27 11:37:23,380 INFO o.a.j.p.h.s.HTTPSamplerBase: Parser for application/xml is org.apache.jmeter.protocol.http.parser.LagartoBasedHtmlParser
2025-02-27 11:37:23,380 INFO o.a.j.p.h.s.HTTPSamplerBase: Parser for text/xml is org.apache.jmeter.protocol.http.parser.LagartoBasedHtmlParser
2025-02-27 11:37:23,380 INFO o.a.j.p.h.s.HTTPSamplerBase: Parser for text/vnd.wap.wml is org.apache.jmeter.protocol.http.parser.RegexpHTMLParser
2025-02-27 11:37:23,380 INFO o.a.j.p.h.s.HTTPSamplerBase: Parser for text/css is org.apache.jmeter.protocol.http.parser.CssParser
2025-02-27 11:37:23,545 INFO o.a.j.s.SampleResult: Note: Sample TimeStamps are START times
2025-02-27 11:37:23,545 INFO o.a.j.s.SampleResult: sampleresult.default.encoding is set to UTF-8
2025-02-27 11:37:23,545 INFO o.a.j.s.SampleResult: sampleresult.useNanoTime=true
2025-02-27 11:37:23,545 INFO o.a.j.s.SampleResult: sampleresult.nanoThreadSleep=5000
2025-02-27 11:37:23,575 INFO o.a.j.JMeter: Creating summariser <summary>
2025-02-27 11:37:23,604 INFO o.a.j.e.StandardJMeterEngine: Running the test!
2025-02-27 11:37:23,605 INFO o.a.j.s.SampleEvent: List of sample_variables: []
2025-02-27 11:37:23,606 INFO o.a.j.s.SampleEvent: List of sample_variables: []
2025-02-27 11:37:23,620 INFO o.a.j.e.u.CompoundVariable: Note: Function class names must contain the string: '.functions.'
2025-02-27 11:37:23,620 INFO o.a.j.e.u.CompoundVariable: Note: Function class names must not contain the string: '.gui.'
2025-02-27 11:37:23,895 INFO o.a.j.r.ClassFinder: Will scan jar D:\Semester 7\CS4203 - Research and Development Project\Artifacts\apache-jmeter-5.6.3\lib\ext\jmeter-plugins-casutg-2.10.jar with filter ExtendsClassFilter [parents=[interface org.apache.jmeter.functions.Function], inner=false, contains=null, notContains=null]. Consider exposing JMeter plugins via META-INF/services, and add JMeter-Skip-Class-Scanning=true manifest attribute so JMeter can skip classfile scanning
2025-02-27 11:37:23,913 INFO o.a.j.r.ClassFinder: Will scan jar D:\Semester 7\CS4203 - Research and Development Project\Artifacts\apache-jmeter-5.6.3\lib\ext\jmeter-plugins-graphs-additional-2.0.jar with filter ExtendsClassFilter [parents=[interface org.apache.jmeter.functions.Function], inner=false, contains=null, notContains=null]. Consider exposing JMeter plugins via META-INF/services, and add JMeter-Skip-Class-Scanning=true manifest attribute so JMeter can skip classfile scanning
2025-02-27 11:37:23,929 INFO o.a.j.r.ClassFinder: Will scan jar D:\Semester 7\CS4203 - Research and Development Project\Artifacts\apache-jmeter-5.6.3\lib\ext\jmeter-plugins-perfmon-2.1.jar with filter ExtendsClassFilter [parents=[interface org.apache.jmeter.functions.Function], inner=false, contains=null, notContains=null]. Consider exposing JMeter plugins via META-INF/services, and add JMeter-Skip-Class-Scanning=true manifest attribute so JMeter can skip classfile scanning
2025-02-27 11:37:23,929 INFO o.a.j.r.ClassFinder: Will scan jar D:\Semester 7\CS4203 - Research and Development Project\Artifacts\apache-jmeter-5.6.3\lib\ext\json-lib-2.4-jdk15.jar with filter ExtendsClassFilter [parents=[interface org.apache.jmeter.functions.Function], inner=false, contains=null, notContains=null]. Consider exposing JMeter plugins via META-INF/services, and add JMeter-Skip-Class-Scanning=true manifest attribute so JMeter can skip classfile scanning
2025-02-27 11:37:23,959 INFO o.a.j.r.ClassFinder: Will scan jar D:\Semester 7\CS4203 - Research and Development Project\Artifacts\apache-jmeter-5.6.3\lib\ext\perfmon-2.2.2.jar with filter ExtendsClassFilter [parents=[interface org.apache.jmeter.functions.Function], inner=false, contains=null, notContains=null]. Consider exposing JMeter plugins via META-INF/services, and add JMeter-Skip-Class-Scanning=true manifest attribute so JMeter can skip classfile scanning
2025-02-27 11:37:23,974 INFO o.a.j.r.ClassFinder: Will scan jar D:\Semester 7\CS4203 - Research and Development Project\Artifacts\apache-jmeter-5.6.3\lib\ext\jmeter-plugins-manager-1.10.jar with filter ExtendsClassFilter [parents=[interface org.apache.jmeter.functions.Function], inner=false, contains=null, notContains=null]. Consider exposing JMeter plugins via META-INF/services, and add JMeter-Skip-Class-Scanning=true manifest attribute so JMeter can skip classfile scanning
2025-02-27 11:37:24,066 INFO o.a.j.r.ClassFinder: Will scan jar D:\Semester 7\CS4203 - Research and Development Project\Artifacts\apache-jmeter-5.6.3\lib\ext\jmeter-plugins-graphs-vs-2.0.jar with filter ExtendsClassFilter [parents=[interface org.apache.jmeter.functions.Function], inner=false, contains=null, notContains=null]. Consider exposing JMeter plugins via META-INF/services, and add JMeter-Skip-Class-Scanning=true manifest attribute so JMeter can skip classfile scanning
2025-02-27 11:37:24,081 INFO o.a.j.r.ClassFinder: Will scan jar D:\Semester 7\CS4203 - Research and Development Project\Artifacts\apache-jmeter-5.6.3\lib\ext\jmeter-parallel-0.12.jar with filter ExtendsClassFilter [parents=[interface org.apache.jmeter.functions.Function], inner=false, contains=null, notContains=null]. Consider exposing JMeter plugins via META-INF/services, and add JMeter-Skip-Class-Scanning=true manifest attribute so JMeter can skip classfile scanning
2025-02-27 11:37:24,081 INFO o.a.j.r.ClassFinder: Will scan jar D:\Semester 7\CS4203 - Research and Development Project\Artifacts\apache-jmeter-5.6.3\lib\ext\jmeter-plugins-tst-2.6.jar with filter ExtendsClassFilter [parents=[interface org.apache.jmeter.functions.Function], inner=false, contains=null, notContains=null]. Consider exposing JMeter plugins via META-INF/services, and add JMeter-Skip-Class-Scanning=true manifest attribute so JMeter can skip classfile scanning
2025-02-27 11:37:24,081 INFO o.a.j.r.ClassFinder: Will scan jar D:\Semester 7\CS4203 - Research and Development Project\Artifacts\apache-jmeter-5.6.3\lib\ext\jmeter-prometheus-plugin-0.6.0.jar with filter ExtendsClassFilter [parents=[interface org.apache.jmeter.functions.Function], inner=false, contains=null, notContains=null]. Consider exposing JMeter plugins via META-INF/services, and add JMeter-Skip-Class-Scanning=true manifest attribute so JMeter can skip classfile scanning
2025-02-27 11:37:24,096 INFO o.a.j.r.ClassFinder: Will scan jar D:\Semester 7\CS4203 - Research and Development Project\Artifacts\apache-jmeter-5.6.3\lib\ext\jmeter-plugins-graphs-basic-2.0.jar with filter ExtendsClassFilter [parents=[interface org.apache.jmeter.functions.Function], inner=false, contains=null, notContains=null]. Consider exposing JMeter plugins via META-INF/services, and add JMeter-Skip-Class-Scanning=true manifest attribute so JMeter can skip classfile scanning
2025-02-27 11:37:24,523 INFO o.a.j.JMeter: Running test (1740636444523)
2025-02-27 11:37:24,523 INFO o.a.j.e.StandardJMeterEngine: Starting setUp thread groups
2025-02-27 11:37:24,523 INFO o.a.j.e.StandardJMeterEngine: Starting setUp ThreadGroup: 1 : setUp Thread Group 
2025-02-27 11:37:24,523 INFO o.a.j.e.StandardJMeterEngine: Starting 20 threads for group setUp Thread Group.
2025-02-27 11:37:24,523 INFO o.a.j.e.StandardJMeterEngine: Thread will continue on error
2025-02-27 11:37:24,523 INFO o.a.j.t.ThreadGroup: Starting thread group... number=1 threads=20 ramp-up=10 delayedStart=false
2025-02-27 11:37:24,555 INFO o.a.j.t.JMeterThread: Thread started: setUp Thread Group 1-1
2025-02-27 11:37:24,604 INFO o.a.j.t.ThreadGroup: Started thread group number 1
2025-02-27 11:37:24,604 INFO o.a.j.e.StandardJMeterEngine: Waiting for all setup thread groups to exit
2025-02-27 11:37:25,041 INFO o.a.j.t.JMeterThread: Thread started: setUp Thread Group 1-2
2025-02-27 11:37:25,544 INFO o.a.j.t.JMeterThread: Thread started: setUp Thread Group 1-3
2025-02-27 11:37:25,606 INFO o.a.j.p.h.s.HTTPHCAbstractImpl: Local host = KOBI-MSI-PC
2025-02-27 11:37:25,612 INFO o.a.j.p.h.s.HTTPHC4Impl: HTTP request retry count = 0
2025-02-27 11:37:26,032 INFO o.a.j.t.JMeterThread: Thread started: setUp Thread Group 1-4
2025-02-27 11:37:26,531 INFO o.a.j.t.JMeterThread: Thread started: setUp Thread Group 1-5
2025-02-27 11:37:27,032 INFO o.a.j.t.JMeterThread: Thread started: setUp Thread Group 1-6
2025-02-27 11:37:27,529 INFO o.a.j.t.JMeterThread: Thread started: setUp Thread Group 1-7
2025-02-27 11:37:28,030 INFO o.a.j.t.JMeterThread: Thread started: setUp Thread Group 1-8
2025-02-27 11:37:28,529 INFO o.a.j.t.JMeterThread: Thread started: setUp Thread Group 1-9
2025-02-27 11:37:29,029 INFO o.a.j.t.JMeterThread: Thread started: setUp Thread Group 1-10
2025-02-27 11:37:29,528 INFO o.a.j.t.JMeterThread: Thread started: setUp Thread Group 1-11
2025-02-27 11:37:30,029 INFO o.a.j.t.JMeterThread: Thread started: setUp Thread Group 1-12
2025-02-27 11:37:30,528 INFO o.a.j.t.JMeterThread: Thread started: setUp Thread Group 1-13
2025-02-27 11:37:31,029 INFO o.a.j.t.JMeterThread: Thread started: setUp Thread Group 1-14
2025-02-27 11:37:31,529 INFO o.a.j.t.JMeterThread: Thread started: setUp Thread Group 1-15
2025-02-27 11:37:32,028 INFO o.a.j.t.JMeterThread: Thread started: setUp Thread Group 1-16
2025-02-27 11:37:32,526 INFO o.a.j.t.JMeterThread: Thread started: setUp Thread Group 1-17
2025-02-27 11:37:33,028 INFO o.a.j.t.JMeterThread: Thread started: setUp Thread Group 1-18
2025-02-27 11:37:33,529 INFO o.a.j.t.JMeterThread: Thread started: setUp Thread Group 1-19
2025-02-27 11:37:34,029 INFO o.a.j.t.JMeterThread: Thread started: setUp Thread Group 1-20
2025-02-27 11:38:24,348 INFO o.a.j.t.JMeterThread: Thread finished: setUp Thread Group 1-13
2025-02-27 11:38:24,390 INFO o.a.j.t.JMeterThread: Thread finished: setUp Thread Group 1-20
2025-02-27 11:38:24,393 INFO o.a.j.t.JMeterThread: Thread finished: setUp Thread Group 1-17
2025-02-27 11:38:24,398 INFO o.a.j.t.JMeterThread: Thread finished: setUp Thread Group 1-14
2025-02-27 11:38:24,498 INFO o.a.j.t.JMeterThread: Thread finished: setUp Thread Group 1-10
2025-02-27 11:38:24,593 INFO o.a.j.t.JMeterThread: Stopping because end time detected by thread: setUp Thread Group 1-6
2025-02-27 11:38:24,593 INFO o.a.j.t.JMeterThread: Thread finished: setUp Thread Group 1-6
2025-02-27 11:38:24,593 INFO o.a.j.t.JMeterThread: Stopping because end time detected by thread: setUp Thread Group 1-3
2025-02-27 11:38:24,593 INFO o.a.j.t.JMeterThread: Thread finished: setUp Thread Group 1-3
2025-02-27 11:38:24,608 INFO o.a.j.t.JMeterThread: Stopping because end time detected by thread: setUp Thread Group 1-16
2025-02-27 11:38:24,608 INFO o.a.j.t.JMeterThread: Thread finished: setUp Thread Group 1-16
2025-02-27 11:38:24,608 INFO o.a.j.t.JMeterThread: Stopping because end time detected by thread: setUp Thread Group 1-9
2025-02-27 11:38:24,623 INFO o.a.j.t.JMeterThread: Thread finished: setUp Thread Group 1-9
2025-02-27 11:38:24,638 INFO o.a.j.t.JMeterThread: Stopping because end time detected by thread: setUp Thread Group 1-5
2025-02-27 11:38:24,638 INFO o.a.j.t.JMeterThread: Thread finished: setUp Thread Group 1-5
2025-02-27 11:38:24,653 INFO o.a.j.t.JMeterThread: Stopping because end time detected by thread: setUp Thread Group 1-11
2025-02-27 11:38:24,653 INFO o.a.j.t.JMeterThread: Thread finished: setUp Thread Group 1-11
2025-02-27 11:38:24,683 INFO o.a.j.t.JMeterThread: Stopping because end time detected by thread: setUp Thread Group 1-4
2025-02-27 11:38:24,683 INFO o.a.j.t.JMeterThread: Thread finished: setUp Thread Group 1-4
2025-02-27 11:38:24,683 INFO o.a.j.t.JMeterThread: Stopping because end time detected by thread: setUp Thread Group 1-2
2025-02-27 11:38:24,683 INFO o.a.j.t.JMeterThread: Thread finished: setUp Thread Group 1-2
2025-02-27 11:38:24,698 INFO o.a.j.t.JMeterThread: Stopping because end time detected by thread: setUp Thread Group 1-1
2025-02-27 11:38:24,713 INFO o.a.j.t.JMeterThread: Thread finished: setUp Thread Group 1-1
2025-02-27 11:38:24,728 INFO o.a.j.t.JMeterThread: Stopping because end time detected by thread: setUp Thread Group 1-7
2025-02-27 11:38:24,728 INFO o.a.j.t.JMeterThread: Thread finished: setUp Thread Group 1-7
2025-02-27 11:38:24,747 INFO o.a.j.t.JMeterThread: Stopping because end time detected by thread: setUp Thread Group 1-15
2025-02-27 11:38:24,747 INFO o.a.j.t.JMeterThread: Thread finished: setUp Thread Group 1-15
2025-02-27 11:38:24,762 INFO o.a.j.t.JMeterThread: Stopping because end time detected by thread: setUp Thread Group 1-8
2025-02-27 11:38:24,762 INFO o.a.j.t.JMeterThread: Thread finished: setUp Thread Group 1-8
2025-02-27 11:38:24,762 INFO o.a.j.t.JMeterThread: Stopping because end time detected by thread: setUp Thread Group 1-18
2025-02-27 11:38:24,762 INFO o.a.j.t.JMeterThread: Thread finished: setUp Thread Group 1-18
2025-02-27 11:38:24,823 INFO o.a.j.t.JMeterThread: Stopping because end time detected by thread: setUp Thread Group 1-19
2025-02-27 11:38:24,823 INFO o.a.j.t.JMeterThread: Thread finished: setUp Thread Group 1-19
2025-02-27 11:38:24,898 INFO o.a.j.t.JMeterThread: Stopping because end time detected by thread: setUp Thread Group 1-12
2025-02-27 11:38:24,898 INFO o.a.j.t.JMeterThread: Thread finished: setUp Thread Group 1-12
2025-02-27 11:38:24,898 INFO o.a.j.e.StandardJMeterEngine: All Setup Threads have ended
2025-02-27 11:38:24,946 INFO o.a.j.e.StandardJMeterEngine: Starting ThreadGroup: 1 : Thread-Gruppe
2025-02-27 11:38:24,946 INFO o.a.j.e.StandardJMeterEngine: Starting 75 threads for group Thread-Gruppe.
2025-02-27 11:38:24,946 INFO o.a.j.e.StandardJMeterEngine: Thread will continue on error
2025-02-27 11:38:24,946 INFO o.a.j.t.ThreadGroup: Starting thread group... number=1 threads=75 ramp-up=10 delayedStart=false
2025-02-27 11:38:24,946 INFO o.a.j.t.JMeterThread: Thread started: Thread-Gruppe 1-1
2025-02-27 11:38:25,050 INFO o.a.j.t.ThreadGroup: Started thread group number 1
2025-02-27 11:38:25,051 INFO o.a.j.e.StandardJMeterEngine: Starting ThreadGroup: 2 : Thread-Gruppe
2025-02-27 11:38:25,051 INFO o.a.j.e.StandardJMeterEngine: Starting 20 threads for group Thread-Gruppe.
2025-02-27 11:38:25,051 INFO o.a.j.e.StandardJMeterEngine: Thread will continue on error
2025-02-27 11:38:25,051 INFO o.a.j.t.ThreadGroup: Starting thread group... number=2 threads=20 ramp-up=10 delayedStart=false
2025-02-27 11:38:25,053 INFO o.a.j.t.JMeterThread: Thread started: Thread-Gruppe 2-1
2025-02-27 11:38:25,073 INFO o.a.j.t.ThreadGroup: Started thread group number 2
2025-02-27 11:38:25,074 INFO o.a.j.e.StandardJMeterEngine: Starting ThreadGroup: 3 : Thread-Gruppe
2025-02-27 11:38:25,074 INFO o.a.j.e.StandardJMeterEngine: Starting 5 threads for group Thread-Gruppe.
2025-02-27 11:38:25,074 INFO o.a.j.e.StandardJMeterEngine: Thread will continue on error
2025-02-27 11:38:25,074 INFO o.a.j.t.ThreadGroup: Starting thread group... number=3 threads=5 ramp-up=10 delayedStart=false
2025-02-27 11:38:25,076 INFO o.a.j.t.JMeterThread: Thread started: Thread-Gruppe 3-1
2025-02-27 11:38:25,080 INFO o.a.j.t.ThreadGroup: Started thread group number 3
2025-02-27 11:38:25,080 INFO o.a.j.e.StandardJMeterEngine: All thread groups have been started
2025-02-27 11:38:25,093 INFO o.a.j.t.JMeterThread: Thread started: Thread-Gruppe 1-2
2025-02-27 11:38:25,227 INFO o.a.j.t.JMeterThread: Thread started: Thread-Gruppe 1-3
2025-02-27 11:38:25,362 INFO o.a.j.t.JMeterThread: Thread started: Thread-Gruppe 1-4
2025-02-27 11:38:25,481 INFO o.a.j.t.JMeterThread: Thread started: Thread-Gruppe 1-5
2025-02-27 11:38:25,554 INFO o.a.j.t.JMeterThread: Thread started: Thread-Gruppe 2-2
2025-02-27 11:38:25,614 INFO o.a.j.t.JMeterThread: Thread started: Thread-Gruppe 1-6
2025-02-27 11:38:25,747 INFO o.a.j.t.JMeterThread: Thread started: Thread-Gruppe 1-7
2025-02-27 11:38:25,880 INFO o.a.j.t.JMeterThread: Thread started: Thread-Gruppe 1-8
2025-02-27 11:38:26,014 INFO o.a.j.t.JMeterThread: Thread started: Thread-Gruppe 1-9
2025-02-27 11:38:26,054 INFO o.a.j.t.JMeterThread: Thread started: Thread-Gruppe 2-3
2025-02-27 11:38:26,146 INFO o.a.j.t.JMeterThread: Thread started: Thread-Gruppe 1-10
2025-02-27 11:38:26,279 INFO o.a.j.t.JMeterThread: Thread started: Thread-Gruppe 1-11
2025-02-27 11:38:26,413 INFO o.a.j.t.JMeterThread: Thread started: Thread-Gruppe 1-12
2025-02-27 11:38:26,546 INFO o.a.j.t.JMeterThread: Thread started: Thread-Gruppe 1-13
2025-02-27 11:38:26,555 INFO o.a.j.t.JMeterThread: Thread started: Thread-Gruppe 2-4
2025-02-27 11:38:26,679 INFO o.a.j.t.JMeterThread: Thread started: Thread-Gruppe 1-14
2025-02-27 11:38:26,811 INFO o.a.j.t.JMeterThread: Thread started: Thread-Gruppe 1-15
2025-02-27 11:38:26,945 INFO o.a.j.t.JMeterThread: Thread started: Thread-Gruppe 1-16
2025-02-27 11:38:27,054 INFO o.a.j.t.JMeterThread: Thread started: Thread-Gruppe 2-5
2025-02-27 11:38:27,077 INFO o.a.j.t.JMeterThread: Thread started: Thread-Gruppe 3-2
2025-02-27 11:38:27,078 INFO o.a.j.t.JMeterThread: Thread started: Thread-Gruppe 1-17
2025-02-27 11:38:27,210 INFO o.a.j.t.JMeterThread: Thread started: Thread-Gruppe 1-18
2025-02-27 11:38:27,343 INFO o.a.j.t.JMeterThread: Thread started: Thread-Gruppe 1-19
2025-02-27 11:38:27,476 INFO o.a.j.t.JMeterThread: Thread started: Thread-Gruppe 1-20
2025-02-27 11:38:27,554 INFO o.a.j.t.JMeterThread: Thread started: Thread-Gruppe 2-6
2025-02-27 11:38:27,610 INFO o.a.j.t.JMeterThread: Thread started: Thread-Gruppe 1-21
2025-02-27 11:38:27,742 INFO o.a.j.t.JMeterThread: Thread started: Thread-Gruppe 1-22
2025-02-27 11:38:27,875 INFO o.a.j.t.JMeterThread: Thread started: Thread-Gruppe 1-23
2025-02-27 11:38:28,008 INFO o.a.j.t.JMeterThread: Thread started: Thread-Gruppe 1-24
2025-02-27 11:38:28,054 INFO o.a.j.t.JMeterThread: Thread started: Thread-Gruppe 2-7
2025-02-27 11:38:28,140 INFO o.a.j.t.JMeterThread: Thread started: Thread-Gruppe 1-25
2025-02-27 11:38:28,274 INFO o.a.j.t.JMeterThread: Thread started: Thread-Gruppe 1-26
2025-02-27 11:38:28,406 INFO o.a.j.t.JMeterThread: Thread started: Thread-Gruppe 1-27
2025-02-27 11:38:28,539 INFO o.a.j.t.JMeterThread: Thread started: Thread-Gruppe 1-28
2025-02-27 11:38:28,553 INFO o.a.j.t.JMeterThread: Thread started: Thread-Gruppe 2-8
2025-02-27 11:38:28,673 INFO o.a.j.t.JMeterThread: Thread started: Thread-Gruppe 1-29
2025-02-27 11:38:28,807 INFO o.a.j.t.JMeterThread: Thread started: Thread-Gruppe 1-30
2025-02-27 11:38:28,939 INFO o.a.j.t.JMeterThread: Thread started: Thread-Gruppe 1-31
2025-02-27 11:38:29,054 INFO o.a.j.t.JMeterThread: Thread started: Thread-Gruppe 2-9
2025-02-27 11:38:29,072 INFO o.a.j.t.JMeterThread: Thread started: Thread-Gruppe 1-32
2025-02-27 11:38:29,076 INFO o.a.j.t.JMeterThread: Thread started: Thread-Gruppe 3-3
2025-02-27 11:38:29,206 INFO o.a.j.t.JMeterThread: Thread started: Thread-Gruppe 1-33
2025-02-27 11:38:29,338 INFO o.a.j.t.JMeterThread: Thread started: Thread-Gruppe 1-34
2025-02-27 11:38:29,472 INFO o.a.j.t.JMeterThread: Thread started: Thread-Gruppe 1-35
2025-02-27 11:38:29,553 INFO o.a.j.t.JMeterThread: Thread started: Thread-Gruppe 2-10
2025-02-27 11:38:29,604 INFO o.a.j.t.JMeterThread: Thread started: Thread-Gruppe 1-36
2025-02-27 11:38:29,737 INFO o.a.j.t.JMeterThread: Thread started: Thread-Gruppe 1-37
2025-02-27 11:38:29,869 INFO o.a.j.t.JMeterThread: Thread started: Thread-Gruppe 1-38
2025-02-27 11:38:30,002 INFO o.a.j.t.JMeterThread: Thread started: Thread-Gruppe 1-39
2025-02-27 11:38:30,008 INFO o.a.j.r.Summariser: summary +    115 in 00:01:05 =    1.8/s Avg:   470 Min:   259 Max:   880 Err:     0 (0.00%) Active: 52 Started: 52 Finished: 0
2025-02-27 11:38:30,053 INFO o.a.j.t.JMeterThread: Thread started: Thread-Gruppe 2-11
2025-02-27 11:38:30,136 INFO o.a.j.t.JMeterThread: Thread started: Thread-Gruppe 1-40
2025-02-27 11:38:30,270 INFO o.a.j.t.JMeterThread: Thread started: Thread-Gruppe 1-41
2025-02-27 11:38:30,403 INFO o.a.j.t.JMeterThread: Thread started: Thread-Gruppe 1-42
2025-02-27 11:38:30,535 INFO o.a.j.t.JMeterThread: Thread started: Thread-Gruppe 1-43
2025-02-27 11:38:30,554 INFO o.a.j.t.JMeterThread: Thread started: Thread-Gruppe 2-12
2025-02-27 11:38:30,669 INFO o.a.j.t.JMeterThread: Thread started: Thread-Gruppe 1-44
2025-02-27 11:38:30,801 INFO o.a.j.t.JMeterThread: Thread started: Thread-Gruppe 1-45
2025-02-27 11:38:30,934 INFO o.a.j.t.JMeterThread: Thread started: Thread-Gruppe 1-46
2025-02-27 11:38:31,054 INFO o.a.j.t.JMeterThread: Thread started: Thread-Gruppe 2-13
2025-02-27 11:38:31,066 INFO o.a.j.t.JMeterThread: Thread started: Thread-Gruppe 1-47
2025-02-27 11:38:31,078 INFO o.a.j.t.JMeterThread: Thread started: Thread-Gruppe 3-4
2025-02-27 11:38:31,200 INFO o.a.j.t.JMeterThread: Thread started: Thread-Gruppe 1-48
2025-02-27 11:38:31,334 INFO o.a.j.t.JMeterThread: Thread started: Thread-Gruppe 1-49
2025-02-27 11:38:31,466 INFO o.a.j.t.JMeterThread: Thread started: Thread-Gruppe 1-50
2025-02-27 11:38:31,553 INFO o.a.j.t.JMeterThread: Thread started: Thread-Gruppe 2-14
2025-02-27 11:38:31,599 INFO o.a.j.t.JMeterThread: Thread started: Thread-Gruppe 1-51
2025-02-27 11:38:31,731 INFO o.a.j.t.JMeterThread: Thread started: Thread-Gruppe 1-52
2025-02-27 11:38:31,864 INFO o.a.j.t.JMeterThread: Thread started: Thread-Gruppe 1-53
2025-02-27 11:38:31,998 INFO o.a.j.t.JMeterThread: Thread started: Thread-Gruppe 1-54
2025-02-27 11:38:32,053 INFO o.a.j.t.JMeterThread: Thread started: Thread-Gruppe 2-15
2025-02-27 11:38:32,131 INFO o.a.j.t.JMeterThread: Thread started: Thread-Gruppe 1-55
2025-02-27 11:38:32,264 INFO o.a.j.t.JMeterThread: Thread started: Thread-Gruppe 1-56
2025-02-27 11:38:32,396 INFO o.a.j.t.JMeterThread: Thread started: Thread-Gruppe 1-57
2025-02-27 11:38:32,529 INFO o.a.j.t.JMeterThread: Thread started: Thread-Gruppe 1-58
2025-02-27 11:38:32,553 INFO o.a.j.t.JMeterThread: Thread started: Thread-Gruppe 2-16
2025-02-27 11:38:32,662 INFO o.a.j.t.JMeterThread: Thread started: Thread-Gruppe 1-59
2025-02-27 11:38:32,795 INFO o.a.j.t.JMeterThread: Thread started: Thread-Gruppe 1-60
2025-02-27 11:38:32,928 INFO o.a.j.t.JMeterThread: Thread started: Thread-Gruppe 1-61
2025-02-27 11:38:33,053 INFO o.a.j.t.JMeterThread: Thread started: Thread-Gruppe 2-17
2025-02-27 11:38:33,061 INFO o.a.j.t.JMeterThread: Thread started: Thread-Gruppe 1-62
2025-02-27 11:38:33,077 INFO o.a.j.t.JMeterThread: Thread started: Thread-Gruppe 3-5
2025-02-27 11:38:33,195 INFO o.a.j.t.JMeterThread: Thread started: Thread-Gruppe 1-63
2025-02-27 11:38:33,327 INFO o.a.j.t.JMeterThread: Thread started: Thread-Gruppe 1-64
2025-02-27 11:38:33,460 INFO o.a.j.t.JMeterThread: Thread started: Thread-Gruppe 1-65
2025-02-27 11:38:33,553 INFO o.a.j.t.JMeterThread: Thread started: Thread-Gruppe 2-18
2025-02-27 11:38:33,593 INFO o.a.j.t.JMeterThread: Thread started: Thread-Gruppe 1-66
2025-02-27 11:38:33,726 INFO o.a.j.t.JMeterThread: Thread started: Thread-Gruppe 1-67
2025-02-27 11:38:33,860 INFO o.a.j.t.JMeterThread: Thread started: Thread-Gruppe 1-68
2025-02-27 11:38:33,992 INFO o.a.j.t.JMeterThread: Thread started: Thread-Gruppe 1-69
2025-02-27 11:38:34,054 INFO o.a.j.t.JMeterThread: Thread started: Thread-Gruppe 2-19
2025-02-27 11:38:34,125 INFO o.a.j.t.JMeterThread: Thread started: Thread-Gruppe 1-70
2025-02-27 11:38:34,258 INFO o.a.j.t.JMeterThread: Thread started: Thread-Gruppe 1-71
2025-02-27 11:38:34,392 INFO o.a.j.t.JMeterThread: Thread started: Thread-Gruppe 1-72
2025-02-27 11:38:34,524 INFO o.a.j.t.JMeterThread: Thread started: Thread-Gruppe 1-73
2025-02-27 11:38:34,554 INFO o.a.j.t.JMeterThread: Thread started: Thread-Gruppe 2-20
2025-02-27 11:38:34,657 INFO o.a.j.t.JMeterThread: Thread started: Thread-Gruppe 1-74
2025-02-27 11:38:34,790 INFO o.a.j.t.JMeterThread: Thread started: Thread-Gruppe 1-75
2025-02-27 11:39:00,004 INFO o.a.j.r.Summariser: summary +   2219 in 00:00:30 =   74.0/s Avg:   345 Min:   248 Max:   864 Err:     0 (0.00%) Active: 100 Started: 100 Finished: 0
2025-02-27 11:39:00,006 INFO o.a.j.r.Summariser: summary =   2334 in 00:01:35 =   24.4/s Avg:   352 Min:   248 Max:   880 Err:     0 (0.00%)
2025-02-27 11:39:30,016 INFO o.a.j.r.Summariser: summary +   2280 in 00:00:30 =   76.0/s Avg:   345 Min:   248 Max:  1385 Err:     0 (0.00%) Active: 100 Started: 100 Finished: 0
2025-02-27 11:39:30,018 INFO o.a.j.r.Summariser: summary =   4614 in 00:02:05 =   36.8/s Avg:   348 Min:   248 Max:  1385 Err:     0 (0.00%)
2025-02-27 11:40:00,002 INFO o.a.j.r.Summariser: summary +   2288 in 00:00:30 =   76.3/s Avg:   345 Min:   249 Max:   958 Err:     0 (0.00%) Active: 100 Started: 100 Finished: 0
2025-02-27 11:40:00,004 INFO o.a.j.r.Summariser: summary =   6902 in 00:02:35 =   44.4/s Avg:   347 Min:   248 Max:  1385 Err:     0 (0.00%)
2025-02-27 11:40:30,004 INFO o.a.j.r.Summariser: summary +   2296 in 00:00:30 =   76.5/s Avg:   337 Min:   250 Max:   831 Err:     0 (0.00%) Active: 100 Started: 100 Finished: 0
2025-02-27 11:40:30,005 INFO o.a.j.r.Summariser: summary =   9198 in 00:03:05 =   49.6/s Avg:   345 Min:   248 Max:  1385 Err:     0 (0.00%)
2025-02-27 11:41:00,001 INFO o.a.j.r.Summariser: summary +   2281 in 00:00:30 =   76.0/s Avg:   351 Min:   248 Max:  1060 Err:     0 (0.00%) Active: 100 Started: 100 Finished: 0
2025-02-27 11:41:00,004 INFO o.a.j.r.Summariser: summary =  11479 in 00:03:35 =   53.3/s Avg:   346 Min:   248 Max:  1385 Err:     0 (0.00%)
2025-02-27 11:41:30,007 INFO o.a.j.r.Summariser: summary +   2281 in 00:00:30 =   76.0/s Avg:   345 Min:   247 Max:  1055 Err:     0 (0.00%) Active: 100 Started: 100 Finished: 0
2025-02-27 11:41:30,009 INFO o.a.j.r.Summariser: summary =  13760 in 00:04:05 =   56.1/s Avg:   346 Min:   247 Max:  1385 Err:     0 (0.00%)
2025-02-27 11:42:00,007 INFO o.a.j.r.Summariser: summary +   2290 in 00:00:30 =   76.3/s Avg:   358 Min:   245 Max:  1054 Err:     0 (0.00%) Active: 100 Started: 100 Finished: 0
2025-02-27 11:42:00,009 INFO o.a.j.r.Summariser: summary =  16050 in 00:04:35 =   58.3/s Avg:   347 Min:   245 Max:  1385 Err:     0 (0.00%)
2025-02-27 11:42:30,003 INFO o.a.j.r.Summariser: summary +   2288 in 00:00:30 =   76.3/s Avg:   329 Min:   244 Max:  1095 Err:     0 (0.00%) Active: 100 Started: 100 Finished: 0
2025-02-27 11:42:30,004 INFO o.a.j.r.Summariser: summary =  18338 in 00:05:05 =   60.0/s Avg:   345 Min:   244 Max:  1385 Err:     0 (0.00%)
2025-02-27 11:43:00,004 INFO o.a.j.r.Summariser: summary +   2294 in 00:00:30 =   76.5/s Avg:   357 Min:   247 Max:  1090 Err:     0 (0.00%) Active: 100 Started: 100 Finished: 0
2025-02-27 11:43:00,005 INFO o.a.j.r.Summariser: summary =  20632 in 00:05:35 =   61.5/s Avg:   346 Min:   244 Max:  1385 Err:     0 (0.00%)
2025-02-27 11:43:30,003 INFO o.a.j.r.Summariser: summary +   2288 in 00:00:30 =   76.3/s Avg:   331 Min:   249 Max:   887 Err:     0 (0.00%) Active: 100 Started: 100 Finished: 0
2025-02-27 11:43:30,004 INFO o.a.j.r.Summariser: summary =  22920 in 00:06:05 =   62.7/s Avg:   345 Min:   244 Max:  1385 Err:     0 (0.00%)
2025-02-27 11:44:00,003 INFO o.a.j.r.Summariser: summary +   2284 in 00:00:30 =   76.1/s Avg:   351 Min:   246 Max:  1068 Err:     0 (0.00%) Active: 100 Started: 100 Finished: 0
2025-02-27 11:44:00,005 INFO o.a.j.r.Summariser: summary =  25204 in 00:06:35 =   63.7/s Avg:   345 Min:   244 Max:  1385 Err:     0 (0.00%)
2025-02-27 11:44:30,010 INFO o.a.j.r.Summariser: summary +   2285 in 00:00:30 =   76.1/s Avg:   331 Min:   246 Max:  1030 Err:     0 (0.00%) Active: 100 Started: 100 Finished: 0
2025-02-27 11:44:30,012 INFO o.a.j.r.Summariser: summary =  27489 in 00:07:05 =   64.6/s Avg:   344 Min:   244 Max:  1385 Err:     0 (0.00%)
2025-02-27 11:45:00,001 INFO o.a.j.r.Summariser: summary +   2297 in 00:00:30 =   76.6/s Avg:   356 Min:   248 Max:  1026 Err:     0 (0.00%) Active: 100 Started: 100 Finished: 0
2025-02-27 11:45:00,002 INFO o.a.j.r.Summariser: summary =  29786 in 00:07:35 =   65.4/s Avg:   345 Min:   244 Max:  1385 Err:     0 (0.00%)
2025-02-27 11:45:30,026 INFO o.a.j.r.Summariser: summary +   2284 in 00:00:30 =   76.1/s Avg:   334 Min:   248 Max:  1093 Err:     0 (0.00%) Active: 100 Started: 100 Finished: 0
2025-02-27 11:45:30,028 INFO o.a.j.r.Summariser: summary =  32070 in 00:08:06 =   66.1/s Avg:   344 Min:   244 Max:  1385 Err:     0 (0.00%)
2025-02-27 11:46:00,008 INFO o.a.j.r.Summariser: summary +   2292 in 00:00:30 =   76.4/s Avg:   356 Min:   246 Max:  1092 Err:     0 (0.00%) Active: 100 Started: 100 Finished: 0
2025-02-27 11:46:00,009 INFO o.a.j.r.Summariser: summary =  34362 in 00:08:35 =   66.7/s Avg:   345 Min:   244 Max:  1385 Err:     0 (0.00%)
2025-02-27 11:46:30,001 INFO o.a.j.r.Summariser: summary +   2288 in 00:00:30 =   76.3/s Avg:   322 Min:   246 Max:   926 Err:     0 (0.00%) Active: 100 Started: 100 Finished: 0
2025-02-27 11:46:30,003 INFO o.a.j.r.Summariser: summary =  36650 in 00:09:05 =   67.2/s Avg:   344 Min:   244 Max:  1385 Err:     0 (0.00%)
2025-02-27 11:47:00,005 INFO o.a.j.r.Summariser: summary +   2291 in 00:00:30 =   76.4/s Avg:   355 Min:   246 Max:  1090 Err:     0 (0.00%) Active: 100 Started: 100 Finished: 0
2025-02-27 11:47:00,005 INFO o.a.j.r.Summariser: summary =  38941 in 00:09:35 =   67.7/s Avg:   344 Min:   244 Max:  1385 Err:     0 (0.00%)
2025-02-27 11:47:30,002 INFO o.a.j.r.Summariser: summary +   2288 in 00:00:30 =   76.3/s Avg:   335 Min:   247 Max:   902 Err:     0 (0.00%) Active: 100 Started: 100 Finished: 0
2025-02-27 11:47:30,003 INFO o.a.j.r.Summariser: summary =  41229 in 00:10:05 =   68.1/s Avg:   344 Min:   244 Max:  1385 Err:     0 (0.00%)
2025-02-27 11:48:00,001 INFO o.a.j.r.Summariser: summary +   2285 in 00:00:30 =   76.2/s Avg:   351 Min:   247 Max:  1199 Err:     0 (0.00%) Active: 100 Started: 100 Finished: 0
2025-02-27 11:48:00,003 INFO o.a.j.r.Summariser: summary =  43514 in 00:10:35 =   68.5/s Avg:   344 Min:   244 Max:  1385 Err:     0 (0.00%)
2025-02-27 11:48:23,266 INFO o.a.j.t.JMeterThread: Thread finished: Thread-Gruppe 1-1
2025-02-27 11:48:23,322 INFO o.a.j.t.JMeterThread: Thread finished: Thread-Gruppe 1-47
2025-02-27 11:48:23,322 INFO o.a.j.t.JMeterThread: Thread finished: Thread-Gruppe 1-62
2025-02-27 11:48:23,339 INFO o.a.j.t.JMeterThread: Thread finished: Thread-Gruppe 1-17
2025-02-27 11:48:23,350 INFO o.a.j.t.JMeterThread: Thread finished: Thread-Gruppe 1-2
2025-02-27 11:48:23,456 INFO o.a.j.t.JMeterThread: Thread finished: Thread-Gruppe 1-63
2025-02-27 11:48:23,460 INFO o.a.j.t.JMeterThread: Thread finished: Thread-Gruppe 1-48
2025-02-27 11:48:23,468 INFO o.a.j.t.JMeterThread: Thread finished: Thread-Gruppe 1-18
2025-02-27 11:48:23,485 INFO o.a.j.t.JMeterThread: Thread finished: Thread-Gruppe 1-3
2025-02-27 11:48:23,594 INFO o.a.j.t.JMeterThread: Thread finished: Thread-Gruppe 1-64
2025-02-27 11:48:23,595 INFO o.a.j.t.JMeterThread: Thread finished: Thread-Gruppe 1-49
2025-02-27 11:48:23,606 INFO o.a.j.t.JMeterThread: Thread finished: Thread-Gruppe 1-19
2025-02-27 11:48:23,626 INFO o.a.j.t.JMeterThread: Thread finished: Thread-Gruppe 1-4
2025-02-27 11:48:23,713 INFO o.a.j.t.JMeterThread: Thread finished: Thread-Gruppe 1-65
2025-02-27 11:48:23,728 INFO o.a.j.t.JMeterThread: Thread finished: Thread-Gruppe 1-50
2025-02-27 11:48:23,734 INFO o.a.j.t.JMeterThread: Thread finished: Thread-Gruppe 1-20
2025-02-27 11:48:23,740 INFO o.a.j.t.JMeterThread: Thread finished: Thread-Gruppe 1-5
2025-02-27 11:48:23,835 INFO o.a.j.t.JMeterThread: Thread finished: Thread-Gruppe 1-32
2025-02-27 11:48:23,851 INFO o.a.j.t.JMeterThread: Thread finished: Thread-Gruppe 1-66
2025-02-27 11:48:23,857 INFO o.a.j.t.JMeterThread: Thread finished: Thread-Gruppe 1-51
2025-02-27 11:48:23,869 INFO o.a.j.t.JMeterThread: Thread finished: Thread-Gruppe 1-21
2025-02-27 11:48:23,872 INFO o.a.j.t.JMeterThread: Thread finished: Thread-Gruppe 1-6
2025-02-27 11:48:23,969 INFO o.a.j.t.JMeterThread: Thread finished: Thread-Gruppe 1-33
2025-02-27 11:48:23,986 INFO o.a.j.t.JMeterThread: Thread finished: Thread-Gruppe 1-67
2025-02-27 11:48:23,989 INFO o.a.j.t.JMeterThread: Thread finished: Thread-Gruppe 1-52
2025-02-27 11:48:24,003 INFO o.a.j.t.JMeterThread: Thread finished: Thread-Gruppe 1-22
2025-02-27 11:48:24,008 INFO o.a.j.t.JMeterThread: Thread finished: Thread-Gruppe 1-7
2025-02-27 11:48:24,097 INFO o.a.j.t.JMeterThread: Thread finished: Thread-Gruppe 1-34
2025-02-27 11:48:24,121 INFO o.a.j.t.JMeterThread: Thread finished: Thread-Gruppe 1-68
2025-02-27 11:48:24,123 INFO o.a.j.t.JMeterThread: Thread finished: Thread-Gruppe 1-53
2025-02-27 11:48:24,133 INFO o.a.j.t.JMeterThread: Thread finished: Thread-Gruppe 1-23
2025-02-27 11:48:24,137 INFO o.a.j.t.JMeterThread: Thread finished: Thread-Gruppe 1-8
2025-02-27 11:48:24,228 INFO o.a.j.t.JMeterThread: Thread finished: Thread-Gruppe 1-35
2025-02-27 11:48:24,245 INFO o.a.j.t.JMeterThread: Thread finished: Thread-Gruppe 1-69
2025-02-27 11:48:24,255 INFO o.a.j.t.JMeterThread: Thread finished: Thread-Gruppe 1-54
2025-02-27 11:48:24,264 INFO o.a.j.t.JMeterThread: Thread finished: Thread-Gruppe 1-24
2025-02-27 11:48:24,271 INFO o.a.j.t.JMeterThread: Thread finished: Thread-Gruppe 1-9
2025-02-27 11:48:24,362 INFO o.a.j.t.JMeterThread: Thread finished: Thread-Gruppe 1-36
2025-02-27 11:48:24,388 INFO o.a.j.t.JMeterThread: Thread finished: Thread-Gruppe 1-70
2025-02-27 11:48:24,389 INFO o.a.j.t.JMeterThread: Thread finished: Thread-Gruppe 1-55
2025-02-27 11:48:24,400 INFO o.a.j.t.JMeterThread: Thread finished: Thread-Gruppe 1-25
2025-02-27 11:48:24,404 INFO o.a.j.t.JMeterThread: Thread finished: Thread-Gruppe 1-10
2025-02-27 11:48:24,492 INFO o.a.j.t.JMeterThread: Thread finished: Thread-Gruppe 1-37
2025-02-27 11:48:24,516 INFO o.a.j.t.JMeterThread: Thread finished: Thread-Gruppe 1-56
2025-02-27 11:48:24,518 INFO o.a.j.t.JMeterThread: Thread finished: Thread-Gruppe 1-71
2025-02-27 11:48:24,530 INFO o.a.j.t.JMeterThread: Thread finished: Thread-Gruppe 1-26
2025-02-27 11:48:24,537 INFO o.a.j.t.JMeterThread: Thread finished: Thread-Gruppe 1-11
2025-02-27 11:48:24,626 INFO o.a.j.t.JMeterThread: Thread finished: Thread-Gruppe 1-38
2025-02-27 11:48:24,652 INFO o.a.j.t.JMeterThread: Thread finished: Thread-Gruppe 1-72
2025-02-27 11:48:24,662 INFO o.a.j.t.JMeterThread: Thread finished: Thread-Gruppe 1-57
2025-02-27 11:48:24,663 INFO o.a.j.t.JMeterThread: Thread finished: Thread-Gruppe 1-27
2025-02-27 11:48:24,670 INFO o.a.j.t.JMeterThread: Thread finished: Thread-Gruppe 1-12
2025-02-27 11:48:24,768 INFO o.a.j.t.JMeterThread: Thread finished: Thread-Gruppe 2-16
2025-02-27 11:48:24,774 INFO o.a.j.t.JMeterThread: Thread finished: Thread-Gruppe 1-39
2025-02-27 11:48:24,784 INFO o.a.j.t.JMeterThread: Thread finished: Thread-Gruppe 1-73
2025-02-27 11:48:24,789 INFO o.a.j.t.JMeterThread: Thread finished: Thread-Gruppe 1-58
2025-02-27 11:48:24,798 INFO o.a.j.t.JMeterThread: Thread finished: Thread-Gruppe 1-28
2025-02-27 11:48:24,807 INFO o.a.j.t.JMeterThread: Thread finished: Thread-Gruppe 1-13
2025-02-27 11:48:24,819 INFO o.a.j.t.JMeterThread: Thread finished: Thread-Gruppe 2-10
2025-02-27 11:48:24,827 INFO o.a.j.t.JMeterThread: Thread finished: Thread-Gruppe 2-19
2025-02-27 11:48:24,846 INFO o.a.j.t.JMeterThread: Thread finished: Thread-Gruppe 2-8
2025-02-27 11:48:24,847 INFO o.a.j.t.JMeterThread: Thread finished: Thread-Gruppe 2-9
2025-02-27 11:48:24,863 INFO o.a.j.t.JMeterThread: Thread finished: Thread-Gruppe 2-7
2025-02-27 11:48:24,894 INFO o.a.j.t.JMeterThread: Thread finished: Thread-Gruppe 1-40
2025-02-27 11:48:24,911 INFO o.a.j.t.JMeterThread: Thread finished: Thread-Gruppe 1-74
2025-02-27 11:48:24,924 INFO o.a.j.t.JMeterThread: Thread finished: Thread-Gruppe 1-59
2025-02-27 11:48:24,933 INFO o.a.j.t.JMeterThread: Thread finished: Thread-Gruppe 1-29
2025-02-27 11:48:24,941 INFO o.a.j.t.JMeterThread: Thread finished: Thread-Gruppe 1-14
2025-02-27 11:48:24,971 INFO o.a.j.t.JMeterThread: Thread finished: Thread-Gruppe 3-3
2025-02-27 11:48:25,011 INFO o.a.j.t.JMeterThread: Stopping because end time detected by thread: Thread-Gruppe 1-41
2025-02-27 11:48:25,011 INFO o.a.j.t.JMeterThread: Thread finished: Thread-Gruppe 1-41
2025-02-27 11:48:25,059 INFO o.a.j.t.JMeterThread: Stopping because end time detected by thread: Thread-Gruppe 1-60
2025-02-27 11:48:25,059 INFO o.a.j.t.JMeterThread: Thread finished: Thread-Gruppe 1-60
2025-02-27 11:48:25,059 INFO o.a.j.t.JMeterThread: Stopping because end time detected by thread: Thread-Gruppe 1-75
2025-02-27 11:48:25,059 INFO o.a.j.t.JMeterThread: Thread finished: Thread-Gruppe 1-75
2025-02-27 11:48:25,059 INFO o.a.j.t.JMeterThread: Stopping because end time detected by thread: Thread-Gruppe 1-15
2025-02-27 11:48:25,059 INFO o.a.j.t.JMeterThread: Thread finished: Thread-Gruppe 1-15
2025-02-27 11:48:25,059 INFO o.a.j.t.JMeterThread: Stopping because end time detected by thread: Thread-Gruppe 1-30
2025-02-27 11:48:25,059 INFO o.a.j.t.JMeterThread: Thread finished: Thread-Gruppe 1-30
2025-02-27 11:48:25,059 INFO o.a.j.t.JMeterThread: Thread finished: Thread-Gruppe 2-17
2025-02-27 11:48:25,059 INFO o.a.j.t.JMeterThread: Thread finished: Thread-Gruppe 2-14
2025-02-27 11:48:25,119 INFO o.a.j.t.JMeterThread: Stopping because end time detected by thread: Thread-Gruppe 2-1
2025-02-27 11:48:25,119 INFO o.a.j.t.JMeterThread: Thread finished: Thread-Gruppe 2-1
2025-02-27 11:48:25,119 INFO o.a.j.t.JMeterThread: Stopping because end time detected by thread: Thread-Gruppe 2-2
2025-02-27 11:48:25,119 INFO o.a.j.t.JMeterThread: Thread finished: Thread-Gruppe 2-2
2025-02-27 11:48:25,134 INFO o.a.j.t.JMeterThread: Stopping because end time detected by thread: Thread-Gruppe 1-42
2025-02-27 11:48:25,134 INFO o.a.j.t.JMeterThread: Thread finished: Thread-Gruppe 1-42
2025-02-27 11:48:25,149 INFO o.a.j.t.JMeterThread: Stopping because end time detected by thread: Thread-Gruppe 2-4
2025-02-27 11:48:25,149 INFO o.a.j.t.JMeterThread: Thread finished: Thread-Gruppe 2-4
2025-02-27 11:48:25,149 INFO o.a.j.t.JMeterThread: Stopping because end time detected by thread: Thread-Gruppe 2-15
2025-02-27 11:48:25,149 INFO o.a.j.t.JMeterThread: Thread finished: Thread-Gruppe 2-15
2025-02-27 11:48:25,179 INFO o.a.j.t.JMeterThread: Stopping because end time detected by thread: Thread-Gruppe 1-61
2025-02-27 11:48:25,179 INFO o.a.j.t.JMeterThread: Thread finished: Thread-Gruppe 1-61
2025-02-27 11:48:25,194 INFO o.a.j.t.JMeterThread: Stopping because end time detected by thread: Thread-Gruppe 1-31
2025-02-27 11:48:25,194 INFO o.a.j.t.JMeterThread: Thread finished: Thread-Gruppe 1-31
2025-02-27 11:48:25,194 INFO o.a.j.t.JMeterThread: Stopping because end time detected by thread: Thread-Gruppe 2-20
2025-02-27 11:48:25,194 INFO o.a.j.t.JMeterThread: Thread finished: Thread-Gruppe 2-20
2025-02-27 11:48:25,194 INFO o.a.j.t.JMeterThread: Stopping because end time detected by thread: Thread-Gruppe 1-16
2025-02-27 11:48:25,194 INFO o.a.j.t.JMeterThread: Thread finished: Thread-Gruppe 1-16
2025-02-27 11:48:25,238 INFO o.a.j.t.JMeterThread: Stopping because end time detected by thread: Thread-Gruppe 2-3
2025-02-27 11:48:25,238 INFO o.a.j.t.JMeterThread: Thread finished: Thread-Gruppe 2-3
2025-02-27 11:48:25,263 INFO o.a.j.t.JMeterThread: Stopping because end time detected by thread: Thread-Gruppe 1-43
2025-02-27 11:48:25,263 INFO o.a.j.t.JMeterThread: Thread finished: Thread-Gruppe 1-43
2025-02-27 11:48:25,263 INFO o.a.j.t.JMeterThread: Stopping because end time detected by thread: Thread-Gruppe 2-5
2025-02-27 11:48:25,263 INFO o.a.j.t.JMeterThread: Thread finished: Thread-Gruppe 2-5
2025-02-27 11:48:25,263 INFO o.a.j.t.JMeterThread: Stopping because end time detected by thread: Thread-Gruppe 2-18
2025-02-27 11:48:25,263 INFO o.a.j.t.JMeterThread: Thread finished: Thread-Gruppe 2-18
2025-02-27 11:48:25,294 INFO o.a.j.t.JMeterThread: Stopping because end time detected by thread: Thread-Gruppe 2-6
2025-02-27 11:48:25,294 INFO o.a.j.t.JMeterThread: Thread finished: Thread-Gruppe 2-6
2025-02-27 11:48:25,323 INFO o.a.j.t.JMeterThread: Stopping because end time detected by thread: Thread-Gruppe 3-4
2025-02-27 11:48:25,339 INFO o.a.j.t.JMeterThread: Thread finished: Thread-Gruppe 3-4
2025-02-27 11:48:25,414 INFO o.a.j.t.JMeterThread: Stopping because end time detected by thread: Thread-Gruppe 3-2
2025-02-27 11:48:25,414 INFO o.a.j.t.JMeterThread: Thread finished: Thread-Gruppe 3-2
2025-02-27 11:48:25,428 INFO o.a.j.t.JMeterThread: Stopping because end time detected by thread: Thread-Gruppe 1-44
2025-02-27 11:48:25,428 INFO o.a.j.t.JMeterThread: Thread finished: Thread-Gruppe 1-44
2025-02-27 11:48:25,556 INFO o.a.j.t.JMeterThread: Stopping because end time detected by thread: Thread-Gruppe 1-45
2025-02-27 11:48:25,556 INFO o.a.j.t.JMeterThread: Thread finished: Thread-Gruppe 1-45
2025-02-27 11:48:25,646 INFO o.a.j.t.JMeterThread: Stopping because end time detected by thread: Thread-Gruppe 2-13
2025-02-27 11:48:25,646 INFO o.a.j.t.JMeterThread: Thread finished: Thread-Gruppe 2-13
2025-02-27 11:48:25,691 INFO o.a.j.t.JMeterThread: Stopping because end time detected by thread: Thread-Gruppe 1-46
2025-02-27 11:48:25,691 INFO o.a.j.t.JMeterThread: Thread finished: Thread-Gruppe 1-46
2025-02-27 11:48:25,691 INFO o.a.j.t.JMeterThread: Stopping because end time detected by thread: Thread-Gruppe 2-12
2025-02-27 11:48:25,691 INFO o.a.j.t.JMeterThread: Thread finished: Thread-Gruppe 2-12
2025-02-27 11:48:25,724 INFO o.a.j.t.JMeterThread: Stopping because end time detected by thread: Thread-Gruppe 3-5
2025-02-27 11:48:25,724 INFO o.a.j.t.JMeterThread: Thread finished: Thread-Gruppe 3-5
2025-02-27 11:48:25,754 INFO o.a.j.t.JMeterThread: Stopping because end time detected by thread: Thread-Gruppe 2-11
2025-02-27 11:48:25,754 INFO o.a.j.t.JMeterThread: Thread finished: Thread-Gruppe 2-11
2025-02-27 11:48:25,799 INFO o.a.j.t.JMeterThread: Stopping because end time detected by thread: Thread-Gruppe 3-1
2025-02-27 11:48:25,799 INFO o.a.j.t.JMeterThread: Thread finished: Thread-Gruppe 3-1
2025-02-27 11:48:25,799 INFO o.a.j.e.StandardJMeterEngine: Notifying test listeners of end of test
2025-02-27 11:48:25,799 INFO o.a.j.r.Summariser: summary +   1938 in 00:00:26 =   75.1/s Avg:   331 Min:   246 Max:   815 Err:     0 (0.00%) Active: 0 Started: 100 Finished: 100
2025-02-27 11:48:25,799 INFO o.a.j.r.Summariser: summary =  45452 in 00:11:01 =   68.7/s Avg:   344 Min:   244 Max:  1385 Err:     0 (0.00%)
