2025-03-01 19:35:05,537 INFO o.a.j.u.JMeterUtils: Setting Locale to en_EN
2025-03-01 19:35:05,569 INFO o.a.j.JMeter: Loading user properties from: C:\Users\ASUS\Desktop\apache-jmeter-5.6.3\apache-jmeter-5.6.3\bin\user.properties
2025-03-01 19:35:05,569 INFO o.a.j.JMeter: Loading system properties from: C:\Users\ASUS\Desktop\apache-jmeter-5.6.3\apache-jmeter-5.6.3\bin\system.properties
2025-03-01 19:35:05,569 INFO o.a.j.JMeter: Setting JMeter property: lb_1_hostname=104.155.182.254
2025-03-01 19:35:05,569 INFO o.a.j.JMeter: Setting JMeter property: lb_2_hostname=35.246.73.6
2025-03-01 19:35:05,569 INFO o.a.j.JMeter: Setting JMeter property: lb_1_port=8090
2025-03-01 19:35:05,569 INFO o.a.j.JMeter: Setting JMeter property: lb_2_port=8091
2025-03-01 19:35:05,573 INFO o.a.j.JMeter: Setting JMeter property: warm_up_users=20
2025-03-01 19:35:05,573 INFO o.a.j.JMeter: Setting JMeter property: warm_up_time=60
2025-03-01 19:35:05,573 INFO o.a.j.JMeter: Setting JMeter property: test_run_time=600
2025-03-01 19:35:05,573 INFO o.a.j.JMeter: Setting JMeter property: ramp_up=10
2025-03-01 19:35:05,573 INFO o.a.j.JMeter: Setting JMeter property: group_1=75
2025-03-01 19:35:05,573 INFO o.a.j.JMeter: Setting JMeter property: group_2=20
2025-03-01 19:35:05,573 INFO o.a.j.JMeter: Setting JMeter property: group_3=5
2025-03-01 19:35:05,573 INFO o.a.j.JMeter: Setting JMeter property: group_1_request_rate=30
2025-03-01 19:35:05,573 INFO o.a.j.JMeter: Setting JMeter property: group_2_request_rate=90
2025-03-01 19:35:05,573 INFO o.a.j.JMeter: Setting JMeter property: group_3_request_rate=120
2025-03-01 19:35:05,573 INFO o.a.j.JMeter: Setting JMeter property: log_file=c:\\Users\\ASUS\\Desktop\\Repos\\rate-limiter-nginx\\jmeter\\cloud\\2025_03_01_18_17_logs\\sliding_window_counter\\redis_async_rate_limit_100_window_size_60_sub_window_count_5_batch_percent_0.5\\warm_up_results.csv
2025-03-01 19:35:05,573 INFO o.a.j.JMeter: Setting JMeter property: algorithm=sliding_window_counter_redis_async_rate_limit_100_window_size_60_sub_window_count_5_batch_percent_0.5
2025-03-01 19:35:05,573 INFO o.a.j.JMeter: Setting JMeter property: auth=/sliding_window_counter/redis_async_rate_limit_100_window_size_60_sub_window_count_5_batch_percent_0.5/tools.descartes.teastore.auth/rest
2025-03-01 19:35:05,573 INFO o.a.j.JMeter: Setting JMeter property: persistence=/sliding_window_counter/redis_async_rate_limit_100_window_size_60_sub_window_count_5_batch_percent_0.5/tools.descartes.teastore.persistence/rest
2025-03-01 19:35:05,573 INFO o.a.j.JMeter: Setting JMeter property: recommender=/sliding_window_counter/redis_async_rate_limit_100_window_size_60_sub_window_count_5_batch_percent_0.5/tools.descartes.teastore.recommender/rest
2025-03-01 19:35:05,573 INFO o.a.j.JMeter: Setting JMeter property: image=/sliding_window_counter/redis_async_rate_limit_100_window_size_60_sub_window_count_5_batch_percent_0.5/tools.descartes.teastore.image/rest
2025-03-01 19:35:05,578 INFO o.a.j.JMeter: Copyright (c) 1998-2024 The Apache Software Foundation
2025-03-01 19:35:05,578 INFO o.a.j.JMeter: Version 5.6.3
2025-03-01 19:35:05,578 INFO o.a.j.JMeter: java.version=17.0.9
2025-03-01 19:35:05,578 INFO o.a.j.JMeter: java.vm.name=Java HotSpot(TM) 64-Bit Server VM
2025-03-01 19:35:05,578 INFO o.a.j.JMeter: os.name=Windows 11
2025-03-01 19:35:05,578 INFO o.a.j.JMeter: os.arch=amd64
2025-03-01 19:35:05,578 INFO o.a.j.JMeter: os.version=10.0
2025-03-01 19:35:05,578 INFO o.a.j.JMeter: file.encoding=Cp1252
2025-03-01 19:35:05,578 INFO o.a.j.JMeter: java.awt.headless=true
2025-03-01 19:35:05,578 INFO o.a.j.JMeter: Max memory     =1073741824
2025-03-01 19:35:05,578 INFO o.a.j.JMeter: Available Processors =12
2025-03-01 19:35:05,600 INFO o.a.j.JMeter: Default Locale=English (EN)
2025-03-01 19:35:05,600 INFO o.a.j.JMeter: JMeter  Locale=English (EN)
2025-03-01 19:35:05,600 INFO o.a.j.JMeter: JMeterHome=C:\Users\ASUS\Desktop\apache-jmeter-5.6.3\apache-jmeter-5.6.3
2025-03-01 19:35:05,600 INFO o.a.j.JMeter: user.dir  =C:\Users\ASUS\Desktop\Repos\rate-limiter-nginx
2025-03-01 19:35:05,600 INFO o.a.j.JMeter: PWD       =C:\Users\ASUS\Desktop\Repos\rate-limiter-nginx
2025-03-01 19:35:05,610 INFO o.a.j.JMeter: IP: 192.168.1.45 Name: THIVA FullName: THIVA
2025-03-01 19:35:05,623 INFO o.a.j.s.FileServer: Default base='C:\Users\ASUS\Desktop\Repos\rate-limiter-nginx'
2025-03-01 19:35:05,623 INFO o.a.j.s.FileServer: Set new base='c:\Users\ASUS\Desktop\Repos\rate-limiter-nginx\jmeter\cloud'
2025-03-01 19:35:05,856 INFO o.a.j.s.SaveService: Testplan (JMX) version: 2.2. Testlog (JTL) version: 2.2
2025-03-01 19:35:05,907 INFO o.a.j.s.SaveService: Using SaveService properties version 5.0
2025-03-01 19:35:05,908 INFO o.a.j.s.SaveService: Using SaveService properties file encoding UTF-8
2025-03-01 19:35:05,908 INFO o.a.j.s.SaveService: Loading file: c:\Users\ASUS\Desktop\Repos\rate-limiter-nginx\jmeter\cloud\teastore_performance.jmx
2025-03-01 19:35:05,968 INFO o.a.j.p.h.c.CookieManager: Settings: Delete null: true Check: true Allow variable: true Save: false Prefix: COOKIE_
2025-03-01 19:35:05,997 INFO o.a.j.p.h.s.HTTPSamplerBase: Parser for text/html is org.apache.jmeter.protocol.http.parser.LagartoBasedHtmlParser
2025-03-01 19:35:05,997 INFO o.a.j.p.h.s.HTTPSamplerBase: Parser for application/xhtml+xml is org.apache.jmeter.protocol.http.parser.LagartoBasedHtmlParser
2025-03-01 19:35:05,997 INFO o.a.j.p.h.s.HTTPSamplerBase: Parser for application/xml is org.apache.jmeter.protocol.http.parser.LagartoBasedHtmlParser
2025-03-01 19:35:05,997 INFO o.a.j.p.h.s.HTTPSamplerBase: Parser for text/xml is org.apache.jmeter.protocol.http.parser.LagartoBasedHtmlParser
2025-03-01 19:35:05,997 INFO o.a.j.p.h.s.HTTPSamplerBase: Parser for text/vnd.wap.wml is org.apache.jmeter.protocol.http.parser.RegexpHTMLParser
2025-03-01 19:35:05,997 INFO o.a.j.p.h.s.HTTPSamplerBase: Parser for text/css is org.apache.jmeter.protocol.http.parser.CssParser
2025-03-01 19:35:06,138 INFO o.a.j.s.SampleResult: Note: Sample TimeStamps are START times
2025-03-01 19:35:06,138 INFO o.a.j.s.SampleResult: sampleresult.default.encoding is set to UTF-8
2025-03-01 19:35:06,138 INFO o.a.j.s.SampleResult: sampleresult.useNanoTime=true
2025-03-01 19:35:06,138 INFO o.a.j.s.SampleResult: sampleresult.nanoThreadSleep=5000
2025-03-01 19:35:06,175 INFO o.a.j.JMeter: Creating summariser <summary>
2025-03-01 19:35:06,194 INFO o.a.j.e.StandardJMeterEngine: Running the test!
2025-03-01 19:35:06,194 INFO o.a.j.s.SampleEvent: List of sample_variables: []
2025-03-01 19:35:06,194 INFO o.a.j.s.SampleEvent: List of sample_variables: []
2025-03-01 19:35:06,211 INFO o.a.j.e.u.CompoundVariable: Note: Function class names must contain the string: '.functions.'
2025-03-01 19:35:06,211 INFO o.a.j.e.u.CompoundVariable: Note: Function class names must not contain the string: '.gui.'
2025-03-01 19:35:06,292 INFO o.a.j.r.ClassFinder: Will scan jar C:\Users\ASUS\Desktop\apache-jmeter-5.6.3\apache-jmeter-5.6.3\lib\ext\jmeter-plugins-casutg-2.10.jar with filter ExtendsClassFilter [parents=[interface org.apache.jmeter.functions.Function], inner=false, contains=null, notContains=null]. Consider exposing JMeter plugins via META-INF/services, and add JMeter-Skip-Class-Scanning=true manifest attribute so JMeter can skip classfile scanning
2025-03-01 19:35:06,320 INFO o.a.j.r.ClassFinder: Will scan jar C:\Users\ASUS\Desktop\apache-jmeter-5.6.3\apache-jmeter-5.6.3\lib\ext\jmeter-plugins-graphs-vs-2.0.jar with filter ExtendsClassFilter [parents=[interface org.apache.jmeter.functions.Function], inner=false, contains=null, notContains=null]. Consider exposing JMeter plugins via META-INF/services, and add JMeter-Skip-Class-Scanning=true manifest attribute so JMeter can skip classfile scanning
2025-03-01 19:35:06,321 INFO o.a.j.r.ClassFinder: Will scan jar C:\Users\ASUS\Desktop\apache-jmeter-5.6.3\apache-jmeter-5.6.3\lib\ext\jmeter-plugins-manager-1.9.jar with filter ExtendsClassFilter [parents=[interface org.apache.jmeter.functions.Function], inner=false, contains=null, notContains=null]. Consider exposing JMeter plugins via META-INF/services, and add JMeter-Skip-Class-Scanning=true manifest attribute so JMeter can skip classfile scanning
2025-03-01 19:35:06,401 INFO o.a.j.r.ClassFinder: Will scan jar C:\Users\ASUS\Desktop\apache-jmeter-5.6.3\apache-jmeter-5.6.3\lib\ext\jmeter-plugins-graphs-basic-2.0.jar with filter ExtendsClassFilter [parents=[interface org.apache.jmeter.functions.Function], inner=false, contains=null, notContains=null]. Consider exposing JMeter plugins via META-INF/services, and add JMeter-Skip-Class-Scanning=true manifest attribute so JMeter can skip classfile scanning
2025-03-01 19:35:06,401 INFO o.a.j.r.ClassFinder: Will scan jar C:\Users\ASUS\Desktop\apache-jmeter-5.6.3\apache-jmeter-5.6.3\lib\ext\jmeter-plugins-manager-0.20.jar with filter ExtendsClassFilter [parents=[interface org.apache.jmeter.functions.Function], inner=false, contains=null, notContains=null]. Consider exposing JMeter plugins via META-INF/services, and add JMeter-Skip-Class-Scanning=true manifest attribute so JMeter can skip classfile scanning
2025-03-01 19:35:06,432 INFO o.a.j.r.ClassFinder: Will scan jar C:\Users\ASUS\Desktop\apache-jmeter-5.6.3\apache-jmeter-5.6.3\lib\ext\jmeter-plugins-tst-2.6.jar with filter ExtendsClassFilter [parents=[interface org.apache.jmeter.functions.Function], inner=false, contains=null, notContains=null]. Consider exposing JMeter plugins via META-INF/services, and add JMeter-Skip-Class-Scanning=true manifest attribute so JMeter can skip classfile scanning
2025-03-01 19:35:06,432 INFO o.a.j.r.ClassFinder: Will scan jar C:\Users\ASUS\Desktop\apache-jmeter-5.6.3\apache-jmeter-5.6.3\lib\ext\jmeter-parallel-0.12.jar with filter ExtendsClassFilter [parents=[interface org.apache.jmeter.functions.Function], inner=false, contains=null, notContains=null]. Consider exposing JMeter plugins via META-INF/services, and add JMeter-Skip-Class-Scanning=true manifest attribute so JMeter can skip classfile scanning
2025-03-01 19:35:06,701 INFO o.a.j.JMeter: Running test (1740837906701)
2025-03-01 19:35:06,717 INFO o.a.j.e.StandardJMeterEngine: Starting setUp thread groups
2025-03-01 19:35:06,717 INFO o.a.j.e.StandardJMeterEngine: Starting setUp ThreadGroup: 1 : setUp Thread Group 
2025-03-01 19:35:06,717 INFO o.a.j.e.StandardJMeterEngine: Starting 20 threads for group setUp Thread Group.
2025-03-01 19:35:06,717 INFO o.a.j.e.StandardJMeterEngine: Thread will continue on error
2025-03-01 19:35:06,717 INFO o.a.j.t.ThreadGroup: Starting thread group... number=1 threads=20 ramp-up=10 delayedStart=false
2025-03-01 19:35:06,725 INFO o.a.j.t.JMeterThread: Thread started: setUp Thread Group 1-1
2025-03-01 19:35:06,763 INFO o.a.j.t.ThreadGroup: Started thread group number 1
2025-03-01 19:35:06,763 INFO o.a.j.e.StandardJMeterEngine: Waiting for all setup thread groups to exit
2025-03-01 19:35:07,227 INFO o.a.j.t.JMeterThread: Thread started: setUp Thread Group 1-2
2025-03-01 19:35:07,546 INFO o.a.j.p.h.s.HTTPHCAbstractImpl: Local host = THIVA
2025-03-01 19:35:07,554 INFO o.a.j.p.h.s.HTTPHC4Impl: HTTP request retry count = 0
2025-03-01 19:35:07,724 INFO o.a.j.t.JMeterThread: Thread started: setUp Thread Group 1-3
2025-03-01 19:35:08,225 INFO o.a.j.t.JMeterThread: Thread started: setUp Thread Group 1-4
2025-03-01 19:35:08,723 INFO o.a.j.t.JMeterThread: Thread started: setUp Thread Group 1-5
2025-03-01 19:35:09,224 INFO o.a.j.t.JMeterThread: Thread started: setUp Thread Group 1-6
2025-03-01 19:35:09,721 INFO o.a.j.t.JMeterThread: Thread started: setUp Thread Group 1-7
2025-03-01 19:35:10,228 INFO o.a.j.t.JMeterThread: Thread started: setUp Thread Group 1-8
2025-03-01 19:35:10,726 INFO o.a.j.t.JMeterThread: Thread started: setUp Thread Group 1-9
2025-03-01 19:35:11,224 INFO o.a.j.t.JMeterThread: Thread started: setUp Thread Group 1-10
2025-03-01 19:35:11,723 INFO o.a.j.t.JMeterThread: Thread started: setUp Thread Group 1-11
2025-03-01 19:35:12,223 INFO o.a.j.t.JMeterThread: Thread started: setUp Thread Group 1-12
2025-03-01 19:35:12,720 INFO o.a.j.t.JMeterThread: Thread started: setUp Thread Group 1-13
2025-03-01 19:35:13,224 INFO o.a.j.t.JMeterThread: Thread started: setUp Thread Group 1-14
2025-03-01 19:35:13,724 INFO o.a.j.t.JMeterThread: Thread started: setUp Thread Group 1-15
2025-03-01 19:35:14,222 INFO o.a.j.t.JMeterThread: Thread started: setUp Thread Group 1-16
2025-03-01 19:35:14,721 INFO o.a.j.t.JMeterThread: Thread started: setUp Thread Group 1-17
2025-03-01 19:35:15,222 INFO o.a.j.t.JMeterThread: Thread started: setUp Thread Group 1-18
2025-03-01 19:35:15,722 INFO o.a.j.t.JMeterThread: Thread started: setUp Thread Group 1-19
2025-03-01 19:35:16,220 INFO o.a.j.t.JMeterThread: Thread started: setUp Thread Group 1-20
2025-03-01 19:36:06,510 INFO o.a.j.t.JMeterThread: Thread finished: setUp Thread Group 1-1
2025-03-01 19:36:06,587 INFO o.a.j.t.JMeterThread: Thread finished: setUp Thread Group 1-19
2025-03-01 19:36:06,639 INFO o.a.j.t.JMeterThread: Thread finished: setUp Thread Group 1-13
2025-03-01 19:36:06,696 INFO o.a.j.t.JMeterThread: Thread finished: setUp Thread Group 1-17
2025-03-01 19:36:06,733 INFO o.a.j.t.JMeterThread: Thread finished: setUp Thread Group 1-15
2025-03-01 19:36:06,736 INFO o.a.j.t.JMeterThread: Thread finished: setUp Thread Group 1-11
2025-03-01 19:36:06,763 INFO o.a.j.t.JMeterThread: Stopping because end time detected by thread: setUp Thread Group 1-6
2025-03-01 19:36:06,763 INFO o.a.j.t.JMeterThread: Thread finished: setUp Thread Group 1-6
2025-03-01 19:36:06,782 INFO o.a.j.t.JMeterThread: Stopping because end time detected by thread: setUp Thread Group 1-2
2025-03-01 19:36:06,782 INFO o.a.j.t.JMeterThread: Thread finished: setUp Thread Group 1-2
2025-03-01 19:36:06,782 INFO o.a.j.t.JMeterThread: Stopping because end time detected by thread: setUp Thread Group 1-3
2025-03-01 19:36:06,782 INFO o.a.j.t.JMeterThread: Thread finished: setUp Thread Group 1-3
2025-03-01 19:36:06,795 INFO o.a.j.t.JMeterThread: Stopping because end time detected by thread: setUp Thread Group 1-10
2025-03-01 19:36:06,795 INFO o.a.j.t.JMeterThread: Thread finished: setUp Thread Group 1-10
2025-03-01 19:36:06,827 INFO o.a.j.t.JMeterThread: Stopping because end time detected by thread: setUp Thread Group 1-12
2025-03-01 19:36:06,843 INFO o.a.j.t.JMeterThread: Thread finished: setUp Thread Group 1-12
2025-03-01 19:36:06,859 INFO o.a.j.t.JMeterThread: Stopping because end time detected by thread: setUp Thread Group 1-18
2025-03-01 19:36:06,859 INFO o.a.j.t.JMeterThread: Thread finished: setUp Thread Group 1-18
2025-03-01 19:36:06,876 INFO o.a.j.t.JMeterThread: Stopping because end time detected by thread: setUp Thread Group 1-5
2025-03-01 19:36:06,876 INFO o.a.j.t.JMeterThread: Thread finished: setUp Thread Group 1-5
2025-03-01 19:36:06,938 INFO o.a.j.t.JMeterThread: Stopping because end time detected by thread: setUp Thread Group 1-9
2025-03-01 19:36:06,938 INFO o.a.j.t.JMeterThread: Thread finished: setUp Thread Group 1-9
2025-03-01 19:36:06,938 INFO o.a.j.t.JMeterThread: Stopping because end time detected by thread: setUp Thread Group 1-8
2025-03-01 19:36:06,938 INFO o.a.j.t.JMeterThread: Thread finished: setUp Thread Group 1-8
2025-03-01 19:36:06,955 INFO o.a.j.t.JMeterThread: Stopping because end time detected by thread: setUp Thread Group 1-20
2025-03-01 19:36:06,955 INFO o.a.j.t.JMeterThread: Thread finished: setUp Thread Group 1-20
2025-03-01 19:36:06,970 INFO o.a.j.t.JMeterThread: Stopping because end time detected by thread: setUp Thread Group 1-4
2025-03-01 19:36:06,970 INFO o.a.j.t.JMeterThread: Thread finished: setUp Thread Group 1-4
2025-03-01 19:36:06,986 INFO o.a.j.t.JMeterThread: Stopping because end time detected by thread: setUp Thread Group 1-16
2025-03-01 19:36:06,986 INFO o.a.j.t.JMeterThread: Thread finished: setUp Thread Group 1-16
2025-03-01 19:36:06,995 INFO o.a.j.t.JMeterThread: Stopping because end time detected by thread: setUp Thread Group 1-7
2025-03-01 19:36:06,995 INFO o.a.j.t.JMeterThread: Thread finished: setUp Thread Group 1-7
2025-03-01 19:36:07,002 INFO o.a.j.t.JMeterThread: Stopping because end time detected by thread: setUp Thread Group 1-14
2025-03-01 19:36:07,002 INFO o.a.j.t.JMeterThread: Thread finished: setUp Thread Group 1-14
2025-03-01 19:36:07,002 INFO o.a.j.e.StandardJMeterEngine: All Setup Threads have ended
2025-03-01 19:36:07,040 INFO o.a.j.e.StandardJMeterEngine: Starting ThreadGroup: 1 : Thread-Gruppe
2025-03-01 19:36:07,049 INFO o.a.j.e.StandardJMeterEngine: Starting 75 threads for group Thread-Gruppe.
2025-03-01 19:36:07,049 INFO o.a.j.e.StandardJMeterEngine: Thread will continue on error
2025-03-01 19:36:07,049 INFO o.a.j.t.ThreadGroup: Starting thread group... number=1 threads=75 ramp-up=10 delayedStart=false
2025-03-01 19:36:07,055 INFO o.a.j.t.JMeterThread: Thread started: Thread-Gruppe 1-1
2025-03-01 19:36:07,115 INFO o.a.j.t.ThreadGroup: Started thread group number 1
2025-03-01 19:36:07,115 INFO o.a.j.e.StandardJMeterEngine: Starting ThreadGroup: 2 : Thread-Gruppe
2025-03-01 19:36:07,115 INFO o.a.j.e.StandardJMeterEngine: Starting 20 threads for group Thread-Gruppe.
2025-03-01 19:36:07,115 INFO o.a.j.e.StandardJMeterEngine: Thread will continue on error
2025-03-01 19:36:07,115 INFO o.a.j.t.ThreadGroup: Starting thread group... number=2 threads=20 ramp-up=10 delayedStart=false
2025-03-01 19:36:07,117 INFO o.a.j.t.JMeterThread: Thread started: Thread-Gruppe 2-1
2025-03-01 19:36:07,131 INFO o.a.j.t.ThreadGroup: Started thread group number 2
2025-03-01 19:36:07,132 INFO o.a.j.e.StandardJMeterEngine: Starting ThreadGroup: 3 : Thread-Gruppe
2025-03-01 19:36:07,132 INFO o.a.j.e.StandardJMeterEngine: Starting 5 threads for group Thread-Gruppe.
2025-03-01 19:36:07,132 INFO o.a.j.e.StandardJMeterEngine: Thread will continue on error
2025-03-01 19:36:07,132 INFO o.a.j.t.ThreadGroup: Starting thread group... number=3 threads=5 ramp-up=10 delayedStart=false
2025-03-01 19:36:07,133 INFO o.a.j.t.JMeterThread: Thread started: Thread-Gruppe 3-1
2025-03-01 19:36:07,134 INFO o.a.j.t.ThreadGroup: Started thread group number 3
2025-03-01 19:36:07,135 INFO o.a.j.e.StandardJMeterEngine: All thread groups have been started
2025-03-01 19:36:07,189 INFO o.a.j.t.JMeterThread: Thread started: Thread-Gruppe 1-2
2025-03-01 19:36:07,323 INFO o.a.j.t.JMeterThread: Thread started: Thread-Gruppe 1-3
2025-03-01 19:36:07,451 INFO o.a.j.t.JMeterThread: Thread started: Thread-Gruppe 1-4
2025-03-01 19:36:07,586 INFO o.a.j.t.JMeterThread: Thread started: Thread-Gruppe 1-5
2025-03-01 19:36:07,617 INFO o.a.j.t.JMeterThread: Thread started: Thread-Gruppe 2-2
2025-03-01 19:36:07,719 INFO o.a.j.t.JMeterThread: Thread started: Thread-Gruppe 1-6
2025-03-01 19:36:07,852 INFO o.a.j.t.JMeterThread: Thread started: Thread-Gruppe 1-7
2025-03-01 19:36:07,983 INFO o.a.j.t.JMeterThread: Thread started: Thread-Gruppe 1-8
2025-03-01 19:36:08,115 INFO o.a.j.t.JMeterThread: Thread started: Thread-Gruppe 1-9
2025-03-01 19:36:08,117 INFO o.a.j.t.JMeterThread: Thread started: Thread-Gruppe 2-3
2025-03-01 19:36:08,249 INFO o.a.j.t.JMeterThread: Thread started: Thread-Gruppe 1-10
2025-03-01 19:36:08,381 INFO o.a.j.t.JMeterThread: Thread started: Thread-Gruppe 1-11
2025-03-01 19:36:08,515 INFO o.a.j.t.JMeterThread: Thread started: Thread-Gruppe 1-12
2025-03-01 19:36:08,617 INFO o.a.j.t.JMeterThread: Thread started: Thread-Gruppe 2-4
2025-03-01 19:36:08,648 INFO o.a.j.t.JMeterThread: Thread started: Thread-Gruppe 1-13
2025-03-01 19:36:08,779 INFO o.a.j.t.JMeterThread: Thread started: Thread-Gruppe 1-14
2025-03-01 19:36:08,913 INFO o.a.j.t.JMeterThread: Thread started: Thread-Gruppe 1-15
2025-03-01 19:36:09,045 INFO o.a.j.t.JMeterThread: Thread started: Thread-Gruppe 1-16
2025-03-01 19:36:09,118 INFO o.a.j.t.JMeterThread: Thread started: Thread-Gruppe 2-5
2025-03-01 19:36:09,135 INFO o.a.j.t.JMeterThread: Thread started: Thread-Gruppe 3-2
2025-03-01 19:36:09,178 INFO o.a.j.t.JMeterThread: Thread started: Thread-Gruppe 1-17
2025-03-01 19:36:09,313 INFO o.a.j.t.JMeterThread: Thread started: Thread-Gruppe 1-18
2025-03-01 19:36:09,445 INFO o.a.j.t.JMeterThread: Thread started: Thread-Gruppe 1-19
2025-03-01 19:36:09,578 INFO o.a.j.t.JMeterThread: Thread started: Thread-Gruppe 1-20
2025-03-01 19:36:09,617 INFO o.a.j.t.JMeterThread: Thread started: Thread-Gruppe 2-6
2025-03-01 19:36:09,711 INFO o.a.j.t.JMeterThread: Thread started: Thread-Gruppe 1-21
2025-03-01 19:36:09,843 INFO o.a.j.t.JMeterThread: Thread started: Thread-Gruppe 1-22
2025-03-01 19:36:09,978 INFO o.a.j.t.JMeterThread: Thread started: Thread-Gruppe 1-23
2025-03-01 19:36:10,109 INFO o.a.j.t.JMeterThread: Thread started: Thread-Gruppe 1-24
2025-03-01 19:36:10,118 INFO o.a.j.t.JMeterThread: Thread started: Thread-Gruppe 2-7
2025-03-01 19:36:10,242 INFO o.a.j.t.JMeterThread: Thread started: Thread-Gruppe 1-25
2025-03-01 19:36:10,377 INFO o.a.j.t.JMeterThread: Thread started: Thread-Gruppe 1-26
2025-03-01 19:36:10,508 INFO o.a.j.t.JMeterThread: Thread started: Thread-Gruppe 1-27
2025-03-01 19:36:10,617 INFO o.a.j.t.JMeterThread: Thread started: Thread-Gruppe 2-8
2025-03-01 19:36:10,642 INFO o.a.j.t.JMeterThread: Thread started: Thread-Gruppe 1-28
2025-03-01 19:36:10,775 INFO o.a.j.t.JMeterThread: Thread started: Thread-Gruppe 1-29
2025-03-01 19:36:10,908 INFO o.a.j.t.JMeterThread: Thread started: Thread-Gruppe 1-30
2025-03-01 19:36:11,041 INFO o.a.j.t.JMeterThread: Thread started: Thread-Gruppe 1-31
2025-03-01 19:36:11,118 INFO o.a.j.t.JMeterThread: Thread started: Thread-Gruppe 2-9
2025-03-01 19:36:11,134 INFO o.a.j.t.JMeterThread: Thread started: Thread-Gruppe 3-3
2025-03-01 19:36:11,175 INFO o.a.j.t.JMeterThread: Thread started: Thread-Gruppe 1-32
2025-03-01 19:36:11,308 INFO o.a.j.t.JMeterThread: Thread started: Thread-Gruppe 1-33
2025-03-01 19:36:11,440 INFO o.a.j.t.JMeterThread: Thread started: Thread-Gruppe 1-34
2025-03-01 19:36:11,574 INFO o.a.j.t.JMeterThread: Thread started: Thread-Gruppe 1-35
2025-03-01 19:36:11,618 INFO o.a.j.t.JMeterThread: Thread started: Thread-Gruppe 2-10
2025-03-01 19:36:11,706 INFO o.a.j.t.JMeterThread: Thread started: Thread-Gruppe 1-36
2025-03-01 19:36:11,840 INFO o.a.j.t.JMeterThread: Thread started: Thread-Gruppe 1-37
2025-03-01 19:36:11,972 INFO o.a.j.t.JMeterThread: Thread started: Thread-Gruppe 1-38
2025-03-01 19:36:12,106 INFO o.a.j.t.JMeterThread: Thread started: Thread-Gruppe 1-39
2025-03-01 19:36:12,118 INFO o.a.j.t.JMeterThread: Thread started: Thread-Gruppe 2-11
2025-03-01 19:36:12,238 INFO o.a.j.t.JMeterThread: Thread started: Thread-Gruppe 1-40
2025-03-01 19:36:12,371 INFO o.a.j.t.JMeterThread: Thread started: Thread-Gruppe 1-41
2025-03-01 19:36:12,503 INFO o.a.j.t.JMeterThread: Thread started: Thread-Gruppe 1-42
2025-03-01 19:36:12,617 INFO o.a.j.t.JMeterThread: Thread started: Thread-Gruppe 2-12
2025-03-01 19:36:12,637 INFO o.a.j.t.JMeterThread: Thread started: Thread-Gruppe 1-43
2025-03-01 19:36:12,770 INFO o.a.j.t.JMeterThread: Thread started: Thread-Gruppe 1-44
2025-03-01 19:36:12,902 INFO o.a.j.t.JMeterThread: Thread started: Thread-Gruppe 1-45
2025-03-01 19:36:13,036 INFO o.a.j.t.JMeterThread: Thread started: Thread-Gruppe 1-46
2025-03-01 19:36:13,118 INFO o.a.j.t.JMeterThread: Thread started: Thread-Gruppe 2-13
2025-03-01 19:36:13,135 INFO o.a.j.t.JMeterThread: Thread started: Thread-Gruppe 3-4
2025-03-01 19:36:13,170 INFO o.a.j.t.JMeterThread: Thread started: Thread-Gruppe 1-47
2025-03-01 19:36:13,305 INFO o.a.j.t.JMeterThread: Thread started: Thread-Gruppe 1-48
2025-03-01 19:36:13,436 INFO o.a.j.t.JMeterThread: Thread started: Thread-Gruppe 1-49
2025-03-01 19:36:13,570 INFO o.a.j.t.JMeterThread: Thread started: Thread-Gruppe 1-50
2025-03-01 19:36:13,617 INFO o.a.j.t.JMeterThread: Thread started: Thread-Gruppe 2-14
2025-03-01 19:36:13,701 INFO o.a.j.t.JMeterThread: Thread started: Thread-Gruppe 1-51
2025-03-01 19:36:13,835 INFO o.a.j.t.JMeterThread: Thread started: Thread-Gruppe 1-52
2025-03-01 19:36:13,967 INFO o.a.j.t.JMeterThread: Thread started: Thread-Gruppe 1-53
2025-03-01 19:36:14,102 INFO o.a.j.t.JMeterThread: Thread started: Thread-Gruppe 1-54
2025-03-01 19:36:14,117 INFO o.a.j.t.JMeterThread: Thread started: Thread-Gruppe 2-15
2025-03-01 19:36:14,235 INFO o.a.j.t.JMeterThread: Thread started: Thread-Gruppe 1-55
2025-03-01 19:36:14,367 INFO o.a.j.t.JMeterThread: Thread started: Thread-Gruppe 1-56
2025-03-01 19:36:14,500 INFO o.a.j.t.JMeterThread: Thread started: Thread-Gruppe 1-57
2025-03-01 19:36:14,617 INFO o.a.j.t.JMeterThread: Thread started: Thread-Gruppe 2-16
2025-03-01 19:36:14,632 INFO o.a.j.t.JMeterThread: Thread started: Thread-Gruppe 1-58
2025-03-01 19:36:14,765 INFO o.a.j.t.JMeterThread: Thread started: Thread-Gruppe 1-59
2025-03-01 19:36:14,897 INFO o.a.j.t.JMeterThread: Thread started: Thread-Gruppe 1-60
2025-03-01 19:36:15,032 INFO o.a.j.t.JMeterThread: Thread started: Thread-Gruppe 1-61
2025-03-01 19:36:15,118 INFO o.a.j.t.JMeterThread: Thread started: Thread-Gruppe 2-17
2025-03-01 19:36:15,134 INFO o.a.j.t.JMeterThread: Thread started: Thread-Gruppe 3-5
2025-03-01 19:36:15,164 INFO o.a.j.t.JMeterThread: Thread started: Thread-Gruppe 1-62
2025-03-01 19:36:15,298 INFO o.a.j.t.JMeterThread: Thread started: Thread-Gruppe 1-63
2025-03-01 19:36:15,431 INFO o.a.j.t.JMeterThread: Thread started: Thread-Gruppe 1-64
2025-03-01 19:36:15,564 INFO o.a.j.t.JMeterThread: Thread started: Thread-Gruppe 1-65
2025-03-01 19:36:15,621 INFO o.a.j.t.JMeterThread: Thread started: Thread-Gruppe 2-18
2025-03-01 19:36:15,697 INFO o.a.j.t.JMeterThread: Thread started: Thread-Gruppe 1-66
2025-03-01 19:36:15,828 INFO o.a.j.t.JMeterThread: Thread started: Thread-Gruppe 1-67
2025-03-01 19:36:15,963 INFO o.a.j.t.JMeterThread: Thread started: Thread-Gruppe 1-68
2025-03-01 19:36:16,096 INFO o.a.j.t.JMeterThread: Thread started: Thread-Gruppe 1-69
2025-03-01 19:36:16,117 INFO o.a.j.t.JMeterThread: Thread started: Thread-Gruppe 2-19
2025-03-01 19:36:16,227 INFO o.a.j.t.JMeterThread: Thread started: Thread-Gruppe 1-70
2025-03-01 19:36:16,362 INFO o.a.j.t.JMeterThread: Thread started: Thread-Gruppe 1-71
2025-03-01 19:36:16,494 INFO o.a.j.t.JMeterThread: Thread started: Thread-Gruppe 1-72
2025-03-01 19:36:16,617 INFO o.a.j.t.JMeterThread: Thread started: Thread-Gruppe 2-20
2025-03-01 19:36:16,627 INFO o.a.j.t.JMeterThread: Thread started: Thread-Gruppe 1-73
2025-03-01 19:36:16,760 INFO o.a.j.t.JMeterThread: Thread started: Thread-Gruppe 1-74
2025-03-01 19:36:16,892 INFO o.a.j.t.JMeterThread: Thread started: Thread-Gruppe 1-75
2025-03-01 19:36:30,010 INFO o.a.j.r.Summariser: summary +   1415 in 00:01:23 =   17.0/s Avg:   364 Min:   241 Max:   837 Err:     0 (0.00%) Active: 100 Started: 100 Finished: 0
2025-03-01 19:37:00,001 INFO o.a.j.r.Summariser: summary +   2294 in 00:00:30 =   76.5/s Avg:   341 Min:   241 Max:   814 Err:     0 (0.00%) Active: 100 Started: 100 Finished: 0
2025-03-01 19:37:00,002 INFO o.a.j.r.Summariser: summary =   3709 in 00:01:53 =   32.7/s Avg:   349 Min:   241 Max:   837 Err:     0 (0.00%)
2025-03-01 19:37:30,006 INFO o.a.j.r.Summariser: summary +   2293 in 00:00:30 =   76.4/s Avg:   377 Min:   241 Max:  1405 Err:     0 (0.00%) Active: 100 Started: 100 Finished: 0
2025-03-01 19:37:30,007 INFO o.a.j.r.Summariser: summary =   6002 in 00:02:23 =   41.9/s Avg:   360 Min:   241 Max:  1405 Err:     0 (0.00%)
2025-03-01 19:38:00,067 INFO o.a.j.r.Summariser: summary +   2289 in 00:00:30 =   76.1/s Avg:   351 Min:   242 Max:   905 Err:     0 (0.00%) Active: 100 Started: 100 Finished: 0
2025-03-01 19:38:00,068 INFO o.a.j.r.Summariser: summary =   8291 in 00:02:53 =   47.8/s Avg:   357 Min:   241 Max:  1405 Err:     0 (0.00%)
2025-03-01 19:38:30,016 INFO o.a.j.r.Summariser: summary +   2279 in 00:00:30 =   76.1/s Avg:   374 Min:   239 Max:  1066 Err:     1 (0.04%) Active: 100 Started: 100 Finished: 0
2025-03-01 19:38:30,017 INFO o.a.j.r.Summariser: summary =  10570 in 00:03:23 =   52.0/s Avg:   361 Min:   239 Max:  1405 Err:     1 (0.01%)
2025-03-01 19:39:00,022 INFO o.a.j.r.Summariser: summary +   2291 in 00:00:30 =   76.4/s Avg:   345 Min:   241 Max:   925 Err:     0 (0.00%) Active: 100 Started: 100 Finished: 0
2025-03-01 19:39:00,023 INFO o.a.j.r.Summariser: summary =  12861 in 00:03:53 =   55.1/s Avg:   358 Min:   239 Max:  1405 Err:     1 (0.01%)
2025-03-01 19:39:30,004 INFO o.a.j.r.Summariser: summary +   2274 in 00:00:30 =   75.8/s Avg:   385 Min:   241 Max:  1476 Err:     0 (0.00%) Active: 100 Started: 100 Finished: 0
2025-03-01 19:39:30,005 INFO o.a.j.r.Summariser: summary =  15135 in 00:04:23 =   57.5/s Avg:   362 Min:   239 Max:  1476 Err:     1 (0.01%)
2025-03-01 19:40:00,003 INFO o.a.j.r.Summariser: summary +   2290 in 00:00:30 =   76.3/s Avg:   359 Min:   241 Max:   933 Err:     0 (0.00%) Active: 100 Started: 100 Finished: 0
2025-03-01 19:40:00,003 INFO o.a.j.r.Summariser: summary =  17425 in 00:04:53 =   59.4/s Avg:   362 Min:   239 Max:  1476 Err:     1 (0.01%)
2025-03-01 19:40:30,003 INFO o.a.j.r.Summariser: summary +   2285 in 00:00:30 =   76.2/s Avg:   372 Min:   242 Max:  1071 Err:     0 (0.00%) Active: 100 Started: 100 Finished: 0
2025-03-01 19:40:30,004 INFO o.a.j.r.Summariser: summary =  19710 in 00:05:23 =   61.0/s Avg:   363 Min:   239 Max:  1476 Err:     1 (0.01%)
2025-03-01 19:41:00,008 INFO o.a.j.r.Summariser: summary +   2287 in 00:00:30 =   76.2/s Avg:   362 Min:   241 Max:   983 Err:     1 (0.04%) Active: 100 Started: 100 Finished: 0
2025-03-01 19:41:00,009 INFO o.a.j.r.Summariser: summary =  21997 in 00:05:53 =   62.3/s Avg:   363 Min:   239 Max:  1476 Err:     2 (0.01%)
2025-03-01 19:41:30,010 INFO o.a.j.r.Summariser: summary +   2289 in 00:00:30 =   76.3/s Avg:   366 Min:   241 Max:  1085 Err:     0 (0.00%) Active: 100 Started: 100 Finished: 0
2025-03-01 19:41:30,011 INFO o.a.j.r.Summariser: summary =  24286 in 00:06:23 =   63.4/s Avg:   363 Min:   239 Max:  1476 Err:     2 (0.01%)
2025-03-01 19:42:00,006 INFO o.a.j.r.Summariser: summary +   2288 in 00:00:30 =   76.3/s Avg:   360 Min:   242 Max:   953 Err:     0 (0.00%) Active: 100 Started: 100 Finished: 0
2025-03-01 19:42:00,007 INFO o.a.j.r.Summariser: summary =  26574 in 00:06:53 =   64.3/s Avg:   363 Min:   239 Max:  1476 Err:     2 (0.01%)
2025-03-01 19:42:30,023 INFO o.a.j.r.Summariser: summary +   2293 in 00:00:30 =   76.4/s Avg:   371 Min:   241 Max:  1084 Err:     0 (0.00%) Active: 100 Started: 100 Finished: 0
2025-03-01 19:42:30,024 INFO o.a.j.r.Summariser: summary =  28867 in 00:07:23 =   65.1/s Avg:   364 Min:   239 Max:  1476 Err:     2 (0.01%)
2025-03-01 19:43:00,000 INFO o.a.j.r.Summariser: summary +   2281 in 00:00:30 =   76.1/s Avg:   354 Min:   242 Max:   921 Err:     0 (0.00%) Active: 100 Started: 100 Finished: 0
2025-03-01 19:43:00,001 INFO o.a.j.r.Summariser: summary =  31148 in 00:07:53 =   65.8/s Avg:   363 Min:   239 Max:  1476 Err:     2 (0.01%)
2025-03-01 19:43:30,020 INFO o.a.j.r.Summariser: summary +   2285 in 00:00:30 =   76.1/s Avg:   369 Min:   241 Max:  1098 Err:     0 (0.00%) Active: 100 Started: 100 Finished: 0
2025-03-01 19:43:30,021 INFO o.a.j.r.Summariser: summary =  33433 in 00:08:23 =   66.4/s Avg:   363 Min:   239 Max:  1476 Err:     2 (0.01%)
2025-03-01 19:44:00,012 INFO o.a.j.r.Summariser: summary +   2289 in 00:00:30 =   76.3/s Avg:   364 Min:   241 Max:  1508 Err:     0 (0.00%) Active: 100 Started: 100 Finished: 0
2025-03-01 19:44:00,013 INFO o.a.j.r.Summariser: summary =  35722 in 00:08:53 =   67.0/s Avg:   363 Min:   239 Max:  1508 Err:     2 (0.01%)
2025-03-01 19:44:30,008 INFO o.a.j.r.Summariser: summary +   2277 in 00:00:30 =   75.9/s Avg:   377 Min:   241 Max:  1461 Err:     0 (0.00%) Active: 100 Started: 100 Finished: 0
2025-03-01 19:44:30,009 INFO o.a.j.r.Summariser: summary =  37999 in 00:09:23 =   67.5/s Avg:   364 Min:   239 Max:  1508 Err:     2 (0.01%)
2025-03-01 19:45:00,002 INFO o.a.j.r.Summariser: summary +   2289 in 00:00:30 =   76.3/s Avg:   368 Min:   241 Max:  1042 Err:     0 (0.00%) Active: 100 Started: 100 Finished: 0
2025-03-01 19:45:00,002 INFO o.a.j.r.Summariser: summary =  40288 in 00:09:53 =   67.9/s Avg:   364 Min:   239 Max:  1508 Err:     2 (0.00%)
2025-03-01 19:45:30,003 INFO o.a.j.r.Summariser: summary +   2285 in 00:00:30 =   76.2/s Avg:   355 Min:   241 Max:  1130 Err:     0 (0.00%) Active: 100 Started: 100 Finished: 0
2025-03-01 19:45:30,005 INFO o.a.j.r.Summariser: summary =  42573 in 00:10:23 =   68.3/s Avg:   364 Min:   239 Max:  1508 Err:     2 (0.00%)
2025-03-01 19:46:00,025 INFO o.a.j.r.Summariser: summary +   2293 in 00:00:30 =   76.4/s Avg:   364 Min:   241 Max:  1409 Err:     0 (0.00%) Active: 100 Started: 100 Finished: 0
2025-03-01 19:46:00,026 INFO o.a.j.r.Summariser: summary =  44866 in 00:10:53 =   68.7/s Avg:   364 Min:   239 Max:  1508 Err:     2 (0.00%)
2025-03-01 19:46:05,386 INFO o.a.j.t.JMeterThread: Thread finished: Thread-Gruppe 1-1
2025-03-01 19:46:05,425 INFO o.a.j.t.JMeterThread: Thread finished: Thread-Gruppe 1-47
2025-03-01 19:46:05,427 INFO o.a.j.t.JMeterThread: Thread finished: Thread-Gruppe 1-17
2025-03-01 19:46:05,461 INFO o.a.j.t.JMeterThread: Thread finished: Thread-Gruppe 1-62
2025-03-01 19:46:05,509 INFO o.a.j.t.JMeterThread: Thread finished: Thread-Gruppe 1-2
2025-03-01 19:46:05,569 INFO o.a.j.t.JMeterThread: Thread finished: Thread-Gruppe 1-48
2025-03-01 19:46:05,569 INFO o.a.j.t.JMeterThread: Thread finished: Thread-Gruppe 1-18
2025-03-01 19:46:05,604 INFO o.a.j.t.JMeterThread: Thread finished: Thread-Gruppe 1-63
2025-03-01 19:46:05,608 INFO o.a.j.t.JMeterThread: Thread finished: Thread-Gruppe 1-3
2025-03-01 19:46:05,701 INFO o.a.j.t.JMeterThread: Thread finished: Thread-Gruppe 1-19
2025-03-01 19:46:05,701 INFO o.a.j.t.JMeterThread: Thread finished: Thread-Gruppe 1-49
2025-03-01 19:46:05,758 INFO o.a.j.t.JMeterThread: Thread finished: Thread-Gruppe 1-64
2025-03-01 19:46:05,761 INFO o.a.j.t.JMeterThread: Thread finished: Thread-Gruppe 1-4
2025-03-01 19:46:05,820 INFO o.a.j.t.JMeterThread: Thread finished: Thread-Gruppe 1-50
2025-03-01 19:46:05,835 INFO o.a.j.t.JMeterThread: Thread finished: Thread-Gruppe 1-20
2025-03-01 19:46:05,859 INFO o.a.j.t.JMeterThread: Thread finished: Thread-Gruppe 1-65
2025-03-01 19:46:05,891 INFO o.a.j.t.JMeterThread: Thread finished: Thread-Gruppe 1-5
2025-03-01 19:46:05,907 INFO o.a.j.t.JMeterThread: Thread finished: Thread-Gruppe 1-32
2025-03-01 19:46:05,955 INFO o.a.j.t.JMeterThread: Thread finished: Thread-Gruppe 1-51
2025-03-01 19:46:05,963 INFO o.a.j.t.JMeterThread: Thread finished: Thread-Gruppe 1-21
2025-03-01 19:46:05,975 INFO o.a.j.t.JMeterThread: Thread finished: Thread-Gruppe 1-33
2025-03-01 19:46:06,008 INFO o.a.j.t.JMeterThread: Thread finished: Thread-Gruppe 1-66
2025-03-01 19:46:06,029 INFO o.a.j.t.JMeterThread: Thread finished: Thread-Gruppe 1-6
2025-03-01 19:46:06,091 INFO o.a.j.t.JMeterThread: Thread finished: Thread-Gruppe 1-52
2025-03-01 19:46:06,095 INFO o.a.j.t.JMeterThread: Thread finished: Thread-Gruppe 1-22
2025-03-01 19:46:06,117 INFO o.a.j.t.JMeterThread: Thread finished: Thread-Gruppe 1-67
2025-03-01 19:46:06,156 INFO o.a.j.t.JMeterThread: Thread finished: Thread-Gruppe 1-7
2025-03-01 19:46:06,169 INFO o.a.j.t.JMeterThread: Thread finished: Thread-Gruppe 1-34
2025-03-01 19:46:06,221 INFO o.a.j.t.JMeterThread: Thread finished: Thread-Gruppe 1-53
2025-03-01 19:46:06,233 INFO o.a.j.t.JMeterThread: Thread finished: Thread-Gruppe 1-23
2025-03-01 19:46:06,260 INFO o.a.j.t.JMeterThread: Thread finished: Thread-Gruppe 1-68
2025-03-01 19:46:06,278 INFO o.a.j.t.JMeterThread: Thread finished: Thread-Gruppe 1-8
2025-03-01 19:46:06,281 INFO o.a.j.t.JMeterThread: Thread finished: Thread-Gruppe 1-35
2025-03-01 19:46:06,360 INFO o.a.j.t.JMeterThread: Thread finished: Thread-Gruppe 1-54
2025-03-01 19:46:06,363 INFO o.a.j.t.JMeterThread: Thread finished: Thread-Gruppe 1-24
2025-03-01 19:46:06,391 INFO o.a.j.t.JMeterThread: Thread finished: Thread-Gruppe 1-69
2025-03-01 19:46:06,450 INFO o.a.j.t.JMeterThread: Thread finished: Thread-Gruppe 1-36
2025-03-01 19:46:06,450 INFO o.a.j.t.JMeterThread: Thread finished: Thread-Gruppe 1-9
2025-03-01 19:46:06,500 INFO o.a.j.t.JMeterThread: Thread finished: Thread-Gruppe 1-25
2025-03-01 19:46:06,501 INFO o.a.j.t.JMeterThread: Thread finished: Thread-Gruppe 1-55
2025-03-01 19:46:06,505 INFO o.a.j.t.JMeterThread: Thread finished: Thread-Gruppe 1-37
2025-03-01 19:46:06,515 INFO o.a.j.t.JMeterThread: Thread finished: Thread-Gruppe 1-70
2025-03-01 19:46:06,556 INFO o.a.j.t.JMeterThread: Thread finished: Thread-Gruppe 1-10
2025-03-01 19:46:06,620 INFO o.a.j.t.JMeterThread: Thread finished: Thread-Gruppe 1-56
2025-03-01 19:46:06,631 INFO o.a.j.t.JMeterThread: Thread finished: Thread-Gruppe 1-26
2025-03-01 19:46:06,648 INFO o.a.j.t.JMeterThread: Thread finished: Thread-Gruppe 1-71
2025-03-01 19:46:06,678 INFO o.a.j.t.JMeterThread: Thread finished: Thread-Gruppe 1-38
2025-03-01 19:46:06,679 INFO o.a.j.t.JMeterThread: Thread finished: Thread-Gruppe 1-11
2025-03-01 19:46:06,760 INFO o.a.j.t.JMeterThread: Thread finished: Thread-Gruppe 1-27
2025-03-01 19:46:06,772 INFO o.a.j.t.JMeterThread: Thread finished: Thread-Gruppe 1-57
2025-03-01 19:46:06,797 INFO o.a.j.t.JMeterThread: Thread finished: Thread-Gruppe 1-39
2025-03-01 19:46:06,800 INFO o.a.j.t.JMeterThread: Thread finished: Thread-Gruppe 1-72
2025-03-01 19:46:06,806 INFO o.a.j.t.JMeterThread: Thread finished: Thread-Gruppe 2-15
2025-03-01 19:46:06,806 INFO o.a.j.t.JMeterThread: Thread finished: Thread-Gruppe 1-12
2025-03-01 19:46:06,807 INFO o.a.j.t.JMeterThread: Thread finished: Thread-Gruppe 2-16
2025-03-01 19:46:06,856 INFO o.a.j.t.JMeterThread: Thread finished: Thread-Gruppe 2-10
2025-03-01 19:46:06,887 INFO o.a.j.t.JMeterThread: Thread finished: Thread-Gruppe 1-28
2025-03-01 19:46:06,900 INFO o.a.j.t.JMeterThread: Thread finished: Thread-Gruppe 1-58
2025-03-01 19:46:06,924 INFO o.a.j.t.JMeterThread: Thread finished: Thread-Gruppe 2-4
2025-03-01 19:46:06,928 INFO o.a.j.t.JMeterThread: Thread finished: Thread-Gruppe 1-73
2025-03-01 19:46:06,939 INFO o.a.j.t.JMeterThread: Thread finished: Thread-Gruppe 1-40
2025-03-01 19:46:06,944 INFO o.a.j.t.JMeterThread: Thread finished: Thread-Gruppe 2-18
2025-03-01 19:46:06,950 INFO o.a.j.t.JMeterThread: Thread finished: Thread-Gruppe 1-13
2025-03-01 19:46:06,960 INFO o.a.j.t.JMeterThread: Thread finished: Thread-Gruppe 3-4
2025-03-01 19:46:06,961 INFO o.a.j.t.JMeterThread: Thread finished: Thread-Gruppe 2-9
2025-03-01 19:46:06,988 INFO o.a.j.t.JMeterThread: Thread finished: Thread-Gruppe 2-7
2025-03-01 19:46:07,004 INFO o.a.j.t.JMeterThread: Thread finished: Thread-Gruppe 2-13
2025-03-01 19:46:07,020 INFO o.a.j.t.JMeterThread: Thread finished: Thread-Gruppe 1-29
2025-03-01 19:46:07,021 INFO o.a.j.t.JMeterThread: Thread finished: Thread-Gruppe 2-11
2025-03-01 19:46:07,023 INFO o.a.j.t.JMeterThread: Thread finished: Thread-Gruppe 1-59
2025-03-01 19:46:07,059 INFO o.a.j.t.JMeterThread: Thread finished: Thread-Gruppe 1-74
2025-03-01 19:46:07,066 INFO o.a.j.t.JMeterThread: Thread finished: Thread-Gruppe 1-41
2025-03-01 19:46:07,075 INFO o.a.j.t.JMeterThread: Stopping because end time detected by thread: Thread-Gruppe 1-14
2025-03-01 19:46:07,075 INFO o.a.j.t.JMeterThread: Thread finished: Thread-Gruppe 1-14
2025-03-01 19:46:07,129 INFO o.a.j.t.JMeterThread: Stopping because end time detected by thread: Thread-Gruppe 2-1
2025-03-01 19:46:07,129 INFO o.a.j.t.JMeterThread: Thread finished: Thread-Gruppe 2-1
2025-03-01 19:46:07,137 INFO o.a.j.t.JMeterThread: Stopping because end time detected by thread: Thread-Gruppe 2-3
2025-03-01 19:46:07,137 INFO o.a.j.t.JMeterThread: Thread finished: Thread-Gruppe 2-3
2025-03-01 19:46:07,144 INFO o.a.j.t.JMeterThread: Stopping because end time detected by thread: Thread-Gruppe 1-60
2025-03-01 19:46:07,144 INFO o.a.j.t.JMeterThread: Thread finished: Thread-Gruppe 1-60
2025-03-01 19:46:07,160 INFO o.a.j.t.JMeterThread: Stopping because end time detected by thread: Thread-Gruppe 1-30
2025-03-01 19:46:07,160 INFO o.a.j.t.JMeterThread: Thread finished: Thread-Gruppe 1-30
2025-03-01 19:46:07,176 INFO o.a.j.t.JMeterThread: Stopping because end time detected by thread: Thread-Gruppe 1-42
2025-03-01 19:46:07,176 INFO o.a.j.t.JMeterThread: Thread finished: Thread-Gruppe 1-42
2025-03-01 19:46:07,176 INFO o.a.j.t.JMeterThread: Stopping because end time detected by thread: Thread-Gruppe 1-75
2025-03-01 19:46:07,176 INFO o.a.j.t.JMeterThread: Thread finished: Thread-Gruppe 1-75
2025-03-01 19:46:07,193 INFO o.a.j.t.JMeterThread: Stopping because end time detected by thread: Thread-Gruppe 2-8
2025-03-01 19:46:07,193 INFO o.a.j.t.JMeterThread: Thread finished: Thread-Gruppe 2-8
2025-03-01 19:46:07,193 INFO o.a.j.t.JMeterThread: Stopping because end time detected by thread: Thread-Gruppe 1-15
2025-03-01 19:46:07,193 INFO o.a.j.t.JMeterThread: Thread finished: Thread-Gruppe 1-15
2025-03-01 19:46:07,271 INFO o.a.j.t.JMeterThread: Stopping because end time detected by thread: Thread-Gruppe 1-61
2025-03-01 19:46:07,271 INFO o.a.j.t.JMeterThread: Thread finished: Thread-Gruppe 1-61
2025-03-01 19:46:07,287 INFO o.a.j.t.JMeterThread: Stopping because end time detected by thread: Thread-Gruppe 2-19
2025-03-01 19:46:07,287 INFO o.a.j.t.JMeterThread: Thread finished: Thread-Gruppe 2-19
2025-03-01 19:46:07,287 INFO o.a.j.t.JMeterThread: Stopping because end time detected by thread: Thread-Gruppe 1-31
2025-03-01 19:46:07,287 INFO o.a.j.t.JMeterThread: Thread finished: Thread-Gruppe 1-31
2025-03-01 19:46:07,303 INFO o.a.j.t.JMeterThread: Stopping because end time detected by thread: Thread-Gruppe 2-14
2025-03-01 19:46:07,303 INFO o.a.j.t.JMeterThread: Thread finished: Thread-Gruppe 2-14
2025-03-01 19:46:07,303 INFO o.a.j.t.JMeterThread: Stopping because end time detected by thread: Thread-Gruppe 2-12
2025-03-01 19:46:07,303 INFO o.a.j.t.JMeterThread: Thread finished: Thread-Gruppe 2-12
2025-03-01 19:46:07,303 INFO o.a.j.t.JMeterThread: Stopping because end time detected by thread: Thread-Gruppe 3-2
2025-03-01 19:46:07,303 INFO o.a.j.t.JMeterThread: Thread finished: Thread-Gruppe 3-2
2025-03-01 19:46:07,319 INFO o.a.j.t.JMeterThread: Stopping because end time detected by thread: Thread-Gruppe 2-2
2025-03-01 19:46:07,319 INFO o.a.j.t.JMeterThread: Thread finished: Thread-Gruppe 2-2
2025-03-01 19:46:07,334 INFO o.a.j.t.JMeterThread: Stopping because end time detected by thread: Thread-Gruppe 1-16
2025-03-01 19:46:07,334 INFO o.a.j.t.JMeterThread: Thread finished: Thread-Gruppe 1-16
2025-03-01 19:46:07,334 INFO o.a.j.t.JMeterThread: Stopping because end time detected by thread: Thread-Gruppe 1-43
2025-03-01 19:46:07,334 INFO o.a.j.t.JMeterThread: Thread finished: Thread-Gruppe 1-43
2025-03-01 19:46:07,382 INFO o.a.j.t.JMeterThread: Stopping because end time detected by thread: Thread-Gruppe 3-1
2025-03-01 19:46:07,382 INFO o.a.j.t.JMeterThread: Thread finished: Thread-Gruppe 3-1
2025-03-01 19:46:07,382 INFO o.a.j.t.JMeterThread: Stopping because end time detected by thread: Thread-Gruppe 2-20
2025-03-01 19:46:07,382 INFO o.a.j.t.JMeterThread: Thread finished: Thread-Gruppe 2-20
2025-03-01 19:46:07,430 INFO o.a.j.t.JMeterThread: Stopping because end time detected by thread: Thread-Gruppe 2-17
2025-03-01 19:46:07,430 INFO o.a.j.t.JMeterThread: Thread finished: Thread-Gruppe 2-17
2025-03-01 19:46:07,461 INFO o.a.j.t.JMeterThread: Stopping because end time detected by thread: Thread-Gruppe 1-44
2025-03-01 19:46:07,461 INFO o.a.j.t.JMeterThread: Thread finished: Thread-Gruppe 1-44
2025-03-01 19:46:07,477 INFO o.a.j.t.JMeterThread: Stopping because end time detected by thread: Thread-Gruppe 3-5
2025-03-01 19:46:07,477 INFO o.a.j.t.JMeterThread: Thread finished: Thread-Gruppe 3-5
2025-03-01 19:46:07,541 INFO o.a.j.t.JMeterThread: Stopping because end time detected by thread: Thread-Gruppe 2-5
2025-03-01 19:46:07,541 INFO o.a.j.t.JMeterThread: Thread finished: Thread-Gruppe 2-5
2025-03-01 19:46:07,541 INFO o.a.j.t.JMeterThread: Stopping because end time detected by thread: Thread-Gruppe 3-3
2025-03-01 19:46:07,541 INFO o.a.j.t.JMeterThread: Thread finished: Thread-Gruppe 3-3
2025-03-01 19:46:07,606 INFO o.a.j.t.JMeterThread: Stopping because end time detected by thread: Thread-Gruppe 1-45
2025-03-01 19:46:07,606 INFO o.a.j.t.JMeterThread: Thread finished: Thread-Gruppe 1-45
2025-03-01 19:46:07,716 INFO o.a.j.t.JMeterThread: Stopping because end time detected by thread: Thread-Gruppe 2-6
2025-03-01 19:46:07,716 INFO o.a.j.t.JMeterThread: Thread finished: Thread-Gruppe 2-6
2025-03-01 19:46:07,732 INFO o.a.j.t.JMeterThread: Stopping because end time detected by thread: Thread-Gruppe 1-46
2025-03-01 19:46:07,732 INFO o.a.j.t.JMeterThread: Thread finished: Thread-Gruppe 1-46
2025-03-01 19:46:07,732 INFO o.a.j.e.StandardJMeterEngine: Notifying test listeners of end of test
2025-03-01 19:46:07,732 INFO o.a.j.r.Summariser: summary +    569 in 00:00:08 =   73.8/s Avg:   352 Min:   243 Max:   889 Err:     0 (0.00%) Active: 0 Started: 100 Finished: 100
2025-03-01 19:46:07,732 INFO o.a.j.r.Summariser: summary =  45435 in 00:11:01 =   68.7/s Avg:   364 Min:   239 Max:  1508 Err:     2 (0.00%)
