2025-02-26 14:45:52,083 INFO o.a.j.u.JMeterUtils: Setting Locale to en_EN
2025-02-26 14:45:52,111 INFO o.a.j.JMeter: Loading user properties from: C:\Users\ASUS\Desktop\apache-jmeter-5.6.3\apache-jmeter-5.6.3\bin\user.properties
2025-02-26 14:45:52,112 INFO o.a.j.JMeter: Loading system properties from: C:\Users\ASUS\Desktop\apache-jmeter-5.6.3\apache-jmeter-5.6.3\bin\system.properties
2025-02-26 14:45:52,113 INFO o.a.j.JMeter: Setting JMeter property: lb_1_hostname=34.72.14.4
2025-02-26 14:45:52,113 INFO o.a.j.JMeter: Setting JMeter property: lb_2_hostname=35.232.210.73
2025-02-26 14:45:52,113 INFO o.a.j.JMeter: Setting JMeter property: lb_1_port=8090
2025-02-26 14:45:52,113 INFO o.a.j.JMeter: Setting JMeter property: lb_2_port=8091
2025-02-26 14:45:52,117 INFO o.a.j.JMeter: Setting JMeter property: warm_up_users=5
2025-02-26 14:45:52,117 INFO o.a.j.JMeter: Setting JMeter property: warm_up_time=10
2025-02-26 14:45:52,117 INFO o.a.j.JMeter: Setting JMeter property: test_run_time=30
2025-02-26 14:45:52,117 INFO o.a.j.JMeter: Setting JMeter property: ramp_up=5
2025-02-26 14:45:52,117 INFO o.a.j.JMeter: Setting JMeter property: group_1=1
2025-02-26 14:45:52,117 INFO o.a.j.JMeter: Setting JMeter property: group_2=1
2025-02-26 14:45:52,117 INFO o.a.j.JMeter: Setting JMeter property: group_3=1
2025-02-26 14:45:52,117 INFO o.a.j.JMeter: Setting JMeter property: group_1_request_rate=3
2025-02-26 14:45:52,117 INFO o.a.j.JMeter: Setting JMeter property: group_2_request_rate=9
2025-02-26 14:45:52,117 INFO o.a.j.JMeter: Setting JMeter property: group_3_request_rate=12
2025-02-26 14:45:52,117 INFO o.a.j.JMeter: Setting JMeter property: log_file=c:\\Users\\ASUS\\Desktop\\Repos\\rate-limiter-nginx\\jmeter\\cloud\\2025_02_26_14_42_logs\\leaky_bucket\\mysql_script_delay_3000_leak_rate_1.67\\warm_up_results.csv
2025-02-26 14:45:52,117 INFO o.a.j.JMeter: Setting JMeter property: algorithm=leaky_bucket_mysql_script_delay_3000_leak_rate_1.67
2025-02-26 14:45:52,118 INFO o.a.j.JMeter: Setting JMeter property: auth=/leaky_bucket/mysql_script_delay_3000_leak_rate_1.67/tools.descartes.teastore.auth/rest
2025-02-26 14:45:52,118 INFO o.a.j.JMeter: Setting JMeter property: persistence=/leaky_bucket/mysql_script_delay_3000_leak_rate_1.67/tools.descartes.teastore.persistence/rest
2025-02-26 14:45:52,118 INFO o.a.j.JMeter: Setting JMeter property: recommender=/leaky_bucket/mysql_script_delay_3000_leak_rate_1.67/tools.descartes.teastore.recommender/rest
2025-02-26 14:45:52,118 INFO o.a.j.JMeter: Setting JMeter property: image=/leaky_bucket/mysql_script_delay_3000_leak_rate_1.67/tools.descartes.teastore.image/rest
2025-02-26 14:45:52,126 INFO o.a.j.JMeter: Copyright (c) 1998-2024 The Apache Software Foundation
2025-02-26 14:45:52,126 INFO o.a.j.JMeter: Version 5.6.3
2025-02-26 14:45:52,126 INFO o.a.j.JMeter: java.version=17.0.9
2025-02-26 14:45:52,126 INFO o.a.j.JMeter: java.vm.name=Java HotSpot(TM) 64-Bit Server VM
2025-02-26 14:45:52,126 INFO o.a.j.JMeter: os.name=Windows 11
2025-02-26 14:45:52,126 INFO o.a.j.JMeter: os.arch=amd64
2025-02-26 14:45:52,126 INFO o.a.j.JMeter: os.version=10.0
2025-02-26 14:45:52,127 INFO o.a.j.JMeter: file.encoding=Cp1252
2025-02-26 14:45:52,127 INFO o.a.j.JMeter: java.awt.headless=true
2025-02-26 14:45:52,127 INFO o.a.j.JMeter: Max memory     =1073741824
2025-02-26 14:45:52,127 INFO o.a.j.JMeter: Available Processors =12
2025-02-26 14:45:52,136 INFO o.a.j.JMeter: Default Locale=English (EN)
2025-02-26 14:45:52,136 INFO o.a.j.JMeter: JMeter  Locale=English (EN)
2025-02-26 14:45:52,137 INFO o.a.j.JMeter: JMeterHome=C:\Users\ASUS\Desktop\apache-jmeter-5.6.3\apache-jmeter-5.6.3
2025-02-26 14:45:52,137 INFO o.a.j.JMeter: user.dir  =C:\Users\ASUS\Desktop\Repos\rate-limiter-nginx
2025-02-26 14:45:52,138 INFO o.a.j.JMeter: PWD       =C:\Users\ASUS\Desktop\Repos\rate-limiter-nginx
2025-02-26 14:45:52,140 INFO o.a.j.JMeter: IP: 192.168.1.45 Name: THIVA FullName: THIVA
2025-02-26 14:45:52,159 INFO o.a.j.s.FileServer: Default base='C:\Users\ASUS\Desktop\Repos\rate-limiter-nginx'
2025-02-26 14:45:52,162 INFO o.a.j.s.FileServer: Set new base='c:\Users\ASUS\Desktop\Repos\rate-limiter-nginx\jmeter\cloud'
2025-02-26 14:45:52,368 INFO o.a.j.s.SaveService: Testplan (JMX) version: 2.2. Testlog (JTL) version: 2.2
2025-02-26 14:45:52,398 INFO o.a.j.s.SaveService: Using SaveService properties version 5.0
2025-02-26 14:45:52,404 INFO o.a.j.s.SaveService: Using SaveService properties file encoding UTF-8
2025-02-26 14:45:52,407 INFO o.a.j.s.SaveService: Loading file: c:\Users\ASUS\Desktop\Repos\rate-limiter-nginx\jmeter\cloud\teastore_performance_leaky_bucket.jmx
2025-02-26 14:45:52,455 INFO o.a.j.p.h.c.CookieManager: Settings: Delete null: true Check: true Allow variable: true Save: false Prefix: COOKIE_
2025-02-26 14:45:52,479 INFO o.a.j.p.h.s.HTTPSamplerBase: Parser for text/html is org.apache.jmeter.protocol.http.parser.LagartoBasedHtmlParser
2025-02-26 14:45:52,479 INFO o.a.j.p.h.s.HTTPSamplerBase: Parser for application/xhtml+xml is org.apache.jmeter.protocol.http.parser.LagartoBasedHtmlParser
2025-02-26 14:45:52,479 INFO o.a.j.p.h.s.HTTPSamplerBase: Parser for application/xml is org.apache.jmeter.protocol.http.parser.LagartoBasedHtmlParser
2025-02-26 14:45:52,479 INFO o.a.j.p.h.s.HTTPSamplerBase: Parser for text/xml is org.apache.jmeter.protocol.http.parser.LagartoBasedHtmlParser
2025-02-26 14:45:52,479 INFO o.a.j.p.h.s.HTTPSamplerBase: Parser for text/vnd.wap.wml is org.apache.jmeter.protocol.http.parser.RegexpHTMLParser
2025-02-26 14:45:52,479 INFO o.a.j.p.h.s.HTTPSamplerBase: Parser for text/css is org.apache.jmeter.protocol.http.parser.CssParser
2025-02-26 14:45:52,649 INFO o.a.j.s.SampleResult: Note: Sample TimeStamps are START times
2025-02-26 14:45:52,649 INFO o.a.j.s.SampleResult: sampleresult.default.encoding is set to UTF-8
2025-02-26 14:45:52,650 INFO o.a.j.s.SampleResult: sampleresult.useNanoTime=true
2025-02-26 14:45:52,650 INFO o.a.j.s.SampleResult: sampleresult.nanoThreadSleep=5000
2025-02-26 14:45:52,731 INFO o.a.j.JMeter: Creating summariser <summary>
2025-02-26 14:45:52,752 INFO o.a.j.e.StandardJMeterEngine: Running the test!
2025-02-26 14:45:52,753 INFO o.a.j.s.SampleEvent: List of sample_variables: []
2025-02-26 14:45:52,753 INFO o.a.j.s.SampleEvent: List of sample_variables: []
2025-02-26 14:45:52,761 INFO o.a.j.e.u.CompoundVariable: Note: Function class names must contain the string: '.functions.'
2025-02-26 14:45:52,762 INFO o.a.j.e.u.CompoundVariable: Note: Function class names must not contain the string: '.gui.'
2025-02-26 14:45:52,856 INFO o.a.j.r.ClassFinder: Will scan jar C:\Users\ASUS\Desktop\apache-jmeter-5.6.3\apache-jmeter-5.6.3\lib\ext\jmeter-plugins-casutg-2.10.jar with filter ExtendsClassFilter [parents=[interface org.apache.jmeter.functions.Function], inner=false, contains=null, notContains=null]. Consider exposing JMeter plugins via META-INF/services, and add JMeter-Skip-Class-Scanning=true manifest attribute so JMeter can skip classfile scanning
2025-02-26 14:45:52,881 INFO o.a.j.r.ClassFinder: Will scan jar C:\Users\ASUS\Desktop\apache-jmeter-5.6.3\apache-jmeter-5.6.3\lib\ext\jmeter-plugins-graphs-vs-2.0.jar with filter ExtendsClassFilter [parents=[interface org.apache.jmeter.functions.Function], inner=false, contains=null, notContains=null]. Consider exposing JMeter plugins via META-INF/services, and add JMeter-Skip-Class-Scanning=true manifest attribute so JMeter can skip classfile scanning
2025-02-26 14:45:52,888 INFO o.a.j.r.ClassFinder: Will scan jar C:\Users\ASUS\Desktop\apache-jmeter-5.6.3\apache-jmeter-5.6.3\lib\ext\jmeter-plugins-manager-1.9.jar with filter ExtendsClassFilter [parents=[interface org.apache.jmeter.functions.Function], inner=false, contains=null, notContains=null]. Consider exposing JMeter plugins via META-INF/services, and add JMeter-Skip-Class-Scanning=true manifest attribute so JMeter can skip classfile scanning
2025-02-26 14:45:53,002 INFO o.a.j.r.ClassFinder: Will scan jar C:\Users\ASUS\Desktop\apache-jmeter-5.6.3\apache-jmeter-5.6.3\lib\ext\jmeter-plugins-graphs-basic-2.0.jar with filter ExtendsClassFilter [parents=[interface org.apache.jmeter.functions.Function], inner=false, contains=null, notContains=null]. Consider exposing JMeter plugins via META-INF/services, and add JMeter-Skip-Class-Scanning=true manifest attribute so JMeter can skip classfile scanning
2025-02-26 14:45:53,007 INFO o.a.j.r.ClassFinder: Will scan jar C:\Users\ASUS\Desktop\apache-jmeter-5.6.3\apache-jmeter-5.6.3\lib\ext\jmeter-plugins-manager-0.20.jar with filter ExtendsClassFilter [parents=[interface org.apache.jmeter.functions.Function], inner=false, contains=null, notContains=null]. Consider exposing JMeter plugins via META-INF/services, and add JMeter-Skip-Class-Scanning=true manifest attribute so JMeter can skip classfile scanning
2025-02-26 14:45:53,012 INFO o.a.j.r.ClassFinder: Will scan jar C:\Users\ASUS\Desktop\apache-jmeter-5.6.3\apache-jmeter-5.6.3\lib\ext\jmeter-plugins-tst-2.6.jar with filter ExtendsClassFilter [parents=[interface org.apache.jmeter.functions.Function], inner=false, contains=null, notContains=null]. Consider exposing JMeter plugins via META-INF/services, and add JMeter-Skip-Class-Scanning=true manifest attribute so JMeter can skip classfile scanning
2025-02-26 14:45:53,015 INFO o.a.j.r.ClassFinder: Will scan jar C:\Users\ASUS\Desktop\apache-jmeter-5.6.3\apache-jmeter-5.6.3\lib\ext\jmeter-parallel-0.12.jar with filter ExtendsClassFilter [parents=[interface org.apache.jmeter.functions.Function], inner=false, contains=null, notContains=null]. Consider exposing JMeter plugins via META-INF/services, and add JMeter-Skip-Class-Scanning=true manifest attribute so JMeter can skip classfile scanning
2025-02-26 14:45:53,351 INFO o.a.j.JMeter: Running test (1740561353351)
2025-02-26 14:45:53,352 INFO o.a.j.e.StandardJMeterEngine: Starting setUp thread groups
2025-02-26 14:45:53,352 INFO o.a.j.e.StandardJMeterEngine: Starting setUp ThreadGroup: 1 : setUp Thread Group 
2025-02-26 14:45:53,352 INFO o.a.j.e.StandardJMeterEngine: Starting 5 threads for group setUp Thread Group.
2025-02-26 14:45:53,352 INFO o.a.j.e.StandardJMeterEngine: Thread will continue on error
2025-02-26 14:45:53,352 INFO o.a.j.t.ThreadGroup: Starting thread group... number=1 threads=5 ramp-up=5 delayedStart=false
2025-02-26 14:45:53,362 INFO o.a.j.t.ThreadGroup: Started thread group number 1
2025-02-26 14:45:53,362 INFO o.a.j.e.StandardJMeterEngine: Waiting for all setup thread groups to exit
2025-02-26 14:45:53,367 INFO o.a.j.t.JMeterThread: Thread started: setUp Thread Group 1-1
2025-02-26 14:45:54,284 INFO o.a.j.p.h.s.HTTPHCAbstractImpl: Local host = THIVA
2025-02-26 14:45:54,292 INFO o.a.j.p.h.s.HTTPHC4Impl: HTTP request retry count = 0
2025-02-26 14:45:54,366 INFO o.a.j.t.JMeterThread: Thread started: setUp Thread Group 1-2
2025-02-26 14:45:55,364 INFO o.a.j.t.JMeterThread: Thread started: setUp Thread Group 1-3
2025-02-26 14:45:56,365 INFO o.a.j.t.JMeterThread: Thread started: setUp Thread Group 1-4
2025-02-26 14:45:57,361 INFO o.a.j.t.JMeterThread: Thread started: setUp Thread Group 1-5
2025-02-26 14:46:03,364 INFO o.a.j.t.JMeterThread: Stopping because end time detected by thread: setUp Thread Group 1-3
2025-02-26 14:46:03,365 INFO o.a.j.t.JMeterThread: Thread finished: setUp Thread Group 1-3
2025-02-26 14:46:03,612 INFO o.a.j.t.JMeterThread: Stopping because end time detected by thread: setUp Thread Group 1-2
2025-02-26 14:46:03,613 INFO o.a.j.t.JMeterThread: Thread finished: setUp Thread Group 1-2
2025-02-26 14:46:03,875 INFO o.a.j.t.JMeterThread: Stopping because end time detected by thread: setUp Thread Group 1-5
2025-02-26 14:46:03,875 INFO o.a.j.t.JMeterThread: Thread finished: setUp Thread Group 1-5
2025-02-26 14:46:03,903 INFO o.a.j.t.JMeterThread: Stopping because end time detected by thread: setUp Thread Group 1-1
2025-02-26 14:46:03,907 INFO o.a.j.t.JMeterThread: Thread finished: setUp Thread Group 1-1
2025-02-26 14:46:04,342 INFO o.a.j.t.JMeterThread: Stopping because end time detected by thread: setUp Thread Group 1-4
2025-02-26 14:46:04,342 INFO o.a.j.t.JMeterThread: Thread finished: setUp Thread Group 1-4
2025-02-26 14:46:04,343 INFO o.a.j.e.StandardJMeterEngine: All Setup Threads have ended
2025-02-26 14:46:04,378 INFO o.a.j.e.StandardJMeterEngine: Starting ThreadGroup: 1 : Thread Group
2025-02-26 14:46:04,378 INFO o.a.j.e.StandardJMeterEngine: Starting 1 threads for group Thread Group.
2025-02-26 14:46:04,378 INFO o.a.j.e.StandardJMeterEngine: Thread will continue on error
2025-02-26 14:46:04,378 INFO o.a.j.t.ThreadGroup: Starting thread group... number=1 threads=1 ramp-up=5 delayedStart=false
2025-02-26 14:46:04,379 INFO o.a.j.t.ThreadGroup: Started thread group number 1
2025-02-26 14:46:04,379 INFO o.a.j.e.StandardJMeterEngine: Starting ThreadGroup: 2 : Thread Group
2025-02-26 14:46:04,379 INFO o.a.j.e.StandardJMeterEngine: Starting 1 threads for group Thread Group.
2025-02-26 14:46:04,379 INFO o.a.j.e.StandardJMeterEngine: Thread will continue on error
2025-02-26 14:46:04,379 INFO o.a.j.t.ThreadGroup: Starting thread group... number=2 threads=1 ramp-up=5 delayedStart=false
2025-02-26 14:46:04,382 INFO o.a.j.t.ThreadGroup: Started thread group number 2
2025-02-26 14:46:04,382 INFO o.a.j.e.StandardJMeterEngine: Starting ThreadGroup: 3 : Thread Group
2025-02-26 14:46:04,382 INFO o.a.j.e.StandardJMeterEngine: Starting 1 threads for group Thread Group.
2025-02-26 14:46:04,383 INFO o.a.j.e.StandardJMeterEngine: Thread will continue on error
2025-02-26 14:46:04,383 INFO o.a.j.t.ThreadGroup: Starting thread group... number=3 threads=1 ramp-up=5 delayedStart=false
2025-02-26 14:46:04,383 INFO o.a.j.t.JMeterThread: Thread started: Thread Group 1-1
2025-02-26 14:46:04,386 INFO o.a.j.t.JMeterThread: Thread started: Thread Group 2-1
2025-02-26 14:46:04,386 INFO o.a.j.t.ThreadGroup: Started thread group number 3
2025-02-26 14:46:04,386 INFO o.a.j.e.StandardJMeterEngine: Starting ThreadGroup: 4 : Thread Group
2025-02-26 14:46:04,387 INFO o.a.j.e.StandardJMeterEngine: Starting 1 threads for group Thread Group.
2025-02-26 14:46:04,387 INFO o.a.j.e.StandardJMeterEngine: Thread will continue on error
2025-02-26 14:46:04,387 INFO o.a.j.t.ThreadGroup: Starting thread group... number=4 threads=1 ramp-up=5 delayedStart=false
2025-02-26 14:46:04,390 INFO o.a.j.t.JMeterThread: Thread started: Thread Group 3-1
2025-02-26 14:46:04,391 INFO o.a.j.t.ThreadGroup: Started thread group number 4
2025-02-26 14:46:04,391 INFO o.a.j.e.StandardJMeterEngine: Starting ThreadGroup: 5 : Thread Group
2025-02-26 14:46:04,391 INFO o.a.j.e.StandardJMeterEngine: Starting 1 threads for group Thread Group.
2025-02-26 14:46:04,391 INFO o.a.j.e.StandardJMeterEngine: Thread will continue on error
2025-02-26 14:46:04,392 INFO o.a.j.t.ThreadGroup: Starting thread group... number=5 threads=1 ramp-up=5 delayedStart=false
2025-02-26 14:46:04,392 INFO o.a.j.t.JMeterThread: Thread started: Thread Group 4-1
2025-02-26 14:46:04,396 INFO o.a.j.t.ThreadGroup: Started thread group number 5
2025-02-26 14:46:04,396 INFO o.a.j.e.StandardJMeterEngine: Starting ThreadGroup: 6 : Thread Group
2025-02-26 14:46:04,396 INFO o.a.j.e.StandardJMeterEngine: Starting 1 threads for group Thread Group.
2025-02-26 14:46:04,397 INFO o.a.j.e.StandardJMeterEngine: Thread will continue on error
2025-02-26 14:46:04,397 INFO o.a.j.t.ThreadGroup: Starting thread group... number=6 threads=1 ramp-up=5 delayedStart=false
2025-02-26 14:46:04,398 INFO o.a.j.t.JMeterThread: Thread started: Thread Group 5-1
2025-02-26 14:46:04,400 INFO o.a.j.t.ThreadGroup: Started thread group number 6
2025-02-26 14:46:04,400 INFO o.a.j.e.StandardJMeterEngine: Starting ThreadGroup: 7 : Thread Group
2025-02-26 14:46:04,400 INFO o.a.j.e.StandardJMeterEngine: Starting 1 threads for group Thread Group.
2025-02-26 14:46:04,400 INFO o.a.j.e.StandardJMeterEngine: Thread will continue on error
2025-02-26 14:46:04,400 INFO o.a.j.t.ThreadGroup: Starting thread group... number=7 threads=1 ramp-up=5 delayedStart=false
2025-02-26 14:46:04,402 INFO o.a.j.t.JMeterThread: Thread started: Thread Group 6-1
2025-02-26 14:46:04,402 INFO o.a.j.t.ThreadGroup: Started thread group number 7
2025-02-26 14:46:04,402 INFO o.a.j.e.StandardJMeterEngine: All thread groups have been started
2025-02-26 14:46:04,404 INFO o.a.j.t.JMeterThread: Thread started: Thread Group 7-1
2025-02-26 14:46:04,937 INFO o.a.j.r.Summariser: summary +      1 in 00:00:12 =    0.1/s Avg:   491 Min:   491 Max:   491 Err:     0 (0.00%) Active: 7 Started: 7 Finished: 0
2025-02-26 14:46:24,937 INFO o.a.j.t.JMeterThread: Thread finished: Thread Group 1-1
2025-02-26 14:46:29,703 INFO o.a.j.t.JMeterThread: Thread finished: Thread Group 6-1
2025-02-26 14:46:29,706 INFO o.a.j.t.JMeterThread: Thread finished: Thread Group 5-1
2025-02-26 14:46:29,707 INFO o.a.j.t.JMeterThread: Thread finished: Thread Group 7-1
2025-02-26 14:46:29,708 INFO o.a.j.t.JMeterThread: Thread finished: Thread Group 4-1
2025-02-26 14:46:29,709 INFO o.a.j.t.JMeterThread: Thread finished: Thread Group 3-1
2025-02-26 14:46:31,380 INFO o.a.j.r.Summariser: summary +     36 in 00:00:26 =    1.4/s Avg:   359 Min:   252 Max:   533 Err:     0 (0.00%) Active: 1 Started: 7 Finished: 6
2025-02-26 14:46:31,380 INFO o.a.j.r.Summariser: summary =     37 in 00:00:38 =    1.0/s Avg:   363 Min:   252 Max:   533 Err:     0 (0.00%)
2025-02-26 14:46:31,391 INFO o.a.j.t.JMeterThread: Thread finished: Thread Group 2-1
2025-02-26 14:46:31,392 INFO o.a.j.e.StandardJMeterEngine: Notifying test listeners of end of test
2025-02-26 14:46:31,400 INFO o.a.j.r.Summariser: summary =     37 in 00:00:38 =    1.0/s Avg:   363 Min:   252 Max:   533 Err:     0 (0.00%)
