2025-02-26 14:51:24,316 INFO o.a.j.u.JMeterUtils: Setting Locale to en_EN
2025-02-26 14:51:24,346 INFO o.a.j.JMeter: Loading user properties from: C:\Users\ASUS\Desktop\apache-jmeter-5.6.3\apache-jmeter-5.6.3\bin\user.properties
2025-02-26 14:51:24,347 INFO o.a.j.JMeter: Loading system properties from: C:\Users\ASUS\Desktop\apache-jmeter-5.6.3\apache-jmeter-5.6.3\bin\system.properties
2025-02-26 14:51:24,347 INFO o.a.j.JMeter: Setting JMeter property: lb_1_hostname=34.72.14.4
2025-02-26 14:51:24,347 INFO o.a.j.JMeter: Setting JMeter property: lb_2_hostname=35.232.210.73
2025-02-26 14:51:24,348 INFO o.a.j.JMeter: Setting JMeter property: lb_1_port=8090
2025-02-26 14:51:24,348 INFO o.a.j.JMeter: Setting JMeter property: lb_2_port=8091
2025-02-26 14:51:24,349 INFO o.a.j.JMeter: Setting JMeter property: warm_up_users=5
2025-02-26 14:51:24,349 INFO o.a.j.JMeter: Setting JMeter property: warm_up_time=10
2025-02-26 14:51:24,349 INFO o.a.j.JMeter: Setting JMeter property: test_run_time=30
2025-02-26 14:51:24,349 INFO o.a.j.JMeter: Setting JMeter property: ramp_up=5
2025-02-26 14:51:24,349 INFO o.a.j.JMeter: Setting JMeter property: group_1=1
2025-02-26 14:51:24,349 INFO o.a.j.JMeter: Setting JMeter property: group_2=1
2025-02-26 14:51:24,349 INFO o.a.j.JMeter: Setting JMeter property: group_3=1
2025-02-26 14:51:24,350 INFO o.a.j.JMeter: Setting JMeter property: group_1_request_rate=3
2025-02-26 14:51:24,350 INFO o.a.j.JMeter: Setting JMeter property: group_2_request_rate=9
2025-02-26 14:51:24,350 INFO o.a.j.JMeter: Setting JMeter property: group_3_request_rate=12
2025-02-26 14:51:24,350 INFO o.a.j.JMeter: Setting JMeter property: log_file=c:\\Users\\ASUS\\Desktop\\Repos\\rate-limiter-nginx\\jmeter\\cloud\\2025_02_26_14_42_logs\\token_bucket\\mysql_script_bucket_capacity_5_refill_rate_1.67\\warm_up_results.csv
2025-02-26 14:51:24,350 INFO o.a.j.JMeter: Setting JMeter property: algorithm=token_bucket_mysql_script_bucket_capacity_5_refill_rate_1.67
2025-02-26 14:51:24,350 INFO o.a.j.JMeter: Setting JMeter property: auth=/token_bucket/mysql_script_bucket_capacity_5_refill_rate_1.67/tools.descartes.teastore.auth/rest
2025-02-26 14:51:24,350 INFO o.a.j.JMeter: Setting JMeter property: persistence=/token_bucket/mysql_script_bucket_capacity_5_refill_rate_1.67/tools.descartes.teastore.persistence/rest
2025-02-26 14:51:24,350 INFO o.a.j.JMeter: Setting JMeter property: recommender=/token_bucket/mysql_script_bucket_capacity_5_refill_rate_1.67/tools.descartes.teastore.recommender/rest
2025-02-26 14:51:24,350 INFO o.a.j.JMeter: Setting JMeter property: image=/token_bucket/mysql_script_bucket_capacity_5_refill_rate_1.67/tools.descartes.teastore.image/rest
2025-02-26 14:51:24,361 INFO o.a.j.JMeter: Copyright (c) 1998-2024 The Apache Software Foundation
2025-02-26 14:51:24,361 INFO o.a.j.JMeter: Version 5.6.3
2025-02-26 14:51:24,361 INFO o.a.j.JMeter: java.version=17.0.9
2025-02-26 14:51:24,362 INFO o.a.j.JMeter: java.vm.name=Java HotSpot(TM) 64-Bit Server VM
2025-02-26 14:51:24,362 INFO o.a.j.JMeter: os.name=Windows 11
2025-02-26 14:51:24,362 INFO o.a.j.JMeter: os.arch=amd64
2025-02-26 14:51:24,362 INFO o.a.j.JMeter: os.version=10.0
2025-02-26 14:51:24,362 INFO o.a.j.JMeter: file.encoding=Cp1252
2025-02-26 14:51:24,362 INFO o.a.j.JMeter: java.awt.headless=true
2025-02-26 14:51:24,362 INFO o.a.j.JMeter: Max memory     =1073741824
2025-02-26 14:51:24,362 INFO o.a.j.JMeter: Available Processors =12
2025-02-26 14:51:24,374 INFO o.a.j.JMeter: Default Locale=English (EN)
2025-02-26 14:51:24,375 INFO o.a.j.JMeter: JMeter  Locale=English (EN)
2025-02-26 14:51:24,375 INFO o.a.j.JMeter: JMeterHome=C:\Users\ASUS\Desktop\apache-jmeter-5.6.3\apache-jmeter-5.6.3
2025-02-26 14:51:24,375 INFO o.a.j.JMeter: user.dir  =C:\Users\ASUS\Desktop\Repos\rate-limiter-nginx
2025-02-26 14:51:24,376 INFO o.a.j.JMeter: PWD       =C:\Users\ASUS\Desktop\Repos\rate-limiter-nginx
2025-02-26 14:51:24,378 INFO o.a.j.JMeter: IP: 192.168.1.45 Name: THIVA FullName: THIVA
2025-02-26 14:51:24,398 INFO o.a.j.s.FileServer: Default base='C:\Users\ASUS\Desktop\Repos\rate-limiter-nginx'
2025-02-26 14:51:24,399 INFO o.a.j.s.FileServer: Set new base='c:\Users\ASUS\Desktop\Repos\rate-limiter-nginx\jmeter\cloud'
2025-02-26 14:51:24,643 INFO o.a.j.s.SaveService: Testplan (JMX) version: 2.2. Testlog (JTL) version: 2.2
2025-02-26 14:51:24,680 INFO o.a.j.s.SaveService: Using SaveService properties version 5.0
2025-02-26 14:51:24,684 INFO o.a.j.s.SaveService: Using SaveService properties file encoding UTF-8
2025-02-26 14:51:24,689 INFO o.a.j.s.SaveService: Loading file: c:\Users\ASUS\Desktop\Repos\rate-limiter-nginx\jmeter\cloud\teastore_performance.jmx
2025-02-26 14:51:24,754 INFO o.a.j.p.h.c.CookieManager: Settings: Delete null: true Check: true Allow variable: true Save: false Prefix: COOKIE_
2025-02-26 14:51:24,790 INFO o.a.j.p.h.s.HTTPSamplerBase: Parser for text/html is org.apache.jmeter.protocol.http.parser.LagartoBasedHtmlParser
2025-02-26 14:51:24,790 INFO o.a.j.p.h.s.HTTPSamplerBase: Parser for application/xhtml+xml is org.apache.jmeter.protocol.http.parser.LagartoBasedHtmlParser
2025-02-26 14:51:24,790 INFO o.a.j.p.h.s.HTTPSamplerBase: Parser for application/xml is org.apache.jmeter.protocol.http.parser.LagartoBasedHtmlParser
2025-02-26 14:51:24,790 INFO o.a.j.p.h.s.HTTPSamplerBase: Parser for text/xml is org.apache.jmeter.protocol.http.parser.LagartoBasedHtmlParser
2025-02-26 14:51:24,790 INFO o.a.j.p.h.s.HTTPSamplerBase: Parser for text/vnd.wap.wml is org.apache.jmeter.protocol.http.parser.RegexpHTMLParser
2025-02-26 14:51:24,790 INFO o.a.j.p.h.s.HTTPSamplerBase: Parser for text/css is org.apache.jmeter.protocol.http.parser.CssParser
2025-02-26 14:51:24,983 INFO o.a.j.s.SampleResult: Note: Sample TimeStamps are START times
2025-02-26 14:51:24,983 INFO o.a.j.s.SampleResult: sampleresult.default.encoding is set to UTF-8
2025-02-26 14:51:24,983 INFO o.a.j.s.SampleResult: sampleresult.useNanoTime=true
2025-02-26 14:51:24,983 INFO o.a.j.s.SampleResult: sampleresult.nanoThreadSleep=5000
2025-02-26 14:51:25,024 INFO o.a.j.JMeter: Creating summariser <summary>
2025-02-26 14:51:25,044 INFO o.a.j.e.StandardJMeterEngine: Running the test!
2025-02-26 14:51:25,044 INFO o.a.j.s.SampleEvent: List of sample_variables: []
2025-02-26 14:51:25,044 INFO o.a.j.s.SampleEvent: List of sample_variables: []
2025-02-26 14:51:25,056 INFO o.a.j.e.u.CompoundVariable: Note: Function class names must contain the string: '.functions.'
2025-02-26 14:51:25,056 INFO o.a.j.e.u.CompoundVariable: Note: Function class names must not contain the string: '.gui.'
2025-02-26 14:51:25,160 INFO o.a.j.r.ClassFinder: Will scan jar C:\Users\ASUS\Desktop\apache-jmeter-5.6.3\apache-jmeter-5.6.3\lib\ext\jmeter-plugins-casutg-2.10.jar with filter ExtendsClassFilter [parents=[interface org.apache.jmeter.functions.Function], inner=false, contains=null, notContains=null]. Consider exposing JMeter plugins via META-INF/services, and add JMeter-Skip-Class-Scanning=true manifest attribute so JMeter can skip classfile scanning
2025-02-26 14:51:25,176 INFO o.a.j.r.ClassFinder: Will scan jar C:\Users\ASUS\Desktop\apache-jmeter-5.6.3\apache-jmeter-5.6.3\lib\ext\jmeter-plugins-graphs-vs-2.0.jar with filter ExtendsClassFilter [parents=[interface org.apache.jmeter.functions.Function], inner=false, contains=null, notContains=null]. Consider exposing JMeter plugins via META-INF/services, and add JMeter-Skip-Class-Scanning=true manifest attribute so JMeter can skip classfile scanning
2025-02-26 14:51:25,180 INFO o.a.j.r.ClassFinder: Will scan jar C:\Users\ASUS\Desktop\apache-jmeter-5.6.3\apache-jmeter-5.6.3\lib\ext\jmeter-plugins-manager-1.9.jar with filter ExtendsClassFilter [parents=[interface org.apache.jmeter.functions.Function], inner=false, contains=null, notContains=null]. Consider exposing JMeter plugins via META-INF/services, and add JMeter-Skip-Class-Scanning=true manifest attribute so JMeter can skip classfile scanning
2025-02-26 14:51:25,278 INFO o.a.j.r.ClassFinder: Will scan jar C:\Users\ASUS\Desktop\apache-jmeter-5.6.3\apache-jmeter-5.6.3\lib\ext\jmeter-plugins-graphs-basic-2.0.jar with filter ExtendsClassFilter [parents=[interface org.apache.jmeter.functions.Function], inner=false, contains=null, notContains=null]. Consider exposing JMeter plugins via META-INF/services, and add JMeter-Skip-Class-Scanning=true manifest attribute so JMeter can skip classfile scanning
2025-02-26 14:51:25,281 INFO o.a.j.r.ClassFinder: Will scan jar C:\Users\ASUS\Desktop\apache-jmeter-5.6.3\apache-jmeter-5.6.3\lib\ext\jmeter-plugins-manager-0.20.jar with filter ExtendsClassFilter [parents=[interface org.apache.jmeter.functions.Function], inner=false, contains=null, notContains=null]. Consider exposing JMeter plugins via META-INF/services, and add JMeter-Skip-Class-Scanning=true manifest attribute so JMeter can skip classfile scanning
2025-02-26 14:51:25,291 INFO o.a.j.r.ClassFinder: Will scan jar C:\Users\ASUS\Desktop\apache-jmeter-5.6.3\apache-jmeter-5.6.3\lib\ext\jmeter-plugins-tst-2.6.jar with filter ExtendsClassFilter [parents=[interface org.apache.jmeter.functions.Function], inner=false, contains=null, notContains=null]. Consider exposing JMeter plugins via META-INF/services, and add JMeter-Skip-Class-Scanning=true manifest attribute so JMeter can skip classfile scanning
2025-02-26 14:51:25,298 INFO o.a.j.r.ClassFinder: Will scan jar C:\Users\ASUS\Desktop\apache-jmeter-5.6.3\apache-jmeter-5.6.3\lib\ext\jmeter-parallel-0.12.jar with filter ExtendsClassFilter [parents=[interface org.apache.jmeter.functions.Function], inner=false, contains=null, notContains=null]. Consider exposing JMeter plugins via META-INF/services, and add JMeter-Skip-Class-Scanning=true manifest attribute so JMeter can skip classfile scanning
2025-02-26 14:51:25,638 INFO o.a.j.JMeter: Running test (1740561685638)
2025-02-26 14:51:25,639 INFO o.a.j.e.StandardJMeterEngine: Starting setUp thread groups
2025-02-26 14:51:25,639 INFO o.a.j.e.StandardJMeterEngine: Starting setUp ThreadGroup: 1 : setUp Thread Group 
2025-02-26 14:51:25,639 INFO o.a.j.e.StandardJMeterEngine: Starting 5 threads for group setUp Thread Group.
2025-02-26 14:51:25,639 INFO o.a.j.e.StandardJMeterEngine: Thread will continue on error
2025-02-26 14:51:25,639 INFO o.a.j.t.ThreadGroup: Starting thread group... number=1 threads=5 ramp-up=5 delayedStart=false
2025-02-26 14:51:25,648 INFO o.a.j.t.ThreadGroup: Started thread group number 1
2025-02-26 14:51:25,648 INFO o.a.j.e.StandardJMeterEngine: Waiting for all setup thread groups to exit
2025-02-26 14:51:25,654 INFO o.a.j.t.JMeterThread: Thread started: setUp Thread Group 1-1
2025-02-26 14:51:26,620 INFO o.a.j.p.h.s.HTTPHCAbstractImpl: Local host = THIVA
2025-02-26 14:51:26,633 INFO o.a.j.p.h.s.HTTPHC4Impl: HTTP request retry count = 0
2025-02-26 14:51:26,651 INFO o.a.j.t.JMeterThread: Thread started: setUp Thread Group 1-2
2025-02-26 14:51:27,650 INFO o.a.j.t.JMeterThread: Thread started: setUp Thread Group 1-3
2025-02-26 14:51:28,648 INFO o.a.j.t.JMeterThread: Thread started: setUp Thread Group 1-4
2025-02-26 14:51:29,646 INFO o.a.j.t.JMeterThread: Thread started: setUp Thread Group 1-5
2025-02-26 14:51:35,695 INFO o.a.j.t.JMeterThread: Stopping because end time detected by thread: setUp Thread Group 1-5
2025-02-26 14:51:35,695 INFO o.a.j.t.JMeterThread: Thread finished: setUp Thread Group 1-5
2025-02-26 14:51:35,727 INFO o.a.j.t.JMeterThread: Stopping because end time detected by thread: setUp Thread Group 1-4
2025-02-26 14:51:35,727 INFO o.a.j.t.JMeterThread: Thread finished: setUp Thread Group 1-4
2025-02-26 14:51:35,879 INFO o.a.j.t.JMeterThread: Stopping because end time detected by thread: setUp Thread Group 1-2
2025-02-26 14:51:35,879 INFO o.a.j.t.JMeterThread: Stopping because end time detected by thread: setUp Thread Group 1-1
2025-02-26 14:51:35,884 INFO o.a.j.t.JMeterThread: Thread finished: setUp Thread Group 1-2
2025-02-26 14:51:35,884 INFO o.a.j.t.JMeterThread: Thread finished: setUp Thread Group 1-1
2025-02-26 14:51:36,125 INFO o.a.j.t.JMeterThread: Stopping because end time detected by thread: setUp Thread Group 1-3
2025-02-26 14:51:36,126 INFO o.a.j.t.JMeterThread: Thread finished: setUp Thread Group 1-3
2025-02-26 14:51:36,126 INFO o.a.j.e.StandardJMeterEngine: All Setup Threads have ended
2025-02-26 14:51:36,153 INFO o.a.j.e.StandardJMeterEngine: Starting ThreadGroup: 1 : Thread-Gruppe
2025-02-26 14:51:36,153 INFO o.a.j.e.StandardJMeterEngine: Starting 1 threads for group Thread-Gruppe.
2025-02-26 14:51:36,153 INFO o.a.j.e.StandardJMeterEngine: Thread will continue on error
2025-02-26 14:51:36,153 INFO o.a.j.t.ThreadGroup: Starting thread group... number=1 threads=1 ramp-up=5 delayedStart=false
2025-02-26 14:51:36,157 INFO o.a.j.t.ThreadGroup: Started thread group number 1
2025-02-26 14:51:36,158 INFO o.a.j.e.StandardJMeterEngine: Starting ThreadGroup: 2 : Thread-Gruppe
2025-02-26 14:51:36,158 INFO o.a.j.e.StandardJMeterEngine: Starting 1 threads for group Thread-Gruppe.
2025-02-26 14:51:36,158 INFO o.a.j.e.StandardJMeterEngine: Thread will continue on error
2025-02-26 14:51:36,158 INFO o.a.j.t.ThreadGroup: Starting thread group... number=2 threads=1 ramp-up=5 delayedStart=false
2025-02-26 14:51:36,159 INFO o.a.j.t.ThreadGroup: Started thread group number 2
2025-02-26 14:51:36,159 INFO o.a.j.e.StandardJMeterEngine: Starting ThreadGroup: 3 : Thread-Gruppe
2025-02-26 14:51:36,159 INFO o.a.j.e.StandardJMeterEngine: Starting 1 threads for group Thread-Gruppe.
2025-02-26 14:51:36,159 INFO o.a.j.e.StandardJMeterEngine: Thread will continue on error
2025-02-26 14:51:36,159 INFO o.a.j.t.ThreadGroup: Starting thread group... number=3 threads=1 ramp-up=5 delayedStart=false
2025-02-26 14:51:36,159 INFO o.a.j.t.JMeterThread: Thread started: Thread-Gruppe 1-1
2025-02-26 14:51:36,161 INFO o.a.j.t.JMeterThread: Thread started: Thread-Gruppe 2-1
2025-02-26 14:51:36,165 INFO o.a.j.t.ThreadGroup: Started thread group number 3
2025-02-26 14:51:36,165 INFO o.a.j.e.StandardJMeterEngine: All thread groups have been started
2025-02-26 14:51:36,167 INFO o.a.j.t.JMeterThread: Thread started: Thread-Gruppe 3-1
2025-02-26 14:51:56,727 INFO o.a.j.t.JMeterThread: Thread finished: Thread-Gruppe 1-1
2025-02-26 14:52:01,441 INFO o.a.j.r.Summariser: summary +     12 in 00:00:36 =    0.3/s Avg:   382 Min:   247 Max:   521 Err:     0 (0.00%) Active: 2 Started: 3 Finished: 1
2025-02-26 14:52:01,446 INFO o.a.j.t.JMeterThread: Thread finished: Thread-Gruppe 3-1
2025-02-26 14:52:03,127 INFO o.a.j.t.JMeterThread: Thread finished: Thread-Gruppe 2-1
2025-02-26 14:52:03,128 INFO o.a.j.e.StandardJMeterEngine: Notifying test listeners of end of test
2025-02-26 14:52:03,133 INFO o.a.j.r.Summariser: summary +      1 in 00:00:02 =    0.6/s Avg:   256 Min:   256 Max:   256 Err:     0 (0.00%) Active: 0 Started: 3 Finished: 3
2025-02-26 14:52:03,134 INFO o.a.j.r.Summariser: summary =     13 in 00:00:37 =    0.3/s Avg:   372 Min:   247 Max:   521 Err:     0 (0.00%)
