2025-02-28 10:00:06,744 INFO o.a.j.u.JMeterUtils: Setting Locale to en_EN
2025-02-28 10:00:06,781 INFO o.a.j.JMeter: Loading user properties from: C:\Users\ASUS\Desktop\apache-jmeter-5.6.3\apache-jmeter-5.6.3\bin\user.properties
2025-02-28 10:00:06,781 INFO o.a.j.JMeter: Loading system properties from: C:\Users\ASUS\Desktop\apache-jmeter-5.6.3\apache-jmeter-5.6.3\bin\system.properties
2025-02-28 10:00:06,784 INFO o.a.j.JMeter: Setting JMeter property: lb_1_hostname=34.123.91.22
2025-02-28 10:00:06,784 INFO o.a.j.JMeter: Setting JMeter property: lb_2_hostname=35.224.254.232
2025-02-28 10:00:06,784 INFO o.a.j.JMeter: Setting JMeter property: lb_1_port=8090
2025-02-28 10:00:06,784 INFO o.a.j.JMeter: Setting JMeter property: lb_2_port=8091
2025-02-28 10:00:06,787 INFO o.a.j.JMeter: Setting JMeter property: warm_up_users=20
2025-02-28 10:00:06,787 INFO o.a.j.JMeter: Setting JMeter property: warm_up_time=60
2025-02-28 10:00:06,787 INFO o.a.j.JMeter: Setting JMeter property: test_run_time=600
2025-02-28 10:00:06,787 INFO o.a.j.JMeter: Setting JMeter property: ramp_up=10
2025-02-28 10:00:06,787 INFO o.a.j.JMeter: Setting JMeter property: group_1=75
2025-02-28 10:00:06,789 INFO o.a.j.JMeter: Setting JMeter property: group_2=20
2025-02-28 10:00:06,789 INFO o.a.j.JMeter: Setting JMeter property: group_3=5
2025-02-28 10:00:06,789 INFO o.a.j.JMeter: Setting JMeter property: group_1_request_rate=30
2025-02-28 10:00:06,789 INFO o.a.j.JMeter: Setting JMeter property: group_2_request_rate=90
2025-02-28 10:00:06,789 INFO o.a.j.JMeter: Setting JMeter property: group_3_request_rate=120
2025-02-28 10:00:06,789 INFO o.a.j.JMeter: Setting JMeter property: log_file=c:\\Users\\ASUS\\Desktop\\Repos\\rate-limiter-nginx\\jmeter\\cloud\\2025_02_28_10_00_logs\\gcra\\mysql_script_period_60_rate_100_burst_5\\warm_up_results.csv
2025-02-28 10:00:06,789 INFO o.a.j.JMeter: Setting JMeter property: algorithm=gcra_mysql_script_period_60_rate_100_burst_5
2025-02-28 10:00:06,789 INFO o.a.j.JMeter: Setting JMeter property: auth=/gcra/mysql_script_period_60_rate_100_burst_5/tools.descartes.teastore.auth/rest
2025-02-28 10:00:06,789 INFO o.a.j.JMeter: Setting JMeter property: persistence=/gcra/mysql_script_period_60_rate_100_burst_5/tools.descartes.teastore.persistence/rest
2025-02-28 10:00:06,789 INFO o.a.j.JMeter: Setting JMeter property: recommender=/gcra/mysql_script_period_60_rate_100_burst_5/tools.descartes.teastore.recommender/rest
2025-02-28 10:00:06,789 INFO o.a.j.JMeter: Setting JMeter property: image=/gcra/mysql_script_period_60_rate_100_burst_5/tools.descartes.teastore.image/rest
2025-02-28 10:00:06,800 INFO o.a.j.JMeter: Copyright (c) 1998-2024 The Apache Software Foundation
2025-02-28 10:00:06,800 INFO o.a.j.JMeter: Version 5.6.3
2025-02-28 10:00:06,800 INFO o.a.j.JMeter: java.version=17.0.9
2025-02-28 10:00:06,800 INFO o.a.j.JMeter: java.vm.name=Java HotSpot(TM) 64-Bit Server VM
2025-02-28 10:00:06,800 INFO o.a.j.JMeter: os.name=Windows 11
2025-02-28 10:00:06,800 INFO o.a.j.JMeter: os.arch=amd64
2025-02-28 10:00:06,800 INFO o.a.j.JMeter: os.version=10.0
2025-02-28 10:00:06,800 INFO o.a.j.JMeter: file.encoding=Cp1252
2025-02-28 10:00:06,800 INFO o.a.j.JMeter: java.awt.headless=true
2025-02-28 10:00:06,800 INFO o.a.j.JMeter: Max memory     =1073741824
2025-02-28 10:00:06,800 INFO o.a.j.JMeter: Available Processors =12
2025-02-28 10:00:06,813 INFO o.a.j.JMeter: Default Locale=English (EN)
2025-02-28 10:00:06,813 INFO o.a.j.JMeter: JMeter  Locale=English (EN)
2025-02-28 10:00:06,813 INFO o.a.j.JMeter: JMeterHome=C:\Users\ASUS\Desktop\apache-jmeter-5.6.3\apache-jmeter-5.6.3
2025-02-28 10:00:06,813 INFO o.a.j.JMeter: user.dir  =C:\Users\ASUS\Desktop\Repos\rate-limiter-nginx
2025-02-28 10:00:06,813 INFO o.a.j.JMeter: PWD       =C:\Users\ASUS\Desktop\Repos\rate-limiter-nginx
2025-02-28 10:00:06,817 INFO o.a.j.JMeter: IP: 192.168.1.45 Name: THIVA FullName: THIVA
2025-02-28 10:00:06,850 INFO o.a.j.s.FileServer: Default base='C:\Users\ASUS\Desktop\Repos\rate-limiter-nginx'
2025-02-28 10:00:06,850 INFO o.a.j.s.FileServer: Set new base='c:\Users\ASUS\Desktop\Repos\rate-limiter-nginx\jmeter\cloud'
2025-02-28 10:00:07,132 INFO o.a.j.s.SaveService: Testplan (JMX) version: 2.2. Testlog (JTL) version: 2.2
2025-02-28 10:00:07,163 INFO o.a.j.s.SaveService: Using SaveService properties version 5.0
2025-02-28 10:00:07,176 INFO o.a.j.s.SaveService: Using SaveService properties file encoding UTF-8
2025-02-28 10:00:07,176 INFO o.a.j.s.SaveService: Loading file: c:\Users\ASUS\Desktop\Repos\rate-limiter-nginx\jmeter\cloud\teastore_performance.jmx
2025-02-28 10:00:07,249 INFO o.a.j.p.h.c.CookieManager: Settings: Delete null: true Check: true Allow variable: true Save: false Prefix: COOKIE_
2025-02-28 10:00:07,275 INFO o.a.j.p.h.s.HTTPSamplerBase: Parser for text/html is org.apache.jmeter.protocol.http.parser.LagartoBasedHtmlParser
2025-02-28 10:00:07,275 INFO o.a.j.p.h.s.HTTPSamplerBase: Parser for application/xhtml+xml is org.apache.jmeter.protocol.http.parser.LagartoBasedHtmlParser
2025-02-28 10:00:07,275 INFO o.a.j.p.h.s.HTTPSamplerBase: Parser for application/xml is org.apache.jmeter.protocol.http.parser.LagartoBasedHtmlParser
2025-02-28 10:00:07,275 INFO o.a.j.p.h.s.HTTPSamplerBase: Parser for text/xml is org.apache.jmeter.protocol.http.parser.LagartoBasedHtmlParser
2025-02-28 10:00:07,275 INFO o.a.j.p.h.s.HTTPSamplerBase: Parser for text/vnd.wap.wml is org.apache.jmeter.protocol.http.parser.RegexpHTMLParser
2025-02-28 10:00:07,275 INFO o.a.j.p.h.s.HTTPSamplerBase: Parser for text/css is org.apache.jmeter.protocol.http.parser.CssParser
2025-02-28 10:00:07,392 INFO o.a.j.s.SampleResult: Note: Sample TimeStamps are START times
2025-02-28 10:00:07,392 INFO o.a.j.s.SampleResult: sampleresult.default.encoding is set to UTF-8
2025-02-28 10:00:07,392 INFO o.a.j.s.SampleResult: sampleresult.useNanoTime=true
2025-02-28 10:00:07,392 INFO o.a.j.s.SampleResult: sampleresult.nanoThreadSleep=5000
2025-02-28 10:00:07,425 INFO o.a.j.JMeter: Creating summariser <summary>
2025-02-28 10:00:07,453 INFO o.a.j.e.StandardJMeterEngine: Running the test!
2025-02-28 10:00:07,454 INFO o.a.j.s.SampleEvent: List of sample_variables: []
2025-02-28 10:00:07,454 INFO o.a.j.s.SampleEvent: List of sample_variables: []
2025-02-28 10:00:07,460 INFO o.a.j.e.u.CompoundVariable: Note: Function class names must contain the string: '.functions.'
2025-02-28 10:00:07,460 INFO o.a.j.e.u.CompoundVariable: Note: Function class names must not contain the string: '.gui.'
2025-02-28 10:00:07,525 INFO o.a.j.r.ClassFinder: Will scan jar C:\Users\ASUS\Desktop\apache-jmeter-5.6.3\apache-jmeter-5.6.3\lib\ext\jmeter-plugins-casutg-2.10.jar with filter ExtendsClassFilter [parents=[interface org.apache.jmeter.functions.Function], inner=false, contains=null, notContains=null]. Consider exposing JMeter plugins via META-INF/services, and add JMeter-Skip-Class-Scanning=true manifest attribute so JMeter can skip classfile scanning
2025-02-28 10:00:07,542 INFO o.a.j.r.ClassFinder: Will scan jar C:\Users\ASUS\Desktop\apache-jmeter-5.6.3\apache-jmeter-5.6.3\lib\ext\jmeter-plugins-graphs-vs-2.0.jar with filter ExtendsClassFilter [parents=[interface org.apache.jmeter.functions.Function], inner=false, contains=null, notContains=null]. Consider exposing JMeter plugins via META-INF/services, and add JMeter-Skip-Class-Scanning=true manifest attribute so JMeter can skip classfile scanning
2025-02-28 10:00:07,542 INFO o.a.j.r.ClassFinder: Will scan jar C:\Users\ASUS\Desktop\apache-jmeter-5.6.3\apache-jmeter-5.6.3\lib\ext\jmeter-plugins-manager-1.9.jar with filter ExtendsClassFilter [parents=[interface org.apache.jmeter.functions.Function], inner=false, contains=null, notContains=null]. Consider exposing JMeter plugins via META-INF/services, and add JMeter-Skip-Class-Scanning=true manifest attribute so JMeter can skip classfile scanning
2025-02-28 10:00:07,608 INFO o.a.j.r.ClassFinder: Will scan jar C:\Users\ASUS\Desktop\apache-jmeter-5.6.3\apache-jmeter-5.6.3\lib\ext\jmeter-plugins-graphs-basic-2.0.jar with filter ExtendsClassFilter [parents=[interface org.apache.jmeter.functions.Function], inner=false, contains=null, notContains=null]. Consider exposing JMeter plugins via META-INF/services, and add JMeter-Skip-Class-Scanning=true manifest attribute so JMeter can skip classfile scanning
2025-02-28 10:00:07,614 INFO o.a.j.r.ClassFinder: Will scan jar C:\Users\ASUS\Desktop\apache-jmeter-5.6.3\apache-jmeter-5.6.3\lib\ext\jmeter-plugins-manager-0.20.jar with filter ExtendsClassFilter [parents=[interface org.apache.jmeter.functions.Function], inner=false, contains=null, notContains=null]. Consider exposing JMeter plugins via META-INF/services, and add JMeter-Skip-Class-Scanning=true manifest attribute so JMeter can skip classfile scanning
2025-02-28 10:00:07,619 INFO o.a.j.r.ClassFinder: Will scan jar C:\Users\ASUS\Desktop\apache-jmeter-5.6.3\apache-jmeter-5.6.3\lib\ext\jmeter-plugins-tst-2.6.jar with filter ExtendsClassFilter [parents=[interface org.apache.jmeter.functions.Function], inner=false, contains=null, notContains=null]. Consider exposing JMeter plugins via META-INF/services, and add JMeter-Skip-Class-Scanning=true manifest attribute so JMeter can skip classfile scanning
2025-02-28 10:00:07,628 INFO o.a.j.r.ClassFinder: Will scan jar C:\Users\ASUS\Desktop\apache-jmeter-5.6.3\apache-jmeter-5.6.3\lib\ext\jmeter-parallel-0.12.jar with filter ExtendsClassFilter [parents=[interface org.apache.jmeter.functions.Function], inner=false, contains=null, notContains=null]. Consider exposing JMeter plugins via META-INF/services, and add JMeter-Skip-Class-Scanning=true manifest attribute so JMeter can skip classfile scanning
2025-02-28 10:00:07,927 INFO o.a.j.JMeter: Running test (1740717007927)
2025-02-28 10:00:07,927 INFO o.a.j.e.StandardJMeterEngine: Starting setUp thread groups
2025-02-28 10:00:07,927 INFO o.a.j.e.StandardJMeterEngine: Starting setUp ThreadGroup: 1 : setUp Thread Group 
2025-02-28 10:00:07,935 INFO o.a.j.e.StandardJMeterEngine: Starting 20 threads for group setUp Thread Group.
2025-02-28 10:00:07,935 INFO o.a.j.e.StandardJMeterEngine: Thread will continue on error
2025-02-28 10:00:07,935 INFO o.a.j.t.ThreadGroup: Starting thread group... number=1 threads=20 ramp-up=10 delayedStart=false
2025-02-28 10:00:07,942 INFO o.a.j.t.JMeterThread: Thread started: setUp Thread Group 1-1
2025-02-28 10:00:07,963 INFO o.a.j.t.ThreadGroup: Started thread group number 1
2025-02-28 10:00:07,963 INFO o.a.j.e.StandardJMeterEngine: Waiting for all setup thread groups to exit
2025-02-28 10:00:08,453 INFO o.a.j.t.JMeterThread: Thread started: setUp Thread Group 1-2
2025-02-28 10:00:08,757 INFO o.a.j.p.h.s.HTTPHCAbstractImpl: Local host = THIVA
2025-02-28 10:00:08,764 INFO o.a.j.p.h.s.HTTPHC4Impl: HTTP request retry count = 0
2025-02-28 10:00:08,949 INFO o.a.j.t.JMeterThread: Thread started: setUp Thread Group 1-3
2025-02-28 10:00:09,444 INFO o.a.j.t.JMeterThread: Thread started: setUp Thread Group 1-4
2025-02-28 10:00:09,944 INFO o.a.j.t.JMeterThread: Thread started: setUp Thread Group 1-5
2025-02-28 10:00:10,441 INFO o.a.j.t.JMeterThread: Thread started: setUp Thread Group 1-6
2025-02-28 10:00:10,949 INFO o.a.j.t.JMeterThread: Thread started: setUp Thread Group 1-7
2025-02-28 10:00:11,441 INFO o.a.j.t.JMeterThread: Thread started: setUp Thread Group 1-8
2025-02-28 10:00:11,935 INFO o.a.j.t.JMeterThread: Thread started: setUp Thread Group 1-9
2025-02-28 10:00:12,442 INFO o.a.j.t.JMeterThread: Thread started: setUp Thread Group 1-10
2025-02-28 10:00:12,942 INFO o.a.j.t.JMeterThread: Thread started: setUp Thread Group 1-11
2025-02-28 10:00:13,441 INFO o.a.j.t.JMeterThread: Thread started: setUp Thread Group 1-12
2025-02-28 10:00:13,943 INFO o.a.j.t.JMeterThread: Thread started: setUp Thread Group 1-13
2025-02-28 10:00:14,439 INFO o.a.j.t.JMeterThread: Thread started: setUp Thread Group 1-14
2025-02-28 10:00:14,941 INFO o.a.j.t.JMeterThread: Thread started: setUp Thread Group 1-15
2025-02-28 10:00:15,439 INFO o.a.j.t.JMeterThread: Thread started: setUp Thread Group 1-16
2025-02-28 10:00:15,939 INFO o.a.j.t.JMeterThread: Thread started: setUp Thread Group 1-17
2025-02-28 10:00:16,436 INFO o.a.j.t.JMeterThread: Thread started: setUp Thread Group 1-18
2025-02-28 10:00:16,936 INFO o.a.j.t.JMeterThread: Thread started: setUp Thread Group 1-19
2025-02-28 10:00:17,440 INFO o.a.j.t.JMeterThread: Thread started: setUp Thread Group 1-20
2025-02-28 10:01:07,759 INFO o.a.j.t.JMeterThread: Thread finished: setUp Thread Group 1-7
2025-02-28 10:01:07,835 INFO o.a.j.t.JMeterThread: Thread finished: setUp Thread Group 1-5
2025-02-28 10:01:07,839 INFO o.a.j.t.JMeterThread: Thread finished: setUp Thread Group 1-9
2025-02-28 10:01:07,862 INFO o.a.j.t.JMeterThread: Thread finished: setUp Thread Group 1-19
2025-02-28 10:01:07,862 INFO o.a.j.t.JMeterThread: Thread finished: setUp Thread Group 1-6
2025-02-28 10:01:07,873 INFO o.a.j.t.JMeterThread: Thread finished: setUp Thread Group 1-18
2025-02-28 10:01:07,904 INFO o.a.j.t.JMeterThread: Thread finished: setUp Thread Group 1-11
2025-02-28 10:01:07,935 INFO o.a.j.t.JMeterThread: Thread finished: setUp Thread Group 1-4
2025-02-28 10:01:07,999 INFO o.a.j.t.JMeterThread: Stopping because end time detected by thread: setUp Thread Group 1-20
2025-02-28 10:01:07,999 INFO o.a.j.t.JMeterThread: Thread finished: setUp Thread Group 1-20
2025-02-28 10:01:08,015 INFO o.a.j.t.JMeterThread: Stopping because end time detected by thread: setUp Thread Group 1-12
2025-02-28 10:01:08,028 INFO o.a.j.t.JMeterThread: Thread finished: setUp Thread Group 1-12
2025-02-28 10:01:08,079 INFO o.a.j.t.JMeterThread: Stopping because end time detected by thread: setUp Thread Group 1-15
2025-02-28 10:01:08,079 INFO o.a.j.t.JMeterThread: Thread finished: setUp Thread Group 1-15
2025-02-28 10:01:08,111 INFO o.a.j.t.JMeterThread: Stopping because end time detected by thread: setUp Thread Group 1-16
2025-02-28 10:01:08,111 INFO o.a.j.t.JMeterThread: Thread finished: setUp Thread Group 1-16
2025-02-28 10:01:08,143 INFO o.a.j.t.JMeterThread: Stopping because end time detected by thread: setUp Thread Group 1-8
2025-02-28 10:01:08,143 INFO o.a.j.t.JMeterThread: Thread finished: setUp Thread Group 1-8
2025-02-28 10:01:08,158 INFO o.a.j.t.JMeterThread: Stopping because end time detected by thread: setUp Thread Group 1-17
2025-02-28 10:01:08,158 INFO o.a.j.t.JMeterThread: Thread finished: setUp Thread Group 1-17
2025-02-28 10:01:08,175 INFO o.a.j.t.JMeterThread: Stopping because end time detected by thread: setUp Thread Group 1-10
2025-02-28 10:01:08,175 INFO o.a.j.t.JMeterThread: Thread finished: setUp Thread Group 1-10
2025-02-28 10:01:08,255 INFO o.a.j.t.JMeterThread: Stopping because end time detected by thread: setUp Thread Group 1-13
2025-02-28 10:01:08,255 INFO o.a.j.t.JMeterThread: Thread finished: setUp Thread Group 1-13
2025-02-28 10:01:08,327 INFO o.a.j.t.JMeterThread: Stopping because end time detected by thread: setUp Thread Group 1-1
2025-02-28 10:01:08,327 INFO o.a.j.t.JMeterThread: Thread finished: setUp Thread Group 1-1
2025-02-28 10:01:08,496 INFO o.a.j.t.JMeterThread: Stopping because end time detected by thread: setUp Thread Group 1-14
2025-02-28 10:01:08,496 INFO o.a.j.t.JMeterThread: Thread finished: setUp Thread Group 1-14
2025-02-28 10:01:08,499 INFO o.a.j.t.JMeterThread: Stopping because end time detected by thread: setUp Thread Group 1-2
2025-02-28 10:01:08,510 INFO o.a.j.t.JMeterThread: Thread finished: setUp Thread Group 1-2
2025-02-28 10:01:08,707 INFO o.a.j.t.JMeterThread: Stopping because end time detected by thread: setUp Thread Group 1-3
2025-02-28 10:01:08,707 INFO o.a.j.t.JMeterThread: Thread finished: setUp Thread Group 1-3
2025-02-28 10:01:08,707 INFO o.a.j.e.StandardJMeterEngine: All Setup Threads have ended
2025-02-28 10:01:08,752 INFO o.a.j.e.StandardJMeterEngine: Starting ThreadGroup: 1 : Thread-Gruppe
2025-02-28 10:01:08,752 INFO o.a.j.e.StandardJMeterEngine: Starting 75 threads for group Thread-Gruppe.
2025-02-28 10:01:08,752 INFO o.a.j.e.StandardJMeterEngine: Thread will continue on error
2025-02-28 10:01:08,752 INFO o.a.j.t.ThreadGroup: Starting thread group... number=1 threads=75 ramp-up=10 delayedStart=false
2025-02-28 10:01:08,756 INFO o.a.j.t.JMeterThread: Thread started: Thread-Gruppe 1-1
2025-02-28 10:01:08,815 INFO o.a.j.t.ThreadGroup: Started thread group number 1
2025-02-28 10:01:08,815 INFO o.a.j.e.StandardJMeterEngine: Starting ThreadGroup: 2 : Thread-Gruppe
2025-02-28 10:01:08,815 INFO o.a.j.e.StandardJMeterEngine: Starting 20 threads for group Thread-Gruppe.
2025-02-28 10:01:08,815 INFO o.a.j.e.StandardJMeterEngine: Thread will continue on error
2025-02-28 10:01:08,815 INFO o.a.j.t.ThreadGroup: Starting thread group... number=2 threads=20 ramp-up=10 delayedStart=false
2025-02-28 10:01:08,816 INFO o.a.j.t.JMeterThread: Thread started: Thread-Gruppe 2-1
2025-02-28 10:01:08,826 INFO o.a.j.t.ThreadGroup: Started thread group number 2
2025-02-28 10:01:08,827 INFO o.a.j.e.StandardJMeterEngine: Starting ThreadGroup: 3 : Thread-Gruppe
2025-02-28 10:01:08,827 INFO o.a.j.e.StandardJMeterEngine: Starting 5 threads for group Thread-Gruppe.
2025-02-28 10:01:08,827 INFO o.a.j.e.StandardJMeterEngine: Thread will continue on error
2025-02-28 10:01:08,827 INFO o.a.j.t.ThreadGroup: Starting thread group... number=3 threads=5 ramp-up=10 delayedStart=false
2025-02-28 10:01:08,828 INFO o.a.j.t.JMeterThread: Thread started: Thread-Gruppe 3-1
2025-02-28 10:01:08,830 INFO o.a.j.t.ThreadGroup: Started thread group number 3
2025-02-28 10:01:08,830 INFO o.a.j.e.StandardJMeterEngine: All thread groups have been started
2025-02-28 10:01:08,888 INFO o.a.j.t.JMeterThread: Thread started: Thread-Gruppe 1-2
2025-02-28 10:01:09,021 INFO o.a.j.t.JMeterThread: Thread started: Thread-Gruppe 1-3
2025-02-28 10:01:09,154 INFO o.a.j.t.JMeterThread: Thread started: Thread-Gruppe 1-4
2025-02-28 10:01:09,289 INFO o.a.j.t.JMeterThread: Thread started: Thread-Gruppe 1-5
2025-02-28 10:01:09,318 INFO o.a.j.t.JMeterThread: Thread started: Thread-Gruppe 2-2
2025-02-28 10:01:09,420 INFO o.a.j.t.JMeterThread: Thread started: Thread-Gruppe 1-6
2025-02-28 10:01:09,553 INFO o.a.j.t.JMeterThread: Thread started: Thread-Gruppe 1-7
2025-02-28 10:01:09,688 INFO o.a.j.t.JMeterThread: Thread started: Thread-Gruppe 1-8
2025-02-28 10:01:09,819 INFO o.a.j.t.JMeterThread: Thread started: Thread-Gruppe 2-3
2025-02-28 10:01:09,819 INFO o.a.j.t.JMeterThread: Thread started: Thread-Gruppe 1-9
2025-02-28 10:01:09,953 INFO o.a.j.t.JMeterThread: Thread started: Thread-Gruppe 1-10
2025-02-28 10:01:10,088 INFO o.a.j.t.JMeterThread: Thread started: Thread-Gruppe 1-11
2025-02-28 10:01:10,218 INFO o.a.j.t.JMeterThread: Thread started: Thread-Gruppe 1-12
2025-02-28 10:01:10,318 INFO o.a.j.t.JMeterThread: Thread started: Thread-Gruppe 2-4
2025-02-28 10:01:10,350 INFO o.a.j.t.JMeterThread: Thread started: Thread-Gruppe 1-13
2025-02-28 10:01:10,486 INFO o.a.j.t.JMeterThread: Thread started: Thread-Gruppe 1-14
2025-02-28 10:01:10,617 INFO o.a.j.t.JMeterThread: Thread started: Thread-Gruppe 1-15
2025-02-28 10:01:10,752 INFO o.a.j.t.JMeterThread: Thread started: Thread-Gruppe 1-16
2025-02-28 10:01:10,818 INFO o.a.j.t.JMeterThread: Thread started: Thread-Gruppe 2-5
2025-02-28 10:01:10,829 INFO o.a.j.t.JMeterThread: Thread started: Thread-Gruppe 3-2
2025-02-28 10:01:10,883 INFO o.a.j.t.JMeterThread: Thread started: Thread-Gruppe 1-17
2025-02-28 10:01:11,016 INFO o.a.j.t.JMeterThread: Thread started: Thread-Gruppe 1-18
2025-02-28 10:01:11,150 INFO o.a.j.t.JMeterThread: Thread started: Thread-Gruppe 1-19
2025-02-28 10:01:11,281 INFO o.a.j.t.JMeterThread: Thread started: Thread-Gruppe 1-20
2025-02-28 10:01:11,317 INFO o.a.j.t.JMeterThread: Thread started: Thread-Gruppe 2-6
2025-02-28 10:01:11,414 INFO o.a.j.t.JMeterThread: Thread started: Thread-Gruppe 1-21
2025-02-28 10:01:11,548 INFO o.a.j.t.JMeterThread: Thread started: Thread-Gruppe 1-22
2025-02-28 10:01:11,681 INFO o.a.j.t.JMeterThread: Thread started: Thread-Gruppe 1-23
2025-02-28 10:01:11,812 INFO o.a.j.t.JMeterThread: Thread started: Thread-Gruppe 1-24
2025-02-28 10:01:11,818 INFO o.a.j.t.JMeterThread: Thread started: Thread-Gruppe 2-7
2025-02-28 10:01:11,946 INFO o.a.j.t.JMeterThread: Thread started: Thread-Gruppe 1-25
2025-02-28 10:01:12,079 INFO o.a.j.t.JMeterThread: Thread started: Thread-Gruppe 1-26
2025-02-28 10:01:12,212 INFO o.a.j.t.JMeterThread: Thread started: Thread-Gruppe 1-27
2025-02-28 10:01:12,316 INFO o.a.j.t.JMeterThread: Thread started: Thread-Gruppe 2-8
2025-02-28 10:01:12,347 INFO o.a.j.t.JMeterThread: Thread started: Thread-Gruppe 1-28
2025-02-28 10:01:12,478 INFO o.a.j.t.JMeterThread: Thread started: Thread-Gruppe 1-29
2025-02-28 10:01:12,611 INFO o.a.j.t.JMeterThread: Thread started: Thread-Gruppe 1-30
2025-02-28 10:01:12,744 INFO o.a.j.t.JMeterThread: Thread started: Thread-Gruppe 1-31
2025-02-28 10:01:12,817 INFO o.a.j.t.JMeterThread: Thread started: Thread-Gruppe 2-9
2025-02-28 10:01:12,829 INFO o.a.j.t.JMeterThread: Thread started: Thread-Gruppe 3-3
2025-02-28 10:01:12,879 INFO o.a.j.t.JMeterThread: Thread started: Thread-Gruppe 1-32
2025-02-28 10:01:13,011 INFO o.a.j.t.JMeterThread: Thread started: Thread-Gruppe 1-33
2025-02-28 10:01:13,144 INFO o.a.j.t.JMeterThread: Thread started: Thread-Gruppe 1-34
2025-02-28 10:01:13,277 INFO o.a.j.t.JMeterThread: Thread started: Thread-Gruppe 1-35
2025-02-28 10:01:13,316 INFO o.a.j.t.JMeterThread: Thread started: Thread-Gruppe 2-10
2025-02-28 10:01:13,410 INFO o.a.j.t.JMeterThread: Thread started: Thread-Gruppe 1-36
2025-02-28 10:01:13,544 INFO o.a.j.t.JMeterThread: Thread started: Thread-Gruppe 1-37
2025-02-28 10:01:13,676 INFO o.a.j.t.JMeterThread: Thread started: Thread-Gruppe 1-38
2025-02-28 10:01:13,809 INFO o.a.j.t.JMeterThread: Thread started: Thread-Gruppe 1-39
2025-02-28 10:01:13,817 INFO o.a.j.t.JMeterThread: Thread started: Thread-Gruppe 2-11
2025-02-28 10:01:13,940 INFO o.a.j.t.JMeterThread: Thread started: Thread-Gruppe 1-40
2025-02-28 10:01:14,073 INFO o.a.j.t.JMeterThread: Thread started: Thread-Gruppe 1-41
2025-02-28 10:01:14,206 INFO o.a.j.t.JMeterThread: Thread started: Thread-Gruppe 1-42
2025-02-28 10:01:14,317 INFO o.a.j.t.JMeterThread: Thread started: Thread-Gruppe 2-12
2025-02-28 10:01:14,340 INFO o.a.j.t.JMeterThread: Thread started: Thread-Gruppe 1-43
2025-02-28 10:01:14,474 INFO o.a.j.t.JMeterThread: Thread started: Thread-Gruppe 1-44
2025-02-28 10:01:14,606 INFO o.a.j.t.JMeterThread: Thread started: Thread-Gruppe 1-45
2025-02-28 10:01:14,740 INFO o.a.j.t.JMeterThread: Thread started: Thread-Gruppe 1-46
2025-02-28 10:01:14,816 INFO o.a.j.t.JMeterThread: Thread started: Thread-Gruppe 2-13
2025-02-28 10:01:14,830 INFO o.a.j.t.JMeterThread: Thread started: Thread-Gruppe 3-4
2025-02-28 10:01:14,873 INFO o.a.j.t.JMeterThread: Thread started: Thread-Gruppe 1-47
2025-02-28 10:01:15,006 INFO o.a.j.t.JMeterThread: Thread started: Thread-Gruppe 1-48
2025-02-28 10:01:15,139 INFO o.a.j.t.JMeterThread: Thread started: Thread-Gruppe 1-49
2025-02-28 10:01:15,272 INFO o.a.j.t.JMeterThread: Thread started: Thread-Gruppe 1-50
2025-02-28 10:01:15,317 INFO o.a.j.t.JMeterThread: Thread started: Thread-Gruppe 2-14
2025-02-28 10:01:15,404 INFO o.a.j.t.JMeterThread: Thread started: Thread-Gruppe 1-51
2025-02-28 10:01:15,538 INFO o.a.j.t.JMeterThread: Thread started: Thread-Gruppe 1-52
2025-02-28 10:01:15,670 INFO o.a.j.t.JMeterThread: Thread started: Thread-Gruppe 1-53
2025-02-28 10:01:15,804 INFO o.a.j.t.JMeterThread: Thread started: Thread-Gruppe 1-54
2025-02-28 10:01:15,816 INFO o.a.j.t.JMeterThread: Thread started: Thread-Gruppe 2-15
2025-02-28 10:01:15,937 INFO o.a.j.t.JMeterThread: Thread started: Thread-Gruppe 1-55
2025-02-28 10:01:16,069 INFO o.a.j.t.JMeterThread: Thread started: Thread-Gruppe 1-56
2025-02-28 10:01:16,201 INFO o.a.j.t.JMeterThread: Thread started: Thread-Gruppe 1-57
2025-02-28 10:01:16,319 INFO o.a.j.t.JMeterThread: Thread started: Thread-Gruppe 2-16
2025-02-28 10:01:16,334 INFO o.a.j.t.JMeterThread: Thread started: Thread-Gruppe 1-58
2025-02-28 10:01:16,469 INFO o.a.j.t.JMeterThread: Thread started: Thread-Gruppe 1-59
2025-02-28 10:01:16,601 INFO o.a.j.t.JMeterThread: Thread started: Thread-Gruppe 1-60
2025-02-28 10:01:16,733 INFO o.a.j.t.JMeterThread: Thread started: Thread-Gruppe 1-61
2025-02-28 10:01:16,817 INFO o.a.j.t.JMeterThread: Thread started: Thread-Gruppe 2-17
2025-02-28 10:01:16,829 INFO o.a.j.t.JMeterThread: Thread started: Thread-Gruppe 3-5
2025-02-28 10:01:16,867 INFO o.a.j.t.JMeterThread: Thread started: Thread-Gruppe 1-62
2025-02-28 10:01:16,999 INFO o.a.j.t.JMeterThread: Thread started: Thread-Gruppe 1-63
2025-02-28 10:01:17,133 INFO o.a.j.t.JMeterThread: Thread started: Thread-Gruppe 1-64
2025-02-28 10:01:17,266 INFO o.a.j.t.JMeterThread: Thread started: Thread-Gruppe 1-65
2025-02-28 10:01:17,316 INFO o.a.j.t.JMeterThread: Thread started: Thread-Gruppe 2-18
2025-02-28 10:01:17,401 INFO o.a.j.t.JMeterThread: Thread started: Thread-Gruppe 1-66
2025-02-28 10:01:17,532 INFO o.a.j.t.JMeterThread: Thread started: Thread-Gruppe 1-67
2025-02-28 10:01:17,666 INFO o.a.j.t.JMeterThread: Thread started: Thread-Gruppe 1-68
2025-02-28 10:01:17,800 INFO o.a.j.t.JMeterThread: Thread started: Thread-Gruppe 1-69
2025-02-28 10:01:17,818 INFO o.a.j.t.JMeterThread: Thread started: Thread-Gruppe 2-19
2025-02-28 10:01:17,931 INFO o.a.j.t.JMeterThread: Thread started: Thread-Gruppe 1-70
2025-02-28 10:01:18,064 INFO o.a.j.t.JMeterThread: Thread started: Thread-Gruppe 1-71
2025-02-28 10:01:18,197 INFO o.a.j.t.JMeterThread: Thread started: Thread-Gruppe 1-72
2025-02-28 10:01:18,318 INFO o.a.j.t.JMeterThread: Thread started: Thread-Gruppe 2-20
2025-02-28 10:01:18,330 INFO o.a.j.t.JMeterThread: Thread started: Thread-Gruppe 1-73
2025-02-28 10:01:18,464 INFO o.a.j.t.JMeterThread: Thread started: Thread-Gruppe 1-74
2025-02-28 10:01:18,595 INFO o.a.j.t.JMeterThread: Thread started: Thread-Gruppe 1-75
2025-02-28 10:01:30,010 INFO o.a.j.r.Summariser: summary +   1282 in 00:01:22 =   15.6/s Avg:   354 Min:   246 Max:  1040 Err:     0 (0.00%) Active: 100 Started: 100 Finished: 0
2025-02-28 10:02:00,014 INFO o.a.j.r.Summariser: summary +   2288 in 00:00:30 =   76.2/s Avg:   332 Min:   244 Max:  1079 Err:     0 (0.00%) Active: 100 Started: 100 Finished: 0
2025-02-28 10:02:00,015 INFO o.a.j.r.Summariser: summary =   3570 in 00:01:52 =   31.9/s Avg:   340 Min:   244 Max:  1079 Err:     0 (0.00%)
2025-02-28 10:02:30,006 INFO o.a.j.r.Summariser: summary +   2283 in 00:00:30 =   76.1/s Avg:   361 Min:   244 Max:  1079 Err:     0 (0.00%) Active: 100 Started: 100 Finished: 0
2025-02-28 10:02:30,007 INFO o.a.j.r.Summariser: summary =   5853 in 00:02:22 =   41.2/s Avg:   348 Min:   244 Max:  1079 Err:     0 (0.00%)
2025-02-28 10:03:00,011 INFO o.a.j.r.Summariser: summary +   2287 in 00:00:30 =   76.2/s Avg:   331 Min:   245 Max:  1027 Err:     0 (0.00%) Active: 100 Started: 100 Finished: 0
2025-02-28 10:03:00,012 INFO o.a.j.r.Summariser: summary =   8140 in 00:02:52 =   47.3/s Avg:   343 Min:   244 Max:  1079 Err:     0 (0.00%)
2025-02-28 10:03:30,002 INFO o.a.j.r.Summariser: summary +   2283 in 00:00:30 =   76.1/s Avg:   362 Min:   244 Max:  1266 Err:     0 (0.00%) Active: 100 Started: 100 Finished: 0
2025-02-28 10:03:30,005 INFO o.a.j.r.Summariser: summary =  10423 in 00:03:22 =   51.6/s Avg:   347 Min:   244 Max:  1266 Err:     0 (0.00%)
2025-02-28 10:04:00,072 INFO o.a.j.r.Summariser: summary +   2289 in 00:00:30 =   76.1/s Avg:   323 Min:   243 Max:  1121 Err:     0 (0.00%) Active: 100 Started: 100 Finished: 0
2025-02-28 10:04:00,074 INFO o.a.j.r.Summariser: summary =  12712 in 00:03:52 =   54.8/s Avg:   343 Min:   243 Max:  1266 Err:     0 (0.00%)
2025-02-28 10:04:30,058 INFO o.a.j.r.Summariser: summary +   2289 in 00:00:30 =   76.3/s Avg:   363 Min:   243 Max:  1159 Err:     0 (0.00%) Active: 100 Started: 100 Finished: 0
2025-02-28 10:04:30,061 INFO o.a.j.r.Summariser: summary =  15001 in 00:04:22 =   57.2/s Avg:   346 Min:   243 Max:  1266 Err:     0 (0.00%)
2025-02-28 10:05:00,022 INFO o.a.j.r.Summariser: summary +   2281 in 00:00:30 =   76.1/s Avg:   331 Min:   244 Max:  1038 Err:     0 (0.00%) Active: 100 Started: 100 Finished: 0
2025-02-28 10:05:00,022 INFO o.a.j.r.Summariser: summary =  17282 in 00:04:52 =   59.2/s Avg:   344 Min:   243 Max:  1266 Err:     0 (0.00%)
2025-02-28 10:05:30,034 INFO o.a.j.r.Summariser: summary +   2291 in 00:00:30 =   76.3/s Avg:   355 Min:   243 Max:  1095 Err:     0 (0.00%) Active: 100 Started: 100 Finished: 0
2025-02-28 10:05:30,038 INFO o.a.j.r.Summariser: summary =  19573 in 00:05:22 =   60.8/s Avg:   345 Min:   243 Max:  1266 Err:     0 (0.00%)
2025-02-28 10:06:00,042 INFO o.a.j.r.Summariser: summary +   2276 in 00:00:30 =   75.8/s Avg:   346 Min:   244 Max:  1260 Err:     0 (0.00%) Active: 100 Started: 100 Finished: 0
2025-02-28 10:06:00,043 INFO o.a.j.r.Summariser: summary =  21849 in 00:05:52 =   62.1/s Avg:   345 Min:   243 Max:  1266 Err:     0 (0.00%)
2025-02-28 10:06:30,016 INFO o.a.j.r.Summariser: summary +   2285 in 00:00:30 =   76.2/s Avg:   356 Min:   246 Max:  1105 Err:     0 (0.00%) Active: 100 Started: 100 Finished: 0
2025-02-28 10:06:30,017 INFO o.a.j.r.Summariser: summary =  24134 in 00:06:22 =   63.2/s Avg:   346 Min:   243 Max:  1266 Err:     0 (0.00%)
2025-02-28 10:07:00,017 INFO o.a.j.r.Summariser: summary +   2282 in 00:00:30 =   76.1/s Avg:   341 Min:   247 Max:  1096 Err:     0 (0.00%) Active: 100 Started: 100 Finished: 0
2025-02-28 10:07:00,018 INFO o.a.j.r.Summariser: summary =  26416 in 00:06:52 =   64.1/s Avg:   346 Min:   243 Max:  1266 Err:     0 (0.00%)
2025-02-28 10:07:30,004 INFO o.a.j.r.Summariser: summary +   2283 in 00:00:30 =   76.1/s Avg:   355 Min:   246 Max:  1123 Err:     0 (0.00%) Active: 100 Started: 100 Finished: 0
2025-02-28 10:07:30,005 INFO o.a.j.r.Summariser: summary =  28699 in 00:07:22 =   64.9/s Avg:   347 Min:   243 Max:  1266 Err:     0 (0.00%)
2025-02-28 10:08:00,007 INFO o.a.j.r.Summariser: summary +   2283 in 00:00:30 =   76.1/s Avg:   334 Min:   244 Max:  1098 Err:     0 (0.00%) Active: 100 Started: 100 Finished: 0
2025-02-28 10:08:00,008 INFO o.a.j.r.Summariser: summary =  30982 in 00:07:52 =   65.6/s Avg:   346 Min:   243 Max:  1266 Err:     0 (0.00%)
2025-02-28 10:08:30,008 INFO o.a.j.r.Summariser: summary +   2281 in 00:00:30 =   76.0/s Avg:   352 Min:   245 Max:  1082 Err:     0 (0.00%) Active: 100 Started: 100 Finished: 0
2025-02-28 10:08:30,009 INFO o.a.j.r.Summariser: summary =  33263 in 00:08:22 =   66.3/s Avg:   346 Min:   243 Max:  1266 Err:     0 (0.00%)
2025-02-28 10:09:00,022 INFO o.a.j.r.Summariser: summary +   2292 in 00:00:30 =   76.4/s Avg:   342 Min:   245 Max:  1286 Err:     0 (0.00%) Active: 100 Started: 100 Finished: 0
2025-02-28 10:09:00,023 INFO o.a.j.r.Summariser: summary =  35555 in 00:08:52 =   66.8/s Avg:   346 Min:   243 Max:  1286 Err:     0 (0.00%)
2025-02-28 10:09:30,003 INFO o.a.j.r.Summariser: summary +   2282 in 00:00:30 =   76.1/s Avg:   348 Min:   245 Max:  1092 Err:     0 (0.00%) Active: 100 Started: 100 Finished: 0
2025-02-28 10:09:30,004 INFO o.a.j.r.Summariser: summary =  37837 in 00:09:22 =   67.3/s Avg:   346 Min:   243 Max:  1286 Err:     0 (0.00%)
2025-02-28 10:10:00,057 INFO o.a.j.r.Summariser: summary +   2289 in 00:00:30 =   76.2/s Avg:   346 Min:   245 Max:  1091 Err:     0 (0.00%) Active: 100 Started: 100 Finished: 0
2025-02-28 10:10:00,060 INFO o.a.j.r.Summariser: summary =  40126 in 00:09:52 =   67.8/s Avg:   346 Min:   243 Max:  1286 Err:     0 (0.00%)
2025-02-28 10:10:30,001 INFO o.a.j.r.Summariser: summary +   2287 in 00:00:30 =   76.4/s Avg:   336 Min:   244 Max:  1140 Err:     0 (0.00%) Active: 100 Started: 100 Finished: 0
2025-02-28 10:10:30,002 INFO o.a.j.r.Summariser: summary =  42413 in 00:10:22 =   68.2/s Avg:   345 Min:   243 Max:  1286 Err:     0 (0.00%)
2025-02-28 10:11:00,050 INFO o.a.j.r.Summariser: summary +   2296 in 00:00:30 =   76.4/s Avg:   347 Min:   245 Max:  1098 Err:     0 (0.00%) Active: 100 Started: 100 Finished: 0
2025-02-28 10:11:00,051 INFO o.a.j.r.Summariser: summary =  44709 in 00:10:52 =   68.6/s Avg:   346 Min:   243 Max:  1286 Err:     0 (0.00%)
2025-02-28 10:11:07,056 INFO o.a.j.t.JMeterThread: Thread finished: Thread-Gruppe 1-1
2025-02-28 10:11:07,148 INFO o.a.j.t.JMeterThread: Thread finished: Thread-Gruppe 1-2
2025-02-28 10:11:07,150 INFO o.a.j.t.JMeterThread: Thread finished: Thread-Gruppe 1-17
2025-02-28 10:11:07,155 INFO o.a.j.t.JMeterThread: Thread finished: Thread-Gruppe 1-47
2025-02-28 10:11:07,159 INFO o.a.j.t.JMeterThread: Thread finished: Thread-Gruppe 1-62
2025-02-28 10:11:07,257 INFO o.a.j.t.JMeterThread: Thread finished: Thread-Gruppe 1-63
2025-02-28 10:11:07,267 INFO o.a.j.t.JMeterThread: Thread finished: Thread-Gruppe 1-18
2025-02-28 10:11:07,275 INFO o.a.j.t.JMeterThread: Thread finished: Thread-Gruppe 1-48
2025-02-28 10:11:07,287 INFO o.a.j.t.JMeterThread: Thread finished: Thread-Gruppe 1-3
2025-02-28 10:11:07,392 INFO o.a.j.t.JMeterThread: Thread finished: Thread-Gruppe 1-64
2025-02-28 10:11:07,394 INFO o.a.j.t.JMeterThread: Thread finished: Thread-Gruppe 1-49
2025-02-28 10:11:07,407 INFO o.a.j.t.JMeterThread: Thread finished: Thread-Gruppe 1-19
2025-02-28 10:11:07,423 INFO o.a.j.t.JMeterThread: Thread finished: Thread-Gruppe 1-4
2025-02-28 10:11:07,530 INFO o.a.j.t.JMeterThread: Thread finished: Thread-Gruppe 1-50
2025-02-28 10:11:07,541 INFO o.a.j.t.JMeterThread: Thread finished: Thread-Gruppe 1-65
2025-02-28 10:11:07,543 INFO o.a.j.t.JMeterThread: Thread finished: Thread-Gruppe 1-5
2025-02-28 10:11:07,547 INFO o.a.j.t.JMeterThread: Thread finished: Thread-Gruppe 1-20
2025-02-28 10:11:07,657 INFO o.a.j.t.JMeterThread: Thread finished: Thread-Gruppe 1-66
2025-02-28 10:11:07,665 INFO o.a.j.t.JMeterThread: Thread finished: Thread-Gruppe 1-51
2025-02-28 10:11:07,671 INFO o.a.j.t.JMeterThread: Thread finished: Thread-Gruppe 1-21
2025-02-28 10:11:07,683 INFO o.a.j.t.JMeterThread: Thread finished: Thread-Gruppe 1-6
2025-02-28 10:11:07,784 INFO o.a.j.t.JMeterThread: Thread finished: Thread-Gruppe 1-33
2025-02-28 10:11:07,798 INFO o.a.j.t.JMeterThread: Thread finished: Thread-Gruppe 1-67
2025-02-28 10:11:07,798 INFO o.a.j.t.JMeterThread: Thread finished: Thread-Gruppe 1-52
2025-02-28 10:11:07,807 INFO o.a.j.t.JMeterThread: Thread finished: Thread-Gruppe 1-22
2025-02-28 10:11:07,816 INFO o.a.j.t.JMeterThread: Thread finished: Thread-Gruppe 1-7
2025-02-28 10:11:07,899 INFO o.a.j.t.JMeterThread: Thread finished: Thread-Gruppe 1-34
2025-02-28 10:11:07,920 INFO o.a.j.t.JMeterThread: Thread finished: Thread-Gruppe 1-53
2025-02-28 10:11:07,922 INFO o.a.j.t.JMeterThread: Thread finished: Thread-Gruppe 1-68
2025-02-28 10:11:07,937 INFO o.a.j.t.JMeterThread: Thread finished: Thread-Gruppe 1-23
2025-02-28 10:11:07,945 INFO o.a.j.t.JMeterThread: Thread finished: Thread-Gruppe 1-8
2025-02-28 10:11:07,965 INFO o.a.j.t.JMeterThread: Thread finished: Thread-Gruppe 1-32
2025-02-28 10:11:08,030 INFO o.a.j.t.JMeterThread: Thread finished: Thread-Gruppe 1-35
2025-02-28 10:11:08,057 INFO o.a.j.t.JMeterThread: Thread finished: Thread-Gruppe 1-54
2025-02-28 10:11:08,063 INFO o.a.j.t.JMeterThread: Thread finished: Thread-Gruppe 1-69
2025-02-28 10:11:08,063 INFO o.a.j.t.JMeterThread: Thread finished: Thread-Gruppe 1-24
2025-02-28 10:11:08,087 INFO o.a.j.t.JMeterThread: Thread finished: Thread-Gruppe 1-9
2025-02-28 10:11:08,157 INFO o.a.j.t.JMeterThread: Thread finished: Thread-Gruppe 1-36
2025-02-28 10:11:08,190 INFO o.a.j.t.JMeterThread: Thread finished: Thread-Gruppe 1-70
2025-02-28 10:11:08,199 INFO o.a.j.t.JMeterThread: Thread finished: Thread-Gruppe 1-55
2025-02-28 10:11:08,207 INFO o.a.j.t.JMeterThread: Thread finished: Thread-Gruppe 1-25
2025-02-28 10:11:08,215 INFO o.a.j.t.JMeterThread: Thread finished: Thread-Gruppe 1-10
2025-02-28 10:11:08,321 INFO o.a.j.t.JMeterThread: Thread finished: Thread-Gruppe 1-71
2025-02-28 10:11:08,330 INFO o.a.j.t.JMeterThread: Thread finished: Thread-Gruppe 1-56
2025-02-28 10:11:08,331 INFO o.a.j.t.JMeterThread: Thread finished: Thread-Gruppe 1-26
2025-02-28 10:11:08,345 INFO o.a.j.t.JMeterThread: Thread finished: Thread-Gruppe 1-11
2025-02-28 10:11:08,435 INFO o.a.j.t.JMeterThread: Thread finished: Thread-Gruppe 1-38
2025-02-28 10:11:08,447 INFO o.a.j.t.JMeterThread: Thread finished: Thread-Gruppe 1-72
2025-02-28 10:11:08,465 INFO o.a.j.t.JMeterThread: Thread finished: Thread-Gruppe 1-27
2025-02-28 10:11:08,470 INFO o.a.j.t.JMeterThread: Thread finished: Thread-Gruppe 2-14
2025-02-28 10:11:08,481 INFO o.a.j.t.JMeterThread: Thread finished: Thread-Gruppe 1-57
2025-02-28 10:11:08,486 INFO o.a.j.t.JMeterThread: Thread finished: Thread-Gruppe 1-12
2025-02-28 10:11:08,490 INFO o.a.j.t.JMeterThread: Thread finished: Thread-Gruppe 2-6
2025-02-28 10:11:08,524 INFO o.a.j.t.JMeterThread: Thread finished: Thread-Gruppe 1-37
2025-02-28 10:11:08,561 INFO o.a.j.t.JMeterThread: Thread finished: Thread-Gruppe 1-39
2025-02-28 10:11:08,582 INFO o.a.j.t.JMeterThread: Thread finished: Thread-Gruppe 2-20
2025-02-28 10:11:08,587 INFO o.a.j.t.JMeterThread: Thread finished: Thread-Gruppe 2-3
2025-02-28 10:11:08,587 INFO o.a.j.t.JMeterThread: Thread finished: Thread-Gruppe 1-58
2025-02-28 10:11:08,588 INFO o.a.j.t.JMeterThread: Thread finished: Thread-Gruppe 1-73
2025-02-28 10:11:08,590 INFO o.a.j.t.JMeterThread: Thread finished: Thread-Gruppe 2-16
2025-02-28 10:11:08,608 INFO o.a.j.t.JMeterThread: Thread finished: Thread-Gruppe 1-13
2025-02-28 10:11:08,615 INFO o.a.j.t.JMeterThread: Thread finished: Thread-Gruppe 1-28
2025-02-28 10:11:08,617 INFO o.a.j.t.JMeterThread: Thread finished: Thread-Gruppe 2-11
2025-02-28 10:11:08,631 INFO o.a.j.t.JMeterThread: Thread finished: Thread-Gruppe 2-1
2025-02-28 10:11:08,706 INFO o.a.j.t.JMeterThread: Thread finished: Thread-Gruppe 3-4
2025-02-28 10:11:08,706 INFO o.a.j.t.JMeterThread: Thread finished: Thread-Gruppe 2-10
2025-02-28 10:11:08,708 INFO o.a.j.t.JMeterThread: Thread finished: Thread-Gruppe 2-7
2025-02-28 10:11:08,708 INFO o.a.j.t.JMeterThread: Thread finished: Thread-Gruppe 2-15
2025-02-28 10:11:08,719 INFO o.a.j.t.JMeterThread: Thread finished: Thread-Gruppe 1-40
2025-02-28 10:11:08,720 INFO o.a.j.t.JMeterThread: Thread finished: Thread-Gruppe 1-74
2025-02-28 10:11:08,734 INFO o.a.j.t.JMeterThread: Thread finished: Thread-Gruppe 1-29
2025-02-28 10:11:08,735 INFO o.a.j.t.JMeterThread: Thread finished: Thread-Gruppe 1-59
2025-02-28 10:11:08,745 INFO o.a.j.t.JMeterThread: Thread finished: Thread-Gruppe 3-2
2025-02-28 10:11:08,745 INFO o.a.j.t.JMeterThread: Thread finished: Thread-Gruppe 1-14
2025-02-28 10:11:08,783 INFO o.a.j.t.JMeterThread: Thread finished: Thread-Gruppe 2-17
2025-02-28 10:11:08,846 INFO o.a.j.t.JMeterThread: Stopping because end time detected by thread: Thread-Gruppe 2-5
2025-02-28 10:11:08,846 INFO o.a.j.t.JMeterThread: Stopping because end time detected by thread: Thread-Gruppe 1-75
2025-02-28 10:11:08,846 INFO o.a.j.t.JMeterThread: Thread finished: Thread-Gruppe 1-75
2025-02-28 10:11:08,846 INFO o.a.j.t.JMeterThread: Thread finished: Thread-Gruppe 2-5
2025-02-28 10:11:08,862 INFO o.a.j.t.JMeterThread: Stopping because end time detected by thread: Thread-Gruppe 1-60
2025-02-28 10:11:08,862 INFO o.a.j.t.JMeterThread: Thread finished: Thread-Gruppe 1-60
2025-02-28 10:11:08,862 INFO o.a.j.t.JMeterThread: Stopping because end time detected by thread: Thread-Gruppe 1-15
2025-02-28 10:11:08,862 INFO o.a.j.t.JMeterThread: Thread finished: Thread-Gruppe 1-15
2025-02-28 10:11:08,862 INFO o.a.j.t.JMeterThread: Stopping because end time detected by thread: Thread-Gruppe 1-30
2025-02-28 10:11:08,862 INFO o.a.j.t.JMeterThread: Thread finished: Thread-Gruppe 1-30
2025-02-28 10:11:08,895 INFO o.a.j.t.JMeterThread: Stopping because end time detected by thread: Thread-Gruppe 2-8
2025-02-28 10:11:08,906 INFO o.a.j.t.JMeterThread: Thread finished: Thread-Gruppe 2-8
2025-02-28 10:11:08,933 INFO o.a.j.t.JMeterThread: Stopping because end time detected by thread: Thread-Gruppe 2-18
2025-02-28 10:11:08,935 INFO o.a.j.t.JMeterThread: Thread finished: Thread-Gruppe 2-18
2025-02-28 10:11:08,958 INFO o.a.j.t.JMeterThread: Stopping because end time detected by thread: Thread-Gruppe 3-5
2025-02-28 10:11:08,958 INFO o.a.j.t.JMeterThread: Thread finished: Thread-Gruppe 3-5
2025-02-28 10:11:08,960 INFO o.a.j.t.JMeterThread: Stopping because end time detected by thread: Thread-Gruppe 1-42
2025-02-28 10:11:08,960 INFO o.a.j.t.JMeterThread: Thread finished: Thread-Gruppe 1-42
2025-02-28 10:11:08,964 INFO o.a.j.t.JMeterThread: Stopping because end time detected by thread: Thread-Gruppe 2-9
2025-02-28 10:11:08,964 INFO o.a.j.t.JMeterThread: Thread finished: Thread-Gruppe 2-9
2025-02-28 10:11:08,971 INFO o.a.j.t.JMeterThread: Stopping because end time detected by thread: Thread-Gruppe 3-1
2025-02-28 10:11:08,975 INFO o.a.j.t.JMeterThread: Thread finished: Thread-Gruppe 3-1
2025-02-28 10:11:08,975 INFO o.a.j.t.JMeterThread: Stopping because end time detected by thread: Thread-Gruppe 3-3
2025-02-28 10:11:08,975 INFO o.a.j.t.JMeterThread: Thread finished: Thread-Gruppe 3-3
2025-02-28 10:11:08,977 INFO o.a.j.t.JMeterThread: Stopping because end time detected by thread: Thread-Gruppe 1-61
2025-02-28 10:11:08,977 INFO o.a.j.t.JMeterThread: Thread finished: Thread-Gruppe 1-61
2025-02-28 10:11:09,008 INFO o.a.j.t.JMeterThread: Stopping because end time detected by thread: Thread-Gruppe 1-31
2025-02-28 10:11:09,008 INFO o.a.j.t.JMeterThread: Thread finished: Thread-Gruppe 1-31
2025-02-28 10:11:09,008 INFO o.a.j.t.JMeterThread: Stopping because end time detected by thread: Thread-Gruppe 1-16
2025-02-28 10:11:09,008 INFO o.a.j.t.JMeterThread: Thread finished: Thread-Gruppe 1-16
2025-02-28 10:11:09,023 INFO o.a.j.t.JMeterThread: Stopping because end time detected by thread: Thread-Gruppe 2-4
2025-02-28 10:11:09,023 INFO o.a.j.t.JMeterThread: Thread finished: Thread-Gruppe 2-4
2025-02-28 10:11:09,039 INFO o.a.j.t.JMeterThread: Stopping because end time detected by thread: Thread-Gruppe 2-2
2025-02-28 10:11:09,039 INFO o.a.j.t.JMeterThread: Thread finished: Thread-Gruppe 2-2
2025-02-28 10:11:09,039 INFO o.a.j.t.JMeterThread: Stopping because end time detected by thread: Thread-Gruppe 2-19
2025-02-28 10:11:09,039 INFO o.a.j.t.JMeterThread: Thread finished: Thread-Gruppe 2-19
2025-02-28 10:11:09,058 INFO o.a.j.t.JMeterThread: Stopping because end time detected by thread: Thread-Gruppe 1-41
2025-02-28 10:11:09,058 INFO o.a.j.t.JMeterThread: Thread finished: Thread-Gruppe 1-41
2025-02-28 10:11:09,071 INFO o.a.j.t.JMeterThread: Stopping because end time detected by thread: Thread-Gruppe 2-13
2025-02-28 10:11:09,071 INFO o.a.j.t.JMeterThread: Thread finished: Thread-Gruppe 2-13
2025-02-28 10:11:09,112 INFO o.a.j.t.JMeterThread: Stopping because end time detected by thread: Thread-Gruppe 1-43
2025-02-28 10:11:09,112 INFO o.a.j.t.JMeterThread: Thread finished: Thread-Gruppe 1-43
2025-02-28 10:11:09,135 INFO o.a.j.t.JMeterThread: Stopping because end time detected by thread: Thread-Gruppe 2-12
2025-02-28 10:11:09,136 INFO o.a.j.t.JMeterThread: Thread finished: Thread-Gruppe 2-12
2025-02-28 10:11:09,375 INFO o.a.j.t.JMeterThread: Stopping because end time detected by thread: Thread-Gruppe 1-45
2025-02-28 10:11:09,375 INFO o.a.j.t.JMeterThread: Thread finished: Thread-Gruppe 1-45
2025-02-28 10:11:09,496 INFO o.a.j.t.JMeterThread: Stopping because end time detected by thread: Thread-Gruppe 1-44
2025-02-28 10:11:09,496 INFO o.a.j.t.JMeterThread: Thread finished: Thread-Gruppe 1-44
2025-02-28 10:11:09,524 INFO o.a.j.t.JMeterThread: Stopping because end time detected by thread: Thread-Gruppe 1-46
2025-02-28 10:11:09,524 INFO o.a.j.t.JMeterThread: Thread finished: Thread-Gruppe 1-46
2025-02-28 10:11:09,524 INFO o.a.j.e.StandardJMeterEngine: Notifying test listeners of end of test
2025-02-28 10:11:09,530 INFO o.a.j.r.Summariser: summary +    690 in 00:00:09 =   72.8/s Avg:   340 Min:   247 Max:  1085 Err:     0 (0.00%) Active: 0 Started: 100 Finished: 100
2025-02-28 10:11:09,530 INFO o.a.j.r.Summariser: summary =  45399 in 00:11:02 =   68.6/s Avg:   345 Min:   243 Max:  1286 Err:     0 (0.00%)
