2025-02-27 11:48:28,957 INFO o.a.j.u.JMeterUtils: Setting Locale to en_EN
2025-02-27 11:48:28,980 INFO o.a.j.JMeter: Loading user properties from: D:\Semester 7\CS4203 - Research and Development Project\Artifacts\apache-jmeter-5.6.3\bin\user.properties
2025-02-27 11:48:28,980 INFO o.a.j.JMeter: Loading system properties from: D:\Semester 7\CS4203 - Research and Development Project\Artifacts\apache-jmeter-5.6.3\bin\system.properties
2025-02-27 11:48:28,980 INFO o.a.j.JMeter: Setting JMeter property: lb_1_hostname=34.67.126.244
2025-02-27 11:48:28,980 INFO o.a.j.JMeter: Setting JMeter property: lb_2_hostname=35.232.62.106
2025-02-27 11:48:28,980 INFO o.a.j.JMeter: Setting JMeter property: lb_1_port=8090
2025-02-27 11:48:28,980 INFO o.a.j.JMeter: Setting JMeter property: lb_2_port=8091
2025-02-27 11:48:28,986 INFO o.a.j.JMeter: Setting JMeter property: warm_up_users=20
2025-02-27 11:48:28,986 INFO o.a.j.JMeter: Setting JMeter property: warm_up_time=60
2025-02-27 11:48:28,986 INFO o.a.j.JMeter: Setting JMeter property: test_run_time=600
2025-02-27 11:48:28,986 INFO o.a.j.JMeter: Setting JMeter property: ramp_up=10
2025-02-27 11:48:28,986 INFO o.a.j.JMeter: Setting JMeter property: group_1=75
2025-02-27 11:48:28,986 INFO o.a.j.JMeter: Setting JMeter property: group_2=20
2025-02-27 11:48:28,986 INFO o.a.j.JMeter: Setting JMeter property: group_3=5
2025-02-27 11:48:28,987 INFO o.a.j.JMeter: Setting JMeter property: group_1_request_rate=30
2025-02-27 11:48:28,987 INFO o.a.j.JMeter: Setting JMeter property: group_2_request_rate=90
2025-02-27 11:48:28,987 INFO o.a.j.JMeter: Setting JMeter property: group_3_request_rate=120
2025-02-27 11:48:28,987 INFO o.a.j.JMeter: Setting JMeter property: log_file=d:\Semester 7\CS4203 - Research and Development Project\Artifacts\rate-limiter-nginx\jmeter\cloud\2025_02_27_09_12_logs\token_bucket\redis_async_bucket_capacity_5_refill_rate_1.67_batch_percent_0.5\warm_up_results.csv
2025-02-27 11:48:28,987 INFO o.a.j.JMeter: Setting JMeter property: algorithm=token_bucket_redis_async_bucket_capacity_5_refill_rate_1.67_batch_percent_0.5
2025-02-27 11:48:28,987 INFO o.a.j.JMeter: Setting JMeter property: auth=/token_bucket/redis_async_bucket_capacity_5_refill_rate_1.67_batch_percent_0.5/tools.descartes.teastore.auth/rest
2025-02-27 11:48:28,987 INFO o.a.j.JMeter: Setting JMeter property: persistence=/token_bucket/redis_async_bucket_capacity_5_refill_rate_1.67_batch_percent_0.5/tools.descartes.teastore.persistence/rest
2025-02-27 11:48:28,987 INFO o.a.j.JMeter: Setting JMeter property: recommender=/token_bucket/redis_async_bucket_capacity_5_refill_rate_1.67_batch_percent_0.5/tools.descartes.teastore.recommender/rest
2025-02-27 11:48:28,987 INFO o.a.j.JMeter: Setting JMeter property: image=/token_bucket/redis_async_bucket_capacity_5_refill_rate_1.67_batch_percent_0.5/tools.descartes.teastore.image/rest
2025-02-27 11:48:28,995 INFO o.a.j.JMeter: Copyright (c) 1998-2024 The Apache Software Foundation
2025-02-27 11:48:28,995 INFO o.a.j.JMeter: Version 5.6.3
2025-02-27 11:48:28,995 INFO o.a.j.JMeter: java.version=11.0.22
2025-02-27 11:48:28,995 INFO o.a.j.JMeter: java.vm.name=Java HotSpot(TM) 64-Bit Server VM
2025-02-27 11:48:28,995 INFO o.a.j.JMeter: os.name=Windows 10
2025-02-27 11:48:28,995 INFO o.a.j.JMeter: os.arch=amd64
2025-02-27 11:48:28,995 INFO o.a.j.JMeter: os.version=10.0
2025-02-27 11:48:28,995 INFO o.a.j.JMeter: file.encoding=Cp1252
2025-02-27 11:48:28,996 INFO o.a.j.JMeter: java.awt.headless=true
2025-02-27 11:48:28,996 INFO o.a.j.JMeter: Max memory     =1073741824
2025-02-27 11:48:28,996 INFO o.a.j.JMeter: Available Processors =12
2025-02-27 11:48:29,014 INFO o.a.j.JMeter: Default Locale=English (EN)
2025-02-27 11:48:29,014 INFO o.a.j.JMeter: JMeter  Locale=English (EN)
2025-02-27 11:48:29,014 INFO o.a.j.JMeter: JMeterHome=D:\Semester 7\CS4203 - Research and Development Project\Artifacts\apache-jmeter-5.6.3
2025-02-27 11:48:29,014 INFO o.a.j.JMeter: user.dir  =D:\Semester 7\CS4203 - Research and Development Project\Artifacts\rate-limiter-nginx
2025-02-27 11:48:29,014 INFO o.a.j.JMeter: PWD       =D:\Semester 7\CS4203 - Research and Development Project\Artifacts\rate-limiter-nginx
2025-02-27 11:48:29,016 INFO o.a.j.JMeter: IP: 10.10.21.101 Name: KOBI-MSI-PC FullName: 10.10.21.101
2025-02-27 11:48:29,032 INFO o.a.j.s.FileServer: Default base='D:\Semester 7\CS4203 - Research and Development Project\Artifacts\rate-limiter-nginx'
2025-02-27 11:48:29,032 INFO o.a.j.s.FileServer: Set new base='d:\Semester 7\CS4203 - Research and Development Project\Artifacts\rate-limiter-nginx\jmeter\cloud'
2025-02-27 11:48:29,266 INFO o.a.j.s.SaveService: Testplan (JMX) version: 2.2. Testlog (JTL) version: 2.2
2025-02-27 11:48:29,296 INFO o.a.j.s.SaveService: Using SaveService properties version 5.0
2025-02-27 11:48:29,296 INFO o.a.j.s.SaveService: Using SaveService properties file encoding UTF-8
2025-02-27 11:48:29,311 INFO o.a.j.s.SaveService: Loading file: d:\Semester 7\CS4203 - Research and Development Project\Artifacts\rate-limiter-nginx\jmeter\cloud\teastore_performance.jmx
2025-02-27 11:48:29,371 INFO o.a.j.p.h.c.CookieManager: Settings: Delete null: true Check: true Allow variable: true Save: false Prefix: COOKIE_
2025-02-27 11:48:29,386 INFO o.a.j.p.h.s.HTTPSamplerBase: Parser for text/html is org.apache.jmeter.protocol.http.parser.LagartoBasedHtmlParser
2025-02-27 11:48:29,386 INFO o.a.j.p.h.s.HTTPSamplerBase: Parser for application/xhtml+xml is org.apache.jmeter.protocol.http.parser.LagartoBasedHtmlParser
2025-02-27 11:48:29,386 INFO o.a.j.p.h.s.HTTPSamplerBase: Parser for application/xml is org.apache.jmeter.protocol.http.parser.LagartoBasedHtmlParser
2025-02-27 11:48:29,401 INFO o.a.j.p.h.s.HTTPSamplerBase: Parser for text/xml is org.apache.jmeter.protocol.http.parser.LagartoBasedHtmlParser
2025-02-27 11:48:29,401 INFO o.a.j.p.h.s.HTTPSamplerBase: Parser for text/vnd.wap.wml is org.apache.jmeter.protocol.http.parser.RegexpHTMLParser
2025-02-27 11:48:29,401 INFO o.a.j.p.h.s.HTTPSamplerBase: Parser for text/css is org.apache.jmeter.protocol.http.parser.CssParser
2025-02-27 11:48:29,558 INFO o.a.j.s.SampleResult: Note: Sample TimeStamps are START times
2025-02-27 11:48:29,558 INFO o.a.j.s.SampleResult: sampleresult.default.encoding is set to UTF-8
2025-02-27 11:48:29,558 INFO o.a.j.s.SampleResult: sampleresult.useNanoTime=true
2025-02-27 11:48:29,558 INFO o.a.j.s.SampleResult: sampleresult.nanoThreadSleep=5000
2025-02-27 11:48:29,603 INFO o.a.j.JMeter: Creating summariser <summary>
2025-02-27 11:48:29,626 INFO o.a.j.e.StandardJMeterEngine: Running the test!
2025-02-27 11:48:29,627 INFO o.a.j.s.SampleEvent: List of sample_variables: []
2025-02-27 11:48:29,627 INFO o.a.j.s.SampleEvent: List of sample_variables: []
2025-02-27 11:48:29,637 INFO o.a.j.e.u.CompoundVariable: Note: Function class names must contain the string: '.functions.'
2025-02-27 11:48:29,637 INFO o.a.j.e.u.CompoundVariable: Note: Function class names must not contain the string: '.gui.'
2025-02-27 11:48:29,913 INFO o.a.j.r.ClassFinder: Will scan jar D:\Semester 7\CS4203 - Research and Development Project\Artifacts\apache-jmeter-5.6.3\lib\ext\jmeter-plugins-casutg-2.10.jar with filter ExtendsClassFilter [parents=[interface org.apache.jmeter.functions.Function], inner=false, contains=null, notContains=null]. Consider exposing JMeter plugins via META-INF/services, and add JMeter-Skip-Class-Scanning=true manifest attribute so JMeter can skip classfile scanning
2025-02-27 11:48:29,943 INFO o.a.j.r.ClassFinder: Will scan jar D:\Semester 7\CS4203 - Research and Development Project\Artifacts\apache-jmeter-5.6.3\lib\ext\jmeter-plugins-graphs-additional-2.0.jar with filter ExtendsClassFilter [parents=[interface org.apache.jmeter.functions.Function], inner=false, contains=null, notContains=null]. Consider exposing JMeter plugins via META-INF/services, and add JMeter-Skip-Class-Scanning=true manifest attribute so JMeter can skip classfile scanning
2025-02-27 11:48:29,943 INFO o.a.j.r.ClassFinder: Will scan jar D:\Semester 7\CS4203 - Research and Development Project\Artifacts\apache-jmeter-5.6.3\lib\ext\jmeter-plugins-perfmon-2.1.jar with filter ExtendsClassFilter [parents=[interface org.apache.jmeter.functions.Function], inner=false, contains=null, notContains=null]. Consider exposing JMeter plugins via META-INF/services, and add JMeter-Skip-Class-Scanning=true manifest attribute so JMeter can skip classfile scanning
2025-02-27 11:48:29,958 INFO o.a.j.r.ClassFinder: Will scan jar D:\Semester 7\CS4203 - Research and Development Project\Artifacts\apache-jmeter-5.6.3\lib\ext\json-lib-2.4-jdk15.jar with filter ExtendsClassFilter [parents=[interface org.apache.jmeter.functions.Function], inner=false, contains=null, notContains=null]. Consider exposing JMeter plugins via META-INF/services, and add JMeter-Skip-Class-Scanning=true manifest attribute so JMeter can skip classfile scanning
2025-02-27 11:48:29,973 INFO o.a.j.r.ClassFinder: Will scan jar D:\Semester 7\CS4203 - Research and Development Project\Artifacts\apache-jmeter-5.6.3\lib\ext\perfmon-2.2.2.jar with filter ExtendsClassFilter [parents=[interface org.apache.jmeter.functions.Function], inner=false, contains=null, notContains=null]. Consider exposing JMeter plugins via META-INF/services, and add JMeter-Skip-Class-Scanning=true manifest attribute so JMeter can skip classfile scanning
2025-02-27 11:48:30,001 INFO o.a.j.r.ClassFinder: Will scan jar D:\Semester 7\CS4203 - Research and Development Project\Artifacts\apache-jmeter-5.6.3\lib\ext\jmeter-plugins-manager-1.10.jar with filter ExtendsClassFilter [parents=[interface org.apache.jmeter.functions.Function], inner=false, contains=null, notContains=null]. Consider exposing JMeter plugins via META-INF/services, and add JMeter-Skip-Class-Scanning=true manifest attribute so JMeter can skip classfile scanning
2025-02-27 11:48:30,091 INFO o.a.j.r.ClassFinder: Will scan jar D:\Semester 7\CS4203 - Research and Development Project\Artifacts\apache-jmeter-5.6.3\lib\ext\jmeter-plugins-graphs-vs-2.0.jar with filter ExtendsClassFilter [parents=[interface org.apache.jmeter.functions.Function], inner=false, contains=null, notContains=null]. Consider exposing JMeter plugins via META-INF/services, and add JMeter-Skip-Class-Scanning=true manifest attribute so JMeter can skip classfile scanning
2025-02-27 11:48:30,091 INFO o.a.j.r.ClassFinder: Will scan jar D:\Semester 7\CS4203 - Research and Development Project\Artifacts\apache-jmeter-5.6.3\lib\ext\jmeter-parallel-0.12.jar with filter ExtendsClassFilter [parents=[interface org.apache.jmeter.functions.Function], inner=false, contains=null, notContains=null]. Consider exposing JMeter plugins via META-INF/services, and add JMeter-Skip-Class-Scanning=true manifest attribute so JMeter can skip classfile scanning
2025-02-27 11:48:30,106 INFO o.a.j.r.ClassFinder: Will scan jar D:\Semester 7\CS4203 - Research and Development Project\Artifacts\apache-jmeter-5.6.3\lib\ext\jmeter-plugins-tst-2.6.jar with filter ExtendsClassFilter [parents=[interface org.apache.jmeter.functions.Function], inner=false, contains=null, notContains=null]. Consider exposing JMeter plugins via META-INF/services, and add JMeter-Skip-Class-Scanning=true manifest attribute so JMeter can skip classfile scanning
2025-02-27 11:48:30,106 INFO o.a.j.r.ClassFinder: Will scan jar D:\Semester 7\CS4203 - Research and Development Project\Artifacts\apache-jmeter-5.6.3\lib\ext\jmeter-prometheus-plugin-0.6.0.jar with filter ExtendsClassFilter [parents=[interface org.apache.jmeter.functions.Function], inner=false, contains=null, notContains=null]. Consider exposing JMeter plugins via META-INF/services, and add JMeter-Skip-Class-Scanning=true manifest attribute so JMeter can skip classfile scanning
2025-02-27 11:48:30,121 INFO o.a.j.r.ClassFinder: Will scan jar D:\Semester 7\CS4203 - Research and Development Project\Artifacts\apache-jmeter-5.6.3\lib\ext\jmeter-plugins-graphs-basic-2.0.jar with filter ExtendsClassFilter [parents=[interface org.apache.jmeter.functions.Function], inner=false, contains=null, notContains=null]. Consider exposing JMeter plugins via META-INF/services, and add JMeter-Skip-Class-Scanning=true manifest attribute so JMeter can skip classfile scanning
2025-02-27 11:48:30,535 INFO o.a.j.JMeter: Running test (1740637110535)
2025-02-27 11:48:30,535 INFO o.a.j.e.StandardJMeterEngine: Starting setUp thread groups
2025-02-27 11:48:30,535 INFO o.a.j.e.StandardJMeterEngine: Starting setUp ThreadGroup: 1 : setUp Thread Group 
2025-02-27 11:48:30,535 INFO o.a.j.e.StandardJMeterEngine: Starting 20 threads for group setUp Thread Group.
2025-02-27 11:48:30,535 INFO o.a.j.e.StandardJMeterEngine: Thread will continue on error
2025-02-27 11:48:30,535 INFO o.a.j.t.ThreadGroup: Starting thread group... number=1 threads=20 ramp-up=10 delayedStart=false
2025-02-27 11:48:30,565 INFO o.a.j.t.JMeterThread: Thread started: setUp Thread Group 1-1
2025-02-27 11:48:30,615 INFO o.a.j.t.ThreadGroup: Started thread group number 1
2025-02-27 11:48:30,615 INFO o.a.j.e.StandardJMeterEngine: Waiting for all setup thread groups to exit
2025-02-27 11:48:31,056 INFO o.a.j.t.JMeterThread: Thread started: setUp Thread Group 1-2
2025-02-27 11:48:31,557 INFO o.a.j.t.JMeterThread: Thread started: setUp Thread Group 1-3
2025-02-27 11:48:31,642 INFO o.a.j.p.h.s.HTTPHCAbstractImpl: Local host = KOBI-MSI-PC
2025-02-27 11:48:31,649 INFO o.a.j.p.h.s.HTTPHC4Impl: HTTP request retry count = 0
2025-02-27 11:48:32,045 INFO o.a.j.t.JMeterThread: Thread started: setUp Thread Group 1-4
2025-02-27 11:48:32,550 INFO o.a.j.t.JMeterThread: Thread started: setUp Thread Group 1-5
2025-02-27 11:48:33,042 INFO o.a.j.t.JMeterThread: Thread started: setUp Thread Group 1-6
2025-02-27 11:48:33,542 INFO o.a.j.t.JMeterThread: Thread started: setUp Thread Group 1-7
2025-02-27 11:48:34,041 INFO o.a.j.t.JMeterThread: Thread started: setUp Thread Group 1-8
2025-02-27 11:48:34,539 INFO o.a.j.t.JMeterThread: Thread started: setUp Thread Group 1-9
2025-02-27 11:48:35,041 INFO o.a.j.t.JMeterThread: Thread started: setUp Thread Group 1-10
2025-02-27 11:48:35,543 INFO o.a.j.t.JMeterThread: Thread started: setUp Thread Group 1-11
2025-02-27 11:48:36,041 INFO o.a.j.t.JMeterThread: Thread started: setUp Thread Group 1-12
2025-02-27 11:48:36,541 INFO o.a.j.t.JMeterThread: Thread started: setUp Thread Group 1-13
2025-02-27 11:48:37,042 INFO o.a.j.t.JMeterThread: Thread started: setUp Thread Group 1-14
2025-02-27 11:48:37,539 INFO o.a.j.t.JMeterThread: Thread started: setUp Thread Group 1-15
2025-02-27 11:48:38,041 INFO o.a.j.t.JMeterThread: Thread started: setUp Thread Group 1-16
2025-02-27 11:48:38,539 INFO o.a.j.t.JMeterThread: Thread started: setUp Thread Group 1-17
2025-02-27 11:48:39,040 INFO o.a.j.t.JMeterThread: Thread started: setUp Thread Group 1-18
2025-02-27 11:48:39,539 INFO o.a.j.t.JMeterThread: Thread started: setUp Thread Group 1-19
2025-02-27 11:48:40,040 INFO o.a.j.t.JMeterThread: Thread started: setUp Thread Group 1-20
2025-02-27 11:49:30,371 INFO o.a.j.t.JMeterThread: Thread finished: setUp Thread Group 1-9
2025-02-27 11:49:30,374 INFO o.a.j.t.JMeterThread: Thread finished: setUp Thread Group 1-5
2025-02-27 11:49:30,426 INFO o.a.j.t.JMeterThread: Thread finished: setUp Thread Group 1-7
2025-02-27 11:49:30,443 INFO o.a.j.t.JMeterThread: Thread finished: setUp Thread Group 1-8
2025-02-27 11:49:30,471 INFO o.a.j.t.JMeterThread: Thread finished: setUp Thread Group 1-6
2025-02-27 11:49:30,517 INFO o.a.j.t.JMeterThread: Thread finished: setUp Thread Group 1-10
2025-02-27 11:49:30,562 INFO o.a.j.t.JMeterThread: Stopping because end time detected by thread: setUp Thread Group 1-1
2025-02-27 11:49:30,562 INFO o.a.j.t.JMeterThread: Thread finished: setUp Thread Group 1-1
2025-02-27 11:49:30,607 INFO o.a.j.t.JMeterThread: Stopping because end time detected by thread: setUp Thread Group 1-2
2025-02-27 11:49:30,607 INFO o.a.j.t.JMeterThread: Thread finished: setUp Thread Group 1-2
2025-02-27 11:49:30,607 INFO o.a.j.t.JMeterThread: Stopping because end time detected by thread: setUp Thread Group 1-3
2025-02-27 11:49:30,607 INFO o.a.j.t.JMeterThread: Thread finished: setUp Thread Group 1-3
2025-02-27 11:49:30,637 INFO o.a.j.t.JMeterThread: Stopping because end time detected by thread: setUp Thread Group 1-4
2025-02-27 11:49:30,637 INFO o.a.j.t.JMeterThread: Thread finished: setUp Thread Group 1-4
2025-02-27 11:49:30,697 INFO o.a.j.t.JMeterThread: Stopping because end time detected by thread: setUp Thread Group 1-11
2025-02-27 11:49:30,697 INFO o.a.j.t.JMeterThread: Thread finished: setUp Thread Group 1-11
2025-02-27 11:49:30,712 INFO o.a.j.t.JMeterThread: Stopping because end time detected by thread: setUp Thread Group 1-17
2025-02-27 11:49:30,712 INFO o.a.j.t.JMeterThread: Thread finished: setUp Thread Group 1-17
2025-02-27 11:49:30,742 INFO o.a.j.t.JMeterThread: Stopping because end time detected by thread: setUp Thread Group 1-18
2025-02-27 11:49:30,742 INFO o.a.j.t.JMeterThread: Thread finished: setUp Thread Group 1-18
2025-02-27 11:49:30,772 INFO o.a.j.t.JMeterThread: Stopping because end time detected by thread: setUp Thread Group 1-13
2025-02-27 11:49:30,772 INFO o.a.j.t.JMeterThread: Thread finished: setUp Thread Group 1-13
2025-02-27 11:49:30,787 INFO o.a.j.t.JMeterThread: Stopping because end time detected by thread: setUp Thread Group 1-14
2025-02-27 11:49:30,787 INFO o.a.j.t.JMeterThread: Thread finished: setUp Thread Group 1-14
2025-02-27 11:49:30,787 INFO o.a.j.t.JMeterThread: Stopping because end time detected by thread: setUp Thread Group 1-19
2025-02-27 11:49:30,802 INFO o.a.j.t.JMeterThread: Thread finished: setUp Thread Group 1-19
2025-02-27 11:49:30,802 INFO o.a.j.t.JMeterThread: Stopping because end time detected by thread: setUp Thread Group 1-20
2025-02-27 11:49:30,802 INFO o.a.j.t.JMeterThread: Thread finished: setUp Thread Group 1-20
2025-02-27 11:49:30,857 INFO o.a.j.t.JMeterThread: Stopping because end time detected by thread: setUp Thread Group 1-15
2025-02-27 11:49:30,857 INFO o.a.j.t.JMeterThread: Thread finished: setUp Thread Group 1-15
2025-02-27 11:49:30,947 INFO o.a.j.t.JMeterThread: Stopping because end time detected by thread: setUp Thread Group 1-16
2025-02-27 11:49:30,947 INFO o.a.j.t.JMeterThread: Thread finished: setUp Thread Group 1-16
2025-02-27 11:49:31,097 INFO o.a.j.t.JMeterThread: Stopping because end time detected by thread: setUp Thread Group 1-12
2025-02-27 11:49:31,097 INFO o.a.j.t.JMeterThread: Thread finished: setUp Thread Group 1-12
2025-02-27 11:49:31,097 INFO o.a.j.e.StandardJMeterEngine: All Setup Threads have ended
2025-02-27 11:49:31,142 INFO o.a.j.e.StandardJMeterEngine: Starting ThreadGroup: 1 : Thread-Gruppe
2025-02-27 11:49:31,142 INFO o.a.j.e.StandardJMeterEngine: Starting 75 threads for group Thread-Gruppe.
2025-02-27 11:49:31,142 INFO o.a.j.e.StandardJMeterEngine: Thread will continue on error
2025-02-27 11:49:31,142 INFO o.a.j.t.ThreadGroup: Starting thread group... number=1 threads=75 ramp-up=10 delayedStart=false
2025-02-27 11:49:31,157 INFO o.a.j.t.JMeterThread: Thread started: Thread-Gruppe 1-1
2025-02-27 11:49:31,256 INFO o.a.j.t.ThreadGroup: Started thread group number 1
2025-02-27 11:49:31,256 INFO o.a.j.e.StandardJMeterEngine: Starting ThreadGroup: 2 : Thread-Gruppe
2025-02-27 11:49:31,256 INFO o.a.j.e.StandardJMeterEngine: Starting 20 threads for group Thread-Gruppe.
2025-02-27 11:49:31,256 INFO o.a.j.e.StandardJMeterEngine: Thread will continue on error
2025-02-27 11:49:31,256 INFO o.a.j.t.ThreadGroup: Starting thread group... number=2 threads=20 ramp-up=10 delayedStart=false
2025-02-27 11:49:31,259 INFO o.a.j.t.JMeterThread: Thread started: Thread-Gruppe 2-1
2025-02-27 11:49:31,282 INFO o.a.j.t.ThreadGroup: Started thread group number 2
2025-02-27 11:49:31,283 INFO o.a.j.e.StandardJMeterEngine: Starting ThreadGroup: 3 : Thread-Gruppe
2025-02-27 11:49:31,283 INFO o.a.j.e.StandardJMeterEngine: Starting 5 threads for group Thread-Gruppe.
2025-02-27 11:49:31,283 INFO o.a.j.e.StandardJMeterEngine: Thread will continue on error
2025-02-27 11:49:31,283 INFO o.a.j.t.ThreadGroup: Starting thread group... number=3 threads=5 ramp-up=10 delayedStart=false
2025-02-27 11:49:31,285 INFO o.a.j.t.JMeterThread: Thread started: Thread-Gruppe 3-1
2025-02-27 11:49:31,291 INFO o.a.j.t.ThreadGroup: Started thread group number 3
2025-02-27 11:49:31,291 INFO o.a.j.e.StandardJMeterEngine: All thread groups have been started
2025-02-27 11:49:31,292 INFO o.a.j.t.JMeterThread: Thread started: Thread-Gruppe 1-2
2025-02-27 11:49:31,426 INFO o.a.j.t.JMeterThread: Thread started: Thread-Gruppe 1-3
2025-02-27 11:49:31,544 INFO o.a.j.t.JMeterThread: Thread started: Thread-Gruppe 1-4
2025-02-27 11:49:31,677 INFO o.a.j.t.JMeterThread: Thread started: Thread-Gruppe 1-5
2025-02-27 11:49:31,735 INFO o.a.j.r.Summariser: summary +      1 in 00:01:01 =    0.0/s Avg:   522 Min:   522 Max:   522 Err:     0 (0.00%) Active: 7 Started: 7 Finished: 0
2025-02-27 11:49:31,760 INFO o.a.j.t.JMeterThread: Thread started: Thread-Gruppe 2-2
2025-02-27 11:49:31,811 INFO o.a.j.t.JMeterThread: Thread started: Thread-Gruppe 1-6
2025-02-27 11:49:31,943 INFO o.a.j.t.JMeterThread: Thread started: Thread-Gruppe 1-7
2025-02-27 11:49:32,076 INFO o.a.j.t.JMeterThread: Thread started: Thread-Gruppe 1-8
2025-02-27 11:49:32,209 INFO o.a.j.t.JMeterThread: Thread started: Thread-Gruppe 1-9
2025-02-27 11:49:32,260 INFO o.a.j.t.JMeterThread: Thread started: Thread-Gruppe 2-3
2025-02-27 11:49:32,343 INFO o.a.j.t.JMeterThread: Thread started: Thread-Gruppe 1-10
2025-02-27 11:49:32,476 INFO o.a.j.t.JMeterThread: Thread started: Thread-Gruppe 1-11
2025-02-27 11:49:32,609 INFO o.a.j.t.JMeterThread: Thread started: Thread-Gruppe 1-12
2025-02-27 11:49:32,741 INFO o.a.j.t.JMeterThread: Thread started: Thread-Gruppe 1-13
2025-02-27 11:49:32,760 INFO o.a.j.t.JMeterThread: Thread started: Thread-Gruppe 2-4
2025-02-27 11:49:32,875 INFO o.a.j.t.JMeterThread: Thread started: Thread-Gruppe 1-14
2025-02-27 11:49:33,007 INFO o.a.j.t.JMeterThread: Thread started: Thread-Gruppe 1-15
2025-02-27 11:49:33,141 INFO o.a.j.t.JMeterThread: Thread started: Thread-Gruppe 1-16
2025-02-27 11:49:33,259 INFO o.a.j.t.JMeterThread: Thread started: Thread-Gruppe 2-5
2025-02-27 11:49:33,274 INFO o.a.j.t.JMeterThread: Thread started: Thread-Gruppe 1-17
2025-02-27 11:49:33,287 INFO o.a.j.t.JMeterThread: Thread started: Thread-Gruppe 3-2
2025-02-27 11:49:33,407 INFO o.a.j.t.JMeterThread: Thread started: Thread-Gruppe 1-18
2025-02-27 11:49:33,539 INFO o.a.j.t.JMeterThread: Thread started: Thread-Gruppe 1-19
2025-02-27 11:49:33,673 INFO o.a.j.t.JMeterThread: Thread started: Thread-Gruppe 1-20
2025-02-27 11:49:33,759 INFO o.a.j.t.JMeterThread: Thread started: Thread-Gruppe 2-6
2025-02-27 11:49:33,805 INFO o.a.j.t.JMeterThread: Thread started: Thread-Gruppe 1-21
2025-02-27 11:49:33,937 INFO o.a.j.t.JMeterThread: Thread started: Thread-Gruppe 1-22
2025-02-27 11:49:34,071 INFO o.a.j.t.JMeterThread: Thread started: Thread-Gruppe 1-23
2025-02-27 11:49:34,206 INFO o.a.j.t.JMeterThread: Thread started: Thread-Gruppe 1-24
2025-02-27 11:49:34,259 INFO o.a.j.t.JMeterThread: Thread started: Thread-Gruppe 2-7
2025-02-27 11:49:34,337 INFO o.a.j.t.JMeterThread: Thread started: Thread-Gruppe 1-25
2025-02-27 11:49:34,471 INFO o.a.j.t.JMeterThread: Thread started: Thread-Gruppe 1-26
2025-02-27 11:49:34,603 INFO o.a.j.t.JMeterThread: Thread started: Thread-Gruppe 1-27
2025-02-27 11:49:34,736 INFO o.a.j.t.JMeterThread: Thread started: Thread-Gruppe 1-28
2025-02-27 11:49:34,760 INFO o.a.j.t.JMeterThread: Thread started: Thread-Gruppe 2-8
2025-02-27 11:49:34,869 INFO o.a.j.t.JMeterThread: Thread started: Thread-Gruppe 1-29
2025-02-27 11:49:35,003 INFO o.a.j.t.JMeterThread: Thread started: Thread-Gruppe 1-30
2025-02-27 11:49:35,135 INFO o.a.j.t.JMeterThread: Thread started: Thread-Gruppe 1-31
2025-02-27 11:49:35,260 INFO o.a.j.t.JMeterThread: Thread started: Thread-Gruppe 2-9
2025-02-27 11:49:35,268 INFO o.a.j.t.JMeterThread: Thread started: Thread-Gruppe 1-32
2025-02-27 11:49:35,287 INFO o.a.j.t.JMeterThread: Thread started: Thread-Gruppe 3-3
2025-02-27 11:49:35,401 INFO o.a.j.t.JMeterThread: Thread started: Thread-Gruppe 1-33
2025-02-27 11:49:35,535 INFO o.a.j.t.JMeterThread: Thread started: Thread-Gruppe 1-34
2025-02-27 11:49:35,668 INFO o.a.j.t.JMeterThread: Thread started: Thread-Gruppe 1-35
2025-02-27 11:49:35,760 INFO o.a.j.t.JMeterThread: Thread started: Thread-Gruppe 2-10
2025-02-27 11:49:35,800 INFO o.a.j.t.JMeterThread: Thread started: Thread-Gruppe 1-36
2025-02-27 11:49:35,933 INFO o.a.j.t.JMeterThread: Thread started: Thread-Gruppe 1-37
2025-02-27 11:49:36,066 INFO o.a.j.t.JMeterThread: Thread started: Thread-Gruppe 1-38
2025-02-27 11:49:36,199 INFO o.a.j.t.JMeterThread: Thread started: Thread-Gruppe 1-39
2025-02-27 11:49:36,260 INFO o.a.j.t.JMeterThread: Thread started: Thread-Gruppe 2-11
2025-02-27 11:49:36,331 INFO o.a.j.t.JMeterThread: Thread started: Thread-Gruppe 1-40
2025-02-27 11:49:36,465 INFO o.a.j.t.JMeterThread: Thread started: Thread-Gruppe 1-41
2025-02-27 11:49:36,598 INFO o.a.j.t.JMeterThread: Thread started: Thread-Gruppe 1-42
2025-02-27 11:49:36,731 INFO o.a.j.t.JMeterThread: Thread started: Thread-Gruppe 1-43
2025-02-27 11:49:36,760 INFO o.a.j.t.JMeterThread: Thread started: Thread-Gruppe 2-12
2025-02-27 11:49:36,863 INFO o.a.j.t.JMeterThread: Thread started: Thread-Gruppe 1-44
2025-02-27 11:49:36,997 INFO o.a.j.t.JMeterThread: Thread started: Thread-Gruppe 1-45
2025-02-27 11:49:37,131 INFO o.a.j.t.JMeterThread: Thread started: Thread-Gruppe 1-46
2025-02-27 11:49:37,259 INFO o.a.j.t.JMeterThread: Thread started: Thread-Gruppe 2-13
2025-02-27 11:49:37,263 INFO o.a.j.t.JMeterThread: Thread started: Thread-Gruppe 1-47
2025-02-27 11:49:37,288 INFO o.a.j.t.JMeterThread: Thread started: Thread-Gruppe 3-4
2025-02-27 11:49:37,395 INFO o.a.j.t.JMeterThread: Thread started: Thread-Gruppe 1-48
2025-02-27 11:49:37,528 INFO o.a.j.t.JMeterThread: Thread started: Thread-Gruppe 1-49
2025-02-27 11:49:37,661 INFO o.a.j.t.JMeterThread: Thread started: Thread-Gruppe 1-50
2025-02-27 11:49:37,758 INFO o.a.j.t.JMeterThread: Thread started: Thread-Gruppe 2-14
2025-02-27 11:49:37,794 INFO o.a.j.t.JMeterThread: Thread started: Thread-Gruppe 1-51
2025-02-27 11:49:37,927 INFO o.a.j.t.JMeterThread: Thread started: Thread-Gruppe 1-52
2025-02-27 11:49:38,062 INFO o.a.j.t.JMeterThread: Thread started: Thread-Gruppe 1-53
2025-02-27 11:49:38,194 INFO o.a.j.t.JMeterThread: Thread started: Thread-Gruppe 1-54
2025-02-27 11:49:38,259 INFO o.a.j.t.JMeterThread: Thread started: Thread-Gruppe 2-15
2025-02-27 11:49:38,326 INFO o.a.j.t.JMeterThread: Thread started: Thread-Gruppe 1-55
2025-02-27 11:49:38,460 INFO o.a.j.t.JMeterThread: Thread started: Thread-Gruppe 1-56
2025-02-27 11:49:38,593 INFO o.a.j.t.JMeterThread: Thread started: Thread-Gruppe 1-57
2025-02-27 11:49:38,726 INFO o.a.j.t.JMeterThread: Thread started: Thread-Gruppe 1-58
2025-02-27 11:49:38,759 INFO o.a.j.t.JMeterThread: Thread started: Thread-Gruppe 2-16
2025-02-27 11:49:38,859 INFO o.a.j.t.JMeterThread: Thread started: Thread-Gruppe 1-59
2025-02-27 11:49:38,993 INFO o.a.j.t.JMeterThread: Thread started: Thread-Gruppe 1-60
2025-02-27 11:49:39,125 INFO o.a.j.t.JMeterThread: Thread started: Thread-Gruppe 1-61
2025-02-27 11:49:39,259 INFO o.a.j.t.JMeterThread: Thread started: Thread-Gruppe 1-62
2025-02-27 11:49:39,259 INFO o.a.j.t.JMeterThread: Thread started: Thread-Gruppe 2-17
2025-02-27 11:49:39,286 INFO o.a.j.t.JMeterThread: Thread started: Thread-Gruppe 3-5
2025-02-27 11:49:39,391 INFO o.a.j.t.JMeterThread: Thread started: Thread-Gruppe 1-63
2025-02-27 11:49:39,524 INFO o.a.j.t.JMeterThread: Thread started: Thread-Gruppe 1-64
2025-02-27 11:49:39,656 INFO o.a.j.t.JMeterThread: Thread started: Thread-Gruppe 1-65
2025-02-27 11:49:39,758 INFO o.a.j.t.JMeterThread: Thread started: Thread-Gruppe 2-18
2025-02-27 11:49:39,790 INFO o.a.j.t.JMeterThread: Thread started: Thread-Gruppe 1-66
2025-02-27 11:49:39,923 INFO o.a.j.t.JMeterThread: Thread started: Thread-Gruppe 1-67
2025-02-27 11:49:40,057 INFO o.a.j.t.JMeterThread: Thread started: Thread-Gruppe 1-68
2025-02-27 11:49:40,188 INFO o.a.j.t.JMeterThread: Thread started: Thread-Gruppe 1-69
2025-02-27 11:49:40,258 INFO o.a.j.t.JMeterThread: Thread started: Thread-Gruppe 2-19
2025-02-27 11:49:40,322 INFO o.a.j.t.JMeterThread: Thread started: Thread-Gruppe 1-70
2025-02-27 11:49:40,455 INFO o.a.j.t.JMeterThread: Thread started: Thread-Gruppe 1-71
2025-02-27 11:49:40,588 INFO o.a.j.t.JMeterThread: Thread started: Thread-Gruppe 1-72
2025-02-27 11:49:40,722 INFO o.a.j.t.JMeterThread: Thread started: Thread-Gruppe 1-73
2025-02-27 11:49:40,760 INFO o.a.j.t.JMeterThread: Thread started: Thread-Gruppe 2-20
2025-02-27 11:49:40,855 INFO o.a.j.t.JMeterThread: Thread started: Thread-Gruppe 1-74
2025-02-27 11:49:40,988 INFO o.a.j.t.JMeterThread: Thread started: Thread-Gruppe 1-75
2025-02-27 11:50:00,020 INFO o.a.j.r.Summariser: summary +   1857 in 00:00:28 =   65.7/s Avg:   353 Min:   244 Max:   873 Err:     0 (0.00%) Active: 100 Started: 100 Finished: 0
2025-02-27 11:50:00,021 INFO o.a.j.r.Summariser: summary =   1858 in 00:01:29 =   20.8/s Avg:   353 Min:   244 Max:   873 Err:     0 (0.00%)
2025-02-27 11:50:30,006 INFO o.a.j.r.Summariser: summary +   2290 in 00:00:30 =   76.4/s Avg:   331 Min:   242 Max:   856 Err:     0 (0.00%) Active: 100 Started: 100 Finished: 0
2025-02-27 11:50:30,007 INFO o.a.j.r.Summariser: summary =   4148 in 00:01:59 =   34.7/s Avg:   341 Min:   242 Max:   873 Err:     0 (0.00%)
2025-02-27 11:51:00,003 INFO o.a.j.r.Summariser: summary +   2293 in 00:00:30 =   76.4/s Avg:   345 Min:   244 Max:   856 Err:     0 (0.00%) Active: 100 Started: 100 Finished: 0
2025-02-27 11:51:00,004 INFO o.a.j.r.Summariser: summary =   6441 in 00:02:29 =   43.1/s Avg:   342 Min:   242 Max:   873 Err:     0 (0.00%)
2025-02-27 11:51:30,035 INFO o.a.j.r.Summariser: summary +   2289 in 00:00:30 =   76.2/s Avg:   337 Min:   242 Max:   887 Err:     0 (0.00%) Active: 100 Started: 100 Finished: 0
2025-02-27 11:51:30,037 INFO o.a.j.r.Summariser: summary =   8730 in 00:02:59 =   48.6/s Avg:   341 Min:   242 Max:   887 Err:     0 (0.00%)
2025-02-27 11:52:00,016 INFO o.a.j.r.Summariser: summary +   2282 in 00:00:30 =   76.1/s Avg:   347 Min:   242 Max:  1087 Err:     0 (0.00%) Active: 100 Started: 100 Finished: 0
2025-02-27 11:52:00,017 INFO o.a.j.r.Summariser: summary =  11012 in 00:03:29 =   52.6/s Avg:   342 Min:   242 Max:  1087 Err:     0 (0.00%)
2025-02-27 11:52:30,012 INFO o.a.j.r.Summariser: summary +   2285 in 00:00:30 =   76.2/s Avg:   323 Min:   243 Max:  2497 Err:     0 (0.00%) Active: 100 Started: 100 Finished: 0
2025-02-27 11:52:30,014 INFO o.a.j.r.Summariser: summary =  13297 in 00:03:59 =   55.5/s Avg:   339 Min:   242 Max:  2497 Err:     0 (0.00%)
2025-02-27 11:53:00,014 INFO o.a.j.r.Summariser: summary +   2284 in 00:00:30 =   76.1/s Avg:   347 Min:   243 Max:  1076 Err:     0 (0.00%) Active: 100 Started: 100 Finished: 0
2025-02-27 11:53:00,015 INFO o.a.j.r.Summariser: summary =  15581 in 00:04:29 =   57.8/s Avg:   340 Min:   242 Max:  2497 Err:     0 (0.00%)
2025-02-27 11:53:30,009 INFO o.a.j.r.Summariser: summary +   2289 in 00:00:30 =   76.3/s Avg:   330 Min:   243 Max:   866 Err:     0 (0.00%) Active: 100 Started: 100 Finished: 0
2025-02-27 11:53:30,010 INFO o.a.j.r.Summariser: summary =  17870 in 00:04:59 =   59.7/s Avg:   339 Min:   242 Max:  2497 Err:     0 (0.00%)
2025-02-27 11:54:00,007 INFO o.a.j.r.Summariser: summary +   2291 in 00:00:30 =   76.4/s Avg:   348 Min:   244 Max:  1093 Err:     0 (0.00%) Active: 100 Started: 100 Finished: 0
2025-02-27 11:54:00,008 INFO o.a.j.r.Summariser: summary =  20161 in 00:05:29 =   61.2/s Avg:   340 Min:   242 Max:  2497 Err:     0 (0.00%)
2025-02-27 11:54:30,015 INFO o.a.j.r.Summariser: summary +   2291 in 00:00:30 =   76.3/s Avg:   328 Min:   242 Max:   825 Err:     0 (0.00%) Active: 100 Started: 100 Finished: 0
2025-02-27 11:54:30,017 INFO o.a.j.r.Summariser: summary =  22452 in 00:05:59 =   62.5/s Avg:   339 Min:   242 Max:  2497 Err:     0 (0.00%)
2025-02-27 11:55:00,036 INFO o.a.j.r.Summariser: summary +   2281 in 00:00:30 =   76.0/s Avg:   357 Min:   243 Max:  1176 Err:     0 (0.00%) Active: 100 Started: 100 Finished: 0
2025-02-27 11:55:00,037 INFO o.a.j.r.Summariser: summary =  24733 in 00:06:30 =   63.5/s Avg:   340 Min:   242 Max:  2497 Err:     0 (0.00%)
2025-02-27 11:55:30,001 INFO o.a.j.r.Summariser: summary +   2292 in 00:00:30 =   76.5/s Avg:   333 Min:   243 Max:   960 Err:     0 (0.00%) Active: 100 Started: 100 Finished: 0
2025-02-27 11:55:30,003 INFO o.a.j.r.Summariser: summary =  27025 in 00:06:59 =   64.4/s Avg:   340 Min:   242 Max:  2497 Err:     0 (0.00%)
2025-02-27 11:56:00,001 INFO o.a.j.r.Summariser: summary +   2289 in 00:00:30 =   76.3/s Avg:   348 Min:   243 Max:  1070 Err:     0 (0.00%) Active: 100 Started: 100 Finished: 0
2025-02-27 11:56:00,002 INFO o.a.j.r.Summariser: summary =  29314 in 00:07:29 =   65.2/s Avg:   340 Min:   242 Max:  2497 Err:     0 (0.00%)
2025-02-27 11:56:30,007 INFO o.a.j.r.Summariser: summary +   2291 in 00:00:30 =   76.4/s Avg:   323 Min:   242 Max:   833 Err:     0 (0.00%) Active: 100 Started: 100 Finished: 0
2025-02-27 11:56:30,009 INFO o.a.j.r.Summariser: summary =  31605 in 00:07:59 =   65.9/s Avg:   339 Min:   242 Max:  2497 Err:     0 (0.00%)
2025-02-27 11:57:00,002 INFO o.a.j.r.Summariser: summary +   2290 in 00:00:30 =   76.3/s Avg:   355 Min:   242 Max:  1053 Err:     0 (0.00%) Active: 100 Started: 100 Finished: 0
2025-02-27 11:57:00,004 INFO o.a.j.r.Summariser: summary =  33895 in 00:08:29 =   66.5/s Avg:   340 Min:   242 Max:  2497 Err:     0 (0.00%)
2025-02-27 11:57:30,011 INFO o.a.j.r.Summariser: summary +   2293 in 00:00:30 =   76.4/s Avg:   320 Min:   242 Max:   829 Err:     0 (0.00%) Active: 100 Started: 100 Finished: 0
2025-02-27 11:57:30,013 INFO o.a.j.r.Summariser: summary =  36188 in 00:08:59 =   67.1/s Avg:   339 Min:   242 Max:  2497 Err:     0 (0.00%)
2025-02-27 11:58:00,004 INFO o.a.j.r.Summariser: summary +   2281 in 00:00:30 =   76.1/s Avg:   365 Min:   243 Max:  1171 Err:     0 (0.00%) Active: 100 Started: 100 Finished: 0
2025-02-27 11:58:00,006 INFO o.a.j.r.Summariser: summary =  38469 in 00:09:29 =   67.6/s Avg:   340 Min:   242 Max:  2497 Err:     0 (0.00%)
2025-02-27 11:58:30,014 INFO o.a.j.r.Summariser: summary +   2272 in 00:00:30 =   75.7/s Avg:   358 Min:   246 Max:  1769 Err:     0 (0.00%) Active: 100 Started: 100 Finished: 0
2025-02-27 11:58:30,016 INFO o.a.j.r.Summariser: summary =  40741 in 00:09:59 =   68.0/s Avg:   341 Min:   242 Max:  2497 Err:     0 (0.00%)
2025-02-27 11:59:00,029 INFO o.a.j.r.Summariser: summary +   2261 in 00:00:30 =   75.3/s Avg:   369 Min:   243 Max:  2283 Err:     0 (0.00%) Active: 100 Started: 100 Finished: 0
2025-02-27 11:59:00,030 INFO o.a.j.r.Summariser: summary =  43002 in 00:10:29 =   68.3/s Avg:   343 Min:   242 Max:  2497 Err:     0 (0.00%)
2025-02-27 11:59:29,466 INFO o.a.j.t.JMeterThread: Thread finished: Thread-Gruppe 1-1
2025-02-27 11:59:29,524 INFO o.a.j.t.JMeterThread: Thread finished: Thread-Gruppe 1-62
2025-02-27 11:59:29,531 INFO o.a.j.t.JMeterThread: Thread finished: Thread-Gruppe 1-47
2025-02-27 11:59:29,558 INFO o.a.j.t.JMeterThread: Thread finished: Thread-Gruppe 1-17
2025-02-27 11:59:29,558 INFO o.a.j.t.JMeterThread: Thread finished: Thread-Gruppe 1-2
2025-02-27 11:59:29,558 INFO o.a.j.t.JMeterThread: Thread finished: Thread-Gruppe 1-45
2025-02-27 11:59:29,653 INFO o.a.j.t.JMeterThread: Thread finished: Thread-Gruppe 1-63
2025-02-27 11:59:29,653 INFO o.a.j.t.JMeterThread: Thread finished: Thread-Gruppe 1-48
2025-02-27 11:59:29,684 INFO o.a.j.t.JMeterThread: Thread finished: Thread-Gruppe 1-18
2025-02-27 11:59:29,684 INFO o.a.j.t.JMeterThread: Thread finished: Thread-Gruppe 1-3
2025-02-27 11:59:29,784 INFO o.a.j.t.JMeterThread: Thread finished: Thread-Gruppe 1-64
2025-02-27 11:59:29,785 INFO o.a.j.t.JMeterThread: Thread finished: Thread-Gruppe 1-49
2025-02-27 11:59:29,800 INFO o.a.j.t.JMeterThread: Thread finished: Thread-Gruppe 1-19
2025-02-27 11:59:29,805 INFO o.a.j.t.JMeterThread: Thread finished: Thread-Gruppe 1-4
2025-02-27 11:59:29,916 INFO o.a.j.t.JMeterThread: Thread finished: Thread-Gruppe 1-65
2025-02-27 11:59:29,922 INFO o.a.j.t.JMeterThread: Thread finished: Thread-Gruppe 1-50
2025-02-27 11:59:29,929 INFO o.a.j.t.JMeterThread: Thread finished: Thread-Gruppe 1-20
2025-02-27 11:59:29,930 INFO o.a.j.t.JMeterThread: Thread finished: Thread-Gruppe 1-5
2025-02-27 11:59:30,045 INFO o.a.j.r.Summariser: summary +   2293 in 00:00:30 =   76.4/s Avg:   333 Min:   242 Max:  1048 Err:     0 (0.00%) Active: 82 Started: 100 Finished: 18
2025-02-27 11:59:30,046 INFO o.a.j.t.JMeterThread: Thread finished: Thread-Gruppe 1-32
2025-02-27 11:59:30,047 INFO o.a.j.r.Summariser: summary =  45295 in 00:11:00 =   68.7/s Avg:   342 Min:   242 Max:  2497 Err:     0 (0.00%)
2025-02-27 11:59:30,049 INFO o.a.j.t.JMeterThread: Thread finished: Thread-Gruppe 1-66
2025-02-27 11:59:30,050 INFO o.a.j.t.JMeterThread: Thread finished: Thread-Gruppe 1-51
2025-02-27 11:59:30,059 INFO o.a.j.t.JMeterThread: Thread finished: Thread-Gruppe 1-21
2025-02-27 11:59:30,064 INFO o.a.j.t.JMeterThread: Thread finished: Thread-Gruppe 1-6
2025-02-27 11:59:30,158 INFO o.a.j.t.JMeterThread: Thread finished: Thread-Gruppe 1-33
2025-02-27 11:59:30,177 INFO o.a.j.t.JMeterThread: Thread finished: Thread-Gruppe 1-67
2025-02-27 11:59:30,180 INFO o.a.j.t.JMeterThread: Thread finished: Thread-Gruppe 1-52
2025-02-27 11:59:30,193 INFO o.a.j.t.JMeterThread: Thread finished: Thread-Gruppe 1-22
2025-02-27 11:59:30,198 INFO o.a.j.t.JMeterThread: Thread finished: Thread-Gruppe 1-7
2025-02-27 11:59:30,290 INFO o.a.j.t.JMeterThread: Thread finished: Thread-Gruppe 1-34
2025-02-27 11:59:30,310 INFO o.a.j.t.JMeterThread: Thread finished: Thread-Gruppe 1-68
2025-02-27 11:59:30,314 INFO o.a.j.t.JMeterThread: Thread finished: Thread-Gruppe 1-53
2025-02-27 11:59:30,322 INFO o.a.j.t.JMeterThread: Thread finished: Thread-Gruppe 1-23
2025-02-27 11:59:30,329 INFO o.a.j.t.JMeterThread: Thread finished: Thread-Gruppe 1-8
2025-02-27 11:59:30,426 INFO o.a.j.t.JMeterThread: Thread finished: Thread-Gruppe 1-35
2025-02-27 11:59:30,438 INFO o.a.j.t.JMeterThread: Thread finished: Thread-Gruppe 1-69
2025-02-27 11:59:30,447 INFO o.a.j.t.JMeterThread: Thread finished: Thread-Gruppe 1-54
2025-02-27 11:59:30,459 INFO o.a.j.t.JMeterThread: Thread finished: Thread-Gruppe 1-24
2025-02-27 11:59:30,461 INFO o.a.j.t.JMeterThread: Thread finished: Thread-Gruppe 1-9
2025-02-27 11:59:30,553 INFO o.a.j.t.JMeterThread: Thread finished: Thread-Gruppe 1-36
2025-02-27 11:59:30,580 INFO o.a.j.t.JMeterThread: Thread finished: Thread-Gruppe 1-70
2025-02-27 11:59:30,583 INFO o.a.j.t.JMeterThread: Thread finished: Thread-Gruppe 1-55
2025-02-27 11:59:30,599 INFO o.a.j.t.JMeterThread: Thread finished: Thread-Gruppe 1-25
2025-02-27 11:59:30,613 INFO o.a.j.t.JMeterThread: Thread finished: Thread-Gruppe 1-10
2025-02-27 11:59:30,690 INFO o.a.j.t.JMeterThread: Thread finished: Thread-Gruppe 1-37
2025-02-27 11:59:30,709 INFO o.a.j.t.JMeterThread: Thread finished: Thread-Gruppe 1-71
2025-02-27 11:59:30,719 INFO o.a.j.t.JMeterThread: Thread finished: Thread-Gruppe 1-56
2025-02-27 11:59:30,724 INFO o.a.j.t.JMeterThread: Thread finished: Thread-Gruppe 1-26
2025-02-27 11:59:30,729 INFO o.a.j.t.JMeterThread: Thread finished: Thread-Gruppe 1-11
2025-02-27 11:59:30,821 INFO o.a.j.t.JMeterThread: Thread finished: Thread-Gruppe 1-38
2025-02-27 11:59:30,841 INFO o.a.j.t.JMeterThread: Thread finished: Thread-Gruppe 1-72
2025-02-27 11:59:30,848 INFO o.a.j.t.JMeterThread: Thread finished: Thread-Gruppe 1-57
2025-02-27 11:59:30,849 INFO o.a.j.t.JMeterThread: Thread finished: Thread-Gruppe 2-4
2025-02-27 11:59:30,856 INFO o.a.j.t.JMeterThread: Thread finished: Thread-Gruppe 1-27
2025-02-27 11:59:30,864 INFO o.a.j.t.JMeterThread: Thread finished: Thread-Gruppe 1-12
2025-02-27 11:59:30,940 INFO o.a.j.t.JMeterThread: Thread finished: Thread-Gruppe 2-16
2025-02-27 11:59:30,953 INFO o.a.j.t.JMeterThread: Thread finished: Thread-Gruppe 1-39
2025-02-27 11:59:30,977 INFO o.a.j.t.JMeterThread: Thread finished: Thread-Gruppe 1-73
2025-02-27 11:59:30,979 INFO o.a.j.t.JMeterThread: Thread finished: Thread-Gruppe 1-58
2025-02-27 11:59:30,988 INFO o.a.j.t.JMeterThread: Thread finished: Thread-Gruppe 1-28
2025-02-27 11:59:30,996 INFO o.a.j.t.JMeterThread: Thread finished: Thread-Gruppe 1-13
2025-02-27 11:59:31,017 INFO o.a.j.t.JMeterThread: Thread finished: Thread-Gruppe 2-1
2025-02-27 11:59:31,026 INFO o.a.j.t.JMeterThread: Thread finished: Thread-Gruppe 2-17
2025-02-27 11:59:31,035 INFO o.a.j.t.JMeterThread: Thread finished: Thread-Gruppe 2-6
2025-02-27 11:59:31,046 INFO o.a.j.t.JMeterThread: Thread finished: Thread-Gruppe 2-10
2025-02-27 11:59:31,088 INFO o.a.j.t.JMeterThread: Thread finished: Thread-Gruppe 3-3
2025-02-27 11:59:31,094 INFO o.a.j.t.JMeterThread: Thread finished: Thread-Gruppe 1-40
2025-02-27 11:59:31,110 INFO o.a.j.t.JMeterThread: Thread finished: Thread-Gruppe 1-74
2025-02-27 11:59:31,111 INFO o.a.j.t.JMeterThread: Thread finished: Thread-Gruppe 1-59
2025-02-27 11:59:31,112 INFO o.a.j.t.JMeterThread: Thread finished: Thread-Gruppe 2-3
2025-02-27 11:59:31,125 INFO o.a.j.t.JMeterThread: Thread finished: Thread-Gruppe 1-29
2025-02-27 11:59:31,126 INFO o.a.j.t.JMeterThread: Thread finished: Thread-Gruppe 1-14
2025-02-27 11:59:31,177 INFO o.a.j.t.JMeterThread: Thread finished: Thread-Gruppe 3-5
2025-02-27 11:59:31,198 INFO o.a.j.t.JMeterThread: Thread finished: Thread-Gruppe 2-15
2025-02-27 11:59:31,214 INFO o.a.j.t.JMeterThread: Stopping because end time detected by thread: Thread-Gruppe 1-41
2025-02-27 11:59:31,214 INFO o.a.j.t.JMeterThread: Thread finished: Thread-Gruppe 1-41
2025-02-27 11:59:31,214 INFO o.a.j.t.JMeterThread: Thread finished: Thread-Gruppe 2-7
2025-02-27 11:59:31,214 INFO o.a.j.t.JMeterThread: Thread finished: Thread-Gruppe 2-18
2025-02-27 11:59:31,223 INFO o.a.j.t.JMeterThread: Thread finished: Thread-Gruppe 2-2
2025-02-27 11:59:31,225 INFO o.a.j.t.JMeterThread: Thread finished: Thread-Gruppe 2-13
2025-02-27 11:59:31,236 INFO o.a.j.t.JMeterThread: Stopping because end time detected by thread: Thread-Gruppe 1-60
2025-02-27 11:59:31,236 INFO o.a.j.t.JMeterThread: Thread finished: Thread-Gruppe 1-60
2025-02-27 11:59:31,241 INFO o.a.j.t.JMeterThread: Thread finished: Thread-Gruppe 1-75
2025-02-27 11:59:31,256 INFO o.a.j.t.JMeterThread: Stopping because end time detected by thread: Thread-Gruppe 1-30
2025-02-27 11:59:31,257 INFO o.a.j.t.JMeterThread: Thread finished: Thread-Gruppe 1-30
2025-02-27 11:59:31,258 INFO o.a.j.t.JMeterThread: Stopping because end time detected by thread: Thread-Gruppe 1-15
2025-02-27 11:59:31,258 INFO o.a.j.t.JMeterThread: Thread finished: Thread-Gruppe 1-15
2025-02-27 11:59:31,305 INFO o.a.j.t.JMeterThread: Stopping because end time detected by thread: Thread-Gruppe 2-20
2025-02-27 11:59:31,305 INFO o.a.j.t.JMeterThread: Thread finished: Thread-Gruppe 2-20
2025-02-27 11:59:31,350 INFO o.a.j.t.JMeterThread: Stopping because end time detected by thread: Thread-Gruppe 1-42
2025-02-27 11:59:31,350 INFO o.a.j.t.JMeterThread: Thread finished: Thread-Gruppe 1-42
2025-02-27 11:59:31,378 INFO o.a.j.t.JMeterThread: Stopping because end time detected by thread: Thread-Gruppe 1-61
2025-02-27 11:59:31,378 INFO o.a.j.t.JMeterThread: Thread finished: Thread-Gruppe 1-61
2025-02-27 11:59:31,387 INFO o.a.j.t.JMeterThread: Stopping because end time detected by thread: Thread-Gruppe 1-31
2025-02-27 11:59:31,387 INFO o.a.j.t.JMeterThread: Thread finished: Thread-Gruppe 1-31
2025-02-27 11:59:31,395 INFO o.a.j.t.JMeterThread: Stopping because end time detected by thread: Thread-Gruppe 1-16
2025-02-27 11:59:31,395 INFO o.a.j.t.JMeterThread: Thread finished: Thread-Gruppe 1-16
2025-02-27 11:59:31,416 INFO o.a.j.t.JMeterThread: Stopping because end time detected by thread: Thread-Gruppe 2-11
2025-02-27 11:59:31,416 INFO o.a.j.t.JMeterThread: Thread finished: Thread-Gruppe 2-11
2025-02-27 11:59:31,425 INFO o.a.j.t.JMeterThread: Stopping because end time detected by thread: Thread-Gruppe 2-8
2025-02-27 11:59:31,426 INFO o.a.j.t.JMeterThread: Thread finished: Thread-Gruppe 2-8
2025-02-27 11:59:31,467 INFO o.a.j.t.JMeterThread: Stopping because end time detected by thread: Thread-Gruppe 2-12
2025-02-27 11:59:31,467 INFO o.a.j.t.JMeterThread: Thread finished: Thread-Gruppe 2-12
2025-02-27 11:59:31,484 INFO o.a.j.t.JMeterThread: Stopping because end time detected by thread: Thread-Gruppe 1-43
2025-02-27 11:59:31,484 INFO o.a.j.t.JMeterThread: Thread finished: Thread-Gruppe 1-43
2025-02-27 11:59:31,505 INFO o.a.j.t.JMeterThread: Stopping because end time detected by thread: Thread-Gruppe 3-4
2025-02-27 11:59:31,505 INFO o.a.j.t.JMeterThread: Thread finished: Thread-Gruppe 3-4
2025-02-27 11:59:31,533 INFO o.a.j.t.JMeterThread: Stopping because end time detected by thread: Thread-Gruppe 2-19
2025-02-27 11:59:31,533 INFO o.a.j.t.JMeterThread: Thread finished: Thread-Gruppe 2-19
2025-02-27 11:59:31,538 INFO o.a.j.t.JMeterThread: Stopping because end time detected by thread: Thread-Gruppe 3-1
2025-02-27 11:59:31,538 INFO o.a.j.t.JMeterThread: Thread finished: Thread-Gruppe 3-1
2025-02-27 11:59:31,619 INFO o.a.j.t.JMeterThread: Stopping because end time detected by thread: Thread-Gruppe 1-44
2025-02-27 11:59:31,619 INFO o.a.j.t.JMeterThread: Thread finished: Thread-Gruppe 1-44
2025-02-27 11:59:31,717 INFO o.a.j.t.JMeterThread: Stopping because end time detected by thread: Thread-Gruppe 2-5
2025-02-27 11:59:31,718 INFO o.a.j.t.JMeterThread: Thread finished: Thread-Gruppe 2-5
2025-02-27 11:59:31,761 INFO o.a.j.t.JMeterThread: Stopping because end time detected by thread: Thread-Gruppe 2-14
2025-02-27 11:59:31,761 INFO o.a.j.t.JMeterThread: Thread finished: Thread-Gruppe 2-14
2025-02-27 11:59:31,883 INFO o.a.j.t.JMeterThread: Stopping because end time detected by thread: Thread-Gruppe 1-46
2025-02-27 11:59:31,884 INFO o.a.j.t.JMeterThread: Thread finished: Thread-Gruppe 1-46
2025-02-27 11:59:31,930 INFO o.a.j.t.JMeterThread: Stopping because end time detected by thread: Thread-Gruppe 3-2
2025-02-27 11:59:31,930 INFO o.a.j.t.JMeterThread: Thread finished: Thread-Gruppe 3-2
2025-02-27 11:59:31,973 INFO o.a.j.t.JMeterThread: Stopping because end time detected by thread: Thread-Gruppe 2-9
2025-02-27 11:59:31,974 INFO o.a.j.t.JMeterThread: Thread finished: Thread-Gruppe 2-9
2025-02-27 11:59:31,975 INFO o.a.j.e.StandardJMeterEngine: Notifying test listeners of end of test
2025-02-27 11:59:31,982 INFO o.a.j.r.Summariser: summary +    118 in 00:00:02 =   60.9/s Avg:   350 Min:   243 Max:   777 Err:     0 (0.00%) Active: 0 Started: 100 Finished: 100
2025-02-27 11:59:31,983 INFO o.a.j.r.Summariser: summary =  45413 in 00:11:01 =   68.7/s Avg:   342 Min:   242 Max:  2497 Err:     0 (0.00%)
