2025-02-27 15:32:02,730 INFO o.a.j.u.JMeterUtils: Setting Locale to en_EN
2025-02-27 15:32:02,760 INFO o.a.j.JMeter: Loading user properties from: D:\Semester 7\CS4203 - Research and Development Project\Artifacts\apache-jmeter-5.6.3\bin\user.properties
2025-02-27 15:32:02,760 INFO o.a.j.JMeter: Loading system properties from: D:\Semester 7\CS4203 - Research and Development Project\Artifacts\apache-jmeter-5.6.3\bin\system.properties
2025-02-27 15:32:02,760 INFO o.a.j.JMeter: Setting JMeter property: lb_1_hostname=34.70.149.254
2025-02-27 15:32:02,760 INFO o.a.j.JMeter: Setting JMeter property: lb_2_hostname=35.232.62.106
2025-02-27 15:32:02,760 INFO o.a.j.JMeter: Setting JMeter property: lb_1_port=8090
2025-02-27 15:32:02,760 INFO o.a.j.JMeter: Setting JMeter property: lb_2_port=8091
2025-02-27 15:32:02,760 INFO o.a.j.JMeter: Setting JMeter property: warm_up_users=20
2025-02-27 15:32:02,760 INFO o.a.j.JMeter: Setting JMeter property: warm_up_time=60
2025-02-27 15:32:02,760 INFO o.a.j.JMeter: Setting JMeter property: test_run_time=600
2025-02-27 15:32:02,760 INFO o.a.j.JMeter: Setting JMeter property: ramp_up=10
2025-02-27 15:32:02,760 INFO o.a.j.JMeter: Setting JMeter property: group_1=75
2025-02-27 15:32:02,760 INFO o.a.j.JMeter: Setting JMeter property: group_2=20
2025-02-27 15:32:02,760 INFO o.a.j.JMeter: Setting JMeter property: group_3=5
2025-02-27 15:32:02,760 INFO o.a.j.JMeter: Setting JMeter property: group_1_request_rate=30
2025-02-27 15:32:02,760 INFO o.a.j.JMeter: Setting JMeter property: group_2_request_rate=90
2025-02-27 15:32:02,760 INFO o.a.j.JMeter: Setting JMeter property: group_3_request_rate=120
2025-02-27 15:32:02,760 INFO o.a.j.JMeter: Setting JMeter property: log_file=d:\Semester 7\CS4203 - Research and Development Project\Artifacts\rate-limiter-nginx\jmeter\cloud\2025_02_27_15_09_logs\sliding_window_logs\redis_async_rate_limit_100_window_size_60_batch_percent_0.8\warm_up_results.csv
2025-02-27 15:32:02,760 INFO o.a.j.JMeter: Setting JMeter property: algorithm=sliding_window_logs_redis_async_rate_limit_100_window_size_60_batch_percent_0.8
2025-02-27 15:32:02,760 INFO o.a.j.JMeter: Setting JMeter property: auth=/sliding_window_logs/redis_async_rate_limit_100_window_size_60_batch_percent_0.8/tools.descartes.teastore.auth/rest
2025-02-27 15:32:02,760 INFO o.a.j.JMeter: Setting JMeter property: persistence=/sliding_window_logs/redis_async_rate_limit_100_window_size_60_batch_percent_0.8/tools.descartes.teastore.persistence/rest
2025-02-27 15:32:02,760 INFO o.a.j.JMeter: Setting JMeter property: recommender=/sliding_window_logs/redis_async_rate_limit_100_window_size_60_batch_percent_0.8/tools.descartes.teastore.recommender/rest
2025-02-27 15:32:02,760 INFO o.a.j.JMeter: Setting JMeter property: image=/sliding_window_logs/redis_async_rate_limit_100_window_size_60_batch_percent_0.8/tools.descartes.teastore.image/rest
2025-02-27 15:32:02,760 INFO o.a.j.JMeter: Copyright (c) 1998-2024 The Apache Software Foundation
2025-02-27 15:32:02,760 INFO o.a.j.JMeter: Version 5.6.3
2025-02-27 15:32:02,760 INFO o.a.j.JMeter: java.version=11.0.22
2025-02-27 15:32:02,760 INFO o.a.j.JMeter: java.vm.name=Java HotSpot(TM) 64-Bit Server VM
2025-02-27 15:32:02,760 INFO o.a.j.JMeter: os.name=Windows 10
2025-02-27 15:32:02,760 INFO o.a.j.JMeter: os.arch=amd64
2025-02-27 15:32:02,760 INFO o.a.j.JMeter: os.version=10.0
2025-02-27 15:32:02,760 INFO o.a.j.JMeter: file.encoding=Cp1252
2025-02-27 15:32:02,760 INFO o.a.j.JMeter: java.awt.headless=true
2025-02-27 15:32:02,760 INFO o.a.j.JMeter: Max memory     =1073741824
2025-02-27 15:32:02,760 INFO o.a.j.JMeter: Available Processors =12
2025-02-27 15:32:02,790 INFO o.a.j.JMeter: Default Locale=English (EN)
2025-02-27 15:32:02,790 INFO o.a.j.JMeter: JMeter  Locale=English (EN)
2025-02-27 15:32:02,790 INFO o.a.j.JMeter: JMeterHome=D:\Semester 7\CS4203 - Research and Development Project\Artifacts\apache-jmeter-5.6.3
2025-02-27 15:32:02,790 INFO o.a.j.JMeter: user.dir  =D:\Semester 7\CS4203 - Research and Development Project\Artifacts\rate-limiter-nginx
2025-02-27 15:32:02,790 INFO o.a.j.JMeter: PWD       =D:\Semester 7\CS4203 - Research and Development Project\Artifacts\rate-limiter-nginx
2025-02-27 15:32:02,790 INFO o.a.j.JMeter: IP: 10.10.21.101 Name: KOBI-MSI-PC FullName: 10.10.21.101
2025-02-27 15:32:02,805 INFO o.a.j.s.FileServer: Default base='D:\Semester 7\CS4203 - Research and Development Project\Artifacts\rate-limiter-nginx'
2025-02-27 15:32:02,805 INFO o.a.j.s.FileServer: Set new base='d:\Semester 7\CS4203 - Research and Development Project\Artifacts\rate-limiter-nginx\jmeter\cloud'
2025-02-27 15:32:03,046 INFO o.a.j.s.SaveService: Testplan (JMX) version: 2.2. Testlog (JTL) version: 2.2
2025-02-27 15:32:03,076 INFO o.a.j.s.SaveService: Using SaveService properties version 5.0
2025-02-27 15:32:03,076 INFO o.a.j.s.SaveService: Using SaveService properties file encoding UTF-8
2025-02-27 15:32:03,091 INFO o.a.j.s.SaveService: Loading file: d:\Semester 7\CS4203 - Research and Development Project\Artifacts\rate-limiter-nginx\jmeter\cloud\teastore_performance.jmx
2025-02-27 15:32:03,151 INFO o.a.j.p.h.c.CookieManager: Settings: Delete null: true Check: true Allow variable: true Save: false Prefix: COOKIE_
2025-02-27 15:32:03,181 INFO o.a.j.p.h.s.HTTPSamplerBase: Parser for text/html is org.apache.jmeter.protocol.http.parser.LagartoBasedHtmlParser
2025-02-27 15:32:03,181 INFO o.a.j.p.h.s.HTTPSamplerBase: Parser for application/xhtml+xml is org.apache.jmeter.protocol.http.parser.LagartoBasedHtmlParser
2025-02-27 15:32:03,181 INFO o.a.j.p.h.s.HTTPSamplerBase: Parser for application/xml is org.apache.jmeter.protocol.http.parser.LagartoBasedHtmlParser
2025-02-27 15:32:03,181 INFO o.a.j.p.h.s.HTTPSamplerBase: Parser for text/xml is org.apache.jmeter.protocol.http.parser.LagartoBasedHtmlParser
2025-02-27 15:32:03,181 INFO o.a.j.p.h.s.HTTPSamplerBase: Parser for text/vnd.wap.wml is org.apache.jmeter.protocol.http.parser.RegexpHTMLParser
2025-02-27 15:32:03,181 INFO o.a.j.p.h.s.HTTPSamplerBase: Parser for text/css is org.apache.jmeter.protocol.http.parser.CssParser
2025-02-27 15:32:03,376 INFO o.a.j.s.SampleResult: Note: Sample TimeStamps are START times
2025-02-27 15:32:03,376 INFO o.a.j.s.SampleResult: sampleresult.default.encoding is set to UTF-8
2025-02-27 15:32:03,376 INFO o.a.j.s.SampleResult: sampleresult.useNanoTime=true
2025-02-27 15:32:03,376 INFO o.a.j.s.SampleResult: sampleresult.nanoThreadSleep=5000
2025-02-27 15:32:03,424 INFO o.a.j.JMeter: Creating summariser <summary>
2025-02-27 15:32:03,440 INFO o.a.j.e.StandardJMeterEngine: Running the test!
2025-02-27 15:32:03,440 INFO o.a.j.s.SampleEvent: List of sample_variables: []
2025-02-27 15:32:03,440 INFO o.a.j.s.SampleEvent: List of sample_variables: []
2025-02-27 15:32:03,455 INFO o.a.j.e.u.CompoundVariable: Note: Function class names must contain the string: '.functions.'
2025-02-27 15:32:03,455 INFO o.a.j.e.u.CompoundVariable: Note: Function class names must not contain the string: '.gui.'
2025-02-27 15:32:03,777 INFO o.a.j.r.ClassFinder: Will scan jar D:\Semester 7\CS4203 - Research and Development Project\Artifacts\apache-jmeter-5.6.3\lib\ext\jmeter-plugins-casutg-2.10.jar with filter ExtendsClassFilter [parents=[interface org.apache.jmeter.functions.Function], inner=false, contains=null, notContains=null]. Consider exposing JMeter plugins via META-INF/services, and add JMeter-Skip-Class-Scanning=true manifest attribute so JMeter can skip classfile scanning
2025-02-27 15:32:03,792 INFO o.a.j.r.ClassFinder: Will scan jar D:\Semester 7\CS4203 - Research and Development Project\Artifacts\apache-jmeter-5.6.3\lib\ext\jmeter-plugins-graphs-additional-2.0.jar with filter ExtendsClassFilter [parents=[interface org.apache.jmeter.functions.Function], inner=false, contains=null, notContains=null]. Consider exposing JMeter plugins via META-INF/services, and add JMeter-Skip-Class-Scanning=true manifest attribute so JMeter can skip classfile scanning
2025-02-27 15:32:03,807 INFO o.a.j.r.ClassFinder: Will scan jar D:\Semester 7\CS4203 - Research and Development Project\Artifacts\apache-jmeter-5.6.3\lib\ext\jmeter-plugins-perfmon-2.1.jar with filter ExtendsClassFilter [parents=[interface org.apache.jmeter.functions.Function], inner=false, contains=null, notContains=null]. Consider exposing JMeter plugins via META-INF/services, and add JMeter-Skip-Class-Scanning=true manifest attribute so JMeter can skip classfile scanning
2025-02-27 15:32:03,807 INFO o.a.j.r.ClassFinder: Will scan jar D:\Semester 7\CS4203 - Research and Development Project\Artifacts\apache-jmeter-5.6.3\lib\ext\json-lib-2.4-jdk15.jar with filter ExtendsClassFilter [parents=[interface org.apache.jmeter.functions.Function], inner=false, contains=null, notContains=null]. Consider exposing JMeter plugins via META-INF/services, and add JMeter-Skip-Class-Scanning=true manifest attribute so JMeter can skip classfile scanning
2025-02-27 15:32:03,837 INFO o.a.j.r.ClassFinder: Will scan jar D:\Semester 7\CS4203 - Research and Development Project\Artifacts\apache-jmeter-5.6.3\lib\ext\perfmon-2.2.2.jar with filter ExtendsClassFilter [parents=[interface org.apache.jmeter.functions.Function], inner=false, contains=null, notContains=null]. Consider exposing JMeter plugins via META-INF/services, and add JMeter-Skip-Class-Scanning=true manifest attribute so JMeter can skip classfile scanning
2025-02-27 15:32:03,867 INFO o.a.j.r.ClassFinder: Will scan jar D:\Semester 7\CS4203 - Research and Development Project\Artifacts\apache-jmeter-5.6.3\lib\ext\jmeter-plugins-manager-1.10.jar with filter ExtendsClassFilter [parents=[interface org.apache.jmeter.functions.Function], inner=false, contains=null, notContains=null]. Consider exposing JMeter plugins via META-INF/services, and add JMeter-Skip-Class-Scanning=true manifest attribute so JMeter can skip classfile scanning
2025-02-27 15:32:03,957 INFO o.a.j.r.ClassFinder: Will scan jar D:\Semester 7\CS4203 - Research and Development Project\Artifacts\apache-jmeter-5.6.3\lib\ext\jmeter-plugins-graphs-vs-2.0.jar with filter ExtendsClassFilter [parents=[interface org.apache.jmeter.functions.Function], inner=false, contains=null, notContains=null]. Consider exposing JMeter plugins via META-INF/services, and add JMeter-Skip-Class-Scanning=true manifest attribute so JMeter can skip classfile scanning
2025-02-27 15:32:03,972 INFO o.a.j.r.ClassFinder: Will scan jar D:\Semester 7\CS4203 - Research and Development Project\Artifacts\apache-jmeter-5.6.3\lib\ext\jmeter-parallel-0.12.jar with filter ExtendsClassFilter [parents=[interface org.apache.jmeter.functions.Function], inner=false, contains=null, notContains=null]. Consider exposing JMeter plugins via META-INF/services, and add JMeter-Skip-Class-Scanning=true manifest attribute so JMeter can skip classfile scanning
2025-02-27 15:32:03,972 INFO o.a.j.r.ClassFinder: Will scan jar D:\Semester 7\CS4203 - Research and Development Project\Artifacts\apache-jmeter-5.6.3\lib\ext\jmeter-plugins-tst-2.6.jar with filter ExtendsClassFilter [parents=[interface org.apache.jmeter.functions.Function], inner=false, contains=null, notContains=null]. Consider exposing JMeter plugins via META-INF/services, and add JMeter-Skip-Class-Scanning=true manifest attribute so JMeter can skip classfile scanning
2025-02-27 15:32:03,972 INFO o.a.j.r.ClassFinder: Will scan jar D:\Semester 7\CS4203 - Research and Development Project\Artifacts\apache-jmeter-5.6.3\lib\ext\jmeter-prometheus-plugin-0.6.0.jar with filter ExtendsClassFilter [parents=[interface org.apache.jmeter.functions.Function], inner=false, contains=null, notContains=null]. Consider exposing JMeter plugins via META-INF/services, and add JMeter-Skip-Class-Scanning=true manifest attribute so JMeter can skip classfile scanning
2025-02-27 15:32:04,002 INFO o.a.j.r.ClassFinder: Will scan jar D:\Semester 7\CS4203 - Research and Development Project\Artifacts\apache-jmeter-5.6.3\lib\ext\jmeter-plugins-graphs-basic-2.0.jar with filter ExtendsClassFilter [parents=[interface org.apache.jmeter.functions.Function], inner=false, contains=null, notContains=null]. Consider exposing JMeter plugins via META-INF/services, and add JMeter-Skip-Class-Scanning=true manifest attribute so JMeter can skip classfile scanning
2025-02-27 15:32:04,440 INFO o.a.j.JMeter: Running test (1740650524440)
2025-02-27 15:32:04,440 INFO o.a.j.e.StandardJMeterEngine: Starting setUp thread groups
2025-02-27 15:32:04,440 INFO o.a.j.e.StandardJMeterEngine: Starting setUp ThreadGroup: 1 : setUp Thread Group 
2025-02-27 15:32:04,440 INFO o.a.j.e.StandardJMeterEngine: Starting 20 threads for group setUp Thread Group.
2025-02-27 15:32:04,440 INFO o.a.j.e.StandardJMeterEngine: Thread will continue on error
2025-02-27 15:32:04,440 INFO o.a.j.t.ThreadGroup: Starting thread group... number=1 threads=20 ramp-up=10 delayedStart=false
2025-02-27 15:32:04,470 INFO o.a.j.t.JMeterThread: Thread started: setUp Thread Group 1-1
2025-02-27 15:32:04,527 INFO o.a.j.t.ThreadGroup: Started thread group number 1
2025-02-27 15:32:04,527 INFO o.a.j.e.StandardJMeterEngine: Waiting for all setup thread groups to exit
2025-02-27 15:32:04,961 INFO o.a.j.t.JMeterThread: Thread started: setUp Thread Group 1-2
2025-02-27 15:32:05,466 INFO o.a.j.t.JMeterThread: Thread started: setUp Thread Group 1-3
2025-02-27 15:32:05,596 INFO o.a.j.p.h.s.HTTPHCAbstractImpl: Local host = KOBI-MSI-PC
2025-02-27 15:32:05,604 INFO o.a.j.p.h.s.HTTPHC4Impl: HTTP request retry count = 0
2025-02-27 15:32:05,953 INFO o.a.j.t.JMeterThread: Thread started: setUp Thread Group 1-4
2025-02-27 15:32:06,448 INFO o.a.j.t.JMeterThread: Thread started: setUp Thread Group 1-5
2025-02-27 15:32:06,950 INFO o.a.j.t.JMeterThread: Thread started: setUp Thread Group 1-6
2025-02-27 15:32:07,448 INFO o.a.j.t.JMeterThread: Thread started: setUp Thread Group 1-7
2025-02-27 15:32:07,949 INFO o.a.j.t.JMeterThread: Thread started: setUp Thread Group 1-8
2025-02-27 15:32:08,446 INFO o.a.j.t.JMeterThread: Thread started: setUp Thread Group 1-9
2025-02-27 15:32:08,946 INFO o.a.j.t.JMeterThread: Thread started: setUp Thread Group 1-10
2025-02-27 15:32:09,446 INFO o.a.j.t.JMeterThread: Thread started: setUp Thread Group 1-11
2025-02-27 15:32:09,946 INFO o.a.j.t.JMeterThread: Thread started: setUp Thread Group 1-12
2025-02-27 15:32:10,447 INFO o.a.j.t.JMeterThread: Thread started: setUp Thread Group 1-13
2025-02-27 15:32:10,946 INFO o.a.j.t.JMeterThread: Thread started: setUp Thread Group 1-14
2025-02-27 15:32:11,445 INFO o.a.j.t.JMeterThread: Thread started: setUp Thread Group 1-15
2025-02-27 15:32:11,944 INFO o.a.j.t.JMeterThread: Thread started: setUp Thread Group 1-16
2025-02-27 15:32:12,444 INFO o.a.j.t.JMeterThread: Thread started: setUp Thread Group 1-17
2025-02-27 15:32:12,944 INFO o.a.j.t.JMeterThread: Thread started: setUp Thread Group 1-18
2025-02-27 15:32:13,443 INFO o.a.j.t.JMeterThread: Thread started: setUp Thread Group 1-19
2025-02-27 15:32:13,944 INFO o.a.j.t.JMeterThread: Thread started: setUp Thread Group 1-20
2025-02-27 15:33:04,332 INFO o.a.j.t.JMeterThread: Thread finished: setUp Thread Group 1-7
2025-02-27 15:33:04,332 INFO o.a.j.t.JMeterThread: Thread finished: setUp Thread Group 1-6
2025-02-27 15:33:04,336 INFO o.a.j.t.JMeterThread: Thread finished: setUp Thread Group 1-3
2025-02-27 15:33:04,354 INFO o.a.j.t.JMeterThread: Thread finished: setUp Thread Group 1-11
2025-02-27 15:33:04,467 INFO o.a.j.t.JMeterThread: Thread finished: setUp Thread Group 1-17
2025-02-27 15:33:04,482 INFO o.a.j.t.JMeterThread: Thread finished: setUp Thread Group 1-15
2025-02-27 15:33:04,572 INFO o.a.j.t.JMeterThread: Stopping because end time detected by thread: setUp Thread Group 1-9
2025-02-27 15:33:04,572 INFO o.a.j.t.JMeterThread: Thread finished: setUp Thread Group 1-9
2025-02-27 15:33:04,677 INFO o.a.j.t.JMeterThread: Stopping because end time detected by thread: setUp Thread Group 1-5
2025-02-27 15:33:04,677 INFO o.a.j.t.JMeterThread: Thread finished: setUp Thread Group 1-5
2025-02-27 15:33:04,692 INFO o.a.j.t.JMeterThread: Stopping because end time detected by thread: setUp Thread Group 1-13
2025-02-27 15:33:04,692 INFO o.a.j.t.JMeterThread: Thread finished: setUp Thread Group 1-13
2025-02-27 15:33:04,692 INFO o.a.j.t.JMeterThread: Stopping because end time detected by thread: setUp Thread Group 1-12
2025-02-27 15:33:04,692 INFO o.a.j.t.JMeterThread: Thread finished: setUp Thread Group 1-12
2025-02-27 15:33:04,705 INFO o.a.j.t.JMeterThread: Stopping because end time detected by thread: setUp Thread Group 1-18
2025-02-27 15:33:04,706 INFO o.a.j.t.JMeterThread: Thread finished: setUp Thread Group 1-18
2025-02-27 15:33:04,707 INFO o.a.j.t.JMeterThread: Stopping because end time detected by thread: setUp Thread Group 1-14
2025-02-27 15:33:04,707 INFO o.a.j.t.JMeterThread: Stopping because end time detected by thread: setUp Thread Group 1-4
2025-02-27 15:33:04,708 INFO o.a.j.t.JMeterThread: Thread finished: setUp Thread Group 1-14
2025-02-27 15:33:04,708 INFO o.a.j.t.JMeterThread: Thread finished: setUp Thread Group 1-4
2025-02-27 15:33:04,726 INFO o.a.j.t.JMeterThread: Stopping because end time detected by thread: setUp Thread Group 1-16
2025-02-27 15:33:04,726 INFO o.a.j.t.JMeterThread: Stopping because end time detected by thread: setUp Thread Group 1-20
2025-02-27 15:33:04,726 INFO o.a.j.t.JMeterThread: Thread finished: setUp Thread Group 1-16
2025-02-27 15:33:04,726 INFO o.a.j.t.JMeterThread: Thread finished: setUp Thread Group 1-20
2025-02-27 15:33:04,736 INFO o.a.j.t.JMeterThread: Stopping because end time detected by thread: setUp Thread Group 1-8
2025-02-27 15:33:04,736 INFO o.a.j.t.JMeterThread: Thread finished: setUp Thread Group 1-8
2025-02-27 15:33:04,796 INFO o.a.j.t.JMeterThread: Stopping because end time detected by thread: setUp Thread Group 1-19
2025-02-27 15:33:04,796 INFO o.a.j.t.JMeterThread: Thread finished: setUp Thread Group 1-19
2025-02-27 15:33:04,806 INFO o.a.j.t.JMeterThread: Stopping because end time detected by thread: setUp Thread Group 1-2
2025-02-27 15:33:04,806 INFO o.a.j.t.JMeterThread: Thread finished: setUp Thread Group 1-2
2025-02-27 15:33:04,870 INFO o.a.j.t.JMeterThread: Stopping because end time detected by thread: setUp Thread Group 1-1
2025-02-27 15:33:04,870 INFO o.a.j.t.JMeterThread: Thread finished: setUp Thread Group 1-1
2025-02-27 15:33:05,021 INFO o.a.j.t.JMeterThread: Stopping because end time detected by thread: setUp Thread Group 1-10
2025-02-27 15:33:05,022 INFO o.a.j.t.JMeterThread: Thread finished: setUp Thread Group 1-10
2025-02-27 15:33:05,022 INFO o.a.j.e.StandardJMeterEngine: All Setup Threads have ended
2025-02-27 15:33:05,066 INFO o.a.j.e.StandardJMeterEngine: Starting ThreadGroup: 1 : Thread-Gruppe
2025-02-27 15:33:05,066 INFO o.a.j.e.StandardJMeterEngine: Starting 75 threads for group Thread-Gruppe.
2025-02-27 15:33:05,066 INFO o.a.j.e.StandardJMeterEngine: Thread will continue on error
2025-02-27 15:33:05,066 INFO o.a.j.t.ThreadGroup: Starting thread group... number=1 threads=75 ramp-up=10 delayedStart=false
2025-02-27 15:33:05,069 INFO o.a.j.t.JMeterThread: Thread started: Thread-Gruppe 1-1
2025-02-27 15:33:05,154 INFO o.a.j.t.ThreadGroup: Started thread group number 1
2025-02-27 15:33:05,154 INFO o.a.j.e.StandardJMeterEngine: Starting ThreadGroup: 2 : Thread-Gruppe
2025-02-27 15:33:05,154 INFO o.a.j.e.StandardJMeterEngine: Starting 20 threads for group Thread-Gruppe.
2025-02-27 15:33:05,154 INFO o.a.j.e.StandardJMeterEngine: Thread will continue on error
2025-02-27 15:33:05,154 INFO o.a.j.t.ThreadGroup: Starting thread group... number=2 threads=20 ramp-up=10 delayedStart=false
2025-02-27 15:33:05,156 INFO o.a.j.t.JMeterThread: Thread started: Thread-Gruppe 2-1
2025-02-27 15:33:05,176 INFO o.a.j.t.ThreadGroup: Started thread group number 2
2025-02-27 15:33:05,176 INFO o.a.j.e.StandardJMeterEngine: Starting ThreadGroup: 3 : Thread-Gruppe
2025-02-27 15:33:05,176 INFO o.a.j.e.StandardJMeterEngine: Starting 5 threads for group Thread-Gruppe.
2025-02-27 15:33:05,176 INFO o.a.j.e.StandardJMeterEngine: Thread will continue on error
2025-02-27 15:33:05,176 INFO o.a.j.t.ThreadGroup: Starting thread group... number=3 threads=5 ramp-up=10 delayedStart=false
2025-02-27 15:33:05,179 INFO o.a.j.t.JMeterThread: Thread started: Thread-Gruppe 3-1
2025-02-27 15:33:05,184 INFO o.a.j.t.ThreadGroup: Started thread group number 3
2025-02-27 15:33:05,184 INFO o.a.j.e.StandardJMeterEngine: All thread groups have been started
2025-02-27 15:33:05,202 INFO o.a.j.t.JMeterThread: Thread started: Thread-Gruppe 1-2
2025-02-27 15:33:05,334 INFO o.a.j.t.JMeterThread: Thread started: Thread-Gruppe 1-3
2025-02-27 15:33:05,467 INFO o.a.j.t.JMeterThread: Thread started: Thread-Gruppe 1-4
2025-02-27 15:33:05,600 INFO o.a.j.t.JMeterThread: Thread started: Thread-Gruppe 1-5
2025-02-27 15:33:05,644 INFO o.a.j.r.Summariser: summary +      1 in 00:01:01 =    0.0/s Avg:   510 Min:   510 Max:   510 Err:     0 (0.00%) Active: 7 Started: 7 Finished: 0
2025-02-27 15:33:05,656 INFO o.a.j.t.JMeterThread: Thread started: Thread-Gruppe 2-2
2025-02-27 15:33:05,734 INFO o.a.j.t.JMeterThread: Thread started: Thread-Gruppe 1-6
2025-02-27 15:33:05,868 INFO o.a.j.t.JMeterThread: Thread started: Thread-Gruppe 1-7
2025-02-27 15:33:06,001 INFO o.a.j.t.JMeterThread: Thread started: Thread-Gruppe 1-8
2025-02-27 15:33:06,133 INFO o.a.j.t.JMeterThread: Thread started: Thread-Gruppe 1-9
2025-02-27 15:33:06,156 INFO o.a.j.t.JMeterThread: Thread started: Thread-Gruppe 2-3
2025-02-27 15:33:06,266 INFO o.a.j.t.JMeterThread: Thread started: Thread-Gruppe 1-10
2025-02-27 15:33:06,399 INFO o.a.j.t.JMeterThread: Thread started: Thread-Gruppe 1-11
2025-02-27 15:33:06,533 INFO o.a.j.t.JMeterThread: Thread started: Thread-Gruppe 1-12
2025-02-27 15:33:06,657 INFO o.a.j.t.JMeterThread: Thread started: Thread-Gruppe 2-4
2025-02-27 15:33:06,665 INFO o.a.j.t.JMeterThread: Thread started: Thread-Gruppe 1-13
2025-02-27 15:33:06,797 INFO o.a.j.t.JMeterThread: Thread started: Thread-Gruppe 1-14
2025-02-27 15:33:06,931 INFO o.a.j.t.JMeterThread: Thread started: Thread-Gruppe 1-15
2025-02-27 15:33:07,065 INFO o.a.j.t.JMeterThread: Thread started: Thread-Gruppe 1-16
2025-02-27 15:33:07,158 INFO o.a.j.t.JMeterThread: Thread started: Thread-Gruppe 2-5
2025-02-27 15:33:07,178 INFO o.a.j.t.JMeterThread: Thread started: Thread-Gruppe 3-2
2025-02-27 15:33:07,197 INFO o.a.j.t.JMeterThread: Thread started: Thread-Gruppe 1-17
2025-02-27 15:33:07,330 INFO o.a.j.t.JMeterThread: Thread started: Thread-Gruppe 1-18
2025-02-27 15:33:07,462 INFO o.a.j.t.JMeterThread: Thread started: Thread-Gruppe 1-19
2025-02-27 15:33:07,595 INFO o.a.j.t.JMeterThread: Thread started: Thread-Gruppe 1-20
2025-02-27 15:33:07,657 INFO o.a.j.t.JMeterThread: Thread started: Thread-Gruppe 2-6
2025-02-27 15:33:07,728 INFO o.a.j.t.JMeterThread: Thread started: Thread-Gruppe 1-21
2025-02-27 15:33:07,862 INFO o.a.j.t.JMeterThread: Thread started: Thread-Gruppe 1-22
2025-02-27 15:33:07,994 INFO o.a.j.t.JMeterThread: Thread started: Thread-Gruppe 1-23
2025-02-27 15:33:08,128 INFO o.a.j.t.JMeterThread: Thread started: Thread-Gruppe 1-24
2025-02-27 15:33:08,157 INFO o.a.j.t.JMeterThread: Thread started: Thread-Gruppe 2-7
2025-02-27 15:33:08,261 INFO o.a.j.t.JMeterThread: Thread started: Thread-Gruppe 1-25
2025-02-27 15:33:08,395 INFO o.a.j.t.JMeterThread: Thread started: Thread-Gruppe 1-26
2025-02-27 15:33:08,527 INFO o.a.j.t.JMeterThread: Thread started: Thread-Gruppe 1-27
2025-02-27 15:33:08,656 INFO o.a.j.t.JMeterThread: Thread started: Thread-Gruppe 2-8
2025-02-27 15:33:08,660 INFO o.a.j.t.JMeterThread: Thread started: Thread-Gruppe 1-28
2025-02-27 15:33:08,793 INFO o.a.j.t.JMeterThread: Thread started: Thread-Gruppe 1-29
2025-02-27 15:33:08,927 INFO o.a.j.t.JMeterThread: Thread started: Thread-Gruppe 1-30
2025-02-27 15:33:09,060 INFO o.a.j.t.JMeterThread: Thread started: Thread-Gruppe 1-31
2025-02-27 15:33:09,156 INFO o.a.j.t.JMeterThread: Thread started: Thread-Gruppe 2-9
2025-02-27 15:33:09,179 INFO o.a.j.t.JMeterThread: Thread started: Thread-Gruppe 3-3
2025-02-27 15:33:09,193 INFO o.a.j.t.JMeterThread: Thread started: Thread-Gruppe 1-32
2025-02-27 15:33:09,325 INFO o.a.j.t.JMeterThread: Thread started: Thread-Gruppe 1-33
2025-02-27 15:33:09,458 INFO o.a.j.t.JMeterThread: Thread started: Thread-Gruppe 1-34
2025-02-27 15:33:09,590 INFO o.a.j.t.JMeterThread: Thread started: Thread-Gruppe 1-35
2025-02-27 15:33:09,657 INFO o.a.j.t.JMeterThread: Thread started: Thread-Gruppe 2-10
2025-02-27 15:33:09,724 INFO o.a.j.t.JMeterThread: Thread started: Thread-Gruppe 1-36
2025-02-27 15:33:09,858 INFO o.a.j.t.JMeterThread: Thread started: Thread-Gruppe 1-37
2025-02-27 15:33:09,991 INFO o.a.j.t.JMeterThread: Thread started: Thread-Gruppe 1-38
2025-02-27 15:33:10,124 INFO o.a.j.t.JMeterThread: Thread started: Thread-Gruppe 1-39
2025-02-27 15:33:10,158 INFO o.a.j.t.JMeterThread: Thread started: Thread-Gruppe 2-11
2025-02-27 15:33:10,256 INFO o.a.j.t.JMeterThread: Thread started: Thread-Gruppe 1-40
2025-02-27 15:33:10,391 INFO o.a.j.t.JMeterThread: Thread started: Thread-Gruppe 1-41
2025-02-27 15:33:10,523 INFO o.a.j.t.JMeterThread: Thread started: Thread-Gruppe 1-42
2025-02-27 15:33:10,655 INFO o.a.j.t.JMeterThread: Thread started: Thread-Gruppe 1-43
2025-02-27 15:33:10,658 INFO o.a.j.t.JMeterThread: Thread started: Thread-Gruppe 2-12
2025-02-27 15:33:10,789 INFO o.a.j.t.JMeterThread: Thread started: Thread-Gruppe 1-44
2025-02-27 15:33:10,922 INFO o.a.j.t.JMeterThread: Thread started: Thread-Gruppe 1-45
2025-02-27 15:33:11,055 INFO o.a.j.t.JMeterThread: Thread started: Thread-Gruppe 1-46
2025-02-27 15:33:11,157 INFO o.a.j.t.JMeterThread: Thread started: Thread-Gruppe 2-13
2025-02-27 15:33:11,179 INFO o.a.j.t.JMeterThread: Thread started: Thread-Gruppe 3-4
2025-02-27 15:33:11,189 INFO o.a.j.t.JMeterThread: Thread started: Thread-Gruppe 1-47
2025-02-27 15:33:11,320 INFO o.a.j.t.JMeterThread: Thread started: Thread-Gruppe 1-48
2025-02-27 15:33:11,453 INFO o.a.j.t.JMeterThread: Thread started: Thread-Gruppe 1-49
2025-02-27 15:33:11,585 INFO o.a.j.t.JMeterThread: Thread started: Thread-Gruppe 1-50
2025-02-27 15:33:11,656 INFO o.a.j.t.JMeterThread: Thread started: Thread-Gruppe 2-14
2025-02-27 15:33:11,719 INFO o.a.j.t.JMeterThread: Thread started: Thread-Gruppe 1-51
2025-02-27 15:33:11,851 INFO o.a.j.t.JMeterThread: Thread started: Thread-Gruppe 1-52
2025-02-27 15:33:11,984 INFO o.a.j.t.JMeterThread: Thread started: Thread-Gruppe 1-53
2025-02-27 15:33:12,117 INFO o.a.j.t.JMeterThread: Thread started: Thread-Gruppe 1-54
2025-02-27 15:33:12,158 INFO o.a.j.t.JMeterThread: Thread started: Thread-Gruppe 2-15
2025-02-27 15:33:12,251 INFO o.a.j.t.JMeterThread: Thread started: Thread-Gruppe 1-55
2025-02-27 15:33:12,384 INFO o.a.j.t.JMeterThread: Thread started: Thread-Gruppe 1-56
2025-02-27 15:33:12,517 INFO o.a.j.t.JMeterThread: Thread started: Thread-Gruppe 1-57
2025-02-27 15:33:12,649 INFO o.a.j.t.JMeterThread: Thread started: Thread-Gruppe 1-58
2025-02-27 15:33:12,657 INFO o.a.j.t.JMeterThread: Thread started: Thread-Gruppe 2-16
2025-02-27 15:33:12,782 INFO o.a.j.t.JMeterThread: Thread started: Thread-Gruppe 1-59
2025-02-27 15:33:12,916 INFO o.a.j.t.JMeterThread: Thread started: Thread-Gruppe 1-60
2025-02-27 15:33:13,048 INFO o.a.j.t.JMeterThread: Thread started: Thread-Gruppe 1-61
2025-02-27 15:33:13,157 INFO o.a.j.t.JMeterThread: Thread started: Thread-Gruppe 2-17
2025-02-27 15:33:13,179 INFO o.a.j.t.JMeterThread: Thread started: Thread-Gruppe 3-5
2025-02-27 15:33:13,182 INFO o.a.j.t.JMeterThread: Thread started: Thread-Gruppe 1-62
2025-02-27 15:33:13,315 INFO o.a.j.t.JMeterThread: Thread started: Thread-Gruppe 1-63
2025-02-27 15:33:13,447 INFO o.a.j.t.JMeterThread: Thread started: Thread-Gruppe 1-64
2025-02-27 15:33:13,581 INFO o.a.j.t.JMeterThread: Thread started: Thread-Gruppe 1-65
2025-02-27 15:33:13,656 INFO o.a.j.t.JMeterThread: Thread started: Thread-Gruppe 2-18
2025-02-27 15:33:13,715 INFO o.a.j.t.JMeterThread: Thread started: Thread-Gruppe 1-66
2025-02-27 15:33:13,846 INFO o.a.j.t.JMeterThread: Thread started: Thread-Gruppe 1-67
2025-02-27 15:33:13,979 INFO o.a.j.t.JMeterThread: Thread started: Thread-Gruppe 1-68
2025-02-27 15:33:14,113 INFO o.a.j.t.JMeterThread: Thread started: Thread-Gruppe 1-69
2025-02-27 15:33:14,157 INFO o.a.j.t.JMeterThread: Thread started: Thread-Gruppe 2-19
2025-02-27 15:33:14,246 INFO o.a.j.t.JMeterThread: Thread started: Thread-Gruppe 1-70
2025-02-27 15:33:14,379 INFO o.a.j.t.JMeterThread: Thread started: Thread-Gruppe 1-71
2025-02-27 15:33:14,512 INFO o.a.j.t.JMeterThread: Thread started: Thread-Gruppe 1-72
2025-02-27 15:33:14,644 INFO o.a.j.t.JMeterThread: Thread started: Thread-Gruppe 1-73
2025-02-27 15:33:14,658 INFO o.a.j.t.JMeterThread: Thread started: Thread-Gruppe 2-20
2025-02-27 15:33:14,777 INFO o.a.j.t.JMeterThread: Thread started: Thread-Gruppe 1-74
2025-02-27 15:33:14,910 INFO o.a.j.t.JMeterThread: Thread started: Thread-Gruppe 1-75
2025-02-27 15:33:30,005 INFO o.a.j.r.Summariser: summary +   1557 in 00:00:24 =   63.9/s Avg:   357 Min:   250 Max:   922 Err:     0 (0.00%) Active: 100 Started: 100 Finished: 0
2025-02-27 15:33:30,006 INFO o.a.j.r.Summariser: summary =   1558 in 00:01:26 =   18.2/s Avg:   357 Min:   250 Max:   922 Err:     0 (0.00%)
2025-02-27 15:34:00,076 INFO o.a.j.r.Summariser: summary +   2290 in 00:00:30 =   76.2/s Avg:   333 Min:   249 Max:   898 Err:     0 (0.00%) Active: 100 Started: 100 Finished: 0
2025-02-27 15:34:00,077 INFO o.a.j.r.Summariser: summary =   3848 in 00:01:56 =   33.3/s Avg:   343 Min:   249 Max:   922 Err:     0 (0.00%)
2025-02-27 15:34:30,021 INFO o.a.j.r.Summariser: summary +   2283 in 00:00:30 =   76.2/s Avg:   361 Min:   249 Max:  1099 Err:     0 (0.00%) Active: 100 Started: 100 Finished: 0
2025-02-27 15:34:30,022 INFO o.a.j.r.Summariser: summary =   6131 in 00:02:26 =   42.1/s Avg:   350 Min:   249 Max:  1099 Err:     0 (0.00%)
2025-02-27 15:35:00,049 INFO o.a.j.r.Summariser: summary +   2282 in 00:00:30 =   76.0/s Avg:   333 Min:   249 Max:   919 Err:     0 (0.00%) Active: 100 Started: 100 Finished: 0
2025-02-27 15:35:00,051 INFO o.a.j.r.Summariser: summary =   8413 in 00:02:56 =   47.9/s Avg:   345 Min:   249 Max:  1099 Err:     0 (0.00%)
2025-02-27 15:35:30,002 INFO o.a.j.r.Summariser: summary +   2282 in 00:00:30 =   76.2/s Avg:   357 Min:   249 Max:  1116 Err:     0 (0.00%) Active: 100 Started: 100 Finished: 0
2025-02-27 15:35:30,004 INFO o.a.j.r.Summariser: summary =  10695 in 00:03:26 =   52.0/s Avg:   348 Min:   249 Max:  1116 Err:     0 (0.00%)
2025-02-27 15:36:00,014 INFO o.a.j.r.Summariser: summary +   2288 in 00:00:30 =   76.2/s Avg:   323 Min:   249 Max:   888 Err:     0 (0.00%) Active: 100 Started: 100 Finished: 0
2025-02-27 15:36:00,015 INFO o.a.j.r.Summariser: summary =  12983 in 00:03:56 =   55.1/s Avg:   343 Min:   249 Max:  1116 Err:     0 (0.00%)
2025-02-27 15:36:30,006 INFO o.a.j.r.Summariser: summary +   2275 in 00:00:30 =   75.9/s Avg:   360 Min:   249 Max:  1167 Err:     0 (0.00%) Active: 100 Started: 100 Finished: 0
2025-02-27 15:36:30,009 INFO o.a.j.r.Summariser: summary =  15258 in 00:04:26 =   57.5/s Avg:   346 Min:   249 Max:  1167 Err:     0 (0.00%)
2025-02-27 15:37:00,003 INFO o.a.j.r.Summariser: summary +   2269 in 00:00:30 =   75.6/s Avg:   361 Min:   251 Max:  1043 Err:     0 (0.00%) Active: 100 Started: 100 Finished: 0
2025-02-27 15:37:00,004 INFO o.a.j.r.Summariser: summary =  17527 in 00:04:56 =   59.3/s Avg:   348 Min:   249 Max:  1167 Err:     0 (0.00%)
2025-02-27 15:37:30,056 INFO o.a.j.r.Summariser: summary +   2292 in 00:00:30 =   76.3/s Avg:   354 Min:   249 Max:  1269 Err:     0 (0.00%) Active: 100 Started: 100 Finished: 0
2025-02-27 15:37:30,058 INFO o.a.j.r.Summariser: summary =  19819 in 00:05:26 =   60.9/s Avg:   349 Min:   249 Max:  1269 Err:     0 (0.00%)
2025-02-27 15:38:00,020 INFO o.a.j.r.Summariser: summary +   2275 in 00:00:30 =   75.9/s Avg:   339 Min:   249 Max:  1514 Err:     0 (0.00%) Active: 100 Started: 100 Finished: 0
2025-02-27 15:38:00,020 INFO o.a.j.r.Summariser: summary =  22094 in 00:05:56 =   62.1/s Avg:   348 Min:   249 Max:  1514 Err:     0 (0.00%)
2025-02-27 15:38:30,003 INFO o.a.j.r.Summariser: summary +   2296 in 00:00:30 =   76.6/s Avg:   343 Min:   249 Max:  1076 Err:     0 (0.00%) Active: 100 Started: 100 Finished: 0
2025-02-27 15:38:30,006 INFO o.a.j.r.Summariser: summary =  24390 in 00:06:26 =   63.3/s Avg:   347 Min:   249 Max:  1514 Err:     0 (0.00%)
2025-02-27 15:39:00,008 INFO o.a.j.r.Summariser: summary +   2287 in 00:00:30 =   76.2/s Avg:   339 Min:   249 Max:   903 Err:     0 (0.00%) Active: 100 Started: 100 Finished: 0
2025-02-27 15:39:00,011 INFO o.a.j.r.Summariser: summary =  26677 in 00:06:56 =   64.2/s Avg:   346 Min:   249 Max:  1514 Err:     0 (0.00%)
2025-02-27 15:39:30,001 INFO o.a.j.r.Summariser: summary +   2276 in 00:00:30 =   75.9/s Avg:   361 Min:   249 Max:  1160 Err:     0 (0.00%) Active: 100 Started: 100 Finished: 0
2025-02-27 15:39:30,003 INFO o.a.j.r.Summariser: summary =  28953 in 00:07:26 =   65.0/s Avg:   348 Min:   249 Max:  1514 Err:     0 (0.00%)
2025-02-27 15:40:00,002 INFO o.a.j.r.Summariser: summary +   2249 in 00:00:30 =   75.0/s Avg:   370 Min:   249 Max:  2914 Err:     0 (0.00%) Active: 100 Started: 100 Finished: 0
2025-02-27 15:40:00,004 INFO o.a.j.r.Summariser: summary =  31202 in 00:07:56 =   65.6/s Avg:   349 Min:   249 Max:  2914 Err:     0 (0.00%)
2025-02-27 15:40:30,002 INFO o.a.j.r.Summariser: summary +   2289 in 00:00:30 =   76.3/s Avg:   351 Min:   249 Max:  1302 Err:     0 (0.00%) Active: 100 Started: 100 Finished: 0
2025-02-27 15:40:30,003 INFO o.a.j.r.Summariser: summary =  33491 in 00:08:26 =   66.2/s Avg:   349 Min:   249 Max:  2914 Err:     0 (0.00%)
2025-02-27 15:41:00,011 INFO o.a.j.r.Summariser: summary +   2273 in 00:00:30 =   75.7/s Avg:   361 Min:   250 Max:  2106 Err:     0 (0.00%) Active: 100 Started: 100 Finished: 0
2025-02-27 15:41:00,012 INFO o.a.j.r.Summariser: summary =  35764 in 00:08:56 =   66.8/s Avg:   350 Min:   249 Max:  2914 Err:     0 (0.00%)
2025-02-27 15:41:30,015 INFO o.a.j.r.Summariser: summary +   2271 in 00:00:30 =   75.7/s Avg:   359 Min:   249 Max:  1415 Err:     0 (0.00%) Active: 100 Started: 100 Finished: 0
2025-02-27 15:41:30,017 INFO o.a.j.r.Summariser: summary =  38035 in 00:09:26 =   67.3/s Avg:   351 Min:   249 Max:  2914 Err:     0 (0.00%)
2025-02-27 15:42:00,065 INFO o.a.j.r.Summariser: summary +   2277 in 00:00:30 =   75.8/s Avg:   376 Min:   250 Max:  1557 Err:     0 (0.00%) Active: 100 Started: 100 Finished: 0
2025-02-27 15:42:00,065 INFO o.a.j.r.Summariser: summary =  40312 in 00:09:56 =   67.7/s Avg:   352 Min:   249 Max:  2914 Err:     0 (0.00%)
2025-02-27 15:42:30,006 INFO o.a.j.r.Summariser: summary +   2268 in 00:00:30 =   75.7/s Avg:   359 Min:   249 Max:  1445 Err:     0 (0.00%) Active: 100 Started: 100 Finished: 0
2025-02-27 15:42:30,007 INFO o.a.j.r.Summariser: summary =  42580 in 00:10:26 =   68.1/s Avg:   352 Min:   249 Max:  2914 Err:     0 (0.00%)
2025-02-27 15:43:00,036 INFO o.a.j.r.Summariser: summary +   2279 in 00:00:30 =   75.9/s Avg:   334 Min:   248 Max:  1089 Err:     0 (0.00%) Active: 100 Started: 100 Finished: 0
2025-02-27 15:43:00,037 INFO o.a.j.r.Summariser: summary =  44859 in 00:10:56 =   68.4/s Avg:   351 Min:   248 Max:  2914 Err:     0 (0.00%)
2025-02-27 15:43:03,381 INFO o.a.j.t.JMeterThread: Thread finished: Thread-Gruppe 1-1
2025-02-27 15:43:03,439 INFO o.a.j.t.JMeterThread: Thread finished: Thread-Gruppe 1-62
2025-02-27 15:43:03,444 INFO o.a.j.t.JMeterThread: Thread finished: Thread-Gruppe 1-47
2025-02-27 15:43:03,452 INFO o.a.j.t.JMeterThread: Thread finished: Thread-Gruppe 1-17
2025-02-27 15:43:03,454 INFO o.a.j.t.JMeterThread: Thread finished: Thread-Gruppe 1-2
2025-02-27 15:43:03,573 INFO o.a.j.t.JMeterThread: Thread finished: Thread-Gruppe 1-63
2025-02-27 15:43:03,574 INFO o.a.j.t.JMeterThread: Thread finished: Thread-Gruppe 1-48
2025-02-27 15:43:03,589 INFO o.a.j.t.JMeterThread: Thread finished: Thread-Gruppe 1-18
2025-02-27 15:43:03,591 INFO o.a.j.t.JMeterThread: Thread finished: Thread-Gruppe 1-3
2025-02-27 15:43:03,663 INFO o.a.j.t.JMeterThread: Thread finished: Thread-Gruppe 1-57
2025-02-27 15:43:03,698 INFO o.a.j.t.JMeterThread: Thread finished: Thread-Gruppe 1-64
2025-02-27 15:43:03,705 INFO o.a.j.t.JMeterThread: Thread finished: Thread-Gruppe 1-49
2025-02-27 15:43:03,714 INFO o.a.j.t.JMeterThread: Thread finished: Thread-Gruppe 1-19
2025-02-27 15:43:03,746 INFO o.a.j.t.JMeterThread: Thread finished: Thread-Gruppe 1-4
2025-02-27 15:43:03,835 INFO o.a.j.t.JMeterThread: Thread finished: Thread-Gruppe 1-65
2025-02-27 15:43:03,838 INFO o.a.j.t.JMeterThread: Thread finished: Thread-Gruppe 1-50
2025-02-27 15:43:03,849 INFO o.a.j.t.JMeterThread: Thread finished: Thread-Gruppe 1-20
2025-02-27 15:43:03,859 INFO o.a.j.t.JMeterThread: Thread finished: Thread-Gruppe 1-5
2025-02-27 15:43:03,948 INFO o.a.j.t.JMeterThread: Thread finished: Thread-Gruppe 1-32
2025-02-27 15:43:03,971 INFO o.a.j.t.JMeterThread: Thread finished: Thread-Gruppe 1-66
2025-02-27 15:43:03,979 INFO o.a.j.t.JMeterThread: Thread finished: Thread-Gruppe 1-51
2025-02-27 15:43:03,984 INFO o.a.j.t.JMeterThread: Thread finished: Thread-Gruppe 1-21
2025-02-27 15:43:03,988 INFO o.a.j.t.JMeterThread: Thread finished: Thread-Gruppe 1-6
2025-02-27 15:43:04,092 INFO o.a.j.t.JMeterThread: Thread finished: Thread-Gruppe 1-33
2025-02-27 15:43:04,101 INFO o.a.j.t.JMeterThread: Thread finished: Thread-Gruppe 1-67
2025-02-27 15:43:04,103 INFO o.a.j.t.JMeterThread: Thread finished: Thread-Gruppe 1-52
2025-02-27 15:43:04,115 INFO o.a.j.t.JMeterThread: Thread finished: Thread-Gruppe 1-22
2025-02-27 15:43:04,120 INFO o.a.j.t.JMeterThread: Thread finished: Thread-Gruppe 1-7
2025-02-27 15:43:04,214 INFO o.a.j.t.JMeterThread: Thread finished: Thread-Gruppe 1-34
2025-02-27 15:43:04,232 INFO o.a.j.t.JMeterThread: Thread finished: Thread-Gruppe 1-68
2025-02-27 15:43:04,240 INFO o.a.j.t.JMeterThread: Thread finished: Thread-Gruppe 1-53
2025-02-27 15:43:04,263 INFO o.a.j.t.JMeterThread: Thread finished: Thread-Gruppe 1-8
2025-02-27 15:43:04,355 INFO o.a.j.t.JMeterThread: Thread finished: Thread-Gruppe 1-35
2025-02-27 15:43:04,356 INFO o.a.j.t.JMeterThread: Thread finished: Thread-Gruppe 1-23
2025-02-27 15:43:04,386 INFO o.a.j.t.JMeterThread: Thread finished: Thread-Gruppe 1-69
2025-02-27 15:43:04,399 INFO o.a.j.t.JMeterThread: Thread finished: Thread-Gruppe 1-54
2025-02-27 15:43:04,413 INFO o.a.j.t.JMeterThread: Thread finished: Thread-Gruppe 1-24
2025-02-27 15:43:04,415 INFO o.a.j.t.JMeterThread: Thread finished: Thread-Gruppe 1-9
2025-02-27 15:43:04,498 INFO o.a.j.t.JMeterThread: Thread finished: Thread-Gruppe 1-36
2025-02-27 15:43:04,508 INFO o.a.j.t.JMeterThread: Thread finished: Thread-Gruppe 1-70
2025-02-27 15:43:04,515 INFO o.a.j.t.JMeterThread: Thread finished: Thread-Gruppe 1-55
2025-02-27 15:43:04,517 INFO o.a.j.t.JMeterThread: Thread finished: Thread-Gruppe 1-25
2025-02-27 15:43:04,523 INFO o.a.j.t.JMeterThread: Thread finished: Thread-Gruppe 1-10
2025-02-27 15:43:04,625 INFO o.a.j.t.JMeterThread: Thread finished: Thread-Gruppe 1-37
2025-02-27 15:43:04,634 INFO o.a.j.t.JMeterThread: Thread finished: Thread-Gruppe 1-71
2025-02-27 15:43:04,636 INFO o.a.j.t.JMeterThread: Thread finished: Thread-Gruppe 1-56
2025-02-27 15:43:04,649 INFO o.a.j.t.JMeterThread: Thread finished: Thread-Gruppe 1-26
2025-02-27 15:43:04,650 INFO o.a.j.t.JMeterThread: Thread finished: Thread-Gruppe 1-11
2025-02-27 15:43:04,758 INFO o.a.j.t.JMeterThread: Thread finished: Thread-Gruppe 2-13
2025-02-27 15:43:04,758 INFO o.a.j.t.JMeterThread: Thread finished: Thread-Gruppe 1-38
2025-02-27 15:43:04,769 INFO o.a.j.t.JMeterThread: Thread finished: Thread-Gruppe 1-72
2025-02-27 15:43:04,779 INFO o.a.j.t.JMeterThread: Thread finished: Thread-Gruppe 1-27
2025-02-27 15:43:04,787 INFO o.a.j.t.JMeterThread: Thread finished: Thread-Gruppe 1-12
2025-02-27 15:43:04,800 INFO o.a.j.t.JMeterThread: Thread finished: Thread-Gruppe 2-9
2025-02-27 15:43:04,800 INFO o.a.j.t.JMeterThread: Thread finished: Thread-Gruppe 2-10
2025-02-27 15:43:04,806 INFO o.a.j.t.JMeterThread: Thread finished: Thread-Gruppe 2-6
2025-02-27 15:43:04,873 INFO o.a.j.t.JMeterThread: Thread finished: Thread-Gruppe 2-7
2025-02-27 15:43:04,903 INFO o.a.j.t.JMeterThread: Thread finished: Thread-Gruppe 2-14
2025-02-27 15:43:04,904 INFO o.a.j.t.JMeterThread: Thread finished: Thread-Gruppe 1-73
2025-02-27 15:43:04,905 INFO o.a.j.t.JMeterThread: Thread finished: Thread-Gruppe 1-58
2025-02-27 15:43:04,920 INFO o.a.j.t.JMeterThread: Thread finished: Thread-Gruppe 1-28
2025-02-27 15:43:04,920 INFO o.a.j.t.JMeterThread: Thread finished: Thread-Gruppe 1-39
2025-02-27 15:43:04,922 INFO o.a.j.t.JMeterThread: Thread finished: Thread-Gruppe 1-13
2025-02-27 15:43:04,958 INFO o.a.j.t.JMeterThread: Thread finished: Thread-Gruppe 2-4
2025-02-27 15:43:05,019 INFO o.a.j.t.JMeterThread: Thread finished: Thread-Gruppe 1-40
2025-02-27 15:43:05,029 INFO o.a.j.t.JMeterThread: Thread finished: Thread-Gruppe 1-74
2025-02-27 15:43:05,034 INFO o.a.j.t.JMeterThread: Thread finished: Thread-Gruppe 1-59
2025-02-27 15:43:05,047 INFO o.a.j.t.JMeterThread: Thread finished: Thread-Gruppe 1-29
2025-02-27 15:43:05,053 INFO o.a.j.t.JMeterThread: Thread finished: Thread-Gruppe 1-14
2025-02-27 15:43:05,081 INFO o.a.j.t.JMeterThread: Thread finished: Thread-Gruppe 3-5
2025-02-27 15:43:05,118 INFO o.a.j.t.JMeterThread: Thread finished: Thread-Gruppe 2-2
2025-02-27 15:43:05,133 INFO o.a.j.t.JMeterThread: Thread finished: Thread-Gruppe 3-1
2025-02-27 15:43:05,144 INFO o.a.j.t.JMeterThread: Thread finished: Thread-Gruppe 2-8
2025-02-27 15:43:05,156 INFO o.a.j.t.JMeterThread: Stopping because end time detected by thread: Thread-Gruppe 1-41
2025-02-27 15:43:05,157 INFO o.a.j.t.JMeterThread: Thread finished: Thread-Gruppe 1-41
2025-02-27 15:43:05,161 INFO o.a.j.t.JMeterThread: Stopping because end time detected by thread: Thread-Gruppe 2-1
2025-02-27 15:43:05,161 INFO o.a.j.t.JMeterThread: Thread finished: Thread-Gruppe 2-1
2025-02-27 15:43:05,173 INFO o.a.j.t.JMeterThread: Stopping because end time detected by thread: Thread-Gruppe 1-75
2025-02-27 15:43:05,173 INFO o.a.j.t.JMeterThread: Thread finished: Thread-Gruppe 1-75
2025-02-27 15:43:05,173 INFO o.a.j.t.JMeterThread: Stopping because end time detected by thread: Thread-Gruppe 1-60
2025-02-27 15:43:05,173 INFO o.a.j.t.JMeterThread: Thread finished: Thread-Gruppe 1-60
2025-02-27 15:43:05,173 INFO o.a.j.t.JMeterThread: Stopping because end time detected by thread: Thread-Gruppe 2-15
2025-02-27 15:43:05,173 INFO o.a.j.t.JMeterThread: Thread finished: Thread-Gruppe 2-15
2025-02-27 15:43:05,188 INFO o.a.j.t.JMeterThread: Stopping because end time detected by thread: Thread-Gruppe 1-30
2025-02-27 15:43:05,189 INFO o.a.j.t.JMeterThread: Thread finished: Thread-Gruppe 1-30
2025-02-27 15:43:05,190 INFO o.a.j.t.JMeterThread: Stopping because end time detected by thread: Thread-Gruppe 1-15
2025-02-27 15:43:05,190 INFO o.a.j.t.JMeterThread: Thread finished: Thread-Gruppe 1-15
2025-02-27 15:43:05,191 INFO o.a.j.t.JMeterThread: Stopping because end time detected by thread: Thread-Gruppe 2-5
2025-02-27 15:43:05,191 INFO o.a.j.t.JMeterThread: Thread finished: Thread-Gruppe 2-5
2025-02-27 15:43:05,206 INFO o.a.j.t.JMeterThread: Stopping because end time detected by thread: Thread-Gruppe 2-3
2025-02-27 15:43:05,206 INFO o.a.j.t.JMeterThread: Thread finished: Thread-Gruppe 2-3
2025-02-27 15:43:05,221 INFO o.a.j.t.JMeterThread: Stopping because end time detected by thread: Thread-Gruppe 2-18
2025-02-27 15:43:05,221 INFO o.a.j.t.JMeterThread: Thread finished: Thread-Gruppe 2-18
2025-02-27 15:43:05,236 INFO o.a.j.t.JMeterThread: Stopping because end time detected by thread: Thread-Gruppe 2-11
2025-02-27 15:43:05,236 INFO o.a.j.t.JMeterThread: Thread finished: Thread-Gruppe 2-11
2025-02-27 15:43:05,266 INFO o.a.j.t.JMeterThread: Stopping because end time detected by thread: Thread-Gruppe 3-4
2025-02-27 15:43:05,266 INFO o.a.j.t.JMeterThread: Thread finished: Thread-Gruppe 3-4
2025-02-27 15:43:05,266 INFO o.a.j.t.JMeterThread: Stopping because end time detected by thread: Thread-Gruppe 1-42
2025-02-27 15:43:05,266 INFO o.a.j.t.JMeterThread: Thread finished: Thread-Gruppe 1-42
2025-02-27 15:43:05,311 INFO o.a.j.t.JMeterThread: Stopping because end time detected by thread: Thread-Gruppe 2-12
2025-02-27 15:43:05,311 INFO o.a.j.t.JMeterThread: Thread finished: Thread-Gruppe 2-12
2025-02-27 15:43:05,311 INFO o.a.j.t.JMeterThread: Stopping because end time detected by thread: Thread-Gruppe 1-61
2025-02-27 15:43:05,311 INFO o.a.j.t.JMeterThread: Thread finished: Thread-Gruppe 1-61
2025-02-27 15:43:05,311 INFO o.a.j.t.JMeterThread: Stopping because end time detected by thread: Thread-Gruppe 1-31
2025-02-27 15:43:05,311 INFO o.a.j.t.JMeterThread: Thread finished: Thread-Gruppe 1-31
2025-02-27 15:43:05,311 INFO o.a.j.t.JMeterThread: Stopping because end time detected by thread: Thread-Gruppe 3-2
2025-02-27 15:43:05,311 INFO o.a.j.t.JMeterThread: Thread finished: Thread-Gruppe 3-2
2025-02-27 15:43:05,311 INFO o.a.j.t.JMeterThread: Stopping because end time detected by thread: Thread-Gruppe 1-16
2025-02-27 15:43:05,311 INFO o.a.j.t.JMeterThread: Thread finished: Thread-Gruppe 1-16
2025-02-27 15:43:05,311 INFO o.a.j.t.JMeterThread: Stopping because end time detected by thread: Thread-Gruppe 2-19
2025-02-27 15:43:05,311 INFO o.a.j.t.JMeterThread: Thread finished: Thread-Gruppe 2-19
2025-02-27 15:43:05,326 INFO o.a.j.t.JMeterThread: Stopping because end time detected by thread: Thread-Gruppe 2-17
2025-02-27 15:43:05,326 INFO o.a.j.t.JMeterThread: Thread finished: Thread-Gruppe 2-17
2025-02-27 15:43:05,417 INFO o.a.j.t.JMeterThread: Stopping because end time detected by thread: Thread-Gruppe 2-20
2025-02-27 15:43:05,417 INFO o.a.j.t.JMeterThread: Thread finished: Thread-Gruppe 2-20
2025-02-27 15:43:05,432 INFO o.a.j.t.JMeterThread: Stopping because end time detected by thread: Thread-Gruppe 1-43
2025-02-27 15:43:05,432 INFO o.a.j.t.JMeterThread: Thread finished: Thread-Gruppe 1-43
2025-02-27 15:43:05,432 INFO o.a.j.t.JMeterThread: Stopping because end time detected by thread: Thread-Gruppe 3-3
2025-02-27 15:43:05,432 INFO o.a.j.t.JMeterThread: Thread finished: Thread-Gruppe 3-3
2025-02-27 15:43:05,447 INFO o.a.j.t.JMeterThread: Stopping because end time detected by thread: Thread-Gruppe 2-16
2025-02-27 15:43:05,447 INFO o.a.j.t.JMeterThread: Thread finished: Thread-Gruppe 2-16
2025-02-27 15:43:05,552 INFO o.a.j.t.JMeterThread: Stopping because end time detected by thread: Thread-Gruppe 1-44
2025-02-27 15:43:05,552 INFO o.a.j.t.JMeterThread: Thread finished: Thread-Gruppe 1-44
2025-02-27 15:43:05,701 INFO o.a.j.t.JMeterThread: Stopping because end time detected by thread: Thread-Gruppe 1-45
2025-02-27 15:43:05,701 INFO o.a.j.t.JMeterThread: Thread finished: Thread-Gruppe 1-45
2025-02-27 15:43:05,829 INFO o.a.j.t.JMeterThread: Stopping because end time detected by thread: Thread-Gruppe 1-46
2025-02-27 15:43:05,829 INFO o.a.j.t.JMeterThread: Thread finished: Thread-Gruppe 1-46
2025-02-27 15:43:05,829 INFO o.a.j.e.StandardJMeterEngine: Notifying test listeners of end of test
2025-02-27 15:43:05,829 INFO o.a.j.r.Summariser: summary +    421 in 00:00:06 =   72.7/s Avg:   350 Min:   249 Max:   857 Err:     0 (0.00%) Active: 0 Started: 100 Finished: 100
2025-02-27 15:43:05,829 INFO o.a.j.r.Summariser: summary =  45280 in 00:11:01 =   68.5/s Avg:   351 Min:   248 Max:  2914 Err:     0 (0.00%)
