2025-03-01 21:03:46,212 INFO o.a.j.u.JMeterUtils: Setting Locale to en_EN
2025-03-01 21:03:46,237 INFO o.a.j.JMeter: Loading user properties from: C:\Users\ASUS\Desktop\apache-jmeter-5.6.3\apache-jmeter-5.6.3\bin\user.properties
2025-03-01 21:03:46,237 INFO o.a.j.JMeter: Loading system properties from: C:\Users\ASUS\Desktop\apache-jmeter-5.6.3\apache-jmeter-5.6.3\bin\system.properties
2025-03-01 21:03:46,237 INFO o.a.j.JMeter: Setting JMeter property: lb_1_hostname=104.155.182.254
2025-03-01 21:03:46,237 INFO o.a.j.JMeter: Setting JMeter property: lb_2_hostname=35.246.73.6
2025-03-01 21:03:46,237 INFO o.a.j.JMeter: Setting JMeter property: lb_1_port=8090
2025-03-01 21:03:46,237 INFO o.a.j.JMeter: Setting JMeter property: lb_2_port=8091
2025-03-01 21:03:46,237 INFO o.a.j.JMeter: Setting JMeter property: warm_up_users=20
2025-03-01 21:03:46,237 INFO o.a.j.JMeter: Setting JMeter property: warm_up_time=60
2025-03-01 21:03:46,237 INFO o.a.j.JMeter: Setting JMeter property: test_run_time=600
2025-03-01 21:03:46,237 INFO o.a.j.JMeter: Setting JMeter property: ramp_up=10
2025-03-01 21:03:46,237 INFO o.a.j.JMeter: Setting JMeter property: group_1=75
2025-03-01 21:03:46,237 INFO o.a.j.JMeter: Setting JMeter property: group_2=20
2025-03-01 21:03:46,237 INFO o.a.j.JMeter: Setting JMeter property: group_3=5
2025-03-01 21:03:46,237 INFO o.a.j.JMeter: Setting JMeter property: group_1_request_rate=30
2025-03-01 21:03:46,237 INFO o.a.j.JMeter: Setting JMeter property: group_2_request_rate=90
2025-03-01 21:03:46,237 INFO o.a.j.JMeter: Setting JMeter property: group_3_request_rate=120
2025-03-01 21:03:46,237 INFO o.a.j.JMeter: Setting JMeter property: log_file=c:\\Users\\ASUS\\Desktop\\Repos\\rate-limiter-nginx\\jmeter\\cloud\\2025_03_01_18_17_logs\\token_bucket\\mysql_script_bucket_capacity_5_refill_rate_1.67\\warm_up_results.csv
2025-03-01 21:03:46,237 INFO o.a.j.JMeter: Setting JMeter property: algorithm=token_bucket_mysql_script_bucket_capacity_5_refill_rate_1.67
2025-03-01 21:03:46,237 INFO o.a.j.JMeter: Setting JMeter property: auth=/token_bucket/mysql_script_bucket_capacity_5_refill_rate_1.67/tools.descartes.teastore.auth/rest
2025-03-01 21:03:46,237 INFO o.a.j.JMeter: Setting JMeter property: persistence=/token_bucket/mysql_script_bucket_capacity_5_refill_rate_1.67/tools.descartes.teastore.persistence/rest
2025-03-01 21:03:46,237 INFO o.a.j.JMeter: Setting JMeter property: recommender=/token_bucket/mysql_script_bucket_capacity_5_refill_rate_1.67/tools.descartes.teastore.recommender/rest
2025-03-01 21:03:46,237 INFO o.a.j.JMeter: Setting JMeter property: image=/token_bucket/mysql_script_bucket_capacity_5_refill_rate_1.67/tools.descartes.teastore.image/rest
2025-03-01 21:03:46,254 INFO o.a.j.JMeter: Copyright (c) 1998-2024 The Apache Software Foundation
2025-03-01 21:03:46,254 INFO o.a.j.JMeter: Version 5.6.3
2025-03-01 21:03:46,254 INFO o.a.j.JMeter: java.version=17.0.9
2025-03-01 21:03:46,254 INFO o.a.j.JMeter: java.vm.name=Java HotSpot(TM) 64-Bit Server VM
2025-03-01 21:03:46,254 INFO o.a.j.JMeter: os.name=Windows 11
2025-03-01 21:03:46,254 INFO o.a.j.JMeter: os.arch=amd64
2025-03-01 21:03:46,254 INFO o.a.j.JMeter: os.version=10.0
2025-03-01 21:03:46,254 INFO o.a.j.JMeter: file.encoding=Cp1252
2025-03-01 21:03:46,254 INFO o.a.j.JMeter: java.awt.headless=true
2025-03-01 21:03:46,254 INFO o.a.j.JMeter: Max memory     =1073741824
2025-03-01 21:03:46,254 INFO o.a.j.JMeter: Available Processors =12
2025-03-01 21:03:46,274 INFO o.a.j.JMeter: Default Locale=English (EN)
2025-03-01 21:03:46,274 INFO o.a.j.JMeter: JMeter  Locale=English (EN)
2025-03-01 21:03:46,274 INFO o.a.j.JMeter: JMeterHome=C:\Users\ASUS\Desktop\apache-jmeter-5.6.3\apache-jmeter-5.6.3
2025-03-01 21:03:46,274 INFO o.a.j.JMeter: user.dir  =C:\Users\ASUS\Desktop\Repos\rate-limiter-nginx
2025-03-01 21:03:46,274 INFO o.a.j.JMeter: PWD       =C:\Users\ASUS\Desktop\Repos\rate-limiter-nginx
2025-03-01 21:03:46,280 INFO o.a.j.JMeter: IP: 192.168.1.45 Name: THIVA FullName: THIVA
2025-03-01 21:03:46,304 INFO o.a.j.s.FileServer: Default base='C:\Users\ASUS\Desktop\Repos\rate-limiter-nginx'
2025-03-01 21:03:46,304 INFO o.a.j.s.FileServer: Set new base='c:\Users\ASUS\Desktop\Repos\rate-limiter-nginx\jmeter\cloud'
2025-03-01 21:03:46,537 INFO o.a.j.s.SaveService: Testplan (JMX) version: 2.2. Testlog (JTL) version: 2.2
2025-03-01 21:03:46,574 INFO o.a.j.s.SaveService: Using SaveService properties version 5.0
2025-03-01 21:03:46,579 INFO o.a.j.s.SaveService: Using SaveService properties file encoding UTF-8
2025-03-01 21:03:46,584 INFO o.a.j.s.SaveService: Loading file: c:\Users\ASUS\Desktop\Repos\rate-limiter-nginx\jmeter\cloud\teastore_performance.jmx
2025-03-01 21:03:46,643 INFO o.a.j.p.h.c.CookieManager: Settings: Delete null: true Check: true Allow variable: true Save: false Prefix: COOKIE_
2025-03-01 21:03:46,674 INFO o.a.j.p.h.s.HTTPSamplerBase: Parser for text/html is org.apache.jmeter.protocol.http.parser.LagartoBasedHtmlParser
2025-03-01 21:03:46,675 INFO o.a.j.p.h.s.HTTPSamplerBase: Parser for application/xhtml+xml is org.apache.jmeter.protocol.http.parser.LagartoBasedHtmlParser
2025-03-01 21:03:46,675 INFO o.a.j.p.h.s.HTTPSamplerBase: Parser for application/xml is org.apache.jmeter.protocol.http.parser.LagartoBasedHtmlParser
2025-03-01 21:03:46,675 INFO o.a.j.p.h.s.HTTPSamplerBase: Parser for text/xml is org.apache.jmeter.protocol.http.parser.LagartoBasedHtmlParser
2025-03-01 21:03:46,675 INFO o.a.j.p.h.s.HTTPSamplerBase: Parser for text/vnd.wap.wml is org.apache.jmeter.protocol.http.parser.RegexpHTMLParser
2025-03-01 21:03:46,675 INFO o.a.j.p.h.s.HTTPSamplerBase: Parser for text/css is org.apache.jmeter.protocol.http.parser.CssParser
2025-03-01 21:03:46,808 INFO o.a.j.s.SampleResult: Note: Sample TimeStamps are START times
2025-03-01 21:03:46,808 INFO o.a.j.s.SampleResult: sampleresult.default.encoding is set to UTF-8
2025-03-01 21:03:46,808 INFO o.a.j.s.SampleResult: sampleresult.useNanoTime=true
2025-03-01 21:03:46,808 INFO o.a.j.s.SampleResult: sampleresult.nanoThreadSleep=5000
2025-03-01 21:03:46,840 INFO o.a.j.JMeter: Creating summariser <summary>
2025-03-01 21:03:46,868 INFO o.a.j.e.StandardJMeterEngine: Running the test!
2025-03-01 21:03:46,869 INFO o.a.j.s.SampleEvent: List of sample_variables: []
2025-03-01 21:03:46,870 INFO o.a.j.s.SampleEvent: List of sample_variables: []
2025-03-01 21:03:46,873 INFO o.a.j.e.u.CompoundVariable: Note: Function class names must contain the string: '.functions.'
2025-03-01 21:03:46,873 INFO o.a.j.e.u.CompoundVariable: Note: Function class names must not contain the string: '.gui.'
2025-03-01 21:03:46,961 INFO o.a.j.r.ClassFinder: Will scan jar C:\Users\ASUS\Desktop\apache-jmeter-5.6.3\apache-jmeter-5.6.3\lib\ext\jmeter-plugins-casutg-2.10.jar with filter ExtendsClassFilter [parents=[interface org.apache.jmeter.functions.Function], inner=false, contains=null, notContains=null]. Consider exposing JMeter plugins via META-INF/services, and add JMeter-Skip-Class-Scanning=true manifest attribute so JMeter can skip classfile scanning
2025-03-01 21:03:46,972 INFO o.a.j.r.ClassFinder: Will scan jar C:\Users\ASUS\Desktop\apache-jmeter-5.6.3\apache-jmeter-5.6.3\lib\ext\jmeter-plugins-graphs-vs-2.0.jar with filter ExtendsClassFilter [parents=[interface org.apache.jmeter.functions.Function], inner=false, contains=null, notContains=null]. Consider exposing JMeter plugins via META-INF/services, and add JMeter-Skip-Class-Scanning=true manifest attribute so JMeter can skip classfile scanning
2025-03-01 21:03:46,974 INFO o.a.j.r.ClassFinder: Will scan jar C:\Users\ASUS\Desktop\apache-jmeter-5.6.3\apache-jmeter-5.6.3\lib\ext\jmeter-plugins-manager-1.9.jar with filter ExtendsClassFilter [parents=[interface org.apache.jmeter.functions.Function], inner=false, contains=null, notContains=null]. Consider exposing JMeter plugins via META-INF/services, and add JMeter-Skip-Class-Scanning=true manifest attribute so JMeter can skip classfile scanning
2025-03-01 21:03:47,051 INFO o.a.j.r.ClassFinder: Will scan jar C:\Users\ASUS\Desktop\apache-jmeter-5.6.3\apache-jmeter-5.6.3\lib\ext\jmeter-plugins-graphs-basic-2.0.jar with filter ExtendsClassFilter [parents=[interface org.apache.jmeter.functions.Function], inner=false, contains=null, notContains=null]. Consider exposing JMeter plugins via META-INF/services, and add JMeter-Skip-Class-Scanning=true manifest attribute so JMeter can skip classfile scanning
2025-03-01 21:03:47,057 INFO o.a.j.r.ClassFinder: Will scan jar C:\Users\ASUS\Desktop\apache-jmeter-5.6.3\apache-jmeter-5.6.3\lib\ext\jmeter-plugins-manager-0.20.jar with filter ExtendsClassFilter [parents=[interface org.apache.jmeter.functions.Function], inner=false, contains=null, notContains=null]. Consider exposing JMeter plugins via META-INF/services, and add JMeter-Skip-Class-Scanning=true manifest attribute so JMeter can skip classfile scanning
2025-03-01 21:03:47,057 INFO o.a.j.r.ClassFinder: Will scan jar C:\Users\ASUS\Desktop\apache-jmeter-5.6.3\apache-jmeter-5.6.3\lib\ext\jmeter-plugins-tst-2.6.jar with filter ExtendsClassFilter [parents=[interface org.apache.jmeter.functions.Function], inner=false, contains=null, notContains=null]. Consider exposing JMeter plugins via META-INF/services, and add JMeter-Skip-Class-Scanning=true manifest attribute so JMeter can skip classfile scanning
2025-03-01 21:03:47,065 INFO o.a.j.r.ClassFinder: Will scan jar C:\Users\ASUS\Desktop\apache-jmeter-5.6.3\apache-jmeter-5.6.3\lib\ext\jmeter-parallel-0.12.jar with filter ExtendsClassFilter [parents=[interface org.apache.jmeter.functions.Function], inner=false, contains=null, notContains=null]. Consider exposing JMeter plugins via META-INF/services, and add JMeter-Skip-Class-Scanning=true manifest attribute so JMeter can skip classfile scanning
2025-03-01 21:03:47,320 INFO o.a.j.JMeter: Running test (1740843227320)
2025-03-01 21:03:47,320 INFO o.a.j.e.StandardJMeterEngine: Starting setUp thread groups
2025-03-01 21:03:47,320 INFO o.a.j.e.StandardJMeterEngine: Starting setUp ThreadGroup: 1 : setUp Thread Group 
2025-03-01 21:03:47,320 INFO o.a.j.e.StandardJMeterEngine: Starting 20 threads for group setUp Thread Group.
2025-03-01 21:03:47,320 INFO o.a.j.e.StandardJMeterEngine: Thread will continue on error
2025-03-01 21:03:47,320 INFO o.a.j.t.ThreadGroup: Starting thread group... number=1 threads=20 ramp-up=10 delayedStart=false
2025-03-01 21:03:47,348 INFO o.a.j.t.JMeterThread: Thread started: setUp Thread Group 1-1
2025-03-01 21:03:47,371 INFO o.a.j.t.ThreadGroup: Started thread group number 1
2025-03-01 21:03:47,371 INFO o.a.j.e.StandardJMeterEngine: Waiting for all setup thread groups to exit
2025-03-01 21:03:47,836 INFO o.a.j.t.JMeterThread: Thread started: setUp Thread Group 1-2
2025-03-01 21:03:48,168 INFO o.a.j.p.h.s.HTTPHCAbstractImpl: Local host = THIVA
2025-03-01 21:03:48,173 INFO o.a.j.p.h.s.HTTPHC4Impl: HTTP request retry count = 0
2025-03-01 21:03:48,332 INFO o.a.j.t.JMeterThread: Thread started: setUp Thread Group 1-3
2025-03-01 21:03:48,830 INFO o.a.j.t.JMeterThread: Thread started: setUp Thread Group 1-4
2025-03-01 21:03:49,329 INFO o.a.j.t.JMeterThread: Thread started: setUp Thread Group 1-5
2025-03-01 21:03:49,829 INFO o.a.j.t.JMeterThread: Thread started: setUp Thread Group 1-6
2025-03-01 21:03:50,323 INFO o.a.j.t.JMeterThread: Thread started: setUp Thread Group 1-7
2025-03-01 21:03:50,827 INFO o.a.j.t.JMeterThread: Thread started: setUp Thread Group 1-8
2025-03-01 21:03:51,323 INFO o.a.j.t.JMeterThread: Thread started: setUp Thread Group 1-9
2025-03-01 21:03:51,824 INFO o.a.j.t.JMeterThread: Thread started: setUp Thread Group 1-10
2025-03-01 21:03:52,325 INFO o.a.j.t.JMeterThread: Thread started: setUp Thread Group 1-11
2025-03-01 21:03:52,825 INFO o.a.j.t.JMeterThread: Thread started: setUp Thread Group 1-12
2025-03-01 21:03:53,325 INFO o.a.j.t.JMeterThread: Thread started: setUp Thread Group 1-13
2025-03-01 21:03:53,825 INFO o.a.j.t.JMeterThread: Thread started: setUp Thread Group 1-14
2025-03-01 21:03:54,323 INFO o.a.j.t.JMeterThread: Thread started: setUp Thread Group 1-15
2025-03-01 21:03:54,824 INFO o.a.j.t.JMeterThread: Thread started: setUp Thread Group 1-16
2025-03-01 21:03:55,326 INFO o.a.j.t.JMeterThread: Thread started: setUp Thread Group 1-17
2025-03-01 21:03:55,825 INFO o.a.j.t.JMeterThread: Thread started: setUp Thread Group 1-18
2025-03-01 21:03:56,326 INFO o.a.j.t.JMeterThread: Thread started: setUp Thread Group 1-19
2025-03-01 21:03:56,826 INFO o.a.j.t.JMeterThread: Thread started: setUp Thread Group 1-20
2025-03-01 21:04:47,126 INFO o.a.j.t.JMeterThread: Thread finished: setUp Thread Group 1-5
2025-03-01 21:04:47,206 INFO o.a.j.t.JMeterThread: Thread finished: setUp Thread Group 1-11
2025-03-01 21:04:47,265 INFO o.a.j.t.JMeterThread: Thread finished: setUp Thread Group 1-7
2025-03-01 21:04:47,266 INFO o.a.j.t.JMeterThread: Thread finished: setUp Thread Group 1-20
2025-03-01 21:04:47,376 INFO o.a.j.t.JMeterThread: Stopping because end time detected by thread: setUp Thread Group 1-10
2025-03-01 21:04:47,376 INFO o.a.j.t.JMeterThread: Thread finished: setUp Thread Group 1-10
2025-03-01 21:04:47,376 INFO o.a.j.t.JMeterThread: Stopping because end time detected by thread: setUp Thread Group 1-6
2025-03-01 21:04:47,376 INFO o.a.j.t.JMeterThread: Thread finished: setUp Thread Group 1-6
2025-03-01 21:04:47,392 INFO o.a.j.t.JMeterThread: Stopping because end time detected by thread: setUp Thread Group 1-2
2025-03-01 21:04:47,392 INFO o.a.j.t.JMeterThread: Thread finished: setUp Thread Group 1-2
2025-03-01 21:04:47,440 INFO o.a.j.t.JMeterThread: Stopping because end time detected by thread: setUp Thread Group 1-17
2025-03-01 21:04:47,440 INFO o.a.j.t.JMeterThread: Thread finished: setUp Thread Group 1-17
2025-03-01 21:04:47,456 INFO o.a.j.t.JMeterThread: Stopping because end time detected by thread: setUp Thread Group 1-12
2025-03-01 21:04:47,456 INFO o.a.j.t.JMeterThread: Stopping because end time detected by thread: setUp Thread Group 1-19
2025-03-01 21:04:47,456 INFO o.a.j.t.JMeterThread: Thread finished: setUp Thread Group 1-12
2025-03-01 21:04:47,456 INFO o.a.j.t.JMeterThread: Thread finished: setUp Thread Group 1-19
2025-03-01 21:04:47,487 INFO o.a.j.t.JMeterThread: Stopping because end time detected by thread: setUp Thread Group 1-16
2025-03-01 21:04:47,487 INFO o.a.j.t.JMeterThread: Thread finished: setUp Thread Group 1-16
2025-03-01 21:04:47,487 INFO o.a.j.t.JMeterThread: Stopping because end time detected by thread: setUp Thread Group 1-8
2025-03-01 21:04:47,487 INFO o.a.j.t.JMeterThread: Thread finished: setUp Thread Group 1-8
2025-03-01 21:04:47,503 INFO o.a.j.t.JMeterThread: Stopping because end time detected by thread: setUp Thread Group 1-18
2025-03-01 21:04:47,503 INFO o.a.j.t.JMeterThread: Thread finished: setUp Thread Group 1-18
2025-03-01 21:04:47,534 INFO o.a.j.t.JMeterThread: Stopping because end time detected by thread: setUp Thread Group 1-14
2025-03-01 21:04:47,534 INFO o.a.j.t.JMeterThread: Thread finished: setUp Thread Group 1-14
2025-03-01 21:04:47,645 INFO o.a.j.t.JMeterThread: Stopping because end time detected by thread: setUp Thread Group 1-1
2025-03-01 21:04:47,653 INFO o.a.j.t.JMeterThread: Thread finished: setUp Thread Group 1-1
2025-03-01 21:04:47,680 INFO o.a.j.t.JMeterThread: Stopping because end time detected by thread: setUp Thread Group 1-4
2025-03-01 21:04:47,680 INFO o.a.j.t.JMeterThread: Thread finished: setUp Thread Group 1-4
2025-03-01 21:04:47,757 INFO o.a.j.t.JMeterThread: Stopping because end time detected by thread: setUp Thread Group 1-9
2025-03-01 21:04:47,757 INFO o.a.j.t.JMeterThread: Thread finished: setUp Thread Group 1-9
2025-03-01 21:04:47,789 INFO o.a.j.t.JMeterThread: Stopping because end time detected by thread: setUp Thread Group 1-3
2025-03-01 21:04:47,789 INFO o.a.j.t.JMeterThread: Thread finished: setUp Thread Group 1-3
2025-03-01 21:04:47,822 INFO o.a.j.t.JMeterThread: Stopping because end time detected by thread: setUp Thread Group 1-15
2025-03-01 21:04:47,822 INFO o.a.j.t.JMeterThread: Thread finished: setUp Thread Group 1-15
2025-03-01 21:04:48,155 INFO o.a.j.t.JMeterThread: Stopping because end time detected by thread: setUp Thread Group 1-13
2025-03-01 21:04:48,169 INFO o.a.j.t.JMeterThread: Thread finished: setUp Thread Group 1-13
2025-03-01 21:04:48,169 INFO o.a.j.e.StandardJMeterEngine: All Setup Threads have ended
2025-03-01 21:04:48,210 INFO o.a.j.e.StandardJMeterEngine: Starting ThreadGroup: 1 : Thread-Gruppe
2025-03-01 21:04:48,210 INFO o.a.j.e.StandardJMeterEngine: Starting 75 threads for group Thread-Gruppe.
2025-03-01 21:04:48,210 INFO o.a.j.e.StandardJMeterEngine: Thread will continue on error
2025-03-01 21:04:48,210 INFO o.a.j.t.ThreadGroup: Starting thread group... number=1 threads=75 ramp-up=10 delayedStart=false
2025-03-01 21:04:48,210 INFO o.a.j.t.JMeterThread: Thread started: Thread-Gruppe 1-1
2025-03-01 21:04:48,300 INFO o.a.j.t.ThreadGroup: Started thread group number 1
2025-03-01 21:04:48,300 INFO o.a.j.e.StandardJMeterEngine: Starting ThreadGroup: 2 : Thread-Gruppe
2025-03-01 21:04:48,300 INFO o.a.j.e.StandardJMeterEngine: Starting 20 threads for group Thread-Gruppe.
2025-03-01 21:04:48,300 INFO o.a.j.e.StandardJMeterEngine: Thread will continue on error
2025-03-01 21:04:48,301 INFO o.a.j.t.ThreadGroup: Starting thread group... number=2 threads=20 ramp-up=10 delayedStart=false
2025-03-01 21:04:48,303 INFO o.a.j.t.JMeterThread: Thread started: Thread-Gruppe 2-1
2025-03-01 21:04:48,321 INFO o.a.j.t.ThreadGroup: Started thread group number 2
2025-03-01 21:04:48,321 INFO o.a.j.e.StandardJMeterEngine: Starting ThreadGroup: 3 : Thread-Gruppe
2025-03-01 21:04:48,321 INFO o.a.j.e.StandardJMeterEngine: Starting 5 threads for group Thread-Gruppe.
2025-03-01 21:04:48,321 INFO o.a.j.e.StandardJMeterEngine: Thread will continue on error
2025-03-01 21:04:48,321 INFO o.a.j.t.ThreadGroup: Starting thread group... number=3 threads=5 ramp-up=10 delayedStart=false
2025-03-01 21:04:48,323 INFO o.a.j.t.JMeterThread: Thread started: Thread-Gruppe 3-1
2025-03-01 21:04:48,324 INFO o.a.j.t.ThreadGroup: Started thread group number 3
2025-03-01 21:04:48,324 INFO o.a.j.e.StandardJMeterEngine: All thread groups have been started
2025-03-01 21:04:48,352 INFO o.a.j.t.JMeterThread: Thread started: Thread-Gruppe 1-2
2025-03-01 21:04:48,484 INFO o.a.j.t.JMeterThread: Thread started: Thread-Gruppe 1-3
2025-03-01 21:04:48,619 INFO o.a.j.t.JMeterThread: Thread started: Thread-Gruppe 1-4
2025-03-01 21:04:48,752 INFO o.a.j.t.JMeterThread: Thread started: Thread-Gruppe 1-5
2025-03-01 21:04:48,804 INFO o.a.j.t.JMeterThread: Thread started: Thread-Gruppe 2-2
2025-03-01 21:04:48,879 INFO o.a.j.t.JMeterThread: Thread started: Thread-Gruppe 1-6
2025-03-01 21:04:49,011 INFO o.a.j.t.JMeterThread: Thread started: Thread-Gruppe 1-7
2025-03-01 21:04:49,145 INFO o.a.j.t.JMeterThread: Thread started: Thread-Gruppe 1-8
2025-03-01 21:04:49,276 INFO o.a.j.t.JMeterThread: Thread started: Thread-Gruppe 1-9
2025-03-01 21:04:49,305 INFO o.a.j.t.JMeterThread: Thread started: Thread-Gruppe 2-3
2025-03-01 21:04:49,411 INFO o.a.j.t.JMeterThread: Thread started: Thread-Gruppe 1-10
2025-03-01 21:04:49,544 INFO o.a.j.t.JMeterThread: Thread started: Thread-Gruppe 1-11
2025-03-01 21:04:49,676 INFO o.a.j.t.JMeterThread: Thread started: Thread-Gruppe 1-12
2025-03-01 21:04:49,804 INFO o.a.j.t.JMeterThread: Thread started: Thread-Gruppe 2-4
2025-03-01 21:04:49,809 INFO o.a.j.t.JMeterThread: Thread started: Thread-Gruppe 1-13
2025-03-01 21:04:49,942 INFO o.a.j.t.JMeterThread: Thread started: Thread-Gruppe 1-14
2025-03-01 21:04:50,076 INFO o.a.j.t.JMeterThread: Thread started: Thread-Gruppe 1-15
2025-03-01 21:04:50,208 INFO o.a.j.t.JMeterThread: Thread started: Thread-Gruppe 1-16
2025-03-01 21:04:50,304 INFO o.a.j.t.JMeterThread: Thread started: Thread-Gruppe 2-5
2025-03-01 21:04:50,324 INFO o.a.j.t.JMeterThread: Thread started: Thread-Gruppe 3-2
2025-03-01 21:04:50,342 INFO o.a.j.t.JMeterThread: Thread started: Thread-Gruppe 1-17
2025-03-01 21:04:50,475 INFO o.a.j.t.JMeterThread: Thread started: Thread-Gruppe 1-18
2025-03-01 21:04:50,608 INFO o.a.j.t.JMeterThread: Thread started: Thread-Gruppe 1-19
2025-03-01 21:04:50,741 INFO o.a.j.t.JMeterThread: Thread started: Thread-Gruppe 1-20
2025-03-01 21:04:50,805 INFO o.a.j.t.JMeterThread: Thread started: Thread-Gruppe 2-6
2025-03-01 21:04:50,873 INFO o.a.j.t.JMeterThread: Thread started: Thread-Gruppe 1-21
2025-03-01 21:04:51,005 INFO o.a.j.t.JMeterThread: Thread started: Thread-Gruppe 1-22
2025-03-01 21:04:51,138 INFO o.a.j.t.JMeterThread: Thread started: Thread-Gruppe 1-23
2025-03-01 21:04:51,271 INFO o.a.j.t.JMeterThread: Thread started: Thread-Gruppe 1-24
2025-03-01 21:04:51,304 INFO o.a.j.t.JMeterThread: Thread started: Thread-Gruppe 2-7
2025-03-01 21:04:51,404 INFO o.a.j.t.JMeterThread: Thread started: Thread-Gruppe 1-25
2025-03-01 21:04:51,538 INFO o.a.j.t.JMeterThread: Thread started: Thread-Gruppe 1-26
2025-03-01 21:04:51,670 INFO o.a.j.t.JMeterThread: Thread started: Thread-Gruppe 1-27
2025-03-01 21:04:51,804 INFO o.a.j.t.JMeterThread: Thread started: Thread-Gruppe 1-28
2025-03-01 21:04:51,805 INFO o.a.j.t.JMeterThread: Thread started: Thread-Gruppe 2-8
2025-03-01 21:04:51,937 INFO o.a.j.t.JMeterThread: Thread started: Thread-Gruppe 1-29
2025-03-01 21:04:52,070 INFO o.a.j.t.JMeterThread: Thread started: Thread-Gruppe 1-30
2025-03-01 21:04:52,203 INFO o.a.j.t.JMeterThread: Thread started: Thread-Gruppe 1-31
2025-03-01 21:04:52,305 INFO o.a.j.t.JMeterThread: Thread started: Thread-Gruppe 2-9
2025-03-01 21:04:52,323 INFO o.a.j.t.JMeterThread: Thread started: Thread-Gruppe 3-3
2025-03-01 21:04:52,336 INFO o.a.j.t.JMeterThread: Thread started: Thread-Gruppe 1-32
2025-03-01 21:04:52,469 INFO o.a.j.t.JMeterThread: Thread started: Thread-Gruppe 1-33
2025-03-01 21:04:52,602 INFO o.a.j.t.JMeterThread: Thread started: Thread-Gruppe 1-34
2025-03-01 21:04:52,736 INFO o.a.j.t.JMeterThread: Thread started: Thread-Gruppe 1-35
2025-03-01 21:04:52,806 INFO o.a.j.t.JMeterThread: Thread started: Thread-Gruppe 2-10
2025-03-01 21:04:52,869 INFO o.a.j.t.JMeterThread: Thread started: Thread-Gruppe 1-36
2025-03-01 21:04:53,000 INFO o.a.j.t.JMeterThread: Thread started: Thread-Gruppe 1-37
2025-03-01 21:04:53,135 INFO o.a.j.t.JMeterThread: Thread started: Thread-Gruppe 1-38
2025-03-01 21:04:53,268 INFO o.a.j.t.JMeterThread: Thread started: Thread-Gruppe 1-39
2025-03-01 21:04:53,304 INFO o.a.j.t.JMeterThread: Thread started: Thread-Gruppe 2-11
2025-03-01 21:04:53,404 INFO o.a.j.t.JMeterThread: Thread started: Thread-Gruppe 1-40
2025-03-01 21:04:53,534 INFO o.a.j.t.JMeterThread: Thread started: Thread-Gruppe 1-41
2025-03-01 21:04:53,666 INFO o.a.j.t.JMeterThread: Thread started: Thread-Gruppe 1-42
2025-03-01 21:04:53,800 INFO o.a.j.t.JMeterThread: Thread started: Thread-Gruppe 1-43
2025-03-01 21:04:53,805 INFO o.a.j.t.JMeterThread: Thread started: Thread-Gruppe 2-12
2025-03-01 21:04:53,934 INFO o.a.j.t.JMeterThread: Thread started: Thread-Gruppe 1-44
2025-03-01 21:04:54,066 INFO o.a.j.t.JMeterThread: Thread started: Thread-Gruppe 1-45
2025-03-01 21:04:54,198 INFO o.a.j.t.JMeterThread: Thread started: Thread-Gruppe 1-46
2025-03-01 21:04:54,305 INFO o.a.j.t.JMeterThread: Thread started: Thread-Gruppe 2-13
2025-03-01 21:04:54,323 INFO o.a.j.t.JMeterThread: Thread started: Thread-Gruppe 3-4
2025-03-01 21:04:54,333 INFO o.a.j.t.JMeterThread: Thread started: Thread-Gruppe 1-47
2025-03-01 21:04:54,466 INFO o.a.j.t.JMeterThread: Thread started: Thread-Gruppe 1-48
2025-03-01 21:04:54,599 INFO o.a.j.t.JMeterThread: Thread started: Thread-Gruppe 1-49
2025-03-01 21:04:54,732 INFO o.a.j.t.JMeterThread: Thread started: Thread-Gruppe 1-50
2025-03-01 21:04:54,805 INFO o.a.j.t.JMeterThread: Thread started: Thread-Gruppe 2-14
2025-03-01 21:04:54,864 INFO o.a.j.t.JMeterThread: Thread started: Thread-Gruppe 1-51
2025-03-01 21:04:54,997 INFO o.a.j.t.JMeterThread: Thread started: Thread-Gruppe 1-52
2025-03-01 21:04:55,133 INFO o.a.j.t.JMeterThread: Thread started: Thread-Gruppe 1-53
2025-03-01 21:04:55,264 INFO o.a.j.t.JMeterThread: Thread started: Thread-Gruppe 1-54
2025-03-01 21:04:55,304 INFO o.a.j.t.JMeterThread: Thread started: Thread-Gruppe 2-15
2025-03-01 21:04:55,397 INFO o.a.j.t.JMeterThread: Thread started: Thread-Gruppe 1-55
2025-03-01 21:04:55,528 INFO o.a.j.t.JMeterThread: Thread started: Thread-Gruppe 1-56
2025-03-01 21:04:55,661 INFO o.a.j.t.JMeterThread: Thread started: Thread-Gruppe 1-57
2025-03-01 21:04:55,794 INFO o.a.j.t.JMeterThread: Thread started: Thread-Gruppe 1-58
2025-03-01 21:04:55,804 INFO o.a.j.t.JMeterThread: Thread started: Thread-Gruppe 2-16
2025-03-01 21:04:55,926 INFO o.a.j.t.JMeterThread: Thread started: Thread-Gruppe 1-59
2025-03-01 21:04:56,060 INFO o.a.j.t.JMeterThread: Thread started: Thread-Gruppe 1-60
2025-03-01 21:04:56,192 INFO o.a.j.t.JMeterThread: Thread started: Thread-Gruppe 1-61
2025-03-01 21:04:56,302 INFO o.a.j.t.JMeterThread: Thread started: Thread-Gruppe 2-17
2025-03-01 21:04:56,324 INFO o.a.j.t.JMeterThread: Thread started: Thread-Gruppe 3-5
2025-03-01 21:04:56,327 INFO o.a.j.t.JMeterThread: Thread started: Thread-Gruppe 1-62
2025-03-01 21:04:56,460 INFO o.a.j.t.JMeterThread: Thread started: Thread-Gruppe 1-63
2025-03-01 21:04:56,592 INFO o.a.j.t.JMeterThread: Thread started: Thread-Gruppe 1-64
2025-03-01 21:04:56,725 INFO o.a.j.t.JMeterThread: Thread started: Thread-Gruppe 1-65
2025-03-01 21:04:56,803 INFO o.a.j.t.JMeterThread: Thread started: Thread-Gruppe 2-18
2025-03-01 21:04:56,859 INFO o.a.j.t.JMeterThread: Thread started: Thread-Gruppe 1-66
2025-03-01 21:04:56,991 INFO o.a.j.t.JMeterThread: Thread started: Thread-Gruppe 1-67
2025-03-01 21:04:57,123 INFO o.a.j.t.JMeterThread: Thread started: Thread-Gruppe 1-68
2025-03-01 21:04:57,259 INFO o.a.j.t.JMeterThread: Thread started: Thread-Gruppe 1-69
2025-03-01 21:04:57,303 INFO o.a.j.t.JMeterThread: Thread started: Thread-Gruppe 2-19
2025-03-01 21:04:57,392 INFO o.a.j.t.JMeterThread: Thread started: Thread-Gruppe 1-70
2025-03-01 21:04:57,524 INFO o.a.j.t.JMeterThread: Thread started: Thread-Gruppe 1-71
2025-03-01 21:04:57,657 INFO o.a.j.t.JMeterThread: Thread started: Thread-Gruppe 1-72
2025-03-01 21:04:57,791 INFO o.a.j.t.JMeterThread: Thread started: Thread-Gruppe 1-73
2025-03-01 21:04:57,803 INFO o.a.j.t.JMeterThread: Thread started: Thread-Gruppe 2-20
2025-03-01 21:04:57,923 INFO o.a.j.t.JMeterThread: Thread started: Thread-Gruppe 1-74
2025-03-01 21:04:58,056 INFO o.a.j.t.JMeterThread: Thread started: Thread-Gruppe 1-75
2025-03-01 21:05:00,010 INFO o.a.j.r.Summariser: summary +    542 in 00:01:13 =    7.5/s Avg:   481 Min:   246 Max:  1295 Err:     0 (0.00%) Active: 100 Started: 100 Finished: 0
2025-03-01 21:05:30,022 INFO o.a.j.r.Summariser: summary +   2276 in 00:00:30 =   75.8/s Avg:   446 Min:   244 Max:  1250 Err:     0 (0.00%) Active: 100 Started: 100 Finished: 0
2025-03-01 21:05:30,023 INFO o.a.j.r.Summariser: summary =   2818 in 00:01:43 =   27.4/s Avg:   453 Min:   244 Max:  1295 Err:     0 (0.00%)
2025-03-01 21:06:00,062 INFO o.a.j.r.Summariser: summary +   2258 in 00:00:30 =   75.2/s Avg:   461 Min:   245 Max:  1304 Err:     0 (0.00%) Active: 100 Started: 100 Finished: 0
2025-03-01 21:06:00,064 INFO o.a.j.r.Summariser: summary =   5076 in 00:02:13 =   38.2/s Avg:   456 Min:   244 Max:  1304 Err:     0 (0.00%)
2025-03-01 21:06:30,004 INFO o.a.j.r.Summariser: summary +   2277 in 00:00:30 =   76.0/s Avg:   440 Min:   246 Max:  1582 Err:     0 (0.00%) Active: 100 Started: 100 Finished: 0
2025-03-01 21:06:30,005 INFO o.a.j.r.Summariser: summary =   7353 in 00:02:43 =   45.2/s Avg:   451 Min:   244 Max:  1582 Err:     0 (0.00%)
2025-03-01 21:07:00,009 INFO o.a.j.r.Summariser: summary +   2258 in 00:00:30 =   75.3/s Avg:   458 Min:   244 Max:  1360 Err:     0 (0.00%) Active: 100 Started: 100 Finished: 0
2025-03-01 21:07:00,010 INFO o.a.j.r.Summariser: summary =   9611 in 00:03:13 =   49.9/s Avg:   453 Min:   244 Max:  1582 Err:     0 (0.00%)
2025-03-01 21:07:30,012 INFO o.a.j.r.Summariser: summary +   2271 in 00:00:30 =   75.7/s Avg:   449 Min:   244 Max:  1254 Err:     0 (0.00%) Active: 100 Started: 100 Finished: 0
2025-03-01 21:07:30,013 INFO o.a.j.r.Summariser: summary =  11882 in 00:03:43 =   53.4/s Avg:   452 Min:   244 Max:  1582 Err:     0 (0.00%)
2025-03-01 21:08:00,029 INFO o.a.j.r.Summariser: summary +   2262 in 00:00:30 =   75.4/s Avg:   454 Min:   245 Max:  1476 Err:     0 (0.00%) Active: 100 Started: 100 Finished: 0
2025-03-01 21:08:00,029 INFO o.a.j.r.Summariser: summary =  14144 in 00:04:13 =   56.0/s Avg:   452 Min:   244 Max:  1582 Err:     0 (0.00%)
2025-03-01 21:08:30,033 INFO o.a.j.r.Summariser: summary +   2272 in 00:00:30 =   75.7/s Avg:   456 Min:   246 Max:  1347 Err:     0 (0.00%) Active: 100 Started: 100 Finished: 0
2025-03-01 21:08:30,034 INFO o.a.j.r.Summariser: summary =  16416 in 00:04:43 =   58.1/s Avg:   453 Min:   244 Max:  1582 Err:     0 (0.00%)
2025-03-01 21:09:00,008 INFO o.a.j.r.Summariser: summary +   2258 in 00:00:30 =   75.3/s Avg:   442 Min:   243 Max:  1304 Err:     0 (0.00%) Active: 100 Started: 100 Finished: 0
2025-03-01 21:09:00,009 INFO o.a.j.r.Summariser: summary =  18674 in 00:05:13 =   59.7/s Avg:   452 Min:   243 Max:  1582 Err:     0 (0.00%)
2025-03-01 21:09:30,007 INFO o.a.j.r.Summariser: summary +   2280 in 00:00:30 =   76.0/s Avg:   454 Min:   246 Max:  1094 Err:     0 (0.00%) Active: 100 Started: 100 Finished: 0
2025-03-01 21:09:30,008 INFO o.a.j.r.Summariser: summary =  20954 in 00:05:43 =   61.1/s Avg:   452 Min:   243 Max:  1582 Err:     0 (0.00%)
2025-03-01 21:10:00,041 INFO o.a.j.r.Summariser: summary +   2252 in 00:00:30 =   75.0/s Avg:   453 Min:   246 Max:  1294 Err:     0 (0.00%) Active: 100 Started: 100 Finished: 0
2025-03-01 21:10:00,041 INFO o.a.j.r.Summariser: summary =  23206 in 00:06:13 =   62.3/s Avg:   452 Min:   243 Max:  1582 Err:     0 (0.00%)
2025-03-01 21:10:30,025 INFO o.a.j.r.Summariser: summary +   2276 in 00:00:30 =   75.9/s Avg:   449 Min:   246 Max:  1281 Err:     0 (0.00%) Active: 100 Started: 100 Finished: 0
2025-03-01 21:10:30,026 INFO o.a.j.r.Summariser: summary =  25482 in 00:06:43 =   63.3/s Avg:   452 Min:   243 Max:  1582 Err:     0 (0.00%)
2025-03-01 21:11:00,007 INFO o.a.j.r.Summariser: summary +   2264 in 00:00:30 =   75.5/s Avg:   456 Min:   246 Max:  1283 Err:     0 (0.00%) Active: 100 Started: 100 Finished: 0
2025-03-01 21:11:00,007 INFO o.a.j.r.Summariser: summary =  27746 in 00:07:13 =   64.1/s Avg:   452 Min:   243 Max:  1582 Err:     0 (0.00%)
2025-03-01 21:11:30,015 INFO o.a.j.r.Summariser: summary +   2278 in 00:00:30 =   75.9/s Avg:   445 Min:   245 Max:  1267 Err:     0 (0.00%) Active: 100 Started: 100 Finished: 0
2025-03-01 21:11:30,015 INFO o.a.j.r.Summariser: summary =  30024 in 00:07:43 =   64.9/s Avg:   451 Min:   243 Max:  1582 Err:     0 (0.00%)
2025-03-01 21:12:00,013 INFO o.a.j.r.Summariser: summary +   2254 in 00:00:30 =   75.1/s Avg:   460 Min:   246 Max:  1210 Err:     0 (0.00%) Active: 100 Started: 100 Finished: 0
2025-03-01 21:12:00,014 INFO o.a.j.r.Summariser: summary =  32278 in 00:08:13 =   65.5/s Avg:   452 Min:   243 Max:  1582 Err:     0 (0.00%)
2025-03-01 21:12:30,014 INFO o.a.j.r.Summariser: summary +   2279 in 00:00:30 =   76.0/s Avg:   448 Min:   245 Max:  1289 Err:     0 (0.00%) Active: 100 Started: 100 Finished: 0
2025-03-01 21:12:30,014 INFO o.a.j.r.Summariser: summary =  34557 in 00:08:43 =   66.1/s Avg:   452 Min:   243 Max:  1582 Err:     0 (0.00%)
2025-03-01 21:13:00,036 INFO o.a.j.r.Summariser: summary +   2263 in 00:00:30 =   75.4/s Avg:   443 Min:   246 Max:  1302 Err:     0 (0.00%) Active: 100 Started: 100 Finished: 0
2025-03-01 21:13:00,037 INFO o.a.j.r.Summariser: summary =  36820 in 00:09:13 =   66.6/s Avg:   451 Min:   243 Max:  1582 Err:     0 (0.00%)
2025-03-01 21:13:30,001 INFO o.a.j.r.Summariser: summary +   2269 in 00:00:30 =   75.7/s Avg:   457 Min:   246 Max:  1319 Err:     0 (0.00%) Active: 100 Started: 100 Finished: 0
2025-03-01 21:13:30,002 INFO o.a.j.r.Summariser: summary =  39089 in 00:09:43 =   67.1/s Avg:   452 Min:   243 Max:  1582 Err:     0 (0.00%)
2025-03-01 21:14:00,015 INFO o.a.j.r.Summariser: summary +   2258 in 00:00:30 =   75.2/s Avg:   452 Min:   247 Max:  1104 Err:     0 (0.00%) Active: 100 Started: 100 Finished: 0
2025-03-01 21:14:00,016 INFO o.a.j.r.Summariser: summary =  41347 in 00:10:13 =   67.5/s Avg:   452 Min:   243 Max:  1582 Err:     0 (0.00%)
2025-03-01 21:14:30,001 INFO o.a.j.r.Summariser: summary +   2274 in 00:00:30 =   75.8/s Avg:   463 Min:   247 Max:  1356 Err:     0 (0.00%) Active: 100 Started: 100 Finished: 0
2025-03-01 21:14:30,002 INFO o.a.j.r.Summariser: summary =  43621 in 00:10:43 =   67.9/s Avg:   452 Min:   243 Max:  1582 Err:     0 (0.00%)
2025-03-01 21:14:46,582 INFO o.a.j.t.JMeterThread: Thread finished: Thread-Gruppe 1-47
2025-03-01 21:14:46,622 INFO o.a.j.t.JMeterThread: Thread finished: Thread-Gruppe 1-17
2025-03-01 21:14:46,727 INFO o.a.j.t.JMeterThread: Thread finished: Thread-Gruppe 1-48
2025-03-01 21:14:46,727 INFO o.a.j.t.JMeterThread: Thread finished: Thread-Gruppe 1-18
2025-03-01 21:14:46,744 INFO o.a.j.t.JMeterThread: Thread finished: Thread-Gruppe 1-1
2025-03-01 21:14:46,834 INFO o.a.j.t.JMeterThread: Thread finished: Thread-Gruppe 1-62
2025-03-01 21:14:46,852 INFO o.a.j.t.JMeterThread: Thread finished: Thread-Gruppe 1-2
2025-03-01 21:14:46,856 INFO o.a.j.t.JMeterThread: Thread finished: Thread-Gruppe 1-49
2025-03-01 21:14:46,870 INFO o.a.j.t.JMeterThread: Thread finished: Thread-Gruppe 1-19
2025-03-01 21:14:46,946 INFO o.a.j.t.JMeterThread: Thread finished: Thread-Gruppe 1-63
2025-03-01 21:14:46,982 INFO o.a.j.t.JMeterThread: Thread finished: Thread-Gruppe 1-3
2025-03-01 21:14:46,992 INFO o.a.j.t.JMeterThread: Thread finished: Thread-Gruppe 1-50
2025-03-01 21:14:46,995 INFO o.a.j.t.JMeterThread: Thread finished: Thread-Gruppe 1-20
2025-03-01 21:14:47,114 INFO o.a.j.t.JMeterThread: Thread finished: Thread-Gruppe 1-64
2025-03-01 21:14:47,132 INFO o.a.j.t.JMeterThread: Thread finished: Thread-Gruppe 1-4
2025-03-01 21:14:47,132 INFO o.a.j.t.JMeterThread: Thread finished: Thread-Gruppe 1-21
2025-03-01 21:14:47,133 INFO o.a.j.t.JMeterThread: Thread finished: Thread-Gruppe 1-51
2025-03-01 21:14:47,199 INFO o.a.j.t.JMeterThread: Thread finished: Thread-Gruppe 1-65
2025-03-01 21:14:47,235 INFO o.a.j.t.JMeterThread: Thread finished: Thread-Gruppe 1-32
2025-03-01 21:14:47,256 INFO o.a.j.t.JMeterThread: Thread finished: Thread-Gruppe 1-52
2025-03-01 21:14:47,264 INFO o.a.j.t.JMeterThread: Thread finished: Thread-Gruppe 1-5
2025-03-01 21:14:47,276 INFO o.a.j.t.JMeterThread: Thread finished: Thread-Gruppe 1-22
2025-03-01 21:14:47,344 INFO o.a.j.t.JMeterThread: Thread finished: Thread-Gruppe 1-66
2025-03-01 21:14:47,372 INFO o.a.j.t.JMeterThread: Thread finished: Thread-Gruppe 1-6
2025-03-01 21:14:47,399 INFO o.a.j.t.JMeterThread: Thread finished: Thread-Gruppe 1-23
2025-03-01 21:14:47,399 INFO o.a.j.t.JMeterThread: Thread finished: Thread-Gruppe 1-53
2025-03-01 21:14:47,423 INFO o.a.j.t.JMeterThread: Thread finished: Thread-Gruppe 1-33
2025-03-01 21:14:47,479 INFO o.a.j.t.JMeterThread: Thread finished: Thread-Gruppe 1-67
2025-03-01 21:14:47,496 INFO o.a.j.t.JMeterThread: Thread finished: Thread-Gruppe 1-7
2025-03-01 21:14:47,522 INFO o.a.j.t.JMeterThread: Thread finished: Thread-Gruppe 1-34
2025-03-01 21:14:47,528 INFO o.a.j.t.JMeterThread: Thread finished: Thread-Gruppe 1-54
2025-03-01 21:14:47,540 INFO o.a.j.t.JMeterThread: Thread finished: Thread-Gruppe 1-24
2025-03-01 21:14:47,596 INFO o.a.j.t.JMeterThread: Thread finished: Thread-Gruppe 1-35
2025-03-01 21:14:47,611 INFO o.a.j.t.JMeterThread: Thread finished: Thread-Gruppe 1-68
2025-03-01 21:14:47,629 INFO o.a.j.t.JMeterThread: Thread finished: Thread-Gruppe 1-8
2025-03-01 21:14:47,663 INFO o.a.j.t.JMeterThread: Thread finished: Thread-Gruppe 1-55
2025-03-01 21:14:47,676 INFO o.a.j.t.JMeterThread: Thread finished: Thread-Gruppe 1-25
2025-03-01 21:14:47,774 INFO o.a.j.t.JMeterThread: Thread finished: Thread-Gruppe 1-36
2025-03-01 21:14:47,774 INFO o.a.j.t.JMeterThread: Thread finished: Thread-Gruppe 1-69
2025-03-01 21:14:47,788 INFO o.a.j.t.JMeterThread: Thread finished: Thread-Gruppe 1-9
2025-03-01 21:14:47,794 INFO o.a.j.t.JMeterThread: Thread finished: Thread-Gruppe 1-56
2025-03-01 21:14:47,799 INFO o.a.j.t.JMeterThread: Thread finished: Thread-Gruppe 1-26
2025-03-01 21:14:47,879 INFO o.a.j.t.JMeterThread: Thread finished: Thread-Gruppe 1-70
2025-03-01 21:14:47,896 INFO o.a.j.t.JMeterThread: Thread finished: Thread-Gruppe 1-37
2025-03-01 21:14:47,904 INFO o.a.j.t.JMeterThread: Thread finished: Thread-Gruppe 1-10
2025-03-01 21:14:47,926 INFO o.a.j.t.JMeterThread: Thread finished: Thread-Gruppe 1-57
2025-03-01 21:14:47,955 INFO o.a.j.t.JMeterThread: Thread finished: Thread-Gruppe 1-27
2025-03-01 21:14:47,955 INFO o.a.j.t.JMeterThread: Thread finished: Thread-Gruppe 2-14
2025-03-01 21:14:48,021 INFO o.a.j.t.JMeterThread: Thread finished: Thread-Gruppe 2-20
2025-03-01 21:14:48,024 INFO o.a.j.t.JMeterThread: Thread finished: Thread-Gruppe 1-71
2025-03-01 21:14:48,035 INFO o.a.j.t.JMeterThread: Thread finished: Thread-Gruppe 1-38
2025-03-01 21:14:48,035 INFO o.a.j.t.JMeterThread: Thread finished: Thread-Gruppe 2-1
2025-03-01 21:14:48,039 INFO o.a.j.t.JMeterThread: Thread finished: Thread-Gruppe 2-15
2025-03-01 21:14:48,040 INFO o.a.j.t.JMeterThread: Thread finished: Thread-Gruppe 1-11
2025-03-01 21:14:48,051 INFO o.a.j.t.JMeterThread: Thread finished: Thread-Gruppe 1-28
2025-03-01 21:14:48,055 INFO o.a.j.t.JMeterThread: Thread finished: Thread-Gruppe 1-58
2025-03-01 21:14:48,097 INFO o.a.j.t.JMeterThread: Thread finished: Thread-Gruppe 2-12
2025-03-01 21:14:48,102 INFO o.a.j.t.JMeterThread: Thread finished: Thread-Gruppe 2-6
2025-03-01 21:14:48,152 INFO o.a.j.t.JMeterThread: Thread finished: Thread-Gruppe 1-72
2025-03-01 21:14:48,178 INFO o.a.j.t.JMeterThread: Thread finished: Thread-Gruppe 1-12
2025-03-01 21:14:48,183 INFO o.a.j.t.JMeterThread: Thread finished: Thread-Gruppe 1-59
2025-03-01 21:14:48,189 INFO o.a.j.t.JMeterThread: Thread finished: Thread-Gruppe 1-39
2025-03-01 21:14:48,199 INFO o.a.j.t.JMeterThread: Thread finished: Thread-Gruppe 1-29
2025-03-01 21:14:48,268 INFO o.a.j.t.JMeterThread: Stopping because end time detected by thread: Thread-Gruppe 1-40
2025-03-01 21:14:48,268 INFO o.a.j.t.JMeterThread: Thread finished: Thread-Gruppe 1-40
2025-03-01 21:14:48,271 INFO o.a.j.t.JMeterThread: Thread finished: Thread-Gruppe 1-73
2025-03-01 21:14:48,290 INFO o.a.j.t.JMeterThread: Thread finished: Thread-Gruppe 2-16
2025-03-01 21:14:48,337 INFO o.a.j.t.JMeterThread: Stopping because end time detected by thread: Thread-Gruppe 1-30
2025-03-01 21:14:48,337 INFO o.a.j.t.JMeterThread: Stopping because end time detected by thread: Thread-Gruppe 1-60
2025-03-01 21:14:48,344 INFO o.a.j.t.JMeterThread: Stopping because end time detected by thread: Thread-Gruppe 2-9
2025-03-01 21:14:48,344 INFO o.a.j.t.JMeterThread: Thread finished: Thread-Gruppe 1-60
2025-03-01 21:14:48,337 INFO o.a.j.t.JMeterThread: Stopping because end time detected by thread: Thread-Gruppe 1-13
2025-03-01 21:14:48,344 INFO o.a.j.t.JMeterThread: Thread finished: Thread-Gruppe 2-9
2025-03-01 21:14:48,337 INFO o.a.j.t.JMeterThread: Thread finished: Thread-Gruppe 1-30
2025-03-01 21:14:48,345 INFO o.a.j.t.JMeterThread: Thread finished: Thread-Gruppe 1-13
2025-03-01 21:14:48,360 INFO o.a.j.t.JMeterThread: Stopping because end time detected by thread: Thread-Gruppe 2-10
2025-03-01 21:14:48,360 INFO o.a.j.t.JMeterThread: Thread finished: Thread-Gruppe 2-10
2025-03-01 21:14:48,375 INFO o.a.j.t.JMeterThread: Stopping because end time detected by thread: Thread-Gruppe 2-18
2025-03-01 21:14:48,375 INFO o.a.j.t.JMeterThread: Thread finished: Thread-Gruppe 2-18
2025-03-01 21:14:48,391 INFO o.a.j.t.JMeterThread: Stopping because end time detected by thread: Thread-Gruppe 2-5
2025-03-01 21:14:48,391 INFO o.a.j.t.JMeterThread: Thread finished: Thread-Gruppe 2-5
2025-03-01 21:14:48,407 INFO o.a.j.t.JMeterThread: Stopping because end time detected by thread: Thread-Gruppe 3-5
2025-03-01 21:14:48,407 INFO o.a.j.t.JMeterThread: Thread finished: Thread-Gruppe 3-5
2025-03-01 21:14:48,407 INFO o.a.j.t.JMeterThread: Stopping because end time detected by thread: Thread-Gruppe 3-4
2025-03-01 21:14:48,407 INFO o.a.j.t.JMeterThread: Stopping because end time detected by thread: Thread-Gruppe 1-74
2025-03-01 21:14:48,416 INFO o.a.j.t.JMeterThread: Thread finished: Thread-Gruppe 3-4
2025-03-01 21:14:48,416 INFO o.a.j.t.JMeterThread: Thread finished: Thread-Gruppe 1-74
2025-03-01 21:14:48,416 INFO o.a.j.t.JMeterThread: Stopping because end time detected by thread: Thread-Gruppe 2-13
2025-03-01 21:14:48,416 INFO o.a.j.t.JMeterThread: Thread finished: Thread-Gruppe 2-13
2025-03-01 21:14:48,432 INFO o.a.j.t.JMeterThread: Stopping because end time detected by thread: Thread-Gruppe 1-14
2025-03-01 21:14:48,432 INFO o.a.j.t.JMeterThread: Thread finished: Thread-Gruppe 1-14
2025-03-01 21:14:48,432 INFO o.a.j.t.JMeterThread: Stopping because end time detected by thread: Thread-Gruppe 1-41
2025-03-01 21:14:48,432 INFO o.a.j.t.JMeterThread: Thread finished: Thread-Gruppe 1-41
2025-03-01 21:14:48,448 INFO o.a.j.t.JMeterThread: Stopping because end time detected by thread: Thread-Gruppe 1-61
2025-03-01 21:14:48,448 INFO o.a.j.t.JMeterThread: Thread finished: Thread-Gruppe 1-61
2025-03-01 21:14:48,464 INFO o.a.j.t.JMeterThread: Stopping because end time detected by thread: Thread-Gruppe 1-31
2025-03-01 21:14:48,464 INFO o.a.j.t.JMeterThread: Thread finished: Thread-Gruppe 1-31
2025-03-01 21:14:48,479 INFO o.a.j.t.JMeterThread: Stopping because end time detected by thread: Thread-Gruppe 2-7
2025-03-01 21:14:48,479 INFO o.a.j.t.JMeterThread: Thread finished: Thread-Gruppe 2-7
2025-03-01 21:14:48,479 INFO o.a.j.t.JMeterThread: Stopping because end time detected by thread: Thread-Gruppe 2-8
2025-03-01 21:14:48,479 INFO o.a.j.t.JMeterThread: Thread finished: Thread-Gruppe 2-8
2025-03-01 21:14:48,511 INFO o.a.j.t.JMeterThread: Stopping because end time detected by thread: Thread-Gruppe 2-11
2025-03-01 21:14:48,511 INFO o.a.j.t.JMeterThread: Thread finished: Thread-Gruppe 2-11
2025-03-01 21:14:48,559 INFO o.a.j.t.JMeterThread: Stopping because end time detected by thread: Thread-Gruppe 1-75
2025-03-01 21:14:48,559 INFO o.a.j.t.JMeterThread: Thread finished: Thread-Gruppe 1-75
2025-03-01 21:14:48,559 INFO o.a.j.t.JMeterThread: Stopping because end time detected by thread: Thread-Gruppe 1-15
2025-03-01 21:14:48,559 INFO o.a.j.t.JMeterThread: Thread finished: Thread-Gruppe 1-15
2025-03-01 21:14:48,575 INFO o.a.j.t.JMeterThread: Stopping because end time detected by thread: Thread-Gruppe 1-42
2025-03-01 21:14:48,575 INFO o.a.j.t.JMeterThread: Thread finished: Thread-Gruppe 1-42
2025-03-01 21:14:48,685 INFO o.a.j.t.JMeterThread: Stopping because end time detected by thread: Thread-Gruppe 1-43
2025-03-01 21:14:48,685 INFO o.a.j.t.JMeterThread: Thread finished: Thread-Gruppe 1-43
2025-03-01 21:14:48,685 INFO o.a.j.t.JMeterThread: Stopping because end time detected by thread: Thread-Gruppe 2-2
2025-03-01 21:14:48,685 INFO o.a.j.t.JMeterThread: Thread finished: Thread-Gruppe 2-2
2025-03-01 21:14:48,685 INFO o.a.j.t.JMeterThread: Stopping because end time detected by thread: Thread-Gruppe 1-16
2025-03-01 21:14:48,685 INFO o.a.j.t.JMeterThread: Thread finished: Thread-Gruppe 1-16
2025-03-01 21:14:48,764 INFO o.a.j.t.JMeterThread: Stopping because end time detected by thread: Thread-Gruppe 3-3
2025-03-01 21:14:48,764 INFO o.a.j.t.JMeterThread: Thread finished: Thread-Gruppe 3-3
2025-03-01 21:14:48,797 INFO o.a.j.t.JMeterThread: Stopping because end time detected by thread: Thread-Gruppe 2-4
2025-03-01 21:14:48,797 INFO o.a.j.t.JMeterThread: Thread finished: Thread-Gruppe 2-4
2025-03-01 21:14:48,797 INFO o.a.j.t.JMeterThread: Stopping because end time detected by thread: Thread-Gruppe 2-17
2025-03-01 21:14:48,797 INFO o.a.j.t.JMeterThread: Thread finished: Thread-Gruppe 2-17
2025-03-01 21:14:48,812 INFO o.a.j.t.JMeterThread: Stopping because end time detected by thread: Thread-Gruppe 3-2
2025-03-01 21:14:48,812 INFO o.a.j.t.JMeterThread: Thread finished: Thread-Gruppe 3-2
2025-03-01 21:14:48,892 INFO o.a.j.t.JMeterThread: Stopping because end time detected by thread: Thread-Gruppe 1-44
2025-03-01 21:14:48,892 INFO o.a.j.t.JMeterThread: Thread finished: Thread-Gruppe 1-44
2025-03-01 21:14:48,892 INFO o.a.j.t.JMeterThread: Stopping because end time detected by thread: Thread-Gruppe 3-1
2025-03-01 21:14:48,892 INFO o.a.j.t.JMeterThread: Thread finished: Thread-Gruppe 3-1
2025-03-01 21:14:48,939 INFO o.a.j.t.JMeterThread: Stopping because end time detected by thread: Thread-Gruppe 1-45
2025-03-01 21:14:48,939 INFO o.a.j.t.JMeterThread: Thread finished: Thread-Gruppe 1-45
2025-03-01 21:14:49,050 INFO o.a.j.t.JMeterThread: Stopping because end time detected by thread: Thread-Gruppe 2-3
2025-03-01 21:14:49,050 INFO o.a.j.t.JMeterThread: Thread finished: Thread-Gruppe 2-3
2025-03-01 21:14:49,065 INFO o.a.j.t.JMeterThread: Stopping because end time detected by thread: Thread-Gruppe 2-19
2025-03-01 21:14:49,065 INFO o.a.j.t.JMeterThread: Thread finished: Thread-Gruppe 2-19
2025-03-01 21:14:49,100 INFO o.a.j.t.JMeterThread: Stopping because end time detected by thread: Thread-Gruppe 1-46
2025-03-01 21:14:49,100 INFO o.a.j.t.JMeterThread: Thread finished: Thread-Gruppe 1-46
2025-03-01 21:14:49,100 INFO o.a.j.e.StandardJMeterEngine: Notifying test listeners of end of test
2025-03-01 21:14:49,110 INFO o.a.j.r.Summariser: summary +   1414 in 00:00:19 =   74.0/s Avg:   437 Min:   246 Max:  1081 Err:     0 (0.00%) Active: 0 Started: 100 Finished: 100
2025-03-01 21:14:49,110 INFO o.a.j.r.Summariser: summary =  45035 in 00:11:02 =   68.1/s Avg:   452 Min:   243 Max:  1582 Err:     0 (0.00%)
