2025-02-28 10:55:32,480 INFO o.a.j.u.JMeterUtils: Setting Locale to en_EN
2025-02-28 10:55:32,508 INFO o.a.j.JMeter: Loading user properties from: C:\Users\ASUS\Desktop\apache-jmeter-5.6.3\apache-jmeter-5.6.3\bin\user.properties
2025-02-28 10:55:32,508 INFO o.a.j.JMeter: Loading system properties from: C:\Users\ASUS\Desktop\apache-jmeter-5.6.3\apache-jmeter-5.6.3\bin\system.properties
2025-02-28 10:55:32,508 INFO o.a.j.JMeter: Setting JMeter property: lb_1_hostname=34.123.91.22
2025-02-28 10:55:32,508 INFO o.a.j.JMeter: Setting JMeter property: lb_2_hostname=35.224.254.232
2025-02-28 10:55:32,508 INFO o.a.j.JMeter: Setting JMeter property: lb_1_port=8090
2025-02-28 10:55:32,508 INFO o.a.j.JMeter: Setting JMeter property: lb_2_port=8091
2025-02-28 10:55:32,516 INFO o.a.j.JMeter: Setting JMeter property: warm_up_users=20
2025-02-28 10:55:32,516 INFO o.a.j.JMeter: Setting JMeter property: warm_up_time=60
2025-02-28 10:55:32,516 INFO o.a.j.JMeter: Setting JMeter property: test_run_time=600
2025-02-28 10:55:32,518 INFO o.a.j.JMeter: Setting JMeter property: ramp_up=10
2025-02-28 10:55:32,518 INFO o.a.j.JMeter: Setting JMeter property: group_1=75
2025-02-28 10:55:32,518 INFO o.a.j.JMeter: Setting JMeter property: group_2=20
2025-02-28 10:55:32,518 INFO o.a.j.JMeter: Setting JMeter property: group_3=5
2025-02-28 10:55:32,518 INFO o.a.j.JMeter: Setting JMeter property: group_1_request_rate=30
2025-02-28 10:55:32,518 INFO o.a.j.JMeter: Setting JMeter property: group_2_request_rate=90
2025-02-28 10:55:32,518 INFO o.a.j.JMeter: Setting JMeter property: group_3_request_rate=120
2025-02-28 10:55:32,518 INFO o.a.j.JMeter: Setting JMeter property: log_file=c:\\Users\\ASUS\\Desktop\\Repos\\rate-limiter-nginx\\jmeter\\cloud\\2025_02_28_10_00_logs\\sliding_window_counter\\redis_script_rate_limit_100_window_size_60_sub_window_count_2\\warm_up_results.csv
2025-02-28 10:55:32,518 INFO o.a.j.JMeter: Setting JMeter property: algorithm=sliding_window_counter_redis_script_rate_limit_100_window_size_60_sub_window_count_2
2025-02-28 10:55:32,518 INFO o.a.j.JMeter: Setting JMeter property: auth=/sliding_window_counter/redis_script_rate_limit_100_window_size_60_sub_window_count_2/tools.descartes.teastore.auth/rest
2025-02-28 10:55:32,518 INFO o.a.j.JMeter: Setting JMeter property: persistence=/sliding_window_counter/redis_script_rate_limit_100_window_size_60_sub_window_count_2/tools.descartes.teastore.persistence/rest
2025-02-28 10:55:32,518 INFO o.a.j.JMeter: Setting JMeter property: recommender=/sliding_window_counter/redis_script_rate_limit_100_window_size_60_sub_window_count_2/tools.descartes.teastore.recommender/rest
2025-02-28 10:55:32,518 INFO o.a.j.JMeter: Setting JMeter property: image=/sliding_window_counter/redis_script_rate_limit_100_window_size_60_sub_window_count_2/tools.descartes.teastore.image/rest
2025-02-28 10:55:32,528 INFO o.a.j.JMeter: Copyright (c) 1998-2024 The Apache Software Foundation
2025-02-28 10:55:32,528 INFO o.a.j.JMeter: Version 5.6.3
2025-02-28 10:55:32,528 INFO o.a.j.JMeter: java.version=17.0.9
2025-02-28 10:55:32,528 INFO o.a.j.JMeter: java.vm.name=Java HotSpot(TM) 64-Bit Server VM
2025-02-28 10:55:32,528 INFO o.a.j.JMeter: os.name=Windows 11
2025-02-28 10:55:32,528 INFO o.a.j.JMeter: os.arch=amd64
2025-02-28 10:55:32,528 INFO o.a.j.JMeter: os.version=10.0
2025-02-28 10:55:32,528 INFO o.a.j.JMeter: file.encoding=Cp1252
2025-02-28 10:55:32,528 INFO o.a.j.JMeter: java.awt.headless=true
2025-02-28 10:55:32,528 INFO o.a.j.JMeter: Max memory     =1073741824
2025-02-28 10:55:32,528 INFO o.a.j.JMeter: Available Processors =12
2025-02-28 10:55:32,541 INFO o.a.j.JMeter: Default Locale=English (EN)
2025-02-28 10:55:32,542 INFO o.a.j.JMeter: JMeter  Locale=English (EN)
2025-02-28 10:55:32,542 INFO o.a.j.JMeter: JMeterHome=C:\Users\ASUS\Desktop\apache-jmeter-5.6.3\apache-jmeter-5.6.3
2025-02-28 10:55:32,542 INFO o.a.j.JMeter: user.dir  =C:\Users\ASUS\Desktop\Repos\rate-limiter-nginx
2025-02-28 10:55:32,542 INFO o.a.j.JMeter: PWD       =C:\Users\ASUS\Desktop\Repos\rate-limiter-nginx
2025-02-28 10:55:32,544 INFO o.a.j.JMeter: IP: 192.168.1.45 Name: THIVA FullName: THIVA
2025-02-28 10:55:32,565 INFO o.a.j.s.FileServer: Default base='C:\Users\ASUS\Desktop\Repos\rate-limiter-nginx'
2025-02-28 10:55:32,565 INFO o.a.j.s.FileServer: Set new base='c:\Users\ASUS\Desktop\Repos\rate-limiter-nginx\jmeter\cloud'
2025-02-28 10:55:32,803 INFO o.a.j.s.SaveService: Testplan (JMX) version: 2.2. Testlog (JTL) version: 2.2
2025-02-28 10:55:32,833 INFO o.a.j.s.SaveService: Using SaveService properties version 5.0
2025-02-28 10:55:32,841 INFO o.a.j.s.SaveService: Using SaveService properties file encoding UTF-8
2025-02-28 10:55:32,844 INFO o.a.j.s.SaveService: Loading file: c:\Users\ASUS\Desktop\Repos\rate-limiter-nginx\jmeter\cloud\teastore_performance.jmx
2025-02-28 10:55:32,911 INFO o.a.j.p.h.c.CookieManager: Settings: Delete null: true Check: true Allow variable: true Save: false Prefix: COOKIE_
2025-02-28 10:55:32,943 INFO o.a.j.p.h.s.HTTPSamplerBase: Parser for text/html is org.apache.jmeter.protocol.http.parser.LagartoBasedHtmlParser
2025-02-28 10:55:32,945 INFO o.a.j.p.h.s.HTTPSamplerBase: Parser for application/xhtml+xml is org.apache.jmeter.protocol.http.parser.LagartoBasedHtmlParser
2025-02-28 10:55:32,945 INFO o.a.j.p.h.s.HTTPSamplerBase: Parser for application/xml is org.apache.jmeter.protocol.http.parser.LagartoBasedHtmlParser
2025-02-28 10:55:32,945 INFO o.a.j.p.h.s.HTTPSamplerBase: Parser for text/xml is org.apache.jmeter.protocol.http.parser.LagartoBasedHtmlParser
2025-02-28 10:55:32,945 INFO o.a.j.p.h.s.HTTPSamplerBase: Parser for text/vnd.wap.wml is org.apache.jmeter.protocol.http.parser.RegexpHTMLParser
2025-02-28 10:55:32,945 INFO o.a.j.p.h.s.HTTPSamplerBase: Parser for text/css is org.apache.jmeter.protocol.http.parser.CssParser
2025-02-28 10:55:33,057 INFO o.a.j.s.SampleResult: Note: Sample TimeStamps are START times
2025-02-28 10:55:33,057 INFO o.a.j.s.SampleResult: sampleresult.default.encoding is set to UTF-8
2025-02-28 10:55:33,057 INFO o.a.j.s.SampleResult: sampleresult.useNanoTime=true
2025-02-28 10:55:33,057 INFO o.a.j.s.SampleResult: sampleresult.nanoThreadSleep=5000
2025-02-28 10:55:33,084 INFO o.a.j.JMeter: Creating summariser <summary>
2025-02-28 10:55:33,109 INFO o.a.j.e.StandardJMeterEngine: Running the test!
2025-02-28 10:55:33,109 INFO o.a.j.s.SampleEvent: List of sample_variables: []
2025-02-28 10:55:33,109 INFO o.a.j.s.SampleEvent: List of sample_variables: []
2025-02-28 10:55:33,109 INFO o.a.j.e.u.CompoundVariable: Note: Function class names must contain the string: '.functions.'
2025-02-28 10:55:33,109 INFO o.a.j.e.u.CompoundVariable: Note: Function class names must not contain the string: '.gui.'
2025-02-28 10:55:33,174 INFO o.a.j.r.ClassFinder: Will scan jar C:\Users\ASUS\Desktop\apache-jmeter-5.6.3\apache-jmeter-5.6.3\lib\ext\jmeter-plugins-casutg-2.10.jar with filter ExtendsClassFilter [parents=[interface org.apache.jmeter.functions.Function], inner=false, contains=null, notContains=null]. Consider exposing JMeter plugins via META-INF/services, and add JMeter-Skip-Class-Scanning=true manifest attribute so JMeter can skip classfile scanning
2025-02-28 10:55:33,188 INFO o.a.j.r.ClassFinder: Will scan jar C:\Users\ASUS\Desktop\apache-jmeter-5.6.3\apache-jmeter-5.6.3\lib\ext\jmeter-plugins-graphs-vs-2.0.jar with filter ExtendsClassFilter [parents=[interface org.apache.jmeter.functions.Function], inner=false, contains=null, notContains=null]. Consider exposing JMeter plugins via META-INF/services, and add JMeter-Skip-Class-Scanning=true manifest attribute so JMeter can skip classfile scanning
2025-02-28 10:55:33,190 INFO o.a.j.r.ClassFinder: Will scan jar C:\Users\ASUS\Desktop\apache-jmeter-5.6.3\apache-jmeter-5.6.3\lib\ext\jmeter-plugins-manager-1.9.jar with filter ExtendsClassFilter [parents=[interface org.apache.jmeter.functions.Function], inner=false, contains=null, notContains=null]. Consider exposing JMeter plugins via META-INF/services, and add JMeter-Skip-Class-Scanning=true manifest attribute so JMeter can skip classfile scanning
2025-02-28 10:55:33,245 INFO o.a.j.r.ClassFinder: Will scan jar C:\Users\ASUS\Desktop\apache-jmeter-5.6.3\apache-jmeter-5.6.3\lib\ext\jmeter-plugins-graphs-basic-2.0.jar with filter ExtendsClassFilter [parents=[interface org.apache.jmeter.functions.Function], inner=false, contains=null, notContains=null]. Consider exposing JMeter plugins via META-INF/services, and add JMeter-Skip-Class-Scanning=true manifest attribute so JMeter can skip classfile scanning
2025-02-28 10:55:33,256 INFO o.a.j.r.ClassFinder: Will scan jar C:\Users\ASUS\Desktop\apache-jmeter-5.6.3\apache-jmeter-5.6.3\lib\ext\jmeter-plugins-manager-0.20.jar with filter ExtendsClassFilter [parents=[interface org.apache.jmeter.functions.Function], inner=false, contains=null, notContains=null]. Consider exposing JMeter plugins via META-INF/services, and add JMeter-Skip-Class-Scanning=true manifest attribute so JMeter can skip classfile scanning
2025-02-28 10:55:33,264 INFO o.a.j.r.ClassFinder: Will scan jar C:\Users\ASUS\Desktop\apache-jmeter-5.6.3\apache-jmeter-5.6.3\lib\ext\jmeter-plugins-tst-2.6.jar with filter ExtendsClassFilter [parents=[interface org.apache.jmeter.functions.Function], inner=false, contains=null, notContains=null]. Consider exposing JMeter plugins via META-INF/services, and add JMeter-Skip-Class-Scanning=true manifest attribute so JMeter can skip classfile scanning
2025-02-28 10:55:33,272 INFO o.a.j.r.ClassFinder: Will scan jar C:\Users\ASUS\Desktop\apache-jmeter-5.6.3\apache-jmeter-5.6.3\lib\ext\jmeter-parallel-0.12.jar with filter ExtendsClassFilter [parents=[interface org.apache.jmeter.functions.Function], inner=false, contains=null, notContains=null]. Consider exposing JMeter plugins via META-INF/services, and add JMeter-Skip-Class-Scanning=true manifest attribute so JMeter can skip classfile scanning
2025-02-28 10:55:33,590 INFO o.a.j.JMeter: Running test (1740720333590)
2025-02-28 10:55:33,590 INFO o.a.j.e.StandardJMeterEngine: Starting setUp thread groups
2025-02-28 10:55:33,590 INFO o.a.j.e.StandardJMeterEngine: Starting setUp ThreadGroup: 1 : setUp Thread Group 
2025-02-28 10:55:33,590 INFO o.a.j.e.StandardJMeterEngine: Starting 20 threads for group setUp Thread Group.
2025-02-28 10:55:33,590 INFO o.a.j.e.StandardJMeterEngine: Thread will continue on error
2025-02-28 10:55:33,590 INFO o.a.j.t.ThreadGroup: Starting thread group... number=1 threads=20 ramp-up=10 delayedStart=false
2025-02-28 10:55:33,618 INFO o.a.j.t.JMeterThread: Thread started: setUp Thread Group 1-1
2025-02-28 10:55:33,646 INFO o.a.j.t.ThreadGroup: Started thread group number 1
2025-02-28 10:55:33,646 INFO o.a.j.e.StandardJMeterEngine: Waiting for all setup thread groups to exit
2025-02-28 10:55:34,102 INFO o.a.j.t.JMeterThread: Thread started: setUp Thread Group 1-2
2025-02-28 10:55:34,437 INFO o.a.j.p.h.s.HTTPHCAbstractImpl: Local host = THIVA
2025-02-28 10:55:34,443 INFO o.a.j.p.h.s.HTTPHC4Impl: HTTP request retry count = 0
2025-02-28 10:55:34,601 INFO o.a.j.t.JMeterThread: Thread started: setUp Thread Group 1-3
2025-02-28 10:55:35,099 INFO o.a.j.t.JMeterThread: Thread started: setUp Thread Group 1-4
2025-02-28 10:55:35,600 INFO o.a.j.t.JMeterThread: Thread started: setUp Thread Group 1-5
2025-02-28 10:55:36,099 INFO o.a.j.t.JMeterThread: Thread started: setUp Thread Group 1-6
2025-02-28 10:55:36,600 INFO o.a.j.t.JMeterThread: Thread started: setUp Thread Group 1-7
2025-02-28 10:55:37,098 INFO o.a.j.t.JMeterThread: Thread started: setUp Thread Group 1-8
2025-02-28 10:55:37,596 INFO o.a.j.t.JMeterThread: Thread started: setUp Thread Group 1-9
2025-02-28 10:55:38,096 INFO o.a.j.t.JMeterThread: Thread started: setUp Thread Group 1-10
2025-02-28 10:55:38,594 INFO o.a.j.t.JMeterThread: Thread started: setUp Thread Group 1-11
2025-02-28 10:55:39,103 INFO o.a.j.t.JMeterThread: Thread started: setUp Thread Group 1-12
2025-02-28 10:55:39,616 INFO o.a.j.t.JMeterThread: Thread started: setUp Thread Group 1-13
2025-02-28 10:55:40,094 INFO o.a.j.t.JMeterThread: Thread started: setUp Thread Group 1-14
2025-02-28 10:55:40,592 INFO o.a.j.t.JMeterThread: Thread started: setUp Thread Group 1-15
2025-02-28 10:55:41,094 INFO o.a.j.t.JMeterThread: Thread started: setUp Thread Group 1-16
2025-02-28 10:55:41,592 INFO o.a.j.t.JMeterThread: Thread started: setUp Thread Group 1-17
2025-02-28 10:55:42,093 INFO o.a.j.t.JMeterThread: Thread started: setUp Thread Group 1-18
2025-02-28 10:55:42,593 INFO o.a.j.t.JMeterThread: Thread started: setUp Thread Group 1-19
2025-02-28 10:55:43,093 INFO o.a.j.t.JMeterThread: Thread started: setUp Thread Group 1-20
2025-02-28 10:56:33,381 INFO o.a.j.t.JMeterThread: Thread finished: setUp Thread Group 1-3
2025-02-28 10:56:33,386 INFO o.a.j.t.JMeterThread: Thread finished: setUp Thread Group 1-2
2025-02-28 10:56:33,434 INFO o.a.j.t.JMeterThread: Thread finished: setUp Thread Group 1-1
2025-02-28 10:56:33,467 INFO o.a.j.t.JMeterThread: Thread finished: setUp Thread Group 1-16
2025-02-28 10:56:33,501 INFO o.a.j.t.JMeterThread: Thread finished: setUp Thread Group 1-5
2025-02-28 10:56:33,519 INFO o.a.j.t.JMeterThread: Thread finished: setUp Thread Group 1-4
2025-02-28 10:56:33,554 INFO o.a.j.t.JMeterThread: Thread finished: setUp Thread Group 1-17
2025-02-28 10:56:33,598 INFO o.a.j.t.JMeterThread: Thread finished: setUp Thread Group 1-20
2025-02-28 10:56:33,598 INFO o.a.j.t.JMeterThread: Thread finished: setUp Thread Group 1-13
2025-02-28 10:56:33,657 INFO o.a.j.t.JMeterThread: Stopping because end time detected by thread: setUp Thread Group 1-9
2025-02-28 10:56:33,657 INFO o.a.j.t.JMeterThread: Thread finished: setUp Thread Group 1-9
2025-02-28 10:56:33,673 INFO o.a.j.t.JMeterThread: Stopping because end time detected by thread: setUp Thread Group 1-11
2025-02-28 10:56:33,673 INFO o.a.j.t.JMeterThread: Thread finished: setUp Thread Group 1-11
2025-02-28 10:56:33,713 INFO o.a.j.t.JMeterThread: Stopping because end time detected by thread: setUp Thread Group 1-18
2025-02-28 10:56:33,713 INFO o.a.j.t.JMeterThread: Thread finished: setUp Thread Group 1-18
2025-02-28 10:56:33,713 INFO o.a.j.t.JMeterThread: Stopping because end time detected by thread: setUp Thread Group 1-7
2025-02-28 10:56:33,713 INFO o.a.j.t.JMeterThread: Thread finished: setUp Thread Group 1-7
2025-02-28 10:56:33,721 INFO o.a.j.t.JMeterThread: Stopping because end time detected by thread: setUp Thread Group 1-10
2025-02-28 10:56:33,721 INFO o.a.j.t.JMeterThread: Thread finished: setUp Thread Group 1-10
2025-02-28 10:56:33,721 INFO o.a.j.t.JMeterThread: Stopping because end time detected by thread: setUp Thread Group 1-6
2025-02-28 10:56:33,721 INFO o.a.j.t.JMeterThread: Thread finished: setUp Thread Group 1-6
2025-02-28 10:56:33,737 INFO o.a.j.t.JMeterThread: Stopping because end time detected by thread: setUp Thread Group 1-8
2025-02-28 10:56:33,737 INFO o.a.j.t.JMeterThread: Thread finished: setUp Thread Group 1-8
2025-02-28 10:56:33,816 INFO o.a.j.t.JMeterThread: Stopping because end time detected by thread: setUp Thread Group 1-19
2025-02-28 10:56:33,816 INFO o.a.j.t.JMeterThread: Thread finished: setUp Thread Group 1-19
2025-02-28 10:56:33,880 INFO o.a.j.t.JMeterThread: Stopping because end time detected by thread: setUp Thread Group 1-15
2025-02-28 10:56:33,887 INFO o.a.j.t.JMeterThread: Stopping because end time detected by thread: setUp Thread Group 1-14
2025-02-28 10:56:33,887 INFO o.a.j.t.JMeterThread: Thread finished: setUp Thread Group 1-15
2025-02-28 10:56:33,887 INFO o.a.j.t.JMeterThread: Thread finished: setUp Thread Group 1-14
2025-02-28 10:56:34,140 INFO o.a.j.t.JMeterThread: Stopping because end time detected by thread: setUp Thread Group 1-12
2025-02-28 10:56:34,140 INFO o.a.j.t.JMeterThread: Thread finished: setUp Thread Group 1-12
2025-02-28 10:56:34,140 INFO o.a.j.e.StandardJMeterEngine: All Setup Threads have ended
2025-02-28 10:56:34,203 INFO o.a.j.e.StandardJMeterEngine: Starting ThreadGroup: 1 : Thread-Gruppe
2025-02-28 10:56:34,203 INFO o.a.j.e.StandardJMeterEngine: Starting 75 threads for group Thread-Gruppe.
2025-02-28 10:56:34,203 INFO o.a.j.e.StandardJMeterEngine: Thread will continue on error
2025-02-28 10:56:34,203 INFO o.a.j.t.ThreadGroup: Starting thread group... number=1 threads=75 ramp-up=10 delayedStart=false
2025-02-28 10:56:34,203 INFO o.a.j.t.JMeterThread: Thread started: Thread-Gruppe 1-1
2025-02-28 10:56:34,296 INFO o.a.j.t.ThreadGroup: Started thread group number 1
2025-02-28 10:56:34,296 INFO o.a.j.e.StandardJMeterEngine: Starting ThreadGroup: 2 : Thread-Gruppe
2025-02-28 10:56:34,297 INFO o.a.j.e.StandardJMeterEngine: Starting 20 threads for group Thread-Gruppe.
2025-02-28 10:56:34,297 INFO o.a.j.e.StandardJMeterEngine: Thread will continue on error
2025-02-28 10:56:34,297 INFO o.a.j.t.ThreadGroup: Starting thread group... number=2 threads=20 ramp-up=10 delayedStart=false
2025-02-28 10:56:34,298 INFO o.a.j.t.JMeterThread: Thread started: Thread-Gruppe 2-1
2025-02-28 10:56:34,315 INFO o.a.j.t.ThreadGroup: Started thread group number 2
2025-02-28 10:56:34,315 INFO o.a.j.e.StandardJMeterEngine: Starting ThreadGroup: 3 : Thread-Gruppe
2025-02-28 10:56:34,315 INFO o.a.j.e.StandardJMeterEngine: Starting 5 threads for group Thread-Gruppe.
2025-02-28 10:56:34,315 INFO o.a.j.e.StandardJMeterEngine: Thread will continue on error
2025-02-28 10:56:34,315 INFO o.a.j.t.ThreadGroup: Starting thread group... number=3 threads=5 ramp-up=10 delayedStart=false
2025-02-28 10:56:34,318 INFO o.a.j.t.JMeterThread: Thread started: Thread-Gruppe 3-1
2025-02-28 10:56:34,319 INFO o.a.j.t.ThreadGroup: Started thread group number 3
2025-02-28 10:56:34,319 INFO o.a.j.e.StandardJMeterEngine: All thread groups have been started
2025-02-28 10:56:34,347 INFO o.a.j.t.JMeterThread: Thread started: Thread-Gruppe 1-2
2025-02-28 10:56:34,481 INFO o.a.j.t.JMeterThread: Thread started: Thread-Gruppe 1-3
2025-02-28 10:56:34,614 INFO o.a.j.t.JMeterThread: Thread started: Thread-Gruppe 1-4
2025-02-28 10:56:34,749 INFO o.a.j.t.JMeterThread: Thread started: Thread-Gruppe 1-5
2025-02-28 10:56:34,795 INFO o.a.j.r.Summariser: summary +      1 in 00:01:01 =    0.0/s Avg:   528 Min:   528 Max:   528 Err:     0 (0.00%) Active: 7 Started: 7 Finished: 0
2025-02-28 10:56:34,799 INFO o.a.j.t.JMeterThread: Thread started: Thread-Gruppe 2-2
2025-02-28 10:56:34,872 INFO o.a.j.t.JMeterThread: Thread started: Thread-Gruppe 1-6
2025-02-28 10:56:35,003 INFO o.a.j.t.JMeterThread: Thread started: Thread-Gruppe 1-7
2025-02-28 10:56:35,137 INFO o.a.j.t.JMeterThread: Thread started: Thread-Gruppe 1-8
2025-02-28 10:56:35,269 INFO o.a.j.t.JMeterThread: Thread started: Thread-Gruppe 1-9
2025-02-28 10:56:35,300 INFO o.a.j.t.JMeterThread: Thread started: Thread-Gruppe 2-3
2025-02-28 10:56:35,407 INFO o.a.j.t.JMeterThread: Thread started: Thread-Gruppe 1-10
2025-02-28 10:56:35,536 INFO o.a.j.t.JMeterThread: Thread started: Thread-Gruppe 1-11
2025-02-28 10:56:35,669 INFO o.a.j.t.JMeterThread: Thread started: Thread-Gruppe 1-12
2025-02-28 10:56:35,799 INFO o.a.j.t.JMeterThread: Thread started: Thread-Gruppe 2-4
2025-02-28 10:56:35,802 INFO o.a.j.t.JMeterThread: Thread started: Thread-Gruppe 1-13
2025-02-28 10:56:35,935 INFO o.a.j.t.JMeterThread: Thread started: Thread-Gruppe 1-14
2025-02-28 10:56:36,068 INFO o.a.j.t.JMeterThread: Thread started: Thread-Gruppe 1-15
2025-02-28 10:56:36,201 INFO o.a.j.t.JMeterThread: Thread started: Thread-Gruppe 1-16
2025-02-28 10:56:36,299 INFO o.a.j.t.JMeterThread: Thread started: Thread-Gruppe 2-5
2025-02-28 10:56:36,316 INFO o.a.j.t.JMeterThread: Thread started: Thread-Gruppe 3-2
2025-02-28 10:56:36,334 INFO o.a.j.t.JMeterThread: Thread started: Thread-Gruppe 1-17
2025-02-28 10:56:36,467 INFO o.a.j.t.JMeterThread: Thread started: Thread-Gruppe 1-18
2025-02-28 10:56:36,599 INFO o.a.j.t.JMeterThread: Thread started: Thread-Gruppe 1-19
2025-02-28 10:56:36,732 INFO o.a.j.t.JMeterThread: Thread started: Thread-Gruppe 1-20
2025-02-28 10:56:36,800 INFO o.a.j.t.JMeterThread: Thread started: Thread-Gruppe 2-6
2025-02-28 10:56:36,867 INFO o.a.j.t.JMeterThread: Thread started: Thread-Gruppe 1-21
2025-02-28 10:56:36,999 INFO o.a.j.t.JMeterThread: Thread started: Thread-Gruppe 1-22
2025-02-28 10:56:37,132 INFO o.a.j.t.JMeterThread: Thread started: Thread-Gruppe 1-23
2025-02-28 10:56:37,265 INFO o.a.j.t.JMeterThread: Thread started: Thread-Gruppe 1-24
2025-02-28 10:56:37,300 INFO o.a.j.t.JMeterThread: Thread started: Thread-Gruppe 2-7
2025-02-28 10:56:37,397 INFO o.a.j.t.JMeterThread: Thread started: Thread-Gruppe 1-25
2025-02-28 10:56:37,530 INFO o.a.j.t.JMeterThread: Thread started: Thread-Gruppe 1-26
2025-02-28 10:56:37,664 INFO o.a.j.t.JMeterThread: Thread started: Thread-Gruppe 1-27
2025-02-28 10:56:37,796 INFO o.a.j.t.JMeterThread: Thread started: Thread-Gruppe 1-28
2025-02-28 10:56:37,800 INFO o.a.j.t.JMeterThread: Thread started: Thread-Gruppe 2-8
2025-02-28 10:56:37,930 INFO o.a.j.t.JMeterThread: Thread started: Thread-Gruppe 1-29
2025-02-28 10:56:38,067 INFO o.a.j.t.JMeterThread: Thread started: Thread-Gruppe 1-30
2025-02-28 10:56:38,195 INFO o.a.j.t.JMeterThread: Thread started: Thread-Gruppe 1-31
2025-02-28 10:56:38,299 INFO o.a.j.t.JMeterThread: Thread started: Thread-Gruppe 2-9
2025-02-28 10:56:38,318 INFO o.a.j.t.JMeterThread: Thread started: Thread-Gruppe 3-3
2025-02-28 10:56:38,329 INFO o.a.j.t.JMeterThread: Thread started: Thread-Gruppe 1-32
2025-02-28 10:56:38,461 INFO o.a.j.t.JMeterThread: Thread started: Thread-Gruppe 1-33
2025-02-28 10:56:38,595 INFO o.a.j.t.JMeterThread: Thread started: Thread-Gruppe 1-34
2025-02-28 10:56:38,728 INFO o.a.j.t.JMeterThread: Thread started: Thread-Gruppe 1-35
2025-02-28 10:56:38,799 INFO o.a.j.t.JMeterThread: Thread started: Thread-Gruppe 2-10
2025-02-28 10:56:38,860 INFO o.a.j.t.JMeterThread: Thread started: Thread-Gruppe 1-36
2025-02-28 10:56:38,994 INFO o.a.j.t.JMeterThread: Thread started: Thread-Gruppe 1-37
2025-02-28 10:56:39,127 INFO o.a.j.t.JMeterThread: Thread started: Thread-Gruppe 1-38
2025-02-28 10:56:39,259 INFO o.a.j.t.JMeterThread: Thread started: Thread-Gruppe 1-39
2025-02-28 10:56:39,301 INFO o.a.j.t.JMeterThread: Thread started: Thread-Gruppe 2-11
2025-02-28 10:56:39,393 INFO o.a.j.t.JMeterThread: Thread started: Thread-Gruppe 1-40
2025-02-28 10:56:39,525 INFO o.a.j.t.JMeterThread: Thread started: Thread-Gruppe 1-41
2025-02-28 10:56:39,659 INFO o.a.j.t.JMeterThread: Thread started: Thread-Gruppe 1-42
2025-02-28 10:56:39,792 INFO o.a.j.t.JMeterThread: Thread started: Thread-Gruppe 1-43
2025-02-28 10:56:39,801 INFO o.a.j.t.JMeterThread: Thread started: Thread-Gruppe 2-12
2025-02-28 10:56:39,924 INFO o.a.j.t.JMeterThread: Thread started: Thread-Gruppe 1-44
2025-02-28 10:56:40,058 INFO o.a.j.t.JMeterThread: Thread started: Thread-Gruppe 1-45
2025-02-28 10:56:40,191 INFO o.a.j.t.JMeterThread: Thread started: Thread-Gruppe 1-46
2025-02-28 10:56:40,299 INFO o.a.j.t.JMeterThread: Thread started: Thread-Gruppe 2-13
2025-02-28 10:56:40,317 INFO o.a.j.t.JMeterThread: Thread started: Thread-Gruppe 3-4
2025-02-28 10:56:40,323 INFO o.a.j.t.JMeterThread: Thread started: Thread-Gruppe 1-47
2025-02-28 10:56:40,456 INFO o.a.j.t.JMeterThread: Thread started: Thread-Gruppe 1-48
2025-02-28 10:56:40,590 INFO o.a.j.t.JMeterThread: Thread started: Thread-Gruppe 1-49
2025-02-28 10:56:40,724 INFO o.a.j.t.JMeterThread: Thread started: Thread-Gruppe 1-50
2025-02-28 10:56:40,800 INFO o.a.j.t.JMeterThread: Thread started: Thread-Gruppe 2-14
2025-02-28 10:56:40,855 INFO o.a.j.t.JMeterThread: Thread started: Thread-Gruppe 1-51
2025-02-28 10:56:40,988 INFO o.a.j.t.JMeterThread: Thread started: Thread-Gruppe 1-52
2025-02-28 10:56:41,122 INFO o.a.j.t.JMeterThread: Thread started: Thread-Gruppe 1-53
2025-02-28 10:56:41,255 INFO o.a.j.t.JMeterThread: Thread started: Thread-Gruppe 1-54
2025-02-28 10:56:41,300 INFO o.a.j.t.JMeterThread: Thread started: Thread-Gruppe 2-15
2025-02-28 10:56:41,387 INFO o.a.j.t.JMeterThread: Thread started: Thread-Gruppe 1-55
2025-02-28 10:56:41,520 INFO o.a.j.t.JMeterThread: Thread started: Thread-Gruppe 1-56
2025-02-28 10:56:41,652 INFO o.a.j.t.JMeterThread: Thread started: Thread-Gruppe 1-57
2025-02-28 10:56:41,787 INFO o.a.j.t.JMeterThread: Thread started: Thread-Gruppe 1-58
2025-02-28 10:56:41,798 INFO o.a.j.t.JMeterThread: Thread started: Thread-Gruppe 2-16
2025-02-28 10:56:41,919 INFO o.a.j.t.JMeterThread: Thread started: Thread-Gruppe 1-59
2025-02-28 10:56:42,052 INFO o.a.j.t.JMeterThread: Thread started: Thread-Gruppe 1-60
2025-02-28 10:56:42,185 INFO o.a.j.t.JMeterThread: Thread started: Thread-Gruppe 1-61
2025-02-28 10:56:42,302 INFO o.a.j.t.JMeterThread: Thread started: Thread-Gruppe 2-17
2025-02-28 10:56:42,316 INFO o.a.j.t.JMeterThread: Thread started: Thread-Gruppe 3-5
2025-02-28 10:56:42,325 INFO o.a.j.t.JMeterThread: Thread started: Thread-Gruppe 1-62
2025-02-28 10:56:42,453 INFO o.a.j.t.JMeterThread: Thread started: Thread-Gruppe 1-63
2025-02-28 10:56:42,584 INFO o.a.j.t.JMeterThread: Thread started: Thread-Gruppe 1-64
2025-02-28 10:56:42,717 INFO o.a.j.t.JMeterThread: Thread started: Thread-Gruppe 1-65
2025-02-28 10:56:42,800 INFO o.a.j.t.JMeterThread: Thread started: Thread-Gruppe 2-18
2025-02-28 10:56:42,853 INFO o.a.j.t.JMeterThread: Thread started: Thread-Gruppe 1-66
2025-02-28 10:56:42,984 INFO o.a.j.t.JMeterThread: Thread started: Thread-Gruppe 1-67
2025-02-28 10:56:43,119 INFO o.a.j.t.JMeterThread: Thread started: Thread-Gruppe 1-68
2025-02-28 10:56:43,251 INFO o.a.j.t.JMeterThread: Thread started: Thread-Gruppe 1-69
2025-02-28 10:56:43,301 INFO o.a.j.t.JMeterThread: Thread started: Thread-Gruppe 2-19
2025-02-28 10:56:43,383 INFO o.a.j.t.JMeterThread: Thread started: Thread-Gruppe 1-70
2025-02-28 10:56:43,517 INFO o.a.j.t.JMeterThread: Thread started: Thread-Gruppe 1-71
2025-02-28 10:56:43,649 INFO o.a.j.t.JMeterThread: Thread started: Thread-Gruppe 1-72
2025-02-28 10:56:43,783 INFO o.a.j.t.JMeterThread: Thread started: Thread-Gruppe 1-73
2025-02-28 10:56:43,800 INFO o.a.j.t.JMeterThread: Thread started: Thread-Gruppe 2-20
2025-02-28 10:56:43,915 INFO o.a.j.t.JMeterThread: Thread started: Thread-Gruppe 1-74
2025-02-28 10:56:44,047 INFO o.a.j.t.JMeterThread: Thread started: Thread-Gruppe 1-75
2025-02-28 10:57:00,153 INFO o.a.j.r.Summariser: summary +   1630 in 00:00:25 =   64.3/s Avg:   346 Min:   237 Max:   826 Err:     0 (0.00%) Active: 100 Started: 100 Finished: 0
2025-02-28 10:57:00,154 INFO o.a.j.r.Summariser: summary =   1631 in 00:01:27 =   18.8/s Avg:   346 Min:   237 Max:   826 Err:     0 (0.00%)
2025-02-28 10:57:30,029 INFO o.a.j.r.Summariser: summary +   2283 in 00:00:30 =   76.4/s Avg:   335 Min:   236 Max:  1114 Err:     0 (0.00%) Active: 100 Started: 100 Finished: 0
2025-02-28 10:57:30,031 INFO o.a.j.r.Summariser: summary =   3914 in 00:01:56 =   33.6/s Avg:   339 Min:   236 Max:  1114 Err:     0 (0.00%)
2025-02-28 10:58:00,011 INFO o.a.j.r.Summariser: summary +   2292 in 00:00:30 =   76.4/s Avg:   349 Min:   236 Max:  1034 Err:     0 (0.00%) Active: 100 Started: 100 Finished: 0
2025-02-28 10:58:00,012 INFO o.a.j.r.Summariser: summary =   6206 in 00:02:26 =   42.4/s Avg:   343 Min:   236 Max:  1114 Err:     0 (0.00%)
2025-02-28 10:58:30,043 INFO o.a.j.r.Summariser: summary +   2283 in 00:00:30 =   76.0/s Avg:   329 Min:   237 Max:   844 Err:     0 (0.00%) Active: 100 Started: 100 Finished: 0
2025-02-28 10:58:30,044 INFO o.a.j.r.Summariser: summary =   8489 in 00:02:56 =   48.1/s Avg:   339 Min:   236 Max:  1114 Err:     0 (0.00%)
2025-02-28 10:59:00,016 INFO o.a.j.r.Summariser: summary +   2291 in 00:00:30 =   76.4/s Avg:   351 Min:   236 Max:  1099 Err:     0 (0.00%) Active: 100 Started: 100 Finished: 0
2025-02-28 10:59:00,017 INFO o.a.j.r.Summariser: summary =  10780 in 00:03:26 =   52.2/s Avg:   342 Min:   236 Max:  1114 Err:     0 (0.00%)
2025-02-28 10:59:30,006 INFO o.a.j.r.Summariser: summary +   2291 in 00:00:30 =   76.4/s Avg:   317 Min:   238 Max:   831 Err:     0 (0.00%) Active: 100 Started: 100 Finished: 0
2025-02-28 10:59:30,007 INFO o.a.j.r.Summariser: summary =  13071 in 00:03:56 =   55.3/s Avg:   337 Min:   236 Max:  1114 Err:     0 (0.00%)
2025-02-28 11:00:00,012 INFO o.a.j.r.Summariser: summary +   2279 in 00:00:30 =   76.0/s Avg:   348 Min:   240 Max:  1146 Err:     0 (0.00%) Active: 100 Started: 100 Finished: 0
2025-02-28 11:00:00,013 INFO o.a.j.r.Summariser: summary =  15350 in 00:04:26 =   57.6/s Avg:   339 Min:   236 Max:  1146 Err:     0 (0.00%)
2025-02-28 11:00:30,021 INFO o.a.j.r.Summariser: summary +   2293 in 00:00:30 =   76.4/s Avg:   332 Min:   243 Max:  1008 Err:     0 (0.00%) Active: 100 Started: 100 Finished: 0
2025-02-28 11:00:30,022 INFO o.a.j.r.Summariser: summary =  17643 in 00:04:56 =   59.5/s Avg:   338 Min:   236 Max:  1146 Err:     0 (0.00%)
2025-02-28 11:01:00,021 INFO o.a.j.r.Summariser: summary +   2285 in 00:00:30 =   76.2/s Avg:   344 Min:   235 Max:  1098 Err:     0 (0.00%) Active: 100 Started: 100 Finished: 0
2025-02-28 11:01:00,022 INFO o.a.j.r.Summariser: summary =  19928 in 00:05:26 =   61.0/s Avg:   339 Min:   235 Max:  1146 Err:     0 (0.00%)
2025-02-28 11:01:30,006 INFO o.a.j.r.Summariser: summary +   2293 in 00:00:30 =   76.5/s Avg:   332 Min:   235 Max:   980 Err:     0 (0.00%) Active: 100 Started: 100 Finished: 0
2025-02-28 11:01:30,007 INFO o.a.j.r.Summariser: summary =  22221 in 00:05:56 =   62.3/s Avg:   338 Min:   235 Max:  1146 Err:     0 (0.00%)
2025-02-28 11:02:00,018 INFO o.a.j.r.Summariser: summary +   2294 in 00:00:30 =   76.4/s Avg:   336 Min:   236 Max:  1062 Err:     0 (0.00%) Active: 100 Started: 100 Finished: 0
2025-02-28 11:02:00,018 INFO o.a.j.r.Summariser: summary =  24515 in 00:06:26 =   63.4/s Avg:   338 Min:   235 Max:  1146 Err:     0 (0.00%)
2025-02-28 11:02:30,003 INFO o.a.j.r.Summariser: summary +   2293 in 00:00:30 =   76.5/s Avg:   333 Min:   242 Max:   821 Err:     0 (0.00%) Active: 100 Started: 100 Finished: 0
2025-02-28 11:02:30,004 INFO o.a.j.r.Summariser: summary =  26808 in 00:06:56 =   64.4/s Avg:   337 Min:   235 Max:  1146 Err:     0 (0.00%)
2025-02-28 11:03:00,003 INFO o.a.j.r.Summariser: summary +   2290 in 00:00:30 =   76.3/s Avg:   345 Min:   239 Max:  1104 Err:     0 (0.00%) Active: 100 Started: 100 Finished: 0
2025-02-28 11:03:00,004 INFO o.a.j.r.Summariser: summary =  29098 in 00:07:26 =   65.2/s Avg:   338 Min:   235 Max:  1146 Err:     0 (0.00%)
2025-02-28 11:03:30,036 INFO o.a.j.r.Summariser: summary +   2287 in 00:00:30 =   76.2/s Avg:   327 Min:   238 Max:  1034 Err:     0 (0.00%) Active: 100 Started: 100 Finished: 0
2025-02-28 11:03:30,037 INFO o.a.j.r.Summariser: summary =  31385 in 00:07:56 =   65.9/s Avg:   337 Min:   235 Max:  1146 Err:     0 (0.00%)
2025-02-28 11:04:00,006 INFO o.a.j.r.Summariser: summary +   2287 in 00:00:30 =   76.3/s Avg:   348 Min:   235 Max:  1085 Err:     0 (0.00%) Active: 100 Started: 100 Finished: 0
2025-02-28 11:04:00,007 INFO o.a.j.r.Summariser: summary =  33672 in 00:08:26 =   66.5/s Avg:   338 Min:   235 Max:  1146 Err:     0 (0.00%)
2025-02-28 11:04:30,040 INFO o.a.j.r.Summariser: summary +   2292 in 00:00:30 =   76.3/s Avg:   332 Min:   234 Max:  1062 Err:     0 (0.00%) Active: 100 Started: 100 Finished: 0
2025-02-28 11:04:30,043 INFO o.a.j.r.Summariser: summary =  35964 in 00:08:56 =   67.0/s Avg:   338 Min:   234 Max:  1146 Err:     0 (0.00%)
2025-02-28 11:05:00,038 INFO o.a.j.r.Summariser: summary +   2287 in 00:00:30 =   76.2/s Avg:   347 Min:   234 Max:  1053 Err:     0 (0.00%) Active: 100 Started: 100 Finished: 0
2025-02-28 11:05:00,039 INFO o.a.j.r.Summariser: summary =  38251 in 00:09:26 =   67.5/s Avg:   338 Min:   234 Max:  1146 Err:     0 (0.00%)
2025-02-28 11:05:30,042 INFO o.a.j.r.Summariser: summary +   2296 in 00:00:30 =   76.5/s Avg:   331 Min:   242 Max:  1019 Err:     0 (0.00%) Active: 100 Started: 100 Finished: 0
2025-02-28 11:05:30,043 INFO o.a.j.r.Summariser: summary =  40547 in 00:09:56 =   68.0/s Avg:   338 Min:   234 Max:  1146 Err:     0 (0.00%)
2025-02-28 11:06:00,020 INFO o.a.j.r.Summariser: summary +   2279 in 00:00:30 =   76.0/s Avg:   335 Min:   243 Max:  1108 Err:     0 (0.00%) Active: 100 Started: 100 Finished: 0
2025-02-28 11:06:00,021 INFO o.a.j.r.Summariser: summary =  42826 in 00:10:26 =   68.4/s Avg:   338 Min:   234 Max:  1146 Err:     0 (0.00%)
2025-02-28 11:06:30,006 INFO o.a.j.r.Summariser: summary +   2291 in 00:00:30 =   76.4/s Avg:   331 Min:   240 Max:  1036 Err:     0 (0.00%) Active: 100 Started: 100 Finished: 0
2025-02-28 11:06:30,007 INFO o.a.j.r.Summariser: summary =  45117 in 00:10:56 =   68.7/s Avg:   337 Min:   234 Max:  1146 Err:     0 (0.00%)
2025-02-28 11:06:32,518 INFO o.a.j.t.JMeterThread: Thread finished: Thread-Gruppe 1-1
2025-02-28 11:06:32,569 INFO o.a.j.t.JMeterThread: Thread finished: Thread-Gruppe 1-47
2025-02-28 11:06:32,575 INFO o.a.j.t.JMeterThread: Thread finished: Thread-Gruppe 1-62
2025-02-28 11:06:32,594 INFO o.a.j.t.JMeterThread: Thread finished: Thread-Gruppe 1-17
2025-02-28 11:06:32,600 INFO o.a.j.t.JMeterThread: Thread finished: Thread-Gruppe 1-2
2025-02-28 11:06:32,735 INFO o.a.j.t.JMeterThread: Thread finished: Thread-Gruppe 1-63
2025-02-28 11:06:32,735 INFO o.a.j.t.JMeterThread: Thread finished: Thread-Gruppe 1-18
2025-02-28 11:06:32,735 INFO o.a.j.t.JMeterThread: Thread finished: Thread-Gruppe 1-48
2025-02-28 11:06:32,738 INFO o.a.j.t.JMeterThread: Thread finished: Thread-Gruppe 1-3
2025-02-28 11:06:32,832 INFO o.a.j.t.JMeterThread: Thread finished: Thread-Gruppe 1-64
2025-02-28 11:06:32,848 INFO o.a.j.t.JMeterThread: Thread finished: Thread-Gruppe 1-49
2025-02-28 11:06:32,848 INFO o.a.j.t.JMeterThread: Thread finished: Thread-Gruppe 1-19
2025-02-28 11:06:32,875 INFO o.a.j.t.JMeterThread: Thread finished: Thread-Gruppe 1-4
2025-02-28 11:06:32,977 INFO o.a.j.t.JMeterThread: Thread finished: Thread-Gruppe 1-65
2025-02-28 11:06:32,991 INFO o.a.j.t.JMeterThread: Thread finished: Thread-Gruppe 1-20
2025-02-28 11:06:32,992 INFO o.a.j.t.JMeterThread: Thread finished: Thread-Gruppe 1-50
2025-02-28 11:06:33,007 INFO o.a.j.t.JMeterThread: Thread finished: Thread-Gruppe 1-5
2025-02-28 11:06:33,069 INFO o.a.j.t.JMeterThread: Thread finished: Thread-Gruppe 1-32
2025-02-28 11:06:33,105 INFO o.a.j.t.JMeterThread: Thread finished: Thread-Gruppe 1-51
2025-02-28 11:06:33,110 INFO o.a.j.t.JMeterThread: Thread finished: Thread-Gruppe 1-66
2025-02-28 11:06:33,116 INFO o.a.j.t.JMeterThread: Thread finished: Thread-Gruppe 1-21
2025-02-28 11:06:33,147 INFO o.a.j.t.JMeterThread: Thread finished: Thread-Gruppe 1-6
2025-02-28 11:06:33,228 INFO o.a.j.t.JMeterThread: Thread finished: Thread-Gruppe 1-33
2025-02-28 11:06:33,237 INFO o.a.j.t.JMeterThread: Thread finished: Thread-Gruppe 1-67
2025-02-28 11:06:33,256 INFO o.a.j.t.JMeterThread: Thread finished: Thread-Gruppe 1-7
2025-02-28 11:06:33,256 INFO o.a.j.t.JMeterThread: Thread finished: Thread-Gruppe 1-22
2025-02-28 11:06:33,266 INFO o.a.j.t.JMeterThread: Thread finished: Thread-Gruppe 1-52
2025-02-28 11:06:33,365 INFO o.a.j.t.JMeterThread: Thread finished: Thread-Gruppe 1-34
2025-02-28 11:06:33,368 INFO o.a.j.t.JMeterThread: Thread finished: Thread-Gruppe 1-53
2025-02-28 11:06:33,380 INFO o.a.j.t.JMeterThread: Thread finished: Thread-Gruppe 1-68
2025-02-28 11:06:33,386 INFO o.a.j.t.JMeterThread: Thread finished: Thread-Gruppe 1-23
2025-02-28 11:06:33,390 INFO o.a.j.t.JMeterThread: Thread finished: Thread-Gruppe 1-8
2025-02-28 11:06:33,487 INFO o.a.j.t.JMeterThread: Thread finished: Thread-Gruppe 1-35
2025-02-28 11:06:33,508 INFO o.a.j.t.JMeterThread: Thread finished: Thread-Gruppe 1-69
2025-02-28 11:06:33,509 INFO o.a.j.t.JMeterThread: Thread finished: Thread-Gruppe 1-54
2025-02-28 11:06:33,513 INFO o.a.j.t.JMeterThread: Thread finished: Thread-Gruppe 1-9
2025-02-28 11:06:33,524 INFO o.a.j.t.JMeterThread: Thread finished: Thread-Gruppe 1-24
2025-02-28 11:06:33,637 INFO o.a.j.t.JMeterThread: Thread finished: Thread-Gruppe 1-55
2025-02-28 11:06:33,643 INFO o.a.j.t.JMeterThread: Thread finished: Thread-Gruppe 1-36
2025-02-28 11:06:33,643 INFO o.a.j.t.JMeterThread: Thread finished: Thread-Gruppe 1-70
2025-02-28 11:06:33,645 INFO o.a.j.t.JMeterThread: Thread finished: Thread-Gruppe 1-25
2025-02-28 11:06:33,653 INFO o.a.j.t.JMeterThread: Thread finished: Thread-Gruppe 1-10
2025-02-28 11:06:33,750 INFO o.a.j.t.JMeterThread: Thread finished: Thread-Gruppe 1-37
2025-02-28 11:06:33,772 INFO o.a.j.t.JMeterThread: Thread finished: Thread-Gruppe 1-56
2025-02-28 11:06:33,779 INFO o.a.j.t.JMeterThread: Thread finished: Thread-Gruppe 1-71
2025-02-28 11:06:33,785 INFO o.a.j.t.JMeterThread: Thread finished: Thread-Gruppe 1-26
2025-02-28 11:06:33,788 INFO o.a.j.t.JMeterThread: Thread finished: Thread-Gruppe 1-11
2025-02-28 11:06:33,905 INFO o.a.j.t.JMeterThread: Thread finished: Thread-Gruppe 1-72
2025-02-28 11:06:33,905 INFO o.a.j.t.JMeterThread: Thread finished: Thread-Gruppe 1-57
2025-02-28 11:06:33,914 INFO o.a.j.t.JMeterThread: Thread finished: Thread-Gruppe 1-27
2025-02-28 11:06:33,920 INFO o.a.j.t.JMeterThread: Thread finished: Thread-Gruppe 1-12
2025-02-28 11:06:33,925 INFO o.a.j.t.JMeterThread: Thread finished: Thread-Gruppe 1-38
2025-02-28 11:06:33,955 INFO o.a.j.t.JMeterThread: Thread finished: Thread-Gruppe 2-1
2025-02-28 11:06:34,004 INFO o.a.j.t.JMeterThread: Thread finished: Thread-Gruppe 2-15
2025-02-28 11:06:34,012 INFO o.a.j.t.JMeterThread: Thread finished: Thread-Gruppe 2-2
2025-02-28 11:06:34,036 INFO o.a.j.t.JMeterThread: Thread finished: Thread-Gruppe 1-73
2025-02-28 11:06:34,037 INFO o.a.j.t.JMeterThread: Thread finished: Thread-Gruppe 1-39
2025-02-28 11:06:34,042 INFO o.a.j.t.JMeterThread: Thread finished: Thread-Gruppe 1-58
2025-02-28 11:06:34,042 INFO o.a.j.t.JMeterThread: Thread finished: Thread-Gruppe 1-28
2025-02-28 11:06:34,062 INFO o.a.j.t.JMeterThread: Thread finished: Thread-Gruppe 1-13
2025-02-28 11:06:34,082 INFO o.a.j.t.JMeterThread: Thread finished: Thread-Gruppe 3-1
2025-02-28 11:06:34,086 INFO o.a.j.t.JMeterThread: Thread finished: Thread-Gruppe 2-17
2025-02-28 11:06:34,154 INFO o.a.j.t.JMeterThread: Thread finished: Thread-Gruppe 1-40
2025-02-28 11:06:34,166 INFO o.a.j.t.JMeterThread: Thread finished: Thread-Gruppe 2-8
2025-02-28 11:06:34,173 INFO o.a.j.t.JMeterThread: Thread finished: Thread-Gruppe 1-74
2025-02-28 11:06:34,173 INFO o.a.j.t.JMeterThread: Thread finished: Thread-Gruppe 1-59
2025-02-28 11:06:34,193 INFO o.a.j.t.JMeterThread: Thread finished: Thread-Gruppe 1-29
2025-02-28 11:06:34,208 INFO o.a.j.t.JMeterThread: Thread finished: Thread-Gruppe 1-14
2025-02-28 11:06:34,228 INFO o.a.j.t.JMeterThread: Thread finished: Thread-Gruppe 3-4
2025-02-28 11:06:34,265 INFO o.a.j.t.JMeterThread: Thread finished: Thread-Gruppe 2-11
2025-02-28 11:06:34,266 INFO o.a.j.t.JMeterThread: Thread finished: Thread-Gruppe 2-3
2025-02-28 11:06:34,285 INFO o.a.j.t.JMeterThread: Thread finished: Thread-Gruppe 2-10
2025-02-28 11:06:34,296 INFO o.a.j.t.JMeterThread: Stopping because end time detected by thread: Thread-Gruppe 1-41
2025-02-28 11:06:34,296 INFO o.a.j.t.JMeterThread: Thread finished: Thread-Gruppe 1-41
2025-02-28 11:06:34,301 INFO o.a.j.t.JMeterThread: Stopping because end time detected by thread: Thread-Gruppe 1-60
2025-02-28 11:06:34,301 INFO o.a.j.t.JMeterThread: Thread finished: Thread-Gruppe 1-60
2025-02-28 11:06:34,301 INFO o.a.j.t.JMeterThread: Stopping because end time detected by thread: Thread-Gruppe 1-75
2025-02-28 11:06:34,301 INFO o.a.j.t.JMeterThread: Thread finished: Thread-Gruppe 1-75
2025-02-28 11:06:34,314 INFO o.a.j.t.JMeterThread: Stopping because end time detected by thread: Thread-Gruppe 2-9
2025-02-28 11:06:34,314 INFO o.a.j.t.JMeterThread: Thread finished: Thread-Gruppe 2-9
2025-02-28 11:06:34,316 INFO o.a.j.t.JMeterThread: Stopping because end time detected by thread: Thread-Gruppe 1-15
2025-02-28 11:06:34,316 INFO o.a.j.t.JMeterThread: Thread finished: Thread-Gruppe 1-15
2025-02-28 11:06:34,319 INFO o.a.j.t.JMeterThread: Stopping because end time detected by thread: Thread-Gruppe 1-30
2025-02-28 11:06:34,319 INFO o.a.j.t.JMeterThread: Thread finished: Thread-Gruppe 1-30
2025-02-28 11:06:34,319 INFO o.a.j.t.JMeterThread: Stopping because end time detected by thread: Thread-Gruppe 2-5
2025-02-28 11:06:34,319 INFO o.a.j.t.JMeterThread: Thread finished: Thread-Gruppe 2-5
2025-02-28 11:06:34,332 INFO o.a.j.t.JMeterThread: Stopping because end time detected by thread: Thread-Gruppe 2-16
2025-02-28 11:06:34,332 INFO o.a.j.t.JMeterThread: Thread finished: Thread-Gruppe 2-16
2025-02-28 11:06:34,332 INFO o.a.j.t.JMeterThread: Stopping because end time detected by thread: Thread-Gruppe 2-14
2025-02-28 11:06:34,332 INFO o.a.j.t.JMeterThread: Thread finished: Thread-Gruppe 2-14
2025-02-28 11:06:34,357 INFO o.a.j.t.JMeterThread: Stopping because end time detected by thread: Thread-Gruppe 2-4
2025-02-28 11:06:34,357 INFO o.a.j.t.JMeterThread: Thread finished: Thread-Gruppe 2-4
2025-02-28 11:06:34,368 INFO o.a.j.t.JMeterThread: Stopping because end time detected by thread: Thread-Gruppe 2-7
2025-02-28 11:06:34,368 INFO o.a.j.t.JMeterThread: Thread finished: Thread-Gruppe 2-7
2025-02-28 11:06:34,411 INFO o.a.j.t.JMeterThread: Stopping because end time detected by thread: Thread-Gruppe 1-42
2025-02-28 11:06:34,411 INFO o.a.j.t.JMeterThread: Thread finished: Thread-Gruppe 1-42
2025-02-28 11:06:34,433 INFO o.a.j.t.JMeterThread: Stopping because end time detected by thread: Thread-Gruppe 1-61
2025-02-28 11:06:34,435 INFO o.a.j.t.JMeterThread: Thread finished: Thread-Gruppe 1-61
2025-02-28 11:06:34,443 INFO o.a.j.t.JMeterThread: Stopping because end time detected by thread: Thread-Gruppe 1-31
2025-02-28 11:06:34,443 INFO o.a.j.t.JMeterThread: Thread finished: Thread-Gruppe 1-31
2025-02-28 11:06:34,443 INFO o.a.j.t.JMeterThread: Stopping because end time detected by thread: Thread-Gruppe 2-20
2025-02-28 11:06:34,443 INFO o.a.j.t.JMeterThread: Thread finished: Thread-Gruppe 2-20
2025-02-28 11:06:34,459 INFO o.a.j.t.JMeterThread: Stopping because end time detected by thread: Thread-Gruppe 1-16
2025-02-28 11:06:34,459 INFO o.a.j.t.JMeterThread: Thread finished: Thread-Gruppe 1-16
2025-02-28 11:06:34,459 INFO o.a.j.t.JMeterThread: Stopping because end time detected by thread: Thread-Gruppe 2-6
2025-02-28 11:06:34,459 INFO o.a.j.t.JMeterThread: Thread finished: Thread-Gruppe 2-6
2025-02-28 11:06:34,491 INFO o.a.j.t.JMeterThread: Stopping because end time detected by thread: Thread-Gruppe 2-19
2025-02-28 11:06:34,491 INFO o.a.j.t.JMeterThread: Thread finished: Thread-Gruppe 2-19
2025-02-28 11:06:34,491 INFO o.a.j.t.JMeterThread: Stopping because end time detected by thread: Thread-Gruppe 3-2
2025-02-28 11:06:34,491 INFO o.a.j.t.JMeterThread: Thread finished: Thread-Gruppe 3-2
2025-02-28 11:06:34,555 INFO o.a.j.t.JMeterThread: Stopping because end time detected by thread: Thread-Gruppe 3-5
2025-02-28 11:06:34,555 INFO o.a.j.t.JMeterThread: Thread finished: Thread-Gruppe 3-5
2025-02-28 11:06:34,559 INFO o.a.j.t.JMeterThread: Stopping because end time detected by thread: Thread-Gruppe 1-43
2025-02-28 11:06:34,559 INFO o.a.j.t.JMeterThread: Thread finished: Thread-Gruppe 1-43
2025-02-28 11:06:34,617 INFO o.a.j.t.JMeterThread: Stopping because end time detected by thread: Thread-Gruppe 2-12
2025-02-28 11:06:34,617 INFO o.a.j.t.JMeterThread: Thread finished: Thread-Gruppe 2-12
2025-02-28 11:06:34,650 INFO o.a.j.t.JMeterThread: Stopping because end time detected by thread: Thread-Gruppe 1-44
2025-02-28 11:06:34,650 INFO o.a.j.t.JMeterThread: Thread finished: Thread-Gruppe 1-44
2025-02-28 11:06:34,703 INFO o.a.j.t.JMeterThread: Stopping because end time detected by thread: Thread-Gruppe 2-18
2025-02-28 11:06:34,703 INFO o.a.j.t.JMeterThread: Thread finished: Thread-Gruppe 2-18
2025-02-28 11:06:34,792 INFO o.a.j.t.JMeterThread: Stopping because end time detected by thread: Thread-Gruppe 1-45
2025-02-28 11:06:34,792 INFO o.a.j.t.JMeterThread: Thread finished: Thread-Gruppe 1-45
2025-02-28 11:06:34,921 INFO o.a.j.t.JMeterThread: Stopping because end time detected by thread: Thread-Gruppe 2-13
2025-02-28 11:06:34,921 INFO o.a.j.t.JMeterThread: Thread finished: Thread-Gruppe 2-13
2025-02-28 11:06:34,936 INFO o.a.j.t.JMeterThread: Stopping because end time detected by thread: Thread-Gruppe 1-46
2025-02-28 11:06:34,936 INFO o.a.j.t.JMeterThread: Thread finished: Thread-Gruppe 1-46
2025-02-28 11:06:35,034 INFO o.a.j.t.JMeterThread: Stopping because end time detected by thread: Thread-Gruppe 3-3
2025-02-28 11:06:35,034 INFO o.a.j.t.JMeterThread: Thread finished: Thread-Gruppe 3-3
2025-02-28 11:06:35,034 INFO o.a.j.e.StandardJMeterEngine: Notifying test listeners of end of test
2025-02-28 11:06:35,047 INFO o.a.j.r.Summariser: summary +    357 in 00:00:05 =   70.8/s Avg:   352 Min:   243 Max:   834 Err:     0 (0.00%) Active: 0 Started: 100 Finished: 100
2025-02-28 11:06:35,047 INFO o.a.j.r.Summariser: summary =  45474 in 00:11:01 =   68.7/s Avg:   337 Min:   234 Max:  1146 Err:     0 (0.00%)
