2025-02-27 16:16:28,131 INFO o.a.j.u.JMeterUtils: Setting Locale to en_EN
2025-02-27 16:16:28,153 INFO o.a.j.JMeter: Loading user properties from: D:\Semester 7\CS4203 - Research and Development Project\Artifacts\apache-jmeter-5.6.3\bin\user.properties
2025-02-27 16:16:28,153 INFO o.a.j.JMeter: Loading system properties from: D:\Semester 7\CS4203 - Research and Development Project\Artifacts\apache-jmeter-5.6.3\bin\system.properties
2025-02-27 16:16:28,153 INFO o.a.j.JMeter: Setting JMeter property: lb_1_hostname=34.70.149.254
2025-02-27 16:16:28,153 INFO o.a.j.JMeter: Setting JMeter property: lb_2_hostname=35.232.62.106
2025-02-27 16:16:28,153 INFO o.a.j.JMeter: Setting JMeter property: lb_1_port=8090
2025-02-27 16:16:28,153 INFO o.a.j.JMeter: Setting JMeter property: lb_2_port=8091
2025-02-27 16:16:28,164 INFO o.a.j.JMeter: Setting JMeter property: warm_up_users=20
2025-02-27 16:16:28,164 INFO o.a.j.JMeter: Setting JMeter property: warm_up_time=60
2025-02-27 16:16:28,164 INFO o.a.j.JMeter: Setting JMeter property: test_run_time=600
2025-02-27 16:16:28,164 INFO o.a.j.JMeter: Setting JMeter property: ramp_up=10
2025-02-27 16:16:28,164 INFO o.a.j.JMeter: Setting JMeter property: group_1=75
2025-02-27 16:16:28,164 INFO o.a.j.JMeter: Setting JMeter property: group_2=20
2025-02-27 16:16:28,164 INFO o.a.j.JMeter: Setting JMeter property: group_3=5
2025-02-27 16:16:28,164 INFO o.a.j.JMeter: Setting JMeter property: group_1_request_rate=30
2025-02-27 16:16:28,164 INFO o.a.j.JMeter: Setting JMeter property: group_2_request_rate=90
2025-02-27 16:16:28,164 INFO o.a.j.JMeter: Setting JMeter property: group_3_request_rate=120
2025-02-27 16:16:28,164 INFO o.a.j.JMeter: Setting JMeter property: log_file=d:\Semester 7\CS4203 - Research and Development Project\Artifacts\rate-limiter-nginx\jmeter\cloud\2025_02_27_15_09_logs\token_bucket\redis_async_bucket_capacity_100_refill_rate_1.67_batch_percent_0.5\warm_up_results.csv
2025-02-27 16:16:28,164 INFO o.a.j.JMeter: Setting JMeter property: algorithm=token_bucket_redis_async_bucket_capacity_100_refill_rate_1.67_batch_percent_0.5
2025-02-27 16:16:28,164 INFO o.a.j.JMeter: Setting JMeter property: auth=/token_bucket/redis_async_bucket_capacity_100_refill_rate_1.67_batch_percent_0.5/tools.descartes.teastore.auth/rest
2025-02-27 16:16:28,164 INFO o.a.j.JMeter: Setting JMeter property: persistence=/token_bucket/redis_async_bucket_capacity_100_refill_rate_1.67_batch_percent_0.5/tools.descartes.teastore.persistence/rest
2025-02-27 16:16:28,164 INFO o.a.j.JMeter: Setting JMeter property: recommender=/token_bucket/redis_async_bucket_capacity_100_refill_rate_1.67_batch_percent_0.5/tools.descartes.teastore.recommender/rest
2025-02-27 16:16:28,164 INFO o.a.j.JMeter: Setting JMeter property: image=/token_bucket/redis_async_bucket_capacity_100_refill_rate_1.67_batch_percent_0.5/tools.descartes.teastore.image/rest
2025-02-27 16:16:28,164 INFO o.a.j.JMeter: Copyright (c) 1998-2024 The Apache Software Foundation
2025-02-27 16:16:28,164 INFO o.a.j.JMeter: Version 5.6.3
2025-02-27 16:16:28,164 INFO o.a.j.JMeter: java.version=11.0.22
2025-02-27 16:16:28,164 INFO o.a.j.JMeter: java.vm.name=Java HotSpot(TM) 64-Bit Server VM
2025-02-27 16:16:28,164 INFO o.a.j.JMeter: os.name=Windows 10
2025-02-27 16:16:28,164 INFO o.a.j.JMeter: os.arch=amd64
2025-02-27 16:16:28,164 INFO o.a.j.JMeter: os.version=10.0
2025-02-27 16:16:28,164 INFO o.a.j.JMeter: file.encoding=Cp1252
2025-02-27 16:16:28,164 INFO o.a.j.JMeter: java.awt.headless=true
2025-02-27 16:16:28,164 INFO o.a.j.JMeter: Max memory     =1073741824
2025-02-27 16:16:28,164 INFO o.a.j.JMeter: Available Processors =12
2025-02-27 16:16:28,179 INFO o.a.j.JMeter: Default Locale=English (EN)
2025-02-27 16:16:28,179 INFO o.a.j.JMeter: JMeter  Locale=English (EN)
2025-02-27 16:16:28,179 INFO o.a.j.JMeter: JMeterHome=D:\Semester 7\CS4203 - Research and Development Project\Artifacts\apache-jmeter-5.6.3
2025-02-27 16:16:28,194 INFO o.a.j.JMeter: user.dir  =D:\Semester 7\CS4203 - Research and Development Project\Artifacts\rate-limiter-nginx
2025-02-27 16:16:28,194 INFO o.a.j.JMeter: PWD       =D:\Semester 7\CS4203 - Research and Development Project\Artifacts\rate-limiter-nginx
2025-02-27 16:16:28,209 INFO o.a.j.JMeter: IP: 10.10.21.101 Name: KOBI-MSI-PC FullName: 10.10.21.101
2025-02-27 16:16:28,224 INFO o.a.j.s.FileServer: Default base='D:\Semester 7\CS4203 - Research and Development Project\Artifacts\rate-limiter-nginx'
2025-02-27 16:16:28,224 INFO o.a.j.s.FileServer: Set new base='d:\Semester 7\CS4203 - Research and Development Project\Artifacts\rate-limiter-nginx\jmeter\cloud'
2025-02-27 16:16:28,453 INFO o.a.j.s.SaveService: Testplan (JMX) version: 2.2. Testlog (JTL) version: 2.2
2025-02-27 16:16:28,478 INFO o.a.j.s.SaveService: Using SaveService properties version 5.0
2025-02-27 16:16:28,486 INFO o.a.j.s.SaveService: Using SaveService properties file encoding UTF-8
2025-02-27 16:16:28,486 INFO o.a.j.s.SaveService: Loading file: d:\Semester 7\CS4203 - Research and Development Project\Artifacts\rate-limiter-nginx\jmeter\cloud\teastore_performance.jmx
2025-02-27 16:16:28,553 INFO o.a.j.p.h.c.CookieManager: Settings: Delete null: true Check: true Allow variable: true Save: false Prefix: COOKIE_
2025-02-27 16:16:28,586 INFO o.a.j.p.h.s.HTTPSamplerBase: Parser for text/html is org.apache.jmeter.protocol.http.parser.LagartoBasedHtmlParser
2025-02-27 16:16:28,586 INFO o.a.j.p.h.s.HTTPSamplerBase: Parser for application/xhtml+xml is org.apache.jmeter.protocol.http.parser.LagartoBasedHtmlParser
2025-02-27 16:16:28,586 INFO o.a.j.p.h.s.HTTPSamplerBase: Parser for application/xml is org.apache.jmeter.protocol.http.parser.LagartoBasedHtmlParser
2025-02-27 16:16:28,586 INFO o.a.j.p.h.s.HTTPSamplerBase: Parser for text/xml is org.apache.jmeter.protocol.http.parser.LagartoBasedHtmlParser
2025-02-27 16:16:28,586 INFO o.a.j.p.h.s.HTTPSamplerBase: Parser for text/vnd.wap.wml is org.apache.jmeter.protocol.http.parser.RegexpHTMLParser
2025-02-27 16:16:28,586 INFO o.a.j.p.h.s.HTTPSamplerBase: Parser for text/css is org.apache.jmeter.protocol.http.parser.CssParser
2025-02-27 16:16:28,769 INFO o.a.j.s.SampleResult: Note: Sample TimeStamps are START times
2025-02-27 16:16:28,769 INFO o.a.j.s.SampleResult: sampleresult.default.encoding is set to UTF-8
2025-02-27 16:16:28,769 INFO o.a.j.s.SampleResult: sampleresult.useNanoTime=true
2025-02-27 16:16:28,769 INFO o.a.j.s.SampleResult: sampleresult.nanoThreadSleep=5000
2025-02-27 16:16:28,819 INFO o.a.j.JMeter: Creating summariser <summary>
2025-02-27 16:16:28,844 INFO o.a.j.e.StandardJMeterEngine: Running the test!
2025-02-27 16:16:28,845 INFO o.a.j.s.SampleEvent: List of sample_variables: []
2025-02-27 16:16:28,845 INFO o.a.j.s.SampleEvent: List of sample_variables: []
2025-02-27 16:16:28,865 INFO o.a.j.e.u.CompoundVariable: Note: Function class names must contain the string: '.functions.'
2025-02-27 16:16:28,865 INFO o.a.j.e.u.CompoundVariable: Note: Function class names must not contain the string: '.gui.'
2025-02-27 16:16:29,161 INFO o.a.j.r.ClassFinder: Will scan jar D:\Semester 7\CS4203 - Research and Development Project\Artifacts\apache-jmeter-5.6.3\lib\ext\jmeter-plugins-casutg-2.10.jar with filter ExtendsClassFilter [parents=[interface org.apache.jmeter.functions.Function], inner=false, contains=null, notContains=null]. Consider exposing JMeter plugins via META-INF/services, and add JMeter-Skip-Class-Scanning=true manifest attribute so JMeter can skip classfile scanning
2025-02-27 16:16:29,176 INFO o.a.j.r.ClassFinder: Will scan jar D:\Semester 7\CS4203 - Research and Development Project\Artifacts\apache-jmeter-5.6.3\lib\ext\jmeter-plugins-graphs-additional-2.0.jar with filter ExtendsClassFilter [parents=[interface org.apache.jmeter.functions.Function], inner=false, contains=null, notContains=null]. Consider exposing JMeter plugins via META-INF/services, and add JMeter-Skip-Class-Scanning=true manifest attribute so JMeter can skip classfile scanning
2025-02-27 16:16:29,191 INFO o.a.j.r.ClassFinder: Will scan jar D:\Semester 7\CS4203 - Research and Development Project\Artifacts\apache-jmeter-5.6.3\lib\ext\jmeter-plugins-perfmon-2.1.jar with filter ExtendsClassFilter [parents=[interface org.apache.jmeter.functions.Function], inner=false, contains=null, notContains=null]. Consider exposing JMeter plugins via META-INF/services, and add JMeter-Skip-Class-Scanning=true manifest attribute so JMeter can skip classfile scanning
2025-02-27 16:16:29,191 INFO o.a.j.r.ClassFinder: Will scan jar D:\Semester 7\CS4203 - Research and Development Project\Artifacts\apache-jmeter-5.6.3\lib\ext\json-lib-2.4-jdk15.jar with filter ExtendsClassFilter [parents=[interface org.apache.jmeter.functions.Function], inner=false, contains=null, notContains=null]. Consider exposing JMeter plugins via META-INF/services, and add JMeter-Skip-Class-Scanning=true manifest attribute so JMeter can skip classfile scanning
2025-02-27 16:16:29,226 INFO o.a.j.r.ClassFinder: Will scan jar D:\Semester 7\CS4203 - Research and Development Project\Artifacts\apache-jmeter-5.6.3\lib\ext\perfmon-2.2.2.jar with filter ExtendsClassFilter [parents=[interface org.apache.jmeter.functions.Function], inner=false, contains=null, notContains=null]. Consider exposing JMeter plugins via META-INF/services, and add JMeter-Skip-Class-Scanning=true manifest attribute so JMeter can skip classfile scanning
2025-02-27 16:16:29,245 INFO o.a.j.r.ClassFinder: Will scan jar D:\Semester 7\CS4203 - Research and Development Project\Artifacts\apache-jmeter-5.6.3\lib\ext\jmeter-plugins-manager-1.10.jar with filter ExtendsClassFilter [parents=[interface org.apache.jmeter.functions.Function], inner=false, contains=null, notContains=null]. Consider exposing JMeter plugins via META-INF/services, and add JMeter-Skip-Class-Scanning=true manifest attribute so JMeter can skip classfile scanning
2025-02-27 16:16:29,335 INFO o.a.j.r.ClassFinder: Will scan jar D:\Semester 7\CS4203 - Research and Development Project\Artifacts\apache-jmeter-5.6.3\lib\ext\jmeter-plugins-graphs-vs-2.0.jar with filter ExtendsClassFilter [parents=[interface org.apache.jmeter.functions.Function], inner=false, contains=null, notContains=null]. Consider exposing JMeter plugins via META-INF/services, and add JMeter-Skip-Class-Scanning=true manifest attribute so JMeter can skip classfile scanning
2025-02-27 16:16:29,350 INFO o.a.j.r.ClassFinder: Will scan jar D:\Semester 7\CS4203 - Research and Development Project\Artifacts\apache-jmeter-5.6.3\lib\ext\jmeter-parallel-0.12.jar with filter ExtendsClassFilter [parents=[interface org.apache.jmeter.functions.Function], inner=false, contains=null, notContains=null]. Consider exposing JMeter plugins via META-INF/services, and add JMeter-Skip-Class-Scanning=true manifest attribute so JMeter can skip classfile scanning
2025-02-27 16:16:29,350 INFO o.a.j.r.ClassFinder: Will scan jar D:\Semester 7\CS4203 - Research and Development Project\Artifacts\apache-jmeter-5.6.3\lib\ext\jmeter-plugins-tst-2.6.jar with filter ExtendsClassFilter [parents=[interface org.apache.jmeter.functions.Function], inner=false, contains=null, notContains=null]. Consider exposing JMeter plugins via META-INF/services, and add JMeter-Skip-Class-Scanning=true manifest attribute so JMeter can skip classfile scanning
2025-02-27 16:16:29,350 INFO o.a.j.r.ClassFinder: Will scan jar D:\Semester 7\CS4203 - Research and Development Project\Artifacts\apache-jmeter-5.6.3\lib\ext\jmeter-prometheus-plugin-0.6.0.jar with filter ExtendsClassFilter [parents=[interface org.apache.jmeter.functions.Function], inner=false, contains=null, notContains=null]. Consider exposing JMeter plugins via META-INF/services, and add JMeter-Skip-Class-Scanning=true manifest attribute so JMeter can skip classfile scanning
2025-02-27 16:16:29,365 INFO o.a.j.r.ClassFinder: Will scan jar D:\Semester 7\CS4203 - Research and Development Project\Artifacts\apache-jmeter-5.6.3\lib\ext\jmeter-plugins-graphs-basic-2.0.jar with filter ExtendsClassFilter [parents=[interface org.apache.jmeter.functions.Function], inner=false, contains=null, notContains=null]. Consider exposing JMeter plugins via META-INF/services, and add JMeter-Skip-Class-Scanning=true manifest attribute so JMeter can skip classfile scanning
2025-02-27 16:16:29,835 INFO o.a.j.JMeter: Running test (1740653189835)
2025-02-27 16:16:29,835 INFO o.a.j.e.StandardJMeterEngine: Starting setUp thread groups
2025-02-27 16:16:29,835 INFO o.a.j.e.StandardJMeterEngine: Starting setUp ThreadGroup: 1 : setUp Thread Group 
2025-02-27 16:16:29,835 INFO o.a.j.e.StandardJMeterEngine: Starting 20 threads for group setUp Thread Group.
2025-02-27 16:16:29,835 INFO o.a.j.e.StandardJMeterEngine: Thread will continue on error
2025-02-27 16:16:29,835 INFO o.a.j.t.ThreadGroup: Starting thread group... number=1 threads=20 ramp-up=10 delayedStart=false
2025-02-27 16:16:29,859 INFO o.a.j.t.JMeterThread: Thread started: setUp Thread Group 1-1
2025-02-27 16:16:29,910 INFO o.a.j.t.ThreadGroup: Started thread group number 1
2025-02-27 16:16:29,910 INFO o.a.j.e.StandardJMeterEngine: Waiting for all setup thread groups to exit
2025-02-27 16:16:30,369 INFO o.a.j.t.JMeterThread: Thread started: setUp Thread Group 1-2
2025-02-27 16:16:30,847 INFO o.a.j.t.JMeterThread: Thread started: setUp Thread Group 1-3
2025-02-27 16:16:30,930 INFO o.a.j.p.h.s.HTTPHCAbstractImpl: Local host = KOBI-MSI-PC
2025-02-27 16:16:30,936 INFO o.a.j.p.h.s.HTTPHC4Impl: HTTP request retry count = 0
2025-02-27 16:16:31,351 INFO o.a.j.t.JMeterThread: Thread started: setUp Thread Group 1-4
2025-02-27 16:16:31,845 INFO o.a.j.t.JMeterThread: Thread started: setUp Thread Group 1-5
2025-02-27 16:16:32,343 INFO o.a.j.t.JMeterThread: Thread started: setUp Thread Group 1-6
2025-02-27 16:16:32,843 INFO o.a.j.t.JMeterThread: Thread started: setUp Thread Group 1-7
2025-02-27 16:16:33,342 INFO o.a.j.t.JMeterThread: Thread started: setUp Thread Group 1-8
2025-02-27 16:16:33,841 INFO o.a.j.t.JMeterThread: Thread started: setUp Thread Group 1-9
2025-02-27 16:16:34,341 INFO o.a.j.t.JMeterThread: Thread started: setUp Thread Group 1-10
2025-02-27 16:16:34,839 INFO o.a.j.t.JMeterThread: Thread started: setUp Thread Group 1-11
2025-02-27 16:16:35,341 INFO o.a.j.t.JMeterThread: Thread started: setUp Thread Group 1-12
2025-02-27 16:16:35,841 INFO o.a.j.t.JMeterThread: Thread started: setUp Thread Group 1-13
2025-02-27 16:16:36,339 INFO o.a.j.t.JMeterThread: Thread started: setUp Thread Group 1-14
2025-02-27 16:16:36,840 INFO o.a.j.t.JMeterThread: Thread started: setUp Thread Group 1-15
2025-02-27 16:16:37,339 INFO o.a.j.t.JMeterThread: Thread started: setUp Thread Group 1-16
2025-02-27 16:16:37,839 INFO o.a.j.t.JMeterThread: Thread started: setUp Thread Group 1-17
2025-02-27 16:16:38,340 INFO o.a.j.t.JMeterThread: Thread started: setUp Thread Group 1-18
2025-02-27 16:16:38,840 INFO o.a.j.t.JMeterThread: Thread started: setUp Thread Group 1-19
2025-02-27 16:16:39,341 INFO o.a.j.t.JMeterThread: Thread started: setUp Thread Group 1-20
2025-02-27 16:17:29,751 INFO o.a.j.t.JMeterThread: Thread finished: setUp Thread Group 1-17
2025-02-27 16:17:29,751 INFO o.a.j.t.JMeterThread: Thread finished: setUp Thread Group 1-16
2025-02-27 16:17:29,757 INFO o.a.j.t.JMeterThread: Thread finished: setUp Thread Group 1-6
2025-02-27 16:17:29,764 INFO o.a.j.t.JMeterThread: Thread finished: setUp Thread Group 1-13
2025-02-27 16:17:29,811 INFO o.a.j.t.JMeterThread: Thread finished: setUp Thread Group 1-18
2025-02-27 16:17:29,837 INFO o.a.j.t.JMeterThread: Thread finished: setUp Thread Group 1-20
2025-02-27 16:17:29,852 INFO o.a.j.t.JMeterThread: Stopping because end time detected by thread: setUp Thread Group 1-1
2025-02-27 16:17:29,852 INFO o.a.j.t.JMeterThread: Thread finished: setUp Thread Group 1-1
2025-02-27 16:17:29,854 INFO o.a.j.t.JMeterThread: Thread finished: setUp Thread Group 1-14
2025-02-27 16:17:29,861 INFO o.a.j.t.JMeterThread: Stopping because end time detected by thread: setUp Thread Group 1-5
2025-02-27 16:17:29,861 INFO o.a.j.t.JMeterThread: Thread finished: setUp Thread Group 1-5
2025-02-27 16:17:29,873 INFO o.a.j.t.JMeterThread: Thread finished: setUp Thread Group 1-19
2025-02-27 16:17:29,873 INFO o.a.j.t.JMeterThread: Thread finished: setUp Thread Group 1-15
2025-02-27 16:17:29,891 INFO o.a.j.t.JMeterThread: Stopping because end time detected by thread: setUp Thread Group 1-2
2025-02-27 16:17:29,892 INFO o.a.j.t.JMeterThread: Thread finished: setUp Thread Group 1-2
2025-02-27 16:17:29,893 INFO o.a.j.t.JMeterThread: Stopping because end time detected by thread: setUp Thread Group 1-4
2025-02-27 16:17:29,893 INFO o.a.j.t.JMeterThread: Thread finished: setUp Thread Group 1-4
2025-02-27 16:17:29,996 INFO o.a.j.t.JMeterThread: Stopping because end time detected by thread: setUp Thread Group 1-3
2025-02-27 16:17:29,998 INFO o.a.j.t.JMeterThread: Thread finished: setUp Thread Group 1-3
2025-02-27 16:17:30,004 INFO o.a.j.t.JMeterThread: Stopping because end time detected by thread: setUp Thread Group 1-11
2025-02-27 16:17:30,004 INFO o.a.j.t.JMeterThread: Thread finished: setUp Thread Group 1-11
2025-02-27 16:17:30,042 INFO o.a.j.t.JMeterThread: Stopping because end time detected by thread: setUp Thread Group 1-9
2025-02-27 16:17:30,042 INFO o.a.j.t.JMeterThread: Thread finished: setUp Thread Group 1-9
2025-02-27 16:17:30,087 INFO o.a.j.t.JMeterThread: Stopping because end time detected by thread: setUp Thread Group 1-10
2025-02-27 16:17:30,088 INFO o.a.j.t.JMeterThread: Thread finished: setUp Thread Group 1-10
2025-02-27 16:17:30,109 INFO o.a.j.t.JMeterThread: Stopping because end time detected by thread: setUp Thread Group 1-7
2025-02-27 16:17:30,109 INFO o.a.j.t.JMeterThread: Thread finished: setUp Thread Group 1-7
2025-02-27 16:17:30,318 INFO o.a.j.t.JMeterThread: Stopping because end time detected by thread: setUp Thread Group 1-12
2025-02-27 16:17:30,318 INFO o.a.j.t.JMeterThread: Thread finished: setUp Thread Group 1-12
2025-02-27 16:17:30,552 INFO o.a.j.t.JMeterThread: Stopping because end time detected by thread: setUp Thread Group 1-8
2025-02-27 16:17:30,552 INFO o.a.j.t.JMeterThread: Thread finished: setUp Thread Group 1-8
2025-02-27 16:17:30,552 INFO o.a.j.e.StandardJMeterEngine: All Setup Threads have ended
2025-02-27 16:17:30,600 INFO o.a.j.e.StandardJMeterEngine: Starting ThreadGroup: 1 : Thread-Gruppe
2025-02-27 16:17:30,600 INFO o.a.j.e.StandardJMeterEngine: Starting 75 threads for group Thread-Gruppe.
2025-02-27 16:17:30,600 INFO o.a.j.e.StandardJMeterEngine: Thread will continue on error
2025-02-27 16:17:30,600 INFO o.a.j.t.ThreadGroup: Starting thread group... number=1 threads=75 ramp-up=10 delayedStart=false
2025-02-27 16:17:30,615 INFO o.a.j.t.JMeterThread: Thread started: Thread-Gruppe 1-1
2025-02-27 16:17:30,729 INFO o.a.j.t.ThreadGroup: Started thread group number 1
2025-02-27 16:17:30,729 INFO o.a.j.e.StandardJMeterEngine: Starting ThreadGroup: 2 : Thread-Gruppe
2025-02-27 16:17:30,729 INFO o.a.j.e.StandardJMeterEngine: Starting 20 threads for group Thread-Gruppe.
2025-02-27 16:17:30,729 INFO o.a.j.e.StandardJMeterEngine: Thread will continue on error
2025-02-27 16:17:30,729 INFO o.a.j.t.ThreadGroup: Starting thread group... number=2 threads=20 ramp-up=10 delayedStart=false
2025-02-27 16:17:30,731 INFO o.a.j.t.JMeterThread: Thread started: Thread-Gruppe 2-1
2025-02-27 16:17:30,737 INFO o.a.j.t.JMeterThread: Thread started: Thread-Gruppe 1-2
2025-02-27 16:17:30,760 INFO o.a.j.t.ThreadGroup: Started thread group number 2
2025-02-27 16:17:30,760 INFO o.a.j.e.StandardJMeterEngine: Starting ThreadGroup: 3 : Thread-Gruppe
2025-02-27 16:17:30,761 INFO o.a.j.e.StandardJMeterEngine: Starting 5 threads for group Thread-Gruppe.
2025-02-27 16:17:30,761 INFO o.a.j.e.StandardJMeterEngine: Thread will continue on error
2025-02-27 16:17:30,761 INFO o.a.j.t.ThreadGroup: Starting thread group... number=3 threads=5 ramp-up=10 delayedStart=false
2025-02-27 16:17:30,763 INFO o.a.j.t.JMeterThread: Thread started: Thread-Gruppe 3-1
2025-02-27 16:17:30,767 INFO o.a.j.t.ThreadGroup: Started thread group number 3
2025-02-27 16:17:30,767 INFO o.a.j.e.StandardJMeterEngine: All thread groups have been started
2025-02-27 16:17:30,871 INFO o.a.j.t.JMeterThread: Thread started: Thread-Gruppe 1-3
2025-02-27 16:17:31,001 INFO o.a.j.t.JMeterThread: Thread started: Thread-Gruppe 1-4
2025-02-27 16:17:31,136 INFO o.a.j.t.JMeterThread: Thread started: Thread-Gruppe 1-5
2025-02-27 16:17:31,180 INFO o.a.j.r.Summariser: summary +      1 in 00:01:01 =    0.0/s Avg:   503 Min:   503 Max:   503 Err:     0 (0.00%) Active: 7 Started: 7 Finished: 0
2025-02-27 16:17:31,231 INFO o.a.j.t.JMeterThread: Thread started: Thread-Gruppe 2-2
2025-02-27 16:17:31,268 INFO o.a.j.t.JMeterThread: Thread started: Thread-Gruppe 1-6
2025-02-27 16:17:31,401 INFO o.a.j.t.JMeterThread: Thread started: Thread-Gruppe 1-7
2025-02-27 16:17:31,535 INFO o.a.j.t.JMeterThread: Thread started: Thread-Gruppe 1-8
2025-02-27 16:17:31,668 INFO o.a.j.t.JMeterThread: Thread started: Thread-Gruppe 1-9
2025-02-27 16:17:31,731 INFO o.a.j.t.JMeterThread: Thread started: Thread-Gruppe 2-3
2025-02-27 16:17:31,802 INFO o.a.j.t.JMeterThread: Thread started: Thread-Gruppe 1-10
2025-02-27 16:17:31,935 INFO o.a.j.t.JMeterThread: Thread started: Thread-Gruppe 1-11
2025-02-27 16:17:32,068 INFO o.a.j.t.JMeterThread: Thread started: Thread-Gruppe 1-12
2025-02-27 16:17:32,200 INFO o.a.j.t.JMeterThread: Thread started: Thread-Gruppe 1-13
2025-02-27 16:17:32,232 INFO o.a.j.t.JMeterThread: Thread started: Thread-Gruppe 2-4
2025-02-27 16:17:32,332 INFO o.a.j.t.JMeterThread: Thread started: Thread-Gruppe 1-14
2025-02-27 16:17:32,466 INFO o.a.j.t.JMeterThread: Thread started: Thread-Gruppe 1-15
2025-02-27 16:17:32,598 INFO o.a.j.t.JMeterThread: Thread started: Thread-Gruppe 1-16
2025-02-27 16:17:32,731 INFO o.a.j.t.JMeterThread: Thread started: Thread-Gruppe 2-5
2025-02-27 16:17:32,732 INFO o.a.j.t.JMeterThread: Thread started: Thread-Gruppe 1-17
2025-02-27 16:17:32,763 INFO o.a.j.t.JMeterThread: Thread started: Thread-Gruppe 3-2
2025-02-27 16:17:32,864 INFO o.a.j.t.JMeterThread: Thread started: Thread-Gruppe 1-18
2025-02-27 16:17:32,997 INFO o.a.j.t.JMeterThread: Thread started: Thread-Gruppe 1-19
2025-02-27 16:17:33,131 INFO o.a.j.t.JMeterThread: Thread started: Thread-Gruppe 1-20
2025-02-27 16:17:33,233 INFO o.a.j.t.JMeterThread: Thread started: Thread-Gruppe 2-6
2025-02-27 16:17:33,265 INFO o.a.j.t.JMeterThread: Thread started: Thread-Gruppe 1-21
2025-02-27 16:17:33,397 INFO o.a.j.t.JMeterThread: Thread started: Thread-Gruppe 1-22
2025-02-27 16:17:33,529 INFO o.a.j.t.JMeterThread: Thread started: Thread-Gruppe 1-23
2025-02-27 16:17:33,662 INFO o.a.j.t.JMeterThread: Thread started: Thread-Gruppe 1-24
2025-02-27 16:17:33,733 INFO o.a.j.t.JMeterThread: Thread started: Thread-Gruppe 2-7
2025-02-27 16:17:33,795 INFO o.a.j.t.JMeterThread: Thread started: Thread-Gruppe 1-25
2025-02-27 16:17:33,927 INFO o.a.j.t.JMeterThread: Thread started: Thread-Gruppe 1-26
2025-02-27 16:17:34,061 INFO o.a.j.t.JMeterThread: Thread started: Thread-Gruppe 1-27
2025-02-27 16:17:34,194 INFO o.a.j.t.JMeterThread: Thread started: Thread-Gruppe 1-28
2025-02-27 16:17:34,233 INFO o.a.j.t.JMeterThread: Thread started: Thread-Gruppe 2-8
2025-02-27 16:17:34,327 INFO o.a.j.t.JMeterThread: Thread started: Thread-Gruppe 1-29
2025-02-27 16:17:34,461 INFO o.a.j.t.JMeterThread: Thread started: Thread-Gruppe 1-30
2025-02-27 16:17:34,594 INFO o.a.j.t.JMeterThread: Thread started: Thread-Gruppe 1-31
2025-02-27 16:17:34,726 INFO o.a.j.t.JMeterThread: Thread started: Thread-Gruppe 1-32
2025-02-27 16:17:34,732 INFO o.a.j.t.JMeterThread: Thread started: Thread-Gruppe 2-9
2025-02-27 16:17:34,764 INFO o.a.j.t.JMeterThread: Thread started: Thread-Gruppe 3-3
2025-02-27 16:17:34,860 INFO o.a.j.t.JMeterThread: Thread started: Thread-Gruppe 1-33
2025-02-27 16:17:34,994 INFO o.a.j.t.JMeterThread: Thread started: Thread-Gruppe 1-34
2025-02-27 16:17:35,127 INFO o.a.j.t.JMeterThread: Thread started: Thread-Gruppe 1-35
2025-02-27 16:17:35,233 INFO o.a.j.t.JMeterThread: Thread started: Thread-Gruppe 2-10
2025-02-27 16:17:35,259 INFO o.a.j.t.JMeterThread: Thread started: Thread-Gruppe 1-36
2025-02-27 16:17:35,391 INFO o.a.j.t.JMeterThread: Thread started: Thread-Gruppe 1-37
2025-02-27 16:17:35,525 INFO o.a.j.t.JMeterThread: Thread started: Thread-Gruppe 1-38
2025-02-27 16:17:35,656 INFO o.a.j.t.JMeterThread: Thread started: Thread-Gruppe 1-39
2025-02-27 16:17:35,733 INFO o.a.j.t.JMeterThread: Thread started: Thread-Gruppe 2-11
2025-02-27 16:17:35,791 INFO o.a.j.t.JMeterThread: Thread started: Thread-Gruppe 1-40
2025-02-27 16:17:35,924 INFO o.a.j.t.JMeterThread: Thread started: Thread-Gruppe 1-41
2025-02-27 16:17:36,055 INFO o.a.j.t.JMeterThread: Thread started: Thread-Gruppe 1-42
2025-02-27 16:17:36,189 INFO o.a.j.t.JMeterThread: Thread started: Thread-Gruppe 1-43
2025-02-27 16:17:36,232 INFO o.a.j.t.JMeterThread: Thread started: Thread-Gruppe 2-12
2025-02-27 16:17:36,321 INFO o.a.j.t.JMeterThread: Thread started: Thread-Gruppe 1-44
2025-02-27 16:17:36,456 INFO o.a.j.t.JMeterThread: Thread started: Thread-Gruppe 1-45
2025-02-27 16:17:36,588 INFO o.a.j.t.JMeterThread: Thread started: Thread-Gruppe 1-46
2025-02-27 16:17:36,721 INFO o.a.j.t.JMeterThread: Thread started: Thread-Gruppe 1-47
2025-02-27 16:17:36,732 INFO o.a.j.t.JMeterThread: Thread started: Thread-Gruppe 2-13
2025-02-27 16:17:36,764 INFO o.a.j.t.JMeterThread: Thread started: Thread-Gruppe 3-4
2025-02-27 16:17:36,853 INFO o.a.j.t.JMeterThread: Thread started: Thread-Gruppe 1-48
2025-02-27 16:17:36,986 INFO o.a.j.t.JMeterThread: Thread started: Thread-Gruppe 1-49
2025-02-27 16:17:37,119 INFO o.a.j.t.JMeterThread: Thread started: Thread-Gruppe 1-50
2025-02-27 16:17:37,233 INFO o.a.j.t.JMeterThread: Thread started: Thread-Gruppe 2-14
2025-02-27 16:17:37,253 INFO o.a.j.t.JMeterThread: Thread started: Thread-Gruppe 1-51
2025-02-27 16:17:37,386 INFO o.a.j.t.JMeterThread: Thread started: Thread-Gruppe 1-52
2025-02-27 16:17:37,518 INFO o.a.j.t.JMeterThread: Thread started: Thread-Gruppe 1-53
2025-02-27 16:17:37,651 INFO o.a.j.t.JMeterThread: Thread started: Thread-Gruppe 1-54
2025-02-27 16:17:37,733 INFO o.a.j.t.JMeterThread: Thread started: Thread-Gruppe 2-15
2025-02-27 16:17:37,785 INFO o.a.j.t.JMeterThread: Thread started: Thread-Gruppe 1-55
2025-02-27 16:17:37,919 INFO o.a.j.t.JMeterThread: Thread started: Thread-Gruppe 1-56
2025-02-27 16:17:38,051 INFO o.a.j.t.JMeterThread: Thread started: Thread-Gruppe 1-57
2025-02-27 16:17:38,184 INFO o.a.j.t.JMeterThread: Thread started: Thread-Gruppe 1-58
2025-02-27 16:17:38,232 INFO o.a.j.t.JMeterThread: Thread started: Thread-Gruppe 2-16
2025-02-27 16:17:38,317 INFO o.a.j.t.JMeterThread: Thread started: Thread-Gruppe 1-59
2025-02-27 16:17:38,451 INFO o.a.j.t.JMeterThread: Thread started: Thread-Gruppe 1-60
2025-02-27 16:17:38,585 INFO o.a.j.t.JMeterThread: Thread started: Thread-Gruppe 1-61
2025-02-27 16:17:38,715 INFO o.a.j.t.JMeterThread: Thread started: Thread-Gruppe 1-62
2025-02-27 16:17:38,734 INFO o.a.j.t.JMeterThread: Thread started: Thread-Gruppe 2-17
2025-02-27 16:17:38,763 INFO o.a.j.t.JMeterThread: Thread started: Thread-Gruppe 3-5
2025-02-27 16:17:38,848 INFO o.a.j.t.JMeterThread: Thread started: Thread-Gruppe 1-63
2025-02-27 16:17:38,981 INFO o.a.j.t.JMeterThread: Thread started: Thread-Gruppe 1-64
2025-02-27 16:17:39,114 INFO o.a.j.t.JMeterThread: Thread started: Thread-Gruppe 1-65
2025-02-27 16:17:39,233 INFO o.a.j.t.JMeterThread: Thread started: Thread-Gruppe 2-18
2025-02-27 16:17:39,248 INFO o.a.j.t.JMeterThread: Thread started: Thread-Gruppe 1-66
2025-02-27 16:17:39,381 INFO o.a.j.t.JMeterThread: Thread started: Thread-Gruppe 1-67
2025-02-27 16:17:39,514 INFO o.a.j.t.JMeterThread: Thread started: Thread-Gruppe 1-68
2025-02-27 16:17:39,647 INFO o.a.j.t.JMeterThread: Thread started: Thread-Gruppe 1-69
2025-02-27 16:17:39,733 INFO o.a.j.t.JMeterThread: Thread started: Thread-Gruppe 2-19
2025-02-27 16:17:39,780 INFO o.a.j.t.JMeterThread: Thread started: Thread-Gruppe 1-70
2025-02-27 16:17:39,913 INFO o.a.j.t.JMeterThread: Thread started: Thread-Gruppe 1-71
2025-02-27 16:17:40,046 INFO o.a.j.t.JMeterThread: Thread started: Thread-Gruppe 1-72
2025-02-27 16:17:40,180 INFO o.a.j.t.JMeterThread: Thread started: Thread-Gruppe 1-73
2025-02-27 16:17:40,231 INFO o.a.j.t.JMeterThread: Thread started: Thread-Gruppe 2-20
2025-02-27 16:17:40,311 INFO o.a.j.t.JMeterThread: Thread started: Thread-Gruppe 1-74
2025-02-27 16:17:40,446 INFO o.a.j.t.JMeterThread: Thread started: Thread-Gruppe 1-75
2025-02-27 16:18:00,029 INFO o.a.j.r.Summariser: summary +   1897 in 00:00:29 =   65.8/s Avg:   351 Min:   244 Max:  1093 Err:     0 (0.00%) Active: 100 Started: 100 Finished: 0
2025-02-27 16:18:00,030 INFO o.a.j.r.Summariser: summary =   1898 in 00:01:30 =   21.0/s Avg:   351 Min:   244 Max:  1093 Err:     0 (0.00%)
2025-02-27 16:18:30,004 INFO o.a.j.r.Summariser: summary +   2287 in 00:00:30 =   76.3/s Avg:   332 Min:   244 Max:   989 Err:     0 (0.00%) Active: 100 Started: 100 Finished: 0
2025-02-27 16:18:30,007 INFO o.a.j.r.Summariser: summary =   4185 in 00:02:00 =   34.8/s Avg:   340 Min:   244 Max:  1093 Err:     0 (0.00%)
2025-02-27 16:19:00,013 INFO o.a.j.r.Summariser: summary +   2290 in 00:00:30 =   76.3/s Avg:   341 Min:   246 Max:  1014 Err:     0 (0.00%) Active: 100 Started: 100 Finished: 0
2025-02-27 16:19:00,014 INFO o.a.j.r.Summariser: summary =   6475 in 00:02:30 =   43.1/s Avg:   341 Min:   244 Max:  1093 Err:     0 (0.00%)
2025-02-27 16:19:30,026 INFO o.a.j.r.Summariser: summary +   2292 in 00:00:30 =   76.4/s Avg:   331 Min:   246 Max:   823 Err:     0 (0.00%) Active: 100 Started: 100 Finished: 0
2025-02-27 16:19:30,027 INFO o.a.j.r.Summariser: summary =   8767 in 00:03:00 =   48.7/s Avg:   338 Min:   244 Max:  1093 Err:     0 (0.00%)
2025-02-27 16:20:00,030 INFO o.a.j.r.Summariser: summary +   2282 in 00:00:30 =   76.1/s Avg:   346 Min:   247 Max:  1145 Err:     0 (0.00%) Active: 100 Started: 100 Finished: 0
2025-02-27 16:20:00,030 INFO o.a.j.r.Summariser: summary =  11049 in 00:03:30 =   52.6/s Avg:   340 Min:   244 Max:  1145 Err:     0 (0.00%)
2025-02-27 16:20:30,021 INFO o.a.j.r.Summariser: summary +   2288 in 00:00:30 =   76.3/s Avg:   321 Min:   249 Max:   812 Err:     0 (0.00%) Active: 100 Started: 100 Finished: 0
2025-02-27 16:20:30,023 INFO o.a.j.r.Summariser: summary =  13337 in 00:04:00 =   55.5/s Avg:   337 Min:   244 Max:  1145 Err:     0 (0.00%)
2025-02-27 16:21:00,032 INFO o.a.j.r.Summariser: summary +   2279 in 00:00:30 =   75.9/s Avg:   346 Min:   248 Max:  1053 Err:     0 (0.00%) Active: 100 Started: 100 Finished: 0
2025-02-27 16:21:00,033 INFO o.a.j.r.Summariser: summary =  15616 in 00:04:30 =   57.8/s Avg:   338 Min:   244 Max:  1145 Err:     0 (0.00%)
2025-02-27 16:21:30,001 INFO o.a.j.r.Summariser: summary +   2267 in 00:00:30 =   75.6/s Avg:   343 Min:   248 Max:  2782 Err:     0 (0.00%) Active: 100 Started: 100 Finished: 0
2025-02-27 16:21:30,002 INFO o.a.j.r.Summariser: summary =  17883 in 00:05:00 =   59.6/s Avg:   339 Min:   244 Max:  2782 Err:     0 (0.00%)
2025-02-27 16:22:00,001 INFO o.a.j.r.Summariser: summary +   2281 in 00:00:30 =   76.0/s Avg:   346 Min:   249 Max:  1272 Err:     0 (0.00%) Active: 100 Started: 100 Finished: 0
2025-02-27 16:22:00,002 INFO o.a.j.r.Summariser: summary =  20164 in 00:05:30 =   61.1/s Avg:   339 Min:   244 Max:  2782 Err:     0 (0.00%)
2025-02-27 16:22:30,018 INFO o.a.j.r.Summariser: summary +   2291 in 00:00:30 =   76.3/s Avg:   328 Min:   248 Max:   868 Err:     0 (0.00%) Active: 100 Started: 100 Finished: 0
2025-02-27 16:22:30,019 INFO o.a.j.r.Summariser: summary =  22455 in 00:06:00 =   62.3/s Avg:   338 Min:   244 Max:  2782 Err:     0 (0.00%)
2025-02-27 16:23:00,024 INFO o.a.j.r.Summariser: summary +   2287 in 00:00:30 =   76.2/s Avg:   337 Min:   248 Max:  1146 Err:     0 (0.00%) Active: 100 Started: 100 Finished: 0
2025-02-27 16:23:00,024 INFO o.a.j.r.Summariser: summary =  24742 in 00:06:30 =   63.4/s Avg:   338 Min:   244 Max:  2782 Err:     0 (0.00%)
2025-02-27 16:23:30,010 INFO o.a.j.r.Summariser: summary +   2299 in 00:00:30 =   76.7/s Avg:   327 Min:   249 Max:   873 Err:     0 (0.00%) Active: 100 Started: 100 Finished: 0
2025-02-27 16:23:30,012 INFO o.a.j.r.Summariser: summary =  27041 in 00:07:00 =   64.4/s Avg:   337 Min:   244 Max:  2782 Err:     0 (0.00%)
2025-02-27 16:24:00,004 INFO o.a.j.r.Summariser: summary +   2284 in 00:00:30 =   76.1/s Avg:   349 Min:   249 Max:  1129 Err:     0 (0.00%) Active: 100 Started: 100 Finished: 0
2025-02-27 16:24:00,007 INFO o.a.j.r.Summariser: summary =  29325 in 00:07:30 =   65.1/s Avg:   338 Min:   244 Max:  2782 Err:     0 (0.00%)
2025-02-27 16:24:30,043 INFO o.a.j.r.Summariser: summary +   2289 in 00:00:30 =   76.2/s Avg:   328 Min:   248 Max:  1092 Err:     0 (0.00%) Active: 100 Started: 100 Finished: 0
2025-02-27 16:24:30,044 INFO o.a.j.r.Summariser: summary =  31614 in 00:08:00 =   65.8/s Avg:   338 Min:   244 Max:  2782 Err:     0 (0.00%)
2025-02-27 16:25:00,012 INFO o.a.j.r.Summariser: summary +   2290 in 00:00:30 =   76.4/s Avg:   356 Min:   249 Max:  1075 Err:     0 (0.00%) Active: 100 Started: 100 Finished: 0
2025-02-27 16:25:00,013 INFO o.a.j.r.Summariser: summary =  33904 in 00:08:30 =   66.5/s Avg:   339 Min:   244 Max:  2782 Err:     0 (0.00%)
2025-02-27 16:25:30,007 INFO o.a.j.r.Summariser: summary +   2290 in 00:00:30 =   76.3/s Avg:   322 Min:   249 Max:  1000 Err:     0 (0.00%) Active: 100 Started: 100 Finished: 0
2025-02-27 16:25:30,008 INFO o.a.j.r.Summariser: summary =  36194 in 00:09:00 =   67.0/s Avg:   338 Min:   244 Max:  2782 Err:     0 (0.00%)
2025-02-27 16:26:00,007 INFO o.a.j.r.Summariser: summary +   2286 in 00:00:30 =   76.2/s Avg:   355 Min:   249 Max:  1047 Err:     0 (0.00%) Active: 100 Started: 100 Finished: 0
2025-02-27 16:26:00,010 INFO o.a.j.r.Summariser: summary =  38480 in 00:09:30 =   67.5/s Avg:   339 Min:   244 Max:  2782 Err:     0 (0.00%)
2025-02-27 16:26:30,007 INFO o.a.j.r.Summariser: summary +   2291 in 00:00:30 =   76.4/s Avg:   328 Min:   248 Max:   996 Err:     0 (0.00%) Active: 100 Started: 100 Finished: 0
2025-02-27 16:26:30,008 INFO o.a.j.r.Summariser: summary =  40771 in 00:10:00 =   67.9/s Avg:   338 Min:   244 Max:  2782 Err:     0 (0.00%)
2025-02-27 16:27:00,037 INFO o.a.j.r.Summariser: summary +   2275 in 00:00:30 =   75.8/s Avg:   359 Min:   244 Max:  1249 Err:     0 (0.00%) Active: 100 Started: 100 Finished: 0
2025-02-27 16:27:00,038 INFO o.a.j.r.Summariser: summary =  43046 in 00:10:30 =   68.3/s Avg:   339 Min:   244 Max:  2782 Err:     0 (0.00%)
2025-02-27 16:27:28,955 INFO o.a.j.t.JMeterThread: Thread finished: Thread-Gruppe 1-1
2025-02-27 16:27:28,977 INFO o.a.j.t.JMeterThread: Thread finished: Thread-Gruppe 1-62
2025-02-27 16:27:28,993 INFO o.a.j.t.JMeterThread: Thread finished: Thread-Gruppe 1-47
2025-02-27 16:27:29,002 INFO o.a.j.t.JMeterThread: Thread finished: Thread-Gruppe 1-17
2025-02-27 16:27:29,010 INFO o.a.j.t.JMeterThread: Thread finished: Thread-Gruppe 1-2
2025-02-27 16:27:29,123 INFO o.a.j.t.JMeterThread: Thread finished: Thread-Gruppe 1-63
2025-02-27 16:27:29,124 INFO o.a.j.t.JMeterThread: Thread finished: Thread-Gruppe 1-48
2025-02-27 16:27:29,151 INFO o.a.j.t.JMeterThread: Thread finished: Thread-Gruppe 1-18
2025-02-27 16:27:29,152 INFO o.a.j.t.JMeterThread: Thread finished: Thread-Gruppe 1-3
2025-02-27 16:27:29,243 INFO o.a.j.t.JMeterThread: Thread finished: Thread-Gruppe 1-64
2025-02-27 16:27:29,283 INFO o.a.j.t.JMeterThread: Thread finished: Thread-Gruppe 1-49
2025-02-27 16:27:29,290 INFO o.a.j.t.JMeterThread: Thread finished: Thread-Gruppe 1-19
2025-02-27 16:27:29,296 INFO o.a.j.t.JMeterThread: Thread finished: Thread-Gruppe 1-4
2025-02-27 16:27:29,401 INFO o.a.j.t.JMeterThread: Thread finished: Thread-Gruppe 1-65
2025-02-27 16:27:29,401 INFO o.a.j.t.JMeterThread: Thread finished: Thread-Gruppe 1-20
2025-02-27 16:27:29,402 INFO o.a.j.t.JMeterThread: Thread finished: Thread-Gruppe 1-50
2025-02-27 16:27:29,402 INFO o.a.j.t.JMeterThread: Thread finished: Thread-Gruppe 1-5
2025-02-27 16:27:29,506 INFO o.a.j.t.JMeterThread: Thread finished: Thread-Gruppe 1-66
2025-02-27 16:27:29,506 INFO o.a.j.t.JMeterThread: Thread finished: Thread-Gruppe 1-51
2025-02-27 16:27:29,517 INFO o.a.j.t.JMeterThread: Thread finished: Thread-Gruppe 1-6
2025-02-27 16:27:29,526 INFO o.a.j.t.JMeterThread: Thread finished: Thread-Gruppe 1-32
2025-02-27 16:27:29,526 INFO o.a.j.t.JMeterThread: Thread finished: Thread-Gruppe 1-21
2025-02-27 16:27:29,643 INFO o.a.j.t.JMeterThread: Thread finished: Thread-Gruppe 1-67
2025-02-27 16:27:29,670 INFO o.a.j.t.JMeterThread: Thread finished: Thread-Gruppe 1-33
2025-02-27 16:27:29,671 INFO o.a.j.t.JMeterThread: Thread finished: Thread-Gruppe 1-22
2025-02-27 16:27:29,672 INFO o.a.j.t.JMeterThread: Thread finished: Thread-Gruppe 1-52
2025-02-27 16:27:29,675 INFO o.a.j.t.JMeterThread: Thread finished: Thread-Gruppe 1-7
2025-02-27 16:27:29,767 INFO o.a.j.t.JMeterThread: Thread finished: Thread-Gruppe 1-68
2025-02-27 16:27:29,779 INFO o.a.j.t.JMeterThread: Thread finished: Thread-Gruppe 1-53
2025-02-27 16:27:29,782 INFO o.a.j.t.JMeterThread: Thread finished: Thread-Gruppe 1-34
2025-02-27 16:27:29,786 INFO o.a.j.t.JMeterThread: Thread finished: Thread-Gruppe 1-23
2025-02-27 16:27:29,786 INFO o.a.j.t.JMeterThread: Thread finished: Thread-Gruppe 1-8
2025-02-27 16:27:29,908 INFO o.a.j.t.JMeterThread: Thread finished: Thread-Gruppe 1-69
2025-02-27 16:27:29,912 INFO o.a.j.t.JMeterThread: Thread finished: Thread-Gruppe 1-54
2025-02-27 16:27:29,939 INFO o.a.j.t.JMeterThread: Thread finished: Thread-Gruppe 1-35
2025-02-27 16:27:29,939 INFO o.a.j.t.JMeterThread: Thread finished: Thread-Gruppe 1-24
2025-02-27 16:27:29,947 INFO o.a.j.t.JMeterThread: Thread finished: Thread-Gruppe 1-9
2025-02-27 16:27:30,013 INFO o.a.j.r.Summariser: summary +   2288 in 00:00:30 =   76.3/s Avg:   339 Min:   247 Max:  1040 Err:     0 (0.00%) Active: 63 Started: 100 Finished: 37
2025-02-27 16:27:30,014 INFO o.a.j.r.Summariser: summary =  45334 in 00:11:00 =   68.7/s Avg:   339 Min:   244 Max:  2782 Err:     0 (0.00%)
2025-02-27 16:27:30,027 INFO o.a.j.t.JMeterThread: Thread finished: Thread-Gruppe 1-36
2025-02-27 16:27:30,046 INFO o.a.j.t.JMeterThread: Thread finished: Thread-Gruppe 1-70
2025-02-27 16:27:30,051 INFO o.a.j.t.JMeterThread: Thread finished: Thread-Gruppe 1-55
2025-02-27 16:27:30,060 INFO o.a.j.t.JMeterThread: Thread finished: Thread-Gruppe 1-25
2025-02-27 16:27:30,060 INFO o.a.j.t.JMeterThread: Thread finished: Thread-Gruppe 1-10
2025-02-27 16:27:30,198 INFO o.a.j.t.JMeterThread: Thread finished: Thread-Gruppe 1-71
2025-02-27 16:27:30,210 INFO o.a.j.t.JMeterThread: Thread finished: Thread-Gruppe 1-26
2025-02-27 16:27:30,210 INFO o.a.j.t.JMeterThread: Thread finished: Thread-Gruppe 1-11
2025-02-27 16:27:30,210 INFO o.a.j.t.JMeterThread: Thread finished: Thread-Gruppe 1-37
2025-02-27 16:27:30,211 INFO o.a.j.t.JMeterThread: Thread finished: Thread-Gruppe 1-56
2025-02-27 16:27:30,289 INFO o.a.j.t.JMeterThread: Thread finished: Thread-Gruppe 1-38
2025-02-27 16:27:30,309 INFO o.a.j.t.JMeterThread: Thread finished: Thread-Gruppe 1-72
2025-02-27 16:27:30,413 INFO o.a.j.t.JMeterThread: Thread finished: Thread-Gruppe 1-27
2025-02-27 16:27:30,413 INFO o.a.j.t.JMeterThread: Thread finished: Thread-Gruppe 1-12
2025-02-27 16:27:30,413 INFO o.a.j.t.JMeterThread: Thread finished: Thread-Gruppe 1-57
2025-02-27 16:27:30,429 INFO o.a.j.t.JMeterThread: Thread finished: Thread-Gruppe 2-18
2025-02-27 16:27:30,443 INFO o.a.j.t.JMeterThread: Thread finished: Thread-Gruppe 1-73
2025-02-27 16:27:30,471 INFO o.a.j.t.JMeterThread: Thread finished: Thread-Gruppe 1-28
2025-02-27 16:27:30,472 INFO o.a.j.t.JMeterThread: Thread finished: Thread-Gruppe 1-58
2025-02-27 16:27:30,472 INFO o.a.j.t.JMeterThread: Thread finished: Thread-Gruppe 1-13
2025-02-27 16:27:30,510 INFO o.a.j.t.JMeterThread: Thread finished: Thread-Gruppe 1-39
2025-02-27 16:27:30,517 INFO o.a.j.t.JMeterThread: Thread finished: Thread-Gruppe 2-11
2025-02-27 16:27:30,548 INFO o.a.j.t.JMeterThread: Thread finished: Thread-Gruppe 2-2
2025-02-27 16:27:30,597 INFO o.a.j.t.JMeterThread: Thread finished: Thread-Gruppe 2-10
2025-02-27 16:27:30,597 INFO o.a.j.t.JMeterThread: Thread finished: Thread-Gruppe 2-8
2025-02-27 16:27:30,602 INFO o.a.j.t.JMeterThread: Thread finished: Thread-Gruppe 2-1
2025-02-27 16:27:30,607 INFO o.a.j.t.JMeterThread: Thread finished: Thread-Gruppe 2-19
2025-02-27 16:27:30,607 INFO o.a.j.t.JMeterThread: Thread finished: Thread-Gruppe 1-14
2025-02-27 16:27:30,607 INFO o.a.j.t.JMeterThread: Thread finished: Thread-Gruppe 1-74
2025-02-27 16:27:30,607 INFO o.a.j.t.JMeterThread: Thread finished: Thread-Gruppe 1-29
2025-02-27 16:27:30,607 INFO o.a.j.t.JMeterThread: Thread finished: Thread-Gruppe 1-59
2025-02-27 16:27:30,660 INFO o.a.j.t.JMeterThread: Thread finished: Thread-Gruppe 2-7
2025-02-27 16:27:30,661 INFO o.a.j.t.JMeterThread: Thread finished: Thread-Gruppe 1-40
2025-02-27 16:27:30,661 INFO o.a.j.t.JMeterThread: Thread finished: Thread-Gruppe 2-4
2025-02-27 16:27:30,666 INFO o.a.j.t.JMeterThread: Thread finished: Thread-Gruppe 2-15
2025-02-27 16:27:30,667 INFO o.a.j.t.JMeterThread: Thread finished: Thread-Gruppe 2-20
2025-02-27 16:27:30,724 INFO o.a.j.t.JMeterThread: Thread finished: Thread-Gruppe 3-3
2025-02-27 16:27:30,730 INFO o.a.j.t.JMeterThread: Stopping because end time detected by thread: Thread-Gruppe 1-60
2025-02-27 16:27:30,730 INFO o.a.j.t.JMeterThread: Stopping because end time detected by thread: Thread-Gruppe 1-30
2025-02-27 16:27:30,730 INFO o.a.j.t.JMeterThread: Stopping because end time detected by thread: Thread-Gruppe 1-15
2025-02-27 16:27:30,730 INFO o.a.j.t.JMeterThread: Stopping because end time detected by thread: Thread-Gruppe 1-75
2025-02-27 16:27:30,730 INFO o.a.j.t.JMeterThread: Thread finished: Thread-Gruppe 1-15
2025-02-27 16:27:30,730 INFO o.a.j.t.JMeterThread: Thread finished: Thread-Gruppe 1-75
2025-02-27 16:27:30,730 INFO o.a.j.t.JMeterThread: Thread finished: Thread-Gruppe 1-30
2025-02-27 16:27:30,731 INFO o.a.j.t.JMeterThread: Thread finished: Thread-Gruppe 1-60
2025-02-27 16:27:30,732 INFO o.a.j.t.JMeterThread: Stopping because end time detected by thread: Thread-Gruppe 1-41
2025-02-27 16:27:30,732 INFO o.a.j.t.JMeterThread: Thread finished: Thread-Gruppe 1-41
2025-02-27 16:27:30,741 INFO o.a.j.t.JMeterThread: Thread finished: Thread-Gruppe 3-2
2025-02-27 16:27:30,741 INFO o.a.j.t.JMeterThread: Thread finished: Thread-Gruppe 3-5
2025-02-27 16:27:30,759 INFO o.a.j.t.JMeterThread: Stopping because end time detected by thread: Thread-Gruppe 2-6
2025-02-27 16:27:30,759 INFO o.a.j.t.JMeterThread: Thread finished: Thread-Gruppe 2-6
2025-02-27 16:27:30,769 INFO o.a.j.t.JMeterThread: Stopping because end time detected by thread: Thread-Gruppe 3-1
2025-02-27 16:27:30,769 INFO o.a.j.t.JMeterThread: Thread finished: Thread-Gruppe 3-1
2025-02-27 16:27:30,842 INFO o.a.j.t.JMeterThread: Stopping because end time detected by thread: Thread-Gruppe 2-5
2025-02-27 16:27:30,842 INFO o.a.j.t.JMeterThread: Thread finished: Thread-Gruppe 2-5
2025-02-27 16:27:30,849 INFO o.a.j.t.JMeterThread: Stopping because end time detected by thread: Thread-Gruppe 1-61
2025-02-27 16:27:30,849 INFO o.a.j.t.JMeterThread: Thread finished: Thread-Gruppe 1-61
2025-02-27 16:27:30,849 INFO o.a.j.t.JMeterThread: Stopping because end time detected by thread: Thread-Gruppe 1-31
2025-02-27 16:27:30,849 INFO o.a.j.t.JMeterThread: Thread finished: Thread-Gruppe 1-31
2025-02-27 16:27:30,857 INFO o.a.j.t.JMeterThread: Stopping because end time detected by thread: Thread-Gruppe 1-16
2025-02-27 16:27:30,857 INFO o.a.j.t.JMeterThread: Thread finished: Thread-Gruppe 1-16
2025-02-27 16:27:30,924 INFO o.a.j.t.JMeterThread: Stopping because end time detected by thread: Thread-Gruppe 2-13
2025-02-27 16:27:30,924 INFO o.a.j.t.JMeterThread: Stopping because end time detected by thread: Thread-Gruppe 2-14
2025-02-27 16:27:30,933 INFO o.a.j.t.JMeterThread: Thread finished: Thread-Gruppe 2-13
2025-02-27 16:27:30,933 INFO o.a.j.t.JMeterThread: Stopping because end time detected by thread: Thread-Gruppe 1-42
2025-02-27 16:27:30,933 INFO o.a.j.t.JMeterThread: Thread finished: Thread-Gruppe 1-42
2025-02-27 16:27:30,933 INFO o.a.j.t.JMeterThread: Thread finished: Thread-Gruppe 2-14
2025-02-27 16:27:30,974 INFO o.a.j.t.JMeterThread: Stopping because end time detected by thread: Thread-Gruppe 2-3
2025-02-27 16:27:30,974 INFO o.a.j.t.JMeterThread: Thread finished: Thread-Gruppe 2-3
2025-02-27 16:27:31,006 INFO o.a.j.t.JMeterThread: Stopping because end time detected by thread: Thread-Gruppe 2-16
2025-02-27 16:27:31,007 INFO o.a.j.t.JMeterThread: Thread finished: Thread-Gruppe 2-16
2025-02-27 16:27:31,008 INFO o.a.j.t.JMeterThread: Stopping because end time detected by thread: Thread-Gruppe 1-43
2025-02-27 16:27:31,008 INFO o.a.j.t.JMeterThread: Thread finished: Thread-Gruppe 1-43
2025-02-27 16:27:31,207 INFO o.a.j.t.JMeterThread: Stopping because end time detected by thread: Thread-Gruppe 1-44
2025-02-27 16:27:31,207 INFO o.a.j.t.JMeterThread: Stopping because end time detected by thread: Thread-Gruppe 2-17
2025-02-27 16:27:31,207 INFO o.a.j.t.JMeterThread: Thread finished: Thread-Gruppe 1-44
2025-02-27 16:27:31,207 INFO o.a.j.t.JMeterThread: Thread finished: Thread-Gruppe 2-17
2025-02-27 16:27:31,249 INFO o.a.j.t.JMeterThread: Stopping because end time detected by thread: Thread-Gruppe 2-9
2025-02-27 16:27:31,249 INFO o.a.j.t.JMeterThread: Thread finished: Thread-Gruppe 2-9
2025-02-27 16:27:31,273 INFO o.a.j.t.JMeterThread: Stopping because end time detected by thread: Thread-Gruppe 1-45
2025-02-27 16:27:31,273 INFO o.a.j.t.JMeterThread: Thread finished: Thread-Gruppe 1-45
2025-02-27 16:27:31,281 INFO o.a.j.t.JMeterThread: Stopping because end time detected by thread: Thread-Gruppe 3-4
2025-02-27 16:27:31,281 INFO o.a.j.t.JMeterThread: Thread finished: Thread-Gruppe 3-4
2025-02-27 16:27:31,463 INFO o.a.j.t.JMeterThread: Stopping because end time detected by thread: Thread-Gruppe 1-46
2025-02-27 16:27:31,463 INFO o.a.j.t.JMeterThread: Thread finished: Thread-Gruppe 1-46
2025-02-27 16:27:31,488 INFO o.a.j.t.JMeterThread: Stopping because end time detected by thread: Thread-Gruppe 2-12
2025-02-27 16:27:31,488 INFO o.a.j.t.JMeterThread: Thread finished: Thread-Gruppe 2-12
2025-02-27 16:27:31,488 INFO o.a.j.e.StandardJMeterEngine: Notifying test listeners of end of test
2025-02-27 16:27:31,488 INFO o.a.j.r.Summariser: summary +     76 in 00:00:01 =   51.5/s Avg:   434 Min:   252 Max:   883 Err:     0 (0.00%) Active: 0 Started: 100 Finished: 100
2025-02-27 16:27:31,488 INFO o.a.j.r.Summariser: summary =  45410 in 00:11:02 =   68.6/s Avg:   339 Min:   244 Max:  2782 Err:     0 (0.00%)
