2025-02-27 16:05:21,740 INFO o.a.j.u.JMeterUtils: Setting Locale to en_EN
2025-02-27 16:05:21,767 INFO o.a.j.JMeter: Loading user properties from: D:\Semester 7\CS4203 - Research and Development Project\Artifacts\apache-jmeter-5.6.3\bin\user.properties
2025-02-27 16:05:21,767 INFO o.a.j.JMeter: Loading system properties from: D:\Semester 7\CS4203 - Research and Development Project\Artifacts\apache-jmeter-5.6.3\bin\system.properties
2025-02-27 16:05:21,767 INFO o.a.j.JMeter: Setting JMeter property: lb_1_hostname=34.70.149.254
2025-02-27 16:05:21,767 INFO o.a.j.JMeter: Setting JMeter property: lb_2_hostname=35.232.62.106
2025-02-27 16:05:21,767 INFO o.a.j.JMeter: Setting JMeter property: lb_1_port=8090
2025-02-27 16:05:21,767 INFO o.a.j.JMeter: Setting JMeter property: lb_2_port=8091
2025-02-27 16:05:21,775 INFO o.a.j.JMeter: Setting JMeter property: warm_up_users=20
2025-02-27 16:05:21,775 INFO o.a.j.JMeter: Setting JMeter property: warm_up_time=60
2025-02-27 16:05:21,775 INFO o.a.j.JMeter: Setting JMeter property: test_run_time=600
2025-02-27 16:05:21,775 INFO o.a.j.JMeter: Setting JMeter property: ramp_up=10
2025-02-27 16:05:21,775 INFO o.a.j.JMeter: Setting JMeter property: group_1=75
2025-02-27 16:05:21,775 INFO o.a.j.JMeter: Setting JMeter property: group_2=20
2025-02-27 16:05:21,775 INFO o.a.j.JMeter: Setting JMeter property: group_3=5
2025-02-27 16:05:21,775 INFO o.a.j.JMeter: Setting JMeter property: group_1_request_rate=30
2025-02-27 16:05:21,775 INFO o.a.j.JMeter: Setting JMeter property: group_2_request_rate=90
2025-02-27 16:05:21,775 INFO o.a.j.JMeter: Setting JMeter property: group_3_request_rate=120
2025-02-27 16:05:21,775 INFO o.a.j.JMeter: Setting JMeter property: log_file=d:\Semester 7\CS4203 - Research and Development Project\Artifacts\rate-limiter-nginx\jmeter\cloud\2025_02_27_15_09_logs\token_bucket\redis_async_bucket_capacity_100_refill_rate_1.67_batch_percent_0.2\warm_up_results.csv
2025-02-27 16:05:21,775 INFO o.a.j.JMeter: Setting JMeter property: algorithm=token_bucket_redis_async_bucket_capacity_100_refill_rate_1.67_batch_percent_0.2
2025-02-27 16:05:21,775 INFO o.a.j.JMeter: Setting JMeter property: auth=/token_bucket/redis_async_bucket_capacity_100_refill_rate_1.67_batch_percent_0.2/tools.descartes.teastore.auth/rest
2025-02-27 16:05:21,775 INFO o.a.j.JMeter: Setting JMeter property: persistence=/token_bucket/redis_async_bucket_capacity_100_refill_rate_1.67_batch_percent_0.2/tools.descartes.teastore.persistence/rest
2025-02-27 16:05:21,775 INFO o.a.j.JMeter: Setting JMeter property: recommender=/token_bucket/redis_async_bucket_capacity_100_refill_rate_1.67_batch_percent_0.2/tools.descartes.teastore.recommender/rest
2025-02-27 16:05:21,775 INFO o.a.j.JMeter: Setting JMeter property: image=/token_bucket/redis_async_bucket_capacity_100_refill_rate_1.67_batch_percent_0.2/tools.descartes.teastore.image/rest
2025-02-27 16:05:21,775 INFO o.a.j.JMeter: Copyright (c) 1998-2024 The Apache Software Foundation
2025-02-27 16:05:21,775 INFO o.a.j.JMeter: Version 5.6.3
2025-02-27 16:05:21,775 INFO o.a.j.JMeter: java.version=11.0.22
2025-02-27 16:05:21,775 INFO o.a.j.JMeter: java.vm.name=Java HotSpot(TM) 64-Bit Server VM
2025-02-27 16:05:21,775 INFO o.a.j.JMeter: os.name=Windows 10
2025-02-27 16:05:21,775 INFO o.a.j.JMeter: os.arch=amd64
2025-02-27 16:05:21,775 INFO o.a.j.JMeter: os.version=10.0
2025-02-27 16:05:21,775 INFO o.a.j.JMeter: file.encoding=Cp1252
2025-02-27 16:05:21,775 INFO o.a.j.JMeter: java.awt.headless=true
2025-02-27 16:05:21,775 INFO o.a.j.JMeter: Max memory     =1073741824
2025-02-27 16:05:21,775 INFO o.a.j.JMeter: Available Processors =12
2025-02-27 16:05:21,790 INFO o.a.j.JMeter: Default Locale=English (EN)
2025-02-27 16:05:21,790 INFO o.a.j.JMeter: JMeter  Locale=English (EN)
2025-02-27 16:05:21,790 INFO o.a.j.JMeter: JMeterHome=D:\Semester 7\CS4203 - Research and Development Project\Artifacts\apache-jmeter-5.6.3
2025-02-27 16:05:21,790 INFO o.a.j.JMeter: user.dir  =D:\Semester 7\CS4203 - Research and Development Project\Artifacts\rate-limiter-nginx
2025-02-27 16:05:21,805 INFO o.a.j.JMeter: PWD       =D:\Semester 7\CS4203 - Research and Development Project\Artifacts\rate-limiter-nginx
2025-02-27 16:05:21,820 INFO o.a.j.JMeter: IP: 10.10.21.101 Name: KOBI-MSI-PC FullName: 10.10.21.101
2025-02-27 16:05:21,835 INFO o.a.j.s.FileServer: Default base='D:\Semester 7\CS4203 - Research and Development Project\Artifacts\rate-limiter-nginx'
2025-02-27 16:05:21,835 INFO o.a.j.s.FileServer: Set new base='d:\Semester 7\CS4203 - Research and Development Project\Artifacts\rate-limiter-nginx\jmeter\cloud'
2025-02-27 16:05:22,062 INFO o.a.j.s.SaveService: Testplan (JMX) version: 2.2. Testlog (JTL) version: 2.2
2025-02-27 16:05:22,095 INFO o.a.j.s.SaveService: Using SaveService properties version 5.0
2025-02-27 16:05:22,095 INFO o.a.j.s.SaveService: Using SaveService properties file encoding UTF-8
2025-02-27 16:05:22,095 INFO o.a.j.s.SaveService: Loading file: d:\Semester 7\CS4203 - Research and Development Project\Artifacts\rate-limiter-nginx\jmeter\cloud\teastore_performance.jmx
2025-02-27 16:05:22,155 INFO o.a.j.p.h.c.CookieManager: Settings: Delete null: true Check: true Allow variable: true Save: false Prefix: COOKIE_
2025-02-27 16:05:22,185 INFO o.a.j.p.h.s.HTTPSamplerBase: Parser for text/html is org.apache.jmeter.protocol.http.parser.LagartoBasedHtmlParser
2025-02-27 16:05:22,185 INFO o.a.j.p.h.s.HTTPSamplerBase: Parser for application/xhtml+xml is org.apache.jmeter.protocol.http.parser.LagartoBasedHtmlParser
2025-02-27 16:05:22,185 INFO o.a.j.p.h.s.HTTPSamplerBase: Parser for application/xml is org.apache.jmeter.protocol.http.parser.LagartoBasedHtmlParser
2025-02-27 16:05:22,185 INFO o.a.j.p.h.s.HTTPSamplerBase: Parser for text/xml is org.apache.jmeter.protocol.http.parser.LagartoBasedHtmlParser
2025-02-27 16:05:22,185 INFO o.a.j.p.h.s.HTTPSamplerBase: Parser for text/vnd.wap.wml is org.apache.jmeter.protocol.http.parser.RegexpHTMLParser
2025-02-27 16:05:22,185 INFO o.a.j.p.h.s.HTTPSamplerBase: Parser for text/css is org.apache.jmeter.protocol.http.parser.CssParser
2025-02-27 16:05:22,350 INFO o.a.j.s.SampleResult: Note: Sample TimeStamps are START times
2025-02-27 16:05:22,350 INFO o.a.j.s.SampleResult: sampleresult.default.encoding is set to UTF-8
2025-02-27 16:05:22,350 INFO o.a.j.s.SampleResult: sampleresult.useNanoTime=true
2025-02-27 16:05:22,350 INFO o.a.j.s.SampleResult: sampleresult.nanoThreadSleep=5000
2025-02-27 16:05:22,395 INFO o.a.j.JMeter: Creating summariser <summary>
2025-02-27 16:05:22,410 INFO o.a.j.e.StandardJMeterEngine: Running the test!
2025-02-27 16:05:22,410 INFO o.a.j.s.SampleEvent: List of sample_variables: []
2025-02-27 16:05:22,410 INFO o.a.j.s.SampleEvent: List of sample_variables: []
2025-02-27 16:05:22,425 INFO o.a.j.e.u.CompoundVariable: Note: Function class names must contain the string: '.functions.'
2025-02-27 16:05:22,425 INFO o.a.j.e.u.CompoundVariable: Note: Function class names must not contain the string: '.gui.'
2025-02-27 16:05:22,725 INFO o.a.j.r.ClassFinder: Will scan jar D:\Semester 7\CS4203 - Research and Development Project\Artifacts\apache-jmeter-5.6.3\lib\ext\jmeter-plugins-casutg-2.10.jar with filter ExtendsClassFilter [parents=[interface org.apache.jmeter.functions.Function], inner=false, contains=null, notContains=null]. Consider exposing JMeter plugins via META-INF/services, and add JMeter-Skip-Class-Scanning=true manifest attribute so JMeter can skip classfile scanning
2025-02-27 16:05:22,752 INFO o.a.j.r.ClassFinder: Will scan jar D:\Semester 7\CS4203 - Research and Development Project\Artifacts\apache-jmeter-5.6.3\lib\ext\jmeter-plugins-graphs-additional-2.0.jar with filter ExtendsClassFilter [parents=[interface org.apache.jmeter.functions.Function], inner=false, contains=null, notContains=null]. Consider exposing JMeter plugins via META-INF/services, and add JMeter-Skip-Class-Scanning=true manifest attribute so JMeter can skip classfile scanning
2025-02-27 16:05:22,752 INFO o.a.j.r.ClassFinder: Will scan jar D:\Semester 7\CS4203 - Research and Development Project\Artifacts\apache-jmeter-5.6.3\lib\ext\jmeter-plugins-perfmon-2.1.jar with filter ExtendsClassFilter [parents=[interface org.apache.jmeter.functions.Function], inner=false, contains=null, notContains=null]. Consider exposing JMeter plugins via META-INF/services, and add JMeter-Skip-Class-Scanning=true manifest attribute so JMeter can skip classfile scanning
2025-02-27 16:05:22,768 INFO o.a.j.r.ClassFinder: Will scan jar D:\Semester 7\CS4203 - Research and Development Project\Artifacts\apache-jmeter-5.6.3\lib\ext\json-lib-2.4-jdk15.jar with filter ExtendsClassFilter [parents=[interface org.apache.jmeter.functions.Function], inner=false, contains=null, notContains=null]. Consider exposing JMeter plugins via META-INF/services, and add JMeter-Skip-Class-Scanning=true manifest attribute so JMeter can skip classfile scanning
2025-02-27 16:05:22,783 INFO o.a.j.r.ClassFinder: Will scan jar D:\Semester 7\CS4203 - Research and Development Project\Artifacts\apache-jmeter-5.6.3\lib\ext\perfmon-2.2.2.jar with filter ExtendsClassFilter [parents=[interface org.apache.jmeter.functions.Function], inner=false, contains=null, notContains=null]. Consider exposing JMeter plugins via META-INF/services, and add JMeter-Skip-Class-Scanning=true manifest attribute so JMeter can skip classfile scanning
2025-02-27 16:05:22,813 INFO o.a.j.r.ClassFinder: Will scan jar D:\Semester 7\CS4203 - Research and Development Project\Artifacts\apache-jmeter-5.6.3\lib\ext\jmeter-plugins-manager-1.10.jar with filter ExtendsClassFilter [parents=[interface org.apache.jmeter.functions.Function], inner=false, contains=null, notContains=null]. Consider exposing JMeter plugins via META-INF/services, and add JMeter-Skip-Class-Scanning=true manifest attribute so JMeter can skip classfile scanning
2025-02-27 16:05:22,906 INFO o.a.j.r.ClassFinder: Will scan jar D:\Semester 7\CS4203 - Research and Development Project\Artifacts\apache-jmeter-5.6.3\lib\ext\jmeter-plugins-graphs-vs-2.0.jar with filter ExtendsClassFilter [parents=[interface org.apache.jmeter.functions.Function], inner=false, contains=null, notContains=null]. Consider exposing JMeter plugins via META-INF/services, and add JMeter-Skip-Class-Scanning=true manifest attribute so JMeter can skip classfile scanning
2025-02-27 16:05:22,906 INFO o.a.j.r.ClassFinder: Will scan jar D:\Semester 7\CS4203 - Research and Development Project\Artifacts\apache-jmeter-5.6.3\lib\ext\jmeter-parallel-0.12.jar with filter ExtendsClassFilter [parents=[interface org.apache.jmeter.functions.Function], inner=false, contains=null, notContains=null]. Consider exposing JMeter plugins via META-INF/services, and add JMeter-Skip-Class-Scanning=true manifest attribute so JMeter can skip classfile scanning
2025-02-27 16:05:22,921 INFO o.a.j.r.ClassFinder: Will scan jar D:\Semester 7\CS4203 - Research and Development Project\Artifacts\apache-jmeter-5.6.3\lib\ext\jmeter-plugins-tst-2.6.jar with filter ExtendsClassFilter [parents=[interface org.apache.jmeter.functions.Function], inner=false, contains=null, notContains=null]. Consider exposing JMeter plugins via META-INF/services, and add JMeter-Skip-Class-Scanning=true manifest attribute so JMeter can skip classfile scanning
2025-02-27 16:05:22,921 INFO o.a.j.r.ClassFinder: Will scan jar D:\Semester 7\CS4203 - Research and Development Project\Artifacts\apache-jmeter-5.6.3\lib\ext\jmeter-prometheus-plugin-0.6.0.jar with filter ExtendsClassFilter [parents=[interface org.apache.jmeter.functions.Function], inner=false, contains=null, notContains=null]. Consider exposing JMeter plugins via META-INF/services, and add JMeter-Skip-Class-Scanning=true manifest attribute so JMeter can skip classfile scanning
2025-02-27 16:05:22,936 INFO o.a.j.r.ClassFinder: Will scan jar D:\Semester 7\CS4203 - Research and Development Project\Artifacts\apache-jmeter-5.6.3\lib\ext\jmeter-plugins-graphs-basic-2.0.jar with filter ExtendsClassFilter [parents=[interface org.apache.jmeter.functions.Function], inner=false, contains=null, notContains=null]. Consider exposing JMeter plugins via META-INF/services, and add JMeter-Skip-Class-Scanning=true manifest attribute so JMeter can skip classfile scanning
2025-02-27 16:05:23,372 INFO o.a.j.JMeter: Running test (1740652523372)
2025-02-27 16:05:23,376 INFO o.a.j.e.StandardJMeterEngine: Starting setUp thread groups
2025-02-27 16:05:23,376 INFO o.a.j.e.StandardJMeterEngine: Starting setUp ThreadGroup: 1 : setUp Thread Group 
2025-02-27 16:05:23,376 INFO o.a.j.e.StandardJMeterEngine: Starting 20 threads for group setUp Thread Group.
2025-02-27 16:05:23,376 INFO o.a.j.e.StandardJMeterEngine: Thread will continue on error
2025-02-27 16:05:23,377 INFO o.a.j.t.ThreadGroup: Starting thread group... number=1 threads=20 ramp-up=10 delayedStart=false
2025-02-27 16:05:23,396 INFO o.a.j.t.JMeterThread: Thread started: setUp Thread Group 1-1
2025-02-27 16:05:23,447 INFO o.a.j.t.ThreadGroup: Started thread group number 1
2025-02-27 16:05:23,447 INFO o.a.j.e.StandardJMeterEngine: Waiting for all setup thread groups to exit
2025-02-27 16:05:23,894 INFO o.a.j.t.JMeterThread: Thread started: setUp Thread Group 1-2
2025-02-27 16:05:24,399 INFO o.a.j.t.JMeterThread: Thread started: setUp Thread Group 1-3
2025-02-27 16:05:24,458 INFO o.a.j.p.h.s.HTTPHCAbstractImpl: Local host = KOBI-MSI-PC
2025-02-27 16:05:24,465 INFO o.a.j.p.h.s.HTTPHC4Impl: HTTP request retry count = 0
2025-02-27 16:05:24,892 INFO o.a.j.t.JMeterThread: Thread started: setUp Thread Group 1-4
2025-02-27 16:05:25,387 INFO o.a.j.t.JMeterThread: Thread started: setUp Thread Group 1-5
2025-02-27 16:05:25,886 INFO o.a.j.t.JMeterThread: Thread started: setUp Thread Group 1-6
2025-02-27 16:05:26,383 INFO o.a.j.t.JMeterThread: Thread started: setUp Thread Group 1-7
2025-02-27 16:05:26,885 INFO o.a.j.t.JMeterThread: Thread started: setUp Thread Group 1-8
2025-02-27 16:05:27,384 INFO o.a.j.t.JMeterThread: Thread started: setUp Thread Group 1-9
2025-02-27 16:05:27,883 INFO o.a.j.t.JMeterThread: Thread started: setUp Thread Group 1-10
2025-02-27 16:05:28,383 INFO o.a.j.t.JMeterThread: Thread started: setUp Thread Group 1-11
2025-02-27 16:05:28,882 INFO o.a.j.t.JMeterThread: Thread started: setUp Thread Group 1-12
2025-02-27 16:05:29,382 INFO o.a.j.t.JMeterThread: Thread started: setUp Thread Group 1-13
2025-02-27 16:05:29,883 INFO o.a.j.t.JMeterThread: Thread started: setUp Thread Group 1-14
2025-02-27 16:05:30,382 INFO o.a.j.t.JMeterThread: Thread started: setUp Thread Group 1-15
2025-02-27 16:05:30,882 INFO o.a.j.t.JMeterThread: Thread started: setUp Thread Group 1-16
2025-02-27 16:05:31,381 INFO o.a.j.t.JMeterThread: Thread started: setUp Thread Group 1-17
2025-02-27 16:05:31,882 INFO o.a.j.t.JMeterThread: Thread started: setUp Thread Group 1-18
2025-02-27 16:05:32,382 INFO o.a.j.t.JMeterThread: Thread started: setUp Thread Group 1-19
2025-02-27 16:05:32,882 INFO o.a.j.t.JMeterThread: Thread started: setUp Thread Group 1-20
2025-02-27 16:06:23,205 INFO o.a.j.t.JMeterThread: Thread finished: setUp Thread Group 1-12
2025-02-27 16:06:23,246 INFO o.a.j.t.JMeterThread: Thread finished: setUp Thread Group 1-9
2025-02-27 16:06:23,325 INFO o.a.j.t.JMeterThread: Thread finished: setUp Thread Group 1-19
2025-02-27 16:06:23,348 INFO o.a.j.t.JMeterThread: Thread finished: setUp Thread Group 1-13
2025-02-27 16:06:23,368 INFO o.a.j.t.JMeterThread: Thread finished: setUp Thread Group 1-16
2025-02-27 16:06:23,376 INFO o.a.j.t.JMeterThread: Thread finished: setUp Thread Group 1-6
2025-02-27 16:06:23,376 INFO o.a.j.t.JMeterThread: Thread finished: setUp Thread Group 1-7
2025-02-27 16:06:23,399 INFO o.a.j.t.JMeterThread: Thread finished: setUp Thread Group 1-18
2025-02-27 16:06:23,414 INFO o.a.j.t.JMeterThread: Stopping because end time detected by thread: setUp Thread Group 1-8
2025-02-27 16:06:23,414 INFO o.a.j.t.JMeterThread: Thread finished: setUp Thread Group 1-8
2025-02-27 16:06:23,459 INFO o.a.j.t.JMeterThread: Stopping because end time detected by thread: setUp Thread Group 1-5
2025-02-27 16:06:23,459 INFO o.a.j.t.JMeterThread: Thread finished: setUp Thread Group 1-5
2025-02-27 16:06:23,534 INFO o.a.j.t.JMeterThread: Stopping because end time detected by thread: setUp Thread Group 1-15
2025-02-27 16:06:23,534 INFO o.a.j.t.JMeterThread: Thread finished: setUp Thread Group 1-15
2025-02-27 16:06:23,534 INFO o.a.j.t.JMeterThread: Stopping because end time detected by thread: setUp Thread Group 1-17
2025-02-27 16:06:23,534 INFO o.a.j.t.JMeterThread: Thread finished: setUp Thread Group 1-17
2025-02-27 16:06:23,627 INFO o.a.j.t.JMeterThread: Stopping because end time detected by thread: setUp Thread Group 1-11
2025-02-27 16:06:23,627 INFO o.a.j.t.JMeterThread: Thread finished: setUp Thread Group 1-11
2025-02-27 16:06:23,657 INFO o.a.j.t.JMeterThread: Stopping because end time detected by thread: setUp Thread Group 1-10
2025-02-27 16:06:23,657 INFO o.a.j.t.JMeterThread: Thread finished: setUp Thread Group 1-10
2025-02-27 16:06:23,699 INFO o.a.j.t.JMeterThread: Stopping because end time detected by thread: setUp Thread Group 1-20
2025-02-27 16:06:23,699 INFO o.a.j.t.JMeterThread: Thread finished: setUp Thread Group 1-20
2025-02-27 16:06:23,846 INFO o.a.j.t.JMeterThread: Stopping because end time detected by thread: setUp Thread Group 1-1
2025-02-27 16:06:23,846 INFO o.a.j.t.JMeterThread: Thread finished: setUp Thread Group 1-1
2025-02-27 16:06:23,846 INFO o.a.j.t.JMeterThread: Stopping because end time detected by thread: setUp Thread Group 1-2
2025-02-27 16:06:23,846 INFO o.a.j.t.JMeterThread: Thread finished: setUp Thread Group 1-2
2025-02-27 16:06:23,981 INFO o.a.j.t.JMeterThread: Stopping because end time detected by thread: setUp Thread Group 1-14
2025-02-27 16:06:23,981 INFO o.a.j.t.JMeterThread: Thread finished: setUp Thread Group 1-14
2025-02-27 16:06:24,086 INFO o.a.j.t.JMeterThread: Stopping because end time detected by thread: setUp Thread Group 1-4
2025-02-27 16:06:24,086 INFO o.a.j.t.JMeterThread: Thread finished: setUp Thread Group 1-4
2025-02-27 16:06:24,102 INFO o.a.j.t.JMeterThread: Stopping because end time detected by thread: setUp Thread Group 1-3
2025-02-27 16:06:24,102 INFO o.a.j.t.JMeterThread: Thread finished: setUp Thread Group 1-3
2025-02-27 16:06:24,102 INFO o.a.j.e.StandardJMeterEngine: All Setup Threads have ended
2025-02-27 16:06:24,131 INFO o.a.j.e.StandardJMeterEngine: Starting ThreadGroup: 1 : Thread-Gruppe
2025-02-27 16:06:24,131 INFO o.a.j.e.StandardJMeterEngine: Starting 75 threads for group Thread-Gruppe.
2025-02-27 16:06:24,131 INFO o.a.j.e.StandardJMeterEngine: Thread will continue on error
2025-02-27 16:06:24,146 INFO o.a.j.t.ThreadGroup: Starting thread group... number=1 threads=75 ramp-up=10 delayedStart=false
2025-02-27 16:06:24,146 INFO o.a.j.t.JMeterThread: Thread started: Thread-Gruppe 1-1
2025-02-27 16:06:24,235 INFO o.a.j.t.ThreadGroup: Started thread group number 1
2025-02-27 16:06:24,235 INFO o.a.j.e.StandardJMeterEngine: Starting ThreadGroup: 2 : Thread-Gruppe
2025-02-27 16:06:24,235 INFO o.a.j.e.StandardJMeterEngine: Starting 20 threads for group Thread-Gruppe.
2025-02-27 16:06:24,235 INFO o.a.j.e.StandardJMeterEngine: Thread will continue on error
2025-02-27 16:06:24,236 INFO o.a.j.t.ThreadGroup: Starting thread group... number=2 threads=20 ramp-up=10 delayedStart=false
2025-02-27 16:06:24,237 INFO o.a.j.t.JMeterThread: Thread started: Thread-Gruppe 2-1
2025-02-27 16:06:24,256 INFO o.a.j.t.ThreadGroup: Started thread group number 2
2025-02-27 16:06:24,256 INFO o.a.j.e.StandardJMeterEngine: Starting ThreadGroup: 3 : Thread-Gruppe
2025-02-27 16:06:24,256 INFO o.a.j.e.StandardJMeterEngine: Starting 5 threads for group Thread-Gruppe.
2025-02-27 16:06:24,256 INFO o.a.j.e.StandardJMeterEngine: Thread will continue on error
2025-02-27 16:06:24,256 INFO o.a.j.t.ThreadGroup: Starting thread group... number=3 threads=5 ramp-up=10 delayedStart=false
2025-02-27 16:06:24,258 INFO o.a.j.t.JMeterThread: Thread started: Thread-Gruppe 3-1
2025-02-27 16:06:24,261 INFO o.a.j.t.ThreadGroup: Started thread group number 3
2025-02-27 16:06:24,262 INFO o.a.j.e.StandardJMeterEngine: All thread groups have been started
2025-02-27 16:06:24,284 INFO o.a.j.t.JMeterThread: Thread started: Thread-Gruppe 1-2
2025-02-27 16:06:24,417 INFO o.a.j.t.JMeterThread: Thread started: Thread-Gruppe 1-3
2025-02-27 16:06:24,552 INFO o.a.j.t.JMeterThread: Thread started: Thread-Gruppe 1-4
2025-02-27 16:06:24,681 INFO o.a.j.t.JMeterThread: Thread started: Thread-Gruppe 1-5
2025-02-27 16:06:24,740 INFO o.a.j.t.JMeterThread: Thread started: Thread-Gruppe 2-2
2025-02-27 16:06:24,815 INFO o.a.j.t.JMeterThread: Thread started: Thread-Gruppe 1-6
2025-02-27 16:06:24,947 INFO o.a.j.t.JMeterThread: Thread started: Thread-Gruppe 1-7
2025-02-27 16:06:25,080 INFO o.a.j.t.JMeterThread: Thread started: Thread-Gruppe 1-8
2025-02-27 16:06:25,214 INFO o.a.j.t.JMeterThread: Thread started: Thread-Gruppe 1-9
2025-02-27 16:06:25,240 INFO o.a.j.t.JMeterThread: Thread started: Thread-Gruppe 2-3
2025-02-27 16:06:25,346 INFO o.a.j.t.JMeterThread: Thread started: Thread-Gruppe 1-10
2025-02-27 16:06:25,479 INFO o.a.j.t.JMeterThread: Thread started: Thread-Gruppe 1-11
2025-02-27 16:06:25,612 INFO o.a.j.t.JMeterThread: Thread started: Thread-Gruppe 1-12
2025-02-27 16:06:25,738 INFO o.a.j.t.JMeterThread: Thread started: Thread-Gruppe 2-4
2025-02-27 16:06:25,745 INFO o.a.j.t.JMeterThread: Thread started: Thread-Gruppe 1-13
2025-02-27 16:06:25,878 INFO o.a.j.t.JMeterThread: Thread started: Thread-Gruppe 1-14
2025-02-27 16:06:26,011 INFO o.a.j.t.JMeterThread: Thread started: Thread-Gruppe 1-15
2025-02-27 16:06:26,145 INFO o.a.j.t.JMeterThread: Thread started: Thread-Gruppe 1-16
2025-02-27 16:06:26,238 INFO o.a.j.t.JMeterThread: Thread started: Thread-Gruppe 2-5
2025-02-27 16:06:26,258 INFO o.a.j.t.JMeterThread: Thread started: Thread-Gruppe 3-2
2025-02-27 16:06:26,277 INFO o.a.j.t.JMeterThread: Thread started: Thread-Gruppe 1-17
2025-02-27 16:06:26,410 INFO o.a.j.t.JMeterThread: Thread started: Thread-Gruppe 1-18
2025-02-27 16:06:26,544 INFO o.a.j.t.JMeterThread: Thread started: Thread-Gruppe 1-19
2025-02-27 16:06:26,675 INFO o.a.j.t.JMeterThread: Thread started: Thread-Gruppe 1-20
2025-02-27 16:06:26,738 INFO o.a.j.t.JMeterThread: Thread started: Thread-Gruppe 2-6
2025-02-27 16:06:26,810 INFO o.a.j.t.JMeterThread: Thread started: Thread-Gruppe 1-21
2025-02-27 16:06:26,941 INFO o.a.j.t.JMeterThread: Thread started: Thread-Gruppe 1-22
2025-02-27 16:06:27,075 INFO o.a.j.t.JMeterThread: Thread started: Thread-Gruppe 1-23
2025-02-27 16:06:27,209 INFO o.a.j.t.JMeterThread: Thread started: Thread-Gruppe 1-24
2025-02-27 16:06:27,239 INFO o.a.j.t.JMeterThread: Thread started: Thread-Gruppe 2-7
2025-02-27 16:06:27,341 INFO o.a.j.t.JMeterThread: Thread started: Thread-Gruppe 1-25
2025-02-27 16:06:27,473 INFO o.a.j.t.JMeterThread: Thread started: Thread-Gruppe 1-26
2025-02-27 16:06:27,606 INFO o.a.j.t.JMeterThread: Thread started: Thread-Gruppe 1-27
2025-02-27 16:06:27,739 INFO o.a.j.t.JMeterThread: Thread started: Thread-Gruppe 2-8
2025-02-27 16:06:27,740 INFO o.a.j.t.JMeterThread: Thread started: Thread-Gruppe 1-28
2025-02-27 16:06:27,872 INFO o.a.j.t.JMeterThread: Thread started: Thread-Gruppe 1-29
2025-02-27 16:06:28,006 INFO o.a.j.t.JMeterThread: Thread started: Thread-Gruppe 1-30
2025-02-27 16:06:28,138 INFO o.a.j.t.JMeterThread: Thread started: Thread-Gruppe 1-31
2025-02-27 16:06:28,239 INFO o.a.j.t.JMeterThread: Thread started: Thread-Gruppe 2-9
2025-02-27 16:06:28,258 INFO o.a.j.t.JMeterThread: Thread started: Thread-Gruppe 3-3
2025-02-27 16:06:28,271 INFO o.a.j.t.JMeterThread: Thread started: Thread-Gruppe 1-32
2025-02-27 16:06:28,405 INFO o.a.j.t.JMeterThread: Thread started: Thread-Gruppe 1-33
2025-02-27 16:06:28,538 INFO o.a.j.t.JMeterThread: Thread started: Thread-Gruppe 1-34
2025-02-27 16:06:28,671 INFO o.a.j.t.JMeterThread: Thread started: Thread-Gruppe 1-35
2025-02-27 16:06:28,739 INFO o.a.j.t.JMeterThread: Thread started: Thread-Gruppe 2-10
2025-02-27 16:06:28,804 INFO o.a.j.t.JMeterThread: Thread started: Thread-Gruppe 1-36
2025-02-27 16:06:28,938 INFO o.a.j.t.JMeterThread: Thread started: Thread-Gruppe 1-37
2025-02-27 16:06:29,071 INFO o.a.j.t.JMeterThread: Thread started: Thread-Gruppe 1-38
2025-02-27 16:06:29,202 INFO o.a.j.t.JMeterThread: Thread started: Thread-Gruppe 1-39
2025-02-27 16:06:29,239 INFO o.a.j.t.JMeterThread: Thread started: Thread-Gruppe 2-11
2025-02-27 16:06:29,336 INFO o.a.j.t.JMeterThread: Thread started: Thread-Gruppe 1-40
2025-02-27 16:06:29,469 INFO o.a.j.t.JMeterThread: Thread started: Thread-Gruppe 1-41
2025-02-27 16:06:29,602 INFO o.a.j.t.JMeterThread: Thread started: Thread-Gruppe 1-42
2025-02-27 16:06:29,735 INFO o.a.j.t.JMeterThread: Thread started: Thread-Gruppe 1-43
2025-02-27 16:06:29,738 INFO o.a.j.t.JMeterThread: Thread started: Thread-Gruppe 2-12
2025-02-27 16:06:29,868 INFO o.a.j.t.JMeterThread: Thread started: Thread-Gruppe 1-44
2025-02-27 16:06:30,002 INFO o.a.j.t.JMeterThread: Thread started: Thread-Gruppe 1-45
2025-02-27 16:06:30,032 INFO o.a.j.r.Summariser: summary +    150 in 00:01:07 =    2.3/s Avg:   469 Min:   253 Max:  1005 Err:     0 (0.00%) Active: 60 Started: 60 Finished: 0
2025-02-27 16:06:30,134 INFO o.a.j.t.JMeterThread: Thread started: Thread-Gruppe 1-46
2025-02-27 16:06:30,239 INFO o.a.j.t.JMeterThread: Thread started: Thread-Gruppe 2-13
2025-02-27 16:06:30,259 INFO o.a.j.t.JMeterThread: Thread started: Thread-Gruppe 3-4
2025-02-27 16:06:30,266 INFO o.a.j.t.JMeterThread: Thread started: Thread-Gruppe 1-47
2025-02-27 16:06:30,399 INFO o.a.j.t.JMeterThread: Thread started: Thread-Gruppe 1-48
2025-02-27 16:06:30,532 INFO o.a.j.t.JMeterThread: Thread started: Thread-Gruppe 1-49
2025-02-27 16:06:30,665 INFO o.a.j.t.JMeterThread: Thread started: Thread-Gruppe 1-50
2025-02-27 16:06:30,740 INFO o.a.j.t.JMeterThread: Thread started: Thread-Gruppe 2-14
2025-02-27 16:06:30,798 INFO o.a.j.t.JMeterThread: Thread started: Thread-Gruppe 1-51
2025-02-27 16:06:30,931 INFO o.a.j.t.JMeterThread: Thread started: Thread-Gruppe 1-52
2025-02-27 16:06:31,064 INFO o.a.j.t.JMeterThread: Thread started: Thread-Gruppe 1-53
2025-02-27 16:06:31,198 INFO o.a.j.t.JMeterThread: Thread started: Thread-Gruppe 1-54
2025-02-27 16:06:31,239 INFO o.a.j.t.JMeterThread: Thread started: Thread-Gruppe 2-15
2025-02-27 16:06:31,330 INFO o.a.j.t.JMeterThread: Thread started: Thread-Gruppe 1-55
2025-02-27 16:06:31,463 INFO o.a.j.t.JMeterThread: Thread started: Thread-Gruppe 1-56
2025-02-27 16:06:31,598 INFO o.a.j.t.JMeterThread: Thread started: Thread-Gruppe 1-57
2025-02-27 16:06:31,729 INFO o.a.j.t.JMeterThread: Thread started: Thread-Gruppe 1-58
2025-02-27 16:06:31,740 INFO o.a.j.t.JMeterThread: Thread started: Thread-Gruppe 2-16
2025-02-27 16:06:31,862 INFO o.a.j.t.JMeterThread: Thread started: Thread-Gruppe 1-59
2025-02-27 16:06:31,995 INFO o.a.j.t.JMeterThread: Thread started: Thread-Gruppe 1-60
2025-02-27 16:06:32,128 INFO o.a.j.t.JMeterThread: Thread started: Thread-Gruppe 1-61
2025-02-27 16:06:32,238 INFO o.a.j.t.JMeterThread: Thread started: Thread-Gruppe 2-17
2025-02-27 16:06:32,259 INFO o.a.j.t.JMeterThread: Thread started: Thread-Gruppe 3-5
2025-02-27 16:06:32,262 INFO o.a.j.t.JMeterThread: Thread started: Thread-Gruppe 1-62
2025-02-27 16:06:32,394 INFO o.a.j.t.JMeterThread: Thread started: Thread-Gruppe 1-63
2025-02-27 16:06:32,527 INFO o.a.j.t.JMeterThread: Thread started: Thread-Gruppe 1-64
2025-02-27 16:06:32,661 INFO o.a.j.t.JMeterThread: Thread started: Thread-Gruppe 1-65
2025-02-27 16:06:32,738 INFO o.a.j.t.JMeterThread: Thread started: Thread-Gruppe 2-18
2025-02-27 16:06:32,793 INFO o.a.j.t.JMeterThread: Thread started: Thread-Gruppe 1-66
2025-02-27 16:06:32,927 INFO o.a.j.t.JMeterThread: Thread started: Thread-Gruppe 1-67
2025-02-27 16:06:33,059 INFO o.a.j.t.JMeterThread: Thread started: Thread-Gruppe 1-68
2025-02-27 16:06:33,194 INFO o.a.j.t.JMeterThread: Thread started: Thread-Gruppe 1-69
2025-02-27 16:06:33,238 INFO o.a.j.t.JMeterThread: Thread started: Thread-Gruppe 2-19
2025-02-27 16:06:33,326 INFO o.a.j.t.JMeterThread: Thread started: Thread-Gruppe 1-70
2025-02-27 16:06:33,458 INFO o.a.j.t.JMeterThread: Thread started: Thread-Gruppe 1-71
2025-02-27 16:06:33,590 INFO o.a.j.t.JMeterThread: Thread started: Thread-Gruppe 1-72
2025-02-27 16:06:33,724 INFO o.a.j.t.JMeterThread: Thread started: Thread-Gruppe 1-73
2025-02-27 16:06:33,739 INFO o.a.j.t.JMeterThread: Thread started: Thread-Gruppe 2-20
2025-02-27 16:06:33,857 INFO o.a.j.t.JMeterThread: Thread started: Thread-Gruppe 1-74
2025-02-27 16:06:33,990 INFO o.a.j.t.JMeterThread: Thread started: Thread-Gruppe 1-75
2025-02-27 16:07:00,003 INFO o.a.j.r.Summariser: summary +   2229 in 00:00:30 =   74.4/s Avg:   362 Min:   249 Max:   941 Err:     0 (0.00%) Active: 100 Started: 100 Finished: 0
2025-02-27 16:07:00,005 INFO o.a.j.r.Summariser: summary =   2379 in 00:01:37 =   24.6/s Avg:   369 Min:   249 Max:  1005 Err:     0 (0.00%)
2025-02-27 16:07:30,008 INFO o.a.j.r.Summariser: summary +   2282 in 00:00:30 =   76.1/s Avg:   345 Min:   245 Max:   942 Err:     0 (0.00%) Active: 100 Started: 100 Finished: 0
2025-02-27 16:07:30,009 INFO o.a.j.r.Summariser: summary =   4661 in 00:02:07 =   36.8/s Avg:   357 Min:   245 Max:  1005 Err:     0 (0.00%)
2025-02-27 16:08:00,016 INFO o.a.j.r.Summariser: summary +   2291 in 00:00:30 =   76.3/s Avg:   340 Min:   247 Max:  1045 Err:     0 (0.00%) Active: 100 Started: 100 Finished: 0
2025-02-27 16:08:00,017 INFO o.a.j.r.Summariser: summary =   6952 in 00:02:37 =   44.4/s Avg:   352 Min:   245 Max:  1045 Err:     0 (0.00%)
2025-02-27 16:08:30,037 INFO o.a.j.r.Summariser: summary +   2260 in 00:00:30 =   75.3/s Avg:   370 Min:   250 Max:  1214 Err:     0 (0.00%) Active: 100 Started: 100 Finished: 0
2025-02-27 16:08:30,039 INFO o.a.j.r.Summariser: summary =   9212 in 00:03:07 =   49.4/s Avg:   356 Min:   245 Max:  1214 Err:     0 (0.00%)
2025-02-27 16:09:00,142 INFO o.a.j.r.Summariser: summary +   2271 in 00:00:30 =   75.4/s Avg:   386 Min:   246 Max:  1299 Err:     0 (0.00%) Active: 100 Started: 100 Finished: 0
2025-02-27 16:09:00,143 INFO o.a.j.r.Summariser: summary =  11483 in 00:03:37 =   53.0/s Avg:   362 Min:   245 Max:  1299 Err:     0 (0.00%)
2025-02-27 16:09:30,013 INFO o.a.j.r.Summariser: summary +   2285 in 00:00:30 =   76.5/s Avg:   342 Min:   246 Max:  1200 Err:     0 (0.00%) Active: 100 Started: 100 Finished: 0
2025-02-27 16:09:30,014 INFO o.a.j.r.Summariser: summary =  13768 in 00:04:07 =   55.8/s Avg:   359 Min:   245 Max:  1299 Err:     0 (0.00%)
2025-02-27 16:10:00,016 INFO o.a.j.r.Summariser: summary +   2275 in 00:00:30 =   75.8/s Avg:   382 Min:   244 Max:  1429 Err:     0 (0.00%) Active: 100 Started: 100 Finished: 0
2025-02-27 16:10:00,017 INFO o.a.j.r.Summariser: summary =  16043 in 00:04:37 =   58.0/s Avg:   362 Min:   244 Max:  1429 Err:     0 (0.00%)
2025-02-27 16:10:30,068 INFO o.a.j.r.Summariser: summary +   2291 in 00:00:30 =   76.2/s Avg:   332 Min:   244 Max:   922 Err:     0 (0.00%) Active: 100 Started: 100 Finished: 0
2025-02-27 16:10:30,070 INFO o.a.j.r.Summariser: summary =  18334 in 00:05:07 =   59.8/s Avg:   358 Min:   244 Max:  1429 Err:     0 (0.00%)
2025-02-27 16:11:00,003 INFO o.a.j.r.Summariser: summary +   2266 in 00:00:30 =   75.7/s Avg:   400 Min:   246 Max:  1527 Err:     0 (0.00%) Active: 100 Started: 100 Finished: 0
2025-02-27 16:11:00,005 INFO o.a.j.r.Summariser: summary =  20600 in 00:05:37 =   61.2/s Avg:   363 Min:   244 Max:  1527 Err:     0 (0.00%)
2025-02-27 16:11:30,083 INFO o.a.j.r.Summariser: summary +   2253 in 00:00:30 =   74.9/s Avg:   352 Min:   246 Max:  1143 Err:     0 (0.00%) Active: 100 Started: 100 Finished: 0
2025-02-27 16:11:30,084 INFO o.a.j.r.Summariser: summary =  22853 in 00:06:07 =   62.3/s Avg:   362 Min:   244 Max:  1527 Err:     0 (0.00%)
2025-02-27 16:12:00,005 INFO o.a.j.r.Summariser: summary +   2291 in 00:00:30 =   76.6/s Avg:   364 Min:   246 Max:  1368 Err:     0 (0.00%) Active: 100 Started: 100 Finished: 0
2025-02-27 16:12:00,008 INFO o.a.j.r.Summariser: summary =  25144 in 00:06:37 =   63.4/s Avg:   362 Min:   244 Max:  1527 Err:     0 (0.00%)
2025-02-27 16:12:30,002 INFO o.a.j.r.Summariser: summary +   2286 in 00:00:30 =   76.2/s Avg:   337 Min:   246 Max:  1106 Err:     0 (0.00%) Active: 100 Started: 100 Finished: 0
2025-02-27 16:12:30,004 INFO o.a.j.r.Summariser: summary =  27430 in 00:07:07 =   64.3/s Avg:   360 Min:   244 Max:  1527 Err:     0 (0.00%)
2025-02-27 16:13:00,009 INFO o.a.j.r.Summariser: summary +   2274 in 00:00:30 =   75.8/s Avg:   364 Min:   246 Max:  1185 Err:     0 (0.00%) Active: 100 Started: 100 Finished: 0
2025-02-27 16:13:00,011 INFO o.a.j.r.Summariser: summary =  29704 in 00:07:37 =   65.0/s Avg:   360 Min:   244 Max:  1527 Err:     0 (0.00%)
2025-02-27 16:13:30,001 INFO o.a.j.r.Summariser: summary +   2282 in 00:00:30 =   76.1/s Avg:   338 Min:   244 Max:  1018 Err:     0 (0.00%) Active: 100 Started: 100 Finished: 0
2025-02-27 16:13:30,002 INFO o.a.j.r.Summariser: summary =  31986 in 00:08:07 =   65.7/s Avg:   359 Min:   244 Max:  1527 Err:     0 (0.00%)
2025-02-27 16:14:00,000 INFO o.a.j.r.Summariser: summary +   2246 in 00:00:30 =   74.9/s Avg:   381 Min:   243 Max:  2874 Err:     0 (0.00%) Active: 100 Started: 100 Finished: 0
2025-02-27 16:14:00,000 INFO o.a.j.r.Summariser: summary =  34232 in 00:08:37 =   66.3/s Avg:   360 Min:   243 Max:  2874 Err:     0 (0.00%)
2025-02-27 16:14:30,022 INFO o.a.j.r.Summariser: summary +   2265 in 00:00:30 =   75.4/s Avg:   335 Min:   245 Max:  2589 Err:     0 (0.00%) Active: 100 Started: 100 Finished: 0
2025-02-27 16:14:30,024 INFO o.a.j.r.Summariser: summary =  36497 in 00:09:07 =   66.8/s Avg:   359 Min:   243 Max:  2874 Err:     0 (0.00%)
2025-02-27 16:15:00,204 INFO o.a.j.r.Summariser: summary +   2237 in 00:00:30 =   74.1/s Avg:   399 Min:   245 Max:  3176 Err:     0 (0.00%) Active: 100 Started: 100 Finished: 0
2025-02-27 16:15:00,207 INFO o.a.j.r.Summariser: summary =  38734 in 00:09:37 =   67.1/s Avg:   361 Min:   243 Max:  3176 Err:     0 (0.00%)
2025-02-27 16:15:30,001 INFO o.a.j.r.Summariser: summary +   2245 in 00:00:30 =   75.3/s Avg:   351 Min:   248 Max:  3056 Err:     0 (0.00%) Active: 100 Started: 100 Finished: 0
2025-02-27 16:15:30,002 INFO o.a.j.r.Summariser: summary =  40979 in 00:10:07 =   67.6/s Avg:   360 Min:   243 Max:  3176 Err:     0 (0.00%)
2025-02-27 16:16:00,015 INFO o.a.j.r.Summariser: summary +   2265 in 00:00:30 =   75.5/s Avg:   368 Min:   248 Max:  3049 Err:     0 (0.00%) Active: 100 Started: 100 Finished: 0
2025-02-27 16:16:00,017 INFO o.a.j.r.Summariser: summary =  43244 in 00:10:37 =   67.9/s Avg:   361 Min:   243 Max:  3176 Err:     0 (0.00%)
2025-02-27 16:16:22,454 INFO o.a.j.t.JMeterThread: Thread finished: Thread-Gruppe 1-1
2025-02-27 16:16:22,515 INFO o.a.j.t.JMeterThread: Thread finished: Thread-Gruppe 1-62
2025-02-27 16:16:22,522 INFO o.a.j.t.JMeterThread: Thread finished: Thread-Gruppe 1-42
2025-02-27 16:16:22,529 INFO o.a.j.t.JMeterThread: Thread finished: Thread-Gruppe 1-17
2025-02-27 16:16:22,535 INFO o.a.j.t.JMeterThread: Thread finished: Thread-Gruppe 1-2
2025-02-27 16:16:22,558 INFO o.a.j.t.JMeterThread: Thread finished: Thread-Gruppe 1-47
2025-02-27 16:16:22,680 INFO o.a.j.t.JMeterThread: Thread finished: Thread-Gruppe 1-18
2025-02-27 16:16:22,780 INFO o.a.j.t.JMeterThread: Thread finished: Thread-Gruppe 1-64
2025-02-27 16:16:22,784 INFO o.a.j.t.JMeterThread: Thread finished: Thread-Gruppe 1-49
2025-02-27 16:16:22,798 INFO o.a.j.t.JMeterThread: Thread finished: Thread-Gruppe 1-19
2025-02-27 16:16:22,805 INFO o.a.j.t.JMeterThread: Thread finished: Thread-Gruppe 1-4
2025-02-27 16:16:22,837 INFO o.a.j.t.JMeterThread: Thread finished: Thread-Gruppe 1-75
2025-02-27 16:16:22,928 INFO o.a.j.t.JMeterThread: Thread finished: Thread-Gruppe 1-20
2025-02-27 16:16:22,941 INFO o.a.j.t.JMeterThread: Thread finished: Thread-Gruppe 1-65
2025-02-27 16:16:23,003 INFO o.a.j.t.JMeterThread: Thread finished: Thread-Gruppe 1-61
2025-02-27 16:16:23,024 INFO o.a.j.t.JMeterThread: Thread finished: Thread-Gruppe 1-44
2025-02-27 16:16:23,046 INFO o.a.j.t.JMeterThread: Thread finished: Thread-Gruppe 1-66
2025-02-27 16:16:23,051 INFO o.a.j.t.JMeterThread: Thread finished: Thread-Gruppe 1-51
2025-02-27 16:16:23,060 INFO o.a.j.t.JMeterThread: Thread finished: Thread-Gruppe 1-21
2025-02-27 16:16:23,068 INFO o.a.j.t.JMeterThread: Thread finished: Thread-Gruppe 1-6
2025-02-27 16:16:23,094 INFO o.a.j.t.JMeterThread: Thread finished: Thread-Gruppe 1-32
2025-02-27 16:16:23,099 INFO o.a.j.t.JMeterThread: Thread finished: Thread-Gruppe 1-45
2025-02-27 16:16:23,179 INFO o.a.j.t.JMeterThread: Thread finished: Thread-Gruppe 1-33
2025-02-27 16:16:23,182 INFO o.a.j.t.JMeterThread: Thread finished: Thread-Gruppe 1-67
2025-02-27 16:16:23,183 INFO o.a.j.t.JMeterThread: Thread finished: Thread-Gruppe 1-52
2025-02-27 16:16:23,196 INFO o.a.j.t.JMeterThread: Thread finished: Thread-Gruppe 1-22
2025-02-27 16:16:23,238 INFO o.a.j.t.JMeterThread: Thread finished: Thread-Gruppe 1-46
2025-02-27 16:16:23,238 INFO o.a.j.t.JMeterThread: Thread finished: Thread-Gruppe 1-48
2025-02-27 16:16:23,238 INFO o.a.j.t.JMeterThread: Thread finished: Thread-Gruppe 1-43
2025-02-27 16:16:23,312 INFO o.a.j.t.JMeterThread: Thread finished: Thread-Gruppe 1-68
2025-02-27 16:16:23,319 INFO o.a.j.t.JMeterThread: Thread finished: Thread-Gruppe 1-53
2025-02-27 16:16:23,328 INFO o.a.j.t.JMeterThread: Thread finished: Thread-Gruppe 1-23
2025-02-27 16:16:23,336 INFO o.a.j.t.JMeterThread: Thread finished: Thread-Gruppe 1-8
2025-02-27 16:16:23,449 INFO o.a.j.t.JMeterThread: Thread finished: Thread-Gruppe 1-69
2025-02-27 16:16:23,454 INFO o.a.j.t.JMeterThread: Thread finished: Thread-Gruppe 1-54
2025-02-27 16:16:23,463 INFO o.a.j.t.JMeterThread: Thread finished: Thread-Gruppe 1-24
2025-02-27 16:16:23,464 INFO o.a.j.t.JMeterThread: Thread finished: Thread-Gruppe 1-9
2025-02-27 16:16:23,475 INFO o.a.j.t.JMeterThread: Thread finished: Thread-Gruppe 1-3
2025-02-27 16:16:23,478 INFO o.a.j.t.JMeterThread: Thread finished: Thread-Gruppe 1-63
2025-02-27 16:16:23,563 INFO o.a.j.t.JMeterThread: Thread finished: Thread-Gruppe 1-36
2025-02-27 16:16:23,580 INFO o.a.j.t.JMeterThread: Thread finished: Thread-Gruppe 1-70
2025-02-27 16:16:23,583 INFO o.a.j.t.JMeterThread: Thread finished: Thread-Gruppe 1-55
2025-02-27 16:16:23,596 INFO o.a.j.t.JMeterThread: Thread finished: Thread-Gruppe 1-25
2025-02-27 16:16:23,600 INFO o.a.j.t.JMeterThread: Thread finished: Thread-Gruppe 1-10
2025-02-27 16:16:23,696 INFO o.a.j.t.JMeterThread: Thread finished: Thread-Gruppe 1-37
2025-02-27 16:16:23,719 INFO o.a.j.t.JMeterThread: Thread finished: Thread-Gruppe 1-56
2025-02-27 16:16:23,720 INFO o.a.j.t.JMeterThread: Thread finished: Thread-Gruppe 1-71
2025-02-27 16:16:23,725 INFO o.a.j.t.JMeterThread: Thread finished: Thread-Gruppe 1-26
2025-02-27 16:16:23,731 INFO o.a.j.t.JMeterThread: Thread finished: Thread-Gruppe 1-11
2025-02-27 16:16:23,738 INFO o.a.j.t.JMeterThread: Thread finished: Thread-Gruppe 1-34
2025-02-27 16:16:23,774 INFO o.a.j.t.JMeterThread: Thread finished: Thread-Gruppe 1-5
2025-02-27 16:16:23,797 INFO o.a.j.t.JMeterThread: Thread finished: Thread-Gruppe 1-50
2025-02-27 16:16:23,828 INFO o.a.j.t.JMeterThread: Thread finished: Thread-Gruppe 1-38
2025-02-27 16:16:23,847 INFO o.a.j.t.JMeterThread: Thread finished: Thread-Gruppe 1-72
2025-02-27 16:16:23,862 INFO o.a.j.t.JMeterThread: Thread finished: Thread-Gruppe 2-13
2025-02-27 16:16:23,861 INFO o.a.j.t.JMeterThread: Thread finished: Thread-Gruppe 1-27
2025-02-27 16:16:23,862 INFO o.a.j.t.JMeterThread: Thread finished: Thread-Gruppe 1-57
2025-02-27 16:16:23,863 INFO o.a.j.t.JMeterThread: Thread finished: Thread-Gruppe 1-12
2025-02-27 16:16:23,917 INFO o.a.j.t.JMeterThread: Thread finished: Thread-Gruppe 2-15
2025-02-27 16:16:23,956 INFO o.a.j.t.JMeterThread: Thread finished: Thread-Gruppe 1-39
2025-02-27 16:16:23,965 INFO o.a.j.t.JMeterThread: Thread finished: Thread-Gruppe 1-7
2025-02-27 16:16:23,966 INFO o.a.j.t.JMeterThread: Thread finished: Thread-Gruppe 2-14
2025-02-27 16:16:23,979 INFO o.a.j.t.JMeterThread: Thread finished: Thread-Gruppe 1-73
2025-02-27 16:16:23,984 INFO o.a.j.t.JMeterThread: Thread finished: Thread-Gruppe 1-58
2025-02-27 16:16:23,994 INFO o.a.j.t.JMeterThread: Thread finished: Thread-Gruppe 1-28
2025-02-27 16:16:24,000 INFO o.a.j.t.JMeterThread: Thread finished: Thread-Gruppe 1-13
2025-02-27 16:16:24,049 INFO o.a.j.t.JMeterThread: Thread finished: Thread-Gruppe 2-12
2025-02-27 16:16:24,055 INFO o.a.j.t.JMeterThread: Thread finished: Thread-Gruppe 2-1
2025-02-27 16:16:24,097 INFO o.a.j.t.JMeterThread: Thread finished: Thread-Gruppe 1-40
2025-02-27 16:16:24,157 INFO o.a.j.t.JMeterThread: Thread finished: Thread-Gruppe 1-35
2025-02-27 16:16:24,168 INFO o.a.j.t.JMeterThread: Stopping because end time detected by thread: Thread-Gruppe 1-14
2025-02-27 16:16:24,168 INFO o.a.j.t.JMeterThread: Thread finished: Thread-Gruppe 1-74
2025-02-27 16:16:24,168 INFO o.a.j.t.JMeterThread: Thread finished: Thread-Gruppe 2-2
2025-02-27 16:16:24,168 INFO o.a.j.t.JMeterThread: Thread finished: Thread-Gruppe 1-29
2025-02-27 16:16:24,168 INFO o.a.j.t.JMeterThread: Thread finished: Thread-Gruppe 2-6
2025-02-27 16:16:24,168 INFO o.a.j.t.JMeterThread: Thread finished: Thread-Gruppe 1-14
2025-02-27 16:16:24,169 INFO o.a.j.t.JMeterThread: Thread finished: Thread-Gruppe 1-59
2025-02-27 16:16:24,184 INFO o.a.j.t.JMeterThread: Thread finished: Thread-Gruppe 2-19
2025-02-27 16:16:24,190 INFO o.a.j.t.JMeterThread: Thread finished: Thread-Gruppe 3-2
2025-02-27 16:16:24,226 INFO o.a.j.t.JMeterThread: Stopping because end time detected by thread: Thread-Gruppe 1-41
2025-02-27 16:16:24,226 INFO o.a.j.t.JMeterThread: Thread finished: Thread-Gruppe 1-41
2025-02-27 16:16:24,256 INFO o.a.j.t.JMeterThread: Stopping because end time detected by thread: Thread-Gruppe 1-60
2025-02-27 16:16:24,256 INFO o.a.j.t.JMeterThread: Thread finished: Thread-Gruppe 1-60
2025-02-27 16:16:24,256 INFO o.a.j.t.JMeterThread: Stopping because end time detected by thread: Thread-Gruppe 1-30
2025-02-27 16:16:24,256 INFO o.a.j.t.JMeterThread: Thread finished: Thread-Gruppe 1-30
2025-02-27 16:16:24,271 INFO o.a.j.t.JMeterThread: Stopping because end time detected by thread: Thread-Gruppe 1-15
2025-02-27 16:16:24,271 INFO o.a.j.t.JMeterThread: Thread finished: Thread-Gruppe 1-15
2025-02-27 16:16:24,271 INFO o.a.j.t.JMeterThread: Stopping because end time detected by thread: Thread-Gruppe 2-4
2025-02-27 16:16:24,271 INFO o.a.j.t.JMeterThread: Thread finished: Thread-Gruppe 2-4
2025-02-27 16:16:24,355 INFO o.a.j.t.JMeterThread: Stopping because end time detected by thread: Thread-Gruppe 3-1
2025-02-27 16:16:24,355 INFO o.a.j.t.JMeterThread: Thread finished: Thread-Gruppe 3-1
2025-02-27 16:16:24,355 INFO o.a.j.t.JMeterThread: Stopping because end time detected by thread: Thread-Gruppe 2-16
2025-02-27 16:16:24,355 INFO o.a.j.t.JMeterThread: Thread finished: Thread-Gruppe 2-16
2025-02-27 16:16:24,370 INFO o.a.j.t.JMeterThread: Stopping because end time detected by thread: Thread-Gruppe 2-18
2025-02-27 16:16:24,370 INFO o.a.j.t.JMeterThread: Thread finished: Thread-Gruppe 2-18
2025-02-27 16:16:24,460 INFO o.a.j.t.JMeterThread: Stopping because end time detected by thread: Thread-Gruppe 3-5
2025-02-27 16:16:24,460 INFO o.a.j.t.JMeterThread: Thread finished: Thread-Gruppe 3-5
2025-02-27 16:16:24,475 INFO o.a.j.t.JMeterThread: Stopping because end time detected by thread: Thread-Gruppe 1-31
2025-02-27 16:16:24,475 INFO o.a.j.t.JMeterThread: Stopping because end time detected by thread: Thread-Gruppe 1-16
2025-02-27 16:16:24,475 INFO o.a.j.t.JMeterThread: Thread finished: Thread-Gruppe 1-16
2025-02-27 16:16:24,475 INFO o.a.j.t.JMeterThread: Thread finished: Thread-Gruppe 1-31
2025-02-27 16:16:24,475 INFO o.a.j.t.JMeterThread: Stopping because end time detected by thread: Thread-Gruppe 2-17
2025-02-27 16:16:24,475 INFO o.a.j.t.JMeterThread: Thread finished: Thread-Gruppe 2-17
2025-02-27 16:16:24,475 INFO o.a.j.t.JMeterThread: Stopping because end time detected by thread: Thread-Gruppe 3-4
2025-02-27 16:16:24,475 INFO o.a.j.t.JMeterThread: Stopping because end time detected by thread: Thread-Gruppe 2-7
2025-02-27 16:16:24,475 INFO o.a.j.t.JMeterThread: Thread finished: Thread-Gruppe 3-4
2025-02-27 16:16:24,475 INFO o.a.j.t.JMeterThread: Thread finished: Thread-Gruppe 2-7
2025-02-27 16:16:24,490 INFO o.a.j.t.JMeterThread: Stopping because end time detected by thread: Thread-Gruppe 2-8
2025-02-27 16:16:24,490 INFO o.a.j.t.JMeterThread: Thread finished: Thread-Gruppe 2-8
2025-02-27 16:16:24,520 INFO o.a.j.t.JMeterThread: Stopping because end time detected by thread: Thread-Gruppe 2-5
2025-02-27 16:16:24,520 INFO o.a.j.t.JMeterThread: Thread finished: Thread-Gruppe 2-5
2025-02-27 16:16:24,520 INFO o.a.j.t.JMeterThread: Stopping because end time detected by thread: Thread-Gruppe 2-3
2025-02-27 16:16:24,520 INFO o.a.j.t.JMeterThread: Thread finished: Thread-Gruppe 2-3
2025-02-27 16:16:24,836 INFO o.a.j.t.JMeterThread: Stopping because end time detected by thread: Thread-Gruppe 2-9
2025-02-27 16:16:24,836 INFO o.a.j.t.JMeterThread: Stopping because end time detected by thread: Thread-Gruppe 2-20
2025-02-27 16:16:24,836 INFO o.a.j.t.JMeterThread: Thread finished: Thread-Gruppe 2-9
2025-02-27 16:16:24,836 INFO o.a.j.t.JMeterThread: Stopping because end time detected by thread: Thread-Gruppe 3-3
2025-02-27 16:16:24,836 INFO o.a.j.t.JMeterThread: Thread finished: Thread-Gruppe 3-3
2025-02-27 16:16:24,836 INFO o.a.j.t.JMeterThread: Thread finished: Thread-Gruppe 2-20
2025-02-27 16:16:24,851 INFO o.a.j.t.JMeterThread: Stopping because end time detected by thread: Thread-Gruppe 2-10
2025-02-27 16:16:24,851 INFO o.a.j.t.JMeterThread: Thread finished: Thread-Gruppe 2-10
2025-02-27 16:16:24,851 INFO o.a.j.t.JMeterThread: Stopping because end time detected by thread: Thread-Gruppe 2-11
2025-02-27 16:16:24,851 INFO o.a.j.t.JMeterThread: Thread finished: Thread-Gruppe 2-11
2025-02-27 16:16:24,851 INFO o.a.j.e.StandardJMeterEngine: Notifying test listeners of end of test
2025-02-27 16:16:24,866 INFO o.a.j.r.Summariser: summary +   1856 in 00:00:25 =   74.7/s Avg:   338 Min:   248 Max:  2541 Err:     0 (0.00%) Active: 0 Started: 100 Finished: 100
2025-02-27 16:16:24,866 INFO o.a.j.r.Summariser: summary =  45100 in 00:11:01 =   68.2/s Avg:   360 Min:   243 Max:  3176 Err:     0 (0.00%)
