2025-02-27 11:26:16,875 INFO o.a.j.u.JMeterUtils: Setting Locale to en_EN
2025-02-27 11:26:16,890 INFO o.a.j.JMeter: Loading user properties from: D:\Semester 7\CS4203 - Research and Development Project\Artifacts\apache-jmeter-5.6.3\bin\user.properties
2025-02-27 11:26:16,890 INFO o.a.j.JMeter: Loading system properties from: D:\Semester 7\CS4203 - Research and Development Project\Artifacts\apache-jmeter-5.6.3\bin\system.properties
2025-02-27 11:26:16,890 INFO o.a.j.JMeter: Setting JMeter property: lb_1_hostname=34.67.126.244
2025-02-27 11:26:16,890 INFO o.a.j.JMeter: Setting JMeter property: lb_2_hostname=35.232.62.106
2025-02-27 11:26:16,890 INFO o.a.j.JMeter: Setting JMeter property: lb_1_port=8090
2025-02-27 11:26:16,890 INFO o.a.j.JMeter: Setting JMeter property: lb_2_port=8091
2025-02-27 11:26:16,906 INFO o.a.j.JMeter: Setting JMeter property: warm_up_users=20
2025-02-27 11:26:16,906 INFO o.a.j.JMeter: Setting JMeter property: warm_up_time=60
2025-02-27 11:26:16,906 INFO o.a.j.JMeter: Setting JMeter property: test_run_time=600
2025-02-27 11:26:16,906 INFO o.a.j.JMeter: Setting JMeter property: ramp_up=10
2025-02-27 11:26:16,906 INFO o.a.j.JMeter: Setting JMeter property: group_1=75
2025-02-27 11:26:16,906 INFO o.a.j.JMeter: Setting JMeter property: group_2=20
2025-02-27 11:26:16,906 INFO o.a.j.JMeter: Setting JMeter property: group_3=5
2025-02-27 11:26:16,906 INFO o.a.j.JMeter: Setting JMeter property: group_1_request_rate=30
2025-02-27 11:26:16,906 INFO o.a.j.JMeter: Setting JMeter property: group_2_request_rate=90
2025-02-27 11:26:16,906 INFO o.a.j.JMeter: Setting JMeter property: group_3_request_rate=120
2025-02-27 11:26:16,906 INFO o.a.j.JMeter: Setting JMeter property: log_file=d:\Semester 7\CS4203 - Research and Development Project\Artifacts\rate-limiter-nginx\jmeter\cloud\2025_02_27_09_12_logs\sliding_window_logs\redis_script_rate_limit_100_window_size_60\warm_up_results.csv
2025-02-27 11:26:16,906 INFO o.a.j.JMeter: Setting JMeter property: algorithm=sliding_window_logs_redis_script_rate_limit_100_window_size_60
2025-02-27 11:26:16,906 INFO o.a.j.JMeter: Setting JMeter property: auth=/sliding_window_logs/redis_script_rate_limit_100_window_size_60/tools.descartes.teastore.auth/rest
2025-02-27 11:26:16,906 INFO o.a.j.JMeter: Setting JMeter property: persistence=/sliding_window_logs/redis_script_rate_limit_100_window_size_60/tools.descartes.teastore.persistence/rest
2025-02-27 11:26:16,906 INFO o.a.j.JMeter: Setting JMeter property: recommender=/sliding_window_logs/redis_script_rate_limit_100_window_size_60/tools.descartes.teastore.recommender/rest
2025-02-27 11:26:16,906 INFO o.a.j.JMeter: Setting JMeter property: image=/sliding_window_logs/redis_script_rate_limit_100_window_size_60/tools.descartes.teastore.image/rest
2025-02-27 11:26:16,906 INFO o.a.j.JMeter: Copyright (c) 1998-2024 The Apache Software Foundation
2025-02-27 11:26:16,906 INFO o.a.j.JMeter: Version 5.6.3
2025-02-27 11:26:16,906 INFO o.a.j.JMeter: java.version=11.0.22
2025-02-27 11:26:16,906 INFO o.a.j.JMeter: java.vm.name=Java HotSpot(TM) 64-Bit Server VM
2025-02-27 11:26:16,906 INFO o.a.j.JMeter: os.name=Windows 10
2025-02-27 11:26:16,906 INFO o.a.j.JMeter: os.arch=amd64
2025-02-27 11:26:16,906 INFO o.a.j.JMeter: os.version=10.0
2025-02-27 11:26:16,906 INFO o.a.j.JMeter: file.encoding=Cp1252
2025-02-27 11:26:16,906 INFO o.a.j.JMeter: java.awt.headless=true
2025-02-27 11:26:16,906 INFO o.a.j.JMeter: Max memory     =1073741824
2025-02-27 11:26:16,906 INFO o.a.j.JMeter: Available Processors =12
2025-02-27 11:26:16,921 INFO o.a.j.JMeter: Default Locale=English (EN)
2025-02-27 11:26:16,921 INFO o.a.j.JMeter: JMeter  Locale=English (EN)
2025-02-27 11:26:16,921 INFO o.a.j.JMeter: JMeterHome=D:\Semester 7\CS4203 - Research and Development Project\Artifacts\apache-jmeter-5.6.3
2025-02-27 11:26:16,921 INFO o.a.j.JMeter: user.dir  =D:\Semester 7\CS4203 - Research and Development Project\Artifacts\rate-limiter-nginx
2025-02-27 11:26:16,921 INFO o.a.j.JMeter: PWD       =D:\Semester 7\CS4203 - Research and Development Project\Artifacts\rate-limiter-nginx
2025-02-27 11:26:16,936 INFO o.a.j.JMeter: IP: 10.10.21.101 Name: KOBI-MSI-PC FullName: 10.10.21.101
2025-02-27 11:26:16,951 INFO o.a.j.s.FileServer: Default base='D:\Semester 7\CS4203 - Research and Development Project\Artifacts\rate-limiter-nginx'
2025-02-27 11:26:16,966 INFO o.a.j.s.FileServer: Set new base='d:\Semester 7\CS4203 - Research and Development Project\Artifacts\rate-limiter-nginx\jmeter\cloud'
2025-02-27 11:26:17,192 INFO o.a.j.s.SaveService: Testplan (JMX) version: 2.2. Testlog (JTL) version: 2.2
2025-02-27 11:26:17,207 INFO o.a.j.s.SaveService: Using SaveService properties version 5.0
2025-02-27 11:26:17,222 INFO o.a.j.s.SaveService: Using SaveService properties file encoding UTF-8
2025-02-27 11:26:17,222 INFO o.a.j.s.SaveService: Loading file: d:\Semester 7\CS4203 - Research and Development Project\Artifacts\rate-limiter-nginx\jmeter\cloud\teastore_performance.jmx
2025-02-27 11:26:17,282 INFO o.a.j.p.h.c.CookieManager: Settings: Delete null: true Check: true Allow variable: true Save: false Prefix: COOKIE_
2025-02-27 11:26:17,312 INFO o.a.j.p.h.s.HTTPSamplerBase: Parser for text/html is org.apache.jmeter.protocol.http.parser.LagartoBasedHtmlParser
2025-02-27 11:26:17,312 INFO o.a.j.p.h.s.HTTPSamplerBase: Parser for application/xhtml+xml is org.apache.jmeter.protocol.http.parser.LagartoBasedHtmlParser
2025-02-27 11:26:17,312 INFO o.a.j.p.h.s.HTTPSamplerBase: Parser for application/xml is org.apache.jmeter.protocol.http.parser.LagartoBasedHtmlParser
2025-02-27 11:26:17,312 INFO o.a.j.p.h.s.HTTPSamplerBase: Parser for text/xml is org.apache.jmeter.protocol.http.parser.LagartoBasedHtmlParser
2025-02-27 11:26:17,312 INFO o.a.j.p.h.s.HTTPSamplerBase: Parser for text/vnd.wap.wml is org.apache.jmeter.protocol.http.parser.RegexpHTMLParser
2025-02-27 11:26:17,312 INFO o.a.j.p.h.s.HTTPSamplerBase: Parser for text/css is org.apache.jmeter.protocol.http.parser.CssParser
2025-02-27 11:26:17,475 INFO o.a.j.s.SampleResult: Note: Sample TimeStamps are START times
2025-02-27 11:26:17,475 INFO o.a.j.s.SampleResult: sampleresult.default.encoding is set to UTF-8
2025-02-27 11:26:17,475 INFO o.a.j.s.SampleResult: sampleresult.useNanoTime=true
2025-02-27 11:26:17,475 INFO o.a.j.s.SampleResult: sampleresult.nanoThreadSleep=5000
2025-02-27 11:26:17,520 INFO o.a.j.JMeter: Creating summariser <summary>
2025-02-27 11:26:17,540 INFO o.a.j.e.StandardJMeterEngine: Running the test!
2025-02-27 11:26:17,541 INFO o.a.j.s.SampleEvent: List of sample_variables: []
2025-02-27 11:26:17,541 INFO o.a.j.s.SampleEvent: List of sample_variables: []
2025-02-27 11:26:17,554 INFO o.a.j.e.u.CompoundVariable: Note: Function class names must contain the string: '.functions.'
2025-02-27 11:26:17,554 INFO o.a.j.e.u.CompoundVariable: Note: Function class names must not contain the string: '.gui.'
2025-02-27 11:26:17,847 INFO o.a.j.r.ClassFinder: Will scan jar D:\Semester 7\CS4203 - Research and Development Project\Artifacts\apache-jmeter-5.6.3\lib\ext\jmeter-plugins-casutg-2.10.jar with filter ExtendsClassFilter [parents=[interface org.apache.jmeter.functions.Function], inner=false, contains=null, notContains=null]. Consider exposing JMeter plugins via META-INF/services, and add JMeter-Skip-Class-Scanning=true manifest attribute so JMeter can skip classfile scanning
2025-02-27 11:26:17,862 INFO o.a.j.r.ClassFinder: Will scan jar D:\Semester 7\CS4203 - Research and Development Project\Artifacts\apache-jmeter-5.6.3\lib\ext\jmeter-plugins-graphs-additional-2.0.jar with filter ExtendsClassFilter [parents=[interface org.apache.jmeter.functions.Function], inner=false, contains=null, notContains=null]. Consider exposing JMeter plugins via META-INF/services, and add JMeter-Skip-Class-Scanning=true manifest attribute so JMeter can skip classfile scanning
2025-02-27 11:26:17,877 INFO o.a.j.r.ClassFinder: Will scan jar D:\Semester 7\CS4203 - Research and Development Project\Artifacts\apache-jmeter-5.6.3\lib\ext\jmeter-plugins-perfmon-2.1.jar with filter ExtendsClassFilter [parents=[interface org.apache.jmeter.functions.Function], inner=false, contains=null, notContains=null]. Consider exposing JMeter plugins via META-INF/services, and add JMeter-Skip-Class-Scanning=true manifest attribute so JMeter can skip classfile scanning
2025-02-27 11:26:17,877 INFO o.a.j.r.ClassFinder: Will scan jar D:\Semester 7\CS4203 - Research and Development Project\Artifacts\apache-jmeter-5.6.3\lib\ext\json-lib-2.4-jdk15.jar with filter ExtendsClassFilter [parents=[interface org.apache.jmeter.functions.Function], inner=false, contains=null, notContains=null]. Consider exposing JMeter plugins via META-INF/services, and add JMeter-Skip-Class-Scanning=true manifest attribute so JMeter can skip classfile scanning
2025-02-27 11:26:17,907 INFO o.a.j.r.ClassFinder: Will scan jar D:\Semester 7\CS4203 - Research and Development Project\Artifacts\apache-jmeter-5.6.3\lib\ext\perfmon-2.2.2.jar with filter ExtendsClassFilter [parents=[interface org.apache.jmeter.functions.Function], inner=false, contains=null, notContains=null]. Consider exposing JMeter plugins via META-INF/services, and add JMeter-Skip-Class-Scanning=true manifest attribute so JMeter can skip classfile scanning
2025-02-27 11:26:17,922 INFO o.a.j.r.ClassFinder: Will scan jar D:\Semester 7\CS4203 - Research and Development Project\Artifacts\apache-jmeter-5.6.3\lib\ext\jmeter-plugins-manager-1.10.jar with filter ExtendsClassFilter [parents=[interface org.apache.jmeter.functions.Function], inner=false, contains=null, notContains=null]. Consider exposing JMeter plugins via META-INF/services, and add JMeter-Skip-Class-Scanning=true manifest attribute so JMeter can skip classfile scanning
2025-02-27 11:26:18,030 INFO o.a.j.r.ClassFinder: Will scan jar D:\Semester 7\CS4203 - Research and Development Project\Artifacts\apache-jmeter-5.6.3\lib\ext\jmeter-plugins-graphs-vs-2.0.jar with filter ExtendsClassFilter [parents=[interface org.apache.jmeter.functions.Function], inner=false, contains=null, notContains=null]. Consider exposing JMeter plugins via META-INF/services, and add JMeter-Skip-Class-Scanning=true manifest attribute so JMeter can skip classfile scanning
2025-02-27 11:26:18,030 INFO o.a.j.r.ClassFinder: Will scan jar D:\Semester 7\CS4203 - Research and Development Project\Artifacts\apache-jmeter-5.6.3\lib\ext\jmeter-parallel-0.12.jar with filter ExtendsClassFilter [parents=[interface org.apache.jmeter.functions.Function], inner=false, contains=null, notContains=null]. Consider exposing JMeter plugins via META-INF/services, and add JMeter-Skip-Class-Scanning=true manifest attribute so JMeter can skip classfile scanning
2025-02-27 11:26:18,030 INFO o.a.j.r.ClassFinder: Will scan jar D:\Semester 7\CS4203 - Research and Development Project\Artifacts\apache-jmeter-5.6.3\lib\ext\jmeter-plugins-tst-2.6.jar with filter ExtendsClassFilter [parents=[interface org.apache.jmeter.functions.Function], inner=false, contains=null, notContains=null]. Consider exposing JMeter plugins via META-INF/services, and add JMeter-Skip-Class-Scanning=true manifest attribute so JMeter can skip classfile scanning
2025-02-27 11:26:18,045 INFO o.a.j.r.ClassFinder: Will scan jar D:\Semester 7\CS4203 - Research and Development Project\Artifacts\apache-jmeter-5.6.3\lib\ext\jmeter-prometheus-plugin-0.6.0.jar with filter ExtendsClassFilter [parents=[interface org.apache.jmeter.functions.Function], inner=false, contains=null, notContains=null]. Consider exposing JMeter plugins via META-INF/services, and add JMeter-Skip-Class-Scanning=true manifest attribute so JMeter can skip classfile scanning
2025-02-27 11:26:18,060 INFO o.a.j.r.ClassFinder: Will scan jar D:\Semester 7\CS4203 - Research and Development Project\Artifacts\apache-jmeter-5.6.3\lib\ext\jmeter-plugins-graphs-basic-2.0.jar with filter ExtendsClassFilter [parents=[interface org.apache.jmeter.functions.Function], inner=false, contains=null, notContains=null]. Consider exposing JMeter plugins via META-INF/services, and add JMeter-Skip-Class-Scanning=true manifest attribute so JMeter can skip classfile scanning
2025-02-27 11:26:18,508 INFO o.a.j.JMeter: Running test (1740635778508)
2025-02-27 11:26:18,508 INFO o.a.j.e.StandardJMeterEngine: Starting setUp thread groups
2025-02-27 11:26:18,508 INFO o.a.j.e.StandardJMeterEngine: Starting setUp ThreadGroup: 1 : setUp Thread Group 
2025-02-27 11:26:18,508 INFO o.a.j.e.StandardJMeterEngine: Starting 20 threads for group setUp Thread Group.
2025-02-27 11:26:18,508 INFO o.a.j.e.StandardJMeterEngine: Thread will continue on error
2025-02-27 11:26:18,508 INFO o.a.j.t.ThreadGroup: Starting thread group... number=1 threads=20 ramp-up=10 delayedStart=false
2025-02-27 11:26:18,523 INFO o.a.j.t.JMeterThread: Thread started: setUp Thread Group 1-1
2025-02-27 11:26:18,590 INFO o.a.j.t.ThreadGroup: Started thread group number 1
2025-02-27 11:26:18,591 INFO o.a.j.e.StandardJMeterEngine: Waiting for all setup thread groups to exit
2025-02-27 11:26:19,032 INFO o.a.j.t.JMeterThread: Thread started: setUp Thread Group 1-2
2025-02-27 11:26:19,520 INFO o.a.j.t.JMeterThread: Thread started: setUp Thread Group 1-3
2025-02-27 11:26:19,663 INFO o.a.j.p.h.s.HTTPHCAbstractImpl: Local host = KOBI-MSI-PC
2025-02-27 11:26:19,669 INFO o.a.j.p.h.s.HTTPHC4Impl: HTTP request retry count = 0
2025-02-27 11:26:20,023 INFO o.a.j.t.JMeterThread: Thread started: setUp Thread Group 1-4
2025-02-27 11:26:20,516 INFO o.a.j.t.JMeterThread: Thread started: setUp Thread Group 1-5
2025-02-27 11:26:21,015 INFO o.a.j.t.JMeterThread: Thread started: setUp Thread Group 1-6
2025-02-27 11:26:21,514 INFO o.a.j.t.JMeterThread: Thread started: setUp Thread Group 1-7
2025-02-27 11:26:22,017 INFO o.a.j.t.JMeterThread: Thread started: setUp Thread Group 1-8
2025-02-27 11:26:22,514 INFO o.a.j.t.JMeterThread: Thread started: setUp Thread Group 1-9
2025-02-27 11:26:23,014 INFO o.a.j.t.JMeterThread: Thread started: setUp Thread Group 1-10
2025-02-27 11:26:23,513 INFO o.a.j.t.JMeterThread: Thread started: setUp Thread Group 1-11
2025-02-27 11:26:24,015 INFO o.a.j.t.JMeterThread: Thread started: setUp Thread Group 1-12
2025-02-27 11:26:24,515 INFO o.a.j.t.JMeterThread: Thread started: setUp Thread Group 1-13
2025-02-27 11:26:25,013 INFO o.a.j.t.JMeterThread: Thread started: setUp Thread Group 1-14
2025-02-27 11:26:25,515 INFO o.a.j.t.JMeterThread: Thread started: setUp Thread Group 1-15
2025-02-27 11:26:26,013 INFO o.a.j.t.JMeterThread: Thread started: setUp Thread Group 1-16
2025-02-27 11:26:26,513 INFO o.a.j.t.JMeterThread: Thread started: setUp Thread Group 1-17
2025-02-27 11:26:27,013 INFO o.a.j.t.JMeterThread: Thread started: setUp Thread Group 1-18
2025-02-27 11:26:27,514 INFO o.a.j.t.JMeterThread: Thread started: setUp Thread Group 1-19
2025-02-27 11:26:28,014 INFO o.a.j.t.JMeterThread: Thread started: setUp Thread Group 1-20
2025-02-27 11:27:18,342 INFO o.a.j.t.JMeterThread: Thread finished: setUp Thread Group 1-19
2025-02-27 11:27:18,357 INFO o.a.j.t.JMeterThread: Thread finished: setUp Thread Group 1-2
2025-02-27 11:27:18,363 INFO o.a.j.t.JMeterThread: Thread finished: setUp Thread Group 1-4
2025-02-27 11:27:18,368 INFO o.a.j.t.JMeterThread: Thread finished: setUp Thread Group 1-1
2025-02-27 11:27:18,374 INFO o.a.j.t.JMeterThread: Thread finished: setUp Thread Group 1-3
2025-02-27 11:27:18,385 INFO o.a.j.t.JMeterThread: Thread finished: setUp Thread Group 1-6
2025-02-27 11:27:18,433 INFO o.a.j.t.JMeterThread: Thread finished: setUp Thread Group 1-8
2025-02-27 11:27:18,444 INFO o.a.j.t.JMeterThread: Thread finished: setUp Thread Group 1-12
2025-02-27 11:27:18,487 INFO o.a.j.t.JMeterThread: Thread finished: setUp Thread Group 1-7
2025-02-27 11:27:18,529 INFO o.a.j.t.JMeterThread: Thread finished: setUp Thread Group 1-10
2025-02-27 11:27:18,585 INFO o.a.j.t.JMeterThread: Thread finished: setUp Thread Group 1-20
2025-02-27 11:27:18,587 INFO o.a.j.t.JMeterThread: Stopping because end time detected by thread: setUp Thread Group 1-5
2025-02-27 11:27:18,587 INFO o.a.j.t.JMeterThread: Thread finished: setUp Thread Group 1-5
2025-02-27 11:27:18,587 INFO o.a.j.t.JMeterThread: Stopping because end time detected by thread: setUp Thread Group 1-14
2025-02-27 11:27:18,587 INFO o.a.j.t.JMeterThread: Thread finished: setUp Thread Group 1-14
2025-02-27 11:27:18,602 INFO o.a.j.t.JMeterThread: Stopping because end time detected by thread: setUp Thread Group 1-17
2025-02-27 11:27:18,602 INFO o.a.j.t.JMeterThread: Thread finished: setUp Thread Group 1-17
2025-02-27 11:27:18,682 INFO o.a.j.t.JMeterThread: Stopping because end time detected by thread: setUp Thread Group 1-18
2025-02-27 11:27:18,682 INFO o.a.j.t.JMeterThread: Thread finished: setUp Thread Group 1-18
2025-02-27 11:27:18,696 INFO o.a.j.t.JMeterThread: Stopping because end time detected by thread: setUp Thread Group 1-11
2025-02-27 11:27:18,696 INFO o.a.j.t.JMeterThread: Thread finished: setUp Thread Group 1-11
2025-02-27 11:27:18,712 INFO o.a.j.t.JMeterThread: Stopping because end time detected by thread: setUp Thread Group 1-13
2025-02-27 11:27:18,712 INFO o.a.j.t.JMeterThread: Thread finished: setUp Thread Group 1-13
2025-02-27 11:27:18,727 INFO o.a.j.t.JMeterThread: Stopping because end time detected by thread: setUp Thread Group 1-16
2025-02-27 11:27:18,727 INFO o.a.j.t.JMeterThread: Thread finished: setUp Thread Group 1-16
2025-02-27 11:27:18,787 INFO o.a.j.t.JMeterThread: Stopping because end time detected by thread: setUp Thread Group 1-9
2025-02-27 11:27:18,787 INFO o.a.j.t.JMeterThread: Thread finished: setUp Thread Group 1-9
2025-02-27 11:27:18,817 INFO o.a.j.t.JMeterThread: Stopping because end time detected by thread: setUp Thread Group 1-15
2025-02-27 11:27:18,817 INFO o.a.j.t.JMeterThread: Thread finished: setUp Thread Group 1-15
2025-02-27 11:27:18,817 INFO o.a.j.e.StandardJMeterEngine: All Setup Threads have ended
2025-02-27 11:27:18,862 INFO o.a.j.e.StandardJMeterEngine: Starting ThreadGroup: 1 : Thread-Gruppe
2025-02-27 11:27:18,862 INFO o.a.j.e.StandardJMeterEngine: Starting 75 threads for group Thread-Gruppe.
2025-02-27 11:27:18,862 INFO o.a.j.e.StandardJMeterEngine: Thread will continue on error
2025-02-27 11:27:18,862 INFO o.a.j.t.ThreadGroup: Starting thread group... number=1 threads=75 ramp-up=10 delayedStart=false
2025-02-27 11:27:18,862 INFO o.a.j.t.JMeterThread: Thread started: Thread-Gruppe 1-1
2025-02-27 11:27:18,963 INFO o.a.j.t.ThreadGroup: Started thread group number 1
2025-02-27 11:27:18,963 INFO o.a.j.e.StandardJMeterEngine: Starting ThreadGroup: 2 : Thread-Gruppe
2025-02-27 11:27:18,963 INFO o.a.j.e.StandardJMeterEngine: Starting 20 threads for group Thread-Gruppe.
2025-02-27 11:27:18,963 INFO o.a.j.e.StandardJMeterEngine: Thread will continue on error
2025-02-27 11:27:18,963 INFO o.a.j.t.ThreadGroup: Starting thread group... number=2 threads=20 ramp-up=10 delayedStart=false
2025-02-27 11:27:18,966 INFO o.a.j.t.JMeterThread: Thread started: Thread-Gruppe 2-1
2025-02-27 11:27:18,984 INFO o.a.j.t.ThreadGroup: Started thread group number 2
2025-02-27 11:27:18,984 INFO o.a.j.e.StandardJMeterEngine: Starting ThreadGroup: 3 : Thread-Gruppe
2025-02-27 11:27:18,984 INFO o.a.j.e.StandardJMeterEngine: Starting 5 threads for group Thread-Gruppe.
2025-02-27 11:27:18,984 INFO o.a.j.e.StandardJMeterEngine: Thread will continue on error
2025-02-27 11:27:18,984 INFO o.a.j.t.ThreadGroup: Starting thread group... number=3 threads=5 ramp-up=10 delayedStart=false
2025-02-27 11:27:18,986 INFO o.a.j.t.JMeterThread: Thread started: Thread-Gruppe 3-1
2025-02-27 11:27:18,990 INFO o.a.j.t.ThreadGroup: Started thread group number 3
2025-02-27 11:27:18,990 INFO o.a.j.e.StandardJMeterEngine: All thread groups have been started
2025-02-27 11:27:19,007 INFO o.a.j.t.JMeterThread: Thread started: Thread-Gruppe 1-2
2025-02-27 11:27:19,139 INFO o.a.j.t.JMeterThread: Thread started: Thread-Gruppe 1-3
2025-02-27 11:27:19,275 INFO o.a.j.t.JMeterThread: Thread started: Thread-Gruppe 1-4
2025-02-27 11:27:19,397 INFO o.a.j.t.JMeterThread: Thread started: Thread-Gruppe 1-5
2025-02-27 11:27:19,467 INFO o.a.j.t.JMeterThread: Thread started: Thread-Gruppe 2-2
2025-02-27 11:27:19,530 INFO o.a.j.t.JMeterThread: Thread started: Thread-Gruppe 1-6
2025-02-27 11:27:19,664 INFO o.a.j.t.JMeterThread: Thread started: Thread-Gruppe 1-7
2025-02-27 11:27:19,797 INFO o.a.j.t.JMeterThread: Thread started: Thread-Gruppe 1-8
2025-02-27 11:27:19,929 INFO o.a.j.t.JMeterThread: Thread started: Thread-Gruppe 1-9
2025-02-27 11:27:19,967 INFO o.a.j.t.JMeterThread: Thread started: Thread-Gruppe 2-3
2025-02-27 11:27:20,063 INFO o.a.j.t.JMeterThread: Thread started: Thread-Gruppe 1-10
2025-02-27 11:27:20,194 INFO o.a.j.t.JMeterThread: Thread started: Thread-Gruppe 1-11
2025-02-27 11:27:20,328 INFO o.a.j.t.JMeterThread: Thread started: Thread-Gruppe 1-12
2025-02-27 11:27:20,461 INFO o.a.j.t.JMeterThread: Thread started: Thread-Gruppe 1-13
2025-02-27 11:27:20,465 INFO o.a.j.t.JMeterThread: Thread started: Thread-Gruppe 2-4
2025-02-27 11:27:20,595 INFO o.a.j.t.JMeterThread: Thread started: Thread-Gruppe 1-14
2025-02-27 11:27:20,727 INFO o.a.j.t.JMeterThread: Thread started: Thread-Gruppe 1-15
2025-02-27 11:27:20,859 INFO o.a.j.t.JMeterThread: Thread started: Thread-Gruppe 1-16
2025-02-27 11:27:20,965 INFO o.a.j.t.JMeterThread: Thread started: Thread-Gruppe 2-5
2025-02-27 11:27:20,986 INFO o.a.j.t.JMeterThread: Thread started: Thread-Gruppe 3-2
2025-02-27 11:27:20,994 INFO o.a.j.t.JMeterThread: Thread started: Thread-Gruppe 1-17
2025-02-27 11:27:21,127 INFO o.a.j.t.JMeterThread: Thread started: Thread-Gruppe 1-18
2025-02-27 11:27:21,260 INFO o.a.j.t.JMeterThread: Thread started: Thread-Gruppe 1-19
2025-02-27 11:27:21,393 INFO o.a.j.t.JMeterThread: Thread started: Thread-Gruppe 1-20
2025-02-27 11:27:21,465 INFO o.a.j.t.JMeterThread: Thread started: Thread-Gruppe 2-6
2025-02-27 11:27:21,525 INFO o.a.j.t.JMeterThread: Thread started: Thread-Gruppe 1-21
2025-02-27 11:27:21,659 INFO o.a.j.t.JMeterThread: Thread started: Thread-Gruppe 1-22
2025-02-27 11:27:21,791 INFO o.a.j.t.JMeterThread: Thread started: Thread-Gruppe 1-23
2025-02-27 11:27:21,925 INFO o.a.j.t.JMeterThread: Thread started: Thread-Gruppe 1-24
2025-02-27 11:27:21,967 INFO o.a.j.t.JMeterThread: Thread started: Thread-Gruppe 2-7
2025-02-27 11:27:22,057 INFO o.a.j.t.JMeterThread: Thread started: Thread-Gruppe 1-25
2025-02-27 11:27:22,190 INFO o.a.j.t.JMeterThread: Thread started: Thread-Gruppe 1-26
2025-02-27 11:27:22,322 INFO o.a.j.t.JMeterThread: Thread started: Thread-Gruppe 1-27
2025-02-27 11:27:22,455 INFO o.a.j.t.JMeterThread: Thread started: Thread-Gruppe 1-28
2025-02-27 11:27:22,466 INFO o.a.j.t.JMeterThread: Thread started: Thread-Gruppe 2-8
2025-02-27 11:27:22,588 INFO o.a.j.t.JMeterThread: Thread started: Thread-Gruppe 1-29
2025-02-27 11:27:22,722 INFO o.a.j.t.JMeterThread: Thread started: Thread-Gruppe 1-30
2025-02-27 11:27:22,855 INFO o.a.j.t.JMeterThread: Thread started: Thread-Gruppe 1-31
2025-02-27 11:27:22,965 INFO o.a.j.t.JMeterThread: Thread started: Thread-Gruppe 2-9
2025-02-27 11:27:22,987 INFO o.a.j.t.JMeterThread: Thread started: Thread-Gruppe 1-32
2025-02-27 11:27:22,987 INFO o.a.j.t.JMeterThread: Thread started: Thread-Gruppe 3-3
2025-02-27 11:27:23,120 INFO o.a.j.t.JMeterThread: Thread started: Thread-Gruppe 1-33
2025-02-27 11:27:23,253 INFO o.a.j.t.JMeterThread: Thread started: Thread-Gruppe 1-34
2025-02-27 11:27:23,387 INFO o.a.j.t.JMeterThread: Thread started: Thread-Gruppe 1-35
2025-02-27 11:27:23,466 INFO o.a.j.t.JMeterThread: Thread started: Thread-Gruppe 2-10
2025-02-27 11:27:23,520 INFO o.a.j.t.JMeterThread: Thread started: Thread-Gruppe 1-36
2025-02-27 11:27:23,652 INFO o.a.j.t.JMeterThread: Thread started: Thread-Gruppe 1-37
2025-02-27 11:27:23,785 INFO o.a.j.t.JMeterThread: Thread started: Thread-Gruppe 1-38
2025-02-27 11:27:23,918 INFO o.a.j.t.JMeterThread: Thread started: Thread-Gruppe 1-39
2025-02-27 11:27:23,966 INFO o.a.j.t.JMeterThread: Thread started: Thread-Gruppe 2-11
2025-02-27 11:27:24,053 INFO o.a.j.t.JMeterThread: Thread started: Thread-Gruppe 1-40
2025-02-27 11:27:24,187 INFO o.a.j.t.JMeterThread: Thread started: Thread-Gruppe 1-41
2025-02-27 11:27:24,319 INFO o.a.j.t.JMeterThread: Thread started: Thread-Gruppe 1-42
2025-02-27 11:27:24,451 INFO o.a.j.t.JMeterThread: Thread started: Thread-Gruppe 1-43
2025-02-27 11:27:24,465 INFO o.a.j.t.JMeterThread: Thread started: Thread-Gruppe 2-12
2025-02-27 11:27:24,584 INFO o.a.j.t.JMeterThread: Thread started: Thread-Gruppe 1-44
2025-02-27 11:27:24,717 INFO o.a.j.t.JMeterThread: Thread started: Thread-Gruppe 1-45
2025-02-27 11:27:24,851 INFO o.a.j.t.JMeterThread: Thread started: Thread-Gruppe 1-46
2025-02-27 11:27:24,964 INFO o.a.j.t.JMeterThread: Thread started: Thread-Gruppe 2-13
2025-02-27 11:27:24,983 INFO o.a.j.t.JMeterThread: Thread started: Thread-Gruppe 1-47
2025-02-27 11:27:24,987 INFO o.a.j.t.JMeterThread: Thread started: Thread-Gruppe 3-4
2025-02-27 11:27:25,115 INFO o.a.j.t.JMeterThread: Thread started: Thread-Gruppe 1-48
2025-02-27 11:27:25,249 INFO o.a.j.t.JMeterThread: Thread started: Thread-Gruppe 1-49
2025-02-27 11:27:25,382 INFO o.a.j.t.JMeterThread: Thread started: Thread-Gruppe 1-50
2025-02-27 11:27:25,466 INFO o.a.j.t.JMeterThread: Thread started: Thread-Gruppe 2-14
2025-02-27 11:27:25,515 INFO o.a.j.t.JMeterThread: Thread started: Thread-Gruppe 1-51
2025-02-27 11:27:25,649 INFO o.a.j.t.JMeterThread: Thread started: Thread-Gruppe 1-52
2025-02-27 11:27:25,780 INFO o.a.j.t.JMeterThread: Thread started: Thread-Gruppe 1-53
2025-02-27 11:27:25,914 INFO o.a.j.t.JMeterThread: Thread started: Thread-Gruppe 1-54
2025-02-27 11:27:25,967 INFO o.a.j.t.JMeterThread: Thread started: Thread-Gruppe 2-15
2025-02-27 11:27:26,047 INFO o.a.j.t.JMeterThread: Thread started: Thread-Gruppe 1-55
2025-02-27 11:27:26,180 INFO o.a.j.t.JMeterThread: Thread started: Thread-Gruppe 1-56
2025-02-27 11:27:26,314 INFO o.a.j.t.JMeterThread: Thread started: Thread-Gruppe 1-57
2025-02-27 11:27:26,446 INFO o.a.j.t.JMeterThread: Thread started: Thread-Gruppe 1-58
2025-02-27 11:27:26,467 INFO o.a.j.t.JMeterThread: Thread started: Thread-Gruppe 2-16
2025-02-27 11:27:26,579 INFO o.a.j.t.JMeterThread: Thread started: Thread-Gruppe 1-59
2025-02-27 11:27:26,712 INFO o.a.j.t.JMeterThread: Thread started: Thread-Gruppe 1-60
2025-02-27 11:27:26,845 INFO o.a.j.t.JMeterThread: Thread started: Thread-Gruppe 1-61
2025-02-27 11:27:26,966 INFO o.a.j.t.JMeterThread: Thread started: Thread-Gruppe 2-17
2025-02-27 11:27:26,977 INFO o.a.j.t.JMeterThread: Thread started: Thread-Gruppe 1-62
2025-02-27 11:27:26,987 INFO o.a.j.t.JMeterThread: Thread started: Thread-Gruppe 3-5
2025-02-27 11:27:27,110 INFO o.a.j.t.JMeterThread: Thread started: Thread-Gruppe 1-63
2025-02-27 11:27:27,243 INFO o.a.j.t.JMeterThread: Thread started: Thread-Gruppe 1-64
2025-02-27 11:27:27,376 INFO o.a.j.t.JMeterThread: Thread started: Thread-Gruppe 1-65
2025-02-27 11:27:27,465 INFO o.a.j.t.JMeterThread: Thread started: Thread-Gruppe 2-18
2025-02-27 11:27:27,509 INFO o.a.j.t.JMeterThread: Thread started: Thread-Gruppe 1-66
2025-02-27 11:27:27,642 INFO o.a.j.t.JMeterThread: Thread started: Thread-Gruppe 1-67
2025-02-27 11:27:27,775 INFO o.a.j.t.JMeterThread: Thread started: Thread-Gruppe 1-68
2025-02-27 11:27:27,909 INFO o.a.j.t.JMeterThread: Thread started: Thread-Gruppe 1-69
2025-02-27 11:27:27,965 INFO o.a.j.t.JMeterThread: Thread started: Thread-Gruppe 2-19
2025-02-27 11:27:28,042 INFO o.a.j.t.JMeterThread: Thread started: Thread-Gruppe 1-70
2025-02-27 11:27:28,175 INFO o.a.j.t.JMeterThread: Thread started: Thread-Gruppe 1-71
2025-02-27 11:27:28,308 INFO o.a.j.t.JMeterThread: Thread started: Thread-Gruppe 1-72
2025-02-27 11:27:28,440 INFO o.a.j.t.JMeterThread: Thread started: Thread-Gruppe 1-73
2025-02-27 11:27:28,465 INFO o.a.j.t.JMeterThread: Thread started: Thread-Gruppe 2-20
2025-02-27 11:27:28,573 INFO o.a.j.t.JMeterThread: Thread started: Thread-Gruppe 1-74
2025-02-27 11:27:28,707 INFO o.a.j.t.JMeterThread: Thread started: Thread-Gruppe 1-75
2025-02-27 11:27:30,004 INFO o.a.j.r.Summariser: summary +    511 in 00:01:11 =    7.1/s Avg:   371 Min:   247 Max:   795 Err:     0 (0.00%) Active: 100 Started: 100 Finished: 0
2025-02-27 11:28:00,033 INFO o.a.j.r.Summariser: summary +   2288 in 00:00:30 =   76.2/s Avg:   341 Min:   243 Max:   950 Err:     0 (0.00%) Active: 100 Started: 100 Finished: 0
2025-02-27 11:28:00,034 INFO o.a.j.r.Summariser: summary =   2799 in 00:01:42 =   27.6/s Avg:   346 Min:   243 Max:   950 Err:     0 (0.00%)
2025-02-27 11:28:30,027 INFO o.a.j.r.Summariser: summary +   2273 in 00:00:30 =   75.8/s Avg:   363 Min:   245 Max:  2880 Err:     0 (0.00%) Active: 100 Started: 100 Finished: 0
2025-02-27 11:28:30,029 INFO o.a.j.r.Summariser: summary =   5072 in 00:02:12 =   38.6/s Avg:   354 Min:   243 Max:  2880 Err:     0 (0.00%)
2025-02-27 11:29:00,004 INFO o.a.j.r.Summariser: summary +   2271 in 00:00:30 =   75.8/s Avg:   356 Min:   243 Max:  1311 Err:     0 (0.00%) Active: 100 Started: 100 Finished: 0
2025-02-27 11:29:00,006 INFO o.a.j.r.Summariser: summary =   7343 in 00:02:41 =   45.5/s Avg:   354 Min:   243 Max:  2880 Err:     0 (0.00%)
2025-02-27 11:29:30,019 INFO o.a.j.r.Summariser: summary +   2274 in 00:00:30 =   75.8/s Avg:   364 Min:   246 Max:  2312 Err:     0 (0.00%) Active: 100 Started: 100 Finished: 0
2025-02-27 11:29:30,020 INFO o.a.j.r.Summariser: summary =   9617 in 00:03:12 =   50.2/s Avg:   357 Min:   243 Max:  2880 Err:     0 (0.00%)
2025-02-27 11:30:00,029 INFO o.a.j.r.Summariser: summary +   2287 in 00:00:30 =   76.2/s Avg:   349 Min:   247 Max:  1086 Err:     0 (0.00%) Active: 100 Started: 100 Finished: 0
2025-02-27 11:30:00,029 INFO o.a.j.r.Summariser: summary =  11904 in 00:03:42 =   53.7/s Avg:   355 Min:   243 Max:  2880 Err:     0 (0.00%)
2025-02-27 11:30:30,009 INFO o.a.j.r.Summariser: summary +   2279 in 00:00:30 =   76.0/s Avg:   346 Min:   245 Max:  1084 Err:     0 (0.00%) Active: 100 Started: 100 Finished: 0
2025-02-27 11:30:30,012 INFO o.a.j.r.Summariser: summary =  14183 in 00:04:12 =   56.4/s Avg:   354 Min:   243 Max:  2880 Err:     0 (0.00%)
2025-02-27 11:31:00,058 INFO o.a.j.r.Summariser: summary +   2294 in 00:00:30 =   76.3/s Avg:   351 Min:   244 Max:  1085 Err:     0 (0.00%) Active: 100 Started: 100 Finished: 0
2025-02-27 11:31:00,060 INFO o.a.j.r.Summariser: summary =  16477 in 00:04:42 =   58.5/s Avg:   353 Min:   243 Max:  2880 Err:     0 (0.00%)
2025-02-27 11:31:30,011 INFO o.a.j.r.Summariser: summary +   2275 in 00:00:30 =   76.0/s Avg:   340 Min:   243 Max:  1062 Err:     0 (0.00%) Active: 100 Started: 100 Finished: 0
2025-02-27 11:31:30,012 INFO o.a.j.r.Summariser: summary =  18752 in 00:05:12 =   60.2/s Avg:   352 Min:   243 Max:  2880 Err:     0 (0.00%)
2025-02-27 11:32:00,030 INFO o.a.j.r.Summariser: summary +   2296 in 00:00:30 =   76.5/s Avg:   351 Min:   243 Max:  1109 Err:     0 (0.00%) Active: 100 Started: 100 Finished: 0
2025-02-27 11:32:00,031 INFO o.a.j.r.Summariser: summary =  21048 in 00:05:42 =   61.6/s Avg:   352 Min:   243 Max:  2880 Err:     0 (0.00%)
2025-02-27 11:32:30,029 INFO o.a.j.r.Summariser: summary +   2279 in 00:00:30 =   76.0/s Avg:   339 Min:   243 Max:  1065 Err:     0 (0.00%) Active: 100 Started: 100 Finished: 0
2025-02-27 11:32:30,030 INFO o.a.j.r.Summariser: summary =  23327 in 00:06:12 =   62.8/s Avg:   350 Min:   243 Max:  2880 Err:     0 (0.00%)
2025-02-27 11:33:00,043 INFO o.a.j.r.Summariser: summary +   2291 in 00:00:30 =   76.3/s Avg:   348 Min:   243 Max:  1508 Err:     0 (0.00%) Active: 100 Started: 100 Finished: 0
2025-02-27 11:33:00,045 INFO o.a.j.r.Summariser: summary =  25618 in 00:06:42 =   63.8/s Avg:   350 Min:   243 Max:  2880 Err:     0 (0.00%)
2025-02-27 11:33:30,001 INFO o.a.j.r.Summariser: summary +   2274 in 00:00:30 =   75.9/s Avg:   347 Min:   243 Max:  1158 Err:     0 (0.00%) Active: 100 Started: 100 Finished: 0
2025-02-27 11:33:30,003 INFO o.a.j.r.Summariser: summary =  27892 in 00:07:11 =   64.6/s Avg:   350 Min:   243 Max:  2880 Err:     0 (0.00%)
2025-02-27 11:34:00,024 INFO o.a.j.r.Summariser: summary +   2296 in 00:00:30 =   76.5/s Avg:   337 Min:   244 Max:  1104 Err:     0 (0.00%) Active: 100 Started: 100 Finished: 0
2025-02-27 11:34:00,025 INFO o.a.j.r.Summariser: summary =  30188 in 00:07:42 =   65.4/s Avg:   349 Min:   243 Max:  2880 Err:     0 (0.00%)
2025-02-27 11:34:30,020 INFO o.a.j.r.Summariser: summary +   2284 in 00:00:30 =   76.1/s Avg:   341 Min:   243 Max:  1031 Err:     0 (0.00%) Active: 100 Started: 100 Finished: 0
2025-02-27 11:34:30,022 INFO o.a.j.r.Summariser: summary =  32472 in 00:08:12 =   66.1/s Avg:   348 Min:   243 Max:  2880 Err:     0 (0.00%)
2025-02-27 11:35:00,005 INFO o.a.j.r.Summariser: summary +   2266 in 00:00:30 =   75.6/s Avg:   379 Min:   244 Max:  2522 Err:     0 (0.00%) Active: 100 Started: 100 Finished: 0
2025-02-27 11:35:00,007 INFO o.a.j.r.Summariser: summary =  34738 in 00:08:41 =   66.6/s Avg:   350 Min:   243 Max:  2880 Err:     0 (0.00%)
2025-02-27 11:35:30,006 INFO o.a.j.r.Summariser: summary +   2244 in 00:00:30 =   74.8/s Avg:   369 Min:   246 Max:  2507 Err:     0 (0.00%) Active: 100 Started: 100 Finished: 0
2025-02-27 11:35:30,008 INFO o.a.j.r.Summariser: summary =  36982 in 00:09:11 =   67.1/s Avg:   351 Min:   243 Max:  2880 Err:     0 (0.00%)
2025-02-27 11:36:00,008 INFO o.a.j.r.Summariser: summary +   2297 in 00:00:30 =   76.6/s Avg:   345 Min:   245 Max:  1063 Err:     0 (0.00%) Active: 100 Started: 100 Finished: 0
2025-02-27 11:36:00,009 INFO o.a.j.r.Summariser: summary =  39279 in 00:09:42 =   67.5/s Avg:   351 Min:   243 Max:  2880 Err:     0 (0.00%)
2025-02-27 11:36:30,012 INFO o.a.j.r.Summariser: summary +   2281 in 00:00:30 =   76.0/s Avg:   346 Min:   245 Max:  1127 Err:     0 (0.00%) Active: 100 Started: 100 Finished: 0
2025-02-27 11:36:30,014 INFO o.a.j.r.Summariser: summary =  41560 in 00:10:12 =   68.0/s Avg:   351 Min:   243 Max:  2880 Err:     0 (0.00%)
2025-02-27 11:37:00,021 INFO o.a.j.r.Summariser: summary +   2292 in 00:00:30 =   76.4/s Avg:   344 Min:   242 Max:  1040 Err:     0 (0.00%) Active: 100 Started: 100 Finished: 0
2025-02-27 11:37:00,022 INFO o.a.j.r.Summariser: summary =  43852 in 00:10:42 =   68.4/s Avg:   350 Min:   242 Max:  2880 Err:     0 (0.00%)
2025-02-27 11:37:17,176 INFO o.a.j.t.JMeterThread: Thread finished: Thread-Gruppe 1-1
2025-02-27 11:37:17,232 INFO o.a.j.t.JMeterThread: Thread finished: Thread-Gruppe 1-62
2025-02-27 11:37:17,236 INFO o.a.j.t.JMeterThread: Thread finished: Thread-Gruppe 1-47
2025-02-27 11:37:17,249 INFO o.a.j.t.JMeterThread: Thread finished: Thread-Gruppe 1-17
2025-02-27 11:37:17,259 INFO o.a.j.t.JMeterThread: Thread finished: Thread-Gruppe 1-2
2025-02-27 11:37:17,363 INFO o.a.j.t.JMeterThread: Thread finished: Thread-Gruppe 1-63
2025-02-27 11:37:17,391 INFO o.a.j.t.JMeterThread: Thread finished: Thread-Gruppe 1-18
2025-02-27 11:37:17,392 INFO o.a.j.t.JMeterThread: Thread finished: Thread-Gruppe 1-3
2025-02-27 11:37:17,393 INFO o.a.j.t.JMeterThread: Thread finished: Thread-Gruppe 1-48
2025-02-27 11:37:17,501 INFO o.a.j.t.JMeterThread: Thread finished: Thread-Gruppe 1-64
2025-02-27 11:37:17,506 INFO o.a.j.t.JMeterThread: Thread finished: Thread-Gruppe 1-49
2025-02-27 11:37:17,512 INFO o.a.j.t.JMeterThread: Thread finished: Thread-Gruppe 1-19
2025-02-27 11:37:17,533 INFO o.a.j.t.JMeterThread: Thread finished: Thread-Gruppe 1-4
2025-02-27 11:37:17,644 INFO o.a.j.t.JMeterThread: Thread finished: Thread-Gruppe 1-65
2025-02-27 11:37:17,644 INFO o.a.j.t.JMeterThread: Thread finished: Thread-Gruppe 1-50
2025-02-27 11:37:17,649 INFO o.a.j.t.JMeterThread: Thread finished: Thread-Gruppe 1-20
2025-02-27 11:37:17,658 INFO o.a.j.t.JMeterThread: Thread finished: Thread-Gruppe 1-5
2025-02-27 11:37:17,742 INFO o.a.j.t.JMeterThread: Thread finished: Thread-Gruppe 1-32
2025-02-27 11:37:17,767 INFO o.a.j.t.JMeterThread: Thread finished: Thread-Gruppe 1-66
2025-02-27 11:37:17,770 INFO o.a.j.t.JMeterThread: Thread finished: Thread-Gruppe 1-51
2025-02-27 11:37:17,784 INFO o.a.j.t.JMeterThread: Thread finished: Thread-Gruppe 1-21
2025-02-27 11:37:17,790 INFO o.a.j.t.JMeterThread: Thread finished: Thread-Gruppe 1-6
2025-02-27 11:37:17,889 INFO o.a.j.t.JMeterThread: Thread finished: Thread-Gruppe 1-67
2025-02-27 11:37:17,900 INFO o.a.j.t.JMeterThread: Thread finished: Thread-Gruppe 1-33
2025-02-27 11:37:17,903 INFO o.a.j.t.JMeterThread: Thread finished: Thread-Gruppe 1-52
2025-02-27 11:37:17,922 INFO o.a.j.t.JMeterThread: Thread finished: Thread-Gruppe 1-22
2025-02-27 11:37:17,922 INFO o.a.j.t.JMeterThread: Thread finished: Thread-Gruppe 1-7
2025-02-27 11:37:18,017 INFO o.a.j.t.JMeterThread: Thread finished: Thread-Gruppe 1-34
2025-02-27 11:37:18,030 INFO o.a.j.t.JMeterThread: Thread finished: Thread-Gruppe 1-68
2025-02-27 11:37:18,035 INFO o.a.j.t.JMeterThread: Thread finished: Thread-Gruppe 1-53
2025-02-27 11:37:18,041 INFO o.a.j.t.JMeterThread: Thread finished: Thread-Gruppe 1-23
2025-02-27 11:37:18,050 INFO o.a.j.t.JMeterThread: Thread finished: Thread-Gruppe 1-8
2025-02-27 11:37:18,126 INFO o.a.j.t.JMeterThread: Thread finished: Thread-Gruppe 1-35
2025-02-27 11:37:18,165 INFO o.a.j.t.JMeterThread: Thread finished: Thread-Gruppe 1-69
2025-02-27 11:37:18,168 INFO o.a.j.t.JMeterThread: Thread finished: Thread-Gruppe 1-54
2025-02-27 11:37:18,177 INFO o.a.j.t.JMeterThread: Thread finished: Thread-Gruppe 1-24
2025-02-27 11:37:18,185 INFO o.a.j.t.JMeterThread: Thread finished: Thread-Gruppe 1-9
2025-02-27 11:37:18,283 INFO o.a.j.t.JMeterThread: Thread finished: Thread-Gruppe 1-36
2025-02-27 11:37:18,295 INFO o.a.j.t.JMeterThread: Thread finished: Thread-Gruppe 1-70
2025-02-27 11:37:18,303 INFO o.a.j.t.JMeterThread: Thread finished: Thread-Gruppe 1-55
2025-02-27 11:37:18,313 INFO o.a.j.t.JMeterThread: Thread finished: Thread-Gruppe 1-25
2025-02-27 11:37:18,319 INFO o.a.j.t.JMeterThread: Thread finished: Thread-Gruppe 1-10
2025-02-27 11:37:18,422 INFO o.a.j.t.JMeterThread: Thread finished: Thread-Gruppe 1-37
2025-02-27 11:37:18,428 INFO o.a.j.t.JMeterThread: Thread finished: Thread-Gruppe 1-71
2025-02-27 11:37:18,435 INFO o.a.j.t.JMeterThread: Thread finished: Thread-Gruppe 1-56
2025-02-27 11:37:18,445 INFO o.a.j.t.JMeterThread: Thread finished: Thread-Gruppe 1-26
2025-02-27 11:37:18,447 INFO o.a.j.t.JMeterThread: Thread finished: Thread-Gruppe 1-11
2025-02-27 11:37:18,558 INFO o.a.j.t.JMeterThread: Thread finished: Thread-Gruppe 2-6
2025-02-27 11:37:18,558 INFO o.a.j.t.JMeterThread: Thread finished: Thread-Gruppe 1-72
2025-02-27 11:37:18,574 INFO o.a.j.t.JMeterThread: Thread finished: Thread-Gruppe 1-57
2025-02-27 11:37:18,578 INFO o.a.j.t.JMeterThread: Thread finished: Thread-Gruppe 1-27
2025-02-27 11:37:18,580 INFO o.a.j.t.JMeterThread: Thread finished: Thread-Gruppe 1-12
2025-02-27 11:37:18,618 INFO o.a.j.t.JMeterThread: Thread finished: Thread-Gruppe 2-15
2025-02-27 11:37:18,695 INFO o.a.j.t.JMeterThread: Thread finished: Thread-Gruppe 1-73
2025-02-27 11:37:18,704 INFO o.a.j.t.JMeterThread: Thread finished: Thread-Gruppe 1-58
2025-02-27 11:37:18,711 INFO o.a.j.t.JMeterThread: Thread finished: Thread-Gruppe 1-28
2025-02-27 11:37:18,721 INFO o.a.j.t.JMeterThread: Thread finished: Thread-Gruppe 1-13
2025-02-27 11:37:18,768 INFO o.a.j.t.JMeterThread: Thread finished: Thread-Gruppe 2-3
2025-02-27 11:37:18,774 INFO o.a.j.t.JMeterThread: Thread finished: Thread-Gruppe 2-1
2025-02-27 11:37:18,813 INFO o.a.j.t.JMeterThread: Thread finished: Thread-Gruppe 1-40
2025-02-27 11:37:18,834 INFO o.a.j.t.JMeterThread: Thread finished: Thread-Gruppe 1-74
2025-02-27 11:37:18,835 INFO o.a.j.t.JMeterThread: Thread finished: Thread-Gruppe 1-59
2025-02-27 11:37:18,844 INFO o.a.j.t.JMeterThread: Thread finished: Thread-Gruppe 1-29
2025-02-27 11:37:18,844 INFO o.a.j.t.JMeterThread: Thread finished: Thread-Gruppe 1-14
2025-02-27 11:37:18,855 INFO o.a.j.t.JMeterThread: Thread finished: Thread-Gruppe 2-10
2025-02-27 11:37:18,893 INFO o.a.j.t.JMeterThread: Thread finished: Thread-Gruppe 2-13
2025-02-27 11:37:18,927 INFO o.a.j.t.JMeterThread: Thread finished: Thread-Gruppe 3-3
2025-02-27 11:37:18,942 INFO o.a.j.t.JMeterThread: Stopping because end time detected by thread: Thread-Gruppe 1-41
2025-02-27 11:37:18,942 INFO o.a.j.t.JMeterThread: Thread finished: Thread-Gruppe 1-41
2025-02-27 11:37:18,957 INFO o.a.j.t.JMeterThread: Thread finished: Thread-Gruppe 1-75
2025-02-27 11:37:18,957 INFO o.a.j.t.JMeterThread: Stopping because end time detected by thread: Thread-Gruppe 1-60
2025-02-27 11:37:18,957 INFO o.a.j.t.JMeterThread: Thread finished: Thread-Gruppe 1-60
2025-02-27 11:37:18,973 INFO o.a.j.t.JMeterThread: Stopping because end time detected by thread: Thread-Gruppe 1-30
2025-02-27 11:37:18,973 INFO o.a.j.t.JMeterThread: Stopping because end time detected by thread: Thread-Gruppe 1-15
2025-02-27 11:37:18,973 INFO o.a.j.t.JMeterThread: Thread finished: Thread-Gruppe 1-30
2025-02-27 11:37:18,973 INFO o.a.j.t.JMeterThread: Thread finished: Thread-Gruppe 1-15
2025-02-27 11:37:18,988 INFO o.a.j.t.JMeterThread: Stopping because end time detected by thread: Thread-Gruppe 2-16
2025-02-27 11:37:18,988 INFO o.a.j.t.JMeterThread: Thread finished: Thread-Gruppe 2-16
2025-02-27 11:37:19,033 INFO o.a.j.t.JMeterThread: Stopping because end time detected by thread: Thread-Gruppe 2-2
2025-02-27 11:37:19,033 INFO o.a.j.t.JMeterThread: Thread finished: Thread-Gruppe 2-2
2025-02-27 11:37:19,033 INFO o.a.j.t.JMeterThread: Stopping because end time detected by thread: Thread-Gruppe 2-20
2025-02-27 11:37:19,033 INFO o.a.j.t.JMeterThread: Thread finished: Thread-Gruppe 2-20
2025-02-27 11:37:19,078 INFO o.a.j.t.JMeterThread: Stopping because end time detected by thread: Thread-Gruppe 3-1
2025-02-27 11:37:19,078 INFO o.a.j.t.JMeterThread: Stopping because end time detected by thread: Thread-Gruppe 1-42
2025-02-27 11:37:19,078 INFO o.a.j.t.JMeterThread: Thread finished: Thread-Gruppe 3-1
2025-02-27 11:37:19,078 INFO o.a.j.t.JMeterThread: Thread finished: Thread-Gruppe 1-42
2025-02-27 11:37:19,078 INFO o.a.j.t.JMeterThread: Stopping because end time detected by thread: Thread-Gruppe 2-12
2025-02-27 11:37:19,078 INFO o.a.j.t.JMeterThread: Thread finished: Thread-Gruppe 2-12
2025-02-27 11:37:19,093 INFO o.a.j.t.JMeterThread: Stopping because end time detected by thread: Thread-Gruppe 2-14
2025-02-27 11:37:19,093 INFO o.a.j.t.JMeterThread: Thread finished: Thread-Gruppe 2-14
2025-02-27 11:37:19,093 INFO o.a.j.t.JMeterThread: Stopping because end time detected by thread: Thread-Gruppe 2-17
2025-02-27 11:37:19,093 INFO o.a.j.t.JMeterThread: Stopping because end time detected by thread: Thread-Gruppe 1-61
2025-02-27 11:37:19,093 INFO o.a.j.t.JMeterThread: Thread finished: Thread-Gruppe 2-17
2025-02-27 11:37:19,093 INFO o.a.j.t.JMeterThread: Thread finished: Thread-Gruppe 1-61
2025-02-27 11:37:19,093 INFO o.a.j.t.JMeterThread: Stopping because end time detected by thread: Thread-Gruppe 2-18
2025-02-27 11:37:19,093 INFO o.a.j.t.JMeterThread: Thread finished: Thread-Gruppe 2-18
2025-02-27 11:37:19,108 INFO o.a.j.t.JMeterThread: Stopping because end time detected by thread: Thread-Gruppe 1-31
2025-02-27 11:37:19,108 INFO o.a.j.t.JMeterThread: Stopping because end time detected by thread: Thread-Gruppe 1-16
2025-02-27 11:37:19,108 INFO o.a.j.t.JMeterThread: Thread finished: Thread-Gruppe 1-31
2025-02-27 11:37:19,108 INFO o.a.j.t.JMeterThread: Thread finished: Thread-Gruppe 1-16
2025-02-27 11:37:19,138 INFO o.a.j.t.JMeterThread: Stopping because end time detected by thread: Thread-Gruppe 2-8
2025-02-27 11:37:19,138 INFO o.a.j.t.JMeterThread: Thread finished: Thread-Gruppe 2-8
2025-02-27 11:37:19,155 INFO o.a.j.t.JMeterThread: Stopping because end time detected by thread: Thread-Gruppe 2-11
2025-02-27 11:37:19,155 INFO o.a.j.t.JMeterThread: Stopping because end time detected by thread: Thread-Gruppe 3-2
2025-02-27 11:37:19,155 INFO o.a.j.t.JMeterThread: Thread finished: Thread-Gruppe 2-11
2025-02-27 11:37:19,155 INFO o.a.j.t.JMeterThread: Thread finished: Thread-Gruppe 3-2
2025-02-27 11:37:19,200 INFO o.a.j.t.JMeterThread: Stopping because end time detected by thread: Thread-Gruppe 1-43
2025-02-27 11:37:19,200 INFO o.a.j.t.JMeterThread: Thread finished: Thread-Gruppe 1-43
2025-02-27 11:37:19,260 INFO o.a.j.t.JMeterThread: Stopping because end time detected by thread: Thread-Gruppe 3-5
2025-02-27 11:37:19,260 INFO o.a.j.t.JMeterThread: Thread finished: Thread-Gruppe 3-5
2025-02-27 11:37:19,290 INFO o.a.j.t.JMeterThread: Stopping because end time detected by thread: Thread-Gruppe 2-4
2025-02-27 11:37:19,290 INFO o.a.j.t.JMeterThread: Thread finished: Thread-Gruppe 2-4
2025-02-27 11:37:19,290 INFO o.a.j.t.JMeterThread: Stopping because end time detected by thread: Thread-Gruppe 2-7
2025-02-27 11:37:19,290 INFO o.a.j.t.JMeterThread: Thread finished: Thread-Gruppe 2-7
2025-02-27 11:37:19,335 INFO o.a.j.t.JMeterThread: Stopping because end time detected by thread: Thread-Gruppe 1-44
2025-02-27 11:37:19,335 INFO o.a.j.t.JMeterThread: Thread finished: Thread-Gruppe 1-44
2025-02-27 11:37:19,426 INFO o.a.j.t.JMeterThread: Stopping because end time detected by thread: Thread-Gruppe 1-38
2025-02-27 11:37:19,426 INFO o.a.j.t.JMeterThread: Thread finished: Thread-Gruppe 1-38
2025-02-27 11:37:19,471 INFO o.a.j.t.JMeterThread: Stopping because end time detected by thread: Thread-Gruppe 1-45
2025-02-27 11:37:19,471 INFO o.a.j.t.JMeterThread: Thread finished: Thread-Gruppe 1-45
2025-02-27 11:37:19,516 INFO o.a.j.t.JMeterThread: Stopping because end time detected by thread: Thread-Gruppe 3-4
2025-02-27 11:37:19,516 INFO o.a.j.t.JMeterThread: Thread finished: Thread-Gruppe 3-4
2025-02-27 11:37:19,516 INFO o.a.j.t.JMeterThread: Stopping because end time detected by thread: Thread-Gruppe 2-5
2025-02-27 11:37:19,516 INFO o.a.j.t.JMeterThread: Thread finished: Thread-Gruppe 2-5
2025-02-27 11:37:19,546 INFO o.a.j.t.JMeterThread: Stopping because end time detected by thread: Thread-Gruppe 1-39
2025-02-27 11:37:19,546 INFO o.a.j.t.JMeterThread: Thread finished: Thread-Gruppe 1-39
2025-02-27 11:37:19,561 INFO o.a.j.t.JMeterThread: Stopping because end time detected by thread: Thread-Gruppe 2-19
2025-02-27 11:37:19,561 INFO o.a.j.t.JMeterThread: Thread finished: Thread-Gruppe 2-19
2025-02-27 11:37:19,606 INFO o.a.j.t.JMeterThread: Stopping because end time detected by thread: Thread-Gruppe 1-46
2025-02-27 11:37:19,606 INFO o.a.j.t.JMeterThread: Thread finished: Thread-Gruppe 1-46
2025-02-27 11:37:19,666 INFO o.a.j.t.JMeterThread: Stopping because end time detected by thread: Thread-Gruppe 2-9
2025-02-27 11:37:19,666 INFO o.a.j.t.JMeterThread: Thread finished: Thread-Gruppe 2-9
2025-02-27 11:37:19,666 INFO o.a.j.e.StandardJMeterEngine: Notifying test listeners of end of test
2025-02-27 11:37:19,666 INFO o.a.j.r.Summariser: summary +   1470 in 00:00:20 =   74.8/s Avg:   322 Min:   243 Max:   809 Err:     0 (0.00%) Active: 0 Started: 100 Finished: 100
2025-02-27 11:37:19,666 INFO o.a.j.r.Summariser: summary =  45322 in 00:11:01 =   68.5/s Avg:   350 Min:   242 Max:  2880 Err:     0 (0.00%)
