2025-02-27 16:27:34,784 INFO o.a.j.u.JMeterUtils: Setting Locale to en_EN
2025-02-27 16:27:34,814 INFO o.a.j.JMeter: Loading user properties from: D:\Semester 7\CS4203 - Research and Development Project\Artifacts\apache-jmeter-5.6.3\bin\user.properties
2025-02-27 16:27:34,814 INFO o.a.j.JMeter: Loading system properties from: D:\Semester 7\CS4203 - Research and Development Project\Artifacts\apache-jmeter-5.6.3\bin\system.properties
2025-02-27 16:27:34,814 INFO o.a.j.JMeter: Setting JMeter property: lb_1_hostname=34.70.149.254
2025-02-27 16:27:34,814 INFO o.a.j.JMeter: Setting JMeter property: lb_2_hostname=35.232.62.106
2025-02-27 16:27:34,814 INFO o.a.j.JMeter: Setting JMeter property: lb_1_port=8090
2025-02-27 16:27:34,814 INFO o.a.j.JMeter: Setting JMeter property: lb_2_port=8091
2025-02-27 16:27:34,821 INFO o.a.j.JMeter: Setting JMeter property: warm_up_users=20
2025-02-27 16:27:34,821 INFO o.a.j.JMeter: Setting JMeter property: warm_up_time=60
2025-02-27 16:27:34,821 INFO o.a.j.JMeter: Setting JMeter property: test_run_time=600
2025-02-27 16:27:34,821 INFO o.a.j.JMeter: Setting JMeter property: ramp_up=10
2025-02-27 16:27:34,821 INFO o.a.j.JMeter: Setting JMeter property: group_1=75
2025-02-27 16:27:34,821 INFO o.a.j.JMeter: Setting JMeter property: group_2=20
2025-02-27 16:27:34,821 INFO o.a.j.JMeter: Setting JMeter property: group_3=5
2025-02-27 16:27:34,821 INFO o.a.j.JMeter: Setting JMeter property: group_1_request_rate=30
2025-02-27 16:27:34,821 INFO o.a.j.JMeter: Setting JMeter property: group_2_request_rate=90
2025-02-27 16:27:34,821 INFO o.a.j.JMeter: Setting JMeter property: group_3_request_rate=120
2025-02-27 16:27:34,821 INFO o.a.j.JMeter: Setting JMeter property: log_file=d:\Semester 7\CS4203 - Research and Development Project\Artifacts\rate-limiter-nginx\jmeter\cloud\2025_02_27_15_09_logs\token_bucket\redis_async_bucket_capacity_100_refill_rate_1.67_batch_percent_0.8\warm_up_results.csv
2025-02-27 16:27:34,821 INFO o.a.j.JMeter: Setting JMeter property: algorithm=token_bucket_redis_async_bucket_capacity_100_refill_rate_1.67_batch_percent_0.8
2025-02-27 16:27:34,821 INFO o.a.j.JMeter: Setting JMeter property: auth=/token_bucket/redis_async_bucket_capacity_100_refill_rate_1.67_batch_percent_0.8/tools.descartes.teastore.auth/rest
2025-02-27 16:27:34,821 INFO o.a.j.JMeter: Setting JMeter property: persistence=/token_bucket/redis_async_bucket_capacity_100_refill_rate_1.67_batch_percent_0.8/tools.descartes.teastore.persistence/rest
2025-02-27 16:27:34,821 INFO o.a.j.JMeter: Setting JMeter property: recommender=/token_bucket/redis_async_bucket_capacity_100_refill_rate_1.67_batch_percent_0.8/tools.descartes.teastore.recommender/rest
2025-02-27 16:27:34,821 INFO o.a.j.JMeter: Setting JMeter property: image=/token_bucket/redis_async_bucket_capacity_100_refill_rate_1.67_batch_percent_0.8/tools.descartes.teastore.image/rest
2025-02-27 16:27:34,834 INFO o.a.j.JMeter: Copyright (c) 1998-2024 The Apache Software Foundation
2025-02-27 16:27:34,834 INFO o.a.j.JMeter: Version 5.6.3
2025-02-27 16:27:34,834 INFO o.a.j.JMeter: java.version=11.0.22
2025-02-27 16:27:34,834 INFO o.a.j.JMeter: java.vm.name=Java HotSpot(TM) 64-Bit Server VM
2025-02-27 16:27:34,834 INFO o.a.j.JMeter: os.name=Windows 10
2025-02-27 16:27:34,834 INFO o.a.j.JMeter: os.arch=amd64
2025-02-27 16:27:34,834 INFO o.a.j.JMeter: os.version=10.0
2025-02-27 16:27:34,834 INFO o.a.j.JMeter: file.encoding=Cp1252
2025-02-27 16:27:34,834 INFO o.a.j.JMeter: java.awt.headless=true
2025-02-27 16:27:34,834 INFO o.a.j.JMeter: Max memory     =1073741824
2025-02-27 16:27:34,834 INFO o.a.j.JMeter: Available Processors =12
2025-02-27 16:27:34,854 INFO o.a.j.JMeter: Default Locale=English (EN)
2025-02-27 16:27:34,854 INFO o.a.j.JMeter: JMeter  Locale=English (EN)
2025-02-27 16:27:34,854 INFO o.a.j.JMeter: JMeterHome=D:\Semester 7\CS4203 - Research and Development Project\Artifacts\apache-jmeter-5.6.3
2025-02-27 16:27:34,854 INFO o.a.j.JMeter: user.dir  =D:\Semester 7\CS4203 - Research and Development Project\Artifacts\rate-limiter-nginx
2025-02-27 16:27:34,854 INFO o.a.j.JMeter: PWD       =D:\Semester 7\CS4203 - Research and Development Project\Artifacts\rate-limiter-nginx
2025-02-27 16:27:34,869 INFO o.a.j.JMeter: IP: 10.10.21.101 Name: KOBI-MSI-PC FullName: 10.10.21.101
2025-02-27 16:27:34,899 INFO o.a.j.s.FileServer: Default base='D:\Semester 7\CS4203 - Research and Development Project\Artifacts\rate-limiter-nginx'
2025-02-27 16:27:34,899 INFO o.a.j.s.FileServer: Set new base='d:\Semester 7\CS4203 - Research and Development Project\Artifacts\rate-limiter-nginx\jmeter\cloud'
2025-02-27 16:27:35,136 INFO o.a.j.s.SaveService: Testplan (JMX) version: 2.2. Testlog (JTL) version: 2.2
2025-02-27 16:27:35,162 INFO o.a.j.s.SaveService: Using SaveService properties version 5.0
2025-02-27 16:27:35,171 INFO o.a.j.s.SaveService: Using SaveService properties file encoding UTF-8
2025-02-27 16:27:35,176 INFO o.a.j.s.SaveService: Loading file: d:\Semester 7\CS4203 - Research and Development Project\Artifacts\rate-limiter-nginx\jmeter\cloud\teastore_performance.jmx
2025-02-27 16:27:35,238 INFO o.a.j.p.h.c.CookieManager: Settings: Delete null: true Check: true Allow variable: true Save: false Prefix: COOKIE_
2025-02-27 16:27:35,272 INFO o.a.j.p.h.s.HTTPSamplerBase: Parser for text/html is org.apache.jmeter.protocol.http.parser.LagartoBasedHtmlParser
2025-02-27 16:27:35,272 INFO o.a.j.p.h.s.HTTPSamplerBase: Parser for application/xhtml+xml is org.apache.jmeter.protocol.http.parser.LagartoBasedHtmlParser
2025-02-27 16:27:35,272 INFO o.a.j.p.h.s.HTTPSamplerBase: Parser for application/xml is org.apache.jmeter.protocol.http.parser.LagartoBasedHtmlParser
2025-02-27 16:27:35,272 INFO o.a.j.p.h.s.HTTPSamplerBase: Parser for text/xml is org.apache.jmeter.protocol.http.parser.LagartoBasedHtmlParser
2025-02-27 16:27:35,272 INFO o.a.j.p.h.s.HTTPSamplerBase: Parser for text/vnd.wap.wml is org.apache.jmeter.protocol.http.parser.RegexpHTMLParser
2025-02-27 16:27:35,272 INFO o.a.j.p.h.s.HTTPSamplerBase: Parser for text/css is org.apache.jmeter.protocol.http.parser.CssParser
2025-02-27 16:27:35,452 INFO o.a.j.s.SampleResult: Note: Sample TimeStamps are START times
2025-02-27 16:27:35,452 INFO o.a.j.s.SampleResult: sampleresult.default.encoding is set to UTF-8
2025-02-27 16:27:35,452 INFO o.a.j.s.SampleResult: sampleresult.useNanoTime=true
2025-02-27 16:27:35,452 INFO o.a.j.s.SampleResult: sampleresult.nanoThreadSleep=5000
2025-02-27 16:27:35,502 INFO o.a.j.JMeter: Creating summariser <summary>
2025-02-27 16:27:35,524 INFO o.a.j.e.StandardJMeterEngine: Running the test!
2025-02-27 16:27:35,525 INFO o.a.j.s.SampleEvent: List of sample_variables: []
2025-02-27 16:27:35,525 INFO o.a.j.s.SampleEvent: List of sample_variables: []
2025-02-27 16:27:35,542 INFO o.a.j.e.u.CompoundVariable: Note: Function class names must contain the string: '.functions.'
2025-02-27 16:27:35,543 INFO o.a.j.e.u.CompoundVariable: Note: Function class names must not contain the string: '.gui.'
2025-02-27 16:27:35,856 INFO o.a.j.r.ClassFinder: Will scan jar D:\Semester 7\CS4203 - Research and Development Project\Artifacts\apache-jmeter-5.6.3\lib\ext\jmeter-plugins-casutg-2.10.jar with filter ExtendsClassFilter [parents=[interface org.apache.jmeter.functions.Function], inner=false, contains=null, notContains=null]. Consider exposing JMeter plugins via META-INF/services, and add JMeter-Skip-Class-Scanning=true manifest attribute so JMeter can skip classfile scanning
2025-02-27 16:27:35,871 INFO o.a.j.r.ClassFinder: Will scan jar D:\Semester 7\CS4203 - Research and Development Project\Artifacts\apache-jmeter-5.6.3\lib\ext\jmeter-plugins-graphs-additional-2.0.jar with filter ExtendsClassFilter [parents=[interface org.apache.jmeter.functions.Function], inner=false, contains=null, notContains=null]. Consider exposing JMeter plugins via META-INF/services, and add JMeter-Skip-Class-Scanning=true manifest attribute so JMeter can skip classfile scanning
2025-02-27 16:27:35,871 INFO o.a.j.r.ClassFinder: Will scan jar D:\Semester 7\CS4203 - Research and Development Project\Artifacts\apache-jmeter-5.6.3\lib\ext\jmeter-plugins-perfmon-2.1.jar with filter ExtendsClassFilter [parents=[interface org.apache.jmeter.functions.Function], inner=false, contains=null, notContains=null]. Consider exposing JMeter plugins via META-INF/services, and add JMeter-Skip-Class-Scanning=true manifest attribute so JMeter can skip classfile scanning
2025-02-27 16:27:35,887 INFO o.a.j.r.ClassFinder: Will scan jar D:\Semester 7\CS4203 - Research and Development Project\Artifacts\apache-jmeter-5.6.3\lib\ext\json-lib-2.4-jdk15.jar with filter ExtendsClassFilter [parents=[interface org.apache.jmeter.functions.Function], inner=false, contains=null, notContains=null]. Consider exposing JMeter plugins via META-INF/services, and add JMeter-Skip-Class-Scanning=true manifest attribute so JMeter can skip classfile scanning
2025-02-27 16:27:35,902 INFO o.a.j.r.ClassFinder: Will scan jar D:\Semester 7\CS4203 - Research and Development Project\Artifacts\apache-jmeter-5.6.3\lib\ext\perfmon-2.2.2.jar with filter ExtendsClassFilter [parents=[interface org.apache.jmeter.functions.Function], inner=false, contains=null, notContains=null]. Consider exposing JMeter plugins via META-INF/services, and add JMeter-Skip-Class-Scanning=true manifest attribute so JMeter can skip classfile scanning
2025-02-27 16:27:35,917 INFO o.a.j.r.ClassFinder: Will scan jar D:\Semester 7\CS4203 - Research and Development Project\Artifacts\apache-jmeter-5.6.3\lib\ext\jmeter-plugins-manager-1.10.jar with filter ExtendsClassFilter [parents=[interface org.apache.jmeter.functions.Function], inner=false, contains=null, notContains=null]. Consider exposing JMeter plugins via META-INF/services, and add JMeter-Skip-Class-Scanning=true manifest attribute so JMeter can skip classfile scanning
2025-02-27 16:27:36,022 INFO o.a.j.r.ClassFinder: Will scan jar D:\Semester 7\CS4203 - Research and Development Project\Artifacts\apache-jmeter-5.6.3\lib\ext\jmeter-plugins-graphs-vs-2.0.jar with filter ExtendsClassFilter [parents=[interface org.apache.jmeter.functions.Function], inner=false, contains=null, notContains=null]. Consider exposing JMeter plugins via META-INF/services, and add JMeter-Skip-Class-Scanning=true manifest attribute so JMeter can skip classfile scanning
2025-02-27 16:27:36,022 INFO o.a.j.r.ClassFinder: Will scan jar D:\Semester 7\CS4203 - Research and Development Project\Artifacts\apache-jmeter-5.6.3\lib\ext\jmeter-parallel-0.12.jar with filter ExtendsClassFilter [parents=[interface org.apache.jmeter.functions.Function], inner=false, contains=null, notContains=null]. Consider exposing JMeter plugins via META-INF/services, and add JMeter-Skip-Class-Scanning=true manifest attribute so JMeter can skip classfile scanning
2025-02-27 16:27:36,037 INFO o.a.j.r.ClassFinder: Will scan jar D:\Semester 7\CS4203 - Research and Development Project\Artifacts\apache-jmeter-5.6.3\lib\ext\jmeter-plugins-tst-2.6.jar with filter ExtendsClassFilter [parents=[interface org.apache.jmeter.functions.Function], inner=false, contains=null, notContains=null]. Consider exposing JMeter plugins via META-INF/services, and add JMeter-Skip-Class-Scanning=true manifest attribute so JMeter can skip classfile scanning
2025-02-27 16:27:36,037 INFO o.a.j.r.ClassFinder: Will scan jar D:\Semester 7\CS4203 - Research and Development Project\Artifacts\apache-jmeter-5.6.3\lib\ext\jmeter-prometheus-plugin-0.6.0.jar with filter ExtendsClassFilter [parents=[interface org.apache.jmeter.functions.Function], inner=false, contains=null, notContains=null]. Consider exposing JMeter plugins via META-INF/services, and add JMeter-Skip-Class-Scanning=true manifest attribute so JMeter can skip classfile scanning
2025-02-27 16:27:36,052 INFO o.a.j.r.ClassFinder: Will scan jar D:\Semester 7\CS4203 - Research and Development Project\Artifacts\apache-jmeter-5.6.3\lib\ext\jmeter-plugins-graphs-basic-2.0.jar with filter ExtendsClassFilter [parents=[interface org.apache.jmeter.functions.Function], inner=false, contains=null, notContains=null]. Consider exposing JMeter plugins via META-INF/services, and add JMeter-Skip-Class-Scanning=true manifest attribute so JMeter can skip classfile scanning
2025-02-27 16:27:36,501 INFO o.a.j.JMeter: Running test (1740653856501)
2025-02-27 16:27:36,510 INFO o.a.j.e.StandardJMeterEngine: Starting setUp thread groups
2025-02-27 16:27:36,510 INFO o.a.j.e.StandardJMeterEngine: Starting setUp ThreadGroup: 1 : setUp Thread Group 
2025-02-27 16:27:36,510 INFO o.a.j.e.StandardJMeterEngine: Starting 20 threads for group setUp Thread Group.
2025-02-27 16:27:36,510 INFO o.a.j.e.StandardJMeterEngine: Thread will continue on error
2025-02-27 16:27:36,510 INFO o.a.j.t.ThreadGroup: Starting thread group... number=1 threads=20 ramp-up=10 delayedStart=false
2025-02-27 16:27:36,535 INFO o.a.j.t.JMeterThread: Thread started: setUp Thread Group 1-1
2025-02-27 16:27:36,589 INFO o.a.j.t.ThreadGroup: Started thread group number 1
2025-02-27 16:27:36,589 INFO o.a.j.e.StandardJMeterEngine: Waiting for all setup thread groups to exit
2025-02-27 16:27:37,030 INFO o.a.j.t.JMeterThread: Thread started: setUp Thread Group 1-2
2025-02-27 16:27:37,523 INFO o.a.j.t.JMeterThread: Thread started: setUp Thread Group 1-3
2025-02-27 16:27:37,583 INFO o.a.j.p.h.s.HTTPHCAbstractImpl: Local host = KOBI-MSI-PC
2025-02-27 16:27:37,589 INFO o.a.j.p.h.s.HTTPHC4Impl: HTTP request retry count = 0
2025-02-27 16:27:38,027 INFO o.a.j.t.JMeterThread: Thread started: setUp Thread Group 1-4
2025-02-27 16:27:38,518 INFO o.a.j.t.JMeterThread: Thread started: setUp Thread Group 1-5
2025-02-27 16:27:39,018 INFO o.a.j.t.JMeterThread: Thread started: setUp Thread Group 1-6
2025-02-27 16:27:39,531 INFO o.a.j.t.JMeterThread: Thread started: setUp Thread Group 1-7
2025-02-27 16:27:40,019 INFO o.a.j.t.JMeterThread: Thread started: setUp Thread Group 1-8
2025-02-27 16:27:40,517 INFO o.a.j.t.JMeterThread: Thread started: setUp Thread Group 1-9
2025-02-27 16:27:41,017 INFO o.a.j.t.JMeterThread: Thread started: setUp Thread Group 1-10
2025-02-27 16:27:41,516 INFO o.a.j.t.JMeterThread: Thread started: setUp Thread Group 1-11
2025-02-27 16:27:42,017 INFO o.a.j.t.JMeterThread: Thread started: setUp Thread Group 1-12
2025-02-27 16:27:42,515 INFO o.a.j.t.JMeterThread: Thread started: setUp Thread Group 1-13
2025-02-27 16:27:43,016 INFO o.a.j.t.JMeterThread: Thread started: setUp Thread Group 1-14
2025-02-27 16:27:43,515 INFO o.a.j.t.JMeterThread: Thread started: setUp Thread Group 1-15
2025-02-27 16:27:44,015 INFO o.a.j.t.JMeterThread: Thread started: setUp Thread Group 1-16
2025-02-27 16:27:44,514 INFO o.a.j.t.JMeterThread: Thread started: setUp Thread Group 1-17
2025-02-27 16:27:45,015 INFO o.a.j.t.JMeterThread: Thread started: setUp Thread Group 1-18
2025-02-27 16:27:45,516 INFO o.a.j.t.JMeterThread: Thread started: setUp Thread Group 1-19
2025-02-27 16:27:46,015 INFO o.a.j.t.JMeterThread: Thread started: setUp Thread Group 1-20
2025-02-27 16:28:36,400 INFO o.a.j.t.JMeterThread: Thread finished: setUp Thread Group 1-17
2025-02-27 16:28:36,431 INFO o.a.j.t.JMeterThread: Thread finished: setUp Thread Group 1-14
2025-02-27 16:28:36,485 INFO o.a.j.t.JMeterThread: Thread finished: setUp Thread Group 1-19
2025-02-27 16:28:36,495 INFO o.a.j.t.JMeterThread: Thread finished: setUp Thread Group 1-18
2025-02-27 16:28:36,521 INFO o.a.j.t.JMeterThread: Thread finished: setUp Thread Group 1-20
2025-02-27 16:28:36,536 INFO o.a.j.t.JMeterThread: Thread finished: setUp Thread Group 1-5
2025-02-27 16:28:36,594 INFO o.a.j.t.JMeterThread: Stopping because end time detected by thread: setUp Thread Group 1-16
2025-02-27 16:28:36,594 INFO o.a.j.t.JMeterThread: Thread finished: setUp Thread Group 1-16
2025-02-27 16:28:36,594 INFO o.a.j.t.JMeterThread: Stopping because end time detected by thread: setUp Thread Group 1-13
2025-02-27 16:28:36,594 INFO o.a.j.t.JMeterThread: Thread finished: setUp Thread Group 1-13
2025-02-27 16:28:36,609 INFO o.a.j.t.JMeterThread: Stopping because end time detected by thread: setUp Thread Group 1-15
2025-02-27 16:28:36,609 INFO o.a.j.t.JMeterThread: Thread finished: setUp Thread Group 1-15
2025-02-27 16:28:36,639 INFO o.a.j.t.JMeterThread: Stopping because end time detected by thread: setUp Thread Group 1-3
2025-02-27 16:28:36,639 INFO o.a.j.t.JMeterThread: Stopping because end time detected by thread: setUp Thread Group 1-4
2025-02-27 16:28:36,639 INFO o.a.j.t.JMeterThread: Stopping because end time detected by thread: setUp Thread Group 1-1
2025-02-27 16:28:36,639 INFO o.a.j.t.JMeterThread: Thread finished: setUp Thread Group 1-3
2025-02-27 16:28:36,639 INFO o.a.j.t.JMeterThread: Thread finished: setUp Thread Group 1-4
2025-02-27 16:28:36,639 INFO o.a.j.t.JMeterThread: Thread finished: setUp Thread Group 1-1
2025-02-27 16:28:36,639 INFO o.a.j.t.JMeterThread: Stopping because end time detected by thread: setUp Thread Group 1-2
2025-02-27 16:28:36,639 INFO o.a.j.t.JMeterThread: Thread finished: setUp Thread Group 1-2
2025-02-27 16:28:36,654 INFO o.a.j.t.JMeterThread: Stopping because end time detected by thread: setUp Thread Group 1-6
2025-02-27 16:28:36,654 INFO o.a.j.t.JMeterThread: Thread finished: setUp Thread Group 1-6
2025-02-27 16:28:36,725 INFO o.a.j.t.JMeterThread: Stopping because end time detected by thread: setUp Thread Group 1-10
2025-02-27 16:28:36,725 INFO o.a.j.t.JMeterThread: Thread finished: setUp Thread Group 1-10
2025-02-27 16:28:36,755 INFO o.a.j.t.JMeterThread: Stopping because end time detected by thread: setUp Thread Group 1-7
2025-02-27 16:28:36,755 INFO o.a.j.t.JMeterThread: Thread finished: setUp Thread Group 1-7
2025-02-27 16:28:36,755 INFO o.a.j.t.JMeterThread: Stopping because end time detected by thread: setUp Thread Group 1-11
2025-02-27 16:28:36,755 INFO o.a.j.t.JMeterThread: Thread finished: setUp Thread Group 1-11
2025-02-27 16:28:36,770 INFO o.a.j.t.JMeterThread: Stopping because end time detected by thread: setUp Thread Group 1-9
2025-02-27 16:28:36,770 INFO o.a.j.t.JMeterThread: Thread finished: setUp Thread Group 1-9
2025-02-27 16:28:36,978 INFO o.a.j.t.JMeterThread: Stopping because end time detected by thread: setUp Thread Group 1-12
2025-02-27 16:28:36,978 INFO o.a.j.t.JMeterThread: Thread finished: setUp Thread Group 1-12
2025-02-27 16:28:37,260 INFO o.a.j.t.JMeterThread: Stopping because end time detected by thread: setUp Thread Group 1-8
2025-02-27 16:28:37,260 INFO o.a.j.t.JMeterThread: Thread finished: setUp Thread Group 1-8
2025-02-27 16:28:37,260 INFO o.a.j.e.StandardJMeterEngine: All Setup Threads have ended
2025-02-27 16:28:37,305 INFO o.a.j.e.StandardJMeterEngine: Starting ThreadGroup: 1 : Thread-Gruppe
2025-02-27 16:28:37,305 INFO o.a.j.e.StandardJMeterEngine: Starting 75 threads for group Thread-Gruppe.
2025-02-27 16:28:37,305 INFO o.a.j.e.StandardJMeterEngine: Thread will continue on error
2025-02-27 16:28:37,305 INFO o.a.j.t.ThreadGroup: Starting thread group... number=1 threads=75 ramp-up=10 delayedStart=false
2025-02-27 16:28:37,305 INFO o.a.j.t.JMeterThread: Thread started: Thread-Gruppe 1-1
2025-02-27 16:28:37,419 INFO o.a.j.t.ThreadGroup: Started thread group number 1
2025-02-27 16:28:37,419 INFO o.a.j.e.StandardJMeterEngine: Starting ThreadGroup: 2 : Thread-Gruppe
2025-02-27 16:28:37,419 INFO o.a.j.e.StandardJMeterEngine: Starting 20 threads for group Thread-Gruppe.
2025-02-27 16:28:37,419 INFO o.a.j.e.StandardJMeterEngine: Thread will continue on error
2025-02-27 16:28:37,419 INFO o.a.j.t.ThreadGroup: Starting thread group... number=2 threads=20 ramp-up=10 delayedStart=false
2025-02-27 16:28:37,422 INFO o.a.j.t.JMeterThread: Thread started: Thread-Gruppe 2-1
2025-02-27 16:28:37,446 INFO o.a.j.t.JMeterThread: Thread started: Thread-Gruppe 1-2
2025-02-27 16:28:37,446 INFO o.a.j.t.ThreadGroup: Started thread group number 2
2025-02-27 16:28:37,446 INFO o.a.j.e.StandardJMeterEngine: Starting ThreadGroup: 3 : Thread-Gruppe
2025-02-27 16:28:37,447 INFO o.a.j.e.StandardJMeterEngine: Starting 5 threads for group Thread-Gruppe.
2025-02-27 16:28:37,447 INFO o.a.j.e.StandardJMeterEngine: Thread will continue on error
2025-02-27 16:28:37,447 INFO o.a.j.t.ThreadGroup: Starting thread group... number=3 threads=5 ramp-up=10 delayedStart=false
2025-02-27 16:28:37,449 INFO o.a.j.t.JMeterThread: Thread started: Thread-Gruppe 3-1
2025-02-27 16:28:37,455 INFO o.a.j.t.ThreadGroup: Started thread group number 3
2025-02-27 16:28:37,455 INFO o.a.j.e.StandardJMeterEngine: All thread groups have been started
2025-02-27 16:28:37,580 INFO o.a.j.t.JMeterThread: Thread started: Thread-Gruppe 1-3
2025-02-27 16:28:37,714 INFO o.a.j.t.JMeterThread: Thread started: Thread-Gruppe 1-4
2025-02-27 16:28:37,840 INFO o.a.j.t.JMeterThread: Thread started: Thread-Gruppe 1-5
2025-02-27 16:28:37,921 INFO o.a.j.t.JMeterThread: Thread started: Thread-Gruppe 2-2
2025-02-27 16:28:37,974 INFO o.a.j.t.JMeterThread: Thread started: Thread-Gruppe 1-6
2025-02-27 16:28:38,106 INFO o.a.j.t.JMeterThread: Thread started: Thread-Gruppe 1-7
2025-02-27 16:28:38,240 INFO o.a.j.t.JMeterThread: Thread started: Thread-Gruppe 1-8
2025-02-27 16:28:38,374 INFO o.a.j.t.JMeterThread: Thread started: Thread-Gruppe 1-9
2025-02-27 16:28:38,422 INFO o.a.j.t.JMeterThread: Thread started: Thread-Gruppe 2-3
2025-02-27 16:28:38,506 INFO o.a.j.t.JMeterThread: Thread started: Thread-Gruppe 1-10
2025-02-27 16:28:38,638 INFO o.a.j.t.JMeterThread: Thread started: Thread-Gruppe 1-11
2025-02-27 16:28:38,771 INFO o.a.j.t.JMeterThread: Thread started: Thread-Gruppe 1-12
2025-02-27 16:28:38,904 INFO o.a.j.t.JMeterThread: Thread started: Thread-Gruppe 1-13
2025-02-27 16:28:38,921 INFO o.a.j.t.JMeterThread: Thread started: Thread-Gruppe 2-4
2025-02-27 16:28:39,039 INFO o.a.j.t.JMeterThread: Thread started: Thread-Gruppe 1-14
2025-02-27 16:28:39,172 INFO o.a.j.t.JMeterThread: Thread started: Thread-Gruppe 1-15
2025-02-27 16:28:39,303 INFO o.a.j.t.JMeterThread: Thread started: Thread-Gruppe 1-16
2025-02-27 16:28:39,422 INFO o.a.j.t.JMeterThread: Thread started: Thread-Gruppe 2-5
2025-02-27 16:28:39,437 INFO o.a.j.t.JMeterThread: Thread started: Thread-Gruppe 1-17
2025-02-27 16:28:39,450 INFO o.a.j.t.JMeterThread: Thread started: Thread-Gruppe 3-2
2025-02-27 16:28:39,568 INFO o.a.j.t.JMeterThread: Thread started: Thread-Gruppe 1-18
2025-02-27 16:28:39,702 INFO o.a.j.t.JMeterThread: Thread started: Thread-Gruppe 1-19
2025-02-27 16:28:39,836 INFO o.a.j.t.JMeterThread: Thread started: Thread-Gruppe 1-20
2025-02-27 16:28:39,922 INFO o.a.j.t.JMeterThread: Thread started: Thread-Gruppe 2-6
2025-02-27 16:28:39,967 INFO o.a.j.t.JMeterThread: Thread started: Thread-Gruppe 1-21
2025-02-27 16:28:40,101 INFO o.a.j.t.JMeterThread: Thread started: Thread-Gruppe 1-22
2025-02-27 16:28:40,234 INFO o.a.j.t.JMeterThread: Thread started: Thread-Gruppe 1-23
2025-02-27 16:28:40,367 INFO o.a.j.t.JMeterThread: Thread started: Thread-Gruppe 1-24
2025-02-27 16:28:40,421 INFO o.a.j.t.JMeterThread: Thread started: Thread-Gruppe 2-7
2025-02-27 16:28:40,501 INFO o.a.j.t.JMeterThread: Thread started: Thread-Gruppe 1-25
2025-02-27 16:28:40,634 INFO o.a.j.t.JMeterThread: Thread started: Thread-Gruppe 1-26
2025-02-27 16:28:40,768 INFO o.a.j.t.JMeterThread: Thread started: Thread-Gruppe 1-27
2025-02-27 16:28:40,901 INFO o.a.j.t.JMeterThread: Thread started: Thread-Gruppe 1-28
2025-02-27 16:28:40,921 INFO o.a.j.t.JMeterThread: Thread started: Thread-Gruppe 2-8
2025-02-27 16:28:41,033 INFO o.a.j.t.JMeterThread: Thread started: Thread-Gruppe 1-29
2025-02-27 16:28:41,166 INFO o.a.j.t.JMeterThread: Thread started: Thread-Gruppe 1-30
2025-02-27 16:28:41,300 INFO o.a.j.t.JMeterThread: Thread started: Thread-Gruppe 1-31
2025-02-27 16:28:41,422 INFO o.a.j.t.JMeterThread: Thread started: Thread-Gruppe 2-9
2025-02-27 16:28:41,432 INFO o.a.j.t.JMeterThread: Thread started: Thread-Gruppe 1-32
2025-02-27 16:28:41,450 INFO o.a.j.t.JMeterThread: Thread started: Thread-Gruppe 3-3
2025-02-27 16:28:41,565 INFO o.a.j.t.JMeterThread: Thread started: Thread-Gruppe 1-33
2025-02-27 16:28:41,697 INFO o.a.j.t.JMeterThread: Thread started: Thread-Gruppe 1-34
2025-02-27 16:28:41,829 INFO o.a.j.t.JMeterThread: Thread started: Thread-Gruppe 1-35
2025-02-27 16:28:41,922 INFO o.a.j.t.JMeterThread: Thread started: Thread-Gruppe 2-10
2025-02-27 16:28:41,964 INFO o.a.j.t.JMeterThread: Thread started: Thread-Gruppe 1-36
2025-02-27 16:28:42,097 INFO o.a.j.t.JMeterThread: Thread started: Thread-Gruppe 1-37
2025-02-27 16:28:42,229 INFO o.a.j.t.JMeterThread: Thread started: Thread-Gruppe 1-38
2025-02-27 16:28:42,362 INFO o.a.j.t.JMeterThread: Thread started: Thread-Gruppe 1-39
2025-02-27 16:28:42,422 INFO o.a.j.t.JMeterThread: Thread started: Thread-Gruppe 2-11
2025-02-27 16:28:42,494 INFO o.a.j.t.JMeterThread: Thread started: Thread-Gruppe 1-40
2025-02-27 16:28:42,628 INFO o.a.j.t.JMeterThread: Thread started: Thread-Gruppe 1-41
2025-02-27 16:28:42,761 INFO o.a.j.t.JMeterThread: Thread started: Thread-Gruppe 1-42
2025-02-27 16:28:42,893 INFO o.a.j.t.JMeterThread: Thread started: Thread-Gruppe 1-43
2025-02-27 16:28:42,921 INFO o.a.j.t.JMeterThread: Thread started: Thread-Gruppe 2-12
2025-02-27 16:28:43,028 INFO o.a.j.t.JMeterThread: Thread started: Thread-Gruppe 1-44
2025-02-27 16:28:43,161 INFO o.a.j.t.JMeterThread: Thread started: Thread-Gruppe 1-45
2025-02-27 16:28:43,294 INFO o.a.j.t.JMeterThread: Thread started: Thread-Gruppe 1-46
2025-02-27 16:28:43,422 INFO o.a.j.t.JMeterThread: Thread started: Thread-Gruppe 2-13
2025-02-27 16:28:43,425 INFO o.a.j.t.JMeterThread: Thread started: Thread-Gruppe 1-47
2025-02-27 16:28:43,451 INFO o.a.j.t.JMeterThread: Thread started: Thread-Gruppe 3-4
2025-02-27 16:28:43,558 INFO o.a.j.t.JMeterThread: Thread started: Thread-Gruppe 1-48
2025-02-27 16:28:43,692 INFO o.a.j.t.JMeterThread: Thread started: Thread-Gruppe 1-49
2025-02-27 16:28:43,824 INFO o.a.j.t.JMeterThread: Thread started: Thread-Gruppe 1-50
2025-02-27 16:28:43,921 INFO o.a.j.t.JMeterThread: Thread started: Thread-Gruppe 2-14
2025-02-27 16:28:43,957 INFO o.a.j.t.JMeterThread: Thread started: Thread-Gruppe 1-51
2025-02-27 16:28:44,090 INFO o.a.j.t.JMeterThread: Thread started: Thread-Gruppe 1-52
2025-02-27 16:28:44,223 INFO o.a.j.t.JMeterThread: Thread started: Thread-Gruppe 1-53
2025-02-27 16:28:44,356 INFO o.a.j.t.JMeterThread: Thread started: Thread-Gruppe 1-54
2025-02-27 16:28:44,422 INFO o.a.j.t.JMeterThread: Thread started: Thread-Gruppe 2-15
2025-02-27 16:28:44,491 INFO o.a.j.t.JMeterThread: Thread started: Thread-Gruppe 1-55
2025-02-27 16:28:44,622 INFO o.a.j.t.JMeterThread: Thread started: Thread-Gruppe 1-56
2025-02-27 16:28:44,756 INFO o.a.j.t.JMeterThread: Thread started: Thread-Gruppe 1-57
2025-02-27 16:28:44,888 INFO o.a.j.t.JMeterThread: Thread started: Thread-Gruppe 1-58
2025-02-27 16:28:44,922 INFO o.a.j.t.JMeterThread: Thread started: Thread-Gruppe 2-16
2025-02-27 16:28:45,022 INFO o.a.j.t.JMeterThread: Thread started: Thread-Gruppe 1-59
2025-02-27 16:28:45,156 INFO o.a.j.t.JMeterThread: Thread started: Thread-Gruppe 1-60
2025-02-27 16:28:45,290 INFO o.a.j.t.JMeterThread: Thread started: Thread-Gruppe 1-61
2025-02-27 16:28:45,421 INFO o.a.j.t.JMeterThread: Thread started: Thread-Gruppe 1-62
2025-02-27 16:28:45,423 INFO o.a.j.t.JMeterThread: Thread started: Thread-Gruppe 2-17
2025-02-27 16:28:45,451 INFO o.a.j.t.JMeterThread: Thread started: Thread-Gruppe 3-5
2025-02-27 16:28:45,553 INFO o.a.j.t.JMeterThread: Thread started: Thread-Gruppe 1-63
2025-02-27 16:28:45,687 INFO o.a.j.t.JMeterThread: Thread started: Thread-Gruppe 1-64
2025-02-27 16:28:45,820 INFO o.a.j.t.JMeterThread: Thread started: Thread-Gruppe 1-65
2025-02-27 16:28:45,922 INFO o.a.j.t.JMeterThread: Thread started: Thread-Gruppe 2-18
2025-02-27 16:28:45,952 INFO o.a.j.t.JMeterThread: Thread started: Thread-Gruppe 1-66
2025-02-27 16:28:46,085 INFO o.a.j.t.JMeterThread: Thread started: Thread-Gruppe 1-67
2025-02-27 16:28:46,219 INFO o.a.j.t.JMeterThread: Thread started: Thread-Gruppe 1-68
2025-02-27 16:28:46,351 INFO o.a.j.t.JMeterThread: Thread started: Thread-Gruppe 1-69
2025-02-27 16:28:46,421 INFO o.a.j.t.JMeterThread: Thread started: Thread-Gruppe 2-19
2025-02-27 16:28:46,484 INFO o.a.j.t.JMeterThread: Thread started: Thread-Gruppe 1-70
2025-02-27 16:28:46,618 INFO o.a.j.t.JMeterThread: Thread started: Thread-Gruppe 1-71
2025-02-27 16:28:46,752 INFO o.a.j.t.JMeterThread: Thread started: Thread-Gruppe 1-72
2025-02-27 16:28:46,883 INFO o.a.j.t.JMeterThread: Thread started: Thread-Gruppe 1-73
2025-02-27 16:28:46,922 INFO o.a.j.t.JMeterThread: Thread started: Thread-Gruppe 2-20
2025-02-27 16:28:47,016 INFO o.a.j.t.JMeterThread: Thread started: Thread-Gruppe 1-74
2025-02-27 16:28:47,149 INFO o.a.j.t.JMeterThread: Thread started: Thread-Gruppe 1-75
2025-02-27 16:29:00,058 INFO o.a.j.r.Summariser: summary +   1381 in 00:01:24 =   16.5/s Avg:   366 Min:   248 Max:  2424 Err:     0 (0.00%) Active: 100 Started: 100 Finished: 0
2025-02-27 16:29:30,062 INFO o.a.j.r.Summariser: summary +   2287 in 00:00:30 =   76.2/s Avg:   328 Min:   246 Max:  1261 Err:     0 (0.00%) Active: 100 Started: 100 Finished: 0
2025-02-27 16:29:30,063 INFO o.a.j.r.Summariser: summary =   3668 in 00:01:54 =   32.3/s Avg:   342 Min:   246 Max:  2424 Err:     0 (0.00%)
2025-02-27 16:30:00,071 INFO o.a.j.r.Summariser: summary +   2251 in 00:00:30 =   75.0/s Avg:   385 Min:   249 Max:  2927 Err:     0 (0.00%) Active: 100 Started: 100 Finished: 0
2025-02-27 16:30:00,072 INFO o.a.j.r.Summariser: summary =   5919 in 00:02:24 =   41.2/s Avg:   359 Min:   246 Max:  2927 Err:     0 (0.00%)
2025-02-27 16:30:30,036 INFO o.a.j.r.Summariser: summary +   2280 in 00:00:30 =   76.1/s Avg:   330 Min:   244 Max:  1569 Err:     0 (0.00%) Active: 100 Started: 100 Finished: 0
2025-02-27 16:30:30,037 INFO o.a.j.r.Summariser: summary =   8199 in 00:02:54 =   47.2/s Avg:   351 Min:   244 Max:  2927 Err:     0 (0.00%)
2025-02-27 16:31:00,034 INFO o.a.j.r.Summariser: summary +   2283 in 00:00:30 =   76.1/s Avg:   352 Min:   245 Max:  1299 Err:     0 (0.00%) Active: 100 Started: 100 Finished: 0
2025-02-27 16:31:00,036 INFO o.a.j.r.Summariser: summary =  10482 in 00:03:24 =   51.5/s Avg:   351 Min:   244 Max:  2927 Err:     0 (0.00%)
2025-02-27 16:31:30,019 INFO o.a.j.r.Summariser: summary +   2286 in 00:00:30 =   76.2/s Avg:   329 Min:   244 Max:  1015 Err:     0 (0.00%) Active: 100 Started: 100 Finished: 0
2025-02-27 16:31:30,021 INFO o.a.j.r.Summariser: summary =  12768 in 00:03:54 =   54.7/s Avg:   347 Min:   244 Max:  2927 Err:     0 (0.00%)
2025-02-27 16:32:00,017 INFO o.a.j.r.Summariser: summary +   2287 in 00:00:30 =   76.2/s Avg:   358 Min:   244 Max:  1127 Err:     0 (0.00%) Active: 100 Started: 100 Finished: 0
2025-02-27 16:32:00,018 INFO o.a.j.r.Summariser: summary =  15055 in 00:04:24 =   57.1/s Avg:   349 Min:   244 Max:  2927 Err:     0 (0.00%)
2025-02-27 16:32:30,041 INFO o.a.j.r.Summariser: summary +   2291 in 00:00:30 =   76.3/s Avg:   326 Min:   245 Max:   925 Err:     0 (0.00%) Active: 100 Started: 100 Finished: 0
2025-02-27 16:32:30,042 INFO o.a.j.r.Summariser: summary =  17346 in 00:04:54 =   59.1/s Avg:   346 Min:   244 Max:  2927 Err:     0 (0.00%)
2025-02-27 16:33:00,017 INFO o.a.j.r.Summariser: summary +   2284 in 00:00:30 =   76.2/s Avg:   353 Min:   245 Max:  1208 Err:     0 (0.00%) Active: 100 Started: 100 Finished: 0
2025-02-27 16:33:00,018 INFO o.a.j.r.Summariser: summary =  19630 in 00:05:24 =   60.7/s Avg:   347 Min:   244 Max:  2927 Err:     0 (0.00%)
2025-02-27 16:33:30,012 INFO o.a.j.r.Summariser: summary +   2291 in 00:00:30 =   76.4/s Avg:   329 Min:   245 Max:   823 Err:     0 (0.00%) Active: 100 Started: 100 Finished: 0
2025-02-27 16:33:30,013 INFO o.a.j.r.Summariser: summary =  21921 in 00:05:54 =   62.0/s Avg:   345 Min:   244 Max:  2927 Err:     0 (0.00%)
2025-02-27 16:34:00,013 INFO o.a.j.r.Summariser: summary +   2296 in 00:00:30 =   76.5/s Avg:   339 Min:   244 Max:  1035 Err:     0 (0.00%) Active: 100 Started: 100 Finished: 0
2025-02-27 16:34:00,014 INFO o.a.j.r.Summariser: summary =  24217 in 00:06:24 =   63.1/s Avg:   344 Min:   244 Max:  2927 Err:     0 (0.00%)
2025-02-27 16:34:30,072 INFO o.a.j.r.Summariser: summary +   2297 in 00:00:30 =   76.4/s Avg:   329 Min:   244 Max:   813 Err:     0 (0.00%) Active: 100 Started: 100 Finished: 0
2025-02-27 16:34:30,074 INFO o.a.j.r.Summariser: summary =  26514 in 00:06:54 =   64.1/s Avg:   343 Min:   244 Max:  2927 Err:     0 (0.00%)
2025-02-27 16:35:00,033 INFO o.a.j.r.Summariser: summary +   2290 in 00:00:30 =   76.4/s Avg:   341 Min:   245 Max:  1073 Err:     0 (0.00%) Active: 100 Started: 100 Finished: 0
2025-02-27 16:35:00,034 INFO o.a.j.r.Summariser: summary =  28804 in 00:07:24 =   64.9/s Avg:   343 Min:   244 Max:  2927 Err:     0 (0.00%)
2025-02-27 16:35:30,017 INFO o.a.j.r.Summariser: summary +   2286 in 00:00:30 =   76.2/s Avg:   322 Min:   244 Max:   862 Err:     0 (0.00%) Active: 100 Started: 100 Finished: 0
2025-02-27 16:35:30,018 INFO o.a.j.r.Summariser: summary =  31090 in 00:07:54 =   65.7/s Avg:   341 Min:   244 Max:  2927 Err:     0 (0.00%)
2025-02-27 16:36:00,052 INFO o.a.j.r.Summariser: summary +   2284 in 00:00:30 =   76.0/s Avg:   344 Min:   245 Max:  1024 Err:     0 (0.00%) Active: 100 Started: 100 Finished: 0
2025-02-27 16:36:00,053 INFO o.a.j.r.Summariser: summary =  33374 in 00:08:24 =   66.3/s Avg:   342 Min:   244 Max:  2927 Err:     0 (0.00%)
2025-02-27 16:36:30,024 INFO o.a.j.r.Summariser: summary +   2297 in 00:00:30 =   76.6/s Avg:   332 Min:   249 Max:  1041 Err:     0 (0.00%) Active: 100 Started: 100 Finished: 0
2025-02-27 16:36:30,026 INFO o.a.j.r.Summariser: summary =  35671 in 00:08:54 =   66.9/s Avg:   341 Min:   244 Max:  2927 Err:     0 (0.00%)
2025-02-27 16:37:00,004 INFO o.a.j.r.Summariser: summary +   2284 in 00:00:30 =   76.2/s Avg:   344 Min:   249 Max:  1088 Err:     0 (0.00%) Active: 100 Started: 100 Finished: 0
2025-02-27 16:37:00,006 INFO o.a.j.r.Summariser: summary =  37955 in 00:09:24 =   67.4/s Avg:   341 Min:   244 Max:  2927 Err:     0 (0.00%)
2025-02-27 16:37:30,088 INFO o.a.j.r.Summariser: summary +   2293 in 00:00:30 =   76.2/s Avg:   334 Min:   244 Max:  1071 Err:     0 (0.00%) Active: 100 Started: 100 Finished: 0
2025-02-27 16:37:30,088 INFO o.a.j.r.Summariser: summary =  40248 in 00:09:54 =   67.8/s Avg:   341 Min:   244 Max:  2927 Err:     0 (0.00%)
2025-02-27 16:38:00,016 INFO o.a.j.r.Summariser: summary +   2284 in 00:00:30 =   76.3/s Avg:   334 Min:   244 Max:  1072 Err:     0 (0.00%) Active: 100 Started: 100 Finished: 0
2025-02-27 16:38:00,017 INFO o.a.j.r.Summariser: summary =  42532 in 00:10:24 =   68.2/s Avg:   340 Min:   244 Max:  2927 Err:     0 (0.00%)
2025-02-27 16:38:30,073 INFO o.a.j.r.Summariser: summary +   2299 in 00:00:30 =   76.5/s Avg:   331 Min:   245 Max:  1043 Err:     0 (0.00%) Active: 100 Started: 100 Finished: 0
2025-02-27 16:38:30,075 INFO o.a.j.r.Summariser: summary =  44831 in 00:10:54 =   68.6/s Avg:   340 Min:   244 Max:  2927 Err:     0 (0.00%)
2025-02-27 16:38:35,615 INFO o.a.j.t.JMeterThread: Thread finished: Thread-Gruppe 1-1
2025-02-27 16:38:35,677 INFO o.a.j.t.JMeterThread: Thread finished: Thread-Gruppe 1-62
2025-02-27 16:38:35,678 INFO o.a.j.t.JMeterThread: Thread finished: Thread-Gruppe 1-47
2025-02-27 16:38:35,698 INFO o.a.j.t.JMeterThread: Thread finished: Thread-Gruppe 1-17
2025-02-27 16:38:35,700 INFO o.a.j.t.JMeterThread: Thread finished: Thread-Gruppe 1-2
2025-02-27 16:38:35,805 INFO o.a.j.t.JMeterThread: Thread finished: Thread-Gruppe 1-63
2025-02-27 16:38:35,812 INFO o.a.j.t.JMeterThread: Thread finished: Thread-Gruppe 1-48
2025-02-27 16:38:35,821 INFO o.a.j.t.JMeterThread: Thread finished: Thread-Gruppe 1-18
2025-02-27 16:38:35,832 INFO o.a.j.t.JMeterThread: Thread finished: Thread-Gruppe 1-3
2025-02-27 16:38:35,945 INFO o.a.j.t.JMeterThread: Thread finished: Thread-Gruppe 1-64
2025-02-27 16:38:35,946 INFO o.a.j.t.JMeterThread: Thread finished: Thread-Gruppe 1-49
2025-02-27 16:38:35,953 INFO o.a.j.t.JMeterThread: Thread finished: Thread-Gruppe 1-19
2025-02-27 16:38:35,959 INFO o.a.j.t.JMeterThread: Thread finished: Thread-Gruppe 1-4
2025-02-27 16:38:36,072 INFO o.a.j.t.JMeterThread: Thread finished: Thread-Gruppe 1-65
2025-02-27 16:38:36,074 INFO o.a.j.t.JMeterThread: Thread finished: Thread-Gruppe 1-50
2025-02-27 16:38:36,087 INFO o.a.j.t.JMeterThread: Thread finished: Thread-Gruppe 1-20
2025-02-27 16:38:36,092 INFO o.a.j.t.JMeterThread: Thread finished: Thread-Gruppe 1-5
2025-02-27 16:38:36,184 INFO o.a.j.t.JMeterThread: Thread finished: Thread-Gruppe 1-32
2025-02-27 16:38:36,203 INFO o.a.j.t.JMeterThread: Thread finished: Thread-Gruppe 1-66
2025-02-27 16:38:36,215 INFO o.a.j.t.JMeterThread: Thread finished: Thread-Gruppe 1-51
2025-02-27 16:38:36,218 INFO o.a.j.t.JMeterThread: Thread finished: Thread-Gruppe 1-21
2025-02-27 16:38:36,228 INFO o.a.j.t.JMeterThread: Thread finished: Thread-Gruppe 1-6
2025-02-27 16:38:36,319 INFO o.a.j.t.JMeterThread: Thread finished: Thread-Gruppe 1-33
2025-02-27 16:38:36,342 INFO o.a.j.t.JMeterThread: Thread finished: Thread-Gruppe 1-67
2025-02-27 16:38:36,354 INFO o.a.j.t.JMeterThread: Thread finished: Thread-Gruppe 1-52
2025-02-27 16:38:36,360 INFO o.a.j.t.JMeterThread: Thread finished: Thread-Gruppe 1-22
2025-02-27 16:38:36,370 INFO o.a.j.t.JMeterThread: Thread finished: Thread-Gruppe 1-7
2025-02-27 16:38:36,453 INFO o.a.j.t.JMeterThread: Thread finished: Thread-Gruppe 1-34
2025-02-27 16:38:36,474 INFO o.a.j.t.JMeterThread: Thread finished: Thread-Gruppe 1-68
2025-02-27 16:38:36,476 INFO o.a.j.t.JMeterThread: Thread finished: Thread-Gruppe 1-53
2025-02-27 16:38:36,488 INFO o.a.j.t.JMeterThread: Thread finished: Thread-Gruppe 1-23
2025-02-27 16:38:36,499 INFO o.a.j.t.JMeterThread: Thread finished: Thread-Gruppe 1-8
2025-02-27 16:38:36,584 INFO o.a.j.t.JMeterThread: Thread finished: Thread-Gruppe 1-35
2025-02-27 16:38:36,608 INFO o.a.j.t.JMeterThread: Thread finished: Thread-Gruppe 1-69
2025-02-27 16:38:36,609 INFO o.a.j.t.JMeterThread: Thread finished: Thread-Gruppe 1-54
2025-02-27 16:38:36,619 INFO o.a.j.t.JMeterThread: Thread finished: Thread-Gruppe 1-24
2025-02-27 16:38:36,628 INFO o.a.j.t.JMeterThread: Thread finished: Thread-Gruppe 1-9
2025-02-27 16:38:36,721 INFO o.a.j.t.JMeterThread: Thread finished: Thread-Gruppe 1-36
2025-02-27 16:38:36,746 INFO o.a.j.t.JMeterThread: Thread finished: Thread-Gruppe 1-55
2025-02-27 16:38:36,753 INFO o.a.j.t.JMeterThread: Thread finished: Thread-Gruppe 1-25
2025-02-27 16:38:36,761 INFO o.a.j.t.JMeterThread: Thread finished: Thread-Gruppe 1-10
2025-02-27 16:38:36,858 INFO o.a.j.t.JMeterThread: Thread finished: Thread-Gruppe 1-37
2025-02-27 16:38:36,871 INFO o.a.j.t.JMeterThread: Thread finished: Thread-Gruppe 1-71
2025-02-27 16:38:36,871 INFO o.a.j.t.JMeterThread: Thread finished: Thread-Gruppe 1-56
2025-02-27 16:38:36,885 INFO o.a.j.t.JMeterThread: Thread finished: Thread-Gruppe 1-26
2025-02-27 16:38:36,890 INFO o.a.j.t.JMeterThread: Thread finished: Thread-Gruppe 1-11
2025-02-27 16:38:36,937 INFO o.a.j.t.JMeterThread: Thread finished: Thread-Gruppe 1-70
2025-02-27 16:38:36,997 INFO o.a.j.t.JMeterThread: Thread finished: Thread-Gruppe 1-38
2025-02-27 16:38:37,012 INFO o.a.j.t.JMeterThread: Thread finished: Thread-Gruppe 1-72
2025-02-27 16:38:37,012 INFO o.a.j.t.JMeterThread: Thread finished: Thread-Gruppe 1-57
2025-02-27 16:38:37,021 INFO o.a.j.t.JMeterThread: Thread finished: Thread-Gruppe 1-27
2025-02-27 16:38:37,023 INFO o.a.j.t.JMeterThread: Thread finished: Thread-Gruppe 1-12
2025-02-27 16:38:37,057 INFO o.a.j.t.JMeterThread: Thread finished: Thread-Gruppe 2-7
2025-02-27 16:38:37,076 INFO o.a.j.t.JMeterThread: Thread finished: Thread-Gruppe 2-6
2025-02-27 16:38:37,116 INFO o.a.j.t.JMeterThread: Thread finished: Thread-Gruppe 1-39
2025-02-27 16:38:37,187 INFO o.a.j.t.JMeterThread: Thread finished: Thread-Gruppe 1-73
2025-02-27 16:38:37,187 INFO o.a.j.t.JMeterThread: Thread finished: Thread-Gruppe 1-28
2025-02-27 16:38:37,188 INFO o.a.j.t.JMeterThread: Thread finished: Thread-Gruppe 1-13
2025-02-27 16:38:37,188 INFO o.a.j.t.JMeterThread: Thread finished: Thread-Gruppe 1-58
2025-02-27 16:38:37,257 INFO o.a.j.t.JMeterThread: Thread finished: Thread-Gruppe 1-40
2025-02-27 16:38:37,266 INFO o.a.j.t.JMeterThread: Thread finished: Thread-Gruppe 2-5
2025-02-27 16:38:37,268 INFO o.a.j.t.JMeterThread: Thread finished: Thread-Gruppe 2-13
2025-02-27 16:38:37,270 INFO o.a.j.t.JMeterThread: Thread finished: Thread-Gruppe 1-74
2025-02-27 16:38:37,273 INFO o.a.j.t.JMeterThread: Thread finished: Thread-Gruppe 1-59
2025-02-27 16:38:37,292 INFO o.a.j.t.JMeterThread: Thread finished: Thread-Gruppe 1-29
2025-02-27 16:38:37,295 INFO o.a.j.t.JMeterThread: Thread finished: Thread-Gruppe 1-14
2025-02-27 16:38:37,317 INFO o.a.j.t.JMeterThread: Thread finished: Thread-Gruppe 2-2
2025-02-27 16:38:37,318 INFO o.a.j.t.JMeterThread: Thread finished: Thread-Gruppe 2-19
2025-02-27 16:38:37,332 INFO o.a.j.t.JMeterThread: Thread finished: Thread-Gruppe 2-4
2025-02-27 16:38:37,345 INFO o.a.j.t.JMeterThread: Thread finished: Thread-Gruppe 2-18
2025-02-27 16:38:37,445 INFO o.a.j.t.JMeterThread: Stopping because end time detected by thread: Thread-Gruppe 2-14
2025-02-27 16:38:37,445 INFO o.a.j.t.JMeterThread: Thread finished: Thread-Gruppe 2-14
2025-02-27 16:38:37,445 INFO o.a.j.t.JMeterThread: Stopping because end time detected by thread: Thread-Gruppe 1-41
2025-02-27 16:38:37,445 INFO o.a.j.t.JMeterThread: Stopping because end time detected by thread: Thread-Gruppe 1-60
2025-02-27 16:38:37,445 INFO o.a.j.t.JMeterThread: Stopping because end time detected by thread: Thread-Gruppe 1-75
2025-02-27 16:38:37,445 INFO o.a.j.t.JMeterThread: Stopping because end time detected by thread: Thread-Gruppe 1-30
2025-02-27 16:38:37,445 INFO o.a.j.t.JMeterThread: Thread finished: Thread-Gruppe 1-41
2025-02-27 16:38:37,445 INFO o.a.j.t.JMeterThread: Thread finished: Thread-Gruppe 1-75
2025-02-27 16:38:37,445 INFO o.a.j.t.JMeterThread: Thread finished: Thread-Gruppe 1-30
2025-02-27 16:38:37,445 INFO o.a.j.t.JMeterThread: Thread finished: Thread-Gruppe 1-60
2025-02-27 16:38:37,460 INFO o.a.j.t.JMeterThread: Stopping because end time detected by thread: Thread-Gruppe 2-12
2025-02-27 16:38:37,460 INFO o.a.j.t.JMeterThread: Stopping because end time detected by thread: Thread-Gruppe 3-2
2025-02-27 16:38:37,460 INFO o.a.j.t.JMeterThread: Thread finished: Thread-Gruppe 2-12
2025-02-27 16:38:37,460 INFO o.a.j.t.JMeterThread: Stopping because end time detected by thread: Thread-Gruppe 1-15
2025-02-27 16:38:37,460 INFO o.a.j.t.JMeterThread: Thread finished: Thread-Gruppe 3-2
2025-02-27 16:38:37,460 INFO o.a.j.t.JMeterThread: Thread finished: Thread-Gruppe 1-15
2025-02-27 16:38:37,475 INFO o.a.j.t.JMeterThread: Stopping because end time detected by thread: Thread-Gruppe 3-1
2025-02-27 16:38:37,475 INFO o.a.j.t.JMeterThread: Thread finished: Thread-Gruppe 3-1
2025-02-27 16:38:37,475 INFO o.a.j.t.JMeterThread: Stopping because end time detected by thread: Thread-Gruppe 2-20
2025-02-27 16:38:37,475 INFO o.a.j.t.JMeterThread: Thread finished: Thread-Gruppe 2-20
2025-02-27 16:38:37,505 INFO o.a.j.t.JMeterThread: Stopping because end time detected by thread: Thread-Gruppe 2-1
2025-02-27 16:38:37,505 INFO o.a.j.t.JMeterThread: Thread finished: Thread-Gruppe 2-1
2025-02-27 16:38:37,505 INFO o.a.j.t.JMeterThread: Stopping because end time detected by thread: Thread-Gruppe 2-9
2025-02-27 16:38:37,505 INFO o.a.j.t.JMeterThread: Thread finished: Thread-Gruppe 2-9
2025-02-27 16:38:37,505 INFO o.a.j.t.JMeterThread: Stopping because end time detected by thread: Thread-Gruppe 2-3
2025-02-27 16:38:37,505 INFO o.a.j.t.JMeterThread: Thread finished: Thread-Gruppe 2-3
2025-02-27 16:38:37,520 INFO o.a.j.t.JMeterThread: Stopping because end time detected by thread: Thread-Gruppe 1-42
2025-02-27 16:38:37,520 INFO o.a.j.t.JMeterThread: Thread finished: Thread-Gruppe 1-42
2025-02-27 16:38:37,535 INFO o.a.j.t.JMeterThread: Stopping because end time detected by thread: Thread-Gruppe 1-61
2025-02-27 16:38:37,535 INFO o.a.j.t.JMeterThread: Stopping because end time detected by thread: Thread-Gruppe 2-11
2025-02-27 16:38:37,550 INFO o.a.j.t.JMeterThread: Thread finished: Thread-Gruppe 1-61
2025-02-27 16:38:37,550 INFO o.a.j.t.JMeterThread: Thread finished: Thread-Gruppe 2-11
2025-02-27 16:38:37,550 INFO o.a.j.t.JMeterThread: Stopping because end time detected by thread: Thread-Gruppe 1-31
2025-02-27 16:38:37,550 INFO o.a.j.t.JMeterThread: Thread finished: Thread-Gruppe 1-31
2025-02-27 16:38:37,550 INFO o.a.j.t.JMeterThread: Stopping because end time detected by thread: Thread-Gruppe 1-16
2025-02-27 16:38:37,550 INFO o.a.j.t.JMeterThread: Thread finished: Thread-Gruppe 1-16
2025-02-27 16:38:37,580 INFO o.a.j.t.JMeterThread: Stopping because end time detected by thread: Thread-Gruppe 3-3
2025-02-27 16:38:37,580 INFO o.a.j.t.JMeterThread: Thread finished: Thread-Gruppe 3-3
2025-02-27 16:38:37,580 INFO o.a.j.t.JMeterThread: Stopping because end time detected by thread: Thread-Gruppe 2-17
2025-02-27 16:38:37,580 INFO o.a.j.t.JMeterThread: Thread finished: Thread-Gruppe 2-17
2025-02-27 16:38:37,655 INFO o.a.j.t.JMeterThread: Stopping because end time detected by thread: Thread-Gruppe 2-15
2025-02-27 16:38:37,655 INFO o.a.j.t.JMeterThread: Thread finished: Thread-Gruppe 2-15
2025-02-27 16:38:37,710 INFO o.a.j.t.JMeterThread: Stopping because end time detected by thread: Thread-Gruppe 2-8
2025-02-27 16:38:37,710 INFO o.a.j.t.JMeterThread: Stopping because end time detected by thread: Thread-Gruppe 1-43
2025-02-27 16:38:37,710 INFO o.a.j.t.JMeterThread: Thread finished: Thread-Gruppe 1-43
2025-02-27 16:38:37,710 INFO o.a.j.t.JMeterThread: Thread finished: Thread-Gruppe 2-8
2025-02-27 16:38:37,717 INFO o.a.j.t.JMeterThread: Stopping because end time detected by thread: Thread-Gruppe 2-16
2025-02-27 16:38:37,717 INFO o.a.j.t.JMeterThread: Thread finished: Thread-Gruppe 2-16
2025-02-27 16:38:37,783 INFO o.a.j.t.JMeterThread: Stopping because end time detected by thread: Thread-Gruppe 3-4
2025-02-27 16:38:37,783 INFO o.a.j.t.JMeterThread: Thread finished: Thread-Gruppe 3-4
2025-02-27 16:38:37,783 INFO o.a.j.t.JMeterThread: Stopping because end time detected by thread: Thread-Gruppe 1-44
2025-02-27 16:38:37,783 INFO o.a.j.t.JMeterThread: Thread finished: Thread-Gruppe 1-44
2025-02-27 16:38:37,799 INFO o.a.j.t.JMeterThread: Stopping because end time detected by thread: Thread-Gruppe 3-5
2025-02-27 16:38:37,799 INFO o.a.j.t.JMeterThread: Thread finished: Thread-Gruppe 3-5
2025-02-27 16:38:37,965 INFO o.a.j.t.JMeterThread: Stopping because end time detected by thread: Thread-Gruppe 1-45
2025-02-27 16:38:37,965 INFO o.a.j.t.JMeterThread: Thread finished: Thread-Gruppe 1-45
2025-02-27 16:38:38,025 INFO o.a.j.t.JMeterThread: Stopping because end time detected by thread: Thread-Gruppe 2-10
2025-02-27 16:38:38,025 INFO o.a.j.t.JMeterThread: Thread finished: Thread-Gruppe 2-10
2025-02-27 16:38:38,070 INFO o.a.j.t.JMeterThread: Stopping because end time detected by thread: Thread-Gruppe 1-46
2025-02-27 16:38:38,070 INFO o.a.j.t.JMeterThread: Thread finished: Thread-Gruppe 1-46
2025-02-27 16:38:38,070 INFO o.a.j.e.StandardJMeterEngine: Notifying test listeners of end of test
2025-02-27 16:38:38,070 INFO o.a.j.r.Summariser: summary +    581 in 00:00:08 =   72.6/s Avg:   336 Min:   245 Max:   827 Err:     0 (0.00%) Active: 0 Started: 100 Finished: 100
2025-02-27 16:38:38,070 INFO o.a.j.r.Summariser: summary =  45412 in 00:11:02 =   68.6/s Avg:   340 Min:   244 Max:  2927 Err:     0 (0.00%)
