2025-02-27 13:59:11,248 INFO o.a.j.u.JMeterUtils: Setting Locale to en_EN
2025-02-27 13:59:11,272 INFO o.a.j.JMeter: Loading user properties from: D:\Semester 7\CS4203 - Research and Development Project\Artifacts\apache-jmeter-5.6.3\bin\user.properties
2025-02-27 13:59:11,272 INFO o.a.j.JMeter: Loading system properties from: D:\Semester 7\CS4203 - Research and Development Project\Artifacts\apache-jmeter-5.6.3\bin\system.properties
2025-02-27 13:59:11,273 INFO o.a.j.JMeter: Setting JMeter property: lb_1_hostname=34.70.149.254
2025-02-27 13:59:11,273 INFO o.a.j.JMeter: Setting JMeter property: lb_2_hostname=35.232.62.106
2025-02-27 13:59:11,273 INFO o.a.j.JMeter: Setting JMeter property: lb_1_port=8090
2025-02-27 13:59:11,273 INFO o.a.j.JMeter: Setting JMeter property: lb_2_port=8091
2025-02-27 13:59:11,273 INFO o.a.j.JMeter: Setting JMeter property: warm_up_users=20
2025-02-27 13:59:11,273 INFO o.a.j.JMeter: Setting JMeter property: warm_up_time=60
2025-02-27 13:59:11,273 INFO o.a.j.JMeter: Setting JMeter property: test_run_time=600
2025-02-27 13:59:11,274 INFO o.a.j.JMeter: Setting JMeter property: ramp_up=10
2025-02-27 13:59:11,274 INFO o.a.j.JMeter: Setting JMeter property: group_1=75
2025-02-27 13:59:11,274 INFO o.a.j.JMeter: Setting JMeter property: group_2=20
2025-02-27 13:59:11,274 INFO o.a.j.JMeter: Setting JMeter property: group_3=5
2025-02-27 13:59:11,274 INFO o.a.j.JMeter: Setting JMeter property: group_1_request_rate=30
2025-02-27 13:59:11,274 INFO o.a.j.JMeter: Setting JMeter property: group_2_request_rate=90
2025-02-27 13:59:11,274 INFO o.a.j.JMeter: Setting JMeter property: group_3_request_rate=120
2025-02-27 13:59:11,274 INFO o.a.j.JMeter: Setting JMeter property: log_file=d:\Semester 7\CS4203 - Research and Development Project\Artifacts\rate-limiter-nginx\jmeter\cloud\2025_02_27_13_48_logs\fixed_window_counter\redis_async_rate_limit_100_window_size_60_batch_percent_0.8\warm_up_results.csv
2025-02-27 13:59:11,274 INFO o.a.j.JMeter: Setting JMeter property: algorithm=fixed_window_counter_redis_async_rate_limit_100_window_size_60_batch_percent_0.8
2025-02-27 13:59:11,274 INFO o.a.j.JMeter: Setting JMeter property: auth=/fixed_window_counter/redis_async_rate_limit_100_window_size_60_batch_percent_0.8/tools.descartes.teastore.auth/rest
2025-02-27 13:59:11,274 INFO o.a.j.JMeter: Setting JMeter property: persistence=/fixed_window_counter/redis_async_rate_limit_100_window_size_60_batch_percent_0.8/tools.descartes.teastore.persistence/rest
2025-02-27 13:59:11,275 INFO o.a.j.JMeter: Setting JMeter property: recommender=/fixed_window_counter/redis_async_rate_limit_100_window_size_60_batch_percent_0.8/tools.descartes.teastore.recommender/rest
2025-02-27 13:59:11,275 INFO o.a.j.JMeter: Setting JMeter property: image=/fixed_window_counter/redis_async_rate_limit_100_window_size_60_batch_percent_0.8/tools.descartes.teastore.image/rest
2025-02-27 13:59:11,282 INFO o.a.j.JMeter: Copyright (c) 1998-2024 The Apache Software Foundation
2025-02-27 13:59:11,282 INFO o.a.j.JMeter: Version 5.6.3
2025-02-27 13:59:11,282 INFO o.a.j.JMeter: java.version=11.0.22
2025-02-27 13:59:11,282 INFO o.a.j.JMeter: java.vm.name=Java HotSpot(TM) 64-Bit Server VM
2025-02-27 13:59:11,283 INFO o.a.j.JMeter: os.name=Windows 10
2025-02-27 13:59:11,283 INFO o.a.j.JMeter: os.arch=amd64
2025-02-27 13:59:11,283 INFO o.a.j.JMeter: os.version=10.0
2025-02-27 13:59:11,283 INFO o.a.j.JMeter: file.encoding=Cp1252
2025-02-27 13:59:11,283 INFO o.a.j.JMeter: java.awt.headless=true
2025-02-27 13:59:11,283 INFO o.a.j.JMeter: Max memory     =1073741824
2025-02-27 13:59:11,283 INFO o.a.j.JMeter: Available Processors =12
2025-02-27 13:59:11,302 INFO o.a.j.JMeter: Default Locale=English (EN)
2025-02-27 13:59:11,302 INFO o.a.j.JMeter: JMeter  Locale=English (EN)
2025-02-27 13:59:11,302 INFO o.a.j.JMeter: JMeterHome=D:\Semester 7\CS4203 - Research and Development Project\Artifacts\apache-jmeter-5.6.3
2025-02-27 13:59:11,303 INFO o.a.j.JMeter: user.dir  =D:\Semester 7\CS4203 - Research and Development Project\Artifacts\rate-limiter-nginx
2025-02-27 13:59:11,303 INFO o.a.j.JMeter: PWD       =D:\Semester 7\CS4203 - Research and Development Project\Artifacts\rate-limiter-nginx
2025-02-27 13:59:11,307 INFO o.a.j.JMeter: IP: 10.10.21.101 Name: KOBI-MSI-PC FullName: 10.10.21.101
2025-02-27 13:59:11,325 INFO o.a.j.s.FileServer: Default base='D:\Semester 7\CS4203 - Research and Development Project\Artifacts\rate-limiter-nginx'
2025-02-27 13:59:11,327 INFO o.a.j.s.FileServer: Set new base='d:\Semester 7\CS4203 - Research and Development Project\Artifacts\rate-limiter-nginx\jmeter\cloud'
2025-02-27 13:59:11,553 INFO o.a.j.s.SaveService: Testplan (JMX) version: 2.2. Testlog (JTL) version: 2.2
2025-02-27 13:59:11,587 INFO o.a.j.s.SaveService: Using SaveService properties version 5.0
2025-02-27 13:59:11,591 INFO o.a.j.s.SaveService: Using SaveService properties file encoding UTF-8
2025-02-27 13:59:11,595 INFO o.a.j.s.SaveService: Loading file: d:\Semester 7\CS4203 - Research and Development Project\Artifacts\rate-limiter-nginx\jmeter\cloud\teastore_performance.jmx
2025-02-27 13:59:11,661 INFO o.a.j.p.h.c.CookieManager: Settings: Delete null: true Check: true Allow variable: true Save: false Prefix: COOKIE_
2025-02-27 13:59:11,691 INFO o.a.j.p.h.s.HTTPSamplerBase: Parser for text/html is org.apache.jmeter.protocol.http.parser.LagartoBasedHtmlParser
2025-02-27 13:59:11,691 INFO o.a.j.p.h.s.HTTPSamplerBase: Parser for application/xhtml+xml is org.apache.jmeter.protocol.http.parser.LagartoBasedHtmlParser
2025-02-27 13:59:11,691 INFO o.a.j.p.h.s.HTTPSamplerBase: Parser for application/xml is org.apache.jmeter.protocol.http.parser.LagartoBasedHtmlParser
2025-02-27 13:59:11,692 INFO o.a.j.p.h.s.HTTPSamplerBase: Parser for text/xml is org.apache.jmeter.protocol.http.parser.LagartoBasedHtmlParser
2025-02-27 13:59:11,692 INFO o.a.j.p.h.s.HTTPSamplerBase: Parser for text/vnd.wap.wml is org.apache.jmeter.protocol.http.parser.RegexpHTMLParser
2025-02-27 13:59:11,692 INFO o.a.j.p.h.s.HTTPSamplerBase: Parser for text/css is org.apache.jmeter.protocol.http.parser.CssParser
2025-02-27 13:59:11,866 INFO o.a.j.s.SampleResult: Note: Sample TimeStamps are START times
2025-02-27 13:59:11,866 INFO o.a.j.s.SampleResult: sampleresult.default.encoding is set to UTF-8
2025-02-27 13:59:11,866 INFO o.a.j.s.SampleResult: sampleresult.useNanoTime=true
2025-02-27 13:59:11,866 INFO o.a.j.s.SampleResult: sampleresult.nanoThreadSleep=5000
2025-02-27 13:59:11,912 INFO o.a.j.JMeter: Creating summariser <summary>
2025-02-27 13:59:11,933 INFO o.a.j.e.StandardJMeterEngine: Running the test!
2025-02-27 13:59:11,934 INFO o.a.j.s.SampleEvent: List of sample_variables: []
2025-02-27 13:59:11,934 INFO o.a.j.s.SampleEvent: List of sample_variables: []
2025-02-27 13:59:11,948 INFO o.a.j.e.u.CompoundVariable: Note: Function class names must contain the string: '.functions.'
2025-02-27 13:59:11,949 INFO o.a.j.e.u.CompoundVariable: Note: Function class names must not contain the string: '.gui.'
2025-02-27 13:59:12,267 INFO o.a.j.r.ClassFinder: Will scan jar D:\Semester 7\CS4203 - Research and Development Project\Artifacts\apache-jmeter-5.6.3\lib\ext\jmeter-plugins-casutg-2.10.jar with filter ExtendsClassFilter [parents=[interface org.apache.jmeter.functions.Function], inner=false, contains=null, notContains=null]. Consider exposing JMeter plugins via META-INF/services, and add JMeter-Skip-Class-Scanning=true manifest attribute so JMeter can skip classfile scanning
2025-02-27 13:59:12,288 INFO o.a.j.r.ClassFinder: Will scan jar D:\Semester 7\CS4203 - Research and Development Project\Artifacts\apache-jmeter-5.6.3\lib\ext\jmeter-plugins-graphs-additional-2.0.jar with filter ExtendsClassFilter [parents=[interface org.apache.jmeter.functions.Function], inner=false, contains=null, notContains=null]. Consider exposing JMeter plugins via META-INF/services, and add JMeter-Skip-Class-Scanning=true manifest attribute so JMeter can skip classfile scanning
2025-02-27 13:59:12,296 INFO o.a.j.r.ClassFinder: Will scan jar D:\Semester 7\CS4203 - Research and Development Project\Artifacts\apache-jmeter-5.6.3\lib\ext\jmeter-plugins-perfmon-2.1.jar with filter ExtendsClassFilter [parents=[interface org.apache.jmeter.functions.Function], inner=false, contains=null, notContains=null]. Consider exposing JMeter plugins via META-INF/services, and add JMeter-Skip-Class-Scanning=true manifest attribute so JMeter can skip classfile scanning
2025-02-27 13:59:12,302 INFO o.a.j.r.ClassFinder: Will scan jar D:\Semester 7\CS4203 - Research and Development Project\Artifacts\apache-jmeter-5.6.3\lib\ext\json-lib-2.4-jdk15.jar with filter ExtendsClassFilter [parents=[interface org.apache.jmeter.functions.Function], inner=false, contains=null, notContains=null]. Consider exposing JMeter plugins via META-INF/services, and add JMeter-Skip-Class-Scanning=true manifest attribute so JMeter can skip classfile scanning
2025-02-27 13:59:12,325 INFO o.a.j.r.ClassFinder: Will scan jar D:\Semester 7\CS4203 - Research and Development Project\Artifacts\apache-jmeter-5.6.3\lib\ext\perfmon-2.2.2.jar with filter ExtendsClassFilter [parents=[interface org.apache.jmeter.functions.Function], inner=false, contains=null, notContains=null]. Consider exposing JMeter plugins via META-INF/services, and add JMeter-Skip-Class-Scanning=true manifest attribute so JMeter can skip classfile scanning
2025-02-27 13:59:12,349 INFO o.a.j.r.ClassFinder: Will scan jar D:\Semester 7\CS4203 - Research and Development Project\Artifacts\apache-jmeter-5.6.3\lib\ext\jmeter-plugins-manager-1.10.jar with filter ExtendsClassFilter [parents=[interface org.apache.jmeter.functions.Function], inner=false, contains=null, notContains=null]. Consider exposing JMeter plugins via META-INF/services, and add JMeter-Skip-Class-Scanning=true manifest attribute so JMeter can skip classfile scanning
2025-02-27 13:59:12,449 INFO o.a.j.r.ClassFinder: Will scan jar D:\Semester 7\CS4203 - Research and Development Project\Artifacts\apache-jmeter-5.6.3\lib\ext\jmeter-plugins-graphs-vs-2.0.jar with filter ExtendsClassFilter [parents=[interface org.apache.jmeter.functions.Function], inner=false, contains=null, notContains=null]. Consider exposing JMeter plugins via META-INF/services, and add JMeter-Skip-Class-Scanning=true manifest attribute so JMeter can skip classfile scanning
2025-02-27 13:59:12,452 INFO o.a.j.r.ClassFinder: Will scan jar D:\Semester 7\CS4203 - Research and Development Project\Artifacts\apache-jmeter-5.6.3\lib\ext\jmeter-parallel-0.12.jar with filter ExtendsClassFilter [parents=[interface org.apache.jmeter.functions.Function], inner=false, contains=null, notContains=null]. Consider exposing JMeter plugins via META-INF/services, and add JMeter-Skip-Class-Scanning=true manifest attribute so JMeter can skip classfile scanning
2025-02-27 13:59:12,459 INFO o.a.j.r.ClassFinder: Will scan jar D:\Semester 7\CS4203 - Research and Development Project\Artifacts\apache-jmeter-5.6.3\lib\ext\jmeter-plugins-tst-2.6.jar with filter ExtendsClassFilter [parents=[interface org.apache.jmeter.functions.Function], inner=false, contains=null, notContains=null]. Consider exposing JMeter plugins via META-INF/services, and add JMeter-Skip-Class-Scanning=true manifest attribute so JMeter can skip classfile scanning
2025-02-27 13:59:12,462 INFO o.a.j.r.ClassFinder: Will scan jar D:\Semester 7\CS4203 - Research and Development Project\Artifacts\apache-jmeter-5.6.3\lib\ext\jmeter-prometheus-plugin-0.6.0.jar with filter ExtendsClassFilter [parents=[interface org.apache.jmeter.functions.Function], inner=false, contains=null, notContains=null]. Consider exposing JMeter plugins via META-INF/services, and add JMeter-Skip-Class-Scanning=true manifest attribute so JMeter can skip classfile scanning
2025-02-27 13:59:12,480 INFO o.a.j.r.ClassFinder: Will scan jar D:\Semester 7\CS4203 - Research and Development Project\Artifacts\apache-jmeter-5.6.3\lib\ext\jmeter-plugins-graphs-basic-2.0.jar with filter ExtendsClassFilter [parents=[interface org.apache.jmeter.functions.Function], inner=false, contains=null, notContains=null]. Consider exposing JMeter plugins via META-INF/services, and add JMeter-Skip-Class-Scanning=true manifest attribute so JMeter can skip classfile scanning
2025-02-27 13:59:12,939 INFO o.a.j.JMeter: Running test (1740644952939)
2025-02-27 13:59:12,941 INFO o.a.j.e.StandardJMeterEngine: Starting setUp thread groups
2025-02-27 13:59:12,941 INFO o.a.j.e.StandardJMeterEngine: Starting setUp ThreadGroup: 1 : setUp Thread Group 
2025-02-27 13:59:12,942 INFO o.a.j.e.StandardJMeterEngine: Starting 20 threads for group setUp Thread Group.
2025-02-27 13:59:12,942 INFO o.a.j.e.StandardJMeterEngine: Thread will continue on error
2025-02-27 13:59:12,942 INFO o.a.j.t.ThreadGroup: Starting thread group... number=1 threads=20 ramp-up=10 delayedStart=false
2025-02-27 13:59:12,964 INFO o.a.j.t.JMeterThread: Thread started: setUp Thread Group 1-1
2025-02-27 13:59:13,027 INFO o.a.j.t.ThreadGroup: Started thread group number 1
2025-02-27 13:59:13,027 INFO o.a.j.e.StandardJMeterEngine: Waiting for all setup thread groups to exit
2025-02-27 13:59:13,460 INFO o.a.j.t.JMeterThread: Thread started: setUp Thread Group 1-2
2025-02-27 13:59:13,952 INFO o.a.j.t.JMeterThread: Thread started: setUp Thread Group 1-3
2025-02-27 13:59:14,108 INFO o.a.j.p.h.s.HTTPHCAbstractImpl: Local host = KOBI-MSI-PC
2025-02-27 13:59:14,114 INFO o.a.j.p.h.s.HTTPHC4Impl: HTTP request retry count = 0
2025-02-27 13:59:14,453 INFO o.a.j.t.JMeterThread: Thread started: setUp Thread Group 1-4
2025-02-27 13:59:14,951 INFO o.a.j.t.JMeterThread: Thread started: setUp Thread Group 1-5
2025-02-27 13:59:15,451 INFO o.a.j.t.JMeterThread: Thread started: setUp Thread Group 1-6
2025-02-27 13:59:15,950 INFO o.a.j.t.JMeterThread: Thread started: setUp Thread Group 1-7
2025-02-27 13:59:16,449 INFO o.a.j.t.JMeterThread: Thread started: setUp Thread Group 1-8
2025-02-27 13:59:16,947 INFO o.a.j.t.JMeterThread: Thread started: setUp Thread Group 1-9
2025-02-27 13:59:17,449 INFO o.a.j.t.JMeterThread: Thread started: setUp Thread Group 1-10
2025-02-27 13:59:17,948 INFO o.a.j.t.JMeterThread: Thread started: setUp Thread Group 1-11
2025-02-27 13:59:18,449 INFO o.a.j.t.JMeterThread: Thread started: setUp Thread Group 1-12
2025-02-27 13:59:18,948 INFO o.a.j.t.JMeterThread: Thread started: setUp Thread Group 1-13
2025-02-27 13:59:19,449 INFO o.a.j.t.JMeterThread: Thread started: setUp Thread Group 1-14
2025-02-27 13:59:19,949 INFO o.a.j.t.JMeterThread: Thread started: setUp Thread Group 1-15
2025-02-27 13:59:20,448 INFO o.a.j.t.JMeterThread: Thread started: setUp Thread Group 1-16
2025-02-27 13:59:20,947 INFO o.a.j.t.JMeterThread: Thread started: setUp Thread Group 1-17
2025-02-27 13:59:21,448 INFO o.a.j.t.JMeterThread: Thread started: setUp Thread Group 1-18
2025-02-27 13:59:21,948 INFO o.a.j.t.JMeterThread: Thread started: setUp Thread Group 1-19
2025-02-27 13:59:22,449 INFO o.a.j.t.JMeterThread: Thread started: setUp Thread Group 1-20
2025-02-27 14:00:12,786 INFO o.a.j.t.JMeterThread: Thread finished: setUp Thread Group 1-5
2025-02-27 14:00:12,816 INFO o.a.j.t.JMeterThread: Thread finished: setUp Thread Group 1-13
2025-02-27 14:00:12,862 INFO o.a.j.t.JMeterThread: Thread finished: setUp Thread Group 1-2
2025-02-27 14:00:12,865 INFO o.a.j.t.JMeterThread: Thread finished: setUp Thread Group 1-1
2025-02-27 14:00:12,865 INFO o.a.j.t.JMeterThread: Thread finished: setUp Thread Group 1-19
2025-02-27 14:00:12,890 INFO o.a.j.t.JMeterThread: Thread finished: setUp Thread Group 1-4
2025-02-27 14:00:12,947 INFO o.a.j.t.JMeterThread: Thread finished: setUp Thread Group 1-3
2025-02-27 14:00:12,998 INFO o.a.j.t.JMeterThread: Stopping because end time detected by thread: setUp Thread Group 1-10
2025-02-27 14:00:12,998 INFO o.a.j.t.JMeterThread: Thread finished: setUp Thread Group 1-10
2025-02-27 14:00:13,061 INFO o.a.j.t.JMeterThread: Stopping because end time detected by thread: setUp Thread Group 1-6
2025-02-27 14:00:13,061 INFO o.a.j.t.JMeterThread: Thread finished: setUp Thread Group 1-6
2025-02-27 14:00:13,076 INFO o.a.j.t.JMeterThread: Stopping because end time detected by thread: setUp Thread Group 1-9
2025-02-27 14:00:13,076 INFO o.a.j.t.JMeterThread: Thread finished: setUp Thread Group 1-9
2025-02-27 14:00:13,123 INFO o.a.j.t.JMeterThread: Stopping because end time detected by thread: setUp Thread Group 1-17
2025-02-27 14:00:13,123 INFO o.a.j.t.JMeterThread: Thread finished: setUp Thread Group 1-17
2025-02-27 14:00:13,143 INFO o.a.j.t.JMeterThread: Stopping because end time detected by thread: setUp Thread Group 1-16
2025-02-27 14:00:13,143 INFO o.a.j.t.JMeterThread: Thread finished: setUp Thread Group 1-16
2025-02-27 14:00:13,143 INFO o.a.j.t.JMeterThread: Stopping because end time detected by thread: setUp Thread Group 1-8
2025-02-27 14:00:13,144 INFO o.a.j.t.JMeterThread: Thread finished: setUp Thread Group 1-8
2025-02-27 14:00:13,198 INFO o.a.j.t.JMeterThread: Stopping because end time detected by thread: setUp Thread Group 1-14
2025-02-27 14:00:13,198 INFO o.a.j.t.JMeterThread: Thread finished: setUp Thread Group 1-14
2025-02-27 14:00:13,214 INFO o.a.j.t.JMeterThread: Stopping because end time detected by thread: setUp Thread Group 1-15
2025-02-27 14:00:13,214 INFO o.a.j.t.JMeterThread: Thread finished: setUp Thread Group 1-15
2025-02-27 14:00:13,236 INFO o.a.j.t.JMeterThread: Stopping because end time detected by thread: setUp Thread Group 1-20
2025-02-27 14:00:13,236 INFO o.a.j.t.JMeterThread: Thread finished: setUp Thread Group 1-20
2025-02-27 14:00:13,236 INFO o.a.j.t.JMeterThread: Stopping because end time detected by thread: setUp Thread Group 1-18
2025-02-27 14:00:13,236 INFO o.a.j.t.JMeterThread: Thread finished: setUp Thread Group 1-18
2025-02-27 14:00:13,251 INFO o.a.j.t.JMeterThread: Stopping because end time detected by thread: setUp Thread Group 1-11
2025-02-27 14:00:13,251 INFO o.a.j.t.JMeterThread: Thread finished: setUp Thread Group 1-11
2025-02-27 14:00:13,494 INFO o.a.j.t.JMeterThread: Stopping because end time detected by thread: setUp Thread Group 1-7
2025-02-27 14:00:13,494 INFO o.a.j.t.JMeterThread: Thread finished: setUp Thread Group 1-7
2025-02-27 14:00:13,756 INFO o.a.j.t.JMeterThread: Stopping because end time detected by thread: setUp Thread Group 1-12
2025-02-27 14:00:13,756 INFO o.a.j.t.JMeterThread: Thread finished: setUp Thread Group 1-12
2025-02-27 14:00:13,756 INFO o.a.j.e.StandardJMeterEngine: All Setup Threads have ended
2025-02-27 14:00:13,801 INFO o.a.j.e.StandardJMeterEngine: Starting ThreadGroup: 1 : Thread-Gruppe
2025-02-27 14:00:13,801 INFO o.a.j.e.StandardJMeterEngine: Starting 75 threads for group Thread-Gruppe.
2025-02-27 14:00:13,801 INFO o.a.j.e.StandardJMeterEngine: Thread will continue on error
2025-02-27 14:00:13,801 INFO o.a.j.t.ThreadGroup: Starting thread group... number=1 threads=75 ramp-up=10 delayedStart=false
2025-02-27 14:00:13,801 INFO o.a.j.t.JMeterThread: Thread started: Thread-Gruppe 1-1
2025-02-27 14:00:13,903 INFO o.a.j.t.ThreadGroup: Started thread group number 1
2025-02-27 14:00:13,903 INFO o.a.j.e.StandardJMeterEngine: Starting ThreadGroup: 2 : Thread-Gruppe
2025-02-27 14:00:13,904 INFO o.a.j.e.StandardJMeterEngine: Starting 20 threads for group Thread-Gruppe.
2025-02-27 14:00:13,904 INFO o.a.j.e.StandardJMeterEngine: Thread will continue on error
2025-02-27 14:00:13,904 INFO o.a.j.t.ThreadGroup: Starting thread group... number=2 threads=20 ramp-up=10 delayedStart=false
2025-02-27 14:00:13,906 INFO o.a.j.t.JMeterThread: Thread started: Thread-Gruppe 2-1
2025-02-27 14:00:13,930 INFO o.a.j.t.ThreadGroup: Started thread group number 2
2025-02-27 14:00:13,930 INFO o.a.j.e.StandardJMeterEngine: Starting ThreadGroup: 3 : Thread-Gruppe
2025-02-27 14:00:13,931 INFO o.a.j.e.StandardJMeterEngine: Starting 5 threads for group Thread-Gruppe.
2025-02-27 14:00:13,931 INFO o.a.j.e.StandardJMeterEngine: Thread will continue on error
2025-02-27 14:00:13,931 INFO o.a.j.t.ThreadGroup: Starting thread group... number=3 threads=5 ramp-up=10 delayedStart=false
2025-02-27 14:00:13,934 INFO o.a.j.t.JMeterThread: Thread started: Thread-Gruppe 3-1
2025-02-27 14:00:13,938 INFO o.a.j.t.ThreadGroup: Started thread group number 3
2025-02-27 14:00:13,938 INFO o.a.j.e.StandardJMeterEngine: All thread groups have been started
2025-02-27 14:00:13,947 INFO o.a.j.t.JMeterThread: Thread started: Thread-Gruppe 1-2
2025-02-27 14:00:14,081 INFO o.a.j.t.JMeterThread: Thread started: Thread-Gruppe 1-3
2025-02-27 14:00:14,203 INFO o.a.j.t.JMeterThread: Thread started: Thread-Gruppe 1-4
2025-02-27 14:00:14,338 INFO o.a.j.t.JMeterThread: Thread started: Thread-Gruppe 1-5
2025-02-27 14:00:14,407 INFO o.a.j.t.JMeterThread: Thread started: Thread-Gruppe 2-2
2025-02-27 14:00:14,469 INFO o.a.j.t.JMeterThread: Thread started: Thread-Gruppe 1-6
2025-02-27 14:00:14,602 INFO o.a.j.t.JMeterThread: Thread started: Thread-Gruppe 1-7
2025-02-27 14:00:14,735 INFO o.a.j.t.JMeterThread: Thread started: Thread-Gruppe 1-8
2025-02-27 14:00:14,869 INFO o.a.j.t.JMeterThread: Thread started: Thread-Gruppe 1-9
2025-02-27 14:00:14,907 INFO o.a.j.t.JMeterThread: Thread started: Thread-Gruppe 2-3
2025-02-27 14:00:15,002 INFO o.a.j.t.JMeterThread: Thread started: Thread-Gruppe 1-10
2025-02-27 14:00:15,134 INFO o.a.j.t.JMeterThread: Thread started: Thread-Gruppe 1-11
2025-02-27 14:00:15,267 INFO o.a.j.t.JMeterThread: Thread started: Thread-Gruppe 1-12
2025-02-27 14:00:15,400 INFO o.a.j.t.JMeterThread: Thread started: Thread-Gruppe 1-13
2025-02-27 14:00:15,406 INFO o.a.j.t.JMeterThread: Thread started: Thread-Gruppe 2-4
2025-02-27 14:00:15,533 INFO o.a.j.t.JMeterThread: Thread started: Thread-Gruppe 1-14
2025-02-27 14:00:15,666 INFO o.a.j.t.JMeterThread: Thread started: Thread-Gruppe 1-15
2025-02-27 14:00:15,798 INFO o.a.j.t.JMeterThread: Thread started: Thread-Gruppe 1-16
2025-02-27 14:00:15,906 INFO o.a.j.t.JMeterThread: Thread started: Thread-Gruppe 2-5
2025-02-27 14:00:15,932 INFO o.a.j.t.JMeterThread: Thread started: Thread-Gruppe 1-17
2025-02-27 14:00:15,933 INFO o.a.j.t.JMeterThread: Thread started: Thread-Gruppe 3-2
2025-02-27 14:00:16,065 INFO o.a.j.t.JMeterThread: Thread started: Thread-Gruppe 1-18
2025-02-27 14:00:16,198 INFO o.a.j.t.JMeterThread: Thread started: Thread-Gruppe 1-19
2025-02-27 14:00:16,332 INFO o.a.j.t.JMeterThread: Thread started: Thread-Gruppe 1-20
2025-02-27 14:00:16,407 INFO o.a.j.t.JMeterThread: Thread started: Thread-Gruppe 2-6
2025-02-27 14:00:16,464 INFO o.a.j.t.JMeterThread: Thread started: Thread-Gruppe 1-21
2025-02-27 14:00:16,598 INFO o.a.j.t.JMeterThread: Thread started: Thread-Gruppe 1-22
2025-02-27 14:00:16,730 INFO o.a.j.t.JMeterThread: Thread started: Thread-Gruppe 1-23
2025-02-27 14:00:16,863 INFO o.a.j.t.JMeterThread: Thread started: Thread-Gruppe 1-24
2025-02-27 14:00:16,907 INFO o.a.j.t.JMeterThread: Thread started: Thread-Gruppe 2-7
2025-02-27 14:00:16,995 INFO o.a.j.t.JMeterThread: Thread started: Thread-Gruppe 1-25
2025-02-27 14:00:17,128 INFO o.a.j.t.JMeterThread: Thread started: Thread-Gruppe 1-26
2025-02-27 14:00:17,262 INFO o.a.j.t.JMeterThread: Thread started: Thread-Gruppe 1-27
2025-02-27 14:00:17,395 INFO o.a.j.t.JMeterThread: Thread started: Thread-Gruppe 1-28
2025-02-27 14:00:17,406 INFO o.a.j.t.JMeterThread: Thread started: Thread-Gruppe 2-8
2025-02-27 14:00:17,528 INFO o.a.j.t.JMeterThread: Thread started: Thread-Gruppe 1-29
2025-02-27 14:00:17,661 INFO o.a.j.t.JMeterThread: Thread started: Thread-Gruppe 1-30
2025-02-27 14:00:17,795 INFO o.a.j.t.JMeterThread: Thread started: Thread-Gruppe 1-31
2025-02-27 14:00:17,908 INFO o.a.j.t.JMeterThread: Thread started: Thread-Gruppe 2-9
2025-02-27 14:00:17,927 INFO o.a.j.t.JMeterThread: Thread started: Thread-Gruppe 1-32
2025-02-27 14:00:17,935 INFO o.a.j.t.JMeterThread: Thread started: Thread-Gruppe 3-3
2025-02-27 14:00:18,060 INFO o.a.j.t.JMeterThread: Thread started: Thread-Gruppe 1-33
2025-02-27 14:00:18,195 INFO o.a.j.t.JMeterThread: Thread started: Thread-Gruppe 1-34
2025-02-27 14:00:18,326 INFO o.a.j.t.JMeterThread: Thread started: Thread-Gruppe 1-35
2025-02-27 14:00:18,407 INFO o.a.j.t.JMeterThread: Thread started: Thread-Gruppe 2-10
2025-02-27 14:00:18,459 INFO o.a.j.t.JMeterThread: Thread started: Thread-Gruppe 1-36
2025-02-27 14:00:18,592 INFO o.a.j.t.JMeterThread: Thread started: Thread-Gruppe 1-37
2025-02-27 14:00:18,724 INFO o.a.j.t.JMeterThread: Thread started: Thread-Gruppe 1-38
2025-02-27 14:00:18,857 INFO o.a.j.t.JMeterThread: Thread started: Thread-Gruppe 1-39
2025-02-27 14:00:18,907 INFO o.a.j.t.JMeterThread: Thread started: Thread-Gruppe 2-11
2025-02-27 14:00:18,991 INFO o.a.j.t.JMeterThread: Thread started: Thread-Gruppe 1-40
2025-02-27 14:00:19,125 INFO o.a.j.t.JMeterThread: Thread started: Thread-Gruppe 1-41
2025-02-27 14:00:19,258 INFO o.a.j.t.JMeterThread: Thread started: Thread-Gruppe 1-42
2025-02-27 14:00:19,389 INFO o.a.j.t.JMeterThread: Thread started: Thread-Gruppe 1-43
2025-02-27 14:00:19,407 INFO o.a.j.t.JMeterThread: Thread started: Thread-Gruppe 2-12
2025-02-27 14:00:19,523 INFO o.a.j.t.JMeterThread: Thread started: Thread-Gruppe 1-44
2025-02-27 14:00:19,655 INFO o.a.j.t.JMeterThread: Thread started: Thread-Gruppe 1-45
2025-02-27 14:00:19,788 INFO o.a.j.t.JMeterThread: Thread started: Thread-Gruppe 1-46
2025-02-27 14:00:19,907 INFO o.a.j.t.JMeterThread: Thread started: Thread-Gruppe 2-13
2025-02-27 14:00:19,922 INFO o.a.j.t.JMeterThread: Thread started: Thread-Gruppe 1-47
2025-02-27 14:00:19,933 INFO o.a.j.t.JMeterThread: Thread started: Thread-Gruppe 3-4
2025-02-27 14:00:20,055 INFO o.a.j.t.JMeterThread: Thread started: Thread-Gruppe 1-48
2025-02-27 14:00:20,188 INFO o.a.j.t.JMeterThread: Thread started: Thread-Gruppe 1-49
2025-02-27 14:00:20,321 INFO o.a.j.t.JMeterThread: Thread started: Thread-Gruppe 1-50
2025-02-27 14:00:20,408 INFO o.a.j.t.JMeterThread: Thread started: Thread-Gruppe 2-14
2025-02-27 14:00:20,454 INFO o.a.j.t.JMeterThread: Thread started: Thread-Gruppe 1-51
2025-02-27 14:00:20,586 INFO o.a.j.t.JMeterThread: Thread started: Thread-Gruppe 1-52
2025-02-27 14:00:20,720 INFO o.a.j.t.JMeterThread: Thread started: Thread-Gruppe 1-53
2025-02-27 14:00:20,853 INFO o.a.j.t.JMeterThread: Thread started: Thread-Gruppe 1-54
2025-02-27 14:00:20,906 INFO o.a.j.t.JMeterThread: Thread started: Thread-Gruppe 2-15
2025-02-27 14:00:20,986 INFO o.a.j.t.JMeterThread: Thread started: Thread-Gruppe 1-55
2025-02-27 14:00:21,118 INFO o.a.j.t.JMeterThread: Thread started: Thread-Gruppe 1-56
2025-02-27 14:00:21,252 INFO o.a.j.t.JMeterThread: Thread started: Thread-Gruppe 1-57
2025-02-27 14:00:21,385 INFO o.a.j.t.JMeterThread: Thread started: Thread-Gruppe 1-58
2025-02-27 14:00:21,408 INFO o.a.j.t.JMeterThread: Thread started: Thread-Gruppe 2-16
2025-02-27 14:00:21,518 INFO o.a.j.t.JMeterThread: Thread started: Thread-Gruppe 1-59
2025-02-27 14:00:21,650 INFO o.a.j.t.JMeterThread: Thread started: Thread-Gruppe 1-60
2025-02-27 14:00:21,784 INFO o.a.j.t.JMeterThread: Thread started: Thread-Gruppe 1-61
2025-02-27 14:00:21,908 INFO o.a.j.t.JMeterThread: Thread started: Thread-Gruppe 2-17
2025-02-27 14:00:21,916 INFO o.a.j.t.JMeterThread: Thread started: Thread-Gruppe 1-62
2025-02-27 14:00:21,933 INFO o.a.j.t.JMeterThread: Thread started: Thread-Gruppe 3-5
2025-02-27 14:00:22,049 INFO o.a.j.t.JMeterThread: Thread started: Thread-Gruppe 1-63
2025-02-27 14:00:22,182 INFO o.a.j.t.JMeterThread: Thread started: Thread-Gruppe 1-64
2025-02-27 14:00:22,316 INFO o.a.j.t.JMeterThread: Thread started: Thread-Gruppe 1-65
2025-02-27 14:00:22,407 INFO o.a.j.t.JMeterThread: Thread started: Thread-Gruppe 2-18
2025-02-27 14:00:22,449 INFO o.a.j.t.JMeterThread: Thread started: Thread-Gruppe 1-66
2025-02-27 14:00:22,582 INFO o.a.j.t.JMeterThread: Thread started: Thread-Gruppe 1-67
2025-02-27 14:00:22,715 INFO o.a.j.t.JMeterThread: Thread started: Thread-Gruppe 1-68
2025-02-27 14:00:22,848 INFO o.a.j.t.JMeterThread: Thread started: Thread-Gruppe 1-69
2025-02-27 14:00:22,907 INFO o.a.j.t.JMeterThread: Thread started: Thread-Gruppe 2-19
2025-02-27 14:00:22,981 INFO o.a.j.t.JMeterThread: Thread started: Thread-Gruppe 1-70
2025-02-27 14:00:23,115 INFO o.a.j.t.JMeterThread: Thread started: Thread-Gruppe 1-71
2025-02-27 14:00:23,247 INFO o.a.j.t.JMeterThread: Thread started: Thread-Gruppe 1-72
2025-02-27 14:00:23,381 INFO o.a.j.t.JMeterThread: Thread started: Thread-Gruppe 1-73
2025-02-27 14:00:23,407 INFO o.a.j.t.JMeterThread: Thread started: Thread-Gruppe 2-20
2025-02-27 14:00:23,514 INFO o.a.j.t.JMeterThread: Thread started: Thread-Gruppe 1-74
2025-02-27 14:00:23,647 INFO o.a.j.t.JMeterThread: Thread started: Thread-Gruppe 1-75
2025-02-27 14:00:30,006 INFO o.a.j.r.Summariser: summary +    884 in 00:01:17 =   11.5/s Avg:   378 Min:   245 Max:  1830 Err:     0 (0.00%) Active: 100 Started: 100 Finished: 0
2025-02-27 14:01:00,003 INFO o.a.j.r.Summariser: summary +   2279 in 00:00:30 =   76.0/s Avg:   359 Min:   244 Max:  1059 Err:     0 (0.00%) Active: 100 Started: 100 Finished: 0
2025-02-27 14:01:00,006 INFO o.a.j.r.Summariser: summary =   3163 in 00:01:47 =   29.5/s Avg:   364 Min:   244 Max:  1830 Err:     0 (0.00%)
2025-02-27 14:01:30,010 INFO o.a.j.r.Summariser: summary +   2278 in 00:00:30 =   75.9/s Avg:   363 Min:   242 Max:  1510 Err:     0 (0.00%) Active: 100 Started: 100 Finished: 0
2025-02-27 14:01:30,011 INFO o.a.j.r.Summariser: summary =   5441 in 00:02:17 =   39.7/s Avg:   364 Min:   242 Max:  1830 Err:     0 (0.00%)
2025-02-27 14:02:00,021 INFO o.a.j.r.Summariser: summary +   2291 in 00:00:30 =   76.3/s Avg:   330 Min:   242 Max:   933 Err:     0 (0.00%) Active: 100 Started: 100 Finished: 0
2025-02-27 14:02:00,022 INFO o.a.j.r.Summariser: summary =   7732 in 00:02:47 =   46.3/s Avg:   354 Min:   242 Max:  1830 Err:     0 (0.00%)
2025-02-27 14:02:30,035 INFO o.a.j.r.Summariser: summary +   2278 in 00:00:30 =   75.9/s Avg:   354 Min:   242 Max:  1061 Err:     0 (0.00%) Active: 100 Started: 100 Finished: 0
2025-02-27 14:02:30,037 INFO o.a.j.r.Summariser: summary =  10010 in 00:03:17 =   50.8/s Avg:   354 Min:   242 Max:  1830 Err:     0 (0.00%)
2025-02-27 14:03:00,005 INFO o.a.j.r.Summariser: summary +   2292 in 00:00:30 =   76.5/s Avg:   332 Min:   244 Max:  1072 Err:     0 (0.00%) Active: 100 Started: 100 Finished: 0
2025-02-27 14:03:00,007 INFO o.a.j.r.Summariser: summary =  12302 in 00:03:47 =   54.2/s Avg:   350 Min:   242 Max:  1830 Err:     0 (0.00%)
2025-02-27 14:03:30,003 INFO o.a.j.r.Summariser: summary +   2282 in 00:00:30 =   76.1/s Avg:   355 Min:   241 Max:  1065 Err:     0 (0.00%) Active: 100 Started: 100 Finished: 0
2025-02-27 14:03:30,005 INFO o.a.j.r.Summariser: summary =  14584 in 00:04:17 =   56.7/s Avg:   351 Min:   241 Max:  1830 Err:     0 (0.00%)
2025-02-27 14:04:00,104 INFO o.a.j.r.Summariser: summary +   2290 in 00:00:30 =   76.1/s Avg:   340 Min:   243 Max:  1043 Err:     0 (0.00%) Active: 100 Started: 100 Finished: 0
2025-02-27 14:04:00,105 INFO o.a.j.r.Summariser: summary =  16874 in 00:04:47 =   58.8/s Avg:   349 Min:   241 Max:  1830 Err:     0 (0.00%)
2025-02-27 14:04:30,002 INFO o.a.j.r.Summariser: summary +   2240 in 00:00:30 =   74.9/s Avg:   402 Min:   247 Max:  2371 Err:     0 (0.00%) Active: 100 Started: 100 Finished: 0
2025-02-27 14:04:30,004 INFO o.a.j.r.Summariser: summary =  19114 in 00:05:17 =   60.3/s Avg:   355 Min:   241 Max:  2371 Err:     0 (0.00%)
2025-02-27 14:05:00,007 INFO o.a.j.r.Summariser: summary +   2261 in 00:00:30 =   75.4/s Avg:   382 Min:   249 Max:  2123 Err:     0 (0.00%) Active: 100 Started: 100 Finished: 0
2025-02-27 14:05:00,008 INFO o.a.j.r.Summariser: summary =  21375 in 00:05:47 =   61.6/s Avg:   358 Min:   241 Max:  2371 Err:     0 (0.00%)
2025-02-27 14:05:30,013 INFO o.a.j.r.Summariser: summary +   2268 in 00:00:30 =   75.6/s Avg:   374 Min:   242 Max:  1795 Err:     0 (0.00%) Active: 100 Started: 100 Finished: 0
2025-02-27 14:05:30,015 INFO o.a.j.r.Summariser: summary =  23643 in 00:06:17 =   62.7/s Avg:   360 Min:   241 Max:  2371 Err:     0 (0.00%)
2025-02-27 14:06:00,008 INFO o.a.j.r.Summariser: summary +   2282 in 00:00:30 =   76.1/s Avg:   340 Min:   242 Max:  1397 Err:     0 (0.00%) Active: 100 Started: 100 Finished: 0
2025-02-27 14:06:00,009 INFO o.a.j.r.Summariser: summary =  25925 in 00:06:47 =   63.7/s Avg:   358 Min:   241 Max:  2371 Err:     0 (0.00%)
2025-02-27 14:06:30,001 INFO o.a.j.r.Summariser: summary +   2290 in 00:00:30 =   76.4/s Avg:   343 Min:   241 Max:  1025 Err:     0 (0.00%) Active: 100 Started: 100 Finished: 0
2025-02-27 14:06:30,004 INFO o.a.j.r.Summariser: summary =  28215 in 00:07:17 =   64.6/s Avg:   357 Min:   241 Max:  2371 Err:     0 (0.00%)
2025-02-27 14:07:00,011 INFO o.a.j.r.Summariser: summary +   2293 in 00:00:30 =   76.4/s Avg:   323 Min:   241 Max:  1016 Err:     0 (0.00%) Active: 100 Started: 100 Finished: 0
2025-02-27 14:07:00,012 INFO o.a.j.r.Summariser: summary =  30508 in 00:07:47 =   65.3/s Avg:   354 Min:   241 Max:  2371 Err:     0 (0.00%)
2025-02-27 14:07:30,031 INFO o.a.j.r.Summariser: summary +   2284 in 00:00:30 =   76.1/s Avg:   346 Min:   242 Max:  1080 Err:     0 (0.00%) Active: 100 Started: 100 Finished: 0
2025-02-27 14:07:30,033 INFO o.a.j.r.Summariser: summary =  32792 in 00:08:17 =   66.0/s Avg:   354 Min:   241 Max:  2371 Err:     0 (0.00%)
2025-02-27 14:08:00,050 INFO o.a.j.r.Summariser: summary +   2278 in 00:00:30 =   75.9/s Avg:   358 Min:   243 Max:  1154 Err:     0 (0.00%) Active: 100 Started: 100 Finished: 0
2025-02-27 14:08:00,050 INFO o.a.j.r.Summariser: summary =  35070 in 00:08:47 =   66.5/s Avg:   354 Min:   241 Max:  2371 Err:     0 (0.00%)
2025-02-27 14:08:30,018 INFO o.a.j.r.Summariser: summary +   2280 in 00:00:30 =   76.1/s Avg:   344 Min:   243 Max:  1084 Err:     0 (0.00%) Active: 100 Started: 100 Finished: 0
2025-02-27 14:08:30,020 INFO o.a.j.r.Summariser: summary =  37350 in 00:09:17 =   67.0/s Avg:   353 Min:   241 Max:  2371 Err:     0 (0.00%)
2025-02-27 14:09:00,025 INFO o.a.j.r.Summariser: summary +   2286 in 00:00:30 =   76.2/s Avg:   347 Min:   241 Max:  1077 Err:     0 (0.00%) Active: 100 Started: 100 Finished: 0
2025-02-27 14:09:00,026 INFO o.a.j.r.Summariser: summary =  39636 in 00:09:47 =   67.5/s Avg:   353 Min:   241 Max:  2371 Err:     0 (0.00%)
2025-02-27 14:09:30,016 INFO o.a.j.r.Summariser: summary +   2293 in 00:00:30 =   76.5/s Avg:   338 Min:   243 Max:  1071 Err:     0 (0.00%) Active: 100 Started: 100 Finished: 0
2025-02-27 14:09:30,018 INFO o.a.j.r.Summariser: summary =  41929 in 00:10:17 =   67.9/s Avg:   352 Min:   241 Max:  2371 Err:     0 (0.00%)
2025-02-27 14:10:00,000 INFO o.a.j.r.Summariser: summary +   2285 in 00:00:30 =   76.2/s Avg:   351 Min:   241 Max:  1066 Err:     0 (0.00%) Active: 100 Started: 100 Finished: 0
2025-02-27 14:10:00,001 INFO o.a.j.r.Summariser: summary =  44214 in 00:10:47 =   68.3/s Avg:   352 Min:   241 Max:  2371 Err:     0 (0.00%)
2025-02-27 14:10:12,124 INFO o.a.j.t.JMeterThread: Thread finished: Thread-Gruppe 1-1
2025-02-27 14:10:12,163 INFO o.a.j.t.JMeterThread: Thread finished: Thread-Gruppe 1-62
2025-02-27 14:10:12,173 INFO o.a.j.t.JMeterThread: Thread finished: Thread-Gruppe 1-47
2025-02-27 14:10:12,188 INFO o.a.j.t.JMeterThread: Thread finished: Thread-Gruppe 1-17
2025-02-27 14:10:12,201 INFO o.a.j.t.JMeterThread: Thread finished: Thread-Gruppe 1-2
2025-02-27 14:10:12,303 INFO o.a.j.t.JMeterThread: Thread finished: Thread-Gruppe 1-63
2025-02-27 14:10:12,313 INFO o.a.j.t.JMeterThread: Thread finished: Thread-Gruppe 1-48
2025-02-27 14:10:12,319 INFO o.a.j.t.JMeterThread: Thread finished: Thread-Gruppe 1-18
2025-02-27 14:10:12,336 INFO o.a.j.t.JMeterThread: Thread finished: Thread-Gruppe 1-3
2025-02-27 14:10:12,434 INFO o.a.j.t.JMeterThread: Thread finished: Thread-Gruppe 1-64
2025-02-27 14:10:12,442 INFO o.a.j.t.JMeterThread: Thread finished: Thread-Gruppe 1-49
2025-02-27 14:10:12,457 INFO o.a.j.t.JMeterThread: Thread finished: Thread-Gruppe 1-4
2025-02-27 14:10:12,573 INFO o.a.j.t.JMeterThread: Thread finished: Thread-Gruppe 1-65
2025-02-27 14:10:12,579 INFO o.a.j.t.JMeterThread: Thread finished: Thread-Gruppe 1-50
2025-02-27 14:10:12,593 INFO o.a.j.t.JMeterThread: Thread finished: Thread-Gruppe 1-20
2025-02-27 14:10:12,594 INFO o.a.j.t.JMeterThread: Thread finished: Thread-Gruppe 1-5
2025-02-27 14:10:12,706 INFO o.a.j.t.JMeterThread: Thread finished: Thread-Gruppe 1-32
2025-02-27 14:10:12,715 INFO o.a.j.t.JMeterThread: Thread finished: Thread-Gruppe 1-66
2025-02-27 14:10:12,733 INFO o.a.j.t.JMeterThread: Thread finished: Thread-Gruppe 1-51
2025-02-27 14:10:12,739 INFO o.a.j.t.JMeterThread: Thread finished: Thread-Gruppe 1-21
2025-02-27 14:10:12,739 INFO o.a.j.t.JMeterThread: Thread finished: Thread-Gruppe 1-6
2025-02-27 14:10:12,857 INFO o.a.j.t.JMeterThread: Thread finished: Thread-Gruppe 1-33
2025-02-27 14:10:12,872 INFO o.a.j.t.JMeterThread: Thread finished: Thread-Gruppe 1-19
2025-02-27 14:10:12,872 INFO o.a.j.t.JMeterThread: Thread finished: Thread-Gruppe 1-67
2025-02-27 14:10:12,872 INFO o.a.j.t.JMeterThread: Thread finished: Thread-Gruppe 1-22
2025-02-27 14:10:12,872 INFO o.a.j.t.JMeterThread: Thread finished: Thread-Gruppe 1-7
2025-02-27 14:10:12,872 INFO o.a.j.t.JMeterThread: Thread finished: Thread-Gruppe 1-52
2025-02-27 14:10:12,979 INFO o.a.j.t.JMeterThread: Thread finished: Thread-Gruppe 1-68
2025-02-27 14:10:12,991 INFO o.a.j.t.JMeterThread: Thread finished: Thread-Gruppe 1-53
2025-02-27 14:10:12,992 INFO o.a.j.t.JMeterThread: Thread finished: Thread-Gruppe 1-23
2025-02-27 14:10:12,996 INFO o.a.j.t.JMeterThread: Thread finished: Thread-Gruppe 1-34
2025-02-27 14:10:13,006 INFO o.a.j.t.JMeterThread: Thread finished: Thread-Gruppe 1-8
2025-02-27 14:10:13,152 INFO o.a.j.t.JMeterThread: Thread finished: Thread-Gruppe 1-69
2025-02-27 14:10:13,186 INFO o.a.j.t.JMeterThread: Thread finished: Thread-Gruppe 1-54
2025-02-27 14:10:13,186 INFO o.a.j.t.JMeterThread: Thread finished: Thread-Gruppe 1-35
2025-02-27 14:10:13,186 INFO o.a.j.t.JMeterThread: Thread finished: Thread-Gruppe 1-24
2025-02-27 14:10:13,188 INFO o.a.j.t.JMeterThread: Thread finished: Thread-Gruppe 1-9
2025-02-27 14:10:13,337 INFO o.a.j.t.JMeterThread: Thread finished: Thread-Gruppe 1-70
2025-02-27 14:10:13,337 INFO o.a.j.t.JMeterThread: Thread finished: Thread-Gruppe 1-55
2025-02-27 14:10:13,343 INFO o.a.j.t.JMeterThread: Thread finished: Thread-Gruppe 1-36
2025-02-27 14:10:13,343 INFO o.a.j.t.JMeterThread: Thread finished: Thread-Gruppe 1-10
2025-02-27 14:10:13,343 INFO o.a.j.t.JMeterThread: Thread finished: Thread-Gruppe 1-25
2025-02-27 14:10:13,466 INFO o.a.j.t.JMeterThread: Thread finished: Thread-Gruppe 1-11
2025-02-27 14:10:13,519 INFO o.a.j.t.JMeterThread: Thread finished: Thread-Gruppe 1-71
2025-02-27 14:10:13,519 INFO o.a.j.t.JMeterThread: Thread finished: Thread-Gruppe 1-26
2025-02-27 14:10:13,520 INFO o.a.j.t.JMeterThread: Thread finished: Thread-Gruppe 1-56
2025-02-27 14:10:13,595 INFO o.a.j.t.JMeterThread: Thread finished: Thread-Gruppe 1-37
2025-02-27 14:10:13,626 INFO o.a.j.t.JMeterThread: Thread finished: Thread-Gruppe 1-27
2025-02-27 14:10:13,626 INFO o.a.j.t.JMeterThread: Thread finished: Thread-Gruppe 1-72
2025-02-27 14:10:13,627 INFO o.a.j.t.JMeterThread: Thread finished: Thread-Gruppe 1-12
2025-02-27 14:10:13,628 INFO o.a.j.t.JMeterThread: Thread finished: Thread-Gruppe 1-57
2025-02-27 14:10:13,640 INFO o.a.j.t.JMeterThread: Thread finished: Thread-Gruppe 2-19
2025-02-27 14:10:13,640 INFO o.a.j.t.JMeterThread: Thread finished: Thread-Gruppe 2-2
2025-02-27 14:10:13,640 INFO o.a.j.t.JMeterThread: Thread finished: Thread-Gruppe 1-38
2025-02-27 14:10:13,640 INFO o.a.j.t.JMeterThread: Thread finished: Thread-Gruppe 2-1
2025-02-27 14:10:13,673 INFO o.a.j.t.JMeterThread: Thread finished: Thread-Gruppe 1-73
2025-02-27 14:10:13,674 INFO o.a.j.t.JMeterThread: Thread finished: Thread-Gruppe 2-3
2025-02-27 14:10:13,674 INFO o.a.j.t.JMeterThread: Thread finished: Thread-Gruppe 1-58
2025-02-27 14:10:13,908 INFO o.a.j.t.JMeterThread: Thread finished: Thread-Gruppe 2-20
2025-02-27 14:10:13,908 INFO o.a.j.t.JMeterThread: Stopping because end time detected by thread: Thread-Gruppe 1-29
2025-02-27 14:10:13,908 INFO o.a.j.t.JMeterThread: Thread finished: Thread-Gruppe 1-29
2025-02-27 14:10:13,908 INFO o.a.j.t.JMeterThread: Stopping because end time detected by thread: Thread-Gruppe 1-74
2025-02-27 14:10:13,908 INFO o.a.j.t.JMeterThread: Stopping because end time detected by thread: Thread-Gruppe 1-14
2025-02-27 14:10:13,908 INFO o.a.j.t.JMeterThread: Stopping because end time detected by thread: Thread-Gruppe 1-59
2025-02-27 14:10:13,908 INFO o.a.j.t.JMeterThread: Stopping because end time detected by thread: Thread-Gruppe 1-13
2025-02-27 14:10:13,908 INFO o.a.j.t.JMeterThread: Thread finished: Thread-Gruppe 1-74
2025-02-27 14:10:13,908 INFO o.a.j.t.JMeterThread: Thread finished: Thread-Gruppe 2-13
2025-02-27 14:10:13,908 INFO o.a.j.t.JMeterThread: Thread finished: Thread-Gruppe 2-6
2025-02-27 14:10:13,908 INFO o.a.j.t.JMeterThread: Thread finished: Thread-Gruppe 1-14
2025-02-27 14:10:13,908 INFO o.a.j.t.JMeterThread: Thread finished: Thread-Gruppe 1-13
2025-02-27 14:10:13,908 INFO o.a.j.t.JMeterThread: Thread finished: Thread-Gruppe 2-11
2025-02-27 14:10:13,908 INFO o.a.j.t.JMeterThread: Thread finished: Thread-Gruppe 1-59
2025-02-27 14:10:13,908 INFO o.a.j.t.JMeterThread: Stopping because end time detected by thread: Thread-Gruppe 1-28
2025-02-27 14:10:13,908 INFO o.a.j.t.JMeterThread: Thread finished: Thread-Gruppe 1-28
2025-02-27 14:10:13,923 INFO o.a.j.t.JMeterThread: Stopping because end time detected by thread: Thread-Gruppe 1-39
2025-02-27 14:10:13,923 INFO o.a.j.t.JMeterThread: Stopping because end time detected by thread: Thread-Gruppe 2-14
2025-02-27 14:10:13,923 INFO o.a.j.t.JMeterThread: Thread finished: Thread-Gruppe 1-39
2025-02-27 14:10:13,923 INFO o.a.j.t.JMeterThread: Thread finished: Thread-Gruppe 2-14
2025-02-27 14:10:13,923 INFO o.a.j.t.JMeterThread: Thread finished: Thread-Gruppe 2-17
2025-02-27 14:10:13,938 INFO o.a.j.t.JMeterThread: Stopping because end time detected by thread: Thread-Gruppe 3-4
2025-02-27 14:10:13,938 INFO o.a.j.t.JMeterThread: Thread finished: Thread-Gruppe 3-4
2025-02-27 14:10:13,951 INFO o.a.j.t.JMeterThread: Stopping because end time detected by thread: Thread-Gruppe 1-30
2025-02-27 14:10:13,951 INFO o.a.j.t.JMeterThread: Stopping because end time detected by thread: Thread-Gruppe 2-7
2025-02-27 14:10:13,951 INFO o.a.j.t.JMeterThread: Stopping because end time detected by thread: Thread-Gruppe 1-75
2025-02-27 14:10:13,951 INFO o.a.j.t.JMeterThread: Thread finished: Thread-Gruppe 1-30
2025-02-27 14:10:13,951 INFO o.a.j.t.JMeterThread: Thread finished: Thread-Gruppe 2-7
2025-02-27 14:10:13,951 INFO o.a.j.t.JMeterThread: Thread finished: Thread-Gruppe 1-75
2025-02-27 14:10:13,951 INFO o.a.j.t.JMeterThread: Stopping because end time detected by thread: Thread-Gruppe 1-60
2025-02-27 14:10:13,951 INFO o.a.j.t.JMeterThread: Stopping because end time detected by thread: Thread-Gruppe 1-40
2025-02-27 14:10:13,951 INFO o.a.j.t.JMeterThread: Stopping because end time detected by thread: Thread-Gruppe 1-15
2025-02-27 14:10:13,951 INFO o.a.j.t.JMeterThread: Thread finished: Thread-Gruppe 1-40
2025-02-27 14:10:13,951 INFO o.a.j.t.JMeterThread: Thread finished: Thread-Gruppe 1-15
2025-02-27 14:10:13,951 INFO o.a.j.t.JMeterThread: Thread finished: Thread-Gruppe 1-60
2025-02-27 14:10:13,967 INFO o.a.j.t.JMeterThread: Stopping because end time detected by thread: Thread-Gruppe 3-2
2025-02-27 14:10:13,967 INFO o.a.j.t.JMeterThread: Thread finished: Thread-Gruppe 3-2
2025-02-27 14:10:13,967 INFO o.a.j.t.JMeterThread: Stopping because end time detected by thread: Thread-Gruppe 2-8
2025-02-27 14:10:13,967 INFO o.a.j.t.JMeterThread: Thread finished: Thread-Gruppe 2-8
2025-02-27 14:10:14,057 INFO o.a.j.t.JMeterThread: Stopping because end time detected by thread: Thread-Gruppe 1-61
2025-02-27 14:10:14,057 INFO o.a.j.t.JMeterThread: Thread finished: Thread-Gruppe 1-61
2025-02-27 14:10:14,072 INFO o.a.j.t.JMeterThread: Stopping because end time detected by thread: Thread-Gruppe 2-18
2025-02-27 14:10:14,072 INFO o.a.j.t.JMeterThread: Stopping because end time detected by thread: Thread-Gruppe 2-5
2025-02-27 14:10:14,072 INFO o.a.j.t.JMeterThread: Stopping because end time detected by thread: Thread-Gruppe 1-31
2025-02-27 14:10:14,072 INFO o.a.j.t.JMeterThread: Thread finished: Thread-Gruppe 2-18
2025-02-27 14:10:14,072 INFO o.a.j.t.JMeterThread: Thread finished: Thread-Gruppe 1-31
2025-02-27 14:10:14,072 INFO o.a.j.t.JMeterThread: Thread finished: Thread-Gruppe 2-5
2025-02-27 14:10:14,087 INFO o.a.j.t.JMeterThread: Stopping because end time detected by thread: Thread-Gruppe 1-16
2025-02-27 14:10:14,087 INFO o.a.j.t.JMeterThread: Thread finished: Thread-Gruppe 1-16
2025-02-27 14:10:14,192 INFO o.a.j.t.JMeterThread: Stopping because end time detected by thread: Thread-Gruppe 1-41
2025-02-27 14:10:14,192 INFO o.a.j.t.JMeterThread: Thread finished: Thread-Gruppe 1-41
2025-02-27 14:10:14,222 INFO o.a.j.t.JMeterThread: Stopping because end time detected by thread: Thread-Gruppe 2-16
2025-02-27 14:10:14,222 INFO o.a.j.t.JMeterThread: Thread finished: Thread-Gruppe 2-16
2025-02-27 14:10:14,222 INFO o.a.j.t.JMeterThread: Stopping because end time detected by thread: Thread-Gruppe 1-42
2025-02-27 14:10:14,222 INFO o.a.j.t.JMeterThread: Stopping because end time detected by thread: Thread-Gruppe 2-4
2025-02-27 14:10:14,222 INFO o.a.j.t.JMeterThread: Thread finished: Thread-Gruppe 1-42
2025-02-27 14:10:14,222 INFO o.a.j.t.JMeterThread: Thread finished: Thread-Gruppe 2-4
2025-02-27 14:10:14,222 INFO o.a.j.t.JMeterThread: Stopping because end time detected by thread: Thread-Gruppe 1-43
2025-02-27 14:10:14,222 INFO o.a.j.t.JMeterThread: Thread finished: Thread-Gruppe 1-43
2025-02-27 14:10:14,347 INFO o.a.j.t.JMeterThread: Stopping because end time detected by thread: Thread-Gruppe 2-10
2025-02-27 14:10:14,347 INFO o.a.j.t.JMeterThread: Thread finished: Thread-Gruppe 2-10
2025-02-27 14:10:14,422 INFO o.a.j.t.JMeterThread: Stopping because end time detected by thread: Thread-Gruppe 2-12
2025-02-27 14:10:14,422 INFO o.a.j.t.JMeterThread: Stopping because end time detected by thread: Thread-Gruppe 2-9
2025-02-27 14:10:14,422 INFO o.a.j.t.JMeterThread: Thread finished: Thread-Gruppe 2-12
2025-02-27 14:10:14,422 INFO o.a.j.t.JMeterThread: Thread finished: Thread-Gruppe 2-9
2025-02-27 14:10:14,531 INFO o.a.j.t.JMeterThread: Stopping because end time detected by thread: Thread-Gruppe 1-44
2025-02-27 14:10:14,546 INFO o.a.j.t.JMeterThread: Thread finished: Thread-Gruppe 1-44
2025-02-27 14:10:14,546 INFO o.a.j.t.JMeterThread: Stopping because end time detected by thread: Thread-Gruppe 1-45
2025-02-27 14:10:14,546 INFO o.a.j.t.JMeterThread: Thread finished: Thread-Gruppe 1-45
2025-02-27 14:10:14,656 INFO o.a.j.t.JMeterThread: Stopping because end time detected by thread: Thread-Gruppe 3-1
2025-02-27 14:10:14,656 INFO o.a.j.t.JMeterThread: Thread finished: Thread-Gruppe 3-1
2025-02-27 14:10:14,687 INFO o.a.j.t.JMeterThread: Stopping because end time detected by thread: Thread-Gruppe 3-5
2025-02-27 14:10:14,687 INFO o.a.j.t.JMeterThread: Thread finished: Thread-Gruppe 3-5
2025-02-27 14:10:14,702 INFO o.a.j.t.JMeterThread: Stopping because end time detected by thread: Thread-Gruppe 1-46
2025-02-27 14:10:14,702 INFO o.a.j.t.JMeterThread: Stopping because end time detected by thread: Thread-Gruppe 3-3
2025-02-27 14:10:14,702 INFO o.a.j.t.JMeterThread: Stopping because end time detected by thread: Thread-Gruppe 2-15
2025-02-27 14:10:14,702 INFO o.a.j.t.JMeterThread: Thread finished: Thread-Gruppe 1-46
2025-02-27 14:10:14,702 INFO o.a.j.t.JMeterThread: Thread finished: Thread-Gruppe 3-3
2025-02-27 14:10:14,702 INFO o.a.j.t.JMeterThread: Thread finished: Thread-Gruppe 2-15
2025-02-27 14:10:14,702 INFO o.a.j.e.StandardJMeterEngine: Notifying test listeners of end of test
2025-02-27 14:10:14,702 INFO o.a.j.r.Summariser: summary +   1082 in 00:00:15 =   73.6/s Avg:   326 Min:   243 Max:  1076 Err:     0 (0.00%) Active: 0 Started: 100 Finished: 100
2025-02-27 14:10:14,702 INFO o.a.j.r.Summariser: summary =  45296 in 00:11:02 =   68.4/s Avg:   351 Min:   241 Max:  2371 Err:     0 (0.00%)
