2025-02-27 11:59:35,187 INFO o.a.j.u.JMeterUtils: Setting Locale to en_EN
2025-02-27 11:59:35,212 INFO o.a.j.JMeter: Loading user properties from: D:\Semester 7\CS4203 - Research and Development Project\Artifacts\apache-jmeter-5.6.3\bin\user.properties
2025-02-27 11:59:35,212 INFO o.a.j.JMeter: Loading system properties from: D:\Semester 7\CS4203 - Research and Development Project\Artifacts\apache-jmeter-5.6.3\bin\system.properties
2025-02-27 11:59:35,212 INFO o.a.j.JMeter: Setting JMeter property: lb_1_hostname=34.67.126.244
2025-02-27 11:59:35,213 INFO o.a.j.JMeter: Setting JMeter property: lb_2_hostname=35.232.62.106
2025-02-27 11:59:35,213 INFO o.a.j.JMeter: Setting JMeter property: lb_1_port=8090
2025-02-27 11:59:35,213 INFO o.a.j.JMeter: Setting JMeter property: lb_2_port=8091
2025-02-27 11:59:35,213 INFO o.a.j.JMeter: Setting JMeter property: warm_up_users=20
2025-02-27 11:59:35,213 INFO o.a.j.JMeter: Setting JMeter property: warm_up_time=60
2025-02-27 11:59:35,213 INFO o.a.j.JMeter: Setting JMeter property: test_run_time=600
2025-02-27 11:59:35,214 INFO o.a.j.JMeter: Setting JMeter property: ramp_up=10
2025-02-27 11:59:35,214 INFO o.a.j.JMeter: Setting JMeter property: group_1=75
2025-02-27 11:59:35,214 INFO o.a.j.JMeter: Setting JMeter property: group_2=20
2025-02-27 11:59:35,214 INFO o.a.j.JMeter: Setting JMeter property: group_3=5
2025-02-27 11:59:35,214 INFO o.a.j.JMeter: Setting JMeter property: group_1_request_rate=30
2025-02-27 11:59:35,214 INFO o.a.j.JMeter: Setting JMeter property: group_2_request_rate=90
2025-02-27 11:59:35,214 INFO o.a.j.JMeter: Setting JMeter property: group_3_request_rate=120
2025-02-27 11:59:35,214 INFO o.a.j.JMeter: Setting JMeter property: log_file=d:\Semester 7\CS4203 - Research and Development Project\Artifacts\rate-limiter-nginx\jmeter\cloud\2025_02_27_09_12_logs\token_bucket\redis_script_bucket_capacity_5_refill_rate_1.67\warm_up_results.csv
2025-02-27 11:59:35,214 INFO o.a.j.JMeter: Setting JMeter property: algorithm=token_bucket_redis_script_bucket_capacity_5_refill_rate_1.67
2025-02-27 11:59:35,214 INFO o.a.j.JMeter: Setting JMeter property: auth=/token_bucket/redis_script_bucket_capacity_5_refill_rate_1.67/tools.descartes.teastore.auth/rest
2025-02-27 11:59:35,214 INFO o.a.j.JMeter: Setting JMeter property: persistence=/token_bucket/redis_script_bucket_capacity_5_refill_rate_1.67/tools.descartes.teastore.persistence/rest
2025-02-27 11:59:35,215 INFO o.a.j.JMeter: Setting JMeter property: recommender=/token_bucket/redis_script_bucket_capacity_5_refill_rate_1.67/tools.descartes.teastore.recommender/rest
2025-02-27 11:59:35,215 INFO o.a.j.JMeter: Setting JMeter property: image=/token_bucket/redis_script_bucket_capacity_5_refill_rate_1.67/tools.descartes.teastore.image/rest
2025-02-27 11:59:35,222 INFO o.a.j.JMeter: Copyright (c) 1998-2024 The Apache Software Foundation
2025-02-27 11:59:35,222 INFO o.a.j.JMeter: Version 5.6.3
2025-02-27 11:59:35,223 INFO o.a.j.JMeter: java.version=11.0.22
2025-02-27 11:59:35,223 INFO o.a.j.JMeter: java.vm.name=Java HotSpot(TM) 64-Bit Server VM
2025-02-27 11:59:35,223 INFO o.a.j.JMeter: os.name=Windows 10
2025-02-27 11:59:35,223 INFO o.a.j.JMeter: os.arch=amd64
2025-02-27 11:59:35,223 INFO o.a.j.JMeter: os.version=10.0
2025-02-27 11:59:35,223 INFO o.a.j.JMeter: file.encoding=Cp1252
2025-02-27 11:59:35,223 INFO o.a.j.JMeter: java.awt.headless=true
2025-02-27 11:59:35,223 INFO o.a.j.JMeter: Max memory     =1073741824
2025-02-27 11:59:35,223 INFO o.a.j.JMeter: Available Processors =12
2025-02-27 11:59:35,240 INFO o.a.j.JMeter: Default Locale=English (EN)
2025-02-27 11:59:35,242 INFO o.a.j.JMeter: JMeter  Locale=English (EN)
2025-02-27 11:59:35,242 INFO o.a.j.JMeter: JMeterHome=D:\Semester 7\CS4203 - Research and Development Project\Artifacts\apache-jmeter-5.6.3
2025-02-27 11:59:35,242 INFO o.a.j.JMeter: user.dir  =D:\Semester 7\CS4203 - Research and Development Project\Artifacts\rate-limiter-nginx
2025-02-27 11:59:35,243 INFO o.a.j.JMeter: PWD       =D:\Semester 7\CS4203 - Research and Development Project\Artifacts\rate-limiter-nginx
2025-02-27 11:59:35,246 INFO o.a.j.JMeter: IP: 10.10.21.101 Name: KOBI-MSI-PC FullName: 10.10.21.101
2025-02-27 11:59:35,265 INFO o.a.j.s.FileServer: Default base='D:\Semester 7\CS4203 - Research and Development Project\Artifacts\rate-limiter-nginx'
2025-02-27 11:59:35,267 INFO o.a.j.s.FileServer: Set new base='d:\Semester 7\CS4203 - Research and Development Project\Artifacts\rate-limiter-nginx\jmeter\cloud'
2025-02-27 11:59:35,489 INFO o.a.j.s.SaveService: Testplan (JMX) version: 2.2. Testlog (JTL) version: 2.2
2025-02-27 11:59:35,518 INFO o.a.j.s.SaveService: Using SaveService properties version 5.0
2025-02-27 11:59:35,522 INFO o.a.j.s.SaveService: Using SaveService properties file encoding UTF-8
2025-02-27 11:59:35,526 INFO o.a.j.s.SaveService: Loading file: d:\Semester 7\CS4203 - Research and Development Project\Artifacts\rate-limiter-nginx\jmeter\cloud\teastore_performance.jmx
2025-02-27 11:59:35,594 INFO o.a.j.p.h.c.CookieManager: Settings: Delete null: true Check: true Allow variable: true Save: false Prefix: COOKIE_
2025-02-27 11:59:35,624 INFO o.a.j.p.h.s.HTTPSamplerBase: Parser for text/html is org.apache.jmeter.protocol.http.parser.LagartoBasedHtmlParser
2025-02-27 11:59:35,624 INFO o.a.j.p.h.s.HTTPSamplerBase: Parser for application/xhtml+xml is org.apache.jmeter.protocol.http.parser.LagartoBasedHtmlParser
2025-02-27 11:59:35,625 INFO o.a.j.p.h.s.HTTPSamplerBase: Parser for application/xml is org.apache.jmeter.protocol.http.parser.LagartoBasedHtmlParser
2025-02-27 11:59:35,625 INFO o.a.j.p.h.s.HTTPSamplerBase: Parser for text/xml is org.apache.jmeter.protocol.http.parser.LagartoBasedHtmlParser
2025-02-27 11:59:35,625 INFO o.a.j.p.h.s.HTTPSamplerBase: Parser for text/vnd.wap.wml is org.apache.jmeter.protocol.http.parser.RegexpHTMLParser
2025-02-27 11:59:35,625 INFO o.a.j.p.h.s.HTTPSamplerBase: Parser for text/css is org.apache.jmeter.protocol.http.parser.CssParser
2025-02-27 11:59:35,790 INFO o.a.j.s.SampleResult: Note: Sample TimeStamps are START times
2025-02-27 11:59:35,791 INFO o.a.j.s.SampleResult: sampleresult.default.encoding is set to UTF-8
2025-02-27 11:59:35,791 INFO o.a.j.s.SampleResult: sampleresult.useNanoTime=true
2025-02-27 11:59:35,791 INFO o.a.j.s.SampleResult: sampleresult.nanoThreadSleep=5000
2025-02-27 11:59:35,835 INFO o.a.j.JMeter: Creating summariser <summary>
2025-02-27 11:59:35,855 INFO o.a.j.e.StandardJMeterEngine: Running the test!
2025-02-27 11:59:35,856 INFO o.a.j.s.SampleEvent: List of sample_variables: []
2025-02-27 11:59:35,856 INFO o.a.j.s.SampleEvent: List of sample_variables: []
2025-02-27 11:59:35,870 INFO o.a.j.e.u.CompoundVariable: Note: Function class names must contain the string: '.functions.'
2025-02-27 11:59:35,870 INFO o.a.j.e.u.CompoundVariable: Note: Function class names must not contain the string: '.gui.'
2025-02-27 11:59:36,176 INFO o.a.j.r.ClassFinder: Will scan jar D:\Semester 7\CS4203 - Research and Development Project\Artifacts\apache-jmeter-5.6.3\lib\ext\jmeter-plugins-casutg-2.10.jar with filter ExtendsClassFilter [parents=[interface org.apache.jmeter.functions.Function], inner=false, contains=null, notContains=null]. Consider exposing JMeter plugins via META-INF/services, and add JMeter-Skip-Class-Scanning=true manifest attribute so JMeter can skip classfile scanning
2025-02-27 11:59:36,195 INFO o.a.j.r.ClassFinder: Will scan jar D:\Semester 7\CS4203 - Research and Development Project\Artifacts\apache-jmeter-5.6.3\lib\ext\jmeter-plugins-graphs-additional-2.0.jar with filter ExtendsClassFilter [parents=[interface org.apache.jmeter.functions.Function], inner=false, contains=null, notContains=null]. Consider exposing JMeter plugins via META-INF/services, and add JMeter-Skip-Class-Scanning=true manifest attribute so JMeter can skip classfile scanning
2025-02-27 11:59:36,203 INFO o.a.j.r.ClassFinder: Will scan jar D:\Semester 7\CS4203 - Research and Development Project\Artifacts\apache-jmeter-5.6.3\lib\ext\jmeter-plugins-perfmon-2.1.jar with filter ExtendsClassFilter [parents=[interface org.apache.jmeter.functions.Function], inner=false, contains=null, notContains=null]. Consider exposing JMeter plugins via META-INF/services, and add JMeter-Skip-Class-Scanning=true manifest attribute so JMeter can skip classfile scanning
2025-02-27 11:59:36,209 INFO o.a.j.r.ClassFinder: Will scan jar D:\Semester 7\CS4203 - Research and Development Project\Artifacts\apache-jmeter-5.6.3\lib\ext\json-lib-2.4-jdk15.jar with filter ExtendsClassFilter [parents=[interface org.apache.jmeter.functions.Function], inner=false, contains=null, notContains=null]. Consider exposing JMeter plugins via META-INF/services, and add JMeter-Skip-Class-Scanning=true manifest attribute so JMeter can skip classfile scanning
2025-02-27 11:59:36,230 INFO o.a.j.r.ClassFinder: Will scan jar D:\Semester 7\CS4203 - Research and Development Project\Artifacts\apache-jmeter-5.6.3\lib\ext\perfmon-2.2.2.jar with filter ExtendsClassFilter [parents=[interface org.apache.jmeter.functions.Function], inner=false, contains=null, notContains=null]. Consider exposing JMeter plugins via META-INF/services, and add JMeter-Skip-Class-Scanning=true manifest attribute so JMeter can skip classfile scanning
2025-02-27 11:59:36,252 INFO o.a.j.r.ClassFinder: Will scan jar D:\Semester 7\CS4203 - Research and Development Project\Artifacts\apache-jmeter-5.6.3\lib\ext\jmeter-plugins-manager-1.10.jar with filter ExtendsClassFilter [parents=[interface org.apache.jmeter.functions.Function], inner=false, contains=null, notContains=null]. Consider exposing JMeter plugins via META-INF/services, and add JMeter-Skip-Class-Scanning=true manifest attribute so JMeter can skip classfile scanning
2025-02-27 11:59:36,351 INFO o.a.j.r.ClassFinder: Will scan jar D:\Semester 7\CS4203 - Research and Development Project\Artifacts\apache-jmeter-5.6.3\lib\ext\jmeter-plugins-graphs-vs-2.0.jar with filter ExtendsClassFilter [parents=[interface org.apache.jmeter.functions.Function], inner=false, contains=null, notContains=null]. Consider exposing JMeter plugins via META-INF/services, and add JMeter-Skip-Class-Scanning=true manifest attribute so JMeter can skip classfile scanning
2025-02-27 11:59:36,354 INFO o.a.j.r.ClassFinder: Will scan jar D:\Semester 7\CS4203 - Research and Development Project\Artifacts\apache-jmeter-5.6.3\lib\ext\jmeter-parallel-0.12.jar with filter ExtendsClassFilter [parents=[interface org.apache.jmeter.functions.Function], inner=false, contains=null, notContains=null]. Consider exposing JMeter plugins via META-INF/services, and add JMeter-Skip-Class-Scanning=true manifest attribute so JMeter can skip classfile scanning
2025-02-27 11:59:36,361 INFO o.a.j.r.ClassFinder: Will scan jar D:\Semester 7\CS4203 - Research and Development Project\Artifacts\apache-jmeter-5.6.3\lib\ext\jmeter-plugins-tst-2.6.jar with filter ExtendsClassFilter [parents=[interface org.apache.jmeter.functions.Function], inner=false, contains=null, notContains=null]. Consider exposing JMeter plugins via META-INF/services, and add JMeter-Skip-Class-Scanning=true manifest attribute so JMeter can skip classfile scanning
2025-02-27 11:59:36,363 INFO o.a.j.r.ClassFinder: Will scan jar D:\Semester 7\CS4203 - Research and Development Project\Artifacts\apache-jmeter-5.6.3\lib\ext\jmeter-prometheus-plugin-0.6.0.jar with filter ExtendsClassFilter [parents=[interface org.apache.jmeter.functions.Function], inner=false, contains=null, notContains=null]. Consider exposing JMeter plugins via META-INF/services, and add JMeter-Skip-Class-Scanning=true manifest attribute so JMeter can skip classfile scanning
2025-02-27 11:59:36,381 INFO o.a.j.r.ClassFinder: Will scan jar D:\Semester 7\CS4203 - Research and Development Project\Artifacts\apache-jmeter-5.6.3\lib\ext\jmeter-plugins-graphs-basic-2.0.jar with filter ExtendsClassFilter [parents=[interface org.apache.jmeter.functions.Function], inner=false, contains=null, notContains=null]. Consider exposing JMeter plugins via META-INF/services, and add JMeter-Skip-Class-Scanning=true manifest attribute so JMeter can skip classfile scanning
2025-02-27 11:59:36,815 INFO o.a.j.JMeter: Running test (1740637776815)
2025-02-27 11:59:36,816 INFO o.a.j.e.StandardJMeterEngine: Starting setUp thread groups
2025-02-27 11:59:36,817 INFO o.a.j.e.StandardJMeterEngine: Starting setUp ThreadGroup: 1 : setUp Thread Group 
2025-02-27 11:59:36,817 INFO o.a.j.e.StandardJMeterEngine: Starting 20 threads for group setUp Thread Group.
2025-02-27 11:59:36,817 INFO o.a.j.e.StandardJMeterEngine: Thread will continue on error
2025-02-27 11:59:36,817 INFO o.a.j.t.ThreadGroup: Starting thread group... number=1 threads=20 ramp-up=10 delayedStart=false
2025-02-27 11:59:36,837 INFO o.a.j.t.JMeterThread: Thread started: setUp Thread Group 1-1
2025-02-27 11:59:36,882 INFO o.a.j.t.ThreadGroup: Started thread group number 1
2025-02-27 11:59:36,883 INFO o.a.j.e.StandardJMeterEngine: Waiting for all setup thread groups to exit
2025-02-27 11:59:37,334 INFO o.a.j.t.JMeterThread: Thread started: setUp Thread Group 1-2
2025-02-27 11:59:37,827 INFO o.a.j.t.JMeterThread: Thread started: setUp Thread Group 1-3
2025-02-27 11:59:37,998 INFO o.a.j.p.h.s.HTTPHCAbstractImpl: Local host = KOBI-MSI-PC
2025-02-27 11:59:38,004 INFO o.a.j.p.h.s.HTTPHC4Impl: HTTP request retry count = 0
2025-02-27 11:59:38,325 INFO o.a.j.t.JMeterThread: Thread started: setUp Thread Group 1-4
2025-02-27 11:59:38,826 INFO o.a.j.t.JMeterThread: Thread started: setUp Thread Group 1-5
2025-02-27 11:59:39,324 INFO o.a.j.t.JMeterThread: Thread started: setUp Thread Group 1-6
2025-02-27 11:59:39,824 INFO o.a.j.t.JMeterThread: Thread started: setUp Thread Group 1-7
2025-02-27 11:59:40,323 INFO o.a.j.t.JMeterThread: Thread started: setUp Thread Group 1-8
2025-02-27 11:59:40,823 INFO o.a.j.t.JMeterThread: Thread started: setUp Thread Group 1-9
2025-02-27 11:59:41,322 INFO o.a.j.t.JMeterThread: Thread started: setUp Thread Group 1-10
2025-02-27 11:59:41,822 INFO o.a.j.t.JMeterThread: Thread started: setUp Thread Group 1-11
2025-02-27 11:59:42,323 INFO o.a.j.t.JMeterThread: Thread started: setUp Thread Group 1-12
2025-02-27 11:59:42,821 INFO o.a.j.t.JMeterThread: Thread started: setUp Thread Group 1-13
2025-02-27 11:59:43,324 INFO o.a.j.t.JMeterThread: Thread started: setUp Thread Group 1-14
2025-02-27 11:59:43,822 INFO o.a.j.t.JMeterThread: Thread started: setUp Thread Group 1-15
2025-02-27 11:59:44,321 INFO o.a.j.t.JMeterThread: Thread started: setUp Thread Group 1-16
2025-02-27 11:59:44,821 INFO o.a.j.t.JMeterThread: Thread started: setUp Thread Group 1-17
2025-02-27 11:59:45,322 INFO o.a.j.t.JMeterThread: Thread started: setUp Thread Group 1-18
2025-02-27 11:59:45,822 INFO o.a.j.t.JMeterThread: Thread started: setUp Thread Group 1-19
2025-02-27 11:59:46,321 INFO o.a.j.t.JMeterThread: Thread started: setUp Thread Group 1-20
2025-02-27 12:00:36,615 INFO o.a.j.t.JMeterThread: Thread finished: setUp Thread Group 1-4
2025-02-27 12:00:36,627 INFO o.a.j.t.JMeterThread: Thread finished: setUp Thread Group 1-3
2025-02-27 12:00:36,661 INFO o.a.j.t.JMeterThread: Thread finished: setUp Thread Group 1-15
2025-02-27 12:00:36,663 INFO o.a.j.t.JMeterThread: Thread finished: setUp Thread Group 1-1
2025-02-27 12:00:36,667 INFO o.a.j.t.JMeterThread: Thread finished: setUp Thread Group 1-2
2025-02-27 12:00:36,802 INFO o.a.j.t.JMeterThread: Thread finished: setUp Thread Group 1-9
2025-02-27 12:00:36,825 INFO o.a.j.t.JMeterThread: Thread finished: setUp Thread Group 1-20
2025-02-27 12:00:36,825 INFO o.a.j.t.JMeterThread: Thread finished: setUp Thread Group 1-10
2025-02-27 12:00:36,840 INFO o.a.j.t.JMeterThread: Thread finished: setUp Thread Group 1-8
2025-02-27 12:00:36,865 INFO o.a.j.t.JMeterThread: Thread finished: setUp Thread Group 1-19
2025-02-27 12:00:36,865 INFO o.a.j.t.JMeterThread: Stopping because end time detected by thread: setUp Thread Group 1-5
2025-02-27 12:00:36,865 INFO o.a.j.t.JMeterThread: Thread finished: setUp Thread Group 1-5
2025-02-27 12:00:37,000 INFO o.a.j.t.JMeterThread: Stopping because end time detected by thread: setUp Thread Group 1-7
2025-02-27 12:00:37,002 INFO o.a.j.t.JMeterThread: Thread finished: setUp Thread Group 1-7
2025-02-27 12:00:37,002 INFO o.a.j.t.JMeterThread: Stopping because end time detected by thread: setUp Thread Group 1-16
2025-02-27 12:00:37,002 INFO o.a.j.t.JMeterThread: Thread finished: setUp Thread Group 1-16
2025-02-27 12:00:37,032 INFO o.a.j.t.JMeterThread: Stopping because end time detected by thread: setUp Thread Group 1-14
2025-02-27 12:00:37,032 INFO o.a.j.t.JMeterThread: Thread finished: setUp Thread Group 1-14
2025-02-27 12:00:37,047 INFO o.a.j.t.JMeterThread: Stopping because end time detected by thread: setUp Thread Group 1-18
2025-02-27 12:00:37,047 INFO o.a.j.t.JMeterThread: Stopping because end time detected by thread: setUp Thread Group 1-6
2025-02-27 12:00:37,047 INFO o.a.j.t.JMeterThread: Thread finished: setUp Thread Group 1-18
2025-02-27 12:00:37,047 INFO o.a.j.t.JMeterThread: Thread finished: setUp Thread Group 1-6
2025-02-27 12:00:37,047 INFO o.a.j.t.JMeterThread: Stopping because end time detected by thread: setUp Thread Group 1-11
2025-02-27 12:00:37,047 INFO o.a.j.t.JMeterThread: Thread finished: setUp Thread Group 1-11
2025-02-27 12:00:37,107 INFO o.a.j.t.JMeterThread: Stopping because end time detected by thread: setUp Thread Group 1-12
2025-02-27 12:00:37,107 INFO o.a.j.t.JMeterThread: Thread finished: setUp Thread Group 1-12
2025-02-27 12:00:37,332 INFO o.a.j.t.JMeterThread: Stopping because end time detected by thread: setUp Thread Group 1-17
2025-02-27 12:00:37,332 INFO o.a.j.t.JMeterThread: Thread finished: setUp Thread Group 1-17
2025-02-27 12:00:37,530 INFO o.a.j.t.JMeterThread: Stopping because end time detected by thread: setUp Thread Group 1-13
2025-02-27 12:00:37,530 INFO o.a.j.t.JMeterThread: Thread finished: setUp Thread Group 1-13
2025-02-27 12:00:37,530 INFO o.a.j.e.StandardJMeterEngine: All Setup Threads have ended
2025-02-27 12:00:37,575 INFO o.a.j.e.StandardJMeterEngine: Starting ThreadGroup: 1 : Thread-Gruppe
2025-02-27 12:00:37,575 INFO o.a.j.e.StandardJMeterEngine: Starting 75 threads for group Thread-Gruppe.
2025-02-27 12:00:37,575 INFO o.a.j.e.StandardJMeterEngine: Thread will continue on error
2025-02-27 12:00:37,575 INFO o.a.j.t.ThreadGroup: Starting thread group... number=1 threads=75 ramp-up=10 delayedStart=false
2025-02-27 12:00:37,575 INFO o.a.j.t.JMeterThread: Thread started: Thread-Gruppe 1-1
2025-02-27 12:00:37,676 INFO o.a.j.t.ThreadGroup: Started thread group number 1
2025-02-27 12:00:37,676 INFO o.a.j.e.StandardJMeterEngine: Starting ThreadGroup: 2 : Thread-Gruppe
2025-02-27 12:00:37,676 INFO o.a.j.e.StandardJMeterEngine: Starting 20 threads for group Thread-Gruppe.
2025-02-27 12:00:37,676 INFO o.a.j.e.StandardJMeterEngine: Thread will continue on error
2025-02-27 12:00:37,676 INFO o.a.j.t.ThreadGroup: Starting thread group... number=2 threads=20 ramp-up=10 delayedStart=false
2025-02-27 12:00:37,679 INFO o.a.j.t.JMeterThread: Thread started: Thread-Gruppe 2-1
2025-02-27 12:00:37,704 INFO o.a.j.t.ThreadGroup: Started thread group number 2
2025-02-27 12:00:37,704 INFO o.a.j.e.StandardJMeterEngine: Starting ThreadGroup: 3 : Thread-Gruppe
2025-02-27 12:00:37,704 INFO o.a.j.e.StandardJMeterEngine: Starting 5 threads for group Thread-Gruppe.
2025-02-27 12:00:37,704 INFO o.a.j.e.StandardJMeterEngine: Thread will continue on error
2025-02-27 12:00:37,704 INFO o.a.j.t.ThreadGroup: Starting thread group... number=3 threads=5 ramp-up=10 delayedStart=false
2025-02-27 12:00:37,706 INFO o.a.j.t.JMeterThread: Thread started: Thread-Gruppe 3-1
2025-02-27 12:00:37,711 INFO o.a.j.t.ThreadGroup: Started thread group number 3
2025-02-27 12:00:37,711 INFO o.a.j.e.StandardJMeterEngine: All thread groups have been started
2025-02-27 12:00:37,720 INFO o.a.j.t.JMeterThread: Thread started: Thread-Gruppe 1-2
2025-02-27 12:00:37,854 INFO o.a.j.t.JMeterThread: Thread started: Thread-Gruppe 1-3
2025-02-27 12:00:37,989 INFO o.a.j.t.JMeterThread: Thread started: Thread-Gruppe 1-4
2025-02-27 12:00:38,110 INFO o.a.j.t.JMeterThread: Thread started: Thread-Gruppe 1-5
2025-02-27 12:00:38,178 INFO o.a.j.t.JMeterThread: Thread started: Thread-Gruppe 2-2
2025-02-27 12:00:38,243 INFO o.a.j.t.JMeterThread: Thread started: Thread-Gruppe 1-6
2025-02-27 12:00:38,377 INFO o.a.j.t.JMeterThread: Thread started: Thread-Gruppe 1-7
2025-02-27 12:00:38,509 INFO o.a.j.t.JMeterThread: Thread started: Thread-Gruppe 1-8
2025-02-27 12:00:38,641 INFO o.a.j.t.JMeterThread: Thread started: Thread-Gruppe 1-9
2025-02-27 12:00:38,679 INFO o.a.j.t.JMeterThread: Thread started: Thread-Gruppe 2-3
2025-02-27 12:00:38,776 INFO o.a.j.t.JMeterThread: Thread started: Thread-Gruppe 1-10
2025-02-27 12:00:38,909 INFO o.a.j.t.JMeterThread: Thread started: Thread-Gruppe 1-11
2025-02-27 12:00:39,042 INFO o.a.j.t.JMeterThread: Thread started: Thread-Gruppe 1-12
2025-02-27 12:00:39,174 INFO o.a.j.t.JMeterThread: Thread started: Thread-Gruppe 1-13
2025-02-27 12:00:39,179 INFO o.a.j.t.JMeterThread: Thread started: Thread-Gruppe 2-4
2025-02-27 12:00:39,306 INFO o.a.j.t.JMeterThread: Thread started: Thread-Gruppe 1-14
2025-02-27 12:00:39,440 INFO o.a.j.t.JMeterThread: Thread started: Thread-Gruppe 1-15
2025-02-27 12:00:39,574 INFO o.a.j.t.JMeterThread: Thread started: Thread-Gruppe 1-16
2025-02-27 12:00:39,679 INFO o.a.j.t.JMeterThread: Thread started: Thread-Gruppe 2-5
2025-02-27 12:00:39,707 INFO o.a.j.t.JMeterThread: Thread started: Thread-Gruppe 3-2
2025-02-27 12:00:39,707 INFO o.a.j.t.JMeterThread: Thread started: Thread-Gruppe 1-17
2025-02-27 12:00:39,839 INFO o.a.j.t.JMeterThread: Thread started: Thread-Gruppe 1-18
2025-02-27 12:00:39,973 INFO o.a.j.t.JMeterThread: Thread started: Thread-Gruppe 1-19
2025-02-27 12:00:40,106 INFO o.a.j.t.JMeterThread: Thread started: Thread-Gruppe 1-20
2025-02-27 12:00:40,179 INFO o.a.j.t.JMeterThread: Thread started: Thread-Gruppe 2-6
2025-02-27 12:00:40,239 INFO o.a.j.t.JMeterThread: Thread started: Thread-Gruppe 1-21
2025-02-27 12:00:40,371 INFO o.a.j.t.JMeterThread: Thread started: Thread-Gruppe 1-22
2025-02-27 12:00:40,504 INFO o.a.j.t.JMeterThread: Thread started: Thread-Gruppe 1-23
2025-02-27 12:00:40,638 INFO o.a.j.t.JMeterThread: Thread started: Thread-Gruppe 1-24
2025-02-27 12:00:40,679 INFO o.a.j.t.JMeterThread: Thread started: Thread-Gruppe 2-7
2025-02-27 12:00:40,769 INFO o.a.j.t.JMeterThread: Thread started: Thread-Gruppe 1-25
2025-02-27 12:00:40,902 INFO o.a.j.t.JMeterThread: Thread started: Thread-Gruppe 1-26
2025-02-27 12:00:41,035 INFO o.a.j.t.JMeterThread: Thread started: Thread-Gruppe 1-27
2025-02-27 12:00:41,168 INFO o.a.j.t.JMeterThread: Thread started: Thread-Gruppe 1-28
2025-02-27 12:00:41,179 INFO o.a.j.t.JMeterThread: Thread started: Thread-Gruppe 2-8
2025-02-27 12:00:41,302 INFO o.a.j.t.JMeterThread: Thread started: Thread-Gruppe 1-29
2025-02-27 12:00:41,434 INFO o.a.j.t.JMeterThread: Thread started: Thread-Gruppe 1-30
2025-02-27 12:00:41,568 INFO o.a.j.t.JMeterThread: Thread started: Thread-Gruppe 1-31
2025-02-27 12:00:41,679 INFO o.a.j.t.JMeterThread: Thread started: Thread-Gruppe 2-9
2025-02-27 12:00:41,700 INFO o.a.j.t.JMeterThread: Thread started: Thread-Gruppe 1-32
2025-02-27 12:00:41,706 INFO o.a.j.t.JMeterThread: Thread started: Thread-Gruppe 3-3
2025-02-27 12:00:41,833 INFO o.a.j.t.JMeterThread: Thread started: Thread-Gruppe 1-33
2025-02-27 12:00:41,967 INFO o.a.j.t.JMeterThread: Thread started: Thread-Gruppe 1-34
2025-02-27 12:00:42,101 INFO o.a.j.t.JMeterThread: Thread started: Thread-Gruppe 1-35
2025-02-27 12:00:42,179 INFO o.a.j.t.JMeterThread: Thread started: Thread-Gruppe 2-10
2025-02-27 12:00:42,234 INFO o.a.j.t.JMeterThread: Thread started: Thread-Gruppe 1-36
2025-02-27 12:00:42,367 INFO o.a.j.t.JMeterThread: Thread started: Thread-Gruppe 1-37
2025-02-27 12:00:42,499 INFO o.a.j.t.JMeterThread: Thread started: Thread-Gruppe 1-38
2025-02-27 12:00:42,631 INFO o.a.j.t.JMeterThread: Thread started: Thread-Gruppe 1-39
2025-02-27 12:00:42,680 INFO o.a.j.t.JMeterThread: Thread started: Thread-Gruppe 2-11
2025-02-27 12:00:42,765 INFO o.a.j.t.JMeterThread: Thread started: Thread-Gruppe 1-40
2025-02-27 12:00:42,898 INFO o.a.j.t.JMeterThread: Thread started: Thread-Gruppe 1-41
2025-02-27 12:00:43,030 INFO o.a.j.t.JMeterThread: Thread started: Thread-Gruppe 1-42
2025-02-27 12:00:43,164 INFO o.a.j.t.JMeterThread: Thread started: Thread-Gruppe 1-43
2025-02-27 12:00:43,179 INFO o.a.j.t.JMeterThread: Thread started: Thread-Gruppe 2-12
2025-02-27 12:00:43,298 INFO o.a.j.t.JMeterThread: Thread started: Thread-Gruppe 1-44
2025-02-27 12:00:43,431 INFO o.a.j.t.JMeterThread: Thread started: Thread-Gruppe 1-45
2025-02-27 12:00:43,562 INFO o.a.j.t.JMeterThread: Thread started: Thread-Gruppe 1-46
2025-02-27 12:00:43,679 INFO o.a.j.t.JMeterThread: Thread started: Thread-Gruppe 2-13
2025-02-27 12:00:43,696 INFO o.a.j.t.JMeterThread: Thread started: Thread-Gruppe 1-47
2025-02-27 12:00:43,707 INFO o.a.j.t.JMeterThread: Thread started: Thread-Gruppe 3-4
2025-02-27 12:00:43,828 INFO o.a.j.t.JMeterThread: Thread started: Thread-Gruppe 1-48
2025-02-27 12:00:43,961 INFO o.a.j.t.JMeterThread: Thread started: Thread-Gruppe 1-49
2025-02-27 12:00:44,094 INFO o.a.j.t.JMeterThread: Thread started: Thread-Gruppe 1-50
2025-02-27 12:00:44,179 INFO o.a.j.t.JMeterThread: Thread started: Thread-Gruppe 2-14
2025-02-27 12:00:44,228 INFO o.a.j.t.JMeterThread: Thread started: Thread-Gruppe 1-51
2025-02-27 12:00:44,361 INFO o.a.j.t.JMeterThread: Thread started: Thread-Gruppe 1-52
2025-02-27 12:00:44,494 INFO o.a.j.t.JMeterThread: Thread started: Thread-Gruppe 1-53
2025-02-27 12:00:44,627 INFO o.a.j.t.JMeterThread: Thread started: Thread-Gruppe 1-54
2025-02-27 12:00:44,678 INFO o.a.j.t.JMeterThread: Thread started: Thread-Gruppe 2-15
2025-02-27 12:00:44,760 INFO o.a.j.t.JMeterThread: Thread started: Thread-Gruppe 1-55
2025-02-27 12:00:44,892 INFO o.a.j.t.JMeterThread: Thread started: Thread-Gruppe 1-56
2025-02-27 12:00:45,025 INFO o.a.j.t.JMeterThread: Thread started: Thread-Gruppe 1-57
2025-02-27 12:00:45,158 INFO o.a.j.t.JMeterThread: Thread started: Thread-Gruppe 1-58
2025-02-27 12:00:45,179 INFO o.a.j.t.JMeterThread: Thread started: Thread-Gruppe 2-16
2025-02-27 12:00:45,293 INFO o.a.j.t.JMeterThread: Thread started: Thread-Gruppe 1-59
2025-02-27 12:00:45,426 INFO o.a.j.t.JMeterThread: Thread started: Thread-Gruppe 1-60
2025-02-27 12:00:45,558 INFO o.a.j.t.JMeterThread: Thread started: Thread-Gruppe 1-61
2025-02-27 12:00:45,679 INFO o.a.j.t.JMeterThread: Thread started: Thread-Gruppe 2-17
2025-02-27 12:00:45,692 INFO o.a.j.t.JMeterThread: Thread started: Thread-Gruppe 1-62
2025-02-27 12:00:45,707 INFO o.a.j.t.JMeterThread: Thread started: Thread-Gruppe 3-5
2025-02-27 12:00:45,823 INFO o.a.j.t.JMeterThread: Thread started: Thread-Gruppe 1-63
2025-02-27 12:00:45,956 INFO o.a.j.t.JMeterThread: Thread started: Thread-Gruppe 1-64
2025-02-27 12:00:46,090 INFO o.a.j.t.JMeterThread: Thread started: Thread-Gruppe 1-65
2025-02-27 12:00:46,178 INFO o.a.j.t.JMeterThread: Thread started: Thread-Gruppe 2-18
2025-02-27 12:00:46,222 INFO o.a.j.t.JMeterThread: Thread started: Thread-Gruppe 1-66
2025-02-27 12:00:46,355 INFO o.a.j.t.JMeterThread: Thread started: Thread-Gruppe 1-67
2025-02-27 12:00:46,489 INFO o.a.j.t.JMeterThread: Thread started: Thread-Gruppe 1-68
2025-02-27 12:00:46,621 INFO o.a.j.t.JMeterThread: Thread started: Thread-Gruppe 1-69
2025-02-27 12:00:46,678 INFO o.a.j.t.JMeterThread: Thread started: Thread-Gruppe 2-19
2025-02-27 12:00:46,755 INFO o.a.j.t.JMeterThread: Thread started: Thread-Gruppe 1-70
2025-02-27 12:00:46,887 INFO o.a.j.t.JMeterThread: Thread started: Thread-Gruppe 1-71
2025-02-27 12:00:47,020 INFO o.a.j.t.JMeterThread: Thread started: Thread-Gruppe 1-72
2025-02-27 12:00:47,154 INFO o.a.j.t.JMeterThread: Thread started: Thread-Gruppe 1-73
2025-02-27 12:00:47,178 INFO o.a.j.t.JMeterThread: Thread started: Thread-Gruppe 2-20
2025-02-27 12:00:47,286 INFO o.a.j.t.JMeterThread: Thread started: Thread-Gruppe 1-74
2025-02-27 12:00:47,419 INFO o.a.j.t.JMeterThread: Thread started: Thread-Gruppe 1-75
2025-02-27 12:01:00,014 INFO o.a.j.r.Summariser: summary +   1373 in 00:01:23 =   16.5/s Avg:   347 Min:   245 Max:   833 Err:     0 (0.00%) Active: 100 Started: 100 Finished: 0
2025-02-27 12:01:30,014 INFO o.a.j.r.Summariser: summary +   2290 in 00:00:30 =   76.3/s Avg:   325 Min:   244 Max:   855 Err:     0 (0.00%) Active: 100 Started: 100 Finished: 0
2025-02-27 12:01:30,016 INFO o.a.j.r.Summariser: summary =   3663 in 00:01:53 =   32.4/s Avg:   333 Min:   244 Max:   855 Err:     0 (0.00%)
2025-02-27 12:02:00,007 INFO o.a.j.r.Summariser: summary +   2291 in 00:00:30 =   76.4/s Avg:   353 Min:   242 Max:   848 Err:     0 (0.00%) Active: 100 Started: 100 Finished: 0
2025-02-27 12:02:00,009 INFO o.a.j.r.Summariser: summary =   5954 in 00:02:23 =   41.6/s Avg:   341 Min:   242 Max:   855 Err:     0 (0.00%)
2025-02-27 12:02:30,002 INFO o.a.j.r.Summariser: summary +   2290 in 00:00:30 =   76.3/s Avg:   323 Min:   242 Max:   843 Err:     0 (0.00%) Active: 100 Started: 100 Finished: 0
2025-02-27 12:02:30,004 INFO o.a.j.r.Summariser: summary =   8244 in 00:02:53 =   47.6/s Avg:   336 Min:   242 Max:   855 Err:     0 (0.00%)
2025-02-27 12:03:00,007 INFO o.a.j.r.Summariser: summary +   2284 in 00:00:30 =   76.1/s Avg:   351 Min:   241 Max:  1030 Err:     0 (0.00%) Active: 100 Started: 100 Finished: 0
2025-02-27 12:03:00,009 INFO o.a.j.r.Summariser: summary =  10528 in 00:03:23 =   51.8/s Avg:   339 Min:   241 Max:  1030 Err:     0 (0.00%)
2025-02-27 12:03:30,034 INFO o.a.j.r.Summariser: summary +   2294 in 00:00:30 =   76.4/s Avg:   313 Min:   242 Max:   822 Err:     0 (0.00%) Active: 100 Started: 100 Finished: 0
2025-02-27 12:03:30,036 INFO o.a.j.r.Summariser: summary =  12822 in 00:03:53 =   55.0/s Avg:   335 Min:   241 Max:  1030 Err:     0 (0.00%)
2025-02-27 12:04:00,011 INFO o.a.j.r.Summariser: summary +   2288 in 00:00:30 =   76.3/s Avg:   352 Min:   241 Max:  1153 Err:     0 (0.00%) Active: 100 Started: 100 Finished: 0
2025-02-27 12:04:00,013 INFO o.a.j.r.Summariser: summary =  15110 in 00:04:23 =   57.4/s Avg:   337 Min:   241 Max:  1153 Err:     0 (0.00%)
2025-02-27 12:04:30,062 INFO o.a.j.r.Summariser: summary +   2284 in 00:00:30 =   76.0/s Avg:   329 Min:   241 Max:  1369 Err:     0 (0.00%) Active: 100 Started: 100 Finished: 0
2025-02-27 12:04:30,063 INFO o.a.j.r.Summariser: summary =  17394 in 00:04:53 =   59.3/s Avg:   336 Min:   241 Max:  1369 Err:     0 (0.00%)
2025-02-27 12:05:00,012 INFO o.a.j.r.Summariser: summary +   2287 in 00:00:30 =   76.4/s Avg:   344 Min:   242 Max:  1049 Err:     0 (0.00%) Active: 100 Started: 100 Finished: 0
2025-02-27 12:05:00,013 INFO o.a.j.r.Summariser: summary =  19681 in 00:05:23 =   60.9/s Avg:   337 Min:   241 Max:  1369 Err:     0 (0.00%)
2025-02-27 12:05:30,035 INFO o.a.j.r.Summariser: summary +   2290 in 00:00:30 =   76.3/s Avg:   330 Min:   243 Max:   821 Err:     0 (0.00%) Active: 100 Started: 100 Finished: 0
2025-02-27 12:05:30,037 INFO o.a.j.r.Summariser: summary =  21971 in 00:05:53 =   62.2/s Avg:   336 Min:   241 Max:  1369 Err:     0 (0.00%)
2025-02-27 12:06:00,037 INFO o.a.j.r.Summariser: summary +   2300 in 00:00:30 =   76.7/s Avg:   340 Min:   242 Max:  1252 Err:     0 (0.00%) Active: 100 Started: 100 Finished: 0
2025-02-27 12:06:00,038 INFO o.a.j.r.Summariser: summary =  24271 in 00:06:23 =   63.3/s Avg:   337 Min:   241 Max:  1369 Err:     0 (0.00%)
2025-02-27 12:06:30,001 INFO o.a.j.r.Summariser: summary +   2288 in 00:00:30 =   76.4/s Avg:   332 Min:   245 Max:   848 Err:     0 (0.00%) Active: 100 Started: 100 Finished: 0
2025-02-27 12:06:30,002 INFO o.a.j.r.Summariser: summary =  26559 in 00:06:53 =   64.3/s Avg:   336 Min:   241 Max:  1369 Err:     0 (0.00%)
2025-02-27 12:07:00,074 INFO o.a.j.r.Summariser: summary +   2297 in 00:00:30 =   76.4/s Avg:   343 Min:   245 Max:  1518 Err:     0 (0.00%) Active: 100 Started: 100 Finished: 0
2025-02-27 12:07:00,075 INFO o.a.j.r.Summariser: summary =  28856 in 00:07:23 =   65.1/s Avg:   337 Min:   241 Max:  1518 Err:     0 (0.00%)
2025-02-27 12:07:30,014 INFO o.a.j.r.Summariser: summary +   2281 in 00:00:30 =   76.2/s Avg:   331 Min:   243 Max:   927 Err:     0 (0.00%) Active: 100 Started: 100 Finished: 0
2025-02-27 12:07:30,015 INFO o.a.j.r.Summariser: summary =  31137 in 00:07:53 =   65.8/s Avg:   336 Min:   241 Max:  1518 Err:     0 (0.00%)
2025-02-27 12:08:00,009 INFO o.a.j.r.Summariser: summary +   2279 in 00:00:30 =   76.0/s Avg:   359 Min:   242 Max:  1016 Err:     0 (0.00%) Active: 100 Started: 100 Finished: 0
2025-02-27 12:08:00,010 INFO o.a.j.r.Summariser: summary =  33416 in 00:08:23 =   66.4/s Avg:   338 Min:   241 Max:  1518 Err:     0 (0.00%)
2025-02-27 12:08:30,010 INFO o.a.j.r.Summariser: summary +   2298 in 00:00:30 =   76.6/s Avg:   332 Min:   243 Max:  1568 Err:     0 (0.00%) Active: 100 Started: 100 Finished: 0
2025-02-27 12:08:30,012 INFO o.a.j.r.Summariser: summary =  35714 in 00:08:53 =   67.0/s Avg:   337 Min:   241 Max:  1568 Err:     0 (0.00%)
2025-02-27 12:09:00,029 INFO o.a.j.r.Summariser: summary +   2281 in 00:00:30 =   76.0/s Avg:   343 Min:   243 Max:  1041 Err:     0 (0.00%) Active: 100 Started: 100 Finished: 0
2025-02-27 12:09:00,030 INFO o.a.j.r.Summariser: summary =  37995 in 00:09:23 =   67.5/s Avg:   338 Min:   241 Max:  1568 Err:     0 (0.00%)
2025-02-27 12:09:30,041 INFO o.a.j.r.Summariser: summary +   2296 in 00:00:30 =   76.5/s Avg:   333 Min:   242 Max:  1016 Err:     0 (0.00%) Active: 100 Started: 100 Finished: 0
2025-02-27 12:09:30,044 INFO o.a.j.r.Summariser: summary =  40291 in 00:09:53 =   67.9/s Avg:   337 Min:   241 Max:  1568 Err:     0 (0.00%)
2025-02-27 12:10:00,001 INFO o.a.j.r.Summariser: summary +   2289 in 00:00:30 =   76.4/s Avg:   330 Min:   243 Max:  1003 Err:     0 (0.00%) Active: 100 Started: 100 Finished: 0
2025-02-27 12:10:00,001 INFO o.a.j.r.Summariser: summary =  42580 in 00:10:23 =   68.3/s Avg:   337 Min:   241 Max:  1568 Err:     0 (0.00%)
2025-02-27 12:10:30,017 INFO o.a.j.r.Summariser: summary +   2298 in 00:00:30 =   76.6/s Avg:   337 Min:   244 Max:  1010 Err:     0 (0.00%) Active: 100 Started: 100 Finished: 0
2025-02-27 12:10:30,019 INFO o.a.j.r.Summariser: summary =  44878 in 00:10:53 =   68.7/s Avg:   337 Min:   241 Max:  1568 Err:     0 (0.00%)
2025-02-27 12:10:35,894 INFO o.a.j.t.JMeterThread: Thread finished: Thread-Gruppe 1-1
2025-02-27 12:10:35,945 INFO o.a.j.t.JMeterThread: Thread finished: Thread-Gruppe 1-47
2025-02-27 12:10:35,946 INFO o.a.j.t.JMeterThread: Thread finished: Thread-Gruppe 1-62
2025-02-27 12:10:35,961 INFO o.a.j.t.JMeterThread: Thread finished: Thread-Gruppe 1-17
2025-02-27 12:10:35,974 INFO o.a.j.t.JMeterThread: Thread finished: Thread-Gruppe 1-2
2025-02-27 12:10:36,076 INFO o.a.j.t.JMeterThread: Thread finished: Thread-Gruppe 1-63
2025-02-27 12:10:36,083 INFO o.a.j.t.JMeterThread: Thread finished: Thread-Gruppe 1-48
2025-02-27 12:10:36,093 INFO o.a.j.t.JMeterThread: Thread finished: Thread-Gruppe 1-18
2025-02-27 12:10:36,107 INFO o.a.j.t.JMeterThread: Thread finished: Thread-Gruppe 1-3
2025-02-27 12:10:36,214 INFO o.a.j.t.JMeterThread: Thread finished: Thread-Gruppe 1-49
2025-02-27 12:10:36,215 INFO o.a.j.t.JMeterThread: Thread finished: Thread-Gruppe 1-64
2025-02-27 12:10:36,231 INFO o.a.j.t.JMeterThread: Thread finished: Thread-Gruppe 1-19
2025-02-27 12:10:36,241 INFO o.a.j.t.JMeterThread: Thread finished: Thread-Gruppe 1-4
2025-02-27 12:10:36,354 INFO o.a.j.t.JMeterThread: Thread finished: Thread-Gruppe 1-65
2025-02-27 12:10:36,354 INFO o.a.j.t.JMeterThread: Thread finished: Thread-Gruppe 1-50
2025-02-27 12:10:36,359 INFO o.a.j.t.JMeterThread: Thread finished: Thread-Gruppe 1-20
2025-02-27 12:10:36,366 INFO o.a.j.t.JMeterThread: Thread finished: Thread-Gruppe 1-5
2025-02-27 12:10:36,461 INFO o.a.j.t.JMeterThread: Thread finished: Thread-Gruppe 1-32
2025-02-27 12:10:36,476 INFO o.a.j.t.JMeterThread: Thread finished: Thread-Gruppe 1-66
2025-02-27 12:10:36,484 INFO o.a.j.t.JMeterThread: Thread finished: Thread-Gruppe 1-51
2025-02-27 12:10:36,494 INFO o.a.j.t.JMeterThread: Thread finished: Thread-Gruppe 1-21
2025-02-27 12:10:36,498 INFO o.a.j.t.JMeterThread: Thread finished: Thread-Gruppe 1-6
2025-02-27 12:10:36,606 INFO o.a.j.t.JMeterThread: Thread finished: Thread-Gruppe 1-33
2025-02-27 12:10:36,609 INFO o.a.j.t.JMeterThread: Thread finished: Thread-Gruppe 1-67
2025-02-27 12:10:36,619 INFO o.a.j.t.JMeterThread: Thread finished: Thread-Gruppe 1-52
2025-02-27 12:10:36,632 INFO o.a.j.t.JMeterThread: Thread finished: Thread-Gruppe 1-22
2025-02-27 12:10:36,632 INFO o.a.j.t.JMeterThread: Thread finished: Thread-Gruppe 1-7
2025-02-27 12:10:36,721 INFO o.a.j.t.JMeterThread: Thread finished: Thread-Gruppe 1-34
2025-02-27 12:10:36,750 INFO o.a.j.t.JMeterThread: Thread finished: Thread-Gruppe 1-53
2025-02-27 12:10:36,750 INFO o.a.j.t.JMeterThread: Thread finished: Thread-Gruppe 1-68
2025-02-27 12:10:36,761 INFO o.a.j.t.JMeterThread: Thread finished: Thread-Gruppe 1-23
2025-02-27 12:10:36,765 INFO o.a.j.t.JMeterThread: Thread finished: Thread-Gruppe 1-8
2025-02-27 12:10:36,857 INFO o.a.j.t.JMeterThread: Thread finished: Thread-Gruppe 1-35
2025-02-27 12:10:36,875 INFO o.a.j.t.JMeterThread: Thread finished: Thread-Gruppe 1-69
2025-02-27 12:10:36,886 INFO o.a.j.t.JMeterThread: Thread finished: Thread-Gruppe 1-54
2025-02-27 12:10:36,897 INFO o.a.j.t.JMeterThread: Thread finished: Thread-Gruppe 1-24
2025-02-27 12:10:36,897 INFO o.a.j.t.JMeterThread: Thread finished: Thread-Gruppe 1-9
2025-02-27 12:10:36,990 INFO o.a.j.t.JMeterThread: Thread finished: Thread-Gruppe 1-36
2025-02-27 12:10:37,009 INFO o.a.j.t.JMeterThread: Thread finished: Thread-Gruppe 1-70
2025-02-27 12:10:37,014 INFO o.a.j.t.JMeterThread: Thread finished: Thread-Gruppe 1-55
2025-02-27 12:10:37,021 INFO o.a.j.t.JMeterThread: Thread finished: Thread-Gruppe 1-25
2025-02-27 12:10:37,030 INFO o.a.j.t.JMeterThread: Thread finished: Thread-Gruppe 1-10
2025-02-27 12:10:37,133 INFO o.a.j.t.JMeterThread: Thread finished: Thread-Gruppe 1-37
2025-02-27 12:10:37,143 INFO o.a.j.t.JMeterThread: Thread finished: Thread-Gruppe 1-71
2025-02-27 12:10:37,145 INFO o.a.j.t.JMeterThread: Thread finished: Thread-Gruppe 1-56
2025-02-27 12:10:37,153 INFO o.a.j.t.JMeterThread: Thread finished: Thread-Gruppe 1-26
2025-02-27 12:10:37,163 INFO o.a.j.t.JMeterThread: Thread finished: Thread-Gruppe 1-11
2025-02-27 12:10:37,256 INFO o.a.j.t.JMeterThread: Thread finished: Thread-Gruppe 1-38
2025-02-27 12:10:37,279 INFO o.a.j.t.JMeterThread: Thread finished: Thread-Gruppe 1-72
2025-02-27 12:10:37,287 INFO o.a.j.t.JMeterThread: Thread finished: Thread-Gruppe 1-57
2025-02-27 12:10:37,301 INFO o.a.j.t.JMeterThread: Thread finished: Thread-Gruppe 1-27
2025-02-27 12:10:37,301 INFO o.a.j.t.JMeterThread: Thread finished: Thread-Gruppe 1-12
2025-02-27 12:10:37,306 INFO o.a.j.t.JMeterThread: Thread finished: Thread-Gruppe 2-12
2025-02-27 12:10:37,308 INFO o.a.j.t.JMeterThread: Thread finished: Thread-Gruppe 2-13
2025-02-27 12:10:37,352 INFO o.a.j.t.JMeterThread: Thread finished: Thread-Gruppe 2-3
2025-02-27 12:10:37,386 INFO o.a.j.t.JMeterThread: Thread finished: Thread-Gruppe 2-5
2025-02-27 12:10:37,387 INFO o.a.j.t.JMeterThread: Thread finished: Thread-Gruppe 1-39
2025-02-27 12:10:37,408 INFO o.a.j.t.JMeterThread: Thread finished: Thread-Gruppe 1-73
2025-02-27 12:10:37,410 INFO o.a.j.t.JMeterThread: Thread finished: Thread-Gruppe 2-2
2025-02-27 12:10:37,413 INFO o.a.j.t.JMeterThread: Thread finished: Thread-Gruppe 1-58
2025-02-27 12:10:37,421 INFO o.a.j.t.JMeterThread: Thread finished: Thread-Gruppe 1-28
2025-02-27 12:10:37,430 INFO o.a.j.t.JMeterThread: Thread finished: Thread-Gruppe 1-13
2025-02-27 12:10:37,443 INFO o.a.j.t.JMeterThread: Thread finished: Thread-Gruppe 2-20
2025-02-27 12:10:37,443 INFO o.a.j.t.JMeterThread: Thread finished: Thread-Gruppe 2-15
2025-02-27 12:10:37,456 INFO o.a.j.t.JMeterThread: Thread finished: Thread-Gruppe 2-10
2025-02-27 12:10:37,472 INFO o.a.j.t.JMeterThread: Thread finished: Thread-Gruppe 2-4
2025-02-27 12:10:37,472 INFO o.a.j.t.JMeterThread: Thread finished: Thread-Gruppe 3-3
2025-02-27 12:10:37,525 INFO o.a.j.t.JMeterThread: Thread finished: Thread-Gruppe 1-40
2025-02-27 12:10:37,543 INFO o.a.j.t.JMeterThread: Thread finished: Thread-Gruppe 1-74
2025-02-27 12:10:37,551 INFO o.a.j.t.JMeterThread: Thread finished: Thread-Gruppe 1-59
2025-02-27 12:10:37,557 INFO o.a.j.t.JMeterThread: Thread finished: Thread-Gruppe 1-29
2025-02-27 12:10:37,561 INFO o.a.j.t.JMeterThread: Thread finished: Thread-Gruppe 1-14
2025-02-27 12:10:37,583 INFO o.a.j.t.JMeterThread: Thread finished: Thread-Gruppe 2-6
2025-02-27 12:10:37,583 INFO o.a.j.t.JMeterThread: Thread finished: Thread-Gruppe 2-17
2025-02-27 12:10:37,608 INFO o.a.j.t.JMeterThread: Thread finished: Thread-Gruppe 3-4
2025-02-27 12:10:37,651 INFO o.a.j.t.JMeterThread: Stopping because end time detected by thread: Thread-Gruppe 1-41
2025-02-27 12:10:37,651 INFO o.a.j.t.JMeterThread: Thread finished: Thread-Gruppe 1-41
2025-02-27 12:10:37,660 INFO o.a.j.t.JMeterThread: Thread finished: Thread-Gruppe 2-19
2025-02-27 12:10:37,664 INFO o.a.j.t.JMeterThread: Thread finished: Thread-Gruppe 2-8
2025-02-27 12:10:37,670 INFO o.a.j.t.JMeterThread: Thread finished: Thread-Gruppe 2-16
2025-02-27 12:10:37,672 INFO o.a.j.t.JMeterThread: Thread finished: Thread-Gruppe 1-75
2025-02-27 12:10:37,681 INFO o.a.j.t.JMeterThread: Stopping because end time detected by thread: Thread-Gruppe 1-60
2025-02-27 12:10:37,681 INFO o.a.j.t.JMeterThread: Thread finished: Thread-Gruppe 1-60
2025-02-27 12:10:37,695 INFO o.a.j.t.JMeterThread: Stopping because end time detected by thread: Thread-Gruppe 1-30
2025-02-27 12:10:37,695 INFO o.a.j.t.JMeterThread: Stopping because end time detected by thread: Thread-Gruppe 1-15
2025-02-27 12:10:37,695 INFO o.a.j.t.JMeterThread: Thread finished: Thread-Gruppe 1-30
2025-02-27 12:10:37,695 INFO o.a.j.t.JMeterThread: Thread finished: Thread-Gruppe 1-15
2025-02-27 12:10:37,724 INFO o.a.j.t.JMeterThread: Stopping because end time detected by thread: Thread-Gruppe 2-1
2025-02-27 12:10:37,724 INFO o.a.j.t.JMeterThread: Stopping because end time detected by thread: Thread-Gruppe 2-14
2025-02-27 12:10:37,725 INFO o.a.j.t.JMeterThread: Thread finished: Thread-Gruppe 2-1
2025-02-27 12:10:37,725 INFO o.a.j.t.JMeterThread: Thread finished: Thread-Gruppe 2-14
2025-02-27 12:10:37,764 INFO o.a.j.t.JMeterThread: Stopping because end time detected by thread: Thread-Gruppe 2-18
2025-02-27 12:10:37,765 INFO o.a.j.t.JMeterThread: Thread finished: Thread-Gruppe 2-18
2025-02-27 12:10:37,774 INFO o.a.j.t.JMeterThread: Stopping because end time detected by thread: Thread-Gruppe 2-7
2025-02-27 12:10:37,774 INFO o.a.j.t.JMeterThread: Stopping because end time detected by thread: Thread-Gruppe 2-9
2025-02-27 12:10:37,774 INFO o.a.j.t.JMeterThread: Thread finished: Thread-Gruppe 2-7
2025-02-27 12:10:37,774 INFO o.a.j.t.JMeterThread: Thread finished: Thread-Gruppe 2-9
2025-02-27 12:10:37,793 INFO o.a.j.t.JMeterThread: Stopping because end time detected by thread: Thread-Gruppe 1-42
2025-02-27 12:10:37,793 INFO o.a.j.t.JMeterThread: Thread finished: Thread-Gruppe 1-42
2025-02-27 12:10:37,808 INFO o.a.j.t.JMeterThread: Stopping because end time detected by thread: Thread-Gruppe 1-61
2025-02-27 12:10:37,808 INFO o.a.j.t.JMeterThread: Thread finished: Thread-Gruppe 1-61
2025-02-27 12:10:37,824 INFO o.a.j.t.JMeterThread: Stopping because end time detected by thread: Thread-Gruppe 1-31
2025-02-27 12:10:37,824 INFO o.a.j.t.JMeterThread: Thread finished: Thread-Gruppe 1-31
2025-02-27 12:10:37,824 INFO o.a.j.t.JMeterThread: Stopping because end time detected by thread: Thread-Gruppe 1-16
2025-02-27 12:10:37,824 INFO o.a.j.t.JMeterThread: Thread finished: Thread-Gruppe 1-16
2025-02-27 12:10:37,909 INFO o.a.j.t.JMeterThread: Stopping because end time detected by thread: Thread-Gruppe 1-43
2025-02-27 12:10:37,909 INFO o.a.j.t.JMeterThread: Thread finished: Thread-Gruppe 1-43
2025-02-27 12:10:38,015 INFO o.a.j.t.JMeterThread: Stopping because end time detected by thread: Thread-Gruppe 3-2
2025-02-27 12:10:38,015 INFO o.a.j.t.JMeterThread: Thread finished: Thread-Gruppe 3-2
2025-02-27 12:10:38,045 INFO o.a.j.t.JMeterThread: Stopping because end time detected by thread: Thread-Gruppe 1-44
2025-02-27 12:10:38,045 INFO o.a.j.t.JMeterThread: Thread finished: Thread-Gruppe 1-44
2025-02-27 12:10:38,105 INFO o.a.j.t.JMeterThread: Stopping because end time detected by thread: Thread-Gruppe 2-11
2025-02-27 12:10:38,105 INFO o.a.j.t.JMeterThread: Thread finished: Thread-Gruppe 2-11
2025-02-27 12:10:38,165 INFO o.a.j.t.JMeterThread: Stopping because end time detected by thread: Thread-Gruppe 3-1
2025-02-27 12:10:38,165 INFO o.a.j.t.JMeterThread: Thread finished: Thread-Gruppe 3-1
2025-02-27 12:10:38,189 INFO o.a.j.t.JMeterThread: Stopping because end time detected by thread: Thread-Gruppe 1-45
2025-02-27 12:10:38,189 INFO o.a.j.t.JMeterThread: Thread finished: Thread-Gruppe 1-45
2025-02-27 12:10:38,325 INFO o.a.j.t.JMeterThread: Stopping because end time detected by thread: Thread-Gruppe 1-46
2025-02-27 12:10:38,325 INFO o.a.j.t.JMeterThread: Thread finished: Thread-Gruppe 1-46
2025-02-27 12:10:38,424 INFO o.a.j.t.JMeterThread: Stopping because end time detected by thread: Thread-Gruppe 3-5
2025-02-27 12:10:38,424 INFO o.a.j.t.JMeterThread: Thread finished: Thread-Gruppe 3-5
2025-02-27 12:10:38,439 INFO o.a.j.e.StandardJMeterEngine: Notifying test listeners of end of test
2025-02-27 12:10:38,446 INFO o.a.j.r.Summariser: summary +    601 in 00:00:08 =   71.3/s Avg:   331 Min:   246 Max:   833 Err:     0 (0.00%) Active: 0 Started: 100 Finished: 100
2025-02-27 12:10:38,446 INFO o.a.j.r.Summariser: summary =  45479 in 00:11:02 =   68.7/s Avg:   337 Min:   241 Max:  1568 Err:     0 (0.00%)
