2025-03-01 21:14:51,746 INFO o.a.j.u.JMeterUtils: Setting Locale to en_EN
2025-03-01 21:14:51,771 INFO o.a.j.JMeter: Loading user properties from: C:\Users\ASUS\Desktop\apache-jmeter-5.6.3\apache-jmeter-5.6.3\bin\user.properties
2025-03-01 21:14:51,771 INFO o.a.j.JMeter: Loading system properties from: C:\Users\ASUS\Desktop\apache-jmeter-5.6.3\apache-jmeter-5.6.3\bin\system.properties
2025-03-01 21:14:51,771 INFO o.a.j.JMeter: Setting JMeter property: lb_1_hostname=104.155.182.254
2025-03-01 21:14:51,773 INFO o.a.j.JMeter: Setting JMeter property: lb_2_hostname=35.246.73.6
2025-03-01 21:14:51,773 INFO o.a.j.JMeter: Setting JMeter property: lb_1_port=8090
2025-03-01 21:14:51,773 INFO o.a.j.JMeter: Setting JMeter property: lb_2_port=8091
2025-03-01 21:14:51,775 INFO o.a.j.JMeter: Setting JMeter property: warm_up_users=20
2025-03-01 21:14:51,775 INFO o.a.j.JMeter: Setting JMeter property: warm_up_time=60
2025-03-01 21:14:51,775 INFO o.a.j.JMeter: Setting JMeter property: test_run_time=600
2025-03-01 21:14:51,775 INFO o.a.j.JMeter: Setting JMeter property: ramp_up=10
2025-03-01 21:14:51,775 INFO o.a.j.JMeter: Setting JMeter property: group_1=75
2025-03-01 21:14:51,775 INFO o.a.j.JMeter: Setting JMeter property: group_2=20
2025-03-01 21:14:51,775 INFO o.a.j.JMeter: Setting JMeter property: group_3=5
2025-03-01 21:14:51,775 INFO o.a.j.JMeter: Setting JMeter property: group_1_request_rate=30
2025-03-01 21:14:51,775 INFO o.a.j.JMeter: Setting JMeter property: group_2_request_rate=90
2025-03-01 21:14:51,775 INFO o.a.j.JMeter: Setting JMeter property: group_3_request_rate=120
2025-03-01 21:14:51,775 INFO o.a.j.JMeter: Setting JMeter property: log_file=c:\\Users\\ASUS\\Desktop\\Repos\\rate-limiter-nginx\\jmeter\\cloud\\2025_03_01_18_17_logs\\token_bucket\\redis_async_bucket_capacity_100_refill_rate_1.67_batch_percent_0.5\\warm_up_results.csv
2025-03-01 21:14:51,775 INFO o.a.j.JMeter: Setting JMeter property: algorithm=token_bucket_redis_async_bucket_capacity_100_refill_rate_1.67_batch_percent_0.5
2025-03-01 21:14:51,775 INFO o.a.j.JMeter: Setting JMeter property: auth=/token_bucket/redis_async_bucket_capacity_100_refill_rate_1.67_batch_percent_0.5/tools.descartes.teastore.auth/rest
2025-03-01 21:14:51,777 INFO o.a.j.JMeter: Setting JMeter property: persistence=/token_bucket/redis_async_bucket_capacity_100_refill_rate_1.67_batch_percent_0.5/tools.descartes.teastore.persistence/rest
2025-03-01 21:14:51,777 INFO o.a.j.JMeter: Setting JMeter property: recommender=/token_bucket/redis_async_bucket_capacity_100_refill_rate_1.67_batch_percent_0.5/tools.descartes.teastore.recommender/rest
2025-03-01 21:14:51,777 INFO o.a.j.JMeter: Setting JMeter property: image=/token_bucket/redis_async_bucket_capacity_100_refill_rate_1.67_batch_percent_0.5/tools.descartes.teastore.image/rest
2025-03-01 21:14:51,785 INFO o.a.j.JMeter: Copyright (c) 1998-2024 The Apache Software Foundation
2025-03-01 21:14:51,785 INFO o.a.j.JMeter: Version 5.6.3
2025-03-01 21:14:51,785 INFO o.a.j.JMeter: java.version=17.0.9
2025-03-01 21:14:51,785 INFO o.a.j.JMeter: java.vm.name=Java HotSpot(TM) 64-Bit Server VM
2025-03-01 21:14:51,785 INFO o.a.j.JMeter: os.name=Windows 11
2025-03-01 21:14:51,785 INFO o.a.j.JMeter: os.arch=amd64
2025-03-01 21:14:51,785 INFO o.a.j.JMeter: os.version=10.0
2025-03-01 21:14:51,785 INFO o.a.j.JMeter: file.encoding=Cp1252
2025-03-01 21:14:51,785 INFO o.a.j.JMeter: java.awt.headless=true
2025-03-01 21:14:51,785 INFO o.a.j.JMeter: Max memory     =1073741824
2025-03-01 21:14:51,785 INFO o.a.j.JMeter: Available Processors =12
2025-03-01 21:14:51,796 INFO o.a.j.JMeter: Default Locale=English (EN)
2025-03-01 21:14:51,796 INFO o.a.j.JMeter: JMeter  Locale=English (EN)
2025-03-01 21:14:51,796 INFO o.a.j.JMeter: JMeterHome=C:\Users\ASUS\Desktop\apache-jmeter-5.6.3\apache-jmeter-5.6.3
2025-03-01 21:14:51,796 INFO o.a.j.JMeter: user.dir  =C:\Users\ASUS\Desktop\Repos\rate-limiter-nginx
2025-03-01 21:14:51,800 INFO o.a.j.JMeter: PWD       =C:\Users\ASUS\Desktop\Repos\rate-limiter-nginx
2025-03-01 21:14:51,806 INFO o.a.j.JMeter: IP: 192.168.1.45 Name: THIVA FullName: THIVA
2025-03-01 21:14:51,829 INFO o.a.j.s.FileServer: Default base='C:\Users\ASUS\Desktop\Repos\rate-limiter-nginx'
2025-03-01 21:14:51,831 INFO o.a.j.s.FileServer: Set new base='c:\Users\ASUS\Desktop\Repos\rate-limiter-nginx\jmeter\cloud'
2025-03-01 21:14:52,061 INFO o.a.j.s.SaveService: Testplan (JMX) version: 2.2. Testlog (JTL) version: 2.2
2025-03-01 21:14:52,094 INFO o.a.j.s.SaveService: Using SaveService properties version 5.0
2025-03-01 21:14:52,099 INFO o.a.j.s.SaveService: Using SaveService properties file encoding UTF-8
2025-03-01 21:14:52,103 INFO o.a.j.s.SaveService: Loading file: c:\Users\ASUS\Desktop\Repos\rate-limiter-nginx\jmeter\cloud\teastore_performance.jmx
2025-03-01 21:14:52,161 INFO o.a.j.p.h.c.CookieManager: Settings: Delete null: true Check: true Allow variable: true Save: false Prefix: COOKIE_
2025-03-01 21:14:52,193 INFO o.a.j.p.h.s.HTTPSamplerBase: Parser for text/html is org.apache.jmeter.protocol.http.parser.LagartoBasedHtmlParser
2025-03-01 21:14:52,194 INFO o.a.j.p.h.s.HTTPSamplerBase: Parser for application/xhtml+xml is org.apache.jmeter.protocol.http.parser.LagartoBasedHtmlParser
2025-03-01 21:14:52,194 INFO o.a.j.p.h.s.HTTPSamplerBase: Parser for application/xml is org.apache.jmeter.protocol.http.parser.LagartoBasedHtmlParser
2025-03-01 21:14:52,194 INFO o.a.j.p.h.s.HTTPSamplerBase: Parser for text/xml is org.apache.jmeter.protocol.http.parser.LagartoBasedHtmlParser
2025-03-01 21:14:52,194 INFO o.a.j.p.h.s.HTTPSamplerBase: Parser for text/vnd.wap.wml is org.apache.jmeter.protocol.http.parser.RegexpHTMLParser
2025-03-01 21:14:52,194 INFO o.a.j.p.h.s.HTTPSamplerBase: Parser for text/css is org.apache.jmeter.protocol.http.parser.CssParser
2025-03-01 21:14:52,310 INFO o.a.j.s.SampleResult: Note: Sample TimeStamps are START times
2025-03-01 21:14:52,310 INFO o.a.j.s.SampleResult: sampleresult.default.encoding is set to UTF-8
2025-03-01 21:14:52,310 INFO o.a.j.s.SampleResult: sampleresult.useNanoTime=true
2025-03-01 21:14:52,310 INFO o.a.j.s.SampleResult: sampleresult.nanoThreadSleep=5000
2025-03-01 21:14:52,338 INFO o.a.j.JMeter: Creating summariser <summary>
2025-03-01 21:14:52,354 INFO o.a.j.e.StandardJMeterEngine: Running the test!
2025-03-01 21:14:52,365 INFO o.a.j.s.SampleEvent: List of sample_variables: []
2025-03-01 21:14:52,365 INFO o.a.j.s.SampleEvent: List of sample_variables: []
2025-03-01 21:14:52,377 INFO o.a.j.e.u.CompoundVariable: Note: Function class names must contain the string: '.functions.'
2025-03-01 21:14:52,377 INFO o.a.j.e.u.CompoundVariable: Note: Function class names must not contain the string: '.gui.'
2025-03-01 21:14:52,456 INFO o.a.j.r.ClassFinder: Will scan jar C:\Users\ASUS\Desktop\apache-jmeter-5.6.3\apache-jmeter-5.6.3\lib\ext\jmeter-plugins-casutg-2.10.jar with filter ExtendsClassFilter [parents=[interface org.apache.jmeter.functions.Function], inner=false, contains=null, notContains=null]. Consider exposing JMeter plugins via META-INF/services, and add JMeter-Skip-Class-Scanning=true manifest attribute so JMeter can skip classfile scanning
2025-03-01 21:14:52,461 INFO o.a.j.r.ClassFinder: Will scan jar C:\Users\ASUS\Desktop\apache-jmeter-5.6.3\apache-jmeter-5.6.3\lib\ext\jmeter-plugins-graphs-vs-2.0.jar with filter ExtendsClassFilter [parents=[interface org.apache.jmeter.functions.Function], inner=false, contains=null, notContains=null]. Consider exposing JMeter plugins via META-INF/services, and add JMeter-Skip-Class-Scanning=true manifest attribute so JMeter can skip classfile scanning
2025-03-01 21:14:52,461 INFO o.a.j.r.ClassFinder: Will scan jar C:\Users\ASUS\Desktop\apache-jmeter-5.6.3\apache-jmeter-5.6.3\lib\ext\jmeter-plugins-manager-1.9.jar with filter ExtendsClassFilter [parents=[interface org.apache.jmeter.functions.Function], inner=false, contains=null, notContains=null]. Consider exposing JMeter plugins via META-INF/services, and add JMeter-Skip-Class-Scanning=true manifest attribute so JMeter can skip classfile scanning
2025-03-01 21:14:52,524 INFO o.a.j.r.ClassFinder: Will scan jar C:\Users\ASUS\Desktop\apache-jmeter-5.6.3\apache-jmeter-5.6.3\lib\ext\jmeter-plugins-graphs-basic-2.0.jar with filter ExtendsClassFilter [parents=[interface org.apache.jmeter.functions.Function], inner=false, contains=null, notContains=null]. Consider exposing JMeter plugins via META-INF/services, and add JMeter-Skip-Class-Scanning=true manifest attribute so JMeter can skip classfile scanning
2025-03-01 21:14:52,552 INFO o.a.j.r.ClassFinder: Will scan jar C:\Users\ASUS\Desktop\apache-jmeter-5.6.3\apache-jmeter-5.6.3\lib\ext\jmeter-plugins-manager-0.20.jar with filter ExtendsClassFilter [parents=[interface org.apache.jmeter.functions.Function], inner=false, contains=null, notContains=null]. Consider exposing JMeter plugins via META-INF/services, and add JMeter-Skip-Class-Scanning=true manifest attribute so JMeter can skip classfile scanning
2025-03-01 21:14:52,556 INFO o.a.j.r.ClassFinder: Will scan jar C:\Users\ASUS\Desktop\apache-jmeter-5.6.3\apache-jmeter-5.6.3\lib\ext\jmeter-plugins-tst-2.6.jar with filter ExtendsClassFilter [parents=[interface org.apache.jmeter.functions.Function], inner=false, contains=null, notContains=null]. Consider exposing JMeter plugins via META-INF/services, and add JMeter-Skip-Class-Scanning=true manifest attribute so JMeter can skip classfile scanning
2025-03-01 21:14:52,556 INFO o.a.j.r.ClassFinder: Will scan jar C:\Users\ASUS\Desktop\apache-jmeter-5.6.3\apache-jmeter-5.6.3\lib\ext\jmeter-parallel-0.12.jar with filter ExtendsClassFilter [parents=[interface org.apache.jmeter.functions.Function], inner=false, contains=null, notContains=null]. Consider exposing JMeter plugins via META-INF/services, and add JMeter-Skip-Class-Scanning=true manifest attribute so JMeter can skip classfile scanning
2025-03-01 21:14:52,841 INFO o.a.j.JMeter: Running test (1740843892841)
2025-03-01 21:14:52,843 INFO o.a.j.e.StandardJMeterEngine: Starting setUp thread groups
2025-03-01 21:14:52,843 INFO o.a.j.e.StandardJMeterEngine: Starting setUp ThreadGroup: 1 : setUp Thread Group 
2025-03-01 21:14:52,843 INFO o.a.j.e.StandardJMeterEngine: Starting 20 threads for group setUp Thread Group.
2025-03-01 21:14:52,843 INFO o.a.j.e.StandardJMeterEngine: Thread will continue on error
2025-03-01 21:14:52,843 INFO o.a.j.t.ThreadGroup: Starting thread group... number=1 threads=20 ramp-up=10 delayedStart=false
2025-03-01 21:14:52,860 INFO o.a.j.t.JMeterThread: Thread started: setUp Thread Group 1-1
2025-03-01 21:14:52,880 INFO o.a.j.t.ThreadGroup: Started thread group number 1
2025-03-01 21:14:52,880 INFO o.a.j.e.StandardJMeterEngine: Waiting for all setup thread groups to exit
2025-03-01 21:14:53,364 INFO o.a.j.t.JMeterThread: Thread started: setUp Thread Group 1-2
2025-03-01 21:14:53,668 INFO o.a.j.p.h.s.HTTPHCAbstractImpl: Local host = THIVA
2025-03-01 21:14:53,679 INFO o.a.j.p.h.s.HTTPHC4Impl: HTTP request retry count = 0
2025-03-01 21:14:53,873 INFO o.a.j.t.JMeterThread: Thread started: setUp Thread Group 1-3
2025-03-01 21:14:54,349 INFO o.a.j.t.JMeterThread: Thread started: setUp Thread Group 1-4
2025-03-01 21:14:54,848 INFO o.a.j.t.JMeterThread: Thread started: setUp Thread Group 1-5
2025-03-01 21:14:55,351 INFO o.a.j.t.JMeterThread: Thread started: setUp Thread Group 1-6
2025-03-01 21:14:55,850 INFO o.a.j.t.JMeterThread: Thread started: setUp Thread Group 1-7
2025-03-01 21:14:56,347 INFO o.a.j.t.JMeterThread: Thread started: setUp Thread Group 1-8
2025-03-01 21:14:56,845 INFO o.a.j.t.JMeterThread: Thread started: setUp Thread Group 1-9
2025-03-01 21:14:57,344 INFO o.a.j.t.JMeterThread: Thread started: setUp Thread Group 1-10
2025-03-01 21:14:57,844 INFO o.a.j.t.JMeterThread: Thread started: setUp Thread Group 1-11
2025-03-01 21:14:58,353 INFO o.a.j.t.JMeterThread: Thread started: setUp Thread Group 1-12
2025-03-01 21:14:58,854 INFO o.a.j.t.JMeterThread: Thread started: setUp Thread Group 1-13
2025-03-01 21:14:59,356 INFO o.a.j.t.JMeterThread: Thread started: setUp Thread Group 1-14
2025-03-01 21:14:59,847 INFO o.a.j.t.JMeterThread: Thread started: setUp Thread Group 1-15
2025-03-01 21:15:00,347 INFO o.a.j.t.JMeterThread: Thread started: setUp Thread Group 1-16
2025-03-01 21:15:00,844 INFO o.a.j.t.JMeterThread: Thread started: setUp Thread Group 1-17
2025-03-01 21:15:01,349 INFO o.a.j.t.JMeterThread: Thread started: setUp Thread Group 1-18
2025-03-01 21:15:01,851 INFO o.a.j.t.JMeterThread: Thread started: setUp Thread Group 1-19
2025-03-01 21:15:02,345 INFO o.a.j.t.JMeterThread: Thread started: setUp Thread Group 1-20
2025-03-01 21:15:52,723 INFO o.a.j.t.JMeterThread: Thread finished: setUp Thread Group 1-20
2025-03-01 21:15:52,739 INFO o.a.j.t.JMeterThread: Thread finished: setUp Thread Group 1-16
2025-03-01 21:15:52,777 INFO o.a.j.t.JMeterThread: Thread finished: setUp Thread Group 1-11
2025-03-01 21:15:52,825 INFO o.a.j.t.JMeterThread: Thread finished: setUp Thread Group 1-18
2025-03-01 21:15:52,837 INFO o.a.j.t.JMeterThread: Thread finished: setUp Thread Group 1-10
2025-03-01 21:15:52,850 INFO o.a.j.t.JMeterThread: Stopping because end time detected by thread: setUp Thread Group 1-3
2025-03-01 21:15:52,851 INFO o.a.j.t.JMeterThread: Stopping because end time detected by thread: setUp Thread Group 1-4
2025-03-01 21:15:52,851 INFO o.a.j.t.JMeterThread: Thread finished: setUp Thread Group 1-3
2025-03-01 21:15:52,851 INFO o.a.j.t.JMeterThread: Thread finished: setUp Thread Group 1-4
2025-03-01 21:15:52,859 INFO o.a.j.t.JMeterThread: Thread finished: setUp Thread Group 1-17
2025-03-01 21:15:52,866 INFO o.a.j.t.JMeterThread: Stopping because end time detected by thread: setUp Thread Group 1-13
2025-03-01 21:15:52,866 INFO o.a.j.t.JMeterThread: Thread finished: setUp Thread Group 1-13
2025-03-01 21:15:52,866 INFO o.a.j.t.JMeterThread: Stopping because end time detected by thread: setUp Thread Group 1-5
2025-03-01 21:15:52,866 INFO o.a.j.t.JMeterThread: Thread finished: setUp Thread Group 1-5
2025-03-01 21:15:52,929 INFO o.a.j.t.JMeterThread: Stopping because end time detected by thread: setUp Thread Group 1-14
2025-03-01 21:15:52,929 INFO o.a.j.t.JMeterThread: Thread finished: setUp Thread Group 1-14
2025-03-01 21:15:52,945 INFO o.a.j.t.JMeterThread: Stopping because end time detected by thread: setUp Thread Group 1-9
2025-03-01 21:15:52,945 INFO o.a.j.t.JMeterThread: Thread finished: setUp Thread Group 1-9
2025-03-01 21:15:52,961 INFO o.a.j.t.JMeterThread: Stopping because end time detected by thread: setUp Thread Group 1-7
2025-03-01 21:15:52,961 INFO o.a.j.t.JMeterThread: Thread finished: setUp Thread Group 1-7
2025-03-01 21:15:52,961 INFO o.a.j.t.JMeterThread: Stopping because end time detected by thread: setUp Thread Group 1-15
2025-03-01 21:15:52,961 INFO o.a.j.t.JMeterThread: Thread finished: setUp Thread Group 1-15
2025-03-01 21:15:53,025 INFO o.a.j.t.JMeterThread: Stopping because end time detected by thread: setUp Thread Group 1-1
2025-03-01 21:15:53,025 INFO o.a.j.t.JMeterThread: Thread finished: setUp Thread Group 1-1
2025-03-01 21:15:53,040 INFO o.a.j.t.JMeterThread: Stopping because end time detected by thread: setUp Thread Group 1-6
2025-03-01 21:15:53,040 INFO o.a.j.t.JMeterThread: Thread finished: setUp Thread Group 1-6
2025-03-01 21:15:53,072 INFO o.a.j.t.JMeterThread: Stopping because end time detected by thread: setUp Thread Group 1-2
2025-03-01 21:15:53,072 INFO o.a.j.t.JMeterThread: Thread finished: setUp Thread Group 1-2
2025-03-01 21:15:53,098 INFO o.a.j.t.JMeterThread: Stopping because end time detected by thread: setUp Thread Group 1-19
2025-03-01 21:15:53,102 INFO o.a.j.t.JMeterThread: Thread finished: setUp Thread Group 1-19
2025-03-01 21:15:53,120 INFO o.a.j.t.JMeterThread: Stopping because end time detected by thread: setUp Thread Group 1-12
2025-03-01 21:15:53,120 INFO o.a.j.t.JMeterThread: Thread finished: setUp Thread Group 1-12
2025-03-01 21:15:53,279 INFO o.a.j.t.JMeterThread: Stopping because end time detected by thread: setUp Thread Group 1-8
2025-03-01 21:15:53,279 INFO o.a.j.t.JMeterThread: Thread finished: setUp Thread Group 1-8
2025-03-01 21:15:53,279 INFO o.a.j.e.StandardJMeterEngine: All Setup Threads have ended
2025-03-01 21:15:53,319 INFO o.a.j.e.StandardJMeterEngine: Starting ThreadGroup: 1 : Thread-Gruppe
2025-03-01 21:15:53,319 INFO o.a.j.e.StandardJMeterEngine: Starting 75 threads for group Thread-Gruppe.
2025-03-01 21:15:53,319 INFO o.a.j.e.StandardJMeterEngine: Thread will continue on error
2025-03-01 21:15:53,319 INFO o.a.j.t.ThreadGroup: Starting thread group... number=1 threads=75 ramp-up=10 delayedStart=false
2025-03-01 21:15:53,327 INFO o.a.j.t.JMeterThread: Thread started: Thread-Gruppe 1-1
2025-03-01 21:15:53,411 INFO o.a.j.t.ThreadGroup: Started thread group number 1
2025-03-01 21:15:53,411 INFO o.a.j.e.StandardJMeterEngine: Starting ThreadGroup: 2 : Thread-Gruppe
2025-03-01 21:15:53,411 INFO o.a.j.e.StandardJMeterEngine: Starting 20 threads for group Thread-Gruppe.
2025-03-01 21:15:53,411 INFO o.a.j.e.StandardJMeterEngine: Thread will continue on error
2025-03-01 21:15:53,411 INFO o.a.j.t.ThreadGroup: Starting thread group... number=2 threads=20 ramp-up=10 delayedStart=false
2025-03-01 21:15:53,414 INFO o.a.j.t.JMeterThread: Thread started: Thread-Gruppe 2-1
2025-03-01 21:15:53,433 INFO o.a.j.t.ThreadGroup: Started thread group number 2
2025-03-01 21:15:53,433 INFO o.a.j.e.StandardJMeterEngine: Starting ThreadGroup: 3 : Thread-Gruppe
2025-03-01 21:15:53,433 INFO o.a.j.e.StandardJMeterEngine: Starting 5 threads for group Thread-Gruppe.
2025-03-01 21:15:53,433 INFO o.a.j.e.StandardJMeterEngine: Thread will continue on error
2025-03-01 21:15:53,433 INFO o.a.j.t.ThreadGroup: Starting thread group... number=3 threads=5 ramp-up=10 delayedStart=false
2025-03-01 21:15:53,435 INFO o.a.j.t.JMeterThread: Thread started: Thread-Gruppe 3-1
2025-03-01 21:15:53,439 INFO o.a.j.t.ThreadGroup: Started thread group number 3
2025-03-01 21:15:53,439 INFO o.a.j.e.StandardJMeterEngine: All thread groups have been started
2025-03-01 21:15:53,461 INFO o.a.j.t.JMeterThread: Thread started: Thread-Gruppe 1-2
2025-03-01 21:15:53,596 INFO o.a.j.t.JMeterThread: Thread started: Thread-Gruppe 1-3
2025-03-01 21:15:53,723 INFO o.a.j.t.JMeterThread: Thread started: Thread-Gruppe 1-4
2025-03-01 21:15:53,856 INFO o.a.j.t.JMeterThread: Thread started: Thread-Gruppe 1-5
2025-03-01 21:15:53,915 INFO o.a.j.t.JMeterThread: Thread started: Thread-Gruppe 2-2
2025-03-01 21:15:53,988 INFO o.a.j.t.JMeterThread: Thread started: Thread-Gruppe 1-6
2025-03-01 21:15:54,122 INFO o.a.j.t.JMeterThread: Thread started: Thread-Gruppe 1-7
2025-03-01 21:15:54,257 INFO o.a.j.t.JMeterThread: Thread started: Thread-Gruppe 1-8
2025-03-01 21:15:54,390 INFO o.a.j.t.JMeterThread: Thread started: Thread-Gruppe 1-9
2025-03-01 21:15:54,415 INFO o.a.j.t.JMeterThread: Thread started: Thread-Gruppe 2-3
2025-03-01 21:15:54,525 INFO o.a.j.t.JMeterThread: Thread started: Thread-Gruppe 1-10
2025-03-01 21:15:54,652 INFO o.a.j.t.JMeterThread: Thread started: Thread-Gruppe 1-11
2025-03-01 21:15:54,786 INFO o.a.j.t.JMeterThread: Thread started: Thread-Gruppe 1-12
2025-03-01 21:15:54,914 INFO o.a.j.t.JMeterThread: Thread started: Thread-Gruppe 2-4
2025-03-01 21:15:54,919 INFO o.a.j.t.JMeterThread: Thread started: Thread-Gruppe 1-13
2025-03-01 21:15:55,051 INFO o.a.j.t.JMeterThread: Thread started: Thread-Gruppe 1-14
2025-03-01 21:15:55,186 INFO o.a.j.t.JMeterThread: Thread started: Thread-Gruppe 1-15
2025-03-01 21:15:55,318 INFO o.a.j.t.JMeterThread: Thread started: Thread-Gruppe 1-16
2025-03-01 21:15:55,414 INFO o.a.j.t.JMeterThread: Thread started: Thread-Gruppe 2-5
2025-03-01 21:15:55,435 INFO o.a.j.t.JMeterThread: Thread started: Thread-Gruppe 3-2
2025-03-01 21:15:55,451 INFO o.a.j.t.JMeterThread: Thread started: Thread-Gruppe 1-17
2025-03-01 21:15:55,583 INFO o.a.j.t.JMeterThread: Thread started: Thread-Gruppe 1-18
2025-03-01 21:15:55,717 INFO o.a.j.t.JMeterThread: Thread started: Thread-Gruppe 1-19
2025-03-01 21:15:55,851 INFO o.a.j.t.JMeterThread: Thread started: Thread-Gruppe 1-20
2025-03-01 21:15:55,913 INFO o.a.j.t.JMeterThread: Thread started: Thread-Gruppe 2-6
2025-03-01 21:15:55,983 INFO o.a.j.t.JMeterThread: Thread started: Thread-Gruppe 1-21
2025-03-01 21:15:56,116 INFO o.a.j.t.JMeterThread: Thread started: Thread-Gruppe 1-22
2025-03-01 21:15:56,248 INFO o.a.j.t.JMeterThread: Thread started: Thread-Gruppe 1-23
2025-03-01 21:15:56,381 INFO o.a.j.t.JMeterThread: Thread started: Thread-Gruppe 1-24
2025-03-01 21:15:56,414 INFO o.a.j.t.JMeterThread: Thread started: Thread-Gruppe 2-7
2025-03-01 21:15:56,514 INFO o.a.j.t.JMeterThread: Thread started: Thread-Gruppe 1-25
2025-03-01 21:15:56,648 INFO o.a.j.t.JMeterThread: Thread started: Thread-Gruppe 1-26
2025-03-01 21:15:56,779 INFO o.a.j.t.JMeterThread: Thread started: Thread-Gruppe 1-27
2025-03-01 21:15:56,914 INFO o.a.j.t.JMeterThread: Thread started: Thread-Gruppe 2-8
2025-03-01 21:15:56,914 INFO o.a.j.t.JMeterThread: Thread started: Thread-Gruppe 1-28
2025-03-01 21:15:57,046 INFO o.a.j.t.JMeterThread: Thread started: Thread-Gruppe 1-29
2025-03-01 21:15:57,179 INFO o.a.j.t.JMeterThread: Thread started: Thread-Gruppe 1-30
2025-03-01 21:15:57,311 INFO o.a.j.t.JMeterThread: Thread started: Thread-Gruppe 1-31
2025-03-01 21:15:57,413 INFO o.a.j.t.JMeterThread: Thread started: Thread-Gruppe 2-9
2025-03-01 21:15:57,436 INFO o.a.j.t.JMeterThread: Thread started: Thread-Gruppe 3-3
2025-03-01 21:15:57,444 INFO o.a.j.t.JMeterThread: Thread started: Thread-Gruppe 1-32
2025-03-01 21:15:57,578 INFO o.a.j.t.JMeterThread: Thread started: Thread-Gruppe 1-33
2025-03-01 21:15:57,711 INFO o.a.j.t.JMeterThread: Thread started: Thread-Gruppe 1-34
2025-03-01 21:15:57,848 INFO o.a.j.t.JMeterThread: Thread started: Thread-Gruppe 1-35
2025-03-01 21:15:57,915 INFO o.a.j.t.JMeterThread: Thread started: Thread-Gruppe 2-10
2025-03-01 21:15:57,978 INFO o.a.j.t.JMeterThread: Thread started: Thread-Gruppe 1-36
2025-03-01 21:15:58,111 INFO o.a.j.t.JMeterThread: Thread started: Thread-Gruppe 1-37
2025-03-01 21:15:58,244 INFO o.a.j.t.JMeterThread: Thread started: Thread-Gruppe 1-38
2025-03-01 21:15:58,377 INFO o.a.j.t.JMeterThread: Thread started: Thread-Gruppe 1-39
2025-03-01 21:15:58,414 INFO o.a.j.t.JMeterThread: Thread started: Thread-Gruppe 2-11
2025-03-01 21:15:58,509 INFO o.a.j.t.JMeterThread: Thread started: Thread-Gruppe 1-40
2025-03-01 21:15:58,644 INFO o.a.j.t.JMeterThread: Thread started: Thread-Gruppe 1-41
2025-03-01 21:15:58,775 INFO o.a.j.t.JMeterThread: Thread started: Thread-Gruppe 1-42
2025-03-01 21:15:58,910 INFO o.a.j.t.JMeterThread: Thread started: Thread-Gruppe 1-43
2025-03-01 21:15:58,915 INFO o.a.j.t.JMeterThread: Thread started: Thread-Gruppe 2-12
2025-03-01 21:15:59,043 INFO o.a.j.t.JMeterThread: Thread started: Thread-Gruppe 1-44
2025-03-01 21:15:59,175 INFO o.a.j.t.JMeterThread: Thread started: Thread-Gruppe 1-45
2025-03-01 21:15:59,308 INFO o.a.j.t.JMeterThread: Thread started: Thread-Gruppe 1-46
2025-03-01 21:15:59,416 INFO o.a.j.t.JMeterThread: Thread started: Thread-Gruppe 2-13
2025-03-01 21:15:59,437 INFO o.a.j.t.JMeterThread: Thread started: Thread-Gruppe 3-4
2025-03-01 21:15:59,440 INFO o.a.j.t.JMeterThread: Thread started: Thread-Gruppe 1-47
2025-03-01 21:15:59,573 INFO o.a.j.t.JMeterThread: Thread started: Thread-Gruppe 1-48
2025-03-01 21:15:59,707 INFO o.a.j.t.JMeterThread: Thread started: Thread-Gruppe 1-49
2025-03-01 21:15:59,841 INFO o.a.j.t.JMeterThread: Thread started: Thread-Gruppe 1-50
2025-03-01 21:15:59,914 INFO o.a.j.t.JMeterThread: Thread started: Thread-Gruppe 2-14
2025-03-01 21:15:59,974 INFO o.a.j.t.JMeterThread: Thread started: Thread-Gruppe 1-51
2025-03-01 21:16:00,002 INFO o.a.j.r.Summariser: summary +    195 in 00:01:07 =    2.9/s Avg:   440 Min:   242 Max:   821 Err:     0 (0.00%) Active: 69 Started: 69 Finished: 0
2025-03-01 21:16:00,107 INFO o.a.j.t.JMeterThread: Thread started: Thread-Gruppe 1-52
2025-03-01 21:16:00,240 INFO o.a.j.t.JMeterThread: Thread started: Thread-Gruppe 1-53
2025-03-01 21:16:00,373 INFO o.a.j.t.JMeterThread: Thread started: Thread-Gruppe 1-54
2025-03-01 21:16:00,414 INFO o.a.j.t.JMeterThread: Thread started: Thread-Gruppe 2-15
2025-03-01 21:16:00,504 INFO o.a.j.t.JMeterThread: Thread started: Thread-Gruppe 1-55
2025-03-01 21:16:00,638 INFO o.a.j.t.JMeterThread: Thread started: Thread-Gruppe 1-56
2025-03-01 21:16:00,772 INFO o.a.j.t.JMeterThread: Thread started: Thread-Gruppe 1-57
2025-03-01 21:16:00,904 INFO o.a.j.t.JMeterThread: Thread started: Thread-Gruppe 1-58
2025-03-01 21:16:00,913 INFO o.a.j.t.JMeterThread: Thread started: Thread-Gruppe 2-16
2025-03-01 21:16:01,036 INFO o.a.j.t.JMeterThread: Thread started: Thread-Gruppe 1-59
2025-03-01 21:16:01,171 INFO o.a.j.t.JMeterThread: Thread started: Thread-Gruppe 1-60
2025-03-01 21:16:01,303 INFO o.a.j.t.JMeterThread: Thread started: Thread-Gruppe 1-61
2025-03-01 21:16:01,415 INFO o.a.j.t.JMeterThread: Thread started: Thread-Gruppe 2-17
2025-03-01 21:16:01,435 INFO o.a.j.t.JMeterThread: Thread started: Thread-Gruppe 1-62
2025-03-01 21:16:01,437 INFO o.a.j.t.JMeterThread: Thread started: Thread-Gruppe 3-5
2025-03-01 21:16:01,570 INFO o.a.j.t.JMeterThread: Thread started: Thread-Gruppe 1-63
2025-03-01 21:16:01,701 INFO o.a.j.t.JMeterThread: Thread started: Thread-Gruppe 1-64
2025-03-01 21:16:01,834 INFO o.a.j.t.JMeterThread: Thread started: Thread-Gruppe 1-65
2025-03-01 21:16:01,913 INFO o.a.j.t.JMeterThread: Thread started: Thread-Gruppe 2-18
2025-03-01 21:16:01,967 INFO o.a.j.t.JMeterThread: Thread started: Thread-Gruppe 1-66
2025-03-01 21:16:02,100 INFO o.a.j.t.JMeterThread: Thread started: Thread-Gruppe 1-67
2025-03-01 21:16:02,233 INFO o.a.j.t.JMeterThread: Thread started: Thread-Gruppe 1-68
2025-03-01 21:16:02,367 INFO o.a.j.t.JMeterThread: Thread started: Thread-Gruppe 1-69
2025-03-01 21:16:02,413 INFO o.a.j.t.JMeterThread: Thread started: Thread-Gruppe 2-19
2025-03-01 21:16:02,500 INFO o.a.j.t.JMeterThread: Thread started: Thread-Gruppe 1-70
2025-03-01 21:16:02,635 INFO o.a.j.t.JMeterThread: Thread started: Thread-Gruppe 1-71
2025-03-01 21:16:02,766 INFO o.a.j.t.JMeterThread: Thread started: Thread-Gruppe 1-72
2025-03-01 21:16:02,899 INFO o.a.j.t.JMeterThread: Thread started: Thread-Gruppe 1-73
2025-03-01 21:16:02,915 INFO o.a.j.t.JMeterThread: Thread started: Thread-Gruppe 2-20
2025-03-01 21:16:03,031 INFO o.a.j.t.JMeterThread: Thread started: Thread-Gruppe 1-74
2025-03-01 21:16:03,164 INFO o.a.j.t.JMeterThread: Thread started: Thread-Gruppe 1-75
2025-03-01 21:16:30,010 INFO o.a.j.r.Summariser: summary +   2253 in 00:00:30 =   75.1/s Avg:   375 Min:   242 Max:  1350 Err:     1 (0.04%) Active: 100 Started: 100 Finished: 0
2025-03-01 21:16:30,011 INFO o.a.j.r.Summariser: summary =   2448 in 00:01:37 =   25.2/s Avg:   380 Min:   242 Max:  1350 Err:     1 (0.04%)
2025-03-01 21:17:00,005 INFO o.a.j.r.Summariser: summary +   2293 in 00:00:30 =   76.4/s Avg:   366 Min:   242 Max:  1008 Err:     0 (0.00%) Active: 100 Started: 100 Finished: 0
2025-03-01 21:17:00,006 INFO o.a.j.r.Summariser: summary =   4741 in 00:02:07 =   37.3/s Avg:   373 Min:   242 Max:  1350 Err:     1 (0.02%)
2025-03-01 21:17:30,016 INFO o.a.j.r.Summariser: summary +   2291 in 00:00:30 =   76.3/s Avg:   347 Min:   242 Max:   989 Err:     0 (0.00%) Active: 100 Started: 100 Finished: 0
2025-03-01 21:17:30,017 INFO o.a.j.r.Summariser: summary =   7032 in 00:02:37 =   44.7/s Avg:   365 Min:   242 Max:  1350 Err:     1 (0.01%)
2025-03-01 21:18:00,042 INFO o.a.j.r.Summariser: summary +   2288 in 00:00:30 =   76.2/s Avg:   355 Min:   241 Max:  1033 Err:     0 (0.00%) Active: 100 Started: 100 Finished: 0
2025-03-01 21:18:00,042 INFO o.a.j.r.Summariser: summary =   9320 in 00:03:07 =   49.8/s Avg:   362 Min:   241 Max:  1350 Err:     1 (0.01%)
2025-03-01 21:18:30,004 INFO o.a.j.r.Summariser: summary +   2294 in 00:00:30 =   76.6/s Avg:   363 Min:   241 Max:  1114 Err:     0 (0.00%) Active: 100 Started: 100 Finished: 0
2025-03-01 21:18:30,005 INFO o.a.j.r.Summariser: summary =  11614 in 00:03:37 =   53.5/s Avg:   362 Min:   241 Max:  1350 Err:     1 (0.01%)
2025-03-01 21:19:00,022 INFO o.a.j.r.Summariser: summary +   2283 in 00:00:30 =   76.1/s Avg:   347 Min:   241 Max:  1386 Err:     0 (0.00%) Active: 100 Started: 100 Finished: 0
2025-03-01 21:19:00,023 INFO o.a.j.r.Summariser: summary =  13897 in 00:04:07 =   56.2/s Avg:   360 Min:   241 Max:  1386 Err:     1 (0.01%)
2025-03-01 21:19:30,000 INFO o.a.j.r.Summariser: summary +   2299 in 00:00:30 =   76.7/s Avg:   368 Min:   242 Max:  1049 Err:     0 (0.00%) Active: 100 Started: 100 Finished: 0
2025-03-01 21:19:30,001 INFO o.a.j.r.Summariser: summary =  16196 in 00:04:37 =   58.4/s Avg:   361 Min:   241 Max:  1386 Err:     1 (0.01%)
2025-03-01 21:20:00,028 INFO o.a.j.r.Summariser: summary +   2288 in 00:00:30 =   76.2/s Avg:   340 Min:   242 Max:  1401 Err:     0 (0.00%) Active: 100 Started: 100 Finished: 0
2025-03-01 21:20:00,029 INFO o.a.j.r.Summariser: summary =  18484 in 00:05:07 =   60.2/s Avg:   359 Min:   241 Max:  1401 Err:     1 (0.01%)
2025-03-01 21:20:30,009 INFO o.a.j.r.Summariser: summary +   2291 in 00:00:30 =   76.4/s Avg:   375 Min:   242 Max:  1155 Err:     0 (0.00%) Active: 100 Started: 100 Finished: 0
2025-03-01 21:20:30,010 INFO o.a.j.r.Summariser: summary =  20775 in 00:05:37 =   61.6/s Avg:   360 Min:   241 Max:  1401 Err:     1 (0.00%)
2025-03-01 21:21:00,007 INFO o.a.j.r.Summariser: summary +   2284 in 00:00:30 =   76.1/s Avg:   350 Min:   242 Max:   959 Err:     0 (0.00%) Active: 100 Started: 100 Finished: 0
2025-03-01 21:21:00,008 INFO o.a.j.r.Summariser: summary =  23059 in 00:06:07 =   62.8/s Avg:   359 Min:   241 Max:  1401 Err:     1 (0.00%)
2025-03-01 21:21:30,002 INFO o.a.j.r.Summariser: summary +   2292 in 00:00:30 =   76.4/s Avg:   374 Min:   241 Max:  1150 Err:     0 (0.00%) Active: 100 Started: 100 Finished: 0
2025-03-01 21:21:30,002 INFO o.a.j.r.Summariser: summary =  25351 in 00:06:37 =   63.8/s Avg:   361 Min:   241 Max:  1401 Err:     1 (0.00%)
2025-03-01 21:22:00,004 INFO o.a.j.r.Summariser: summary +   2275 in 00:00:30 =   75.8/s Avg:   357 Min:   242 Max:   967 Err:     0 (0.00%) Active: 100 Started: 100 Finished: 0
2025-03-01 21:22:00,004 INFO o.a.j.r.Summariser: summary =  27626 in 00:07:07 =   64.7/s Avg:   360 Min:   241 Max:  1401 Err:     1 (0.00%)
2025-03-01 21:22:30,002 INFO o.a.j.r.Summariser: summary +   2291 in 00:00:30 =   76.4/s Avg:   384 Min:   241 Max:  1144 Err:     0 (0.00%) Active: 100 Started: 100 Finished: 0
2025-03-01 21:22:30,002 INFO o.a.j.r.Summariser: summary =  29917 in 00:07:37 =   65.4/s Avg:   362 Min:   241 Max:  1401 Err:     1 (0.00%)
2025-03-01 21:23:00,002 INFO o.a.j.r.Summariser: summary +   2282 in 00:00:30 =   76.1/s Avg:   357 Min:   242 Max:   938 Err:     0 (0.00%) Active: 100 Started: 100 Finished: 0
2025-03-01 21:23:00,002 INFO o.a.j.r.Summariser: summary =  32199 in 00:08:07 =   66.1/s Avg:   362 Min:   241 Max:  1401 Err:     1 (0.00%)
2025-03-01 21:23:30,001 INFO o.a.j.r.Summariser: summary +   2283 in 00:00:30 =   76.1/s Avg:   376 Min:   242 Max:  1129 Err:     0 (0.00%) Active: 100 Started: 100 Finished: 0
2025-03-01 21:23:30,001 INFO o.a.j.r.Summariser: summary =  34482 in 00:08:37 =   66.7/s Avg:   363 Min:   241 Max:  1401 Err:     1 (0.00%)
2025-03-01 21:24:00,027 INFO o.a.j.r.Summariser: summary +   2285 in 00:00:30 =   76.1/s Avg:   346 Min:   241 Max:  1021 Err:     0 (0.00%) Active: 100 Started: 100 Finished: 0
2025-03-01 21:24:00,027 INFO o.a.j.r.Summariser: summary =  36767 in 00:09:07 =   67.2/s Avg:   362 Min:   241 Max:  1401 Err:     1 (0.00%)
2025-03-01 21:24:30,006 INFO o.a.j.r.Summariser: summary +   2277 in 00:00:30 =   76.0/s Avg:   376 Min:   241 Max:  1062 Err:     0 (0.00%) Active: 100 Started: 100 Finished: 0
2025-03-01 21:24:30,006 INFO o.a.j.r.Summariser: summary =  39044 in 00:09:37 =   67.6/s Avg:   363 Min:   241 Max:  1401 Err:     1 (0.00%)
2025-03-01 21:25:00,006 INFO o.a.j.r.Summariser: summary +   2260 in 00:00:30 =   75.3/s Avg:   403 Min:   241 Max:  2836 Err:     0 (0.00%) Active: 100 Started: 100 Finished: 0
2025-03-01 21:25:00,006 INFO o.a.j.r.Summariser: summary =  41304 in 00:10:07 =   68.0/s Avg:   365 Min:   241 Max:  2836 Err:     1 (0.00%)
2025-03-01 21:25:30,039 INFO o.a.j.r.Summariser: summary +   2272 in 00:00:30 =   75.6/s Avg:   370 Min:   241 Max:  1292 Err:     0 (0.00%) Active: 100 Started: 100 Finished: 0
2025-03-01 21:25:30,040 INFO o.a.j.r.Summariser: summary =  43576 in 00:10:37 =   68.4/s Avg:   365 Min:   241 Max:  2836 Err:     1 (0.00%)
2025-03-01 21:25:51,647 INFO o.a.j.t.JMeterThread: Thread finished: Thread-Gruppe 1-1
2025-03-01 21:25:51,685 INFO o.a.j.t.JMeterThread: Thread finished: Thread-Gruppe 1-47
2025-03-01 21:25:51,715 INFO o.a.j.t.JMeterThread: Thread finished: Thread-Gruppe 1-17
2025-03-01 21:25:51,729 INFO o.a.j.t.JMeterThread: Thread finished: Thread-Gruppe 1-62
2025-03-01 21:25:51,761 INFO o.a.j.t.JMeterThread: Thread finished: Thread-Gruppe 1-2
2025-03-01 21:25:51,829 INFO o.a.j.t.JMeterThread: Thread finished: Thread-Gruppe 1-18
2025-03-01 21:25:51,829 INFO o.a.j.t.JMeterThread: Thread finished: Thread-Gruppe 1-48
2025-03-01 21:25:51,861 INFO o.a.j.t.JMeterThread: Thread finished: Thread-Gruppe 1-63
2025-03-01 21:25:51,932 INFO o.a.j.t.JMeterThread: Thread finished: Thread-Gruppe 1-3
2025-03-01 21:25:51,934 INFO o.a.j.t.JMeterThread: Thread finished: Thread-Gruppe 1-46
2025-03-01 21:25:51,963 INFO o.a.j.t.JMeterThread: Thread finished: Thread-Gruppe 1-49
2025-03-01 21:25:51,981 INFO o.a.j.t.JMeterThread: Thread finished: Thread-Gruppe 1-19
2025-03-01 21:25:51,991 INFO o.a.j.t.JMeterThread: Thread finished: Thread-Gruppe 1-64
2025-03-01 21:25:52,025 INFO o.a.j.t.JMeterThread: Thread finished: Thread-Gruppe 1-4
2025-03-01 21:25:52,085 INFO o.a.j.t.JMeterThread: Thread finished: Thread-Gruppe 1-50
2025-03-01 21:25:52,108 INFO o.a.j.t.JMeterThread: Thread finished: Thread-Gruppe 1-20
2025-03-01 21:25:52,121 INFO o.a.j.t.JMeterThread: Thread finished: Thread-Gruppe 1-65
2025-03-01 21:25:52,141 INFO o.a.j.t.JMeterThread: Thread finished: Thread-Gruppe 1-5
2025-03-01 21:25:52,149 INFO o.a.j.t.JMeterThread: Thread finished: Thread-Gruppe 1-32
2025-03-01 21:25:52,224 INFO o.a.j.t.JMeterThread: Thread finished: Thread-Gruppe 1-51
2025-03-01 21:25:52,235 INFO o.a.j.t.JMeterThread: Thread finished: Thread-Gruppe 1-21
2025-03-01 21:25:52,271 INFO o.a.j.t.JMeterThread: Thread finished: Thread-Gruppe 1-66
2025-03-01 21:25:52,281 INFO o.a.j.t.JMeterThread: Thread finished: Thread-Gruppe 1-6
2025-03-01 21:25:52,314 INFO o.a.j.t.JMeterThread: Thread finished: Thread-Gruppe 1-33
2025-03-01 21:25:52,359 INFO o.a.j.t.JMeterThread: Thread finished: Thread-Gruppe 1-52
2025-03-01 21:25:52,383 INFO o.a.j.t.JMeterThread: Thread finished: Thread-Gruppe 1-22
2025-03-01 21:25:52,413 INFO o.a.j.t.JMeterThread: Thread finished: Thread-Gruppe 1-7
2025-03-01 21:25:52,445 INFO o.a.j.t.JMeterThread: Thread finished: Thread-Gruppe 1-34
2025-03-01 21:25:52,496 INFO o.a.j.t.JMeterThread: Thread finished: Thread-Gruppe 1-67
2025-03-01 21:25:52,499 INFO o.a.j.t.JMeterThread: Thread finished: Thread-Gruppe 1-53
2025-03-01 21:25:52,538 INFO o.a.j.t.JMeterThread: Thread finished: Thread-Gruppe 1-23
2025-03-01 21:25:52,541 INFO o.a.j.t.JMeterThread: Thread finished: Thread-Gruppe 1-68
2025-03-01 21:25:52,564 INFO o.a.j.t.JMeterThread: Thread finished: Thread-Gruppe 1-35
2025-03-01 21:25:52,566 INFO o.a.j.t.JMeterThread: Thread finished: Thread-Gruppe 1-8
2025-03-01 21:25:52,637 INFO o.a.j.t.JMeterThread: Thread finished: Thread-Gruppe 1-54
2025-03-01 21:25:52,642 INFO o.a.j.t.JMeterThread: Thread finished: Thread-Gruppe 1-24
2025-03-01 21:25:52,655 INFO o.a.j.t.JMeterThread: Thread finished: Thread-Gruppe 1-69
2025-03-01 21:25:52,689 INFO o.a.j.t.JMeterThread: Thread finished: Thread-Gruppe 1-9
2025-03-01 21:25:52,696 INFO o.a.j.t.JMeterThread: Thread finished: Thread-Gruppe 1-36
2025-03-01 21:25:52,782 INFO o.a.j.t.JMeterThread: Thread finished: Thread-Gruppe 1-55
2025-03-01 21:25:52,792 INFO o.a.j.t.JMeterThread: Thread finished: Thread-Gruppe 1-25
2025-03-01 21:25:52,801 INFO o.a.j.t.JMeterThread: Thread finished: Thread-Gruppe 1-37
2025-03-01 21:25:52,801 INFO o.a.j.t.JMeterThread: Thread finished: Thread-Gruppe 1-70
2025-03-01 21:25:52,845 INFO o.a.j.t.JMeterThread: Thread finished: Thread-Gruppe 1-10
2025-03-01 21:25:52,890 INFO o.a.j.t.JMeterThread: Thread finished: Thread-Gruppe 1-56
2025-03-01 21:25:52,922 INFO o.a.j.t.JMeterThread: Thread finished: Thread-Gruppe 1-26
2025-03-01 21:25:52,933 INFO o.a.j.t.JMeterThread: Thread finished: Thread-Gruppe 1-71
2025-03-01 21:25:52,944 INFO o.a.j.t.JMeterThread: Thread finished: Thread-Gruppe 1-11
2025-03-01 21:25:52,965 INFO o.a.j.t.JMeterThread: Thread finished: Thread-Gruppe 1-38
2025-03-01 21:25:53,018 INFO o.a.j.t.JMeterThread: Thread finished: Thread-Gruppe 2-2
2025-03-01 21:25:53,031 INFO o.a.j.t.JMeterThread: Thread finished: Thread-Gruppe 1-27
2025-03-01 21:25:53,031 INFO o.a.j.t.JMeterThread: Thread finished: Thread-Gruppe 1-57
2025-03-01 21:25:53,064 INFO o.a.j.t.JMeterThread: Thread finished: Thread-Gruppe 1-72
2025-03-01 21:25:53,078 INFO o.a.j.t.JMeterThread: Thread finished: Thread-Gruppe 1-12
2025-03-01 21:25:53,103 INFO o.a.j.t.JMeterThread: Thread finished: Thread-Gruppe 2-5
2025-03-01 21:25:53,118 INFO o.a.j.t.JMeterThread: Thread finished: Thread-Gruppe 1-39
2025-03-01 21:25:53,162 INFO o.a.j.t.JMeterThread: Thread finished: Thread-Gruppe 1-28
2025-03-01 21:25:53,163 INFO o.a.j.t.JMeterThread: Thread finished: Thread-Gruppe 1-58
2025-03-01 21:25:53,205 INFO o.a.j.t.JMeterThread: Thread finished: Thread-Gruppe 1-13
2025-03-01 21:25:53,206 INFO o.a.j.t.JMeterThread: Thread finished: Thread-Gruppe 1-73
2025-03-01 21:25:53,215 INFO o.a.j.t.JMeterThread: Thread finished: Thread-Gruppe 2-19
2025-03-01 21:25:53,225 INFO o.a.j.t.JMeterThread: Thread finished: Thread-Gruppe 1-40
2025-03-01 21:25:53,290 INFO o.a.j.t.JMeterThread: Thread finished: Thread-Gruppe 2-9
2025-03-01 21:25:53,295 INFO o.a.j.t.JMeterThread: Thread finished: Thread-Gruppe 1-29
2025-03-01 21:25:53,309 INFO o.a.j.t.JMeterThread: Thread finished: Thread-Gruppe 1-59
2025-03-01 21:25:53,317 INFO o.a.j.t.JMeterThread: Thread finished: Thread-Gruppe 2-10
2025-03-01 21:25:53,334 INFO o.a.j.t.JMeterThread: Thread finished: Thread-Gruppe 2-18
2025-03-01 21:25:53,334 INFO o.a.j.t.JMeterThread: Thread finished: Thread-Gruppe 1-74
2025-03-01 21:25:53,342 INFO o.a.j.t.JMeterThread: Thread finished: Thread-Gruppe 1-41
2025-03-01 21:25:53,342 INFO o.a.j.t.JMeterThread: Thread finished: Thread-Gruppe 3-5
2025-03-01 21:25:53,348 INFO o.a.j.t.JMeterThread: Stopping because end time detected by thread: Thread-Gruppe 1-14
2025-03-01 21:25:53,348 INFO o.a.j.t.JMeterThread: Thread finished: Thread-Gruppe 1-14
2025-03-01 21:25:53,352 INFO o.a.j.t.JMeterThread: Thread finished: Thread-Gruppe 2-7
2025-03-01 21:25:53,365 INFO o.a.j.t.JMeterThread: Thread finished: Thread-Gruppe 2-11
2025-03-01 21:25:53,375 INFO o.a.j.t.JMeterThread: Thread finished: Thread-Gruppe 2-4
2025-03-01 21:25:53,407 INFO o.a.j.t.JMeterThread: Stopping because end time detected by thread: Thread-Gruppe 1-60
2025-03-01 21:25:53,423 INFO o.a.j.t.JMeterThread: Thread finished: Thread-Gruppe 1-60
2025-03-01 21:25:53,424 INFO o.a.j.t.JMeterThread: Stopping because end time detected by thread: Thread-Gruppe 2-3
2025-03-01 21:25:53,424 INFO o.a.j.t.JMeterThread: Thread finished: Thread-Gruppe 2-3
2025-03-01 21:25:53,424 INFO o.a.j.t.JMeterThread: Thread finished: Thread-Gruppe 2-17
2025-03-01 21:25:53,424 INFO o.a.j.t.JMeterThread: Stopping because end time detected by thread: Thread-Gruppe 1-30
2025-03-01 21:25:53,424 INFO o.a.j.t.JMeterThread: Thread finished: Thread-Gruppe 1-30
2025-03-01 21:25:53,455 INFO o.a.j.t.JMeterThread: Stopping because end time detected by thread: Thread-Gruppe 1-75
2025-03-01 21:25:53,455 INFO o.a.j.t.JMeterThread: Thread finished: Thread-Gruppe 1-75
2025-03-01 21:25:53,487 INFO o.a.j.t.JMeterThread: Stopping because end time detected by thread: Thread-Gruppe 3-3
2025-03-01 21:25:53,487 INFO o.a.j.t.JMeterThread: Thread finished: Thread-Gruppe 3-3
2025-03-01 21:25:53,492 INFO o.a.j.t.JMeterThread: Stopping because end time detected by thread: Thread-Gruppe 1-15
2025-03-01 21:25:53,492 INFO o.a.j.t.JMeterThread: Thread finished: Thread-Gruppe 1-15
2025-03-01 21:25:53,503 INFO o.a.j.t.JMeterThread: Stopping because end time detected by thread: Thread-Gruppe 1-42
2025-03-01 21:25:53,503 INFO o.a.j.t.JMeterThread: Thread finished: Thread-Gruppe 1-42
2025-03-01 21:25:53,521 INFO o.a.j.t.JMeterThread: Stopping because end time detected by thread: Thread-Gruppe 2-1
2025-03-01 21:25:53,521 INFO o.a.j.t.JMeterThread: Thread finished: Thread-Gruppe 2-1
2025-03-01 21:25:53,521 INFO o.a.j.t.JMeterThread: Stopping because end time detected by thread: Thread-Gruppe 3-2
2025-03-01 21:25:53,521 INFO o.a.j.t.JMeterThread: Thread finished: Thread-Gruppe 3-2
2025-03-01 21:25:53,550 INFO o.a.j.t.JMeterThread: Stopping because end time detected by thread: Thread-Gruppe 1-61
2025-03-01 21:25:53,550 INFO o.a.j.t.JMeterThread: Thread finished: Thread-Gruppe 1-61
2025-03-01 21:25:53,550 INFO o.a.j.t.JMeterThread: Stopping because end time detected by thread: Thread-Gruppe 1-31
2025-03-01 21:25:53,550 INFO o.a.j.t.JMeterThread: Thread finished: Thread-Gruppe 1-31
2025-03-01 21:25:53,566 INFO o.a.j.t.JMeterThread: Stopping because end time detected by thread: Thread-Gruppe 2-6
2025-03-01 21:25:53,566 INFO o.a.j.t.JMeterThread: Stopping because end time detected by thread: Thread-Gruppe 2-13
2025-03-01 21:25:53,571 INFO o.a.j.t.JMeterThread: Thread finished: Thread-Gruppe 2-6
2025-03-01 21:25:53,571 INFO o.a.j.t.JMeterThread: Thread finished: Thread-Gruppe 2-13
2025-03-01 21:25:53,587 INFO o.a.j.t.JMeterThread: Stopping because end time detected by thread: Thread-Gruppe 2-8
2025-03-01 21:25:53,587 INFO o.a.j.t.JMeterThread: Thread finished: Thread-Gruppe 2-8
2025-03-01 21:25:53,603 INFO o.a.j.t.JMeterThread: Stopping because end time detected by thread: Thread-Gruppe 1-16
2025-03-01 21:25:53,603 INFO o.a.j.t.JMeterThread: Thread finished: Thread-Gruppe 1-16
2025-03-01 21:25:53,603 INFO o.a.j.t.JMeterThread: Stopping because end time detected by thread: Thread-Gruppe 2-14
2025-03-01 21:25:53,603 INFO o.a.j.t.JMeterThread: Thread finished: Thread-Gruppe 2-14
2025-03-01 21:25:53,635 INFO o.a.j.t.JMeterThread: Stopping because end time detected by thread: Thread-Gruppe 2-15
2025-03-01 21:25:53,635 INFO o.a.j.t.JMeterThread: Thread finished: Thread-Gruppe 2-15
2025-03-01 21:25:53,649 INFO o.a.j.t.JMeterThread: Stopping because end time detected by thread: Thread-Gruppe 2-12
2025-03-01 21:25:53,650 INFO o.a.j.t.JMeterThread: Thread finished: Thread-Gruppe 2-12
2025-03-01 21:25:53,680 INFO o.a.j.t.JMeterThread: Stopping because end time detected by thread: Thread-Gruppe 1-43
2025-03-01 21:25:53,680 INFO o.a.j.t.JMeterThread: Thread finished: Thread-Gruppe 1-43
2025-03-01 21:25:53,693 INFO o.a.j.t.JMeterThread: Stopping because end time detected by thread: Thread-Gruppe 2-20
2025-03-01 21:25:53,693 INFO o.a.j.t.JMeterThread: Thread finished: Thread-Gruppe 2-20
2025-03-01 21:25:53,887 INFO o.a.j.t.JMeterThread: Stopping because end time detected by thread: Thread-Gruppe 3-4
2025-03-01 21:25:53,887 INFO o.a.j.t.JMeterThread: Thread finished: Thread-Gruppe 3-4
2025-03-01 21:25:53,967 INFO o.a.j.t.JMeterThread: Stopping because end time detected by thread: Thread-Gruppe 1-44
2025-03-01 21:25:53,967 INFO o.a.j.t.JMeterThread: Thread finished: Thread-Gruppe 1-44
2025-03-01 21:25:53,984 INFO o.a.j.t.JMeterThread: Stopping because end time detected by thread: Thread-Gruppe 1-45
2025-03-01 21:25:53,984 INFO o.a.j.t.JMeterThread: Thread finished: Thread-Gruppe 1-45
2025-03-01 21:25:54,029 INFO o.a.j.t.JMeterThread: Stopping because end time detected by thread: Thread-Gruppe 2-16
2025-03-01 21:25:54,029 INFO o.a.j.t.JMeterThread: Thread finished: Thread-Gruppe 2-16
2025-03-01 21:25:54,124 INFO o.a.j.t.JMeterThread: Stopping because end time detected by thread: Thread-Gruppe 3-1
2025-03-01 21:25:54,124 INFO o.a.j.t.JMeterThread: Thread finished: Thread-Gruppe 3-1
2025-03-01 21:25:54,128 INFO o.a.j.e.StandardJMeterEngine: Notifying test listeners of end of test
2025-03-01 21:25:54,128 INFO o.a.j.r.Summariser: summary +   1817 in 00:00:24 =   75.4/s Avg:   356 Min:   242 Max:   937 Err:     0 (0.00%) Active: 0 Started: 100 Finished: 100
2025-03-01 21:25:54,128 INFO o.a.j.r.Summariser: summary =  45393 in 00:11:01 =   68.6/s Avg:   365 Min:   241 Max:  2836 Err:     1 (0.00%)
