2025-03-01 19:01:49,697 INFO o.a.j.u.JMeterUtils: Setting Locale to en_EN
2025-03-01 19:01:49,721 INFO o.a.j.JMeter: Loading user properties from: C:\Users\ASUS\Desktop\apache-jmeter-5.6.3\apache-jmeter-5.6.3\bin\user.properties
2025-03-01 19:01:49,723 INFO o.a.j.JMeter: Loading system properties from: C:\Users\ASUS\Desktop\apache-jmeter-5.6.3\apache-jmeter-5.6.3\bin\system.properties
2025-03-01 19:01:49,723 INFO o.a.j.JMeter: Setting JMeter property: lb_1_hostname=104.155.182.254
2025-03-01 19:01:49,723 INFO o.a.j.JMeter: Setting JMeter property: lb_2_hostname=35.246.73.6
2025-03-01 19:01:49,723 INFO o.a.j.JMeter: Setting JMeter property: lb_1_port=8090
2025-03-01 19:01:49,723 INFO o.a.j.JMeter: Setting JMeter property: lb_2_port=8091
2025-03-01 19:01:49,727 INFO o.a.j.JMeter: Setting JMeter property: warm_up_users=20
2025-03-01 19:01:49,727 INFO o.a.j.JMeter: Setting JMeter property: warm_up_time=60
2025-03-01 19:01:49,727 INFO o.a.j.JMeter: Setting JMeter property: test_run_time=600
2025-03-01 19:01:49,727 INFO o.a.j.JMeter: Setting JMeter property: ramp_up=10
2025-03-01 19:01:49,727 INFO o.a.j.JMeter: Setting JMeter property: group_1=75
2025-03-01 19:01:49,727 INFO o.a.j.JMeter: Setting JMeter property: group_2=20
2025-03-01 19:01:49,727 INFO o.a.j.JMeter: Setting JMeter property: group_3=5
2025-03-01 19:01:49,727 INFO o.a.j.JMeter: Setting JMeter property: group_1_request_rate=30
2025-03-01 19:01:49,727 INFO o.a.j.JMeter: Setting JMeter property: group_2_request_rate=90
2025-03-01 19:01:49,727 INFO o.a.j.JMeter: Setting JMeter property: group_3_request_rate=120
2025-03-01 19:01:49,727 INFO o.a.j.JMeter: Setting JMeter property: log_file=c:\\Users\\ASUS\\Desktop\\Repos\\rate-limiter-nginx\\jmeter\\cloud\\2025_03_01_18_17_logs\\gcra\\mysql_script_period_60_rate_100_burst_5\\warm_up_results.csv
2025-03-01 19:01:49,729 INFO o.a.j.JMeter: Setting JMeter property: algorithm=gcra_mysql_script_period_60_rate_100_burst_5
2025-03-01 19:01:49,729 INFO o.a.j.JMeter: Setting JMeter property: auth=/gcra/mysql_script_period_60_rate_100_burst_5/tools.descartes.teastore.auth/rest
2025-03-01 19:01:49,729 INFO o.a.j.JMeter: Setting JMeter property: persistence=/gcra/mysql_script_period_60_rate_100_burst_5/tools.descartes.teastore.persistence/rest
2025-03-01 19:01:49,729 INFO o.a.j.JMeter: Setting JMeter property: recommender=/gcra/mysql_script_period_60_rate_100_burst_5/tools.descartes.teastore.recommender/rest
2025-03-01 19:01:49,729 INFO o.a.j.JMeter: Setting JMeter property: image=/gcra/mysql_script_period_60_rate_100_burst_5/tools.descartes.teastore.image/rest
2025-03-01 19:01:49,740 INFO o.a.j.JMeter: Copyright (c) 1998-2024 The Apache Software Foundation
2025-03-01 19:01:49,740 INFO o.a.j.JMeter: Version 5.6.3
2025-03-01 19:01:49,740 INFO o.a.j.JMeter: java.version=17.0.9
2025-03-01 19:01:49,740 INFO o.a.j.JMeter: java.vm.name=Java HotSpot(TM) 64-Bit Server VM
2025-03-01 19:01:49,740 INFO o.a.j.JMeter: os.name=Windows 11
2025-03-01 19:01:49,740 INFO o.a.j.JMeter: os.arch=amd64
2025-03-01 19:01:49,740 INFO o.a.j.JMeter: os.version=10.0
2025-03-01 19:01:49,741 INFO o.a.j.JMeter: file.encoding=Cp1252
2025-03-01 19:01:49,741 INFO o.a.j.JMeter: java.awt.headless=true
2025-03-01 19:01:49,741 INFO o.a.j.JMeter: Max memory     =1073741824
2025-03-01 19:01:49,741 INFO o.a.j.JMeter: Available Processors =12
2025-03-01 19:01:49,755 INFO o.a.j.JMeter: Default Locale=English (EN)
2025-03-01 19:01:49,755 INFO o.a.j.JMeter: JMeter  Locale=English (EN)
2025-03-01 19:01:49,755 INFO o.a.j.JMeter: JMeterHome=C:\Users\ASUS\Desktop\apache-jmeter-5.6.3\apache-jmeter-5.6.3
2025-03-01 19:01:49,756 INFO o.a.j.JMeter: user.dir  =C:\Users\ASUS\Desktop\Repos\rate-limiter-nginx
2025-03-01 19:01:49,756 INFO o.a.j.JMeter: PWD       =C:\Users\ASUS\Desktop\Repos\rate-limiter-nginx
2025-03-01 19:01:49,757 INFO o.a.j.JMeter: IP: 192.168.1.45 Name: THIVA FullName: THIVA
2025-03-01 19:01:49,784 INFO o.a.j.s.FileServer: Default base='C:\Users\ASUS\Desktop\Repos\rate-limiter-nginx'
2025-03-01 19:01:49,787 INFO o.a.j.s.FileServer: Set new base='c:\Users\ASUS\Desktop\Repos\rate-limiter-nginx\jmeter\cloud'
2025-03-01 19:01:50,004 INFO o.a.j.s.SaveService: Testplan (JMX) version: 2.2. Testlog (JTL) version: 2.2
2025-03-01 19:01:50,037 INFO o.a.j.s.SaveService: Using SaveService properties version 5.0
2025-03-01 19:01:50,037 INFO o.a.j.s.SaveService: Using SaveService properties file encoding UTF-8
2025-03-01 19:01:50,046 INFO o.a.j.s.SaveService: Loading file: c:\Users\ASUS\Desktop\Repos\rate-limiter-nginx\jmeter\cloud\teastore_performance.jmx
2025-03-01 19:01:50,087 INFO o.a.j.p.h.c.CookieManager: Settings: Delete null: true Check: true Allow variable: true Save: false Prefix: COOKIE_
2025-03-01 19:01:50,125 INFO o.a.j.p.h.s.HTTPSamplerBase: Parser for text/html is org.apache.jmeter.protocol.http.parser.LagartoBasedHtmlParser
2025-03-01 19:01:50,125 INFO o.a.j.p.h.s.HTTPSamplerBase: Parser for application/xhtml+xml is org.apache.jmeter.protocol.http.parser.LagartoBasedHtmlParser
2025-03-01 19:01:50,125 INFO o.a.j.p.h.s.HTTPSamplerBase: Parser for application/xml is org.apache.jmeter.protocol.http.parser.LagartoBasedHtmlParser
2025-03-01 19:01:50,125 INFO o.a.j.p.h.s.HTTPSamplerBase: Parser for text/xml is org.apache.jmeter.protocol.http.parser.LagartoBasedHtmlParser
2025-03-01 19:01:50,125 INFO o.a.j.p.h.s.HTTPSamplerBase: Parser for text/vnd.wap.wml is org.apache.jmeter.protocol.http.parser.RegexpHTMLParser
2025-03-01 19:01:50,125 INFO o.a.j.p.h.s.HTTPSamplerBase: Parser for text/css is org.apache.jmeter.protocol.http.parser.CssParser
2025-03-01 19:01:50,239 INFO o.a.j.s.SampleResult: Note: Sample TimeStamps are START times
2025-03-01 19:01:50,239 INFO o.a.j.s.SampleResult: sampleresult.default.encoding is set to UTF-8
2025-03-01 19:01:50,239 INFO o.a.j.s.SampleResult: sampleresult.useNanoTime=true
2025-03-01 19:01:50,239 INFO o.a.j.s.SampleResult: sampleresult.nanoThreadSleep=5000
2025-03-01 19:01:50,269 INFO o.a.j.JMeter: Creating summariser <summary>
2025-03-01 19:01:50,290 INFO o.a.j.e.StandardJMeterEngine: Running the test!
2025-03-01 19:01:50,291 INFO o.a.j.s.SampleEvent: List of sample_variables: []
2025-03-01 19:01:50,291 INFO o.a.j.s.SampleEvent: List of sample_variables: []
2025-03-01 19:01:50,291 INFO o.a.j.e.u.CompoundVariable: Note: Function class names must contain the string: '.functions.'
2025-03-01 19:01:50,302 INFO o.a.j.e.u.CompoundVariable: Note: Function class names must not contain the string: '.gui.'
2025-03-01 19:01:50,402 INFO o.a.j.r.ClassFinder: Will scan jar C:\Users\ASUS\Desktop\apache-jmeter-5.6.3\apache-jmeter-5.6.3\lib\ext\jmeter-plugins-casutg-2.10.jar with filter ExtendsClassFilter [parents=[interface org.apache.jmeter.functions.Function], inner=false, contains=null, notContains=null]. Consider exposing JMeter plugins via META-INF/services, and add JMeter-Skip-Class-Scanning=true manifest attribute so JMeter can skip classfile scanning
2025-03-01 19:01:50,402 INFO o.a.j.r.ClassFinder: Will scan jar C:\Users\ASUS\Desktop\apache-jmeter-5.6.3\apache-jmeter-5.6.3\lib\ext\jmeter-plugins-graphs-vs-2.0.jar with filter ExtendsClassFilter [parents=[interface org.apache.jmeter.functions.Function], inner=false, contains=null, notContains=null]. Consider exposing JMeter plugins via META-INF/services, and add JMeter-Skip-Class-Scanning=true manifest attribute so JMeter can skip classfile scanning
2025-03-01 19:01:50,420 INFO o.a.j.r.ClassFinder: Will scan jar C:\Users\ASUS\Desktop\apache-jmeter-5.6.3\apache-jmeter-5.6.3\lib\ext\jmeter-plugins-manager-1.9.jar with filter ExtendsClassFilter [parents=[interface org.apache.jmeter.functions.Function], inner=false, contains=null, notContains=null]. Consider exposing JMeter plugins via META-INF/services, and add JMeter-Skip-Class-Scanning=true manifest attribute so JMeter can skip classfile scanning
2025-03-01 19:01:50,485 INFO o.a.j.r.ClassFinder: Will scan jar C:\Users\ASUS\Desktop\apache-jmeter-5.6.3\apache-jmeter-5.6.3\lib\ext\jmeter-plugins-graphs-basic-2.0.jar with filter ExtendsClassFilter [parents=[interface org.apache.jmeter.functions.Function], inner=false, contains=null, notContains=null]. Consider exposing JMeter plugins via META-INF/services, and add JMeter-Skip-Class-Scanning=true manifest attribute so JMeter can skip classfile scanning
2025-03-01 19:01:50,488 INFO o.a.j.r.ClassFinder: Will scan jar C:\Users\ASUS\Desktop\apache-jmeter-5.6.3\apache-jmeter-5.6.3\lib\ext\jmeter-plugins-manager-0.20.jar with filter ExtendsClassFilter [parents=[interface org.apache.jmeter.functions.Function], inner=false, contains=null, notContains=null]. Consider exposing JMeter plugins via META-INF/services, and add JMeter-Skip-Class-Scanning=true manifest attribute so JMeter can skip classfile scanning
2025-03-01 19:01:50,504 INFO o.a.j.r.ClassFinder: Will scan jar C:\Users\ASUS\Desktop\apache-jmeter-5.6.3\apache-jmeter-5.6.3\lib\ext\jmeter-plugins-tst-2.6.jar with filter ExtendsClassFilter [parents=[interface org.apache.jmeter.functions.Function], inner=false, contains=null, notContains=null]. Consider exposing JMeter plugins via META-INF/services, and add JMeter-Skip-Class-Scanning=true manifest attribute so JMeter can skip classfile scanning
2025-03-01 19:01:50,511 INFO o.a.j.r.ClassFinder: Will scan jar C:\Users\ASUS\Desktop\apache-jmeter-5.6.3\apache-jmeter-5.6.3\lib\ext\jmeter-parallel-0.12.jar with filter ExtendsClassFilter [parents=[interface org.apache.jmeter.functions.Function], inner=false, contains=null, notContains=null]. Consider exposing JMeter plugins via META-INF/services, and add JMeter-Skip-Class-Scanning=true manifest attribute so JMeter can skip classfile scanning
2025-03-01 19:01:50,791 INFO o.a.j.JMeter: Running test (1740835910791)
2025-03-01 19:01:50,791 INFO o.a.j.e.StandardJMeterEngine: Starting setUp thread groups
2025-03-01 19:01:50,791 INFO o.a.j.e.StandardJMeterEngine: Starting setUp ThreadGroup: 1 : setUp Thread Group 
2025-03-01 19:01:50,791 INFO o.a.j.e.StandardJMeterEngine: Starting 20 threads for group setUp Thread Group.
2025-03-01 19:01:50,791 INFO o.a.j.e.StandardJMeterEngine: Thread will continue on error
2025-03-01 19:01:50,791 INFO o.a.j.t.ThreadGroup: Starting thread group... number=1 threads=20 ramp-up=10 delayedStart=false
2025-03-01 19:01:50,817 INFO o.a.j.t.JMeterThread: Thread started: setUp Thread Group 1-1
2025-03-01 19:01:50,849 INFO o.a.j.t.ThreadGroup: Started thread group number 1
2025-03-01 19:01:50,850 INFO o.a.j.e.StandardJMeterEngine: Waiting for all setup thread groups to exit
2025-03-01 19:01:51,302 INFO o.a.j.t.JMeterThread: Thread started: setUp Thread Group 1-2
2025-03-01 19:01:51,719 INFO o.a.j.p.h.s.HTTPHCAbstractImpl: Local host = THIVA
2025-03-01 19:01:51,725 INFO o.a.j.p.h.s.HTTPHC4Impl: HTTP request retry count = 0
2025-03-01 19:01:51,804 INFO o.a.j.t.JMeterThread: Thread started: setUp Thread Group 1-3
2025-03-01 19:01:52,299 INFO o.a.j.t.JMeterThread: Thread started: setUp Thread Group 1-4
2025-03-01 19:01:52,799 INFO o.a.j.t.JMeterThread: Thread started: setUp Thread Group 1-5
2025-03-01 19:01:53,296 INFO o.a.j.t.JMeterThread: Thread started: setUp Thread Group 1-6
2025-03-01 19:01:53,799 INFO o.a.j.t.JMeterThread: Thread started: setUp Thread Group 1-7
2025-03-01 19:01:54,301 INFO o.a.j.t.JMeterThread: Thread started: setUp Thread Group 1-8
2025-03-01 19:01:54,798 INFO o.a.j.t.JMeterThread: Thread started: setUp Thread Group 1-9
2025-03-01 19:01:55,298 INFO o.a.j.t.JMeterThread: Thread started: setUp Thread Group 1-10
2025-03-01 19:01:55,798 INFO o.a.j.t.JMeterThread: Thread started: setUp Thread Group 1-11
2025-03-01 19:01:56,298 INFO o.a.j.t.JMeterThread: Thread started: setUp Thread Group 1-12
2025-03-01 19:01:56,798 INFO o.a.j.t.JMeterThread: Thread started: setUp Thread Group 1-13
2025-03-01 19:01:57,297 INFO o.a.j.t.JMeterThread: Thread started: setUp Thread Group 1-14
2025-03-01 19:01:57,796 INFO o.a.j.t.JMeterThread: Thread started: setUp Thread Group 1-15
2025-03-01 19:01:58,298 INFO o.a.j.t.JMeterThread: Thread started: setUp Thread Group 1-16
2025-03-01 19:01:58,798 INFO o.a.j.t.JMeterThread: Thread started: setUp Thread Group 1-17
2025-03-01 19:01:59,296 INFO o.a.j.t.JMeterThread: Thread started: setUp Thread Group 1-18
2025-03-01 19:01:59,796 INFO o.a.j.t.JMeterThread: Thread started: setUp Thread Group 1-19
2025-03-01 19:02:00,296 INFO o.a.j.t.JMeterThread: Thread started: setUp Thread Group 1-20
2025-03-01 19:02:50,641 INFO o.a.j.t.JMeterThread: Thread finished: setUp Thread Group 1-3
2025-03-01 19:02:50,678 INFO o.a.j.t.JMeterThread: Thread finished: setUp Thread Group 1-19
2025-03-01 19:02:50,723 INFO o.a.j.t.JMeterThread: Thread finished: setUp Thread Group 1-15
2025-03-01 19:02:50,729 INFO o.a.j.t.JMeterThread: Thread finished: setUp Thread Group 1-7
2025-03-01 19:02:50,760 INFO o.a.j.t.JMeterThread: Thread finished: setUp Thread Group 1-2
2025-03-01 19:02:50,847 INFO o.a.j.t.JMeterThread: Stopping because end time detected by thread: setUp Thread Group 1-11
2025-03-01 19:02:50,847 INFO o.a.j.t.JMeterThread: Thread finished: setUp Thread Group 1-11
2025-03-01 19:02:50,909 INFO o.a.j.t.JMeterThread: Stopping because end time detected by thread: setUp Thread Group 1-16
2025-03-01 19:02:50,909 INFO o.a.j.t.JMeterThread: Thread finished: setUp Thread Group 1-16
2025-03-01 19:02:50,922 INFO o.a.j.t.JMeterThread: Stopping because end time detected by thread: setUp Thread Group 1-8
2025-03-01 19:02:50,922 INFO o.a.j.t.JMeterThread: Thread finished: setUp Thread Group 1-8
2025-03-01 19:02:50,938 INFO o.a.j.t.JMeterThread: Stopping because end time detected by thread: setUp Thread Group 1-12
2025-03-01 19:02:50,938 INFO o.a.j.t.JMeterThread: Thread finished: setUp Thread Group 1-12
2025-03-01 19:02:50,954 INFO o.a.j.t.JMeterThread: Stopping because end time detected by thread: setUp Thread Group 1-5
2025-03-01 19:02:50,954 INFO o.a.j.t.JMeterThread: Thread finished: setUp Thread Group 1-5
2025-03-01 19:02:50,973 INFO o.a.j.t.JMeterThread: Stopping because end time detected by thread: setUp Thread Group 1-6
2025-03-01 19:02:50,973 INFO o.a.j.t.JMeterThread: Thread finished: setUp Thread Group 1-6
2025-03-01 19:02:51,055 INFO o.a.j.t.JMeterThread: Stopping because end time detected by thread: setUp Thread Group 1-18
2025-03-01 19:02:51,055 INFO o.a.j.t.JMeterThread: Thread finished: setUp Thread Group 1-18
2025-03-01 19:02:51,068 INFO o.a.j.t.JMeterThread: Stopping because end time detected by thread: setUp Thread Group 1-10
2025-03-01 19:02:51,068 INFO o.a.j.t.JMeterThread: Thread finished: setUp Thread Group 1-10
2025-03-01 19:02:51,074 INFO o.a.j.t.JMeterThread: Stopping because end time detected by thread: setUp Thread Group 1-13
2025-03-01 19:02:51,074 INFO o.a.j.t.JMeterThread: Thread finished: setUp Thread Group 1-13
2025-03-01 19:02:51,194 INFO o.a.j.t.JMeterThread: Stopping because end time detected by thread: setUp Thread Group 1-9
2025-03-01 19:02:51,194 INFO o.a.j.t.JMeterThread: Thread finished: setUp Thread Group 1-9
2025-03-01 19:02:51,210 INFO o.a.j.t.JMeterThread: Stopping because end time detected by thread: setUp Thread Group 1-17
2025-03-01 19:02:51,210 INFO o.a.j.t.JMeterThread: Thread finished: setUp Thread Group 1-17
2025-03-01 19:02:51,242 INFO o.a.j.t.JMeterThread: Stopping because end time detected by thread: setUp Thread Group 1-20
2025-03-01 19:02:51,242 INFO o.a.j.t.JMeterThread: Thread finished: setUp Thread Group 1-20
2025-03-01 19:02:51,274 INFO o.a.j.t.JMeterThread: Stopping because end time detected by thread: setUp Thread Group 1-4
2025-03-01 19:02:51,287 INFO o.a.j.t.JMeterThread: Thread finished: setUp Thread Group 1-4
2025-03-01 19:02:51,591 INFO o.a.j.t.JMeterThread: Stopping because end time detected by thread: setUp Thread Group 1-14
2025-03-01 19:02:51,591 INFO o.a.j.t.JMeterThread: Thread finished: setUp Thread Group 1-14
2025-03-01 19:02:51,682 INFO o.a.j.t.JMeterThread: Stopping because end time detected by thread: setUp Thread Group 1-1
2025-03-01 19:02:51,682 INFO o.a.j.t.JMeterThread: Thread finished: setUp Thread Group 1-1
2025-03-01 19:02:51,682 INFO o.a.j.e.StandardJMeterEngine: All Setup Threads have ended
2025-03-01 19:02:51,719 INFO o.a.j.e.StandardJMeterEngine: Starting ThreadGroup: 1 : Thread-Gruppe
2025-03-01 19:02:51,719 INFO o.a.j.e.StandardJMeterEngine: Starting 75 threads for group Thread-Gruppe.
2025-03-01 19:02:51,719 INFO o.a.j.e.StandardJMeterEngine: Thread will continue on error
2025-03-01 19:02:51,719 INFO o.a.j.t.ThreadGroup: Starting thread group... number=1 threads=75 ramp-up=10 delayedStart=false
2025-03-01 19:02:51,723 INFO o.a.j.t.JMeterThread: Thread started: Thread-Gruppe 1-1
2025-03-01 19:02:51,782 INFO o.a.j.t.ThreadGroup: Started thread group number 1
2025-03-01 19:02:51,782 INFO o.a.j.e.StandardJMeterEngine: Starting ThreadGroup: 2 : Thread-Gruppe
2025-03-01 19:02:51,782 INFO o.a.j.e.StandardJMeterEngine: Starting 20 threads for group Thread-Gruppe.
2025-03-01 19:02:51,783 INFO o.a.j.e.StandardJMeterEngine: Thread will continue on error
2025-03-01 19:02:51,783 INFO o.a.j.t.ThreadGroup: Starting thread group... number=2 threads=20 ramp-up=10 delayedStart=false
2025-03-01 19:02:51,785 INFO o.a.j.t.JMeterThread: Thread started: Thread-Gruppe 2-1
2025-03-01 19:02:51,795 INFO o.a.j.t.ThreadGroup: Started thread group number 2
2025-03-01 19:02:51,795 INFO o.a.j.e.StandardJMeterEngine: Starting ThreadGroup: 3 : Thread-Gruppe
2025-03-01 19:02:51,795 INFO o.a.j.e.StandardJMeterEngine: Starting 5 threads for group Thread-Gruppe.
2025-03-01 19:02:51,795 INFO o.a.j.e.StandardJMeterEngine: Thread will continue on error
2025-03-01 19:02:51,795 INFO o.a.j.t.ThreadGroup: Starting thread group... number=3 threads=5 ramp-up=10 delayedStart=false
2025-03-01 19:02:51,797 INFO o.a.j.t.JMeterThread: Thread started: Thread-Gruppe 3-1
2025-03-01 19:02:51,801 INFO o.a.j.t.ThreadGroup: Started thread group number 3
2025-03-01 19:02:51,801 INFO o.a.j.e.StandardJMeterEngine: All thread groups have been started
2025-03-01 19:02:51,856 INFO o.a.j.t.JMeterThread: Thread started: Thread-Gruppe 1-2
2025-03-01 19:02:51,990 INFO o.a.j.t.JMeterThread: Thread started: Thread-Gruppe 1-3
2025-03-01 19:02:52,122 INFO o.a.j.t.JMeterThread: Thread started: Thread-Gruppe 1-4
2025-03-01 19:02:52,254 INFO o.a.j.t.JMeterThread: Thread started: Thread-Gruppe 1-5
2025-03-01 19:02:52,286 INFO o.a.j.t.JMeterThread: Thread started: Thread-Gruppe 2-2
2025-03-01 19:02:52,387 INFO o.a.j.t.JMeterThread: Thread started: Thread-Gruppe 1-6
2025-03-01 19:02:52,519 INFO o.a.j.t.JMeterThread: Thread started: Thread-Gruppe 1-7
2025-03-01 19:02:52,652 INFO o.a.j.t.JMeterThread: Thread started: Thread-Gruppe 1-8
2025-03-01 19:02:52,785 INFO o.a.j.t.JMeterThread: Thread started: Thread-Gruppe 2-3
2025-03-01 19:02:52,786 INFO o.a.j.t.JMeterThread: Thread started: Thread-Gruppe 1-9
2025-03-01 19:02:52,923 INFO o.a.j.t.JMeterThread: Thread started: Thread-Gruppe 1-10
2025-03-01 19:02:53,052 INFO o.a.j.t.JMeterThread: Thread started: Thread-Gruppe 1-11
2025-03-01 19:02:53,184 INFO o.a.j.t.JMeterThread: Thread started: Thread-Gruppe 1-12
2025-03-01 19:02:53,286 INFO o.a.j.t.JMeterThread: Thread started: Thread-Gruppe 2-4
2025-03-01 19:02:53,318 INFO o.a.j.t.JMeterThread: Thread started: Thread-Gruppe 1-13
2025-03-01 19:02:53,452 INFO o.a.j.t.JMeterThread: Thread started: Thread-Gruppe 1-14
2025-03-01 19:02:53,583 INFO o.a.j.t.JMeterThread: Thread started: Thread-Gruppe 1-15
2025-03-01 19:02:53,719 INFO o.a.j.t.JMeterThread: Thread started: Thread-Gruppe 1-16
2025-03-01 19:02:53,784 INFO o.a.j.t.JMeterThread: Thread started: Thread-Gruppe 2-5
2025-03-01 19:02:53,798 INFO o.a.j.t.JMeterThread: Thread started: Thread-Gruppe 3-2
2025-03-01 19:02:53,850 INFO o.a.j.t.JMeterThread: Thread started: Thread-Gruppe 1-17
2025-03-01 19:02:53,983 INFO o.a.j.t.JMeterThread: Thread started: Thread-Gruppe 1-18
2025-03-01 19:02:54,116 INFO o.a.j.t.JMeterThread: Thread started: Thread-Gruppe 1-19
2025-03-01 19:02:54,249 INFO o.a.j.t.JMeterThread: Thread started: Thread-Gruppe 1-20
2025-03-01 19:02:54,285 INFO o.a.j.t.JMeterThread: Thread started: Thread-Gruppe 2-6
2025-03-01 19:02:54,381 INFO o.a.j.t.JMeterThread: Thread started: Thread-Gruppe 1-21
2025-03-01 19:02:54,515 INFO o.a.j.t.JMeterThread: Thread started: Thread-Gruppe 1-22
2025-03-01 19:02:54,646 INFO o.a.j.t.JMeterThread: Thread started: Thread-Gruppe 1-23
2025-03-01 19:02:54,780 INFO o.a.j.t.JMeterThread: Thread started: Thread-Gruppe 1-24
2025-03-01 19:02:54,785 INFO o.a.j.t.JMeterThread: Thread started: Thread-Gruppe 2-7
2025-03-01 19:02:54,913 INFO o.a.j.t.JMeterThread: Thread started: Thread-Gruppe 1-25
2025-03-01 19:02:55,047 INFO o.a.j.t.JMeterThread: Thread started: Thread-Gruppe 1-26
2025-03-01 19:02:55,180 INFO o.a.j.t.JMeterThread: Thread started: Thread-Gruppe 1-27
2025-03-01 19:02:55,286 INFO o.a.j.t.JMeterThread: Thread started: Thread-Gruppe 2-8
2025-03-01 19:02:55,312 INFO o.a.j.t.JMeterThread: Thread started: Thread-Gruppe 1-28
2025-03-01 19:02:55,445 INFO o.a.j.t.JMeterThread: Thread started: Thread-Gruppe 1-29
2025-03-01 19:02:55,577 INFO o.a.j.t.JMeterThread: Thread started: Thread-Gruppe 1-30
2025-03-01 19:02:55,712 INFO o.a.j.t.JMeterThread: Thread started: Thread-Gruppe 1-31
2025-03-01 19:02:55,785 INFO o.a.j.t.JMeterThread: Thread started: Thread-Gruppe 2-9
2025-03-01 19:02:55,799 INFO o.a.j.t.JMeterThread: Thread started: Thread-Gruppe 3-3
2025-03-01 19:02:55,845 INFO o.a.j.t.JMeterThread: Thread started: Thread-Gruppe 1-32
2025-03-01 19:02:55,977 INFO o.a.j.t.JMeterThread: Thread started: Thread-Gruppe 1-33
2025-03-01 19:02:56,109 INFO o.a.j.t.JMeterThread: Thread started: Thread-Gruppe 1-34
2025-03-01 19:02:56,245 INFO o.a.j.t.JMeterThread: Thread started: Thread-Gruppe 1-35
2025-03-01 19:02:56,285 INFO o.a.j.t.JMeterThread: Thread started: Thread-Gruppe 2-10
2025-03-01 19:02:56,376 INFO o.a.j.t.JMeterThread: Thread started: Thread-Gruppe 1-36
2025-03-01 19:02:56,509 INFO o.a.j.t.JMeterThread: Thread started: Thread-Gruppe 1-37
2025-03-01 19:02:56,643 INFO o.a.j.t.JMeterThread: Thread started: Thread-Gruppe 1-38
2025-03-01 19:02:56,775 INFO o.a.j.t.JMeterThread: Thread started: Thread-Gruppe 1-39
2025-03-01 19:02:56,784 INFO o.a.j.t.JMeterThread: Thread started: Thread-Gruppe 2-11
2025-03-01 19:02:56,908 INFO o.a.j.t.JMeterThread: Thread started: Thread-Gruppe 1-40
2025-03-01 19:02:57,040 INFO o.a.j.t.JMeterThread: Thread started: Thread-Gruppe 1-41
2025-03-01 19:02:57,174 INFO o.a.j.t.JMeterThread: Thread started: Thread-Gruppe 1-42
2025-03-01 19:02:57,284 INFO o.a.j.t.JMeterThread: Thread started: Thread-Gruppe 2-12
2025-03-01 19:02:57,306 INFO o.a.j.t.JMeterThread: Thread started: Thread-Gruppe 1-43
2025-03-01 19:02:57,442 INFO o.a.j.t.JMeterThread: Thread started: Thread-Gruppe 1-44
2025-03-01 19:02:57,573 INFO o.a.j.t.JMeterThread: Thread started: Thread-Gruppe 1-45
2025-03-01 19:02:57,706 INFO o.a.j.t.JMeterThread: Thread started: Thread-Gruppe 1-46
2025-03-01 19:02:57,785 INFO o.a.j.t.JMeterThread: Thread started: Thread-Gruppe 2-13
2025-03-01 19:02:57,797 INFO o.a.j.t.JMeterThread: Thread started: Thread-Gruppe 3-4
2025-03-01 19:02:57,839 INFO o.a.j.t.JMeterThread: Thread started: Thread-Gruppe 1-47
2025-03-01 19:02:57,972 INFO o.a.j.t.JMeterThread: Thread started: Thread-Gruppe 1-48
2025-03-01 19:02:58,106 INFO o.a.j.t.JMeterThread: Thread started: Thread-Gruppe 1-49
2025-03-01 19:02:58,240 INFO o.a.j.t.JMeterThread: Thread started: Thread-Gruppe 1-50
2025-03-01 19:02:58,285 INFO o.a.j.t.JMeterThread: Thread started: Thread-Gruppe 2-14
2025-03-01 19:02:58,371 INFO o.a.j.t.JMeterThread: Thread started: Thread-Gruppe 1-51
2025-03-01 19:02:58,504 INFO o.a.j.t.JMeterThread: Thread started: Thread-Gruppe 1-52
2025-03-01 19:02:58,638 INFO o.a.j.t.JMeterThread: Thread started: Thread-Gruppe 1-53
2025-03-01 19:02:58,771 INFO o.a.j.t.JMeterThread: Thread started: Thread-Gruppe 1-54
2025-03-01 19:02:58,786 INFO o.a.j.t.JMeterThread: Thread started: Thread-Gruppe 2-15
2025-03-01 19:02:58,902 INFO o.a.j.t.JMeterThread: Thread started: Thread-Gruppe 1-55
2025-03-01 19:02:59,037 INFO o.a.j.t.JMeterThread: Thread started: Thread-Gruppe 1-56
2025-03-01 19:02:59,170 INFO o.a.j.t.JMeterThread: Thread started: Thread-Gruppe 1-57
2025-03-01 19:02:59,284 INFO o.a.j.t.JMeterThread: Thread started: Thread-Gruppe 2-16
2025-03-01 19:02:59,302 INFO o.a.j.t.JMeterThread: Thread started: Thread-Gruppe 1-58
2025-03-01 19:02:59,434 INFO o.a.j.t.JMeterThread: Thread started: Thread-Gruppe 1-59
2025-03-01 19:02:59,570 INFO o.a.j.t.JMeterThread: Thread started: Thread-Gruppe 1-60
2025-03-01 19:02:59,702 INFO o.a.j.t.JMeterThread: Thread started: Thread-Gruppe 1-61
2025-03-01 19:02:59,785 INFO o.a.j.t.JMeterThread: Thread started: Thread-Gruppe 2-17
2025-03-01 19:02:59,797 INFO o.a.j.t.JMeterThread: Thread started: Thread-Gruppe 3-5
2025-03-01 19:02:59,833 INFO o.a.j.t.JMeterThread: Thread started: Thread-Gruppe 1-62
2025-03-01 19:02:59,968 INFO o.a.j.t.JMeterThread: Thread started: Thread-Gruppe 1-63
2025-03-01 19:03:00,002 INFO o.a.j.r.Summariser: summary +    282 in 00:01:09 =    4.1/s Avg:   500 Min:   247 Max:  1172 Err:     0 (0.00%) Active: 85 Started: 85 Finished: 0
2025-03-01 19:03:00,100 INFO o.a.j.t.JMeterThread: Thread started: Thread-Gruppe 1-64
2025-03-01 19:03:00,234 INFO o.a.j.t.JMeterThread: Thread started: Thread-Gruppe 1-65
2025-03-01 19:03:00,286 INFO o.a.j.t.JMeterThread: Thread started: Thread-Gruppe 2-18
2025-03-01 19:03:00,366 INFO o.a.j.t.JMeterThread: Thread started: Thread-Gruppe 1-66
2025-03-01 19:03:00,500 INFO o.a.j.t.JMeterThread: Thread started: Thread-Gruppe 1-67
2025-03-01 19:03:00,632 INFO o.a.j.t.JMeterThread: Thread started: Thread-Gruppe 1-68
2025-03-01 19:03:00,765 INFO o.a.j.t.JMeterThread: Thread started: Thread-Gruppe 1-69
2025-03-01 19:03:00,786 INFO o.a.j.t.JMeterThread: Thread started: Thread-Gruppe 2-19
2025-03-01 19:03:00,899 INFO o.a.j.t.JMeterThread: Thread started: Thread-Gruppe 1-70
2025-03-01 19:03:01,030 INFO o.a.j.t.JMeterThread: Thread started: Thread-Gruppe 1-71
2025-03-01 19:03:01,164 INFO o.a.j.t.JMeterThread: Thread started: Thread-Gruppe 1-72
2025-03-01 19:03:01,285 INFO o.a.j.t.JMeterThread: Thread started: Thread-Gruppe 2-20
2025-03-01 19:03:01,297 INFO o.a.j.t.JMeterThread: Thread started: Thread-Gruppe 1-73
2025-03-01 19:03:01,429 INFO o.a.j.t.JMeterThread: Thread started: Thread-Gruppe 1-74
2025-03-01 19:03:01,563 INFO o.a.j.t.JMeterThread: Thread started: Thread-Gruppe 1-75
2025-03-01 19:03:30,004 INFO o.a.j.r.Summariser: summary +   2263 in 00:00:30 =   75.4/s Avg:   447 Min:   246 Max:  1066 Err:     2 (0.09%) Active: 100 Started: 100 Finished: 0
2025-03-01 19:03:30,005 INFO o.a.j.r.Summariser: summary =   2545 in 00:01:39 =   25.7/s Avg:   453 Min:   246 Max:  1172 Err:     2 (0.08%)
2025-03-01 19:04:00,000 INFO o.a.j.r.Summariser: summary +   2266 in 00:00:30 =   75.5/s Avg:   459 Min:   245 Max:  1280 Err:     0 (0.00%) Active: 100 Started: 100 Finished: 0
2025-03-01 19:04:00,001 INFO o.a.j.r.Summariser: summary =   4811 in 00:02:09 =   37.2/s Avg:   456 Min:   245 Max:  1280 Err:     2 (0.04%)
2025-03-01 19:04:30,009 INFO o.a.j.r.Summariser: summary +   2271 in 00:00:30 =   75.7/s Avg:   446 Min:   243 Max:  1620 Err:     0 (0.00%) Active: 100 Started: 100 Finished: 0
2025-03-01 19:04:30,011 INFO o.a.j.r.Summariser: summary =   7082 in 00:02:39 =   44.5/s Avg:   453 Min:   243 Max:  1620 Err:     2 (0.03%)
2025-03-01 19:05:00,017 INFO o.a.j.r.Summariser: summary +   2258 in 00:00:30 =   75.2/s Avg:   452 Min:   242 Max:  1293 Err:     0 (0.00%) Active: 100 Started: 100 Finished: 0
2025-03-01 19:05:00,018 INFO o.a.j.r.Summariser: summary =   9340 in 00:03:09 =   49.4/s Avg:   452 Min:   242 Max:  1620 Err:     2 (0.02%)
2025-03-01 19:05:30,040 INFO o.a.j.r.Summariser: summary +   2276 in 00:00:30 =   75.8/s Avg:   453 Min:   245 Max:  1221 Err:     0 (0.00%) Active: 100 Started: 100 Finished: 0
2025-03-01 19:05:30,041 INFO o.a.j.r.Summariser: summary =  11616 in 00:03:39 =   53.0/s Avg:   452 Min:   242 Max:  1620 Err:     2 (0.02%)
2025-03-01 19:06:00,000 INFO o.a.j.r.Summariser: summary +   2257 in 00:00:30 =   75.3/s Avg:   447 Min:   246 Max:  1236 Err:     0 (0.00%) Active: 100 Started: 100 Finished: 0
2025-03-01 19:06:00,001 INFO o.a.j.r.Summariser: summary =  13873 in 00:04:09 =   55.7/s Avg:   452 Min:   242 Max:  1620 Err:     2 (0.01%)
2025-03-01 19:06:30,021 INFO o.a.j.r.Summariser: summary +   2280 in 00:00:30 =   75.9/s Avg:   460 Min:   246 Max:  1526 Err:     0 (0.00%) Active: 100 Started: 100 Finished: 0
2025-03-01 19:06:30,021 INFO o.a.j.r.Summariser: summary =  16153 in 00:04:39 =   57.8/s Avg:   453 Min:   242 Max:  1620 Err:     2 (0.01%)
2025-03-01 19:07:00,027 INFO o.a.j.r.Summariser: summary +   2265 in 00:00:30 =   75.5/s Avg:   437 Min:   246 Max:  1079 Err:     0 (0.00%) Active: 100 Started: 100 Finished: 0
2025-03-01 19:07:00,028 INFO o.a.j.r.Summariser: summary =  18418 in 00:05:09 =   59.6/s Avg:   451 Min:   242 Max:  1620 Err:     2 (0.01%)
2025-03-01 19:07:30,000 INFO o.a.j.r.Summariser: summary +   2273 in 00:00:30 =   75.8/s Avg:   462 Min:   246 Max:  1281 Err:     0 (0.00%) Active: 100 Started: 100 Finished: 0
2025-03-01 19:07:30,001 INFO o.a.j.r.Summariser: summary =  20691 in 00:05:39 =   61.0/s Avg:   452 Min:   242 Max:  1620 Err:     2 (0.01%)
2025-03-01 19:08:00,047 INFO o.a.j.r.Summariser: summary +   2268 in 00:00:30 =   75.5/s Avg:   442 Min:   245 Max:  1293 Err:     0 (0.00%) Active: 100 Started: 100 Finished: 0
2025-03-01 19:08:00,048 INFO o.a.j.r.Summariser: summary =  22959 in 00:06:09 =   62.2/s Avg:   451 Min:   242 Max:  1620 Err:     2 (0.01%)
2025-03-01 19:08:30,041 INFO o.a.j.r.Summariser: summary +   2265 in 00:00:30 =   75.5/s Avg:   456 Min:   246 Max:  1294 Err:     1 (0.04%) Active: 100 Started: 100 Finished: 0
2025-03-01 19:08:30,042 INFO o.a.j.r.Summariser: summary =  25224 in 00:06:39 =   63.2/s Avg:   451 Min:   242 Max:  1620 Err:     3 (0.01%)
2025-03-01 19:09:00,049 INFO o.a.j.r.Summariser: summary +   2265 in 00:00:30 =   75.5/s Avg:   446 Min:   245 Max:  1150 Err:     0 (0.00%) Active: 100 Started: 100 Finished: 0
2025-03-01 19:09:00,050 INFO o.a.j.r.Summariser: summary =  27489 in 00:07:09 =   64.0/s Avg:   451 Min:   242 Max:  1620 Err:     3 (0.01%)
2025-03-01 19:09:30,058 INFO o.a.j.r.Summariser: summary +   2266 in 00:00:30 =   75.5/s Avg:   465 Min:   246 Max:  1274 Err:     1 (0.04%) Active: 100 Started: 100 Finished: 0
2025-03-01 19:09:30,059 INFO o.a.j.r.Summariser: summary =  29755 in 00:07:39 =   64.8/s Avg:   452 Min:   242 Max:  1620 Err:     4 (0.01%)
2025-03-01 19:10:00,009 INFO o.a.j.r.Summariser: summary +   2262 in 00:00:30 =   75.5/s Avg:   448 Min:   246 Max:  1069 Err:     0 (0.00%) Active: 100 Started: 100 Finished: 0
2025-03-01 19:10:00,009 INFO o.a.j.r.Summariser: summary =  32017 in 00:08:09 =   65.4/s Avg:   452 Min:   242 Max:  1620 Err:     4 (0.01%)
2025-03-01 19:10:30,033 INFO o.a.j.r.Summariser: summary +   2274 in 00:00:30 =   75.7/s Avg:   458 Min:   246 Max:  1419 Err:     0 (0.00%) Active: 100 Started: 100 Finished: 0
2025-03-01 19:10:30,034 INFO o.a.j.r.Summariser: summary =  34291 in 00:08:39 =   66.0/s Avg:   452 Min:   242 Max:  1620 Err:     4 (0.01%)
2025-03-01 19:11:00,027 INFO o.a.j.r.Summariser: summary +   2263 in 00:00:30 =   75.5/s Avg:   433 Min:   244 Max:  1145 Err:     0 (0.00%) Active: 100 Started: 100 Finished: 0
2025-03-01 19:11:00,027 INFO o.a.j.r.Summariser: summary =  36554 in 00:09:09 =   66.6/s Avg:   451 Min:   242 Max:  1620 Err:     4 (0.01%)
2025-03-01 19:11:30,002 INFO o.a.j.r.Summariser: summary +   2269 in 00:00:30 =   75.7/s Avg:   457 Min:   245 Max:  1181 Err:     0 (0.00%) Active: 100 Started: 100 Finished: 0
2025-03-01 19:11:30,002 INFO o.a.j.r.Summariser: summary =  38823 in 00:09:39 =   67.0/s Avg:   451 Min:   242 Max:  1620 Err:     4 (0.01%)
2025-03-01 19:12:00,012 INFO o.a.j.r.Summariser: summary +   2267 in 00:00:30 =   75.5/s Avg:   452 Min:   246 Max:  1263 Err:     0 (0.00%) Active: 100 Started: 100 Finished: 0
2025-03-01 19:12:00,012 INFO o.a.j.r.Summariser: summary =  41090 in 00:10:09 =   67.4/s Avg:   451 Min:   242 Max:  1620 Err:     4 (0.01%)
2025-03-01 19:12:30,024 INFO o.a.j.r.Summariser: summary +   2261 in 00:00:30 =   75.3/s Avg:   460 Min:   246 Max:  1101 Err:     0 (0.00%) Active: 100 Started: 100 Finished: 0
2025-03-01 19:12:30,025 INFO o.a.j.r.Summariser: summary =  43351 in 00:10:39 =   67.8/s Avg:   452 Min:   242 Max:  1620 Err:     4 (0.01%)
2025-03-01 19:12:50,102 INFO o.a.j.t.JMeterThread: Thread finished: Thread-Gruppe 1-47
2025-03-01 19:12:50,107 INFO o.a.j.t.JMeterThread: Thread finished: Thread-Gruppe 1-17
2025-03-01 19:12:50,240 INFO o.a.j.t.JMeterThread: Thread finished: Thread-Gruppe 1-1
2025-03-01 19:12:50,240 INFO o.a.j.t.JMeterThread: Thread finished: Thread-Gruppe 1-48
2025-03-01 19:12:50,241 INFO o.a.j.t.JMeterThread: Thread finished: Thread-Gruppe 1-18
2025-03-01 19:12:50,326 INFO o.a.j.t.JMeterThread: Thread finished: Thread-Gruppe 1-62
2025-03-01 19:12:50,358 INFO o.a.j.t.JMeterThread: Thread finished: Thread-Gruppe 1-2
2025-03-01 19:12:50,362 INFO o.a.j.t.JMeterThread: Thread finished: Thread-Gruppe 1-49
2025-03-01 19:12:50,381 INFO o.a.j.t.JMeterThread: Thread finished: Thread-Gruppe 1-19
2025-03-01 19:12:50,462 INFO o.a.j.t.JMeterThread: Thread finished: Thread-Gruppe 1-63
2025-03-01 19:12:50,469 INFO o.a.j.t.JMeterThread: Thread finished: Thread-Gruppe 1-3
2025-03-01 19:12:50,497 INFO o.a.j.t.JMeterThread: Thread finished: Thread-Gruppe 1-50
2025-03-01 19:12:50,525 INFO o.a.j.t.JMeterThread: Thread finished: Thread-Gruppe 1-20
2025-03-01 19:12:50,582 INFO o.a.j.t.JMeterThread: Thread finished: Thread-Gruppe 1-64
2025-03-01 19:12:50,619 INFO o.a.j.t.JMeterThread: Thread finished: Thread-Gruppe 1-4
2025-03-01 19:12:50,620 INFO o.a.j.t.JMeterThread: Thread finished: Thread-Gruppe 1-51
2025-03-01 19:12:50,637 INFO o.a.j.t.JMeterThread: Thread finished: Thread-Gruppe 1-21
2025-03-01 19:12:50,726 INFO o.a.j.t.JMeterThread: Thread finished: Thread-Gruppe 1-32
2025-03-01 19:12:50,729 INFO o.a.j.t.JMeterThread: Thread finished: Thread-Gruppe 1-65
2025-03-01 19:12:50,734 INFO o.a.j.t.JMeterThread: Thread finished: Thread-Gruppe 1-5
2025-03-01 19:12:50,758 INFO o.a.j.t.JMeterThread: Thread finished: Thread-Gruppe 1-52
2025-03-01 19:12:50,770 INFO o.a.j.t.JMeterThread: Thread finished: Thread-Gruppe 1-22
2025-03-01 19:12:50,865 INFO o.a.j.t.JMeterThread: Thread finished: Thread-Gruppe 1-66
2025-03-01 19:12:50,883 INFO o.a.j.t.JMeterThread: Thread finished: Thread-Gruppe 1-6
2025-03-01 19:12:50,894 INFO o.a.j.t.JMeterThread: Thread finished: Thread-Gruppe 1-33
2025-03-01 19:12:50,897 INFO o.a.j.t.JMeterThread: Thread finished: Thread-Gruppe 1-23
2025-03-01 19:12:50,915 INFO o.a.j.t.JMeterThread: Thread finished: Thread-Gruppe 1-53
2025-03-01 19:12:50,969 INFO o.a.j.t.JMeterThread: Thread finished: Thread-Gruppe 1-34
2025-03-01 19:12:50,992 INFO o.a.j.t.JMeterThread: Thread finished: Thread-Gruppe 1-67
2025-03-01 19:12:51,009 INFO o.a.j.t.JMeterThread: Thread finished: Thread-Gruppe 1-7
2025-03-01 19:12:51,037 INFO o.a.j.t.JMeterThread: Thread finished: Thread-Gruppe 1-54
2025-03-01 19:12:51,041 INFO o.a.j.t.JMeterThread: Thread finished: Thread-Gruppe 1-24
2025-03-01 19:12:51,115 INFO o.a.j.t.JMeterThread: Thread finished: Thread-Gruppe 1-35
2025-03-01 19:12:51,122 INFO o.a.j.t.JMeterThread: Thread finished: Thread-Gruppe 1-68
2025-03-01 19:12:51,141 INFO o.a.j.t.JMeterThread: Thread finished: Thread-Gruppe 1-8
2025-03-01 19:12:51,153 INFO o.a.j.t.JMeterThread: Thread finished: Thread-Gruppe 1-55
2025-03-01 19:12:51,170 INFO o.a.j.t.JMeterThread: Thread finished: Thread-Gruppe 1-25
2025-03-01 19:12:51,246 INFO o.a.j.t.JMeterThread: Thread finished: Thread-Gruppe 1-36
2025-03-01 19:12:51,264 INFO o.a.j.t.JMeterThread: Thread finished: Thread-Gruppe 1-69
2025-03-01 19:12:51,276 INFO o.a.j.t.JMeterThread: Thread finished: Thread-Gruppe 1-9
2025-03-01 19:12:51,300 INFO o.a.j.t.JMeterThread: Thread finished: Thread-Gruppe 1-56
2025-03-01 19:12:51,310 INFO o.a.j.t.JMeterThread: Thread finished: Thread-Gruppe 1-26
2025-03-01 19:12:51,383 INFO o.a.j.t.JMeterThread: Thread finished: Thread-Gruppe 1-70
2025-03-01 19:12:51,394 INFO o.a.j.t.JMeterThread: Thread finished: Thread-Gruppe 1-40
2025-03-01 19:12:51,401 INFO o.a.j.t.JMeterThread: Thread finished: Thread-Gruppe 2-13
2025-03-01 19:12:51,411 INFO o.a.j.t.JMeterThread: Thread finished: Thread-Gruppe 1-37
2025-03-01 19:12:51,411 INFO o.a.j.t.JMeterThread: Thread finished: Thread-Gruppe 1-10
2025-03-01 19:12:51,469 INFO o.a.j.t.JMeterThread: Thread finished: Thread-Gruppe 1-57
2025-03-01 19:12:51,477 INFO o.a.j.t.JMeterThread: Thread finished: Thread-Gruppe 1-27
2025-03-01 19:12:51,477 INFO o.a.j.t.JMeterThread: Thread finished: Thread-Gruppe 2-19
2025-03-01 19:12:51,504 INFO o.a.j.t.JMeterThread: Thread finished: Thread-Gruppe 1-71
2025-03-01 19:12:51,513 INFO o.a.j.t.JMeterThread: Thread finished: Thread-Gruppe 2-2
2025-03-01 19:12:51,513 INFO o.a.j.t.JMeterThread: Thread finished: Thread-Gruppe 2-14
2025-03-01 19:12:51,548 INFO o.a.j.t.JMeterThread: Thread finished: Thread-Gruppe 1-38
2025-03-01 19:12:51,554 INFO o.a.j.t.JMeterThread: Thread finished: Thread-Gruppe 1-58
2025-03-01 19:12:51,558 INFO o.a.j.t.JMeterThread: Thread finished: Thread-Gruppe 1-11
2025-03-01 19:12:51,567 INFO o.a.j.t.JMeterThread: Thread finished: Thread-Gruppe 1-28
2025-03-01 19:12:51,639 INFO o.a.j.t.JMeterThread: Thread finished: Thread-Gruppe 2-5
2025-03-01 19:12:51,639 INFO o.a.j.t.JMeterThread: Thread finished: Thread-Gruppe 2-20
2025-03-01 19:12:51,645 INFO o.a.j.t.JMeterThread: Thread finished: Thread-Gruppe 2-4
2025-03-01 19:12:51,656 INFO o.a.j.t.JMeterThread: Thread finished: Thread-Gruppe 1-72
2025-03-01 19:12:51,671 INFO o.a.j.t.JMeterThread: Thread finished: Thread-Gruppe 2-1
2025-03-01 19:12:51,672 INFO o.a.j.t.JMeterThread: Thread finished: Thread-Gruppe 1-12
2025-03-01 19:12:51,679 INFO o.a.j.t.JMeterThread: Thread finished: Thread-Gruppe 1-39
2025-03-01 19:12:51,689 INFO o.a.j.t.JMeterThread: Thread finished: Thread-Gruppe 1-59
2025-03-01 19:12:51,724 INFO o.a.j.t.JMeterThread: Thread finished: Thread-Gruppe 1-29
2025-03-01 19:12:51,752 INFO o.a.j.t.JMeterThread: Thread finished: Thread-Gruppe 2-9
2025-03-01 19:12:51,753 INFO o.a.j.t.JMeterThread: Thread finished: Thread-Gruppe 3-3
2025-03-01 19:12:51,786 INFO o.a.j.t.JMeterThread: Stopping because end time detected by thread: Thread-Gruppe 1-73
2025-03-01 19:12:51,787 INFO o.a.j.t.JMeterThread: Thread finished: Thread-Gruppe 1-73
2025-03-01 19:12:51,790 INFO o.a.j.t.JMeterThread: Stopping because end time detected by thread: Thread-Gruppe 2-10
2025-03-01 19:12:51,790 INFO o.a.j.t.JMeterThread: Thread finished: Thread-Gruppe 2-10
2025-03-01 19:12:51,806 INFO o.a.j.t.JMeterThread: Stopping because end time detected by thread: Thread-Gruppe 1-13
2025-03-01 19:12:51,806 INFO o.a.j.t.JMeterThread: Thread finished: Thread-Gruppe 1-13
2025-03-01 19:12:51,822 INFO o.a.j.t.JMeterThread: Stopping because end time detected by thread: Thread-Gruppe 1-60
2025-03-01 19:12:51,822 INFO o.a.j.t.JMeterThread: Thread finished: Thread-Gruppe 1-60
2025-03-01 19:12:51,828 INFO o.a.j.t.JMeterThread: Stopping because end time detected by thread: Thread-Gruppe 1-30
2025-03-01 19:12:51,828 INFO o.a.j.t.JMeterThread: Thread finished: Thread-Gruppe 1-30
2025-03-01 19:12:51,885 INFO o.a.j.t.JMeterThread: Stopping because end time detected by thread: Thread-Gruppe 2-3
2025-03-01 19:12:51,885 INFO o.a.j.t.JMeterThread: Thread finished: Thread-Gruppe 2-3
2025-03-01 19:12:51,917 INFO o.a.j.t.JMeterThread: Stopping because end time detected by thread: Thread-Gruppe 1-74
2025-03-01 19:12:51,917 INFO o.a.j.t.JMeterThread: Thread finished: Thread-Gruppe 1-74
2025-03-01 19:12:51,917 INFO o.a.j.t.JMeterThread: Stopping because end time detected by thread: Thread-Gruppe 1-41
2025-03-01 19:12:51,917 INFO o.a.j.t.JMeterThread: Thread finished: Thread-Gruppe 1-41
2025-03-01 19:12:51,932 INFO o.a.j.t.JMeterThread: Stopping because end time detected by thread: Thread-Gruppe 1-14
2025-03-01 19:12:51,932 INFO o.a.j.t.JMeterThread: Thread finished: Thread-Gruppe 1-14
2025-03-01 19:12:51,949 INFO o.a.j.t.JMeterThread: Stopping because end time detected by thread: Thread-Gruppe 1-61
2025-03-01 19:12:51,949 INFO o.a.j.t.JMeterThread: Thread finished: Thread-Gruppe 1-61
2025-03-01 19:12:51,949 INFO o.a.j.t.JMeterThread: Stopping because end time detected by thread: Thread-Gruppe 2-16
2025-03-01 19:12:51,949 INFO o.a.j.t.JMeterThread: Thread finished: Thread-Gruppe 2-16
2025-03-01 19:12:51,964 INFO o.a.j.t.JMeterThread: Stopping because end time detected by thread: Thread-Gruppe 3-5
2025-03-01 19:12:51,964 INFO o.a.j.t.JMeterThread: Thread finished: Thread-Gruppe 3-5
2025-03-01 19:12:51,964 INFO o.a.j.t.JMeterThread: Stopping because end time detected by thread: Thread-Gruppe 2-12
2025-03-01 19:12:51,964 INFO o.a.j.t.JMeterThread: Thread finished: Thread-Gruppe 2-12
2025-03-01 19:12:51,964 INFO o.a.j.t.JMeterThread: Stopping because end time detected by thread: Thread-Gruppe 1-31
2025-03-01 19:12:51,964 INFO o.a.j.t.JMeterThread: Thread finished: Thread-Gruppe 1-31
2025-03-01 19:12:52,043 INFO o.a.j.t.JMeterThread: Stopping because end time detected by thread: Thread-Gruppe 2-6
2025-03-01 19:12:52,043 INFO o.a.j.t.JMeterThread: Stopping because end time detected by thread: Thread-Gruppe 1-75
2025-03-01 19:12:52,043 INFO o.a.j.t.JMeterThread: Thread finished: Thread-Gruppe 2-6
2025-03-01 19:12:52,053 INFO o.a.j.t.JMeterThread: Thread finished: Thread-Gruppe 1-75
2025-03-01 19:12:52,053 INFO o.a.j.t.JMeterThread: Stopping because end time detected by thread: Thread-Gruppe 1-42
2025-03-01 19:12:52,053 INFO o.a.j.t.JMeterThread: Thread finished: Thread-Gruppe 1-42
2025-03-01 19:12:52,069 INFO o.a.j.t.JMeterThread: Stopping because end time detected by thread: Thread-Gruppe 1-15
2025-03-01 19:12:52,069 INFO o.a.j.t.JMeterThread: Thread finished: Thread-Gruppe 1-15
2025-03-01 19:12:52,085 INFO o.a.j.t.JMeterThread: Stopping because end time detected by thread: Thread-Gruppe 3-4
2025-03-01 19:12:52,085 INFO o.a.j.t.JMeterThread: Thread finished: Thread-Gruppe 3-4
2025-03-01 19:12:52,136 INFO o.a.j.t.JMeterThread: Stopping because end time detected by thread: Thread-Gruppe 2-15
2025-03-01 19:12:52,136 INFO o.a.j.t.JMeterThread: Thread finished: Thread-Gruppe 2-15
2025-03-01 19:12:52,166 INFO o.a.j.t.JMeterThread: Stopping because end time detected by thread: Thread-Gruppe 1-43
2025-03-01 19:12:52,166 INFO o.a.j.t.JMeterThread: Thread finished: Thread-Gruppe 1-43
2025-03-01 19:12:52,185 INFO o.a.j.t.JMeterThread: Stopping because end time detected by thread: Thread-Gruppe 2-7
2025-03-01 19:12:52,185 INFO o.a.j.t.JMeterThread: Thread finished: Thread-Gruppe 2-7
2025-03-01 19:12:52,195 INFO o.a.j.t.JMeterThread: Stopping because end time detected by thread: Thread-Gruppe 1-16
2025-03-01 19:12:52,195 INFO o.a.j.t.JMeterThread: Thread finished: Thread-Gruppe 1-16
2025-03-01 19:12:52,243 INFO o.a.j.t.JMeterThread: Stopping because end time detected by thread: Thread-Gruppe 2-8
2025-03-01 19:12:52,243 INFO o.a.j.t.JMeterThread: Thread finished: Thread-Gruppe 2-8
2025-03-01 19:12:52,259 INFO o.a.j.t.JMeterThread: Stopping because end time detected by thread: Thread-Gruppe 2-18
2025-03-01 19:12:52,259 INFO o.a.j.t.JMeterThread: Thread finished: Thread-Gruppe 2-18
2025-03-01 19:12:52,259 INFO o.a.j.t.JMeterThread: Stopping because end time detected by thread: Thread-Gruppe 3-2
2025-03-01 19:12:52,259 INFO o.a.j.t.JMeterThread: Thread finished: Thread-Gruppe 3-2
2025-03-01 19:12:52,290 INFO o.a.j.t.JMeterThread: Stopping because end time detected by thread: Thread-Gruppe 2-11
2025-03-01 19:12:52,290 INFO o.a.j.t.JMeterThread: Thread finished: Thread-Gruppe 2-11
2025-03-01 19:12:52,322 INFO o.a.j.t.JMeterThread: Stopping because end time detected by thread: Thread-Gruppe 3-1
2025-03-01 19:12:52,322 INFO o.a.j.t.JMeterThread: Thread finished: Thread-Gruppe 3-1
2025-03-01 19:12:52,337 INFO o.a.j.t.JMeterThread: Stopping because end time detected by thread: Thread-Gruppe 1-44
2025-03-01 19:12:52,337 INFO o.a.j.t.JMeterThread: Thread finished: Thread-Gruppe 1-44
2025-03-01 19:12:52,385 INFO o.a.j.t.JMeterThread: Stopping because end time detected by thread: Thread-Gruppe 2-17
2025-03-01 19:12:52,385 INFO o.a.j.t.JMeterThread: Thread finished: Thread-Gruppe 2-17
2025-03-01 19:12:52,463 INFO o.a.j.t.JMeterThread: Stopping because end time detected by thread: Thread-Gruppe 1-45
2025-03-01 19:12:52,463 INFO o.a.j.t.JMeterThread: Thread finished: Thread-Gruppe 1-45
2025-03-01 19:12:52,602 INFO o.a.j.t.JMeterThread: Stopping because end time detected by thread: Thread-Gruppe 1-46
2025-03-01 19:12:52,602 INFO o.a.j.t.JMeterThread: Thread finished: Thread-Gruppe 1-46
2025-03-01 19:12:52,602 INFO o.a.j.e.StandardJMeterEngine: Notifying test listeners of end of test
2025-03-01 19:12:52,607 INFO o.a.j.r.Summariser: summary +   1683 in 00:00:23 =   74.5/s Avg:   443 Min:   244 Max:   992 Err:     0 (0.00%) Active: 0 Started: 100 Finished: 100
2025-03-01 19:12:52,607 INFO o.a.j.r.Summariser: summary =  45034 in 00:11:02 =   68.0/s Avg:   451 Min:   242 Max:  1620 Err:     4 (0.01%)
