2025-03-01 19:12:55,348 INFO o.a.j.u.JMeterUtils: Setting Locale to en_EN
2025-03-01 19:12:55,372 INFO o.a.j.JMeter: Loading user properties from: C:\Users\ASUS\Desktop\apache-jmeter-5.6.3\apache-jmeter-5.6.3\bin\user.properties
2025-03-01 19:12:55,372 INFO o.a.j.JMeter: Loading system properties from: C:\Users\ASUS\Desktop\apache-jmeter-5.6.3\apache-jmeter-5.6.3\bin\system.properties
2025-03-01 19:12:55,372 INFO o.a.j.JMeter: Setting JMeter property: lb_1_hostname=104.155.182.254
2025-03-01 19:12:55,372 INFO o.a.j.JMeter: Setting JMeter property: lb_2_hostname=35.246.73.6
2025-03-01 19:12:55,372 INFO o.a.j.JMeter: Setting JMeter property: lb_1_port=8090
2025-03-01 19:12:55,372 INFO o.a.j.JMeter: Setting JMeter property: lb_2_port=8091
2025-03-01 19:12:55,377 INFO o.a.j.JMeter: Setting JMeter property: warm_up_users=20
2025-03-01 19:12:55,377 INFO o.a.j.JMeter: Setting JMeter property: warm_up_time=60
2025-03-01 19:12:55,377 INFO o.a.j.JMeter: Setting JMeter property: test_run_time=600
2025-03-01 19:12:55,377 INFO o.a.j.JMeter: Setting JMeter property: ramp_up=10
2025-03-01 19:12:55,377 INFO o.a.j.JMeter: Setting JMeter property: group_1=75
2025-03-01 19:12:55,377 INFO o.a.j.JMeter: Setting JMeter property: group_2=20
2025-03-01 19:12:55,377 INFO o.a.j.JMeter: Setting JMeter property: group_3=5
2025-03-01 19:12:55,377 INFO o.a.j.JMeter: Setting JMeter property: group_1_request_rate=30
2025-03-01 19:12:55,377 INFO o.a.j.JMeter: Setting JMeter property: group_2_request_rate=90
2025-03-01 19:12:55,377 INFO o.a.j.JMeter: Setting JMeter property: group_3_request_rate=120
2025-03-01 19:12:55,377 INFO o.a.j.JMeter: Setting JMeter property: log_file=c:\\Users\\ASUS\\Desktop\\Repos\\rate-limiter-nginx\\jmeter\\cloud\\2025_03_01_18_17_logs\\gcra\\redis_script_period_60_rate_100_burst_5\\warm_up_results.csv
2025-03-01 19:12:55,379 INFO o.a.j.JMeter: Setting JMeter property: algorithm=gcra_redis_script_period_60_rate_100_burst_5
2025-03-01 19:12:55,379 INFO o.a.j.JMeter: Setting JMeter property: auth=/gcra/redis_script_period_60_rate_100_burst_5/tools.descartes.teastore.auth/rest
2025-03-01 19:12:55,379 INFO o.a.j.JMeter: Setting JMeter property: persistence=/gcra/redis_script_period_60_rate_100_burst_5/tools.descartes.teastore.persistence/rest
2025-03-01 19:12:55,379 INFO o.a.j.JMeter: Setting JMeter property: recommender=/gcra/redis_script_period_60_rate_100_burst_5/tools.descartes.teastore.recommender/rest
2025-03-01 19:12:55,379 INFO o.a.j.JMeter: Setting JMeter property: image=/gcra/redis_script_period_60_rate_100_burst_5/tools.descartes.teastore.image/rest
2025-03-01 19:12:55,390 INFO o.a.j.JMeter: Copyright (c) 1998-2024 The Apache Software Foundation
2025-03-01 19:12:55,390 INFO o.a.j.JMeter: Version 5.6.3
2025-03-01 19:12:55,390 INFO o.a.j.JMeter: java.version=17.0.9
2025-03-01 19:12:55,390 INFO o.a.j.JMeter: java.vm.name=Java HotSpot(TM) 64-Bit Server VM
2025-03-01 19:12:55,390 INFO o.a.j.JMeter: os.name=Windows 11
2025-03-01 19:12:55,390 INFO o.a.j.JMeter: os.arch=amd64
2025-03-01 19:12:55,390 INFO o.a.j.JMeter: os.version=10.0
2025-03-01 19:12:55,390 INFO o.a.j.JMeter: file.encoding=Cp1252
2025-03-01 19:12:55,390 INFO o.a.j.JMeter: java.awt.headless=true
2025-03-01 19:12:55,390 INFO o.a.j.JMeter: Max memory     =1073741824
2025-03-01 19:12:55,390 INFO o.a.j.JMeter: Available Processors =12
2025-03-01 19:12:55,404 INFO o.a.j.JMeter: Default Locale=English (EN)
2025-03-01 19:12:55,404 INFO o.a.j.JMeter: JMeter  Locale=English (EN)
2025-03-01 19:12:55,404 INFO o.a.j.JMeter: JMeterHome=C:\Users\ASUS\Desktop\apache-jmeter-5.6.3\apache-jmeter-5.6.3
2025-03-01 19:12:55,404 INFO o.a.j.JMeter: user.dir  =C:\Users\ASUS\Desktop\Repos\rate-limiter-nginx
2025-03-01 19:12:55,404 INFO o.a.j.JMeter: PWD       =C:\Users\ASUS\Desktop\Repos\rate-limiter-nginx
2025-03-01 19:12:55,413 INFO o.a.j.JMeter: IP: 192.168.1.45 Name: THIVA FullName: THIVA
2025-03-01 19:12:55,432 INFO o.a.j.s.FileServer: Default base='C:\Users\ASUS\Desktop\Repos\rate-limiter-nginx'
2025-03-01 19:12:55,432 INFO o.a.j.s.FileServer: Set new base='c:\Users\ASUS\Desktop\Repos\rate-limiter-nginx\jmeter\cloud'
2025-03-01 19:12:55,676 INFO o.a.j.s.SaveService: Testplan (JMX) version: 2.2. Testlog (JTL) version: 2.2
2025-03-01 19:12:55,710 INFO o.a.j.s.SaveService: Using SaveService properties version 5.0
2025-03-01 19:12:55,712 INFO o.a.j.s.SaveService: Using SaveService properties file encoding UTF-8
2025-03-01 19:12:55,717 INFO o.a.j.s.SaveService: Loading file: c:\Users\ASUS\Desktop\Repos\rate-limiter-nginx\jmeter\cloud\teastore_performance.jmx
2025-03-01 19:12:55,747 INFO o.a.j.p.h.c.CookieManager: Settings: Delete null: true Check: true Allow variable: true Save: false Prefix: COOKIE_
2025-03-01 19:12:55,780 INFO o.a.j.p.h.s.HTTPSamplerBase: Parser for text/html is org.apache.jmeter.protocol.http.parser.LagartoBasedHtmlParser
2025-03-01 19:12:55,780 INFO o.a.j.p.h.s.HTTPSamplerBase: Parser for application/xhtml+xml is org.apache.jmeter.protocol.http.parser.LagartoBasedHtmlParser
2025-03-01 19:12:55,780 INFO o.a.j.p.h.s.HTTPSamplerBase: Parser for application/xml is org.apache.jmeter.protocol.http.parser.LagartoBasedHtmlParser
2025-03-01 19:12:55,780 INFO o.a.j.p.h.s.HTTPSamplerBase: Parser for text/xml is org.apache.jmeter.protocol.http.parser.LagartoBasedHtmlParser
2025-03-01 19:12:55,780 INFO o.a.j.p.h.s.HTTPSamplerBase: Parser for text/vnd.wap.wml is org.apache.jmeter.protocol.http.parser.RegexpHTMLParser
2025-03-01 19:12:55,780 INFO o.a.j.p.h.s.HTTPSamplerBase: Parser for text/css is org.apache.jmeter.protocol.http.parser.CssParser
2025-03-01 19:12:55,918 INFO o.a.j.s.SampleResult: Note: Sample TimeStamps are START times
2025-03-01 19:12:55,918 INFO o.a.j.s.SampleResult: sampleresult.default.encoding is set to UTF-8
2025-03-01 19:12:55,918 INFO o.a.j.s.SampleResult: sampleresult.useNanoTime=true
2025-03-01 19:12:55,929 INFO o.a.j.s.SampleResult: sampleresult.nanoThreadSleep=5000
2025-03-01 19:12:55,967 INFO o.a.j.JMeter: Creating summariser <summary>
2025-03-01 19:12:55,986 INFO o.a.j.e.StandardJMeterEngine: Running the test!
2025-03-01 19:12:55,986 INFO o.a.j.s.SampleEvent: List of sample_variables: []
2025-03-01 19:12:55,986 INFO o.a.j.s.SampleEvent: List of sample_variables: []
2025-03-01 19:12:56,007 INFO o.a.j.e.u.CompoundVariable: Note: Function class names must contain the string: '.functions.'
2025-03-01 19:12:56,007 INFO o.a.j.e.u.CompoundVariable: Note: Function class names must not contain the string: '.gui.'
2025-03-01 19:12:56,088 INFO o.a.j.r.ClassFinder: Will scan jar C:\Users\ASUS\Desktop\apache-jmeter-5.6.3\apache-jmeter-5.6.3\lib\ext\jmeter-plugins-casutg-2.10.jar with filter ExtendsClassFilter [parents=[interface org.apache.jmeter.functions.Function], inner=false, contains=null, notContains=null]. Consider exposing JMeter plugins via META-INF/services, and add JMeter-Skip-Class-Scanning=true manifest attribute so JMeter can skip classfile scanning
2025-03-01 19:12:56,097 INFO o.a.j.r.ClassFinder: Will scan jar C:\Users\ASUS\Desktop\apache-jmeter-5.6.3\apache-jmeter-5.6.3\lib\ext\jmeter-plugins-graphs-vs-2.0.jar with filter ExtendsClassFilter [parents=[interface org.apache.jmeter.functions.Function], inner=false, contains=null, notContains=null]. Consider exposing JMeter plugins via META-INF/services, and add JMeter-Skip-Class-Scanning=true manifest attribute so JMeter can skip classfile scanning
2025-03-01 19:12:56,097 INFO o.a.j.r.ClassFinder: Will scan jar C:\Users\ASUS\Desktop\apache-jmeter-5.6.3\apache-jmeter-5.6.3\lib\ext\jmeter-plugins-manager-1.9.jar with filter ExtendsClassFilter [parents=[interface org.apache.jmeter.functions.Function], inner=false, contains=null, notContains=null]. Consider exposing JMeter plugins via META-INF/services, and add JMeter-Skip-Class-Scanning=true manifest attribute so JMeter can skip classfile scanning
2025-03-01 19:12:56,181 INFO o.a.j.r.ClassFinder: Will scan jar C:\Users\ASUS\Desktop\apache-jmeter-5.6.3\apache-jmeter-5.6.3\lib\ext\jmeter-plugins-graphs-basic-2.0.jar with filter ExtendsClassFilter [parents=[interface org.apache.jmeter.functions.Function], inner=false, contains=null, notContains=null]. Consider exposing JMeter plugins via META-INF/services, and add JMeter-Skip-Class-Scanning=true manifest attribute so JMeter can skip classfile scanning
2025-03-01 19:12:56,186 INFO o.a.j.r.ClassFinder: Will scan jar C:\Users\ASUS\Desktop\apache-jmeter-5.6.3\apache-jmeter-5.6.3\lib\ext\jmeter-plugins-manager-0.20.jar with filter ExtendsClassFilter [parents=[interface org.apache.jmeter.functions.Function], inner=false, contains=null, notContains=null]. Consider exposing JMeter plugins via META-INF/services, and add JMeter-Skip-Class-Scanning=true manifest attribute so JMeter can skip classfile scanning
2025-03-01 19:12:56,192 INFO o.a.j.r.ClassFinder: Will scan jar C:\Users\ASUS\Desktop\apache-jmeter-5.6.3\apache-jmeter-5.6.3\lib\ext\jmeter-plugins-tst-2.6.jar with filter ExtendsClassFilter [parents=[interface org.apache.jmeter.functions.Function], inner=false, contains=null, notContains=null]. Consider exposing JMeter plugins via META-INF/services, and add JMeter-Skip-Class-Scanning=true manifest attribute so JMeter can skip classfile scanning
2025-03-01 19:12:56,194 INFO o.a.j.r.ClassFinder: Will scan jar C:\Users\ASUS\Desktop\apache-jmeter-5.6.3\apache-jmeter-5.6.3\lib\ext\jmeter-parallel-0.12.jar with filter ExtendsClassFilter [parents=[interface org.apache.jmeter.functions.Function], inner=false, contains=null, notContains=null]. Consider exposing JMeter plugins via META-INF/services, and add JMeter-Skip-Class-Scanning=true manifest attribute so JMeter can skip classfile scanning
2025-03-01 19:12:56,511 INFO o.a.j.JMeter: Running test (1740836576511)
2025-03-01 19:12:56,511 INFO o.a.j.e.StandardJMeterEngine: Starting setUp thread groups
2025-03-01 19:12:56,511 INFO o.a.j.e.StandardJMeterEngine: Starting setUp ThreadGroup: 1 : setUp Thread Group 
2025-03-01 19:12:56,511 INFO o.a.j.e.StandardJMeterEngine: Starting 20 threads for group setUp Thread Group.
2025-03-01 19:12:56,511 INFO o.a.j.e.StandardJMeterEngine: Thread will continue on error
2025-03-01 19:12:56,511 INFO o.a.j.t.ThreadGroup: Starting thread group... number=1 threads=20 ramp-up=10 delayedStart=false
2025-03-01 19:12:56,536 INFO o.a.j.t.JMeterThread: Thread started: setUp Thread Group 1-1
2025-03-01 19:12:56,558 INFO o.a.j.t.ThreadGroup: Started thread group number 1
2025-03-01 19:12:56,558 INFO o.a.j.e.StandardJMeterEngine: Waiting for all setup thread groups to exit
2025-03-01 19:12:57,036 INFO o.a.j.t.JMeterThread: Thread started: setUp Thread Group 1-2
2025-03-01 19:12:57,404 INFO o.a.j.p.h.s.HTTPHCAbstractImpl: Local host = THIVA
2025-03-01 19:12:57,410 INFO o.a.j.p.h.s.HTTPHC4Impl: HTTP request retry count = 0
2025-03-01 19:12:57,522 INFO o.a.j.t.JMeterThread: Thread started: setUp Thread Group 1-3
2025-03-01 19:12:58,018 INFO o.a.j.t.JMeterThread: Thread started: setUp Thread Group 1-4
2025-03-01 19:12:58,517 INFO o.a.j.t.JMeterThread: Thread started: setUp Thread Group 1-5
2025-03-01 19:12:59,019 INFO o.a.j.t.JMeterThread: Thread started: setUp Thread Group 1-6
2025-03-01 19:12:59,518 INFO o.a.j.t.JMeterThread: Thread started: setUp Thread Group 1-7
2025-03-01 19:13:00,020 INFO o.a.j.t.JMeterThread: Thread started: setUp Thread Group 1-8
2025-03-01 19:13:00,515 INFO o.a.j.t.JMeterThread: Thread started: setUp Thread Group 1-9
2025-03-01 19:13:01,016 INFO o.a.j.t.JMeterThread: Thread started: setUp Thread Group 1-10
2025-03-01 19:13:01,517 INFO o.a.j.t.JMeterThread: Thread started: setUp Thread Group 1-11
2025-03-01 19:13:02,017 INFO o.a.j.t.JMeterThread: Thread started: setUp Thread Group 1-12
2025-03-01 19:13:02,518 INFO o.a.j.t.JMeterThread: Thread started: setUp Thread Group 1-13
2025-03-01 19:13:03,016 INFO o.a.j.t.JMeterThread: Thread started: setUp Thread Group 1-14
2025-03-01 19:13:03,514 INFO o.a.j.t.JMeterThread: Thread started: setUp Thread Group 1-15
2025-03-01 19:13:04,016 INFO o.a.j.t.JMeterThread: Thread started: setUp Thread Group 1-16
2025-03-01 19:13:04,515 INFO o.a.j.t.JMeterThread: Thread started: setUp Thread Group 1-17
2025-03-01 19:13:05,015 INFO o.a.j.t.JMeterThread: Thread started: setUp Thread Group 1-18
2025-03-01 19:13:05,515 INFO o.a.j.t.JMeterThread: Thread started: setUp Thread Group 1-19
2025-03-01 19:13:06,015 INFO o.a.j.t.JMeterThread: Thread started: setUp Thread Group 1-20
2025-03-01 19:13:56,314 INFO o.a.j.t.JMeterThread: Thread finished: setUp Thread Group 1-9
2025-03-01 19:13:56,314 INFO o.a.j.t.JMeterThread: Thread finished: setUp Thread Group 1-8
2025-03-01 19:13:56,370 INFO o.a.j.t.JMeterThread: Thread finished: setUp Thread Group 1-3
2025-03-01 19:13:56,458 INFO o.a.j.t.JMeterThread: Thread finished: setUp Thread Group 1-1
2025-03-01 19:13:56,460 INFO o.a.j.t.JMeterThread: Thread finished: setUp Thread Group 1-4
2025-03-01 19:13:56,482 INFO o.a.j.t.JMeterThread: Thread finished: setUp Thread Group 1-12
2025-03-01 19:13:56,490 INFO o.a.j.t.JMeterThread: Thread finished: setUp Thread Group 1-6
2025-03-01 19:13:56,525 INFO o.a.j.t.JMeterThread: Thread finished: setUp Thread Group 1-16
2025-03-01 19:13:56,531 INFO o.a.j.t.JMeterThread: Stopping because end time detected by thread: setUp Thread Group 1-7
2025-03-01 19:13:56,531 INFO o.a.j.t.JMeterThread: Thread finished: setUp Thread Group 1-7
2025-03-01 19:13:56,573 INFO o.a.j.t.JMeterThread: Stopping because end time detected by thread: setUp Thread Group 1-10
2025-03-01 19:13:56,573 INFO o.a.j.t.JMeterThread: Thread finished: setUp Thread Group 1-10
2025-03-01 19:13:56,573 INFO o.a.j.t.JMeterThread: Stopping because end time detected by thread: setUp Thread Group 1-19
2025-03-01 19:13:56,573 INFO o.a.j.t.JMeterThread: Thread finished: setUp Thread Group 1-19
2025-03-01 19:13:56,604 INFO o.a.j.t.JMeterThread: Stopping because end time detected by thread: setUp Thread Group 1-13
2025-03-01 19:13:56,604 INFO o.a.j.t.JMeterThread: Thread finished: setUp Thread Group 1-13
2025-03-01 19:13:56,747 INFO o.a.j.t.JMeterThread: Stopping because end time detected by thread: setUp Thread Group 1-11
2025-03-01 19:13:56,747 INFO o.a.j.t.JMeterThread: Thread finished: setUp Thread Group 1-11
2025-03-01 19:13:56,747 INFO o.a.j.t.JMeterThread: Stopping because end time detected by thread: setUp Thread Group 1-17
2025-03-01 19:13:56,747 INFO o.a.j.t.JMeterThread: Thread finished: setUp Thread Group 1-17
2025-03-01 19:13:56,763 INFO o.a.j.t.JMeterThread: Stopping because end time detected by thread: setUp Thread Group 1-15
2025-03-01 19:13:56,763 INFO o.a.j.t.JMeterThread: Thread finished: setUp Thread Group 1-15
2025-03-01 19:13:56,776 INFO o.a.j.t.JMeterThread: Stopping because end time detected by thread: setUp Thread Group 1-20
2025-03-01 19:13:56,776 INFO o.a.j.t.JMeterThread: Thread finished: setUp Thread Group 1-20
2025-03-01 19:13:56,779 INFO o.a.j.t.JMeterThread: Stopping because end time detected by thread: setUp Thread Group 1-5
2025-03-01 19:13:56,779 INFO o.a.j.t.JMeterThread: Thread finished: setUp Thread Group 1-5
2025-03-01 19:13:56,938 INFO o.a.j.t.JMeterThread: Stopping because end time detected by thread: setUp Thread Group 1-18
2025-03-01 19:13:56,938 INFO o.a.j.t.JMeterThread: Thread finished: setUp Thread Group 1-18
2025-03-01 19:13:57,050 INFO o.a.j.t.JMeterThread: Stopping because end time detected by thread: setUp Thread Group 1-14
2025-03-01 19:13:57,050 INFO o.a.j.t.JMeterThread: Thread finished: setUp Thread Group 1-14
2025-03-01 19:13:57,112 INFO o.a.j.t.JMeterThread: Stopping because end time detected by thread: setUp Thread Group 1-2
2025-03-01 19:13:57,112 INFO o.a.j.t.JMeterThread: Thread finished: setUp Thread Group 1-2
2025-03-01 19:13:57,112 INFO o.a.j.e.StandardJMeterEngine: All Setup Threads have ended
2025-03-01 19:13:57,159 INFO o.a.j.e.StandardJMeterEngine: Starting ThreadGroup: 1 : Thread-Gruppe
2025-03-01 19:13:57,159 INFO o.a.j.e.StandardJMeterEngine: Starting 75 threads for group Thread-Gruppe.
2025-03-01 19:13:57,159 INFO o.a.j.e.StandardJMeterEngine: Thread will continue on error
2025-03-01 19:13:57,159 INFO o.a.j.t.ThreadGroup: Starting thread group... number=1 threads=75 ramp-up=10 delayedStart=false
2025-03-01 19:13:57,163 INFO o.a.j.t.JMeterThread: Thread started: Thread-Gruppe 1-1
2025-03-01 19:13:57,212 INFO o.a.j.t.ThreadGroup: Started thread group number 1
2025-03-01 19:13:57,212 INFO o.a.j.e.StandardJMeterEngine: Starting ThreadGroup: 2 : Thread-Gruppe
2025-03-01 19:13:57,212 INFO o.a.j.e.StandardJMeterEngine: Starting 20 threads for group Thread-Gruppe.
2025-03-01 19:13:57,212 INFO o.a.j.e.StandardJMeterEngine: Thread will continue on error
2025-03-01 19:13:57,212 INFO o.a.j.t.ThreadGroup: Starting thread group... number=2 threads=20 ramp-up=10 delayedStart=false
2025-03-01 19:13:57,214 INFO o.a.j.t.JMeterThread: Thread started: Thread-Gruppe 2-1
2025-03-01 19:13:57,225 INFO o.a.j.t.ThreadGroup: Started thread group number 2
2025-03-01 19:13:57,225 INFO o.a.j.e.StandardJMeterEngine: Starting ThreadGroup: 3 : Thread-Gruppe
2025-03-01 19:13:57,225 INFO o.a.j.e.StandardJMeterEngine: Starting 5 threads for group Thread-Gruppe.
2025-03-01 19:13:57,225 INFO o.a.j.e.StandardJMeterEngine: Thread will continue on error
2025-03-01 19:13:57,225 INFO o.a.j.t.ThreadGroup: Starting thread group... number=3 threads=5 ramp-up=10 delayedStart=false
2025-03-01 19:13:57,227 INFO o.a.j.t.JMeterThread: Thread started: Thread-Gruppe 3-1
2025-03-01 19:13:57,230 INFO o.a.j.t.ThreadGroup: Started thread group number 3
2025-03-01 19:13:57,230 INFO o.a.j.e.StandardJMeterEngine: All thread groups have been started
2025-03-01 19:13:57,297 INFO o.a.j.t.JMeterThread: Thread started: Thread-Gruppe 1-2
2025-03-01 19:13:57,430 INFO o.a.j.t.JMeterThread: Thread started: Thread-Gruppe 1-3
2025-03-01 19:13:57,565 INFO o.a.j.t.JMeterThread: Thread started: Thread-Gruppe 1-4
2025-03-01 19:13:57,697 INFO o.a.j.t.JMeterThread: Thread started: Thread-Gruppe 1-5
2025-03-01 19:13:57,715 INFO o.a.j.t.JMeterThread: Thread started: Thread-Gruppe 2-2
2025-03-01 19:13:57,827 INFO o.a.j.t.JMeterThread: Thread started: Thread-Gruppe 1-6
2025-03-01 19:13:57,960 INFO o.a.j.t.JMeterThread: Thread started: Thread-Gruppe 1-7
2025-03-01 19:13:58,094 INFO o.a.j.t.JMeterThread: Thread started: Thread-Gruppe 1-8
2025-03-01 19:13:58,215 INFO o.a.j.t.JMeterThread: Thread started: Thread-Gruppe 2-3
2025-03-01 19:13:58,226 INFO o.a.j.t.JMeterThread: Thread started: Thread-Gruppe 1-9
2025-03-01 19:13:58,360 INFO o.a.j.t.JMeterThread: Thread started: Thread-Gruppe 1-10
2025-03-01 19:13:58,491 INFO o.a.j.t.JMeterThread: Thread started: Thread-Gruppe 1-11
2025-03-01 19:13:58,626 INFO o.a.j.t.JMeterThread: Thread started: Thread-Gruppe 1-12
2025-03-01 19:13:58,714 INFO o.a.j.t.JMeterThread: Thread started: Thread-Gruppe 2-4
2025-03-01 19:13:58,757 INFO o.a.j.t.JMeterThread: Thread started: Thread-Gruppe 1-13
2025-03-01 19:13:58,889 INFO o.a.j.t.JMeterThread: Thread started: Thread-Gruppe 1-14
2025-03-01 19:13:59,023 INFO o.a.j.t.JMeterThread: Thread started: Thread-Gruppe 1-15
2025-03-01 19:13:59,155 INFO o.a.j.t.JMeterThread: Thread started: Thread-Gruppe 1-16
2025-03-01 19:13:59,215 INFO o.a.j.t.JMeterThread: Thread started: Thread-Gruppe 2-5
2025-03-01 19:13:59,228 INFO o.a.j.t.JMeterThread: Thread started: Thread-Gruppe 3-2
2025-03-01 19:13:59,289 INFO o.a.j.t.JMeterThread: Thread started: Thread-Gruppe 1-17
2025-03-01 19:13:59,422 INFO o.a.j.t.JMeterThread: Thread started: Thread-Gruppe 1-18
2025-03-01 19:13:59,555 INFO o.a.j.t.JMeterThread: Thread started: Thread-Gruppe 1-19
2025-03-01 19:13:59,688 INFO o.a.j.t.JMeterThread: Thread started: Thread-Gruppe 1-20
2025-03-01 19:13:59,713 INFO o.a.j.t.JMeterThread: Thread started: Thread-Gruppe 2-6
2025-03-01 19:13:59,820 INFO o.a.j.t.JMeterThread: Thread started: Thread-Gruppe 1-21
2025-03-01 19:13:59,954 INFO o.a.j.t.JMeterThread: Thread started: Thread-Gruppe 1-22
2025-03-01 19:14:00,050 INFO o.a.j.r.Summariser: summary +     39 in 00:01:04 =    0.6/s Avg:   490 Min:   249 Max:   776 Err:     0 (0.00%) Active: 30 Started: 30 Finished: 0
2025-03-01 19:14:00,087 INFO o.a.j.t.JMeterThread: Thread started: Thread-Gruppe 1-23
2025-03-01 19:14:00,214 INFO o.a.j.t.JMeterThread: Thread started: Thread-Gruppe 2-7
2025-03-01 19:14:00,221 INFO o.a.j.t.JMeterThread: Thread started: Thread-Gruppe 1-24
2025-03-01 19:14:00,353 INFO o.a.j.t.JMeterThread: Thread started: Thread-Gruppe 1-25
2025-03-01 19:14:00,487 INFO o.a.j.t.JMeterThread: Thread started: Thread-Gruppe 1-26
2025-03-01 19:14:00,620 INFO o.a.j.t.JMeterThread: Thread started: Thread-Gruppe 1-27
2025-03-01 19:14:00,715 INFO o.a.j.t.JMeterThread: Thread started: Thread-Gruppe 2-8
2025-03-01 19:14:00,753 INFO o.a.j.t.JMeterThread: Thread started: Thread-Gruppe 1-28
2025-03-01 19:14:00,886 INFO o.a.j.t.JMeterThread: Thread started: Thread-Gruppe 1-29
2025-03-01 19:14:01,019 INFO o.a.j.t.JMeterThread: Thread started: Thread-Gruppe 1-30
2025-03-01 19:14:01,153 INFO o.a.j.t.JMeterThread: Thread started: Thread-Gruppe 1-31
2025-03-01 19:14:01,214 INFO o.a.j.t.JMeterThread: Thread started: Thread-Gruppe 2-9
2025-03-01 19:14:01,227 INFO o.a.j.t.JMeterThread: Thread started: Thread-Gruppe 3-3
2025-03-01 19:14:01,284 INFO o.a.j.t.JMeterThread: Thread started: Thread-Gruppe 1-32
2025-03-01 19:14:01,418 INFO o.a.j.t.JMeterThread: Thread started: Thread-Gruppe 1-33
2025-03-01 19:14:01,551 INFO o.a.j.t.JMeterThread: Thread started: Thread-Gruppe 1-34
2025-03-01 19:14:01,684 INFO o.a.j.t.JMeterThread: Thread started: Thread-Gruppe 1-35
2025-03-01 19:14:01,715 INFO o.a.j.t.JMeterThread: Thread started: Thread-Gruppe 2-10
2025-03-01 19:14:01,817 INFO o.a.j.t.JMeterThread: Thread started: Thread-Gruppe 1-36
2025-03-01 19:14:01,950 INFO o.a.j.t.JMeterThread: Thread started: Thread-Gruppe 1-37
2025-03-01 19:14:02,085 INFO o.a.j.t.JMeterThread: Thread started: Thread-Gruppe 1-38
2025-03-01 19:14:02,214 INFO o.a.j.t.JMeterThread: Thread started: Thread-Gruppe 1-39
2025-03-01 19:14:02,215 INFO o.a.j.t.JMeterThread: Thread started: Thread-Gruppe 2-11
2025-03-01 19:14:02,348 INFO o.a.j.t.JMeterThread: Thread started: Thread-Gruppe 1-40
2025-03-01 19:14:02,480 INFO o.a.j.t.JMeterThread: Thread started: Thread-Gruppe 1-41
2025-03-01 19:14:02,614 INFO o.a.j.t.JMeterThread: Thread started: Thread-Gruppe 1-42
2025-03-01 19:14:02,713 INFO o.a.j.t.JMeterThread: Thread started: Thread-Gruppe 2-12
2025-03-01 19:14:02,746 INFO o.a.j.t.JMeterThread: Thread started: Thread-Gruppe 1-43
2025-03-01 19:14:02,880 INFO o.a.j.t.JMeterThread: Thread started: Thread-Gruppe 1-44
2025-03-01 19:14:03,012 INFO o.a.j.t.JMeterThread: Thread started: Thread-Gruppe 1-45
2025-03-01 19:14:03,146 INFO o.a.j.t.JMeterThread: Thread started: Thread-Gruppe 1-46
2025-03-01 19:14:03,213 INFO o.a.j.t.JMeterThread: Thread started: Thread-Gruppe 2-13
2025-03-01 19:14:03,228 INFO o.a.j.t.JMeterThread: Thread started: Thread-Gruppe 3-4
2025-03-01 19:14:03,279 INFO o.a.j.t.JMeterThread: Thread started: Thread-Gruppe 1-47
2025-03-01 19:14:03,413 INFO o.a.j.t.JMeterThread: Thread started: Thread-Gruppe 1-48
2025-03-01 19:14:03,546 INFO o.a.j.t.JMeterThread: Thread started: Thread-Gruppe 1-49
2025-03-01 19:14:03,678 INFO o.a.j.t.JMeterThread: Thread started: Thread-Gruppe 1-50
2025-03-01 19:14:03,715 INFO o.a.j.t.JMeterThread: Thread started: Thread-Gruppe 2-14
2025-03-01 19:14:03,812 INFO o.a.j.t.JMeterThread: Thread started: Thread-Gruppe 1-51
2025-03-01 19:14:03,944 INFO o.a.j.t.JMeterThread: Thread started: Thread-Gruppe 1-52
2025-03-01 19:14:04,078 INFO o.a.j.t.JMeterThread: Thread started: Thread-Gruppe 1-53
2025-03-01 19:14:04,209 INFO o.a.j.t.JMeterThread: Thread started: Thread-Gruppe 1-54
2025-03-01 19:14:04,213 INFO o.a.j.t.JMeterThread: Thread started: Thread-Gruppe 2-15
2025-03-01 19:14:04,344 INFO o.a.j.t.JMeterThread: Thread started: Thread-Gruppe 1-55
2025-03-01 19:14:04,475 INFO o.a.j.t.JMeterThread: Thread started: Thread-Gruppe 1-56
2025-03-01 19:14:04,608 INFO o.a.j.t.JMeterThread: Thread started: Thread-Gruppe 1-57
2025-03-01 19:14:04,715 INFO o.a.j.t.JMeterThread: Thread started: Thread-Gruppe 2-16
2025-03-01 19:14:04,743 INFO o.a.j.t.JMeterThread: Thread started: Thread-Gruppe 1-58
2025-03-01 19:14:04,875 INFO o.a.j.t.JMeterThread: Thread started: Thread-Gruppe 1-59
2025-03-01 19:14:05,009 INFO o.a.j.t.JMeterThread: Thread started: Thread-Gruppe 1-60
2025-03-01 19:14:05,141 INFO o.a.j.t.JMeterThread: Thread started: Thread-Gruppe 1-61
2025-03-01 19:14:05,215 INFO o.a.j.t.JMeterThread: Thread started: Thread-Gruppe 2-17
2025-03-01 19:14:05,228 INFO o.a.j.t.JMeterThread: Thread started: Thread-Gruppe 3-5
2025-03-01 19:14:05,275 INFO o.a.j.t.JMeterThread: Thread started: Thread-Gruppe 1-62
2025-03-01 19:14:05,407 INFO o.a.j.t.JMeterThread: Thread started: Thread-Gruppe 1-63
2025-03-01 19:14:05,540 INFO o.a.j.t.JMeterThread: Thread started: Thread-Gruppe 1-64
2025-03-01 19:14:05,673 INFO o.a.j.t.JMeterThread: Thread started: Thread-Gruppe 1-65
2025-03-01 19:14:05,714 INFO o.a.j.t.JMeterThread: Thread started: Thread-Gruppe 2-18
2025-03-01 19:14:05,806 INFO o.a.j.t.JMeterThread: Thread started: Thread-Gruppe 1-66
2025-03-01 19:14:05,939 INFO o.a.j.t.JMeterThread: Thread started: Thread-Gruppe 1-67
2025-03-01 19:14:06,073 INFO o.a.j.t.JMeterThread: Thread started: Thread-Gruppe 1-68
2025-03-01 19:14:06,206 INFO o.a.j.t.JMeterThread: Thread started: Thread-Gruppe 1-69
2025-03-01 19:14:06,213 INFO o.a.j.t.JMeterThread: Thread started: Thread-Gruppe 2-19
2025-03-01 19:14:06,339 INFO o.a.j.t.JMeterThread: Thread started: Thread-Gruppe 1-70
2025-03-01 19:14:06,472 INFO o.a.j.t.JMeterThread: Thread started: Thread-Gruppe 1-71
2025-03-01 19:14:06,605 INFO o.a.j.t.JMeterThread: Thread started: Thread-Gruppe 1-72
2025-03-01 19:14:06,717 INFO o.a.j.t.JMeterThread: Thread started: Thread-Gruppe 2-20
2025-03-01 19:14:06,737 INFO o.a.j.t.JMeterThread: Thread started: Thread-Gruppe 1-73
2025-03-01 19:14:06,871 INFO o.a.j.t.JMeterThread: Thread started: Thread-Gruppe 1-74
2025-03-01 19:14:07,004 INFO o.a.j.t.JMeterThread: Thread started: Thread-Gruppe 1-75
2025-03-01 19:14:30,017 INFO o.a.j.r.Summariser: summary +   2118 in 00:00:30 =   70.7/s Avg:   398 Min:   241 Max:  1092 Err:     0 (0.00%) Active: 100 Started: 100 Finished: 0
2025-03-01 19:14:30,017 INFO o.a.j.r.Summariser: summary =   2157 in 00:01:34 =   23.1/s Avg:   400 Min:   241 Max:  1092 Err:     0 (0.00%)
2025-03-01 19:15:00,044 INFO o.a.j.r.Summariser: summary +   2282 in 00:00:30 =   76.0/s Avg:   400 Min:   242 Max:  1016 Err:     0 (0.00%) Active: 100 Started: 100 Finished: 0
2025-03-01 19:15:00,045 INFO o.a.j.r.Summariser: summary =   4439 in 00:02:04 =   35.9/s Avg:   400 Min:   241 Max:  1092 Err:     0 (0.00%)
2025-03-01 19:15:30,047 INFO o.a.j.r.Summariser: summary +   2289 in 00:00:30 =   76.3/s Avg:   394 Min:   242 Max:  1347 Err:     0 (0.00%) Active: 100 Started: 100 Finished: 0
2025-03-01 19:15:30,047 INFO o.a.j.r.Summariser: summary =   6728 in 00:02:34 =   43.8/s Avg:   398 Min:   241 Max:  1347 Err:     0 (0.00%)
2025-03-01 19:16:00,007 INFO o.a.j.r.Summariser: summary +   2285 in 00:00:30 =   76.3/s Avg:   398 Min:   242 Max:  1050 Err:     0 (0.00%) Active: 100 Started: 100 Finished: 0
2025-03-01 19:16:00,008 INFO o.a.j.r.Summariser: summary =   9013 in 00:03:03 =   49.1/s Avg:   398 Min:   241 Max:  1347 Err:     0 (0.00%)
2025-03-01 19:16:30,015 INFO o.a.j.r.Summariser: summary +   2278 in 00:00:30 =   75.9/s Avg:   404 Min:   242 Max:  1093 Err:     0 (0.00%) Active: 100 Started: 100 Finished: 0
2025-03-01 19:16:30,016 INFO o.a.j.r.Summariser: summary =  11291 in 00:03:34 =   52.9/s Avg:   399 Min:   241 Max:  1347 Err:     0 (0.00%)
2025-03-01 19:17:00,005 INFO o.a.j.r.Summariser: summary +   2286 in 00:00:30 =   76.2/s Avg:   390 Min:   242 Max:  1043 Err:     0 (0.00%) Active: 100 Started: 100 Finished: 0
2025-03-01 19:17:00,006 INFO o.a.j.r.Summariser: summary =  13577 in 00:04:03 =   55.8/s Avg:   397 Min:   241 Max:  1347 Err:     0 (0.00%)
2025-03-01 19:17:30,000 INFO o.a.j.r.Summariser: summary +   2276 in 00:00:30 =   75.9/s Avg:   411 Min:   242 Max:  1134 Err:     0 (0.00%) Active: 100 Started: 100 Finished: 0
2025-03-01 19:17:30,001 INFO o.a.j.r.Summariser: summary =  15853 in 00:04:33 =   58.0/s Avg:   399 Min:   241 Max:  1347 Err:     0 (0.00%)
2025-03-01 19:18:00,035 INFO o.a.j.r.Summariser: summary +   2295 in 00:00:30 =   76.4/s Avg:   389 Min:   242 Max:   934 Err:     0 (0.00%) Active: 100 Started: 100 Finished: 0
2025-03-01 19:18:00,036 INFO o.a.j.r.Summariser: summary =  18148 in 00:05:04 =   59.8/s Avg:   398 Min:   241 Max:  1347 Err:     0 (0.00%)
2025-03-01 19:18:30,037 INFO o.a.j.r.Summariser: summary +   2278 in 00:00:30 =   75.9/s Avg:   415 Min:   243 Max:  1069 Err:     0 (0.00%) Active: 100 Started: 100 Finished: 0
2025-03-01 19:18:30,038 INFO o.a.j.r.Summariser: summary =  20426 in 00:05:34 =   61.2/s Avg:   400 Min:   241 Max:  1347 Err:     0 (0.00%)
2025-03-01 19:19:00,009 INFO o.a.j.r.Summariser: summary +   2286 in 00:00:30 =   76.3/s Avg:   390 Min:   243 Max:  1066 Err:     0 (0.00%) Active: 100 Started: 100 Finished: 0
2025-03-01 19:19:00,010 INFO o.a.j.r.Summariser: summary =  22712 in 00:06:03 =   62.5/s Avg:   399 Min:   241 Max:  1347 Err:     0 (0.00%)
2025-03-01 19:19:30,029 INFO o.a.j.r.Summariser: summary +   2273 in 00:00:30 =   75.7/s Avg:   402 Min:   242 Max:  1136 Err:     0 (0.00%) Active: 100 Started: 100 Finished: 0
2025-03-01 19:19:30,030 INFO o.a.j.r.Summariser: summary =  24985 in 00:06:34 =   63.5/s Avg:   399 Min:   241 Max:  1347 Err:     0 (0.00%)
2025-03-01 19:20:00,017 INFO o.a.j.r.Summariser: summary +   2289 in 00:00:30 =   76.3/s Avg:   389 Min:   242 Max:  1108 Err:     0 (0.00%) Active: 100 Started: 100 Finished: 0
2025-03-01 19:20:00,018 INFO o.a.j.r.Summariser: summary =  27274 in 00:07:04 =   64.4/s Avg:   398 Min:   241 Max:  1347 Err:     0 (0.00%)
2025-03-01 19:20:30,013 INFO o.a.j.r.Summariser: summary +   2283 in 00:00:30 =   76.1/s Avg:   416 Min:   242 Max:  1067 Err:     0 (0.00%) Active: 100 Started: 100 Finished: 0
2025-03-01 19:20:30,014 INFO o.a.j.r.Summariser: summary =  29557 in 00:07:34 =   65.2/s Avg:   400 Min:   241 Max:  1347 Err:     0 (0.00%)
2025-03-01 19:21:00,006 INFO o.a.j.r.Summariser: summary +   2282 in 00:00:30 =   76.1/s Avg:   389 Min:   242 Max:  1148 Err:     0 (0.00%) Active: 100 Started: 100 Finished: 0
2025-03-01 19:21:00,007 INFO o.a.j.r.Summariser: summary =  31839 in 00:08:03 =   65.9/s Avg:   399 Min:   241 Max:  1347 Err:     0 (0.00%)
2025-03-01 19:21:30,007 INFO o.a.j.r.Summariser: summary +   2279 in 00:00:30 =   76.0/s Avg:   413 Min:   242 Max:  1087 Err:     0 (0.00%) Active: 100 Started: 100 Finished: 0
2025-03-01 19:21:30,007 INFO o.a.j.r.Summariser: summary =  34118 in 00:08:33 =   66.4/s Avg:   400 Min:   241 Max:  1347 Err:     0 (0.00%)
2025-03-01 19:22:00,001 INFO o.a.j.r.Summariser: summary +   2292 in 00:00:30 =   76.4/s Avg:   377 Min:   242 Max:  1005 Err:     0 (0.00%) Active: 100 Started: 100 Finished: 0
2025-03-01 19:22:00,001 INFO o.a.j.r.Summariser: summary =  36410 in 00:09:03 =   67.0/s Avg:   399 Min:   241 Max:  1347 Err:     0 (0.00%)
2025-03-01 19:22:30,004 INFO o.a.j.r.Summariser: summary +   2288 in 00:00:30 =   76.3/s Avg:   410 Min:   242 Max:  1041 Err:     0 (0.00%) Active: 100 Started: 100 Finished: 0
2025-03-01 19:22:30,005 INFO o.a.j.r.Summariser: summary =  38698 in 00:09:33 =   67.5/s Avg:   399 Min:   241 Max:  1347 Err:     0 (0.00%)
2025-03-01 19:23:00,001 INFO o.a.j.r.Summariser: summary +   2281 in 00:00:30 =   76.0/s Avg:   391 Min:   243 Max:   944 Err:     0 (0.00%) Active: 100 Started: 100 Finished: 0
2025-03-01 19:23:00,002 INFO o.a.j.r.Summariser: summary =  40979 in 00:10:03 =   67.9/s Avg:   399 Min:   241 Max:  1347 Err:     0 (0.00%)
2025-03-01 19:23:30,004 INFO o.a.j.r.Summariser: summary +   2286 in 00:00:30 =   76.2/s Avg:   410 Min:   242 Max:  1343 Err:     0 (0.00%) Active: 100 Started: 100 Finished: 0
2025-03-01 19:23:30,005 INFO o.a.j.r.Summariser: summary =  43265 in 00:10:33 =   68.3/s Avg:   399 Min:   241 Max:  1347 Err:     0 (0.00%)
2025-03-01 19:23:55,535 INFO o.a.j.t.JMeterThread: Thread finished: Thread-Gruppe 1-47
2025-03-01 19:23:55,558 INFO o.a.j.t.JMeterThread: Thread finished: Thread-Gruppe 1-17
2025-03-01 19:23:55,594 INFO o.a.j.t.JMeterThread: Thread finished: Thread-Gruppe 1-1
2025-03-01 19:23:55,664 INFO o.a.j.t.JMeterThread: Thread finished: Thread-Gruppe 1-62
2025-03-01 19:23:55,681 INFO o.a.j.t.JMeterThread: Thread finished: Thread-Gruppe 1-18
2025-03-01 19:23:55,681 INFO o.a.j.t.JMeterThread: Thread finished: Thread-Gruppe 1-48
2025-03-01 19:23:55,689 INFO o.a.j.t.JMeterThread: Thread finished: Thread-Gruppe 1-2
2025-03-01 19:23:55,793 INFO o.a.j.t.JMeterThread: Thread finished: Thread-Gruppe 1-63
2025-03-01 19:23:55,805 INFO o.a.j.t.JMeterThread: Thread finished: Thread-Gruppe 1-49
2025-03-01 19:23:55,853 INFO o.a.j.t.JMeterThread: Thread finished: Thread-Gruppe 1-19
2025-03-01 19:23:55,854 INFO o.a.j.t.JMeterThread: Thread finished: Thread-Gruppe 1-3
2025-03-01 19:23:55,925 INFO o.a.j.t.JMeterThread: Thread finished: Thread-Gruppe 1-64
2025-03-01 19:23:55,933 INFO o.a.j.t.JMeterThread: Thread finished: Thread-Gruppe 1-50
2025-03-01 19:23:55,945 INFO o.a.j.t.JMeterThread: Thread finished: Thread-Gruppe 1-20
2025-03-01 19:23:55,970 INFO o.a.j.t.JMeterThread: Thread finished: Thread-Gruppe 1-4
2025-03-01 19:23:56,060 INFO o.a.j.t.JMeterThread: Thread finished: Thread-Gruppe 1-65
2025-03-01 19:23:56,080 INFO o.a.j.t.JMeterThread: Thread finished: Thread-Gruppe 1-32
2025-03-01 19:23:56,081 INFO o.a.j.t.JMeterThread: Thread finished: Thread-Gruppe 1-5
2025-03-01 19:23:56,105 INFO o.a.j.t.JMeterThread: Thread finished: Thread-Gruppe 1-21
2025-03-01 19:23:56,105 INFO o.a.j.t.JMeterThread: Thread finished: Thread-Gruppe 1-51
2025-03-01 19:23:56,193 INFO o.a.j.t.JMeterThread: Thread finished: Thread-Gruppe 1-66
2025-03-01 19:23:56,193 INFO o.a.j.t.JMeterThread: Thread finished: Thread-Gruppe 1-52
2025-03-01 19:23:56,213 INFO o.a.j.t.JMeterThread: Thread finished: Thread-Gruppe 1-22
2025-03-01 19:23:56,237 INFO o.a.j.t.JMeterThread: Thread finished: Thread-Gruppe 1-6
2025-03-01 19:23:56,277 INFO o.a.j.t.JMeterThread: Thread finished: Thread-Gruppe 1-33
2025-03-01 19:23:56,351 INFO o.a.j.t.JMeterThread: Thread finished: Thread-Gruppe 1-67
2025-03-01 19:23:56,356 INFO o.a.j.t.JMeterThread: Thread finished: Thread-Gruppe 1-23
2025-03-01 19:23:56,356 INFO o.a.j.t.JMeterThread: Thread finished: Thread-Gruppe 1-53
2025-03-01 19:23:56,361 INFO o.a.j.t.JMeterThread: Thread finished: Thread-Gruppe 1-7
2025-03-01 19:23:56,383 INFO o.a.j.t.JMeterThread: Thread finished: Thread-Gruppe 1-34
2025-03-01 19:23:56,497 INFO o.a.j.t.JMeterThread: Thread finished: Thread-Gruppe 1-68
2025-03-01 19:23:56,497 INFO o.a.j.t.JMeterThread: Thread finished: Thread-Gruppe 1-35
2025-03-01 19:23:56,497 INFO o.a.j.t.JMeterThread: Thread finished: Thread-Gruppe 1-54
2025-03-01 19:23:56,504 INFO o.a.j.t.JMeterThread: Thread finished: Thread-Gruppe 1-8
2025-03-01 19:23:56,504 INFO o.a.j.t.JMeterThread: Thread finished: Thread-Gruppe 1-24
2025-03-01 19:23:56,593 INFO o.a.j.t.JMeterThread: Thread finished: Thread-Gruppe 1-69
2025-03-01 19:23:56,598 INFO o.a.j.t.JMeterThread: Thread finished: Thread-Gruppe 1-55
2025-03-01 19:23:56,604 INFO o.a.j.t.JMeterThread: Thread finished: Thread-Gruppe 1-25
2025-03-01 19:23:56,608 INFO o.a.j.t.JMeterThread: Thread finished: Thread-Gruppe 1-9
2025-03-01 19:23:56,691 INFO o.a.j.t.JMeterThread: Thread finished: Thread-Gruppe 1-36
2025-03-01 19:23:56,722 INFO o.a.j.t.JMeterThread: Thread finished: Thread-Gruppe 1-56
2025-03-01 19:23:56,724 INFO o.a.j.t.JMeterThread: Thread finished: Thread-Gruppe 1-70
2025-03-01 19:23:56,740 INFO o.a.j.t.JMeterThread: Thread finished: Thread-Gruppe 1-37
2025-03-01 19:23:56,744 INFO o.a.j.t.JMeterThread: Thread finished: Thread-Gruppe 1-26
2025-03-01 19:23:56,753 INFO o.a.j.t.JMeterThread: Thread finished: Thread-Gruppe 1-10
2025-03-01 19:23:56,830 INFO o.a.j.t.JMeterThread: Thread finished: Thread-Gruppe 2-17
2025-03-01 19:23:56,857 INFO o.a.j.t.JMeterThread: Thread finished: Thread-Gruppe 1-71
2025-03-01 19:23:56,874 INFO o.a.j.t.JMeterThread: Thread finished: Thread-Gruppe 1-57
2025-03-01 19:23:56,886 INFO o.a.j.t.JMeterThread: Thread finished: Thread-Gruppe 1-27
2025-03-01 19:23:56,892 INFO o.a.j.t.JMeterThread: Thread finished: Thread-Gruppe 1-38
2025-03-01 19:23:56,895 INFO o.a.j.t.JMeterThread: Thread finished: Thread-Gruppe 1-11
2025-03-01 19:23:57,002 INFO o.a.j.t.JMeterThread: Thread finished: Thread-Gruppe 1-72
2025-03-01 19:23:57,012 INFO o.a.j.t.JMeterThread: Thread finished: Thread-Gruppe 1-12
2025-03-01 19:23:57,015 INFO o.a.j.t.JMeterThread: Thread finished: Thread-Gruppe 1-39
2025-03-01 19:23:57,018 INFO o.a.j.t.JMeterThread: Thread finished: Thread-Gruppe 1-58
2025-03-01 19:23:57,018 INFO o.a.j.t.JMeterThread: Thread finished: Thread-Gruppe 1-28
2025-03-01 19:23:57,097 INFO o.a.j.t.JMeterThread: Thread finished: Thread-Gruppe 2-18
2025-03-01 19:23:57,142 INFO o.a.j.t.JMeterThread: Thread finished: Thread-Gruppe 1-73
2025-03-01 19:23:57,145 INFO o.a.j.t.JMeterThread: Thread finished: Thread-Gruppe 2-5
2025-03-01 19:23:57,148 INFO o.a.j.t.JMeterThread: Thread finished: Thread-Gruppe 1-59
2025-03-01 19:23:57,149 INFO o.a.j.t.JMeterThread: Thread finished: Thread-Gruppe 1-29
2025-03-01 19:23:57,151 INFO o.a.j.t.JMeterThread: Thread finished: Thread-Gruppe 3-2
2025-03-01 19:23:57,158 INFO o.a.j.t.JMeterThread: Thread finished: Thread-Gruppe 1-13
2025-03-01 19:23:57,163 INFO o.a.j.t.JMeterThread: Thread finished: Thread-Gruppe 2-15
2025-03-01 19:23:57,183 INFO o.a.j.t.JMeterThread: Thread finished: Thread-Gruppe 1-40
2025-03-01 19:23:57,225 INFO o.a.j.t.JMeterThread: Thread finished: Thread-Gruppe 3-5
2025-03-01 19:23:57,241 INFO o.a.j.t.JMeterThread: Stopping because end time detected by thread: Thread-Gruppe 1-74
2025-03-01 19:23:57,241 INFO o.a.j.t.JMeterThread: Thread finished: Thread-Gruppe 1-74
2025-03-01 19:23:57,257 INFO o.a.j.t.JMeterThread: Stopping because end time detected by thread: Thread-Gruppe 1-60
2025-03-01 19:23:57,257 INFO o.a.j.t.JMeterThread: Thread finished: Thread-Gruppe 1-60
2025-03-01 19:23:57,279 INFO o.a.j.t.JMeterThread: Stopping because end time detected by thread: Thread-Gruppe 2-4
2025-03-01 19:23:57,279 INFO o.a.j.t.JMeterThread: Stopping because end time detected by thread: Thread-Gruppe 1-14
2025-03-01 19:23:57,279 INFO o.a.j.t.JMeterThread: Thread finished: Thread-Gruppe 2-4
2025-03-01 19:23:57,279 INFO o.a.j.t.JMeterThread: Thread finished: Thread-Gruppe 1-14
2025-03-01 19:23:57,279 INFO o.a.j.t.JMeterThread: Stopping because end time detected by thread: Thread-Gruppe 1-30
2025-03-01 19:23:57,279 INFO o.a.j.t.JMeterThread: Thread finished: Thread-Gruppe 1-30
2025-03-01 19:23:57,279 INFO o.a.j.t.JMeterThread: Stopping because end time detected by thread: Thread-Gruppe 2-9
2025-03-01 19:23:57,279 INFO o.a.j.t.JMeterThread: Thread finished: Thread-Gruppe 2-9
2025-03-01 19:23:57,295 INFO o.a.j.t.JMeterThread: Stopping because end time detected by thread: Thread-Gruppe 2-2
2025-03-01 19:23:57,295 INFO o.a.j.t.JMeterThread: Thread finished: Thread-Gruppe 2-2
2025-03-01 19:23:57,295 INFO o.a.j.t.JMeterThread: Stopping because end time detected by thread: Thread-Gruppe 3-3
2025-03-01 19:23:57,295 INFO o.a.j.t.JMeterThread: Thread finished: Thread-Gruppe 3-3
2025-03-01 19:23:57,327 INFO o.a.j.t.JMeterThread: Stopping because end time detected by thread: Thread-Gruppe 2-12
2025-03-01 19:23:57,342 INFO o.a.j.t.JMeterThread: Thread finished: Thread-Gruppe 2-12
2025-03-01 19:23:57,358 INFO o.a.j.t.JMeterThread: Stopping because end time detected by thread: Thread-Gruppe 1-41
2025-03-01 19:23:57,358 INFO o.a.j.t.JMeterThread: Thread finished: Thread-Gruppe 1-41
2025-03-01 19:23:57,373 INFO o.a.j.t.JMeterThread: Stopping because end time detected by thread: Thread-Gruppe 3-1
2025-03-01 19:23:57,373 INFO o.a.j.t.JMeterThread: Thread finished: Thread-Gruppe 3-1
2025-03-01 19:23:57,389 INFO o.a.j.t.JMeterThread: Stopping because end time detected by thread: Thread-Gruppe 2-1
2025-03-01 19:23:57,389 INFO o.a.j.t.JMeterThread: Stopping because end time detected by thread: Thread-Gruppe 1-61
2025-03-01 19:23:57,389 INFO o.a.j.t.JMeterThread: Thread finished: Thread-Gruppe 2-1
2025-03-01 19:23:57,389 INFO o.a.j.t.JMeterThread: Thread finished: Thread-Gruppe 1-61
2025-03-01 19:23:57,406 INFO o.a.j.t.JMeterThread: Stopping because end time detected by thread: Thread-Gruppe 1-75
2025-03-01 19:23:57,406 INFO o.a.j.t.JMeterThread: Stopping because end time detected by thread: Thread-Gruppe 1-31
2025-03-01 19:23:57,406 INFO o.a.j.t.JMeterThread: Thread finished: Thread-Gruppe 1-31
2025-03-01 19:23:57,406 INFO o.a.j.t.JMeterThread: Thread finished: Thread-Gruppe 1-75
2025-03-01 19:23:57,410 INFO o.a.j.t.JMeterThread: Stopping because end time detected by thread: Thread-Gruppe 1-42
2025-03-01 19:23:57,410 INFO o.a.j.t.JMeterThread: Thread finished: Thread-Gruppe 1-42
2025-03-01 19:23:57,410 INFO o.a.j.t.JMeterThread: Stopping because end time detected by thread: Thread-Gruppe 1-15
2025-03-01 19:23:57,410 INFO o.a.j.t.JMeterThread: Thread finished: Thread-Gruppe 1-15
2025-03-01 19:23:57,421 INFO o.a.j.t.JMeterThread: Stopping because end time detected by thread: Thread-Gruppe 2-19
2025-03-01 19:23:57,421 INFO o.a.j.t.JMeterThread: Thread finished: Thread-Gruppe 2-19
2025-03-01 19:23:57,421 INFO o.a.j.t.JMeterThread: Stopping because end time detected by thread: Thread-Gruppe 2-8
2025-03-01 19:23:57,421 INFO o.a.j.t.JMeterThread: Thread finished: Thread-Gruppe 2-8
2025-03-01 19:23:57,449 INFO o.a.j.t.JMeterThread: Stopping because end time detected by thread: Thread-Gruppe 2-14
2025-03-01 19:23:57,449 INFO o.a.j.t.JMeterThread: Thread finished: Thread-Gruppe 2-14
2025-03-01 19:23:57,484 INFO o.a.j.t.JMeterThread: Stopping because end time detected by thread: Thread-Gruppe 2-7
2025-03-01 19:23:57,484 INFO o.a.j.t.JMeterThread: Thread finished: Thread-Gruppe 2-7
2025-03-01 19:23:57,518 INFO o.a.j.t.JMeterThread: Stopping because end time detected by thread: Thread-Gruppe 2-3
2025-03-01 19:23:57,518 INFO o.a.j.t.JMeterThread: Thread finished: Thread-Gruppe 2-3
2025-03-01 19:23:57,539 INFO o.a.j.t.JMeterThread: Stopping because end time detected by thread: Thread-Gruppe 1-16
2025-03-01 19:23:57,539 INFO o.a.j.t.JMeterThread: Thread finished: Thread-Gruppe 1-16
2025-03-01 19:23:57,551 INFO o.a.j.t.JMeterThread: Stopping because end time detected by thread: Thread-Gruppe 2-13
2025-03-01 19:23:57,551 INFO o.a.j.t.JMeterThread: Thread finished: Thread-Gruppe 2-13
2025-03-01 19:23:57,558 INFO o.a.j.t.JMeterThread: Stopping because end time detected by thread: Thread-Gruppe 1-43
2025-03-01 19:23:57,558 INFO o.a.j.t.JMeterThread: Thread finished: Thread-Gruppe 1-43
2025-03-01 19:23:57,578 INFO o.a.j.t.JMeterThread: Stopping because end time detected by thread: Thread-Gruppe 2-6
2025-03-01 19:23:57,578 INFO o.a.j.t.JMeterThread: Thread finished: Thread-Gruppe 2-6
2025-03-01 19:23:57,593 INFO o.a.j.t.JMeterThread: Stopping because end time detected by thread: Thread-Gruppe 2-16
2025-03-01 19:23:57,593 INFO o.a.j.t.JMeterThread: Thread finished: Thread-Gruppe 2-16
2025-03-01 19:23:57,593 INFO o.a.j.t.JMeterThread: Stopping because end time detected by thread: Thread-Gruppe 2-11
2025-03-01 19:23:57,593 INFO o.a.j.t.JMeterThread: Thread finished: Thread-Gruppe 2-11
2025-03-01 19:23:57,641 INFO o.a.j.t.JMeterThread: Stopping because end time detected by thread: Thread-Gruppe 1-44
2025-03-01 19:23:57,641 INFO o.a.j.t.JMeterThread: Thread finished: Thread-Gruppe 1-44
2025-03-01 19:23:57,720 INFO o.a.j.t.JMeterThread: Stopping because end time detected by thread: Thread-Gruppe 2-20
2025-03-01 19:23:57,720 INFO o.a.j.t.JMeterThread: Thread finished: Thread-Gruppe 2-20
2025-03-01 19:23:57,817 INFO o.a.j.t.JMeterThread: Stopping because end time detected by thread: Thread-Gruppe 1-45
2025-03-01 19:23:57,817 INFO o.a.j.t.JMeterThread: Thread finished: Thread-Gruppe 1-45
2025-03-01 19:23:57,858 INFO o.a.j.t.JMeterThread: Stopping because end time detected by thread: Thread-Gruppe 2-10
2025-03-01 19:23:57,858 INFO o.a.j.t.JMeterThread: Thread finished: Thread-Gruppe 2-10
2025-03-01 19:23:57,927 INFO o.a.j.t.JMeterThread: Stopping because end time detected by thread: Thread-Gruppe 3-4
2025-03-01 19:23:57,927 INFO o.a.j.t.JMeterThread: Thread finished: Thread-Gruppe 3-4
2025-03-01 19:23:57,944 INFO o.a.j.t.JMeterThread: Stopping because end time detected by thread: Thread-Gruppe 1-46
2025-03-01 19:23:57,944 INFO o.a.j.t.JMeterThread: Thread finished: Thread-Gruppe 1-46
2025-03-01 19:23:57,944 INFO o.a.j.e.StandardJMeterEngine: Notifying test listeners of end of test
2025-03-01 19:23:57,944 INFO o.a.j.r.Summariser: summary +   2104 in 00:00:28 =   75.3/s Avg:   390 Min:   242 Max:  1349 Err:     0 (0.00%) Active: 0 Started: 100 Finished: 100
2025-03-01 19:23:57,944 INFO o.a.j.r.Summariser: summary =  45369 in 00:11:01 =   68.6/s Avg:   399 Min:   241 Max:  1349 Err:     0 (0.00%)
