2025-02-28 12:13:12,184 INFO o.a.j.u.JMeterUtils: Setting Locale to en_EN
2025-02-28 12:13:12,209 INFO o.a.j.JMeter: Loading user properties from: C:\Users\ASUS\Desktop\apache-jmeter-5.6.3\apache-jmeter-5.6.3\bin\user.properties
2025-02-28 12:13:12,210 INFO o.a.j.JMeter: Loading system properties from: C:\Users\ASUS\Desktop\apache-jmeter-5.6.3\apache-jmeter-5.6.3\bin\system.properties
2025-02-28 12:13:12,211 INFO o.a.j.JMeter: Setting JMeter property: lb_1_hostname=34.123.91.22
2025-02-28 12:13:12,211 INFO o.a.j.JMeter: Setting JMeter property: lb_2_hostname=35.224.254.232
2025-02-28 12:13:12,211 INFO o.a.j.JMeter: Setting JMeter property: lb_1_port=8090
2025-02-28 12:13:12,211 INFO o.a.j.JMeter: Setting JMeter property: lb_2_port=8091
2025-02-28 12:13:12,214 INFO o.a.j.JMeter: Setting JMeter property: warm_up_users=20
2025-02-28 12:13:12,214 INFO o.a.j.JMeter: Setting JMeter property: warm_up_time=60
2025-02-28 12:13:12,214 INFO o.a.j.JMeter: Setting JMeter property: test_run_time=600
2025-02-28 12:13:12,214 INFO o.a.j.JMeter: Setting JMeter property: ramp_up=10
2025-02-28 12:13:12,214 INFO o.a.j.JMeter: Setting JMeter property: group_1=75
2025-02-28 12:13:12,215 INFO o.a.j.JMeter: Setting JMeter property: group_2=20
2025-02-28 12:13:12,215 INFO o.a.j.JMeter: Setting JMeter property: group_3=5
2025-02-28 12:13:12,215 INFO o.a.j.JMeter: Setting JMeter property: group_1_request_rate=30
2025-02-28 12:13:12,215 INFO o.a.j.JMeter: Setting JMeter property: group_2_request_rate=90
2025-02-28 12:13:12,215 INFO o.a.j.JMeter: Setting JMeter property: group_3_request_rate=120
2025-02-28 12:13:12,215 INFO o.a.j.JMeter: Setting JMeter property: log_file=c:\\Users\\ASUS\\Desktop\\Repos\\rate-limiter-nginx\\jmeter\\cloud\\2025_02_28_10_00_logs\\token_bucket\\redis_async_bucket_capacity_100_refill_rate_1.67_batch_percent_0.5\\warm_up_results.csv
2025-02-28 12:13:12,215 INFO o.a.j.JMeter: Setting JMeter property: algorithm=token_bucket_redis_async_bucket_capacity_100_refill_rate_1.67_batch_percent_0.5
2025-02-28 12:13:12,215 INFO o.a.j.JMeter: Setting JMeter property: auth=/token_bucket/redis_async_bucket_capacity_100_refill_rate_1.67_batch_percent_0.5/tools.descartes.teastore.auth/rest
2025-02-28 12:13:12,215 INFO o.a.j.JMeter: Setting JMeter property: persistence=/token_bucket/redis_async_bucket_capacity_100_refill_rate_1.67_batch_percent_0.5/tools.descartes.teastore.persistence/rest
2025-02-28 12:13:12,215 INFO o.a.j.JMeter: Setting JMeter property: recommender=/token_bucket/redis_async_bucket_capacity_100_refill_rate_1.67_batch_percent_0.5/tools.descartes.teastore.recommender/rest
2025-02-28 12:13:12,215 INFO o.a.j.JMeter: Setting JMeter property: image=/token_bucket/redis_async_bucket_capacity_100_refill_rate_1.67_batch_percent_0.5/tools.descartes.teastore.image/rest
2025-02-28 12:13:12,224 INFO o.a.j.JMeter: Copyright (c) 1998-2024 The Apache Software Foundation
2025-02-28 12:13:12,224 INFO o.a.j.JMeter: Version 5.6.3
2025-02-28 12:13:12,224 INFO o.a.j.JMeter: java.version=17.0.9
2025-02-28 12:13:12,224 INFO o.a.j.JMeter: java.vm.name=Java HotSpot(TM) 64-Bit Server VM
2025-02-28 12:13:12,224 INFO o.a.j.JMeter: os.name=Windows 11
2025-02-28 12:13:12,224 INFO o.a.j.JMeter: os.arch=amd64
2025-02-28 12:13:12,225 INFO o.a.j.JMeter: os.version=10.0
2025-02-28 12:13:12,225 INFO o.a.j.JMeter: file.encoding=Cp1252
2025-02-28 12:13:12,225 INFO o.a.j.JMeter: java.awt.headless=true
2025-02-28 12:13:12,225 INFO o.a.j.JMeter: Max memory     =1073741824
2025-02-28 12:13:12,225 INFO o.a.j.JMeter: Available Processors =12
2025-02-28 12:13:12,229 INFO o.a.j.JMeter: Default Locale=English (EN)
2025-02-28 12:13:12,229 INFO o.a.j.JMeter: JMeter  Locale=English (EN)
2025-02-28 12:13:12,229 INFO o.a.j.JMeter: JMeterHome=C:\Users\ASUS\Desktop\apache-jmeter-5.6.3\apache-jmeter-5.6.3
2025-02-28 12:13:12,229 INFO o.a.j.JMeter: user.dir  =C:\Users\ASUS\Desktop\Repos\rate-limiter-nginx
2025-02-28 12:13:12,229 INFO o.a.j.JMeter: PWD       =C:\Users\ASUS\Desktop\Repos\rate-limiter-nginx
2025-02-28 12:13:12,229 INFO o.a.j.JMeter: IP: 192.168.1.45 Name: THIVA FullName: THIVA
2025-02-28 12:13:12,245 INFO o.a.j.s.FileServer: Default base='C:\Users\ASUS\Desktop\Repos\rate-limiter-nginx'
2025-02-28 12:13:12,254 INFO o.a.j.s.FileServer: Set new base='c:\Users\ASUS\Desktop\Repos\rate-limiter-nginx\jmeter\cloud'
2025-02-28 12:13:12,464 INFO o.a.j.s.SaveService: Testplan (JMX) version: 2.2. Testlog (JTL) version: 2.2
2025-02-28 12:13:12,495 INFO o.a.j.s.SaveService: Using SaveService properties version 5.0
2025-02-28 12:13:12,495 INFO o.a.j.s.SaveService: Using SaveService properties file encoding UTF-8
2025-02-28 12:13:12,511 INFO o.a.j.s.SaveService: Loading file: c:\Users\ASUS\Desktop\Repos\rate-limiter-nginx\jmeter\cloud\teastore_performance.jmx
2025-02-28 12:13:12,562 INFO o.a.j.p.h.c.CookieManager: Settings: Delete null: true Check: true Allow variable: true Save: false Prefix: COOKIE_
2025-02-28 12:13:12,584 INFO o.a.j.p.h.s.HTTPSamplerBase: Parser for text/html is org.apache.jmeter.protocol.http.parser.LagartoBasedHtmlParser
2025-02-28 12:13:12,585 INFO o.a.j.p.h.s.HTTPSamplerBase: Parser for application/xhtml+xml is org.apache.jmeter.protocol.http.parser.LagartoBasedHtmlParser
2025-02-28 12:13:12,585 INFO o.a.j.p.h.s.HTTPSamplerBase: Parser for application/xml is org.apache.jmeter.protocol.http.parser.LagartoBasedHtmlParser
2025-02-28 12:13:12,585 INFO o.a.j.p.h.s.HTTPSamplerBase: Parser for text/xml is org.apache.jmeter.protocol.http.parser.LagartoBasedHtmlParser
2025-02-28 12:13:12,585 INFO o.a.j.p.h.s.HTTPSamplerBase: Parser for text/vnd.wap.wml is org.apache.jmeter.protocol.http.parser.RegexpHTMLParser
2025-02-28 12:13:12,585 INFO o.a.j.p.h.s.HTTPSamplerBase: Parser for text/css is org.apache.jmeter.protocol.http.parser.CssParser
2025-02-28 12:13:12,710 INFO o.a.j.s.SampleResult: Note: Sample TimeStamps are START times
2025-02-28 12:13:12,710 INFO o.a.j.s.SampleResult: sampleresult.default.encoding is set to UTF-8
2025-02-28 12:13:12,710 INFO o.a.j.s.SampleResult: sampleresult.useNanoTime=true
2025-02-28 12:13:12,710 INFO o.a.j.s.SampleResult: sampleresult.nanoThreadSleep=5000
2025-02-28 12:13:12,747 INFO o.a.j.JMeter: Creating summariser <summary>
2025-02-28 12:13:12,775 INFO o.a.j.e.StandardJMeterEngine: Running the test!
2025-02-28 12:13:12,777 INFO o.a.j.s.SampleEvent: List of sample_variables: []
2025-02-28 12:13:12,777 INFO o.a.j.s.SampleEvent: List of sample_variables: []
2025-02-28 12:13:12,789 INFO o.a.j.e.u.CompoundVariable: Note: Function class names must contain the string: '.functions.'
2025-02-28 12:13:12,789 INFO o.a.j.e.u.CompoundVariable: Note: Function class names must not contain the string: '.gui.'
2025-02-28 12:13:12,883 INFO o.a.j.r.ClassFinder: Will scan jar C:\Users\ASUS\Desktop\apache-jmeter-5.6.3\apache-jmeter-5.6.3\lib\ext\jmeter-plugins-casutg-2.10.jar with filter ExtendsClassFilter [parents=[interface org.apache.jmeter.functions.Function], inner=false, contains=null, notContains=null]. Consider exposing JMeter plugins via META-INF/services, and add JMeter-Skip-Class-Scanning=true manifest attribute so JMeter can skip classfile scanning
2025-02-28 12:13:12,894 INFO o.a.j.r.ClassFinder: Will scan jar C:\Users\ASUS\Desktop\apache-jmeter-5.6.3\apache-jmeter-5.6.3\lib\ext\jmeter-plugins-graphs-vs-2.0.jar with filter ExtendsClassFilter [parents=[interface org.apache.jmeter.functions.Function], inner=false, contains=null, notContains=null]. Consider exposing JMeter plugins via META-INF/services, and add JMeter-Skip-Class-Scanning=true manifest attribute so JMeter can skip classfile scanning
2025-02-28 12:13:12,910 INFO o.a.j.r.ClassFinder: Will scan jar C:\Users\ASUS\Desktop\apache-jmeter-5.6.3\apache-jmeter-5.6.3\lib\ext\jmeter-plugins-manager-1.9.jar with filter ExtendsClassFilter [parents=[interface org.apache.jmeter.functions.Function], inner=false, contains=null, notContains=null]. Consider exposing JMeter plugins via META-INF/services, and add JMeter-Skip-Class-Scanning=true manifest attribute so JMeter can skip classfile scanning
2025-02-28 12:13:13,022 INFO o.a.j.r.ClassFinder: Will scan jar C:\Users\ASUS\Desktop\apache-jmeter-5.6.3\apache-jmeter-5.6.3\lib\ext\jmeter-plugins-graphs-basic-2.0.jar with filter ExtendsClassFilter [parents=[interface org.apache.jmeter.functions.Function], inner=false, contains=null, notContains=null]. Consider exposing JMeter plugins via META-INF/services, and add JMeter-Skip-Class-Scanning=true manifest attribute so JMeter can skip classfile scanning
2025-02-28 12:13:13,026 INFO o.a.j.r.ClassFinder: Will scan jar C:\Users\ASUS\Desktop\apache-jmeter-5.6.3\apache-jmeter-5.6.3\lib\ext\jmeter-plugins-manager-0.20.jar with filter ExtendsClassFilter [parents=[interface org.apache.jmeter.functions.Function], inner=false, contains=null, notContains=null]. Consider exposing JMeter plugins via META-INF/services, and add JMeter-Skip-Class-Scanning=true manifest attribute so JMeter can skip classfile scanning
2025-02-28 12:13:13,036 INFO o.a.j.r.ClassFinder: Will scan jar C:\Users\ASUS\Desktop\apache-jmeter-5.6.3\apache-jmeter-5.6.3\lib\ext\jmeter-plugins-tst-2.6.jar with filter ExtendsClassFilter [parents=[interface org.apache.jmeter.functions.Function], inner=false, contains=null, notContains=null]. Consider exposing JMeter plugins via META-INF/services, and add JMeter-Skip-Class-Scanning=true manifest attribute so JMeter can skip classfile scanning
2025-02-28 12:13:13,044 INFO o.a.j.r.ClassFinder: Will scan jar C:\Users\ASUS\Desktop\apache-jmeter-5.6.3\apache-jmeter-5.6.3\lib\ext\jmeter-parallel-0.12.jar with filter ExtendsClassFilter [parents=[interface org.apache.jmeter.functions.Function], inner=false, contains=null, notContains=null]. Consider exposing JMeter plugins via META-INF/services, and add JMeter-Skip-Class-Scanning=true manifest attribute so JMeter can skip classfile scanning
2025-02-28 12:13:13,355 INFO o.a.j.JMeter: Running test (1740724993355)
2025-02-28 12:13:13,355 INFO o.a.j.e.StandardJMeterEngine: Starting setUp thread groups
2025-02-28 12:13:13,355 INFO o.a.j.e.StandardJMeterEngine: Starting setUp ThreadGroup: 1 : setUp Thread Group 
2025-02-28 12:13:13,355 INFO o.a.j.e.StandardJMeterEngine: Starting 20 threads for group setUp Thread Group.
2025-02-28 12:13:13,355 INFO o.a.j.e.StandardJMeterEngine: Thread will continue on error
2025-02-28 12:13:13,355 INFO o.a.j.t.ThreadGroup: Starting thread group... number=1 threads=20 ramp-up=10 delayedStart=false
2025-02-28 12:13:13,380 INFO o.a.j.t.JMeterThread: Thread started: setUp Thread Group 1-1
2025-02-28 12:13:13,407 INFO o.a.j.t.ThreadGroup: Started thread group number 1
2025-02-28 12:13:13,407 INFO o.a.j.e.StandardJMeterEngine: Waiting for all setup thread groups to exit
2025-02-28 12:13:13,867 INFO o.a.j.t.JMeterThread: Thread started: setUp Thread Group 1-2
2025-02-28 12:13:14,158 INFO o.a.j.p.h.s.HTTPHCAbstractImpl: Local host = THIVA
2025-02-28 12:13:14,164 INFO o.a.j.p.h.s.HTTPHC4Impl: HTTP request retry count = 0
2025-02-28 12:13:14,364 INFO o.a.j.t.JMeterThread: Thread started: setUp Thread Group 1-3
2025-02-28 12:13:14,864 INFO o.a.j.t.JMeterThread: Thread started: setUp Thread Group 1-4
2025-02-28 12:13:15,361 INFO o.a.j.t.JMeterThread: Thread started: setUp Thread Group 1-5
2025-02-28 12:13:15,860 INFO o.a.j.t.JMeterThread: Thread started: setUp Thread Group 1-6
2025-02-28 12:13:16,359 INFO o.a.j.t.JMeterThread: Thread started: setUp Thread Group 1-7
2025-02-28 12:13:16,863 INFO o.a.j.t.JMeterThread: Thread started: setUp Thread Group 1-8
2025-02-28 12:13:17,360 INFO o.a.j.t.JMeterThread: Thread started: setUp Thread Group 1-9
2025-02-28 12:13:17,859 INFO o.a.j.t.JMeterThread: Thread started: setUp Thread Group 1-10
2025-02-28 12:13:18,360 INFO o.a.j.t.JMeterThread: Thread started: setUp Thread Group 1-11
2025-02-28 12:13:18,863 INFO o.a.j.t.JMeterThread: Thread started: setUp Thread Group 1-12
2025-02-28 12:13:19,361 INFO o.a.j.t.JMeterThread: Thread started: setUp Thread Group 1-13
2025-02-28 12:13:19,859 INFO o.a.j.t.JMeterThread: Thread started: setUp Thread Group 1-14
2025-02-28 12:13:20,360 INFO o.a.j.t.JMeterThread: Thread started: setUp Thread Group 1-15
2025-02-28 12:13:20,858 INFO o.a.j.t.JMeterThread: Thread started: setUp Thread Group 1-16
2025-02-28 12:13:21,358 INFO o.a.j.t.JMeterThread: Thread started: setUp Thread Group 1-17
2025-02-28 12:13:21,858 INFO o.a.j.t.JMeterThread: Thread started: setUp Thread Group 1-18
2025-02-28 12:13:22,358 INFO o.a.j.t.JMeterThread: Thread started: setUp Thread Group 1-19
2025-02-28 12:13:22,858 INFO o.a.j.t.JMeterThread: Thread started: setUp Thread Group 1-20
2025-02-28 12:14:13,253 INFO o.a.j.t.JMeterThread: Thread finished: setUp Thread Group 1-16
2025-02-28 12:14:13,267 INFO o.a.j.t.JMeterThread: Thread finished: setUp Thread Group 1-18
2025-02-28 12:14:13,312 INFO o.a.j.t.JMeterThread: Thread finished: setUp Thread Group 1-13
2025-02-28 12:14:13,328 INFO o.a.j.t.JMeterThread: Thread finished: setUp Thread Group 1-15
2025-02-28 12:14:13,368 INFO o.a.j.t.JMeterThread: Thread finished: setUp Thread Group 1-17
2025-02-28 12:14:13,406 INFO o.a.j.t.JMeterThread: Stopping because end time detected by thread: setUp Thread Group 1-2
2025-02-28 12:14:13,406 INFO o.a.j.t.JMeterThread: Thread finished: setUp Thread Group 1-2
2025-02-28 12:14:13,450 INFO o.a.j.t.JMeterThread: Stopping because end time detected by thread: setUp Thread Group 1-3
2025-02-28 12:14:13,450 INFO o.a.j.t.JMeterThread: Stopping because end time detected by thread: setUp Thread Group 1-6
2025-02-28 12:14:13,450 INFO o.a.j.t.JMeterThread: Thread finished: setUp Thread Group 1-3
2025-02-28 12:14:13,450 INFO o.a.j.t.JMeterThread: Thread finished: setUp Thread Group 1-6
2025-02-28 12:14:13,450 INFO o.a.j.t.JMeterThread: Stopping because end time detected by thread: setUp Thread Group 1-10
2025-02-28 12:14:13,450 INFO o.a.j.t.JMeterThread: Thread finished: setUp Thread Group 1-10
2025-02-28 12:14:13,456 INFO o.a.j.t.JMeterThread: Stopping because end time detected by thread: setUp Thread Group 1-14
2025-02-28 12:14:13,456 INFO o.a.j.t.JMeterThread: Thread finished: setUp Thread Group 1-14
2025-02-28 12:14:13,456 INFO o.a.j.t.JMeterThread: Stopping because end time detected by thread: setUp Thread Group 1-11
2025-02-28 12:14:13,463 INFO o.a.j.t.JMeterThread: Thread finished: setUp Thread Group 1-11
2025-02-28 12:14:13,456 INFO o.a.j.t.JMeterThread: Stopping because end time detected by thread: setUp Thread Group 1-4
2025-02-28 12:14:13,456 INFO o.a.j.t.JMeterThread: Stopping because end time detected by thread: setUp Thread Group 1-5
2025-02-28 12:14:13,463 INFO o.a.j.t.JMeterThread: Thread finished: setUp Thread Group 1-5
2025-02-28 12:14:13,463 INFO o.a.j.t.JMeterThread: Thread finished: setUp Thread Group 1-4
2025-02-28 12:14:13,463 INFO o.a.j.t.JMeterThread: Stopping because end time detected by thread: setUp Thread Group 1-19
2025-02-28 12:14:13,463 INFO o.a.j.t.JMeterThread: Thread finished: setUp Thread Group 1-19
2025-02-28 12:14:13,503 INFO o.a.j.t.JMeterThread: Stopping because end time detected by thread: setUp Thread Group 1-9
2025-02-28 12:14:13,503 INFO o.a.j.t.JMeterThread: Thread finished: setUp Thread Group 1-9
2025-02-28 12:14:13,575 INFO o.a.j.t.JMeterThread: Stopping because end time detected by thread: setUp Thread Group 1-1
2025-02-28 12:14:13,575 INFO o.a.j.t.JMeterThread: Thread finished: setUp Thread Group 1-1
2025-02-28 12:14:13,607 INFO o.a.j.t.JMeterThread: Stopping because end time detected by thread: setUp Thread Group 1-20
2025-02-28 12:14:13,607 INFO o.a.j.t.JMeterThread: Thread finished: setUp Thread Group 1-20
2025-02-28 12:14:13,623 INFO o.a.j.t.JMeterThread: Stopping because end time detected by thread: setUp Thread Group 1-7
2025-02-28 12:14:13,623 INFO o.a.j.t.JMeterThread: Thread finished: setUp Thread Group 1-7
2025-02-28 12:14:13,848 INFO o.a.j.t.JMeterThread: Stopping because end time detected by thread: setUp Thread Group 1-12
2025-02-28 12:14:13,848 INFO o.a.j.t.JMeterThread: Thread finished: setUp Thread Group 1-12
2025-02-28 12:14:13,888 INFO o.a.j.t.JMeterThread: Stopping because end time detected by thread: setUp Thread Group 1-8
2025-02-28 12:14:13,889 INFO o.a.j.t.JMeterThread: Thread finished: setUp Thread Group 1-8
2025-02-28 12:14:13,889 INFO o.a.j.e.StandardJMeterEngine: All Setup Threads have ended
2025-02-28 12:14:13,926 INFO o.a.j.e.StandardJMeterEngine: Starting ThreadGroup: 1 : Thread-Gruppe
2025-02-28 12:14:13,926 INFO o.a.j.e.StandardJMeterEngine: Starting 75 threads for group Thread-Gruppe.
2025-02-28 12:14:13,927 INFO o.a.j.e.StandardJMeterEngine: Thread will continue on error
2025-02-28 12:14:13,927 INFO o.a.j.t.ThreadGroup: Starting thread group... number=1 threads=75 ramp-up=10 delayedStart=false
2025-02-28 12:14:13,927 INFO o.a.j.t.JMeterThread: Thread started: Thread-Gruppe 1-1
2025-02-28 12:14:13,980 INFO o.a.j.t.ThreadGroup: Started thread group number 1
2025-02-28 12:14:13,980 INFO o.a.j.e.StandardJMeterEngine: Starting ThreadGroup: 2 : Thread-Gruppe
2025-02-28 12:14:13,980 INFO o.a.j.e.StandardJMeterEngine: Starting 20 threads for group Thread-Gruppe.
2025-02-28 12:14:13,980 INFO o.a.j.e.StandardJMeterEngine: Thread will continue on error
2025-02-28 12:14:13,980 INFO o.a.j.t.ThreadGroup: Starting thread group... number=2 threads=20 ramp-up=10 delayedStart=false
2025-02-28 12:14:13,982 INFO o.a.j.t.JMeterThread: Thread started: Thread-Gruppe 2-1
2025-02-28 12:14:13,993 INFO o.a.j.t.ThreadGroup: Started thread group number 2
2025-02-28 12:14:13,993 INFO o.a.j.e.StandardJMeterEngine: Starting ThreadGroup: 3 : Thread-Gruppe
2025-02-28 12:14:13,993 INFO o.a.j.e.StandardJMeterEngine: Starting 5 threads for group Thread-Gruppe.
2025-02-28 12:14:13,993 INFO o.a.j.e.StandardJMeterEngine: Thread will continue on error
2025-02-28 12:14:13,993 INFO o.a.j.t.ThreadGroup: Starting thread group... number=3 threads=5 ramp-up=10 delayedStart=false
2025-02-28 12:14:13,995 INFO o.a.j.t.JMeterThread: Thread started: Thread-Gruppe 3-1
2025-02-28 12:14:13,995 INFO o.a.j.t.ThreadGroup: Started thread group number 3
2025-02-28 12:14:13,996 INFO o.a.j.e.StandardJMeterEngine: All thread groups have been started
2025-02-28 12:14:14,064 INFO o.a.j.t.JMeterThread: Thread started: Thread-Gruppe 1-2
2025-02-28 12:14:14,198 INFO o.a.j.t.JMeterThread: Thread started: Thread-Gruppe 1-3
2025-02-28 12:14:14,330 INFO o.a.j.t.JMeterThread: Thread started: Thread-Gruppe 1-4
2025-02-28 12:14:14,463 INFO o.a.j.t.JMeterThread: Thread started: Thread-Gruppe 1-5
2025-02-28 12:14:14,484 INFO o.a.j.t.JMeterThread: Thread started: Thread-Gruppe 2-2
2025-02-28 12:14:14,595 INFO o.a.j.t.JMeterThread: Thread started: Thread-Gruppe 1-6
2025-02-28 12:14:14,728 INFO o.a.j.t.JMeterThread: Thread started: Thread-Gruppe 1-7
2025-02-28 12:14:14,861 INFO o.a.j.t.JMeterThread: Thread started: Thread-Gruppe 1-8
2025-02-28 12:14:14,984 INFO o.a.j.t.JMeterThread: Thread started: Thread-Gruppe 2-3
2025-02-28 12:14:14,992 INFO o.a.j.t.JMeterThread: Thread started: Thread-Gruppe 1-9
2025-02-28 12:14:15,128 INFO o.a.j.t.JMeterThread: Thread started: Thread-Gruppe 1-10
2025-02-28 12:14:15,260 INFO o.a.j.t.JMeterThread: Thread started: Thread-Gruppe 1-11
2025-02-28 12:14:15,392 INFO o.a.j.t.JMeterThread: Thread started: Thread-Gruppe 1-12
2025-02-28 12:14:15,482 INFO o.a.j.t.JMeterThread: Thread started: Thread-Gruppe 2-4
2025-02-28 12:14:15,526 INFO o.a.j.t.JMeterThread: Thread started: Thread-Gruppe 1-13
2025-02-28 12:14:15,661 INFO o.a.j.t.JMeterThread: Thread started: Thread-Gruppe 1-14
2025-02-28 12:14:15,792 INFO o.a.j.t.JMeterThread: Thread started: Thread-Gruppe 1-15
2025-02-28 12:14:15,924 INFO o.a.j.t.JMeterThread: Thread started: Thread-Gruppe 1-16
2025-02-28 12:14:15,983 INFO o.a.j.t.JMeterThread: Thread started: Thread-Gruppe 2-5
2025-02-28 12:14:15,995 INFO o.a.j.t.JMeterThread: Thread started: Thread-Gruppe 3-2
2025-02-28 12:14:16,058 INFO o.a.j.t.JMeterThread: Thread started: Thread-Gruppe 1-17
2025-02-28 12:14:16,190 INFO o.a.j.t.JMeterThread: Thread started: Thread-Gruppe 1-18
2025-02-28 12:14:16,323 INFO o.a.j.t.JMeterThread: Thread started: Thread-Gruppe 1-19
2025-02-28 12:14:16,456 INFO o.a.j.t.JMeterThread: Thread started: Thread-Gruppe 1-20
2025-02-28 12:14:16,482 INFO o.a.j.t.JMeterThread: Thread started: Thread-Gruppe 2-6
2025-02-28 12:14:16,589 INFO o.a.j.t.JMeterThread: Thread started: Thread-Gruppe 1-21
2025-02-28 12:14:16,722 INFO o.a.j.t.JMeterThread: Thread started: Thread-Gruppe 1-22
2025-02-28 12:14:16,855 INFO o.a.j.t.JMeterThread: Thread started: Thread-Gruppe 1-23
2025-02-28 12:14:16,982 INFO o.a.j.t.JMeterThread: Thread started: Thread-Gruppe 2-7
2025-02-28 12:14:16,989 INFO o.a.j.t.JMeterThread: Thread started: Thread-Gruppe 1-24
2025-02-28 12:14:17,121 INFO o.a.j.t.JMeterThread: Thread started: Thread-Gruppe 1-25
2025-02-28 12:14:17,254 INFO o.a.j.t.JMeterThread: Thread started: Thread-Gruppe 1-26
2025-02-28 12:14:17,386 INFO o.a.j.t.JMeterThread: Thread started: Thread-Gruppe 1-27
2025-02-28 12:14:17,482 INFO o.a.j.t.JMeterThread: Thread started: Thread-Gruppe 2-8
2025-02-28 12:14:17,520 INFO o.a.j.t.JMeterThread: Thread started: Thread-Gruppe 1-28
2025-02-28 12:14:17,654 INFO o.a.j.t.JMeterThread: Thread started: Thread-Gruppe 1-29
2025-02-28 12:14:17,786 INFO o.a.j.t.JMeterThread: Thread started: Thread-Gruppe 1-30
2025-02-28 12:14:17,920 INFO o.a.j.t.JMeterThread: Thread started: Thread-Gruppe 1-31
2025-02-28 12:14:17,982 INFO o.a.j.t.JMeterThread: Thread started: Thread-Gruppe 2-9
2025-02-28 12:14:17,996 INFO o.a.j.t.JMeterThread: Thread started: Thread-Gruppe 3-3
2025-02-28 12:14:18,051 INFO o.a.j.t.JMeterThread: Thread started: Thread-Gruppe 1-32
2025-02-28 12:14:18,185 INFO o.a.j.t.JMeterThread: Thread started: Thread-Gruppe 1-33
2025-02-28 12:14:18,317 INFO o.a.j.t.JMeterThread: Thread started: Thread-Gruppe 1-34
2025-02-28 12:14:18,452 INFO o.a.j.t.JMeterThread: Thread started: Thread-Gruppe 1-35
2025-02-28 12:14:18,482 INFO o.a.j.t.JMeterThread: Thread started: Thread-Gruppe 2-10
2025-02-28 12:14:18,584 INFO o.a.j.t.JMeterThread: Thread started: Thread-Gruppe 1-36
2025-02-28 12:14:18,717 INFO o.a.j.t.JMeterThread: Thread started: Thread-Gruppe 1-37
2025-02-28 12:14:18,849 INFO o.a.j.t.JMeterThread: Thread started: Thread-Gruppe 1-38
2025-02-28 12:14:18,982 INFO o.a.j.t.JMeterThread: Thread started: Thread-Gruppe 2-11
2025-02-28 12:14:18,986 INFO o.a.j.t.JMeterThread: Thread started: Thread-Gruppe 1-39
2025-02-28 12:14:19,117 INFO o.a.j.t.JMeterThread: Thread started: Thread-Gruppe 1-40
2025-02-28 12:14:19,250 INFO o.a.j.t.JMeterThread: Thread started: Thread-Gruppe 1-41
2025-02-28 12:14:19,384 INFO o.a.j.t.JMeterThread: Thread started: Thread-Gruppe 1-42
2025-02-28 12:14:19,483 INFO o.a.j.t.JMeterThread: Thread started: Thread-Gruppe 2-12
2025-02-28 12:14:19,515 INFO o.a.j.t.JMeterThread: Thread started: Thread-Gruppe 1-43
2025-02-28 12:14:19,647 INFO o.a.j.t.JMeterThread: Thread started: Thread-Gruppe 1-44
2025-02-28 12:14:19,781 INFO o.a.j.t.JMeterThread: Thread started: Thread-Gruppe 1-45
2025-02-28 12:14:19,916 INFO o.a.j.t.JMeterThread: Thread started: Thread-Gruppe 1-46
2025-02-28 12:14:19,983 INFO o.a.j.t.JMeterThread: Thread started: Thread-Gruppe 2-13
2025-02-28 12:14:19,995 INFO o.a.j.t.JMeterThread: Thread started: Thread-Gruppe 3-4
2025-02-28 12:14:20,046 INFO o.a.j.t.JMeterThread: Thread started: Thread-Gruppe 1-47
2025-02-28 12:14:20,180 INFO o.a.j.t.JMeterThread: Thread started: Thread-Gruppe 1-48
2025-02-28 12:14:20,312 INFO o.a.j.t.JMeterThread: Thread started: Thread-Gruppe 1-49
2025-02-28 12:14:20,446 INFO o.a.j.t.JMeterThread: Thread started: Thread-Gruppe 1-50
2025-02-28 12:14:20,482 INFO o.a.j.t.JMeterThread: Thread started: Thread-Gruppe 2-14
2025-02-28 12:14:20,578 INFO o.a.j.t.JMeterThread: Thread started: Thread-Gruppe 1-51
2025-02-28 12:14:20,713 INFO o.a.j.t.JMeterThread: Thread started: Thread-Gruppe 1-52
2025-02-28 12:14:20,844 INFO o.a.j.t.JMeterThread: Thread started: Thread-Gruppe 1-53
2025-02-28 12:14:20,978 INFO o.a.j.t.JMeterThread: Thread started: Thread-Gruppe 1-54
2025-02-28 12:14:20,981 INFO o.a.j.t.JMeterThread: Thread started: Thread-Gruppe 2-15
2025-02-28 12:14:21,112 INFO o.a.j.t.JMeterThread: Thread started: Thread-Gruppe 1-55
2025-02-28 12:14:21,245 INFO o.a.j.t.JMeterThread: Thread started: Thread-Gruppe 1-56
2025-02-28 12:14:21,376 INFO o.a.j.t.JMeterThread: Thread started: Thread-Gruppe 1-57
2025-02-28 12:14:21,483 INFO o.a.j.t.JMeterThread: Thread started: Thread-Gruppe 2-16
2025-02-28 12:14:21,511 INFO o.a.j.t.JMeterThread: Thread started: Thread-Gruppe 1-58
2025-02-28 12:14:21,643 INFO o.a.j.t.JMeterThread: Thread started: Thread-Gruppe 1-59
2025-02-28 12:14:21,777 INFO o.a.j.t.JMeterThread: Thread started: Thread-Gruppe 1-60
2025-02-28 12:14:21,910 INFO o.a.j.t.JMeterThread: Thread started: Thread-Gruppe 1-61
2025-02-28 12:14:21,982 INFO o.a.j.t.JMeterThread: Thread started: Thread-Gruppe 2-17
2025-02-28 12:14:21,994 INFO o.a.j.t.JMeterThread: Thread started: Thread-Gruppe 3-5
2025-02-28 12:14:22,043 INFO o.a.j.t.JMeterThread: Thread started: Thread-Gruppe 1-62
2025-02-28 12:14:22,174 INFO o.a.j.t.JMeterThread: Thread started: Thread-Gruppe 1-63
2025-02-28 12:14:22,308 INFO o.a.j.t.JMeterThread: Thread started: Thread-Gruppe 1-64
2025-02-28 12:14:22,440 INFO o.a.j.t.JMeterThread: Thread started: Thread-Gruppe 1-65
2025-02-28 12:14:22,482 INFO o.a.j.t.JMeterThread: Thread started: Thread-Gruppe 2-18
2025-02-28 12:14:22,574 INFO o.a.j.t.JMeterThread: Thread started: Thread-Gruppe 1-66
2025-02-28 12:14:22,707 INFO o.a.j.t.JMeterThread: Thread started: Thread-Gruppe 1-67
2025-02-28 12:14:22,839 INFO o.a.j.t.JMeterThread: Thread started: Thread-Gruppe 1-68
2025-02-28 12:14:22,974 INFO o.a.j.t.JMeterThread: Thread started: Thread-Gruppe 1-69
2025-02-28 12:14:22,981 INFO o.a.j.t.JMeterThread: Thread started: Thread-Gruppe 2-19
2025-02-28 12:14:23,105 INFO o.a.j.t.JMeterThread: Thread started: Thread-Gruppe 1-70
2025-02-28 12:14:23,239 INFO o.a.j.t.JMeterThread: Thread started: Thread-Gruppe 1-71
2025-02-28 12:14:23,372 INFO o.a.j.t.JMeterThread: Thread started: Thread-Gruppe 1-72
2025-02-28 12:14:23,482 INFO o.a.j.t.JMeterThread: Thread started: Thread-Gruppe 2-20
2025-02-28 12:14:23,506 INFO o.a.j.t.JMeterThread: Thread started: Thread-Gruppe 1-73
2025-02-28 12:14:23,638 INFO o.a.j.t.JMeterThread: Thread started: Thread-Gruppe 1-74
2025-02-28 12:14:23,770 INFO o.a.j.t.JMeterThread: Thread started: Thread-Gruppe 1-75
2025-02-28 12:14:30,022 INFO o.a.j.r.Summariser: summary +    890 in 00:01:17 =   11.6/s Avg:   348 Min:   238 Max:   815 Err:     0 (0.00%) Active: 100 Started: 100 Finished: 0
2025-02-28 12:15:00,045 INFO o.a.j.r.Summariser: summary +   2291 in 00:00:30 =   76.3/s Avg:   330 Min:   238 Max:   848 Err:     0 (0.00%) Active: 100 Started: 100 Finished: 0
2025-02-28 12:15:00,046 INFO o.a.j.r.Summariser: summary =   3181 in 00:01:47 =   29.8/s Avg:   335 Min:   238 Max:   848 Err:     0 (0.00%)
2025-02-28 12:15:30,014 INFO o.a.j.r.Summariser: summary +   2279 in 00:00:30 =   76.0/s Avg:   349 Min:   238 Max:  1086 Err:     0 (0.00%) Active: 100 Started: 100 Finished: 0
2025-02-28 12:15:30,015 INFO o.a.j.r.Summariser: summary =   5460 in 00:02:17 =   40.0/s Avg:   341 Min:   238 Max:  1086 Err:     0 (0.00%)
2025-02-28 12:16:00,003 INFO o.a.j.r.Summariser: summary +   2292 in 00:00:30 =   76.4/s Avg:   326 Min:   236 Max:   840 Err:     0 (0.00%) Active: 100 Started: 100 Finished: 0
2025-02-28 12:16:00,003 INFO o.a.j.r.Summariser: summary =   7752 in 00:02:47 =   46.5/s Avg:   336 Min:   236 Max:  1086 Err:     0 (0.00%)
2025-02-28 12:16:30,003 INFO o.a.j.r.Summariser: summary +   2272 in 00:00:30 =   75.7/s Avg:   352 Min:   237 Max:  1126 Err:     0 (0.00%) Active: 100 Started: 100 Finished: 0
2025-02-28 12:16:30,003 INFO o.a.j.r.Summariser: summary =  10024 in 00:03:17 =   51.0/s Avg:   340 Min:   236 Max:  1126 Err:     0 (0.00%)
2025-02-28 12:17:00,010 INFO o.a.j.r.Summariser: summary +   2299 in 00:00:30 =   76.6/s Avg:   323 Min:   237 Max:  1031 Err:     0 (0.00%) Active: 100 Started: 100 Finished: 0
2025-02-28 12:17:00,012 INFO o.a.j.r.Summariser: summary =  12323 in 00:03:47 =   54.4/s Avg:   337 Min:   236 Max:  1126 Err:     0 (0.00%)
2025-02-28 12:17:30,003 INFO o.a.j.r.Summariser: summary +   2279 in 00:00:30 =   76.0/s Avg:   351 Min:   237 Max:  1104 Err:     0 (0.00%) Active: 100 Started: 100 Finished: 0
2025-02-28 12:17:30,003 INFO o.a.j.r.Summariser: summary =  14602 in 00:04:17 =   56.9/s Avg:   339 Min:   236 Max:  1126 Err:     0 (0.00%)
2025-02-28 12:18:00,030 INFO o.a.j.r.Summariser: summary +   2291 in 00:00:30 =   76.3/s Avg:   332 Min:   238 Max:  1032 Err:     0 (0.00%) Active: 100 Started: 100 Finished: 0
2025-02-28 12:18:00,031 INFO o.a.j.r.Summariser: summary =  16893 in 00:04:47 =   58.9/s Avg:   338 Min:   236 Max:  1126 Err:     0 (0.00%)
2025-02-28 12:18:30,008 INFO o.a.j.r.Summariser: summary +   2275 in 00:00:30 =   75.9/s Avg:   338 Min:   235 Max:  1105 Err:     0 (0.00%) Active: 100 Started: 100 Finished: 0
2025-02-28 12:18:30,009 INFO o.a.j.r.Summariser: summary =  19168 in 00:05:17 =   60.5/s Avg:   338 Min:   235 Max:  1126 Err:     0 (0.00%)
2025-02-28 12:19:00,003 INFO o.a.j.r.Summariser: summary +   2293 in 00:00:30 =   76.4/s Avg:   330 Min:   234 Max:  1026 Err:     0 (0.00%) Active: 100 Started: 100 Finished: 0
2025-02-28 12:19:00,004 INFO o.a.j.r.Summariser: summary =  21461 in 00:05:47 =   61.9/s Avg:   337 Min:   234 Max:  1126 Err:     0 (0.00%)
2025-02-28 12:19:30,001 INFO o.a.j.r.Summariser: summary +   2289 in 00:00:30 =   76.3/s Avg:   347 Min:   234 Max:  1087 Err:     0 (0.00%) Active: 100 Started: 100 Finished: 0
2025-02-28 12:19:30,002 INFO o.a.j.r.Summariser: summary =  23750 in 00:06:17 =   63.1/s Avg:   338 Min:   234 Max:  1126 Err:     0 (0.00%)
2025-02-28 12:20:00,023 INFO o.a.j.r.Summariser: summary +   2290 in 00:00:30 =   76.3/s Avg:   331 Min:   238 Max:  1084 Err:     0 (0.00%) Active: 100 Started: 100 Finished: 0
2025-02-28 12:20:00,024 INFO o.a.j.r.Summariser: summary =  26040 in 00:06:47 =   64.0/s Avg:   337 Min:   234 Max:  1126 Err:     0 (0.00%)
2025-02-28 12:20:30,028 INFO o.a.j.r.Summariser: summary +   2286 in 00:00:30 =   76.2/s Avg:   344 Min:   237 Max:  1123 Err:     0 (0.00%) Active: 100 Started: 100 Finished: 0
2025-02-28 12:20:30,029 INFO o.a.j.r.Summariser: summary =  28326 in 00:07:17 =   64.9/s Avg:   338 Min:   234 Max:  1126 Err:     0 (0.00%)
2025-02-28 12:21:00,005 INFO o.a.j.r.Summariser: summary +   2294 in 00:00:30 =   76.5/s Avg:   322 Min:   234 Max:  1081 Err:     0 (0.00%) Active: 100 Started: 100 Finished: 0
2025-02-28 12:21:00,006 INFO o.a.j.r.Summariser: summary =  30620 in 00:07:47 =   65.6/s Avg:   337 Min:   234 Max:  1126 Err:     0 (0.00%)
2025-02-28 12:21:30,032 INFO o.a.j.r.Summariser: summary +   2290 in 00:00:30 =   76.3/s Avg:   341 Min:   234 Max:  1016 Err:     0 (0.00%) Active: 100 Started: 100 Finished: 0
2025-02-28 12:21:30,032 INFO o.a.j.r.Summariser: summary =  32910 in 00:08:17 =   66.3/s Avg:   337 Min:   234 Max:  1126 Err:     0 (0.00%)
2025-02-28 12:22:00,006 INFO o.a.j.r.Summariser: summary +   2290 in 00:00:30 =   76.4/s Avg:   337 Min:   236 Max:  1092 Err:     0 (0.00%) Active: 100 Started: 100 Finished: 0
2025-02-28 12:22:00,007 INFO o.a.j.r.Summariser: summary =  35200 in 00:08:47 =   66.8/s Avg:   337 Min:   234 Max:  1126 Err:     0 (0.00%)
2025-02-28 12:22:30,009 INFO o.a.j.r.Summariser: summary +   2288 in 00:00:30 =   76.3/s Avg:   334 Min:   236 Max:  1041 Err:     0 (0.00%) Active: 100 Started: 100 Finished: 0
2025-02-28 12:22:30,010 INFO o.a.j.r.Summariser: summary =  37488 in 00:09:17 =   67.3/s Avg:   337 Min:   234 Max:  1126 Err:     0 (0.00%)
2025-02-28 12:23:00,005 INFO o.a.j.r.Summariser: summary +   2282 in 00:00:30 =   76.1/s Avg:   343 Min:   238 Max:  1081 Err:     0 (0.00%) Active: 100 Started: 100 Finished: 0
2025-02-28 12:23:00,006 INFO o.a.j.r.Summariser: summary =  39770 in 00:09:47 =   67.8/s Avg:   337 Min:   234 Max:  1126 Err:     0 (0.00%)
2025-02-28 12:23:30,012 INFO o.a.j.r.Summariser: summary +   2296 in 00:00:30 =   76.5/s Avg:   330 Min:   239 Max:  1030 Err:     0 (0.00%) Active: 100 Started: 100 Finished: 0
2025-02-28 12:23:30,014 INFO o.a.j.r.Summariser: summary =  42066 in 00:10:17 =   68.2/s Avg:   337 Min:   234 Max:  1126 Err:     0 (0.00%)
2025-02-28 12:24:00,027 INFO o.a.j.r.Summariser: summary +   2288 in 00:00:30 =   76.2/s Avg:   346 Min:   236 Max:  1052 Err:     0 (0.00%) Active: 100 Started: 100 Finished: 0
2025-02-28 12:24:00,028 INFO o.a.j.r.Summariser: summary =  44354 in 00:10:47 =   68.6/s Avg:   337 Min:   234 Max:  1126 Err:     0 (0.00%)
2025-02-28 12:24:12,215 INFO o.a.j.t.JMeterThread: Thread finished: Thread-Gruppe 1-1
2025-02-28 12:24:12,288 INFO o.a.j.t.JMeterThread: Thread finished: Thread-Gruppe 1-62
2025-02-28 12:24:12,305 INFO o.a.j.t.JMeterThread: Thread finished: Thread-Gruppe 1-47
2025-02-28 12:24:12,308 INFO o.a.j.t.JMeterThread: Thread finished: Thread-Gruppe 1-17
2025-02-28 12:24:12,321 INFO o.a.j.t.JMeterThread: Thread finished: Thread-Gruppe 1-2
2025-02-28 12:24:12,427 INFO o.a.j.t.JMeterThread: Thread finished: Thread-Gruppe 1-63
2025-02-28 12:24:12,434 INFO o.a.j.t.JMeterThread: Thread finished: Thread-Gruppe 1-18
2025-02-28 12:24:12,434 INFO o.a.j.t.JMeterThread: Thread finished: Thread-Gruppe 1-48
2025-02-28 12:24:12,453 INFO o.a.j.t.JMeterThread: Thread finished: Thread-Gruppe 1-3
2025-02-28 12:24:12,559 INFO o.a.j.t.JMeterThread: Thread finished: Thread-Gruppe 1-49
2025-02-28 12:24:12,570 INFO o.a.j.t.JMeterThread: Thread finished: Thread-Gruppe 1-19
2025-02-28 12:24:12,574 INFO o.a.j.t.JMeterThread: Thread finished: Thread-Gruppe 1-64
2025-02-28 12:24:12,593 INFO o.a.j.t.JMeterThread: Thread finished: Thread-Gruppe 1-4
2025-02-28 12:24:12,700 INFO o.a.j.t.JMeterThread: Thread finished: Thread-Gruppe 1-50
2025-02-28 12:24:12,704 INFO o.a.j.t.JMeterThread: Thread finished: Thread-Gruppe 1-65
2025-02-28 12:24:12,706 INFO o.a.j.t.JMeterThread: Thread finished: Thread-Gruppe 1-20
2025-02-28 12:24:12,719 INFO o.a.j.t.JMeterThread: Thread finished: Thread-Gruppe 1-5
2025-02-28 12:24:12,788 INFO o.a.j.t.JMeterThread: Thread finished: Thread-Gruppe 1-32
2025-02-28 12:24:12,829 INFO o.a.j.t.JMeterThread: Thread finished: Thread-Gruppe 1-51
2025-02-28 12:24:12,830 INFO o.a.j.t.JMeterThread: Thread finished: Thread-Gruppe 1-66
2025-02-28 12:24:12,843 INFO o.a.j.t.JMeterThread: Thread finished: Thread-Gruppe 1-21
2025-02-28 12:24:12,849 INFO o.a.j.t.JMeterThread: Thread finished: Thread-Gruppe 1-6
2025-02-28 12:24:12,961 INFO o.a.j.t.JMeterThread: Thread finished: Thread-Gruppe 1-67
2025-02-28 12:24:12,966 INFO o.a.j.t.JMeterThread: Thread finished: Thread-Gruppe 1-52
2025-02-28 12:24:12,976 INFO o.a.j.t.JMeterThread: Thread finished: Thread-Gruppe 1-22
2025-02-28 12:24:12,982 INFO o.a.j.t.JMeterThread: Thread finished: Thread-Gruppe 1-33
2025-02-28 12:24:12,990 INFO o.a.j.t.JMeterThread: Thread finished: Thread-Gruppe 1-7
2025-02-28 12:24:13,081 INFO o.a.j.t.JMeterThread: Thread finished: Thread-Gruppe 1-34
2025-02-28 12:24:13,092 INFO o.a.j.t.JMeterThread: Thread finished: Thread-Gruppe 1-68
2025-02-28 12:24:13,092 INFO o.a.j.t.JMeterThread: Thread finished: Thread-Gruppe 1-53
2025-02-28 12:24:13,117 INFO o.a.j.t.JMeterThread: Thread finished: Thread-Gruppe 1-8
2025-02-28 12:24:13,117 INFO o.a.j.t.JMeterThread: Thread finished: Thread-Gruppe 1-23
2025-02-28 12:24:13,234 INFO o.a.j.t.JMeterThread: Thread finished: Thread-Gruppe 1-69
2025-02-28 12:24:13,234 INFO o.a.j.t.JMeterThread: Thread finished: Thread-Gruppe 1-54
2025-02-28 12:24:13,238 INFO o.a.j.t.JMeterThread: Thread finished: Thread-Gruppe 1-35
2025-02-28 12:24:13,267 INFO o.a.j.t.JMeterThread: Thread finished: Thread-Gruppe 1-9
2025-02-28 12:24:13,267 INFO o.a.j.t.JMeterThread: Thread finished: Thread-Gruppe 1-24
2025-02-28 12:24:13,338 INFO o.a.j.t.JMeterThread: Thread finished: Thread-Gruppe 1-36
2025-02-28 12:24:13,374 INFO o.a.j.t.JMeterThread: Thread finished: Thread-Gruppe 1-70
2025-02-28 12:24:13,374 INFO o.a.j.t.JMeterThread: Thread finished: Thread-Gruppe 1-55
2025-02-28 12:24:13,431 INFO o.a.j.t.JMeterThread: Thread finished: Thread-Gruppe 1-10
2025-02-28 12:24:13,431 INFO o.a.j.t.JMeterThread: Thread finished: Thread-Gruppe 1-25
2025-02-28 12:24:13,531 INFO o.a.j.t.JMeterThread: Thread finished: Thread-Gruppe 1-37
2025-02-28 12:24:13,534 INFO o.a.j.t.JMeterThread: Thread finished: Thread-Gruppe 1-71
2025-02-28 12:24:13,537 INFO o.a.j.t.JMeterThread: Thread finished: Thread-Gruppe 1-56
2025-02-28 12:24:13,537 INFO o.a.j.t.JMeterThread: Thread finished: Thread-Gruppe 1-26
2025-02-28 12:24:13,538 INFO o.a.j.t.JMeterThread: Thread finished: Thread-Gruppe 1-11
2025-02-28 12:24:13,582 INFO o.a.j.t.JMeterThread: Thread finished: Thread-Gruppe 2-17
2025-02-28 12:24:13,596 INFO o.a.j.t.JMeterThread: Thread finished: Thread-Gruppe 1-38
2025-02-28 12:24:13,606 INFO o.a.j.t.JMeterThread: Thread finished: Thread-Gruppe 2-19
2025-02-28 12:24:13,609 INFO o.a.j.t.JMeterThread: Thread finished: Thread-Gruppe 2-13
2025-02-28 12:24:13,636 INFO o.a.j.t.JMeterThread: Thread finished: Thread-Gruppe 1-57
2025-02-28 12:24:13,636 INFO o.a.j.t.JMeterThread: Thread finished: Thread-Gruppe 1-72
2025-02-28 12:24:13,651 INFO o.a.j.t.JMeterThread: Thread finished: Thread-Gruppe 1-27
2025-02-28 12:24:13,654 INFO o.a.j.t.JMeterThread: Thread finished: Thread-Gruppe 1-12
2025-02-28 12:24:13,654 INFO o.a.j.t.JMeterThread: Thread finished: Thread-Gruppe 2-2
2025-02-28 12:24:13,748 INFO o.a.j.t.JMeterThread: Thread finished: Thread-Gruppe 2-20
2025-02-28 12:24:13,768 INFO o.a.j.t.JMeterThread: Thread finished: Thread-Gruppe 1-73
2025-02-28 12:24:13,788 INFO o.a.j.t.JMeterThread: Thread finished: Thread-Gruppe 1-58
2025-02-28 12:24:13,788 INFO o.a.j.t.JMeterThread: Thread finished: Thread-Gruppe 1-28
2025-02-28 12:24:13,790 INFO o.a.j.t.JMeterThread: Thread finished: Thread-Gruppe 1-39
2025-02-28 12:24:13,790 INFO o.a.j.t.JMeterThread: Thread finished: Thread-Gruppe 2-9
2025-02-28 12:24:13,817 INFO o.a.j.t.JMeterThread: Thread finished: Thread-Gruppe 2-3
2025-02-28 12:24:13,817 INFO o.a.j.t.JMeterThread: Thread finished: Thread-Gruppe 1-13
2025-02-28 12:24:13,829 INFO o.a.j.t.JMeterThread: Thread finished: Thread-Gruppe 2-12
2025-02-28 12:24:13,829 INFO o.a.j.t.JMeterThread: Thread finished: Thread-Gruppe 2-16
2025-02-28 12:24:13,829 INFO o.a.j.t.JMeterThread: Thread finished: Thread-Gruppe 3-5
2025-02-28 12:24:13,847 INFO o.a.j.t.JMeterThread: Thread finished: Thread-Gruppe 2-5
2025-02-28 12:24:13,866 INFO o.a.j.t.JMeterThread: Thread finished: Thread-Gruppe 2-11
2025-02-28 12:24:13,866 INFO o.a.j.t.JMeterThread: Thread finished: Thread-Gruppe 3-4
2025-02-28 12:24:13,878 INFO o.a.j.t.JMeterThread: Thread finished: Thread-Gruppe 2-6
2025-02-28 12:24:13,880 INFO o.a.j.t.JMeterThread: Thread finished: Thread-Gruppe 1-40
2025-02-28 12:24:13,888 INFO o.a.j.t.JMeterThread: Thread finished: Thread-Gruppe 1-74
2025-02-28 12:24:13,888 INFO o.a.j.t.JMeterThread: Thread finished: Thread-Gruppe 2-7
2025-02-28 12:24:13,889 INFO o.a.j.t.JMeterThread: Thread finished: Thread-Gruppe 2-15
2025-02-28 12:24:13,890 INFO o.a.j.t.JMeterThread: Thread finished: Thread-Gruppe 2-18
2025-02-28 12:24:13,894 INFO o.a.j.t.JMeterThread: Thread finished: Thread-Gruppe 1-59
2025-02-28 12:24:13,897 INFO o.a.j.t.JMeterThread: Thread finished: Thread-Gruppe 2-8
2025-02-28 12:24:13,912 INFO o.a.j.t.JMeterThread: Thread finished: Thread-Gruppe 1-29
2025-02-28 12:24:13,918 INFO o.a.j.t.JMeterThread: Thread finished: Thread-Gruppe 2-1
2025-02-28 12:24:13,922 INFO o.a.j.t.JMeterThread: Thread finished: Thread-Gruppe 1-14
2025-02-28 12:24:13,927 INFO o.a.j.t.JMeterThread: Thread finished: Thread-Gruppe 3-3
2025-02-28 12:24:13,943 INFO o.a.j.t.JMeterThread: Thread finished: Thread-Gruppe 2-4
2025-02-28 12:24:14,022 INFO o.a.j.t.JMeterThread: Stopping because end time detected by thread: Thread-Gruppe 1-75
2025-02-28 12:24:14,022 INFO o.a.j.t.JMeterThread: Thread finished: Thread-Gruppe 1-75
2025-02-28 12:24:14,022 INFO o.a.j.t.JMeterThread: Stopping because end time detected by thread: Thread-Gruppe 1-60
2025-02-28 12:24:14,022 INFO o.a.j.t.JMeterThread: Thread finished: Thread-Gruppe 1-60
2025-02-28 12:24:14,022 INFO o.a.j.t.JMeterThread: Stopping because end time detected by thread: Thread-Gruppe 1-30
2025-02-28 12:24:14,022 INFO o.a.j.t.JMeterThread: Thread finished: Thread-Gruppe 1-30
2025-02-28 12:24:14,038 INFO o.a.j.t.JMeterThread: Stopping because end time detected by thread: Thread-Gruppe 1-15
2025-02-28 12:24:14,039 INFO o.a.j.t.JMeterThread: Thread finished: Thread-Gruppe 1-15
2025-02-28 12:24:14,038 INFO o.a.j.t.JMeterThread: Stopping because end time detected by thread: Thread-Gruppe 3-1
2025-02-28 12:24:14,039 INFO o.a.j.t.JMeterThread: Thread finished: Thread-Gruppe 3-1
2025-02-28 12:24:14,039 INFO o.a.j.t.JMeterThread: Stopping because end time detected by thread: Thread-Gruppe 3-2
2025-02-28 12:24:14,039 INFO o.a.j.t.JMeterThread: Thread finished: Thread-Gruppe 3-2
2025-02-28 12:24:14,055 INFO o.a.j.t.JMeterThread: Stopping because end time detected by thread: Thread-Gruppe 1-41
2025-02-28 12:24:14,055 INFO o.a.j.t.JMeterThread: Thread finished: Thread-Gruppe 1-41
2025-02-28 12:24:14,167 INFO o.a.j.t.JMeterThread: Stopping because end time detected by thread: Thread-Gruppe 1-42
2025-02-28 12:24:14,167 INFO o.a.j.t.JMeterThread: Thread finished: Thread-Gruppe 1-42
2025-02-28 12:24:14,167 INFO o.a.j.t.JMeterThread: Stopping because end time detected by thread: Thread-Gruppe 1-61
2025-02-28 12:24:14,167 INFO o.a.j.t.JMeterThread: Thread finished: Thread-Gruppe 1-61
2025-02-28 12:24:14,167 INFO o.a.j.t.JMeterThread: Stopping because end time detected by thread: Thread-Gruppe 1-16
2025-02-28 12:24:14,167 INFO o.a.j.t.JMeterThread: Stopping because end time detected by thread: Thread-Gruppe 1-31
2025-02-28 12:24:14,181 INFO o.a.j.t.JMeterThread: Thread finished: Thread-Gruppe 1-16
2025-02-28 12:24:14,181 INFO o.a.j.t.JMeterThread: Thread finished: Thread-Gruppe 1-31
2025-02-28 12:24:14,246 INFO o.a.j.t.JMeterThread: Stopping because end time detected by thread: Thread-Gruppe 2-14
2025-02-28 12:24:14,246 INFO o.a.j.t.JMeterThread: Thread finished: Thread-Gruppe 2-14
2025-02-28 12:24:14,246 INFO o.a.j.t.JMeterThread: Stopping because end time detected by thread: Thread-Gruppe 1-43
2025-02-28 12:24:14,246 INFO o.a.j.t.JMeterThread: Thread finished: Thread-Gruppe 1-43
2025-02-28 12:24:14,359 INFO o.a.j.t.JMeterThread: Stopping because end time detected by thread: Thread-Gruppe 2-10
2025-02-28 12:24:14,359 INFO o.a.j.t.JMeterThread: Thread finished: Thread-Gruppe 2-10
2025-02-28 12:24:14,421 INFO o.a.j.t.JMeterThread: Stopping because end time detected by thread: Thread-Gruppe 1-44
2025-02-28 12:24:14,421 INFO o.a.j.t.JMeterThread: Thread finished: Thread-Gruppe 1-44
2025-02-28 12:24:14,517 INFO o.a.j.t.JMeterThread: Stopping because end time detected by thread: Thread-Gruppe 1-45
2025-02-28 12:24:14,517 INFO o.a.j.t.JMeterThread: Thread finished: Thread-Gruppe 1-45
2025-02-28 12:24:14,680 INFO o.a.j.t.JMeterThread: Stopping because end time detected by thread: Thread-Gruppe 1-46
2025-02-28 12:24:14,680 INFO o.a.j.t.JMeterThread: Thread finished: Thread-Gruppe 1-46
2025-02-28 12:24:14,680 INFO o.a.j.e.StandardJMeterEngine: Notifying test listeners of end of test
2025-02-28 12:24:14,680 INFO o.a.j.r.Summariser: summary +   1092 in 00:00:15 =   74.5/s Avg:   312 Min:   237 Max:   833 Err:     0 (0.00%) Active: 0 Started: 100 Finished: 100
2025-02-28 12:24:14,686 INFO o.a.j.r.Summariser: summary =  45446 in 00:11:01 =   68.7/s Avg:   337 Min:   234 Max:  1126 Err:     0 (0.00%)
