2025-02-28 05:35:01,843 INFO o.a.j.u.JMeterUtils: Setting Locale to en_EN
2025-02-28 05:35:01,876 INFO o.a.j.JMeter: Loading user properties from: C:\Users\ASUS\Desktop\apache-jmeter-5.6.3\apache-jmeter-5.6.3\bin\user.properties
2025-02-28 05:35:01,878 INFO o.a.j.JMeter: Loading system properties from: C:\Users\ASUS\Desktop\apache-jmeter-5.6.3\apache-jmeter-5.6.3\bin\system.properties
2025-02-28 05:35:01,878 INFO o.a.j.JMeter: Setting JMeter property: lb_1_hostname=34.55.170.28
2025-02-28 05:35:01,879 INFO o.a.j.JMeter: Setting JMeter property: lb_2_hostname=34.135.194.135
2025-02-28 05:35:01,879 INFO o.a.j.JMeter: Setting JMeter property: lb_1_port=8090
2025-02-28 05:35:01,879 INFO o.a.j.JMeter: Setting JMeter property: lb_2_port=8091
2025-02-28 05:35:01,882 INFO o.a.j.JMeter: Setting JMeter property: warm_up_users=20
2025-02-28 05:35:01,882 INFO o.a.j.JMeter: Setting JMeter property: warm_up_time=60
2025-02-28 05:35:01,882 INFO o.a.j.JMeter: Setting JMeter property: test_run_time=600
2025-02-28 05:35:01,883 INFO o.a.j.JMeter: Setting JMeter property: ramp_up=10
2025-02-28 05:35:01,883 INFO o.a.j.JMeter: Setting JMeter property: group_1=75
2025-02-28 05:35:01,883 INFO o.a.j.JMeter: Setting JMeter property: group_2=20
2025-02-28 05:35:01,883 INFO o.a.j.JMeter: Setting JMeter property: group_3=5
2025-02-28 05:35:01,883 INFO o.a.j.JMeter: Setting JMeter property: group_1_request_rate=30
2025-02-28 05:35:01,883 INFO o.a.j.JMeter: Setting JMeter property: group_2_request_rate=90
2025-02-28 05:35:01,883 INFO o.a.j.JMeter: Setting JMeter property: group_3_request_rate=120
2025-02-28 05:35:01,883 INFO o.a.j.JMeter: Setting JMeter property: log_file=c:\\Users\\ASUS\\Desktop\\Repos\\rate-limiter-nginx\\jmeter\\cloud\\2025_02_28_05_12_logs\\fixed_window_counter\\redis_async_rate_limit_100_window_size_60_batch_percent_0.5\\warm_up_results.csv
2025-02-28 05:35:01,883 INFO o.a.j.JMeter: Setting JMeter property: algorithm=fixed_window_counter_redis_async_rate_limit_100_window_size_60_batch_percent_0.5
2025-02-28 05:35:01,883 INFO o.a.j.JMeter: Setting JMeter property: auth=/fixed_window_counter/redis_async_rate_limit_100_window_size_60_batch_percent_0.5/tools.descartes.teastore.auth/rest
2025-02-28 05:35:01,884 INFO o.a.j.JMeter: Setting JMeter property: persistence=/fixed_window_counter/redis_async_rate_limit_100_window_size_60_batch_percent_0.5/tools.descartes.teastore.persistence/rest
2025-02-28 05:35:01,884 INFO o.a.j.JMeter: Setting JMeter property: recommender=/fixed_window_counter/redis_async_rate_limit_100_window_size_60_batch_percent_0.5/tools.descartes.teastore.recommender/rest
2025-02-28 05:35:01,884 INFO o.a.j.JMeter: Setting JMeter property: image=/fixed_window_counter/redis_async_rate_limit_100_window_size_60_batch_percent_0.5/tools.descartes.teastore.image/rest
2025-02-28 05:35:01,895 INFO o.a.j.JMeter: Copyright (c) 1998-2024 The Apache Software Foundation
2025-02-28 05:35:01,895 INFO o.a.j.JMeter: Version 5.6.3
2025-02-28 05:35:01,895 INFO o.a.j.JMeter: java.version=17.0.9
2025-02-28 05:35:01,895 INFO o.a.j.JMeter: java.vm.name=Java HotSpot(TM) 64-Bit Server VM
2025-02-28 05:35:01,895 INFO o.a.j.JMeter: os.name=Windows 11
2025-02-28 05:35:01,895 INFO o.a.j.JMeter: os.arch=amd64
2025-02-28 05:35:01,895 INFO o.a.j.JMeter: os.version=10.0
2025-02-28 05:35:01,895 INFO o.a.j.JMeter: file.encoding=Cp1252
2025-02-28 05:35:01,895 INFO o.a.j.JMeter: java.awt.headless=true
2025-02-28 05:35:01,895 INFO o.a.j.JMeter: Max memory     =1073741824
2025-02-28 05:35:01,895 INFO o.a.j.JMeter: Available Processors =12
2025-02-28 05:35:01,905 INFO o.a.j.JMeter: Default Locale=English (EN)
2025-02-28 05:35:01,906 INFO o.a.j.JMeter: JMeter  Locale=English (EN)
2025-02-28 05:35:01,906 INFO o.a.j.JMeter: JMeterHome=C:\Users\ASUS\Desktop\apache-jmeter-5.6.3\apache-jmeter-5.6.3
2025-02-28 05:35:01,906 INFO o.a.j.JMeter: user.dir  =C:\Users\ASUS\Desktop\Repos\rate-limiter-nginx
2025-02-28 05:35:01,907 INFO o.a.j.JMeter: PWD       =C:\Users\ASUS\Desktop\Repos\rate-limiter-nginx
2025-02-28 05:35:01,909 INFO o.a.j.JMeter: IP: 192.168.1.45 Name: THIVA FullName: THIVA
2025-02-28 05:35:01,929 INFO o.a.j.s.FileServer: Default base='C:\Users\ASUS\Desktop\Repos\rate-limiter-nginx'
2025-02-28 05:35:01,931 INFO o.a.j.s.FileServer: Set new base='c:\Users\ASUS\Desktop\Repos\rate-limiter-nginx\jmeter\cloud'
2025-02-28 05:35:02,120 INFO o.a.j.s.SaveService: Testplan (JMX) version: 2.2. Testlog (JTL) version: 2.2
2025-02-28 05:35:02,146 INFO o.a.j.s.SaveService: Using SaveService properties version 5.0
2025-02-28 05:35:02,148 INFO o.a.j.s.SaveService: Using SaveService properties file encoding UTF-8
2025-02-28 05:35:02,151 INFO o.a.j.s.SaveService: Loading file: c:\Users\ASUS\Desktop\Repos\rate-limiter-nginx\jmeter\cloud\teastore_performance.jmx
2025-02-28 05:35:02,206 INFO o.a.j.p.h.c.CookieManager: Settings: Delete null: true Check: true Allow variable: true Save: false Prefix: COOKIE_
2025-02-28 05:35:02,225 INFO o.a.j.p.h.s.HTTPSamplerBase: Parser for text/html is org.apache.jmeter.protocol.http.parser.LagartoBasedHtmlParser
2025-02-28 05:35:02,225 INFO o.a.j.p.h.s.HTTPSamplerBase: Parser for application/xhtml+xml is org.apache.jmeter.protocol.http.parser.LagartoBasedHtmlParser
2025-02-28 05:35:02,225 INFO o.a.j.p.h.s.HTTPSamplerBase: Parser for application/xml is org.apache.jmeter.protocol.http.parser.LagartoBasedHtmlParser
2025-02-28 05:35:02,225 INFO o.a.j.p.h.s.HTTPSamplerBase: Parser for text/xml is org.apache.jmeter.protocol.http.parser.LagartoBasedHtmlParser
2025-02-28 05:35:02,225 INFO o.a.j.p.h.s.HTTPSamplerBase: Parser for text/vnd.wap.wml is org.apache.jmeter.protocol.http.parser.RegexpHTMLParser
2025-02-28 05:35:02,225 INFO o.a.j.p.h.s.HTTPSamplerBase: Parser for text/css is org.apache.jmeter.protocol.http.parser.CssParser
2025-02-28 05:35:02,347 INFO o.a.j.s.SampleResult: Note: Sample TimeStamps are START times
2025-02-28 05:35:02,347 INFO o.a.j.s.SampleResult: sampleresult.default.encoding is set to UTF-8
2025-02-28 05:35:02,347 INFO o.a.j.s.SampleResult: sampleresult.useNanoTime=true
2025-02-28 05:35:02,347 INFO o.a.j.s.SampleResult: sampleresult.nanoThreadSleep=5000
2025-02-28 05:35:02,389 INFO o.a.j.JMeter: Creating summariser <summary>
2025-02-28 05:35:02,416 INFO o.a.j.e.StandardJMeterEngine: Running the test!
2025-02-28 05:35:02,417 INFO o.a.j.s.SampleEvent: List of sample_variables: []
2025-02-28 05:35:02,417 INFO o.a.j.s.SampleEvent: List of sample_variables: []
2025-02-28 05:35:02,427 INFO o.a.j.e.u.CompoundVariable: Note: Function class names must contain the string: '.functions.'
2025-02-28 05:35:02,427 INFO o.a.j.e.u.CompoundVariable: Note: Function class names must not contain the string: '.gui.'
2025-02-28 05:35:02,508 INFO o.a.j.r.ClassFinder: Will scan jar C:\Users\ASUS\Desktop\apache-jmeter-5.6.3\apache-jmeter-5.6.3\lib\ext\jmeter-plugins-casutg-2.10.jar with filter ExtendsClassFilter [parents=[interface org.apache.jmeter.functions.Function], inner=false, contains=null, notContains=null]. Consider exposing JMeter plugins via META-INF/services, and add JMeter-Skip-Class-Scanning=true manifest attribute so JMeter can skip classfile scanning
2025-02-28 05:35:02,524 INFO o.a.j.r.ClassFinder: Will scan jar C:\Users\ASUS\Desktop\apache-jmeter-5.6.3\apache-jmeter-5.6.3\lib\ext\jmeter-plugins-graphs-vs-2.0.jar with filter ExtendsClassFilter [parents=[interface org.apache.jmeter.functions.Function], inner=false, contains=null, notContains=null]. Consider exposing JMeter plugins via META-INF/services, and add JMeter-Skip-Class-Scanning=true manifest attribute so JMeter can skip classfile scanning
2025-02-28 05:35:02,527 INFO o.a.j.r.ClassFinder: Will scan jar C:\Users\ASUS\Desktop\apache-jmeter-5.6.3\apache-jmeter-5.6.3\lib\ext\jmeter-plugins-manager-1.9.jar with filter ExtendsClassFilter [parents=[interface org.apache.jmeter.functions.Function], inner=false, contains=null, notContains=null]. Consider exposing JMeter plugins via META-INF/services, and add JMeter-Skip-Class-Scanning=true manifest attribute so JMeter can skip classfile scanning
2025-02-28 05:35:02,622 INFO o.a.j.r.ClassFinder: Will scan jar C:\Users\ASUS\Desktop\apache-jmeter-5.6.3\apache-jmeter-5.6.3\lib\ext\jmeter-plugins-graphs-basic-2.0.jar with filter ExtendsClassFilter [parents=[interface org.apache.jmeter.functions.Function], inner=false, contains=null, notContains=null]. Consider exposing JMeter plugins via META-INF/services, and add JMeter-Skip-Class-Scanning=true manifest attribute so JMeter can skip classfile scanning
2025-02-28 05:35:02,631 INFO o.a.j.r.ClassFinder: Will scan jar C:\Users\ASUS\Desktop\apache-jmeter-5.6.3\apache-jmeter-5.6.3\lib\ext\jmeter-plugins-manager-0.20.jar with filter ExtendsClassFilter [parents=[interface org.apache.jmeter.functions.Function], inner=false, contains=null, notContains=null]. Consider exposing JMeter plugins via META-INF/services, and add JMeter-Skip-Class-Scanning=true manifest attribute so JMeter can skip classfile scanning
2025-02-28 05:35:02,642 INFO o.a.j.r.ClassFinder: Will scan jar C:\Users\ASUS\Desktop\apache-jmeter-5.6.3\apache-jmeter-5.6.3\lib\ext\jmeter-plugins-tst-2.6.jar with filter ExtendsClassFilter [parents=[interface org.apache.jmeter.functions.Function], inner=false, contains=null, notContains=null]. Consider exposing JMeter plugins via META-INF/services, and add JMeter-Skip-Class-Scanning=true manifest attribute so JMeter can skip classfile scanning
2025-02-28 05:35:02,646 INFO o.a.j.r.ClassFinder: Will scan jar C:\Users\ASUS\Desktop\apache-jmeter-5.6.3\apache-jmeter-5.6.3\lib\ext\jmeter-parallel-0.12.jar with filter ExtendsClassFilter [parents=[interface org.apache.jmeter.functions.Function], inner=false, contains=null, notContains=null]. Consider exposing JMeter plugins via META-INF/services, and add JMeter-Skip-Class-Scanning=true manifest attribute so JMeter can skip classfile scanning
2025-02-28 05:35:03,001 INFO o.a.j.JMeter: Running test (1740701103000)
2025-02-28 05:35:03,002 INFO o.a.j.e.StandardJMeterEngine: Starting setUp thread groups
2025-02-28 05:35:03,003 INFO o.a.j.e.StandardJMeterEngine: Starting setUp ThreadGroup: 1 : setUp Thread Group 
2025-02-28 05:35:03,003 INFO o.a.j.e.StandardJMeterEngine: Starting 20 threads for group setUp Thread Group.
2025-02-28 05:35:03,003 INFO o.a.j.e.StandardJMeterEngine: Thread will continue on error
2025-02-28 05:35:03,003 INFO o.a.j.t.ThreadGroup: Starting thread group... number=1 threads=20 ramp-up=10 delayedStart=false
2025-02-28 05:35:03,020 INFO o.a.j.t.JMeterThread: Thread started: setUp Thread Group 1-1
2025-02-28 05:35:03,050 INFO o.a.j.t.ThreadGroup: Started thread group number 1
2025-02-28 05:35:03,050 INFO o.a.j.e.StandardJMeterEngine: Waiting for all setup thread groups to exit
2025-02-28 05:35:03,516 INFO o.a.j.t.JMeterThread: Thread started: setUp Thread Group 1-2
2025-02-28 05:35:04,014 INFO o.a.j.t.JMeterThread: Thread started: setUp Thread Group 1-3
2025-02-28 05:35:04,024 INFO o.a.j.p.h.s.HTTPHCAbstractImpl: Local host = THIVA
2025-02-28 05:35:04,032 INFO o.a.j.p.h.s.HTTPHC4Impl: HTTP request retry count = 0
2025-02-28 05:35:04,513 INFO o.a.j.t.JMeterThread: Thread started: setUp Thread Group 1-4
2025-02-28 05:35:05,013 INFO o.a.j.t.JMeterThread: Thread started: setUp Thread Group 1-5
2025-02-28 05:35:05,513 INFO o.a.j.t.JMeterThread: Thread started: setUp Thread Group 1-6
2025-02-28 05:35:06,010 INFO o.a.j.t.JMeterThread: Thread started: setUp Thread Group 1-7
2025-02-28 05:35:06,514 INFO o.a.j.t.JMeterThread: Thread started: setUp Thread Group 1-8
2025-02-28 05:35:07,008 INFO o.a.j.t.JMeterThread: Thread started: setUp Thread Group 1-9
2025-02-28 05:35:07,509 INFO o.a.j.t.JMeterThread: Thread started: setUp Thread Group 1-10
2025-02-28 05:35:08,010 INFO o.a.j.t.JMeterThread: Thread started: setUp Thread Group 1-11
2025-02-28 05:35:08,508 INFO o.a.j.t.JMeterThread: Thread started: setUp Thread Group 1-12
2025-02-28 05:35:09,009 INFO o.a.j.t.JMeterThread: Thread started: setUp Thread Group 1-13
2025-02-28 05:35:09,507 INFO o.a.j.t.JMeterThread: Thread started: setUp Thread Group 1-14
2025-02-28 05:35:10,007 INFO o.a.j.t.JMeterThread: Thread started: setUp Thread Group 1-15
2025-02-28 05:35:10,507 INFO o.a.j.t.JMeterThread: Thread started: setUp Thread Group 1-16
2025-02-28 05:35:11,010 INFO o.a.j.t.JMeterThread: Thread started: setUp Thread Group 1-17
2025-02-28 05:35:11,509 INFO o.a.j.t.JMeterThread: Thread started: setUp Thread Group 1-18
2025-02-28 05:35:12,010 INFO o.a.j.t.JMeterThread: Thread started: setUp Thread Group 1-19
2025-02-28 05:35:12,508 INFO o.a.j.t.JMeterThread: Thread started: setUp Thread Group 1-20
2025-02-28 05:36:02,813 INFO o.a.j.t.JMeterThread: Thread finished: setUp Thread Group 1-4
2025-02-28 05:36:02,872 INFO o.a.j.t.JMeterThread: Thread finished: setUp Thread Group 1-7
2025-02-28 05:36:02,877 INFO o.a.j.t.JMeterThread: Thread finished: setUp Thread Group 1-15
2025-02-28 05:36:02,896 INFO o.a.j.t.JMeterThread: Thread finished: setUp Thread Group 1-13
2025-02-28 05:36:02,913 INFO o.a.j.t.JMeterThread: Thread finished: setUp Thread Group 1-5
2025-02-28 05:36:02,920 INFO o.a.j.t.JMeterThread: Thread finished: setUp Thread Group 1-8
2025-02-28 05:36:02,961 INFO o.a.j.t.JMeterThread: Thread finished: setUp Thread Group 1-16
2025-02-28 05:36:02,977 INFO o.a.j.t.JMeterThread: Thread finished: setUp Thread Group 1-10
2025-02-28 05:36:02,996 INFO o.a.j.t.JMeterThread: Thread finished: setUp Thread Group 1-19
2025-02-28 05:36:03,010 INFO o.a.j.t.JMeterThread: Thread finished: setUp Thread Group 1-18
2025-02-28 05:36:03,059 INFO o.a.j.t.JMeterThread: Stopping because end time detected by thread: setUp Thread Group 1-17
2025-02-28 05:36:03,060 INFO o.a.j.t.JMeterThread: Thread finished: setUp Thread Group 1-17
2025-02-28 05:36:03,081 INFO o.a.j.t.JMeterThread: Stopping because end time detected by thread: setUp Thread Group 1-14
2025-02-28 05:36:03,081 INFO o.a.j.t.JMeterThread: Thread finished: setUp Thread Group 1-14
2025-02-28 05:36:03,100 INFO o.a.j.t.JMeterThread: Stopping because end time detected by thread: setUp Thread Group 1-11
2025-02-28 05:36:03,100 INFO o.a.j.t.JMeterThread: Thread finished: setUp Thread Group 1-11
2025-02-28 05:36:03,185 INFO o.a.j.t.JMeterThread: Stopping because end time detected by thread: setUp Thread Group 1-20
2025-02-28 05:36:03,185 INFO o.a.j.t.JMeterThread: Thread finished: setUp Thread Group 1-20
2025-02-28 05:36:03,253 INFO o.a.j.t.JMeterThread: Stopping because end time detected by thread: setUp Thread Group 1-9
2025-02-28 05:36:03,253 INFO o.a.j.t.JMeterThread: Thread finished: setUp Thread Group 1-9
2025-02-28 05:36:03,440 INFO o.a.j.t.JMeterThread: Stopping because end time detected by thread: setUp Thread Group 1-12
2025-02-28 05:36:03,440 INFO o.a.j.t.JMeterThread: Thread finished: setUp Thread Group 1-12
2025-02-28 05:36:03,557 INFO o.a.j.t.JMeterThread: Stopping because end time detected by thread: setUp Thread Group 1-2
2025-02-28 05:36:03,558 INFO o.a.j.t.JMeterThread: Thread finished: setUp Thread Group 1-2
2025-02-28 05:36:03,641 INFO o.a.j.t.JMeterThread: Stopping because end time detected by thread: setUp Thread Group 1-1
2025-02-28 05:36:03,641 INFO o.a.j.t.JMeterThread: Thread finished: setUp Thread Group 1-1
2025-02-28 05:36:03,726 INFO o.a.j.t.JMeterThread: Stopping because end time detected by thread: setUp Thread Group 1-6
2025-02-28 05:36:03,726 INFO o.a.j.t.JMeterThread: Thread finished: setUp Thread Group 1-6
2025-02-28 05:36:03,760 INFO o.a.j.t.JMeterThread: Stopping because end time detected by thread: setUp Thread Group 1-3
2025-02-28 05:36:03,760 INFO o.a.j.t.JMeterThread: Thread finished: setUp Thread Group 1-3
2025-02-28 05:36:03,760 INFO o.a.j.e.StandardJMeterEngine: All Setup Threads have ended
2025-02-28 05:36:03,807 INFO o.a.j.e.StandardJMeterEngine: Starting ThreadGroup: 1 : Thread-Gruppe
2025-02-28 05:36:03,807 INFO o.a.j.e.StandardJMeterEngine: Starting 75 threads for group Thread-Gruppe.
2025-02-28 05:36:03,807 INFO o.a.j.e.StandardJMeterEngine: Thread will continue on error
2025-02-28 05:36:03,807 INFO o.a.j.t.ThreadGroup: Starting thread group... number=1 threads=75 ramp-up=10 delayedStart=false
2025-02-28 05:36:03,813 INFO o.a.j.t.JMeterThread: Thread started: Thread-Gruppe 1-1
2025-02-28 05:36:03,903 INFO o.a.j.t.ThreadGroup: Started thread group number 1
2025-02-28 05:36:03,903 INFO o.a.j.e.StandardJMeterEngine: Starting ThreadGroup: 2 : Thread-Gruppe
2025-02-28 05:36:03,903 INFO o.a.j.e.StandardJMeterEngine: Starting 20 threads for group Thread-Gruppe.
2025-02-28 05:36:03,903 INFO o.a.j.e.StandardJMeterEngine: Thread will continue on error
2025-02-28 05:36:03,903 INFO o.a.j.t.ThreadGroup: Starting thread group... number=2 threads=20 ramp-up=10 delayedStart=false
2025-02-28 05:36:03,906 INFO o.a.j.t.JMeterThread: Thread started: Thread-Gruppe 2-1
2025-02-28 05:36:03,925 INFO o.a.j.t.ThreadGroup: Started thread group number 2
2025-02-28 05:36:03,925 INFO o.a.j.e.StandardJMeterEngine: Starting ThreadGroup: 3 : Thread-Gruppe
2025-02-28 05:36:03,925 INFO o.a.j.e.StandardJMeterEngine: Starting 5 threads for group Thread-Gruppe.
2025-02-28 05:36:03,925 INFO o.a.j.e.StandardJMeterEngine: Thread will continue on error
2025-02-28 05:36:03,925 INFO o.a.j.t.ThreadGroup: Starting thread group... number=3 threads=5 ramp-up=10 delayedStart=false
2025-02-28 05:36:03,927 INFO o.a.j.t.JMeterThread: Thread started: Thread-Gruppe 3-1
2025-02-28 05:36:03,931 INFO o.a.j.t.ThreadGroup: Started thread group number 3
2025-02-28 05:36:03,931 INFO o.a.j.e.StandardJMeterEngine: All thread groups have been started
2025-02-28 05:36:03,944 INFO o.a.j.t.JMeterThread: Thread started: Thread-Gruppe 1-2
2025-02-28 05:36:04,078 INFO o.a.j.t.JMeterThread: Thread started: Thread-Gruppe 1-3
2025-02-28 05:36:04,210 INFO o.a.j.t.JMeterThread: Thread started: Thread-Gruppe 1-4
2025-02-28 05:36:04,342 INFO o.a.j.t.JMeterThread: Thread started: Thread-Gruppe 1-5
2025-02-28 05:36:04,376 INFO o.a.j.r.Summariser: summary +      1 in 00:01:01 =    0.0/s Avg:   519 Min:   519 Max:   519 Err:     0 (0.00%) Active: 7 Started: 7 Finished: 0
2025-02-28 05:36:04,409 INFO o.a.j.t.JMeterThread: Thread started: Thread-Gruppe 2-2
2025-02-28 05:36:04,474 INFO o.a.j.t.JMeterThread: Thread started: Thread-Gruppe 1-6
2025-02-28 05:36:04,608 INFO o.a.j.t.JMeterThread: Thread started: Thread-Gruppe 1-7
2025-02-28 05:36:04,742 INFO o.a.j.t.JMeterThread: Thread started: Thread-Gruppe 1-8
2025-02-28 05:36:04,873 INFO o.a.j.t.JMeterThread: Thread started: Thread-Gruppe 1-9
2025-02-28 05:36:04,909 INFO o.a.j.t.JMeterThread: Thread started: Thread-Gruppe 2-3
2025-02-28 05:36:05,010 INFO o.a.j.t.JMeterThread: Thread started: Thread-Gruppe 1-10
2025-02-28 05:36:05,141 INFO o.a.j.t.JMeterThread: Thread started: Thread-Gruppe 1-11
2025-02-28 05:36:05,273 INFO o.a.j.t.JMeterThread: Thread started: Thread-Gruppe 1-12
2025-02-28 05:36:05,406 INFO o.a.j.t.JMeterThread: Thread started: Thread-Gruppe 2-4
2025-02-28 05:36:05,407 INFO o.a.j.t.JMeterThread: Thread started: Thread-Gruppe 1-13
2025-02-28 05:36:05,539 INFO o.a.j.t.JMeterThread: Thread started: Thread-Gruppe 1-14
2025-02-28 05:36:05,671 INFO o.a.j.t.JMeterThread: Thread started: Thread-Gruppe 1-15
2025-02-28 05:36:05,806 INFO o.a.j.t.JMeterThread: Thread started: Thread-Gruppe 1-16
2025-02-28 05:36:05,906 INFO o.a.j.t.JMeterThread: Thread started: Thread-Gruppe 2-5
2025-02-28 05:36:05,927 INFO o.a.j.t.JMeterThread: Thread started: Thread-Gruppe 3-2
2025-02-28 05:36:05,938 INFO o.a.j.t.JMeterThread: Thread started: Thread-Gruppe 1-17
2025-02-28 05:36:06,071 INFO o.a.j.t.JMeterThread: Thread started: Thread-Gruppe 1-18
2025-02-28 05:36:06,205 INFO o.a.j.t.JMeterThread: Thread started: Thread-Gruppe 1-19
2025-02-28 05:36:06,339 INFO o.a.j.t.JMeterThread: Thread started: Thread-Gruppe 1-20
2025-02-28 05:36:06,406 INFO o.a.j.t.JMeterThread: Thread started: Thread-Gruppe 2-6
2025-02-28 05:36:06,471 INFO o.a.j.t.JMeterThread: Thread started: Thread-Gruppe 1-21
2025-02-28 05:36:06,604 INFO o.a.j.t.JMeterThread: Thread started: Thread-Gruppe 1-22
2025-02-28 05:36:06,737 INFO o.a.j.t.JMeterThread: Thread started: Thread-Gruppe 1-23
2025-02-28 05:36:06,870 INFO o.a.j.t.JMeterThread: Thread started: Thread-Gruppe 1-24
2025-02-28 05:36:06,907 INFO o.a.j.t.JMeterThread: Thread started: Thread-Gruppe 2-7
2025-02-28 05:36:07,002 INFO o.a.j.t.JMeterThread: Thread started: Thread-Gruppe 1-25
2025-02-28 05:36:07,135 INFO o.a.j.t.JMeterThread: Thread started: Thread-Gruppe 1-26
2025-02-28 05:36:07,268 INFO o.a.j.t.JMeterThread: Thread started: Thread-Gruppe 1-27
2025-02-28 05:36:07,402 INFO o.a.j.t.JMeterThread: Thread started: Thread-Gruppe 1-28
2025-02-28 05:36:07,407 INFO o.a.j.t.JMeterThread: Thread started: Thread-Gruppe 2-8
2025-02-28 05:36:07,534 INFO o.a.j.t.JMeterThread: Thread started: Thread-Gruppe 1-29
2025-02-28 05:36:07,667 INFO o.a.j.t.JMeterThread: Thread started: Thread-Gruppe 1-30
2025-02-28 05:36:07,801 INFO o.a.j.t.JMeterThread: Thread started: Thread-Gruppe 1-31
2025-02-28 05:36:07,906 INFO o.a.j.t.JMeterThread: Thread started: Thread-Gruppe 2-9
2025-02-28 05:36:07,927 INFO o.a.j.t.JMeterThread: Thread started: Thread-Gruppe 3-3
2025-02-28 05:36:07,933 INFO o.a.j.t.JMeterThread: Thread started: Thread-Gruppe 1-32
2025-02-28 05:36:08,068 INFO o.a.j.t.JMeterThread: Thread started: Thread-Gruppe 1-33
2025-02-28 05:36:08,199 INFO o.a.j.t.JMeterThread: Thread started: Thread-Gruppe 1-34
2025-02-28 05:36:08,332 INFO o.a.j.t.JMeterThread: Thread started: Thread-Gruppe 1-35
2025-02-28 05:36:08,407 INFO o.a.j.t.JMeterThread: Thread started: Thread-Gruppe 2-10
2025-02-28 05:36:08,465 INFO o.a.j.t.JMeterThread: Thread started: Thread-Gruppe 1-36
2025-02-28 05:36:08,598 INFO o.a.j.t.JMeterThread: Thread started: Thread-Gruppe 1-37
2025-02-28 05:36:08,731 INFO o.a.j.t.JMeterThread: Thread started: Thread-Gruppe 1-38
2025-02-28 05:36:08,864 INFO o.a.j.t.JMeterThread: Thread started: Thread-Gruppe 1-39
2025-02-28 05:36:08,907 INFO o.a.j.t.JMeterThread: Thread started: Thread-Gruppe 2-11
2025-02-28 05:36:08,996 INFO o.a.j.t.JMeterThread: Thread started: Thread-Gruppe 1-40
2025-02-28 05:36:09,130 INFO o.a.j.t.JMeterThread: Thread started: Thread-Gruppe 1-41
2025-02-28 05:36:09,262 INFO o.a.j.t.JMeterThread: Thread started: Thread-Gruppe 1-42
2025-02-28 05:36:09,394 INFO o.a.j.t.JMeterThread: Thread started: Thread-Gruppe 1-43
2025-02-28 05:36:09,406 INFO o.a.j.t.JMeterThread: Thread started: Thread-Gruppe 2-12
2025-02-28 05:36:09,527 INFO o.a.j.t.JMeterThread: Thread started: Thread-Gruppe 1-44
2025-02-28 05:36:09,661 INFO o.a.j.t.JMeterThread: Thread started: Thread-Gruppe 1-45
2025-02-28 05:36:09,794 INFO o.a.j.t.JMeterThread: Thread started: Thread-Gruppe 1-46
2025-02-28 05:36:09,907 INFO o.a.j.t.JMeterThread: Thread started: Thread-Gruppe 2-13
2025-02-28 05:36:09,928 INFO o.a.j.t.JMeterThread: Thread started: Thread-Gruppe 3-4
2025-02-28 05:36:09,928 INFO o.a.j.t.JMeterThread: Thread started: Thread-Gruppe 1-47
2025-02-28 05:36:10,061 INFO o.a.j.t.JMeterThread: Thread started: Thread-Gruppe 1-48
2025-02-28 05:36:10,193 INFO o.a.j.t.JMeterThread: Thread started: Thread-Gruppe 1-49
2025-02-28 05:36:10,327 INFO o.a.j.t.JMeterThread: Thread started: Thread-Gruppe 1-50
2025-02-28 05:36:10,407 INFO o.a.j.t.JMeterThread: Thread started: Thread-Gruppe 2-14
2025-02-28 05:36:10,460 INFO o.a.j.t.JMeterThread: Thread started: Thread-Gruppe 1-51
2025-02-28 05:36:10,593 INFO o.a.j.t.JMeterThread: Thread started: Thread-Gruppe 1-52
2025-02-28 05:36:10,726 INFO o.a.j.t.JMeterThread: Thread started: Thread-Gruppe 1-53
2025-02-28 05:36:10,858 INFO o.a.j.t.JMeterThread: Thread started: Thread-Gruppe 1-54
2025-02-28 05:36:10,907 INFO o.a.j.t.JMeterThread: Thread started: Thread-Gruppe 2-15
2025-02-28 05:36:10,991 INFO o.a.j.t.JMeterThread: Thread started: Thread-Gruppe 1-55
2025-02-28 05:36:11,125 INFO o.a.j.t.JMeterThread: Thread started: Thread-Gruppe 1-56
2025-02-28 05:36:11,258 INFO o.a.j.t.JMeterThread: Thread started: Thread-Gruppe 1-57
2025-02-28 05:36:11,391 INFO o.a.j.t.JMeterThread: Thread started: Thread-Gruppe 1-58
2025-02-28 05:36:11,407 INFO o.a.j.t.JMeterThread: Thread started: Thread-Gruppe 2-16
2025-02-28 05:36:11,524 INFO o.a.j.t.JMeterThread: Thread started: Thread-Gruppe 1-59
2025-02-28 05:36:11,657 INFO o.a.j.t.JMeterThread: Thread started: Thread-Gruppe 1-60
2025-02-28 05:36:11,789 INFO o.a.j.t.JMeterThread: Thread started: Thread-Gruppe 1-61
2025-02-28 05:36:11,907 INFO o.a.j.t.JMeterThread: Thread started: Thread-Gruppe 2-17
2025-02-28 05:36:11,924 INFO o.a.j.t.JMeterThread: Thread started: Thread-Gruppe 1-62
2025-02-28 05:36:11,929 INFO o.a.j.t.JMeterThread: Thread started: Thread-Gruppe 3-5
2025-02-28 05:36:12,054 INFO o.a.j.t.JMeterThread: Thread started: Thread-Gruppe 1-63
2025-02-28 05:36:12,189 INFO o.a.j.t.JMeterThread: Thread started: Thread-Gruppe 1-64
2025-02-28 05:36:12,322 INFO o.a.j.t.JMeterThread: Thread started: Thread-Gruppe 1-65
2025-02-28 05:36:12,407 INFO o.a.j.t.JMeterThread: Thread started: Thread-Gruppe 2-18
2025-02-28 05:36:12,453 INFO o.a.j.t.JMeterThread: Thread started: Thread-Gruppe 1-66
2025-02-28 05:36:12,589 INFO o.a.j.t.JMeterThread: Thread started: Thread-Gruppe 1-67
2025-02-28 05:36:12,720 INFO o.a.j.t.JMeterThread: Thread started: Thread-Gruppe 1-68
2025-02-28 05:36:12,853 INFO o.a.j.t.JMeterThread: Thread started: Thread-Gruppe 1-69
2025-02-28 05:36:12,908 INFO o.a.j.t.JMeterThread: Thread started: Thread-Gruppe 2-19
2025-02-28 05:36:12,986 INFO o.a.j.t.JMeterThread: Thread started: Thread-Gruppe 1-70
2025-02-28 05:36:13,118 INFO o.a.j.t.JMeterThread: Thread started: Thread-Gruppe 1-71
2025-02-28 05:36:13,252 INFO o.a.j.t.JMeterThread: Thread started: Thread-Gruppe 1-72
2025-02-28 05:36:13,384 INFO o.a.j.t.JMeterThread: Thread started: Thread-Gruppe 1-73
2025-02-28 05:36:13,407 INFO o.a.j.t.JMeterThread: Thread started: Thread-Gruppe 2-20
2025-02-28 05:36:13,518 INFO o.a.j.t.JMeterThread: Thread started: Thread-Gruppe 1-74
2025-02-28 05:36:13,651 INFO o.a.j.t.JMeterThread: Thread started: Thread-Gruppe 1-75
2025-02-28 05:36:30,035 INFO o.a.j.r.Summariser: summary +   1655 in 00:00:26 =   64.5/s Avg:   346 Min:   241 Max:  1094 Err:     0 (0.00%) Active: 100 Started: 100 Finished: 0
2025-02-28 05:36:30,036 INFO o.a.j.r.Summariser: summary =   1656 in 00:01:27 =   19.0/s Avg:   346 Min:   241 Max:  1094 Err:     0 (0.00%)
2025-02-28 05:37:00,001 INFO o.a.j.r.Summariser: summary +   2286 in 00:00:30 =   76.3/s Avg:   330 Min:   242 Max:  1077 Err:     0 (0.00%) Active: 100 Started: 100 Finished: 0
2025-02-28 05:37:00,002 INFO o.a.j.r.Summariser: summary =   3942 in 00:01:57 =   33.7/s Avg:   337 Min:   241 Max:  1094 Err:     0 (0.00%)
2025-02-28 05:37:30,010 INFO o.a.j.r.Summariser: summary +   2285 in 00:00:30 =   76.1/s Avg:   353 Min:   241 Max:  1098 Err:     0 (0.00%) Active: 100 Started: 100 Finished: 0
2025-02-28 05:37:30,011 INFO o.a.j.r.Summariser: summary =   6227 in 00:02:27 =   42.4/s Avg:   343 Min:   241 Max:  1098 Err:     0 (0.00%)
2025-02-28 05:38:00,001 INFO o.a.j.r.Summariser: summary +   2288 in 00:00:30 =   76.3/s Avg:   330 Min:   242 Max:  1092 Err:     0 (0.00%) Active: 100 Started: 100 Finished: 0
2025-02-28 05:38:00,002 INFO o.a.j.r.Summariser: summary =   8515 in 00:02:57 =   48.1/s Avg:   339 Min:   241 Max:  1098 Err:     0 (0.00%)
2025-02-28 05:38:30,002 INFO o.a.j.r.Summariser: summary +   2291 in 00:00:30 =   76.4/s Avg:   353 Min:   242 Max:  1075 Err:     0 (0.00%) Active: 100 Started: 100 Finished: 0
2025-02-28 05:38:30,003 INFO o.a.j.r.Summariser: summary =  10806 in 00:03:27 =   52.2/s Avg:   342 Min:   241 Max:  1098 Err:     0 (0.00%)
2025-02-28 05:39:00,021 INFO o.a.j.r.Summariser: summary +   2292 in 00:00:30 =   76.3/s Avg:   319 Min:   241 Max:  1071 Err:     0 (0.00%) Active: 100 Started: 100 Finished: 0
2025-02-28 05:39:00,022 INFO o.a.j.r.Summariser: summary =  13098 in 00:03:57 =   55.3/s Avg:   338 Min:   241 Max:  1098 Err:     0 (0.00%)
2025-02-28 05:39:30,038 INFO o.a.j.r.Summariser: summary +   2281 in 00:00:30 =   76.0/s Avg:   352 Min:   241 Max:  1196 Err:     0 (0.00%) Active: 100 Started: 100 Finished: 0
2025-02-28 05:39:30,038 INFO o.a.j.r.Summariser: summary =  15379 in 00:04:27 =   57.6/s Avg:   340 Min:   241 Max:  1196 Err:     0 (0.00%)
2025-02-28 05:40:00,008 INFO o.a.j.r.Summariser: summary +   2288 in 00:00:30 =   76.3/s Avg:   332 Min:   241 Max:  1044 Err:     0 (0.00%) Active: 100 Started: 100 Finished: 0
2025-02-28 05:40:00,010 INFO o.a.j.r.Summariser: summary =  17667 in 00:04:57 =   59.5/s Avg:   339 Min:   241 Max:  1196 Err:     0 (0.00%)
2025-02-28 05:40:30,015 INFO o.a.j.r.Summariser: summary +   2274 in 00:00:30 =   75.8/s Avg:   351 Min:   242 Max:  1124 Err:     0 (0.00%) Active: 100 Started: 100 Finished: 0
2025-02-28 05:40:30,015 INFO o.a.j.r.Summariser: summary =  19941 in 00:05:27 =   61.0/s Avg:   340 Min:   241 Max:  1196 Err:     0 (0.00%)
2025-02-28 05:41:00,000 INFO o.a.j.r.Summariser: summary +   2295 in 00:00:30 =   76.5/s Avg:   337 Min:   242 Max:  1103 Err:     0 (0.00%) Active: 100 Started: 100 Finished: 0
2025-02-28 05:41:00,001 INFO o.a.j.r.Summariser: summary =  22236 in 00:05:57 =   62.3/s Avg:   340 Min:   241 Max:  1196 Err:     0 (0.00%)
2025-02-28 05:41:30,011 INFO o.a.j.r.Summariser: summary +   2288 in 00:00:30 =   76.2/s Avg:   338 Min:   241 Max:  1094 Err:     0 (0.00%) Active: 100 Started: 100 Finished: 0
2025-02-28 05:41:30,012 INFO o.a.j.r.Summariser: summary =  24524 in 00:06:27 =   63.4/s Avg:   340 Min:   241 Max:  1196 Err:     0 (0.00%)
2025-02-28 05:42:00,037 INFO o.a.j.r.Summariser: summary +   2291 in 00:00:30 =   76.3/s Avg:   335 Min:   241 Max:  1406 Err:     0 (0.00%) Active: 100 Started: 100 Finished: 0
2025-02-28 05:42:00,038 INFO o.a.j.r.Summariser: summary =  26815 in 00:06:57 =   64.3/s Avg:   339 Min:   241 Max:  1406 Err:     0 (0.00%)
2025-02-28 05:42:30,024 INFO o.a.j.r.Summariser: summary +   2283 in 00:00:30 =   76.1/s Avg:   348 Min:   241 Max:  1280 Err:     0 (0.00%) Active: 100 Started: 100 Finished: 0
2025-02-28 05:42:30,025 INFO o.a.j.r.Summariser: summary =  29098 in 00:07:27 =   65.1/s Avg:   340 Min:   241 Max:  1406 Err:     0 (0.00%)
2025-02-28 05:43:00,053 INFO o.a.j.r.Summariser: summary +   2288 in 00:00:30 =   76.2/s Avg:   327 Min:   241 Max:  1118 Err:     0 (0.00%) Active: 100 Started: 100 Finished: 0
2025-02-28 05:43:00,054 INFO o.a.j.r.Summariser: summary =  31386 in 00:07:57 =   65.8/s Avg:   339 Min:   241 Max:  1406 Err:     0 (0.00%)
2025-02-28 05:43:30,064 INFO o.a.j.r.Summariser: summary +   2282 in 00:00:30 =   76.0/s Avg:   351 Min:   241 Max:  1093 Err:     0 (0.00%) Active: 100 Started: 100 Finished: 0
2025-02-28 05:43:30,065 INFO o.a.j.r.Summariser: summary =  33668 in 00:08:27 =   66.4/s Avg:   340 Min:   241 Max:  1406 Err:     0 (0.00%)
2025-02-28 05:44:00,001 INFO o.a.j.r.Summariser: summary +   2296 in 00:00:30 =   76.7/s Avg:   331 Min:   241 Max:  1072 Err:     0 (0.00%) Active: 100 Started: 100 Finished: 0
2025-02-28 05:44:00,003 INFO o.a.j.r.Summariser: summary =  35964 in 00:08:57 =   67.0/s Avg:   339 Min:   241 Max:  1406 Err:     0 (0.00%)
2025-02-28 05:44:30,001 INFO o.a.j.r.Summariser: summary +   2273 in 00:00:30 =   75.8/s Avg:   352 Min:   240 Max:  1110 Err:     0 (0.00%) Active: 100 Started: 100 Finished: 0
2025-02-28 05:44:30,001 INFO o.a.j.r.Summariser: summary =  38237 in 00:09:27 =   67.4/s Avg:   340 Min:   240 Max:  1406 Err:     0 (0.00%)
2025-02-28 05:45:00,004 INFO o.a.j.r.Summariser: summary +   2298 in 00:00:30 =   76.6/s Avg:   330 Min:   240 Max:  1092 Err:     0 (0.00%) Active: 100 Started: 100 Finished: 0
2025-02-28 05:45:00,004 INFO o.a.j.r.Summariser: summary =  40535 in 00:09:57 =   67.9/s Avg:   340 Min:   240 Max:  1406 Err:     0 (0.00%)
2025-02-28 05:45:30,013 INFO o.a.j.r.Summariser: summary +   2280 in 00:00:30 =   76.0/s Avg:   338 Min:   241 Max:  1254 Err:     0 (0.00%) Active: 100 Started: 100 Finished: 0
2025-02-28 05:45:30,015 INFO o.a.j.r.Summariser: summary =  42815 in 00:10:27 =   68.3/s Avg:   340 Min:   240 Max:  1406 Err:     0 (0.00%)
2025-02-28 05:46:00,014 INFO o.a.j.r.Summariser: summary +   2295 in 00:00:30 =   76.5/s Avg:   327 Min:   241 Max:  1036 Err:     0 (0.00%) Active: 100 Started: 100 Finished: 0
2025-02-28 05:46:00,014 INFO o.a.j.r.Summariser: summary =  45110 in 00:10:57 =   68.7/s Avg:   339 Min:   240 Max:  1406 Err:     0 (0.00%)
2025-02-28 05:46:02,109 INFO o.a.j.t.JMeterThread: Thread finished: Thread-Gruppe 1-1
2025-02-28 05:46:02,200 INFO o.a.j.t.JMeterThread: Thread finished: Thread-Gruppe 1-62
2025-02-28 05:46:02,200 INFO o.a.j.t.JMeterThread: Thread finished: Thread-Gruppe 1-17
2025-02-28 05:46:02,200 INFO o.a.j.t.JMeterThread: Thread finished: Thread-Gruppe 1-47
2025-02-28 05:46:02,211 INFO o.a.j.t.JMeterThread: Thread finished: Thread-Gruppe 1-2
2025-02-28 05:46:02,304 INFO o.a.j.t.JMeterThread: Thread finished: Thread-Gruppe 1-63
2025-02-28 05:46:02,317 INFO o.a.j.t.JMeterThread: Thread finished: Thread-Gruppe 1-48
2025-02-28 05:46:02,318 INFO o.a.j.t.JMeterThread: Thread finished: Thread-Gruppe 1-18
2025-02-28 05:46:02,332 INFO o.a.j.t.JMeterThread: Thread finished: Thread-Gruppe 1-3
2025-02-28 05:46:02,445 INFO o.a.j.t.JMeterThread: Thread finished: Thread-Gruppe 1-64
2025-02-28 05:46:02,452 INFO o.a.j.t.JMeterThread: Thread finished: Thread-Gruppe 1-49
2025-02-28 05:46:02,467 INFO o.a.j.t.JMeterThread: Thread finished: Thread-Gruppe 1-19
2025-02-28 05:46:02,477 INFO o.a.j.t.JMeterThread: Thread finished: Thread-Gruppe 1-4
2025-02-28 05:46:02,568 INFO o.a.j.t.JMeterThread: Thread finished: Thread-Gruppe 1-65
2025-02-28 05:46:02,588 INFO o.a.j.t.JMeterThread: Thread finished: Thread-Gruppe 1-20
2025-02-28 05:46:02,592 INFO o.a.j.t.JMeterThread: Thread finished: Thread-Gruppe 1-50
2025-02-28 05:46:02,595 INFO o.a.j.t.JMeterThread: Thread finished: Thread-Gruppe 1-5
2025-02-28 05:46:02,712 INFO o.a.j.t.JMeterThread: Thread finished: Thread-Gruppe 1-51
2025-02-28 05:46:02,714 INFO o.a.j.t.JMeterThread: Thread finished: Thread-Gruppe 1-66
2025-02-28 05:46:02,724 INFO o.a.j.t.JMeterThread: Thread finished: Thread-Gruppe 1-32
2025-02-28 05:46:02,737 INFO o.a.j.t.JMeterThread: Thread finished: Thread-Gruppe 1-21
2025-02-28 05:46:02,737 INFO o.a.j.t.JMeterThread: Thread finished: Thread-Gruppe 1-6
2025-02-28 05:46:02,813 INFO o.a.j.t.JMeterThread: Thread finished: Thread-Gruppe 1-33
2025-02-28 05:46:02,844 INFO o.a.j.t.JMeterThread: Thread finished: Thread-Gruppe 1-52
2025-02-28 05:46:02,845 INFO o.a.j.t.JMeterThread: Thread finished: Thread-Gruppe 1-67
2025-02-28 05:46:02,860 INFO o.a.j.t.JMeterThread: Thread finished: Thread-Gruppe 1-22
2025-02-28 05:46:02,864 INFO o.a.j.t.JMeterThread: Thread finished: Thread-Gruppe 1-7
2025-02-28 05:46:02,976 INFO o.a.j.t.JMeterThread: Thread finished: Thread-Gruppe 1-68
2025-02-28 05:46:02,991 INFO o.a.j.t.JMeterThread: Thread finished: Thread-Gruppe 1-53
2025-02-28 05:46:02,991 INFO o.a.j.t.JMeterThread: Thread finished: Thread-Gruppe 1-34
2025-02-28 05:46:02,999 INFO o.a.j.t.JMeterThread: Thread finished: Thread-Gruppe 1-23
2025-02-28 05:46:03,005 INFO o.a.j.t.JMeterThread: Thread finished: Thread-Gruppe 1-8
2025-02-28 05:46:03,096 INFO o.a.j.t.JMeterThread: Thread finished: Thread-Gruppe 1-35
2025-02-28 05:46:03,112 INFO o.a.j.t.JMeterThread: Thread finished: Thread-Gruppe 1-54
2025-02-28 05:46:03,112 INFO o.a.j.t.JMeterThread: Thread finished: Thread-Gruppe 1-69
2025-02-28 05:46:03,124 INFO o.a.j.t.JMeterThread: Thread finished: Thread-Gruppe 1-24
2025-02-28 05:46:03,136 INFO o.a.j.t.JMeterThread: Thread finished: Thread-Gruppe 1-9
2025-02-28 05:46:03,244 INFO o.a.j.t.JMeterThread: Thread finished: Thread-Gruppe 1-36
2025-02-28 05:46:03,246 INFO o.a.j.t.JMeterThread: Thread finished: Thread-Gruppe 1-70
2025-02-28 05:46:03,256 INFO o.a.j.t.JMeterThread: Thread finished: Thread-Gruppe 1-55
2025-02-28 05:46:03,260 INFO o.a.j.t.JMeterThread: Thread finished: Thread-Gruppe 1-10
2025-02-28 05:46:03,260 INFO o.a.j.t.JMeterThread: Thread finished: Thread-Gruppe 1-25
2025-02-28 05:46:03,351 INFO o.a.j.t.JMeterThread: Thread finished: Thread-Gruppe 1-37
2025-02-28 05:46:03,372 INFO o.a.j.t.JMeterThread: Thread finished: Thread-Gruppe 1-71
2025-02-28 05:46:03,375 INFO o.a.j.t.JMeterThread: Thread finished: Thread-Gruppe 1-56
2025-02-28 05:46:03,389 INFO o.a.j.t.JMeterThread: Thread finished: Thread-Gruppe 1-26
2025-02-28 05:46:03,391 INFO o.a.j.t.JMeterThread: Thread finished: Thread-Gruppe 1-11
2025-02-28 05:46:03,507 INFO o.a.j.t.JMeterThread: Thread finished: Thread-Gruppe 1-38
2025-02-28 05:46:03,508 INFO o.a.j.t.JMeterThread: Thread finished: Thread-Gruppe 2-1
2025-02-28 05:46:03,514 INFO o.a.j.t.JMeterThread: Thread finished: Thread-Gruppe 1-72
2025-02-28 05:46:03,514 INFO o.a.j.t.JMeterThread: Thread finished: Thread-Gruppe 1-57
2025-02-28 05:46:03,536 INFO o.a.j.t.JMeterThread: Thread finished: Thread-Gruppe 1-27
2025-02-28 05:46:03,536 INFO o.a.j.t.JMeterThread: Thread finished: Thread-Gruppe 1-12
2025-02-28 05:46:03,616 INFO o.a.j.t.JMeterThread: Thread finished: Thread-Gruppe 1-39
2025-02-28 05:46:03,636 INFO o.a.j.t.JMeterThread: Thread finished: Thread-Gruppe 1-73
2025-02-28 05:46:03,648 INFO o.a.j.t.JMeterThread: Thread finished: Thread-Gruppe 1-58
2025-02-28 05:46:03,655 INFO o.a.j.t.JMeterThread: Thread finished: Thread-Gruppe 1-28
2025-02-28 05:46:03,670 INFO o.a.j.t.JMeterThread: Thread finished: Thread-Gruppe 2-4
2025-02-28 05:46:03,670 INFO o.a.j.t.JMeterThread: Thread finished: Thread-Gruppe 2-17
2025-02-28 05:46:03,676 INFO o.a.j.t.JMeterThread: Thread finished: Thread-Gruppe 1-13
2025-02-28 05:46:03,740 INFO o.a.j.t.JMeterThread: Thread finished: Thread-Gruppe 2-7
2025-02-28 05:46:03,766 INFO o.a.j.t.JMeterThread: Thread finished: Thread-Gruppe 1-40
2025-02-28 05:46:03,773 INFO o.a.j.t.JMeterThread: Thread finished: Thread-Gruppe 3-2
2025-02-28 05:46:03,778 INFO o.a.j.t.JMeterThread: Thread finished: Thread-Gruppe 1-59
2025-02-28 05:46:03,780 INFO o.a.j.t.JMeterThread: Thread finished: Thread-Gruppe 2-16
2025-02-28 05:46:03,783 INFO o.a.j.t.JMeterThread: Thread finished: Thread-Gruppe 1-29
2025-02-28 05:46:03,788 INFO o.a.j.t.JMeterThread: Thread finished: Thread-Gruppe 1-74
2025-02-28 05:46:03,792 INFO o.a.j.t.JMeterThread: Thread finished: Thread-Gruppe 3-4
2025-02-28 05:46:03,800 INFO o.a.j.t.JMeterThread: Thread finished: Thread-Gruppe 1-14
2025-02-28 05:46:03,840 INFO o.a.j.t.JMeterThread: Thread finished: Thread-Gruppe 2-11
2025-02-28 05:46:03,856 INFO o.a.j.t.JMeterThread: Thread finished: Thread-Gruppe 2-6
2025-02-28 05:46:03,903 INFO o.a.j.t.JMeterThread: Stopping because end time detected by thread: Thread-Gruppe 1-41
2025-02-28 05:46:03,903 INFO o.a.j.t.JMeterThread: Thread finished: Thread-Gruppe 1-41
2025-02-28 05:46:03,904 INFO o.a.j.t.JMeterThread: Stopping because end time detected by thread: Thread-Gruppe 1-75
2025-02-28 05:46:03,904 INFO o.a.j.t.JMeterThread: Thread finished: Thread-Gruppe 1-75
2025-02-28 05:46:03,915 INFO o.a.j.t.JMeterThread: Stopping because end time detected by thread: Thread-Gruppe 1-60
2025-02-28 05:46:03,915 INFO o.a.j.t.JMeterThread: Thread finished: Thread-Gruppe 1-60
2025-02-28 05:46:03,920 INFO o.a.j.t.JMeterThread: Stopping because end time detected by thread: Thread-Gruppe 1-30
2025-02-28 05:46:03,920 INFO o.a.j.t.JMeterThread: Thread finished: Thread-Gruppe 1-30
2025-02-28 05:46:03,923 INFO o.a.j.t.JMeterThread: Stopping because end time detected by thread: Thread-Gruppe 1-15
2025-02-28 05:46:03,923 INFO o.a.j.t.JMeterThread: Thread finished: Thread-Gruppe 1-15
2025-02-28 05:46:03,953 INFO o.a.j.t.JMeterThread: Stopping because end time detected by thread: Thread-Gruppe 2-14
2025-02-28 05:46:03,953 INFO o.a.j.t.JMeterThread: Thread finished: Thread-Gruppe 2-14
2025-02-28 05:46:03,969 INFO o.a.j.t.JMeterThread: Stopping because end time detected by thread: Thread-Gruppe 2-13
2025-02-28 05:46:03,969 INFO o.a.j.t.JMeterThread: Thread finished: Thread-Gruppe 2-13
2025-02-28 05:46:03,982 INFO o.a.j.t.JMeterThread: Stopping because end time detected by thread: Thread-Gruppe 2-5
2025-02-28 05:46:03,982 INFO o.a.j.t.JMeterThread: Thread finished: Thread-Gruppe 2-5
2025-02-28 05:46:03,997 INFO o.a.j.t.JMeterThread: Stopping because end time detected by thread: Thread-Gruppe 2-20
2025-02-28 05:46:03,997 INFO o.a.j.t.JMeterThread: Thread finished: Thread-Gruppe 2-20
2025-02-28 05:46:04,004 INFO o.a.j.t.JMeterThread: Stopping because end time detected by thread: Thread-Gruppe 2-2
2025-02-28 05:46:04,004 INFO o.a.j.t.JMeterThread: Thread finished: Thread-Gruppe 2-2
2025-02-28 05:46:04,008 INFO o.a.j.t.JMeterThread: Stopping because end time detected by thread: Thread-Gruppe 2-19
2025-02-28 05:46:04,008 INFO o.a.j.t.JMeterThread: Stopping because end time detected by thread: Thread-Gruppe 2-18
2025-02-28 05:46:04,008 INFO o.a.j.t.JMeterThread: Thread finished: Thread-Gruppe 2-19
2025-02-28 05:46:04,008 INFO o.a.j.t.JMeterThread: Thread finished: Thread-Gruppe 2-18
2025-02-28 05:46:04,012 INFO o.a.j.t.JMeterThread: Stopping because end time detected by thread: Thread-Gruppe 3-3
2025-02-28 05:46:04,012 INFO o.a.j.t.JMeterThread: Thread finished: Thread-Gruppe 3-3
2025-02-28 05:46:04,022 INFO o.a.j.t.JMeterThread: Stopping because end time detected by thread: Thread-Gruppe 2-15
2025-02-28 05:46:04,022 INFO o.a.j.t.JMeterThread: Stopping because end time detected by thread: Thread-Gruppe 2-8
2025-02-28 05:46:04,022 INFO o.a.j.t.JMeterThread: Thread finished: Thread-Gruppe 2-15
2025-02-28 05:46:04,022 INFO o.a.j.t.JMeterThread: Thread finished: Thread-Gruppe 2-8
2025-02-28 05:46:04,027 INFO o.a.j.t.JMeterThread: Stopping because end time detected by thread: Thread-Gruppe 3-1
2025-02-28 05:46:04,027 INFO o.a.j.t.JMeterThread: Thread finished: Thread-Gruppe 3-1
2025-02-28 05:46:04,028 INFO o.a.j.t.JMeterThread: Stopping because end time detected by thread: Thread-Gruppe 2-9
2025-02-28 05:46:04,028 INFO o.a.j.t.JMeterThread: Thread finished: Thread-Gruppe 2-9
2025-02-28 05:46:04,034 INFO o.a.j.t.JMeterThread: Stopping because end time detected by thread: Thread-Gruppe 1-42
2025-02-28 05:46:04,035 INFO o.a.j.t.JMeterThread: Thread finished: Thread-Gruppe 1-42
2025-02-28 05:46:04,040 INFO o.a.j.t.JMeterThread: Stopping because end time detected by thread: Thread-Gruppe 1-61
2025-02-28 05:46:04,040 INFO o.a.j.t.JMeterThread: Thread finished: Thread-Gruppe 1-61
2025-02-28 05:46:04,060 INFO o.a.j.t.JMeterThread: Stopping because end time detected by thread: Thread-Gruppe 2-10
2025-02-28 05:46:04,060 INFO o.a.j.t.JMeterThread: Stopping because end time detected by thread: Thread-Gruppe 1-31
2025-02-28 05:46:04,060 INFO o.a.j.t.JMeterThread: Thread finished: Thread-Gruppe 2-10
2025-02-28 05:46:04,060 INFO o.a.j.t.JMeterThread: Thread finished: Thread-Gruppe 1-31
2025-02-28 05:46:04,063 INFO o.a.j.t.JMeterThread: Stopping because end time detected by thread: Thread-Gruppe 1-16
2025-02-28 05:46:04,063 INFO o.a.j.t.JMeterThread: Thread finished: Thread-Gruppe 1-16
2025-02-28 05:46:04,079 INFO o.a.j.t.JMeterThread: Stopping because end time detected by thread: Thread-Gruppe 2-12
2025-02-28 05:46:04,080 INFO o.a.j.t.JMeterThread: Thread finished: Thread-Gruppe 2-12
2025-02-28 05:46:04,088 INFO o.a.j.t.JMeterThread: Stopping because end time detected by thread: Thread-Gruppe 3-5
2025-02-28 05:46:04,089 INFO o.a.j.t.JMeterThread: Thread finished: Thread-Gruppe 3-5
2025-02-28 05:46:04,111 INFO o.a.j.t.JMeterThread: Stopping because end time detected by thread: Thread-Gruppe 2-3
2025-02-28 05:46:04,112 INFO o.a.j.t.JMeterThread: Thread finished: Thread-Gruppe 2-3
2025-02-28 05:46:04,302 INFO o.a.j.t.JMeterThread: Stopping because end time detected by thread: Thread-Gruppe 1-44
2025-02-28 05:46:04,302 INFO o.a.j.t.JMeterThread: Thread finished: Thread-Gruppe 1-44
2025-02-28 05:46:04,437 INFO o.a.j.t.JMeterThread: Stopping because end time detected by thread: Thread-Gruppe 1-43
2025-02-28 05:46:04,437 INFO o.a.j.t.JMeterThread: Thread finished: Thread-Gruppe 1-43
2025-02-28 05:46:04,439 INFO o.a.j.t.JMeterThread: Stopping because end time detected by thread: Thread-Gruppe 1-45
2025-02-28 05:46:04,439 INFO o.a.j.t.JMeterThread: Thread finished: Thread-Gruppe 1-45
2025-02-28 05:46:04,572 INFO o.a.j.t.JMeterThread: Stopping because end time detected by thread: Thread-Gruppe 1-46
2025-02-28 05:46:04,573 INFO o.a.j.t.JMeterThread: Thread finished: Thread-Gruppe 1-46
2025-02-28 05:46:04,574 INFO o.a.j.e.StandardJMeterEngine: Notifying test listeners of end of test
2025-02-28 05:46:04,578 INFO o.a.j.r.Summariser: summary +    321 in 00:00:05 =   70.3/s Avg:   355 Min:   241 Max:  1039 Err:     0 (0.00%) Active: 0 Started: 100 Finished: 100
2025-02-28 05:46:04,579 INFO o.a.j.r.Summariser: summary =  45431 in 00:11:02 =   68.7/s Avg:   339 Min:   240 Max:  1406 Err:     0 (0.00%)
