2025-02-28 11:17:42,641 INFO o.a.j.u.JMeterUtils: Setting Locale to en_EN
2025-02-28 11:17:42,667 INFO o.a.j.JMeter: Loading user properties from: C:\Users\ASUS\Desktop\apache-jmeter-5.6.3\apache-jmeter-5.6.3\bin\user.properties
2025-02-28 11:17:42,667 INFO o.a.j.JMeter: Loading system properties from: C:\Users\ASUS\Desktop\apache-jmeter-5.6.3\apache-jmeter-5.6.3\bin\system.properties
2025-02-28 11:17:42,667 INFO o.a.j.JMeter: Setting JMeter property: lb_1_hostname=34.123.91.22
2025-02-28 11:17:42,667 INFO o.a.j.JMeter: Setting JMeter property: lb_2_hostname=35.224.254.232
2025-02-28 11:17:42,669 INFO o.a.j.JMeter: Setting JMeter property: lb_1_port=8090
2025-02-28 11:17:42,669 INFO o.a.j.JMeter: Setting JMeter property: lb_2_port=8091
2025-02-28 11:17:42,671 INFO o.a.j.JMeter: Setting JMeter property: warm_up_users=20
2025-02-28 11:17:42,671 INFO o.a.j.JMeter: Setting JMeter property: warm_up_time=60
2025-02-28 11:17:42,671 INFO o.a.j.JMeter: Setting JMeter property: test_run_time=600
2025-02-28 11:17:42,671 INFO o.a.j.JMeter: Setting JMeter property: ramp_up=10
2025-02-28 11:17:42,671 INFO o.a.j.JMeter: Setting JMeter property: group_1=75
2025-02-28 11:17:42,671 INFO o.a.j.JMeter: Setting JMeter property: group_2=20
2025-02-28 11:17:42,671 INFO o.a.j.JMeter: Setting JMeter property: group_3=5
2025-02-28 11:17:42,671 INFO o.a.j.JMeter: Setting JMeter property: group_1_request_rate=30
2025-02-28 11:17:42,671 INFO o.a.j.JMeter: Setting JMeter property: group_2_request_rate=90
2025-02-28 11:17:42,673 INFO o.a.j.JMeter: Setting JMeter property: group_3_request_rate=120
2025-02-28 11:17:42,673 INFO o.a.j.JMeter: Setting JMeter property: log_file=c:\\Users\\ASUS\\Desktop\\Repos\\rate-limiter-nginx\\jmeter\\cloud\\2025_02_28_10_00_logs\\sliding_window_logs\\redis_async_rate_limit_100_window_size_60_batch_percent_0.5\\warm_up_results.csv
2025-02-28 11:17:42,673 INFO o.a.j.JMeter: Setting JMeter property: algorithm=sliding_window_logs_redis_async_rate_limit_100_window_size_60_batch_percent_0.5
2025-02-28 11:17:42,673 INFO o.a.j.JMeter: Setting JMeter property: auth=/sliding_window_logs/redis_async_rate_limit_100_window_size_60_batch_percent_0.5/tools.descartes.teastore.auth/rest
2025-02-28 11:17:42,673 INFO o.a.j.JMeter: Setting JMeter property: persistence=/sliding_window_logs/redis_async_rate_limit_100_window_size_60_batch_percent_0.5/tools.descartes.teastore.persistence/rest
2025-02-28 11:17:42,673 INFO o.a.j.JMeter: Setting JMeter property: recommender=/sliding_window_logs/redis_async_rate_limit_100_window_size_60_batch_percent_0.5/tools.descartes.teastore.recommender/rest
2025-02-28 11:17:42,673 INFO o.a.j.JMeter: Setting JMeter property: image=/sliding_window_logs/redis_async_rate_limit_100_window_size_60_batch_percent_0.5/tools.descartes.teastore.image/rest
2025-02-28 11:17:42,680 INFO o.a.j.JMeter: Copyright (c) 1998-2024 The Apache Software Foundation
2025-02-28 11:17:42,682 INFO o.a.j.JMeter: Version 5.6.3
2025-02-28 11:17:42,682 INFO o.a.j.JMeter: java.version=17.0.9
2025-02-28 11:17:42,682 INFO o.a.j.JMeter: java.vm.name=Java HotSpot(TM) 64-Bit Server VM
2025-02-28 11:17:42,682 INFO o.a.j.JMeter: os.name=Windows 11
2025-02-28 11:17:42,682 INFO o.a.j.JMeter: os.arch=amd64
2025-02-28 11:17:42,682 INFO o.a.j.JMeter: os.version=10.0
2025-02-28 11:17:42,682 INFO o.a.j.JMeter: file.encoding=Cp1252
2025-02-28 11:17:42,682 INFO o.a.j.JMeter: java.awt.headless=true
2025-02-28 11:17:42,682 INFO o.a.j.JMeter: Max memory     =1073741824
2025-02-28 11:17:42,682 INFO o.a.j.JMeter: Available Processors =12
2025-02-28 11:17:42,694 INFO o.a.j.JMeter: Default Locale=English (EN)
2025-02-28 11:17:42,694 INFO o.a.j.JMeter: JMeter  Locale=English (EN)
2025-02-28 11:17:42,694 INFO o.a.j.JMeter: JMeterHome=C:\Users\ASUS\Desktop\apache-jmeter-5.6.3\apache-jmeter-5.6.3
2025-02-28 11:17:42,694 INFO o.a.j.JMeter: user.dir  =C:\Users\ASUS\Desktop\Repos\rate-limiter-nginx
2025-02-28 11:17:42,694 INFO o.a.j.JMeter: PWD       =C:\Users\ASUS\Desktop\Repos\rate-limiter-nginx
2025-02-28 11:17:42,697 INFO o.a.j.JMeter: IP: 192.168.1.45 Name: THIVA FullName: THIVA
2025-02-28 11:17:42,708 INFO o.a.j.s.FileServer: Default base='C:\Users\ASUS\Desktop\Repos\rate-limiter-nginx'
2025-02-28 11:17:42,712 INFO o.a.j.s.FileServer: Set new base='c:\Users\ASUS\Desktop\Repos\rate-limiter-nginx\jmeter\cloud'
2025-02-28 11:17:43,016 INFO o.a.j.s.SaveService: Testplan (JMX) version: 2.2. Testlog (JTL) version: 2.2
2025-02-28 11:17:43,074 INFO o.a.j.s.SaveService: Using SaveService properties version 5.0
2025-02-28 11:17:43,080 INFO o.a.j.s.SaveService: Using SaveService properties file encoding UTF-8
2025-02-28 11:17:43,083 INFO o.a.j.s.SaveService: Loading file: c:\Users\ASUS\Desktop\Repos\rate-limiter-nginx\jmeter\cloud\teastore_performance.jmx
2025-02-28 11:17:43,168 INFO o.a.j.p.h.c.CookieManager: Settings: Delete null: true Check: true Allow variable: true Save: false Prefix: COOKIE_
2025-02-28 11:17:43,197 INFO o.a.j.p.h.s.HTTPSamplerBase: Parser for text/html is org.apache.jmeter.protocol.http.parser.LagartoBasedHtmlParser
2025-02-28 11:17:43,197 INFO o.a.j.p.h.s.HTTPSamplerBase: Parser for application/xhtml+xml is org.apache.jmeter.protocol.http.parser.LagartoBasedHtmlParser
2025-02-28 11:17:43,197 INFO o.a.j.p.h.s.HTTPSamplerBase: Parser for application/xml is org.apache.jmeter.protocol.http.parser.LagartoBasedHtmlParser
2025-02-28 11:17:43,197 INFO o.a.j.p.h.s.HTTPSamplerBase: Parser for text/xml is org.apache.jmeter.protocol.http.parser.LagartoBasedHtmlParser
2025-02-28 11:17:43,197 INFO o.a.j.p.h.s.HTTPSamplerBase: Parser for text/vnd.wap.wml is org.apache.jmeter.protocol.http.parser.RegexpHTMLParser
2025-02-28 11:17:43,197 INFO o.a.j.p.h.s.HTTPSamplerBase: Parser for text/css is org.apache.jmeter.protocol.http.parser.CssParser
2025-02-28 11:17:43,340 INFO o.a.j.s.SampleResult: Note: Sample TimeStamps are START times
2025-02-28 11:17:43,340 INFO o.a.j.s.SampleResult: sampleresult.default.encoding is set to UTF-8
2025-02-28 11:17:43,340 INFO o.a.j.s.SampleResult: sampleresult.useNanoTime=true
2025-02-28 11:17:43,340 INFO o.a.j.s.SampleResult: sampleresult.nanoThreadSleep=5000
2025-02-28 11:17:43,391 INFO o.a.j.JMeter: Creating summariser <summary>
2025-02-28 11:17:43,410 INFO o.a.j.e.StandardJMeterEngine: Running the test!
2025-02-28 11:17:43,410 INFO o.a.j.s.SampleEvent: List of sample_variables: []
2025-02-28 11:17:43,410 INFO o.a.j.s.SampleEvent: List of sample_variables: []
2025-02-28 11:17:43,430 INFO o.a.j.e.u.CompoundVariable: Note: Function class names must contain the string: '.functions.'
2025-02-28 11:17:43,430 INFO o.a.j.e.u.CompoundVariable: Note: Function class names must not contain the string: '.gui.'
2025-02-28 11:17:43,492 INFO o.a.j.r.ClassFinder: Will scan jar C:\Users\ASUS\Desktop\apache-jmeter-5.6.3\apache-jmeter-5.6.3\lib\ext\jmeter-plugins-casutg-2.10.jar with filter ExtendsClassFilter [parents=[interface org.apache.jmeter.functions.Function], inner=false, contains=null, notContains=null]. Consider exposing JMeter plugins via META-INF/services, and add JMeter-Skip-Class-Scanning=true manifest attribute so JMeter can skip classfile scanning
2025-02-28 11:17:43,506 INFO o.a.j.r.ClassFinder: Will scan jar C:\Users\ASUS\Desktop\apache-jmeter-5.6.3\apache-jmeter-5.6.3\lib\ext\jmeter-plugins-graphs-vs-2.0.jar with filter ExtendsClassFilter [parents=[interface org.apache.jmeter.functions.Function], inner=false, contains=null, notContains=null]. Consider exposing JMeter plugins via META-INF/services, and add JMeter-Skip-Class-Scanning=true manifest attribute so JMeter can skip classfile scanning
2025-02-28 11:17:43,509 INFO o.a.j.r.ClassFinder: Will scan jar C:\Users\ASUS\Desktop\apache-jmeter-5.6.3\apache-jmeter-5.6.3\lib\ext\jmeter-plugins-manager-1.9.jar with filter ExtendsClassFilter [parents=[interface org.apache.jmeter.functions.Function], inner=false, contains=null, notContains=null]. Consider exposing JMeter plugins via META-INF/services, and add JMeter-Skip-Class-Scanning=true manifest attribute so JMeter can skip classfile scanning
2025-02-28 11:17:43,565 INFO o.a.j.r.ClassFinder: Will scan jar C:\Users\ASUS\Desktop\apache-jmeter-5.6.3\apache-jmeter-5.6.3\lib\ext\jmeter-plugins-graphs-basic-2.0.jar with filter ExtendsClassFilter [parents=[interface org.apache.jmeter.functions.Function], inner=false, contains=null, notContains=null]. Consider exposing JMeter plugins via META-INF/services, and add JMeter-Skip-Class-Scanning=true manifest attribute so JMeter can skip classfile scanning
2025-02-28 11:17:43,565 INFO o.a.j.r.ClassFinder: Will scan jar C:\Users\ASUS\Desktop\apache-jmeter-5.6.3\apache-jmeter-5.6.3\lib\ext\jmeter-plugins-manager-0.20.jar with filter ExtendsClassFilter [parents=[interface org.apache.jmeter.functions.Function], inner=false, contains=null, notContains=null]. Consider exposing JMeter plugins via META-INF/services, and add JMeter-Skip-Class-Scanning=true manifest attribute so JMeter can skip classfile scanning
2025-02-28 11:17:43,581 INFO o.a.j.r.ClassFinder: Will scan jar C:\Users\ASUS\Desktop\apache-jmeter-5.6.3\apache-jmeter-5.6.3\lib\ext\jmeter-plugins-tst-2.6.jar with filter ExtendsClassFilter [parents=[interface org.apache.jmeter.functions.Function], inner=false, contains=null, notContains=null]. Consider exposing JMeter plugins via META-INF/services, and add JMeter-Skip-Class-Scanning=true manifest attribute so JMeter can skip classfile scanning
2025-02-28 11:17:43,585 INFO o.a.j.r.ClassFinder: Will scan jar C:\Users\ASUS\Desktop\apache-jmeter-5.6.3\apache-jmeter-5.6.3\lib\ext\jmeter-parallel-0.12.jar with filter ExtendsClassFilter [parents=[interface org.apache.jmeter.functions.Function], inner=false, contains=null, notContains=null]. Consider exposing JMeter plugins via META-INF/services, and add JMeter-Skip-Class-Scanning=true manifest attribute so JMeter can skip classfile scanning
2025-02-28 11:17:43,844 INFO o.a.j.JMeter: Running test (1740721663844)
2025-02-28 11:17:43,844 INFO o.a.j.e.StandardJMeterEngine: Starting setUp thread groups
2025-02-28 11:17:43,844 INFO o.a.j.e.StandardJMeterEngine: Starting setUp ThreadGroup: 1 : setUp Thread Group 
2025-02-28 11:17:43,850 INFO o.a.j.e.StandardJMeterEngine: Starting 20 threads for group setUp Thread Group.
2025-02-28 11:17:43,850 INFO o.a.j.e.StandardJMeterEngine: Thread will continue on error
2025-02-28 11:17:43,850 INFO o.a.j.t.ThreadGroup: Starting thread group... number=1 threads=20 ramp-up=10 delayedStart=false
2025-02-28 11:17:43,858 INFO o.a.j.t.JMeterThread: Thread started: setUp Thread Group 1-1
2025-02-28 11:17:43,885 INFO o.a.j.t.ThreadGroup: Started thread group number 1
2025-02-28 11:17:43,885 INFO o.a.j.e.StandardJMeterEngine: Waiting for all setup thread groups to exit
2025-02-28 11:17:44,357 INFO o.a.j.t.JMeterThread: Thread started: setUp Thread Group 1-2
2025-02-28 11:17:44,601 INFO o.a.j.p.h.s.HTTPHCAbstractImpl: Local host = THIVA
2025-02-28 11:17:44,606 INFO o.a.j.p.h.s.HTTPHC4Impl: HTTP request retry count = 0
2025-02-28 11:17:44,855 INFO o.a.j.t.JMeterThread: Thread started: setUp Thread Group 1-3
2025-02-28 11:17:45,357 INFO o.a.j.t.JMeterThread: Thread started: setUp Thread Group 1-4
2025-02-28 11:17:45,855 INFO o.a.j.t.JMeterThread: Thread started: setUp Thread Group 1-5
2025-02-28 11:17:46,355 INFO o.a.j.t.JMeterThread: Thread started: setUp Thread Group 1-6
2025-02-28 11:17:46,855 INFO o.a.j.t.JMeterThread: Thread started: setUp Thread Group 1-7
2025-02-28 11:17:47,357 INFO o.a.j.t.JMeterThread: Thread started: setUp Thread Group 1-8
2025-02-28 11:17:47,853 INFO o.a.j.t.JMeterThread: Thread started: setUp Thread Group 1-9
2025-02-28 11:17:48,352 INFO o.a.j.t.JMeterThread: Thread started: setUp Thread Group 1-10
2025-02-28 11:17:48,853 INFO o.a.j.t.JMeterThread: Thread started: setUp Thread Group 1-11
2025-02-28 11:17:49,354 INFO o.a.j.t.JMeterThread: Thread started: setUp Thread Group 1-12
2025-02-28 11:17:49,854 INFO o.a.j.t.JMeterThread: Thread started: setUp Thread Group 1-13
2025-02-28 11:17:50,355 INFO o.a.j.t.JMeterThread: Thread started: setUp Thread Group 1-14
2025-02-28 11:17:50,853 INFO o.a.j.t.JMeterThread: Thread started: setUp Thread Group 1-15
2025-02-28 11:17:51,357 INFO o.a.j.t.JMeterThread: Thread started: setUp Thread Group 1-16
2025-02-28 11:17:51,855 INFO o.a.j.t.JMeterThread: Thread started: setUp Thread Group 1-17
2025-02-28 11:17:52,355 INFO o.a.j.t.JMeterThread: Thread started: setUp Thread Group 1-18
2025-02-28 11:17:52,853 INFO o.a.j.t.JMeterThread: Thread started: setUp Thread Group 1-19
2025-02-28 11:17:53,353 INFO o.a.j.t.JMeterThread: Thread started: setUp Thread Group 1-20
2025-02-28 11:18:43,635 INFO o.a.j.t.JMeterThread: Thread finished: setUp Thread Group 1-11
2025-02-28 11:18:43,646 INFO o.a.j.t.JMeterThread: Thread finished: setUp Thread Group 1-19
2025-02-28 11:18:43,654 INFO o.a.j.t.JMeterThread: Thread finished: setUp Thread Group 1-10
2025-02-28 11:18:43,731 INFO o.a.j.t.JMeterThread: Thread finished: setUp Thread Group 1-3
2025-02-28 11:18:43,731 INFO o.a.j.t.JMeterThread: Thread finished: setUp Thread Group 1-9
2025-02-28 11:18:43,752 INFO o.a.j.t.JMeterThread: Thread finished: setUp Thread Group 1-4
2025-02-28 11:18:43,754 INFO o.a.j.t.JMeterThread: Thread finished: setUp Thread Group 1-14
2025-02-28 11:18:43,843 INFO o.a.j.t.JMeterThread: Thread finished: setUp Thread Group 1-17
2025-02-28 11:18:43,844 INFO o.a.j.t.JMeterThread: Thread finished: setUp Thread Group 1-8
2025-02-28 11:18:43,847 INFO o.a.j.t.JMeterThread: Thread finished: setUp Thread Group 1-12
2025-02-28 11:18:43,890 INFO o.a.j.t.JMeterThread: Stopping because end time detected by thread: setUp Thread Group 1-20
2025-02-28 11:18:43,890 INFO o.a.j.t.JMeterThread: Thread finished: setUp Thread Group 1-20
2025-02-28 11:18:43,895 INFO o.a.j.t.JMeterThread: Stopping because end time detected by thread: setUp Thread Group 1-15
2025-02-28 11:18:43,895 INFO o.a.j.t.JMeterThread: Thread finished: setUp Thread Group 1-15
2025-02-28 11:18:43,906 INFO o.a.j.t.JMeterThread: Stopping because end time detected by thread: setUp Thread Group 1-1
2025-02-28 11:18:43,906 INFO o.a.j.t.JMeterThread: Thread finished: setUp Thread Group 1-1
2025-02-28 11:18:43,923 INFO o.a.j.t.JMeterThread: Stopping because end time detected by thread: setUp Thread Group 1-6
2025-02-28 11:18:43,923 INFO o.a.j.t.JMeterThread: Thread finished: setUp Thread Group 1-6
2025-02-28 11:18:43,958 INFO o.a.j.t.JMeterThread: Stopping because end time detected by thread: setUp Thread Group 1-16
2025-02-28 11:18:43,958 INFO o.a.j.t.JMeterThread: Thread finished: setUp Thread Group 1-16
2025-02-28 11:18:44,004 INFO o.a.j.t.JMeterThread: Stopping because end time detected by thread: setUp Thread Group 1-7
2025-02-28 11:18:44,004 INFO o.a.j.t.JMeterThread: Thread finished: setUp Thread Group 1-7
2025-02-28 11:18:44,020 INFO o.a.j.t.JMeterThread: Stopping because end time detected by thread: setUp Thread Group 1-13
2025-02-28 11:18:44,020 INFO o.a.j.t.JMeterThread: Thread finished: setUp Thread Group 1-13
2025-02-28 11:18:44,026 INFO o.a.j.t.JMeterThread: Stopping because end time detected by thread: setUp Thread Group 1-2
2025-02-28 11:18:44,026 INFO o.a.j.t.JMeterThread: Thread finished: setUp Thread Group 1-2
2025-02-28 11:18:44,052 INFO o.a.j.t.JMeterThread: Stopping because end time detected by thread: setUp Thread Group 1-18
2025-02-28 11:18:44,052 INFO o.a.j.t.JMeterThread: Thread finished: setUp Thread Group 1-18
2025-02-28 11:18:44,100 INFO o.a.j.t.JMeterThread: Stopping because end time detected by thread: setUp Thread Group 1-5
2025-02-28 11:18:44,100 INFO o.a.j.t.JMeterThread: Thread finished: setUp Thread Group 1-5
2025-02-28 11:18:44,107 INFO o.a.j.e.StandardJMeterEngine: All Setup Threads have ended
2025-02-28 11:18:44,132 INFO o.a.j.e.StandardJMeterEngine: Starting ThreadGroup: 1 : Thread-Gruppe
2025-02-28 11:18:44,132 INFO o.a.j.e.StandardJMeterEngine: Starting 75 threads for group Thread-Gruppe.
2025-02-28 11:18:44,132 INFO o.a.j.e.StandardJMeterEngine: Thread will continue on error
2025-02-28 11:18:44,132 INFO o.a.j.t.ThreadGroup: Starting thread group... number=1 threads=75 ramp-up=10 delayedStart=false
2025-02-28 11:18:44,132 INFO o.a.j.t.JMeterThread: Thread started: Thread-Gruppe 1-1
2025-02-28 11:18:44,208 INFO o.a.j.t.ThreadGroup: Started thread group number 1
2025-02-28 11:18:44,208 INFO o.a.j.e.StandardJMeterEngine: Starting ThreadGroup: 2 : Thread-Gruppe
2025-02-28 11:18:44,208 INFO o.a.j.e.StandardJMeterEngine: Starting 20 threads for group Thread-Gruppe.
2025-02-28 11:18:44,208 INFO o.a.j.e.StandardJMeterEngine: Thread will continue on error
2025-02-28 11:18:44,209 INFO o.a.j.t.ThreadGroup: Starting thread group... number=2 threads=20 ramp-up=10 delayedStart=false
2025-02-28 11:18:44,211 INFO o.a.j.t.JMeterThread: Thread started: Thread-Gruppe 2-1
2025-02-28 11:18:44,225 INFO o.a.j.t.ThreadGroup: Started thread group number 2
2025-02-28 11:18:44,225 INFO o.a.j.e.StandardJMeterEngine: Starting ThreadGroup: 3 : Thread-Gruppe
2025-02-28 11:18:44,225 INFO o.a.j.e.StandardJMeterEngine: Starting 5 threads for group Thread-Gruppe.
2025-02-28 11:18:44,225 INFO o.a.j.e.StandardJMeterEngine: Thread will continue on error
2025-02-28 11:18:44,225 INFO o.a.j.t.ThreadGroup: Starting thread group... number=3 threads=5 ramp-up=10 delayedStart=false
2025-02-28 11:18:44,227 INFO o.a.j.t.JMeterThread: Thread started: Thread-Gruppe 3-1
2025-02-28 11:18:44,230 INFO o.a.j.t.ThreadGroup: Started thread group number 3
2025-02-28 11:18:44,230 INFO o.a.j.e.StandardJMeterEngine: All thread groups have been started
2025-02-28 11:18:44,275 INFO o.a.j.t.JMeterThread: Thread started: Thread-Gruppe 1-2
2025-02-28 11:18:44,412 INFO o.a.j.t.JMeterThread: Thread started: Thread-Gruppe 1-3
2025-02-28 11:18:44,544 INFO o.a.j.t.JMeterThread: Thread started: Thread-Gruppe 1-4
2025-02-28 11:18:44,667 INFO o.a.j.t.JMeterThread: Thread started: Thread-Gruppe 1-5
2025-02-28 11:18:44,711 INFO o.a.j.t.JMeterThread: Thread started: Thread-Gruppe 2-2
2025-02-28 11:18:44,800 INFO o.a.j.t.JMeterThread: Thread started: Thread-Gruppe 1-6
2025-02-28 11:18:44,933 INFO o.a.j.t.JMeterThread: Thread started: Thread-Gruppe 1-7
2025-02-28 11:18:45,068 INFO o.a.j.t.JMeterThread: Thread started: Thread-Gruppe 1-8
2025-02-28 11:18:45,199 INFO o.a.j.t.JMeterThread: Thread started: Thread-Gruppe 1-9
2025-02-28 11:18:45,211 INFO o.a.j.t.JMeterThread: Thread started: Thread-Gruppe 2-3
2025-02-28 11:18:45,334 INFO o.a.j.t.JMeterThread: Thread started: Thread-Gruppe 1-10
2025-02-28 11:18:45,466 INFO o.a.j.t.JMeterThread: Thread started: Thread-Gruppe 1-11
2025-02-28 11:18:45,598 INFO o.a.j.t.JMeterThread: Thread started: Thread-Gruppe 1-12
2025-02-28 11:18:45,712 INFO o.a.j.t.JMeterThread: Thread started: Thread-Gruppe 2-4
2025-02-28 11:18:45,733 INFO o.a.j.t.JMeterThread: Thread started: Thread-Gruppe 1-13
2025-02-28 11:18:45,864 INFO o.a.j.t.JMeterThread: Thread started: Thread-Gruppe 1-14
2025-02-28 11:18:45,998 INFO o.a.j.t.JMeterThread: Thread started: Thread-Gruppe 1-15
2025-02-28 11:18:46,131 INFO o.a.j.t.JMeterThread: Thread started: Thread-Gruppe 1-16
2025-02-28 11:18:46,210 INFO o.a.j.t.JMeterThread: Thread started: Thread-Gruppe 2-5
2025-02-28 11:18:46,227 INFO o.a.j.t.JMeterThread: Thread started: Thread-Gruppe 3-2
2025-02-28 11:18:46,265 INFO o.a.j.t.JMeterThread: Thread started: Thread-Gruppe 1-17
2025-02-28 11:18:46,398 INFO o.a.j.t.JMeterThread: Thread started: Thread-Gruppe 1-18
2025-02-28 11:18:46,530 INFO o.a.j.t.JMeterThread: Thread started: Thread-Gruppe 1-19
2025-02-28 11:18:46,662 INFO o.a.j.t.JMeterThread: Thread started: Thread-Gruppe 1-20
2025-02-28 11:18:46,711 INFO o.a.j.t.JMeterThread: Thread started: Thread-Gruppe 2-6
2025-02-28 11:18:46,795 INFO o.a.j.t.JMeterThread: Thread started: Thread-Gruppe 1-21
2025-02-28 11:18:46,927 INFO o.a.j.t.JMeterThread: Thread started: Thread-Gruppe 1-22
2025-02-28 11:18:47,060 INFO o.a.j.t.JMeterThread: Thread started: Thread-Gruppe 1-23
2025-02-28 11:18:47,195 INFO o.a.j.t.JMeterThread: Thread started: Thread-Gruppe 1-24
2025-02-28 11:18:47,211 INFO o.a.j.t.JMeterThread: Thread started: Thread-Gruppe 2-7
2025-02-28 11:18:47,326 INFO o.a.j.t.JMeterThread: Thread started: Thread-Gruppe 1-25
2025-02-28 11:18:47,460 INFO o.a.j.t.JMeterThread: Thread started: Thread-Gruppe 1-26
2025-02-28 11:18:47,593 INFO o.a.j.t.JMeterThread: Thread started: Thread-Gruppe 1-27
2025-02-28 11:18:47,710 INFO o.a.j.t.JMeterThread: Thread started: Thread-Gruppe 2-8
2025-02-28 11:18:47,726 INFO o.a.j.t.JMeterThread: Thread started: Thread-Gruppe 1-28
2025-02-28 11:18:47,859 INFO o.a.j.t.JMeterThread: Thread started: Thread-Gruppe 1-29
2025-02-28 11:18:47,991 INFO o.a.j.t.JMeterThread: Thread started: Thread-Gruppe 1-30
2025-02-28 11:18:48,124 INFO o.a.j.t.JMeterThread: Thread started: Thread-Gruppe 1-31
2025-02-28 11:18:48,211 INFO o.a.j.t.JMeterThread: Thread started: Thread-Gruppe 2-9
2025-02-28 11:18:48,227 INFO o.a.j.t.JMeterThread: Thread started: Thread-Gruppe 3-3
2025-02-28 11:18:48,257 INFO o.a.j.t.JMeterThread: Thread started: Thread-Gruppe 1-32
2025-02-28 11:18:48,391 INFO o.a.j.t.JMeterThread: Thread started: Thread-Gruppe 1-33
2025-02-28 11:18:48,523 INFO o.a.j.t.JMeterThread: Thread started: Thread-Gruppe 1-34
2025-02-28 11:18:48,656 INFO o.a.j.t.JMeterThread: Thread started: Thread-Gruppe 1-35
2025-02-28 11:18:48,711 INFO o.a.j.t.JMeterThread: Thread started: Thread-Gruppe 2-10
2025-02-28 11:18:48,789 INFO o.a.j.t.JMeterThread: Thread started: Thread-Gruppe 1-36
2025-02-28 11:18:48,922 INFO o.a.j.t.JMeterThread: Thread started: Thread-Gruppe 1-37
2025-02-28 11:18:49,057 INFO o.a.j.t.JMeterThread: Thread started: Thread-Gruppe 1-38
2025-02-28 11:18:49,188 INFO o.a.j.t.JMeterThread: Thread started: Thread-Gruppe 1-39
2025-02-28 11:18:49,211 INFO o.a.j.t.JMeterThread: Thread started: Thread-Gruppe 2-11
2025-02-28 11:18:49,321 INFO o.a.j.t.JMeterThread: Thread started: Thread-Gruppe 1-40
2025-02-28 11:18:49,454 INFO o.a.j.t.JMeterThread: Thread started: Thread-Gruppe 1-41
2025-02-28 11:18:49,588 INFO o.a.j.t.JMeterThread: Thread started: Thread-Gruppe 1-42
2025-02-28 11:18:49,711 INFO o.a.j.t.JMeterThread: Thread started: Thread-Gruppe 2-12
2025-02-28 11:18:49,721 INFO o.a.j.t.JMeterThread: Thread started: Thread-Gruppe 1-43
2025-02-28 11:18:49,855 INFO o.a.j.t.JMeterThread: Thread started: Thread-Gruppe 1-44
2025-02-28 11:18:49,986 INFO o.a.j.t.JMeterThread: Thread started: Thread-Gruppe 1-45
2025-02-28 11:18:50,118 INFO o.a.j.t.JMeterThread: Thread started: Thread-Gruppe 1-46
2025-02-28 11:18:50,211 INFO o.a.j.t.JMeterThread: Thread started: Thread-Gruppe 2-13
2025-02-28 11:18:50,228 INFO o.a.j.t.JMeterThread: Thread started: Thread-Gruppe 3-4
2025-02-28 11:18:50,254 INFO o.a.j.t.JMeterThread: Thread started: Thread-Gruppe 1-47
2025-02-28 11:18:50,385 INFO o.a.j.t.JMeterThread: Thread started: Thread-Gruppe 1-48
2025-02-28 11:18:50,519 INFO o.a.j.t.JMeterThread: Thread started: Thread-Gruppe 1-49
2025-02-28 11:18:50,651 INFO o.a.j.t.JMeterThread: Thread started: Thread-Gruppe 1-50
2025-02-28 11:18:50,712 INFO o.a.j.t.JMeterThread: Thread started: Thread-Gruppe 2-14
2025-02-28 11:18:50,784 INFO o.a.j.t.JMeterThread: Thread started: Thread-Gruppe 1-51
2025-02-28 11:18:50,917 INFO o.a.j.t.JMeterThread: Thread started: Thread-Gruppe 1-52
2025-02-28 11:18:51,052 INFO o.a.j.t.JMeterThread: Thread started: Thread-Gruppe 1-53
2025-02-28 11:18:51,183 INFO o.a.j.t.JMeterThread: Thread started: Thread-Gruppe 1-54
2025-02-28 11:18:51,211 INFO o.a.j.t.JMeterThread: Thread started: Thread-Gruppe 2-15
2025-02-28 11:18:51,316 INFO o.a.j.t.JMeterThread: Thread started: Thread-Gruppe 1-55
2025-02-28 11:18:51,449 INFO o.a.j.t.JMeterThread: Thread started: Thread-Gruppe 1-56
2025-02-28 11:18:51,582 INFO o.a.j.t.JMeterThread: Thread started: Thread-Gruppe 1-57
2025-02-28 11:18:51,711 INFO o.a.j.t.JMeterThread: Thread started: Thread-Gruppe 2-16
2025-02-28 11:18:51,715 INFO o.a.j.t.JMeterThread: Thread started: Thread-Gruppe 1-58
2025-02-28 11:18:51,848 INFO o.a.j.t.JMeterThread: Thread started: Thread-Gruppe 1-59
2025-02-28 11:18:51,981 INFO o.a.j.t.JMeterThread: Thread started: Thread-Gruppe 1-60
2025-02-28 11:18:52,115 INFO o.a.j.t.JMeterThread: Thread started: Thread-Gruppe 1-61
2025-02-28 11:18:52,210 INFO o.a.j.t.JMeterThread: Thread started: Thread-Gruppe 2-17
2025-02-28 11:18:52,228 INFO o.a.j.t.JMeterThread: Thread started: Thread-Gruppe 3-5
2025-02-28 11:18:52,247 INFO o.a.j.t.JMeterThread: Thread started: Thread-Gruppe 1-62
2025-02-28 11:18:52,381 INFO o.a.j.t.JMeterThread: Thread started: Thread-Gruppe 1-63
2025-02-28 11:18:52,513 INFO o.a.j.t.JMeterThread: Thread started: Thread-Gruppe 1-64
2025-02-28 11:18:52,646 INFO o.a.j.t.JMeterThread: Thread started: Thread-Gruppe 1-65
2025-02-28 11:18:52,712 INFO o.a.j.t.JMeterThread: Thread started: Thread-Gruppe 2-18
2025-02-28 11:18:52,780 INFO o.a.j.t.JMeterThread: Thread started: Thread-Gruppe 1-66
2025-02-28 11:18:52,912 INFO o.a.j.t.JMeterThread: Thread started: Thread-Gruppe 1-67
2025-02-28 11:18:53,045 INFO o.a.j.t.JMeterThread: Thread started: Thread-Gruppe 1-68
2025-02-28 11:18:53,179 INFO o.a.j.t.JMeterThread: Thread started: Thread-Gruppe 1-69
2025-02-28 11:18:53,210 INFO o.a.j.t.JMeterThread: Thread started: Thread-Gruppe 2-19
2025-02-28 11:18:53,311 INFO o.a.j.t.JMeterThread: Thread started: Thread-Gruppe 1-70
2025-02-28 11:18:53,444 INFO o.a.j.t.JMeterThread: Thread started: Thread-Gruppe 1-71
2025-02-28 11:18:53,576 INFO o.a.j.t.JMeterThread: Thread started: Thread-Gruppe 1-72
2025-02-28 11:18:53,710 INFO o.a.j.t.JMeterThread: Thread started: Thread-Gruppe 1-73
2025-02-28 11:18:53,712 INFO o.a.j.t.JMeterThread: Thread started: Thread-Gruppe 2-20
2025-02-28 11:18:53,844 INFO o.a.j.t.JMeterThread: Thread started: Thread-Gruppe 1-74
2025-02-28 11:18:53,976 INFO o.a.j.t.JMeterThread: Thread started: Thread-Gruppe 1-75
2025-02-28 11:19:00,005 INFO o.a.j.r.Summariser: summary +    874 in 00:01:16 =   11.5/s Avg:   347 Min:   237 Max:   820 Err:     0 (0.00%) Active: 100 Started: 100 Finished: 0
2025-02-28 11:19:30,000 INFO o.a.j.r.Summariser: summary +   2294 in 00:00:30 =   76.5/s Avg:   329 Min:   236 Max:   847 Err:     0 (0.00%) Active: 100 Started: 100 Finished: 0
2025-02-28 11:19:30,001 INFO o.a.j.r.Summariser: summary =   3168 in 00:01:46 =   29.8/s Avg:   334 Min:   236 Max:   847 Err:     0 (0.00%)
2025-02-28 11:20:00,008 INFO o.a.j.r.Summariser: summary +   2289 in 00:00:30 =   76.3/s Avg:   346 Min:   235 Max:  1118 Err:     0 (0.00%) Active: 100 Started: 100 Finished: 0
2025-02-28 11:20:00,008 INFO o.a.j.r.Summariser: summary =   5457 in 00:02:16 =   40.1/s Avg:   339 Min:   235 Max:  1118 Err:     0 (0.00%)
2025-02-28 11:20:30,004 INFO o.a.j.r.Summariser: summary +   2286 in 00:00:30 =   76.2/s Avg:   327 Min:   235 Max:   977 Err:     0 (0.00%) Active: 100 Started: 100 Finished: 0
2025-02-28 11:20:30,006 INFO o.a.j.r.Summariser: summary =   7743 in 00:02:46 =   46.6/s Avg:   335 Min:   235 Max:  1118 Err:     0 (0.00%)
2025-02-28 11:21:00,021 INFO o.a.j.r.Summariser: summary +   2283 in 00:00:30 =   76.1/s Avg:   350 Min:   234 Max:  1088 Err:     0 (0.00%) Active: 100 Started: 100 Finished: 0
2025-02-28 11:21:00,022 INFO o.a.j.r.Summariser: summary =  10026 in 00:03:16 =   51.1/s Avg:   339 Min:   234 Max:  1118 Err:     0 (0.00%)
2025-02-28 11:21:30,031 INFO o.a.j.r.Summariser: summary +   2294 in 00:00:30 =   76.4/s Avg:   325 Min:   238 Max:  1103 Err:     0 (0.00%) Active: 100 Started: 100 Finished: 0
2025-02-28 11:21:30,032 INFO o.a.j.r.Summariser: summary =  12320 in 00:03:46 =   54.5/s Avg:   336 Min:   234 Max:  1118 Err:     0 (0.00%)
2025-02-28 11:22:00,013 INFO o.a.j.r.Summariser: summary +   2284 in 00:00:30 =   76.2/s Avg:   350 Min:   237 Max:  1312 Err:     0 (0.00%) Active: 100 Started: 100 Finished: 0
2025-02-28 11:22:00,015 INFO o.a.j.r.Summariser: summary =  14604 in 00:04:16 =   57.0/s Avg:   338 Min:   234 Max:  1312 Err:     0 (0.00%)
2025-02-28 11:22:30,086 INFO o.a.j.r.Summariser: summary +   2292 in 00:00:30 =   76.2/s Avg:   330 Min:   237 Max:  1031 Err:     0 (0.00%) Active: 100 Started: 100 Finished: 0
2025-02-28 11:22:30,087 INFO o.a.j.r.Summariser: summary =  16896 in 00:04:46 =   59.0/s Avg:   337 Min:   234 Max:  1312 Err:     0 (0.00%)
2025-02-28 11:23:00,025 INFO o.a.j.r.Summariser: summary +   2281 in 00:00:30 =   76.2/s Avg:   334 Min:   235 Max:  1097 Err:     0 (0.00%) Active: 100 Started: 100 Finished: 0
2025-02-28 11:23:00,026 INFO o.a.j.r.Summariser: summary =  19177 in 00:05:16 =   60.7/s Avg:   337 Min:   234 Max:  1312 Err:     0 (0.00%)
2025-02-28 11:23:30,002 INFO o.a.j.r.Summariser: summary +   2284 in 00:00:30 =   76.2/s Avg:   342 Min:   235 Max:  1326 Err:     0 (0.00%) Active: 100 Started: 100 Finished: 0
2025-02-28 11:23:30,003 INFO o.a.j.r.Summariser: summary =  21461 in 00:05:46 =   62.0/s Avg:   337 Min:   234 Max:  1326 Err:     0 (0.00%)
2025-02-28 11:24:00,008 INFO o.a.j.r.Summariser: summary +   2292 in 00:00:30 =   76.4/s Avg:   343 Min:   234 Max:  1335 Err:     0 (0.00%) Active: 100 Started: 100 Finished: 0
2025-02-28 11:24:00,008 INFO o.a.j.r.Summariser: summary =  23753 in 00:06:16 =   63.1/s Avg:   338 Min:   234 Max:  1335 Err:     0 (0.00%)
2025-02-28 11:24:30,072 INFO o.a.j.r.Summariser: summary +   2290 in 00:00:30 =   76.2/s Avg:   334 Min:   238 Max:  1036 Err:     0 (0.00%) Active: 100 Started: 100 Finished: 0
2025-02-28 11:24:30,073 INFO o.a.j.r.Summariser: summary =  26043 in 00:06:46 =   64.1/s Avg:   338 Min:   234 Max:  1335 Err:     0 (0.00%)
2025-02-28 11:25:00,026 INFO o.a.j.r.Summariser: summary +   2285 in 00:00:30 =   76.3/s Avg:   353 Min:   237 Max:  1045 Err:     0 (0.00%) Active: 100 Started: 100 Finished: 0
2025-02-28 11:25:00,027 INFO o.a.j.r.Summariser: summary =  28328 in 00:07:16 =   64.9/s Avg:   339 Min:   234 Max:  1335 Err:     0 (0.00%)
2025-02-28 11:25:30,067 INFO o.a.j.r.Summariser: summary +   2296 in 00:00:30 =   76.4/s Avg:   324 Min:   238 Max:  1150 Err:     0 (0.00%) Active: 100 Started: 100 Finished: 0
2025-02-28 11:25:30,070 INFO o.a.j.r.Summariser: summary =  30624 in 00:07:46 =   65.7/s Avg:   338 Min:   234 Max:  1335 Err:     0 (0.00%)
2025-02-28 11:26:00,079 INFO o.a.j.r.Summariser: summary +   2293 in 00:00:30 =   76.4/s Avg:   339 Min:   238 Max:  1059 Err:     0 (0.00%) Active: 100 Started: 100 Finished: 0
2025-02-28 11:26:00,080 INFO o.a.j.r.Summariser: summary =  32917 in 00:08:16 =   66.3/s Avg:   338 Min:   234 Max:  1335 Err:     0 (0.00%)
2025-02-28 11:26:30,024 INFO o.a.j.r.Summariser: summary +   2286 in 00:00:30 =   76.3/s Avg:   337 Min:   237 Max:  1045 Err:     0 (0.00%) Active: 100 Started: 100 Finished: 0
2025-02-28 11:26:30,025 INFO o.a.j.r.Summariser: summary =  35203 in 00:08:46 =   66.9/s Avg:   338 Min:   234 Max:  1335 Err:     0 (0.00%)
2025-02-28 11:27:00,006 INFO o.a.j.r.Summariser: summary +   2291 in 00:00:30 =   76.4/s Avg:   332 Min:   239 Max:  1062 Err:     0 (0.00%) Active: 100 Started: 100 Finished: 0
2025-02-28 11:27:00,007 INFO o.a.j.r.Summariser: summary =  37494 in 00:09:16 =   67.4/s Avg:   337 Min:   234 Max:  1335 Err:     0 (0.00%)
2025-02-28 11:27:30,019 INFO o.a.j.r.Summariser: summary +   2283 in 00:00:30 =   76.1/s Avg:   345 Min:   236 Max:  1097 Err:     0 (0.00%) Active: 100 Started: 100 Finished: 0
2025-02-28 11:27:30,019 INFO o.a.j.r.Summariser: summary =  39777 in 00:09:46 =   67.9/s Avg:   338 Min:   234 Max:  1335 Err:     0 (0.00%)
2025-02-28 11:28:00,004 INFO o.a.j.r.Summariser: summary +   2297 in 00:00:30 =   76.6/s Avg:   330 Min:   236 Max:  1037 Err:     0 (0.00%) Active: 100 Started: 100 Finished: 0
2025-02-28 11:28:00,005 INFO o.a.j.r.Summariser: summary =  42074 in 00:10:16 =   68.3/s Avg:   337 Min:   234 Max:  1335 Err:     0 (0.00%)
2025-02-28 11:28:30,003 INFO o.a.j.r.Summariser: summary +   2278 in 00:00:30 =   75.9/s Avg:   354 Min:   236 Max:  1187 Err:     0 (0.00%) Active: 100 Started: 100 Finished: 0
2025-02-28 11:28:30,003 INFO o.a.j.r.Summariser: summary =  44352 in 00:10:46 =   68.6/s Avg:   338 Min:   234 Max:  1335 Err:     0 (0.00%)
2025-02-28 11:28:42,423 INFO o.a.j.t.JMeterThread: Thread finished: Thread-Gruppe 1-1
2025-02-28 11:28:42,508 INFO o.a.j.t.JMeterThread: Thread finished: Thread-Gruppe 1-62
2025-02-28 11:28:42,512 INFO o.a.j.t.JMeterThread: Thread finished: Thread-Gruppe 1-47
2025-02-28 11:28:42,548 INFO o.a.j.t.JMeterThread: Thread finished: Thread-Gruppe 1-17
2025-02-28 11:28:42,548 INFO o.a.j.t.JMeterThread: Thread finished: Thread-Gruppe 1-2
2025-02-28 11:28:42,638 INFO o.a.j.t.JMeterThread: Thread finished: Thread-Gruppe 1-63
2025-02-28 11:28:42,638 INFO o.a.j.t.JMeterThread: Thread finished: Thread-Gruppe 1-48
2025-02-28 11:28:42,646 INFO o.a.j.t.JMeterThread: Thread finished: Thread-Gruppe 1-18
2025-02-28 11:28:42,665 INFO o.a.j.t.JMeterThread: Thread finished: Thread-Gruppe 1-3
2025-02-28 11:28:42,766 INFO o.a.j.t.JMeterThread: Thread finished: Thread-Gruppe 1-64
2025-02-28 11:28:42,793 INFO o.a.j.t.JMeterThread: Thread finished: Thread-Gruppe 1-4
2025-02-28 11:28:42,797 INFO o.a.j.t.JMeterThread: Thread finished: Thread-Gruppe 1-19
2025-02-28 11:28:42,817 INFO o.a.j.t.JMeterThread: Thread finished: Thread-Gruppe 1-49
2025-02-28 11:28:42,898 INFO o.a.j.t.JMeterThread: Thread finished: Thread-Gruppe 1-50
2025-02-28 11:28:42,905 INFO o.a.j.t.JMeterThread: Thread finished: Thread-Gruppe 1-65
2025-02-28 11:28:42,912 INFO o.a.j.t.JMeterThread: Thread finished: Thread-Gruppe 1-20
2025-02-28 11:28:42,920 INFO o.a.j.t.JMeterThread: Thread finished: Thread-Gruppe 1-5
2025-02-28 11:28:43,013 INFO o.a.j.t.JMeterThread: Thread finished: Thread-Gruppe 1-32
2025-02-28 11:28:43,029 INFO o.a.j.t.JMeterThread: Thread finished: Thread-Gruppe 1-51
2025-02-28 11:28:43,040 INFO o.a.j.t.JMeterThread: Thread finished: Thread-Gruppe 1-66
2025-02-28 11:28:43,043 INFO o.a.j.t.JMeterThread: Thread finished: Thread-Gruppe 1-21
2025-02-28 11:28:43,057 INFO o.a.j.t.JMeterThread: Thread finished: Thread-Gruppe 1-6
2025-02-28 11:28:43,173 INFO o.a.j.t.JMeterThread: Thread finished: Thread-Gruppe 1-67
2025-02-28 11:28:43,177 INFO o.a.j.t.JMeterThread: Thread finished: Thread-Gruppe 1-52
2025-02-28 11:28:43,180 INFO o.a.j.t.JMeterThread: Thread finished: Thread-Gruppe 1-7
2025-02-28 11:28:43,180 INFO o.a.j.t.JMeterThread: Thread finished: Thread-Gruppe 1-22
2025-02-28 11:28:43,237 INFO o.a.j.t.JMeterThread: Thread finished: Thread-Gruppe 1-33
2025-02-28 11:28:43,289 INFO o.a.j.t.JMeterThread: Thread finished: Thread-Gruppe 1-34
2025-02-28 11:28:43,297 INFO o.a.j.t.JMeterThread: Thread finished: Thread-Gruppe 1-53
2025-02-28 11:28:43,319 INFO o.a.j.t.JMeterThread: Thread finished: Thread-Gruppe 1-68
2025-02-28 11:28:43,322 INFO o.a.j.t.JMeterThread: Thread finished: Thread-Gruppe 1-8
2025-02-28 11:28:43,325 INFO o.a.j.t.JMeterThread: Thread finished: Thread-Gruppe 1-23
2025-02-28 11:28:43,415 INFO o.a.j.t.JMeterThread: Thread finished: Thread-Gruppe 1-35
2025-02-28 11:28:43,441 INFO o.a.j.t.JMeterThread: Thread finished: Thread-Gruppe 1-69
2025-02-28 11:28:43,441 INFO o.a.j.t.JMeterThread: Thread finished: Thread-Gruppe 1-54
2025-02-28 11:28:43,451 INFO o.a.j.t.JMeterThread: Thread finished: Thread-Gruppe 1-9
2025-02-28 11:28:43,458 INFO o.a.j.t.JMeterThread: Thread finished: Thread-Gruppe 1-24
2025-02-28 11:28:43,548 INFO o.a.j.t.JMeterThread: Thread finished: Thread-Gruppe 1-36
2025-02-28 11:28:43,570 INFO o.a.j.t.JMeterThread: Thread finished: Thread-Gruppe 1-55
2025-02-28 11:28:43,570 INFO o.a.j.t.JMeterThread: Thread finished: Thread-Gruppe 1-70
2025-02-28 11:28:43,580 INFO o.a.j.t.JMeterThread: Thread finished: Thread-Gruppe 1-25
2025-02-28 11:28:43,583 INFO o.a.j.t.JMeterThread: Thread finished: Thread-Gruppe 1-10
2025-02-28 11:28:43,705 INFO o.a.j.t.JMeterThread: Thread finished: Thread-Gruppe 1-56
2025-02-28 11:28:43,705 INFO o.a.j.t.JMeterThread: Thread finished: Thread-Gruppe 1-71
2025-02-28 11:28:43,709 INFO o.a.j.t.JMeterThread: Thread finished: Thread-Gruppe 1-26
2025-02-28 11:28:43,723 INFO o.a.j.t.JMeterThread: Thread finished: Thread-Gruppe 1-37
2025-02-28 11:28:43,724 INFO o.a.j.t.JMeterThread: Thread finished: Thread-Gruppe 1-11
2025-02-28 11:28:43,810 INFO o.a.j.t.JMeterThread: Thread finished: Thread-Gruppe 1-38
2025-02-28 11:28:43,819 INFO o.a.j.t.JMeterThread: Thread finished: Thread-Gruppe 2-20
2025-02-28 11:28:43,836 INFO o.a.j.t.JMeterThread: Thread finished: Thread-Gruppe 1-72
2025-02-28 11:28:43,843 INFO o.a.j.t.JMeterThread: Thread finished: Thread-Gruppe 1-27
2025-02-28 11:28:43,847 INFO o.a.j.t.JMeterThread: Thread finished: Thread-Gruppe 1-57
2025-02-28 11:28:43,852 INFO o.a.j.t.JMeterThread: Thread finished: Thread-Gruppe 1-12
2025-02-28 11:28:43,869 INFO o.a.j.t.JMeterThread: Thread finished: Thread-Gruppe 2-19
2025-02-28 11:28:43,870 INFO o.a.j.t.JMeterThread: Thread finished: Thread-Gruppe 2-16
2025-02-28 11:28:43,916 INFO o.a.j.t.JMeterThread: Thread finished: Thread-Gruppe 2-9
2025-02-28 11:28:43,916 INFO o.a.j.t.JMeterThread: Thread finished: Thread-Gruppe 2-14
2025-02-28 11:28:43,916 INFO o.a.j.t.JMeterThread: Thread finished: Thread-Gruppe 2-18
2025-02-28 11:28:43,926 INFO o.a.j.t.JMeterThread: Thread finished: Thread-Gruppe 1-39
2025-02-28 11:28:43,961 INFO o.a.j.t.JMeterThread: Thread finished: Thread-Gruppe 2-11
2025-02-28 11:28:43,978 INFO o.a.j.t.JMeterThread: Thread finished: Thread-Gruppe 1-58
2025-02-28 11:28:43,979 INFO o.a.j.t.JMeterThread: Thread finished: Thread-Gruppe 1-28
2025-02-28 11:28:43,984 INFO o.a.j.t.JMeterThread: Thread finished: Thread-Gruppe 1-73
2025-02-28 11:28:43,985 INFO o.a.j.t.JMeterThread: Thread finished: Thread-Gruppe 3-1
2025-02-28 11:28:43,985 INFO o.a.j.t.JMeterThread: Thread finished: Thread-Gruppe 2-13
2025-02-28 11:28:43,985 INFO o.a.j.t.JMeterThread: Thread finished: Thread-Gruppe 1-13
2025-02-28 11:28:44,019 INFO o.a.j.t.JMeterThread: Thread finished: Thread-Gruppe 2-6
2025-02-28 11:28:44,035 INFO o.a.j.t.JMeterThread: Thread finished: Thread-Gruppe 2-3
2025-02-28 11:28:44,068 INFO o.a.j.t.JMeterThread: Thread finished: Thread-Gruppe 2-7
2025-02-28 11:28:44,072 INFO o.a.j.t.JMeterThread: Thread finished: Thread-Gruppe 1-40
2025-02-28 11:28:44,085 INFO o.a.j.t.JMeterThread: Thread finished: Thread-Gruppe 3-3
2025-02-28 11:28:44,097 INFO o.a.j.t.JMeterThread: Thread finished: Thread-Gruppe 2-17
2025-02-28 11:28:44,097 INFO o.a.j.t.JMeterThread: Thread finished: Thread-Gruppe 1-59
2025-02-28 11:28:44,102 INFO o.a.j.t.JMeterThread: Thread finished: Thread-Gruppe 1-74
2025-02-28 11:28:44,104 INFO o.a.j.t.JMeterThread: Thread finished: Thread-Gruppe 3-5
2025-02-28 11:28:44,111 INFO o.a.j.t.JMeterThread: Thread finished: Thread-Gruppe 1-29
2025-02-28 11:28:44,116 INFO o.a.j.t.JMeterThread: Thread finished: Thread-Gruppe 1-14
2025-02-28 11:28:44,188 INFO o.a.j.t.JMeterThread: Thread finished: Thread-Gruppe 2-10
2025-02-28 11:28:44,188 INFO o.a.j.t.JMeterThread: Thread finished: Thread-Gruppe 2-8
2025-02-28 11:28:44,207 INFO o.a.j.t.JMeterThread: Stopping because end time detected by thread: Thread-Gruppe 1-41
2025-02-28 11:28:44,207 INFO o.a.j.t.JMeterThread: Thread finished: Thread-Gruppe 1-41
2025-02-28 11:28:44,225 INFO o.a.j.t.JMeterThread: Stopping because end time detected by thread: Thread-Gruppe 1-60
2025-02-28 11:28:44,225 INFO o.a.j.t.JMeterThread: Thread finished: Thread-Gruppe 1-60
2025-02-28 11:28:44,225 INFO o.a.j.t.JMeterThread: Stopping because end time detected by thread: Thread-Gruppe 1-75
2025-02-28 11:28:44,225 INFO o.a.j.t.JMeterThread: Thread finished: Thread-Gruppe 1-75
2025-02-28 11:28:44,225 INFO o.a.j.t.JMeterThread: Stopping because end time detected by thread: Thread-Gruppe 1-30
2025-02-28 11:28:44,225 INFO o.a.j.t.JMeterThread: Stopping because end time detected by thread: Thread-Gruppe 2-12
2025-02-28 11:28:44,238 INFO o.a.j.t.JMeterThread: Thread finished: Thread-Gruppe 1-30
2025-02-28 11:28:44,238 INFO o.a.j.t.JMeterThread: Thread finished: Thread-Gruppe 2-12
2025-02-28 11:28:44,238 INFO o.a.j.t.JMeterThread: Stopping because end time detected by thread: Thread-Gruppe 1-15
2025-02-28 11:28:44,238 INFO o.a.j.t.JMeterThread: Thread finished: Thread-Gruppe 1-15
2025-02-28 11:28:44,254 INFO o.a.j.t.JMeterThread: Stopping because end time detected by thread: Thread-Gruppe 3-4
2025-02-28 11:28:44,254 INFO o.a.j.t.JMeterThread: Thread finished: Thread-Gruppe 3-4
2025-02-28 11:28:44,341 INFO o.a.j.t.JMeterThread: Stopping because end time detected by thread: Thread-Gruppe 1-42
2025-02-28 11:28:44,341 INFO o.a.j.t.JMeterThread: Thread finished: Thread-Gruppe 1-42
2025-02-28 11:28:44,350 INFO o.a.j.t.JMeterThread: Stopping because end time detected by thread: Thread-Gruppe 1-61
2025-02-28 11:28:44,350 INFO o.a.j.t.JMeterThread: Thread finished: Thread-Gruppe 1-61
2025-02-28 11:28:44,382 INFO o.a.j.t.JMeterThread: Stopping because end time detected by thread: Thread-Gruppe 1-31
2025-02-28 11:28:44,382 INFO o.a.j.t.JMeterThread: Stopping because end time detected by thread: Thread-Gruppe 1-16
2025-02-28 11:28:44,394 INFO o.a.j.t.JMeterThread: Thread finished: Thread-Gruppe 1-31
2025-02-28 11:28:44,394 INFO o.a.j.t.JMeterThread: Thread finished: Thread-Gruppe 1-16
2025-02-28 11:28:44,442 INFO o.a.j.t.JMeterThread: Stopping because end time detected by thread: Thread-Gruppe 2-4
2025-02-28 11:28:44,442 INFO o.a.j.t.JMeterThread: Thread finished: Thread-Gruppe 2-4
2025-02-28 11:28:44,442 INFO o.a.j.t.JMeterThread: Stopping because end time detected by thread: Thread-Gruppe 2-5
2025-02-28 11:28:44,442 INFO o.a.j.t.JMeterThread: Thread finished: Thread-Gruppe 2-5
2025-02-28 11:28:44,458 INFO o.a.j.t.JMeterThread: Stopping because end time detected by thread: Thread-Gruppe 3-2
2025-02-28 11:28:44,458 INFO o.a.j.t.JMeterThread: Thread finished: Thread-Gruppe 3-2
2025-02-28 11:28:44,474 INFO o.a.j.t.JMeterThread: Stopping because end time detected by thread: Thread-Gruppe 1-43
2025-02-28 11:28:44,474 INFO o.a.j.t.JMeterThread: Thread finished: Thread-Gruppe 1-43
2025-02-28 11:28:44,538 INFO o.a.j.t.JMeterThread: Stopping because end time detected by thread: Thread-Gruppe 2-15
2025-02-28 11:28:44,538 INFO o.a.j.t.JMeterThread: Thread finished: Thread-Gruppe 2-15
2025-02-28 11:28:44,586 INFO o.a.j.t.JMeterThread: Stopping because end time detected by thread: Thread-Gruppe 1-44
2025-02-28 11:28:44,586 INFO o.a.j.t.JMeterThread: Thread finished: Thread-Gruppe 1-44
2025-02-28 11:28:44,749 INFO o.a.j.t.JMeterThread: Stopping because end time detected by thread: Thread-Gruppe 1-45
2025-02-28 11:28:44,749 INFO o.a.j.t.JMeterThread: Thread finished: Thread-Gruppe 1-45
2025-02-28 11:28:44,793 INFO o.a.j.t.JMeterThread: Stopping because end time detected by thread: Thread-Gruppe 2-2
2025-02-28 11:28:44,793 INFO o.a.j.t.JMeterThread: Thread finished: Thread-Gruppe 2-2
2025-02-28 11:28:44,876 INFO o.a.j.t.JMeterThread: Stopping because end time detected by thread: Thread-Gruppe 2-1
2025-02-28 11:28:44,876 INFO o.a.j.t.JMeterThread: Thread finished: Thread-Gruppe 2-1
2025-02-28 11:28:44,922 INFO o.a.j.t.JMeterThread: Stopping because end time detected by thread: Thread-Gruppe 1-46
2025-02-28 11:28:44,922 INFO o.a.j.t.JMeterThread: Thread finished: Thread-Gruppe 1-46
2025-02-28 11:28:44,926 INFO o.a.j.e.StandardJMeterEngine: Notifying test listeners of end of test
2025-02-28 11:28:44,936 INFO o.a.j.r.Summariser: summary +   1108 in 00:00:15 =   74.2/s Avg:   315 Min:   239 Max:   850 Err:     0 (0.00%) Active: 0 Started: 100 Finished: 100
2025-02-28 11:28:44,936 INFO o.a.j.r.Summariser: summary =  45460 in 00:11:01 =   68.8/s Avg:   338 Min:   234 Max:  1335 Err:     0 (0.00%)
