2025-02-27 11:04:04,765 INFO o.a.j.u.JMeterUtils: Setting Locale to en_EN
2025-02-27 11:04:04,780 INFO o.a.j.JMeter: Loading user properties from: D:\Semester 7\CS4203 - Research and Development Project\Artifacts\apache-jmeter-5.6.3\bin\user.properties
2025-02-27 11:04:04,780 INFO o.a.j.JMeter: Loading system properties from: D:\Semester 7\CS4203 - Research and Development Project\Artifacts\apache-jmeter-5.6.3\bin\system.properties
2025-02-27 11:04:04,780 INFO o.a.j.JMeter: Setting JMeter property: lb_1_hostname=34.67.126.244
2025-02-27 11:04:04,780 INFO o.a.j.JMeter: Setting JMeter property: lb_2_hostname=35.232.62.106
2025-02-27 11:04:04,780 INFO o.a.j.JMeter: Setting JMeter property: lb_1_port=8090
2025-02-27 11:04:04,780 INFO o.a.j.JMeter: Setting JMeter property: lb_2_port=8091
2025-02-27 11:04:04,796 INFO o.a.j.JMeter: Setting JMeter property: warm_up_users=20
2025-02-27 11:04:04,796 INFO o.a.j.JMeter: Setting JMeter property: warm_up_time=60
2025-02-27 11:04:04,796 INFO o.a.j.JMeter: Setting JMeter property: test_run_time=600
2025-02-27 11:04:04,796 INFO o.a.j.JMeter: Setting JMeter property: ramp_up=10
2025-02-27 11:04:04,796 INFO o.a.j.JMeter: Setting JMeter property: group_1=75
2025-02-27 11:04:04,796 INFO o.a.j.JMeter: Setting JMeter property: group_2=20
2025-02-27 11:04:04,796 INFO o.a.j.JMeter: Setting JMeter property: group_3=5
2025-02-27 11:04:04,796 INFO o.a.j.JMeter: Setting JMeter property: group_1_request_rate=30
2025-02-27 11:04:04,796 INFO o.a.j.JMeter: Setting JMeter property: group_2_request_rate=90
2025-02-27 11:04:04,796 INFO o.a.j.JMeter: Setting JMeter property: group_3_request_rate=120
2025-02-27 11:04:04,796 INFO o.a.j.JMeter: Setting JMeter property: log_file=d:\Semester 7\CS4203 - Research and Development Project\Artifacts\rate-limiter-nginx\jmeter\cloud\2025_02_27_09_12_logs\sliding_window_logs\mysql_script_rate_limit_100_window_size_60\warm_up_results.csv
2025-02-27 11:04:04,796 INFO o.a.j.JMeter: Setting JMeter property: algorithm=sliding_window_logs_mysql_script_rate_limit_100_window_size_60
2025-02-27 11:04:04,796 INFO o.a.j.JMeter: Setting JMeter property: auth=/sliding_window_logs/mysql_script_rate_limit_100_window_size_60/tools.descartes.teastore.auth/rest
2025-02-27 11:04:04,796 INFO o.a.j.JMeter: Setting JMeter property: persistence=/sliding_window_logs/mysql_script_rate_limit_100_window_size_60/tools.descartes.teastore.persistence/rest
2025-02-27 11:04:04,796 INFO o.a.j.JMeter: Setting JMeter property: recommender=/sliding_window_logs/mysql_script_rate_limit_100_window_size_60/tools.descartes.teastore.recommender/rest
2025-02-27 11:04:04,796 INFO o.a.j.JMeter: Setting JMeter property: image=/sliding_window_logs/mysql_script_rate_limit_100_window_size_60/tools.descartes.teastore.image/rest
2025-02-27 11:04:04,796 INFO o.a.j.JMeter: Copyright (c) 1998-2024 The Apache Software Foundation
2025-02-27 11:04:04,796 INFO o.a.j.JMeter: Version 5.6.3
2025-02-27 11:04:04,796 INFO o.a.j.JMeter: java.version=11.0.22
2025-02-27 11:04:04,796 INFO o.a.j.JMeter: java.vm.name=Java HotSpot(TM) 64-Bit Server VM
2025-02-27 11:04:04,796 INFO o.a.j.JMeter: os.name=Windows 10
2025-02-27 11:04:04,796 INFO o.a.j.JMeter: os.arch=amd64
2025-02-27 11:04:04,796 INFO o.a.j.JMeter: os.version=10.0
2025-02-27 11:04:04,796 INFO o.a.j.JMeter: file.encoding=Cp1252
2025-02-27 11:04:04,796 INFO o.a.j.JMeter: java.awt.headless=true
2025-02-27 11:04:04,796 INFO o.a.j.JMeter: Max memory     =1073741824
2025-02-27 11:04:04,796 INFO o.a.j.JMeter: Available Processors =12
2025-02-27 11:04:04,811 INFO o.a.j.JMeter: Default Locale=English (EN)
2025-02-27 11:04:04,826 INFO o.a.j.JMeter: JMeter  Locale=English (EN)
2025-02-27 11:04:04,826 INFO o.a.j.JMeter: JMeterHome=D:\Semester 7\CS4203 - Research and Development Project\Artifacts\apache-jmeter-5.6.3
2025-02-27 11:04:04,826 INFO o.a.j.JMeter: user.dir  =D:\Semester 7\CS4203 - Research and Development Project\Artifacts\rate-limiter-nginx
2025-02-27 11:04:04,826 INFO o.a.j.JMeter: PWD       =D:\Semester 7\CS4203 - Research and Development Project\Artifacts\rate-limiter-nginx
2025-02-27 11:04:04,826 INFO o.a.j.JMeter: IP: 10.10.21.101 Name: KOBI-MSI-PC FullName: 10.10.21.101
2025-02-27 11:04:04,841 INFO o.a.j.s.FileServer: Default base='D:\Semester 7\CS4203 - Research and Development Project\Artifacts\rate-limiter-nginx'
2025-02-27 11:04:04,841 INFO o.a.j.s.FileServer: Set new base='d:\Semester 7\CS4203 - Research and Development Project\Artifacts\rate-limiter-nginx\jmeter\cloud'
2025-02-27 11:04:05,098 INFO o.a.j.s.SaveService: Testplan (JMX) version: 2.2. Testlog (JTL) version: 2.2
2025-02-27 11:04:05,143 INFO o.a.j.s.SaveService: Using SaveService properties version 5.0
2025-02-27 11:04:05,143 INFO o.a.j.s.SaveService: Using SaveService properties file encoding UTF-8
2025-02-27 11:04:05,153 INFO o.a.j.s.SaveService: Loading file: d:\Semester 7\CS4203 - Research and Development Project\Artifacts\rate-limiter-nginx\jmeter\cloud\teastore_performance.jmx
2025-02-27 11:04:05,214 INFO o.a.j.p.h.c.CookieManager: Settings: Delete null: true Check: true Allow variable: true Save: false Prefix: COOKIE_
2025-02-27 11:04:05,244 INFO o.a.j.p.h.s.HTTPSamplerBase: Parser for text/html is org.apache.jmeter.protocol.http.parser.LagartoBasedHtmlParser
2025-02-27 11:04:05,244 INFO o.a.j.p.h.s.HTTPSamplerBase: Parser for application/xhtml+xml is org.apache.jmeter.protocol.http.parser.LagartoBasedHtmlParser
2025-02-27 11:04:05,244 INFO o.a.j.p.h.s.HTTPSamplerBase: Parser for application/xml is org.apache.jmeter.protocol.http.parser.LagartoBasedHtmlParser
2025-02-27 11:04:05,244 INFO o.a.j.p.h.s.HTTPSamplerBase: Parser for text/xml is org.apache.jmeter.protocol.http.parser.LagartoBasedHtmlParser
2025-02-27 11:04:05,244 INFO o.a.j.p.h.s.HTTPSamplerBase: Parser for text/vnd.wap.wml is org.apache.jmeter.protocol.http.parser.RegexpHTMLParser
2025-02-27 11:04:05,244 INFO o.a.j.p.h.s.HTTPSamplerBase: Parser for text/css is org.apache.jmeter.protocol.http.parser.CssParser
2025-02-27 11:04:05,424 INFO o.a.j.s.SampleResult: Note: Sample TimeStamps are START times
2025-02-27 11:04:05,424 INFO o.a.j.s.SampleResult: sampleresult.default.encoding is set to UTF-8
2025-02-27 11:04:05,424 INFO o.a.j.s.SampleResult: sampleresult.useNanoTime=true
2025-02-27 11:04:05,424 INFO o.a.j.s.SampleResult: sampleresult.nanoThreadSleep=5000
2025-02-27 11:04:05,469 INFO o.a.j.JMeter: Creating summariser <summary>
2025-02-27 11:04:05,492 INFO o.a.j.e.StandardJMeterEngine: Running the test!
2025-02-27 11:04:05,493 INFO o.a.j.s.SampleEvent: List of sample_variables: []
2025-02-27 11:04:05,493 INFO o.a.j.s.SampleEvent: List of sample_variables: []
2025-02-27 11:04:05,501 INFO o.a.j.e.u.CompoundVariable: Note: Function class names must contain the string: '.functions.'
2025-02-27 11:04:05,507 INFO o.a.j.e.u.CompoundVariable: Note: Function class names must not contain the string: '.gui.'
2025-02-27 11:04:05,799 INFO o.a.j.r.ClassFinder: Will scan jar D:\Semester 7\CS4203 - Research and Development Project\Artifacts\apache-jmeter-5.6.3\lib\ext\jmeter-plugins-casutg-2.10.jar with filter ExtendsClassFilter [parents=[interface org.apache.jmeter.functions.Function], inner=false, contains=null, notContains=null]. Consider exposing JMeter plugins via META-INF/services, and add JMeter-Skip-Class-Scanning=true manifest attribute so JMeter can skip classfile scanning
2025-02-27 11:04:05,814 INFO o.a.j.r.ClassFinder: Will scan jar D:\Semester 7\CS4203 - Research and Development Project\Artifacts\apache-jmeter-5.6.3\lib\ext\jmeter-plugins-graphs-additional-2.0.jar with filter ExtendsClassFilter [parents=[interface org.apache.jmeter.functions.Function], inner=false, contains=null, notContains=null]. Consider exposing JMeter plugins via META-INF/services, and add JMeter-Skip-Class-Scanning=true manifest attribute so JMeter can skip classfile scanning
2025-02-27 11:04:05,814 INFO o.a.j.r.ClassFinder: Will scan jar D:\Semester 7\CS4203 - Research and Development Project\Artifacts\apache-jmeter-5.6.3\lib\ext\jmeter-plugins-perfmon-2.1.jar with filter ExtendsClassFilter [parents=[interface org.apache.jmeter.functions.Function], inner=false, contains=null, notContains=null]. Consider exposing JMeter plugins via META-INF/services, and add JMeter-Skip-Class-Scanning=true manifest attribute so JMeter can skip classfile scanning
2025-02-27 11:04:05,829 INFO o.a.j.r.ClassFinder: Will scan jar D:\Semester 7\CS4203 - Research and Development Project\Artifacts\apache-jmeter-5.6.3\lib\ext\json-lib-2.4-jdk15.jar with filter ExtendsClassFilter [parents=[interface org.apache.jmeter.functions.Function], inner=false, contains=null, notContains=null]. Consider exposing JMeter plugins via META-INF/services, and add JMeter-Skip-Class-Scanning=true manifest attribute so JMeter can skip classfile scanning
2025-02-27 11:04:05,844 INFO o.a.j.r.ClassFinder: Will scan jar D:\Semester 7\CS4203 - Research and Development Project\Artifacts\apache-jmeter-5.6.3\lib\ext\perfmon-2.2.2.jar with filter ExtendsClassFilter [parents=[interface org.apache.jmeter.functions.Function], inner=false, contains=null, notContains=null]. Consider exposing JMeter plugins via META-INF/services, and add JMeter-Skip-Class-Scanning=true manifest attribute so JMeter can skip classfile scanning
2025-02-27 11:04:05,865 INFO o.a.j.r.ClassFinder: Will scan jar D:\Semester 7\CS4203 - Research and Development Project\Artifacts\apache-jmeter-5.6.3\lib\ext\jmeter-plugins-manager-1.10.jar with filter ExtendsClassFilter [parents=[interface org.apache.jmeter.functions.Function], inner=false, contains=null, notContains=null]. Consider exposing JMeter plugins via META-INF/services, and add JMeter-Skip-Class-Scanning=true manifest attribute so JMeter can skip classfile scanning
2025-02-27 11:04:05,971 INFO o.a.j.r.ClassFinder: Will scan jar D:\Semester 7\CS4203 - Research and Development Project\Artifacts\apache-jmeter-5.6.3\lib\ext\jmeter-plugins-graphs-vs-2.0.jar with filter ExtendsClassFilter [parents=[interface org.apache.jmeter.functions.Function], inner=false, contains=null, notContains=null]. Consider exposing JMeter plugins via META-INF/services, and add JMeter-Skip-Class-Scanning=true manifest attribute so JMeter can skip classfile scanning
2025-02-27 11:04:05,971 INFO o.a.j.r.ClassFinder: Will scan jar D:\Semester 7\CS4203 - Research and Development Project\Artifacts\apache-jmeter-5.6.3\lib\ext\jmeter-parallel-0.12.jar with filter ExtendsClassFilter [parents=[interface org.apache.jmeter.functions.Function], inner=false, contains=null, notContains=null]. Consider exposing JMeter plugins via META-INF/services, and add JMeter-Skip-Class-Scanning=true manifest attribute so JMeter can skip classfile scanning
2025-02-27 11:04:05,971 INFO o.a.j.r.ClassFinder: Will scan jar D:\Semester 7\CS4203 - Research and Development Project\Artifacts\apache-jmeter-5.6.3\lib\ext\jmeter-plugins-tst-2.6.jar with filter ExtendsClassFilter [parents=[interface org.apache.jmeter.functions.Function], inner=false, contains=null, notContains=null]. Consider exposing JMeter plugins via META-INF/services, and add JMeter-Skip-Class-Scanning=true manifest attribute so JMeter can skip classfile scanning
2025-02-27 11:04:05,986 INFO o.a.j.r.ClassFinder: Will scan jar D:\Semester 7\CS4203 - Research and Development Project\Artifacts\apache-jmeter-5.6.3\lib\ext\jmeter-prometheus-plugin-0.6.0.jar with filter ExtendsClassFilter [parents=[interface org.apache.jmeter.functions.Function], inner=false, contains=null, notContains=null]. Consider exposing JMeter plugins via META-INF/services, and add JMeter-Skip-Class-Scanning=true manifest attribute so JMeter can skip classfile scanning
2025-02-27 11:04:06,001 INFO o.a.j.r.ClassFinder: Will scan jar D:\Semester 7\CS4203 - Research and Development Project\Artifacts\apache-jmeter-5.6.3\lib\ext\jmeter-plugins-graphs-basic-2.0.jar with filter ExtendsClassFilter [parents=[interface org.apache.jmeter.functions.Function], inner=false, contains=null, notContains=null]. Consider exposing JMeter plugins via META-INF/services, and add JMeter-Skip-Class-Scanning=true manifest attribute so JMeter can skip classfile scanning
2025-02-27 11:04:06,430 INFO o.a.j.JMeter: Running test (1740634446430)
2025-02-27 11:04:06,430 INFO o.a.j.e.StandardJMeterEngine: Starting setUp thread groups
2025-02-27 11:04:06,430 INFO o.a.j.e.StandardJMeterEngine: Starting setUp ThreadGroup: 1 : setUp Thread Group 
2025-02-27 11:04:06,430 INFO o.a.j.e.StandardJMeterEngine: Starting 20 threads for group setUp Thread Group.
2025-02-27 11:04:06,430 INFO o.a.j.e.StandardJMeterEngine: Thread will continue on error
2025-02-27 11:04:06,430 INFO o.a.j.t.ThreadGroup: Starting thread group... number=1 threads=20 ramp-up=10 delayedStart=false
2025-02-27 11:04:06,445 INFO o.a.j.t.JMeterThread: Thread started: setUp Thread Group 1-1
2025-02-27 11:04:06,502 INFO o.a.j.t.ThreadGroup: Started thread group number 1
2025-02-27 11:04:06,503 INFO o.a.j.e.StandardJMeterEngine: Waiting for all setup thread groups to exit
2025-02-27 11:04:06,954 INFO o.a.j.t.JMeterThread: Thread started: setUp Thread Group 1-2
2025-02-27 11:04:07,442 INFO o.a.j.t.JMeterThread: Thread started: setUp Thread Group 1-3
2025-02-27 11:04:07,517 INFO o.a.j.p.h.s.HTTPHCAbstractImpl: Local host = KOBI-MSI-PC
2025-02-27 11:04:07,524 INFO o.a.j.p.h.s.HTTPHC4Impl: HTTP request retry count = 0
2025-02-27 11:04:07,944 INFO o.a.j.t.JMeterThread: Thread started: setUp Thread Group 1-4
2025-02-27 11:04:08,449 INFO o.a.j.t.JMeterThread: Thread started: setUp Thread Group 1-5
2025-02-27 11:04:08,937 INFO o.a.j.t.JMeterThread: Thread started: setUp Thread Group 1-6
2025-02-27 11:04:09,436 INFO o.a.j.t.JMeterThread: Thread started: setUp Thread Group 1-7
2025-02-27 11:04:09,938 INFO o.a.j.t.JMeterThread: Thread started: setUp Thread Group 1-8
2025-02-27 11:04:10,436 INFO o.a.j.t.JMeterThread: Thread started: setUp Thread Group 1-9
2025-02-27 11:04:10,935 INFO o.a.j.t.JMeterThread: Thread started: setUp Thread Group 1-10
2025-02-27 11:04:11,436 INFO o.a.j.t.JMeterThread: Thread started: setUp Thread Group 1-11
2025-02-27 11:04:11,935 INFO o.a.j.t.JMeterThread: Thread started: setUp Thread Group 1-12
2025-02-27 11:04:12,436 INFO o.a.j.t.JMeterThread: Thread started: setUp Thread Group 1-13
2025-02-27 11:04:12,936 INFO o.a.j.t.JMeterThread: Thread started: setUp Thread Group 1-14
2025-02-27 11:04:13,435 INFO o.a.j.t.JMeterThread: Thread started: setUp Thread Group 1-15
2025-02-27 11:04:13,936 INFO o.a.j.t.JMeterThread: Thread started: setUp Thread Group 1-16
2025-02-27 11:04:14,436 INFO o.a.j.t.JMeterThread: Thread started: setUp Thread Group 1-17
2025-02-27 11:04:14,935 INFO o.a.j.t.JMeterThread: Thread started: setUp Thread Group 1-18
2025-02-27 11:04:15,435 INFO o.a.j.t.JMeterThread: Thread started: setUp Thread Group 1-19
2025-02-27 11:04:15,934 INFO o.a.j.t.JMeterThread: Thread started: setUp Thread Group 1-20
2025-02-27 11:05:06,236 INFO o.a.j.t.JMeterThread: Thread finished: setUp Thread Group 1-9
2025-02-27 11:05:06,391 INFO o.a.j.t.JMeterThread: Thread finished: setUp Thread Group 1-12
2025-02-27 11:05:06,408 INFO o.a.j.t.JMeterThread: Thread finished: setUp Thread Group 1-14
2025-02-27 11:05:06,416 INFO o.a.j.t.JMeterThread: Thread finished: setUp Thread Group 1-16
2025-02-27 11:05:06,429 INFO o.a.j.t.JMeterThread: Thread finished: setUp Thread Group 1-13
2025-02-27 11:05:06,465 INFO o.a.j.t.JMeterThread: Stopping because end time detected by thread: setUp Thread Group 1-2
2025-02-27 11:05:06,465 INFO o.a.j.t.JMeterThread: Thread finished: setUp Thread Group 1-2
2025-02-27 11:05:06,487 INFO o.a.j.t.JMeterThread: Thread finished: setUp Thread Group 1-18
2025-02-27 11:05:06,502 INFO o.a.j.t.JMeterThread: Stopping because end time detected by thread: setUp Thread Group 1-19
2025-02-27 11:05:06,502 INFO o.a.j.t.JMeterThread: Thread finished: setUp Thread Group 1-19
2025-02-27 11:05:06,502 INFO o.a.j.t.JMeterThread: Stopping because end time detected by thread: setUp Thread Group 1-8
2025-02-27 11:05:06,502 INFO o.a.j.t.JMeterThread: Thread finished: setUp Thread Group 1-8
2025-02-27 11:05:06,562 INFO o.a.j.t.JMeterThread: Stopping because end time detected by thread: setUp Thread Group 1-17
2025-02-27 11:05:06,562 INFO o.a.j.t.JMeterThread: Thread finished: setUp Thread Group 1-17
2025-02-27 11:05:06,592 INFO o.a.j.t.JMeterThread: Stopping because end time detected by thread: setUp Thread Group 1-10
2025-02-27 11:05:06,592 INFO o.a.j.t.JMeterThread: Thread finished: setUp Thread Group 1-10
2025-02-27 11:05:06,592 INFO o.a.j.t.JMeterThread: Stopping because end time detected by thread: setUp Thread Group 1-5
2025-02-27 11:05:06,592 INFO o.a.j.t.JMeterThread: Thread finished: setUp Thread Group 1-5
2025-02-27 11:05:06,622 INFO o.a.j.t.JMeterThread: Stopping because end time detected by thread: setUp Thread Group 1-7
2025-02-27 11:05:06,622 INFO o.a.j.t.JMeterThread: Thread finished: setUp Thread Group 1-7
2025-02-27 11:05:06,637 INFO o.a.j.t.JMeterThread: Stopping because end time detected by thread: setUp Thread Group 1-1
2025-02-27 11:05:06,637 INFO o.a.j.t.JMeterThread: Thread finished: setUp Thread Group 1-1
2025-02-27 11:05:06,637 INFO o.a.j.t.JMeterThread: Stopping because end time detected by thread: setUp Thread Group 1-4
2025-02-27 11:05:06,637 INFO o.a.j.t.JMeterThread: Thread finished: setUp Thread Group 1-4
2025-02-27 11:05:06,637 INFO o.a.j.t.JMeterThread: Stopping because end time detected by thread: setUp Thread Group 1-3
2025-02-27 11:05:06,637 INFO o.a.j.t.JMeterThread: Thread finished: setUp Thread Group 1-3
2025-02-27 11:05:06,637 INFO o.a.j.t.JMeterThread: Stopping because end time detected by thread: setUp Thread Group 1-6
2025-02-27 11:05:06,637 INFO o.a.j.t.JMeterThread: Thread finished: setUp Thread Group 1-6
2025-02-27 11:05:06,637 INFO o.a.j.t.JMeterThread: Stopping because end time detected by thread: setUp Thread Group 1-15
2025-02-27 11:05:06,637 INFO o.a.j.t.JMeterThread: Thread finished: setUp Thread Group 1-15
2025-02-27 11:05:06,727 INFO o.a.j.t.JMeterThread: Stopping because end time detected by thread: setUp Thread Group 1-11
2025-02-27 11:05:06,727 INFO o.a.j.t.JMeterThread: Thread finished: setUp Thread Group 1-11
2025-02-27 11:05:06,971 INFO o.a.j.t.JMeterThread: Stopping because end time detected by thread: setUp Thread Group 1-20
2025-02-27 11:05:06,971 INFO o.a.j.t.JMeterThread: Thread finished: setUp Thread Group 1-20
2025-02-27 11:05:06,971 INFO o.a.j.e.StandardJMeterEngine: All Setup Threads have ended
2025-02-27 11:05:07,016 INFO o.a.j.e.StandardJMeterEngine: Starting ThreadGroup: 1 : Thread-Gruppe
2025-02-27 11:05:07,016 INFO o.a.j.e.StandardJMeterEngine: Starting 75 threads for group Thread-Gruppe.
2025-02-27 11:05:07,016 INFO o.a.j.e.StandardJMeterEngine: Thread will continue on error
2025-02-27 11:05:07,016 INFO o.a.j.t.ThreadGroup: Starting thread group... number=1 threads=75 ramp-up=10 delayedStart=false
2025-02-27 11:05:07,031 INFO o.a.j.t.JMeterThread: Thread started: Thread-Gruppe 1-1
2025-02-27 11:05:07,128 INFO o.a.j.t.ThreadGroup: Started thread group number 1
2025-02-27 11:05:07,128 INFO o.a.j.e.StandardJMeterEngine: Starting ThreadGroup: 2 : Thread-Gruppe
2025-02-27 11:05:07,128 INFO o.a.j.e.StandardJMeterEngine: Starting 20 threads for group Thread-Gruppe.
2025-02-27 11:05:07,128 INFO o.a.j.e.StandardJMeterEngine: Thread will continue on error
2025-02-27 11:05:07,128 INFO o.a.j.t.ThreadGroup: Starting thread group... number=2 threads=20 ramp-up=10 delayedStart=false
2025-02-27 11:05:07,131 INFO o.a.j.t.JMeterThread: Thread started: Thread-Gruppe 2-1
2025-02-27 11:05:07,155 INFO o.a.j.t.ThreadGroup: Started thread group number 2
2025-02-27 11:05:07,155 INFO o.a.j.e.StandardJMeterEngine: Starting ThreadGroup: 3 : Thread-Gruppe
2025-02-27 11:05:07,155 INFO o.a.j.e.StandardJMeterEngine: Starting 5 threads for group Thread-Gruppe.
2025-02-27 11:05:07,156 INFO o.a.j.e.StandardJMeterEngine: Thread will continue on error
2025-02-27 11:05:07,156 INFO o.a.j.t.ThreadGroup: Starting thread group... number=3 threads=5 ramp-up=10 delayedStart=false
2025-02-27 11:05:07,158 INFO o.a.j.t.JMeterThread: Thread started: Thread-Gruppe 3-1
2025-02-27 11:05:07,162 INFO o.a.j.t.ThreadGroup: Started thread group number 3
2025-02-27 11:05:07,162 INFO o.a.j.e.StandardJMeterEngine: All thread groups have been started
2025-02-27 11:05:07,168 INFO o.a.j.t.JMeterThread: Thread started: Thread-Gruppe 1-2
2025-02-27 11:05:07,286 INFO o.a.j.t.JMeterThread: Thread started: Thread-Gruppe 1-3
2025-02-27 11:05:07,417 INFO o.a.j.t.JMeterThread: Thread started: Thread-Gruppe 1-4
2025-02-27 11:05:07,551 INFO o.a.j.t.JMeterThread: Thread started: Thread-Gruppe 1-5
2025-02-27 11:05:07,630 INFO o.a.j.t.JMeterThread: Thread started: Thread-Gruppe 2-2
2025-02-27 11:05:07,686 INFO o.a.j.t.JMeterThread: Thread started: Thread-Gruppe 1-6
2025-02-27 11:05:07,817 INFO o.a.j.t.JMeterThread: Thread started: Thread-Gruppe 1-7
2025-02-27 11:05:07,950 INFO o.a.j.t.JMeterThread: Thread started: Thread-Gruppe 1-8
2025-02-27 11:05:08,084 INFO o.a.j.t.JMeterThread: Thread started: Thread-Gruppe 1-9
2025-02-27 11:05:08,131 INFO o.a.j.t.JMeterThread: Thread started: Thread-Gruppe 2-3
2025-02-27 11:05:08,217 INFO o.a.j.t.JMeterThread: Thread started: Thread-Gruppe 1-10
2025-02-27 11:05:08,350 INFO o.a.j.t.JMeterThread: Thread started: Thread-Gruppe 1-11
2025-02-27 11:05:08,482 INFO o.a.j.t.JMeterThread: Thread started: Thread-Gruppe 1-12
2025-02-27 11:05:08,616 INFO o.a.j.t.JMeterThread: Thread started: Thread-Gruppe 1-13
2025-02-27 11:05:08,630 INFO o.a.j.t.JMeterThread: Thread started: Thread-Gruppe 2-4
2025-02-27 11:05:08,749 INFO o.a.j.t.JMeterThread: Thread started: Thread-Gruppe 1-14
2025-02-27 11:05:08,881 INFO o.a.j.t.JMeterThread: Thread started: Thread-Gruppe 1-15
2025-02-27 11:05:09,013 INFO o.a.j.t.JMeterThread: Thread started: Thread-Gruppe 1-16
2025-02-27 11:05:09,131 INFO o.a.j.t.JMeterThread: Thread started: Thread-Gruppe 2-5
2025-02-27 11:05:09,146 INFO o.a.j.t.JMeterThread: Thread started: Thread-Gruppe 1-17
2025-02-27 11:05:09,159 INFO o.a.j.t.JMeterThread: Thread started: Thread-Gruppe 3-2
2025-02-27 11:05:09,280 INFO o.a.j.t.JMeterThread: Thread started: Thread-Gruppe 1-18
2025-02-27 11:05:09,414 INFO o.a.j.t.JMeterThread: Thread started: Thread-Gruppe 1-19
2025-02-27 11:05:09,545 INFO o.a.j.t.JMeterThread: Thread started: Thread-Gruppe 1-20
2025-02-27 11:05:09,631 INFO o.a.j.t.JMeterThread: Thread started: Thread-Gruppe 2-6
2025-02-27 11:05:09,679 INFO o.a.j.t.JMeterThread: Thread started: Thread-Gruppe 1-21
2025-02-27 11:05:09,812 INFO o.a.j.t.JMeterThread: Thread started: Thread-Gruppe 1-22
2025-02-27 11:05:09,945 INFO o.a.j.t.JMeterThread: Thread started: Thread-Gruppe 1-23
2025-02-27 11:05:10,079 INFO o.a.j.t.JMeterThread: Thread started: Thread-Gruppe 1-24
2025-02-27 11:05:10,131 INFO o.a.j.t.JMeterThread: Thread started: Thread-Gruppe 2-7
2025-02-27 11:05:10,210 INFO o.a.j.t.JMeterThread: Thread started: Thread-Gruppe 1-25
2025-02-27 11:05:10,344 INFO o.a.j.t.JMeterThread: Thread started: Thread-Gruppe 1-26
2025-02-27 11:05:10,478 INFO o.a.j.t.JMeterThread: Thread started: Thread-Gruppe 1-27
2025-02-27 11:05:10,611 INFO o.a.j.t.JMeterThread: Thread started: Thread-Gruppe 1-28
2025-02-27 11:05:10,632 INFO o.a.j.t.JMeterThread: Thread started: Thread-Gruppe 2-8
2025-02-27 11:05:10,743 INFO o.a.j.t.JMeterThread: Thread started: Thread-Gruppe 1-29
2025-02-27 11:05:10,875 INFO o.a.j.t.JMeterThread: Thread started: Thread-Gruppe 1-30
2025-02-27 11:05:11,009 INFO o.a.j.t.JMeterThread: Thread started: Thread-Gruppe 1-31
2025-02-27 11:05:11,130 INFO o.a.j.t.JMeterThread: Thread started: Thread-Gruppe 2-9
2025-02-27 11:05:11,142 INFO o.a.j.t.JMeterThread: Thread started: Thread-Gruppe 1-32
2025-02-27 11:05:11,159 INFO o.a.j.t.JMeterThread: Thread started: Thread-Gruppe 3-3
2025-02-27 11:05:11,276 INFO o.a.j.t.JMeterThread: Thread started: Thread-Gruppe 1-33
2025-02-27 11:05:11,408 INFO o.a.j.t.JMeterThread: Thread started: Thread-Gruppe 1-34
2025-02-27 11:05:11,541 INFO o.a.j.t.JMeterThread: Thread started: Thread-Gruppe 1-35
2025-02-27 11:05:11,631 INFO o.a.j.t.JMeterThread: Thread started: Thread-Gruppe 2-10
2025-02-27 11:05:11,676 INFO o.a.j.t.JMeterThread: Thread started: Thread-Gruppe 1-36
2025-02-27 11:05:11,808 INFO o.a.j.t.JMeterThread: Thread started: Thread-Gruppe 1-37
2025-02-27 11:05:11,939 INFO o.a.j.t.JMeterThread: Thread started: Thread-Gruppe 1-38
2025-02-27 11:05:12,073 INFO o.a.j.t.JMeterThread: Thread started: Thread-Gruppe 1-39
2025-02-27 11:05:12,130 INFO o.a.j.t.JMeterThread: Thread started: Thread-Gruppe 2-11
2025-02-27 11:05:12,206 INFO o.a.j.t.JMeterThread: Thread started: Thread-Gruppe 1-40
2025-02-27 11:05:12,340 INFO o.a.j.t.JMeterThread: Thread started: Thread-Gruppe 1-41
2025-02-27 11:05:12,472 INFO o.a.j.t.JMeterThread: Thread started: Thread-Gruppe 1-42
2025-02-27 11:05:12,605 INFO o.a.j.t.JMeterThread: Thread started: Thread-Gruppe 1-43
2025-02-27 11:05:12,632 INFO o.a.j.t.JMeterThread: Thread started: Thread-Gruppe 2-12
2025-02-27 11:05:12,738 INFO o.a.j.t.JMeterThread: Thread started: Thread-Gruppe 1-44
2025-02-27 11:05:12,871 INFO o.a.j.t.JMeterThread: Thread started: Thread-Gruppe 1-45
2025-02-27 11:05:13,003 INFO o.a.j.t.JMeterThread: Thread started: Thread-Gruppe 1-46
2025-02-27 11:05:13,130 INFO o.a.j.t.JMeterThread: Thread started: Thread-Gruppe 2-13
2025-02-27 11:05:13,136 INFO o.a.j.t.JMeterThread: Thread started: Thread-Gruppe 1-47
2025-02-27 11:05:13,158 INFO o.a.j.t.JMeterThread: Thread started: Thread-Gruppe 3-4
2025-02-27 11:05:13,269 INFO o.a.j.t.JMeterThread: Thread started: Thread-Gruppe 1-48
2025-02-27 11:05:13,403 INFO o.a.j.t.JMeterThread: Thread started: Thread-Gruppe 1-49
2025-02-27 11:05:13,536 INFO o.a.j.t.JMeterThread: Thread started: Thread-Gruppe 1-50
2025-02-27 11:05:13,632 INFO o.a.j.t.JMeterThread: Thread started: Thread-Gruppe 2-14
2025-02-27 11:05:13,668 INFO o.a.j.t.JMeterThread: Thread started: Thread-Gruppe 1-51
2025-02-27 11:05:13,801 INFO o.a.j.t.JMeterThread: Thread started: Thread-Gruppe 1-52
2025-02-27 11:05:13,934 INFO o.a.j.t.JMeterThread: Thread started: Thread-Gruppe 1-53
2025-02-27 11:05:14,067 INFO o.a.j.t.JMeterThread: Thread started: Thread-Gruppe 1-54
2025-02-27 11:05:14,130 INFO o.a.j.t.JMeterThread: Thread started: Thread-Gruppe 2-15
2025-02-27 11:05:14,200 INFO o.a.j.t.JMeterThread: Thread started: Thread-Gruppe 1-55
2025-02-27 11:05:14,334 INFO o.a.j.t.JMeterThread: Thread started: Thread-Gruppe 1-56
2025-02-27 11:05:14,466 INFO o.a.j.t.JMeterThread: Thread started: Thread-Gruppe 1-57
2025-02-27 11:05:14,599 INFO o.a.j.t.JMeterThread: Thread started: Thread-Gruppe 1-58
2025-02-27 11:05:14,630 INFO o.a.j.t.JMeterThread: Thread started: Thread-Gruppe 2-16
2025-02-27 11:05:14,732 INFO o.a.j.t.JMeterThread: Thread started: Thread-Gruppe 1-59
2025-02-27 11:05:14,866 INFO o.a.j.t.JMeterThread: Thread started: Thread-Gruppe 1-60
2025-02-27 11:05:15,000 INFO o.a.j.t.JMeterThread: Thread started: Thread-Gruppe 1-61
2025-02-27 11:05:15,132 INFO o.a.j.t.JMeterThread: Thread started: Thread-Gruppe 2-17
2025-02-27 11:05:15,132 INFO o.a.j.t.JMeterThread: Thread started: Thread-Gruppe 1-62
2025-02-27 11:05:15,158 INFO o.a.j.t.JMeterThread: Thread started: Thread-Gruppe 3-5
2025-02-27 11:05:15,265 INFO o.a.j.t.JMeterThread: Thread started: Thread-Gruppe 1-63
2025-02-27 11:05:15,398 INFO o.a.j.t.JMeterThread: Thread started: Thread-Gruppe 1-64
2025-02-27 11:05:15,530 INFO o.a.j.t.JMeterThread: Thread started: Thread-Gruppe 1-65
2025-02-27 11:05:15,631 INFO o.a.j.t.JMeterThread: Thread started: Thread-Gruppe 2-18
2025-02-27 11:05:15,663 INFO o.a.j.t.JMeterThread: Thread started: Thread-Gruppe 1-66
2025-02-27 11:05:15,798 INFO o.a.j.t.JMeterThread: Thread started: Thread-Gruppe 1-67
2025-02-27 11:05:15,930 INFO o.a.j.t.JMeterThread: Thread started: Thread-Gruppe 1-68
2025-02-27 11:05:16,063 INFO o.a.j.t.JMeterThread: Thread started: Thread-Gruppe 1-69
2025-02-27 11:05:16,132 INFO o.a.j.t.JMeterThread: Thread started: Thread-Gruppe 2-19
2025-02-27 11:05:16,196 INFO o.a.j.t.JMeterThread: Thread started: Thread-Gruppe 1-70
2025-02-27 11:05:16,330 INFO o.a.j.t.JMeterThread: Thread started: Thread-Gruppe 1-71
2025-02-27 11:05:16,463 INFO o.a.j.t.JMeterThread: Thread started: Thread-Gruppe 1-72
2025-02-27 11:05:16,594 INFO o.a.j.t.JMeterThread: Thread started: Thread-Gruppe 1-73
2025-02-27 11:05:16,630 INFO o.a.j.t.JMeterThread: Thread started: Thread-Gruppe 2-20
2025-02-27 11:05:16,727 INFO o.a.j.t.JMeterThread: Thread started: Thread-Gruppe 1-74
2025-02-27 11:05:16,861 INFO o.a.j.t.JMeterThread: Thread started: Thread-Gruppe 1-75
2025-02-27 11:05:30,007 INFO o.a.j.r.Summariser: summary +   1414 in 00:01:24 =   16.9/s Avg:   350 Min:   248 Max:   820 Err:     0 (0.00%) Active: 100 Started: 100 Finished: 0
2025-02-27 11:06:00,061 INFO o.a.j.r.Summariser: summary +   2281 in 00:00:30 =   75.9/s Avg:   343 Min:   248 Max:  1161 Err:     0 (0.00%) Active: 100 Started: 100 Finished: 0
2025-02-27 11:06:00,061 INFO o.a.j.r.Summariser: summary =   3695 in 00:01:54 =   32.5/s Avg:   346 Min:   248 Max:  1161 Err:     0 (0.00%)
2025-02-27 11:06:30,005 INFO o.a.j.r.Summariser: summary +   2292 in 00:00:30 =   76.5/s Avg:   358 Min:   244 Max:  1042 Err:     0 (0.00%) Active: 100 Started: 100 Finished: 0
2025-02-27 11:06:30,007 INFO o.a.j.r.Summariser: summary =   5987 in 00:02:24 =   41.7/s Avg:   351 Min:   244 Max:  1161 Err:     0 (0.00%)
2025-02-27 11:07:00,000 INFO o.a.j.r.Summariser: summary +   2288 in 00:00:30 =   76.3/s Avg:   332 Min:   249 Max:   816 Err:     0 (0.00%) Active: 100 Started: 100 Finished: 0
2025-02-27 11:07:00,003 INFO o.a.j.r.Summariser: summary =   8275 in 00:02:54 =   47.7/s Avg:   345 Min:   244 Max:  1161 Err:     0 (0.00%)
2025-02-27 11:07:30,022 INFO o.a.j.r.Summariser: summary +   2275 in 00:00:30 =   75.8/s Avg:   375 Min:   244 Max:  1513 Err:     0 (0.00%) Active: 100 Started: 100 Finished: 0
2025-02-27 11:07:30,023 INFO o.a.j.r.Summariser: summary =  10550 in 00:03:24 =   51.8/s Avg:   352 Min:   244 Max:  1513 Err:     0 (0.00%)
2025-02-27 11:08:00,020 INFO o.a.j.r.Summariser: summary +   2285 in 00:00:30 =   76.2/s Avg:   335 Min:   251 Max:  1367 Err:     0 (0.00%) Active: 100 Started: 100 Finished: 0
2025-02-27 11:08:00,021 INFO o.a.j.r.Summariser: summary =  12835 in 00:03:54 =   54.9/s Avg:   349 Min:   244 Max:  1513 Err:     0 (0.00%)
2025-02-27 11:08:30,062 INFO o.a.j.r.Summariser: summary +   2294 in 00:00:30 =   76.4/s Avg:   356 Min:   247 Max:  1120 Err:     0 (0.00%) Active: 100 Started: 100 Finished: 0
2025-02-27 11:08:30,064 INFO o.a.j.r.Summariser: summary =  15129 in 00:04:24 =   57.4/s Avg:   350 Min:   244 Max:  1513 Err:     0 (0.00%)
2025-02-27 11:09:00,000 INFO o.a.j.r.Summariser: summary +   2279 in 00:00:30 =   76.1/s Avg:   336 Min:   246 Max:   872 Err:     0 (0.00%) Active: 100 Started: 100 Finished: 0
2025-02-27 11:09:00,002 INFO o.a.j.r.Summariser: summary =  17408 in 00:04:54 =   59.3/s Avg:   348 Min:   244 Max:  1513 Err:     0 (0.00%)
2025-02-27 11:09:30,004 INFO o.a.j.r.Summariser: summary +   2278 in 00:00:30 =   75.9/s Avg:   363 Min:   246 Max:  1212 Err:     0 (0.00%) Active: 100 Started: 100 Finished: 0
2025-02-27 11:09:30,006 INFO o.a.j.r.Summariser: summary =  19686 in 00:05:24 =   60.8/s Avg:   350 Min:   244 Max:  1513 Err:     0 (0.00%)
2025-02-27 11:10:00,016 INFO o.a.j.r.Summariser: summary +   2278 in 00:00:30 =   75.9/s Avg:   356 Min:   249 Max:  2121 Err:     0 (0.00%) Active: 100 Started: 100 Finished: 0
2025-02-27 11:10:00,017 INFO o.a.j.r.Summariser: summary =  21964 in 00:05:54 =   62.1/s Avg:   351 Min:   244 Max:  2121 Err:     0 (0.00%)
2025-02-27 11:10:30,058 INFO o.a.j.r.Summariser: summary +   2296 in 00:00:30 =   76.4/s Avg:   347 Min:   249 Max:  1039 Err:     0 (0.00%) Active: 100 Started: 100 Finished: 0
2025-02-27 11:10:30,059 INFO o.a.j.r.Summariser: summary =  24260 in 00:06:24 =   63.2/s Avg:   350 Min:   244 Max:  2121 Err:     0 (0.00%)
2025-02-27 11:11:00,060 INFO o.a.j.r.Summariser: summary +   2289 in 00:00:30 =   76.3/s Avg:   338 Min:   249 Max:   918 Err:     0 (0.00%) Active: 100 Started: 100 Finished: 0
2025-02-27 11:11:00,061 INFO o.a.j.r.Summariser: summary =  26549 in 00:06:54 =   64.2/s Avg:   349 Min:   244 Max:  2121 Err:     0 (0.00%)
2025-02-27 11:11:30,006 INFO o.a.j.r.Summariser: summary +   2291 in 00:00:30 =   76.5/s Avg:   347 Min:   249 Max:  1104 Err:     0 (0.00%) Active: 100 Started: 100 Finished: 0
2025-02-27 11:11:30,006 INFO o.a.j.r.Summariser: summary =  28840 in 00:07:24 =   65.0/s Avg:   349 Min:   244 Max:  2121 Err:     0 (0.00%)
2025-02-27 11:12:00,016 INFO o.a.j.r.Summariser: summary +   2286 in 00:00:30 =   76.2/s Avg:   330 Min:   253 Max:   821 Err:     0 (0.00%) Active: 100 Started: 100 Finished: 0
2025-02-27 11:12:00,017 INFO o.a.j.r.Summariser: summary =  31126 in 00:07:54 =   65.7/s Avg:   348 Min:   244 Max:  2121 Err:     0 (0.00%)
2025-02-27 11:12:30,042 INFO o.a.j.r.Summariser: summary +   2281 in 00:00:30 =   76.0/s Avg:   366 Min:   249 Max:  1621 Err:     0 (0.00%) Active: 100 Started: 100 Finished: 0
2025-02-27 11:12:30,044 INFO o.a.j.r.Summariser: summary =  33407 in 00:08:24 =   66.3/s Avg:   349 Min:   244 Max:  2121 Err:     0 (0.00%)
2025-02-27 11:13:00,007 INFO o.a.j.r.Summariser: summary +   2284 in 00:00:30 =   76.2/s Avg:   339 Min:   246 Max:  1020 Err:     0 (0.00%) Active: 100 Started: 100 Finished: 0
2025-02-27 11:13:00,008 INFO o.a.j.r.Summariser: summary =  35691 in 00:08:54 =   66.9/s Avg:   348 Min:   244 Max:  2121 Err:     0 (0.00%)
2025-02-27 11:13:30,003 INFO o.a.j.r.Summariser: summary +   2293 in 00:00:30 =   76.4/s Avg:   348 Min:   247 Max:  1072 Err:     0 (0.00%) Active: 100 Started: 100 Finished: 0
2025-02-27 11:13:30,004 INFO o.a.j.r.Summariser: summary =  37984 in 00:09:24 =   67.4/s Avg:   348 Min:   244 Max:  2121 Err:     0 (0.00%)
2025-02-27 11:14:00,038 INFO o.a.j.r.Summariser: summary +   2288 in 00:00:30 =   76.2/s Avg:   341 Min:   248 Max:  1044 Err:     0 (0.00%) Active: 100 Started: 100 Finished: 0
2025-02-27 11:14:00,039 INFO o.a.j.r.Summariser: summary =  40272 in 00:09:54 =   67.8/s Avg:   348 Min:   244 Max:  2121 Err:     0 (0.00%)
2025-02-27 11:14:30,016 INFO o.a.j.r.Summariser: summary +   2280 in 00:00:30 =   76.1/s Avg:   348 Min:   252 Max:  1225 Err:     0 (0.00%) Active: 100 Started: 100 Finished: 0
2025-02-27 11:14:30,017 INFO o.a.j.r.Summariser: summary =  42552 in 00:10:24 =   68.2/s Avg:   348 Min:   244 Max:  2121 Err:     0 (0.00%)
2025-02-27 11:15:00,001 INFO o.a.j.r.Summariser: summary +   2291 in 00:00:30 =   76.4/s Avg:   348 Min:   253 Max:  1085 Err:     0 (0.00%) Active: 100 Started: 100 Finished: 0
2025-02-27 11:15:00,003 INFO o.a.j.r.Summariser: summary =  44843 in 00:10:54 =   68.6/s Avg:   348 Min:   244 Max:  2121 Err:     0 (0.00%)
2025-02-27 11:15:05,350 INFO o.a.j.t.JMeterThread: Thread finished: Thread-Gruppe 1-1
2025-02-27 11:15:05,397 INFO o.a.j.t.JMeterThread: Thread finished: Thread-Gruppe 1-62
2025-02-27 11:15:05,398 INFO o.a.j.t.JMeterThread: Thread finished: Thread-Gruppe 1-47
2025-02-27 11:15:05,410 INFO o.a.j.t.JMeterThread: Thread finished: Thread-Gruppe 1-17
2025-02-27 11:15:05,429 INFO o.a.j.t.JMeterThread: Thread finished: Thread-Gruppe 1-2
2025-02-27 11:15:05,537 INFO o.a.j.t.JMeterThread: Thread finished: Thread-Gruppe 1-63
2025-02-27 11:15:05,544 INFO o.a.j.t.JMeterThread: Thread finished: Thread-Gruppe 1-48
2025-02-27 11:15:05,553 INFO o.a.j.t.JMeterThread: Thread finished: Thread-Gruppe 1-18
2025-02-27 11:15:05,564 INFO o.a.j.t.JMeterThread: Thread finished: Thread-Gruppe 1-3
2025-02-27 11:15:05,673 INFO o.a.j.t.JMeterThread: Thread finished: Thread-Gruppe 1-64
2025-02-27 11:15:05,677 INFO o.a.j.t.JMeterThread: Thread finished: Thread-Gruppe 1-49
2025-02-27 11:15:05,689 INFO o.a.j.t.JMeterThread: Thread finished: Thread-Gruppe 1-19
2025-02-27 11:15:05,693 INFO o.a.j.t.JMeterThread: Thread finished: Thread-Gruppe 1-4
2025-02-27 11:15:05,790 INFO o.a.j.t.JMeterThread: Thread finished: Thread-Gruppe 1-65
2025-02-27 11:15:05,795 INFO o.a.j.t.JMeterThread: Thread finished: Thread-Gruppe 1-50
2025-02-27 11:15:05,805 INFO o.a.j.t.JMeterThread: Thread finished: Thread-Gruppe 1-20
2025-02-27 11:15:05,810 INFO o.a.j.t.JMeterThread: Thread finished: Thread-Gruppe 1-5
2025-02-27 11:15:05,919 INFO o.a.j.t.JMeterThread: Thread finished: Thread-Gruppe 1-32
2025-02-27 11:15:05,937 INFO o.a.j.t.JMeterThread: Thread finished: Thread-Gruppe 1-66
2025-02-27 11:15:05,940 INFO o.a.j.t.JMeterThread: Thread finished: Thread-Gruppe 1-51
2025-02-27 11:15:05,951 INFO o.a.j.t.JMeterThread: Thread finished: Thread-Gruppe 1-21
2025-02-27 11:15:05,957 INFO o.a.j.t.JMeterThread: Thread finished: Thread-Gruppe 1-6
2025-02-27 11:15:06,054 INFO o.a.j.t.JMeterThread: Thread finished: Thread-Gruppe 1-33
2025-02-27 11:15:06,060 INFO o.a.j.t.JMeterThread: Thread finished: Thread-Gruppe 1-67
2025-02-27 11:15:06,062 INFO o.a.j.t.JMeterThread: Thread finished: Thread-Gruppe 1-52
2025-02-27 11:15:06,079 INFO o.a.j.t.JMeterThread: Thread finished: Thread-Gruppe 1-22
2025-02-27 11:15:06,085 INFO o.a.j.t.JMeterThread: Thread finished: Thread-Gruppe 1-7
2025-02-27 11:15:06,197 INFO o.a.j.t.JMeterThread: Thread finished: Thread-Gruppe 1-68
2025-02-27 11:15:06,198 INFO o.a.j.t.JMeterThread: Thread finished: Thread-Gruppe 1-34
2025-02-27 11:15:06,198 INFO o.a.j.t.JMeterThread: Thread finished: Thread-Gruppe 1-53
2025-02-27 11:15:06,210 INFO o.a.j.t.JMeterThread: Thread finished: Thread-Gruppe 1-23
2025-02-27 11:15:06,211 INFO o.a.j.t.JMeterThread: Thread finished: Thread-Gruppe 1-8
2025-02-27 11:15:06,313 INFO o.a.j.t.JMeterThread: Thread finished: Thread-Gruppe 1-35
2025-02-27 11:15:06,328 INFO o.a.j.t.JMeterThread: Thread finished: Thread-Gruppe 1-69
2025-02-27 11:15:06,329 INFO o.a.j.t.JMeterThread: Thread finished: Thread-Gruppe 1-54
2025-02-27 11:15:06,340 INFO o.a.j.t.JMeterThread: Thread finished: Thread-Gruppe 1-24
2025-02-27 11:15:06,452 INFO o.a.j.t.JMeterThread: Thread finished: Thread-Gruppe 1-36
2025-02-27 11:15:06,457 INFO o.a.j.t.JMeterThread: Thread finished: Thread-Gruppe 1-70
2025-02-27 11:15:06,458 INFO o.a.j.t.JMeterThread: Thread finished: Thread-Gruppe 1-55
2025-02-27 11:15:06,469 INFO o.a.j.t.JMeterThread: Thread finished: Thread-Gruppe 1-9
2025-02-27 11:15:06,469 INFO o.a.j.t.JMeterThread: Thread finished: Thread-Gruppe 1-25
2025-02-27 11:15:06,476 INFO o.a.j.t.JMeterThread: Thread finished: Thread-Gruppe 1-10
2025-02-27 11:15:06,576 INFO o.a.j.t.JMeterThread: Thread finished: Thread-Gruppe 1-37
2025-02-27 11:15:06,594 INFO o.a.j.t.JMeterThread: Thread finished: Thread-Gruppe 1-71
2025-02-27 11:15:06,597 INFO o.a.j.t.JMeterThread: Thread finished: Thread-Gruppe 1-56
2025-02-27 11:15:06,604 INFO o.a.j.t.JMeterThread: Thread finished: Thread-Gruppe 1-26
2025-02-27 11:15:06,615 INFO o.a.j.t.JMeterThread: Thread finished: Thread-Gruppe 1-11
2025-02-27 11:15:06,723 INFO o.a.j.t.JMeterThread: Thread finished: Thread-Gruppe 1-38
2025-02-27 11:15:06,746 INFO o.a.j.t.JMeterThread: Thread finished: Thread-Gruppe 1-72
2025-02-27 11:15:06,748 INFO o.a.j.t.JMeterThread: Thread finished: Thread-Gruppe 1-57
2025-02-27 11:15:06,754 INFO o.a.j.t.JMeterThread: Thread finished: Thread-Gruppe 1-27
2025-02-27 11:15:06,763 INFO o.a.j.t.JMeterThread: Thread finished: Thread-Gruppe 1-12
2025-02-27 11:15:06,774 INFO o.a.j.t.JMeterThread: Thread finished: Thread-Gruppe 2-14
2025-02-27 11:15:06,780 INFO o.a.j.t.JMeterThread: Thread finished: Thread-Gruppe 2-16
2025-02-27 11:15:06,814 INFO o.a.j.t.JMeterThread: Thread finished: Thread-Gruppe 2-12
2025-02-27 11:15:06,814 INFO o.a.j.t.JMeterThread: Thread finished: Thread-Gruppe 2-6
2025-02-27 11:15:06,840 INFO o.a.j.t.JMeterThread: Thread finished: Thread-Gruppe 1-39
2025-02-27 11:15:06,868 INFO o.a.j.t.JMeterThread: Thread finished: Thread-Gruppe 1-73
2025-02-27 11:15:06,870 INFO o.a.j.t.JMeterThread: Thread finished: Thread-Gruppe 2-4
2025-02-27 11:15:06,873 INFO o.a.j.t.JMeterThread: Thread finished: Thread-Gruppe 1-58
2025-02-27 11:15:06,889 INFO o.a.j.t.JMeterThread: Thread finished: Thread-Gruppe 2-18
2025-02-27 11:15:06,889 INFO o.a.j.t.JMeterThread: Thread finished: Thread-Gruppe 1-28
2025-02-27 11:15:06,895 INFO o.a.j.t.JMeterThread: Thread finished: Thread-Gruppe 1-13
2025-02-27 11:15:06,927 INFO o.a.j.t.JMeterThread: Thread finished: Thread-Gruppe 2-5
2025-02-27 11:15:06,974 INFO o.a.j.t.JMeterThread: Thread finished: Thread-Gruppe 2-3
2025-02-27 11:15:06,990 INFO o.a.j.t.JMeterThread: Thread finished: Thread-Gruppe 2-1
2025-02-27 11:15:07,003 INFO o.a.j.t.JMeterThread: Thread finished: Thread-Gruppe 1-40
2025-02-27 11:15:07,003 INFO o.a.j.t.JMeterThread: Thread finished: Thread-Gruppe 1-74
2025-02-27 11:15:07,005 INFO o.a.j.t.JMeterThread: Thread finished: Thread-Gruppe 1-59
2025-02-27 11:15:07,023 INFO o.a.j.t.JMeterThread: Thread finished: Thread-Gruppe 1-29
2025-02-27 11:15:07,028 INFO o.a.j.t.JMeterThread: Thread finished: Thread-Gruppe 2-17
2025-02-27 11:15:07,028 INFO o.a.j.t.JMeterThread: Thread finished: Thread-Gruppe 1-14
2025-02-27 11:15:07,045 INFO o.a.j.t.JMeterThread: Thread finished: Thread-Gruppe 2-13
2025-02-27 11:15:07,151 INFO o.a.j.t.JMeterThread: Stopping because end time detected by thread: Thread-Gruppe 1-41
2025-02-27 11:15:07,152 INFO o.a.j.t.JMeterThread: Thread finished: Thread-Gruppe 1-41
2025-02-27 11:15:07,153 INFO o.a.j.t.JMeterThread: Stopping because end time detected by thread: Thread-Gruppe 1-75
2025-02-27 11:15:07,153 INFO o.a.j.t.JMeterThread: Thread finished: Thread-Gruppe 1-75
2025-02-27 11:15:07,153 INFO o.a.j.t.JMeterThread: Stopping because end time detected by thread: Thread-Gruppe 1-60
2025-02-27 11:15:07,154 INFO o.a.j.t.JMeterThread: Thread finished: Thread-Gruppe 1-60
2025-02-27 11:15:07,163 INFO o.a.j.t.JMeterThread: Stopping because end time detected by thread: Thread-Gruppe 1-30
2025-02-27 11:15:07,163 INFO o.a.j.t.JMeterThread: Stopping because end time detected by thread: Thread-Gruppe 1-15
2025-02-27 11:15:07,164 INFO o.a.j.t.JMeterThread: Thread finished: Thread-Gruppe 1-30
2025-02-27 11:15:07,164 INFO o.a.j.t.JMeterThread: Thread finished: Thread-Gruppe 1-15
2025-02-27 11:15:07,191 INFO o.a.j.t.JMeterThread: Stopping because end time detected by thread: Thread-Gruppe 2-11
2025-02-27 11:15:07,192 INFO o.a.j.t.JMeterThread: Thread finished: Thread-Gruppe 2-11
2025-02-27 11:15:07,201 INFO o.a.j.t.JMeterThread: Stopping because end time detected by thread: Thread-Gruppe 2-10
2025-02-27 11:15:07,202 INFO o.a.j.t.JMeterThread: Thread finished: Thread-Gruppe 2-10
2025-02-27 11:15:07,238 INFO o.a.j.t.JMeterThread: Stopping because end time detected by thread: Thread-Gruppe 2-19
2025-02-27 11:15:07,238 INFO o.a.j.t.JMeterThread: Thread finished: Thread-Gruppe 2-19
2025-02-27 11:15:07,294 INFO o.a.j.t.JMeterThread: Stopping because end time detected by thread: Thread-Gruppe 2-2
2025-02-27 11:15:07,295 INFO o.a.j.t.JMeterThread: Thread finished: Thread-Gruppe 2-2
2025-02-27 11:15:07,299 INFO o.a.j.t.JMeterThread: Stopping because end time detected by thread: Thread-Gruppe 1-61
2025-02-27 11:15:07,299 INFO o.a.j.t.JMeterThread: Thread finished: Thread-Gruppe 1-61
2025-02-27 11:15:07,301 INFO o.a.j.t.JMeterThread: Stopping because end time detected by thread: Thread-Gruppe 2-15
2025-02-27 11:15:07,301 INFO o.a.j.t.JMeterThread: Thread finished: Thread-Gruppe 2-15
2025-02-27 11:15:07,304 INFO o.a.j.t.JMeterThread: Stopping because end time detected by thread: Thread-Gruppe 3-3
2025-02-27 11:15:07,305 INFO o.a.j.t.JMeterThread: Thread finished: Thread-Gruppe 3-3
2025-02-27 11:15:07,307 INFO o.a.j.t.JMeterThread: Stopping because end time detected by thread: Thread-Gruppe 1-42
2025-02-27 11:15:07,307 INFO o.a.j.t.JMeterThread: Thread finished: Thread-Gruppe 1-42
2025-02-27 11:15:07,311 INFO o.a.j.t.JMeterThread: Stopping because end time detected by thread: Thread-Gruppe 1-31
2025-02-27 11:15:07,311 INFO o.a.j.t.JMeterThread: Thread finished: Thread-Gruppe 1-31
2025-02-27 11:15:07,313 INFO o.a.j.t.JMeterThread: Stopping because end time detected by thread: Thread-Gruppe 1-16
2025-02-27 11:15:07,313 INFO o.a.j.t.JMeterThread: Thread finished: Thread-Gruppe 1-16
2025-02-27 11:15:07,382 INFO o.a.j.t.JMeterThread: Stopping because end time detected by thread: Thread-Gruppe 3-5
2025-02-27 11:15:07,383 INFO o.a.j.t.JMeterThread: Thread finished: Thread-Gruppe 3-5
2025-02-27 11:15:07,399 INFO o.a.j.t.JMeterThread: Stopping because end time detected by thread: Thread-Gruppe 3-1
2025-02-27 11:15:07,400 INFO o.a.j.t.JMeterThread: Thread finished: Thread-Gruppe 3-1
2025-02-27 11:15:07,404 INFO o.a.j.t.JMeterThread: Stopping because end time detected by thread: Thread-Gruppe 3-4
2025-02-27 11:15:07,406 INFO o.a.j.t.JMeterThread: Thread finished: Thread-Gruppe 3-4
2025-02-27 11:15:07,431 INFO o.a.j.t.JMeterThread: Stopping because end time detected by thread: Thread-Gruppe 1-43
2025-02-27 11:15:07,431 INFO o.a.j.t.JMeterThread: Thread finished: Thread-Gruppe 1-43
2025-02-27 11:15:07,439 INFO o.a.j.t.JMeterThread: Stopping because end time detected by thread: Thread-Gruppe 2-8
2025-02-27 11:15:07,439 INFO o.a.j.t.JMeterThread: Thread finished: Thread-Gruppe 2-8
2025-02-27 11:15:07,443 INFO o.a.j.t.JMeterThread: Stopping because end time detected by thread: Thread-Gruppe 2-7
2025-02-27 11:15:07,444 INFO o.a.j.t.JMeterThread: Thread finished: Thread-Gruppe 2-7
2025-02-27 11:15:07,497 INFO o.a.j.t.JMeterThread: Stopping because end time detected by thread: Thread-Gruppe 3-2
2025-02-27 11:15:07,497 INFO o.a.j.t.JMeterThread: Thread finished: Thread-Gruppe 3-2
2025-02-27 11:15:07,561 INFO o.a.j.t.JMeterThread: Stopping because end time detected by thread: Thread-Gruppe 1-44
2025-02-27 11:15:07,561 INFO o.a.j.t.JMeterThread: Thread finished: Thread-Gruppe 1-44
2025-02-27 11:15:07,693 INFO o.a.j.t.JMeterThread: Stopping because end time detected by thread: Thread-Gruppe 1-45
2025-02-27 11:15:07,694 INFO o.a.j.t.JMeterThread: Thread finished: Thread-Gruppe 1-45
2025-02-27 11:15:07,783 INFO o.a.j.t.JMeterThread: Stopping because end time detected by thread: Thread-Gruppe 2-9
2025-02-27 11:15:07,783 INFO o.a.j.t.JMeterThread: Thread finished: Thread-Gruppe 2-9
2025-02-27 11:15:07,811 INFO o.a.j.t.JMeterThread: Stopping because end time detected by thread: Thread-Gruppe 1-46
2025-02-27 11:15:07,811 INFO o.a.j.t.JMeterThread: Thread finished: Thread-Gruppe 1-46
2025-02-27 11:15:07,915 INFO o.a.j.t.JMeterThread: Stopping because end time detected by thread: Thread-Gruppe 2-20
2025-02-27 11:15:07,916 INFO o.a.j.t.JMeterThread: Thread finished: Thread-Gruppe 2-20
2025-02-27 11:15:07,917 INFO o.a.j.e.StandardJMeterEngine: Notifying test listeners of end of test
2025-02-27 11:15:07,924 INFO o.a.j.r.Summariser: summary +    563 in 00:00:08 =   71.1/s Avg:   352 Min:   256 Max:   847 Err:     0 (0.00%) Active: 0 Started: 100 Finished: 100
2025-02-27 11:15:07,925 INFO o.a.j.r.Summariser: summary =  45406 in 00:11:01 =   68.6/s Avg:   348 Min:   244 Max:  2121 Err:     0 (0.00%)
