2025-02-28 10:11:12,290 INFO o.a.j.u.JMeterUtils: Setting Locale to en_EN
2025-02-28 10:11:12,312 INFO o.a.j.JMeter: Loading user properties from: C:\Users\ASUS\Desktop\apache-jmeter-5.6.3\apache-jmeter-5.6.3\bin\user.properties
2025-02-28 10:11:12,313 INFO o.a.j.JMeter: Loading system properties from: C:\Users\ASUS\Desktop\apache-jmeter-5.6.3\apache-jmeter-5.6.3\bin\system.properties
2025-02-28 10:11:12,313 INFO o.a.j.JMeter: Setting JMeter property: lb_1_hostname=34.123.91.22
2025-02-28 10:11:12,313 INFO o.a.j.JMeter: Setting JMeter property: lb_2_hostname=35.224.254.232
2025-02-28 10:11:12,313 INFO o.a.j.JMeter: Setting JMeter property: lb_1_port=8090
2025-02-28 10:11:12,314 INFO o.a.j.JMeter: Setting JMeter property: lb_2_port=8091
2025-02-28 10:11:12,317 INFO o.a.j.JMeter: Setting JMeter property: warm_up_users=20
2025-02-28 10:11:12,317 INFO o.a.j.JMeter: Setting JMeter property: warm_up_time=60
2025-02-28 10:11:12,317 INFO o.a.j.JMeter: Setting JMeter property: test_run_time=600
2025-02-28 10:11:12,317 INFO o.a.j.JMeter: Setting JMeter property: ramp_up=10
2025-02-28 10:11:12,317 INFO o.a.j.JMeter: Setting JMeter property: group_1=75
2025-02-28 10:11:12,317 INFO o.a.j.JMeter: Setting JMeter property: group_2=20
2025-02-28 10:11:12,318 INFO o.a.j.JMeter: Setting JMeter property: group_3=5
2025-02-28 10:11:12,318 INFO o.a.j.JMeter: Setting JMeter property: group_1_request_rate=30
2025-02-28 10:11:12,318 INFO o.a.j.JMeter: Setting JMeter property: group_2_request_rate=90
2025-02-28 10:11:12,318 INFO o.a.j.JMeter: Setting JMeter property: group_3_request_rate=120
2025-02-28 10:11:12,318 INFO o.a.j.JMeter: Setting JMeter property: log_file=c:\\Users\\ASUS\\Desktop\\Repos\\rate-limiter-nginx\\jmeter\\cloud\\2025_02_28_10_00_logs\\gcra\\redis_script_period_60_rate_100_burst_5\\warm_up_results.csv
2025-02-28 10:11:12,318 INFO o.a.j.JMeter: Setting JMeter property: algorithm=gcra_redis_script_period_60_rate_100_burst_5
2025-02-28 10:11:12,318 INFO o.a.j.JMeter: Setting JMeter property: auth=/gcra/redis_script_period_60_rate_100_burst_5/tools.descartes.teastore.auth/rest
2025-02-28 10:11:12,318 INFO o.a.j.JMeter: Setting JMeter property: persistence=/gcra/redis_script_period_60_rate_100_burst_5/tools.descartes.teastore.persistence/rest
2025-02-28 10:11:12,318 INFO o.a.j.JMeter: Setting JMeter property: recommender=/gcra/redis_script_period_60_rate_100_burst_5/tools.descartes.teastore.recommender/rest
2025-02-28 10:11:12,318 INFO o.a.j.JMeter: Setting JMeter property: image=/gcra/redis_script_period_60_rate_100_burst_5/tools.descartes.teastore.image/rest
2025-02-28 10:11:12,327 INFO o.a.j.JMeter: Copyright (c) 1998-2024 The Apache Software Foundation
2025-02-28 10:11:12,327 INFO o.a.j.JMeter: Version 5.6.3
2025-02-28 10:11:12,327 INFO o.a.j.JMeter: java.version=17.0.9
2025-02-28 10:11:12,327 INFO o.a.j.JMeter: java.vm.name=Java HotSpot(TM) 64-Bit Server VM
2025-02-28 10:11:12,327 INFO o.a.j.JMeter: os.name=Windows 11
2025-02-28 10:11:12,327 INFO o.a.j.JMeter: os.arch=amd64
2025-02-28 10:11:12,327 INFO o.a.j.JMeter: os.version=10.0
2025-02-28 10:11:12,327 INFO o.a.j.JMeter: file.encoding=Cp1252
2025-02-28 10:11:12,327 INFO o.a.j.JMeter: java.awt.headless=true
2025-02-28 10:11:12,327 INFO o.a.j.JMeter: Max memory     =1073741824
2025-02-28 10:11:12,327 INFO o.a.j.JMeter: Available Processors =12
2025-02-28 10:11:12,335 INFO o.a.j.JMeter: Default Locale=English (EN)
2025-02-28 10:11:12,335 INFO o.a.j.JMeter: JMeter  Locale=English (EN)
2025-02-28 10:11:12,337 INFO o.a.j.JMeter: JMeterHome=C:\Users\ASUS\Desktop\apache-jmeter-5.6.3\apache-jmeter-5.6.3
2025-02-28 10:11:12,337 INFO o.a.j.JMeter: user.dir  =C:\Users\ASUS\Desktop\Repos\rate-limiter-nginx
2025-02-28 10:11:12,337 INFO o.a.j.JMeter: PWD       =C:\Users\ASUS\Desktop\Repos\rate-limiter-nginx
2025-02-28 10:11:12,338 INFO o.a.j.JMeter: IP: 192.168.1.45 Name: THIVA FullName: THIVA
2025-02-28 10:11:12,354 INFO o.a.j.s.FileServer: Default base='C:\Users\ASUS\Desktop\Repos\rate-limiter-nginx'
2025-02-28 10:11:12,357 INFO o.a.j.s.FileServer: Set new base='c:\Users\ASUS\Desktop\Repos\rate-limiter-nginx\jmeter\cloud'
2025-02-28 10:11:12,642 INFO o.a.j.s.SaveService: Testplan (JMX) version: 2.2. Testlog (JTL) version: 2.2
2025-02-28 10:11:12,693 INFO o.a.j.s.SaveService: Using SaveService properties version 5.0
2025-02-28 10:11:12,693 INFO o.a.j.s.SaveService: Using SaveService properties file encoding UTF-8
2025-02-28 10:11:12,704 INFO o.a.j.s.SaveService: Loading file: c:\Users\ASUS\Desktop\Repos\rate-limiter-nginx\jmeter\cloud\teastore_performance.jmx
2025-02-28 10:11:12,760 INFO o.a.j.p.h.c.CookieManager: Settings: Delete null: true Check: true Allow variable: true Save: false Prefix: COOKIE_
2025-02-28 10:11:12,798 INFO o.a.j.p.h.s.HTTPSamplerBase: Parser for text/html is org.apache.jmeter.protocol.http.parser.LagartoBasedHtmlParser
2025-02-28 10:11:12,800 INFO o.a.j.p.h.s.HTTPSamplerBase: Parser for application/xhtml+xml is org.apache.jmeter.protocol.http.parser.LagartoBasedHtmlParser
2025-02-28 10:11:12,800 INFO o.a.j.p.h.s.HTTPSamplerBase: Parser for application/xml is org.apache.jmeter.protocol.http.parser.LagartoBasedHtmlParser
2025-02-28 10:11:12,800 INFO o.a.j.p.h.s.HTTPSamplerBase: Parser for text/xml is org.apache.jmeter.protocol.http.parser.LagartoBasedHtmlParser
2025-02-28 10:11:12,800 INFO o.a.j.p.h.s.HTTPSamplerBase: Parser for text/vnd.wap.wml is org.apache.jmeter.protocol.http.parser.RegexpHTMLParser
2025-02-28 10:11:12,800 INFO o.a.j.p.h.s.HTTPSamplerBase: Parser for text/css is org.apache.jmeter.protocol.http.parser.CssParser
2025-02-28 10:11:12,934 INFO o.a.j.s.SampleResult: Note: Sample TimeStamps are START times
2025-02-28 10:11:12,934 INFO o.a.j.s.SampleResult: sampleresult.default.encoding is set to UTF-8
2025-02-28 10:11:12,934 INFO o.a.j.s.SampleResult: sampleresult.useNanoTime=true
2025-02-28 10:11:12,934 INFO o.a.j.s.SampleResult: sampleresult.nanoThreadSleep=5000
2025-02-28 10:11:12,957 INFO o.a.j.JMeter: Creating summariser <summary>
2025-02-28 10:11:12,980 INFO o.a.j.e.StandardJMeterEngine: Running the test!
2025-02-28 10:11:12,980 INFO o.a.j.s.SampleEvent: List of sample_variables: []
2025-02-28 10:11:12,980 INFO o.a.j.s.SampleEvent: List of sample_variables: []
2025-02-28 10:11:12,995 INFO o.a.j.e.u.CompoundVariable: Note: Function class names must contain the string: '.functions.'
2025-02-28 10:11:12,995 INFO o.a.j.e.u.CompoundVariable: Note: Function class names must not contain the string: '.gui.'
2025-02-28 10:11:13,058 INFO o.a.j.r.ClassFinder: Will scan jar C:\Users\ASUS\Desktop\apache-jmeter-5.6.3\apache-jmeter-5.6.3\lib\ext\jmeter-plugins-casutg-2.10.jar with filter ExtendsClassFilter [parents=[interface org.apache.jmeter.functions.Function], inner=false, contains=null, notContains=null]. Consider exposing JMeter plugins via META-INF/services, and add JMeter-Skip-Class-Scanning=true manifest attribute so JMeter can skip classfile scanning
2025-02-28 10:11:13,090 INFO o.a.j.r.ClassFinder: Will scan jar C:\Users\ASUS\Desktop\apache-jmeter-5.6.3\apache-jmeter-5.6.3\lib\ext\jmeter-plugins-graphs-vs-2.0.jar with filter ExtendsClassFilter [parents=[interface org.apache.jmeter.functions.Function], inner=false, contains=null, notContains=null]. Consider exposing JMeter plugins via META-INF/services, and add JMeter-Skip-Class-Scanning=true manifest attribute so JMeter can skip classfile scanning
2025-02-28 10:11:13,090 INFO o.a.j.r.ClassFinder: Will scan jar C:\Users\ASUS\Desktop\apache-jmeter-5.6.3\apache-jmeter-5.6.3\lib\ext\jmeter-plugins-manager-1.9.jar with filter ExtendsClassFilter [parents=[interface org.apache.jmeter.functions.Function], inner=false, contains=null, notContains=null]. Consider exposing JMeter plugins via META-INF/services, and add JMeter-Skip-Class-Scanning=true manifest attribute so JMeter can skip classfile scanning
2025-02-28 10:11:13,144 INFO o.a.j.r.ClassFinder: Will scan jar C:\Users\ASUS\Desktop\apache-jmeter-5.6.3\apache-jmeter-5.6.3\lib\ext\jmeter-plugins-graphs-basic-2.0.jar with filter ExtendsClassFilter [parents=[interface org.apache.jmeter.functions.Function], inner=false, contains=null, notContains=null]. Consider exposing JMeter plugins via META-INF/services, and add JMeter-Skip-Class-Scanning=true manifest attribute so JMeter can skip classfile scanning
2025-02-28 10:11:13,160 INFO o.a.j.r.ClassFinder: Will scan jar C:\Users\ASUS\Desktop\apache-jmeter-5.6.3\apache-jmeter-5.6.3\lib\ext\jmeter-plugins-manager-0.20.jar with filter ExtendsClassFilter [parents=[interface org.apache.jmeter.functions.Function], inner=false, contains=null, notContains=null]. Consider exposing JMeter plugins via META-INF/services, and add JMeter-Skip-Class-Scanning=true manifest attribute so JMeter can skip classfile scanning
2025-02-28 10:11:13,167 INFO o.a.j.r.ClassFinder: Will scan jar C:\Users\ASUS\Desktop\apache-jmeter-5.6.3\apache-jmeter-5.6.3\lib\ext\jmeter-plugins-tst-2.6.jar with filter ExtendsClassFilter [parents=[interface org.apache.jmeter.functions.Function], inner=false, contains=null, notContains=null]. Consider exposing JMeter plugins via META-INF/services, and add JMeter-Skip-Class-Scanning=true manifest attribute so JMeter can skip classfile scanning
2025-02-28 10:11:13,170 INFO o.a.j.r.ClassFinder: Will scan jar C:\Users\ASUS\Desktop\apache-jmeter-5.6.3\apache-jmeter-5.6.3\lib\ext\jmeter-parallel-0.12.jar with filter ExtendsClassFilter [parents=[interface org.apache.jmeter.functions.Function], inner=false, contains=null, notContains=null]. Consider exposing JMeter plugins via META-INF/services, and add JMeter-Skip-Class-Scanning=true manifest attribute so JMeter can skip classfile scanning
2025-02-28 10:11:13,433 INFO o.a.j.JMeter: Running test (1740717673433)
2025-02-28 10:11:13,435 INFO o.a.j.e.StandardJMeterEngine: Starting setUp thread groups
2025-02-28 10:11:13,435 INFO o.a.j.e.StandardJMeterEngine: Starting setUp ThreadGroup: 1 : setUp Thread Group 
2025-02-28 10:11:13,435 INFO o.a.j.e.StandardJMeterEngine: Starting 20 threads for group setUp Thread Group.
2025-02-28 10:11:13,435 INFO o.a.j.e.StandardJMeterEngine: Thread will continue on error
2025-02-28 10:11:13,435 INFO o.a.j.t.ThreadGroup: Starting thread group... number=1 threads=20 ramp-up=10 delayedStart=false
2025-02-28 10:11:13,448 INFO o.a.j.t.JMeterThread: Thread started: setUp Thread Group 1-1
2025-02-28 10:11:13,475 INFO o.a.j.t.ThreadGroup: Started thread group number 1
2025-02-28 10:11:13,475 INFO o.a.j.e.StandardJMeterEngine: Waiting for all setup thread groups to exit
2025-02-28 10:11:13,947 INFO o.a.j.t.JMeterThread: Thread started: setUp Thread Group 1-2
2025-02-28 10:11:14,338 INFO o.a.j.p.h.s.HTTPHCAbstractImpl: Local host = THIVA
2025-02-28 10:11:14,347 INFO o.a.j.p.h.s.HTTPHC4Impl: HTTP request retry count = 0
2025-02-28 10:11:14,441 INFO o.a.j.t.JMeterThread: Thread started: setUp Thread Group 1-3
2025-02-28 10:11:14,942 INFO o.a.j.t.JMeterThread: Thread started: setUp Thread Group 1-4
2025-02-28 10:11:15,440 INFO o.a.j.t.JMeterThread: Thread started: setUp Thread Group 1-5
2025-02-28 10:11:15,941 INFO o.a.j.t.JMeterThread: Thread started: setUp Thread Group 1-6
2025-02-28 10:11:16,440 INFO o.a.j.t.JMeterThread: Thread started: setUp Thread Group 1-7
2025-02-28 10:11:16,942 INFO o.a.j.t.JMeterThread: Thread started: setUp Thread Group 1-8
2025-02-28 10:11:17,440 INFO o.a.j.t.JMeterThread: Thread started: setUp Thread Group 1-9
2025-02-28 10:11:17,942 INFO o.a.j.t.JMeterThread: Thread started: setUp Thread Group 1-10
2025-02-28 10:11:18,439 INFO o.a.j.t.JMeterThread: Thread started: setUp Thread Group 1-11
2025-02-28 10:11:18,941 INFO o.a.j.t.JMeterThread: Thread started: setUp Thread Group 1-12
2025-02-28 10:11:19,439 INFO o.a.j.t.JMeterThread: Thread started: setUp Thread Group 1-13
2025-02-28 10:11:19,941 INFO o.a.j.t.JMeterThread: Thread started: setUp Thread Group 1-14
2025-02-28 10:11:20,441 INFO o.a.j.t.JMeterThread: Thread started: setUp Thread Group 1-15
2025-02-28 10:11:20,940 INFO o.a.j.t.JMeterThread: Thread started: setUp Thread Group 1-16
2025-02-28 10:11:21,440 INFO o.a.j.t.JMeterThread: Thread started: setUp Thread Group 1-17
2025-02-28 10:11:21,938 INFO o.a.j.t.JMeterThread: Thread started: setUp Thread Group 1-18
2025-02-28 10:11:22,439 INFO o.a.j.t.JMeterThread: Thread started: setUp Thread Group 1-19
2025-02-28 10:11:22,938 INFO o.a.j.t.JMeterThread: Thread started: setUp Thread Group 1-20
2025-02-28 10:12:13,221 INFO o.a.j.t.JMeterThread: Thread finished: setUp Thread Group 1-5
2025-02-28 10:12:13,250 INFO o.a.j.t.JMeterThread: Thread finished: setUp Thread Group 1-12
2025-02-28 10:12:13,250 INFO o.a.j.t.JMeterThread: Thread finished: setUp Thread Group 1-15
2025-02-28 10:12:13,334 INFO o.a.j.t.JMeterThread: Thread finished: setUp Thread Group 1-19
2025-02-28 10:12:13,336 INFO o.a.j.t.JMeterThread: Thread finished: setUp Thread Group 1-20
2025-02-28 10:12:13,365 INFO o.a.j.t.JMeterThread: Thread finished: setUp Thread Group 1-4
2025-02-28 10:12:13,411 INFO o.a.j.t.JMeterThread: Thread finished: setUp Thread Group 1-6
2025-02-28 10:12:13,501 INFO o.a.j.t.JMeterThread: Stopping because end time detected by thread: setUp Thread Group 1-11
2025-02-28 10:12:13,501 INFO o.a.j.t.JMeterThread: Thread finished: setUp Thread Group 1-11
2025-02-28 10:12:13,562 INFO o.a.j.t.JMeterThread: Stopping because end time detected by thread: setUp Thread Group 1-7
2025-02-28 10:12:13,562 INFO o.a.j.t.JMeterThread: Thread finished: setUp Thread Group 1-7
2025-02-28 10:12:13,578 INFO o.a.j.t.JMeterThread: Stopping because end time detected by thread: setUp Thread Group 1-17
2025-02-28 10:12:13,578 INFO o.a.j.t.JMeterThread: Thread finished: setUp Thread Group 1-17
2025-02-28 10:12:13,578 INFO o.a.j.t.JMeterThread: Stopping because end time detected by thread: setUp Thread Group 1-9
2025-02-28 10:12:13,578 INFO o.a.j.t.JMeterThread: Thread finished: setUp Thread Group 1-9
2025-02-28 10:12:13,578 INFO o.a.j.t.JMeterThread: Stopping because end time detected by thread: setUp Thread Group 1-13
2025-02-28 10:12:13,578 INFO o.a.j.t.JMeterThread: Thread finished: setUp Thread Group 1-13
2025-02-28 10:12:13,609 INFO o.a.j.t.JMeterThread: Stopping because end time detected by thread: setUp Thread Group 1-8
2025-02-28 10:12:13,609 INFO o.a.j.t.JMeterThread: Thread finished: setUp Thread Group 1-8
2025-02-28 10:12:13,657 INFO o.a.j.t.JMeterThread: Stopping because end time detected by thread: setUp Thread Group 1-10
2025-02-28 10:12:13,657 INFO o.a.j.t.JMeterThread: Thread finished: setUp Thread Group 1-10
2025-02-28 10:12:13,725 INFO o.a.j.t.JMeterThread: Stopping because end time detected by thread: setUp Thread Group 1-16
2025-02-28 10:12:13,725 INFO o.a.j.t.JMeterThread: Thread finished: setUp Thread Group 1-16
2025-02-28 10:12:13,783 INFO o.a.j.t.JMeterThread: Stopping because end time detected by thread: setUp Thread Group 1-1
2025-02-28 10:12:13,783 INFO o.a.j.t.JMeterThread: Thread finished: setUp Thread Group 1-1
2025-02-28 10:12:13,815 INFO o.a.j.t.JMeterThread: Stopping because end time detected by thread: setUp Thread Group 1-18
2025-02-28 10:12:13,815 INFO o.a.j.t.JMeterThread: Thread finished: setUp Thread Group 1-18
2025-02-28 10:12:13,895 INFO o.a.j.t.JMeterThread: Stopping because end time detected by thread: setUp Thread Group 1-3
2025-02-28 10:12:13,895 INFO o.a.j.t.JMeterThread: Thread finished: setUp Thread Group 1-3
2025-02-28 10:12:13,968 INFO o.a.j.t.JMeterThread: Stopping because end time detected by thread: setUp Thread Group 1-2
2025-02-28 10:12:13,968 INFO o.a.j.t.JMeterThread: Thread finished: setUp Thread Group 1-2
2025-02-28 10:12:14,151 INFO o.a.j.t.JMeterThread: Stopping because end time detected by thread: setUp Thread Group 1-14
2025-02-28 10:12:14,151 INFO o.a.j.t.JMeterThread: Thread finished: setUp Thread Group 1-14
2025-02-28 10:12:14,158 INFO o.a.j.e.StandardJMeterEngine: All Setup Threads have ended
2025-02-28 10:12:14,192 INFO o.a.j.e.StandardJMeterEngine: Starting ThreadGroup: 1 : Thread-Gruppe
2025-02-28 10:12:14,192 INFO o.a.j.e.StandardJMeterEngine: Starting 75 threads for group Thread-Gruppe.
2025-02-28 10:12:14,192 INFO o.a.j.e.StandardJMeterEngine: Thread will continue on error
2025-02-28 10:12:14,192 INFO o.a.j.t.ThreadGroup: Starting thread group... number=1 threads=75 ramp-up=10 delayedStart=false
2025-02-28 10:12:14,199 INFO o.a.j.t.JMeterThread: Thread started: Thread-Gruppe 1-1
2025-02-28 10:12:14,274 INFO o.a.j.t.ThreadGroup: Started thread group number 1
2025-02-28 10:12:14,274 INFO o.a.j.e.StandardJMeterEngine: Starting ThreadGroup: 2 : Thread-Gruppe
2025-02-28 10:12:14,274 INFO o.a.j.e.StandardJMeterEngine: Starting 20 threads for group Thread-Gruppe.
2025-02-28 10:12:14,274 INFO o.a.j.e.StandardJMeterEngine: Thread will continue on error
2025-02-28 10:12:14,275 INFO o.a.j.t.ThreadGroup: Starting thread group... number=2 threads=20 ramp-up=10 delayedStart=false
2025-02-28 10:12:14,277 INFO o.a.j.t.JMeterThread: Thread started: Thread-Gruppe 2-1
2025-02-28 10:12:14,294 INFO o.a.j.t.ThreadGroup: Started thread group number 2
2025-02-28 10:12:14,294 INFO o.a.j.e.StandardJMeterEngine: Starting ThreadGroup: 3 : Thread-Gruppe
2025-02-28 10:12:14,294 INFO o.a.j.e.StandardJMeterEngine: Starting 5 threads for group Thread-Gruppe.
2025-02-28 10:12:14,294 INFO o.a.j.e.StandardJMeterEngine: Thread will continue on error
2025-02-28 10:12:14,294 INFO o.a.j.t.ThreadGroup: Starting thread group... number=3 threads=5 ramp-up=10 delayedStart=false
2025-02-28 10:12:14,296 INFO o.a.j.t.JMeterThread: Thread started: Thread-Gruppe 3-1
2025-02-28 10:12:14,297 INFO o.a.j.t.ThreadGroup: Started thread group number 3
2025-02-28 10:12:14,297 INFO o.a.j.e.StandardJMeterEngine: All thread groups have been started
2025-02-28 10:12:14,335 INFO o.a.j.t.JMeterThread: Thread started: Thread-Gruppe 1-2
2025-02-28 10:12:14,461 INFO o.a.j.t.JMeterThread: Thread started: Thread-Gruppe 1-3
2025-02-28 10:12:14,595 INFO o.a.j.t.JMeterThread: Thread started: Thread-Gruppe 1-4
2025-02-28 10:12:14,729 INFO o.a.j.t.JMeterThread: Thread started: Thread-Gruppe 1-5
2025-02-28 10:12:14,779 INFO o.a.j.t.JMeterThread: Thread started: Thread-Gruppe 2-2
2025-02-28 10:12:14,860 INFO o.a.j.t.JMeterThread: Thread started: Thread-Gruppe 1-6
2025-02-28 10:12:14,993 INFO o.a.j.t.JMeterThread: Thread started: Thread-Gruppe 1-7
2025-02-28 10:12:15,126 INFO o.a.j.t.JMeterThread: Thread started: Thread-Gruppe 1-8
2025-02-28 10:12:15,258 INFO o.a.j.t.JMeterThread: Thread started: Thread-Gruppe 1-9
2025-02-28 10:12:15,277 INFO o.a.j.t.JMeterThread: Thread started: Thread-Gruppe 2-3
2025-02-28 10:12:15,396 INFO o.a.j.t.JMeterThread: Thread started: Thread-Gruppe 1-10
2025-02-28 10:12:15,525 INFO o.a.j.t.JMeterThread: Thread started: Thread-Gruppe 1-11
2025-02-28 10:12:15,658 INFO o.a.j.t.JMeterThread: Thread started: Thread-Gruppe 1-12
2025-02-28 10:12:15,777 INFO o.a.j.t.JMeterThread: Thread started: Thread-Gruppe 2-4
2025-02-28 10:12:15,791 INFO o.a.j.t.JMeterThread: Thread started: Thread-Gruppe 1-13
2025-02-28 10:12:15,923 INFO o.a.j.t.JMeterThread: Thread started: Thread-Gruppe 1-14
2025-02-28 10:12:16,056 INFO o.a.j.t.JMeterThread: Thread started: Thread-Gruppe 1-15
2025-02-28 10:12:16,189 INFO o.a.j.t.JMeterThread: Thread started: Thread-Gruppe 1-16
2025-02-28 10:12:16,277 INFO o.a.j.t.JMeterThread: Thread started: Thread-Gruppe 2-5
2025-02-28 10:12:16,296 INFO o.a.j.t.JMeterThread: Thread started: Thread-Gruppe 3-2
2025-02-28 10:12:16,323 INFO o.a.j.t.JMeterThread: Thread started: Thread-Gruppe 1-17
2025-02-28 10:12:16,456 INFO o.a.j.t.JMeterThread: Thread started: Thread-Gruppe 1-18
2025-02-28 10:12:16,589 INFO o.a.j.t.JMeterThread: Thread started: Thread-Gruppe 1-19
2025-02-28 10:12:16,722 INFO o.a.j.t.JMeterThread: Thread started: Thread-Gruppe 1-20
2025-02-28 10:12:16,778 INFO o.a.j.t.JMeterThread: Thread started: Thread-Gruppe 2-6
2025-02-28 10:12:16,854 INFO o.a.j.t.JMeterThread: Thread started: Thread-Gruppe 1-21
2025-02-28 10:12:16,988 INFO o.a.j.t.JMeterThread: Thread started: Thread-Gruppe 1-22
2025-02-28 10:12:17,121 INFO o.a.j.t.JMeterThread: Thread started: Thread-Gruppe 1-23
2025-02-28 10:12:17,255 INFO o.a.j.t.JMeterThread: Thread started: Thread-Gruppe 1-24
2025-02-28 10:12:17,278 INFO o.a.j.t.JMeterThread: Thread started: Thread-Gruppe 2-7
2025-02-28 10:12:17,386 INFO o.a.j.t.JMeterThread: Thread started: Thread-Gruppe 1-25
2025-02-28 10:12:17,519 INFO o.a.j.t.JMeterThread: Thread started: Thread-Gruppe 1-26
2025-02-28 10:12:17,655 INFO o.a.j.t.JMeterThread: Thread started: Thread-Gruppe 1-27
2025-02-28 10:12:17,777 INFO o.a.j.t.JMeterThread: Thread started: Thread-Gruppe 2-8
2025-02-28 10:12:17,786 INFO o.a.j.t.JMeterThread: Thread started: Thread-Gruppe 1-28
2025-02-28 10:12:17,919 INFO o.a.j.t.JMeterThread: Thread started: Thread-Gruppe 1-29
2025-02-28 10:12:18,054 INFO o.a.j.t.JMeterThread: Thread started: Thread-Gruppe 1-30
2025-02-28 10:12:18,186 INFO o.a.j.t.JMeterThread: Thread started: Thread-Gruppe 1-31
2025-02-28 10:12:18,277 INFO o.a.j.t.JMeterThread: Thread started: Thread-Gruppe 2-9
2025-02-28 10:12:18,295 INFO o.a.j.t.JMeterThread: Thread started: Thread-Gruppe 3-3
2025-02-28 10:12:18,317 INFO o.a.j.t.JMeterThread: Thread started: Thread-Gruppe 1-32
2025-02-28 10:12:18,450 INFO o.a.j.t.JMeterThread: Thread started: Thread-Gruppe 1-33
2025-02-28 10:12:18,583 INFO o.a.j.t.JMeterThread: Thread started: Thread-Gruppe 1-34
2025-02-28 10:12:18,715 INFO o.a.j.t.JMeterThread: Thread started: Thread-Gruppe 1-35
2025-02-28 10:12:18,778 INFO o.a.j.t.JMeterThread: Thread started: Thread-Gruppe 2-10
2025-02-28 10:12:18,849 INFO o.a.j.t.JMeterThread: Thread started: Thread-Gruppe 1-36
2025-02-28 10:12:18,983 INFO o.a.j.t.JMeterThread: Thread started: Thread-Gruppe 1-37
2025-02-28 10:12:19,117 INFO o.a.j.t.JMeterThread: Thread started: Thread-Gruppe 1-38
2025-02-28 10:12:19,249 INFO o.a.j.t.JMeterThread: Thread started: Thread-Gruppe 1-39
2025-02-28 10:12:19,276 INFO o.a.j.t.JMeterThread: Thread started: Thread-Gruppe 2-11
2025-02-28 10:12:19,383 INFO o.a.j.t.JMeterThread: Thread started: Thread-Gruppe 1-40
2025-02-28 10:12:19,516 INFO o.a.j.t.JMeterThread: Thread started: Thread-Gruppe 1-41
2025-02-28 10:12:19,648 INFO o.a.j.t.JMeterThread: Thread started: Thread-Gruppe 1-42
2025-02-28 10:12:19,778 INFO o.a.j.t.JMeterThread: Thread started: Thread-Gruppe 2-12
2025-02-28 10:12:19,781 INFO o.a.j.t.JMeterThread: Thread started: Thread-Gruppe 1-43
2025-02-28 10:12:19,912 INFO o.a.j.t.JMeterThread: Thread started: Thread-Gruppe 1-44
2025-02-28 10:12:20,046 INFO o.a.j.t.JMeterThread: Thread started: Thread-Gruppe 1-45
2025-02-28 10:12:20,178 INFO o.a.j.t.JMeterThread: Thread started: Thread-Gruppe 1-46
2025-02-28 10:12:20,278 INFO o.a.j.t.JMeterThread: Thread started: Thread-Gruppe 2-13
2025-02-28 10:12:20,296 INFO o.a.j.t.JMeterThread: Thread started: Thread-Gruppe 3-4
2025-02-28 10:12:20,312 INFO o.a.j.t.JMeterThread: Thread started: Thread-Gruppe 1-47
2025-02-28 10:12:20,444 INFO o.a.j.t.JMeterThread: Thread started: Thread-Gruppe 1-48
2025-02-28 10:12:20,578 INFO o.a.j.t.JMeterThread: Thread started: Thread-Gruppe 1-49
2025-02-28 10:12:20,712 INFO o.a.j.t.JMeterThread: Thread started: Thread-Gruppe 1-50
2025-02-28 10:12:20,778 INFO o.a.j.t.JMeterThread: Thread started: Thread-Gruppe 2-14
2025-02-28 10:12:20,845 INFO o.a.j.t.JMeterThread: Thread started: Thread-Gruppe 1-51
2025-02-28 10:12:20,977 INFO o.a.j.t.JMeterThread: Thread started: Thread-Gruppe 1-52
2025-02-28 10:12:21,110 INFO o.a.j.t.JMeterThread: Thread started: Thread-Gruppe 1-53
2025-02-28 10:12:21,244 INFO o.a.j.t.JMeterThread: Thread started: Thread-Gruppe 1-54
2025-02-28 10:12:21,278 INFO o.a.j.t.JMeterThread: Thread started: Thread-Gruppe 2-15
2025-02-28 10:12:21,376 INFO o.a.j.t.JMeterThread: Thread started: Thread-Gruppe 1-55
2025-02-28 10:12:21,509 INFO o.a.j.t.JMeterThread: Thread started: Thread-Gruppe 1-56
2025-02-28 10:12:21,642 INFO o.a.j.t.JMeterThread: Thread started: Thread-Gruppe 1-57
2025-02-28 10:12:21,775 INFO o.a.j.t.JMeterThread: Thread started: Thread-Gruppe 1-58
2025-02-28 10:12:21,777 INFO o.a.j.t.JMeterThread: Thread started: Thread-Gruppe 2-16
2025-02-28 10:12:21,907 INFO o.a.j.t.JMeterThread: Thread started: Thread-Gruppe 1-59
2025-02-28 10:12:22,040 INFO o.a.j.t.JMeterThread: Thread started: Thread-Gruppe 1-60
2025-02-28 10:12:22,173 INFO o.a.j.t.JMeterThread: Thread started: Thread-Gruppe 1-61
2025-02-28 10:12:22,277 INFO o.a.j.t.JMeterThread: Thread started: Thread-Gruppe 2-17
2025-02-28 10:12:22,295 INFO o.a.j.t.JMeterThread: Thread started: Thread-Gruppe 3-5
2025-02-28 10:12:22,307 INFO o.a.j.t.JMeterThread: Thread started: Thread-Gruppe 1-62
2025-02-28 10:12:22,439 INFO o.a.j.t.JMeterThread: Thread started: Thread-Gruppe 1-63
2025-02-28 10:12:22,572 INFO o.a.j.t.JMeterThread: Thread started: Thread-Gruppe 1-64
2025-02-28 10:12:22,705 INFO o.a.j.t.JMeterThread: Thread started: Thread-Gruppe 1-65
2025-02-28 10:12:22,777 INFO o.a.j.t.JMeterThread: Thread started: Thread-Gruppe 2-18
2025-02-28 10:12:22,840 INFO o.a.j.t.JMeterThread: Thread started: Thread-Gruppe 1-66
2025-02-28 10:12:22,974 INFO o.a.j.t.JMeterThread: Thread started: Thread-Gruppe 1-67
2025-02-28 10:12:23,104 INFO o.a.j.t.JMeterThread: Thread started: Thread-Gruppe 1-68
2025-02-28 10:12:23,240 INFO o.a.j.t.JMeterThread: Thread started: Thread-Gruppe 1-69
2025-02-28 10:12:23,277 INFO o.a.j.t.JMeterThread: Thread started: Thread-Gruppe 2-19
2025-02-28 10:12:23,372 INFO o.a.j.t.JMeterThread: Thread started: Thread-Gruppe 1-70
2025-02-28 10:12:23,505 INFO o.a.j.t.JMeterThread: Thread started: Thread-Gruppe 1-71
2025-02-28 10:12:23,638 INFO o.a.j.t.JMeterThread: Thread started: Thread-Gruppe 1-72
2025-02-28 10:12:23,769 INFO o.a.j.t.JMeterThread: Thread started: Thread-Gruppe 1-73
2025-02-28 10:12:23,777 INFO o.a.j.t.JMeterThread: Thread started: Thread-Gruppe 2-20
2025-02-28 10:12:23,904 INFO o.a.j.t.JMeterThread: Thread started: Thread-Gruppe 1-74
2025-02-28 10:12:24,036 INFO o.a.j.t.JMeterThread: Thread started: Thread-Gruppe 1-75
2025-02-28 10:12:30,015 INFO o.a.j.r.Summariser: summary +    868 in 00:01:17 =   11.3/s Avg:   350 Min:   242 Max:   856 Err:     0 (0.00%) Active: 100 Started: 100 Finished: 0
2025-02-28 10:13:00,007 INFO o.a.j.r.Summariser: summary +   2287 in 00:00:30 =   76.3/s Avg:   333 Min:   242 Max:  1072 Err:     0 (0.00%) Active: 100 Started: 100 Finished: 0
2025-02-28 10:13:00,008 INFO o.a.j.r.Summariser: summary =   3155 in 00:01:47 =   29.6/s Avg:   338 Min:   242 Max:  1072 Err:     0 (0.00%)
2025-02-28 10:13:30,018 INFO o.a.j.r.Summariser: summary +   2279 in 00:00:30 =   75.9/s Avg:   358 Min:   242 Max:  1250 Err:     0 (0.00%) Active: 100 Started: 100 Finished: 0
2025-02-28 10:13:30,018 INFO o.a.j.r.Summariser: summary =   5434 in 00:02:17 =   39.8/s Avg:   346 Min:   242 Max:  1250 Err:     0 (0.00%)
2025-02-28 10:14:00,019 INFO o.a.j.r.Summariser: summary +   2290 in 00:00:30 =   76.3/s Avg:   328 Min:   243 Max:  1090 Err:     0 (0.00%) Active: 100 Started: 100 Finished: 0
2025-02-28 10:14:00,020 INFO o.a.j.r.Summariser: summary =   7724 in 00:02:47 =   46.4/s Avg:   341 Min:   242 Max:  1250 Err:     0 (0.00%)
2025-02-28 10:14:30,001 INFO o.a.j.r.Summariser: summary +   2280 in 00:00:30 =   76.0/s Avg:   357 Min:   243 Max:  1126 Err:     0 (0.00%) Active: 100 Started: 100 Finished: 0
2025-02-28 10:14:30,001 INFO o.a.j.r.Summariser: summary =  10004 in 00:03:17 =   50.9/s Avg:   345 Min:   242 Max:  1250 Err:     0 (0.00%)
2025-02-28 10:15:00,005 INFO o.a.j.r.Summariser: summary +   2296 in 00:00:30 =   76.5/s Avg:   328 Min:   243 Max:  1120 Err:     0 (0.00%) Active: 100 Started: 100 Finished: 0
2025-02-28 10:15:00,006 INFO o.a.j.r.Summariser: summary =  12300 in 00:03:47 =   54.3/s Avg:   341 Min:   242 Max:  1250 Err:     0 (0.00%)
2025-02-28 10:15:30,006 INFO o.a.j.r.Summariser: summary +   2282 in 00:00:30 =   76.1/s Avg:   352 Min:   242 Max:  1086 Err:     0 (0.00%) Active: 100 Started: 100 Finished: 0
2025-02-28 10:15:30,007 INFO o.a.j.r.Summariser: summary =  14582 in 00:04:17 =   56.8/s Avg:   343 Min:   242 Max:  1250 Err:     0 (0.00%)
2025-02-28 10:16:00,013 INFO o.a.j.r.Summariser: summary +   2294 in 00:00:30 =   76.4/s Avg:   331 Min:   242 Max:  1094 Err:     0 (0.00%) Active: 100 Started: 100 Finished: 0
2025-02-28 10:16:00,014 INFO o.a.j.r.Summariser: summary =  16876 in 00:04:47 =   58.9/s Avg:   342 Min:   242 Max:  1250 Err:     0 (0.00%)
2025-02-28 10:16:30,027 INFO o.a.j.r.Summariser: summary +   2283 in 00:00:30 =   76.1/s Avg:   339 Min:   242 Max:  1115 Err:     0 (0.00%) Active: 100 Started: 100 Finished: 0
2025-02-28 10:16:30,028 INFO o.a.j.r.Summariser: summary =  19159 in 00:05:17 =   60.5/s Avg:   341 Min:   242 Max:  1250 Err:     0 (0.00%)
2025-02-28 10:17:00,017 INFO o.a.j.r.Summariser: summary +   2286 in 00:00:30 =   76.2/s Avg:   335 Min:   242 Max:  1064 Err:     0 (0.00%) Active: 100 Started: 100 Finished: 0
2025-02-28 10:17:00,018 INFO o.a.j.r.Summariser: summary =  21445 in 00:05:47 =   61.9/s Avg:   341 Min:   242 Max:  1250 Err:     0 (0.00%)
2025-02-28 10:17:30,048 INFO o.a.j.r.Summariser: summary +   2286 in 00:00:30 =   76.1/s Avg:   351 Min:   243 Max:  1267 Err:     0 (0.00%) Active: 100 Started: 100 Finished: 0
2025-02-28 10:17:30,050 INFO o.a.j.r.Summariser: summary =  23731 in 00:06:17 =   63.0/s Avg:   342 Min:   242 Max:  1267 Err:     0 (0.00%)
2025-02-28 10:18:00,029 INFO o.a.j.r.Summariser: summary +   2286 in 00:00:30 =   76.3/s Avg:   338 Min:   242 Max:  1136 Err:     0 (0.00%) Active: 100 Started: 100 Finished: 0
2025-02-28 10:18:00,029 INFO o.a.j.r.Summariser: summary =  26017 in 00:06:47 =   64.0/s Avg:   341 Min:   242 Max:  1267 Err:     0 (0.00%)
2025-02-28 10:18:30,007 INFO o.a.j.r.Summariser: summary +   2280 in 00:00:30 =   76.1/s Avg:   354 Min:   243 Max:  1465 Err:     0 (0.00%) Active: 100 Started: 100 Finished: 0
2025-02-28 10:18:30,012 INFO o.a.j.r.Summariser: summary =  28297 in 00:07:17 =   64.8/s Avg:   342 Min:   242 Max:  1465 Err:     0 (0.00%)
2025-02-28 10:19:00,002 INFO o.a.j.r.Summariser: summary +   2288 in 00:00:30 =   76.3/s Avg:   327 Min:   242 Max:  1117 Err:     0 (0.00%) Active: 100 Started: 100 Finished: 0
2025-02-28 10:19:00,003 INFO o.a.j.r.Summariser: summary =  30585 in 00:07:47 =   65.6/s Avg:   341 Min:   242 Max:  1465 Err:     0 (0.00%)
2025-02-28 10:19:30,020 INFO o.a.j.r.Summariser: summary +   2287 in 00:00:30 =   76.2/s Avg:   346 Min:   242 Max:  1093 Err:     0 (0.00%) Active: 100 Started: 100 Finished: 0
2025-02-28 10:19:30,021 INFO o.a.j.r.Summariser: summary =  32872 in 00:08:17 =   66.2/s Avg:   342 Min:   242 Max:  1465 Err:     0 (0.00%)
2025-02-28 10:20:00,005 INFO o.a.j.r.Summariser: summary +   2283 in 00:00:30 =   76.1/s Avg:   338 Min:   243 Max:  1087 Err:     0 (0.00%) Active: 100 Started: 100 Finished: 0
2025-02-28 10:20:00,007 INFO o.a.j.r.Summariser: summary =  35155 in 00:08:47 =   66.8/s Avg:   341 Min:   242 Max:  1465 Err:     0 (0.00%)
2025-02-28 10:20:30,012 INFO o.a.j.r.Summariser: summary +   2295 in 00:00:30 =   76.5/s Avg:   337 Min:   243 Max:  1114 Err:     0 (0.00%) Active: 100 Started: 100 Finished: 0
2025-02-28 10:20:30,012 INFO o.a.j.r.Summariser: summary =  37450 in 00:09:17 =   67.3/s Avg:   341 Min:   242 Max:  1465 Err:     0 (0.00%)
2025-02-28 10:21:00,013 INFO o.a.j.r.Summariser: summary +   2282 in 00:00:30 =   76.1/s Avg:   346 Min:   242 Max:  1083 Err:     0 (0.00%) Active: 100 Started: 100 Finished: 0
2025-02-28 10:21:00,014 INFO o.a.j.r.Summariser: summary =  39732 in 00:09:47 =   67.7/s Avg:   341 Min:   242 Max:  1465 Err:     0 (0.00%)
2025-02-28 10:21:30,007 INFO o.a.j.r.Summariser: summary +   2287 in 00:00:30 =   76.2/s Avg:   334 Min:   241 Max:  1063 Err:     0 (0.00%) Active: 100 Started: 100 Finished: 0
2025-02-28 10:21:30,009 INFO o.a.j.r.Summariser: summary =  42019 in 00:10:17 =   68.1/s Avg:   341 Min:   241 Max:  1465 Err:     0 (0.00%)
2025-02-28 10:22:00,007 INFO o.a.j.r.Summariser: summary +   2290 in 00:00:30 =   76.3/s Avg:   350 Min:   242 Max:  1085 Err:     0 (0.00%) Active: 100 Started: 100 Finished: 0
2025-02-28 10:22:00,008 INFO o.a.j.r.Summariser: summary =  44309 in 00:10:47 =   68.5/s Avg:   341 Min:   241 Max:  1465 Err:     0 (0.00%)
2025-02-28 10:22:12,496 INFO o.a.j.t.JMeterThread: Thread finished: Thread-Gruppe 1-1
2025-02-28 10:22:12,568 INFO o.a.j.t.JMeterThread: Thread finished: Thread-Gruppe 1-47
2025-02-28 10:22:12,575 INFO o.a.j.t.JMeterThread: Thread finished: Thread-Gruppe 1-62
2025-02-28 10:22:12,586 INFO o.a.j.t.JMeterThread: Thread finished: Thread-Gruppe 1-2
2025-02-28 10:22:12,590 INFO o.a.j.t.JMeterThread: Thread finished: Thread-Gruppe 1-17
2025-02-28 10:22:12,698 INFO o.a.j.t.JMeterThread: Thread finished: Thread-Gruppe 1-48
2025-02-28 10:22:12,707 INFO o.a.j.t.JMeterThread: Thread finished: Thread-Gruppe 1-63
2025-02-28 10:22:12,714 INFO o.a.j.t.JMeterThread: Thread finished: Thread-Gruppe 1-18
2025-02-28 10:22:12,716 INFO o.a.j.t.JMeterThread: Thread finished: Thread-Gruppe 1-3
2025-02-28 10:22:12,833 INFO o.a.j.t.JMeterThread: Thread finished: Thread-Gruppe 1-49
2025-02-28 10:22:12,838 INFO o.a.j.t.JMeterThread: Thread finished: Thread-Gruppe 1-19
2025-02-28 10:22:12,845 INFO o.a.j.t.JMeterThread: Thread finished: Thread-Gruppe 1-64
2025-02-28 10:22:12,862 INFO o.a.j.t.JMeterThread: Thread finished: Thread-Gruppe 1-4
2025-02-28 10:22:12,966 INFO o.a.j.t.JMeterThread: Thread finished: Thread-Gruppe 1-65
2025-02-28 10:22:12,970 INFO o.a.j.t.JMeterThread: Thread finished: Thread-Gruppe 1-50
2025-02-28 10:22:12,979 INFO o.a.j.t.JMeterThread: Thread finished: Thread-Gruppe 1-20
2025-02-28 10:22:12,984 INFO o.a.j.t.JMeterThread: Thread finished: Thread-Gruppe 1-5
2025-02-28 10:22:13,099 INFO o.a.j.t.JMeterThread: Thread finished: Thread-Gruppe 1-32
2025-02-28 10:22:13,100 INFO o.a.j.t.JMeterThread: Thread finished: Thread-Gruppe 1-66
2025-02-28 10:22:13,103 INFO o.a.j.t.JMeterThread: Thread finished: Thread-Gruppe 1-51
2025-02-28 10:22:13,106 INFO o.a.j.t.JMeterThread: Thread finished: Thread-Gruppe 1-21
2025-02-28 10:22:13,116 INFO o.a.j.t.JMeterThread: Thread finished: Thread-Gruppe 1-6
2025-02-28 10:22:13,231 INFO o.a.j.t.JMeterThread: Thread finished: Thread-Gruppe 1-33
2025-02-28 10:22:13,232 INFO o.a.j.t.JMeterThread: Thread finished: Thread-Gruppe 1-67
2025-02-28 10:22:13,232 INFO o.a.j.t.JMeterThread: Thread finished: Thread-Gruppe 1-52
2025-02-28 10:22:13,238 INFO o.a.j.t.JMeterThread: Thread finished: Thread-Gruppe 1-22
2025-02-28 10:22:13,238 INFO o.a.j.t.JMeterThread: Thread finished: Thread-Gruppe 1-7
2025-02-28 10:22:13,362 INFO o.a.j.t.JMeterThread: Thread finished: Thread-Gruppe 1-68
2025-02-28 10:22:13,364 INFO o.a.j.t.JMeterThread: Thread finished: Thread-Gruppe 1-34
2025-02-28 10:22:13,364 INFO o.a.j.t.JMeterThread: Thread finished: Thread-Gruppe 1-53
2025-02-28 10:22:13,375 INFO o.a.j.t.JMeterThread: Thread finished: Thread-Gruppe 1-8
2025-02-28 10:22:13,375 INFO o.a.j.t.JMeterThread: Thread finished: Thread-Gruppe 1-23
2025-02-28 10:22:13,476 INFO o.a.j.t.JMeterThread: Thread finished: Thread-Gruppe 1-35
2025-02-28 10:22:13,491 INFO o.a.j.t.JMeterThread: Thread finished: Thread-Gruppe 1-69
2025-02-28 10:22:13,498 INFO o.a.j.t.JMeterThread: Thread finished: Thread-Gruppe 1-54
2025-02-28 10:22:13,510 INFO o.a.j.t.JMeterThread: Thread finished: Thread-Gruppe 1-9
2025-02-28 10:22:13,511 INFO o.a.j.t.JMeterThread: Thread finished: Thread-Gruppe 1-24
2025-02-28 10:22:13,616 INFO o.a.j.t.JMeterThread: Thread finished: Thread-Gruppe 1-36
2025-02-28 10:22:13,622 INFO o.a.j.t.JMeterThread: Thread finished: Thread-Gruppe 1-70
2025-02-28 10:22:13,622 INFO o.a.j.t.JMeterThread: Thread finished: Thread-Gruppe 1-55
2025-02-28 10:22:13,668 INFO o.a.j.t.JMeterThread: Thread finished: Thread-Gruppe 1-25
2025-02-28 10:22:13,672 INFO o.a.j.t.JMeterThread: Thread finished: Thread-Gruppe 1-10
2025-02-28 10:22:13,752 INFO o.a.j.t.JMeterThread: Thread finished: Thread-Gruppe 1-37
2025-02-28 10:22:13,752 INFO o.a.j.t.JMeterThread: Thread finished: Thread-Gruppe 1-71
2025-02-28 10:22:13,753 INFO o.a.j.t.JMeterThread: Thread finished: Thread-Gruppe 1-56
2025-02-28 10:22:13,775 INFO o.a.j.t.JMeterThread: Thread finished: Thread-Gruppe 1-26
2025-02-28 10:22:13,778 INFO o.a.j.t.JMeterThread: Thread finished: Thread-Gruppe 1-11
2025-02-28 10:22:13,861 INFO o.a.j.t.JMeterThread: Thread finished: Thread-Gruppe 1-38
2025-02-28 10:22:13,914 INFO o.a.j.t.JMeterThread: Thread finished: Thread-Gruppe 1-57
2025-02-28 10:22:13,919 INFO o.a.j.t.JMeterThread: Thread finished: Thread-Gruppe 1-27
2025-02-28 10:22:13,921 INFO o.a.j.t.JMeterThread: Thread finished: Thread-Gruppe 1-12
2025-02-28 10:22:13,931 INFO o.a.j.t.JMeterThread: Thread finished: Thread-Gruppe 2-4
2025-02-28 10:22:13,931 INFO o.a.j.t.JMeterThread: Thread finished: Thread-Gruppe 2-6
2025-02-28 10:22:13,932 INFO o.a.j.t.JMeterThread: Thread finished: Thread-Gruppe 2-13
2025-02-28 10:22:13,932 INFO o.a.j.t.JMeterThread: Thread finished: Thread-Gruppe 1-72
2025-02-28 10:22:13,943 INFO o.a.j.t.JMeterThread: Thread finished: Thread-Gruppe 2-17
2025-02-28 10:22:13,948 INFO o.a.j.t.JMeterThread: Thread finished: Thread-Gruppe 2-14
2025-02-28 10:22:14,014 INFO o.a.j.t.JMeterThread: Thread finished: Thread-Gruppe 1-39
2025-02-28 10:22:14,020 INFO o.a.j.t.JMeterThread: Thread finished: Thread-Gruppe 1-58
2025-02-28 10:22:14,025 INFO o.a.j.t.JMeterThread: Thread finished: Thread-Gruppe 1-73
2025-02-28 10:22:14,041 INFO o.a.j.t.JMeterThread: Thread finished: Thread-Gruppe 1-28
2025-02-28 10:22:14,041 INFO o.a.j.t.JMeterThread: Thread finished: Thread-Gruppe 1-13
2025-02-28 10:22:14,103 INFO o.a.j.t.JMeterThread: Thread finished: Thread-Gruppe 2-9
2025-02-28 10:22:14,117 INFO o.a.j.t.JMeterThread: Thread finished: Thread-Gruppe 2-11
2025-02-28 10:22:14,124 INFO o.a.j.t.JMeterThread: Thread finished: Thread-Gruppe 2-2
2025-02-28 10:22:14,132 INFO o.a.j.t.JMeterThread: Thread finished: Thread-Gruppe 2-7
2025-02-28 10:22:14,136 INFO o.a.j.t.JMeterThread: Thread finished: Thread-Gruppe 2-16
2025-02-28 10:22:14,137 INFO o.a.j.t.JMeterThread: Thread finished: Thread-Gruppe 2-15
2025-02-28 10:22:14,137 INFO o.a.j.t.JMeterThread: Thread finished: Thread-Gruppe 2-5
2025-02-28 10:22:14,151 INFO o.a.j.t.JMeterThread: Thread finished: Thread-Gruppe 2-12
2025-02-28 10:22:14,162 INFO o.a.j.t.JMeterThread: Thread finished: Thread-Gruppe 1-59
2025-02-28 10:22:14,167 INFO o.a.j.t.JMeterThread: Thread finished: Thread-Gruppe 1-74
2025-02-28 10:22:14,173 INFO o.a.j.t.JMeterThread: Thread finished: Thread-Gruppe 3-3
2025-02-28 10:22:14,173 INFO o.a.j.t.JMeterThread: Thread finished: Thread-Gruppe 1-14
2025-02-28 10:22:14,173 INFO o.a.j.t.JMeterThread: Thread finished: Thread-Gruppe 1-29
2025-02-28 10:22:14,182 INFO o.a.j.t.JMeterThread: Thread finished: Thread-Gruppe 1-40
2025-02-28 10:22:14,184 INFO o.a.j.t.JMeterThread: Thread finished: Thread-Gruppe 2-19
2025-02-28 10:22:14,231 INFO o.a.j.t.JMeterThread: Thread finished: Thread-Gruppe 2-3
2025-02-28 10:22:14,231 INFO o.a.j.t.JMeterThread: Thread finished: Thread-Gruppe 2-18
2025-02-28 10:22:14,278 INFO o.a.j.t.JMeterThread: Stopping because end time detected by thread: Thread-Gruppe 1-41
2025-02-28 10:22:14,278 INFO o.a.j.t.JMeterThread: Thread finished: Thread-Gruppe 1-41
2025-02-28 10:22:14,278 INFO o.a.j.t.JMeterThread: Stopping because end time detected by thread: Thread-Gruppe 1-75
2025-02-28 10:22:14,278 INFO o.a.j.t.JMeterThread: Thread finished: Thread-Gruppe 1-75
2025-02-28 10:22:14,294 INFO o.a.j.t.JMeterThread: Stopping because end time detected by thread: Thread-Gruppe 1-60
2025-02-28 10:22:14,294 INFO o.a.j.t.JMeterThread: Thread finished: Thread-Gruppe 1-60
2025-02-28 10:22:14,310 INFO o.a.j.t.JMeterThread: Stopping because end time detected by thread: Thread-Gruppe 1-15
2025-02-28 10:22:14,310 INFO o.a.j.t.JMeterThread: Stopping because end time detected by thread: Thread-Gruppe 1-30
2025-02-28 10:22:14,318 INFO o.a.j.t.JMeterThread: Thread finished: Thread-Gruppe 1-15
2025-02-28 10:22:14,318 INFO o.a.j.t.JMeterThread: Thread finished: Thread-Gruppe 1-30
2025-02-28 10:22:14,366 INFO o.a.j.t.JMeterThread: Stopping because end time detected by thread: Thread-Gruppe 2-20
2025-02-28 10:22:14,366 INFO o.a.j.t.JMeterThread: Thread finished: Thread-Gruppe 2-20
2025-02-28 10:22:14,382 INFO o.a.j.t.JMeterThread: Stopping because end time detected by thread: Thread-Gruppe 1-42
2025-02-28 10:22:14,382 INFO o.a.j.t.JMeterThread: Thread finished: Thread-Gruppe 1-42
2025-02-28 10:22:14,415 INFO o.a.j.t.JMeterThread: Stopping because end time detected by thread: Thread-Gruppe 3-2
2025-02-28 10:22:14,415 INFO o.a.j.t.JMeterThread: Thread finished: Thread-Gruppe 3-2
2025-02-28 10:22:14,427 INFO o.a.j.t.JMeterThread: Stopping because end time detected by thread: Thread-Gruppe 1-61
2025-02-28 10:22:14,427 INFO o.a.j.t.JMeterThread: Thread finished: Thread-Gruppe 1-61
2025-02-28 10:22:14,430 INFO o.a.j.t.JMeterThread: Stopping because end time detected by thread: Thread-Gruppe 1-16
2025-02-28 10:22:14,430 INFO o.a.j.t.JMeterThread: Thread finished: Thread-Gruppe 1-16
2025-02-28 10:22:14,446 INFO o.a.j.t.JMeterThread: Stopping because end time detected by thread: Thread-Gruppe 1-31
2025-02-28 10:22:14,446 INFO o.a.j.t.JMeterThread: Thread finished: Thread-Gruppe 1-31
2025-02-28 10:22:14,462 INFO o.a.j.t.JMeterThread: Stopping because end time detected by thread: Thread-Gruppe 2-1
2025-02-28 10:22:14,462 INFO o.a.j.t.JMeterThread: Thread finished: Thread-Gruppe 2-1
2025-02-28 10:22:14,478 INFO o.a.j.t.JMeterThread: Stopping because end time detected by thread: Thread-Gruppe 3-4
2025-02-28 10:22:14,478 INFO o.a.j.t.JMeterThread: Thread finished: Thread-Gruppe 3-4
2025-02-28 10:22:14,478 INFO o.a.j.t.JMeterThread: Stopping because end time detected by thread: Thread-Gruppe 3-1
2025-02-28 10:22:14,478 INFO o.a.j.t.JMeterThread: Thread finished: Thread-Gruppe 3-1
2025-02-28 10:22:14,558 INFO o.a.j.t.JMeterThread: Stopping because end time detected by thread: Thread-Gruppe 1-43
2025-02-28 10:22:14,558 INFO o.a.j.t.JMeterThread: Thread finished: Thread-Gruppe 1-43
2025-02-28 10:22:14,637 INFO o.a.j.t.JMeterThread: Stopping because end time detected by thread: Thread-Gruppe 1-44
2025-02-28 10:22:14,637 INFO o.a.j.t.JMeterThread: Thread finished: Thread-Gruppe 1-44
2025-02-28 10:22:14,766 INFO o.a.j.t.JMeterThread: Stopping because end time detected by thread: Thread-Gruppe 2-8
2025-02-28 10:22:14,766 INFO o.a.j.t.JMeterThread: Thread finished: Thread-Gruppe 2-8
2025-02-28 10:22:14,835 INFO o.a.j.t.JMeterThread: Stopping because end time detected by thread: Thread-Gruppe 1-45
2025-02-28 10:22:14,835 INFO o.a.j.t.JMeterThread: Thread finished: Thread-Gruppe 1-45
2025-02-28 10:22:14,843 INFO o.a.j.t.JMeterThread: Stopping because end time detected by thread: Thread-Gruppe 2-10
2025-02-28 10:22:14,843 INFO o.a.j.t.JMeterThread: Thread finished: Thread-Gruppe 2-10
2025-02-28 10:22:14,912 INFO o.a.j.t.JMeterThread: Stopping because end time detected by thread: Thread-Gruppe 1-46
2025-02-28 10:22:14,912 INFO o.a.j.t.JMeterThread: Thread finished: Thread-Gruppe 1-46
2025-02-28 10:22:14,977 INFO o.a.j.t.JMeterThread: Stopping because end time detected by thread: Thread-Gruppe 3-5
2025-02-28 10:22:14,977 INFO o.a.j.t.JMeterThread: Thread finished: Thread-Gruppe 3-5
2025-02-28 10:22:14,979 INFO o.a.j.e.StandardJMeterEngine: Notifying test listeners of end of test
2025-02-28 10:22:14,985 INFO o.a.j.r.Summariser: summary +   1111 in 00:00:15 =   74.2/s Avg:   318 Min:   243 Max:  1140 Err:     0 (0.00%) Active: 0 Started: 100 Finished: 100
2025-02-28 10:22:14,985 INFO o.a.j.r.Summariser: summary =  45420 in 00:11:02 =   68.7/s Avg:   341 Min:   241 Max:  1465 Err:     0 (0.00%)
