2025-02-27 10:08:27,143 INFO o.a.j.u.JMeterUtils: Setting Locale to en_EN
2025-02-27 10:08:27,168 INFO o.a.j.JMeter: Loading user properties from: D:\Semester 7\CS4203 - Research and Development Project\Artifacts\apache-jmeter-5.6.3\bin\user.properties
2025-02-27 10:08:27,168 INFO o.a.j.JMeter: Loading system properties from: D:\Semester 7\CS4203 - Research and Development Project\Artifacts\apache-jmeter-5.6.3\bin\system.properties
2025-02-27 10:08:27,168 INFO o.a.j.JMeter: Setting JMeter property: lb_1_hostname=34.67.126.244
2025-02-27 10:08:27,168 INFO o.a.j.JMeter: Setting JMeter property: lb_2_hostname=35.232.62.106
2025-02-27 10:08:27,168 INFO o.a.j.JMeter: Setting JMeter property: lb_1_port=8090
2025-02-27 10:08:27,168 INFO o.a.j.JMeter: Setting JMeter property: lb_2_port=8091
2025-02-27 10:08:27,168 INFO o.a.j.JMeter: Setting JMeter property: warm_up_users=20
2025-02-27 10:08:27,168 INFO o.a.j.JMeter: Setting JMeter property: warm_up_time=60
2025-02-27 10:08:27,168 INFO o.a.j.JMeter: Setting JMeter property: test_run_time=600
2025-02-27 10:08:27,168 INFO o.a.j.JMeter: Setting JMeter property: ramp_up=10
2025-02-27 10:08:27,168 INFO o.a.j.JMeter: Setting JMeter property: group_1=75
2025-02-27 10:08:27,168 INFO o.a.j.JMeter: Setting JMeter property: group_2=20
2025-02-27 10:08:27,168 INFO o.a.j.JMeter: Setting JMeter property: group_3=5
2025-02-27 10:08:27,168 INFO o.a.j.JMeter: Setting JMeter property: group_1_request_rate=30
2025-02-27 10:08:27,168 INFO o.a.j.JMeter: Setting JMeter property: group_2_request_rate=90
2025-02-27 10:08:27,168 INFO o.a.j.JMeter: Setting JMeter property: group_3_request_rate=120
2025-02-27 10:08:27,168 INFO o.a.j.JMeter: Setting JMeter property: log_file=d:\Semester 7\CS4203 - Research and Development Project\Artifacts\rate-limiter-nginx\jmeter\cloud\2025_02_27_09_12_logs\leaky_bucket\mysql_script_delay_3000_leak_rate_1.67\warm_up_results.csv
2025-02-27 10:08:27,168 INFO o.a.j.JMeter: Setting JMeter property: algorithm=leaky_bucket_mysql_script_delay_3000_leak_rate_1.67
2025-02-27 10:08:27,176 INFO o.a.j.JMeter: Setting JMeter property: auth=/leaky_bucket/mysql_script_delay_3000_leak_rate_1.67/tools.descartes.teastore.auth/rest
2025-02-27 10:08:27,176 INFO o.a.j.JMeter: Setting JMeter property: persistence=/leaky_bucket/mysql_script_delay_3000_leak_rate_1.67/tools.descartes.teastore.persistence/rest
2025-02-27 10:08:27,176 INFO o.a.j.JMeter: Setting JMeter property: recommender=/leaky_bucket/mysql_script_delay_3000_leak_rate_1.67/tools.descartes.teastore.recommender/rest
2025-02-27 10:08:27,176 INFO o.a.j.JMeter: Setting JMeter property: image=/leaky_bucket/mysql_script_delay_3000_leak_rate_1.67/tools.descartes.teastore.image/rest
2025-02-27 10:08:27,176 INFO o.a.j.JMeter: Copyright (c) 1998-2024 The Apache Software Foundation
2025-02-27 10:08:27,176 INFO o.a.j.JMeter: Version 5.6.3
2025-02-27 10:08:27,176 INFO o.a.j.JMeter: java.version=11.0.22
2025-02-27 10:08:27,176 INFO o.a.j.JMeter: java.vm.name=Java HotSpot(TM) 64-Bit Server VM
2025-02-27 10:08:27,176 INFO o.a.j.JMeter: os.name=Windows 10
2025-02-27 10:08:27,176 INFO o.a.j.JMeter: os.arch=amd64
2025-02-27 10:08:27,176 INFO o.a.j.JMeter: os.version=10.0
2025-02-27 10:08:27,176 INFO o.a.j.JMeter: file.encoding=Cp1252
2025-02-27 10:08:27,176 INFO o.a.j.JMeter: java.awt.headless=true
2025-02-27 10:08:27,184 INFO o.a.j.JMeter: Max memory     =1073741824
2025-02-27 10:08:27,184 INFO o.a.j.JMeter: Available Processors =12
2025-02-27 10:08:27,201 INFO o.a.j.JMeter: Default Locale=English (EN)
2025-02-27 10:08:27,201 INFO o.a.j.JMeter: JMeter  Locale=English (EN)
2025-02-27 10:08:27,201 INFO o.a.j.JMeter: JMeterHome=D:\Semester 7\CS4203 - Research and Development Project\Artifacts\apache-jmeter-5.6.3
2025-02-27 10:08:27,201 INFO o.a.j.JMeter: user.dir  =D:\Semester 7\CS4203 - Research and Development Project\Artifacts\rate-limiter-nginx
2025-02-27 10:08:27,201 INFO o.a.j.JMeter: PWD       =D:\Semester 7\CS4203 - Research and Development Project\Artifacts\rate-limiter-nginx
2025-02-27 10:08:27,201 INFO o.a.j.JMeter: IP: 10.10.21.101 Name: KOBI-MSI-PC FullName: 10.10.21.101
2025-02-27 10:08:27,226 INFO o.a.j.s.FileServer: Default base='D:\Semester 7\CS4203 - Research and Development Project\Artifacts\rate-limiter-nginx'
2025-02-27 10:08:27,226 INFO o.a.j.s.FileServer: Set new base='d:\Semester 7\CS4203 - Research and Development Project\Artifacts\rate-limiter-nginx\jmeter\cloud'
2025-02-27 10:08:27,459 INFO o.a.j.s.SaveService: Testplan (JMX) version: 2.2. Testlog (JTL) version: 2.2
2025-02-27 10:08:27,493 INFO o.a.j.s.SaveService: Using SaveService properties version 5.0
2025-02-27 10:08:27,493 INFO o.a.j.s.SaveService: Using SaveService properties file encoding UTF-8
2025-02-27 10:08:27,501 INFO o.a.j.s.SaveService: Loading file: d:\Semester 7\CS4203 - Research and Development Project\Artifacts\rate-limiter-nginx\jmeter\cloud\teastore_performance_leaky_bucket.jmx
2025-02-27 10:08:27,604 INFO o.a.j.p.h.c.CookieManager: Settings: Delete null: true Check: true Allow variable: true Save: false Prefix: COOKIE_
2025-02-27 10:08:27,619 INFO o.a.j.p.h.s.HTTPSamplerBase: Parser for text/html is org.apache.jmeter.protocol.http.parser.LagartoBasedHtmlParser
2025-02-27 10:08:27,619 INFO o.a.j.p.h.s.HTTPSamplerBase: Parser for application/xhtml+xml is org.apache.jmeter.protocol.http.parser.LagartoBasedHtmlParser
2025-02-27 10:08:27,619 INFO o.a.j.p.h.s.HTTPSamplerBase: Parser for application/xml is org.apache.jmeter.protocol.http.parser.LagartoBasedHtmlParser
2025-02-27 10:08:27,619 INFO o.a.j.p.h.s.HTTPSamplerBase: Parser for text/xml is org.apache.jmeter.protocol.http.parser.LagartoBasedHtmlParser
2025-02-27 10:08:27,619 INFO o.a.j.p.h.s.HTTPSamplerBase: Parser for text/vnd.wap.wml is org.apache.jmeter.protocol.http.parser.RegexpHTMLParser
2025-02-27 10:08:27,619 INFO o.a.j.p.h.s.HTTPSamplerBase: Parser for text/css is org.apache.jmeter.protocol.http.parser.CssParser
2025-02-27 10:08:27,829 INFO o.a.j.s.SampleResult: Note: Sample TimeStamps are START times
2025-02-27 10:08:27,829 INFO o.a.j.s.SampleResult: sampleresult.default.encoding is set to UTF-8
2025-02-27 10:08:27,829 INFO o.a.j.s.SampleResult: sampleresult.useNanoTime=true
2025-02-27 10:08:27,829 INFO o.a.j.s.SampleResult: sampleresult.nanoThreadSleep=5000
2025-02-27 10:08:27,892 INFO o.a.j.JMeter: Creating summariser <summary>
2025-02-27 10:08:27,922 INFO o.a.j.e.StandardJMeterEngine: Running the test!
2025-02-27 10:08:27,923 INFO o.a.j.s.SampleEvent: List of sample_variables: []
2025-02-27 10:08:27,923 INFO o.a.j.s.SampleEvent: List of sample_variables: []
2025-02-27 10:08:27,937 INFO o.a.j.e.u.CompoundVariable: Note: Function class names must contain the string: '.functions.'
2025-02-27 10:08:27,937 INFO o.a.j.e.u.CompoundVariable: Note: Function class names must not contain the string: '.gui.'
2025-02-27 10:08:28,266 INFO o.a.j.r.ClassFinder: Will scan jar D:\Semester 7\CS4203 - Research and Development Project\Artifacts\apache-jmeter-5.6.3\lib\ext\jmeter-plugins-casutg-2.10.jar with filter ExtendsClassFilter [parents=[interface org.apache.jmeter.functions.Function], inner=false, contains=null, notContains=null]. Consider exposing JMeter plugins via META-INF/services, and add JMeter-Skip-Class-Scanning=true manifest attribute so JMeter can skip classfile scanning
2025-02-27 10:08:28,284 INFO o.a.j.r.ClassFinder: Will scan jar D:\Semester 7\CS4203 - Research and Development Project\Artifacts\apache-jmeter-5.6.3\lib\ext\jmeter-plugins-graphs-additional-2.0.jar with filter ExtendsClassFilter [parents=[interface org.apache.jmeter.functions.Function], inner=false, contains=null, notContains=null]. Consider exposing JMeter plugins via META-INF/services, and add JMeter-Skip-Class-Scanning=true manifest attribute so JMeter can skip classfile scanning
2025-02-27 10:08:28,290 INFO o.a.j.r.ClassFinder: Will scan jar D:\Semester 7\CS4203 - Research and Development Project\Artifacts\apache-jmeter-5.6.3\lib\ext\jmeter-plugins-perfmon-2.1.jar with filter ExtendsClassFilter [parents=[interface org.apache.jmeter.functions.Function], inner=false, contains=null, notContains=null]. Consider exposing JMeter plugins via META-INF/services, and add JMeter-Skip-Class-Scanning=true manifest attribute so JMeter can skip classfile scanning
2025-02-27 10:08:28,303 INFO o.a.j.r.ClassFinder: Will scan jar D:\Semester 7\CS4203 - Research and Development Project\Artifacts\apache-jmeter-5.6.3\lib\ext\json-lib-2.4-jdk15.jar with filter ExtendsClassFilter [parents=[interface org.apache.jmeter.functions.Function], inner=false, contains=null, notContains=null]. Consider exposing JMeter plugins via META-INF/services, and add JMeter-Skip-Class-Scanning=true manifest attribute so JMeter can skip classfile scanning
2025-02-27 10:08:28,328 INFO o.a.j.r.ClassFinder: Will scan jar D:\Semester 7\CS4203 - Research and Development Project\Artifacts\apache-jmeter-5.6.3\lib\ext\perfmon-2.2.2.jar with filter ExtendsClassFilter [parents=[interface org.apache.jmeter.functions.Function], inner=false, contains=null, notContains=null]. Consider exposing JMeter plugins via META-INF/services, and add JMeter-Skip-Class-Scanning=true manifest attribute so JMeter can skip classfile scanning
2025-02-27 10:08:28,342 INFO o.a.j.r.ClassFinder: Will scan jar D:\Semester 7\CS4203 - Research and Development Project\Artifacts\apache-jmeter-5.6.3\lib\ext\jmeter-plugins-manager-1.10.jar with filter ExtendsClassFilter [parents=[interface org.apache.jmeter.functions.Function], inner=false, contains=null, notContains=null]. Consider exposing JMeter plugins via META-INF/services, and add JMeter-Skip-Class-Scanning=true manifest attribute so JMeter can skip classfile scanning
2025-02-27 10:08:28,445 INFO o.a.j.r.ClassFinder: Will scan jar D:\Semester 7\CS4203 - Research and Development Project\Artifacts\apache-jmeter-5.6.3\lib\ext\jmeter-plugins-graphs-vs-2.0.jar with filter ExtendsClassFilter [parents=[interface org.apache.jmeter.functions.Function], inner=false, contains=null, notContains=null]. Consider exposing JMeter plugins via META-INF/services, and add JMeter-Skip-Class-Scanning=true manifest attribute so JMeter can skip classfile scanning
2025-02-27 10:08:28,445 INFO o.a.j.r.ClassFinder: Will scan jar D:\Semester 7\CS4203 - Research and Development Project\Artifacts\apache-jmeter-5.6.3\lib\ext\jmeter-parallel-0.12.jar with filter ExtendsClassFilter [parents=[interface org.apache.jmeter.functions.Function], inner=false, contains=null, notContains=null]. Consider exposing JMeter plugins via META-INF/services, and add JMeter-Skip-Class-Scanning=true manifest attribute so JMeter can skip classfile scanning
2025-02-27 10:08:28,445 INFO o.a.j.r.ClassFinder: Will scan jar D:\Semester 7\CS4203 - Research and Development Project\Artifacts\apache-jmeter-5.6.3\lib\ext\jmeter-plugins-tst-2.6.jar with filter ExtendsClassFilter [parents=[interface org.apache.jmeter.functions.Function], inner=false, contains=null, notContains=null]. Consider exposing JMeter plugins via META-INF/services, and add JMeter-Skip-Class-Scanning=true manifest attribute so JMeter can skip classfile scanning
2025-02-27 10:08:28,460 INFO o.a.j.r.ClassFinder: Will scan jar D:\Semester 7\CS4203 - Research and Development Project\Artifacts\apache-jmeter-5.6.3\lib\ext\jmeter-prometheus-plugin-0.6.0.jar with filter ExtendsClassFilter [parents=[interface org.apache.jmeter.functions.Function], inner=false, contains=null, notContains=null]. Consider exposing JMeter plugins via META-INF/services, and add JMeter-Skip-Class-Scanning=true manifest attribute so JMeter can skip classfile scanning
2025-02-27 10:08:28,475 INFO o.a.j.r.ClassFinder: Will scan jar D:\Semester 7\CS4203 - Research and Development Project\Artifacts\apache-jmeter-5.6.3\lib\ext\jmeter-plugins-graphs-basic-2.0.jar with filter ExtendsClassFilter [parents=[interface org.apache.jmeter.functions.Function], inner=false, contains=null, notContains=null]. Consider exposing JMeter plugins via META-INF/services, and add JMeter-Skip-Class-Scanning=true manifest attribute so JMeter can skip classfile scanning
2025-02-27 10:08:28,935 INFO o.a.j.JMeter: Running test (1740631108935)
2025-02-27 10:08:28,935 INFO o.a.j.e.StandardJMeterEngine: Starting setUp thread groups
2025-02-27 10:08:28,935 INFO o.a.j.e.StandardJMeterEngine: Starting setUp ThreadGroup: 1 : setUp Thread Group 
2025-02-27 10:08:28,935 INFO o.a.j.e.StandardJMeterEngine: Starting 20 threads for group setUp Thread Group.
2025-02-27 10:08:28,935 INFO o.a.j.e.StandardJMeterEngine: Thread will continue on error
2025-02-27 10:08:28,935 INFO o.a.j.t.ThreadGroup: Starting thread group... number=1 threads=20 ramp-up=10 delayedStart=false
2025-02-27 10:08:28,965 INFO o.a.j.t.JMeterThread: Thread started: setUp Thread Group 1-1
2025-02-27 10:08:29,008 INFO o.a.j.t.ThreadGroup: Started thread group number 1
2025-02-27 10:08:29,008 INFO o.a.j.e.StandardJMeterEngine: Waiting for all setup thread groups to exit
2025-02-27 10:08:29,452 INFO o.a.j.t.JMeterThread: Thread started: setUp Thread Group 1-2
2025-02-27 10:08:29,954 INFO o.a.j.t.JMeterThread: Thread started: setUp Thread Group 1-3
2025-02-27 10:08:30,049 INFO o.a.j.p.h.s.HTTPHCAbstractImpl: Local host = KOBI-MSI-PC
2025-02-27 10:08:30,056 INFO o.a.j.p.h.s.HTTPHC4Impl: HTTP request retry count = 0
2025-02-27 10:08:30,456 INFO o.a.j.t.JMeterThread: Thread started: setUp Thread Group 1-4
2025-02-27 10:08:30,943 INFO o.a.j.t.JMeterThread: Thread started: setUp Thread Group 1-5
2025-02-27 10:08:31,443 INFO o.a.j.t.JMeterThread: Thread started: setUp Thread Group 1-6
2025-02-27 10:08:31,941 INFO o.a.j.t.JMeterThread: Thread started: setUp Thread Group 1-7
2025-02-27 10:08:32,441 INFO o.a.j.t.JMeterThread: Thread started: setUp Thread Group 1-8
2025-02-27 10:08:32,940 INFO o.a.j.t.JMeterThread: Thread started: setUp Thread Group 1-9
2025-02-27 10:08:33,439 INFO o.a.j.t.JMeterThread: Thread started: setUp Thread Group 1-10
2025-02-27 10:08:33,940 INFO o.a.j.t.JMeterThread: Thread started: setUp Thread Group 1-11
2025-02-27 10:08:34,442 INFO o.a.j.t.JMeterThread: Thread started: setUp Thread Group 1-12
2025-02-27 10:08:34,954 INFO o.a.j.t.JMeterThread: Thread started: setUp Thread Group 1-13
2025-02-27 10:08:35,442 INFO o.a.j.t.JMeterThread: Thread started: setUp Thread Group 1-14
2025-02-27 10:08:35,941 INFO o.a.j.t.JMeterThread: Thread started: setUp Thread Group 1-15
2025-02-27 10:08:36,441 INFO o.a.j.t.JMeterThread: Thread started: setUp Thread Group 1-16
2025-02-27 10:08:36,939 INFO o.a.j.t.JMeterThread: Thread started: setUp Thread Group 1-17
2025-02-27 10:08:37,448 INFO o.a.j.t.JMeterThread: Thread started: setUp Thread Group 1-18
2025-02-27 10:08:37,943 INFO o.a.j.t.JMeterThread: Thread started: setUp Thread Group 1-19
2025-02-27 10:08:38,441 INFO o.a.j.t.JMeterThread: Thread started: setUp Thread Group 1-20
2025-02-27 10:09:28,947 INFO o.a.j.t.JMeterThread: Thread finished: setUp Thread Group 1-10
2025-02-27 10:09:28,962 INFO o.a.j.t.JMeterThread: Stopping because end time detected by thread: setUp Thread Group 1-2
2025-02-27 10:09:28,962 INFO o.a.j.t.JMeterThread: Thread finished: setUp Thread Group 1-2
2025-02-27 10:09:28,977 INFO o.a.j.t.JMeterThread: Stopping because end time detected by thread: setUp Thread Group 1-4
2025-02-27 10:09:28,977 INFO o.a.j.t.JMeterThread: Thread finished: setUp Thread Group 1-4
2025-02-27 10:09:29,022 INFO o.a.j.t.JMeterThread: Stopping because end time detected by thread: setUp Thread Group 1-11
2025-02-27 10:09:29,022 INFO o.a.j.t.JMeterThread: Thread finished: setUp Thread Group 1-11
2025-02-27 10:09:29,217 INFO o.a.j.t.JMeterThread: Stopping because end time detected by thread: setUp Thread Group 1-18
2025-02-27 10:09:29,217 INFO o.a.j.t.JMeterThread: Thread finished: setUp Thread Group 1-18
2025-02-27 10:09:29,449 INFO o.a.j.t.JMeterThread: Stopping because end time detected by thread: setUp Thread Group 1-9
2025-02-27 10:09:29,449 INFO o.a.j.t.JMeterThread: Thread finished: setUp Thread Group 1-9
2025-02-27 10:09:29,449 INFO o.a.j.t.JMeterThread: Stopping because end time detected by thread: setUp Thread Group 1-17
2025-02-27 10:09:29,449 INFO o.a.j.t.JMeterThread: Thread finished: setUp Thread Group 1-17
2025-02-27 10:09:29,449 INFO o.a.j.t.JMeterThread: Stopping because end time detected by thread: setUp Thread Group 1-5
2025-02-27 10:09:29,449 INFO o.a.j.t.JMeterThread: Thread finished: setUp Thread Group 1-5
2025-02-27 10:09:29,449 INFO o.a.j.t.JMeterThread: Stopping because end time detected by thread: setUp Thread Group 1-3
2025-02-27 10:09:29,449 INFO o.a.j.t.JMeterThread: Thread finished: setUp Thread Group 1-3
2025-02-27 10:09:29,449 INFO o.a.j.t.JMeterThread: Stopping because end time detected by thread: setUp Thread Group 1-15
2025-02-27 10:09:29,449 INFO o.a.j.t.JMeterThread: Thread finished: setUp Thread Group 1-15
2025-02-27 10:09:29,449 INFO o.a.j.t.JMeterThread: Stopping because end time detected by thread: setUp Thread Group 1-7
2025-02-27 10:09:29,449 INFO o.a.j.t.JMeterThread: Thread finished: setUp Thread Group 1-7
2025-02-27 10:09:29,479 INFO o.a.j.t.JMeterThread: Stopping because end time detected by thread: setUp Thread Group 1-12
2025-02-27 10:09:29,479 INFO o.a.j.t.JMeterThread: Thread finished: setUp Thread Group 1-12
2025-02-27 10:09:29,705 INFO o.a.j.t.JMeterThread: Stopping because end time detected by thread: setUp Thread Group 1-19
2025-02-27 10:09:29,705 INFO o.a.j.t.JMeterThread: Thread finished: setUp Thread Group 1-19
2025-02-27 10:09:29,720 INFO o.a.j.t.JMeterThread: Stopping because end time detected by thread: setUp Thread Group 1-1
2025-02-27 10:09:29,720 INFO o.a.j.t.JMeterThread: Thread finished: setUp Thread Group 1-1
2025-02-27 10:09:29,948 INFO o.a.j.t.JMeterThread: Stopping because end time detected by thread: setUp Thread Group 1-8
2025-02-27 10:09:29,948 INFO o.a.j.t.JMeterThread: Stopping because end time detected by thread: setUp Thread Group 1-16
2025-02-27 10:09:29,948 INFO o.a.j.t.JMeterThread: Thread finished: setUp Thread Group 1-8
2025-02-27 10:09:29,948 INFO o.a.j.t.JMeterThread: Stopping because end time detected by thread: setUp Thread Group 1-6
2025-02-27 10:09:29,948 INFO o.a.j.t.JMeterThread: Thread finished: setUp Thread Group 1-6
2025-02-27 10:09:29,948 INFO o.a.j.t.JMeterThread: Thread finished: setUp Thread Group 1-16
2025-02-27 10:09:29,978 INFO o.a.j.t.JMeterThread: Stopping because end time detected by thread: setUp Thread Group 1-13
2025-02-27 10:09:29,978 INFO o.a.j.t.JMeterThread: Thread finished: setUp Thread Group 1-13
2025-02-27 10:09:30,197 INFO o.a.j.t.JMeterThread: Stopping because end time detected by thread: setUp Thread Group 1-20
2025-02-27 10:09:30,197 INFO o.a.j.t.JMeterThread: Thread finished: setUp Thread Group 1-20
2025-02-27 10:09:30,453 INFO o.a.j.t.JMeterThread: Stopping because end time detected by thread: setUp Thread Group 1-14
2025-02-27 10:09:30,453 INFO o.a.j.t.JMeterThread: Thread finished: setUp Thread Group 1-14
2025-02-27 10:09:30,453 INFO o.a.j.e.StandardJMeterEngine: All Setup Threads have ended
2025-02-27 10:09:30,497 INFO o.a.j.e.StandardJMeterEngine: Starting ThreadGroup: 1 : Thread Group
2025-02-27 10:09:30,497 INFO o.a.j.e.StandardJMeterEngine: Starting 75 threads for group Thread Group.
2025-02-27 10:09:30,497 INFO o.a.j.e.StandardJMeterEngine: Thread will continue on error
2025-02-27 10:09:30,512 INFO o.a.j.t.ThreadGroup: Starting thread group... number=1 threads=75 ramp-up=10 delayedStart=false
2025-02-27 10:09:30,512 INFO o.a.j.t.JMeterThread: Thread started: Thread Group 1-1
2025-02-27 10:09:30,613 INFO o.a.j.t.ThreadGroup: Started thread group number 1
2025-02-27 10:09:30,613 INFO o.a.j.e.StandardJMeterEngine: Starting ThreadGroup: 2 : Thread Group
2025-02-27 10:09:30,613 INFO o.a.j.e.StandardJMeterEngine: Starting 20 threads for group Thread Group.
2025-02-27 10:09:30,613 INFO o.a.j.e.StandardJMeterEngine: Thread will continue on error
2025-02-27 10:09:30,613 INFO o.a.j.t.ThreadGroup: Starting thread group... number=2 threads=20 ramp-up=10 delayedStart=false
2025-02-27 10:09:30,615 INFO o.a.j.t.JMeterThread: Thread started: Thread Group 2-1
2025-02-27 10:09:30,639 INFO o.a.j.t.ThreadGroup: Started thread group number 2
2025-02-27 10:09:30,639 INFO o.a.j.e.StandardJMeterEngine: Starting ThreadGroup: 3 : Thread Group
2025-02-27 10:09:30,640 INFO o.a.j.e.StandardJMeterEngine: Starting 5 threads for group Thread Group.
2025-02-27 10:09:30,640 INFO o.a.j.e.StandardJMeterEngine: Thread will continue on error
2025-02-27 10:09:30,640 INFO o.a.j.t.ThreadGroup: Starting thread group... number=3 threads=5 ramp-up=10 delayedStart=false
2025-02-27 10:09:30,642 INFO o.a.j.t.JMeterThread: Thread started: Thread Group 3-1
2025-02-27 10:09:30,644 INFO o.a.j.t.ThreadGroup: Started thread group number 3
2025-02-27 10:09:30,645 INFO o.a.j.e.StandardJMeterEngine: Starting ThreadGroup: 4 : Thread Group
2025-02-27 10:09:30,645 INFO o.a.j.e.StandardJMeterEngine: Starting 5 threads for group Thread Group.
2025-02-27 10:09:30,645 INFO o.a.j.e.StandardJMeterEngine: Thread will continue on error
2025-02-27 10:09:30,645 INFO o.a.j.t.ThreadGroup: Starting thread group... number=4 threads=5 ramp-up=10 delayedStart=false
2025-02-27 10:09:30,647 INFO o.a.j.t.JMeterThread: Thread started: Thread Group 4-1
2025-02-27 10:09:30,650 INFO o.a.j.t.JMeterThread: Thread started: Thread Group 1-2
2025-02-27 10:09:30,650 INFO o.a.j.t.ThreadGroup: Started thread group number 4
2025-02-27 10:09:30,650 INFO o.a.j.e.StandardJMeterEngine: Starting ThreadGroup: 5 : Thread Group
2025-02-27 10:09:30,650 INFO o.a.j.e.StandardJMeterEngine: Starting 5 threads for group Thread Group.
2025-02-27 10:09:30,650 INFO o.a.j.e.StandardJMeterEngine: Thread will continue on error
2025-02-27 10:09:30,650 INFO o.a.j.t.ThreadGroup: Starting thread group... number=5 threads=5 ramp-up=10 delayedStart=false
2025-02-27 10:09:30,654 INFO o.a.j.t.JMeterThread: Thread started: Thread Group 5-1
2025-02-27 10:09:30,659 INFO o.a.j.t.ThreadGroup: Started thread group number 5
2025-02-27 10:09:30,659 INFO o.a.j.e.StandardJMeterEngine: Starting ThreadGroup: 6 : Thread Group
2025-02-27 10:09:30,659 INFO o.a.j.e.StandardJMeterEngine: Starting 5 threads for group Thread Group.
2025-02-27 10:09:30,659 INFO o.a.j.e.StandardJMeterEngine: Thread will continue on error
2025-02-27 10:09:30,660 INFO o.a.j.t.ThreadGroup: Starting thread group... number=6 threads=5 ramp-up=10 delayedStart=false
2025-02-27 10:09:30,666 INFO o.a.j.t.JMeterThread: Thread started: Thread Group 6-1
2025-02-27 10:09:30,670 INFO o.a.j.t.ThreadGroup: Started thread group number 6
2025-02-27 10:09:30,670 INFO o.a.j.e.StandardJMeterEngine: Starting ThreadGroup: 7 : Thread Group
2025-02-27 10:09:30,671 INFO o.a.j.e.StandardJMeterEngine: Starting 5 threads for group Thread Group.
2025-02-27 10:09:30,671 INFO o.a.j.e.StandardJMeterEngine: Thread will continue on error
2025-02-27 10:09:30,671 INFO o.a.j.t.ThreadGroup: Starting thread group... number=7 threads=5 ramp-up=10 delayedStart=false
2025-02-27 10:09:30,674 INFO o.a.j.t.JMeterThread: Thread started: Thread Group 7-1
2025-02-27 10:09:30,678 INFO o.a.j.t.ThreadGroup: Started thread group number 7
2025-02-27 10:09:30,678 INFO o.a.j.e.StandardJMeterEngine: All thread groups have been started
2025-02-27 10:09:30,785 INFO o.a.j.t.JMeterThread: Thread started: Thread Group 1-3
2025-02-27 10:09:30,918 INFO o.a.j.t.JMeterThread: Thread started: Thread Group 1-4
2025-02-27 10:09:31,047 INFO o.a.j.t.JMeterThread: Thread started: Thread Group 1-5
2025-02-27 10:09:31,099 INFO o.a.j.r.Summariser: summary +      1 in 00:01:02 =    0.0/s Avg:   512 Min:   512 Max:   512 Err:     0 (0.00%) Active: 11 Started: 11 Finished: 0
2025-02-27 10:09:31,115 INFO o.a.j.t.JMeterThread: Thread started: Thread Group 2-2
2025-02-27 10:09:31,181 INFO o.a.j.t.JMeterThread: Thread started: Thread Group 1-6
2025-02-27 10:09:31,313 INFO o.a.j.t.JMeterThread: Thread started: Thread Group 1-7
2025-02-27 10:09:31,445 INFO o.a.j.t.JMeterThread: Thread started: Thread Group 1-8
2025-02-27 10:09:31,579 INFO o.a.j.t.JMeterThread: Thread started: Thread Group 1-9
2025-02-27 10:09:31,616 INFO o.a.j.t.JMeterThread: Thread started: Thread Group 2-3
2025-02-27 10:09:31,712 INFO o.a.j.t.JMeterThread: Thread started: Thread Group 1-10
2025-02-27 10:09:31,845 INFO o.a.j.t.JMeterThread: Thread started: Thread Group 1-11
2025-02-27 10:09:31,977 INFO o.a.j.t.JMeterThread: Thread started: Thread Group 1-12
2025-02-27 10:09:32,112 INFO o.a.j.t.JMeterThread: Thread started: Thread Group 1-13
2025-02-27 10:09:32,118 INFO o.a.j.t.JMeterThread: Thread started: Thread Group 2-4
2025-02-27 10:09:32,243 INFO o.a.j.t.JMeterThread: Thread started: Thread Group 1-14
2025-02-27 10:09:32,378 INFO o.a.j.t.JMeterThread: Thread started: Thread Group 1-15
2025-02-27 10:09:32,510 INFO o.a.j.t.JMeterThread: Thread started: Thread Group 1-16
2025-02-27 10:09:32,618 INFO o.a.j.t.JMeterThread: Thread started: Thread Group 2-5
2025-02-27 10:09:32,642 INFO o.a.j.t.JMeterThread: Thread started: Thread Group 1-17
2025-02-27 10:09:32,642 INFO o.a.j.t.JMeterThread: Thread started: Thread Group 3-2
2025-02-27 10:09:32,648 INFO o.a.j.t.JMeterThread: Thread started: Thread Group 4-2
2025-02-27 10:09:32,655 INFO o.a.j.t.JMeterThread: Thread started: Thread Group 5-2
2025-02-27 10:09:32,664 INFO o.a.j.t.JMeterThread: Thread started: Thread Group 6-2
2025-02-27 10:09:32,674 INFO o.a.j.t.JMeterThread: Thread started: Thread Group 7-2
2025-02-27 10:09:32,776 INFO o.a.j.t.JMeterThread: Thread started: Thread Group 1-18
2025-02-27 10:09:32,910 INFO o.a.j.t.JMeterThread: Thread started: Thread Group 1-19
2025-02-27 10:09:33,041 INFO o.a.j.t.JMeterThread: Thread started: Thread Group 1-20
2025-02-27 10:09:33,118 INFO o.a.j.t.JMeterThread: Thread started: Thread Group 2-6
2025-02-27 10:09:33,176 INFO o.a.j.t.JMeterThread: Thread started: Thread Group 1-21
2025-02-27 10:09:33,309 INFO o.a.j.t.JMeterThread: Thread started: Thread Group 1-22
2025-02-27 10:09:33,442 INFO o.a.j.t.JMeterThread: Thread started: Thread Group 1-23
2025-02-27 10:09:33,575 INFO o.a.j.t.JMeterThread: Thread started: Thread Group 1-24
2025-02-27 10:09:33,616 INFO o.a.j.t.JMeterThread: Thread started: Thread Group 2-7
2025-02-27 10:09:33,708 INFO o.a.j.t.JMeterThread: Thread started: Thread Group 1-25
2025-02-27 10:09:33,841 INFO o.a.j.t.JMeterThread: Thread started: Thread Group 1-26
2025-02-27 10:09:33,973 INFO o.a.j.t.JMeterThread: Thread started: Thread Group 1-27
2025-02-27 10:09:34,106 INFO o.a.j.t.JMeterThread: Thread started: Thread Group 1-28
2025-02-27 10:09:34,115 INFO o.a.j.t.JMeterThread: Thread started: Thread Group 2-8
2025-02-27 10:09:34,239 INFO o.a.j.t.JMeterThread: Thread started: Thread Group 1-29
2025-02-27 10:09:34,373 INFO o.a.j.t.JMeterThread: Thread started: Thread Group 1-30
2025-02-27 10:09:34,505 INFO o.a.j.t.JMeterThread: Thread started: Thread Group 1-31
2025-02-27 10:09:34,616 INFO o.a.j.t.JMeterThread: Thread started: Thread Group 2-9
2025-02-27 10:09:34,639 INFO o.a.j.t.JMeterThread: Thread started: Thread Group 1-32
2025-02-27 10:09:34,642 INFO o.a.j.t.JMeterThread: Thread started: Thread Group 3-3
2025-02-27 10:09:34,649 INFO o.a.j.t.JMeterThread: Thread started: Thread Group 4-3
2025-02-27 10:09:34,654 INFO o.a.j.t.JMeterThread: Thread started: Thread Group 5-3
2025-02-27 10:09:34,663 INFO o.a.j.t.JMeterThread: Thread started: Thread Group 6-3
2025-02-27 10:09:34,674 INFO o.a.j.t.JMeterThread: Thread started: Thread Group 7-3
2025-02-27 10:09:34,771 INFO o.a.j.t.JMeterThread: Thread started: Thread Group 1-33
2025-02-27 10:09:34,904 INFO o.a.j.t.JMeterThread: Thread started: Thread Group 1-34
2025-02-27 10:09:35,037 INFO o.a.j.t.JMeterThread: Thread started: Thread Group 1-35
2025-02-27 10:09:35,115 INFO o.a.j.t.JMeterThread: Thread started: Thread Group 2-10
2025-02-27 10:09:35,170 INFO o.a.j.t.JMeterThread: Thread started: Thread Group 1-36
2025-02-27 10:09:35,303 INFO o.a.j.t.JMeterThread: Thread started: Thread Group 1-37
2025-02-27 10:09:35,436 INFO o.a.j.t.JMeterThread: Thread started: Thread Group 1-38
2025-02-27 10:09:35,569 INFO o.a.j.t.JMeterThread: Thread started: Thread Group 1-39
2025-02-27 10:09:35,617 INFO o.a.j.t.JMeterThread: Thread started: Thread Group 2-11
2025-02-27 10:09:35,703 INFO o.a.j.t.JMeterThread: Thread started: Thread Group 1-40
2025-02-27 10:09:35,837 INFO o.a.j.t.JMeterThread: Thread started: Thread Group 1-41
2025-02-27 10:09:35,968 INFO o.a.j.t.JMeterThread: Thread started: Thread Group 1-42
2025-02-27 10:09:36,102 INFO o.a.j.t.JMeterThread: Thread started: Thread Group 1-43
2025-02-27 10:09:36,117 INFO o.a.j.t.JMeterThread: Thread started: Thread Group 2-12
2025-02-27 10:09:36,234 INFO o.a.j.t.JMeterThread: Thread started: Thread Group 1-44
2025-02-27 10:09:36,367 INFO o.a.j.t.JMeterThread: Thread started: Thread Group 1-45
2025-02-27 10:09:36,500 INFO o.a.j.t.JMeterThread: Thread started: Thread Group 1-46
2025-02-27 10:09:36,616 INFO o.a.j.t.JMeterThread: Thread started: Thread Group 2-13
2025-02-27 10:09:36,633 INFO o.a.j.t.JMeterThread: Thread started: Thread Group 1-47
2025-02-27 10:09:36,642 INFO o.a.j.t.JMeterThread: Thread started: Thread Group 3-4
2025-02-27 10:09:36,649 INFO o.a.j.t.JMeterThread: Thread started: Thread Group 4-4
2025-02-27 10:09:36,653 INFO o.a.j.t.JMeterThread: Thread started: Thread Group 5-4
2025-02-27 10:09:36,664 INFO o.a.j.t.JMeterThread: Thread started: Thread Group 6-4
2025-02-27 10:09:36,675 INFO o.a.j.t.JMeterThread: Thread started: Thread Group 7-4
2025-02-27 10:09:36,766 INFO o.a.j.t.JMeterThread: Thread started: Thread Group 1-48
2025-02-27 10:09:36,899 INFO o.a.j.t.JMeterThread: Thread started: Thread Group 1-49
2025-02-27 10:09:37,033 INFO o.a.j.t.JMeterThread: Thread started: Thread Group 1-50
2025-02-27 10:09:37,117 INFO o.a.j.t.JMeterThread: Thread started: Thread Group 2-14
2025-02-27 10:09:37,165 INFO o.a.j.t.JMeterThread: Thread started: Thread Group 1-51
2025-02-27 10:09:37,297 INFO o.a.j.t.JMeterThread: Thread started: Thread Group 1-52
2025-02-27 10:09:37,431 INFO o.a.j.t.JMeterThread: Thread started: Thread Group 1-53
2025-02-27 10:09:37,563 INFO o.a.j.t.JMeterThread: Thread started: Thread Group 1-54
2025-02-27 10:09:37,617 INFO o.a.j.t.JMeterThread: Thread started: Thread Group 2-15
2025-02-27 10:09:37,698 INFO o.a.j.t.JMeterThread: Thread started: Thread Group 1-55
2025-02-27 10:09:37,829 INFO o.a.j.t.JMeterThread: Thread started: Thread Group 1-56
2025-02-27 10:09:37,963 INFO o.a.j.t.JMeterThread: Thread started: Thread Group 1-57
2025-02-27 10:09:38,095 INFO o.a.j.t.JMeterThread: Thread started: Thread Group 1-58
2025-02-27 10:09:38,117 INFO o.a.j.t.JMeterThread: Thread started: Thread Group 2-16
2025-02-27 10:09:38,229 INFO o.a.j.t.JMeterThread: Thread started: Thread Group 1-59
2025-02-27 10:09:38,361 INFO o.a.j.t.JMeterThread: Thread started: Thread Group 1-60
2025-02-27 10:09:38,495 INFO o.a.j.t.JMeterThread: Thread started: Thread Group 1-61
2025-02-27 10:09:38,617 INFO o.a.j.t.JMeterThread: Thread started: Thread Group 2-17
2025-02-27 10:09:38,628 INFO o.a.j.t.JMeterThread: Thread started: Thread Group 1-62
2025-02-27 10:09:38,644 INFO o.a.j.t.JMeterThread: Thread started: Thread Group 3-5
2025-02-27 10:09:38,649 INFO o.a.j.t.JMeterThread: Thread started: Thread Group 4-5
2025-02-27 10:09:38,656 INFO o.a.j.t.JMeterThread: Thread started: Thread Group 5-5
2025-02-27 10:09:38,664 INFO o.a.j.t.JMeterThread: Thread started: Thread Group 6-5
2025-02-27 10:09:38,675 INFO o.a.j.t.JMeterThread: Thread started: Thread Group 7-5
2025-02-27 10:09:38,760 INFO o.a.j.t.JMeterThread: Thread started: Thread Group 1-63
2025-02-27 10:09:38,893 INFO o.a.j.t.JMeterThread: Thread started: Thread Group 1-64
2025-02-27 10:09:39,027 INFO o.a.j.t.JMeterThread: Thread started: Thread Group 1-65
2025-02-27 10:09:39,115 INFO o.a.j.t.JMeterThread: Thread started: Thread Group 2-18
2025-02-27 10:09:39,159 INFO o.a.j.t.JMeterThread: Thread started: Thread Group 1-66
2025-02-27 10:09:39,292 INFO o.a.j.t.JMeterThread: Thread started: Thread Group 1-67
2025-02-27 10:09:39,426 INFO o.a.j.t.JMeterThread: Thread started: Thread Group 1-68
2025-02-27 10:09:39,558 INFO o.a.j.t.JMeterThread: Thread started: Thread Group 1-69
2025-02-27 10:09:39,616 INFO o.a.j.t.JMeterThread: Thread started: Thread Group 2-19
2025-02-27 10:09:39,692 INFO o.a.j.t.JMeterThread: Thread started: Thread Group 1-70
2025-02-27 10:09:39,825 INFO o.a.j.t.JMeterThread: Thread started: Thread Group 1-71
2025-02-27 10:09:39,958 INFO o.a.j.t.JMeterThread: Thread started: Thread Group 1-72
2025-02-27 10:09:40,091 INFO o.a.j.t.JMeterThread: Thread started: Thread Group 1-73
2025-02-27 10:09:40,117 INFO o.a.j.t.JMeterThread: Thread started: Thread Group 2-20
2025-02-27 10:09:40,223 INFO o.a.j.t.JMeterThread: Thread started: Thread Group 1-74
2025-02-27 10:09:40,357 INFO o.a.j.t.JMeterThread: Thread started: Thread Group 1-75
2025-02-27 10:10:00,083 INFO o.a.j.r.Summariser: summary +   1581 in 00:00:29 =   54.5/s Avg:   862 Min:   255 Max:  5501 Err:     0 (0.00%) Active: 120 Started: 120 Finished: 0
2025-02-27 10:10:00,085 INFO o.a.j.r.Summariser: summary =   1582 in 00:01:31 =   17.4/s Avg:   862 Min:   255 Max:  5501 Err:     0 (0.00%)
2025-02-27 10:10:30,070 INFO o.a.j.r.Summariser: summary +   1874 in 00:00:30 =   62.5/s Avg:   920 Min:   254 Max:  5524 Err:     0 (0.00%) Active: 120 Started: 120 Finished: 0
2025-02-27 10:10:30,072 INFO o.a.j.r.Summariser: summary =   3456 in 00:02:01 =   28.5/s Avg:   894 Min:   254 Max:  5524 Err:     0 (0.00%)
2025-02-27 10:11:00,088 INFO o.a.j.r.Summariser: summary +   1879 in 00:00:30 =   62.6/s Avg:   926 Min:   255 Max:  5548 Err:     0 (0.00%) Active: 120 Started: 120 Finished: 0
2025-02-27 10:11:00,090 INFO o.a.j.r.Summariser: summary =   5335 in 00:02:31 =   35.3/s Avg:   905 Min:   254 Max:  5548 Err:     0 (0.00%)
2025-02-27 10:11:30,094 INFO o.a.j.r.Summariser: summary +   1875 in 00:00:30 =   62.5/s Avg:   918 Min:   255 Max:  5522 Err:     0 (0.00%) Active: 120 Started: 120 Finished: 0
2025-02-27 10:11:30,095 INFO o.a.j.r.Summariser: summary =   7210 in 00:03:01 =   39.8/s Avg:   908 Min:   254 Max:  5548 Err:     0 (0.00%)
2025-02-27 10:12:00,088 INFO o.a.j.r.Summariser: summary +   1874 in 00:00:30 =   62.5/s Avg:   934 Min:   255 Max:  5526 Err:     0 (0.00%) Active: 120 Started: 120 Finished: 0
2025-02-27 10:12:00,089 INFO o.a.j.r.Summariser: summary =   9084 in 00:03:31 =   43.0/s Avg:   914 Min:   254 Max:  5548 Err:     0 (0.00%)
2025-02-27 10:12:30,024 INFO o.a.j.r.Summariser: summary +   1871 in 00:00:30 =   62.5/s Avg:   915 Min:   255 Max:  5529 Err:     0 (0.00%) Active: 120 Started: 120 Finished: 0
2025-02-27 10:12:30,025 INFO o.a.j.r.Summariser: summary =  10955 in 00:04:01 =   45.4/s Avg:   914 Min:   254 Max:  5548 Err:     0 (0.00%)
2025-02-27 10:13:00,090 INFO o.a.j.r.Summariser: summary +   1876 in 00:00:30 =   62.4/s Avg:   938 Min:   254 Max:  5560 Err:     0 (0.00%) Active: 120 Started: 120 Finished: 0
2025-02-27 10:13:00,092 INFO o.a.j.r.Summariser: summary =  12831 in 00:04:31 =   47.3/s Avg:   917 Min:   254 Max:  5560 Err:     0 (0.00%)
2025-02-27 10:13:30,003 INFO o.a.j.r.Summariser: summary +   1873 in 00:00:30 =   62.6/s Avg:   922 Min:   254 Max:  5532 Err:     0 (0.00%) Active: 120 Started: 120 Finished: 0
2025-02-27 10:13:30,004 INFO o.a.j.r.Summariser: summary =  14704 in 00:05:01 =   48.8/s Avg:   918 Min:   254 Max:  5560 Err:     0 (0.00%)
2025-02-27 10:14:00,073 INFO o.a.j.r.Summariser: summary +   1877 in 00:00:30 =   62.4/s Avg:   934 Min:   254 Max:  5556 Err:     0 (0.00%) Active: 120 Started: 120 Finished: 0
2025-02-27 10:14:00,074 INFO o.a.j.r.Summariser: summary =  16581 in 00:05:31 =   50.1/s Avg:   920 Min:   254 Max:  5560 Err:     0 (0.00%)
2025-02-27 10:14:30,090 INFO o.a.j.r.Summariser: summary +   1875 in 00:00:30 =   62.5/s Avg:   923 Min:   255 Max:  5516 Err:     0 (0.00%) Active: 120 Started: 120 Finished: 0
2025-02-27 10:14:30,091 INFO o.a.j.r.Summariser: summary =  18456 in 00:06:01 =   51.1/s Avg:   920 Min:   254 Max:  5560 Err:     0 (0.00%)
2025-02-27 10:15:00,090 INFO o.a.j.r.Summariser: summary +   1874 in 00:00:30 =   62.5/s Avg:   929 Min:   254 Max:  5674 Err:     0 (0.00%) Active: 120 Started: 120 Finished: 0
2025-02-27 10:15:00,091 INFO o.a.j.r.Summariser: summary =  20330 in 00:06:31 =   52.0/s Avg:   921 Min:   254 Max:  5674 Err:     0 (0.00%)
2025-02-27 10:15:30,140 INFO o.a.j.r.Summariser: summary +   1873 in 00:00:30 =   62.3/s Avg:   919 Min:   254 Max:  5587 Err:     0 (0.00%) Active: 120 Started: 120 Finished: 0
2025-02-27 10:15:30,141 INFO o.a.j.r.Summariser: summary =  22203 in 00:07:01 =   52.7/s Avg:   921 Min:   254 Max:  5674 Err:     0 (0.00%)
2025-02-27 10:16:00,071 INFO o.a.j.r.Summariser: summary +   1877 in 00:00:30 =   62.7/s Avg:   951 Min:   255 Max:  5586 Err:     0 (0.00%) Active: 120 Started: 120 Finished: 0
2025-02-27 10:16:00,073 INFO o.a.j.r.Summariser: summary =  24080 in 00:07:31 =   53.4/s Avg:   923 Min:   254 Max:  5674 Err:     0 (0.00%)
2025-02-27 10:16:30,076 INFO o.a.j.r.Summariser: summary +   1877 in 00:00:30 =   62.6/s Avg:   910 Min:   254 Max:  5545 Err:     0 (0.00%) Active: 120 Started: 120 Finished: 0
2025-02-27 10:16:30,078 INFO o.a.j.r.Summariser: summary =  25957 in 00:08:01 =   53.9/s Avg:   922 Min:   254 Max:  5674 Err:     0 (0.00%)
2025-02-27 10:17:00,012 INFO o.a.j.r.Summariser: summary +   1857 in 00:00:30 =   62.0/s Avg:   974 Min:   255 Max:  5511 Err:     0 (0.00%) Active: 120 Started: 120 Finished: 0
2025-02-27 10:17:00,012 INFO o.a.j.r.Summariser: summary =  27814 in 00:08:31 =   54.4/s Avg:   926 Min:   254 Max:  5674 Err:     0 (0.00%)
2025-02-27 10:17:30,072 INFO o.a.j.r.Summariser: summary +   1880 in 00:00:30 =   62.5/s Avg:   903 Min:   254 Max:  5516 Err:     0 (0.00%) Active: 120 Started: 120 Finished: 0
2025-02-27 10:17:30,073 INFO o.a.j.r.Summariser: summary =  29694 in 00:09:01 =   54.9/s Avg:   924 Min:   254 Max:  5674 Err:     0 (0.00%)
2025-02-27 10:18:00,071 INFO o.a.j.r.Summariser: summary +   1875 in 00:00:30 =   62.5/s Avg:   938 Min:   254 Max:  5528 Err:     0 (0.00%) Active: 120 Started: 120 Finished: 0
2025-02-27 10:18:00,073 INFO o.a.j.r.Summariser: summary =  31569 in 00:09:31 =   55.3/s Avg:   925 Min:   254 Max:  5674 Err:     0 (0.00%)
2025-02-27 10:18:30,008 INFO o.a.j.r.Summariser: summary +   1874 in 00:00:30 =   62.6/s Avg:   913 Min:   254 Max:  5526 Err:     0 (0.00%) Active: 120 Started: 120 Finished: 0
2025-02-27 10:18:30,009 INFO o.a.j.r.Summariser: summary =  33443 in 00:10:01 =   55.6/s Avg:   924 Min:   254 Max:  5674 Err:     0 (0.00%)
2025-02-27 10:19:00,031 INFO o.a.j.r.Summariser: summary +   1872 in 00:00:30 =   62.4/s Avg:   928 Min:   254 Max:  5519 Err:     0 (0.00%) Active: 120 Started: 120 Finished: 0
2025-02-27 10:19:00,032 INFO o.a.j.r.Summariser: summary =  35315 in 00:10:31 =   56.0/s Avg:   924 Min:   254 Max:  5674 Err:     0 (0.00%)
2025-02-27 10:19:28,886 INFO o.a.j.t.JMeterThread: Thread finished: Thread Group 1-62
2025-02-27 10:19:28,892 INFO o.a.j.t.JMeterThread: Thread finished: Thread Group 1-47
2025-02-27 10:19:28,904 INFO o.a.j.t.JMeterThread: Thread finished: Thread Group 1-17
2025-02-27 10:19:29,019 INFO o.a.j.t.JMeterThread: Thread finished: Thread Group 1-63
2025-02-27 10:19:29,037 INFO o.a.j.t.JMeterThread: Thread finished: Thread Group 1-18
2025-02-27 10:19:29,153 INFO o.a.j.t.JMeterThread: Thread finished: Thread Group 1-64
2025-02-27 10:19:29,175 INFO o.a.j.t.JMeterThread: Thread finished: Thread Group 1-19
2025-02-27 10:19:29,292 INFO o.a.j.t.JMeterThread: Thread finished: Thread Group 1-65
2025-02-27 10:19:29,295 INFO o.a.j.t.JMeterThread: Thread finished: Thread Group 1-50
2025-02-27 10:19:29,300 INFO o.a.j.t.JMeterThread: Thread finished: Thread Group 1-20
2025-02-27 10:19:29,401 INFO o.a.j.t.JMeterThread: Thread finished: Thread Group 1-32
2025-02-27 10:19:29,419 INFO o.a.j.t.JMeterThread: Thread finished: Thread Group 1-66
2025-02-27 10:19:29,435 INFO o.a.j.t.JMeterThread: Thread finished: Thread Group 1-21
2025-02-27 10:19:29,469 INFO o.a.j.t.JMeterThread: Thread finished: Thread Group 1-1
2025-02-27 10:19:29,489 INFO o.a.j.t.JMeterThread: Thread finished: Thread Group 1-48
2025-02-27 10:19:29,531 INFO o.a.j.t.JMeterThread: Thread finished: Thread Group 1-33
2025-02-27 10:19:29,548 INFO o.a.j.t.JMeterThread: Thread finished: Thread Group 1-49
2025-02-27 10:19:29,551 INFO o.a.j.t.JMeterThread: Thread finished: Thread Group 1-67
2025-02-27 10:19:29,568 INFO o.a.j.t.JMeterThread: Thread finished: Thread Group 1-22
2025-02-27 10:19:29,569 INFO o.a.j.t.JMeterThread: Thread finished: Thread Group 1-7
2025-02-27 10:19:29,637 INFO o.a.j.t.JMeterThread: Thread finished: Thread Group 1-2
2025-02-27 10:19:29,669 INFO o.a.j.t.JMeterThread: Thread finished: Thread Group 1-34
2025-02-27 10:19:29,688 INFO o.a.j.t.JMeterThread: Thread finished: Thread Group 1-68
2025-02-27 10:19:29,696 INFO o.a.j.t.JMeterThread: Thread finished: Thread Group 1-53
2025-02-27 10:19:29,703 INFO o.a.j.t.JMeterThread: Thread finished: Thread Group 1-23
2025-02-27 10:19:29,703 INFO o.a.j.t.JMeterThread: Thread finished: Thread Group 1-8
2025-02-27 10:19:29,796 INFO o.a.j.t.JMeterThread: Thread finished: Thread Group 1-35
2025-02-27 10:19:29,798 INFO o.a.j.t.JMeterThread: Thread finished: Thread Group 1-51
2025-02-27 10:19:29,825 INFO o.a.j.t.JMeterThread: Thread finished: Thread Group 1-69
2025-02-27 10:19:29,825 INFO o.a.j.t.JMeterThread: Thread finished: Thread Group 1-54
2025-02-27 10:19:29,834 INFO o.a.j.t.JMeterThread: Thread finished: Thread Group 1-24
2025-02-27 10:19:29,841 INFO o.a.j.t.JMeterThread: Thread finished: Thread Group 1-9
2025-02-27 10:19:29,952 INFO o.a.j.t.JMeterThread: Thread finished: Thread Group 1-70
2025-02-27 10:19:29,954 INFO o.a.j.t.JMeterThread: Thread finished: Thread Group 1-52
2025-02-27 10:19:29,957 INFO o.a.j.t.JMeterThread: Thread finished: Thread Group 1-55
2025-02-27 10:19:29,961 INFO o.a.j.t.JMeterThread: Thread finished: Thread Group 1-36
2025-02-27 10:19:29,968 INFO o.a.j.t.JMeterThread: Thread finished: Thread Group 1-25
2025-02-27 10:19:29,975 INFO o.a.j.t.JMeterThread: Thread finished: Thread Group 1-10
2025-02-27 10:19:29,979 INFO o.a.j.t.JMeterThread: Thread finished: Thread Group 1-3
2025-02-27 10:19:30,035 INFO o.a.j.r.Summariser: summary +   1874 in 00:00:30 =   62.5/s Avg:   911 Min:   254 Max:  5545 Err:     0 (0.00%) Active: 81 Started: 120 Finished: 39
2025-02-27 10:19:30,037 INFO o.a.j.r.Summariser: summary =  37189 in 00:11:01 =   56.3/s Avg:   924 Min:   254 Max:  5674 Err:     0 (0.00%)
2025-02-27 10:19:30,087 INFO o.a.j.t.JMeterThread: Thread finished: Thread Group 1-71
2025-02-27 10:19:30,094 INFO o.a.j.t.JMeterThread: Thread finished: Thread Group 1-56
2025-02-27 10:19:30,104 INFO o.a.j.t.JMeterThread: Thread finished: Thread Group 1-37
2025-02-27 10:19:30,105 INFO o.a.j.t.JMeterThread: Thread finished: Thread Group 1-26
2025-02-27 10:19:30,108 INFO o.a.j.t.JMeterThread: Thread finished: Thread Group 1-11
2025-02-27 10:19:30,141 INFO o.a.j.t.JMeterThread: Thread finished: Thread Group 1-4
2025-02-27 10:19:30,197 INFO o.a.j.t.JMeterThread: Thread finished: Thread Group 1-38
2025-02-27 10:19:30,221 INFO o.a.j.t.JMeterThread: Thread finished: Thread Group 1-72
2025-02-27 10:19:30,225 INFO o.a.j.t.JMeterThread: Thread finished: Thread Group 1-57
2025-02-27 10:19:30,233 INFO o.a.j.t.JMeterThread: Thread finished: Thread Group 1-27
2025-02-27 10:19:30,238 INFO o.a.j.t.JMeterThread: Thread finished: Thread Group 1-12
2025-02-27 10:19:30,356 INFO o.a.j.t.JMeterThread: Thread finished: Thread Group 1-39
2025-02-27 10:19:30,356 INFO o.a.j.t.JMeterThread: Thread finished: Thread Group 1-73
2025-02-27 10:19:30,357 INFO o.a.j.t.JMeterThread: Thread finished: Thread Group 1-58
2025-02-27 10:19:30,370 INFO o.a.j.t.JMeterThread: Thread finished: Thread Group 1-28
2025-02-27 10:19:30,374 INFO o.a.j.t.JMeterThread: Thread finished: Thread Group 1-13
2025-02-27 10:19:30,469 INFO o.a.j.t.JMeterThread: Thread finished: Thread Group 1-40
2025-02-27 10:19:30,484 INFO o.a.j.t.JMeterThread: Thread finished: Thread Group 1-74
2025-02-27 10:19:30,488 INFO o.a.j.t.JMeterThread: Thread finished: Thread Group 1-59
2025-02-27 10:19:30,495 INFO o.a.j.t.JMeterThread: Thread finished: Thread Group 1-29
2025-02-27 10:19:30,502 INFO o.a.j.t.JMeterThread: Thread finished: Thread Group 1-14
2025-02-27 10:19:30,521 INFO o.a.j.t.JMeterThread: Stopping because end time detected by thread: Thread Group 1-5
2025-02-27 10:19:30,522 INFO o.a.j.t.JMeterThread: Thread finished: Thread Group 1-5
2025-02-27 10:19:30,594 INFO o.a.j.t.JMeterThread: Stopping because end time detected by thread: Thread Group 1-41
2025-02-27 10:19:30,594 INFO o.a.j.t.JMeterThread: Thread finished: Thread Group 1-41
2025-02-27 10:19:30,669 INFO o.a.j.t.JMeterThread: Stopping because end time detected by thread: Thread Group 1-75
2025-02-27 10:19:30,669 INFO o.a.j.t.JMeterThread: Stopping because end time detected by thread: Thread Group 1-60
2025-02-27 10:19:30,669 INFO o.a.j.t.JMeterThread: Stopping because end time detected by thread: Thread Group 1-30
2025-02-27 10:19:30,669 INFO o.a.j.t.JMeterThread: Stopping because end time detected by thread: Thread Group 1-15
2025-02-27 10:19:30,669 INFO o.a.j.t.JMeterThread: Thread finished: Thread Group 1-30
2025-02-27 10:19:30,669 INFO o.a.j.t.JMeterThread: Thread finished: Thread Group 1-75
2025-02-27 10:19:30,669 INFO o.a.j.t.JMeterThread: Thread finished: Thread Group 1-15
2025-02-27 10:19:30,669 INFO o.a.j.t.JMeterThread: Thread finished: Thread Group 1-60
2025-02-27 10:19:30,684 INFO o.a.j.t.JMeterThread: Stopping because end time detected by thread: Thread Group 2-1
2025-02-27 10:19:30,684 INFO o.a.j.t.JMeterThread: Thread finished: Thread Group 2-1
2025-02-27 10:19:30,699 INFO o.a.j.t.JMeterThread: Stopping because end time detected by thread: Thread Group 2-10
2025-02-27 10:19:30,699 INFO o.a.j.t.JMeterThread: Thread finished: Thread Group 2-10
2025-02-27 10:19:30,715 INFO o.a.j.t.JMeterThread: Stopping because end time detected by thread: Thread Group 2-14
2025-02-27 10:19:30,715 INFO o.a.j.t.JMeterThread: Thread finished: Thread Group 2-14
2025-02-27 10:19:30,715 INFO o.a.j.t.JMeterThread: Stopping because end time detected by thread: Thread Group 1-42
2025-02-27 10:19:30,715 INFO o.a.j.t.JMeterThread: Thread finished: Thread Group 1-42
2025-02-27 10:19:30,730 INFO o.a.j.t.JMeterThread: Stopping because end time detected by thread: Thread Group 2-15
2025-02-27 10:19:30,730 INFO o.a.j.t.JMeterThread: Thread finished: Thread Group 2-15
2025-02-27 10:19:30,760 INFO o.a.j.t.JMeterThread: Stopping because end time detected by thread: Thread Group 1-61
2025-02-27 10:19:30,760 INFO o.a.j.t.JMeterThread: Thread finished: Thread Group 1-61
2025-02-27 10:19:30,760 INFO o.a.j.t.JMeterThread: Stopping because end time detected by thread: Thread Group 1-6
2025-02-27 10:19:30,760 INFO o.a.j.t.JMeterThread: Thread finished: Thread Group 1-6
2025-02-27 10:19:30,760 INFO o.a.j.t.JMeterThread: Stopping because end time detected by thread: Thread Group 1-31
2025-02-27 10:19:30,760 INFO o.a.j.t.JMeterThread: Thread finished: Thread Group 1-31
2025-02-27 10:19:30,760 INFO o.a.j.t.JMeterThread: Stopping because end time detected by thread: Thread Group 1-16
2025-02-27 10:19:30,760 INFO o.a.j.t.JMeterThread: Thread finished: Thread Group 1-16
2025-02-27 10:19:30,805 INFO o.a.j.t.JMeterThread: Stopping because end time detected by thread: Thread Group 2-2
2025-02-27 10:19:30,805 INFO o.a.j.t.JMeterThread: Thread finished: Thread Group 2-2
2025-02-27 10:19:30,925 INFO o.a.j.t.JMeterThread: Stopping because end time detected by thread: Thread Group 1-43
2025-02-27 10:19:30,925 INFO o.a.j.t.JMeterThread: Thread finished: Thread Group 1-43
2025-02-27 10:19:30,952 INFO o.a.j.t.JMeterThread: Stopping because end time detected by thread: Thread Group 2-3
2025-02-27 10:19:30,952 INFO o.a.j.t.JMeterThread: Thread finished: Thread Group 2-3
2025-02-27 10:19:30,990 INFO o.a.j.t.JMeterThread: Stopping because end time detected by thread: Thread Group 1-44
2025-02-27 10:19:30,990 INFO o.a.j.t.JMeterThread: Thread finished: Thread Group 1-44
2025-02-27 10:19:30,991 INFO o.a.j.t.JMeterThread: Stopping because end time detected by thread: Thread Group 2-4
2025-02-27 10:19:30,991 INFO o.a.j.t.JMeterThread: Thread finished: Thread Group 2-4
2025-02-27 10:19:31,026 INFO o.a.j.t.JMeterThread: Stopping because end time detected by thread: Thread Group 2-6
2025-02-27 10:19:31,026 INFO o.a.j.t.JMeterThread: Thread finished: Thread Group 2-6
2025-02-27 10:19:31,056 INFO o.a.j.t.JMeterThread: Stopping because end time detected by thread: Thread Group 2-18
2025-02-27 10:19:31,056 INFO o.a.j.t.JMeterThread: Thread finished: Thread Group 2-18
2025-02-27 10:19:31,056 INFO o.a.j.t.JMeterThread: Stopping because end time detected by thread: Thread Group 2-20
2025-02-27 10:19:31,056 INFO o.a.j.t.JMeterThread: Thread finished: Thread Group 2-20
2025-02-27 10:19:31,161 INFO o.a.j.t.JMeterThread: Stopping because end time detected by thread: Thread Group 3-3
2025-02-27 10:19:31,161 INFO o.a.j.t.JMeterThread: Thread finished: Thread Group 3-3
2025-02-27 10:19:31,161 INFO o.a.j.t.JMeterThread: Stopping because end time detected by thread: Thread Group 4-3
2025-02-27 10:19:31,161 INFO o.a.j.t.JMeterThread: Thread finished: Thread Group 4-3
2025-02-27 10:19:31,177 INFO o.a.j.t.JMeterThread: Stopping because end time detected by thread: Thread Group 1-45
2025-02-27 10:19:31,177 INFO o.a.j.t.JMeterThread: Thread finished: Thread Group 1-45
2025-02-27 10:19:31,177 INFO o.a.j.t.JMeterThread: Stopping because end time detected by thread: Thread Group 6-3
2025-02-27 10:19:31,177 INFO o.a.j.t.JMeterThread: Stopping because end time detected by thread: Thread Group 5-3
2025-02-27 10:19:31,177 INFO o.a.j.t.JMeterThread: Thread finished: Thread Group 6-3
2025-02-27 10:19:31,177 INFO o.a.j.t.JMeterThread: Thread finished: Thread Group 5-3
2025-02-27 10:19:31,177 INFO o.a.j.t.JMeterThread: Stopping because end time detected by thread: Thread Group 7-3
2025-02-27 10:19:31,177 INFO o.a.j.t.JMeterThread: Thread finished: Thread Group 7-3
2025-02-27 10:19:31,207 INFO o.a.j.t.JMeterThread: Stopping because end time detected by thread: Thread Group 2-9
2025-02-27 10:19:31,207 INFO o.a.j.t.JMeterThread: Thread finished: Thread Group 2-9
2025-02-27 10:19:31,207 INFO o.a.j.t.JMeterThread: Stopping because end time detected by thread: Thread Group 2-5
2025-02-27 10:19:31,207 INFO o.a.j.t.JMeterThread: Thread finished: Thread Group 2-5
2025-02-27 10:19:31,222 INFO o.a.j.t.JMeterThread: Stopping because end time detected by thread: Thread Group 2-19
2025-02-27 10:19:31,222 INFO o.a.j.t.JMeterThread: Thread finished: Thread Group 2-19
2025-02-27 10:19:31,252 INFO o.a.j.t.JMeterThread: Stopping because end time detected by thread: Thread Group 2-8
2025-02-27 10:19:31,252 INFO o.a.j.t.JMeterThread: Thread finished: Thread Group 2-8
2025-02-27 10:19:31,252 INFO o.a.j.t.JMeterThread: Stopping because end time detected by thread: Thread Group 1-46
2025-02-27 10:19:31,252 INFO o.a.j.t.JMeterThread: Thread finished: Thread Group 1-46
2025-02-27 10:19:31,342 INFO o.a.j.t.JMeterThread: Stopping because end time detected by thread: Thread Group 2-11
2025-02-27 10:19:31,342 INFO o.a.j.t.JMeterThread: Thread finished: Thread Group 2-11
2025-02-27 10:19:31,372 INFO o.a.j.t.JMeterThread: Stopping because end time detected by thread: Thread Group 2-12
2025-02-27 10:19:31,372 INFO o.a.j.t.JMeterThread: Thread finished: Thread Group 2-12
2025-02-27 10:19:31,447 INFO o.a.j.t.JMeterThread: Stopping because end time detected by thread: Thread Group 2-7
2025-02-27 10:19:31,447 INFO o.a.j.t.JMeterThread: Thread finished: Thread Group 2-7
2025-02-27 10:19:31,575 INFO o.a.j.t.JMeterThread: Stopping because end time detected by thread: Thread Group 2-13
2025-02-27 10:19:31,575 INFO o.a.j.t.JMeterThread: Thread finished: Thread Group 2-13
2025-02-27 10:19:31,695 INFO o.a.j.t.JMeterThread: Stopping because end time detected by thread: Thread Group 2-17
2025-02-27 10:19:31,695 INFO o.a.j.t.JMeterThread: Thread finished: Thread Group 2-17
2025-02-27 10:19:31,830 INFO o.a.j.t.JMeterThread: Stopping because end time detected by thread: Thread Group 2-16
2025-02-27 10:19:31,830 INFO o.a.j.t.JMeterThread: Thread finished: Thread Group 2-16
2025-02-27 10:19:32,238 INFO o.a.j.t.JMeterThread: Stopping because end time detected by thread: Thread Group 3-1
2025-02-27 10:19:32,238 INFO o.a.j.t.JMeterThread: Stopping because end time detected by thread: Thread Group 4-1
2025-02-27 10:19:32,238 INFO o.a.j.t.JMeterThread: Stopping because end time detected by thread: Thread Group 6-1
2025-02-27 10:19:32,238 INFO o.a.j.t.JMeterThread: Thread finished: Thread Group 3-1
2025-02-27 10:19:32,238 INFO o.a.j.t.JMeterThread: Stopping because end time detected by thread: Thread Group 5-1
2025-02-27 10:19:32,238 INFO o.a.j.t.JMeterThread: Stopping because end time detected by thread: Thread Group 7-1
2025-02-27 10:19:32,238 INFO o.a.j.t.JMeterThread: Thread finished: Thread Group 4-1
2025-02-27 10:19:32,238 INFO o.a.j.t.JMeterThread: Thread finished: Thread Group 6-1
2025-02-27 10:19:32,238 INFO o.a.j.t.JMeterThread: Thread finished: Thread Group 7-1
2025-02-27 10:19:32,238 INFO o.a.j.t.JMeterThread: Thread finished: Thread Group 5-1
2025-02-27 10:19:33,223 INFO o.a.j.t.JMeterThread: Stopping because end time detected by thread: Thread Group 3-5
2025-02-27 10:19:33,223 INFO o.a.j.t.JMeterThread: Stopping because end time detected by thread: Thread Group 4-5
2025-02-27 10:19:33,223 INFO o.a.j.t.JMeterThread: Stopping because end time detected by thread: Thread Group 6-5
2025-02-27 10:19:33,223 INFO o.a.j.t.JMeterThread: Thread finished: Thread Group 3-5
2025-02-27 10:19:33,223 INFO o.a.j.t.JMeterThread: Stopping because end time detected by thread: Thread Group 5-5
2025-02-27 10:19:33,223 INFO o.a.j.t.JMeterThread: Thread finished: Thread Group 4-5
2025-02-27 10:19:33,223 INFO o.a.j.t.JMeterThread: Stopping because end time detected by thread: Thread Group 7-5
2025-02-27 10:19:33,223 INFO o.a.j.t.JMeterThread: Thread finished: Thread Group 6-5
2025-02-27 10:19:33,223 INFO o.a.j.t.JMeterThread: Thread finished: Thread Group 5-5
2025-02-27 10:19:33,223 INFO o.a.j.t.JMeterThread: Thread finished: Thread Group 7-5
2025-02-27 10:19:34,531 INFO o.a.j.t.JMeterThread: Stopping because end time detected by thread: Thread Group 4-2
2025-02-27 10:19:34,531 INFO o.a.j.t.JMeterThread: Stopping because end time detected by thread: Thread Group 6-2
2025-02-27 10:19:34,531 INFO o.a.j.t.JMeterThread: Stopping because end time detected by thread: Thread Group 3-2
2025-02-27 10:19:34,531 INFO o.a.j.t.JMeterThread: Stopping because end time detected by thread: Thread Group 5-2
2025-02-27 10:19:34,531 INFO o.a.j.t.JMeterThread: Thread finished: Thread Group 4-2
2025-02-27 10:19:34,531 INFO o.a.j.t.JMeterThread: Stopping because end time detected by thread: Thread Group 7-2
2025-02-27 10:19:34,531 INFO o.a.j.t.JMeterThread: Thread finished: Thread Group 3-2
2025-02-27 10:19:34,531 INFO o.a.j.t.JMeterThread: Thread finished: Thread Group 5-2
2025-02-27 10:19:34,531 INFO o.a.j.t.JMeterThread: Thread finished: Thread Group 6-2
2025-02-27 10:19:34,531 INFO o.a.j.t.JMeterThread: Thread finished: Thread Group 7-2
2025-02-27 10:19:35,162 INFO o.a.j.t.JMeterThread: Stopping because end time detected by thread: Thread Group 3-4
2025-02-27 10:19:35,162 INFO o.a.j.t.JMeterThread: Thread finished: Thread Group 3-4
2025-02-27 10:19:35,162 INFO o.a.j.t.JMeterThread: Stopping because end time detected by thread: Thread Group 4-4
2025-02-27 10:19:35,162 INFO o.a.j.t.JMeterThread: Thread finished: Thread Group 4-4
2025-02-27 10:19:35,179 INFO o.a.j.t.JMeterThread: Stopping because end time detected by thread: Thread Group 6-4
2025-02-27 10:19:35,179 INFO o.a.j.t.JMeterThread: Stopping because end time detected by thread: Thread Group 5-4
2025-02-27 10:19:35,179 INFO o.a.j.t.JMeterThread: Thread finished: Thread Group 6-4
2025-02-27 10:19:35,179 INFO o.a.j.t.JMeterThread: Thread finished: Thread Group 5-4
2025-02-27 10:19:35,179 INFO o.a.j.t.JMeterThread: Stopping because end time detected by thread: Thread Group 7-4
2025-02-27 10:19:35,179 INFO o.a.j.t.JMeterThread: Thread finished: Thread Group 7-4
2025-02-27 10:19:35,179 INFO o.a.j.e.StandardJMeterEngine: Notifying test listeners of end of test
2025-02-27 10:19:35,195 INFO o.a.j.r.Summariser: summary +     99 in 00:00:05 =   19.2/s Avg:  2037 Min:   256 Max:  5363 Err:     0 (0.00%) Active: 0 Started: 120 Finished: 120
2025-02-27 10:19:35,195 INFO o.a.j.r.Summariser: summary =  37288 in 00:11:06 =   56.0/s Avg:   927 Min:   254 Max:  5674 Err:     0 (0.00%)
