2025-02-26 14:43:05,556 INFO o.a.j.u.JMeterUtils: Setting Locale to en_EN
2025-02-26 14:43:05,589 INFO o.a.j.JMeter: Loading user properties from: C:\Users\ASUS\Desktop\apache-jmeter-5.6.3\apache-jmeter-5.6.3\bin\user.properties
2025-02-26 14:43:05,591 INFO o.a.j.JMeter: Loading system properties from: C:\Users\ASUS\Desktop\apache-jmeter-5.6.3\apache-jmeter-5.6.3\bin\system.properties
2025-02-26 14:43:05,591 INFO o.a.j.JMeter: Setting JMeter property: lb_1_hostname=34.72.14.4
2025-02-26 14:43:05,591 INFO o.a.j.JMeter: Setting JMeter property: lb_2_hostname=35.232.210.73
2025-02-26 14:43:05,591 INFO o.a.j.JMeter: Setting JMeter property: lb_1_port=8090
2025-02-26 14:43:05,591 INFO o.a.j.JMeter: Setting JMeter property: lb_2_port=8091
2025-02-26 14:43:05,591 INFO o.a.j.JMeter: Setting JMeter property: warm_up_users=5
2025-02-26 14:43:05,592 INFO o.a.j.JMeter: Setting JMeter property: warm_up_time=10
2025-02-26 14:43:05,592 INFO o.a.j.JMeter: Setting JMeter property: test_run_time=30
2025-02-26 14:43:05,592 INFO o.a.j.JMeter: Setting JMeter property: ramp_up=5
2025-02-26 14:43:05,592 INFO o.a.j.JMeter: Setting JMeter property: group_1=1
2025-02-26 14:43:05,592 INFO o.a.j.JMeter: Setting JMeter property: group_2=1
2025-02-26 14:43:05,592 INFO o.a.j.JMeter: Setting JMeter property: group_3=1
2025-02-26 14:43:05,592 INFO o.a.j.JMeter: Setting JMeter property: group_1_request_rate=3
2025-02-26 14:43:05,592 INFO o.a.j.JMeter: Setting JMeter property: group_2_request_rate=9
2025-02-26 14:43:05,592 INFO o.a.j.JMeter: Setting JMeter property: group_3_request_rate=12
2025-02-26 14:43:05,592 INFO o.a.j.JMeter: Setting JMeter property: log_file=c:\\Users\\ASUS\\Desktop\\Repos\\rate-limiter-nginx\\jmeter\\cloud\\2025_02_26_14_42_logs\\fixed_window_counter\\mysql_script_rate_limit_100_window_size_60\\warm_up_results.csv
2025-02-26 14:43:05,592 INFO o.a.j.JMeter: Setting JMeter property: algorithm=fixed_window_counter_mysql_script_rate_limit_100_window_size_60
2025-02-26 14:43:05,592 INFO o.a.j.JMeter: Setting JMeter property: auth=/fixed_window_counter/mysql_script_rate_limit_100_window_size_60/tools.descartes.teastore.auth/rest
2025-02-26 14:43:05,592 INFO o.a.j.JMeter: Setting JMeter property: persistence=/fixed_window_counter/mysql_script_rate_limit_100_window_size_60/tools.descartes.teastore.persistence/rest
2025-02-26 14:43:05,592 INFO o.a.j.JMeter: Setting JMeter property: recommender=/fixed_window_counter/mysql_script_rate_limit_100_window_size_60/tools.descartes.teastore.recommender/rest
2025-02-26 14:43:05,592 INFO o.a.j.JMeter: Setting JMeter property: image=/fixed_window_counter/mysql_script_rate_limit_100_window_size_60/tools.descartes.teastore.image/rest
2025-02-26 14:43:05,601 INFO o.a.j.JMeter: Copyright (c) 1998-2024 The Apache Software Foundation
2025-02-26 14:43:05,601 INFO o.a.j.JMeter: Version 5.6.3
2025-02-26 14:43:05,601 INFO o.a.j.JMeter: java.version=17.0.9
2025-02-26 14:43:05,601 INFO o.a.j.JMeter: java.vm.name=Java HotSpot(TM) 64-Bit Server VM
2025-02-26 14:43:05,601 INFO o.a.j.JMeter: os.name=Windows 11
2025-02-26 14:43:05,601 INFO o.a.j.JMeter: os.arch=amd64
2025-02-26 14:43:05,602 INFO o.a.j.JMeter: os.version=10.0
2025-02-26 14:43:05,602 INFO o.a.j.JMeter: file.encoding=Cp1252
2025-02-26 14:43:05,602 INFO o.a.j.JMeter: java.awt.headless=true
2025-02-26 14:43:05,602 INFO o.a.j.JMeter: Max memory     =1073741824
2025-02-26 14:43:05,602 INFO o.a.j.JMeter: Available Processors =12
2025-02-26 14:43:05,613 INFO o.a.j.JMeter: Default Locale=English (EN)
2025-02-26 14:43:05,614 INFO o.a.j.JMeter: JMeter  Locale=English (EN)
2025-02-26 14:43:05,614 INFO o.a.j.JMeter: JMeterHome=C:\Users\ASUS\Desktop\apache-jmeter-5.6.3\apache-jmeter-5.6.3
2025-02-26 14:43:05,614 INFO o.a.j.JMeter: user.dir  =C:\Users\ASUS\Desktop\Repos\rate-limiter-nginx
2025-02-26 14:43:05,615 INFO o.a.j.JMeter: PWD       =C:\Users\ASUS\Desktop\Repos\rate-limiter-nginx
2025-02-26 14:43:05,617 INFO o.a.j.JMeter: IP: 192.168.1.45 Name: THIVA FullName: THIVA
2025-02-26 14:43:05,644 INFO o.a.j.s.FileServer: Default base='C:\Users\ASUS\Desktop\Repos\rate-limiter-nginx'
2025-02-26 14:43:05,647 INFO o.a.j.s.FileServer: Set new base='c:\Users\ASUS\Desktop\Repos\rate-limiter-nginx\jmeter\cloud'
2025-02-26 14:43:05,926 INFO o.a.j.s.SaveService: Testplan (JMX) version: 2.2. Testlog (JTL) version: 2.2
2025-02-26 14:43:05,958 INFO o.a.j.s.SaveService: Using SaveService properties version 5.0
2025-02-26 14:43:05,962 INFO o.a.j.s.SaveService: Using SaveService properties file encoding UTF-8
2025-02-26 14:43:05,969 INFO o.a.j.s.SaveService: Loading file: c:\Users\ASUS\Desktop\Repos\rate-limiter-nginx\jmeter\cloud\teastore_performance.jmx
2025-02-26 14:43:06,035 INFO o.a.j.p.h.c.CookieManager: Settings: Delete null: true Check: true Allow variable: true Save: false Prefix: COOKIE_
2025-02-26 14:43:06,067 INFO o.a.j.p.h.s.HTTPSamplerBase: Parser for text/html is org.apache.jmeter.protocol.http.parser.LagartoBasedHtmlParser
2025-02-26 14:43:06,067 INFO o.a.j.p.h.s.HTTPSamplerBase: Parser for application/xhtml+xml is org.apache.jmeter.protocol.http.parser.LagartoBasedHtmlParser
2025-02-26 14:43:06,067 INFO o.a.j.p.h.s.HTTPSamplerBase: Parser for application/xml is org.apache.jmeter.protocol.http.parser.LagartoBasedHtmlParser
2025-02-26 14:43:06,067 INFO o.a.j.p.h.s.HTTPSamplerBase: Parser for text/xml is org.apache.jmeter.protocol.http.parser.LagartoBasedHtmlParser
2025-02-26 14:43:06,067 INFO o.a.j.p.h.s.HTTPSamplerBase: Parser for text/vnd.wap.wml is org.apache.jmeter.protocol.http.parser.RegexpHTMLParser
2025-02-26 14:43:06,068 INFO o.a.j.p.h.s.HTTPSamplerBase: Parser for text/css is org.apache.jmeter.protocol.http.parser.CssParser
2025-02-26 14:43:06,238 INFO o.a.j.s.SampleResult: Note: Sample TimeStamps are START times
2025-02-26 14:43:06,238 INFO o.a.j.s.SampleResult: sampleresult.default.encoding is set to UTF-8
2025-02-26 14:43:06,238 INFO o.a.j.s.SampleResult: sampleresult.useNanoTime=true
2025-02-26 14:43:06,238 INFO o.a.j.s.SampleResult: sampleresult.nanoThreadSleep=5000
2025-02-26 14:43:06,304 INFO o.a.j.JMeter: Creating summariser <summary>
2025-02-26 14:43:06,328 INFO o.a.j.e.StandardJMeterEngine: Running the test!
2025-02-26 14:43:06,329 INFO o.a.j.s.SampleEvent: List of sample_variables: []
2025-02-26 14:43:06,329 INFO o.a.j.s.SampleEvent: List of sample_variables: []
2025-02-26 14:43:06,345 INFO o.a.j.e.u.CompoundVariable: Note: Function class names must contain the string: '.functions.'
2025-02-26 14:43:06,345 INFO o.a.j.e.u.CompoundVariable: Note: Function class names must not contain the string: '.gui.'
2025-02-26 14:43:06,451 INFO o.a.j.r.ClassFinder: Will scan jar C:\Users\ASUS\Desktop\apache-jmeter-5.6.3\apache-jmeter-5.6.3\lib\ext\jmeter-plugins-casutg-2.10.jar with filter ExtendsClassFilter [parents=[interface org.apache.jmeter.functions.Function], inner=false, contains=null, notContains=null]. Consider exposing JMeter plugins via META-INF/services, and add JMeter-Skip-Class-Scanning=true manifest attribute so JMeter can skip classfile scanning
2025-02-26 14:43:06,471 INFO o.a.j.r.ClassFinder: Will scan jar C:\Users\ASUS\Desktop\apache-jmeter-5.6.3\apache-jmeter-5.6.3\lib\ext\jmeter-plugins-graphs-vs-2.0.jar with filter ExtendsClassFilter [parents=[interface org.apache.jmeter.functions.Function], inner=false, contains=null, notContains=null]. Consider exposing JMeter plugins via META-INF/services, and add JMeter-Skip-Class-Scanning=true manifest attribute so JMeter can skip classfile scanning
2025-02-26 14:43:06,474 INFO o.a.j.r.ClassFinder: Will scan jar C:\Users\ASUS\Desktop\apache-jmeter-5.6.3\apache-jmeter-5.6.3\lib\ext\jmeter-plugins-manager-1.9.jar with filter ExtendsClassFilter [parents=[interface org.apache.jmeter.functions.Function], inner=false, contains=null, notContains=null]. Consider exposing JMeter plugins via META-INF/services, and add JMeter-Skip-Class-Scanning=true manifest attribute so JMeter can skip classfile scanning
2025-02-26 14:43:06,583 INFO o.a.j.r.ClassFinder: Will scan jar C:\Users\ASUS\Desktop\apache-jmeter-5.6.3\apache-jmeter-5.6.3\lib\ext\jmeter-plugins-graphs-basic-2.0.jar with filter ExtendsClassFilter [parents=[interface org.apache.jmeter.functions.Function], inner=false, contains=null, notContains=null]. Consider exposing JMeter plugins via META-INF/services, and add JMeter-Skip-Class-Scanning=true manifest attribute so JMeter can skip classfile scanning
2025-02-26 14:43:06,589 INFO o.a.j.r.ClassFinder: Will scan jar C:\Users\ASUS\Desktop\apache-jmeter-5.6.3\apache-jmeter-5.6.3\lib\ext\jmeter-plugins-manager-0.20.jar with filter ExtendsClassFilter [parents=[interface org.apache.jmeter.functions.Function], inner=false, contains=null, notContains=null]. Consider exposing JMeter plugins via META-INF/services, and add JMeter-Skip-Class-Scanning=true manifest attribute so JMeter can skip classfile scanning
2025-02-26 14:43:06,596 INFO o.a.j.r.ClassFinder: Will scan jar C:\Users\ASUS\Desktop\apache-jmeter-5.6.3\apache-jmeter-5.6.3\lib\ext\jmeter-plugins-tst-2.6.jar with filter ExtendsClassFilter [parents=[interface org.apache.jmeter.functions.Function], inner=false, contains=null, notContains=null]. Consider exposing JMeter plugins via META-INF/services, and add JMeter-Skip-Class-Scanning=true manifest attribute so JMeter can skip classfile scanning
2025-02-26 14:43:06,601 INFO o.a.j.r.ClassFinder: Will scan jar C:\Users\ASUS\Desktop\apache-jmeter-5.6.3\apache-jmeter-5.6.3\lib\ext\jmeter-parallel-0.12.jar with filter ExtendsClassFilter [parents=[interface org.apache.jmeter.functions.Function], inner=false, contains=null, notContains=null]. Consider exposing JMeter plugins via META-INF/services, and add JMeter-Skip-Class-Scanning=true manifest attribute so JMeter can skip classfile scanning
2025-02-26 14:43:06,940 INFO o.a.j.JMeter: Running test (1740561186940)
2025-02-26 14:43:06,942 INFO o.a.j.e.StandardJMeterEngine: Starting setUp thread groups
2025-02-26 14:43:06,942 INFO o.a.j.e.StandardJMeterEngine: Starting setUp ThreadGroup: 1 : setUp Thread Group 
2025-02-26 14:43:06,942 INFO o.a.j.e.StandardJMeterEngine: Starting 5 threads for group setUp Thread Group.
2025-02-26 14:43:06,942 INFO o.a.j.e.StandardJMeterEngine: Thread will continue on error
2025-02-26 14:43:06,942 INFO o.a.j.t.ThreadGroup: Starting thread group... number=1 threads=5 ramp-up=5 delayedStart=false
2025-02-26 14:43:06,955 INFO o.a.j.t.JMeterThread: Thread started: setUp Thread Group 1-1
2025-02-26 14:43:06,956 INFO o.a.j.t.ThreadGroup: Started thread group number 1
2025-02-26 14:43:06,956 INFO o.a.j.e.StandardJMeterEngine: Waiting for all setup thread groups to exit
2025-02-26 14:43:07,951 INFO o.a.j.p.h.s.HTTPHCAbstractImpl: Local host = THIVA
2025-02-26 14:43:07,951 INFO o.a.j.t.JMeterThread: Thread started: setUp Thread Group 1-2
2025-02-26 14:43:07,961 INFO o.a.j.p.h.s.HTTPHC4Impl: HTTP request retry count = 0
2025-02-26 14:43:08,952 INFO o.a.j.t.JMeterThread: Thread started: setUp Thread Group 1-3
2025-02-26 14:43:09,954 INFO o.a.j.t.JMeterThread: Thread started: setUp Thread Group 1-4
2025-02-26 14:43:10,947 INFO o.a.j.t.JMeterThread: Thread started: setUp Thread Group 1-5
2025-02-26 14:43:16,973 INFO o.a.j.t.JMeterThread: Stopping because end time detected by thread: setUp Thread Group 1-2
2025-02-26 14:43:16,973 INFO o.a.j.t.JMeterThread: Stopping because end time detected by thread: setUp Thread Group 1-5
2025-02-26 14:43:16,973 INFO o.a.j.t.JMeterThread: Thread finished: setUp Thread Group 1-5
2025-02-26 14:43:16,974 INFO o.a.j.t.JMeterThread: Stopping because end time detected by thread: setUp Thread Group 1-1
2025-02-26 14:43:16,978 INFO o.a.j.t.JMeterThread: Thread finished: setUp Thread Group 1-2
2025-02-26 14:43:16,978 INFO o.a.j.t.JMeterThread: Thread finished: setUp Thread Group 1-1
2025-02-26 14:43:17,036 INFO o.a.j.t.JMeterThread: Stopping because end time detected by thread: setUp Thread Group 1-4
2025-02-26 14:43:17,036 INFO o.a.j.t.JMeterThread: Thread finished: setUp Thread Group 1-4
2025-02-26 14:43:17,503 INFO o.a.j.t.JMeterThread: Stopping because end time detected by thread: setUp Thread Group 1-3
2025-02-26 14:43:17,504 INFO o.a.j.t.JMeterThread: Thread finished: setUp Thread Group 1-3
2025-02-26 14:43:17,504 INFO o.a.j.e.StandardJMeterEngine: All Setup Threads have ended
2025-02-26 14:43:17,530 INFO o.a.j.e.StandardJMeterEngine: Starting ThreadGroup: 1 : Thread-Gruppe
2025-02-26 14:43:17,531 INFO o.a.j.e.StandardJMeterEngine: Starting 1 threads for group Thread-Gruppe.
2025-02-26 14:43:17,531 INFO o.a.j.e.StandardJMeterEngine: Thread will continue on error
2025-02-26 14:43:17,531 INFO o.a.j.t.ThreadGroup: Starting thread group... number=1 threads=1 ramp-up=5 delayedStart=false
2025-02-26 14:43:17,532 INFO o.a.j.t.ThreadGroup: Started thread group number 1
2025-02-26 14:43:17,532 INFO o.a.j.e.StandardJMeterEngine: Starting ThreadGroup: 2 : Thread-Gruppe
2025-02-26 14:43:17,532 INFO o.a.j.e.StandardJMeterEngine: Starting 1 threads for group Thread-Gruppe.
2025-02-26 14:43:17,534 INFO o.a.j.e.StandardJMeterEngine: Thread will continue on error
2025-02-26 14:43:17,534 INFO o.a.j.t.ThreadGroup: Starting thread group... number=2 threads=1 ramp-up=5 delayedStart=false
2025-02-26 14:43:17,535 INFO o.a.j.t.ThreadGroup: Started thread group number 2
2025-02-26 14:43:17,535 INFO o.a.j.e.StandardJMeterEngine: Starting ThreadGroup: 3 : Thread-Gruppe
2025-02-26 14:43:17,535 INFO o.a.j.e.StandardJMeterEngine: Starting 1 threads for group Thread-Gruppe.
2025-02-26 14:43:17,536 INFO o.a.j.e.StandardJMeterEngine: Thread will continue on error
2025-02-26 14:43:17,536 INFO o.a.j.t.ThreadGroup: Starting thread group... number=3 threads=1 ramp-up=5 delayedStart=false
2025-02-26 14:43:17,537 INFO o.a.j.t.JMeterThread: Thread started: Thread-Gruppe 2-1
2025-02-26 14:43:17,537 INFO o.a.j.t.JMeterThread: Thread started: Thread-Gruppe 1-1
2025-02-26 14:43:17,541 INFO o.a.j.t.ThreadGroup: Started thread group number 3
2025-02-26 14:43:17,541 INFO o.a.j.e.StandardJMeterEngine: All thread groups have been started
2025-02-26 14:43:17,542 INFO o.a.j.t.JMeterThread: Thread started: Thread-Gruppe 3-1
2025-02-26 14:43:31,165 INFO o.a.j.r.Summariser: summary +      7 in 00:00:24 =    0.3/s Avg:   434 Min:   266 Max:   506 Err:     0 (0.00%) Active: 3 Started: 3 Finished: 0
2025-02-26 14:43:38,056 INFO o.a.j.t.JMeterThread: Thread finished: Thread-Gruppe 1-1
2025-02-26 14:43:42,826 INFO o.a.j.t.JMeterThread: Thread finished: Thread-Gruppe 3-1
2025-02-26 14:43:44,522 INFO o.a.j.t.JMeterThread: Thread finished: Thread-Gruppe 2-1
2025-02-26 14:43:44,523 INFO o.a.j.e.StandardJMeterEngine: Notifying test listeners of end of test
2025-02-26 14:43:44,532 INFO o.a.j.r.Summariser: summary +      6 in 00:00:13 =    0.4/s Avg:   306 Min:   260 Max:   486 Err:     0 (0.00%) Active: 0 Started: 3 Finished: 3
2025-02-26 14:43:44,534 INFO o.a.j.r.Summariser: summary =     13 in 00:00:38 =    0.3/s Avg:   375 Min:   260 Max:   506 Err:     0 (0.00%)
