2025-02-27 15:43:08,966 INFO o.a.j.u.JMeterUtils: Setting Locale to en_EN
2025-02-27 15:43:09,001 INFO o.a.j.JMeter: Loading user properties from: D:\Semester 7\CS4203 - Research and Development Project\Artifacts\apache-jmeter-5.6.3\bin\user.properties
2025-02-27 15:43:09,001 INFO o.a.j.JMeter: Loading system properties from: D:\Semester 7\CS4203 - Research and Development Project\Artifacts\apache-jmeter-5.6.3\bin\system.properties
2025-02-27 15:43:09,001 INFO o.a.j.JMeter: Setting JMeter property: lb_1_hostname=34.70.149.254
2025-02-27 15:43:09,001 INFO o.a.j.JMeter: Setting JMeter property: lb_2_hostname=35.232.62.106
2025-02-27 15:43:09,001 INFO o.a.j.JMeter: Setting JMeter property: lb_1_port=8090
2025-02-27 15:43:09,001 INFO o.a.j.JMeter: Setting JMeter property: lb_2_port=8091
2025-02-27 15:43:09,007 INFO o.a.j.JMeter: Setting JMeter property: warm_up_users=20
2025-02-27 15:43:09,007 INFO o.a.j.JMeter: Setting JMeter property: warm_up_time=60
2025-02-27 15:43:09,007 INFO o.a.j.JMeter: Setting JMeter property: test_run_time=600
2025-02-27 15:43:09,007 INFO o.a.j.JMeter: Setting JMeter property: ramp_up=10
2025-02-27 15:43:09,007 INFO o.a.j.JMeter: Setting JMeter property: group_1=75
2025-02-27 15:43:09,007 INFO o.a.j.JMeter: Setting JMeter property: group_2=20
2025-02-27 15:43:09,007 INFO o.a.j.JMeter: Setting JMeter property: group_3=5
2025-02-27 15:43:09,007 INFO o.a.j.JMeter: Setting JMeter property: group_1_request_rate=30
2025-02-27 15:43:09,007 INFO o.a.j.JMeter: Setting JMeter property: group_2_request_rate=90
2025-02-27 15:43:09,007 INFO o.a.j.JMeter: Setting JMeter property: group_3_request_rate=120
2025-02-27 15:43:09,007 INFO o.a.j.JMeter: Setting JMeter property: log_file=d:\Semester 7\CS4203 - Research and Development Project\Artifacts\rate-limiter-nginx\jmeter\cloud\2025_02_27_15_09_logs\token_bucket\redis_async_bucket_capacity_5_refill_rate_1.67_batch_percent_0.2\warm_up_results.csv
2025-02-27 15:43:09,007 INFO o.a.j.JMeter: Setting JMeter property: algorithm=token_bucket_redis_async_bucket_capacity_5_refill_rate_1.67_batch_percent_0.2
2025-02-27 15:43:09,007 INFO o.a.j.JMeter: Setting JMeter property: auth=/token_bucket/redis_async_bucket_capacity_5_refill_rate_1.67_batch_percent_0.2/tools.descartes.teastore.auth/rest
2025-02-27 15:43:09,007 INFO o.a.j.JMeter: Setting JMeter property: persistence=/token_bucket/redis_async_bucket_capacity_5_refill_rate_1.67_batch_percent_0.2/tools.descartes.teastore.persistence/rest
2025-02-27 15:43:09,007 INFO o.a.j.JMeter: Setting JMeter property: recommender=/token_bucket/redis_async_bucket_capacity_5_refill_rate_1.67_batch_percent_0.2/tools.descartes.teastore.recommender/rest
2025-02-27 15:43:09,007 INFO o.a.j.JMeter: Setting JMeter property: image=/token_bucket/redis_async_bucket_capacity_5_refill_rate_1.67_batch_percent_0.2/tools.descartes.teastore.image/rest
2025-02-27 15:43:09,007 INFO o.a.j.JMeter: Copyright (c) 1998-2024 The Apache Software Foundation
2025-02-27 15:43:09,007 INFO o.a.j.JMeter: Version 5.6.3
2025-02-27 15:43:09,007 INFO o.a.j.JMeter: java.version=11.0.22
2025-02-27 15:43:09,007 INFO o.a.j.JMeter: java.vm.name=Java HotSpot(TM) 64-Bit Server VM
2025-02-27 15:43:09,007 INFO o.a.j.JMeter: os.name=Windows 10
2025-02-27 15:43:09,007 INFO o.a.j.JMeter: os.arch=amd64
2025-02-27 15:43:09,007 INFO o.a.j.JMeter: os.version=10.0
2025-02-27 15:43:09,007 INFO o.a.j.JMeter: file.encoding=Cp1252
2025-02-27 15:43:09,007 INFO o.a.j.JMeter: java.awt.headless=true
2025-02-27 15:43:09,007 INFO o.a.j.JMeter: Max memory     =1073741824
2025-02-27 15:43:09,007 INFO o.a.j.JMeter: Available Processors =12
2025-02-27 15:43:09,037 INFO o.a.j.JMeter: Default Locale=English (EN)
2025-02-27 15:43:09,037 INFO o.a.j.JMeter: JMeter  Locale=English (EN)
2025-02-27 15:43:09,037 INFO o.a.j.JMeter: JMeterHome=D:\Semester 7\CS4203 - Research and Development Project\Artifacts\apache-jmeter-5.6.3
2025-02-27 15:43:09,037 INFO o.a.j.JMeter: user.dir  =D:\Semester 7\CS4203 - Research and Development Project\Artifacts\rate-limiter-nginx
2025-02-27 15:43:09,037 INFO o.a.j.JMeter: PWD       =D:\Semester 7\CS4203 - Research and Development Project\Artifacts\rate-limiter-nginx
2025-02-27 15:43:09,037 INFO o.a.j.JMeter: IP: 10.10.21.101 Name: KOBI-MSI-PC FullName: 10.10.21.101
2025-02-27 15:43:09,052 INFO o.a.j.s.FileServer: Default base='D:\Semester 7\CS4203 - Research and Development Project\Artifacts\rate-limiter-nginx'
2025-02-27 15:43:09,052 INFO o.a.j.s.FileServer: Set new base='d:\Semester 7\CS4203 - Research and Development Project\Artifacts\rate-limiter-nginx\jmeter\cloud'
2025-02-27 15:43:09,267 INFO o.a.j.s.SaveService: Testplan (JMX) version: 2.2. Testlog (JTL) version: 2.2
2025-02-27 15:43:09,300 INFO o.a.j.s.SaveService: Using SaveService properties version 5.0
2025-02-27 15:43:09,315 INFO o.a.j.s.SaveService: Using SaveService properties file encoding UTF-8
2025-02-27 15:43:09,315 INFO o.a.j.s.SaveService: Loading file: d:\Semester 7\CS4203 - Research and Development Project\Artifacts\rate-limiter-nginx\jmeter\cloud\teastore_performance.jmx
2025-02-27 15:43:09,375 INFO o.a.j.p.h.c.CookieManager: Settings: Delete null: true Check: true Allow variable: true Save: false Prefix: COOKIE_
2025-02-27 15:43:09,405 INFO o.a.j.p.h.s.HTTPSamplerBase: Parser for text/html is org.apache.jmeter.protocol.http.parser.LagartoBasedHtmlParser
2025-02-27 15:43:09,405 INFO o.a.j.p.h.s.HTTPSamplerBase: Parser for application/xhtml+xml is org.apache.jmeter.protocol.http.parser.LagartoBasedHtmlParser
2025-02-27 15:43:09,405 INFO o.a.j.p.h.s.HTTPSamplerBase: Parser for application/xml is org.apache.jmeter.protocol.http.parser.LagartoBasedHtmlParser
2025-02-27 15:43:09,405 INFO o.a.j.p.h.s.HTTPSamplerBase: Parser for text/xml is org.apache.jmeter.protocol.http.parser.LagartoBasedHtmlParser
2025-02-27 15:43:09,405 INFO o.a.j.p.h.s.HTTPSamplerBase: Parser for text/vnd.wap.wml is org.apache.jmeter.protocol.http.parser.RegexpHTMLParser
2025-02-27 15:43:09,405 INFO o.a.j.p.h.s.HTTPSamplerBase: Parser for text/css is org.apache.jmeter.protocol.http.parser.CssParser
2025-02-27 15:43:09,571 INFO o.a.j.s.SampleResult: Note: Sample TimeStamps are START times
2025-02-27 15:43:09,571 INFO o.a.j.s.SampleResult: sampleresult.default.encoding is set to UTF-8
2025-02-27 15:43:09,571 INFO o.a.j.s.SampleResult: sampleresult.useNanoTime=true
2025-02-27 15:43:09,571 INFO o.a.j.s.SampleResult: sampleresult.nanoThreadSleep=5000
2025-02-27 15:43:09,616 INFO o.a.j.JMeter: Creating summariser <summary>
2025-02-27 15:43:09,631 INFO o.a.j.e.StandardJMeterEngine: Running the test!
2025-02-27 15:43:09,631 INFO o.a.j.s.SampleEvent: List of sample_variables: []
2025-02-27 15:43:09,631 INFO o.a.j.s.SampleEvent: List of sample_variables: []
2025-02-27 15:43:09,646 INFO o.a.j.e.u.CompoundVariable: Note: Function class names must contain the string: '.functions.'
2025-02-27 15:43:09,646 INFO o.a.j.e.u.CompoundVariable: Note: Function class names must not contain the string: '.gui.'
2025-02-27 15:43:09,921 INFO o.a.j.r.ClassFinder: Will scan jar D:\Semester 7\CS4203 - Research and Development Project\Artifacts\apache-jmeter-5.6.3\lib\ext\jmeter-plugins-casutg-2.10.jar with filter ExtendsClassFilter [parents=[interface org.apache.jmeter.functions.Function], inner=false, contains=null, notContains=null]. Consider exposing JMeter plugins via META-INF/services, and add JMeter-Skip-Class-Scanning=true manifest attribute so JMeter can skip classfile scanning
2025-02-27 15:43:09,951 INFO o.a.j.r.ClassFinder: Will scan jar D:\Semester 7\CS4203 - Research and Development Project\Artifacts\apache-jmeter-5.6.3\lib\ext\jmeter-plugins-graphs-additional-2.0.jar with filter ExtendsClassFilter [parents=[interface org.apache.jmeter.functions.Function], inner=false, contains=null, notContains=null]. Consider exposing JMeter plugins via META-INF/services, and add JMeter-Skip-Class-Scanning=true manifest attribute so JMeter can skip classfile scanning
2025-02-27 15:43:09,966 INFO o.a.j.r.ClassFinder: Will scan jar D:\Semester 7\CS4203 - Research and Development Project\Artifacts\apache-jmeter-5.6.3\lib\ext\jmeter-plugins-perfmon-2.1.jar with filter ExtendsClassFilter [parents=[interface org.apache.jmeter.functions.Function], inner=false, contains=null, notContains=null]. Consider exposing JMeter plugins via META-INF/services, and add JMeter-Skip-Class-Scanning=true manifest attribute so JMeter can skip classfile scanning
2025-02-27 15:43:09,966 INFO o.a.j.r.ClassFinder: Will scan jar D:\Semester 7\CS4203 - Research and Development Project\Artifacts\apache-jmeter-5.6.3\lib\ext\json-lib-2.4-jdk15.jar with filter ExtendsClassFilter [parents=[interface org.apache.jmeter.functions.Function], inner=false, contains=null, notContains=null]. Consider exposing JMeter plugins via META-INF/services, and add JMeter-Skip-Class-Scanning=true manifest attribute so JMeter can skip classfile scanning
2025-02-27 15:43:09,986 INFO o.a.j.r.ClassFinder: Will scan jar D:\Semester 7\CS4203 - Research and Development Project\Artifacts\apache-jmeter-5.6.3\lib\ext\perfmon-2.2.2.jar with filter ExtendsClassFilter [parents=[interface org.apache.jmeter.functions.Function], inner=false, contains=null, notContains=null]. Consider exposing JMeter plugins via META-INF/services, and add JMeter-Skip-Class-Scanning=true manifest attribute so JMeter can skip classfile scanning
2025-02-27 15:43:10,001 INFO o.a.j.r.ClassFinder: Will scan jar D:\Semester 7\CS4203 - Research and Development Project\Artifacts\apache-jmeter-5.6.3\lib\ext\jmeter-plugins-manager-1.10.jar with filter ExtendsClassFilter [parents=[interface org.apache.jmeter.functions.Function], inner=false, contains=null, notContains=null]. Consider exposing JMeter plugins via META-INF/services, and add JMeter-Skip-Class-Scanning=true manifest attribute so JMeter can skip classfile scanning
2025-02-27 15:43:10,124 INFO o.a.j.r.ClassFinder: Will scan jar D:\Semester 7\CS4203 - Research and Development Project\Artifacts\apache-jmeter-5.6.3\lib\ext\jmeter-plugins-graphs-vs-2.0.jar with filter ExtendsClassFilter [parents=[interface org.apache.jmeter.functions.Function], inner=false, contains=null, notContains=null]. Consider exposing JMeter plugins via META-INF/services, and add JMeter-Skip-Class-Scanning=true manifest attribute so JMeter can skip classfile scanning
2025-02-27 15:43:10,124 INFO o.a.j.r.ClassFinder: Will scan jar D:\Semester 7\CS4203 - Research and Development Project\Artifacts\apache-jmeter-5.6.3\lib\ext\jmeter-parallel-0.12.jar with filter ExtendsClassFilter [parents=[interface org.apache.jmeter.functions.Function], inner=false, contains=null, notContains=null]. Consider exposing JMeter plugins via META-INF/services, and add JMeter-Skip-Class-Scanning=true manifest attribute so JMeter can skip classfile scanning
2025-02-27 15:43:10,124 INFO o.a.j.r.ClassFinder: Will scan jar D:\Semester 7\CS4203 - Research and Development Project\Artifacts\apache-jmeter-5.6.3\lib\ext\jmeter-plugins-tst-2.6.jar with filter ExtendsClassFilter [parents=[interface org.apache.jmeter.functions.Function], inner=false, contains=null, notContains=null]. Consider exposing JMeter plugins via META-INF/services, and add JMeter-Skip-Class-Scanning=true manifest attribute so JMeter can skip classfile scanning
2025-02-27 15:43:10,139 INFO o.a.j.r.ClassFinder: Will scan jar D:\Semester 7\CS4203 - Research and Development Project\Artifacts\apache-jmeter-5.6.3\lib\ext\jmeter-prometheus-plugin-0.6.0.jar with filter ExtendsClassFilter [parents=[interface org.apache.jmeter.functions.Function], inner=false, contains=null, notContains=null]. Consider exposing JMeter plugins via META-INF/services, and add JMeter-Skip-Class-Scanning=true manifest attribute so JMeter can skip classfile scanning
2025-02-27 15:43:10,154 INFO o.a.j.r.ClassFinder: Will scan jar D:\Semester 7\CS4203 - Research and Development Project\Artifacts\apache-jmeter-5.6.3\lib\ext\jmeter-plugins-graphs-basic-2.0.jar with filter ExtendsClassFilter [parents=[interface org.apache.jmeter.functions.Function], inner=false, contains=null, notContains=null]. Consider exposing JMeter plugins via META-INF/services, and add JMeter-Skip-Class-Scanning=true manifest attribute so JMeter can skip classfile scanning
2025-02-27 15:43:10,575 INFO o.a.j.JMeter: Running test (1740651190575)
2025-02-27 15:43:10,575 INFO o.a.j.e.StandardJMeterEngine: Starting setUp thread groups
2025-02-27 15:43:10,575 INFO o.a.j.e.StandardJMeterEngine: Starting setUp ThreadGroup: 1 : setUp Thread Group 
2025-02-27 15:43:10,575 INFO o.a.j.e.StandardJMeterEngine: Starting 20 threads for group setUp Thread Group.
2025-02-27 15:43:10,575 INFO o.a.j.e.StandardJMeterEngine: Thread will continue on error
2025-02-27 15:43:10,575 INFO o.a.j.t.ThreadGroup: Starting thread group... number=1 threads=20 ramp-up=10 delayedStart=false
2025-02-27 15:43:10,605 INFO o.a.j.t.JMeterThread: Thread started: setUp Thread Group 1-1
2025-02-27 15:43:10,654 INFO o.a.j.t.ThreadGroup: Started thread group number 1
2025-02-27 15:43:10,655 INFO o.a.j.e.StandardJMeterEngine: Waiting for all setup thread groups to exit
2025-02-27 15:43:11,097 INFO o.a.j.t.JMeterThread: Thread started: setUp Thread Group 1-2
2025-02-27 15:43:11,600 INFO o.a.j.t.JMeterThread: Thread started: setUp Thread Group 1-3
2025-02-27 15:43:11,679 INFO o.a.j.p.h.s.HTTPHCAbstractImpl: Local host = KOBI-MSI-PC
2025-02-27 15:43:11,685 INFO o.a.j.p.h.s.HTTPHC4Impl: HTTP request retry count = 0
2025-02-27 15:43:12,086 INFO o.a.j.t.JMeterThread: Thread started: setUp Thread Group 1-4
2025-02-27 15:43:12,589 INFO o.a.j.t.JMeterThread: Thread started: setUp Thread Group 1-5
2025-02-27 15:43:13,084 INFO o.a.j.t.JMeterThread: Thread started: setUp Thread Group 1-6
2025-02-27 15:43:13,583 INFO o.a.j.t.JMeterThread: Thread started: setUp Thread Group 1-7
2025-02-27 15:43:14,084 INFO o.a.j.t.JMeterThread: Thread started: setUp Thread Group 1-8
2025-02-27 15:43:14,582 INFO o.a.j.t.JMeterThread: Thread started: setUp Thread Group 1-9
2025-02-27 15:43:15,080 INFO o.a.j.t.JMeterThread: Thread started: setUp Thread Group 1-10
2025-02-27 15:43:15,582 INFO o.a.j.t.JMeterThread: Thread started: setUp Thread Group 1-11
2025-02-27 15:43:16,080 INFO o.a.j.t.JMeterThread: Thread started: setUp Thread Group 1-12
2025-02-27 15:43:16,582 INFO o.a.j.t.JMeterThread: Thread started: setUp Thread Group 1-13
2025-02-27 15:43:17,080 INFO o.a.j.t.JMeterThread: Thread started: setUp Thread Group 1-14
2025-02-27 15:43:17,581 INFO o.a.j.t.JMeterThread: Thread started: setUp Thread Group 1-15
2025-02-27 15:43:18,080 INFO o.a.j.t.JMeterThread: Thread started: setUp Thread Group 1-16
2025-02-27 15:43:18,579 INFO o.a.j.t.JMeterThread: Thread started: setUp Thread Group 1-17
2025-02-27 15:43:19,081 INFO o.a.j.t.JMeterThread: Thread started: setUp Thread Group 1-18
2025-02-27 15:43:19,580 INFO o.a.j.t.JMeterThread: Thread started: setUp Thread Group 1-19
2025-02-27 15:43:20,080 INFO o.a.j.t.JMeterThread: Thread started: setUp Thread Group 1-20
2025-02-27 15:44:10,440 INFO o.a.j.t.JMeterThread: Thread finished: setUp Thread Group 1-4
2025-02-27 15:44:10,445 INFO o.a.j.t.JMeterThread: Thread finished: setUp Thread Group 1-10
2025-02-27 15:44:10,445 INFO o.a.j.t.JMeterThread: Thread finished: setUp Thread Group 1-3
2025-02-27 15:44:10,449 INFO o.a.j.t.JMeterThread: Thread finished: setUp Thread Group 1-5
2025-02-27 15:44:10,511 INFO o.a.j.t.JMeterThread: Thread finished: setUp Thread Group 1-6
2025-02-27 15:44:10,511 INFO o.a.j.t.JMeterThread: Thread finished: setUp Thread Group 1-17
2025-02-27 15:44:10,526 INFO o.a.j.t.JMeterThread: Thread finished: setUp Thread Group 1-1
2025-02-27 15:44:10,568 INFO o.a.j.t.JMeterThread: Thread finished: setUp Thread Group 1-20
2025-02-27 15:44:10,587 INFO o.a.j.t.JMeterThread: Thread finished: setUp Thread Group 1-19
2025-02-27 15:44:10,589 INFO o.a.j.t.JMeterThread: Thread finished: setUp Thread Group 1-11
2025-02-27 15:44:10,660 INFO o.a.j.t.JMeterThread: Stopping because end time detected by thread: setUp Thread Group 1-14
2025-02-27 15:44:10,661 INFO o.a.j.t.JMeterThread: Thread finished: setUp Thread Group 1-14
2025-02-27 15:44:10,683 INFO o.a.j.t.JMeterThread: Stopping because end time detected by thread: setUp Thread Group 1-15
2025-02-27 15:44:10,683 INFO o.a.j.t.JMeterThread: Thread finished: setUp Thread Group 1-15
2025-02-27 15:44:10,736 INFO o.a.j.t.JMeterThread: Stopping because end time detected by thread: setUp Thread Group 1-18
2025-02-27 15:44:10,736 INFO o.a.j.t.JMeterThread: Thread finished: setUp Thread Group 1-18
2025-02-27 15:44:10,757 INFO o.a.j.t.JMeterThread: Stopping because end time detected by thread: setUp Thread Group 1-2
2025-02-27 15:44:10,758 INFO o.a.j.t.JMeterThread: Thread finished: setUp Thread Group 1-2
2025-02-27 15:44:10,795 INFO o.a.j.t.JMeterThread: Stopping because end time detected by thread: setUp Thread Group 1-9
2025-02-27 15:44:10,796 INFO o.a.j.t.JMeterThread: Thread finished: setUp Thread Group 1-9
2025-02-27 15:44:10,842 INFO o.a.j.t.JMeterThread: Stopping because end time detected by thread: setUp Thread Group 1-12
2025-02-27 15:44:10,842 INFO o.a.j.t.JMeterThread: Thread finished: setUp Thread Group 1-12
2025-02-27 15:44:10,849 INFO o.a.j.t.JMeterThread: Stopping because end time detected by thread: setUp Thread Group 1-7
2025-02-27 15:44:10,849 INFO o.a.j.t.JMeterThread: Thread finished: setUp Thread Group 1-7
2025-02-27 15:44:10,889 INFO o.a.j.t.JMeterThread: Stopping because end time detected by thread: setUp Thread Group 1-8
2025-02-27 15:44:10,890 INFO o.a.j.t.JMeterThread: Thread finished: setUp Thread Group 1-8
2025-02-27 15:44:10,965 INFO o.a.j.t.JMeterThread: Stopping because end time detected by thread: setUp Thread Group 1-16
2025-02-27 15:44:10,966 INFO o.a.j.t.JMeterThread: Thread finished: setUp Thread Group 1-16
2025-02-27 15:44:11,214 INFO o.a.j.t.JMeterThread: Stopping because end time detected by thread: setUp Thread Group 1-13
2025-02-27 15:44:11,215 INFO o.a.j.t.JMeterThread: Thread finished: setUp Thread Group 1-13
2025-02-27 15:44:11,216 INFO o.a.j.e.StandardJMeterEngine: All Setup Threads have ended
2025-02-27 15:44:11,263 INFO o.a.j.e.StandardJMeterEngine: Starting ThreadGroup: 1 : Thread-Gruppe
2025-02-27 15:44:11,263 INFO o.a.j.e.StandardJMeterEngine: Starting 75 threads for group Thread-Gruppe.
2025-02-27 15:44:11,263 INFO o.a.j.e.StandardJMeterEngine: Thread will continue on error
2025-02-27 15:44:11,263 INFO o.a.j.t.ThreadGroup: Starting thread group... number=1 threads=75 ramp-up=10 delayedStart=false
2025-02-27 15:44:11,267 INFO o.a.j.t.JMeterThread: Thread started: Thread-Gruppe 1-1
2025-02-27 15:44:11,354 INFO o.a.j.t.ThreadGroup: Started thread group number 1
2025-02-27 15:44:11,354 INFO o.a.j.e.StandardJMeterEngine: Starting ThreadGroup: 2 : Thread-Gruppe
2025-02-27 15:44:11,354 INFO o.a.j.e.StandardJMeterEngine: Starting 20 threads for group Thread-Gruppe.
2025-02-27 15:44:11,354 INFO o.a.j.e.StandardJMeterEngine: Thread will continue on error
2025-02-27 15:44:11,355 INFO o.a.j.t.ThreadGroup: Starting thread group... number=2 threads=20 ramp-up=10 delayedStart=false
2025-02-27 15:44:11,357 INFO o.a.j.t.JMeterThread: Thread started: Thread-Gruppe 2-1
2025-02-27 15:44:11,376 INFO o.a.j.t.ThreadGroup: Started thread group number 2
2025-02-27 15:44:11,376 INFO o.a.j.e.StandardJMeterEngine: Starting ThreadGroup: 3 : Thread-Gruppe
2025-02-27 15:44:11,376 INFO o.a.j.e.StandardJMeterEngine: Starting 5 threads for group Thread-Gruppe.
2025-02-27 15:44:11,376 INFO o.a.j.e.StandardJMeterEngine: Thread will continue on error
2025-02-27 15:44:11,376 INFO o.a.j.t.ThreadGroup: Starting thread group... number=3 threads=5 ramp-up=10 delayedStart=false
2025-02-27 15:44:11,378 INFO o.a.j.t.JMeterThread: Thread started: Thread-Gruppe 3-1
2025-02-27 15:44:11,383 INFO o.a.j.t.ThreadGroup: Started thread group number 3
2025-02-27 15:44:11,383 INFO o.a.j.e.StandardJMeterEngine: All thread groups have been started
2025-02-27 15:44:11,399 INFO o.a.j.t.JMeterThread: Thread started: Thread-Gruppe 1-2
2025-02-27 15:44:11,534 INFO o.a.j.t.JMeterThread: Thread started: Thread-Gruppe 1-3
2025-02-27 15:44:11,666 INFO o.a.j.t.JMeterThread: Thread started: Thread-Gruppe 1-4
2025-02-27 15:44:11,799 INFO o.a.j.t.JMeterThread: Thread started: Thread-Gruppe 1-5
2025-02-27 15:44:11,858 INFO o.a.j.t.JMeterThread: Thread started: Thread-Gruppe 2-2
2025-02-27 15:44:11,932 INFO o.a.j.t.JMeterThread: Thread started: Thread-Gruppe 1-6
2025-02-27 15:44:12,063 INFO o.a.j.t.JMeterThread: Thread started: Thread-Gruppe 1-7
2025-02-27 15:44:12,197 INFO o.a.j.t.JMeterThread: Thread started: Thread-Gruppe 1-8
2025-02-27 15:44:12,330 INFO o.a.j.t.JMeterThread: Thread started: Thread-Gruppe 1-9
2025-02-27 15:44:12,357 INFO o.a.j.t.JMeterThread: Thread started: Thread-Gruppe 2-3
2025-02-27 15:44:12,465 INFO o.a.j.t.JMeterThread: Thread started: Thread-Gruppe 1-10
2025-02-27 15:44:12,598 INFO o.a.j.t.JMeterThread: Thread started: Thread-Gruppe 1-11
2025-02-27 15:44:12,728 INFO o.a.j.t.JMeterThread: Thread started: Thread-Gruppe 1-12
2025-02-27 15:44:12,858 INFO o.a.j.t.JMeterThread: Thread started: Thread-Gruppe 2-4
2025-02-27 15:44:12,863 INFO o.a.j.t.JMeterThread: Thread started: Thread-Gruppe 1-13
2025-02-27 15:44:12,995 INFO o.a.j.t.JMeterThread: Thread started: Thread-Gruppe 1-14
2025-02-27 15:44:13,129 INFO o.a.j.t.JMeterThread: Thread started: Thread-Gruppe 1-15
2025-02-27 15:44:13,262 INFO o.a.j.t.JMeterThread: Thread started: Thread-Gruppe 1-16
2025-02-27 15:44:13,358 INFO o.a.j.t.JMeterThread: Thread started: Thread-Gruppe 2-5
2025-02-27 15:44:13,379 INFO o.a.j.t.JMeterThread: Thread started: Thread-Gruppe 3-2
2025-02-27 15:44:13,395 INFO o.a.j.t.JMeterThread: Thread started: Thread-Gruppe 1-17
2025-02-27 15:44:13,528 INFO o.a.j.t.JMeterThread: Thread started: Thread-Gruppe 1-18
2025-02-27 15:44:13,661 INFO o.a.j.t.JMeterThread: Thread started: Thread-Gruppe 1-19
2025-02-27 15:44:13,794 INFO o.a.j.t.JMeterThread: Thread started: Thread-Gruppe 1-20
2025-02-27 15:44:13,857 INFO o.a.j.t.JMeterThread: Thread started: Thread-Gruppe 2-6
2025-02-27 15:44:13,927 INFO o.a.j.t.JMeterThread: Thread started: Thread-Gruppe 1-21
2025-02-27 15:44:14,060 INFO o.a.j.t.JMeterThread: Thread started: Thread-Gruppe 1-22
2025-02-27 15:44:14,194 INFO o.a.j.t.JMeterThread: Thread started: Thread-Gruppe 1-23
2025-02-27 15:44:14,324 INFO o.a.j.t.JMeterThread: Thread started: Thread-Gruppe 1-24
2025-02-27 15:44:14,358 INFO o.a.j.t.JMeterThread: Thread started: Thread-Gruppe 2-7
2025-02-27 15:44:14,458 INFO o.a.j.t.JMeterThread: Thread started: Thread-Gruppe 1-25
2025-02-27 15:44:14,591 INFO o.a.j.t.JMeterThread: Thread started: Thread-Gruppe 1-26
2025-02-27 15:44:14,724 INFO o.a.j.t.JMeterThread: Thread started: Thread-Gruppe 1-27
2025-02-27 15:44:14,857 INFO o.a.j.t.JMeterThread: Thread started: Thread-Gruppe 1-28
2025-02-27 15:44:14,857 INFO o.a.j.t.JMeterThread: Thread started: Thread-Gruppe 2-8
2025-02-27 15:44:14,991 INFO o.a.j.t.JMeterThread: Thread started: Thread-Gruppe 1-29
2025-02-27 15:44:15,122 INFO o.a.j.t.JMeterThread: Thread started: Thread-Gruppe 1-30
2025-02-27 15:44:15,257 INFO o.a.j.t.JMeterThread: Thread started: Thread-Gruppe 1-31
2025-02-27 15:44:15,359 INFO o.a.j.t.JMeterThread: Thread started: Thread-Gruppe 2-9
2025-02-27 15:44:15,380 INFO o.a.j.t.JMeterThread: Thread started: Thread-Gruppe 3-3
2025-02-27 15:44:15,390 INFO o.a.j.t.JMeterThread: Thread started: Thread-Gruppe 1-32
2025-02-27 15:44:15,522 INFO o.a.j.t.JMeterThread: Thread started: Thread-Gruppe 1-33
2025-02-27 15:44:15,656 INFO o.a.j.t.JMeterThread: Thread started: Thread-Gruppe 1-34
2025-02-27 15:44:15,788 INFO o.a.j.t.JMeterThread: Thread started: Thread-Gruppe 1-35
2025-02-27 15:44:15,857 INFO o.a.j.t.JMeterThread: Thread started: Thread-Gruppe 2-10
2025-02-27 15:44:15,923 INFO o.a.j.t.JMeterThread: Thread started: Thread-Gruppe 1-36
2025-02-27 15:44:16,056 INFO o.a.j.t.JMeterThread: Thread started: Thread-Gruppe 1-37
2025-02-27 15:44:16,186 INFO o.a.j.t.JMeterThread: Thread started: Thread-Gruppe 1-38
2025-02-27 15:44:16,320 INFO o.a.j.t.JMeterThread: Thread started: Thread-Gruppe 1-39
2025-02-27 15:44:16,357 INFO o.a.j.t.JMeterThread: Thread started: Thread-Gruppe 2-11
2025-02-27 15:44:16,454 INFO o.a.j.t.JMeterThread: Thread started: Thread-Gruppe 1-40
2025-02-27 15:44:16,587 INFO o.a.j.t.JMeterThread: Thread started: Thread-Gruppe 1-41
2025-02-27 15:44:16,720 INFO o.a.j.t.JMeterThread: Thread started: Thread-Gruppe 1-42
2025-02-27 15:44:16,852 INFO o.a.j.t.JMeterThread: Thread started: Thread-Gruppe 1-43
2025-02-27 15:44:16,858 INFO o.a.j.t.JMeterThread: Thread started: Thread-Gruppe 2-12
2025-02-27 15:44:16,986 INFO o.a.j.t.JMeterThread: Thread started: Thread-Gruppe 1-44
2025-02-27 15:44:17,118 INFO o.a.j.t.JMeterThread: Thread started: Thread-Gruppe 1-45
2025-02-27 15:44:17,251 INFO o.a.j.t.JMeterThread: Thread started: Thread-Gruppe 1-46
2025-02-27 15:44:17,359 INFO o.a.j.t.JMeterThread: Thread started: Thread-Gruppe 2-13
2025-02-27 15:44:17,378 INFO o.a.j.t.JMeterThread: Thread started: Thread-Gruppe 3-4
2025-02-27 15:44:17,382 INFO o.a.j.t.JMeterThread: Thread started: Thread-Gruppe 1-47
2025-02-27 15:44:17,516 INFO o.a.j.t.JMeterThread: Thread started: Thread-Gruppe 1-48
2025-02-27 15:44:17,651 INFO o.a.j.t.JMeterThread: Thread started: Thread-Gruppe 1-49
2025-02-27 15:44:17,783 INFO o.a.j.t.JMeterThread: Thread started: Thread-Gruppe 1-50
2025-02-27 15:44:17,858 INFO o.a.j.t.JMeterThread: Thread started: Thread-Gruppe 2-14
2025-02-27 15:44:17,916 INFO o.a.j.t.JMeterThread: Thread started: Thread-Gruppe 1-51
2025-02-27 15:44:18,049 INFO o.a.j.t.JMeterThread: Thread started: Thread-Gruppe 1-52
2025-02-27 15:44:18,182 INFO o.a.j.t.JMeterThread: Thread started: Thread-Gruppe 1-53
2025-02-27 15:44:18,315 INFO o.a.j.t.JMeterThread: Thread started: Thread-Gruppe 1-54
2025-02-27 15:44:18,357 INFO o.a.j.t.JMeterThread: Thread started: Thread-Gruppe 2-15
2025-02-27 15:44:18,448 INFO o.a.j.t.JMeterThread: Thread started: Thread-Gruppe 1-55
2025-02-27 15:44:18,581 INFO o.a.j.t.JMeterThread: Thread started: Thread-Gruppe 1-56
2025-02-27 15:44:18,714 INFO o.a.j.t.JMeterThread: Thread started: Thread-Gruppe 1-57
2025-02-27 15:44:18,846 INFO o.a.j.t.JMeterThread: Thread started: Thread-Gruppe 1-58
2025-02-27 15:44:18,858 INFO o.a.j.t.JMeterThread: Thread started: Thread-Gruppe 2-16
2025-02-27 15:44:18,979 INFO o.a.j.t.JMeterThread: Thread started: Thread-Gruppe 1-59
2025-02-27 15:44:19,113 INFO o.a.j.t.JMeterThread: Thread started: Thread-Gruppe 1-60
2025-02-27 15:44:19,246 INFO o.a.j.t.JMeterThread: Thread started: Thread-Gruppe 1-61
2025-02-27 15:44:19,359 INFO o.a.j.t.JMeterThread: Thread started: Thread-Gruppe 2-17
2025-02-27 15:44:19,379 INFO o.a.j.t.JMeterThread: Thread started: Thread-Gruppe 1-62
2025-02-27 15:44:19,380 INFO o.a.j.t.JMeterThread: Thread started: Thread-Gruppe 3-5
2025-02-27 15:44:19,512 INFO o.a.j.t.JMeterThread: Thread started: Thread-Gruppe 1-63
2025-02-27 15:44:19,645 INFO o.a.j.t.JMeterThread: Thread started: Thread-Gruppe 1-64
2025-02-27 15:44:19,777 INFO o.a.j.t.JMeterThread: Thread started: Thread-Gruppe 1-65
2025-02-27 15:44:19,858 INFO o.a.j.t.JMeterThread: Thread started: Thread-Gruppe 2-18
2025-02-27 15:44:19,910 INFO o.a.j.t.JMeterThread: Thread started: Thread-Gruppe 1-66
2025-02-27 15:44:20,044 INFO o.a.j.t.JMeterThread: Thread started: Thread-Gruppe 1-67
2025-02-27 15:44:20,176 INFO o.a.j.t.JMeterThread: Thread started: Thread-Gruppe 1-68
2025-02-27 15:44:20,309 INFO o.a.j.t.JMeterThread: Thread started: Thread-Gruppe 1-69
2025-02-27 15:44:20,358 INFO o.a.j.t.JMeterThread: Thread started: Thread-Gruppe 2-19
2025-02-27 15:44:20,442 INFO o.a.j.t.JMeterThread: Thread started: Thread-Gruppe 1-70
2025-02-27 15:44:20,575 INFO o.a.j.t.JMeterThread: Thread started: Thread-Gruppe 1-71
2025-02-27 15:44:20,709 INFO o.a.j.t.JMeterThread: Thread started: Thread-Gruppe 1-72
2025-02-27 15:44:20,841 INFO o.a.j.t.JMeterThread: Thread started: Thread-Gruppe 1-73
2025-02-27 15:44:20,859 INFO o.a.j.t.JMeterThread: Thread started: Thread-Gruppe 2-20
2025-02-27 15:44:20,974 INFO o.a.j.t.JMeterThread: Thread started: Thread-Gruppe 1-74
2025-02-27 15:44:21,107 INFO o.a.j.t.JMeterThread: Thread started: Thread-Gruppe 1-75
2025-02-27 15:44:30,006 INFO o.a.j.r.Summariser: summary +   1088 in 00:01:19 =   13.7/s Avg:   353 Min:   251 Max:   893 Err:     0 (0.00%) Active: 100 Started: 100 Finished: 0
2025-02-27 15:45:00,018 INFO o.a.j.r.Summariser: summary +   2289 in 00:00:30 =   76.3/s Avg:   333 Min:   250 Max:   904 Err:     0 (0.00%) Active: 100 Started: 100 Finished: 0
2025-02-27 15:45:00,019 INFO o.a.j.r.Summariser: summary =   3377 in 00:01:49 =   30.9/s Avg:   340 Min:   250 Max:   904 Err:     0 (0.00%)
2025-02-27 15:45:30,020 INFO o.a.j.r.Summariser: summary +   2279 in 00:00:30 =   76.0/s Avg:   368 Min:   250 Max:  1010 Err:     0 (0.00%) Active: 100 Started: 100 Finished: 0
2025-02-27 15:45:30,022 INFO o.a.j.r.Summariser: summary =   5656 in 00:02:19 =   40.6/s Avg:   351 Min:   250 Max:  1010 Err:     0 (0.00%)
2025-02-27 15:46:00,030 INFO o.a.j.r.Summariser: summary +   2281 in 00:00:30 =   76.0/s Avg:   336 Min:   251 Max:  1454 Err:     0 (0.00%) Active: 100 Started: 100 Finished: 0
2025-02-27 15:46:00,031 INFO o.a.j.r.Summariser: summary =   7937 in 00:02:49 =   46.8/s Avg:   347 Min:   250 Max:  1454 Err:     0 (0.00%)
2025-02-27 15:46:30,000 INFO o.a.j.r.Summariser: summary +   2279 in 00:00:30 =   76.0/s Avg:   376 Min:   251 Max:  1356 Err:     0 (0.00%) Active: 100 Started: 100 Finished: 0
2025-02-27 15:46:30,002 INFO o.a.j.r.Summariser: summary =  10216 in 00:03:19 =   51.2/s Avg:   353 Min:   250 Max:  1454 Err:     0 (0.00%)
2025-02-27 15:47:00,029 INFO o.a.j.r.Summariser: summary +   2288 in 00:00:30 =   76.2/s Avg:   332 Min:   250 Max:  1010 Err:     0 (0.00%) Active: 100 Started: 100 Finished: 0
2025-02-27 15:47:00,030 INFO o.a.j.r.Summariser: summary =  12504 in 00:03:49 =   54.5/s Avg:   349 Min:   250 Max:  1454 Err:     0 (0.00%)
2025-02-27 15:47:30,024 INFO o.a.j.r.Summariser: summary +   2284 in 00:00:30 =   76.1/s Avg:   370 Min:   250 Max:  1402 Err:     0 (0.00%) Active: 100 Started: 100 Finished: 0
2025-02-27 15:47:30,026 INFO o.a.j.r.Summariser: summary =  14788 in 00:04:19 =   57.0/s Avg:   353 Min:   250 Max:  1454 Err:     0 (0.00%)
2025-02-27 15:48:00,013 INFO o.a.j.r.Summariser: summary +   2292 in 00:00:30 =   76.4/s Avg:   327 Min:   250 Max:   868 Err:     0 (0.00%) Active: 100 Started: 100 Finished: 0
2025-02-27 15:48:00,015 INFO o.a.j.r.Summariser: summary =  17080 in 00:04:49 =   59.0/s Avg:   349 Min:   250 Max:  1454 Err:     0 (0.00%)
2025-02-27 15:48:30,015 INFO o.a.j.r.Summariser: summary +   2240 in 00:00:30 =   74.7/s Avg:   378 Min:   249 Max:  3208 Err:     0 (0.00%) Active: 100 Started: 100 Finished: 0
2025-02-27 15:48:30,018 INFO o.a.j.r.Summariser: summary =  19320 in 00:05:19 =   60.5/s Avg:   352 Min:   249 Max:  3208 Err:     0 (0.00%)
2025-02-27 15:49:00,008 INFO o.a.j.r.Summariser: summary +   2289 in 00:00:30 =   76.3/s Avg:   328 Min:   250 Max:  1001 Err:     0 (0.00%) Active: 100 Started: 100 Finished: 0
2025-02-27 15:49:00,010 INFO o.a.j.r.Summariser: summary =  21609 in 00:05:49 =   61.8/s Avg:   350 Min:   249 Max:  3208 Err:     0 (0.00%)
2025-02-27 15:49:30,019 INFO o.a.j.r.Summariser: summary +   2290 in 00:00:30 =   76.3/s Avg:   352 Min:   250 Max:  1103 Err:     0 (0.00%) Active: 100 Started: 100 Finished: 0
2025-02-27 15:49:30,020 INFO o.a.j.r.Summariser: summary =  23899 in 00:06:19 =   63.0/s Avg:   350 Min:   249 Max:  3208 Err:     0 (0.00%)
2025-02-27 15:50:00,010 INFO o.a.j.r.Summariser: summary +   2289 in 00:00:30 =   76.3/s Avg:   329 Min:   249 Max:   828 Err:     0 (0.00%) Active: 100 Started: 100 Finished: 0
2025-02-27 15:50:00,012 INFO o.a.j.r.Summariser: summary =  26188 in 00:06:49 =   64.0/s Avg:   348 Min:   249 Max:  3208 Err:     0 (0.00%)
2025-02-27 15:50:30,019 INFO o.a.j.r.Summariser: summary +   2292 in 00:00:30 =   76.4/s Avg:   350 Min:   250 Max:  1090 Err:     0 (0.00%) Active: 100 Started: 100 Finished: 0
2025-02-27 15:50:30,021 INFO o.a.j.r.Summariser: summary =  28480 in 00:07:19 =   64.8/s Avg:   348 Min:   249 Max:  3208 Err:     0 (0.00%)
2025-02-27 15:51:00,072 INFO o.a.j.r.Summariser: summary +   2264 in 00:00:30 =   75.3/s Avg:   342 Min:   249 Max:  2815 Err:     0 (0.00%) Active: 100 Started: 100 Finished: 0
2025-02-27 15:51:00,075 INFO o.a.j.r.Summariser: summary =  30744 in 00:07:49 =   65.5/s Avg:   348 Min:   249 Max:  3208 Err:     0 (0.00%)
2025-02-27 15:51:30,028 INFO o.a.j.r.Summariser: summary +   2281 in 00:00:30 =   76.1/s Avg:   362 Min:   250 Max:  1384 Err:     0 (0.00%) Active: 100 Started: 100 Finished: 0
2025-02-27 15:51:30,029 INFO o.a.j.r.Summariser: summary =  33025 in 00:08:19 =   66.1/s Avg:   349 Min:   249 Max:  3208 Err:     0 (0.00%)
2025-02-27 15:52:00,043 INFO o.a.j.r.Summariser: summary +   2285 in 00:00:30 =   76.1/s Avg:   346 Min:   250 Max:  1054 Err:     0 (0.00%) Active: 100 Started: 100 Finished: 0
2025-02-27 15:52:00,044 INFO o.a.j.r.Summariser: summary =  35310 in 00:08:49 =   66.7/s Avg:   349 Min:   249 Max:  3208 Err:     0 (0.00%)
2025-02-27 15:52:30,006 INFO o.a.j.r.Summariser: summary +   2284 in 00:00:30 =   76.2/s Avg:   344 Min:   250 Max:  1075 Err:     0 (0.00%) Active: 100 Started: 100 Finished: 0
2025-02-27 15:52:30,006 INFO o.a.j.r.Summariser: summary =  37594 in 00:09:19 =   67.2/s Avg:   348 Min:   249 Max:  3208 Err:     0 (0.00%)
2025-02-27 15:53:00,014 INFO o.a.j.r.Summariser: summary +   2290 in 00:00:30 =   76.3/s Avg:   345 Min:   250 Max:  1028 Err:     0 (0.00%) Active: 100 Started: 100 Finished: 0
2025-02-27 15:53:00,015 INFO o.a.j.r.Summariser: summary =  39884 in 00:09:49 =   67.7/s Avg:   348 Min:   249 Max:  3208 Err:     0 (0.00%)
2025-02-27 15:53:30,007 INFO o.a.j.r.Summariser: summary +   2275 in 00:00:30 =   75.9/s Avg:   356 Min:   250 Max:  1950 Err:     0 (0.00%) Active: 100 Started: 100 Finished: 0
2025-02-27 15:53:30,007 INFO o.a.j.r.Summariser: summary =  42159 in 00:10:19 =   68.1/s Avg:   349 Min:   249 Max:  3208 Err:     0 (0.00%)
2025-02-27 15:54:00,033 INFO o.a.j.r.Summariser: summary +   2294 in 00:00:30 =   76.4/s Avg:   340 Min:   250 Max:  1013 Err:     0 (0.00%) Active: 100 Started: 100 Finished: 0
2025-02-27 15:54:00,033 INFO o.a.j.r.Summariser: summary =  44453 in 00:10:49 =   68.4/s Avg:   348 Min:   249 Max:  3208 Err:     0 (0.00%)
2025-02-27 15:54:09,572 INFO o.a.j.t.JMeterThread: Thread finished: Thread-Gruppe 1-1
2025-02-27 15:54:09,637 INFO o.a.j.t.JMeterThread: Thread finished: Thread-Gruppe 1-62
2025-02-27 15:54:09,637 INFO o.a.j.t.JMeterThread: Thread finished: Thread-Gruppe 1-47
2025-02-27 15:54:09,648 INFO o.a.j.t.JMeterThread: Thread finished: Thread-Gruppe 1-17
2025-02-27 15:54:09,768 INFO o.a.j.t.JMeterThread: Thread finished: Thread-Gruppe 1-63
2025-02-27 15:54:09,773 INFO o.a.j.t.JMeterThread: Thread finished: Thread-Gruppe 1-48
2025-02-27 15:54:09,783 INFO o.a.j.t.JMeterThread: Thread finished: Thread-Gruppe 1-18
2025-02-27 15:54:09,904 INFO o.a.j.t.JMeterThread: Thread finished: Thread-Gruppe 1-64
2025-02-27 15:54:09,906 INFO o.a.j.t.JMeterThread: Thread finished: Thread-Gruppe 1-49
2025-02-27 15:54:09,915 INFO o.a.j.t.JMeterThread: Thread finished: Thread-Gruppe 1-19
2025-02-27 15:54:10,034 INFO o.a.j.t.JMeterThread: Thread finished: Thread-Gruppe 1-65
2025-02-27 15:54:10,041 INFO o.a.j.t.JMeterThread: Thread finished: Thread-Gruppe 1-50
2025-02-27 15:54:10,049 INFO o.a.j.t.JMeterThread: Thread finished: Thread-Gruppe 1-20
2025-02-27 15:54:10,050 INFO o.a.j.t.JMeterThread: Thread finished: Thread-Gruppe 1-59
2025-02-27 15:54:10,144 INFO o.a.j.t.JMeterThread: Thread finished: Thread-Gruppe 1-32
2025-02-27 15:54:10,169 INFO o.a.j.t.JMeterThread: Thread finished: Thread-Gruppe 1-66
2025-02-27 15:54:10,170 INFO o.a.j.t.JMeterThread: Thread finished: Thread-Gruppe 1-51
2025-02-27 15:54:10,181 INFO o.a.j.t.JMeterThread: Thread finished: Thread-Gruppe 1-21
2025-02-27 15:54:10,248 INFO o.a.j.t.JMeterThread: Thread finished: Thread-Gruppe 1-2
2025-02-27 15:54:10,283 INFO o.a.j.t.JMeterThread: Thread finished: Thread-Gruppe 1-33
2025-02-27 15:54:10,301 INFO o.a.j.t.JMeterThread: Thread finished: Thread-Gruppe 1-67
2025-02-27 15:54:10,303 INFO o.a.j.t.JMeterThread: Thread finished: Thread-Gruppe 1-52
2025-02-27 15:54:10,315 INFO o.a.j.t.JMeterThread: Thread finished: Thread-Gruppe 1-22
2025-02-27 15:54:10,375 INFO o.a.j.t.JMeterThread: Thread finished: Thread-Gruppe 1-3
2025-02-27 15:54:10,412 INFO o.a.j.t.JMeterThread: Thread finished: Thread-Gruppe 1-34
2025-02-27 15:54:10,432 INFO o.a.j.t.JMeterThread: Thread finished: Thread-Gruppe 1-68
2025-02-27 15:54:10,436 INFO o.a.j.t.JMeterThread: Thread finished: Thread-Gruppe 1-53
2025-02-27 15:54:10,446 INFO o.a.j.t.JMeterThread: Thread finished: Thread-Gruppe 1-23
2025-02-27 15:54:10,456 INFO o.a.j.t.JMeterThread: Thread finished: Thread-Gruppe 1-8
2025-02-27 15:54:10,546 INFO o.a.j.t.JMeterThread: Thread finished: Thread-Gruppe 1-35
2025-02-27 15:54:10,574 INFO o.a.j.t.JMeterThread: Thread finished: Thread-Gruppe 1-69
2025-02-27 15:54:10,574 INFO o.a.j.t.JMeterThread: Thread finished: Thread-Gruppe 1-54
2025-02-27 15:54:10,583 INFO o.a.j.t.JMeterThread: Thread finished: Thread-Gruppe 1-24
2025-02-27 15:54:10,590 INFO o.a.j.t.JMeterThread: Thread finished: Thread-Gruppe 1-9
2025-02-27 15:54:10,682 INFO o.a.j.t.JMeterThread: Thread finished: Thread-Gruppe 1-36
2025-02-27 15:54:10,699 INFO o.a.j.t.JMeterThread: Thread finished: Thread-Gruppe 1-70
2025-02-27 15:54:10,701 INFO o.a.j.t.JMeterThread: Thread finished: Thread-Gruppe 1-55
2025-02-27 15:54:10,714 INFO o.a.j.t.JMeterThread: Thread finished: Thread-Gruppe 1-25
2025-02-27 15:54:10,720 INFO o.a.j.t.JMeterThread: Thread finished: Thread-Gruppe 1-10
2025-02-27 15:54:10,754 INFO o.a.j.t.JMeterThread: Thread finished: Thread-Gruppe 1-4
2025-02-27 15:54:10,817 INFO o.a.j.t.JMeterThread: Thread finished: Thread-Gruppe 1-37
2025-02-27 15:54:10,835 INFO o.a.j.t.JMeterThread: Thread finished: Thread-Gruppe 1-71
2025-02-27 15:54:10,835 INFO o.a.j.t.JMeterThread: Thread finished: Thread-Gruppe 1-56
2025-02-27 15:54:10,845 INFO o.a.j.t.JMeterThread: Thread finished: Thread-Gruppe 1-26
2025-02-27 15:54:10,851 INFO o.a.j.t.JMeterThread: Thread finished: Thread-Gruppe 1-11
2025-02-27 15:54:10,907 INFO o.a.j.t.JMeterThread: Thread finished: Thread-Gruppe 1-5
2025-02-27 15:54:10,940 INFO o.a.j.t.JMeterThread: Thread finished: Thread-Gruppe 1-38
2025-02-27 15:54:10,965 INFO o.a.j.t.JMeterThread: Thread finished: Thread-Gruppe 1-72
2025-02-27 15:54:10,969 INFO o.a.j.t.JMeterThread: Thread finished: Thread-Gruppe 2-8
2025-02-27 15:54:10,981 INFO o.a.j.t.JMeterThread: Thread finished: Thread-Gruppe 1-27
2025-02-27 15:54:10,981 INFO o.a.j.t.JMeterThread: Thread finished: Thread-Gruppe 1-12
2025-02-27 15:54:10,989 INFO o.a.j.t.JMeterThread: Thread finished: Thread-Gruppe 2-5
2025-02-27 15:54:11,006 INFO o.a.j.t.JMeterThread: Thread finished: Thread-Gruppe 2-12
2025-02-27 15:54:11,008 INFO o.a.j.t.JMeterThread: Thread finished: Thread-Gruppe 2-1
2025-02-27 15:54:11,048 INFO o.a.j.t.JMeterThread: Thread finished: Thread-Gruppe 2-18
2025-02-27 15:54:11,084 INFO o.a.j.t.JMeterThread: Thread finished: Thread-Gruppe 1-39
2025-02-27 15:54:11,095 INFO o.a.j.t.JMeterThread: Thread finished: Thread-Gruppe 1-73
2025-02-27 15:54:11,102 INFO o.a.j.t.JMeterThread: Thread finished: Thread-Gruppe 1-58
2025-02-27 15:54:11,112 INFO o.a.j.t.JMeterThread: Thread finished: Thread-Gruppe 1-28
2025-02-27 15:54:11,120 INFO o.a.j.t.JMeterThread: Thread finished: Thread-Gruppe 1-13
2025-02-27 15:54:11,179 INFO o.a.j.t.JMeterThread: Thread finished: Thread-Gruppe 2-3
2025-02-27 15:54:11,190 INFO o.a.j.t.JMeterThread: Thread finished: Thread-Gruppe 3-5
2025-02-27 15:54:11,210 INFO o.a.j.t.JMeterThread: Thread finished: Thread-Gruppe 1-40
2025-02-27 15:54:11,215 INFO o.a.j.t.JMeterThread: Thread finished: Thread-Gruppe 2-9
2025-02-27 15:54:11,230 INFO o.a.j.t.JMeterThread: Thread finished: Thread-Gruppe 1-74
2025-02-27 15:54:11,244 INFO o.a.j.t.JMeterThread: Thread finished: Thread-Gruppe 2-15
2025-02-27 15:54:11,245 INFO o.a.j.t.JMeterThread: Thread finished: Thread-Gruppe 1-29
2025-02-27 15:54:11,253 INFO o.a.j.t.JMeterThread: Thread finished: Thread-Gruppe 1-14
2025-02-27 15:54:11,298 INFO o.a.j.t.JMeterThread: Thread finished: Thread-Gruppe 2-10
2025-02-27 15:54:11,304 INFO o.a.j.t.JMeterThread: Thread finished: Thread-Gruppe 2-20
2025-02-27 15:54:11,342 INFO o.a.j.t.JMeterThread: Stopping because end time detected by thread: Thread-Gruppe 1-41
2025-02-27 15:54:11,342 INFO o.a.j.t.JMeterThread: Thread finished: Thread-Gruppe 1-41
2025-02-27 15:54:11,346 INFO o.a.j.t.JMeterThread: Thread finished: Thread-Gruppe 2-19
2025-02-27 15:54:11,364 INFO o.a.j.t.JMeterThread: Stopping because end time detected by thread: Thread-Gruppe 1-75
2025-02-27 15:54:11,364 INFO o.a.j.t.JMeterThread: Thread finished: Thread-Gruppe 1-75
2025-02-27 15:54:11,365 INFO o.a.j.t.JMeterThread: Stopping because end time detected by thread: Thread-Gruppe 1-60
2025-02-27 15:54:11,365 INFO o.a.j.t.JMeterThread: Thread finished: Thread-Gruppe 1-60
2025-02-27 15:54:11,365 INFO o.a.j.t.JMeterThread: Stopping because end time detected by thread: Thread-Gruppe 1-30
2025-02-27 15:54:11,365 INFO o.a.j.t.JMeterThread: Thread finished: Thread-Gruppe 1-30
2025-02-27 15:54:11,381 INFO o.a.j.t.JMeterThread: Stopping because end time detected by thread: Thread-Gruppe 1-15
2025-02-27 15:54:11,381 INFO o.a.j.t.JMeterThread: Thread finished: Thread-Gruppe 1-15
2025-02-27 15:54:11,381 INFO o.a.j.t.JMeterThread: Stopping because end time detected by thread: Thread-Gruppe 1-6
2025-02-27 15:54:11,381 INFO o.a.j.t.JMeterThread: Thread finished: Thread-Gruppe 1-6
2025-02-27 15:54:11,396 INFO o.a.j.t.JMeterThread: Stopping because end time detected by thread: Thread-Gruppe 2-11
2025-02-27 15:54:11,396 INFO o.a.j.t.JMeterThread: Stopping because end time detected by thread: Thread-Gruppe 2-7
2025-02-27 15:54:11,396 INFO o.a.j.t.JMeterThread: Thread finished: Thread-Gruppe 2-11
2025-02-27 15:54:11,396 INFO o.a.j.t.JMeterThread: Thread finished: Thread-Gruppe 2-7
2025-02-27 15:54:11,396 INFO o.a.j.t.JMeterThread: Stopping because end time detected by thread: Thread-Gruppe 2-6
2025-02-27 15:54:11,396 INFO o.a.j.t.JMeterThread: Thread finished: Thread-Gruppe 2-6
2025-02-27 15:54:11,466 INFO o.a.j.t.JMeterThread: Stopping because end time detected by thread: Thread-Gruppe 1-42
2025-02-27 15:54:11,466 INFO o.a.j.t.JMeterThread: Thread finished: Thread-Gruppe 1-42
2025-02-27 15:54:11,481 INFO o.a.j.t.JMeterThread: Stopping because end time detected by thread: Thread-Gruppe 3-2
2025-02-27 15:54:11,481 INFO o.a.j.t.JMeterThread: Thread finished: Thread-Gruppe 3-2
2025-02-27 15:54:11,496 INFO o.a.j.t.JMeterThread: Stopping because end time detected by thread: Thread-Gruppe 3-4
2025-02-27 15:54:11,496 INFO o.a.j.t.JMeterThread: Thread finished: Thread-Gruppe 3-4
2025-02-27 15:54:11,496 INFO o.a.j.t.JMeterThread: Stopping because end time detected by thread: Thread-Gruppe 1-7
2025-02-27 15:54:11,496 INFO o.a.j.t.JMeterThread: Thread finished: Thread-Gruppe 1-7
2025-02-27 15:54:11,496 INFO o.a.j.t.JMeterThread: Stopping because end time detected by thread: Thread-Gruppe 1-61
2025-02-27 15:54:11,496 INFO o.a.j.t.JMeterThread: Thread finished: Thread-Gruppe 1-61
2025-02-27 15:54:11,496 INFO o.a.j.t.JMeterThread: Stopping because end time detected by thread: Thread-Gruppe 1-57
2025-02-27 15:54:11,496 INFO o.a.j.t.JMeterThread: Thread finished: Thread-Gruppe 1-57
2025-02-27 15:54:11,511 INFO o.a.j.t.JMeterThread: Stopping because end time detected by thread: Thread-Gruppe 1-31
2025-02-27 15:54:11,511 INFO o.a.j.t.JMeterThread: Thread finished: Thread-Gruppe 1-31
2025-02-27 15:54:11,511 INFO o.a.j.t.JMeterThread: Stopping because end time detected by thread: Thread-Gruppe 1-16
2025-02-27 15:54:11,511 INFO o.a.j.t.JMeterThread: Thread finished: Thread-Gruppe 1-16
2025-02-27 15:54:11,631 INFO o.a.j.t.JMeterThread: Stopping because end time detected by thread: Thread-Gruppe 2-17
2025-02-27 15:54:11,631 INFO o.a.j.t.JMeterThread: Stopping because end time detected by thread: Thread-Gruppe 2-2
2025-02-27 15:54:11,631 INFO o.a.j.t.JMeterThread: Stopping because end time detected by thread: Thread-Gruppe 3-3
2025-02-27 15:54:11,631 INFO o.a.j.t.JMeterThread: Stopping because end time detected by thread: Thread-Gruppe 2-14
2025-02-27 15:54:11,631 INFO o.a.j.t.JMeterThread: Stopping because end time detected by thread: Thread-Gruppe 2-13
2025-02-27 15:54:11,631 INFO o.a.j.t.JMeterThread: Thread finished: Thread-Gruppe 2-2
2025-02-27 15:54:11,631 INFO o.a.j.t.JMeterThread: Stopping because end time detected by thread: Thread-Gruppe 1-43
2025-02-27 15:54:11,631 INFO o.a.j.t.JMeterThread: Thread finished: Thread-Gruppe 2-14
2025-02-27 15:54:11,631 INFO o.a.j.t.JMeterThread: Thread finished: Thread-Gruppe 3-3
2025-02-27 15:54:11,631 INFO o.a.j.t.JMeterThread: Thread finished: Thread-Gruppe 2-17
2025-02-27 15:54:11,631 INFO o.a.j.t.JMeterThread: Thread finished: Thread-Gruppe 1-43
2025-02-27 15:54:11,631 INFO o.a.j.t.JMeterThread: Thread finished: Thread-Gruppe 2-13
2025-02-27 15:54:11,736 INFO o.a.j.t.JMeterThread: Stopping because end time detected by thread: Thread-Gruppe 1-44
2025-02-27 15:54:11,736 INFO o.a.j.t.JMeterThread: Thread finished: Thread-Gruppe 1-44
2025-02-27 15:54:11,874 INFO o.a.j.t.JMeterThread: Stopping because end time detected by thread: Thread-Gruppe 1-45
2025-02-27 15:54:11,874 INFO o.a.j.t.JMeterThread: Thread finished: Thread-Gruppe 1-45
2025-02-27 15:54:11,949 INFO o.a.j.t.JMeterThread: Stopping because end time detected by thread: Thread-Gruppe 3-1
2025-02-27 15:54:11,949 INFO o.a.j.t.JMeterThread: Thread finished: Thread-Gruppe 3-1
2025-02-27 15:54:11,980 INFO o.a.j.t.JMeterThread: Stopping because end time detected by thread: Thread-Gruppe 2-4
2025-02-27 15:54:11,980 INFO o.a.j.t.JMeterThread: Thread finished: Thread-Gruppe 2-4
2025-02-27 15:54:12,010 INFO o.a.j.t.JMeterThread: Stopping because end time detected by thread: Thread-Gruppe 1-46
2025-02-27 15:54:12,010 INFO o.a.j.t.JMeterThread: Thread finished: Thread-Gruppe 1-46
2025-02-27 15:54:12,130 INFO o.a.j.t.JMeterThread: Stopping because end time detected by thread: Thread-Gruppe 2-16
2025-02-27 15:54:12,130 INFO o.a.j.t.JMeterThread: Thread finished: Thread-Gruppe 2-16
2025-02-27 15:54:12,130 INFO o.a.j.e.StandardJMeterEngine: Notifying test listeners of end of test
2025-02-27 15:54:12,145 INFO o.a.j.r.Summariser: summary +    892 in 00:00:12 =   73.6/s Avg:   316 Min:   250 Max:   810 Err:     0 (0.00%) Active: 0 Started: 100 Finished: 100
2025-02-27 15:54:12,145 INFO o.a.j.r.Summariser: summary =  45345 in 00:11:02 =   68.5/s Avg:   348 Min:   249 Max:  3208 Err:     0 (0.00%)
