2025-02-27 09:12:55,546 INFO o.a.j.u.JMeterUtils: Setting Locale to en_EN
2025-02-27 09:12:55,576 INFO o.a.j.JMeter: Loading user properties from: D:\Semester 7\CS4203 - Research and Development Project\Artifacts\apache-jmeter-5.6.3\bin\user.properties
2025-02-27 09:12:55,591 INFO o.a.j.JMeter: Loading system properties from: D:\Semester 7\CS4203 - Research and Development Project\Artifacts\apache-jmeter-5.6.3\bin\system.properties
2025-02-27 09:12:55,591 INFO o.a.j.JMeter: Setting JMeter property: lb_1_hostname=34.67.126.244
2025-02-27 09:12:55,591 INFO o.a.j.JMeter: Setting JMeter property: lb_2_hostname=35.232.62.106
2025-02-27 09:12:55,591 INFO o.a.j.JMeter: Setting JMeter property: lb_1_port=8090
2025-02-27 09:12:55,591 INFO o.a.j.JMeter: Setting JMeter property: lb_2_port=8091
2025-02-27 09:12:55,591 INFO o.a.j.JMeter: Setting JMeter property: warm_up_users=20
2025-02-27 09:12:55,591 INFO o.a.j.JMeter: Setting JMeter property: warm_up_time=60
2025-02-27 09:12:55,591 INFO o.a.j.JMeter: Setting JMeter property: test_run_time=600
2025-02-27 09:12:55,591 INFO o.a.j.JMeter: Setting JMeter property: ramp_up=10
2025-02-27 09:12:55,591 INFO o.a.j.JMeter: Setting JMeter property: group_1=75
2025-02-27 09:12:55,591 INFO o.a.j.JMeter: Setting JMeter property: group_2=20
2025-02-27 09:12:55,591 INFO o.a.j.JMeter: Setting JMeter property: group_3=5
2025-02-27 09:12:55,591 INFO o.a.j.JMeter: Setting JMeter property: group_1_request_rate=30
2025-02-27 09:12:55,591 INFO o.a.j.JMeter: Setting JMeter property: group_2_request_rate=90
2025-02-27 09:12:55,591 INFO o.a.j.JMeter: Setting JMeter property: group_3_request_rate=120
2025-02-27 09:12:55,591 INFO o.a.j.JMeter: Setting JMeter property: log_file=d:\Semester 7\CS4203 - Research and Development Project\Artifacts\rate-limiter-nginx\jmeter\cloud\2025_02_27_09_12_logs\fixed_window_counter\redis_script_rate_limit_100_window_size_60\warm_up_results.csv
2025-02-27 09:12:55,591 INFO o.a.j.JMeter: Setting JMeter property: algorithm=fixed_window_counter_redis_script_rate_limit_100_window_size_60
2025-02-27 09:12:55,591 INFO o.a.j.JMeter: Setting JMeter property: auth=/fixed_window_counter/redis_script_rate_limit_100_window_size_60/tools.descartes.teastore.auth/rest
2025-02-27 09:12:55,591 INFO o.a.j.JMeter: Setting JMeter property: persistence=/fixed_window_counter/redis_script_rate_limit_100_window_size_60/tools.descartes.teastore.persistence/rest
2025-02-27 09:12:55,591 INFO o.a.j.JMeter: Setting JMeter property: recommender=/fixed_window_counter/redis_script_rate_limit_100_window_size_60/tools.descartes.teastore.recommender/rest
2025-02-27 09:12:55,591 INFO o.a.j.JMeter: Setting JMeter property: image=/fixed_window_counter/redis_script_rate_limit_100_window_size_60/tools.descartes.teastore.image/rest
2025-02-27 09:12:55,606 INFO o.a.j.JMeter: Copyright (c) 1998-2024 The Apache Software Foundation
2025-02-27 09:12:55,606 INFO o.a.j.JMeter: Version 5.6.3
2025-02-27 09:12:55,606 INFO o.a.j.JMeter: java.version=11.0.22
2025-02-27 09:12:55,606 INFO o.a.j.JMeter: java.vm.name=Java HotSpot(TM) 64-Bit Server VM
2025-02-27 09:12:55,606 INFO o.a.j.JMeter: os.name=Windows 10
2025-02-27 09:12:55,606 INFO o.a.j.JMeter: os.arch=amd64
2025-02-27 09:12:55,606 INFO o.a.j.JMeter: os.version=10.0
2025-02-27 09:12:55,606 INFO o.a.j.JMeter: file.encoding=Cp1252
2025-02-27 09:12:55,606 INFO o.a.j.JMeter: java.awt.headless=true
2025-02-27 09:12:55,606 INFO o.a.j.JMeter: Max memory     =1073741824
2025-02-27 09:12:55,606 INFO o.a.j.JMeter: Available Processors =12
2025-02-27 09:12:55,632 INFO o.a.j.JMeter: Default Locale=English (EN)
2025-02-27 09:12:55,632 INFO o.a.j.JMeter: JMeter  Locale=English (EN)
2025-02-27 09:12:55,632 INFO o.a.j.JMeter: JMeterHome=D:\Semester 7\CS4203 - Research and Development Project\Artifacts\apache-jmeter-5.6.3
2025-02-27 09:12:55,632 INFO o.a.j.JMeter: user.dir  =D:\Semester 7\CS4203 - Research and Development Project\Artifacts\rate-limiter-nginx
2025-02-27 09:12:55,633 INFO o.a.j.JMeter: PWD       =D:\Semester 7\CS4203 - Research and Development Project\Artifacts\rate-limiter-nginx
2025-02-27 09:12:55,636 INFO o.a.j.JMeter: IP: 10.10.21.101 Name: KOBI-MSI-PC FullName: 10.10.21.101
2025-02-27 09:12:55,655 INFO o.a.j.s.FileServer: Default base='D:\Semester 7\CS4203 - Research and Development Project\Artifacts\rate-limiter-nginx'
2025-02-27 09:12:55,657 INFO o.a.j.s.FileServer: Set new base='d:\Semester 7\CS4203 - Research and Development Project\Artifacts\rate-limiter-nginx\jmeter\cloud'
2025-02-27 09:12:55,904 INFO o.a.j.s.SaveService: Testplan (JMX) version: 2.2. Testlog (JTL) version: 2.2
2025-02-27 09:12:55,934 INFO o.a.j.s.SaveService: Using SaveService properties version 5.0
2025-02-27 09:12:55,949 INFO o.a.j.s.SaveService: Using SaveService properties file encoding UTF-8
2025-02-27 09:12:55,949 INFO o.a.j.s.SaveService: Loading file: d:\Semester 7\CS4203 - Research and Development Project\Artifacts\rate-limiter-nginx\jmeter\cloud\teastore_performance.jmx
2025-02-27 09:12:56,052 INFO o.a.j.p.h.c.CookieManager: Settings: Delete null: true Check: true Allow variable: true Save: false Prefix: COOKIE_
2025-02-27 09:12:56,080 INFO o.a.j.p.h.s.HTTPSamplerBase: Parser for text/html is org.apache.jmeter.protocol.http.parser.LagartoBasedHtmlParser
2025-02-27 09:12:56,080 INFO o.a.j.p.h.s.HTTPSamplerBase: Parser for application/xhtml+xml is org.apache.jmeter.protocol.http.parser.LagartoBasedHtmlParser
2025-02-27 09:12:56,080 INFO o.a.j.p.h.s.HTTPSamplerBase: Parser for application/xml is org.apache.jmeter.protocol.http.parser.LagartoBasedHtmlParser
2025-02-27 09:12:56,081 INFO o.a.j.p.h.s.HTTPSamplerBase: Parser for text/xml is org.apache.jmeter.protocol.http.parser.LagartoBasedHtmlParser
2025-02-27 09:12:56,081 INFO o.a.j.p.h.s.HTTPSamplerBase: Parser for text/vnd.wap.wml is org.apache.jmeter.protocol.http.parser.RegexpHTMLParser
2025-02-27 09:12:56,081 INFO o.a.j.p.h.s.HTTPSamplerBase: Parser for text/css is org.apache.jmeter.protocol.http.parser.CssParser
2025-02-27 09:12:56,235 INFO o.a.j.s.SampleResult: Note: Sample TimeStamps are START times
2025-02-27 09:12:56,235 INFO o.a.j.s.SampleResult: sampleresult.default.encoding is set to UTF-8
2025-02-27 09:12:56,235 INFO o.a.j.s.SampleResult: sampleresult.useNanoTime=true
2025-02-27 09:12:56,235 INFO o.a.j.s.SampleResult: sampleresult.nanoThreadSleep=5000
2025-02-27 09:12:56,276 INFO o.a.j.JMeter: Creating summariser <summary>
2025-02-27 09:12:56,301 INFO o.a.j.e.StandardJMeterEngine: Running the test!
2025-02-27 09:12:56,301 INFO o.a.j.s.SampleEvent: List of sample_variables: []
2025-02-27 09:12:56,301 INFO o.a.j.s.SampleEvent: List of sample_variables: []
2025-02-27 09:12:56,316 INFO o.a.j.e.u.CompoundVariable: Note: Function class names must contain the string: '.functions.'
2025-02-27 09:12:56,316 INFO o.a.j.e.u.CompoundVariable: Note: Function class names must not contain the string: '.gui.'
2025-02-27 09:12:56,661 INFO o.a.j.r.ClassFinder: Will scan jar D:\Semester 7\CS4203 - Research and Development Project\Artifacts\apache-jmeter-5.6.3\lib\ext\jmeter-plugins-casutg-2.10.jar with filter ExtendsClassFilter [parents=[interface org.apache.jmeter.functions.Function], inner=false, contains=null, notContains=null]. Consider exposing JMeter plugins via META-INF/services, and add JMeter-Skip-Class-Scanning=true manifest attribute so JMeter can skip classfile scanning
2025-02-27 09:12:56,674 INFO o.a.j.r.ClassFinder: Will scan jar D:\Semester 7\CS4203 - Research and Development Project\Artifacts\apache-jmeter-5.6.3\lib\ext\jmeter-plugins-graphs-additional-2.0.jar with filter ExtendsClassFilter [parents=[interface org.apache.jmeter.functions.Function], inner=false, contains=null, notContains=null]. Consider exposing JMeter plugins via META-INF/services, and add JMeter-Skip-Class-Scanning=true manifest attribute so JMeter can skip classfile scanning
2025-02-27 09:12:56,674 INFO o.a.j.r.ClassFinder: Will scan jar D:\Semester 7\CS4203 - Research and Development Project\Artifacts\apache-jmeter-5.6.3\lib\ext\jmeter-plugins-perfmon-2.1.jar with filter ExtendsClassFilter [parents=[interface org.apache.jmeter.functions.Function], inner=false, contains=null, notContains=null]. Consider exposing JMeter plugins via META-INF/services, and add JMeter-Skip-Class-Scanning=true manifest attribute so JMeter can skip classfile scanning
2025-02-27 09:12:56,689 INFO o.a.j.r.ClassFinder: Will scan jar D:\Semester 7\CS4203 - Research and Development Project\Artifacts\apache-jmeter-5.6.3\lib\ext\json-lib-2.4-jdk15.jar with filter ExtendsClassFilter [parents=[interface org.apache.jmeter.functions.Function], inner=false, contains=null, notContains=null]. Consider exposing JMeter plugins via META-INF/services, and add JMeter-Skip-Class-Scanning=true manifest attribute so JMeter can skip classfile scanning
2025-02-27 09:12:56,704 INFO o.a.j.r.ClassFinder: Will scan jar D:\Semester 7\CS4203 - Research and Development Project\Artifacts\apache-jmeter-5.6.3\lib\ext\perfmon-2.2.2.jar with filter ExtendsClassFilter [parents=[interface org.apache.jmeter.functions.Function], inner=false, contains=null, notContains=null]. Consider exposing JMeter plugins via META-INF/services, and add JMeter-Skip-Class-Scanning=true manifest attribute so JMeter can skip classfile scanning
2025-02-27 09:12:56,734 INFO o.a.j.r.ClassFinder: Will scan jar D:\Semester 7\CS4203 - Research and Development Project\Artifacts\apache-jmeter-5.6.3\lib\ext\jmeter-plugins-manager-1.10.jar with filter ExtendsClassFilter [parents=[interface org.apache.jmeter.functions.Function], inner=false, contains=null, notContains=null]. Consider exposing JMeter plugins via META-INF/services, and add JMeter-Skip-Class-Scanning=true manifest attribute so JMeter can skip classfile scanning
2025-02-27 09:12:56,821 INFO o.a.j.r.ClassFinder: Will scan jar D:\Semester 7\CS4203 - Research and Development Project\Artifacts\apache-jmeter-5.6.3\lib\ext\jmeter-plugins-graphs-vs-2.0.jar with filter ExtendsClassFilter [parents=[interface org.apache.jmeter.functions.Function], inner=false, contains=null, notContains=null]. Consider exposing JMeter plugins via META-INF/services, and add JMeter-Skip-Class-Scanning=true manifest attribute so JMeter can skip classfile scanning
2025-02-27 09:12:56,821 INFO o.a.j.r.ClassFinder: Will scan jar D:\Semester 7\CS4203 - Research and Development Project\Artifacts\apache-jmeter-5.6.3\lib\ext\jmeter-parallel-0.12.jar with filter ExtendsClassFilter [parents=[interface org.apache.jmeter.functions.Function], inner=false, contains=null, notContains=null]. Consider exposing JMeter plugins via META-INF/services, and add JMeter-Skip-Class-Scanning=true manifest attribute so JMeter can skip classfile scanning
2025-02-27 09:12:56,836 INFO o.a.j.r.ClassFinder: Will scan jar D:\Semester 7\CS4203 - Research and Development Project\Artifacts\apache-jmeter-5.6.3\lib\ext\jmeter-plugins-tst-2.6.jar with filter ExtendsClassFilter [parents=[interface org.apache.jmeter.functions.Function], inner=false, contains=null, notContains=null]. Consider exposing JMeter plugins via META-INF/services, and add JMeter-Skip-Class-Scanning=true manifest attribute so JMeter can skip classfile scanning
2025-02-27 09:12:56,836 INFO o.a.j.r.ClassFinder: Will scan jar D:\Semester 7\CS4203 - Research and Development Project\Artifacts\apache-jmeter-5.6.3\lib\ext\jmeter-prometheus-plugin-0.6.0.jar with filter ExtendsClassFilter [parents=[interface org.apache.jmeter.functions.Function], inner=false, contains=null, notContains=null]. Consider exposing JMeter plugins via META-INF/services, and add JMeter-Skip-Class-Scanning=true manifest attribute so JMeter can skip classfile scanning
2025-02-27 09:12:56,851 INFO o.a.j.r.ClassFinder: Will scan jar D:\Semester 7\CS4203 - Research and Development Project\Artifacts\apache-jmeter-5.6.3\lib\ext\jmeter-plugins-graphs-basic-2.0.jar with filter ExtendsClassFilter [parents=[interface org.apache.jmeter.functions.Function], inner=false, contains=null, notContains=null]. Consider exposing JMeter plugins via META-INF/services, and add JMeter-Skip-Class-Scanning=true manifest attribute so JMeter can skip classfile scanning
2025-02-27 09:12:57,343 INFO o.a.j.JMeter: Running test (1740627777343)
2025-02-27 09:12:57,343 INFO o.a.j.e.StandardJMeterEngine: Starting setUp thread groups
2025-02-27 09:12:57,343 INFO o.a.j.e.StandardJMeterEngine: Starting setUp ThreadGroup: 1 : setUp Thread Group 
2025-02-27 09:12:57,343 INFO o.a.j.e.StandardJMeterEngine: Starting 20 threads for group setUp Thread Group.
2025-02-27 09:12:57,343 INFO o.a.j.e.StandardJMeterEngine: Thread will continue on error
2025-02-27 09:12:57,343 INFO o.a.j.t.ThreadGroup: Starting thread group... number=1 threads=20 ramp-up=10 delayedStart=false
2025-02-27 09:12:57,374 INFO o.a.j.t.JMeterThread: Thread started: setUp Thread Group 1-1
2025-02-27 09:12:57,433 INFO o.a.j.t.ThreadGroup: Started thread group number 1
2025-02-27 09:12:57,433 INFO o.a.j.e.StandardJMeterEngine: Waiting for all setup thread groups to exit
2025-02-27 09:12:57,866 INFO o.a.j.t.JMeterThread: Thread started: setUp Thread Group 1-2
2025-02-27 09:12:58,355 INFO o.a.j.t.JMeterThread: Thread started: setUp Thread Group 1-3
2025-02-27 09:12:58,557 INFO o.a.j.p.h.s.HTTPHCAbstractImpl: Local host = KOBI-MSI-PC
2025-02-27 09:12:58,563 INFO o.a.j.p.h.s.HTTPHC4Impl: HTTP request retry count = 0
2025-02-27 09:12:58,857 INFO o.a.j.t.JMeterThread: Thread started: setUp Thread Group 1-4
2025-02-27 09:12:59,353 INFO o.a.j.t.JMeterThread: Thread started: setUp Thread Group 1-5
2025-02-27 09:12:59,855 INFO o.a.j.t.JMeterThread: Thread started: setUp Thread Group 1-6
2025-02-27 09:13:00,353 INFO o.a.j.t.JMeterThread: Thread started: setUp Thread Group 1-7
2025-02-27 09:13:00,851 INFO o.a.j.t.JMeterThread: Thread started: setUp Thread Group 1-8
2025-02-27 09:13:01,348 INFO o.a.j.t.JMeterThread: Thread started: setUp Thread Group 1-9
2025-02-27 09:13:01,850 INFO o.a.j.t.JMeterThread: Thread started: setUp Thread Group 1-10
2025-02-27 09:13:02,350 INFO o.a.j.t.JMeterThread: Thread started: setUp Thread Group 1-11
2025-02-27 09:13:02,850 INFO o.a.j.t.JMeterThread: Thread started: setUp Thread Group 1-12
2025-02-27 09:13:03,349 INFO o.a.j.t.JMeterThread: Thread started: setUp Thread Group 1-13
2025-02-27 09:13:03,849 INFO o.a.j.t.JMeterThread: Thread started: setUp Thread Group 1-14
2025-02-27 09:13:04,347 INFO o.a.j.t.JMeterThread: Thread started: setUp Thread Group 1-15
2025-02-27 09:13:04,849 INFO o.a.j.t.JMeterThread: Thread started: setUp Thread Group 1-16
2025-02-27 09:13:05,348 INFO o.a.j.t.JMeterThread: Thread started: setUp Thread Group 1-17
2025-02-27 09:13:05,849 INFO o.a.j.t.JMeterThread: Thread started: setUp Thread Group 1-18
2025-02-27 09:13:06,349 INFO o.a.j.t.JMeterThread: Thread started: setUp Thread Group 1-19
2025-02-27 09:13:06,850 INFO o.a.j.t.JMeterThread: Thread started: setUp Thread Group 1-20
2025-02-27 09:13:57,155 INFO o.a.j.t.JMeterThread: Thread finished: setUp Thread Group 1-2
2025-02-27 09:13:57,177 INFO o.a.j.t.JMeterThread: Thread finished: setUp Thread Group 1-7
2025-02-27 09:13:57,197 INFO o.a.j.t.JMeterThread: Thread finished: setUp Thread Group 1-17
2025-02-27 09:13:57,197 INFO o.a.j.t.JMeterThread: Thread finished: setUp Thread Group 1-13
2025-02-27 09:13:57,204 INFO o.a.j.t.JMeterThread: Thread finished: setUp Thread Group 1-5
2025-02-27 09:13:57,210 INFO o.a.j.t.JMeterThread: Thread finished: setUp Thread Group 1-11
2025-02-27 09:13:57,222 INFO o.a.j.t.JMeterThread: Thread finished: setUp Thread Group 1-15
2025-02-27 09:13:57,238 INFO o.a.j.t.JMeterThread: Thread finished: setUp Thread Group 1-16
2025-02-27 09:13:57,272 INFO o.a.j.t.JMeterThread: Thread finished: setUp Thread Group 1-18
2025-02-27 09:13:57,287 INFO o.a.j.t.JMeterThread: Thread finished: setUp Thread Group 1-8
2025-02-27 09:13:57,287 INFO o.a.j.t.JMeterThread: Thread finished: setUp Thread Group 1-9
2025-02-27 09:13:57,306 INFO o.a.j.t.JMeterThread: Thread finished: setUp Thread Group 1-19
2025-02-27 09:13:57,322 INFO o.a.j.t.JMeterThread: Thread finished: setUp Thread Group 1-12
2025-02-27 09:13:57,427 INFO o.a.j.t.JMeterThread: Stopping because end time detected by thread: setUp Thread Group 1-3
2025-02-27 09:13:57,427 INFO o.a.j.t.JMeterThread: Thread finished: setUp Thread Group 1-3
2025-02-27 09:13:57,457 INFO o.a.j.t.JMeterThread: Stopping because end time detected by thread: setUp Thread Group 1-6
2025-02-27 09:13:57,457 INFO o.a.j.t.JMeterThread: Thread finished: setUp Thread Group 1-6
2025-02-27 09:13:57,457 INFO o.a.j.t.JMeterThread: Stopping because end time detected by thread: setUp Thread Group 1-4
2025-02-27 09:13:57,457 INFO o.a.j.t.JMeterThread: Thread finished: setUp Thread Group 1-4
2025-02-27 09:13:57,457 INFO o.a.j.t.JMeterThread: Stopping because end time detected by thread: setUp Thread Group 1-1
2025-02-27 09:13:57,457 INFO o.a.j.t.JMeterThread: Thread finished: setUp Thread Group 1-1
2025-02-27 09:13:57,487 INFO o.a.j.t.JMeterThread: Stopping because end time detected by thread: setUp Thread Group 1-14
2025-02-27 09:13:57,487 INFO o.a.j.t.JMeterThread: Thread finished: setUp Thread Group 1-14
2025-02-27 09:13:57,532 INFO o.a.j.t.JMeterThread: Stopping because end time detected by thread: setUp Thread Group 1-10
2025-02-27 09:13:57,532 INFO o.a.j.t.JMeterThread: Thread finished: setUp Thread Group 1-10
2025-02-27 09:13:57,600 INFO o.a.j.t.JMeterThread: Stopping because end time detected by thread: setUp Thread Group 1-20
2025-02-27 09:13:57,601 INFO o.a.j.t.JMeterThread: Thread finished: setUp Thread Group 1-20
2025-02-27 09:13:57,601 INFO o.a.j.e.StandardJMeterEngine: All Setup Threads have ended
2025-02-27 09:13:57,648 INFO o.a.j.e.StandardJMeterEngine: Starting ThreadGroup: 1 : Thread-Gruppe
2025-02-27 09:13:57,649 INFO o.a.j.e.StandardJMeterEngine: Starting 75 threads for group Thread-Gruppe.
2025-02-27 09:13:57,649 INFO o.a.j.e.StandardJMeterEngine: Thread will continue on error
2025-02-27 09:13:57,649 INFO o.a.j.t.ThreadGroup: Starting thread group... number=1 threads=75 ramp-up=10 delayedStart=false
2025-02-27 09:13:57,653 INFO o.a.j.t.JMeterThread: Thread started: Thread-Gruppe 1-1
2025-02-27 09:13:57,757 INFO o.a.j.t.ThreadGroup: Started thread group number 1
2025-02-27 09:13:57,757 INFO o.a.j.e.StandardJMeterEngine: Starting ThreadGroup: 2 : Thread-Gruppe
2025-02-27 09:13:57,758 INFO o.a.j.e.StandardJMeterEngine: Starting 20 threads for group Thread-Gruppe.
2025-02-27 09:13:57,758 INFO o.a.j.e.StandardJMeterEngine: Thread will continue on error
2025-02-27 09:13:57,758 INFO o.a.j.t.ThreadGroup: Starting thread group... number=2 threads=20 ramp-up=10 delayedStart=false
2025-02-27 09:13:57,761 INFO o.a.j.t.JMeterThread: Thread started: Thread-Gruppe 2-1
2025-02-27 09:13:57,786 INFO o.a.j.t.JMeterThread: Thread started: Thread-Gruppe 1-2
2025-02-27 09:13:57,792 INFO o.a.j.t.ThreadGroup: Started thread group number 2
2025-02-27 09:13:57,792 INFO o.a.j.e.StandardJMeterEngine: Starting ThreadGroup: 3 : Thread-Gruppe
2025-02-27 09:13:57,792 INFO o.a.j.e.StandardJMeterEngine: Starting 5 threads for group Thread-Gruppe.
2025-02-27 09:13:57,792 INFO o.a.j.e.StandardJMeterEngine: Thread will continue on error
2025-02-27 09:13:57,793 INFO o.a.j.t.ThreadGroup: Starting thread group... number=3 threads=5 ramp-up=10 delayedStart=false
2025-02-27 09:13:57,795 INFO o.a.j.t.JMeterThread: Thread started: Thread-Gruppe 3-1
2025-02-27 09:13:57,801 INFO o.a.j.t.ThreadGroup: Started thread group number 3
2025-02-27 09:13:57,801 INFO o.a.j.e.StandardJMeterEngine: All thread groups have been started
2025-02-27 09:13:57,920 INFO o.a.j.t.JMeterThread: Thread started: Thread-Gruppe 1-3
2025-02-27 09:13:58,052 INFO o.a.j.t.JMeterThread: Thread started: Thread-Gruppe 1-4
2025-02-27 09:13:58,185 INFO o.a.j.t.JMeterThread: Thread started: Thread-Gruppe 1-5
2025-02-27 09:13:58,263 INFO o.a.j.t.JMeterThread: Thread started: Thread-Gruppe 2-2
2025-02-27 09:13:58,318 INFO o.a.j.t.JMeterThread: Thread started: Thread-Gruppe 1-6
2025-02-27 09:13:58,451 INFO o.a.j.t.JMeterThread: Thread started: Thread-Gruppe 1-7
2025-02-27 09:13:58,584 INFO o.a.j.t.JMeterThread: Thread started: Thread-Gruppe 1-8
2025-02-27 09:13:58,715 INFO o.a.j.t.JMeterThread: Thread started: Thread-Gruppe 1-9
2025-02-27 09:13:58,763 INFO o.a.j.t.JMeterThread: Thread started: Thread-Gruppe 2-3
2025-02-27 09:13:58,850 INFO o.a.j.t.JMeterThread: Thread started: Thread-Gruppe 1-10
2025-02-27 09:13:58,983 INFO o.a.j.t.JMeterThread: Thread started: Thread-Gruppe 1-11
2025-02-27 09:13:59,115 INFO o.a.j.t.JMeterThread: Thread started: Thread-Gruppe 1-12
2025-02-27 09:13:59,248 INFO o.a.j.t.JMeterThread: Thread started: Thread-Gruppe 1-13
2025-02-27 09:13:59,262 INFO o.a.j.t.JMeterThread: Thread started: Thread-Gruppe 2-4
2025-02-27 09:13:59,380 INFO o.a.j.t.JMeterThread: Thread started: Thread-Gruppe 1-14
2025-02-27 09:13:59,513 INFO o.a.j.t.JMeterThread: Thread started: Thread-Gruppe 1-15
2025-02-27 09:13:59,646 INFO o.a.j.t.JMeterThread: Thread started: Thread-Gruppe 1-16
2025-02-27 09:13:59,761 INFO o.a.j.t.JMeterThread: Thread started: Thread-Gruppe 2-5
2025-02-27 09:13:59,780 INFO o.a.j.t.JMeterThread: Thread started: Thread-Gruppe 1-17
2025-02-27 09:13:59,796 INFO o.a.j.t.JMeterThread: Thread started: Thread-Gruppe 3-2
2025-02-27 09:13:59,912 INFO o.a.j.t.JMeterThread: Thread started: Thread-Gruppe 1-18
2025-02-27 09:14:00,022 INFO o.a.j.r.Summariser: summary +     28 in 00:01:03 =    0.4/s Avg:   482 Min:   256 Max:   547 Err:     0 (0.00%) Active: 25 Started: 25 Finished: 0
2025-02-27 09:14:00,045 INFO o.a.j.t.JMeterThread: Thread started: Thread-Gruppe 1-19
2025-02-27 09:14:00,179 INFO o.a.j.t.JMeterThread: Thread started: Thread-Gruppe 1-20
2025-02-27 09:14:00,262 INFO o.a.j.t.JMeterThread: Thread started: Thread-Gruppe 2-6
2025-02-27 09:14:00,313 INFO o.a.j.t.JMeterThread: Thread started: Thread-Gruppe 1-21
2025-02-27 09:14:00,444 INFO o.a.j.t.JMeterThread: Thread started: Thread-Gruppe 1-22
2025-02-27 09:14:00,577 INFO o.a.j.t.JMeterThread: Thread started: Thread-Gruppe 1-23
2025-02-27 09:14:00,710 INFO o.a.j.t.JMeterThread: Thread started: Thread-Gruppe 1-24
2025-02-27 09:14:00,762 INFO o.a.j.t.JMeterThread: Thread started: Thread-Gruppe 2-7
2025-02-27 09:14:00,845 INFO o.a.j.t.JMeterThread: Thread started: Thread-Gruppe 1-25
2025-02-27 09:14:00,977 INFO o.a.j.t.JMeterThread: Thread started: Thread-Gruppe 1-26
2025-02-27 09:14:01,111 INFO o.a.j.t.JMeterThread: Thread started: Thread-Gruppe 1-27
2025-02-27 09:14:01,244 INFO o.a.j.t.JMeterThread: Thread started: Thread-Gruppe 1-28
2025-02-27 09:14:01,262 INFO o.a.j.t.JMeterThread: Thread started: Thread-Gruppe 2-8
2025-02-27 09:14:01,377 INFO o.a.j.t.JMeterThread: Thread started: Thread-Gruppe 1-29
2025-02-27 09:14:01,509 INFO o.a.j.t.JMeterThread: Thread started: Thread-Gruppe 1-30
2025-02-27 09:14:01,642 INFO o.a.j.t.JMeterThread: Thread started: Thread-Gruppe 1-31
2025-02-27 09:14:01,761 INFO o.a.j.t.JMeterThread: Thread started: Thread-Gruppe 2-9
2025-02-27 09:14:01,775 INFO o.a.j.t.JMeterThread: Thread started: Thread-Gruppe 1-32
2025-02-27 09:14:01,797 INFO o.a.j.t.JMeterThread: Thread started: Thread-Gruppe 3-3
2025-02-27 09:14:01,909 INFO o.a.j.t.JMeterThread: Thread started: Thread-Gruppe 1-33
2025-02-27 09:14:02,041 INFO o.a.j.t.JMeterThread: Thread started: Thread-Gruppe 1-34
2025-02-27 09:14:02,173 INFO o.a.j.t.JMeterThread: Thread started: Thread-Gruppe 1-35
2025-02-27 09:14:02,262 INFO o.a.j.t.JMeterThread: Thread started: Thread-Gruppe 2-10
2025-02-27 09:14:02,307 INFO o.a.j.t.JMeterThread: Thread started: Thread-Gruppe 1-36
2025-02-27 09:14:02,440 INFO o.a.j.t.JMeterThread: Thread started: Thread-Gruppe 1-37
2025-02-27 09:14:02,576 INFO o.a.j.t.JMeterThread: Thread started: Thread-Gruppe 1-38
2025-02-27 09:14:02,706 INFO o.a.j.t.JMeterThread: Thread started: Thread-Gruppe 1-39
2025-02-27 09:14:02,762 INFO o.a.j.t.JMeterThread: Thread started: Thread-Gruppe 2-11
2025-02-27 09:14:02,840 INFO o.a.j.t.JMeterThread: Thread started: Thread-Gruppe 1-40
2025-02-27 09:14:02,973 INFO o.a.j.t.JMeterThread: Thread started: Thread-Gruppe 1-41
2025-02-27 09:14:03,105 INFO o.a.j.t.JMeterThread: Thread started: Thread-Gruppe 1-42
2025-02-27 09:14:03,240 INFO o.a.j.t.JMeterThread: Thread started: Thread-Gruppe 1-43
2025-02-27 09:14:03,261 INFO o.a.j.t.JMeterThread: Thread started: Thread-Gruppe 2-12
2025-02-27 09:14:03,372 INFO o.a.j.t.JMeterThread: Thread started: Thread-Gruppe 1-44
2025-02-27 09:14:03,505 INFO o.a.j.t.JMeterThread: Thread started: Thread-Gruppe 1-45
2025-02-27 09:14:03,640 INFO o.a.j.t.JMeterThread: Thread started: Thread-Gruppe 1-46
2025-02-27 09:14:03,761 INFO o.a.j.t.JMeterThread: Thread started: Thread-Gruppe 2-13
2025-02-27 09:14:03,771 INFO o.a.j.t.JMeterThread: Thread started: Thread-Gruppe 1-47
2025-02-27 09:14:03,797 INFO o.a.j.t.JMeterThread: Thread started: Thread-Gruppe 3-4
2025-02-27 09:14:03,904 INFO o.a.j.t.JMeterThread: Thread started: Thread-Gruppe 1-48
2025-02-27 09:14:04,037 INFO o.a.j.t.JMeterThread: Thread started: Thread-Gruppe 1-49
2025-02-27 09:14:04,170 INFO o.a.j.t.JMeterThread: Thread started: Thread-Gruppe 1-50
2025-02-27 09:14:04,261 INFO o.a.j.t.JMeterThread: Thread started: Thread-Gruppe 2-14
2025-02-27 09:14:04,302 INFO o.a.j.t.JMeterThread: Thread started: Thread-Gruppe 1-51
2025-02-27 09:14:04,436 INFO o.a.j.t.JMeterThread: Thread started: Thread-Gruppe 1-52
2025-02-27 09:14:04,570 INFO o.a.j.t.JMeterThread: Thread started: Thread-Gruppe 1-53
2025-02-27 09:14:04,703 INFO o.a.j.t.JMeterThread: Thread started: Thread-Gruppe 1-54
2025-02-27 09:14:04,761 INFO o.a.j.t.JMeterThread: Thread started: Thread-Gruppe 2-15
2025-02-27 09:14:04,835 INFO o.a.j.t.JMeterThread: Thread started: Thread-Gruppe 1-55
2025-02-27 09:14:04,969 INFO o.a.j.t.JMeterThread: Thread started: Thread-Gruppe 1-56
2025-02-27 09:14:05,102 INFO o.a.j.t.JMeterThread: Thread started: Thread-Gruppe 1-57
2025-02-27 09:14:05,233 INFO o.a.j.t.JMeterThread: Thread started: Thread-Gruppe 1-58
2025-02-27 09:14:05,261 INFO o.a.j.t.JMeterThread: Thread started: Thread-Gruppe 2-16
2025-02-27 09:14:05,367 INFO o.a.j.t.JMeterThread: Thread started: Thread-Gruppe 1-59
2025-02-27 09:14:05,499 INFO o.a.j.t.JMeterThread: Thread started: Thread-Gruppe 1-60
2025-02-27 09:14:05,633 INFO o.a.j.t.JMeterThread: Thread started: Thread-Gruppe 1-61
2025-02-27 09:14:05,762 INFO o.a.j.t.JMeterThread: Thread started: Thread-Gruppe 2-17
2025-02-27 09:14:05,766 INFO o.a.j.t.JMeterThread: Thread started: Thread-Gruppe 1-62
2025-02-27 09:14:05,797 INFO o.a.j.t.JMeterThread: Thread started: Thread-Gruppe 3-5
2025-02-27 09:14:05,898 INFO o.a.j.t.JMeterThread: Thread started: Thread-Gruppe 1-63
2025-02-27 09:14:06,030 INFO o.a.j.t.JMeterThread: Thread started: Thread-Gruppe 1-64
2025-02-27 09:14:06,164 INFO o.a.j.t.JMeterThread: Thread started: Thread-Gruppe 1-65
2025-02-27 09:14:06,262 INFO o.a.j.t.JMeterThread: Thread started: Thread-Gruppe 2-18
2025-02-27 09:14:06,297 INFO o.a.j.t.JMeterThread: Thread started: Thread-Gruppe 1-66
2025-02-27 09:14:06,429 INFO o.a.j.t.JMeterThread: Thread started: Thread-Gruppe 1-67
2025-02-27 09:14:06,563 INFO o.a.j.t.JMeterThread: Thread started: Thread-Gruppe 1-68
2025-02-27 09:14:06,697 INFO o.a.j.t.JMeterThread: Thread started: Thread-Gruppe 1-69
2025-02-27 09:14:06,761 INFO o.a.j.t.JMeterThread: Thread started: Thread-Gruppe 2-19
2025-02-27 09:14:06,830 INFO o.a.j.t.JMeterThread: Thread started: Thread-Gruppe 1-70
2025-02-27 09:14:06,963 INFO o.a.j.t.JMeterThread: Thread started: Thread-Gruppe 1-71
2025-02-27 09:14:07,096 INFO o.a.j.t.JMeterThread: Thread started: Thread-Gruppe 1-72
2025-02-27 09:14:07,229 INFO o.a.j.t.JMeterThread: Thread started: Thread-Gruppe 1-73
2025-02-27 09:14:07,262 INFO o.a.j.t.JMeterThread: Thread started: Thread-Gruppe 2-20
2025-02-27 09:14:07,361 INFO o.a.j.t.JMeterThread: Thread started: Thread-Gruppe 1-74
2025-02-27 09:14:07,494 INFO o.a.j.t.JMeterThread: Thread started: Thread-Gruppe 1-75
2025-02-27 09:14:30,042 INFO o.a.j.r.Summariser: summary +   2069 in 00:00:30 =   68.9/s Avg:   381 Min:   250 Max:  2380 Err:     0 (0.00%) Active: 100 Started: 100 Finished: 0
2025-02-27 09:14:30,043 INFO o.a.j.r.Summariser: summary =   2097 in 00:01:33 =   22.6/s Avg:   383 Min:   250 Max:  2380 Err:     0 (0.00%)
2025-02-27 09:15:00,003 INFO o.a.j.r.Summariser: summary +   2214 in 00:00:30 =   73.9/s Avg:   413 Min:   251 Max:  3749 Err:     0 (0.00%) Active: 100 Started: 100 Finished: 0
2025-02-27 09:15:00,005 INFO o.a.j.r.Summariser: summary =   4311 in 00:02:03 =   35.1/s Avg:   398 Min:   250 Max:  3749 Err:     0 (0.00%)
2025-02-27 09:15:30,026 INFO o.a.j.r.Summariser: summary +   2258 in 00:00:30 =   75.2/s Avg:   384 Min:   250 Max:  2243 Err:     0 (0.00%) Active: 100 Started: 100 Finished: 0
2025-02-27 09:15:30,027 INFO o.a.j.r.Summariser: summary =   6569 in 00:02:33 =   43.0/s Avg:   393 Min:   250 Max:  3749 Err:     0 (0.00%)
2025-02-27 09:16:00,007 INFO o.a.j.r.Summariser: summary +   2259 in 00:00:30 =   75.3/s Avg:   368 Min:   250 Max:  1713 Err:     0 (0.00%) Active: 100 Started: 100 Finished: 0
2025-02-27 09:16:00,008 INFO o.a.j.r.Summariser: summary =   8828 in 00:03:03 =   48.3/s Avg:   387 Min:   250 Max:  3749 Err:     0 (0.00%)
2025-02-27 09:16:30,023 INFO o.a.j.r.Summariser: summary +   2280 in 00:00:30 =   76.0/s Avg:   366 Min:   250 Max:  1179 Err:     0 (0.00%) Active: 100 Started: 100 Finished: 0
2025-02-27 09:16:30,025 INFO o.a.j.r.Summariser: summary =  11108 in 00:03:33 =   52.2/s Avg:   383 Min:   250 Max:  3749 Err:     0 (0.00%)
2025-02-27 09:17:00,025 INFO o.a.j.r.Summariser: summary +   2289 in 00:00:30 =   76.3/s Avg:   329 Min:   249 Max:   884 Err:     0 (0.00%) Active: 100 Started: 100 Finished: 0
2025-02-27 09:17:00,025 INFO o.a.j.r.Summariser: summary =  13397 in 00:04:03 =   55.2/s Avg:   373 Min:   249 Max:  3749 Err:     0 (0.00%)
2025-02-27 09:17:30,013 INFO o.a.j.r.Summariser: summary +   2281 in 00:00:30 =   76.1/s Avg:   350 Min:   250 Max:  1072 Err:     0 (0.00%) Active: 100 Started: 100 Finished: 0
2025-02-27 09:17:30,013 INFO o.a.j.r.Summariser: summary =  15678 in 00:04:33 =   57.5/s Avg:   370 Min:   249 Max:  3749 Err:     0 (0.00%)
2025-02-27 09:18:00,012 INFO o.a.j.r.Summariser: summary +   2295 in 00:00:30 =   76.5/s Avg:   327 Min:   250 Max:   835 Err:     0 (0.00%) Active: 100 Started: 100 Finished: 0
2025-02-27 09:18:00,014 INFO o.a.j.r.Summariser: summary =  17973 in 00:05:03 =   59.4/s Avg:   365 Min:   249 Max:  3749 Err:     0 (0.00%)
2025-02-27 09:18:30,005 INFO o.a.j.r.Summariser: summary +   2279 in 00:00:30 =   76.0/s Avg:   362 Min:   250 Max:  1154 Err:     0 (0.00%) Active: 100 Started: 100 Finished: 0
2025-02-27 09:18:30,007 INFO o.a.j.r.Summariser: summary =  20252 in 00:05:33 =   60.9/s Avg:   364 Min:   249 Max:  3749 Err:     0 (0.00%)
2025-02-27 09:19:00,027 INFO o.a.j.r.Summariser: summary +   2300 in 00:00:30 =   76.6/s Avg:   327 Min:   250 Max:   846 Err:     0 (0.00%) Active: 100 Started: 100 Finished: 0
2025-02-27 09:19:00,028 INFO o.a.j.r.Summariser: summary =  22552 in 00:06:03 =   62.2/s Avg:   361 Min:   249 Max:  3749 Err:     0 (0.00%)
2025-02-27 09:19:30,006 INFO o.a.j.r.Summariser: summary +   2282 in 00:00:30 =   76.1/s Avg:   343 Min:   250 Max:  1060 Err:     0 (0.00%) Active: 100 Started: 100 Finished: 0
2025-02-27 09:19:30,008 INFO o.a.j.r.Summariser: summary =  24834 in 00:06:33 =   63.2/s Avg:   359 Min:   249 Max:  3749 Err:     0 (0.00%)
2025-02-27 09:20:00,010 INFO o.a.j.r.Summariser: summary +   2287 in 00:00:30 =   76.2/s Avg:   332 Min:   250 Max:   946 Err:     0 (0.00%) Active: 100 Started: 100 Finished: 0
2025-02-27 09:20:00,011 INFO o.a.j.r.Summariser: summary =  27121 in 00:07:03 =   64.2/s Avg:   357 Min:   249 Max:  3749 Err:     0 (0.00%)
2025-02-27 09:20:30,015 INFO o.a.j.r.Summariser: summary +   2162 in 00:00:30 =   72.1/s Avg:   450 Min:   250 Max:  4712 Err:     0 (0.00%) Active: 100 Started: 100 Finished: 0
2025-02-27 09:20:30,017 INFO o.a.j.r.Summariser: summary =  29283 in 00:07:33 =   64.7/s Avg:   364 Min:   249 Max:  4712 Err:     0 (0.00%)
2025-02-27 09:21:00,002 INFO o.a.j.r.Summariser: summary +   2273 in 00:00:30 =   75.8/s Avg:   339 Min:   250 Max:  2540 Err:     0 (0.00%) Active: 100 Started: 100 Finished: 0
2025-02-27 09:21:00,003 INFO o.a.j.r.Summariser: summary =  31556 in 00:08:03 =   65.4/s Avg:   362 Min:   249 Max:  4712 Err:     0 (0.00%)
2025-02-27 09:21:30,022 INFO o.a.j.r.Summariser: summary +   2280 in 00:00:30 =   76.0/s Avg:   363 Min:   250 Max:  1309 Err:     0 (0.00%) Active: 100 Started: 100 Finished: 0
2025-02-27 09:21:30,024 INFO o.a.j.r.Summariser: summary =  33836 in 00:08:33 =   66.0/s Avg:   362 Min:   249 Max:  4712 Err:     0 (0.00%)
2025-02-27 09:22:00,026 INFO o.a.j.r.Summariser: summary +   2282 in 00:00:30 =   76.1/s Avg:   332 Min:   250 Max:  1278 Err:     0 (0.00%) Active: 100 Started: 100 Finished: 0
2025-02-27 09:22:00,026 INFO o.a.j.r.Summariser: summary =  36118 in 00:09:03 =   66.6/s Avg:   360 Min:   249 Max:  4712 Err:     0 (0.00%)
2025-02-27 09:22:30,006 INFO o.a.j.r.Summariser: summary +   2287 in 00:00:30 =   76.3/s Avg:   356 Min:   250 Max:  1074 Err:     0 (0.00%) Active: 100 Started: 100 Finished: 0
2025-02-27 09:22:30,008 INFO o.a.j.r.Summariser: summary =  38405 in 00:09:33 =   67.1/s Avg:   360 Min:   249 Max:  4712 Err:     0 (0.00%)
2025-02-27 09:23:00,002 INFO o.a.j.r.Summariser: summary +   2297 in 00:00:30 =   76.6/s Avg:   325 Min:   250 Max:   854 Err:     0 (0.00%) Active: 100 Started: 100 Finished: 0
2025-02-27 09:23:00,003 INFO o.a.j.r.Summariser: summary =  40702 in 00:10:03 =   67.5/s Avg:   358 Min:   249 Max:  4712 Err:     0 (0.00%)
2025-02-27 09:23:30,015 INFO o.a.j.r.Summariser: summary +   2285 in 00:00:30 =   76.1/s Avg:   353 Min:   250 Max:  1084 Err:     0 (0.00%) Active: 100 Started: 100 Finished: 0
2025-02-27 09:23:30,017 INFO o.a.j.r.Summariser: summary =  42987 in 00:10:33 =   67.9/s Avg:   357 Min:   249 Max:  4712 Err:     0 (0.00%)
2025-02-27 09:23:55,966 INFO o.a.j.t.JMeterThread: Thread finished: Thread-Gruppe 1-1
2025-02-27 09:23:55,975 INFO o.a.j.t.JMeterThread: Thread finished: Thread-Gruppe 1-30
2025-02-27 09:23:55,984 INFO o.a.j.t.JMeterThread: Thread finished: Thread-Gruppe 1-32
2025-02-27 09:23:56,019 INFO o.a.j.t.JMeterThread: Thread finished: Thread-Gruppe 1-62
2025-02-27 09:23:56,039 INFO o.a.j.t.JMeterThread: Thread finished: Thread-Gruppe 1-2
2025-02-27 09:23:56,075 INFO o.a.j.t.JMeterThread: Thread finished: Thread-Gruppe 1-29
2025-02-27 09:23:56,088 INFO o.a.j.t.JMeterThread: Thread finished: Thread-Gruppe 1-47
2025-02-27 09:23:56,130 INFO o.a.j.t.JMeterThread: Thread finished: Thread-Gruppe 1-17
2025-02-27 09:23:56,147 INFO o.a.j.t.JMeterThread: Thread finished: Thread-Gruppe 1-41
2025-02-27 09:23:56,153 INFO o.a.j.t.JMeterThread: Thread finished: Thread-Gruppe 1-63
2025-02-27 09:23:56,158 INFO o.a.j.t.JMeterThread: Thread finished: Thread-Gruppe 1-48
2025-02-27 09:23:56,174 INFO o.a.j.t.JMeterThread: Thread finished: Thread-Gruppe 1-3
2025-02-27 09:23:56,244 INFO o.a.j.t.JMeterThread: Thread finished: Thread-Gruppe 1-42
2025-02-27 09:23:56,286 INFO o.a.j.t.JMeterThread: Thread finished: Thread-Gruppe 1-64
2025-02-27 09:23:56,293 INFO o.a.j.t.JMeterThread: Thread finished: Thread-Gruppe 1-49
2025-02-27 09:23:56,296 INFO o.a.j.t.JMeterThread: Thread finished: Thread-Gruppe 1-19
2025-02-27 09:23:56,304 INFO o.a.j.t.JMeterThread: Thread finished: Thread-Gruppe 1-4
2025-02-27 09:23:56,305 INFO o.a.j.t.JMeterThread: Thread finished: Thread-Gruppe 1-39
2025-02-27 09:23:56,324 INFO o.a.j.t.JMeterThread: Thread finished: Thread-Gruppe 1-43
2025-02-27 09:23:56,425 INFO o.a.j.t.JMeterThread: Thread finished: Thread-Gruppe 1-65
2025-02-27 09:23:56,425 INFO o.a.j.t.JMeterThread: Thread finished: Thread-Gruppe 1-46
2025-02-27 09:23:56,425 INFO o.a.j.t.JMeterThread: Thread finished: Thread-Gruppe 1-50
2025-02-27 09:23:56,432 INFO o.a.j.t.JMeterThread: Thread finished: Thread-Gruppe 1-20
2025-02-27 09:23:56,440 INFO o.a.j.t.JMeterThread: Thread finished: Thread-Gruppe 1-5
2025-02-27 09:23:56,552 INFO o.a.j.t.JMeterThread: Thread finished: Thread-Gruppe 1-66
2025-02-27 09:23:56,552 INFO o.a.j.t.JMeterThread: Thread finished: Thread-Gruppe 1-18
2025-02-27 09:23:56,556 INFO o.a.j.t.JMeterThread: Thread finished: Thread-Gruppe 1-51
2025-02-27 09:23:56,566 INFO o.a.j.t.JMeterThread: Thread finished: Thread-Gruppe 1-21
2025-02-27 09:23:56,569 INFO o.a.j.t.JMeterThread: Thread finished: Thread-Gruppe 1-6
2025-02-27 09:23:56,675 INFO o.a.j.t.JMeterThread: Thread finished: Thread-Gruppe 1-33
2025-02-27 09:23:56,683 INFO o.a.j.t.JMeterThread: Thread finished: Thread-Gruppe 1-67
2025-02-27 09:23:56,689 INFO o.a.j.t.JMeterThread: Thread finished: Thread-Gruppe 1-52
2025-02-27 09:23:56,705 INFO o.a.j.t.JMeterThread: Thread finished: Thread-Gruppe 1-7
2025-02-27 09:23:56,802 INFO o.a.j.t.JMeterThread: Thread finished: Thread-Gruppe 1-34
2025-02-27 09:23:56,819 INFO o.a.j.t.JMeterThread: Thread finished: Thread-Gruppe 1-68
2025-02-27 09:23:56,826 INFO o.a.j.t.JMeterThread: Thread finished: Thread-Gruppe 1-53
2025-02-27 09:23:56,834 INFO o.a.j.t.JMeterThread: Thread finished: Thread-Gruppe 1-23
2025-02-27 09:23:56,840 INFO o.a.j.t.JMeterThread: Thread finished: Thread-Gruppe 1-22
2025-02-27 09:23:56,939 INFO o.a.j.t.JMeterThread: Thread finished: Thread-Gruppe 1-35
2025-02-27 09:23:56,941 INFO o.a.j.t.JMeterThread: Thread finished: Thread-Gruppe 1-8
2025-02-27 09:23:56,949 INFO o.a.j.t.JMeterThread: Thread finished: Thread-Gruppe 1-69
2025-02-27 09:23:56,961 INFO o.a.j.t.JMeterThread: Thread finished: Thread-Gruppe 1-54
2025-02-27 09:23:56,961 INFO o.a.j.t.JMeterThread: Thread finished: Thread-Gruppe 1-24
2025-02-27 09:23:56,969 INFO o.a.j.t.JMeterThread: Thread finished: Thread-Gruppe 1-9
2025-02-27 09:23:56,987 INFO o.a.j.t.JMeterThread: Thread finished: Thread-Gruppe 1-11
2025-02-27 09:23:57,065 INFO o.a.j.t.JMeterThread: Thread finished: Thread-Gruppe 1-36
2025-02-27 09:23:57,074 INFO o.a.j.t.JMeterThread: Thread finished: Thread-Gruppe 1-13
2025-02-27 09:23:57,086 INFO o.a.j.t.JMeterThread: Thread finished: Thread-Gruppe 1-70
2025-02-27 09:23:57,089 INFO o.a.j.t.JMeterThread: Thread finished: Thread-Gruppe 1-55
2025-02-27 09:23:57,099 INFO o.a.j.t.JMeterThread: Thread finished: Thread-Gruppe 1-25
2025-02-27 09:23:57,103 INFO o.a.j.t.JMeterThread: Thread finished: Thread-Gruppe 1-10
2025-02-27 09:23:57,190 INFO o.a.j.t.JMeterThread: Thread finished: Thread-Gruppe 1-37
2025-02-27 09:23:57,216 INFO o.a.j.t.JMeterThread: Thread finished: Thread-Gruppe 1-71
2025-02-27 09:23:57,224 INFO o.a.j.t.JMeterThread: Thread finished: Thread-Gruppe 1-56
2025-02-27 09:23:57,234 INFO o.a.j.t.JMeterThread: Thread finished: Thread-Gruppe 1-26
2025-02-27 09:23:57,338 INFO o.a.j.t.JMeterThread: Thread finished: Thread-Gruppe 1-38
2025-02-27 09:23:57,357 INFO o.a.j.t.JMeterThread: Thread finished: Thread-Gruppe 1-72
2025-02-27 09:23:57,357 INFO o.a.j.t.JMeterThread: Thread finished: Thread-Gruppe 1-57
2025-02-27 09:23:57,369 INFO o.a.j.t.JMeterThread: Thread finished: Thread-Gruppe 1-12
2025-02-27 09:23:57,387 INFO o.a.j.t.JMeterThread: Thread finished: Thread-Gruppe 2-11
2025-02-27 09:23:57,413 INFO o.a.j.t.JMeterThread: Thread finished: Thread-Gruppe 2-17
2025-02-27 09:23:57,470 INFO o.a.j.t.JMeterThread: Thread finished: Thread-Gruppe 2-18
2025-02-27 09:23:57,487 INFO o.a.j.t.JMeterThread: Thread finished: Thread-Gruppe 1-73
2025-02-27 09:23:57,529 INFO o.a.j.t.JMeterThread: Thread finished: Thread-Gruppe 1-27
2025-02-27 09:23:57,529 INFO o.a.j.t.JMeterThread: Thread finished: Thread-Gruppe 2-8
2025-02-27 09:23:57,531 INFO o.a.j.t.JMeterThread: Thread finished: Thread-Gruppe 2-13
2025-02-27 09:23:57,531 INFO o.a.j.t.JMeterThread: Thread finished: Thread-Gruppe 2-9
2025-02-27 09:23:57,548 INFO o.a.j.t.JMeterThread: Thread finished: Thread-Gruppe 3-4
2025-02-27 09:23:57,563 INFO o.a.j.t.JMeterThread: Thread finished: Thread-Gruppe 3-5
2025-02-27 09:23:57,594 INFO o.a.j.t.JMeterThread: Thread finished: Thread-Gruppe 1-40
2025-02-27 09:23:57,596 INFO o.a.j.t.JMeterThread: Thread finished: Thread-Gruppe 3-1
2025-02-27 09:23:57,605 INFO o.a.j.t.JMeterThread: Thread finished: Thread-Gruppe 2-1
2025-02-27 09:23:57,605 INFO o.a.j.t.JMeterThread: Thread finished: Thread-Gruppe 2-7
2025-02-27 09:23:57,619 INFO o.a.j.t.JMeterThread: Thread finished: Thread-Gruppe 1-59
2025-02-27 09:23:57,619 INFO o.a.j.t.JMeterThread: Thread finished: Thread-Gruppe 1-74
2025-02-27 09:23:57,638 INFO o.a.j.t.JMeterThread: Thread finished: Thread-Gruppe 1-14
2025-02-27 09:23:57,647 INFO o.a.j.t.JMeterThread: Thread finished: Thread-Gruppe 3-2
2025-02-27 09:23:57,647 INFO o.a.j.t.JMeterThread: Thread finished: Thread-Gruppe 2-2
2025-02-27 09:23:57,684 INFO o.a.j.t.JMeterThread: Stopping because end time detected by thread: Thread-Gruppe 1-28
2025-02-27 09:23:57,684 INFO o.a.j.t.JMeterThread: Thread finished: Thread-Gruppe 1-28
2025-02-27 09:23:57,718 INFO o.a.j.t.JMeterThread: Thread finished: Thread-Gruppe 2-16
2025-02-27 09:23:57,730 INFO o.a.j.t.JMeterThread: Thread finished: Thread-Gruppe 1-58
2025-02-27 09:23:57,730 INFO o.a.j.t.JMeterThread: Thread finished: Thread-Gruppe 2-4
2025-02-27 09:23:57,745 INFO o.a.j.t.JMeterThread: Thread finished: Thread-Gruppe 1-75
2025-02-27 09:23:57,745 INFO o.a.j.t.JMeterThread: Stopping because end time detected by thread: Thread-Gruppe 1-60
2025-02-27 09:23:57,745 INFO o.a.j.t.JMeterThread: Thread finished: Thread-Gruppe 1-60
2025-02-27 09:23:57,760 INFO o.a.j.t.JMeterThread: Thread finished: Thread-Gruppe 2-10
2025-02-27 09:23:57,760 INFO o.a.j.t.JMeterThread: Stopping because end time detected by thread: Thread-Gruppe 1-15
2025-02-27 09:23:57,760 INFO o.a.j.t.JMeterThread: Thread finished: Thread-Gruppe 1-15
2025-02-27 09:23:57,775 INFO o.a.j.t.JMeterThread: Stopping because end time detected by thread: Thread-Gruppe 2-6
2025-02-27 09:23:57,775 INFO o.a.j.t.JMeterThread: Thread finished: Thread-Gruppe 2-6
2025-02-27 09:23:57,775 INFO o.a.j.t.JMeterThread: Thread finished: Thread-Gruppe 2-19
2025-02-27 09:23:57,820 INFO o.a.j.t.JMeterThread: Stopping because end time detected by thread: Thread-Gruppe 2-20
2025-02-27 09:23:57,820 INFO o.a.j.t.JMeterThread: Thread finished: Thread-Gruppe 2-20
2025-02-27 09:23:57,880 INFO o.a.j.t.JMeterThread: Stopping because end time detected by thread: Thread-Gruppe 2-5
2025-02-27 09:23:57,880 INFO o.a.j.t.JMeterThread: Stopping because end time detected by thread: Thread-Gruppe 2-3
2025-02-27 09:23:57,880 INFO o.a.j.t.JMeterThread: Thread finished: Thread-Gruppe 2-5
2025-02-27 09:23:57,880 INFO o.a.j.t.JMeterThread: Thread finished: Thread-Gruppe 2-3
2025-02-27 09:23:57,880 INFO o.a.j.t.JMeterThread: Stopping because end time detected by thread: Thread-Gruppe 2-14
2025-02-27 09:23:57,880 INFO o.a.j.t.JMeterThread: Stopping because end time detected by thread: Thread-Gruppe 1-61
2025-02-27 09:23:57,880 INFO o.a.j.t.JMeterThread: Thread finished: Thread-Gruppe 2-14
2025-02-27 09:23:57,880 INFO o.a.j.t.JMeterThread: Thread finished: Thread-Gruppe 1-61
2025-02-27 09:23:57,895 INFO o.a.j.t.JMeterThread: Stopping because end time detected by thread: Thread-Gruppe 2-12
2025-02-27 09:23:57,895 INFO o.a.j.t.JMeterThread: Thread finished: Thread-Gruppe 2-12
2025-02-27 09:23:57,895 INFO o.a.j.t.JMeterThread: Stopping because end time detected by thread: Thread-Gruppe 1-16
2025-02-27 09:23:57,895 INFO o.a.j.t.JMeterThread: Thread finished: Thread-Gruppe 1-16
2025-02-27 09:23:57,970 INFO o.a.j.t.JMeterThread: Stopping because end time detected by thread: Thread-Gruppe 3-3
2025-02-27 09:23:57,970 INFO o.a.j.t.JMeterThread: Thread finished: Thread-Gruppe 3-3
2025-02-27 09:23:58,033 INFO o.a.j.t.JMeterThread: Stopping because end time detected by thread: Thread-Gruppe 2-15
2025-02-27 09:23:58,033 INFO o.a.j.t.JMeterThread: Thread finished: Thread-Gruppe 2-15
2025-02-27 09:23:58,156 INFO o.a.j.t.JMeterThread: Stopping because end time detected by thread: Thread-Gruppe 1-44
2025-02-27 09:23:58,156 INFO o.a.j.t.JMeterThread: Thread finished: Thread-Gruppe 1-44
2025-02-27 09:23:58,262 INFO o.a.j.t.JMeterThread: Stopping because end time detected by thread: Thread-Gruppe 1-31
2025-02-27 09:23:58,262 INFO o.a.j.t.JMeterThread: Thread finished: Thread-Gruppe 1-31
2025-02-27 09:23:58,322 INFO o.a.j.t.JMeterThread: Stopping because end time detected by thread: Thread-Gruppe 1-45
2025-02-27 09:23:58,330 INFO o.a.j.t.JMeterThread: Thread finished: Thread-Gruppe 1-45
2025-02-27 09:23:58,330 INFO o.a.j.e.StandardJMeterEngine: Notifying test listeners of end of test
2025-02-27 09:23:58,330 INFO o.a.j.r.Summariser: summary +   2137 in 00:00:28 =   75.5/s Avg:   327 Min:   249 Max:   803 Err:     0 (0.00%) Active: 0 Started: 100 Finished: 100
2025-02-27 09:23:58,330 INFO o.a.j.r.Summariser: summary =  45124 in 00:11:01 =   68.3/s Avg:   356 Min:   249 Max:  4712 Err:     0 (0.00%)
