2025-03-01 20:30:30,599 INFO o.a.j.u.JMeterUtils: Setting Locale to en_EN
2025-03-01 20:30:30,627 INFO o.a.j.JMeter: Loading user properties from: C:\Users\ASUS\Desktop\apache-jmeter-5.6.3\apache-jmeter-5.6.3\bin\user.properties
2025-03-01 20:30:30,629 INFO o.a.j.JMeter: Loading system properties from: C:\Users\ASUS\Desktop\apache-jmeter-5.6.3\apache-jmeter-5.6.3\bin\system.properties
2025-03-01 20:30:30,629 INFO o.a.j.JMeter: Setting JMeter property: lb_1_hostname=104.155.182.254
2025-03-01 20:30:30,629 INFO o.a.j.JMeter: Setting JMeter property: lb_2_hostname=35.246.73.6
2025-03-01 20:30:30,629 INFO o.a.j.JMeter: Setting JMeter property: lb_1_port=8090
2025-03-01 20:30:30,629 INFO o.a.j.JMeter: Setting JMeter property: lb_2_port=8091
2025-03-01 20:30:30,632 INFO o.a.j.JMeter: Setting JMeter property: warm_up_users=20
2025-03-01 20:30:30,632 INFO o.a.j.JMeter: Setting JMeter property: warm_up_time=60
2025-03-01 20:30:30,632 INFO o.a.j.JMeter: Setting JMeter property: test_run_time=600
2025-03-01 20:30:30,634 INFO o.a.j.JMeter: Setting JMeter property: ramp_up=10
2025-03-01 20:30:30,634 INFO o.a.j.JMeter: Setting JMeter property: group_1=75
2025-03-01 20:30:30,634 INFO o.a.j.JMeter: Setting JMeter property: group_2=20
2025-03-01 20:30:30,634 INFO o.a.j.JMeter: Setting JMeter property: group_3=5
2025-03-01 20:30:30,634 INFO o.a.j.JMeter: Setting JMeter property: group_1_request_rate=30
2025-03-01 20:30:30,634 INFO o.a.j.JMeter: Setting JMeter property: group_2_request_rate=90
2025-03-01 20:30:30,634 INFO o.a.j.JMeter: Setting JMeter property: group_3_request_rate=120
2025-03-01 20:30:30,634 INFO o.a.j.JMeter: Setting JMeter property: log_file=c:\\Users\\ASUS\\Desktop\\Repos\\rate-limiter-nginx\\jmeter\\cloud\\2025_03_01_18_17_logs\\sliding_window_logs\\mysql_script_rate_limit_100_window_size_60\\warm_up_results.csv
2025-03-01 20:30:30,634 INFO o.a.j.JMeter: Setting JMeter property: algorithm=sliding_window_logs_mysql_script_rate_limit_100_window_size_60
2025-03-01 20:30:30,634 INFO o.a.j.JMeter: Setting JMeter property: auth=/sliding_window_logs/mysql_script_rate_limit_100_window_size_60/tools.descartes.teastore.auth/rest
2025-03-01 20:30:30,634 INFO o.a.j.JMeter: Setting JMeter property: persistence=/sliding_window_logs/mysql_script_rate_limit_100_window_size_60/tools.descartes.teastore.persistence/rest
2025-03-01 20:30:30,634 INFO o.a.j.JMeter: Setting JMeter property: recommender=/sliding_window_logs/mysql_script_rate_limit_100_window_size_60/tools.descartes.teastore.recommender/rest
2025-03-01 20:30:30,634 INFO o.a.j.JMeter: Setting JMeter property: image=/sliding_window_logs/mysql_script_rate_limit_100_window_size_60/tools.descartes.teastore.image/rest
2025-03-01 20:30:30,634 INFO o.a.j.JMeter: Copyright (c) 1998-2024 The Apache Software Foundation
2025-03-01 20:30:30,634 INFO o.a.j.JMeter: Version 5.6.3
2025-03-01 20:30:30,634 INFO o.a.j.JMeter: java.version=17.0.9
2025-03-01 20:30:30,634 INFO o.a.j.JMeter: java.vm.name=Java HotSpot(TM) 64-Bit Server VM
2025-03-01 20:30:30,647 INFO o.a.j.JMeter: os.name=Windows 11
2025-03-01 20:30:30,647 INFO o.a.j.JMeter: os.arch=amd64
2025-03-01 20:30:30,647 INFO o.a.j.JMeter: os.version=10.0
2025-03-01 20:30:30,647 INFO o.a.j.JMeter: file.encoding=Cp1252
2025-03-01 20:30:30,647 INFO o.a.j.JMeter: java.awt.headless=true
2025-03-01 20:30:30,647 INFO o.a.j.JMeter: Max memory     =1073741824
2025-03-01 20:30:30,647 INFO o.a.j.JMeter: Available Processors =12
2025-03-01 20:30:30,649 INFO o.a.j.JMeter: Default Locale=English (EN)
2025-03-01 20:30:30,649 INFO o.a.j.JMeter: JMeter  Locale=English (EN)
2025-03-01 20:30:30,649 INFO o.a.j.JMeter: JMeterHome=C:\Users\ASUS\Desktop\apache-jmeter-5.6.3\apache-jmeter-5.6.3
2025-03-01 20:30:30,649 INFO o.a.j.JMeter: user.dir  =C:\Users\ASUS\Desktop\Repos\rate-limiter-nginx
2025-03-01 20:30:30,649 INFO o.a.j.JMeter: PWD       =C:\Users\ASUS\Desktop\Repos\rate-limiter-nginx
2025-03-01 20:30:30,665 INFO o.a.j.JMeter: IP: 192.168.1.45 Name: THIVA FullName: THIVA
2025-03-01 20:30:30,691 INFO o.a.j.s.FileServer: Default base='C:\Users\ASUS\Desktop\Repos\rate-limiter-nginx'
2025-03-01 20:30:30,691 INFO o.a.j.s.FileServer: Set new base='c:\Users\ASUS\Desktop\Repos\rate-limiter-nginx\jmeter\cloud'
2025-03-01 20:30:30,915 INFO o.a.j.s.SaveService: Testplan (JMX) version: 2.2. Testlog (JTL) version: 2.2
2025-03-01 20:30:30,952 INFO o.a.j.s.SaveService: Using SaveService properties version 5.0
2025-03-01 20:30:30,952 INFO o.a.j.s.SaveService: Using SaveService properties file encoding UTF-8
2025-03-01 20:30:30,952 INFO o.a.j.s.SaveService: Loading file: c:\Users\ASUS\Desktop\Repos\rate-limiter-nginx\jmeter\cloud\teastore_performance.jmx
2025-03-01 20:30:31,015 INFO o.a.j.p.h.c.CookieManager: Settings: Delete null: true Check: true Allow variable: true Save: false Prefix: COOKIE_
2025-03-01 20:30:31,031 INFO o.a.j.p.h.s.HTTPSamplerBase: Parser for text/html is org.apache.jmeter.protocol.http.parser.LagartoBasedHtmlParser
2025-03-01 20:30:31,031 INFO o.a.j.p.h.s.HTTPSamplerBase: Parser for application/xhtml+xml is org.apache.jmeter.protocol.http.parser.LagartoBasedHtmlParser
2025-03-01 20:30:31,031 INFO o.a.j.p.h.s.HTTPSamplerBase: Parser for application/xml is org.apache.jmeter.protocol.http.parser.LagartoBasedHtmlParser
2025-03-01 20:30:31,031 INFO o.a.j.p.h.s.HTTPSamplerBase: Parser for text/xml is org.apache.jmeter.protocol.http.parser.LagartoBasedHtmlParser
2025-03-01 20:30:31,031 INFO o.a.j.p.h.s.HTTPSamplerBase: Parser for text/vnd.wap.wml is org.apache.jmeter.protocol.http.parser.RegexpHTMLParser
2025-03-01 20:30:31,031 INFO o.a.j.p.h.s.HTTPSamplerBase: Parser for text/css is org.apache.jmeter.protocol.http.parser.CssParser
2025-03-01 20:30:31,131 INFO o.a.j.s.SampleResult: Note: Sample TimeStamps are START times
2025-03-01 20:30:31,146 INFO o.a.j.s.SampleResult: sampleresult.default.encoding is set to UTF-8
2025-03-01 20:30:31,146 INFO o.a.j.s.SampleResult: sampleresult.useNanoTime=true
2025-03-01 20:30:31,146 INFO o.a.j.s.SampleResult: sampleresult.nanoThreadSleep=5000
2025-03-01 20:30:31,181 INFO o.a.j.JMeter: Creating summariser <summary>
2025-03-01 20:30:31,195 INFO o.a.j.e.StandardJMeterEngine: Running the test!
2025-03-01 20:30:31,196 INFO o.a.j.s.SampleEvent: List of sample_variables: []
2025-03-01 20:30:31,197 INFO o.a.j.s.SampleEvent: List of sample_variables: []
2025-03-01 20:30:31,203 INFO o.a.j.e.u.CompoundVariable: Note: Function class names must contain the string: '.functions.'
2025-03-01 20:30:31,203 INFO o.a.j.e.u.CompoundVariable: Note: Function class names must not contain the string: '.gui.'
2025-03-01 20:30:31,281 INFO o.a.j.r.ClassFinder: Will scan jar C:\Users\ASUS\Desktop\apache-jmeter-5.6.3\apache-jmeter-5.6.3\lib\ext\jmeter-plugins-casutg-2.10.jar with filter ExtendsClassFilter [parents=[interface org.apache.jmeter.functions.Function], inner=false, contains=null, notContains=null]. Consider exposing JMeter plugins via META-INF/services, and add JMeter-Skip-Class-Scanning=true manifest attribute so JMeter can skip classfile scanning
2025-03-01 20:30:31,292 INFO o.a.j.r.ClassFinder: Will scan jar C:\Users\ASUS\Desktop\apache-jmeter-5.6.3\apache-jmeter-5.6.3\lib\ext\jmeter-plugins-graphs-vs-2.0.jar with filter ExtendsClassFilter [parents=[interface org.apache.jmeter.functions.Function], inner=false, contains=null, notContains=null]. Consider exposing JMeter plugins via META-INF/services, and add JMeter-Skip-Class-Scanning=true manifest attribute so JMeter can skip classfile scanning
2025-03-01 20:30:31,296 INFO o.a.j.r.ClassFinder: Will scan jar C:\Users\ASUS\Desktop\apache-jmeter-5.6.3\apache-jmeter-5.6.3\lib\ext\jmeter-plugins-manager-1.9.jar with filter ExtendsClassFilter [parents=[interface org.apache.jmeter.functions.Function], inner=false, contains=null, notContains=null]. Consider exposing JMeter plugins via META-INF/services, and add JMeter-Skip-Class-Scanning=true manifest attribute so JMeter can skip classfile scanning
2025-03-01 20:30:31,362 INFO o.a.j.r.ClassFinder: Will scan jar C:\Users\ASUS\Desktop\apache-jmeter-5.6.3\apache-jmeter-5.6.3\lib\ext\jmeter-plugins-graphs-basic-2.0.jar with filter ExtendsClassFilter [parents=[interface org.apache.jmeter.functions.Function], inner=false, contains=null, notContains=null]. Consider exposing JMeter plugins via META-INF/services, and add JMeter-Skip-Class-Scanning=true manifest attribute so JMeter can skip classfile scanning
2025-03-01 20:30:31,362 INFO o.a.j.r.ClassFinder: Will scan jar C:\Users\ASUS\Desktop\apache-jmeter-5.6.3\apache-jmeter-5.6.3\lib\ext\jmeter-plugins-manager-0.20.jar with filter ExtendsClassFilter [parents=[interface org.apache.jmeter.functions.Function], inner=false, contains=null, notContains=null]. Consider exposing JMeter plugins via META-INF/services, and add JMeter-Skip-Class-Scanning=true manifest attribute so JMeter can skip classfile scanning
2025-03-01 20:30:31,394 INFO o.a.j.r.ClassFinder: Will scan jar C:\Users\ASUS\Desktop\apache-jmeter-5.6.3\apache-jmeter-5.6.3\lib\ext\jmeter-plugins-tst-2.6.jar with filter ExtendsClassFilter [parents=[interface org.apache.jmeter.functions.Function], inner=false, contains=null, notContains=null]. Consider exposing JMeter plugins via META-INF/services, and add JMeter-Skip-Class-Scanning=true manifest attribute so JMeter can skip classfile scanning
2025-03-01 20:30:31,396 INFO o.a.j.r.ClassFinder: Will scan jar C:\Users\ASUS\Desktop\apache-jmeter-5.6.3\apache-jmeter-5.6.3\lib\ext\jmeter-parallel-0.12.jar with filter ExtendsClassFilter [parents=[interface org.apache.jmeter.functions.Function], inner=false, contains=null, notContains=null]. Consider exposing JMeter plugins via META-INF/services, and add JMeter-Skip-Class-Scanning=true manifest attribute so JMeter can skip classfile scanning
2025-03-01 20:30:31,687 INFO o.a.j.JMeter: Running test (1740841231687)
2025-03-01 20:30:31,694 INFO o.a.j.e.StandardJMeterEngine: Starting setUp thread groups
2025-03-01 20:30:31,694 INFO o.a.j.e.StandardJMeterEngine: Starting setUp ThreadGroup: 1 : setUp Thread Group 
2025-03-01 20:30:31,694 INFO o.a.j.e.StandardJMeterEngine: Starting 20 threads for group setUp Thread Group.
2025-03-01 20:30:31,694 INFO o.a.j.e.StandardJMeterEngine: Thread will continue on error
2025-03-01 20:30:31,694 INFO o.a.j.t.ThreadGroup: Starting thread group... number=1 threads=20 ramp-up=10 delayedStart=false
2025-03-01 20:30:31,706 INFO o.a.j.t.JMeterThread: Thread started: setUp Thread Group 1-1
2025-03-01 20:30:31,730 INFO o.a.j.t.ThreadGroup: Started thread group number 1
2025-03-01 20:30:31,730 INFO o.a.j.e.StandardJMeterEngine: Waiting for all setup thread groups to exit
2025-03-01 20:30:32,209 INFO o.a.j.t.JMeterThread: Thread started: setUp Thread Group 1-2
2025-03-01 20:30:32,538 INFO o.a.j.p.h.s.HTTPHCAbstractImpl: Local host = THIVA
2025-03-01 20:30:32,546 INFO o.a.j.p.h.s.HTTPHC4Impl: HTTP request retry count = 0
2025-03-01 20:30:32,710 INFO o.a.j.t.JMeterThread: Thread started: setUp Thread Group 1-3
2025-03-01 20:30:33,201 INFO o.a.j.t.JMeterThread: Thread started: setUp Thread Group 1-4
2025-03-01 20:30:33,699 INFO o.a.j.t.JMeterThread: Thread started: setUp Thread Group 1-5
2025-03-01 20:30:34,199 INFO o.a.j.t.JMeterThread: Thread started: setUp Thread Group 1-6
2025-03-01 20:30:34,698 INFO o.a.j.t.JMeterThread: Thread started: setUp Thread Group 1-7
2025-03-01 20:30:35,201 INFO o.a.j.t.JMeterThread: Thread started: setUp Thread Group 1-8
2025-03-01 20:30:35,701 INFO o.a.j.t.JMeterThread: Thread started: setUp Thread Group 1-9
2025-03-01 20:30:36,194 INFO o.a.j.t.JMeterThread: Thread started: setUp Thread Group 1-10
2025-03-01 20:30:36,694 INFO o.a.j.t.JMeterThread: Thread started: setUp Thread Group 1-11
2025-03-01 20:30:37,203 INFO o.a.j.t.JMeterThread: Thread started: setUp Thread Group 1-12
2025-03-01 20:30:37,703 INFO o.a.j.t.JMeterThread: Thread started: setUp Thread Group 1-13
2025-03-01 20:30:38,205 INFO o.a.j.t.JMeterThread: Thread started: setUp Thread Group 1-14
2025-03-01 20:30:38,701 INFO o.a.j.t.JMeterThread: Thread started: setUp Thread Group 1-15
2025-03-01 20:30:39,198 INFO o.a.j.t.JMeterThread: Thread started: setUp Thread Group 1-16
2025-03-01 20:30:39,700 INFO o.a.j.t.JMeterThread: Thread started: setUp Thread Group 1-17
2025-03-01 20:30:40,199 INFO o.a.j.t.JMeterThread: Thread started: setUp Thread Group 1-18
2025-03-01 20:30:40,699 INFO o.a.j.t.JMeterThread: Thread started: setUp Thread Group 1-19
2025-03-01 20:30:41,200 INFO o.a.j.t.JMeterThread: Thread started: setUp Thread Group 1-20
2025-03-01 20:31:31,467 INFO o.a.j.t.JMeterThread: Thread finished: setUp Thread Group 1-9
2025-03-01 20:31:31,470 INFO o.a.j.t.JMeterThread: Thread finished: setUp Thread Group 1-2
2025-03-01 20:31:31,598 INFO o.a.j.t.JMeterThread: Thread finished: setUp Thread Group 1-20
2025-03-01 20:31:31,605 INFO o.a.j.t.JMeterThread: Thread finished: setUp Thread Group 1-6
2025-03-01 20:31:31,620 INFO o.a.j.t.JMeterThread: Thread finished: setUp Thread Group 1-10
2025-03-01 20:31:31,711 INFO o.a.j.t.JMeterThread: Stopping because end time detected by thread: setUp Thread Group 1-4
2025-03-01 20:31:31,711 INFO o.a.j.t.JMeterThread: Thread finished: setUp Thread Group 1-4
2025-03-01 20:31:31,742 INFO o.a.j.t.JMeterThread: Stopping because end time detected by thread: setUp Thread Group 1-13
2025-03-01 20:31:31,742 INFO o.a.j.t.JMeterThread: Thread finished: setUp Thread Group 1-13
2025-03-01 20:31:31,822 INFO o.a.j.t.JMeterThread: Stopping because end time detected by thread: setUp Thread Group 1-8
2025-03-01 20:31:31,822 INFO o.a.j.t.JMeterThread: Thread finished: setUp Thread Group 1-8
2025-03-01 20:31:31,838 INFO o.a.j.t.JMeterThread: Stopping because end time detected by thread: setUp Thread Group 1-15
2025-03-01 20:31:31,838 INFO o.a.j.t.JMeterThread: Thread finished: setUp Thread Group 1-15
2025-03-01 20:31:31,855 INFO o.a.j.t.JMeterThread: Stopping because end time detected by thread: setUp Thread Group 1-12
2025-03-01 20:31:31,855 INFO o.a.j.t.JMeterThread: Thread finished: setUp Thread Group 1-12
2025-03-01 20:31:31,855 INFO o.a.j.t.JMeterThread: Stopping because end time detected by thread: setUp Thread Group 1-17
2025-03-01 20:31:31,855 INFO o.a.j.t.JMeterThread: Thread finished: setUp Thread Group 1-17
2025-03-01 20:31:31,855 INFO o.a.j.t.JMeterThread: Stopping because end time detected by thread: setUp Thread Group 1-7
2025-03-01 20:31:31,855 INFO o.a.j.t.JMeterThread: Thread finished: setUp Thread Group 1-7
2025-03-01 20:31:31,855 INFO o.a.j.t.JMeterThread: Stopping because end time detected by thread: setUp Thread Group 1-3
2025-03-01 20:31:31,855 INFO o.a.j.t.JMeterThread: Thread finished: setUp Thread Group 1-3
2025-03-01 20:31:31,971 INFO o.a.j.t.JMeterThread: Stopping because end time detected by thread: setUp Thread Group 1-16
2025-03-01 20:31:31,971 INFO o.a.j.t.JMeterThread: Thread finished: setUp Thread Group 1-16
2025-03-01 20:31:32,032 INFO o.a.j.t.JMeterThread: Stopping because end time detected by thread: setUp Thread Group 1-1
2025-03-01 20:31:32,032 INFO o.a.j.t.JMeterThread: Thread finished: setUp Thread Group 1-1
2025-03-01 20:31:32,032 INFO o.a.j.t.JMeterThread: Stopping because end time detected by thread: setUp Thread Group 1-14
2025-03-01 20:31:32,032 INFO o.a.j.t.JMeterThread: Stopping because end time detected by thread: setUp Thread Group 1-11
2025-03-01 20:31:32,032 INFO o.a.j.t.JMeterThread: Thread finished: setUp Thread Group 1-11
2025-03-01 20:31:32,032 INFO o.a.j.t.JMeterThread: Thread finished: setUp Thread Group 1-14
2025-03-01 20:31:32,054 INFO o.a.j.t.JMeterThread: Stopping because end time detected by thread: setUp Thread Group 1-5
2025-03-01 20:31:32,054 INFO o.a.j.t.JMeterThread: Thread finished: setUp Thread Group 1-5
2025-03-01 20:31:32,132 INFO o.a.j.t.JMeterThread: Stopping because end time detected by thread: setUp Thread Group 1-18
2025-03-01 20:31:32,132 INFO o.a.j.t.JMeterThread: Thread finished: setUp Thread Group 1-18
2025-03-01 20:31:32,431 INFO o.a.j.t.JMeterThread: Stopping because end time detected by thread: setUp Thread Group 1-19
2025-03-01 20:31:32,431 INFO o.a.j.t.JMeterThread: Thread finished: setUp Thread Group 1-19
2025-03-01 20:31:32,431 INFO o.a.j.e.StandardJMeterEngine: All Setup Threads have ended
2025-03-01 20:31:32,463 INFO o.a.j.e.StandardJMeterEngine: Starting ThreadGroup: 1 : Thread-Gruppe
2025-03-01 20:31:32,463 INFO o.a.j.e.StandardJMeterEngine: Starting 75 threads for group Thread-Gruppe.
2025-03-01 20:31:32,463 INFO o.a.j.e.StandardJMeterEngine: Thread will continue on error
2025-03-01 20:31:32,463 INFO o.a.j.t.ThreadGroup: Starting thread group... number=1 threads=75 ramp-up=10 delayedStart=false
2025-03-01 20:31:32,463 INFO o.a.j.t.JMeterThread: Thread started: Thread-Gruppe 1-1
2025-03-01 20:31:32,528 INFO o.a.j.t.ThreadGroup: Started thread group number 1
2025-03-01 20:31:32,528 INFO o.a.j.e.StandardJMeterEngine: Starting ThreadGroup: 2 : Thread-Gruppe
2025-03-01 20:31:32,528 INFO o.a.j.e.StandardJMeterEngine: Starting 20 threads for group Thread-Gruppe.
2025-03-01 20:31:32,528 INFO o.a.j.e.StandardJMeterEngine: Thread will continue on error
2025-03-01 20:31:32,528 INFO o.a.j.t.ThreadGroup: Starting thread group... number=2 threads=20 ramp-up=10 delayedStart=false
2025-03-01 20:31:32,531 INFO o.a.j.t.JMeterThread: Thread started: Thread-Gruppe 2-1
2025-03-01 20:31:32,540 INFO o.a.j.t.ThreadGroup: Started thread group number 2
2025-03-01 20:31:32,540 INFO o.a.j.e.StandardJMeterEngine: Starting ThreadGroup: 3 : Thread-Gruppe
2025-03-01 20:31:32,540 INFO o.a.j.e.StandardJMeterEngine: Starting 5 threads for group Thread-Gruppe.
2025-03-01 20:31:32,540 INFO o.a.j.e.StandardJMeterEngine: Thread will continue on error
2025-03-01 20:31:32,540 INFO o.a.j.t.ThreadGroup: Starting thread group... number=3 threads=5 ramp-up=10 delayedStart=false
2025-03-01 20:31:32,542 INFO o.a.j.t.JMeterThread: Thread started: Thread-Gruppe 3-1
2025-03-01 20:31:32,543 INFO o.a.j.t.ThreadGroup: Started thread group number 3
2025-03-01 20:31:32,543 INFO o.a.j.e.StandardJMeterEngine: All thread groups have been started
2025-03-01 20:31:32,601 INFO o.a.j.t.JMeterThread: Thread started: Thread-Gruppe 1-2
2025-03-01 20:31:32,735 INFO o.a.j.t.JMeterThread: Thread started: Thread-Gruppe 1-3
2025-03-01 20:31:32,870 INFO o.a.j.t.JMeterThread: Thread started: Thread-Gruppe 1-4
2025-03-01 20:31:32,998 INFO o.a.j.t.JMeterThread: Thread started: Thread-Gruppe 1-5
2025-03-01 20:31:33,009 INFO o.a.j.r.Summariser: summary +      1 in 00:01:01 =    0.0/s Avg:   504 Min:   504 Max:   504 Err:     0 (0.00%) Active: 7 Started: 7 Finished: 0
2025-03-01 20:31:33,030 INFO o.a.j.t.JMeterThread: Thread started: Thread-Gruppe 2-2
2025-03-01 20:31:33,131 INFO o.a.j.t.JMeterThread: Thread started: Thread-Gruppe 1-6
2025-03-01 20:31:33,264 INFO o.a.j.t.JMeterThread: Thread started: Thread-Gruppe 1-7
2025-03-01 20:31:33,397 INFO o.a.j.t.JMeterThread: Thread started: Thread-Gruppe 1-8
2025-03-01 20:31:33,529 INFO o.a.j.t.JMeterThread: Thread started: Thread-Gruppe 1-9
2025-03-01 20:31:33,530 INFO o.a.j.t.JMeterThread: Thread started: Thread-Gruppe 2-3
2025-03-01 20:31:33,664 INFO o.a.j.t.JMeterThread: Thread started: Thread-Gruppe 1-10
2025-03-01 20:31:33,796 INFO o.a.j.t.JMeterThread: Thread started: Thread-Gruppe 1-11
2025-03-01 20:31:33,927 INFO o.a.j.t.JMeterThread: Thread started: Thread-Gruppe 1-12
2025-03-01 20:31:34,030 INFO o.a.j.t.JMeterThread: Thread started: Thread-Gruppe 2-4
2025-03-01 20:31:34,062 INFO o.a.j.t.JMeterThread: Thread started: Thread-Gruppe 1-13
2025-03-01 20:31:34,196 INFO o.a.j.t.JMeterThread: Thread started: Thread-Gruppe 1-14
2025-03-01 20:31:34,330 INFO o.a.j.t.JMeterThread: Thread started: Thread-Gruppe 1-15
2025-03-01 20:31:34,460 INFO o.a.j.t.JMeterThread: Thread started: Thread-Gruppe 1-16
2025-03-01 20:31:34,530 INFO o.a.j.t.JMeterThread: Thread started: Thread-Gruppe 2-5
2025-03-01 20:31:34,542 INFO o.a.j.t.JMeterThread: Thread started: Thread-Gruppe 3-2
2025-03-01 20:31:34,593 INFO o.a.j.t.JMeterThread: Thread started: Thread-Gruppe 1-17
2025-03-01 20:31:34,727 INFO o.a.j.t.JMeterThread: Thread started: Thread-Gruppe 1-18
2025-03-01 20:31:34,859 INFO o.a.j.t.JMeterThread: Thread started: Thread-Gruppe 1-19
2025-03-01 20:31:34,992 INFO o.a.j.t.JMeterThread: Thread started: Thread-Gruppe 1-20
2025-03-01 20:31:35,031 INFO o.a.j.t.JMeterThread: Thread started: Thread-Gruppe 2-6
2025-03-01 20:31:35,126 INFO o.a.j.t.JMeterThread: Thread started: Thread-Gruppe 1-21
2025-03-01 20:31:35,258 INFO o.a.j.t.JMeterThread: Thread started: Thread-Gruppe 1-22
2025-03-01 20:31:35,393 INFO o.a.j.t.JMeterThread: Thread started: Thread-Gruppe 1-23
2025-03-01 20:31:35,525 INFO o.a.j.t.JMeterThread: Thread started: Thread-Gruppe 1-24
2025-03-01 20:31:35,530 INFO o.a.j.t.JMeterThread: Thread started: Thread-Gruppe 2-7
2025-03-01 20:31:35,657 INFO o.a.j.t.JMeterThread: Thread started: Thread-Gruppe 1-25
2025-03-01 20:31:35,791 INFO o.a.j.t.JMeterThread: Thread started: Thread-Gruppe 1-26
2025-03-01 20:31:35,924 INFO o.a.j.t.JMeterThread: Thread started: Thread-Gruppe 1-27
2025-03-01 20:31:36,031 INFO o.a.j.t.JMeterThread: Thread started: Thread-Gruppe 2-8
2025-03-01 20:31:36,057 INFO o.a.j.t.JMeterThread: Thread started: Thread-Gruppe 1-28
2025-03-01 20:31:36,190 INFO o.a.j.t.JMeterThread: Thread started: Thread-Gruppe 1-29
2025-03-01 20:31:36,324 INFO o.a.j.t.JMeterThread: Thread started: Thread-Gruppe 1-30
2025-03-01 20:31:36,456 INFO o.a.j.t.JMeterThread: Thread started: Thread-Gruppe 1-31
2025-03-01 20:31:36,531 INFO o.a.j.t.JMeterThread: Thread started: Thread-Gruppe 2-9
2025-03-01 20:31:36,543 INFO o.a.j.t.JMeterThread: Thread started: Thread-Gruppe 3-3
2025-03-01 20:31:36,589 INFO o.a.j.t.JMeterThread: Thread started: Thread-Gruppe 1-32
2025-03-01 20:31:36,722 INFO o.a.j.t.JMeterThread: Thread started: Thread-Gruppe 1-33
2025-03-01 20:31:36,853 INFO o.a.j.t.JMeterThread: Thread started: Thread-Gruppe 1-34
2025-03-01 20:31:36,987 INFO o.a.j.t.JMeterThread: Thread started: Thread-Gruppe 1-35
2025-03-01 20:31:37,030 INFO o.a.j.t.JMeterThread: Thread started: Thread-Gruppe 2-10
2025-03-01 20:31:37,120 INFO o.a.j.t.JMeterThread: Thread started: Thread-Gruppe 1-36
2025-03-01 20:31:37,253 INFO o.a.j.t.JMeterThread: Thread started: Thread-Gruppe 1-37
2025-03-01 20:31:37,385 INFO o.a.j.t.JMeterThread: Thread started: Thread-Gruppe 1-38
2025-03-01 20:31:37,520 INFO o.a.j.t.JMeterThread: Thread started: Thread-Gruppe 1-39
2025-03-01 20:31:37,529 INFO o.a.j.t.JMeterThread: Thread started: Thread-Gruppe 2-11
2025-03-01 20:31:37,654 INFO o.a.j.t.JMeterThread: Thread started: Thread-Gruppe 1-40
2025-03-01 20:31:37,785 INFO o.a.j.t.JMeterThread: Thread started: Thread-Gruppe 1-41
2025-03-01 20:31:37,919 INFO o.a.j.t.JMeterThread: Thread started: Thread-Gruppe 1-42
2025-03-01 20:31:38,031 INFO o.a.j.t.JMeterThread: Thread started: Thread-Gruppe 2-12
2025-03-01 20:31:38,052 INFO o.a.j.t.JMeterThread: Thread started: Thread-Gruppe 1-43
2025-03-01 20:31:38,185 INFO o.a.j.t.JMeterThread: Thread started: Thread-Gruppe 1-44
2025-03-01 20:31:38,317 INFO o.a.j.t.JMeterThread: Thread started: Thread-Gruppe 1-45
2025-03-01 20:31:38,451 INFO o.a.j.t.JMeterThread: Thread started: Thread-Gruppe 1-46
2025-03-01 20:31:38,531 INFO o.a.j.t.JMeterThread: Thread started: Thread-Gruppe 2-13
2025-03-01 20:31:38,543 INFO o.a.j.t.JMeterThread: Thread started: Thread-Gruppe 3-4
2025-03-01 20:31:38,584 INFO o.a.j.t.JMeterThread: Thread started: Thread-Gruppe 1-47
2025-03-01 20:31:38,717 INFO o.a.j.t.JMeterThread: Thread started: Thread-Gruppe 1-48
2025-03-01 20:31:38,850 INFO o.a.j.t.JMeterThread: Thread started: Thread-Gruppe 1-49
2025-03-01 20:31:38,983 INFO o.a.j.t.JMeterThread: Thread started: Thread-Gruppe 1-50
2025-03-01 20:31:39,030 INFO o.a.j.t.JMeterThread: Thread started: Thread-Gruppe 2-14
2025-03-01 20:31:39,115 INFO o.a.j.t.JMeterThread: Thread started: Thread-Gruppe 1-51
2025-03-01 20:31:39,249 INFO o.a.j.t.JMeterThread: Thread started: Thread-Gruppe 1-52
2025-03-01 20:31:39,382 INFO o.a.j.t.JMeterThread: Thread started: Thread-Gruppe 1-53
2025-03-01 20:31:39,514 INFO o.a.j.t.JMeterThread: Thread started: Thread-Gruppe 1-54
2025-03-01 20:31:39,530 INFO o.a.j.t.JMeterThread: Thread started: Thread-Gruppe 2-15
2025-03-01 20:31:39,648 INFO o.a.j.t.JMeterThread: Thread started: Thread-Gruppe 1-55
2025-03-01 20:31:39,781 INFO o.a.j.t.JMeterThread: Thread started: Thread-Gruppe 1-56
2025-03-01 20:31:39,913 INFO o.a.j.t.JMeterThread: Thread started: Thread-Gruppe 1-57
2025-03-01 20:31:40,032 INFO o.a.j.t.JMeterThread: Thread started: Thread-Gruppe 2-16
2025-03-01 20:31:40,047 INFO o.a.j.t.JMeterThread: Thread started: Thread-Gruppe 1-58
2025-03-01 20:31:40,178 INFO o.a.j.t.JMeterThread: Thread started: Thread-Gruppe 1-59
2025-03-01 20:31:40,311 INFO o.a.j.t.JMeterThread: Thread started: Thread-Gruppe 1-60
2025-03-01 20:31:40,445 INFO o.a.j.t.JMeterThread: Thread started: Thread-Gruppe 1-61
2025-03-01 20:31:40,531 INFO o.a.j.t.JMeterThread: Thread started: Thread-Gruppe 2-17
2025-03-01 20:31:40,543 INFO o.a.j.t.JMeterThread: Thread started: Thread-Gruppe 3-5
2025-03-01 20:31:40,578 INFO o.a.j.t.JMeterThread: Thread started: Thread-Gruppe 1-62
2025-03-01 20:31:40,710 INFO o.a.j.t.JMeterThread: Thread started: Thread-Gruppe 1-63
2025-03-01 20:31:40,844 INFO o.a.j.t.JMeterThread: Thread started: Thread-Gruppe 1-64
2025-03-01 20:31:40,977 INFO o.a.j.t.JMeterThread: Thread started: Thread-Gruppe 1-65
2025-03-01 20:31:41,033 INFO o.a.j.t.JMeterThread: Thread started: Thread-Gruppe 2-18
2025-03-01 20:31:41,110 INFO o.a.j.t.JMeterThread: Thread started: Thread-Gruppe 1-66
2025-03-01 20:31:41,242 INFO o.a.j.t.JMeterThread: Thread started: Thread-Gruppe 1-67
2025-03-01 20:31:41,376 INFO o.a.j.t.JMeterThread: Thread started: Thread-Gruppe 1-68
2025-03-01 20:31:41,510 INFO o.a.j.t.JMeterThread: Thread started: Thread-Gruppe 1-69
2025-03-01 20:31:41,530 INFO o.a.j.t.JMeterThread: Thread started: Thread-Gruppe 2-19
2025-03-01 20:31:41,642 INFO o.a.j.t.JMeterThread: Thread started: Thread-Gruppe 1-70
2025-03-01 20:31:41,776 INFO o.a.j.t.JMeterThread: Thread started: Thread-Gruppe 1-71
2025-03-01 20:31:41,908 INFO o.a.j.t.JMeterThread: Thread started: Thread-Gruppe 1-72
2025-03-01 20:31:42,031 INFO o.a.j.t.JMeterThread: Thread started: Thread-Gruppe 2-20
2025-03-01 20:31:42,042 INFO o.a.j.t.JMeterThread: Thread started: Thread-Gruppe 1-73
2025-03-01 20:31:42,174 INFO o.a.j.t.JMeterThread: Thread started: Thread-Gruppe 1-74
2025-03-01 20:31:42,308 INFO o.a.j.t.JMeterThread: Thread started: Thread-Gruppe 1-75
2025-03-01 20:32:00,007 INFO o.a.j.r.Summariser: summary +   1729 in 00:00:27 =   64.0/s Avg:   460 Min:   247 Max:  1354 Err:     1 (0.06%) Active: 100 Started: 100 Finished: 0
2025-03-01 20:32:00,008 INFO o.a.j.r.Summariser: summary =   1730 in 00:01:28 =   19.6/s Avg:   460 Min:   247 Max:  1354 Err:     1 (0.06%)
2025-03-01 20:32:30,001 INFO o.a.j.r.Summariser: summary +   2265 in 00:00:30 =   75.5/s Avg:   445 Min:   244 Max:  1429 Err:     0 (0.00%) Active: 100 Started: 100 Finished: 0
2025-03-01 20:32:30,001 INFO o.a.j.r.Summariser: summary =   3995 in 00:01:58 =   33.8/s Avg:   451 Min:   244 Max:  1429 Err:     1 (0.03%)
2025-03-01 20:33:00,002 INFO o.a.j.r.Summariser: summary +   2274 in 00:00:30 =   75.8/s Avg:   460 Min:   247 Max:  1192 Err:     0 (0.00%) Active: 100 Started: 100 Finished: 0
2025-03-01 20:33:00,002 INFO o.a.j.r.Summariser: summary =   6269 in 00:02:28 =   42.3/s Avg:   454 Min:   244 Max:  1429 Err:     1 (0.02%)
2025-03-01 20:33:30,011 INFO o.a.j.r.Summariser: summary +   2264 in 00:00:30 =   75.4/s Avg:   452 Min:   247 Max:  1945 Err:     0 (0.00%) Active: 100 Started: 100 Finished: 0
2025-03-01 20:33:30,012 INFO o.a.j.r.Summariser: summary =   8533 in 00:02:58 =   47.9/s Avg:   454 Min:   244 Max:  1945 Err:     1 (0.01%)
2025-03-01 20:34:00,002 INFO o.a.j.r.Summariser: summary +   2264 in 00:00:30 =   75.5/s Avg:   460 Min:   246 Max:  1247 Err:     1 (0.04%) Active: 100 Started: 100 Finished: 0
2025-03-01 20:34:00,002 INFO o.a.j.r.Summariser: summary =  10797 in 00:03:28 =   51.8/s Avg:   455 Min:   244 Max:  1945 Err:     2 (0.02%)
2025-03-01 20:34:30,007 INFO o.a.j.r.Summariser: summary +   2266 in 00:00:30 =   75.5/s Avg:   436 Min:   247 Max:  1021 Err:     0 (0.00%) Active: 100 Started: 100 Finished: 0
2025-03-01 20:34:30,008 INFO o.a.j.r.Summariser: summary =  13063 in 00:03:58 =   54.8/s Avg:   452 Min:   244 Max:  1945 Err:     2 (0.02%)
2025-03-01 20:35:00,010 INFO o.a.j.r.Summariser: summary +   2267 in 00:00:30 =   75.6/s Avg:   461 Min:   246 Max:  1477 Err:     0 (0.00%) Active: 100 Started: 100 Finished: 0
2025-03-01 20:35:00,011 INFO o.a.j.r.Summariser: summary =  15330 in 00:04:28 =   57.1/s Avg:   453 Min:   244 Max:  1945 Err:     2 (0.01%)
2025-03-01 20:35:30,007 INFO o.a.j.r.Summariser: summary +   2269 in 00:00:30 =   75.6/s Avg:   448 Min:   248 Max:  1034 Err:     0 (0.00%) Active: 100 Started: 100 Finished: 0
2025-03-01 20:35:30,008 INFO o.a.j.r.Summariser: summary =  17599 in 00:04:58 =   59.0/s Avg:   452 Min:   244 Max:  1945 Err:     2 (0.01%)
2025-03-01 20:36:00,006 INFO o.a.j.r.Summariser: summary +   2264 in 00:00:30 =   75.5/s Avg:   463 Min:   243 Max:  1154 Err:     0 (0.00%) Active: 100 Started: 100 Finished: 0
2025-03-01 20:36:00,006 INFO o.a.j.r.Summariser: summary =  19863 in 00:05:28 =   60.5/s Avg:   454 Min:   243 Max:  1945 Err:     2 (0.01%)
2025-03-01 20:36:30,000 INFO o.a.j.r.Summariser: summary +   2278 in 00:00:30 =   75.9/s Avg:   445 Min:   246 Max:  1302 Err:     0 (0.00%) Active: 100 Started: 100 Finished: 0
2025-03-01 20:36:30,000 INFO o.a.j.r.Summariser: summary =  22141 in 00:05:58 =   61.8/s Avg:   453 Min:   243 Max:  1945 Err:     2 (0.01%)
2025-03-01 20:37:00,006 INFO o.a.j.r.Summariser: summary +   2260 in 00:00:30 =   75.3/s Avg:   449 Min:   245 Max:  1159 Err:     0 (0.00%) Active: 100 Started: 100 Finished: 0
2025-03-01 20:37:00,008 INFO o.a.j.r.Summariser: summary =  24401 in 00:06:28 =   62.8/s Avg:   452 Min:   243 Max:  1945 Err:     2 (0.01%)
2025-03-01 20:37:30,003 INFO o.a.j.r.Summariser: summary +   2279 in 00:00:30 =   76.0/s Avg:   444 Min:   247 Max:  1377 Err:     0 (0.00%) Active: 100 Started: 100 Finished: 0
2025-03-01 20:37:30,003 INFO o.a.j.r.Summariser: summary =  26680 in 00:06:58 =   63.8/s Avg:   452 Min:   243 Max:  1945 Err:     2 (0.01%)
2025-03-01 20:38:00,013 INFO o.a.j.r.Summariser: summary +   2260 in 00:00:30 =   75.3/s Avg:   464 Min:   247 Max:  1160 Err:     0 (0.00%) Active: 100 Started: 100 Finished: 0
2025-03-01 20:38:00,014 INFO o.a.j.r.Summariser: summary =  28940 in 00:07:28 =   64.6/s Avg:   453 Min:   243 Max:  1945 Err:     2 (0.01%)
2025-03-01 20:38:30,011 INFO o.a.j.r.Summariser: summary +   2272 in 00:00:30 =   75.7/s Avg:   441 Min:   247 Max:  1005 Err:     0 (0.00%) Active: 100 Started: 100 Finished: 0
2025-03-01 20:38:30,012 INFO o.a.j.r.Summariser: summary =  31212 in 00:07:58 =   65.3/s Avg:   452 Min:   243 Max:  1945 Err:     2 (0.01%)
2025-03-01 20:39:00,011 INFO o.a.j.r.Summariser: summary +   2258 in 00:00:30 =   75.3/s Avg:   462 Min:   246 Max:  1182 Err:     0 (0.00%) Active: 100 Started: 100 Finished: 0
2025-03-01 20:39:00,011 INFO o.a.j.r.Summariser: summary =  33470 in 00:08:28 =   65.8/s Avg:   453 Min:   243 Max:  1945 Err:     2 (0.01%)
2025-03-01 20:39:30,027 INFO o.a.j.r.Summariser: summary +   2284 in 00:00:30 =   76.1/s Avg:   444 Min:   243 Max:  1247 Err:     0 (0.00%) Active: 100 Started: 100 Finished: 0
2025-03-01 20:39:30,027 INFO o.a.j.r.Summariser: summary =  35754 in 00:08:58 =   66.4/s Avg:   452 Min:   243 Max:  1945 Err:     2 (0.01%)
2025-03-01 20:40:00,007 INFO o.a.j.r.Summariser: summary +   2259 in 00:00:30 =   75.4/s Avg:   462 Min:   245 Max:  1261 Err:     0 (0.00%) Active: 100 Started: 100 Finished: 0
2025-03-01 20:40:00,007 INFO o.a.j.r.Summariser: summary =  38013 in 00:09:28 =   66.9/s Avg:   453 Min:   243 Max:  1945 Err:     2 (0.01%)
2025-03-01 20:40:30,007 INFO o.a.j.r.Summariser: summary +   2276 in 00:00:30 =   75.9/s Avg:   449 Min:   247 Max:  1156 Err:     0 (0.00%) Active: 100 Started: 100 Finished: 0
2025-03-01 20:40:30,008 INFO o.a.j.r.Summariser: summary =  40289 in 00:09:58 =   67.3/s Avg:   452 Min:   243 Max:  1945 Err:     2 (0.00%)
2025-03-01 20:41:00,017 INFO o.a.j.r.Summariser: summary +   2257 in 00:00:30 =   75.2/s Avg:   453 Min:   247 Max:  1378 Err:     0 (0.00%) Active: 100 Started: 100 Finished: 0
2025-03-01 20:41:00,017 INFO o.a.j.r.Summariser: summary =  42546 in 00:10:28 =   67.7/s Avg:   452 Min:   243 Max:  1945 Err:     2 (0.00%)
2025-03-01 20:41:30,019 INFO o.a.j.r.Summariser: summary +   2274 in 00:00:30 =   75.8/s Avg:   442 Min:   247 Max:  1246 Err:     0 (0.00%) Active: 100 Started: 100 Finished: 0
2025-03-01 20:41:30,020 INFO o.a.j.r.Summariser: summary =  44820 in 00:10:58 =   68.1/s Avg:   452 Min:   243 Max:  1945 Err:     2 (0.00%)
2025-03-01 20:41:30,845 INFO o.a.j.t.JMeterThread: Thread finished: Thread-Gruppe 1-47
2025-03-01 20:41:30,856 INFO o.a.j.t.JMeterThread: Thread finished: Thread-Gruppe 1-17
2025-03-01 20:41:30,976 INFO o.a.j.t.JMeterThread: Thread finished: Thread-Gruppe 1-48
2025-03-01 20:41:30,986 INFO o.a.j.t.JMeterThread: Thread finished: Thread-Gruppe 1-18
2025-03-01 20:41:30,992 INFO o.a.j.t.JMeterThread: Thread finished: Thread-Gruppe 1-1
2025-03-01 20:41:31,061 INFO o.a.j.t.JMeterThread: Thread finished: Thread-Gruppe 1-62
2025-03-01 20:41:31,106 INFO o.a.j.t.JMeterThread: Thread finished: Thread-Gruppe 1-2
2025-03-01 20:41:31,111 INFO o.a.j.t.JMeterThread: Thread finished: Thread-Gruppe 1-49
2025-03-01 20:41:31,116 INFO o.a.j.t.JMeterThread: Thread finished: Thread-Gruppe 1-19
2025-03-01 20:41:31,208 INFO o.a.j.t.JMeterThread: Thread finished: Thread-Gruppe 1-63
2025-03-01 20:41:31,233 INFO o.a.j.t.JMeterThread: Thread finished: Thread-Gruppe 1-3
2025-03-01 20:41:31,246 INFO o.a.j.t.JMeterThread: Thread finished: Thread-Gruppe 1-20
2025-03-01 20:41:31,247 INFO o.a.j.t.JMeterThread: Thread finished: Thread-Gruppe 1-50
2025-03-01 20:41:31,329 INFO o.a.j.t.JMeterThread: Thread finished: Thread-Gruppe 1-64
2025-03-01 20:41:31,354 INFO o.a.j.t.JMeterThread: Thread finished: Thread-Gruppe 1-4
2025-03-01 20:41:31,377 INFO o.a.j.t.JMeterThread: Thread finished: Thread-Gruppe 1-51
2025-03-01 20:41:31,396 INFO o.a.j.t.JMeterThread: Thread finished: Thread-Gruppe 1-21
2025-03-01 20:41:31,464 INFO o.a.j.t.JMeterThread: Thread finished: Thread-Gruppe 1-65
2025-03-01 20:41:31,482 INFO o.a.j.t.JMeterThread: Thread finished: Thread-Gruppe 1-5
2025-03-01 20:41:31,505 INFO o.a.j.t.JMeterThread: Thread finished: Thread-Gruppe 1-32
2025-03-01 20:41:31,520 INFO o.a.j.t.JMeterThread: Thread finished: Thread-Gruppe 1-52
2025-03-01 20:41:31,541 INFO o.a.j.t.JMeterThread: Thread finished: Thread-Gruppe 1-22
2025-03-01 20:41:31,605 INFO o.a.j.t.JMeterThread: Thread finished: Thread-Gruppe 1-66
2025-03-01 20:41:31,619 INFO o.a.j.t.JMeterThread: Thread finished: Thread-Gruppe 1-6
2025-03-01 20:41:31,626 INFO o.a.j.t.JMeterThread: Thread finished: Thread-Gruppe 1-33
2025-03-01 20:41:31,649 INFO o.a.j.t.JMeterThread: Thread finished: Thread-Gruppe 1-53
2025-03-01 20:41:31,652 INFO o.a.j.t.JMeterThread: Thread finished: Thread-Gruppe 1-23
2025-03-01 20:41:31,732 INFO o.a.j.t.JMeterThread: Thread finished: Thread-Gruppe 1-67
2025-03-01 20:41:31,761 INFO o.a.j.t.JMeterThread: Thread finished: Thread-Gruppe 1-34
2025-03-01 20:41:31,770 INFO o.a.j.t.JMeterThread: Thread finished: Thread-Gruppe 1-54
2025-03-01 20:41:31,779 INFO o.a.j.t.JMeterThread: Thread finished: Thread-Gruppe 1-24
2025-03-01 20:41:31,780 INFO o.a.j.t.JMeterThread: Thread finished: Thread-Gruppe 1-7
2025-03-01 20:41:31,865 INFO o.a.j.t.JMeterThread: Thread finished: Thread-Gruppe 1-68
2025-03-01 20:41:31,878 INFO o.a.j.t.JMeterThread: Thread finished: Thread-Gruppe 1-35
2025-03-01 20:41:31,881 INFO o.a.j.t.JMeterThread: Thread finished: Thread-Gruppe 1-8
2025-03-01 20:41:31,911 INFO o.a.j.t.JMeterThread: Thread finished: Thread-Gruppe 1-25
2025-03-01 20:41:31,911 INFO o.a.j.t.JMeterThread: Thread finished: Thread-Gruppe 1-55
2025-03-01 20:41:32,014 INFO o.a.j.t.JMeterThread: Thread finished: Thread-Gruppe 1-36
2025-03-01 20:41:32,014 INFO o.a.j.t.JMeterThread: Thread finished: Thread-Gruppe 1-69
2025-03-01 20:41:32,028 INFO o.a.j.t.JMeterThread: Thread finished: Thread-Gruppe 1-9
2025-03-01 20:41:32,052 INFO o.a.j.t.JMeterThread: Thread finished: Thread-Gruppe 1-56
2025-03-01 20:41:32,067 INFO o.a.j.t.JMeterThread: Thread finished: Thread-Gruppe 1-26
2025-03-01 20:41:32,126 INFO o.a.j.t.JMeterThread: Thread finished: Thread-Gruppe 1-37
2025-03-01 20:41:32,127 INFO o.a.j.t.JMeterThread: Thread finished: Thread-Gruppe 1-70
2025-03-01 20:41:32,160 INFO o.a.j.t.JMeterThread: Thread finished: Thread-Gruppe 1-10
2025-03-01 20:41:32,167 INFO o.a.j.t.JMeterThread: Thread finished: Thread-Gruppe 1-57
2025-03-01 20:41:32,180 INFO o.a.j.t.JMeterThread: Thread finished: Thread-Gruppe 1-27
2025-03-01 20:41:32,256 INFO o.a.j.t.JMeterThread: Thread finished: Thread-Gruppe 1-38
2025-03-01 20:41:32,256 INFO o.a.j.t.JMeterThread: Thread finished: Thread-Gruppe 1-71
2025-03-01 20:41:32,263 INFO o.a.j.t.JMeterThread: Thread finished: Thread-Gruppe 2-3
2025-03-01 20:41:32,290 INFO o.a.j.t.JMeterThread: Thread finished: Thread-Gruppe 1-11
2025-03-01 20:41:32,302 INFO o.a.j.t.JMeterThread: Thread finished: Thread-Gruppe 1-58
2025-03-01 20:41:32,320 INFO o.a.j.t.JMeterThread: Thread finished: Thread-Gruppe 2-10
2025-03-01 20:41:32,323 INFO o.a.j.t.JMeterThread: Thread finished: Thread-Gruppe 2-12
2025-03-01 20:41:32,323 INFO o.a.j.t.JMeterThread: Thread finished: Thread-Gruppe 1-28
2025-03-01 20:41:32,363 INFO o.a.j.t.JMeterThread: Thread finished: Thread-Gruppe 2-5
2025-03-01 20:41:32,371 INFO o.a.j.t.JMeterThread: Thread finished: Thread-Gruppe 2-19
2025-03-01 20:41:32,393 INFO o.a.j.t.JMeterThread: Thread finished: Thread-Gruppe 1-72
2025-03-01 20:41:32,396 INFO o.a.j.t.JMeterThread: Thread finished: Thread-Gruppe 2-2
2025-03-01 20:41:32,421 INFO o.a.j.t.JMeterThread: Thread finished: Thread-Gruppe 1-12
2025-03-01 20:41:32,441 INFO o.a.j.t.JMeterThread: Thread finished: Thread-Gruppe 1-39
2025-03-01 20:41:32,441 INFO o.a.j.t.JMeterThread: Thread finished: Thread-Gruppe 1-59
2025-03-01 20:41:32,445 INFO o.a.j.t.JMeterThread: Thread finished: Thread-Gruppe 1-29
2025-03-01 20:41:32,446 INFO o.a.j.t.JMeterThread: Thread finished: Thread-Gruppe 3-4
2025-03-01 20:41:32,473 INFO o.a.j.t.JMeterThread: Thread finished: Thread-Gruppe 2-6
2025-03-01 20:41:32,515 INFO o.a.j.t.JMeterThread: Thread finished: Thread-Gruppe 2-7
2025-03-01 20:41:32,518 INFO o.a.j.t.JMeterThread: Thread finished: Thread-Gruppe 1-73
2025-03-01 20:41:32,534 INFO o.a.j.t.JMeterThread: Stopping because end time detected by thread: Thread-Gruppe 1-13
2025-03-01 20:41:32,534 INFO o.a.j.t.JMeterThread: Thread finished: Thread-Gruppe 1-13
2025-03-01 20:41:32,550 INFO o.a.j.t.JMeterThread: Stopping because end time detected by thread: Thread-Gruppe 1-40
2025-03-01 20:41:32,550 INFO o.a.j.t.JMeterThread: Stopping because end time detected by thread: Thread-Gruppe 2-1
2025-03-01 20:41:32,563 INFO o.a.j.t.JMeterThread: Thread finished: Thread-Gruppe 2-1
2025-03-01 20:41:32,550 INFO o.a.j.t.JMeterThread: Thread finished: Thread-Gruppe 1-40
2025-03-01 20:41:32,563 INFO o.a.j.t.JMeterThread: Stopping because end time detected by thread: Thread-Gruppe 3-5
2025-03-01 20:41:32,563 INFO o.a.j.t.JMeterThread: Thread finished: Thread-Gruppe 3-5
2025-03-01 20:41:32,563 INFO o.a.j.t.JMeterThread: Stopping because end time detected by thread: Thread-Gruppe 1-60
2025-03-01 20:41:32,563 INFO o.a.j.t.JMeterThread: Thread finished: Thread-Gruppe 1-60
2025-03-01 20:41:32,563 INFO o.a.j.t.JMeterThread: Stopping because end time detected by thread: Thread-Gruppe 2-8
2025-03-01 20:41:32,563 INFO o.a.j.t.JMeterThread: Thread finished: Thread-Gruppe 2-8
2025-03-01 20:41:32,563 INFO o.a.j.t.JMeterThread: Stopping because end time detected by thread: Thread-Gruppe 1-30
2025-03-01 20:41:32,563 INFO o.a.j.t.JMeterThread: Thread finished: Thread-Gruppe 1-30
2025-03-01 20:41:32,563 INFO o.a.j.t.JMeterThread: Stopping because end time detected by thread: Thread-Gruppe 2-4
2025-03-01 20:41:32,563 INFO o.a.j.t.JMeterThread: Thread finished: Thread-Gruppe 2-4
2025-03-01 20:41:32,626 INFO o.a.j.t.JMeterThread: Stopping because end time detected by thread: Thread-Gruppe 2-9
2025-03-01 20:41:32,626 INFO o.a.j.t.JMeterThread: Thread finished: Thread-Gruppe 2-9
2025-03-01 20:41:32,626 INFO o.a.j.t.JMeterThread: Stopping because end time detected by thread: Thread-Gruppe 2-16
2025-03-01 20:41:32,638 INFO o.a.j.t.JMeterThread: Thread finished: Thread-Gruppe 2-16
2025-03-01 20:41:32,638 INFO o.a.j.t.JMeterThread: Stopping because end time detected by thread: Thread-Gruppe 2-14
2025-03-01 20:41:32,641 INFO o.a.j.t.JMeterThread: Thread finished: Thread-Gruppe 2-14
2025-03-01 20:41:32,690 INFO o.a.j.t.JMeterThread: Stopping because end time detected by thread: Thread-Gruppe 1-74
2025-03-01 20:41:32,690 INFO o.a.j.t.JMeterThread: Thread finished: Thread-Gruppe 1-74
2025-03-01 20:41:32,690 INFO o.a.j.t.JMeterThread: Stopping because end time detected by thread: Thread-Gruppe 3-1
2025-03-01 20:41:32,690 INFO o.a.j.t.JMeterThread: Thread finished: Thread-Gruppe 3-1
2025-03-01 20:41:32,690 INFO o.a.j.t.JMeterThread: Stopping because end time detected by thread: Thread-Gruppe 3-3
2025-03-01 20:41:32,701 INFO o.a.j.t.JMeterThread: Thread finished: Thread-Gruppe 3-3
2025-03-01 20:41:32,701 INFO o.a.j.t.JMeterThread: Stopping because end time detected by thread: Thread-Gruppe 1-61
2025-03-01 20:41:32,701 INFO o.a.j.t.JMeterThread: Thread finished: Thread-Gruppe 1-61
2025-03-01 20:41:32,701 INFO o.a.j.t.JMeterThread: Stopping because end time detected by thread: Thread-Gruppe 1-14
2025-03-01 20:41:32,701 INFO o.a.j.t.JMeterThread: Thread finished: Thread-Gruppe 1-14
2025-03-01 20:41:32,718 INFO o.a.j.t.JMeterThread: Stopping because end time detected by thread: Thread-Gruppe 1-31
2025-03-01 20:41:32,718 INFO o.a.j.t.JMeterThread: Thread finished: Thread-Gruppe 1-31
2025-03-01 20:41:32,718 INFO o.a.j.t.JMeterThread: Stopping because end time detected by thread: Thread-Gruppe 3-2
2025-03-01 20:41:32,718 INFO o.a.j.t.JMeterThread: Thread finished: Thread-Gruppe 3-2
2025-03-01 20:41:32,733 INFO o.a.j.t.JMeterThread: Stopping because end time detected by thread: Thread-Gruppe 1-41
2025-03-01 20:41:32,733 INFO o.a.j.t.JMeterThread: Thread finished: Thread-Gruppe 1-41
2025-03-01 20:41:32,765 INFO o.a.j.t.JMeterThread: Stopping because end time detected by thread: Thread-Gruppe 2-13
2025-03-01 20:41:32,765 INFO o.a.j.t.JMeterThread: Thread finished: Thread-Gruppe 2-13
2025-03-01 20:41:32,781 INFO o.a.j.t.JMeterThread: Stopping because end time detected by thread: Thread-Gruppe 1-75
2025-03-01 20:41:32,781 INFO o.a.j.t.JMeterThread: Thread finished: Thread-Gruppe 1-75
2025-03-01 20:41:32,781 INFO o.a.j.t.JMeterThread: Stopping because end time detected by thread: Thread-Gruppe 2-15
2025-03-01 20:41:32,797 INFO o.a.j.t.JMeterThread: Thread finished: Thread-Gruppe 2-15
2025-03-01 20:41:32,813 INFO o.a.j.t.JMeterThread: Stopping because end time detected by thread: Thread-Gruppe 1-15
2025-03-01 20:41:32,813 INFO o.a.j.t.JMeterThread: Thread finished: Thread-Gruppe 1-15
2025-03-01 20:41:32,844 INFO o.a.j.t.JMeterThread: Stopping because end time detected by thread: Thread-Gruppe 1-42
2025-03-01 20:41:32,844 INFO o.a.j.t.JMeterThread: Stopping because end time detected by thread: Thread-Gruppe 2-20
2025-03-01 20:41:32,847 INFO o.a.j.t.JMeterThread: Thread finished: Thread-Gruppe 1-42
2025-03-01 20:41:32,847 INFO o.a.j.t.JMeterThread: Thread finished: Thread-Gruppe 2-20
2025-03-01 20:41:32,910 INFO o.a.j.t.JMeterThread: Stopping because end time detected by thread: Thread-Gruppe 2-17
2025-03-01 20:41:32,910 INFO o.a.j.t.JMeterThread: Thread finished: Thread-Gruppe 2-17
2025-03-01 20:41:32,944 INFO o.a.j.t.JMeterThread: Stopping because end time detected by thread: Thread-Gruppe 1-43
2025-03-01 20:41:32,944 INFO o.a.j.t.JMeterThread: Thread finished: Thread-Gruppe 1-43
2025-03-01 20:41:32,944 INFO o.a.j.t.JMeterThread: Stopping because end time detected by thread: Thread-Gruppe 1-16
2025-03-01 20:41:32,944 INFO o.a.j.t.JMeterThread: Thread finished: Thread-Gruppe 1-16
2025-03-01 20:41:32,957 INFO o.a.j.t.JMeterThread: Stopping because end time detected by thread: Thread-Gruppe 2-18
2025-03-01 20:41:32,957 INFO o.a.j.t.JMeterThread: Thread finished: Thread-Gruppe 2-18
2025-03-01 20:41:32,989 INFO o.a.j.t.JMeterThread: Stopping because end time detected by thread: Thread-Gruppe 2-11
2025-03-01 20:41:32,989 INFO o.a.j.t.JMeterThread: Thread finished: Thread-Gruppe 2-11
2025-03-01 20:41:33,083 INFO o.a.j.t.JMeterThread: Stopping because end time detected by thread: Thread-Gruppe 1-44
2025-03-01 20:41:33,083 INFO o.a.j.t.JMeterThread: Thread finished: Thread-Gruppe 1-44
2025-03-01 20:41:33,291 INFO o.a.j.t.JMeterThread: Stopping because end time detected by thread: Thread-Gruppe 1-45
2025-03-01 20:41:33,291 INFO o.a.j.t.JMeterThread: Thread finished: Thread-Gruppe 1-45
2025-03-01 20:41:33,338 INFO o.a.j.t.JMeterThread: Stopping because end time detected by thread: Thread-Gruppe 1-46
2025-03-01 20:41:33,338 INFO o.a.j.t.JMeterThread: Thread finished: Thread-Gruppe 1-46
2025-03-01 20:41:33,344 INFO o.a.j.e.StandardJMeterEngine: Notifying test listeners of end of test
2025-03-01 20:41:33,344 INFO o.a.j.r.Summariser: summary +    223 in 00:00:03 =   67.1/s Avg:   470 Min:   248 Max:   975 Err:     0 (0.00%) Active: 0 Started: 100 Finished: 100
2025-03-01 20:41:33,344 INFO o.a.j.r.Summariser: summary =  45043 in 00:11:02 =   68.1/s Avg:   452 Min:   243 Max:  1945 Err:     2 (0.00%)
