2025-02-26 14:45:10,521 INFO o.a.j.u.JMeterUtils: Setting Locale to en_EN
2025-02-26 14:45:10,554 INFO o.a.j.JMeter: Loading user properties from: C:\Users\ASUS\Desktop\apache-jmeter-5.6.3\apache-jmeter-5.6.3\bin\user.properties
2025-02-26 14:45:10,555 INFO o.a.j.JMeter: Loading system properties from: C:\Users\ASUS\Desktop\apache-jmeter-5.6.3\apache-jmeter-5.6.3\bin\system.properties
2025-02-26 14:45:10,556 INFO o.a.j.JMeter: Setting JMeter property: lb_1_hostname=34.72.14.4
2025-02-26 14:45:10,556 INFO o.a.j.JMeter: Setting JMeter property: lb_2_hostname=35.232.210.73
2025-02-26 14:45:10,556 INFO o.a.j.JMeter: Setting JMeter property: lb_1_port=8090
2025-02-26 14:45:10,556 INFO o.a.j.JMeter: Setting JMeter property: lb_2_port=8091
2025-02-26 14:45:10,556 INFO o.a.j.JMeter: Setting JMeter property: warm_up_users=5
2025-02-26 14:45:10,556 INFO o.a.j.JMeter: Setting JMeter property: warm_up_time=10
2025-02-26 14:45:10,557 INFO o.a.j.JMeter: Setting JMeter property: test_run_time=30
2025-02-26 14:45:10,557 INFO o.a.j.JMeter: Setting JMeter property: ramp_up=5
2025-02-26 14:45:10,557 INFO o.a.j.JMeter: Setting JMeter property: group_1=1
2025-02-26 14:45:10,559 INFO o.a.j.JMeter: Setting JMeter property: group_2=1
2025-02-26 14:45:10,559 INFO o.a.j.JMeter: Setting JMeter property: group_3=1
2025-02-26 14:45:10,559 INFO o.a.j.JMeter: Setting JMeter property: group_1_request_rate=3
2025-02-26 14:45:10,559 INFO o.a.j.JMeter: Setting JMeter property: group_2_request_rate=9
2025-02-26 14:45:10,559 INFO o.a.j.JMeter: Setting JMeter property: group_3_request_rate=12
2025-02-26 14:45:10,560 INFO o.a.j.JMeter: Setting JMeter property: log_file=c:\\Users\\ASUS\\Desktop\\Repos\\rate-limiter-nginx\\jmeter\\cloud\\2025_02_26_14_42_logs\\gcra\\redis_script_period_60_rate_100_burst_5\\warm_up_results.csv
2025-02-26 14:45:10,560 INFO o.a.j.JMeter: Setting JMeter property: algorithm=gcra_redis_script_period_60_rate_100_burst_5
2025-02-26 14:45:10,560 INFO o.a.j.JMeter: Setting JMeter property: auth=/gcra/redis_script_period_60_rate_100_burst_5/tools.descartes.teastore.auth/rest
2025-02-26 14:45:10,560 INFO o.a.j.JMeter: Setting JMeter property: persistence=/gcra/redis_script_period_60_rate_100_burst_5/tools.descartes.teastore.persistence/rest
2025-02-26 14:45:10,560 INFO o.a.j.JMeter: Setting JMeter property: recommender=/gcra/redis_script_period_60_rate_100_burst_5/tools.descartes.teastore.recommender/rest
2025-02-26 14:45:10,560 INFO o.a.j.JMeter: Setting JMeter property: image=/gcra/redis_script_period_60_rate_100_burst_5/tools.descartes.teastore.image/rest
2025-02-26 14:45:10,570 INFO o.a.j.JMeter: Copyright (c) 1998-2024 The Apache Software Foundation
2025-02-26 14:45:10,570 INFO o.a.j.JMeter: Version 5.6.3
2025-02-26 14:45:10,570 INFO o.a.j.JMeter: java.version=17.0.9
2025-02-26 14:45:10,570 INFO o.a.j.JMeter: java.vm.name=Java HotSpot(TM) 64-Bit Server VM
2025-02-26 14:45:10,570 INFO o.a.j.JMeter: os.name=Windows 11
2025-02-26 14:45:10,570 INFO o.a.j.JMeter: os.arch=amd64
2025-02-26 14:45:10,570 INFO o.a.j.JMeter: os.version=10.0
2025-02-26 14:45:10,571 INFO o.a.j.JMeter: file.encoding=Cp1252
2025-02-26 14:45:10,571 INFO o.a.j.JMeter: java.awt.headless=true
2025-02-26 14:45:10,571 INFO o.a.j.JMeter: Max memory     =1073741824
2025-02-26 14:45:10,571 INFO o.a.j.JMeter: Available Processors =12
2025-02-26 14:45:10,580 INFO o.a.j.JMeter: Default Locale=English (EN)
2025-02-26 14:45:10,581 INFO o.a.j.JMeter: JMeter  Locale=English (EN)
2025-02-26 14:45:10,581 INFO o.a.j.JMeter: JMeterHome=C:\Users\ASUS\Desktop\apache-jmeter-5.6.3\apache-jmeter-5.6.3
2025-02-26 14:45:10,581 INFO o.a.j.JMeter: user.dir  =C:\Users\ASUS\Desktop\Repos\rate-limiter-nginx
2025-02-26 14:45:10,581 INFO o.a.j.JMeter: PWD       =C:\Users\ASUS\Desktop\Repos\rate-limiter-nginx
2025-02-26 14:45:10,583 INFO o.a.j.JMeter: IP: 192.168.1.45 Name: THIVA FullName: THIVA
2025-02-26 14:45:10,598 INFO o.a.j.s.FileServer: Default base='C:\Users\ASUS\Desktop\Repos\rate-limiter-nginx'
2025-02-26 14:45:10,600 INFO o.a.j.s.FileServer: Set new base='c:\Users\ASUS\Desktop\Repos\rate-limiter-nginx\jmeter\cloud'
2025-02-26 14:45:10,849 INFO o.a.j.s.SaveService: Testplan (JMX) version: 2.2. Testlog (JTL) version: 2.2
2025-02-26 14:45:10,883 INFO o.a.j.s.SaveService: Using SaveService properties version 5.0
2025-02-26 14:45:10,887 INFO o.a.j.s.SaveService: Using SaveService properties file encoding UTF-8
2025-02-26 14:45:10,894 INFO o.a.j.s.SaveService: Loading file: c:\Users\ASUS\Desktop\Repos\rate-limiter-nginx\jmeter\cloud\teastore_performance.jmx
2025-02-26 14:45:10,956 INFO o.a.j.p.h.c.CookieManager: Settings: Delete null: true Check: true Allow variable: true Save: false Prefix: COOKIE_
2025-02-26 14:45:10,987 INFO o.a.j.p.h.s.HTTPSamplerBase: Parser for text/html is org.apache.jmeter.protocol.http.parser.LagartoBasedHtmlParser
2025-02-26 14:45:10,987 INFO o.a.j.p.h.s.HTTPSamplerBase: Parser for application/xhtml+xml is org.apache.jmeter.protocol.http.parser.LagartoBasedHtmlParser
2025-02-26 14:45:10,987 INFO o.a.j.p.h.s.HTTPSamplerBase: Parser for application/xml is org.apache.jmeter.protocol.http.parser.LagartoBasedHtmlParser
2025-02-26 14:45:10,988 INFO o.a.j.p.h.s.HTTPSamplerBase: Parser for text/xml is org.apache.jmeter.protocol.http.parser.LagartoBasedHtmlParser
2025-02-26 14:45:10,988 INFO o.a.j.p.h.s.HTTPSamplerBase: Parser for text/vnd.wap.wml is org.apache.jmeter.protocol.http.parser.RegexpHTMLParser
2025-02-26 14:45:10,988 INFO o.a.j.p.h.s.HTTPSamplerBase: Parser for text/css is org.apache.jmeter.protocol.http.parser.CssParser
2025-02-26 14:45:11,136 INFO o.a.j.s.SampleResult: Note: Sample TimeStamps are START times
2025-02-26 14:45:11,136 INFO o.a.j.s.SampleResult: sampleresult.default.encoding is set to UTF-8
2025-02-26 14:45:11,136 INFO o.a.j.s.SampleResult: sampleresult.useNanoTime=true
2025-02-26 14:45:11,136 INFO o.a.j.s.SampleResult: sampleresult.nanoThreadSleep=5000
2025-02-26 14:45:11,186 INFO o.a.j.JMeter: Creating summariser <summary>
2025-02-26 14:45:11,208 INFO o.a.j.e.StandardJMeterEngine: Running the test!
2025-02-26 14:45:11,209 INFO o.a.j.s.SampleEvent: List of sample_variables: []
2025-02-26 14:45:11,210 INFO o.a.j.s.SampleEvent: List of sample_variables: []
2025-02-26 14:45:11,225 INFO o.a.j.e.u.CompoundVariable: Note: Function class names must contain the string: '.functions.'
2025-02-26 14:45:11,225 INFO o.a.j.e.u.CompoundVariable: Note: Function class names must not contain the string: '.gui.'
2025-02-26 14:45:11,320 INFO o.a.j.r.ClassFinder: Will scan jar C:\Users\ASUS\Desktop\apache-jmeter-5.6.3\apache-jmeter-5.6.3\lib\ext\jmeter-plugins-casutg-2.10.jar with filter ExtendsClassFilter [parents=[interface org.apache.jmeter.functions.Function], inner=false, contains=null, notContains=null]. Consider exposing JMeter plugins via META-INF/services, and add JMeter-Skip-Class-Scanning=true manifest attribute so JMeter can skip classfile scanning
2025-02-26 14:45:11,342 INFO o.a.j.r.ClassFinder: Will scan jar C:\Users\ASUS\Desktop\apache-jmeter-5.6.3\apache-jmeter-5.6.3\lib\ext\jmeter-plugins-graphs-vs-2.0.jar with filter ExtendsClassFilter [parents=[interface org.apache.jmeter.functions.Function], inner=false, contains=null, notContains=null]. Consider exposing JMeter plugins via META-INF/services, and add JMeter-Skip-Class-Scanning=true manifest attribute so JMeter can skip classfile scanning
2025-02-26 14:45:11,349 INFO o.a.j.r.ClassFinder: Will scan jar C:\Users\ASUS\Desktop\apache-jmeter-5.6.3\apache-jmeter-5.6.3\lib\ext\jmeter-plugins-manager-1.9.jar with filter ExtendsClassFilter [parents=[interface org.apache.jmeter.functions.Function], inner=false, contains=null, notContains=null]. Consider exposing JMeter plugins via META-INF/services, and add JMeter-Skip-Class-Scanning=true manifest attribute so JMeter can skip classfile scanning
2025-02-26 14:45:11,449 INFO o.a.j.r.ClassFinder: Will scan jar C:\Users\ASUS\Desktop\apache-jmeter-5.6.3\apache-jmeter-5.6.3\lib\ext\jmeter-plugins-graphs-basic-2.0.jar with filter ExtendsClassFilter [parents=[interface org.apache.jmeter.functions.Function], inner=false, contains=null, notContains=null]. Consider exposing JMeter plugins via META-INF/services, and add JMeter-Skip-Class-Scanning=true manifest attribute so JMeter can skip classfile scanning
2025-02-26 14:45:11,460 INFO o.a.j.r.ClassFinder: Will scan jar C:\Users\ASUS\Desktop\apache-jmeter-5.6.3\apache-jmeter-5.6.3\lib\ext\jmeter-plugins-manager-0.20.jar with filter ExtendsClassFilter [parents=[interface org.apache.jmeter.functions.Function], inner=false, contains=null, notContains=null]. Consider exposing JMeter plugins via META-INF/services, and add JMeter-Skip-Class-Scanning=true manifest attribute so JMeter can skip classfile scanning
2025-02-26 14:45:11,469 INFO o.a.j.r.ClassFinder: Will scan jar C:\Users\ASUS\Desktop\apache-jmeter-5.6.3\apache-jmeter-5.6.3\lib\ext\jmeter-plugins-tst-2.6.jar with filter ExtendsClassFilter [parents=[interface org.apache.jmeter.functions.Function], inner=false, contains=null, notContains=null]. Consider exposing JMeter plugins via META-INF/services, and add JMeter-Skip-Class-Scanning=true manifest attribute so JMeter can skip classfile scanning
2025-02-26 14:45:11,473 INFO o.a.j.r.ClassFinder: Will scan jar C:\Users\ASUS\Desktop\apache-jmeter-5.6.3\apache-jmeter-5.6.3\lib\ext\jmeter-parallel-0.12.jar with filter ExtendsClassFilter [parents=[interface org.apache.jmeter.functions.Function], inner=false, contains=null, notContains=null]. Consider exposing JMeter plugins via META-INF/services, and add JMeter-Skip-Class-Scanning=true manifest attribute so JMeter can skip classfile scanning
2025-02-26 14:45:11,827 INFO o.a.j.JMeter: Running test (1740561311826)
2025-02-26 14:45:11,829 INFO o.a.j.e.StandardJMeterEngine: Starting setUp thread groups
2025-02-26 14:45:11,829 INFO o.a.j.e.StandardJMeterEngine: Starting setUp ThreadGroup: 1 : setUp Thread Group 
2025-02-26 14:45:11,829 INFO o.a.j.e.StandardJMeterEngine: Starting 5 threads for group setUp Thread Group.
2025-02-26 14:45:11,829 INFO o.a.j.e.StandardJMeterEngine: Thread will continue on error
2025-02-26 14:45:11,829 INFO o.a.j.t.ThreadGroup: Starting thread group... number=1 threads=5 ramp-up=5 delayedStart=false
2025-02-26 14:45:11,837 INFO o.a.j.t.ThreadGroup: Started thread group number 1
2025-02-26 14:45:11,837 INFO o.a.j.e.StandardJMeterEngine: Waiting for all setup thread groups to exit
2025-02-26 14:45:11,845 INFO o.a.j.t.JMeterThread: Thread started: setUp Thread Group 1-1
2025-02-26 14:45:12,716 INFO o.a.j.p.h.s.HTTPHCAbstractImpl: Local host = THIVA
2025-02-26 14:45:12,724 INFO o.a.j.p.h.s.HTTPHC4Impl: HTTP request retry count = 0
2025-02-26 14:45:12,842 INFO o.a.j.t.JMeterThread: Thread started: setUp Thread Group 1-2
2025-02-26 14:45:13,841 INFO o.a.j.t.JMeterThread: Thread started: setUp Thread Group 1-3
2025-02-26 14:45:14,839 INFO o.a.j.t.JMeterThread: Thread started: setUp Thread Group 1-4
2025-02-26 14:45:15,840 INFO o.a.j.t.JMeterThread: Thread started: setUp Thread Group 1-5
2025-02-26 14:45:21,832 INFO o.a.j.t.JMeterThread: Thread finished: setUp Thread Group 1-4
2025-02-26 14:45:21,849 INFO o.a.j.t.JMeterThread: Stopping because end time detected by thread: setUp Thread Group 1-5
2025-02-26 14:45:21,850 INFO o.a.j.t.JMeterThread: Thread finished: setUp Thread Group 1-5
2025-02-26 14:45:21,866 INFO o.a.j.t.JMeterThread: Stopping because end time detected by thread: setUp Thread Group 1-1
2025-02-26 14:45:21,866 INFO o.a.j.t.JMeterThread: Stopping because end time detected by thread: setUp Thread Group 1-2
2025-02-26 14:45:21,871 INFO o.a.j.t.JMeterThread: Thread finished: setUp Thread Group 1-1
2025-02-26 14:45:21,871 INFO o.a.j.t.JMeterThread: Thread finished: setUp Thread Group 1-2
2025-02-26 14:45:22,341 INFO o.a.j.t.JMeterThread: Stopping because end time detected by thread: setUp Thread Group 1-3
2025-02-26 14:45:22,341 INFO o.a.j.t.JMeterThread: Thread finished: setUp Thread Group 1-3
2025-02-26 14:45:22,342 INFO o.a.j.e.StandardJMeterEngine: All Setup Threads have ended
2025-02-26 14:45:22,374 INFO o.a.j.e.StandardJMeterEngine: Starting ThreadGroup: 1 : Thread-Gruppe
2025-02-26 14:45:22,374 INFO o.a.j.e.StandardJMeterEngine: Starting 1 threads for group Thread-Gruppe.
2025-02-26 14:45:22,374 INFO o.a.j.e.StandardJMeterEngine: Thread will continue on error
2025-02-26 14:45:22,374 INFO o.a.j.t.ThreadGroup: Starting thread group... number=1 threads=1 ramp-up=5 delayedStart=false
2025-02-26 14:45:22,375 INFO o.a.j.t.ThreadGroup: Started thread group number 1
2025-02-26 14:45:22,375 INFO o.a.j.e.StandardJMeterEngine: Starting ThreadGroup: 2 : Thread-Gruppe
2025-02-26 14:45:22,375 INFO o.a.j.e.StandardJMeterEngine: Starting 1 threads for group Thread-Gruppe.
2025-02-26 14:45:22,375 INFO o.a.j.e.StandardJMeterEngine: Thread will continue on error
2025-02-26 14:45:22,375 INFO o.a.j.t.ThreadGroup: Starting thread group... number=2 threads=1 ramp-up=5 delayedStart=false
2025-02-26 14:45:22,377 INFO o.a.j.t.ThreadGroup: Started thread group number 2
2025-02-26 14:45:22,377 INFO o.a.j.t.JMeterThread: Thread started: Thread-Gruppe 1-1
2025-02-26 14:45:22,378 INFO o.a.j.e.StandardJMeterEngine: Starting ThreadGroup: 3 : Thread-Gruppe
2025-02-26 14:45:22,378 INFO o.a.j.e.StandardJMeterEngine: Starting 1 threads for group Thread-Gruppe.
2025-02-26 14:45:22,378 INFO o.a.j.e.StandardJMeterEngine: Thread will continue on error
2025-02-26 14:45:22,378 INFO o.a.j.t.ThreadGroup: Starting thread group... number=3 threads=1 ramp-up=5 delayedStart=false
2025-02-26 14:45:22,379 INFO o.a.j.t.JMeterThread: Thread started: Thread-Gruppe 2-1
2025-02-26 14:45:22,384 INFO o.a.j.t.ThreadGroup: Started thread group number 3
2025-02-26 14:45:22,384 INFO o.a.j.e.StandardJMeterEngine: All thread groups have been started
2025-02-26 14:45:22,386 INFO o.a.j.t.JMeterThread: Thread started: Thread-Gruppe 3-1
2025-02-26 14:45:32,673 INFO o.a.j.r.Summariser: summary +      6 in 00:00:21 =    0.3/s Avg:   452 Min:   257 Max:   511 Err:     0 (0.00%) Active: 3 Started: 3 Finished: 0
2025-02-26 14:45:42,924 INFO o.a.j.t.JMeterThread: Thread finished: Thread-Gruppe 1-1
2025-02-26 14:45:47,674 INFO o.a.j.t.JMeterThread: Thread finished: Thread-Gruppe 3-1
2025-02-26 14:45:49,334 INFO o.a.j.t.JMeterThread: Thread finished: Thread-Gruppe 2-1
2025-02-26 14:45:49,336 INFO o.a.j.e.StandardJMeterEngine: Notifying test listeners of end of test
2025-02-26 14:45:49,339 INFO o.a.j.r.Summariser: summary +      7 in 00:00:17 =    0.4/s Avg:   292 Min:   245 Max:   501 Err:     0 (0.00%) Active: 0 Started: 3 Finished: 3
2025-02-26 14:45:49,340 INFO o.a.j.r.Summariser: summary =     13 in 00:00:38 =    0.3/s Avg:   366 Min:   245 Max:   511 Err:     0 (0.00%)
