2025-02-27 10:30:47,085 INFO o.a.j.u.JMeterUtils: Setting Locale to en_EN
2025-02-27 10:30:47,115 INFO o.a.j.JMeter: Loading user properties from: D:\Semester 7\CS4203 - Research and Development Project\Artifacts\apache-jmeter-5.6.3\bin\user.properties
2025-02-27 10:30:47,115 INFO o.a.j.JMeter: Loading system properties from: D:\Semester 7\CS4203 - Research and Development Project\Artifacts\apache-jmeter-5.6.3\bin\system.properties
2025-02-27 10:30:47,115 INFO o.a.j.JMeter: Setting JMeter property: lb_1_hostname=34.67.126.244
2025-02-27 10:30:47,115 INFO o.a.j.JMeter: Setting JMeter property: lb_2_hostname=35.232.62.106
2025-02-27 10:30:47,115 INFO o.a.j.JMeter: Setting JMeter property: lb_1_port=8090
2025-02-27 10:30:47,115 INFO o.a.j.JMeter: Setting JMeter property: lb_2_port=8091
2025-02-27 10:30:47,126 INFO o.a.j.JMeter: Setting JMeter property: warm_up_users=20
2025-02-27 10:30:47,126 INFO o.a.j.JMeter: Setting JMeter property: warm_up_time=60
2025-02-27 10:30:47,126 INFO o.a.j.JMeter: Setting JMeter property: test_run_time=600
2025-02-27 10:30:47,126 INFO o.a.j.JMeter: Setting JMeter property: ramp_up=10
2025-02-27 10:30:47,126 INFO o.a.j.JMeter: Setting JMeter property: group_1=75
2025-02-27 10:30:47,126 INFO o.a.j.JMeter: Setting JMeter property: group_2=20
2025-02-27 10:30:47,126 INFO o.a.j.JMeter: Setting JMeter property: group_3=5
2025-02-27 10:30:47,126 INFO o.a.j.JMeter: Setting JMeter property: group_1_request_rate=30
2025-02-27 10:30:47,126 INFO o.a.j.JMeter: Setting JMeter property: group_2_request_rate=90
2025-02-27 10:30:47,126 INFO o.a.j.JMeter: Setting JMeter property: group_3_request_rate=120
2025-02-27 10:30:47,126 INFO o.a.j.JMeter: Setting JMeter property: log_file=d:\Semester 7\CS4203 - Research and Development Project\Artifacts\rate-limiter-nginx\jmeter\cloud\2025_02_27_09_12_logs\sliding_window_counter\mysql_script_rate_limit_100_window_size_60_sub_window_count_5\warm_up_results.csv
2025-02-27 10:30:47,126 INFO o.a.j.JMeter: Setting JMeter property: algorithm=sliding_window_counter_mysql_script_rate_limit_100_window_size_60_sub_window_count_5
2025-02-27 10:30:47,126 INFO o.a.j.JMeter: Setting JMeter property: auth=/sliding_window_counter/mysql_script_rate_limit_100_window_size_60_sub_window_count_5/tools.descartes.teastore.auth/rest
2025-02-27 10:30:47,126 INFO o.a.j.JMeter: Setting JMeter property: persistence=/sliding_window_counter/mysql_script_rate_limit_100_window_size_60_sub_window_count_5/tools.descartes.teastore.persistence/rest
2025-02-27 10:30:47,126 INFO o.a.j.JMeter: Setting JMeter property: recommender=/sliding_window_counter/mysql_script_rate_limit_100_window_size_60_sub_window_count_5/tools.descartes.teastore.recommender/rest
2025-02-27 10:30:47,126 INFO o.a.j.JMeter: Setting JMeter property: image=/sliding_window_counter/mysql_script_rate_limit_100_window_size_60_sub_window_count_5/tools.descartes.teastore.image/rest
2025-02-27 10:30:47,126 INFO o.a.j.JMeter: Copyright (c) 1998-2024 The Apache Software Foundation
2025-02-27 10:30:47,126 INFO o.a.j.JMeter: Version 5.6.3
2025-02-27 10:30:47,126 INFO o.a.j.JMeter: java.version=11.0.22
2025-02-27 10:30:47,126 INFO o.a.j.JMeter: java.vm.name=Java HotSpot(TM) 64-Bit Server VM
2025-02-27 10:30:47,126 INFO o.a.j.JMeter: os.name=Windows 10
2025-02-27 10:30:47,126 INFO o.a.j.JMeter: os.arch=amd64
2025-02-27 10:30:47,126 INFO o.a.j.JMeter: os.version=10.0
2025-02-27 10:30:47,126 INFO o.a.j.JMeter: file.encoding=Cp1252
2025-02-27 10:30:47,126 INFO o.a.j.JMeter: java.awt.headless=true
2025-02-27 10:30:47,126 INFO o.a.j.JMeter: Max memory     =1073741824
2025-02-27 10:30:47,126 INFO o.a.j.JMeter: Available Processors =12
2025-02-27 10:30:47,156 INFO o.a.j.JMeter: Default Locale=English (EN)
2025-02-27 10:30:47,156 INFO o.a.j.JMeter: JMeter  Locale=English (EN)
2025-02-27 10:30:47,156 INFO o.a.j.JMeter: JMeterHome=D:\Semester 7\CS4203 - Research and Development Project\Artifacts\apache-jmeter-5.6.3
2025-02-27 10:30:47,156 INFO o.a.j.JMeter: user.dir  =D:\Semester 7\CS4203 - Research and Development Project\Artifacts\rate-limiter-nginx
2025-02-27 10:30:47,156 INFO o.a.j.JMeter: PWD       =D:\Semester 7\CS4203 - Research and Development Project\Artifacts\rate-limiter-nginx
2025-02-27 10:30:47,156 INFO o.a.j.JMeter: IP: 10.10.21.101 Name: KOBI-MSI-PC FullName: 10.10.21.101
2025-02-27 10:30:47,171 INFO o.a.j.s.FileServer: Default base='D:\Semester 7\CS4203 - Research and Development Project\Artifacts\rate-limiter-nginx'
2025-02-27 10:30:47,171 INFO o.a.j.s.FileServer: Set new base='d:\Semester 7\CS4203 - Research and Development Project\Artifacts\rate-limiter-nginx\jmeter\cloud'
2025-02-27 10:30:47,416 INFO o.a.j.s.SaveService: Testplan (JMX) version: 2.2. Testlog (JTL) version: 2.2
2025-02-27 10:30:47,444 INFO o.a.j.s.SaveService: Using SaveService properties version 5.0
2025-02-27 10:30:47,452 INFO o.a.j.s.SaveService: Using SaveService properties file encoding UTF-8
2025-02-27 10:30:47,456 INFO o.a.j.s.SaveService: Loading file: d:\Semester 7\CS4203 - Research and Development Project\Artifacts\rate-limiter-nginx\jmeter\cloud\teastore_performance.jmx
2025-02-27 10:30:47,504 INFO o.a.j.p.h.c.CookieManager: Settings: Delete null: true Check: true Allow variable: true Save: false Prefix: COOKIE_
2025-02-27 10:30:47,534 INFO o.a.j.p.h.s.HTTPSamplerBase: Parser for text/html is org.apache.jmeter.protocol.http.parser.LagartoBasedHtmlParser
2025-02-27 10:30:47,534 INFO o.a.j.p.h.s.HTTPSamplerBase: Parser for application/xhtml+xml is org.apache.jmeter.protocol.http.parser.LagartoBasedHtmlParser
2025-02-27 10:30:47,534 INFO o.a.j.p.h.s.HTTPSamplerBase: Parser for application/xml is org.apache.jmeter.protocol.http.parser.LagartoBasedHtmlParser
2025-02-27 10:30:47,534 INFO o.a.j.p.h.s.HTTPSamplerBase: Parser for text/xml is org.apache.jmeter.protocol.http.parser.LagartoBasedHtmlParser
2025-02-27 10:30:47,534 INFO o.a.j.p.h.s.HTTPSamplerBase: Parser for text/vnd.wap.wml is org.apache.jmeter.protocol.http.parser.RegexpHTMLParser
2025-02-27 10:30:47,534 INFO o.a.j.p.h.s.HTTPSamplerBase: Parser for text/css is org.apache.jmeter.protocol.http.parser.CssParser
2025-02-27 10:30:47,692 INFO o.a.j.s.SampleResult: Note: Sample TimeStamps are START times
2025-02-27 10:30:47,692 INFO o.a.j.s.SampleResult: sampleresult.default.encoding is set to UTF-8
2025-02-27 10:30:47,692 INFO o.a.j.s.SampleResult: sampleresult.useNanoTime=true
2025-02-27 10:30:47,692 INFO o.a.j.s.SampleResult: sampleresult.nanoThreadSleep=5000
2025-02-27 10:30:47,737 INFO o.a.j.JMeter: Creating summariser <summary>
2025-02-27 10:30:47,763 INFO o.a.j.e.StandardJMeterEngine: Running the test!
2025-02-27 10:30:47,764 INFO o.a.j.s.SampleEvent: List of sample_variables: []
2025-02-27 10:30:47,765 INFO o.a.j.s.SampleEvent: List of sample_variables: []
2025-02-27 10:30:47,778 INFO o.a.j.e.u.CompoundVariable: Note: Function class names must contain the string: '.functions.'
2025-02-27 10:30:47,778 INFO o.a.j.e.u.CompoundVariable: Note: Function class names must not contain the string: '.gui.'
2025-02-27 10:30:48,067 INFO o.a.j.r.ClassFinder: Will scan jar D:\Semester 7\CS4203 - Research and Development Project\Artifacts\apache-jmeter-5.6.3\lib\ext\jmeter-plugins-casutg-2.10.jar with filter ExtendsClassFilter [parents=[interface org.apache.jmeter.functions.Function], inner=false, contains=null, notContains=null]. Consider exposing JMeter plugins via META-INF/services, and add JMeter-Skip-Class-Scanning=true manifest attribute so JMeter can skip classfile scanning
2025-02-27 10:30:48,082 INFO o.a.j.r.ClassFinder: Will scan jar D:\Semester 7\CS4203 - Research and Development Project\Artifacts\apache-jmeter-5.6.3\lib\ext\jmeter-plugins-graphs-additional-2.0.jar with filter ExtendsClassFilter [parents=[interface org.apache.jmeter.functions.Function], inner=false, contains=null, notContains=null]. Consider exposing JMeter plugins via META-INF/services, and add JMeter-Skip-Class-Scanning=true manifest attribute so JMeter can skip classfile scanning
2025-02-27 10:30:48,097 INFO o.a.j.r.ClassFinder: Will scan jar D:\Semester 7\CS4203 - Research and Development Project\Artifacts\apache-jmeter-5.6.3\lib\ext\jmeter-plugins-perfmon-2.1.jar with filter ExtendsClassFilter [parents=[interface org.apache.jmeter.functions.Function], inner=false, contains=null, notContains=null]. Consider exposing JMeter plugins via META-INF/services, and add JMeter-Skip-Class-Scanning=true manifest attribute so JMeter can skip classfile scanning
2025-02-27 10:30:48,097 INFO o.a.j.r.ClassFinder: Will scan jar D:\Semester 7\CS4203 - Research and Development Project\Artifacts\apache-jmeter-5.6.3\lib\ext\json-lib-2.4-jdk15.jar with filter ExtendsClassFilter [parents=[interface org.apache.jmeter.functions.Function], inner=false, contains=null, notContains=null]. Consider exposing JMeter plugins via META-INF/services, and add JMeter-Skip-Class-Scanning=true manifest attribute so JMeter can skip classfile scanning
2025-02-27 10:30:48,112 INFO o.a.j.r.ClassFinder: Will scan jar D:\Semester 7\CS4203 - Research and Development Project\Artifacts\apache-jmeter-5.6.3\lib\ext\perfmon-2.2.2.jar with filter ExtendsClassFilter [parents=[interface org.apache.jmeter.functions.Function], inner=false, contains=null, notContains=null]. Consider exposing JMeter plugins via META-INF/services, and add JMeter-Skip-Class-Scanning=true manifest attribute so JMeter can skip classfile scanning
2025-02-27 10:30:48,130 INFO o.a.j.r.ClassFinder: Will scan jar D:\Semester 7\CS4203 - Research and Development Project\Artifacts\apache-jmeter-5.6.3\lib\ext\jmeter-plugins-manager-1.10.jar with filter ExtendsClassFilter [parents=[interface org.apache.jmeter.functions.Function], inner=false, contains=null, notContains=null]. Consider exposing JMeter plugins via META-INF/services, and add JMeter-Skip-Class-Scanning=true manifest attribute so JMeter can skip classfile scanning
2025-02-27 10:30:48,237 INFO o.a.j.r.ClassFinder: Will scan jar D:\Semester 7\CS4203 - Research and Development Project\Artifacts\apache-jmeter-5.6.3\lib\ext\jmeter-plugins-graphs-vs-2.0.jar with filter ExtendsClassFilter [parents=[interface org.apache.jmeter.functions.Function], inner=false, contains=null, notContains=null]. Consider exposing JMeter plugins via META-INF/services, and add JMeter-Skip-Class-Scanning=true manifest attribute so JMeter can skip classfile scanning
2025-02-27 10:30:48,237 INFO o.a.j.r.ClassFinder: Will scan jar D:\Semester 7\CS4203 - Research and Development Project\Artifacts\apache-jmeter-5.6.3\lib\ext\jmeter-parallel-0.12.jar with filter ExtendsClassFilter [parents=[interface org.apache.jmeter.functions.Function], inner=false, contains=null, notContains=null]. Consider exposing JMeter plugins via META-INF/services, and add JMeter-Skip-Class-Scanning=true manifest attribute so JMeter can skip classfile scanning
2025-02-27 10:30:48,237 INFO o.a.j.r.ClassFinder: Will scan jar D:\Semester 7\CS4203 - Research and Development Project\Artifacts\apache-jmeter-5.6.3\lib\ext\jmeter-plugins-tst-2.6.jar with filter ExtendsClassFilter [parents=[interface org.apache.jmeter.functions.Function], inner=false, contains=null, notContains=null]. Consider exposing JMeter plugins via META-INF/services, and add JMeter-Skip-Class-Scanning=true manifest attribute so JMeter can skip classfile scanning
2025-02-27 10:30:48,252 INFO o.a.j.r.ClassFinder: Will scan jar D:\Semester 7\CS4203 - Research and Development Project\Artifacts\apache-jmeter-5.6.3\lib\ext\jmeter-prometheus-plugin-0.6.0.jar with filter ExtendsClassFilter [parents=[interface org.apache.jmeter.functions.Function], inner=false, contains=null, notContains=null]. Consider exposing JMeter plugins via META-INF/services, and add JMeter-Skip-Class-Scanning=true manifest attribute so JMeter can skip classfile scanning
2025-02-27 10:30:48,267 INFO o.a.j.r.ClassFinder: Will scan jar D:\Semester 7\CS4203 - Research and Development Project\Artifacts\apache-jmeter-5.6.3\lib\ext\jmeter-plugins-graphs-basic-2.0.jar with filter ExtendsClassFilter [parents=[interface org.apache.jmeter.functions.Function], inner=false, contains=null, notContains=null]. Consider exposing JMeter plugins via META-INF/services, and add JMeter-Skip-Class-Scanning=true manifest attribute so JMeter can skip classfile scanning
2025-02-27 10:30:48,693 INFO o.a.j.JMeter: Running test (1740632448693)
2025-02-27 10:30:48,693 INFO o.a.j.e.StandardJMeterEngine: Starting setUp thread groups
2025-02-27 10:30:48,693 INFO o.a.j.e.StandardJMeterEngine: Starting setUp ThreadGroup: 1 : setUp Thread Group 
2025-02-27 10:30:48,693 INFO o.a.j.e.StandardJMeterEngine: Starting 20 threads for group setUp Thread Group.
2025-02-27 10:30:48,693 INFO o.a.j.e.StandardJMeterEngine: Thread will continue on error
2025-02-27 10:30:48,693 INFO o.a.j.t.ThreadGroup: Starting thread group... number=1 threads=20 ramp-up=10 delayedStart=false
2025-02-27 10:30:48,723 INFO o.a.j.t.JMeterThread: Thread started: setUp Thread Group 1-1
2025-02-27 10:30:48,773 INFO o.a.j.t.ThreadGroup: Started thread group number 1
2025-02-27 10:30:48,773 INFO o.a.j.e.StandardJMeterEngine: Waiting for all setup thread groups to exit
2025-02-27 10:30:49,212 INFO o.a.j.t.JMeterThread: Thread started: setUp Thread Group 1-2
2025-02-27 10:30:49,714 INFO o.a.j.t.JMeterThread: Thread started: setUp Thread Group 1-3
2025-02-27 10:30:49,809 INFO o.a.j.p.h.s.HTTPHCAbstractImpl: Local host = KOBI-MSI-PC
2025-02-27 10:30:49,815 INFO o.a.j.p.h.s.HTTPHC4Impl: HTTP request retry count = 0
2025-02-27 10:30:50,201 INFO o.a.j.t.JMeterThread: Thread started: setUp Thread Group 1-4
2025-02-27 10:30:50,702 INFO o.a.j.t.JMeterThread: Thread started: setUp Thread Group 1-5
2025-02-27 10:30:51,199 INFO o.a.j.t.JMeterThread: Thread started: setUp Thread Group 1-6
2025-02-27 10:30:51,699 INFO o.a.j.t.JMeterThread: Thread started: setUp Thread Group 1-7
2025-02-27 10:30:52,200 INFO o.a.j.t.JMeterThread: Thread started: setUp Thread Group 1-8
2025-02-27 10:30:52,699 INFO o.a.j.t.JMeterThread: Thread started: setUp Thread Group 1-9
2025-02-27 10:30:53,200 INFO o.a.j.t.JMeterThread: Thread started: setUp Thread Group 1-10
2025-02-27 10:30:53,698 INFO o.a.j.t.JMeterThread: Thread started: setUp Thread Group 1-11
2025-02-27 10:30:54,198 INFO o.a.j.t.JMeterThread: Thread started: setUp Thread Group 1-12
2025-02-27 10:30:54,698 INFO o.a.j.t.JMeterThread: Thread started: setUp Thread Group 1-13
2025-02-27 10:30:55,199 INFO o.a.j.t.JMeterThread: Thread started: setUp Thread Group 1-14
2025-02-27 10:30:55,697 INFO o.a.j.t.JMeterThread: Thread started: setUp Thread Group 1-15
2025-02-27 10:30:56,198 INFO o.a.j.t.JMeterThread: Thread started: setUp Thread Group 1-16
2025-02-27 10:30:56,698 INFO o.a.j.t.JMeterThread: Thread started: setUp Thread Group 1-17
2025-02-27 10:30:57,197 INFO o.a.j.t.JMeterThread: Thread started: setUp Thread Group 1-18
2025-02-27 10:30:57,697 INFO o.a.j.t.JMeterThread: Thread started: setUp Thread Group 1-19
2025-02-27 10:30:58,196 INFO o.a.j.t.JMeterThread: Thread started: setUp Thread Group 1-20
2025-02-27 10:31:48,626 INFO o.a.j.t.JMeterThread: Thread finished: setUp Thread Group 1-15
2025-02-27 10:31:48,643 INFO o.a.j.t.JMeterThread: Thread finished: setUp Thread Group 1-6
2025-02-27 10:31:48,646 INFO o.a.j.t.JMeterThread: Thread finished: setUp Thread Group 1-14
2025-02-27 10:31:48,647 INFO o.a.j.t.JMeterThread: Thread finished: setUp Thread Group 1-16
2025-02-27 10:31:48,655 INFO o.a.j.t.JMeterThread: Thread finished: setUp Thread Group 1-11
2025-02-27 10:31:48,660 INFO o.a.j.t.JMeterThread: Thread finished: setUp Thread Group 1-12
2025-02-27 10:31:48,665 INFO o.a.j.t.JMeterThread: Thread finished: setUp Thread Group 1-9
2025-02-27 10:31:48,665 INFO o.a.j.t.JMeterThread: Thread finished: setUp Thread Group 1-13
2025-02-27 10:31:48,680 INFO o.a.j.t.JMeterThread: Thread finished: setUp Thread Group 1-5
2025-02-27 10:31:48,680 INFO o.a.j.t.JMeterThread: Thread finished: setUp Thread Group 1-4
2025-02-27 10:31:48,695 INFO o.a.j.t.JMeterThread: Thread finished: setUp Thread Group 1-19
2025-02-27 10:31:48,695 INFO o.a.j.t.JMeterThread: Thread finished: setUp Thread Group 1-18
2025-02-27 10:31:48,710 INFO o.a.j.t.JMeterThread: Thread finished: setUp Thread Group 1-8
2025-02-27 10:31:48,725 INFO o.a.j.t.JMeterThread: Thread finished: setUp Thread Group 1-10
2025-02-27 10:31:48,740 INFO o.a.j.t.JMeterThread: Thread finished: setUp Thread Group 1-17
2025-02-27 10:31:48,755 INFO o.a.j.t.JMeterThread: Thread finished: setUp Thread Group 1-20
2025-02-27 10:31:48,755 INFO o.a.j.t.JMeterThread: Stopping because end time detected by thread: setUp Thread Group 1-7
2025-02-27 10:31:48,755 INFO o.a.j.t.JMeterThread: Thread finished: setUp Thread Group 1-7
2025-02-27 10:31:48,815 INFO o.a.j.t.JMeterThread: Stopping because end time detected by thread: setUp Thread Group 1-1
2025-02-27 10:31:48,815 INFO o.a.j.t.JMeterThread: Thread finished: setUp Thread Group 1-1
2025-02-27 10:31:48,830 INFO o.a.j.t.JMeterThread: Stopping because end time detected by thread: setUp Thread Group 1-3
2025-02-27 10:31:48,830 INFO o.a.j.t.JMeterThread: Thread finished: setUp Thread Group 1-3
2025-02-27 10:31:48,924 INFO o.a.j.t.JMeterThread: Stopping because end time detected by thread: setUp Thread Group 1-2
2025-02-27 10:31:48,924 INFO o.a.j.t.JMeterThread: Thread finished: setUp Thread Group 1-2
2025-02-27 10:31:48,924 INFO o.a.j.e.StandardJMeterEngine: All Setup Threads have ended
2025-02-27 10:31:48,969 INFO o.a.j.e.StandardJMeterEngine: Starting ThreadGroup: 1 : Thread-Gruppe
2025-02-27 10:31:48,969 INFO o.a.j.e.StandardJMeterEngine: Starting 75 threads for group Thread-Gruppe.
2025-02-27 10:31:48,969 INFO o.a.j.e.StandardJMeterEngine: Thread will continue on error
2025-02-27 10:31:48,969 INFO o.a.j.t.ThreadGroup: Starting thread group... number=1 threads=75 ramp-up=10 delayedStart=false
2025-02-27 10:31:48,969 INFO o.a.j.t.JMeterThread: Thread started: Thread-Gruppe 1-1
2025-02-27 10:31:49,073 INFO o.a.j.t.ThreadGroup: Started thread group number 1
2025-02-27 10:31:49,073 INFO o.a.j.e.StandardJMeterEngine: Starting ThreadGroup: 2 : Thread-Gruppe
2025-02-27 10:31:49,074 INFO o.a.j.e.StandardJMeterEngine: Starting 20 threads for group Thread-Gruppe.
2025-02-27 10:31:49,074 INFO o.a.j.e.StandardJMeterEngine: Thread will continue on error
2025-02-27 10:31:49,074 INFO o.a.j.t.ThreadGroup: Starting thread group... number=2 threads=20 ramp-up=10 delayedStart=false
2025-02-27 10:31:49,076 INFO o.a.j.t.JMeterThread: Thread started: Thread-Gruppe 2-1
2025-02-27 10:31:49,098 INFO o.a.j.t.ThreadGroup: Started thread group number 2
2025-02-27 10:31:49,099 INFO o.a.j.e.StandardJMeterEngine: Starting ThreadGroup: 3 : Thread-Gruppe
2025-02-27 10:31:49,099 INFO o.a.j.e.StandardJMeterEngine: Starting 5 threads for group Thread-Gruppe.
2025-02-27 10:31:49,099 INFO o.a.j.e.StandardJMeterEngine: Thread will continue on error
2025-02-27 10:31:49,099 INFO o.a.j.t.ThreadGroup: Starting thread group... number=3 threads=5 ramp-up=10 delayedStart=false
2025-02-27 10:31:49,101 INFO o.a.j.t.JMeterThread: Thread started: Thread-Gruppe 3-1
2025-02-27 10:31:49,106 INFO o.a.j.t.ThreadGroup: Started thread group number 3
2025-02-27 10:31:49,106 INFO o.a.j.e.StandardJMeterEngine: All thread groups have been started
2025-02-27 10:31:49,113 INFO o.a.j.t.JMeterThread: Thread started: Thread-Gruppe 1-2
2025-02-27 10:31:49,246 INFO o.a.j.t.JMeterThread: Thread started: Thread-Gruppe 1-3
2025-02-27 10:31:49,380 INFO o.a.j.t.JMeterThread: Thread started: Thread-Gruppe 1-4
2025-02-27 10:31:49,505 INFO o.a.j.t.JMeterThread: Thread started: Thread-Gruppe 1-5
2025-02-27 10:31:49,577 INFO o.a.j.t.JMeterThread: Thread started: Thread-Gruppe 2-2
2025-02-27 10:31:49,639 INFO o.a.j.t.JMeterThread: Thread started: Thread-Gruppe 1-6
2025-02-27 10:31:49,771 INFO o.a.j.t.JMeterThread: Thread started: Thread-Gruppe 1-7
2025-02-27 10:31:49,904 INFO o.a.j.t.JMeterThread: Thread started: Thread-Gruppe 1-8
2025-02-27 10:31:50,037 INFO o.a.j.t.JMeterThread: Thread started: Thread-Gruppe 1-9
2025-02-27 10:31:50,078 INFO o.a.j.t.JMeterThread: Thread started: Thread-Gruppe 2-3
2025-02-27 10:31:50,169 INFO o.a.j.t.JMeterThread: Thread started: Thread-Gruppe 1-10
2025-02-27 10:31:50,302 INFO o.a.j.t.JMeterThread: Thread started: Thread-Gruppe 1-11
2025-02-27 10:31:50,436 INFO o.a.j.t.JMeterThread: Thread started: Thread-Gruppe 1-12
2025-02-27 10:31:50,567 INFO o.a.j.t.JMeterThread: Thread started: Thread-Gruppe 1-13
2025-02-27 10:31:50,577 INFO o.a.j.t.JMeterThread: Thread started: Thread-Gruppe 2-4
2025-02-27 10:31:50,701 INFO o.a.j.t.JMeterThread: Thread started: Thread-Gruppe 1-14
2025-02-27 10:31:50,834 INFO o.a.j.t.JMeterThread: Thread started: Thread-Gruppe 1-15
2025-02-27 10:31:50,966 INFO o.a.j.t.JMeterThread: Thread started: Thread-Gruppe 1-16
2025-02-27 10:31:51,078 INFO o.a.j.t.JMeterThread: Thread started: Thread-Gruppe 2-5
2025-02-27 10:31:51,101 INFO o.a.j.t.JMeterThread: Thread started: Thread-Gruppe 1-17
2025-02-27 10:31:51,102 INFO o.a.j.t.JMeterThread: Thread started: Thread-Gruppe 3-2
2025-02-27 10:31:51,234 INFO o.a.j.t.JMeterThread: Thread started: Thread-Gruppe 1-18
2025-02-27 10:31:51,365 INFO o.a.j.t.JMeterThread: Thread started: Thread-Gruppe 1-19
2025-02-27 10:31:51,499 INFO o.a.j.t.JMeterThread: Thread started: Thread-Gruppe 1-20
2025-02-27 10:31:51,577 INFO o.a.j.t.JMeterThread: Thread started: Thread-Gruppe 2-6
2025-02-27 10:31:51,632 INFO o.a.j.t.JMeterThread: Thread started: Thread-Gruppe 1-21
2025-02-27 10:31:51,766 INFO o.a.j.t.JMeterThread: Thread started: Thread-Gruppe 1-22
2025-02-27 10:31:51,899 INFO o.a.j.t.JMeterThread: Thread started: Thread-Gruppe 1-23
2025-02-27 10:31:52,032 INFO o.a.j.t.JMeterThread: Thread started: Thread-Gruppe 1-24
2025-02-27 10:31:52,076 INFO o.a.j.t.JMeterThread: Thread started: Thread-Gruppe 2-7
2025-02-27 10:31:52,165 INFO o.a.j.t.JMeterThread: Thread started: Thread-Gruppe 1-25
2025-02-27 10:31:52,297 INFO o.a.j.t.JMeterThread: Thread started: Thread-Gruppe 1-26
2025-02-27 10:31:52,430 INFO o.a.j.t.JMeterThread: Thread started: Thread-Gruppe 1-27
2025-02-27 10:31:52,564 INFO o.a.j.t.JMeterThread: Thread started: Thread-Gruppe 1-28
2025-02-27 10:31:52,576 INFO o.a.j.t.JMeterThread: Thread started: Thread-Gruppe 2-8
2025-02-27 10:31:52,698 INFO o.a.j.t.JMeterThread: Thread started: Thread-Gruppe 1-29
2025-02-27 10:31:52,830 INFO o.a.j.t.JMeterThread: Thread started: Thread-Gruppe 1-30
2025-02-27 10:31:52,962 INFO o.a.j.t.JMeterThread: Thread started: Thread-Gruppe 1-31
2025-02-27 10:31:53,078 INFO o.a.j.t.JMeterThread: Thread started: Thread-Gruppe 2-9
2025-02-27 10:31:53,094 INFO o.a.j.t.JMeterThread: Thread started: Thread-Gruppe 1-32
2025-02-27 10:31:53,102 INFO o.a.j.t.JMeterThread: Thread started: Thread-Gruppe 3-3
2025-02-27 10:31:53,228 INFO o.a.j.t.JMeterThread: Thread started: Thread-Gruppe 1-33
2025-02-27 10:31:53,360 INFO o.a.j.t.JMeterThread: Thread started: Thread-Gruppe 1-34
2025-02-27 10:31:53,494 INFO o.a.j.t.JMeterThread: Thread started: Thread-Gruppe 1-35
2025-02-27 10:31:53,578 INFO o.a.j.t.JMeterThread: Thread started: Thread-Gruppe 2-10
2025-02-27 10:31:53,627 INFO o.a.j.t.JMeterThread: Thread started: Thread-Gruppe 1-36
2025-02-27 10:31:53,760 INFO o.a.j.t.JMeterThread: Thread started: Thread-Gruppe 1-37
2025-02-27 10:31:53,894 INFO o.a.j.t.JMeterThread: Thread started: Thread-Gruppe 1-38
2025-02-27 10:31:54,027 INFO o.a.j.t.JMeterThread: Thread started: Thread-Gruppe 1-39
2025-02-27 10:31:54,077 INFO o.a.j.t.JMeterThread: Thread started: Thread-Gruppe 2-11
2025-02-27 10:31:54,159 INFO o.a.j.t.JMeterThread: Thread started: Thread-Gruppe 1-40
2025-02-27 10:31:54,292 INFO o.a.j.t.JMeterThread: Thread started: Thread-Gruppe 1-41
2025-02-27 10:31:54,424 INFO o.a.j.t.JMeterThread: Thread started: Thread-Gruppe 1-42
2025-02-27 10:31:54,558 INFO o.a.j.t.JMeterThread: Thread started: Thread-Gruppe 1-43
2025-02-27 10:31:54,577 INFO o.a.j.t.JMeterThread: Thread started: Thread-Gruppe 2-12
2025-02-27 10:31:54,690 INFO o.a.j.t.JMeterThread: Thread started: Thread-Gruppe 1-44
2025-02-27 10:31:54,823 INFO o.a.j.t.JMeterThread: Thread started: Thread-Gruppe 1-45
2025-02-27 10:31:54,956 INFO o.a.j.t.JMeterThread: Thread started: Thread-Gruppe 1-46
2025-02-27 10:31:55,077 INFO o.a.j.t.JMeterThread: Thread started: Thread-Gruppe 2-13
2025-02-27 10:31:55,089 INFO o.a.j.t.JMeterThread: Thread started: Thread-Gruppe 1-47
2025-02-27 10:31:55,102 INFO o.a.j.t.JMeterThread: Thread started: Thread-Gruppe 3-4
2025-02-27 10:31:55,222 INFO o.a.j.t.JMeterThread: Thread started: Thread-Gruppe 1-48
2025-02-27 10:31:55,355 INFO o.a.j.t.JMeterThread: Thread started: Thread-Gruppe 1-49
2025-02-27 10:31:55,489 INFO o.a.j.t.JMeterThread: Thread started: Thread-Gruppe 1-50
2025-02-27 10:31:55,578 INFO o.a.j.t.JMeterThread: Thread started: Thread-Gruppe 2-14
2025-02-27 10:31:55,622 INFO o.a.j.t.JMeterThread: Thread started: Thread-Gruppe 1-51
2025-02-27 10:31:55,755 INFO o.a.j.t.JMeterThread: Thread started: Thread-Gruppe 1-52
2025-02-27 10:31:55,888 INFO o.a.j.t.JMeterThread: Thread started: Thread-Gruppe 1-53
2025-02-27 10:31:56,021 INFO o.a.j.t.JMeterThread: Thread started: Thread-Gruppe 1-54
2025-02-27 10:31:56,077 INFO o.a.j.t.JMeterThread: Thread started: Thread-Gruppe 2-15
2025-02-27 10:31:56,153 INFO o.a.j.t.JMeterThread: Thread started: Thread-Gruppe 1-55
2025-02-27 10:31:56,286 INFO o.a.j.t.JMeterThread: Thread started: Thread-Gruppe 1-56
2025-02-27 10:31:56,420 INFO o.a.j.t.JMeterThread: Thread started: Thread-Gruppe 1-57
2025-02-27 10:31:56,554 INFO o.a.j.t.JMeterThread: Thread started: Thread-Gruppe 1-58
2025-02-27 10:31:56,576 INFO o.a.j.t.JMeterThread: Thread started: Thread-Gruppe 2-16
2025-02-27 10:31:56,686 INFO o.a.j.t.JMeterThread: Thread started: Thread-Gruppe 1-59
2025-02-27 10:31:56,818 INFO o.a.j.t.JMeterThread: Thread started: Thread-Gruppe 1-60
2025-02-27 10:31:56,951 INFO o.a.j.t.JMeterThread: Thread started: Thread-Gruppe 1-61
2025-02-27 10:31:57,076 INFO o.a.j.t.JMeterThread: Thread started: Thread-Gruppe 2-17
2025-02-27 10:31:57,084 INFO o.a.j.t.JMeterThread: Thread started: Thread-Gruppe 1-62
2025-02-27 10:31:57,102 INFO o.a.j.t.JMeterThread: Thread started: Thread-Gruppe 3-5
2025-02-27 10:31:57,217 INFO o.a.j.t.JMeterThread: Thread started: Thread-Gruppe 1-63
2025-02-27 10:31:57,350 INFO o.a.j.t.JMeterThread: Thread started: Thread-Gruppe 1-64
2025-02-27 10:31:57,483 INFO o.a.j.t.JMeterThread: Thread started: Thread-Gruppe 1-65
2025-02-27 10:31:57,577 INFO o.a.j.t.JMeterThread: Thread started: Thread-Gruppe 2-18
2025-02-27 10:31:57,616 INFO o.a.j.t.JMeterThread: Thread started: Thread-Gruppe 1-66
2025-02-27 10:31:57,750 INFO o.a.j.t.JMeterThread: Thread started: Thread-Gruppe 1-67
2025-02-27 10:31:57,882 INFO o.a.j.t.JMeterThread: Thread started: Thread-Gruppe 1-68
2025-02-27 10:31:58,016 INFO o.a.j.t.JMeterThread: Thread started: Thread-Gruppe 1-69
2025-02-27 10:31:58,077 INFO o.a.j.t.JMeterThread: Thread started: Thread-Gruppe 2-19
2025-02-27 10:31:58,149 INFO o.a.j.t.JMeterThread: Thread started: Thread-Gruppe 1-70
2025-02-27 10:31:58,282 INFO o.a.j.t.JMeterThread: Thread started: Thread-Gruppe 1-71
2025-02-27 10:31:58,415 INFO o.a.j.t.JMeterThread: Thread started: Thread-Gruppe 1-72
2025-02-27 10:31:58,547 INFO o.a.j.t.JMeterThread: Thread started: Thread-Gruppe 1-73
2025-02-27 10:31:58,576 INFO o.a.j.t.JMeterThread: Thread started: Thread-Gruppe 2-20
2025-02-27 10:31:58,681 INFO o.a.j.t.JMeterThread: Thread started: Thread-Gruppe 1-74
2025-02-27 10:31:58,813 INFO o.a.j.t.JMeterThread: Thread started: Thread-Gruppe 1-75
2025-02-27 10:32:00,002 INFO o.a.j.r.Summariser: summary +    503 in 00:01:11 =    7.1/s Avg:   377 Min:   255 Max:   768 Err:     0 (0.00%) Active: 100 Started: 100 Finished: 0
2025-02-27 10:32:30,011 INFO o.a.j.r.Summariser: summary +   2285 in 00:00:30 =   76.1/s Avg:   346 Min:   254 Max:  1120 Err:     0 (0.00%) Active: 100 Started: 100 Finished: 0
2025-02-27 10:32:30,013 INFO o.a.j.r.Summariser: summary =   2788 in 00:01:41 =   27.5/s Avg:   351 Min:   254 Max:  1120 Err:     0 (0.00%)
2025-02-27 10:33:00,001 INFO o.a.j.r.Summariser: summary +   2288 in 00:00:30 =   76.3/s Avg:   344 Min:   251 Max:  1013 Err:     0 (0.00%) Active: 100 Started: 100 Finished: 0
2025-02-27 10:33:00,003 INFO o.a.j.r.Summariser: summary =   5076 in 00:02:11 =   38.7/s Avg:   348 Min:   251 Max:  1120 Err:     0 (0.00%)
2025-02-27 10:33:30,000 INFO o.a.j.r.Summariser: summary +   2289 in 00:00:30 =   76.3/s Avg:   330 Min:   252 Max:   838 Err:     0 (0.00%) Active: 100 Started: 100 Finished: 0
2025-02-27 10:33:30,001 INFO o.a.j.r.Summariser: summary =   7365 in 00:02:41 =   45.7/s Avg:   343 Min:   251 Max:  1120 Err:     0 (0.00%)
2025-02-27 10:34:00,011 INFO o.a.j.r.Summariser: summary +   2285 in 00:00:30 =   76.1/s Avg:   345 Min:   251 Max:  1030 Err:     0 (0.00%) Active: 100 Started: 100 Finished: 0
2025-02-27 10:34:00,013 INFO o.a.j.r.Summariser: summary =   9650 in 00:03:11 =   50.4/s Avg:   343 Min:   251 Max:  1120 Err:     0 (0.00%)
2025-02-27 10:34:30,008 INFO o.a.j.r.Summariser: summary +   2287 in 00:00:30 =   76.2/s Avg:   345 Min:   251 Max:  1031 Err:     0 (0.00%) Active: 100 Started: 100 Finished: 0
2025-02-27 10:34:30,009 INFO o.a.j.r.Summariser: summary =  11937 in 00:03:41 =   53.9/s Avg:   344 Min:   251 Max:  1120 Err:     0 (0.00%)
2025-02-27 10:35:00,009 INFO o.a.j.r.Summariser: summary +   2286 in 00:00:30 =   76.2/s Avg:   342 Min:   251 Max:  1047 Err:     0 (0.00%) Active: 100 Started: 100 Finished: 0
2025-02-27 10:35:00,010 INFO o.a.j.r.Summariser: summary =  14223 in 00:04:11 =   56.6/s Avg:   343 Min:   251 Max:  1120 Err:     0 (0.00%)
2025-02-27 10:35:30,014 INFO o.a.j.r.Summariser: summary +   2290 in 00:00:30 =   76.3/s Avg:   344 Min:   251 Max:  1032 Err:     0 (0.00%) Active: 100 Started: 100 Finished: 0
2025-02-27 10:35:30,015 INFO o.a.j.r.Summariser: summary =  16513 in 00:04:41 =   58.7/s Avg:   343 Min:   251 Max:  1120 Err:     0 (0.00%)
2025-02-27 10:36:00,002 INFO o.a.j.r.Summariser: summary +   2272 in 00:00:30 =   75.8/s Avg:   346 Min:   252 Max:  1600 Err:     0 (0.00%) Active: 100 Started: 100 Finished: 0
2025-02-27 10:36:00,004 INFO o.a.j.r.Summariser: summary =  18785 in 00:05:11 =   60.3/s Avg:   344 Min:   251 Max:  1600 Err:     0 (0.00%)
2025-02-27 10:36:30,010 INFO o.a.j.r.Summariser: summary +   2293 in 00:00:30 =   76.4/s Avg:   354 Min:   252 Max:  2020 Err:     0 (0.00%) Active: 100 Started: 100 Finished: 0
2025-02-27 10:36:30,012 INFO o.a.j.r.Summariser: summary =  21078 in 00:05:41 =   61.8/s Avg:   345 Min:   251 Max:  2020 Err:     0 (0.00%)
2025-02-27 10:37:00,008 INFO o.a.j.r.Summariser: summary +   2285 in 00:00:30 =   76.2/s Avg:   342 Min:   252 Max:  1036 Err:     0 (0.00%) Active: 100 Started: 100 Finished: 0
2025-02-27 10:37:00,010 INFO o.a.j.r.Summariser: summary =  23363 in 00:06:11 =   62.9/s Avg:   344 Min:   251 Max:  2020 Err:     0 (0.00%)
2025-02-27 10:37:30,012 INFO o.a.j.r.Summariser: summary +   2292 in 00:00:30 =   76.4/s Avg:   345 Min:   251 Max:  1073 Err:     0 (0.00%) Active: 100 Started: 100 Finished: 0
2025-02-27 10:37:30,014 INFO o.a.j.r.Summariser: summary =  25655 in 00:06:41 =   63.9/s Avg:   344 Min:   251 Max:  2020 Err:     0 (0.00%)
2025-02-27 10:38:00,015 INFO o.a.j.r.Summariser: summary +   2286 in 00:00:30 =   76.2/s Avg:   344 Min:   252 Max:  1039 Err:     0 (0.00%) Active: 100 Started: 100 Finished: 0
2025-02-27 10:38:00,016 INFO o.a.j.r.Summariser: summary =  27941 in 00:07:11 =   64.8/s Avg:   344 Min:   251 Max:  2020 Err:     0 (0.00%)
2025-02-27 10:38:30,003 INFO o.a.j.r.Summariser: summary +   2297 in 00:00:30 =   76.6/s Avg:   342 Min:   251 Max:  1050 Err:     0 (0.00%) Active: 100 Started: 100 Finished: 0
2025-02-27 10:38:30,005 INFO o.a.j.r.Summariser: summary =  30238 in 00:07:41 =   65.5/s Avg:   344 Min:   251 Max:  2020 Err:     0 (0.00%)
2025-02-27 10:39:00,008 INFO o.a.j.r.Summariser: summary +   2286 in 00:00:30 =   76.2/s Avg:   342 Min:   252 Max:  1006 Err:     0 (0.00%) Active: 100 Started: 100 Finished: 0
2025-02-27 10:39:00,009 INFO o.a.j.r.Summariser: summary =  32524 in 00:08:11 =   66.2/s Avg:   344 Min:   251 Max:  2020 Err:     0 (0.00%)
2025-02-27 10:39:30,009 INFO o.a.j.r.Summariser: summary +   2292 in 00:00:30 =   76.4/s Avg:   345 Min:   248 Max:  1038 Err:     0 (0.00%) Active: 100 Started: 100 Finished: 0
2025-02-27 10:39:30,009 INFO o.a.j.r.Summariser: summary =  34816 in 00:08:41 =   66.8/s Avg:   344 Min:   248 Max:  2020 Err:     0 (0.00%)
2025-02-27 10:40:00,003 INFO o.a.j.r.Summariser: summary +   2282 in 00:00:30 =   76.1/s Avg:   333 Min:   247 Max:  1094 Err:     0 (0.00%) Active: 100 Started: 100 Finished: 0
2025-02-27 10:40:00,003 INFO o.a.j.r.Summariser: summary =  37098 in 00:09:11 =   67.3/s Avg:   343 Min:   247 Max:  2020 Err:     0 (0.00%)
2025-02-27 10:40:30,015 INFO o.a.j.r.Summariser: summary +   2298 in 00:00:30 =   76.6/s Avg:   350 Min:   249 Max:  1090 Err:     0 (0.00%) Active: 100 Started: 100 Finished: 0
2025-02-27 10:40:30,017 INFO o.a.j.r.Summariser: summary =  39396 in 00:09:41 =   67.8/s Avg:   344 Min:   247 Max:  2020 Err:     0 (0.00%)
2025-02-27 10:41:00,020 INFO o.a.j.r.Summariser: summary +   2278 in 00:00:30 =   75.9/s Avg:   351 Min:   252 Max:  1058 Err:     0 (0.00%) Active: 100 Started: 100 Finished: 0
2025-02-27 10:41:00,021 INFO o.a.j.r.Summariser: summary =  41674 in 00:10:11 =   68.2/s Avg:   344 Min:   247 Max:  2020 Err:     0 (0.00%)
2025-02-27 10:41:30,012 INFO o.a.j.r.Summariser: summary +   2290 in 00:00:30 =   76.4/s Avg:   355 Min:   248 Max:  1104 Err:     0 (0.00%) Active: 100 Started: 100 Finished: 0
2025-02-27 10:41:30,015 INFO o.a.j.r.Summariser: summary =  43964 in 00:10:41 =   68.6/s Avg:   345 Min:   247 Max:  2020 Err:     0 (0.00%)
2025-02-27 10:41:47,292 INFO o.a.j.t.JMeterThread: Thread finished: Thread-Gruppe 1-1
2025-02-27 10:41:47,357 INFO o.a.j.t.JMeterThread: Thread finished: Thread-Gruppe 1-17
2025-02-27 10:41:47,362 INFO o.a.j.t.JMeterThread: Thread finished: Thread-Gruppe 1-62
2025-02-27 10:41:47,370 INFO o.a.j.t.JMeterThread: Thread finished: Thread-Gruppe 1-47
2025-02-27 10:41:47,373 INFO o.a.j.t.JMeterThread: Thread finished: Thread-Gruppe 1-2
2025-02-27 10:41:47,478 INFO o.a.j.t.JMeterThread: Thread finished: Thread-Gruppe 1-63
2025-02-27 10:41:47,485 INFO o.a.j.t.JMeterThread: Thread finished: Thread-Gruppe 1-48
2025-02-27 10:41:47,495 INFO o.a.j.t.JMeterThread: Thread finished: Thread-Gruppe 1-18
2025-02-27 10:41:47,509 INFO o.a.j.t.JMeterThread: Thread finished: Thread-Gruppe 1-3
2025-02-27 10:41:47,611 INFO o.a.j.t.JMeterThread: Thread finished: Thread-Gruppe 1-64
2025-02-27 10:41:47,614 INFO o.a.j.t.JMeterThread: Thread finished: Thread-Gruppe 1-49
2025-02-27 10:41:47,624 INFO o.a.j.t.JMeterThread: Thread finished: Thread-Gruppe 1-19
2025-02-27 10:41:47,645 INFO o.a.j.t.JMeterThread: Thread finished: Thread-Gruppe 1-4
2025-02-27 10:41:47,742 INFO o.a.j.t.JMeterThread: Thread finished: Thread-Gruppe 1-65
2025-02-27 10:41:47,747 INFO o.a.j.t.JMeterThread: Thread finished: Thread-Gruppe 1-50
2025-02-27 10:41:47,761 INFO o.a.j.t.JMeterThread: Thread finished: Thread-Gruppe 1-20
2025-02-27 10:41:47,768 INFO o.a.j.t.JMeterThread: Thread finished: Thread-Gruppe 1-5
2025-02-27 10:41:47,863 INFO o.a.j.t.JMeterThread: Thread finished: Thread-Gruppe 1-32
2025-02-27 10:41:47,876 INFO o.a.j.t.JMeterThread: Thread finished: Thread-Gruppe 1-66
2025-02-27 10:41:47,882 INFO o.a.j.t.JMeterThread: Thread finished: Thread-Gruppe 1-51
2025-02-27 10:41:47,895 INFO o.a.j.t.JMeterThread: Thread finished: Thread-Gruppe 1-21
2025-02-27 10:41:47,905 INFO o.a.j.t.JMeterThread: Thread finished: Thread-Gruppe 1-6
2025-02-27 10:41:47,993 INFO o.a.j.t.JMeterThread: Thread finished: Thread-Gruppe 1-33
2025-02-27 10:41:48,013 INFO o.a.j.t.JMeterThread: Thread finished: Thread-Gruppe 1-67
2025-02-27 10:41:48,019 INFO o.a.j.t.JMeterThread: Thread finished: Thread-Gruppe 1-52
2025-02-27 10:41:48,027 INFO o.a.j.t.JMeterThread: Thread finished: Thread-Gruppe 1-22
2025-02-27 10:41:48,034 INFO o.a.j.t.JMeterThread: Thread finished: Thread-Gruppe 1-7
2025-02-27 10:41:48,120 INFO o.a.j.t.JMeterThread: Thread finished: Thread-Gruppe 1-34
2025-02-27 10:41:48,148 INFO o.a.j.t.JMeterThread: Thread finished: Thread-Gruppe 1-68
2025-02-27 10:41:48,151 INFO o.a.j.t.JMeterThread: Thread finished: Thread-Gruppe 1-53
2025-02-27 10:41:48,162 INFO o.a.j.t.JMeterThread: Thread finished: Thread-Gruppe 1-23
2025-02-27 10:41:48,167 INFO o.a.j.t.JMeterThread: Thread finished: Thread-Gruppe 1-8
2025-02-27 10:41:48,273 INFO o.a.j.t.JMeterThread: Thread finished: Thread-Gruppe 1-35
2025-02-27 10:41:48,276 INFO o.a.j.t.JMeterThread: Thread finished: Thread-Gruppe 1-54
2025-02-27 10:41:48,281 INFO o.a.j.t.JMeterThread: Thread finished: Thread-Gruppe 1-69
2025-02-27 10:41:48,293 INFO o.a.j.t.JMeterThread: Thread finished: Thread-Gruppe 1-24
2025-02-27 10:41:48,297 INFO o.a.j.t.JMeterThread: Thread finished: Thread-Gruppe 1-9
2025-02-27 10:41:48,385 INFO o.a.j.t.JMeterThread: Thread finished: Thread-Gruppe 1-36
2025-02-27 10:41:48,407 INFO o.a.j.t.JMeterThread: Thread finished: Thread-Gruppe 1-70
2025-02-27 10:41:48,412 INFO o.a.j.t.JMeterThread: Thread finished: Thread-Gruppe 1-55
2025-02-27 10:41:48,424 INFO o.a.j.t.JMeterThread: Thread finished: Thread-Gruppe 1-25
2025-02-27 10:41:48,429 INFO o.a.j.t.JMeterThread: Thread finished: Thread-Gruppe 1-10
2025-02-27 10:41:48,525 INFO o.a.j.t.JMeterThread: Thread finished: Thread-Gruppe 1-37
2025-02-27 10:41:48,541 INFO o.a.j.t.JMeterThread: Thread finished: Thread-Gruppe 1-71
2025-02-27 10:41:48,547 INFO o.a.j.t.JMeterThread: Thread finished: Thread-Gruppe 1-56
2025-02-27 10:41:48,558 INFO o.a.j.t.JMeterThread: Thread finished: Thread-Gruppe 1-26
2025-02-27 10:41:48,562 INFO o.a.j.t.JMeterThread: Thread finished: Thread-Gruppe 1-11
2025-02-27 10:41:48,662 INFO o.a.j.t.JMeterThread: Thread finished: Thread-Gruppe 1-38
2025-02-27 10:41:48,679 INFO o.a.j.t.JMeterThread: Thread finished: Thread-Gruppe 1-72
2025-02-27 10:41:48,679 INFO o.a.j.t.JMeterThread: Thread finished: Thread-Gruppe 2-5
2025-02-27 10:41:48,682 INFO o.a.j.t.JMeterThread: Thread finished: Thread-Gruppe 1-57
2025-02-27 10:41:48,692 INFO o.a.j.t.JMeterThread: Thread finished: Thread-Gruppe 1-27
2025-02-27 10:41:48,694 INFO o.a.j.t.JMeterThread: Thread finished: Thread-Gruppe 2-6
2025-02-27 10:41:48,697 INFO o.a.j.t.JMeterThread: Thread finished: Thread-Gruppe 1-12
2025-02-27 10:41:48,774 INFO o.a.j.t.JMeterThread: Thread finished: Thread-Gruppe 2-14
2025-02-27 10:41:48,782 INFO o.a.j.t.JMeterThread: Thread finished: Thread-Gruppe 2-8
2025-02-27 10:41:48,792 INFO o.a.j.t.JMeterThread: Thread finished: Thread-Gruppe 1-39
2025-02-27 10:41:48,807 INFO o.a.j.t.JMeterThread: Thread finished: Thread-Gruppe 1-73
2025-02-27 10:41:48,815 INFO o.a.j.t.JMeterThread: Thread finished: Thread-Gruppe 1-58
2025-02-27 10:41:48,822 INFO o.a.j.t.JMeterThread: Thread finished: Thread-Gruppe 1-28
2025-02-27 10:41:48,826 INFO o.a.j.t.JMeterThread: Thread finished: Thread-Gruppe 1-13
2025-02-27 10:41:48,861 INFO o.a.j.t.JMeterThread: Thread finished: Thread-Gruppe 2-16
2025-02-27 10:41:48,877 INFO o.a.j.t.JMeterThread: Thread finished: Thread-Gruppe 2-17
2025-02-27 10:41:48,916 INFO o.a.j.t.JMeterThread: Thread finished: Thread-Gruppe 1-40
2025-02-27 10:41:48,924 INFO o.a.j.t.JMeterThread: Thread finished: Thread-Gruppe 3-4
2025-02-27 10:41:48,938 INFO o.a.j.t.JMeterThread: Thread finished: Thread-Gruppe 1-74
2025-02-27 10:41:48,944 INFO o.a.j.t.JMeterThread: Thread finished: Thread-Gruppe 1-59
2025-02-27 10:41:48,962 INFO o.a.j.t.JMeterThread: Thread finished: Thread-Gruppe 1-29
2025-02-27 10:41:48,962 INFO o.a.j.t.JMeterThread: Thread finished: Thread-Gruppe 1-14
2025-02-27 10:41:49,058 INFO o.a.j.t.JMeterThread: Stopping because end time detected by thread: Thread-Gruppe 1-41
2025-02-27 10:41:49,058 INFO o.a.j.t.JMeterThread: Thread finished: Thread-Gruppe 1-41
2025-02-27 10:41:49,058 INFO o.a.j.t.JMeterThread: Thread finished: Thread-Gruppe 2-7
2025-02-27 10:41:49,074 INFO o.a.j.t.JMeterThread: Stopping because end time detected by thread: Thread-Gruppe 1-75
2025-02-27 10:41:49,075 INFO o.a.j.t.JMeterThread: Thread finished: Thread-Gruppe 1-75
2025-02-27 10:41:49,076 INFO o.a.j.t.JMeterThread: Stopping because end time detected by thread: Thread-Gruppe 1-60
2025-02-27 10:41:49,076 INFO o.a.j.t.JMeterThread: Thread finished: Thread-Gruppe 1-60
2025-02-27 10:41:49,086 INFO o.a.j.t.JMeterThread: Stopping because end time detected by thread: Thread-Gruppe 2-1
2025-02-27 10:41:49,086 INFO o.a.j.t.JMeterThread: Thread finished: Thread-Gruppe 2-1
2025-02-27 10:41:49,086 INFO o.a.j.t.JMeterThread: Stopping because end time detected by thread: Thread-Gruppe 1-30
2025-02-27 10:41:49,086 INFO o.a.j.t.JMeterThread: Thread finished: Thread-Gruppe 1-30
2025-02-27 10:41:49,086 INFO o.a.j.t.JMeterThread: Stopping because end time detected by thread: Thread-Gruppe 1-15
2025-02-27 10:41:49,086 INFO o.a.j.t.JMeterThread: Thread finished: Thread-Gruppe 1-15
2025-02-27 10:41:49,101 INFO o.a.j.t.JMeterThread: Stopping because end time detected by thread: Thread-Gruppe 2-11
2025-02-27 10:41:49,101 INFO o.a.j.t.JMeterThread: Thread finished: Thread-Gruppe 2-11
2025-02-27 10:41:49,101 INFO o.a.j.t.JMeterThread: Stopping because end time detected by thread: Thread-Gruppe 2-2
2025-02-27 10:41:49,101 INFO o.a.j.t.JMeterThread: Stopping because end time detected by thread: Thread-Gruppe 2-3
2025-02-27 10:41:49,101 INFO o.a.j.t.JMeterThread: Thread finished: Thread-Gruppe 2-2
2025-02-27 10:41:49,101 INFO o.a.j.t.JMeterThread: Thread finished: Thread-Gruppe 2-3
2025-02-27 10:41:49,161 INFO o.a.j.t.JMeterThread: Stopping because end time detected by thread: Thread-Gruppe 2-10
2025-02-27 10:41:49,161 INFO o.a.j.t.JMeterThread: Thread finished: Thread-Gruppe 2-10
2025-02-27 10:41:49,182 INFO o.a.j.t.JMeterThread: Stopping because end time detected by thread: Thread-Gruppe 2-9
2025-02-27 10:41:49,182 INFO o.a.j.t.JMeterThread: Thread finished: Thread-Gruppe 2-9
2025-02-27 10:41:49,182 INFO o.a.j.t.JMeterThread: Stopping because end time detected by thread: Thread-Gruppe 3-3
2025-02-27 10:41:49,182 INFO o.a.j.t.JMeterThread: Thread finished: Thread-Gruppe 3-3
2025-02-27 10:41:49,182 INFO o.a.j.t.JMeterThread: Stopping because end time detected by thread: Thread-Gruppe 1-42
2025-02-27 10:41:49,182 INFO o.a.j.t.JMeterThread: Thread finished: Thread-Gruppe 1-42
2025-02-27 10:41:49,182 INFO o.a.j.t.JMeterThread: Stopping because end time detected by thread: Thread-Gruppe 3-5
2025-02-27 10:41:49,182 INFO o.a.j.t.JMeterThread: Thread finished: Thread-Gruppe 3-5
2025-02-27 10:41:49,212 INFO o.a.j.t.JMeterThread: Stopping because end time detected by thread: Thread-Gruppe 1-61
2025-02-27 10:41:49,212 INFO o.a.j.t.JMeterThread: Thread finished: Thread-Gruppe 1-61
2025-02-27 10:41:49,212 INFO o.a.j.t.JMeterThread: Stopping because end time detected by thread: Thread-Gruppe 1-31
2025-02-27 10:41:49,212 INFO o.a.j.t.JMeterThread: Stopping because end time detected by thread: Thread-Gruppe 2-15
2025-02-27 10:41:49,212 INFO o.a.j.t.JMeterThread: Thread finished: Thread-Gruppe 1-31
2025-02-27 10:41:49,212 INFO o.a.j.t.JMeterThread: Thread finished: Thread-Gruppe 2-15
2025-02-27 10:41:49,227 INFO o.a.j.t.JMeterThread: Stopping because end time detected by thread: Thread-Gruppe 1-16
2025-02-27 10:41:49,227 INFO o.a.j.t.JMeterThread: Thread finished: Thread-Gruppe 1-16
2025-02-27 10:41:49,227 INFO o.a.j.t.JMeterThread: Stopping because end time detected by thread: Thread-Gruppe 2-18
2025-02-27 10:41:49,227 INFO o.a.j.t.JMeterThread: Thread finished: Thread-Gruppe 2-18
2025-02-27 10:41:49,242 INFO o.a.j.t.JMeterThread: Stopping because end time detected by thread: Thread-Gruppe 2-13
2025-02-27 10:41:49,242 INFO o.a.j.t.JMeterThread: Thread finished: Thread-Gruppe 2-13
2025-02-27 10:41:49,302 INFO o.a.j.t.JMeterThread: Stopping because end time detected by thread: Thread-Gruppe 2-4
2025-02-27 10:41:49,302 INFO o.a.j.t.JMeterThread: Thread finished: Thread-Gruppe 2-4
2025-02-27 10:41:49,302 INFO o.a.j.t.JMeterThread: Stopping because end time detected by thread: Thread-Gruppe 2-20
2025-02-27 10:41:49,302 INFO o.a.j.t.JMeterThread: Thread finished: Thread-Gruppe 2-20
2025-02-27 10:41:49,317 INFO o.a.j.t.JMeterThread: Stopping because end time detected by thread: Thread-Gruppe 3-1
2025-02-27 10:41:49,317 INFO o.a.j.t.JMeterThread: Thread finished: Thread-Gruppe 3-1
2025-02-27 10:41:49,317 INFO o.a.j.t.JMeterThread: Stopping because end time detected by thread: Thread-Gruppe 1-43
2025-02-27 10:41:49,317 INFO o.a.j.t.JMeterThread: Thread finished: Thread-Gruppe 1-43
2025-02-27 10:41:49,332 INFO o.a.j.t.JMeterThread: Stopping because end time detected by thread: Thread-Gruppe 3-2
2025-02-27 10:41:49,332 INFO o.a.j.t.JMeterThread: Thread finished: Thread-Gruppe 3-2
2025-02-27 10:41:49,377 INFO o.a.j.t.JMeterThread: Stopping because end time detected by thread: Thread-Gruppe 2-19
2025-02-27 10:41:49,377 INFO o.a.j.t.JMeterThread: Thread finished: Thread-Gruppe 2-19
2025-02-27 10:41:49,437 INFO o.a.j.t.JMeterThread: Stopping because end time detected by thread: Thread-Gruppe 1-44
2025-02-27 10:41:49,437 INFO o.a.j.t.JMeterThread: Thread finished: Thread-Gruppe 1-44
2025-02-27 10:41:49,572 INFO o.a.j.t.JMeterThread: Stopping because end time detected by thread: Thread-Gruppe 1-45
2025-02-27 10:41:49,572 INFO o.a.j.t.JMeterThread: Thread finished: Thread-Gruppe 1-45
2025-02-27 10:41:49,692 INFO o.a.j.t.JMeterThread: Stopping because end time detected by thread: Thread-Gruppe 2-12
2025-02-27 10:41:49,692 INFO o.a.j.t.JMeterThread: Thread finished: Thread-Gruppe 2-12
2025-02-27 10:41:49,707 INFO o.a.j.t.JMeterThread: Stopping because end time detected by thread: Thread-Gruppe 1-46
2025-02-27 10:41:49,707 INFO o.a.j.t.JMeterThread: Thread finished: Thread-Gruppe 1-46
2025-02-27 10:41:49,707 INFO o.a.j.e.StandardJMeterEngine: Notifying test listeners of end of test
2025-02-27 10:41:49,722 INFO o.a.j.r.Summariser: summary +   1478 in 00:00:20 =   75.0/s Avg:   335 Min:   250 Max:   906 Err:     0 (0.00%) Active: 0 Started: 100 Finished: 100
2025-02-27 10:41:49,722 INFO o.a.j.r.Summariser: summary =  45442 in 00:11:01 =   68.7/s Avg:   344 Min:   247 Max:  2020 Err:     0 (0.00%)
