2025-02-27 14:10:17,958 INFO o.a.j.u.JMeterUtils: Setting Locale to en_EN
2025-02-27 14:10:17,980 INFO o.a.j.JMeter: Loading user properties from: D:\Semester 7\CS4203 - Research and Development Project\Artifacts\apache-jmeter-5.6.3\bin\user.properties
2025-02-27 14:10:17,980 INFO o.a.j.JMeter: Loading system properties from: D:\Semester 7\CS4203 - Research and Development Project\Artifacts\apache-jmeter-5.6.3\bin\system.properties
2025-02-27 14:10:17,980 INFO o.a.j.JMeter: Setting JMeter property: lb_1_hostname=34.70.149.254
2025-02-27 14:10:17,980 INFO o.a.j.JMeter: Setting JMeter property: lb_2_hostname=35.232.62.106
2025-02-27 14:10:17,980 INFO o.a.j.JMeter: Setting JMeter property: lb_1_port=8090
2025-02-27 14:10:17,980 INFO o.a.j.JMeter: Setting JMeter property: lb_2_port=8091
2025-02-27 14:10:17,986 INFO o.a.j.JMeter: Setting JMeter property: warm_up_users=20
2025-02-27 14:10:17,986 INFO o.a.j.JMeter: Setting JMeter property: warm_up_time=60
2025-02-27 14:10:17,986 INFO o.a.j.JMeter: Setting JMeter property: test_run_time=600
2025-02-27 14:10:17,986 INFO o.a.j.JMeter: Setting JMeter property: ramp_up=10
2025-02-27 14:10:17,986 INFO o.a.j.JMeter: Setting JMeter property: group_1=75
2025-02-27 14:10:17,986 INFO o.a.j.JMeter: Setting JMeter property: group_2=20
2025-02-27 14:10:17,986 INFO o.a.j.JMeter: Setting JMeter property: group_3=5
2025-02-27 14:10:17,986 INFO o.a.j.JMeter: Setting JMeter property: group_1_request_rate=30
2025-02-27 14:10:17,986 INFO o.a.j.JMeter: Setting JMeter property: group_2_request_rate=90
2025-02-27 14:10:17,988 INFO o.a.j.JMeter: Setting JMeter property: group_3_request_rate=120
2025-02-27 14:10:17,988 INFO o.a.j.JMeter: Setting JMeter property: log_file=d:\Semester 7\CS4203 - Research and Development Project\Artifacts\rate-limiter-nginx\jmeter\cloud\2025_02_27_13_48_logs\sliding_window_counter\redis_async_rate_limit_100_window_size_60_sub_window_count_5_batch_percent_0.2\warm_up_results.csv
2025-02-27 14:10:17,988 INFO o.a.j.JMeter: Setting JMeter property: algorithm=sliding_window_counter_redis_async_rate_limit_100_window_size_60_sub_window_count_5_batch_percent_0.2
2025-02-27 14:10:17,988 INFO o.a.j.JMeter: Setting JMeter property: auth=/sliding_window_counter/redis_async_rate_limit_100_window_size_60_sub_window_count_5_batch_percent_0.2/tools.descartes.teastore.auth/rest
2025-02-27 14:10:17,988 INFO o.a.j.JMeter: Setting JMeter property: persistence=/sliding_window_counter/redis_async_rate_limit_100_window_size_60_sub_window_count_5_batch_percent_0.2/tools.descartes.teastore.persistence/rest
2025-02-27 14:10:17,988 INFO o.a.j.JMeter: Setting JMeter property: recommender=/sliding_window_counter/redis_async_rate_limit_100_window_size_60_sub_window_count_5_batch_percent_0.2/tools.descartes.teastore.recommender/rest
2025-02-27 14:10:17,988 INFO o.a.j.JMeter: Setting JMeter property: image=/sliding_window_counter/redis_async_rate_limit_100_window_size_60_sub_window_count_5_batch_percent_0.2/tools.descartes.teastore.image/rest
2025-02-27 14:10:17,996 INFO o.a.j.JMeter: Copyright (c) 1998-2024 The Apache Software Foundation
2025-02-27 14:10:17,996 INFO o.a.j.JMeter: Version 5.6.3
2025-02-27 14:10:17,996 INFO o.a.j.JMeter: java.version=11.0.22
2025-02-27 14:10:17,996 INFO o.a.j.JMeter: java.vm.name=Java HotSpot(TM) 64-Bit Server VM
2025-02-27 14:10:17,996 INFO o.a.j.JMeter: os.name=Windows 10
2025-02-27 14:10:17,997 INFO o.a.j.JMeter: os.arch=amd64
2025-02-27 14:10:17,997 INFO o.a.j.JMeter: os.version=10.0
2025-02-27 14:10:17,997 INFO o.a.j.JMeter: file.encoding=Cp1252
2025-02-27 14:10:17,997 INFO o.a.j.JMeter: java.awt.headless=true
2025-02-27 14:10:17,997 INFO o.a.j.JMeter: Max memory     =1073741824
2025-02-27 14:10:17,997 INFO o.a.j.JMeter: Available Processors =12
2025-02-27 14:10:18,013 INFO o.a.j.JMeter: Default Locale=English (EN)
2025-02-27 14:10:18,013 INFO o.a.j.JMeter: JMeter  Locale=English (EN)
2025-02-27 14:10:18,013 INFO o.a.j.JMeter: JMeterHome=D:\Semester 7\CS4203 - Research and Development Project\Artifacts\apache-jmeter-5.6.3
2025-02-27 14:10:18,013 INFO o.a.j.JMeter: user.dir  =D:\Semester 7\CS4203 - Research and Development Project\Artifacts\rate-limiter-nginx
2025-02-27 14:10:18,013 INFO o.a.j.JMeter: PWD       =D:\Semester 7\CS4203 - Research and Development Project\Artifacts\rate-limiter-nginx
2025-02-27 14:10:18,046 INFO o.a.j.JMeter: IP: 10.10.21.101 Name: KOBI-MSI-PC FullName: 10.10.21.101
2025-02-27 14:10:18,063 INFO o.a.j.s.FileServer: Default base='D:\Semester 7\CS4203 - Research and Development Project\Artifacts\rate-limiter-nginx'
2025-02-27 14:10:18,063 INFO o.a.j.s.FileServer: Set new base='d:\Semester 7\CS4203 - Research and Development Project\Artifacts\rate-limiter-nginx\jmeter\cloud'
2025-02-27 14:10:18,306 INFO o.a.j.s.SaveService: Testplan (JMX) version: 2.2. Testlog (JTL) version: 2.2
2025-02-27 14:10:18,342 INFO o.a.j.s.SaveService: Using SaveService properties version 5.0
2025-02-27 14:10:18,346 INFO o.a.j.s.SaveService: Using SaveService properties file encoding UTF-8
2025-02-27 14:10:18,350 INFO o.a.j.s.SaveService: Loading file: d:\Semester 7\CS4203 - Research and Development Project\Artifacts\rate-limiter-nginx\jmeter\cloud\teastore_performance.jmx
2025-02-27 14:10:18,409 INFO o.a.j.p.h.c.CookieManager: Settings: Delete null: true Check: true Allow variable: true Save: false Prefix: COOKIE_
2025-02-27 14:10:18,427 INFO o.a.j.p.h.s.HTTPSamplerBase: Parser for text/html is org.apache.jmeter.protocol.http.parser.LagartoBasedHtmlParser
2025-02-27 14:10:18,427 INFO o.a.j.p.h.s.HTTPSamplerBase: Parser for application/xhtml+xml is org.apache.jmeter.protocol.http.parser.LagartoBasedHtmlParser
2025-02-27 14:10:18,427 INFO o.a.j.p.h.s.HTTPSamplerBase: Parser for application/xml is org.apache.jmeter.protocol.http.parser.LagartoBasedHtmlParser
2025-02-27 14:10:18,427 INFO o.a.j.p.h.s.HTTPSamplerBase: Parser for text/xml is org.apache.jmeter.protocol.http.parser.LagartoBasedHtmlParser
2025-02-27 14:10:18,427 INFO o.a.j.p.h.s.HTTPSamplerBase: Parser for text/vnd.wap.wml is org.apache.jmeter.protocol.http.parser.RegexpHTMLParser
2025-02-27 14:10:18,427 INFO o.a.j.p.h.s.HTTPSamplerBase: Parser for text/css is org.apache.jmeter.protocol.http.parser.CssParser
2025-02-27 14:10:18,595 INFO o.a.j.s.SampleResult: Note: Sample TimeStamps are START times
2025-02-27 14:10:18,595 INFO o.a.j.s.SampleResult: sampleresult.default.encoding is set to UTF-8
2025-02-27 14:10:18,595 INFO o.a.j.s.SampleResult: sampleresult.useNanoTime=true
2025-02-27 14:10:18,595 INFO o.a.j.s.SampleResult: sampleresult.nanoThreadSleep=5000
2025-02-27 14:10:18,640 INFO o.a.j.JMeter: Creating summariser <summary>
2025-02-27 14:10:18,670 INFO o.a.j.e.StandardJMeterEngine: Running the test!
2025-02-27 14:10:18,671 INFO o.a.j.s.SampleEvent: List of sample_variables: []
2025-02-27 14:10:18,671 INFO o.a.j.s.SampleEvent: List of sample_variables: []
2025-02-27 14:10:18,680 INFO o.a.j.e.u.CompoundVariable: Note: Function class names must contain the string: '.functions.'
2025-02-27 14:10:18,680 INFO o.a.j.e.u.CompoundVariable: Note: Function class names must not contain the string: '.gui.'
2025-02-27 14:10:18,979 INFO o.a.j.r.ClassFinder: Will scan jar D:\Semester 7\CS4203 - Research and Development Project\Artifacts\apache-jmeter-5.6.3\lib\ext\jmeter-plugins-casutg-2.10.jar with filter ExtendsClassFilter [parents=[interface org.apache.jmeter.functions.Function], inner=false, contains=null, notContains=null]. Consider exposing JMeter plugins via META-INF/services, and add JMeter-Skip-Class-Scanning=true manifest attribute so JMeter can skip classfile scanning
2025-02-27 14:10:19,009 INFO o.a.j.r.ClassFinder: Will scan jar D:\Semester 7\CS4203 - Research and Development Project\Artifacts\apache-jmeter-5.6.3\lib\ext\jmeter-plugins-graphs-additional-2.0.jar with filter ExtendsClassFilter [parents=[interface org.apache.jmeter.functions.Function], inner=false, contains=null, notContains=null]. Consider exposing JMeter plugins via META-INF/services, and add JMeter-Skip-Class-Scanning=true manifest attribute so JMeter can skip classfile scanning
2025-02-27 14:10:19,009 INFO o.a.j.r.ClassFinder: Will scan jar D:\Semester 7\CS4203 - Research and Development Project\Artifacts\apache-jmeter-5.6.3\lib\ext\jmeter-plugins-perfmon-2.1.jar with filter ExtendsClassFilter [parents=[interface org.apache.jmeter.functions.Function], inner=false, contains=null, notContains=null]. Consider exposing JMeter plugins via META-INF/services, and add JMeter-Skip-Class-Scanning=true manifest attribute so JMeter can skip classfile scanning
2025-02-27 14:10:19,009 INFO o.a.j.r.ClassFinder: Will scan jar D:\Semester 7\CS4203 - Research and Development Project\Artifacts\apache-jmeter-5.6.3\lib\ext\json-lib-2.4-jdk15.jar with filter ExtendsClassFilter [parents=[interface org.apache.jmeter.functions.Function], inner=false, contains=null, notContains=null]. Consider exposing JMeter plugins via META-INF/services, and add JMeter-Skip-Class-Scanning=true manifest attribute so JMeter can skip classfile scanning
2025-02-27 14:10:19,039 INFO o.a.j.r.ClassFinder: Will scan jar D:\Semester 7\CS4203 - Research and Development Project\Artifacts\apache-jmeter-5.6.3\lib\ext\perfmon-2.2.2.jar with filter ExtendsClassFilter [parents=[interface org.apache.jmeter.functions.Function], inner=false, contains=null, notContains=null]. Consider exposing JMeter plugins via META-INF/services, and add JMeter-Skip-Class-Scanning=true manifest attribute so JMeter can skip classfile scanning
2025-02-27 14:10:19,057 INFO o.a.j.r.ClassFinder: Will scan jar D:\Semester 7\CS4203 - Research and Development Project\Artifacts\apache-jmeter-5.6.3\lib\ext\jmeter-plugins-manager-1.10.jar with filter ExtendsClassFilter [parents=[interface org.apache.jmeter.functions.Function], inner=false, contains=null, notContains=null]. Consider exposing JMeter plugins via META-INF/services, and add JMeter-Skip-Class-Scanning=true manifest attribute so JMeter can skip classfile scanning
2025-02-27 14:10:19,162 INFO o.a.j.r.ClassFinder: Will scan jar D:\Semester 7\CS4203 - Research and Development Project\Artifacts\apache-jmeter-5.6.3\lib\ext\jmeter-plugins-graphs-vs-2.0.jar with filter ExtendsClassFilter [parents=[interface org.apache.jmeter.functions.Function], inner=false, contains=null, notContains=null]. Consider exposing JMeter plugins via META-INF/services, and add JMeter-Skip-Class-Scanning=true manifest attribute so JMeter can skip classfile scanning
2025-02-27 14:10:19,162 INFO o.a.j.r.ClassFinder: Will scan jar D:\Semester 7\CS4203 - Research and Development Project\Artifacts\apache-jmeter-5.6.3\lib\ext\jmeter-parallel-0.12.jar with filter ExtendsClassFilter [parents=[interface org.apache.jmeter.functions.Function], inner=false, contains=null, notContains=null]. Consider exposing JMeter plugins via META-INF/services, and add JMeter-Skip-Class-Scanning=true manifest attribute so JMeter can skip classfile scanning
2025-02-27 14:10:19,177 INFO o.a.j.r.ClassFinder: Will scan jar D:\Semester 7\CS4203 - Research and Development Project\Artifacts\apache-jmeter-5.6.3\lib\ext\jmeter-plugins-tst-2.6.jar with filter ExtendsClassFilter [parents=[interface org.apache.jmeter.functions.Function], inner=false, contains=null, notContains=null]. Consider exposing JMeter plugins via META-INF/services, and add JMeter-Skip-Class-Scanning=true manifest attribute so JMeter can skip classfile scanning
2025-02-27 14:10:19,177 INFO o.a.j.r.ClassFinder: Will scan jar D:\Semester 7\CS4203 - Research and Development Project\Artifacts\apache-jmeter-5.6.3\lib\ext\jmeter-prometheus-plugin-0.6.0.jar with filter ExtendsClassFilter [parents=[interface org.apache.jmeter.functions.Function], inner=false, contains=null, notContains=null]. Consider exposing JMeter plugins via META-INF/services, and add JMeter-Skip-Class-Scanning=true manifest attribute so JMeter can skip classfile scanning
2025-02-27 14:10:19,192 INFO o.a.j.r.ClassFinder: Will scan jar D:\Semester 7\CS4203 - Research and Development Project\Artifacts\apache-jmeter-5.6.3\lib\ext\jmeter-plugins-graphs-basic-2.0.jar with filter ExtendsClassFilter [parents=[interface org.apache.jmeter.functions.Function], inner=false, contains=null, notContains=null]. Consider exposing JMeter plugins via META-INF/services, and add JMeter-Skip-Class-Scanning=true manifest attribute so JMeter can skip classfile scanning
2025-02-27 14:10:19,621 INFO o.a.j.JMeter: Running test (1740645619621)
2025-02-27 14:10:19,621 INFO o.a.j.e.StandardJMeterEngine: Starting setUp thread groups
2025-02-27 14:10:19,621 INFO o.a.j.e.StandardJMeterEngine: Starting setUp ThreadGroup: 1 : setUp Thread Group 
2025-02-27 14:10:19,621 INFO o.a.j.e.StandardJMeterEngine: Starting 20 threads for group setUp Thread Group.
2025-02-27 14:10:19,621 INFO o.a.j.e.StandardJMeterEngine: Thread will continue on error
2025-02-27 14:10:19,621 INFO o.a.j.t.ThreadGroup: Starting thread group... number=1 threads=20 ramp-up=10 delayedStart=false
2025-02-27 14:10:19,655 INFO o.a.j.t.JMeterThread: Thread started: setUp Thread Group 1-1
2025-02-27 14:10:19,694 INFO o.a.j.t.ThreadGroup: Started thread group number 1
2025-02-27 14:10:19,694 INFO o.a.j.e.StandardJMeterEngine: Waiting for all setup thread groups to exit
2025-02-27 14:10:20,140 INFO o.a.j.t.JMeterThread: Thread started: setUp Thread Group 1-2
2025-02-27 14:10:20,642 INFO o.a.j.t.JMeterThread: Thread started: setUp Thread Group 1-3
2025-02-27 14:10:20,800 INFO o.a.j.p.h.s.HTTPHCAbstractImpl: Local host = KOBI-MSI-PC
2025-02-27 14:10:20,805 INFO o.a.j.p.h.s.HTTPHC4Impl: HTTP request retry count = 0
2025-02-27 14:10:21,130 INFO o.a.j.t.JMeterThread: Thread started: setUp Thread Group 1-4
2025-02-27 14:10:21,630 INFO o.a.j.t.JMeterThread: Thread started: setUp Thread Group 1-5
2025-02-27 14:10:22,128 INFO o.a.j.t.JMeterThread: Thread started: setUp Thread Group 1-6
2025-02-27 14:10:22,627 INFO o.a.j.t.JMeterThread: Thread started: setUp Thread Group 1-7
2025-02-27 14:10:23,129 INFO o.a.j.t.JMeterThread: Thread started: setUp Thread Group 1-8
2025-02-27 14:10:23,627 INFO o.a.j.t.JMeterThread: Thread started: setUp Thread Group 1-9
2025-02-27 14:10:24,126 INFO o.a.j.t.JMeterThread: Thread started: setUp Thread Group 1-10
2025-02-27 14:10:24,626 INFO o.a.j.t.JMeterThread: Thread started: setUp Thread Group 1-11
2025-02-27 14:10:25,126 INFO o.a.j.t.JMeterThread: Thread started: setUp Thread Group 1-12
2025-02-27 14:10:25,627 INFO o.a.j.t.JMeterThread: Thread started: setUp Thread Group 1-13
2025-02-27 14:10:26,126 INFO o.a.j.t.JMeterThread: Thread started: setUp Thread Group 1-14
2025-02-27 14:10:26,625 INFO o.a.j.t.JMeterThread: Thread started: setUp Thread Group 1-15
2025-02-27 14:10:27,125 INFO o.a.j.t.JMeterThread: Thread started: setUp Thread Group 1-16
2025-02-27 14:10:27,624 INFO o.a.j.t.JMeterThread: Thread started: setUp Thread Group 1-17
2025-02-27 14:10:28,125 INFO o.a.j.t.JMeterThread: Thread started: setUp Thread Group 1-18
2025-02-27 14:10:28,624 INFO o.a.j.t.JMeterThread: Thread started: setUp Thread Group 1-19
2025-02-27 14:10:29,124 INFO o.a.j.t.JMeterThread: Thread started: setUp Thread Group 1-20
2025-02-27 14:11:19,456 INFO o.a.j.t.JMeterThread: Thread finished: setUp Thread Group 1-9
2025-02-27 14:11:19,467 INFO o.a.j.t.JMeterThread: Thread finished: setUp Thread Group 1-16
2025-02-27 14:11:19,501 INFO o.a.j.t.JMeterThread: Thread finished: setUp Thread Group 1-7
2025-02-27 14:11:19,524 INFO o.a.j.t.JMeterThread: Thread finished: setUp Thread Group 1-4
2025-02-27 14:11:19,527 INFO o.a.j.t.JMeterThread: Thread finished: setUp Thread Group 1-13
2025-02-27 14:11:19,527 INFO o.a.j.t.JMeterThread: Thread finished: setUp Thread Group 1-8
2025-02-27 14:11:19,585 INFO o.a.j.t.JMeterThread: Thread finished: setUp Thread Group 1-11
2025-02-27 14:11:19,609 INFO o.a.j.t.JMeterThread: Thread finished: setUp Thread Group 1-12
2025-02-27 14:11:19,609 INFO o.a.j.t.JMeterThread: Thread finished: setUp Thread Group 1-2
2025-02-27 14:11:19,669 INFO o.a.j.t.JMeterThread: Stopping because end time detected by thread: setUp Thread Group 1-3
2025-02-27 14:11:19,670 INFO o.a.j.t.JMeterThread: Thread finished: setUp Thread Group 1-3
2025-02-27 14:11:19,673 INFO o.a.j.t.JMeterThread: Thread finished: setUp Thread Group 1-15
2025-02-27 14:11:19,683 INFO o.a.j.t.JMeterThread: Stopping because end time detected by thread: setUp Thread Group 1-5
2025-02-27 14:11:19,683 INFO o.a.j.t.JMeterThread: Thread finished: setUp Thread Group 1-5
2025-02-27 14:11:19,698 INFO o.a.j.t.JMeterThread: Stopping because end time detected by thread: setUp Thread Group 1-14
2025-02-27 14:11:19,698 INFO o.a.j.t.JMeterThread: Thread finished: setUp Thread Group 1-14
2025-02-27 14:11:19,743 INFO o.a.j.t.JMeterThread: Stopping because end time detected by thread: setUp Thread Group 1-1
2025-02-27 14:11:19,743 INFO o.a.j.t.JMeterThread: Thread finished: setUp Thread Group 1-1
2025-02-27 14:11:19,788 INFO o.a.j.t.JMeterThread: Stopping because end time detected by thread: setUp Thread Group 1-6
2025-02-27 14:11:19,788 INFO o.a.j.t.JMeterThread: Thread finished: setUp Thread Group 1-6
2025-02-27 14:11:19,833 INFO o.a.j.t.JMeterThread: Stopping because end time detected by thread: setUp Thread Group 1-20
2025-02-27 14:11:19,833 INFO o.a.j.t.JMeterThread: Thread finished: setUp Thread Group 1-20
2025-02-27 14:11:19,833 INFO o.a.j.t.JMeterThread: Stopping because end time detected by thread: setUp Thread Group 1-10
2025-02-27 14:11:19,833 INFO o.a.j.t.JMeterThread: Thread finished: setUp Thread Group 1-10
2025-02-27 14:11:19,926 INFO o.a.j.t.JMeterThread: Stopping because end time detected by thread: setUp Thread Group 1-17
2025-02-27 14:11:19,926 INFO o.a.j.t.JMeterThread: Thread finished: setUp Thread Group 1-17
2025-02-27 14:11:20,317 INFO o.a.j.t.JMeterThread: Stopping because end time detected by thread: setUp Thread Group 1-19
2025-02-27 14:11:20,317 INFO o.a.j.t.JMeterThread: Thread finished: setUp Thread Group 1-19
2025-02-27 14:11:20,392 INFO o.a.j.t.JMeterThread: Stopping because end time detected by thread: setUp Thread Group 1-18
2025-02-27 14:11:20,392 INFO o.a.j.t.JMeterThread: Thread finished: setUp Thread Group 1-18
2025-02-27 14:11:20,392 INFO o.a.j.e.StandardJMeterEngine: All Setup Threads have ended
2025-02-27 14:11:20,443 INFO o.a.j.e.StandardJMeterEngine: Starting ThreadGroup: 1 : Thread-Gruppe
2025-02-27 14:11:20,443 INFO o.a.j.e.StandardJMeterEngine: Starting 75 threads for group Thread-Gruppe.
2025-02-27 14:11:20,443 INFO o.a.j.e.StandardJMeterEngine: Thread will continue on error
2025-02-27 14:11:20,443 INFO o.a.j.t.ThreadGroup: Starting thread group... number=1 threads=75 ramp-up=10 delayedStart=false
2025-02-27 14:11:20,443 INFO o.a.j.t.JMeterThread: Thread started: Thread-Gruppe 1-1
2025-02-27 14:11:20,556 INFO o.a.j.t.ThreadGroup: Started thread group number 1
2025-02-27 14:11:20,556 INFO o.a.j.e.StandardJMeterEngine: Starting ThreadGroup: 2 : Thread-Gruppe
2025-02-27 14:11:20,556 INFO o.a.j.e.StandardJMeterEngine: Starting 20 threads for group Thread-Gruppe.
2025-02-27 14:11:20,556 INFO o.a.j.e.StandardJMeterEngine: Thread will continue on error
2025-02-27 14:11:20,556 INFO o.a.j.t.ThreadGroup: Starting thread group... number=2 threads=20 ramp-up=10 delayedStart=false
2025-02-27 14:11:20,559 INFO o.a.j.t.JMeterThread: Thread started: Thread-Gruppe 2-1
2025-02-27 14:11:20,584 INFO o.a.j.t.JMeterThread: Thread started: Thread-Gruppe 1-2
2025-02-27 14:11:20,587 INFO o.a.j.t.ThreadGroup: Started thread group number 2
2025-02-27 14:11:20,587 INFO o.a.j.e.StandardJMeterEngine: Starting ThreadGroup: 3 : Thread-Gruppe
2025-02-27 14:11:20,587 INFO o.a.j.e.StandardJMeterEngine: Starting 5 threads for group Thread-Gruppe.
2025-02-27 14:11:20,587 INFO o.a.j.e.StandardJMeterEngine: Thread will continue on error
2025-02-27 14:11:20,587 INFO o.a.j.t.ThreadGroup: Starting thread group... number=3 threads=5 ramp-up=10 delayedStart=false
2025-02-27 14:11:20,590 INFO o.a.j.t.JMeterThread: Thread started: Thread-Gruppe 3-1
2025-02-27 14:11:20,595 INFO o.a.j.t.ThreadGroup: Started thread group number 3
2025-02-27 14:11:20,595 INFO o.a.j.e.StandardJMeterEngine: All thread groups have been started
2025-02-27 14:11:20,718 INFO o.a.j.t.JMeterThread: Thread started: Thread-Gruppe 1-3
2025-02-27 14:11:20,852 INFO o.a.j.t.JMeterThread: Thread started: Thread-Gruppe 1-4
2025-02-27 14:11:20,979 INFO o.a.j.t.JMeterThread: Thread started: Thread-Gruppe 1-5
2025-02-27 14:11:21,059 INFO o.a.j.t.JMeterThread: Thread started: Thread-Gruppe 2-2
2025-02-27 14:11:21,111 INFO o.a.j.t.JMeterThread: Thread started: Thread-Gruppe 1-6
2025-02-27 14:11:21,245 INFO o.a.j.t.JMeterThread: Thread started: Thread-Gruppe 1-7
2025-02-27 14:11:21,378 INFO o.a.j.t.JMeterThread: Thread started: Thread-Gruppe 1-8
2025-02-27 14:11:21,510 INFO o.a.j.t.JMeterThread: Thread started: Thread-Gruppe 1-9
2025-02-27 14:11:21,559 INFO o.a.j.t.JMeterThread: Thread started: Thread-Gruppe 2-3
2025-02-27 14:11:21,643 INFO o.a.j.t.JMeterThread: Thread started: Thread-Gruppe 1-10
2025-02-27 14:11:21,776 INFO o.a.j.t.JMeterThread: Thread started: Thread-Gruppe 1-11
2025-02-27 14:11:21,911 INFO o.a.j.t.JMeterThread: Thread started: Thread-Gruppe 1-12
2025-02-27 14:11:22,042 INFO o.a.j.t.JMeterThread: Thread started: Thread-Gruppe 1-13
2025-02-27 14:11:22,061 INFO o.a.j.t.JMeterThread: Thread started: Thread-Gruppe 2-4
2025-02-27 14:11:22,175 INFO o.a.j.t.JMeterThread: Thread started: Thread-Gruppe 1-14
2025-02-27 14:11:22,309 INFO o.a.j.t.JMeterThread: Thread started: Thread-Gruppe 1-15
2025-02-27 14:11:22,442 INFO o.a.j.t.JMeterThread: Thread started: Thread-Gruppe 1-16
2025-02-27 14:11:22,560 INFO o.a.j.t.JMeterThread: Thread started: Thread-Gruppe 2-5
2025-02-27 14:11:22,576 INFO o.a.j.t.JMeterThread: Thread started: Thread-Gruppe 1-17
2025-02-27 14:11:22,590 INFO o.a.j.t.JMeterThread: Thread started: Thread-Gruppe 3-2
2025-02-27 14:11:22,708 INFO o.a.j.t.JMeterThread: Thread started: Thread-Gruppe 1-18
2025-02-27 14:11:22,842 INFO o.a.j.t.JMeterThread: Thread started: Thread-Gruppe 1-19
2025-02-27 14:11:22,975 INFO o.a.j.t.JMeterThread: Thread started: Thread-Gruppe 1-20
2025-02-27 14:11:23,059 INFO o.a.j.t.JMeterThread: Thread started: Thread-Gruppe 2-6
2025-02-27 14:11:23,107 INFO o.a.j.t.JMeterThread: Thread started: Thread-Gruppe 1-21
2025-02-27 14:11:23,239 INFO o.a.j.t.JMeterThread: Thread started: Thread-Gruppe 1-22
2025-02-27 14:11:23,373 INFO o.a.j.t.JMeterThread: Thread started: Thread-Gruppe 1-23
2025-02-27 14:11:23,505 INFO o.a.j.t.JMeterThread: Thread started: Thread-Gruppe 1-24
2025-02-27 14:11:23,558 INFO o.a.j.t.JMeterThread: Thread started: Thread-Gruppe 2-7
2025-02-27 14:11:23,639 INFO o.a.j.t.JMeterThread: Thread started: Thread-Gruppe 1-25
2025-02-27 14:11:23,772 INFO o.a.j.t.JMeterThread: Thread started: Thread-Gruppe 1-26
2025-02-27 14:11:23,905 INFO o.a.j.t.JMeterThread: Thread started: Thread-Gruppe 1-27
2025-02-27 14:11:24,037 INFO o.a.j.t.JMeterThread: Thread started: Thread-Gruppe 1-28
2025-02-27 14:11:24,059 INFO o.a.j.t.JMeterThread: Thread started: Thread-Gruppe 2-8
2025-02-27 14:11:24,171 INFO o.a.j.t.JMeterThread: Thread started: Thread-Gruppe 1-29
2025-02-27 14:11:24,302 INFO o.a.j.t.JMeterThread: Thread started: Thread-Gruppe 1-30
2025-02-27 14:11:24,436 INFO o.a.j.t.JMeterThread: Thread started: Thread-Gruppe 1-31
2025-02-27 14:11:24,559 INFO o.a.j.t.JMeterThread: Thread started: Thread-Gruppe 2-9
2025-02-27 14:11:24,570 INFO o.a.j.t.JMeterThread: Thread started: Thread-Gruppe 1-32
2025-02-27 14:11:24,590 INFO o.a.j.t.JMeterThread: Thread started: Thread-Gruppe 3-3
2025-02-27 14:11:24,702 INFO o.a.j.t.JMeterThread: Thread started: Thread-Gruppe 1-33
2025-02-27 14:11:24,835 INFO o.a.j.t.JMeterThread: Thread started: Thread-Gruppe 1-34
2025-02-27 14:11:24,969 INFO o.a.j.t.JMeterThread: Thread started: Thread-Gruppe 1-35
2025-02-27 14:11:25,058 INFO o.a.j.t.JMeterThread: Thread started: Thread-Gruppe 2-10
2025-02-27 14:11:25,101 INFO o.a.j.t.JMeterThread: Thread started: Thread-Gruppe 1-36
2025-02-27 14:11:25,234 INFO o.a.j.t.JMeterThread: Thread started: Thread-Gruppe 1-37
2025-02-27 14:11:25,367 INFO o.a.j.t.JMeterThread: Thread started: Thread-Gruppe 1-38
2025-02-27 14:11:25,502 INFO o.a.j.t.JMeterThread: Thread started: Thread-Gruppe 1-39
2025-02-27 14:11:25,559 INFO o.a.j.t.JMeterThread: Thread started: Thread-Gruppe 2-11
2025-02-27 14:11:25,634 INFO o.a.j.t.JMeterThread: Thread started: Thread-Gruppe 1-40
2025-02-27 14:11:25,766 INFO o.a.j.t.JMeterThread: Thread started: Thread-Gruppe 1-41
2025-02-27 14:11:25,899 INFO o.a.j.t.JMeterThread: Thread started: Thread-Gruppe 1-42
2025-02-27 14:11:26,032 INFO o.a.j.t.JMeterThread: Thread started: Thread-Gruppe 1-43
2025-02-27 14:11:26,058 INFO o.a.j.t.JMeterThread: Thread started: Thread-Gruppe 2-12
2025-02-27 14:11:26,167 INFO o.a.j.t.JMeterThread: Thread started: Thread-Gruppe 1-44
2025-02-27 14:11:26,298 INFO o.a.j.t.JMeterThread: Thread started: Thread-Gruppe 1-45
2025-02-27 14:11:26,430 INFO o.a.j.t.JMeterThread: Thread started: Thread-Gruppe 1-46
2025-02-27 14:11:26,559 INFO o.a.j.t.JMeterThread: Thread started: Thread-Gruppe 2-13
2025-02-27 14:11:26,564 INFO o.a.j.t.JMeterThread: Thread started: Thread-Gruppe 1-47
2025-02-27 14:11:26,592 INFO o.a.j.t.JMeterThread: Thread started: Thread-Gruppe 3-4
2025-02-27 14:11:26,696 INFO o.a.j.t.JMeterThread: Thread started: Thread-Gruppe 1-48
2025-02-27 14:11:26,831 INFO o.a.j.t.JMeterThread: Thread started: Thread-Gruppe 1-49
2025-02-27 14:11:26,963 INFO o.a.j.t.JMeterThread: Thread started: Thread-Gruppe 1-50
2025-02-27 14:11:27,060 INFO o.a.j.t.JMeterThread: Thread started: Thread-Gruppe 2-14
2025-02-27 14:11:27,096 INFO o.a.j.t.JMeterThread: Thread started: Thread-Gruppe 1-51
2025-02-27 14:11:27,229 INFO o.a.j.t.JMeterThread: Thread started: Thread-Gruppe 1-52
2025-02-27 14:11:27,363 INFO o.a.j.t.JMeterThread: Thread started: Thread-Gruppe 1-53
2025-02-27 14:11:27,495 INFO o.a.j.t.JMeterThread: Thread started: Thread-Gruppe 1-54
2025-02-27 14:11:27,559 INFO o.a.j.t.JMeterThread: Thread started: Thread-Gruppe 2-15
2025-02-27 14:11:27,628 INFO o.a.j.t.JMeterThread: Thread started: Thread-Gruppe 1-55
2025-02-27 14:11:27,761 INFO o.a.j.t.JMeterThread: Thread started: Thread-Gruppe 1-56
2025-02-27 14:11:27,895 INFO o.a.j.t.JMeterThread: Thread started: Thread-Gruppe 1-57
2025-02-27 14:11:28,026 INFO o.a.j.t.JMeterThread: Thread started: Thread-Gruppe 1-58
2025-02-27 14:11:28,060 INFO o.a.j.t.JMeterThread: Thread started: Thread-Gruppe 2-16
2025-02-27 14:11:28,160 INFO o.a.j.t.JMeterThread: Thread started: Thread-Gruppe 1-59
2025-02-27 14:11:28,294 INFO o.a.j.t.JMeterThread: Thread started: Thread-Gruppe 1-60
2025-02-27 14:11:28,427 INFO o.a.j.t.JMeterThread: Thread started: Thread-Gruppe 1-61
2025-02-27 14:11:28,559 INFO o.a.j.t.JMeterThread: Thread started: Thread-Gruppe 1-62
2025-02-27 14:11:28,560 INFO o.a.j.t.JMeterThread: Thread started: Thread-Gruppe 2-17
2025-02-27 14:11:28,591 INFO o.a.j.t.JMeterThread: Thread started: Thread-Gruppe 3-5
2025-02-27 14:11:28,691 INFO o.a.j.t.JMeterThread: Thread started: Thread-Gruppe 1-63
2025-02-27 14:11:28,824 INFO o.a.j.t.JMeterThread: Thread started: Thread-Gruppe 1-64
2025-02-27 14:11:28,958 INFO o.a.j.t.JMeterThread: Thread started: Thread-Gruppe 1-65
2025-02-27 14:11:29,059 INFO o.a.j.t.JMeterThread: Thread started: Thread-Gruppe 2-18
2025-02-27 14:11:29,090 INFO o.a.j.t.JMeterThread: Thread started: Thread-Gruppe 1-66
2025-02-27 14:11:29,224 INFO o.a.j.t.JMeterThread: Thread started: Thread-Gruppe 1-67
2025-02-27 14:11:29,357 INFO o.a.j.t.JMeterThread: Thread started: Thread-Gruppe 1-68
2025-02-27 14:11:29,489 INFO o.a.j.t.JMeterThread: Thread started: Thread-Gruppe 1-69
2025-02-27 14:11:29,560 INFO o.a.j.t.JMeterThread: Thread started: Thread-Gruppe 2-19
2025-02-27 14:11:29,622 INFO o.a.j.t.JMeterThread: Thread started: Thread-Gruppe 1-70
2025-02-27 14:11:29,756 INFO o.a.j.t.JMeterThread: Thread started: Thread-Gruppe 1-71
2025-02-27 14:11:29,889 INFO o.a.j.t.JMeterThread: Thread started: Thread-Gruppe 1-72
2025-02-27 14:11:30,006 INFO o.a.j.r.Summariser: summary +    388 in 00:01:10 =    5.5/s Avg:   387 Min:   243 Max:   796 Err:     0 (0.00%) Active: 96 Started: 96 Finished: 0
2025-02-27 14:11:30,021 INFO o.a.j.t.JMeterThread: Thread started: Thread-Gruppe 1-73
2025-02-27 14:11:30,059 INFO o.a.j.t.JMeterThread: Thread started: Thread-Gruppe 2-20
2025-02-27 14:11:30,154 INFO o.a.j.t.JMeterThread: Thread started: Thread-Gruppe 1-74
2025-02-27 14:11:30,289 INFO o.a.j.t.JMeterThread: Thread started: Thread-Gruppe 1-75
2025-02-27 14:12:00,009 INFO o.a.j.r.Summariser: summary +   2288 in 00:00:30 =   76.3/s Avg:   339 Min:   242 Max:   995 Err:     0 (0.00%) Active: 100 Started: 100 Finished: 0
2025-02-27 14:12:00,011 INFO o.a.j.r.Summariser: summary =   2676 in 00:01:40 =   26.7/s Avg:   346 Min:   242 Max:   995 Err:     0 (0.00%)
2025-02-27 14:12:30,006 INFO o.a.j.r.Summariser: summary +   2282 in 00:00:30 =   76.1/s Avg:   346 Min:   243 Max:  1023 Err:     0 (0.00%) Active: 100 Started: 100 Finished: 0
2025-02-27 14:12:30,008 INFO o.a.j.r.Summariser: summary =   4958 in 00:02:10 =   38.0/s Avg:   346 Min:   242 Max:  1023 Err:     0 (0.00%)
2025-02-27 14:13:00,039 INFO o.a.j.r.Summariser: summary +   2277 in 00:00:30 =   75.8/s Avg:   346 Min:   244 Max:  1033 Err:     0 (0.00%) Active: 100 Started: 100 Finished: 0
2025-02-27 14:13:00,040 INFO o.a.j.r.Summariser: summary =   7235 in 00:02:40 =   45.1/s Avg:   346 Min:   242 Max:  1033 Err:     0 (0.00%)
2025-02-27 14:13:30,027 INFO o.a.j.r.Summariser: summary +   2272 in 00:00:30 =   75.8/s Avg:   368 Min:   244 Max:  1203 Err:     0 (0.00%) Active: 100 Started: 100 Finished: 0
2025-02-27 14:13:30,029 INFO o.a.j.r.Summariser: summary =   9507 in 00:03:10 =   49.9/s Avg:   351 Min:   242 Max:  1203 Err:     0 (0.00%)
2025-02-27 14:14:00,019 INFO o.a.j.r.Summariser: summary +   2271 in 00:00:30 =   75.7/s Avg:   379 Min:   247 Max:  1733 Err:     0 (0.00%) Active: 100 Started: 100 Finished: 0
2025-02-27 14:14:00,020 INFO o.a.j.r.Summariser: summary =  11778 in 00:03:40 =   53.4/s Avg:   357 Min:   242 Max:  1733 Err:     0 (0.00%)
2025-02-27 14:14:30,010 INFO o.a.j.r.Summariser: summary +   2274 in 00:00:30 =   75.8/s Avg:   365 Min:   243 Max:  1337 Err:     0 (0.00%) Active: 100 Started: 100 Finished: 0
2025-02-27 14:14:30,012 INFO o.a.j.r.Summariser: summary =  14052 in 00:04:10 =   56.1/s Avg:   358 Min:   242 Max:  1733 Err:     0 (0.00%)
2025-02-27 14:15:00,014 INFO o.a.j.r.Summariser: summary +   2288 in 00:00:30 =   76.3/s Avg:   357 Min:   245 Max:  1176 Err:     0 (0.00%) Active: 100 Started: 100 Finished: 0
2025-02-27 14:15:00,015 INFO o.a.j.r.Summariser: summary =  16340 in 00:04:40 =   58.3/s Avg:   358 Min:   242 Max:  1733 Err:     0 (0.00%)
2025-02-27 14:15:30,031 INFO o.a.j.r.Summariser: summary +   2278 in 00:00:30 =   75.9/s Avg:   337 Min:   245 Max:  1082 Err:     0 (0.00%) Active: 100 Started: 100 Finished: 0
2025-02-27 14:15:30,033 INFO o.a.j.r.Summariser: summary =  18618 in 00:05:10 =   60.0/s Avg:   355 Min:   242 Max:  1733 Err:     0 (0.00%)
2025-02-27 14:16:00,006 INFO o.a.j.r.Summariser: summary +   2273 in 00:00:30 =   75.8/s Avg:   383 Min:   244 Max:  2136 Err:     0 (0.00%) Active: 100 Started: 100 Finished: 0
2025-02-27 14:16:00,008 INFO o.a.j.r.Summariser: summary =  20891 in 00:05:40 =   61.4/s Avg:   358 Min:   242 Max:  2136 Err:     0 (0.00%)
2025-02-27 14:16:30,001 INFO o.a.j.r.Summariser: summary +   2271 in 00:00:30 =   75.7/s Avg:   362 Min:   246 Max:  1720 Err:     0 (0.00%) Active: 100 Started: 100 Finished: 0
2025-02-27 14:16:30,002 INFO o.a.j.r.Summariser: summary =  23162 in 00:06:10 =   62.5/s Avg:   359 Min:   242 Max:  2136 Err:     0 (0.00%)
2025-02-27 14:17:00,037 INFO o.a.j.r.Summariser: summary +   2279 in 00:00:30 =   75.9/s Avg:   368 Min:   247 Max:  1293 Err:     0 (0.00%) Active: 100 Started: 100 Finished: 0
2025-02-27 14:17:00,038 INFO o.a.j.r.Summariser: summary =  25441 in 00:06:40 =   63.5/s Avg:   360 Min:   242 Max:  2136 Err:     0 (0.00%)
2025-02-27 14:17:30,008 INFO o.a.j.r.Summariser: summary +   2265 in 00:00:30 =   75.6/s Avg:   362 Min:   245 Max:  1229 Err:     0 (0.00%) Active: 100 Started: 100 Finished: 0
2025-02-27 14:17:30,010 INFO o.a.j.r.Summariser: summary =  27706 in 00:07:10 =   64.4/s Avg:   360 Min:   242 Max:  2136 Err:     0 (0.00%)
2025-02-27 14:18:00,033 INFO o.a.j.r.Summariser: summary +   2283 in 00:00:30 =   76.0/s Avg:   365 Min:   245 Max:  1523 Err:     0 (0.00%) Active: 100 Started: 100 Finished: 0
2025-02-27 14:18:00,034 INFO o.a.j.r.Summariser: summary =  29989 in 00:07:40 =   65.1/s Avg:   360 Min:   242 Max:  2136 Err:     0 (0.00%)
2025-02-27 14:18:30,022 INFO o.a.j.r.Summariser: summary +   2280 in 00:00:30 =   76.0/s Avg:   343 Min:   245 Max:  1097 Err:     0 (0.00%) Active: 100 Started: 100 Finished: 0
2025-02-27 14:18:30,025 INFO o.a.j.r.Summariser: summary =  32269 in 00:08:10 =   65.8/s Avg:   359 Min:   242 Max:  2136 Err:     0 (0.00%)
2025-02-27 14:19:00,009 INFO o.a.j.r.Summariser: summary +   2288 in 00:00:30 =   76.3/s Avg:   359 Min:   243 Max:  1113 Err:     0 (0.00%) Active: 100 Started: 100 Finished: 0
2025-02-27 14:19:00,009 INFO o.a.j.r.Summariser: summary =  34557 in 00:08:40 =   66.4/s Avg:   359 Min:   242 Max:  2136 Err:     0 (0.00%)
2025-02-27 14:19:30,011 INFO o.a.j.r.Summariser: summary +   2267 in 00:00:30 =   75.6/s Avg:   350 Min:   242 Max:  1318 Err:     0 (0.00%) Active: 100 Started: 100 Finished: 0
2025-02-27 14:19:30,013 INFO o.a.j.r.Summariser: summary =  36824 in 00:09:10 =   66.9/s Avg:   358 Min:   242 Max:  2136 Err:     0 (0.00%)
2025-02-27 14:20:00,000 INFO o.a.j.r.Summariser: summary +   2288 in 00:00:30 =   76.3/s Avg:   354 Min:   241 Max:  1123 Err:     0 (0.00%) Active: 100 Started: 100 Finished: 0
2025-02-27 14:20:00,002 INFO o.a.j.r.Summariser: summary =  39112 in 00:09:40 =   67.4/s Avg:   358 Min:   241 Max:  2136 Err:     0 (0.00%)
2025-02-27 14:20:30,006 INFO o.a.j.r.Summariser: summary +   2278 in 00:00:30 =   75.9/s Avg:   350 Min:   243 Max:  1115 Err:     0 (0.00%) Active: 100 Started: 100 Finished: 0
2025-02-27 14:20:30,007 INFO o.a.j.r.Summariser: summary =  41390 in 00:10:10 =   67.8/s Avg:   358 Min:   241 Max:  2136 Err:     0 (0.00%)
2025-02-27 14:21:00,015 INFO o.a.j.r.Summariser: summary +   2274 in 00:00:30 =   75.8/s Avg:   358 Min:   242 Max:  1256 Err:     0 (0.00%) Active: 100 Started: 100 Finished: 0
2025-02-27 14:21:00,016 INFO o.a.j.r.Summariser: summary =  43664 in 00:10:40 =   68.2/s Avg:   358 Min:   241 Max:  2136 Err:     0 (0.00%)
2025-02-27 14:21:18,770 INFO o.a.j.t.JMeterThread: Thread finished: Thread-Gruppe 1-1
2025-02-27 14:21:18,812 INFO o.a.j.t.JMeterThread: Thread finished: Thread-Gruppe 1-62
2025-02-27 14:21:18,816 INFO o.a.j.t.JMeterThread: Thread finished: Thread-Gruppe 1-47
2025-02-27 14:21:18,831 INFO o.a.j.t.JMeterThread: Thread finished: Thread-Gruppe 1-17
2025-02-27 14:21:18,841 INFO o.a.j.t.JMeterThread: Thread finished: Thread-Gruppe 1-2
2025-02-27 14:21:18,948 INFO o.a.j.t.JMeterThread: Thread finished: Thread-Gruppe 1-63
2025-02-27 14:21:18,953 INFO o.a.j.t.JMeterThread: Thread finished: Thread-Gruppe 1-48
2025-02-27 14:21:18,960 INFO o.a.j.t.JMeterThread: Thread finished: Thread-Gruppe 1-18
2025-02-27 14:21:18,983 INFO o.a.j.t.JMeterThread: Thread finished: Thread-Gruppe 1-3
2025-02-27 14:21:19,079 INFO o.a.j.t.JMeterThread: Thread finished: Thread-Gruppe 1-64
2025-02-27 14:21:19,080 INFO o.a.j.t.JMeterThread: Thread finished: Thread-Gruppe 1-49
2025-02-27 14:21:19,099 INFO o.a.j.t.JMeterThread: Thread finished: Thread-Gruppe 1-19
2025-02-27 14:21:19,103 INFO o.a.j.t.JMeterThread: Thread finished: Thread-Gruppe 1-4
2025-02-27 14:21:19,214 INFO o.a.j.t.JMeterThread: Thread finished: Thread-Gruppe 1-65
2025-02-27 14:21:19,220 INFO o.a.j.t.JMeterThread: Thread finished: Thread-Gruppe 1-50
2025-02-27 14:21:19,235 INFO o.a.j.t.JMeterThread: Thread finished: Thread-Gruppe 1-20
2025-02-27 14:21:19,238 INFO o.a.j.t.JMeterThread: Thread finished: Thread-Gruppe 1-5
2025-02-27 14:21:19,340 INFO o.a.j.t.JMeterThread: Thread finished: Thread-Gruppe 1-32
2025-02-27 14:21:19,353 INFO o.a.j.t.JMeterThread: Thread finished: Thread-Gruppe 1-66
2025-02-27 14:21:19,354 INFO o.a.j.t.JMeterThread: Thread finished: Thread-Gruppe 1-51
2025-02-27 14:21:19,367 INFO o.a.j.t.JMeterThread: Thread finished: Thread-Gruppe 1-21
2025-02-27 14:21:19,370 INFO o.a.j.t.JMeterThread: Thread finished: Thread-Gruppe 1-6
2025-02-27 14:21:19,463 INFO o.a.j.t.JMeterThread: Thread finished: Thread-Gruppe 1-33
2025-02-27 14:21:19,478 INFO o.a.j.t.JMeterThread: Thread finished: Thread-Gruppe 1-67
2025-02-27 14:21:19,490 INFO o.a.j.t.JMeterThread: Thread finished: Thread-Gruppe 1-52
2025-02-27 14:21:19,491 INFO o.a.j.t.JMeterThread: Thread finished: Thread-Gruppe 1-22
2025-02-27 14:21:19,498 INFO o.a.j.t.JMeterThread: Thread finished: Thread-Gruppe 1-7
2025-02-27 14:21:19,610 INFO o.a.j.t.JMeterThread: Thread finished: Thread-Gruppe 1-34
2025-02-27 14:21:19,614 INFO o.a.j.t.JMeterThread: Thread finished: Thread-Gruppe 1-68
2025-02-27 14:21:19,620 INFO o.a.j.t.JMeterThread: Thread finished: Thread-Gruppe 1-53
2025-02-27 14:21:19,624 INFO o.a.j.t.JMeterThread: Thread finished: Thread-Gruppe 1-23
2025-02-27 14:21:19,628 INFO o.a.j.t.JMeterThread: Thread finished: Thread-Gruppe 1-8
2025-02-27 14:21:19,726 INFO o.a.j.t.JMeterThread: Thread finished: Thread-Gruppe 1-35
2025-02-27 14:21:19,744 INFO o.a.j.t.JMeterThread: Thread finished: Thread-Gruppe 1-69
2025-02-27 14:21:19,746 INFO o.a.j.t.JMeterThread: Thread finished: Thread-Gruppe 1-54
2025-02-27 14:21:19,760 INFO o.a.j.t.JMeterThread: Thread finished: Thread-Gruppe 1-24
2025-02-27 14:21:19,764 INFO o.a.j.t.JMeterThread: Thread finished: Thread-Gruppe 1-9
2025-02-27 14:21:19,870 INFO o.a.j.t.JMeterThread: Thread finished: Thread-Gruppe 1-36
2025-02-27 14:21:19,884 INFO o.a.j.t.JMeterThread: Thread finished: Thread-Gruppe 1-70
2025-02-27 14:21:19,885 INFO o.a.j.t.JMeterThread: Thread finished: Thread-Gruppe 1-55
2025-02-27 14:21:19,893 INFO o.a.j.t.JMeterThread: Thread finished: Thread-Gruppe 1-25
2025-02-27 14:21:19,898 INFO o.a.j.t.JMeterThread: Thread finished: Thread-Gruppe 1-10
2025-02-27 14:21:19,999 INFO o.a.j.t.JMeterThread: Thread finished: Thread-Gruppe 1-37
2025-02-27 14:21:20,009 INFO o.a.j.t.JMeterThread: Thread finished: Thread-Gruppe 1-71
2025-02-27 14:21:20,018 INFO o.a.j.t.JMeterThread: Thread finished: Thread-Gruppe 1-56
2025-02-27 14:21:20,029 INFO o.a.j.t.JMeterThread: Thread finished: Thread-Gruppe 1-26
2025-02-27 14:21:20,032 INFO o.a.j.t.JMeterThread: Thread finished: Thread-Gruppe 1-11
2025-02-27 14:21:20,134 INFO o.a.j.t.JMeterThread: Thread finished: Thread-Gruppe 1-38
2025-02-27 14:21:20,142 INFO o.a.j.t.JMeterThread: Thread finished: Thread-Gruppe 1-72
2025-02-27 14:21:20,151 INFO o.a.j.t.JMeterThread: Thread finished: Thread-Gruppe 1-57
2025-02-27 14:21:20,164 INFO o.a.j.t.JMeterThread: Thread finished: Thread-Gruppe 1-27
2025-02-27 14:21:20,165 INFO o.a.j.t.JMeterThread: Thread finished: Thread-Gruppe 1-12
2025-02-27 14:21:20,173 INFO o.a.j.t.JMeterThread: Thread finished: Thread-Gruppe 2-9
2025-02-27 14:21:20,189 INFO o.a.j.t.JMeterThread: Thread finished: Thread-Gruppe 2-8
2025-02-27 14:21:20,266 INFO o.a.j.t.JMeterThread: Thread finished: Thread-Gruppe 2-20
2025-02-27 14:21:20,268 INFO o.a.j.t.JMeterThread: Thread finished: Thread-Gruppe 1-73
2025-02-27 14:21:20,273 INFO o.a.j.t.JMeterThread: Thread finished: Thread-Gruppe 2-12
2025-02-27 14:21:20,273 INFO o.a.j.t.JMeterThread: Thread finished: Thread-Gruppe 1-39
2025-02-27 14:21:20,276 INFO o.a.j.t.JMeterThread: Thread finished: Thread-Gruppe 1-58
2025-02-27 14:21:20,294 INFO o.a.j.t.JMeterThread: Thread finished: Thread-Gruppe 1-28
2025-02-27 14:21:20,299 INFO o.a.j.t.JMeterThread: Thread finished: Thread-Gruppe 1-13
2025-02-27 14:21:20,375 INFO o.a.j.t.JMeterThread: Thread finished: Thread-Gruppe 2-19
2025-02-27 14:21:20,394 INFO o.a.j.t.JMeterThread: Thread finished: Thread-Gruppe 1-40
2025-02-27 14:21:20,398 INFO o.a.j.t.JMeterThread: Thread finished: Thread-Gruppe 3-3
2025-02-27 14:21:20,410 INFO o.a.j.t.JMeterThread: Thread finished: Thread-Gruppe 1-74
2025-02-27 14:21:20,416 INFO o.a.j.t.JMeterThread: Thread finished: Thread-Gruppe 1-59
2025-02-27 14:21:20,426 INFO o.a.j.t.JMeterThread: Thread finished: Thread-Gruppe 1-29
2025-02-27 14:21:20,431 INFO o.a.j.t.JMeterThread: Thread finished: Thread-Gruppe 1-14
2025-02-27 14:21:20,441 INFO o.a.j.t.JMeterThread: Thread finished: Thread-Gruppe 2-10
2025-02-27 14:21:20,444 INFO o.a.j.t.JMeterThread: Thread finished: Thread-Gruppe 2-16
2025-02-27 14:21:20,445 INFO o.a.j.t.JMeterThread: Thread finished: Thread-Gruppe 2-15
2025-02-27 14:21:20,454 INFO o.a.j.t.JMeterThread: Thread finished: Thread-Gruppe 2-18
2025-02-27 14:21:20,456 INFO o.a.j.t.JMeterThread: Thread finished: Thread-Gruppe 2-3
2025-02-27 14:21:20,464 INFO o.a.j.t.JMeterThread: Thread finished: Thread-Gruppe 2-7
2025-02-27 14:21:20,523 INFO o.a.j.t.JMeterThread: Stopping because end time detected by thread: Thread-Gruppe 1-41
2025-02-27 14:21:20,524 INFO o.a.j.t.JMeterThread: Thread finished: Thread-Gruppe 1-41
2025-02-27 14:21:20,533 INFO o.a.j.t.JMeterThread: Thread finished: Thread-Gruppe 2-6
2025-02-27 14:21:20,543 INFO o.a.j.t.JMeterThread: Thread finished: Thread-Gruppe 1-75
2025-02-27 14:21:20,547 INFO o.a.j.t.JMeterThread: Stopping because end time detected by thread: Thread-Gruppe 1-60
2025-02-27 14:21:20,548 INFO o.a.j.t.JMeterThread: Thread finished: Thread-Gruppe 1-60
2025-02-27 14:21:20,556 INFO o.a.j.t.JMeterThread: Stopping because end time detected by thread: Thread-Gruppe 1-30
2025-02-27 14:21:20,556 INFO o.a.j.t.JMeterThread: Thread finished: Thread-Gruppe 1-30
2025-02-27 14:21:20,558 INFO o.a.j.t.JMeterThread: Stopping because end time detected by thread: Thread-Gruppe 1-15
2025-02-27 14:21:20,558 INFO o.a.j.t.JMeterThread: Thread finished: Thread-Gruppe 1-15
2025-02-27 14:21:20,588 INFO o.a.j.t.JMeterThread: Stopping because end time detected by thread: Thread-Gruppe 2-1
2025-02-27 14:21:20,588 INFO o.a.j.t.JMeterThread: Thread finished: Thread-Gruppe 2-1
2025-02-27 14:21:20,632 INFO o.a.j.t.JMeterThread: Stopping because end time detected by thread: Thread-Gruppe 2-14
2025-02-27 14:21:20,633 INFO o.a.j.t.JMeterThread: Thread finished: Thread-Gruppe 2-14
2025-02-27 14:21:20,655 INFO o.a.j.t.JMeterThread: Stopping because end time detected by thread: Thread-Gruppe 3-1
2025-02-27 14:21:20,655 INFO o.a.j.t.JMeterThread: Stopping because end time detected by thread: Thread-Gruppe 1-42
2025-02-27 14:21:20,655 INFO o.a.j.t.JMeterThread: Stopping because end time detected by thread: Thread-Gruppe 2-5
2025-02-27 14:21:20,656 INFO o.a.j.t.JMeterThread: Thread finished: Thread-Gruppe 3-1
2025-02-27 14:21:20,656 INFO o.a.j.t.JMeterThread: Thread finished: Thread-Gruppe 1-42
2025-02-27 14:21:20,656 INFO o.a.j.t.JMeterThread: Thread finished: Thread-Gruppe 2-5
2025-02-27 14:21:20,660 INFO o.a.j.t.JMeterThread: Stopping because end time detected by thread: Thread-Gruppe 3-5
2025-02-27 14:21:20,660 INFO o.a.j.t.JMeterThread: Thread finished: Thread-Gruppe 3-5
2025-02-27 14:21:20,670 INFO o.a.j.t.JMeterThread: Stopping because end time detected by thread: Thread-Gruppe 2-2
2025-02-27 14:21:20,671 INFO o.a.j.t.JMeterThread: Thread finished: Thread-Gruppe 2-2
2025-02-27 14:21:20,680 INFO o.a.j.t.JMeterThread: Stopping because end time detected by thread: Thread-Gruppe 1-61
2025-02-27 14:21:20,680 INFO o.a.j.t.JMeterThread: Thread finished: Thread-Gruppe 1-61
2025-02-27 14:21:20,688 INFO o.a.j.t.JMeterThread: Stopping because end time detected by thread: Thread-Gruppe 1-31
2025-02-27 14:21:20,688 INFO o.a.j.t.JMeterThread: Thread finished: Thread-Gruppe 1-31
2025-02-27 14:21:20,697 INFO o.a.j.t.JMeterThread: Stopping because end time detected by thread: Thread-Gruppe 1-16
2025-02-27 14:21:20,697 INFO o.a.j.t.JMeterThread: Thread finished: Thread-Gruppe 1-16
2025-02-27 14:21:20,779 INFO o.a.j.t.JMeterThread: Stopping because end time detected by thread: Thread-Gruppe 3-4
2025-02-27 14:21:20,779 INFO o.a.j.t.JMeterThread: Thread finished: Thread-Gruppe 3-4
2025-02-27 14:21:20,779 INFO o.a.j.t.JMeterThread: Stopping because end time detected by thread: Thread-Gruppe 1-43
2025-02-27 14:21:20,779 INFO o.a.j.t.JMeterThread: Thread finished: Thread-Gruppe 1-43
2025-02-27 14:21:20,805 INFO o.a.j.t.JMeterThread: Stopping because end time detected by thread: Thread-Gruppe 2-17
2025-02-27 14:21:20,805 INFO o.a.j.t.JMeterThread: Thread finished: Thread-Gruppe 2-17
2025-02-27 14:21:20,925 INFO o.a.j.t.JMeterThread: Stopping because end time detected by thread: Thread-Gruppe 1-44
2025-02-27 14:21:20,925 INFO o.a.j.t.JMeterThread: Thread finished: Thread-Gruppe 1-44
2025-02-27 14:21:20,970 INFO o.a.j.t.JMeterThread: Stopping because end time detected by thread: Thread-Gruppe 2-4
2025-02-27 14:21:20,985 INFO o.a.j.t.JMeterThread: Thread finished: Thread-Gruppe 2-4
2025-02-27 14:21:21,034 INFO o.a.j.t.JMeterThread: Stopping because end time detected by thread: Thread-Gruppe 1-45
2025-02-27 14:21:21,034 INFO o.a.j.t.JMeterThread: Thread finished: Thread-Gruppe 1-45
2025-02-27 14:21:21,109 INFO o.a.j.t.JMeterThread: Stopping because end time detected by thread: Thread-Gruppe 2-11
2025-02-27 14:21:21,109 INFO o.a.j.t.JMeterThread: Thread finished: Thread-Gruppe 2-11
2025-02-27 14:21:21,139 INFO o.a.j.t.JMeterThread: Stopping because end time detected by thread: Thread-Gruppe 2-13
2025-02-27 14:21:21,139 INFO o.a.j.t.JMeterThread: Thread finished: Thread-Gruppe 2-13
2025-02-27 14:21:21,184 INFO o.a.j.t.JMeterThread: Stopping because end time detected by thread: Thread-Gruppe 1-46
2025-02-27 14:21:21,184 INFO o.a.j.t.JMeterThread: Thread finished: Thread-Gruppe 1-46
2025-02-27 14:21:21,290 INFO o.a.j.t.JMeterThread: Stopping because end time detected by thread: Thread-Gruppe 3-2
2025-02-27 14:21:21,290 INFO o.a.j.t.JMeterThread: Thread finished: Thread-Gruppe 3-2
2025-02-27 14:21:21,290 INFO o.a.j.e.StandardJMeterEngine: Notifying test listeners of end of test
2025-02-27 14:21:21,290 INFO o.a.j.r.Summariser: summary +   1600 in 00:00:21 =   75.2/s Avg:   326 Min:   241 Max:   821 Err:     0 (0.00%) Active: 0 Started: 100 Finished: 100
2025-02-27 14:21:21,290 INFO o.a.j.r.Summariser: summary =  45264 in 00:11:02 =   68.4/s Avg:   357 Min:   241 Max:  2136 Err:     0 (0.00%)
