2025-02-28 05:12:51,144 INFO o.a.j.u.JMeterUtils: Setting Locale to en_EN
2025-02-28 05:12:51,171 INFO o.a.j.JMeter: Loading user properties from: C:\Users\ASUS\Desktop\apache-jmeter-5.6.3\apache-jmeter-5.6.3\bin\user.properties
2025-02-28 05:12:51,178 INFO o.a.j.JMeter: Loading system properties from: C:\Users\ASUS\Desktop\apache-jmeter-5.6.3\apache-jmeter-5.6.3\bin\system.properties
2025-02-28 05:12:51,178 INFO o.a.j.JMeter: Setting JMeter property: lb_1_hostname=34.55.170.28
2025-02-28 05:12:51,178 INFO o.a.j.JMeter: Setting JMeter property: lb_2_hostname=34.135.194.135
2025-02-28 05:12:51,178 INFO o.a.j.JMeter: Setting JMeter property: lb_1_port=8090
2025-02-28 05:12:51,178 INFO o.a.j.JMeter: Setting JMeter property: lb_2_port=8091
2025-02-28 05:12:51,181 INFO o.a.j.JMeter: Setting JMeter property: warm_up_users=20
2025-02-28 05:12:51,181 INFO o.a.j.JMeter: Setting JMeter property: warm_up_time=60
2025-02-28 05:12:51,181 INFO o.a.j.JMeter: Setting JMeter property: test_run_time=600
2025-02-28 05:12:51,181 INFO o.a.j.JMeter: Setting JMeter property: ramp_up=10
2025-02-28 05:12:51,181 INFO o.a.j.JMeter: Setting JMeter property: group_1=75
2025-02-28 05:12:51,181 INFO o.a.j.JMeter: Setting JMeter property: group_2=20
2025-02-28 05:12:51,181 INFO o.a.j.JMeter: Setting JMeter property: group_3=5
2025-02-28 05:12:51,181 INFO o.a.j.JMeter: Setting JMeter property: group_1_request_rate=30
2025-02-28 05:12:51,181 INFO o.a.j.JMeter: Setting JMeter property: group_2_request_rate=90
2025-02-28 05:12:51,181 INFO o.a.j.JMeter: Setting JMeter property: group_3_request_rate=120
2025-02-28 05:12:51,181 INFO o.a.j.JMeter: Setting JMeter property: log_file=c:\\Users\\ASUS\\Desktop\\Repos\\rate-limiter-nginx\\jmeter\\cloud\\2025_02_28_05_12_logs\\base/base\\warm_up_results.csv
2025-02-28 05:12:51,181 INFO o.a.j.JMeter: Setting JMeter property: algorithm=_base/base
2025-02-28 05:12:51,181 INFO o.a.j.JMeter: Setting JMeter property: auth=//base/base/tools.descartes.teastore.auth/rest
2025-02-28 05:12:51,181 INFO o.a.j.JMeter: Setting JMeter property: persistence=//base/base/tools.descartes.teastore.persistence/rest
2025-02-28 05:12:51,181 INFO o.a.j.JMeter: Setting JMeter property: recommender=//base/base/tools.descartes.teastore.recommender/rest
2025-02-28 05:12:51,181 INFO o.a.j.JMeter: Setting JMeter property: image=//base/base/tools.descartes.teastore.image/rest
2025-02-28 05:12:51,187 INFO o.a.j.JMeter: Copyright (c) 1998-2024 The Apache Software Foundation
2025-02-28 05:12:51,187 INFO o.a.j.JMeter: Version 5.6.3
2025-02-28 05:12:51,187 INFO o.a.j.JMeter: java.version=17.0.9
2025-02-28 05:12:51,187 INFO o.a.j.JMeter: java.vm.name=Java HotSpot(TM) 64-Bit Server VM
2025-02-28 05:12:51,187 INFO o.a.j.JMeter: os.name=Windows 11
2025-02-28 05:12:51,187 INFO o.a.j.JMeter: os.arch=amd64
2025-02-28 05:12:51,187 INFO o.a.j.JMeter: os.version=10.0
2025-02-28 05:12:51,187 INFO o.a.j.JMeter: file.encoding=Cp1252
2025-02-28 05:12:51,187 INFO o.a.j.JMeter: java.awt.headless=true
2025-02-28 05:12:51,187 INFO o.a.j.JMeter: Max memory     =1073741824
2025-02-28 05:12:51,187 INFO o.a.j.JMeter: Available Processors =12
2025-02-28 05:12:51,196 INFO o.a.j.JMeter: Default Locale=English (EN)
2025-02-28 05:12:51,196 INFO o.a.j.JMeter: JMeter  Locale=English (EN)
2025-02-28 05:12:51,196 INFO o.a.j.JMeter: JMeterHome=C:\Users\ASUS\Desktop\apache-jmeter-5.6.3\apache-jmeter-5.6.3
2025-02-28 05:12:51,196 INFO o.a.j.JMeter: user.dir  =C:\Users\ASUS\Desktop\Repos\rate-limiter-nginx
2025-02-28 05:12:51,204 INFO o.a.j.JMeter: PWD       =C:\Users\ASUS\Desktop\Repos\rate-limiter-nginx
2025-02-28 05:12:51,206 INFO o.a.j.JMeter: IP: 192.168.1.45 Name: THIVA FullName: THIVA
2025-02-28 05:12:51,212 INFO o.a.j.s.FileServer: Default base='C:\Users\ASUS\Desktop\Repos\rate-limiter-nginx'
2025-02-28 05:12:51,212 INFO o.a.j.s.FileServer: Set new base='c:\Users\ASUS\Desktop\Repos\rate-limiter-nginx\jmeter\cloud'
2025-02-28 05:12:51,599 INFO o.a.j.s.SaveService: Testplan (JMX) version: 2.2. Testlog (JTL) version: 2.2
2025-02-28 05:12:51,648 INFO o.a.j.s.SaveService: Using SaveService properties version 5.0
2025-02-28 05:12:51,657 INFO o.a.j.s.SaveService: Using SaveService properties file encoding UTF-8
2025-02-28 05:12:51,662 INFO o.a.j.s.SaveService: Loading file: c:\Users\ASUS\Desktop\Repos\rate-limiter-nginx\jmeter\cloud\teastore_performance.jmx
2025-02-28 05:12:51,722 INFO o.a.j.p.h.c.CookieManager: Settings: Delete null: true Check: true Allow variable: true Save: false Prefix: COOKIE_
2025-02-28 05:12:51,757 INFO o.a.j.p.h.s.HTTPSamplerBase: Parser for text/html is org.apache.jmeter.protocol.http.parser.LagartoBasedHtmlParser
2025-02-28 05:12:51,757 INFO o.a.j.p.h.s.HTTPSamplerBase: Parser for application/xhtml+xml is org.apache.jmeter.protocol.http.parser.LagartoBasedHtmlParser
2025-02-28 05:12:51,762 INFO o.a.j.p.h.s.HTTPSamplerBase: Parser for application/xml is org.apache.jmeter.protocol.http.parser.LagartoBasedHtmlParser
2025-02-28 05:12:51,762 INFO o.a.j.p.h.s.HTTPSamplerBase: Parser for text/xml is org.apache.jmeter.protocol.http.parser.LagartoBasedHtmlParser
2025-02-28 05:12:51,762 INFO o.a.j.p.h.s.HTTPSamplerBase: Parser for text/vnd.wap.wml is org.apache.jmeter.protocol.http.parser.RegexpHTMLParser
2025-02-28 05:12:51,762 INFO o.a.j.p.h.s.HTTPSamplerBase: Parser for text/css is org.apache.jmeter.protocol.http.parser.CssParser
2025-02-28 05:12:51,924 INFO o.a.j.s.SampleResult: Note: Sample TimeStamps are START times
2025-02-28 05:12:51,924 INFO o.a.j.s.SampleResult: sampleresult.default.encoding is set to UTF-8
2025-02-28 05:12:51,924 INFO o.a.j.s.SampleResult: sampleresult.useNanoTime=true
2025-02-28 05:12:51,924 INFO o.a.j.s.SampleResult: sampleresult.nanoThreadSleep=5000
2025-02-28 05:12:51,973 INFO o.a.j.JMeter: Creating summariser <summary>
2025-02-28 05:12:52,010 INFO o.a.j.e.StandardJMeterEngine: Running the test!
2025-02-28 05:12:52,015 INFO o.a.j.s.SampleEvent: List of sample_variables: []
2025-02-28 05:12:52,015 INFO o.a.j.s.SampleEvent: List of sample_variables: []
2025-02-28 05:12:52,022 INFO o.a.j.e.u.CompoundVariable: Note: Function class names must contain the string: '.functions.'
2025-02-28 05:12:52,024 INFO o.a.j.e.u.CompoundVariable: Note: Function class names must not contain the string: '.gui.'
2025-02-28 05:12:52,130 INFO o.a.j.r.ClassFinder: Will scan jar C:\Users\ASUS\Desktop\apache-jmeter-5.6.3\apache-jmeter-5.6.3\lib\ext\jmeter-plugins-casutg-2.10.jar with filter ExtendsClassFilter [parents=[interface org.apache.jmeter.functions.Function], inner=false, contains=null, notContains=null]. Consider exposing JMeter plugins via META-INF/services, and add JMeter-Skip-Class-Scanning=true manifest attribute so JMeter can skip classfile scanning
2025-02-28 05:12:52,140 INFO o.a.j.r.ClassFinder: Will scan jar C:\Users\ASUS\Desktop\apache-jmeter-5.6.3\apache-jmeter-5.6.3\lib\ext\jmeter-plugins-graphs-vs-2.0.jar with filter ExtendsClassFilter [parents=[interface org.apache.jmeter.functions.Function], inner=false, contains=null, notContains=null]. Consider exposing JMeter plugins via META-INF/services, and add JMeter-Skip-Class-Scanning=true manifest attribute so JMeter can skip classfile scanning
2025-02-28 05:12:52,147 INFO o.a.j.r.ClassFinder: Will scan jar C:\Users\ASUS\Desktop\apache-jmeter-5.6.3\apache-jmeter-5.6.3\lib\ext\jmeter-plugins-manager-1.9.jar with filter ExtendsClassFilter [parents=[interface org.apache.jmeter.functions.Function], inner=false, contains=null, notContains=null]. Consider exposing JMeter plugins via META-INF/services, and add JMeter-Skip-Class-Scanning=true manifest attribute so JMeter can skip classfile scanning
2025-02-28 05:12:52,227 INFO o.a.j.r.ClassFinder: Will scan jar C:\Users\ASUS\Desktop\apache-jmeter-5.6.3\apache-jmeter-5.6.3\lib\ext\jmeter-plugins-graphs-basic-2.0.jar with filter ExtendsClassFilter [parents=[interface org.apache.jmeter.functions.Function], inner=false, contains=null, notContains=null]. Consider exposing JMeter plugins via META-INF/services, and add JMeter-Skip-Class-Scanning=true manifest attribute so JMeter can skip classfile scanning
2025-02-28 05:12:52,229 INFO o.a.j.r.ClassFinder: Will scan jar C:\Users\ASUS\Desktop\apache-jmeter-5.6.3\apache-jmeter-5.6.3\lib\ext\jmeter-plugins-manager-0.20.jar with filter ExtendsClassFilter [parents=[interface org.apache.jmeter.functions.Function], inner=false, contains=null, notContains=null]. Consider exposing JMeter plugins via META-INF/services, and add JMeter-Skip-Class-Scanning=true manifest attribute so JMeter can skip classfile scanning
2025-02-28 05:12:52,242 INFO o.a.j.r.ClassFinder: Will scan jar C:\Users\ASUS\Desktop\apache-jmeter-5.6.3\apache-jmeter-5.6.3\lib\ext\jmeter-plugins-tst-2.6.jar with filter ExtendsClassFilter [parents=[interface org.apache.jmeter.functions.Function], inner=false, contains=null, notContains=null]. Consider exposing JMeter plugins via META-INF/services, and add JMeter-Skip-Class-Scanning=true manifest attribute so JMeter can skip classfile scanning
2025-02-28 05:12:52,246 INFO o.a.j.r.ClassFinder: Will scan jar C:\Users\ASUS\Desktop\apache-jmeter-5.6.3\apache-jmeter-5.6.3\lib\ext\jmeter-parallel-0.12.jar with filter ExtendsClassFilter [parents=[interface org.apache.jmeter.functions.Function], inner=false, contains=null, notContains=null]. Consider exposing JMeter plugins via META-INF/services, and add JMeter-Skip-Class-Scanning=true manifest attribute so JMeter can skip classfile scanning
2025-02-28 05:12:52,700 INFO o.a.j.JMeter: Running test (1740699772700)
2025-02-28 05:12:52,700 INFO o.a.j.e.StandardJMeterEngine: Starting setUp thread groups
2025-02-28 05:12:52,700 INFO o.a.j.e.StandardJMeterEngine: Starting setUp ThreadGroup: 1 : setUp Thread Group 
2025-02-28 05:12:52,700 INFO o.a.j.e.StandardJMeterEngine: Starting 20 threads for group setUp Thread Group.
2025-02-28 05:12:52,700 INFO o.a.j.e.StandardJMeterEngine: Thread will continue on error
2025-02-28 05:12:52,700 INFO o.a.j.t.ThreadGroup: Starting thread group... number=1 threads=20 ramp-up=10 delayedStart=false
2025-02-28 05:12:52,720 INFO o.a.j.t.JMeterThread: Thread started: setUp Thread Group 1-1
2025-02-28 05:12:52,757 INFO o.a.j.t.ThreadGroup: Started thread group number 1
2025-02-28 05:12:52,757 INFO o.a.j.e.StandardJMeterEngine: Waiting for all setup thread groups to exit
2025-02-28 05:12:53,224 INFO o.a.j.t.JMeterThread: Thread started: setUp Thread Group 1-2
2025-02-28 05:12:53,724 INFO o.a.j.t.JMeterThread: Thread started: setUp Thread Group 1-3
2025-02-28 05:12:53,937 INFO o.a.j.p.h.s.HTTPHCAbstractImpl: Local host = THIVA
2025-02-28 05:12:53,950 INFO o.a.j.p.h.s.HTTPHC4Impl: HTTP request retry count = 0
2025-02-28 05:12:54,215 INFO o.a.j.t.JMeterThread: Thread started: setUp Thread Group 1-4
2025-02-28 05:12:54,713 INFO o.a.j.t.JMeterThread: Thread started: setUp Thread Group 1-5
2025-02-28 05:12:55,214 INFO o.a.j.t.JMeterThread: Thread started: setUp Thread Group 1-6
2025-02-28 05:12:55,712 INFO o.a.j.t.JMeterThread: Thread started: setUp Thread Group 1-7
2025-02-28 05:12:56,211 INFO o.a.j.t.JMeterThread: Thread started: setUp Thread Group 1-8
2025-02-28 05:12:56,706 INFO o.a.j.t.JMeterThread: Thread started: setUp Thread Group 1-9
2025-02-28 05:12:57,205 INFO o.a.j.t.JMeterThread: Thread started: setUp Thread Group 1-10
2025-02-28 05:12:57,705 INFO o.a.j.t.JMeterThread: Thread started: setUp Thread Group 1-11
2025-02-28 05:12:58,210 INFO o.a.j.t.JMeterThread: Thread started: setUp Thread Group 1-12
2025-02-28 05:12:58,710 INFO o.a.j.t.JMeterThread: Thread started: setUp Thread Group 1-13
2025-02-28 05:12:59,205 INFO o.a.j.t.JMeterThread: Thread started: setUp Thread Group 1-14
2025-02-28 05:12:59,711 INFO o.a.j.t.JMeterThread: Thread started: setUp Thread Group 1-15
2025-02-28 05:13:00,212 INFO o.a.j.t.JMeterThread: Thread started: setUp Thread Group 1-16
2025-02-28 05:13:00,707 INFO o.a.j.t.JMeterThread: Thread started: setUp Thread Group 1-17
2025-02-28 05:13:01,209 INFO o.a.j.t.JMeterThread: Thread started: setUp Thread Group 1-18
2025-02-28 05:13:01,723 INFO o.a.j.t.JMeterThread: Thread started: setUp Thread Group 1-19
2025-02-28 05:13:02,205 INFO o.a.j.t.JMeterThread: Thread started: setUp Thread Group 1-20
2025-02-28 05:13:52,491 INFO o.a.j.t.JMeterThread: Thread finished: setUp Thread Group 1-9
2025-02-28 05:13:52,546 INFO o.a.j.t.JMeterThread: Thread finished: setUp Thread Group 1-19
2025-02-28 05:13:52,566 INFO o.a.j.t.JMeterThread: Thread finished: setUp Thread Group 1-17
2025-02-28 05:13:52,628 INFO o.a.j.t.JMeterThread: Thread finished: setUp Thread Group 1-1
2025-02-28 05:13:52,691 INFO o.a.j.t.JMeterThread: Thread finished: setUp Thread Group 1-14
2025-02-28 05:13:52,692 INFO o.a.j.t.JMeterThread: Thread finished: setUp Thread Group 1-15
2025-02-28 05:13:52,699 INFO o.a.j.t.JMeterThread: Thread finished: setUp Thread Group 1-18
2025-02-28 05:13:52,808 INFO o.a.j.t.JMeterThread: Stopping because end time detected by thread: setUp Thread Group 1-13
2025-02-28 05:13:52,808 INFO o.a.j.t.JMeterThread: Thread finished: setUp Thread Group 1-13
2025-02-28 05:13:52,816 INFO o.a.j.t.JMeterThread: Stopping because end time detected by thread: setUp Thread Group 1-4
2025-02-28 05:13:52,816 INFO o.a.j.t.JMeterThread: Thread finished: setUp Thread Group 1-4
2025-02-28 05:13:52,837 INFO o.a.j.t.JMeterThread: Stopping because end time detected by thread: setUp Thread Group 1-2
2025-02-28 05:13:52,837 INFO o.a.j.t.JMeterThread: Thread finished: setUp Thread Group 1-2
2025-02-28 05:13:52,867 INFO o.a.j.t.JMeterThread: Stopping because end time detected by thread: setUp Thread Group 1-6
2025-02-28 05:13:52,867 INFO o.a.j.t.JMeterThread: Thread finished: setUp Thread Group 1-6
2025-02-28 05:13:52,867 INFO o.a.j.t.JMeterThread: Stopping because end time detected by thread: setUp Thread Group 1-5
2025-02-28 05:13:52,867 INFO o.a.j.t.JMeterThread: Thread finished: setUp Thread Group 1-5
2025-02-28 05:13:52,909 INFO o.a.j.t.JMeterThread: Stopping because end time detected by thread: setUp Thread Group 1-10
2025-02-28 05:13:52,909 INFO o.a.j.t.JMeterThread: Thread finished: setUp Thread Group 1-10
2025-02-28 05:13:52,925 INFO o.a.j.t.JMeterThread: Stopping because end time detected by thread: setUp Thread Group 1-20
2025-02-28 05:13:52,925 INFO o.a.j.t.JMeterThread: Thread finished: setUp Thread Group 1-20
2025-02-28 05:13:52,934 INFO o.a.j.t.JMeterThread: Stopping because end time detected by thread: setUp Thread Group 1-11
2025-02-28 05:13:52,934 INFO o.a.j.t.JMeterThread: Thread finished: setUp Thread Group 1-11
2025-02-28 05:13:52,954 INFO o.a.j.t.JMeterThread: Stopping because end time detected by thread: setUp Thread Group 1-3
2025-02-28 05:13:52,954 INFO o.a.j.t.JMeterThread: Thread finished: setUp Thread Group 1-3
2025-02-28 05:13:52,968 INFO o.a.j.t.JMeterThread: Stopping because end time detected by thread: setUp Thread Group 1-16
2025-02-28 05:13:52,968 INFO o.a.j.t.JMeterThread: Thread finished: setUp Thread Group 1-16
2025-02-28 05:13:53,089 INFO o.a.j.t.JMeterThread: Stopping because end time detected by thread: setUp Thread Group 1-7
2025-02-28 05:13:53,091 INFO o.a.j.t.JMeterThread: Thread finished: setUp Thread Group 1-7
2025-02-28 05:13:53,101 INFO o.a.j.t.JMeterThread: Stopping because end time detected by thread: setUp Thread Group 1-12
2025-02-28 05:13:53,101 INFO o.a.j.t.JMeterThread: Thread finished: setUp Thread Group 1-12
2025-02-28 05:13:53,338 INFO o.a.j.t.JMeterThread: Stopping because end time detected by thread: setUp Thread Group 1-8
2025-02-28 05:13:53,338 INFO o.a.j.t.JMeterThread: Thread finished: setUp Thread Group 1-8
2025-02-28 05:13:53,341 INFO o.a.j.e.StandardJMeterEngine: All Setup Threads have ended
2025-02-28 05:13:53,377 INFO o.a.j.e.StandardJMeterEngine: Starting ThreadGroup: 1 : Thread-Gruppe
2025-02-28 05:13:53,377 INFO o.a.j.e.StandardJMeterEngine: Starting 75 threads for group Thread-Gruppe.
2025-02-28 05:13:53,377 INFO o.a.j.e.StandardJMeterEngine: Thread will continue on error
2025-02-28 05:13:53,377 INFO o.a.j.t.ThreadGroup: Starting thread group... number=1 threads=75 ramp-up=10 delayedStart=false
2025-02-28 05:13:53,380 INFO o.a.j.t.JMeterThread: Thread started: Thread-Gruppe 1-1
2025-02-28 05:13:53,469 INFO o.a.j.t.ThreadGroup: Started thread group number 1
2025-02-28 05:13:53,469 INFO o.a.j.e.StandardJMeterEngine: Starting ThreadGroup: 2 : Thread-Gruppe
2025-02-28 05:13:53,469 INFO o.a.j.e.StandardJMeterEngine: Starting 20 threads for group Thread-Gruppe.
2025-02-28 05:13:53,469 INFO o.a.j.e.StandardJMeterEngine: Thread will continue on error
2025-02-28 05:13:53,469 INFO o.a.j.t.ThreadGroup: Starting thread group... number=2 threads=20 ramp-up=10 delayedStart=false
2025-02-28 05:13:53,471 INFO o.a.j.t.JMeterThread: Thread started: Thread-Gruppe 2-1
2025-02-28 05:13:53,491 INFO o.a.j.t.ThreadGroup: Started thread group number 2
2025-02-28 05:13:53,491 INFO o.a.j.e.StandardJMeterEngine: Starting ThreadGroup: 3 : Thread-Gruppe
2025-02-28 05:13:53,491 INFO o.a.j.e.StandardJMeterEngine: Starting 5 threads for group Thread-Gruppe.
2025-02-28 05:13:53,491 INFO o.a.j.e.StandardJMeterEngine: Thread will continue on error
2025-02-28 05:13:53,491 INFO o.a.j.t.ThreadGroup: Starting thread group... number=3 threads=5 ramp-up=10 delayedStart=false
2025-02-28 05:13:53,493 INFO o.a.j.t.JMeterThread: Thread started: Thread-Gruppe 3-1
2025-02-28 05:13:53,497 INFO o.a.j.t.ThreadGroup: Started thread group number 3
2025-02-28 05:13:53,497 INFO o.a.j.e.StandardJMeterEngine: All thread groups have been started
2025-02-28 05:13:53,526 INFO o.a.j.t.JMeterThread: Thread started: Thread-Gruppe 1-2
2025-02-28 05:13:53,648 INFO o.a.j.t.JMeterThread: Thread started: Thread-Gruppe 1-3
2025-02-28 05:13:53,780 INFO o.a.j.t.JMeterThread: Thread started: Thread-Gruppe 1-4
2025-02-28 05:13:53,915 INFO o.a.j.t.JMeterThread: Thread started: Thread-Gruppe 1-5
2025-02-28 05:13:53,974 INFO o.a.j.t.JMeterThread: Thread started: Thread-Gruppe 2-2
2025-02-28 05:13:54,047 INFO o.a.j.t.JMeterThread: Thread started: Thread-Gruppe 1-6
2025-02-28 05:13:54,178 INFO o.a.j.t.JMeterThread: Thread started: Thread-Gruppe 1-7
2025-02-28 05:13:54,312 INFO o.a.j.t.JMeterThread: Thread started: Thread-Gruppe 1-8
2025-02-28 05:13:54,443 INFO o.a.j.t.JMeterThread: Thread started: Thread-Gruppe 1-9
2025-02-28 05:13:54,473 INFO o.a.j.t.JMeterThread: Thread started: Thread-Gruppe 2-3
2025-02-28 05:13:54,581 INFO o.a.j.t.JMeterThread: Thread started: Thread-Gruppe 1-10
2025-02-28 05:13:54,710 INFO o.a.j.t.JMeterThread: Thread started: Thread-Gruppe 1-11
2025-02-28 05:13:54,844 INFO o.a.j.t.JMeterThread: Thread started: Thread-Gruppe 1-12
2025-02-28 05:13:54,973 INFO o.a.j.t.JMeterThread: Thread started: Thread-Gruppe 2-4
2025-02-28 05:13:54,977 INFO o.a.j.t.JMeterThread: Thread started: Thread-Gruppe 1-13
2025-02-28 05:13:55,110 INFO o.a.j.t.JMeterThread: Thread started: Thread-Gruppe 1-14
2025-02-28 05:13:55,242 INFO o.a.j.t.JMeterThread: Thread started: Thread-Gruppe 1-15
2025-02-28 05:13:55,376 INFO o.a.j.t.JMeterThread: Thread started: Thread-Gruppe 1-16
2025-02-28 05:13:55,471 INFO o.a.j.t.JMeterThread: Thread started: Thread-Gruppe 2-5
2025-02-28 05:13:55,494 INFO o.a.j.t.JMeterThread: Thread started: Thread-Gruppe 3-2
2025-02-28 05:13:55,508 INFO o.a.j.t.JMeterThread: Thread started: Thread-Gruppe 1-17
2025-02-28 05:13:55,641 INFO o.a.j.t.JMeterThread: Thread started: Thread-Gruppe 1-18
2025-02-28 05:13:55,774 INFO o.a.j.t.JMeterThread: Thread started: Thread-Gruppe 1-19
2025-02-28 05:13:55,906 INFO o.a.j.t.JMeterThread: Thread started: Thread-Gruppe 1-20
2025-02-28 05:13:55,973 INFO o.a.j.t.JMeterThread: Thread started: Thread-Gruppe 2-6
2025-02-28 05:13:56,040 INFO o.a.j.t.JMeterThread: Thread started: Thread-Gruppe 1-21
2025-02-28 05:13:56,173 INFO o.a.j.t.JMeterThread: Thread started: Thread-Gruppe 1-22
2025-02-28 05:13:56,306 INFO o.a.j.t.JMeterThread: Thread started: Thread-Gruppe 1-23
2025-02-28 05:13:56,438 INFO o.a.j.t.JMeterThread: Thread started: Thread-Gruppe 1-24
2025-02-28 05:13:56,473 INFO o.a.j.t.JMeterThread: Thread started: Thread-Gruppe 2-7
2025-02-28 05:13:56,572 INFO o.a.j.t.JMeterThread: Thread started: Thread-Gruppe 1-25
2025-02-28 05:13:56,706 INFO o.a.j.t.JMeterThread: Thread started: Thread-Gruppe 1-26
2025-02-28 05:13:56,838 INFO o.a.j.t.JMeterThread: Thread started: Thread-Gruppe 1-27
2025-02-28 05:13:56,971 INFO o.a.j.t.JMeterThread: Thread started: Thread-Gruppe 1-28
2025-02-28 05:13:56,972 INFO o.a.j.t.JMeterThread: Thread started: Thread-Gruppe 2-8
2025-02-28 05:13:57,104 INFO o.a.j.t.JMeterThread: Thread started: Thread-Gruppe 1-29
2025-02-28 05:13:57,237 INFO o.a.j.t.JMeterThread: Thread started: Thread-Gruppe 1-30
2025-02-28 05:13:57,369 INFO o.a.j.t.JMeterThread: Thread started: Thread-Gruppe 1-31
2025-02-28 05:13:57,472 INFO o.a.j.t.JMeterThread: Thread started: Thread-Gruppe 2-9
2025-02-28 05:13:57,495 INFO o.a.j.t.JMeterThread: Thread started: Thread-Gruppe 3-3
2025-02-28 05:13:57,502 INFO o.a.j.t.JMeterThread: Thread started: Thread-Gruppe 1-32
2025-02-28 05:13:57,636 INFO o.a.j.t.JMeterThread: Thread started: Thread-Gruppe 1-33
2025-02-28 05:13:57,768 INFO o.a.j.t.JMeterThread: Thread started: Thread-Gruppe 1-34
2025-02-28 05:13:57,902 INFO o.a.j.t.JMeterThread: Thread started: Thread-Gruppe 1-35
2025-02-28 05:13:57,971 INFO o.a.j.t.JMeterThread: Thread started: Thread-Gruppe 2-10
2025-02-28 05:13:58,035 INFO o.a.j.t.JMeterThread: Thread started: Thread-Gruppe 1-36
2025-02-28 05:13:58,169 INFO o.a.j.t.JMeterThread: Thread started: Thread-Gruppe 1-37
2025-02-28 05:13:58,301 INFO o.a.j.t.JMeterThread: Thread started: Thread-Gruppe 1-38
2025-02-28 05:13:58,435 INFO o.a.j.t.JMeterThread: Thread started: Thread-Gruppe 1-39
2025-02-28 05:13:58,473 INFO o.a.j.t.JMeterThread: Thread started: Thread-Gruppe 2-11
2025-02-28 05:13:58,568 INFO o.a.j.t.JMeterThread: Thread started: Thread-Gruppe 1-40
2025-02-28 05:13:58,700 INFO o.a.j.t.JMeterThread: Thread started: Thread-Gruppe 1-41
2025-02-28 05:13:58,833 INFO o.a.j.t.JMeterThread: Thread started: Thread-Gruppe 1-42
2025-02-28 05:13:58,966 INFO o.a.j.t.JMeterThread: Thread started: Thread-Gruppe 1-43
2025-02-28 05:13:58,971 INFO o.a.j.t.JMeterThread: Thread started: Thread-Gruppe 2-12
2025-02-28 05:13:59,099 INFO o.a.j.t.JMeterThread: Thread started: Thread-Gruppe 1-44
2025-02-28 05:13:59,233 INFO o.a.j.t.JMeterThread: Thread started: Thread-Gruppe 1-45
2025-02-28 05:13:59,365 INFO o.a.j.t.JMeterThread: Thread started: Thread-Gruppe 1-46
2025-02-28 05:13:59,472 INFO o.a.j.t.JMeterThread: Thread started: Thread-Gruppe 2-13
2025-02-28 05:13:59,496 INFO o.a.j.t.JMeterThread: Thread started: Thread-Gruppe 3-4
2025-02-28 05:13:59,497 INFO o.a.j.t.JMeterThread: Thread started: Thread-Gruppe 1-47
2025-02-28 05:13:59,633 INFO o.a.j.t.JMeterThread: Thread started: Thread-Gruppe 1-48
2025-02-28 05:13:59,764 INFO o.a.j.t.JMeterThread: Thread started: Thread-Gruppe 1-49
2025-02-28 05:13:59,896 INFO o.a.j.t.JMeterThread: Thread started: Thread-Gruppe 1-50
2025-02-28 05:13:59,973 INFO o.a.j.t.JMeterThread: Thread started: Thread-Gruppe 2-14
2025-02-28 05:14:00,001 INFO o.a.j.r.Summariser: summary +    192 in 00:01:07 =    2.9/s Avg:   411 Min:   243 Max:   797 Err:     0 (0.00%) Active: 68 Started: 68 Finished: 0
2025-02-28 05:14:00,030 INFO o.a.j.t.JMeterThread: Thread started: Thread-Gruppe 1-51
2025-02-28 05:14:00,163 INFO o.a.j.t.JMeterThread: Thread started: Thread-Gruppe 1-52
2025-02-28 05:14:00,296 INFO o.a.j.t.JMeterThread: Thread started: Thread-Gruppe 1-53
2025-02-28 05:14:00,429 INFO o.a.j.t.JMeterThread: Thread started: Thread-Gruppe 1-54
2025-02-28 05:14:00,472 INFO o.a.j.t.JMeterThread: Thread started: Thread-Gruppe 2-15
2025-02-28 05:14:00,561 INFO o.a.j.t.JMeterThread: Thread started: Thread-Gruppe 1-55
2025-02-28 05:14:00,695 INFO o.a.j.t.JMeterThread: Thread started: Thread-Gruppe 1-56
2025-02-28 05:14:00,829 INFO o.a.j.t.JMeterThread: Thread started: Thread-Gruppe 1-57
2025-02-28 05:14:00,961 INFO o.a.j.t.JMeterThread: Thread started: Thread-Gruppe 1-58
2025-02-28 05:14:00,973 INFO o.a.j.t.JMeterThread: Thread started: Thread-Gruppe 2-16
2025-02-28 05:14:01,096 INFO o.a.j.t.JMeterThread: Thread started: Thread-Gruppe 1-59
2025-02-28 05:14:01,227 INFO o.a.j.t.JMeterThread: Thread started: Thread-Gruppe 1-60
2025-02-28 05:14:01,360 INFO o.a.j.t.JMeterThread: Thread started: Thread-Gruppe 1-61
2025-02-28 05:14:01,471 INFO o.a.j.t.JMeterThread: Thread started: Thread-Gruppe 2-17
2025-02-28 05:14:01,493 INFO o.a.j.t.JMeterThread: Thread started: Thread-Gruppe 3-5
2025-02-28 05:14:01,493 INFO o.a.j.t.JMeterThread: Thread started: Thread-Gruppe 1-62
2025-02-28 05:14:01,628 INFO o.a.j.t.JMeterThread: Thread started: Thread-Gruppe 1-63
2025-02-28 05:14:01,760 INFO o.a.j.t.JMeterThread: Thread started: Thread-Gruppe 1-64
2025-02-28 05:14:01,891 INFO o.a.j.t.JMeterThread: Thread started: Thread-Gruppe 1-65
2025-02-28 05:14:01,972 INFO o.a.j.t.JMeterThread: Thread started: Thread-Gruppe 2-18
2025-02-28 05:14:02,027 INFO o.a.j.t.JMeterThread: Thread started: Thread-Gruppe 1-66
2025-02-28 05:14:02,157 INFO o.a.j.t.JMeterThread: Thread started: Thread-Gruppe 1-67
2025-02-28 05:14:02,291 INFO o.a.j.t.JMeterThread: Thread started: Thread-Gruppe 1-68
2025-02-28 05:14:02,424 INFO o.a.j.t.JMeterThread: Thread started: Thread-Gruppe 1-69
2025-02-28 05:14:02,472 INFO o.a.j.t.JMeterThread: Thread started: Thread-Gruppe 2-19
2025-02-28 05:14:02,558 INFO o.a.j.t.JMeterThread: Thread started: Thread-Gruppe 1-70
2025-02-28 05:14:02,690 INFO o.a.j.t.JMeterThread: Thread started: Thread-Gruppe 1-71
2025-02-28 05:14:02,824 INFO o.a.j.t.JMeterThread: Thread started: Thread-Gruppe 1-72
2025-02-28 05:14:02,957 INFO o.a.j.t.JMeterThread: Thread started: Thread-Gruppe 1-73
2025-02-28 05:14:02,972 INFO o.a.j.t.JMeterThread: Thread started: Thread-Gruppe 2-20
2025-02-28 05:14:03,090 INFO o.a.j.t.JMeterThread: Thread started: Thread-Gruppe 1-74
2025-02-28 05:14:03,224 INFO o.a.j.t.JMeterThread: Thread started: Thread-Gruppe 1-75
2025-02-28 05:14:30,003 INFO o.a.j.r.Summariser: summary +   2260 in 00:00:30 =   75.3/s Avg:   338 Min:   241 Max:  1071 Err:     0 (0.00%) Active: 100 Started: 100 Finished: 0
2025-02-28 05:14:30,004 INFO o.a.j.r.Summariser: summary =   2452 in 00:01:37 =   25.2/s Avg:   344 Min:   241 Max:  1071 Err:     0 (0.00%)
2025-02-28 05:15:00,004 INFO o.a.j.r.Summariser: summary +   2281 in 00:00:30 =   76.0/s Avg:   343 Min:   241 Max:  1079 Err:     0 (0.00%) Active: 100 Started: 100 Finished: 0
2025-02-28 05:15:00,004 INFO o.a.j.r.Summariser: summary =   4733 in 00:02:07 =   37.2/s Avg:   343 Min:   241 Max:  1079 Err:     0 (0.00%)
2025-02-28 05:15:30,002 INFO o.a.j.r.Summariser: summary +   2287 in 00:00:30 =   76.2/s Avg:   328 Min:   241 Max:  1077 Err:     0 (0.00%) Active: 100 Started: 100 Finished: 0
2025-02-28 05:15:30,002 INFO o.a.j.r.Summariser: summary =   7020 in 00:02:37 =   44.6/s Avg:   338 Min:   241 Max:  1079 Err:     0 (0.00%)
2025-02-28 05:16:00,010 INFO o.a.j.r.Summariser: summary +   2280 in 00:00:30 =   76.0/s Avg:   337 Min:   241 Max:  1090 Err:     0 (0.00%) Active: 100 Started: 100 Finished: 0
2025-02-28 05:16:00,011 INFO o.a.j.r.Summariser: summary =   9300 in 00:03:07 =   49.7/s Avg:   338 Min:   241 Max:  1090 Err:     0 (0.00%)
2025-02-28 05:16:30,000 INFO o.a.j.r.Summariser: summary +   2293 in 00:00:30 =   76.5/s Avg:   348 Min:   241 Max:  1082 Err:     0 (0.00%) Active: 100 Started: 100 Finished: 0
2025-02-28 05:16:30,002 INFO o.a.j.r.Summariser: summary =  11593 in 00:03:37 =   53.4/s Avg:   340 Min:   241 Max:  1090 Err:     0 (0.00%)
2025-02-28 05:17:00,013 INFO o.a.j.r.Summariser: summary +   2284 in 00:00:30 =   76.1/s Avg:   331 Min:   241 Max:  1019 Err:     0 (0.00%) Active: 100 Started: 100 Finished: 0
2025-02-28 05:17:00,014 INFO o.a.j.r.Summariser: summary =  13877 in 00:04:07 =   56.1/s Avg:   339 Min:   241 Max:  1090 Err:     0 (0.00%)
2025-02-28 05:17:30,015 INFO o.a.j.r.Summariser: summary +   2288 in 00:00:30 =   76.3/s Avg:   354 Min:   241 Max:  1099 Err:     0 (0.00%) Active: 100 Started: 100 Finished: 0
2025-02-28 05:17:30,016 INFO o.a.j.r.Summariser: summary =  16165 in 00:04:37 =   58.3/s Avg:   341 Min:   241 Max:  1099 Err:     0 (0.00%)
2025-02-28 05:18:00,016 INFO o.a.j.r.Summariser: summary +   2282 in 00:00:30 =   76.1/s Avg:   325 Min:   241 Max:  1090 Err:     0 (0.00%) Active: 100 Started: 100 Finished: 0
2025-02-28 05:18:00,017 INFO o.a.j.r.Summariser: summary =  18447 in 00:05:07 =   60.0/s Avg:   339 Min:   241 Max:  1099 Err:     0 (0.00%)
2025-02-28 05:18:30,021 INFO o.a.j.r.Summariser: summary +   2288 in 00:00:30 =   76.3/s Avg:   354 Min:   241 Max:  1074 Err:     0 (0.00%) Active: 100 Started: 100 Finished: 0
2025-02-28 05:18:30,022 INFO o.a.j.r.Summariser: summary =  20735 in 00:05:37 =   61.5/s Avg:   340 Min:   241 Max:  1099 Err:     0 (0.00%)
2025-02-28 05:19:00,002 INFO o.a.j.r.Summariser: summary +   2283 in 00:00:30 =   76.1/s Avg:   330 Min:   240 Max:  1054 Err:     0 (0.00%) Active: 100 Started: 100 Finished: 0
2025-02-28 05:19:00,003 INFO o.a.j.r.Summariser: summary =  23018 in 00:06:07 =   62.7/s Avg:   339 Min:   240 Max:  1099 Err:     0 (0.00%)
2025-02-28 05:19:30,011 INFO o.a.j.r.Summariser: summary +   2287 in 00:00:30 =   76.2/s Avg:   344 Min:   241 Max:  1093 Err:     0 (0.00%) Active: 100 Started: 100 Finished: 0
2025-02-28 05:19:30,012 INFO o.a.j.r.Summariser: summary =  25305 in 00:06:37 =   63.7/s Avg:   340 Min:   240 Max:  1099 Err:     0 (0.00%)
2025-02-28 05:20:00,016 INFO o.a.j.r.Summariser: summary +   2283 in 00:00:30 =   76.1/s Avg:   334 Min:   241 Max:  1084 Err:     0 (0.00%) Active: 100 Started: 100 Finished: 0
2025-02-28 05:20:00,016 INFO o.a.j.r.Summariser: summary =  27588 in 00:07:07 =   64.6/s Avg:   339 Min:   240 Max:  1099 Err:     0 (0.00%)
2025-02-28 05:20:30,021 INFO o.a.j.r.Summariser: summary +   2291 in 00:00:30 =   76.4/s Avg:   356 Min:   242 Max:  1106 Err:     0 (0.00%) Active: 100 Started: 100 Finished: 0
2025-02-28 05:20:30,021 INFO o.a.j.r.Summariser: summary =  29879 in 00:07:37 =   65.3/s Avg:   341 Min:   240 Max:  1106 Err:     0 (0.00%)
2025-02-28 05:21:00,015 INFO o.a.j.r.Summariser: summary +   2277 in 00:00:30 =   75.9/s Avg:   331 Min:   241 Max:  1069 Err:     0 (0.00%) Active: 100 Started: 100 Finished: 0
2025-02-28 05:21:00,016 INFO o.a.j.r.Summariser: summary =  32156 in 00:08:07 =   66.0/s Avg:   340 Min:   240 Max:  1106 Err:     0 (0.00%)
2025-02-28 05:21:30,012 INFO o.a.j.r.Summariser: summary +   2296 in 00:00:30 =   76.5/s Avg:   355 Min:   241 Max:  1087 Err:     0 (0.00%) Active: 100 Started: 100 Finished: 0
2025-02-28 05:21:30,013 INFO o.a.j.r.Summariser: summary =  34452 in 00:08:37 =   66.6/s Avg:   341 Min:   240 Max:  1106 Err:     0 (0.00%)
2025-02-28 05:22:00,018 INFO o.a.j.r.Summariser: summary +   2279 in 00:00:30 =   76.0/s Avg:   318 Min:   240 Max:  1076 Err:     0 (0.00%) Active: 100 Started: 100 Finished: 0
2025-02-28 05:22:00,019 INFO o.a.j.r.Summariser: summary =  36731 in 00:09:07 =   67.1/s Avg:   340 Min:   240 Max:  1106 Err:     0 (0.00%)
2025-02-28 05:22:30,012 INFO o.a.j.r.Summariser: summary +   2282 in 00:00:30 =   76.1/s Avg:   350 Min:   240 Max:  1101 Err:     0 (0.00%) Active: 100 Started: 100 Finished: 0
2025-02-28 05:22:30,012 INFO o.a.j.r.Summariser: summary =  39013 in 00:09:37 =   67.6/s Avg:   340 Min:   240 Max:  1106 Err:     0 (0.00%)
2025-02-28 05:23:00,012 INFO o.a.j.r.Summariser: summary +   2286 in 00:00:30 =   76.2/s Avg:   335 Min:   241 Max:  1044 Err:     0 (0.00%) Active: 100 Started: 100 Finished: 0
2025-02-28 05:23:00,013 INFO o.a.j.r.Summariser: summary =  41299 in 00:10:07 =   68.0/s Avg:   340 Min:   240 Max:  1106 Err:     0 (0.00%)
2025-02-28 05:23:30,005 INFO o.a.j.r.Summariser: summary +   2285 in 00:00:30 =   76.2/s Avg:   347 Min:   241 Max:  1068 Err:     0 (0.00%) Active: 100 Started: 100 Finished: 0
2025-02-28 05:23:30,006 INFO o.a.j.r.Summariser: summary =  43584 in 00:10:37 =   68.4/s Avg:   340 Min:   240 Max:  1106 Err:     0 (0.00%)
2025-02-28 05:23:51,686 INFO o.a.j.t.JMeterThread: Thread finished: Thread-Gruppe 1-1
2025-02-28 05:23:51,745 INFO o.a.j.t.JMeterThread: Thread finished: Thread-Gruppe 1-62
2025-02-28 05:23:51,759 INFO o.a.j.t.JMeterThread: Thread finished: Thread-Gruppe 1-47
2025-02-28 05:23:51,768 INFO o.a.j.t.JMeterThread: Thread finished: Thread-Gruppe 1-17
2025-02-28 05:23:51,781 INFO o.a.j.t.JMeterThread: Thread finished: Thread-Gruppe 1-2
2025-02-28 05:23:51,880 INFO o.a.j.t.JMeterThread: Thread finished: Thread-Gruppe 1-63
2025-02-28 05:23:51,887 INFO o.a.j.t.JMeterThread: Thread finished: Thread-Gruppe 1-48
2025-02-28 05:23:51,896 INFO o.a.j.t.JMeterThread: Thread finished: Thread-Gruppe 1-18
2025-02-28 05:23:51,905 INFO o.a.j.t.JMeterThread: Thread finished: Thread-Gruppe 1-3
2025-02-28 05:23:52,021 INFO o.a.j.t.JMeterThread: Thread finished: Thread-Gruppe 1-64
2025-02-28 05:23:52,021 INFO o.a.j.t.JMeterThread: Thread finished: Thread-Gruppe 1-49
2025-02-28 05:23:52,040 INFO o.a.j.t.JMeterThread: Thread finished: Thread-Gruppe 1-4
2025-02-28 05:23:52,040 INFO o.a.j.t.JMeterThread: Thread finished: Thread-Gruppe 1-19
2025-02-28 05:23:52,144 INFO o.a.j.t.JMeterThread: Thread finished: Thread-Gruppe 1-50
2025-02-28 05:23:52,148 INFO o.a.j.t.JMeterThread: Thread finished: Thread-Gruppe 1-65
2025-02-28 05:23:52,153 INFO o.a.j.t.JMeterThread: Thread finished: Thread-Gruppe 1-20
2025-02-28 05:23:52,160 INFO o.a.j.t.JMeterThread: Thread finished: Thread-Gruppe 1-5
2025-02-28 05:23:52,278 INFO o.a.j.t.JMeterThread: Thread finished: Thread-Gruppe 1-66
2025-02-28 05:23:52,293 INFO o.a.j.t.JMeterThread: Thread finished: Thread-Gruppe 1-51
2025-02-28 05:23:52,296 INFO o.a.j.t.JMeterThread: Thread finished: Thread-Gruppe 1-6
2025-02-28 05:23:52,299 INFO o.a.j.t.JMeterThread: Thread finished: Thread-Gruppe 1-21
2025-02-28 05:23:52,390 INFO o.a.j.t.JMeterThread: Thread finished: Thread-Gruppe 1-33
2025-02-28 05:23:52,409 INFO o.a.j.t.JMeterThread: Thread finished: Thread-Gruppe 1-67
2025-02-28 05:23:52,409 INFO o.a.j.t.JMeterThread: Thread finished: Thread-Gruppe 1-52
2025-02-28 05:23:52,429 INFO o.a.j.t.JMeterThread: Thread finished: Thread-Gruppe 1-22
2025-02-28 05:23:52,456 INFO o.a.j.t.JMeterThread: Thread finished: Thread-Gruppe 1-7
2025-02-28 05:23:52,519 INFO o.a.j.t.JMeterThread: Thread finished: Thread-Gruppe 1-32
2025-02-28 05:23:52,554 INFO o.a.j.t.JMeterThread: Thread finished: Thread-Gruppe 1-68
2025-02-28 05:23:52,555 INFO o.a.j.t.JMeterThread: Thread finished: Thread-Gruppe 1-53
2025-02-28 05:23:52,571 INFO o.a.j.t.JMeterThread: Thread finished: Thread-Gruppe 1-23
2025-02-28 05:23:52,571 INFO o.a.j.t.JMeterThread: Thread finished: Thread-Gruppe 1-34
2025-02-28 05:23:52,577 INFO o.a.j.t.JMeterThread: Thread finished: Thread-Gruppe 1-8
2025-02-28 05:23:52,685 INFO o.a.j.t.JMeterThread: Thread finished: Thread-Gruppe 1-69
2025-02-28 05:23:52,685 INFO o.a.j.t.JMeterThread: Thread finished: Thread-Gruppe 1-54
2025-02-28 05:23:52,705 INFO o.a.j.t.JMeterThread: Thread finished: Thread-Gruppe 1-9
2025-02-28 05:23:52,705 INFO o.a.j.t.JMeterThread: Thread finished: Thread-Gruppe 1-24
2025-02-28 05:23:52,746 INFO o.a.j.t.JMeterThread: Thread finished: Thread-Gruppe 1-35
2025-02-28 05:23:52,811 INFO o.a.j.t.JMeterThread: Thread finished: Thread-Gruppe 1-70
2025-02-28 05:23:52,814 INFO o.a.j.t.JMeterThread: Thread finished: Thread-Gruppe 1-36
2025-02-28 05:23:52,817 INFO o.a.j.t.JMeterThread: Thread finished: Thread-Gruppe 1-55
2025-02-28 05:23:52,822 INFO o.a.j.t.JMeterThread: Thread finished: Thread-Gruppe 1-25
2025-02-28 05:23:52,844 INFO o.a.j.t.JMeterThread: Thread finished: Thread-Gruppe 1-10
2025-02-28 05:23:52,922 INFO o.a.j.t.JMeterThread: Thread finished: Thread-Gruppe 1-37
2025-02-28 05:23:52,949 INFO o.a.j.t.JMeterThread: Thread finished: Thread-Gruppe 1-56
2025-02-28 05:23:52,961 INFO o.a.j.t.JMeterThread: Thread finished: Thread-Gruppe 1-26
2025-02-28 05:23:52,961 INFO o.a.j.t.JMeterThread: Thread finished: Thread-Gruppe 1-71
2025-02-28 05:23:52,993 INFO o.a.j.t.JMeterThread: Thread finished: Thread-Gruppe 1-11
2025-02-28 05:23:53,078 INFO o.a.j.t.JMeterThread: Thread finished: Thread-Gruppe 1-38
2025-02-28 05:23:53,082 INFO o.a.j.t.JMeterThread: Thread finished: Thread-Gruppe 1-27
2025-02-28 05:23:53,086 INFO o.a.j.t.JMeterThread: Thread finished: Thread-Gruppe 1-57
2025-02-28 05:23:53,086 INFO o.a.j.t.JMeterThread: Thread finished: Thread-Gruppe 2-10
2025-02-28 05:23:53,093 INFO o.a.j.t.JMeterThread: Thread finished: Thread-Gruppe 1-12
2025-02-28 05:23:53,097 INFO o.a.j.t.JMeterThread: Thread finished: Thread-Gruppe 1-72
2025-02-28 05:23:53,100 INFO o.a.j.t.JMeterThread: Thread finished: Thread-Gruppe 2-2
2025-02-28 05:23:53,132 INFO o.a.j.t.JMeterThread: Thread finished: Thread-Gruppe 2-5
2025-02-28 05:23:53,158 INFO o.a.j.t.JMeterThread: Thread finished: Thread-Gruppe 2-4
2025-02-28 05:23:53,174 INFO o.a.j.t.JMeterThread: Thread finished: Thread-Gruppe 2-6
2025-02-28 05:23:53,175 INFO o.a.j.t.JMeterThread: Thread finished: Thread-Gruppe 2-8
2025-02-28 05:23:53,178 INFO o.a.j.t.JMeterThread: Thread finished: Thread-Gruppe 2-9
2025-02-28 05:23:53,188 INFO o.a.j.t.JMeterThread: Thread finished: Thread-Gruppe 2-3
2025-02-28 05:23:53,191 INFO o.a.j.t.JMeterThread: Thread finished: Thread-Gruppe 1-39
2025-02-28 05:23:53,206 INFO o.a.j.t.JMeterThread: Thread finished: Thread-Gruppe 1-73
2025-02-28 05:23:53,214 INFO o.a.j.t.JMeterThread: Thread finished: Thread-Gruppe 1-58
2025-02-28 05:23:53,233 INFO o.a.j.t.JMeterThread: Thread finished: Thread-Gruppe 1-28
2025-02-28 05:23:53,233 INFO o.a.j.t.JMeterThread: Thread finished: Thread-Gruppe 1-13
2025-02-28 05:23:53,269 INFO o.a.j.t.JMeterThread: Thread finished: Thread-Gruppe 2-13
2025-02-28 05:23:53,310 INFO o.a.j.t.JMeterThread: Thread finished: Thread-Gruppe 2-11
2025-02-28 05:23:53,336 INFO o.a.j.t.JMeterThread: Thread finished: Thread-Gruppe 1-40
2025-02-28 05:23:53,346 INFO o.a.j.t.JMeterThread: Thread finished: Thread-Gruppe 1-74
2025-02-28 05:23:53,354 INFO o.a.j.t.JMeterThread: Thread finished: Thread-Gruppe 1-59
2025-02-28 05:23:53,360 INFO o.a.j.t.JMeterThread: Thread finished: Thread-Gruppe 2-1
2025-02-28 05:23:53,360 INFO o.a.j.t.JMeterThread: Thread finished: Thread-Gruppe 1-29
2025-02-28 05:23:53,371 INFO o.a.j.t.JMeterThread: Thread finished: Thread-Gruppe 1-14
2025-02-28 05:23:53,371 INFO o.a.j.t.JMeterThread: Thread finished: Thread-Gruppe 3-3
2025-02-28 05:23:53,372 INFO o.a.j.t.JMeterThread: Thread finished: Thread-Gruppe 2-16
2025-02-28 05:23:53,376 INFO o.a.j.t.JMeterThread: Thread finished: Thread-Gruppe 2-14
2025-02-28 05:23:53,432 INFO o.a.j.t.JMeterThread: Thread finished: Thread-Gruppe 3-5
2025-02-28 05:23:53,433 INFO o.a.j.t.JMeterThread: Thread finished: Thread-Gruppe 2-19
2025-02-28 05:23:53,453 INFO o.a.j.t.JMeterThread: Stopping because end time detected by thread: Thread-Gruppe 1-41
2025-02-28 05:23:53,453 INFO o.a.j.t.JMeterThread: Thread finished: Thread-Gruppe 1-41
2025-02-28 05:23:53,455 INFO o.a.j.t.JMeterThread: Thread finished: Thread-Gruppe 2-20
2025-02-28 05:23:53,480 INFO o.a.j.t.JMeterThread: Stopping because end time detected by thread: Thread-Gruppe 1-60
2025-02-28 05:23:53,480 INFO o.a.j.t.JMeterThread: Stopping because end time detected by thread: Thread-Gruppe 1-75
2025-02-28 05:23:53,480 INFO o.a.j.t.JMeterThread: Thread finished: Thread-Gruppe 1-75
2025-02-28 05:23:53,480 INFO o.a.j.t.JMeterThread: Thread finished: Thread-Gruppe 1-60
2025-02-28 05:23:53,489 INFO o.a.j.t.JMeterThread: Stopping because end time detected by thread: Thread-Gruppe 1-15
2025-02-28 05:23:53,489 INFO o.a.j.t.JMeterThread: Thread finished: Thread-Gruppe 1-15
2025-02-28 05:23:53,499 INFO o.a.j.t.JMeterThread: Stopping because end time detected by thread: Thread-Gruppe 1-30
2025-02-28 05:23:53,500 INFO o.a.j.t.JMeterThread: Thread finished: Thread-Gruppe 1-30
2025-02-28 05:23:53,505 INFO o.a.j.t.JMeterThread: Stopping because end time detected by thread: Thread-Gruppe 3-4
2025-02-28 05:23:53,505 INFO o.a.j.t.JMeterThread: Thread finished: Thread-Gruppe 3-4
2025-02-28 05:23:53,523 INFO o.a.j.t.JMeterThread: Stopping because end time detected by thread: Thread-Gruppe 2-15
2025-02-28 05:23:53,523 INFO o.a.j.t.JMeterThread: Thread finished: Thread-Gruppe 2-15
2025-02-28 05:23:53,585 INFO o.a.j.t.JMeterThread: Stopping because end time detected by thread: Thread-Gruppe 2-18
2025-02-28 05:23:53,585 INFO o.a.j.t.JMeterThread: Thread finished: Thread-Gruppe 2-18
2025-02-28 05:23:53,593 INFO o.a.j.t.JMeterThread: Stopping because end time detected by thread: Thread-Gruppe 1-42
2025-02-28 05:23:53,593 INFO o.a.j.t.JMeterThread: Thread finished: Thread-Gruppe 1-42
2025-02-28 05:23:53,597 INFO o.a.j.t.JMeterThread: Stopping because end time detected by thread: Thread-Gruppe 3-1
2025-02-28 05:23:53,597 INFO o.a.j.t.JMeterThread: Thread finished: Thread-Gruppe 3-1
2025-02-28 05:23:53,613 INFO o.a.j.t.JMeterThread: Stopping because end time detected by thread: Thread-Gruppe 1-61
2025-02-28 05:23:53,613 INFO o.a.j.t.JMeterThread: Stopping because end time detected by thread: Thread-Gruppe 2-7
2025-02-28 05:23:53,613 INFO o.a.j.t.JMeterThread: Thread finished: Thread-Gruppe 2-7
2025-02-28 05:23:53,613 INFO o.a.j.t.JMeterThread: Thread finished: Thread-Gruppe 1-61
2025-02-28 05:23:53,625 INFO o.a.j.t.JMeterThread: Stopping because end time detected by thread: Thread-Gruppe 1-31
2025-02-28 05:23:53,625 INFO o.a.j.t.JMeterThread: Thread finished: Thread-Gruppe 1-31
2025-02-28 05:23:53,632 INFO o.a.j.t.JMeterThread: Stopping because end time detected by thread: Thread-Gruppe 2-17
2025-02-28 05:23:53,632 INFO o.a.j.t.JMeterThread: Thread finished: Thread-Gruppe 2-17
2025-02-28 05:23:53,640 INFO o.a.j.t.JMeterThread: Stopping because end time detected by thread: Thread-Gruppe 1-16
2025-02-28 05:23:53,640 INFO o.a.j.t.JMeterThread: Thread finished: Thread-Gruppe 1-16
2025-02-28 05:23:53,738 INFO o.a.j.t.JMeterThread: Stopping because end time detected by thread: Thread-Gruppe 1-43
2025-02-28 05:23:53,738 INFO o.a.j.t.JMeterThread: Thread finished: Thread-Gruppe 1-43
2025-02-28 05:23:53,861 INFO o.a.j.t.JMeterThread: Stopping because end time detected by thread: Thread-Gruppe 1-44
2025-02-28 05:23:53,861 INFO o.a.j.t.JMeterThread: Thread finished: Thread-Gruppe 1-44
2025-02-28 05:23:53,986 INFO o.a.j.t.JMeterThread: Stopping because end time detected by thread: Thread-Gruppe 1-45
2025-02-28 05:23:53,986 INFO o.a.j.t.JMeterThread: Thread finished: Thread-Gruppe 1-45
2025-02-28 05:23:54,109 INFO o.a.j.t.JMeterThread: Stopping because end time detected by thread: Thread-Gruppe 2-12
2025-02-28 05:23:54,109 INFO o.a.j.t.JMeterThread: Thread finished: Thread-Gruppe 2-12
2025-02-28 05:23:54,146 INFO o.a.j.t.JMeterThread: Stopping because end time detected by thread: Thread-Gruppe 1-46
2025-02-28 05:23:54,146 INFO o.a.j.t.JMeterThread: Thread finished: Thread-Gruppe 1-46
2025-02-28 05:23:54,210 INFO o.a.j.t.JMeterThread: Stopping because end time detected by thread: Thread-Gruppe 3-2
2025-02-28 05:23:54,210 INFO o.a.j.t.JMeterThread: Thread finished: Thread-Gruppe 3-2
2025-02-28 05:23:54,211 INFO o.a.j.e.StandardJMeterEngine: Notifying test listeners of end of test
2025-02-28 05:23:54,216 INFO o.a.j.r.Summariser: summary +   1810 in 00:00:24 =   74.8/s Avg:   339 Min:   242 Max:  1108 Err:     0 (0.00%) Active: 0 Started: 100 Finished: 100
2025-02-28 05:23:54,217 INFO o.a.j.r.Summariser: summary =  45394 in 00:11:02 =   68.6/s Avg:   340 Min:   240 Max:  1108 Err:     0 (0.00%)
