2025-02-27 13:48:04,592 INFO o.a.j.u.JMeterUtils: Setting Locale to en_EN
2025-02-27 13:48:04,615 INFO o.a.j.JMeter: Loading user properties from: D:\Semester 7\CS4203 - Research and Development Project\Artifacts\apache-jmeter-5.6.3\bin\user.properties
2025-02-27 13:48:04,615 INFO o.a.j.JMeter: Loading system properties from: D:\Semester 7\CS4203 - Research and Development Project\Artifacts\apache-jmeter-5.6.3\bin\system.properties
2025-02-27 13:48:04,615 INFO o.a.j.JMeter: Setting JMeter property: lb_1_hostname=34.70.149.254
2025-02-27 13:48:04,615 INFO o.a.j.JMeter: Setting JMeter property: lb_2_hostname=35.232.62.106
2025-02-27 13:48:04,615 INFO o.a.j.JMeter: Setting JMeter property: lb_1_port=8090
2025-02-27 13:48:04,615 INFO o.a.j.JMeter: Setting JMeter property: lb_2_port=8091
2025-02-27 13:48:04,620 INFO o.a.j.JMeter: Setting JMeter property: warm_up_users=20
2025-02-27 13:48:04,620 INFO o.a.j.JMeter: Setting JMeter property: warm_up_time=60
2025-02-27 13:48:04,620 INFO o.a.j.JMeter: Setting JMeter property: test_run_time=600
2025-02-27 13:48:04,620 INFO o.a.j.JMeter: Setting JMeter property: ramp_up=10
2025-02-27 13:48:04,620 INFO o.a.j.JMeter: Setting JMeter property: group_1=75
2025-02-27 13:48:04,620 INFO o.a.j.JMeter: Setting JMeter property: group_2=20
2025-02-27 13:48:04,620 INFO o.a.j.JMeter: Setting JMeter property: group_3=5
2025-02-27 13:48:04,620 INFO o.a.j.JMeter: Setting JMeter property: group_1_request_rate=30
2025-02-27 13:48:04,620 INFO o.a.j.JMeter: Setting JMeter property: group_2_request_rate=90
2025-02-27 13:48:04,620 INFO o.a.j.JMeter: Setting JMeter property: group_3_request_rate=120
2025-02-27 13:48:04,620 INFO o.a.j.JMeter: Setting JMeter property: log_file=d:\Semester 7\CS4203 - Research and Development Project\Artifacts\rate-limiter-nginx\jmeter\cloud\2025_02_27_13_48_logs\fixed_window_counter\redis_async_rate_limit_100_window_size_60_batch_percent_0.2\warm_up_results.csv
2025-02-27 13:48:04,620 INFO o.a.j.JMeter: Setting JMeter property: algorithm=fixed_window_counter_redis_async_rate_limit_100_window_size_60_batch_percent_0.2
2025-02-27 13:48:04,620 INFO o.a.j.JMeter: Setting JMeter property: auth=/fixed_window_counter/redis_async_rate_limit_100_window_size_60_batch_percent_0.2/tools.descartes.teastore.auth/rest
2025-02-27 13:48:04,620 INFO o.a.j.JMeter: Setting JMeter property: persistence=/fixed_window_counter/redis_async_rate_limit_100_window_size_60_batch_percent_0.2/tools.descartes.teastore.persistence/rest
2025-02-27 13:48:04,620 INFO o.a.j.JMeter: Setting JMeter property: recommender=/fixed_window_counter/redis_async_rate_limit_100_window_size_60_batch_percent_0.2/tools.descartes.teastore.recommender/rest
2025-02-27 13:48:04,620 INFO o.a.j.JMeter: Setting JMeter property: image=/fixed_window_counter/redis_async_rate_limit_100_window_size_60_batch_percent_0.2/tools.descartes.teastore.image/rest
2025-02-27 13:48:04,620 INFO o.a.j.JMeter: Copyright (c) 1998-2024 The Apache Software Foundation
2025-02-27 13:48:04,620 INFO o.a.j.JMeter: Version 5.6.3
2025-02-27 13:48:04,620 INFO o.a.j.JMeter: java.version=11.0.22
2025-02-27 13:48:04,620 INFO o.a.j.JMeter: java.vm.name=Java HotSpot(TM) 64-Bit Server VM
2025-02-27 13:48:04,620 INFO o.a.j.JMeter: os.name=Windows 10
2025-02-27 13:48:04,620 INFO o.a.j.JMeter: os.arch=amd64
2025-02-27 13:48:04,620 INFO o.a.j.JMeter: os.version=10.0
2025-02-27 13:48:04,620 INFO o.a.j.JMeter: file.encoding=Cp1252
2025-02-27 13:48:04,620 INFO o.a.j.JMeter: java.awt.headless=true
2025-02-27 13:48:04,620 INFO o.a.j.JMeter: Max memory     =1073741824
2025-02-27 13:48:04,620 INFO o.a.j.JMeter: Available Processors =12
2025-02-27 13:48:04,650 INFO o.a.j.JMeter: Default Locale=English (EN)
2025-02-27 13:48:04,650 INFO o.a.j.JMeter: JMeter  Locale=English (EN)
2025-02-27 13:48:04,650 INFO o.a.j.JMeter: JMeterHome=D:\Semester 7\CS4203 - Research and Development Project\Artifacts\apache-jmeter-5.6.3
2025-02-27 13:48:04,650 INFO o.a.j.JMeter: user.dir  =D:\Semester 7\CS4203 - Research and Development Project\Artifacts\rate-limiter-nginx
2025-02-27 13:48:04,650 INFO o.a.j.JMeter: PWD       =D:\Semester 7\CS4203 - Research and Development Project\Artifacts\rate-limiter-nginx
2025-02-27 13:48:04,650 INFO o.a.j.JMeter: IP: 10.10.21.101 Name: KOBI-MSI-PC FullName: 10.10.21.101
2025-02-27 13:48:04,665 INFO o.a.j.s.FileServer: Default base='D:\Semester 7\CS4203 - Research and Development Project\Artifacts\rate-limiter-nginx'
2025-02-27 13:48:04,665 INFO o.a.j.s.FileServer: Set new base='d:\Semester 7\CS4203 - Research and Development Project\Artifacts\rate-limiter-nginx\jmeter\cloud'
2025-02-27 13:48:04,898 INFO o.a.j.s.SaveService: Testplan (JMX) version: 2.2. Testlog (JTL) version: 2.2
2025-02-27 13:48:04,929 INFO o.a.j.s.SaveService: Using SaveService properties version 5.0
2025-02-27 13:48:04,933 INFO o.a.j.s.SaveService: Using SaveService properties file encoding UTF-8
2025-02-27 13:48:04,937 INFO o.a.j.s.SaveService: Loading file: d:\Semester 7\CS4203 - Research and Development Project\Artifacts\rate-limiter-nginx\jmeter\cloud\teastore_performance.jmx
2025-02-27 13:48:04,984 INFO o.a.j.p.h.c.CookieManager: Settings: Delete null: true Check: true Allow variable: true Save: false Prefix: COOKIE_
2025-02-27 13:48:05,014 INFO o.a.j.p.h.s.HTTPSamplerBase: Parser for text/html is org.apache.jmeter.protocol.http.parser.LagartoBasedHtmlParser
2025-02-27 13:48:05,014 INFO o.a.j.p.h.s.HTTPSamplerBase: Parser for application/xhtml+xml is org.apache.jmeter.protocol.http.parser.LagartoBasedHtmlParser
2025-02-27 13:48:05,014 INFO o.a.j.p.h.s.HTTPSamplerBase: Parser for application/xml is org.apache.jmeter.protocol.http.parser.LagartoBasedHtmlParser
2025-02-27 13:48:05,014 INFO o.a.j.p.h.s.HTTPSamplerBase: Parser for text/xml is org.apache.jmeter.protocol.http.parser.LagartoBasedHtmlParser
2025-02-27 13:48:05,014 INFO o.a.j.p.h.s.HTTPSamplerBase: Parser for text/vnd.wap.wml is org.apache.jmeter.protocol.http.parser.RegexpHTMLParser
2025-02-27 13:48:05,014 INFO o.a.j.p.h.s.HTTPSamplerBase: Parser for text/css is org.apache.jmeter.protocol.http.parser.CssParser
2025-02-27 13:48:05,179 INFO o.a.j.s.SampleResult: Note: Sample TimeStamps are START times
2025-02-27 13:48:05,179 INFO o.a.j.s.SampleResult: sampleresult.default.encoding is set to UTF-8
2025-02-27 13:48:05,179 INFO o.a.j.s.SampleResult: sampleresult.useNanoTime=true
2025-02-27 13:48:05,179 INFO o.a.j.s.SampleResult: sampleresult.nanoThreadSleep=5000
2025-02-27 13:48:05,236 INFO o.a.j.JMeter: Creating summariser <summary>
2025-02-27 13:48:05,257 INFO o.a.j.e.StandardJMeterEngine: Running the test!
2025-02-27 13:48:05,260 INFO o.a.j.s.SampleEvent: List of sample_variables: []
2025-02-27 13:48:05,260 INFO o.a.j.s.SampleEvent: List of sample_variables: []
2025-02-27 13:48:05,272 INFO o.a.j.e.u.CompoundVariable: Note: Function class names must contain the string: '.functions.'
2025-02-27 13:48:05,272 INFO o.a.j.e.u.CompoundVariable: Note: Function class names must not contain the string: '.gui.'
2025-02-27 13:48:05,564 INFO o.a.j.r.ClassFinder: Will scan jar D:\Semester 7\CS4203 - Research and Development Project\Artifacts\apache-jmeter-5.6.3\lib\ext\jmeter-plugins-casutg-2.10.jar with filter ExtendsClassFilter [parents=[interface org.apache.jmeter.functions.Function], inner=false, contains=null, notContains=null]. Consider exposing JMeter plugins via META-INF/services, and add JMeter-Skip-Class-Scanning=true manifest attribute so JMeter can skip classfile scanning
2025-02-27 13:48:05,594 INFO o.a.j.r.ClassFinder: Will scan jar D:\Semester 7\CS4203 - Research and Development Project\Artifacts\apache-jmeter-5.6.3\lib\ext\jmeter-plugins-graphs-additional-2.0.jar with filter ExtendsClassFilter [parents=[interface org.apache.jmeter.functions.Function], inner=false, contains=null, notContains=null]. Consider exposing JMeter plugins via META-INF/services, and add JMeter-Skip-Class-Scanning=true manifest attribute so JMeter can skip classfile scanning
2025-02-27 13:48:05,599 INFO o.a.j.r.ClassFinder: Will scan jar D:\Semester 7\CS4203 - Research and Development Project\Artifacts\apache-jmeter-5.6.3\lib\ext\jmeter-plugins-perfmon-2.1.jar with filter ExtendsClassFilter [parents=[interface org.apache.jmeter.functions.Function], inner=false, contains=null, notContains=null]. Consider exposing JMeter plugins via META-INF/services, and add JMeter-Skip-Class-Scanning=true manifest attribute so JMeter can skip classfile scanning
2025-02-27 13:48:05,599 INFO o.a.j.r.ClassFinder: Will scan jar D:\Semester 7\CS4203 - Research and Development Project\Artifacts\apache-jmeter-5.6.3\lib\ext\json-lib-2.4-jdk15.jar with filter ExtendsClassFilter [parents=[interface org.apache.jmeter.functions.Function], inner=false, contains=null, notContains=null]. Consider exposing JMeter plugins via META-INF/services, and add JMeter-Skip-Class-Scanning=true manifest attribute so JMeter can skip classfile scanning
2025-02-27 13:48:05,615 INFO o.a.j.r.ClassFinder: Will scan jar D:\Semester 7\CS4203 - Research and Development Project\Artifacts\apache-jmeter-5.6.3\lib\ext\perfmon-2.2.2.jar with filter ExtendsClassFilter [parents=[interface org.apache.jmeter.functions.Function], inner=false, contains=null, notContains=null]. Consider exposing JMeter plugins via META-INF/services, and add JMeter-Skip-Class-Scanning=true manifest attribute so JMeter can skip classfile scanning
2025-02-27 13:48:05,645 INFO o.a.j.r.ClassFinder: Will scan jar D:\Semester 7\CS4203 - Research and Development Project\Artifacts\apache-jmeter-5.6.3\lib\ext\jmeter-plugins-manager-1.10.jar with filter ExtendsClassFilter [parents=[interface org.apache.jmeter.functions.Function], inner=false, contains=null, notContains=null]. Consider exposing JMeter plugins via META-INF/services, and add JMeter-Skip-Class-Scanning=true manifest attribute so JMeter can skip classfile scanning
2025-02-27 13:48:05,738 INFO o.a.j.r.ClassFinder: Will scan jar D:\Semester 7\CS4203 - Research and Development Project\Artifacts\apache-jmeter-5.6.3\lib\ext\jmeter-plugins-graphs-vs-2.0.jar with filter ExtendsClassFilter [parents=[interface org.apache.jmeter.functions.Function], inner=false, contains=null, notContains=null]. Consider exposing JMeter plugins via META-INF/services, and add JMeter-Skip-Class-Scanning=true manifest attribute so JMeter can skip classfile scanning
2025-02-27 13:48:05,738 INFO o.a.j.r.ClassFinder: Will scan jar D:\Semester 7\CS4203 - Research and Development Project\Artifacts\apache-jmeter-5.6.3\lib\ext\jmeter-parallel-0.12.jar with filter ExtendsClassFilter [parents=[interface org.apache.jmeter.functions.Function], inner=false, contains=null, notContains=null]. Consider exposing JMeter plugins via META-INF/services, and add JMeter-Skip-Class-Scanning=true manifest attribute so JMeter can skip classfile scanning
2025-02-27 13:48:05,753 INFO o.a.j.r.ClassFinder: Will scan jar D:\Semester 7\CS4203 - Research and Development Project\Artifacts\apache-jmeter-5.6.3\lib\ext\jmeter-plugins-tst-2.6.jar with filter ExtendsClassFilter [parents=[interface org.apache.jmeter.functions.Function], inner=false, contains=null, notContains=null]. Consider exposing JMeter plugins via META-INF/services, and add JMeter-Skip-Class-Scanning=true manifest attribute so JMeter can skip classfile scanning
2025-02-27 13:48:05,753 INFO o.a.j.r.ClassFinder: Will scan jar D:\Semester 7\CS4203 - Research and Development Project\Artifacts\apache-jmeter-5.6.3\lib\ext\jmeter-prometheus-plugin-0.6.0.jar with filter ExtendsClassFilter [parents=[interface org.apache.jmeter.functions.Function], inner=false, contains=null, notContains=null]. Consider exposing JMeter plugins via META-INF/services, and add JMeter-Skip-Class-Scanning=true manifest attribute so JMeter can skip classfile scanning
2025-02-27 13:48:05,768 INFO o.a.j.r.ClassFinder: Will scan jar D:\Semester 7\CS4203 - Research and Development Project\Artifacts\apache-jmeter-5.6.3\lib\ext\jmeter-plugins-graphs-basic-2.0.jar with filter ExtendsClassFilter [parents=[interface org.apache.jmeter.functions.Function], inner=false, contains=null, notContains=null]. Consider exposing JMeter plugins via META-INF/services, and add JMeter-Skip-Class-Scanning=true manifest attribute so JMeter can skip classfile scanning
2025-02-27 13:48:06,251 INFO o.a.j.JMeter: Running test (1740644286251)
2025-02-27 13:48:06,253 INFO o.a.j.e.StandardJMeterEngine: Starting setUp thread groups
2025-02-27 13:48:06,253 INFO o.a.j.e.StandardJMeterEngine: Starting setUp ThreadGroup: 1 : setUp Thread Group 
2025-02-27 13:48:06,253 INFO o.a.j.e.StandardJMeterEngine: Starting 20 threads for group setUp Thread Group.
2025-02-27 13:48:06,253 INFO o.a.j.e.StandardJMeterEngine: Thread will continue on error
2025-02-27 13:48:06,253 INFO o.a.j.t.ThreadGroup: Starting thread group... number=1 threads=20 ramp-up=10 delayedStart=false
2025-02-27 13:48:06,258 INFO o.a.j.t.JMeterThread: Thread started: setUp Thread Group 1-1
2025-02-27 13:48:06,321 INFO o.a.j.t.ThreadGroup: Started thread group number 1
2025-02-27 13:48:06,321 INFO o.a.j.e.StandardJMeterEngine: Waiting for all setup thread groups to exit
2025-02-27 13:48:06,771 INFO o.a.j.t.JMeterThread: Thread started: setUp Thread Group 1-2
2025-02-27 13:48:07,274 INFO o.a.j.t.JMeterThread: Thread started: setUp Thread Group 1-3
2025-02-27 13:48:07,421 INFO o.a.j.p.h.s.HTTPHCAbstractImpl: Local host = KOBI-MSI-PC
2025-02-27 13:48:07,428 INFO o.a.j.p.h.s.HTTPHC4Impl: HTTP request retry count = 0
2025-02-27 13:48:07,775 INFO o.a.j.t.JMeterThread: Thread started: setUp Thread Group 1-4
2025-02-27 13:48:08,262 INFO o.a.j.t.JMeterThread: Thread started: setUp Thread Group 1-5
2025-02-27 13:48:08,761 INFO o.a.j.t.JMeterThread: Thread started: setUp Thread Group 1-6
2025-02-27 13:48:09,260 INFO o.a.j.t.JMeterThread: Thread started: setUp Thread Group 1-7
2025-02-27 13:48:09,761 INFO o.a.j.t.JMeterThread: Thread started: setUp Thread Group 1-8
2025-02-27 13:48:10,258 INFO o.a.j.t.JMeterThread: Thread started: setUp Thread Group 1-9
2025-02-27 13:48:10,764 INFO o.a.j.t.JMeterThread: Thread started: setUp Thread Group 1-10
2025-02-27 13:48:11,259 INFO o.a.j.t.JMeterThread: Thread started: setUp Thread Group 1-11
2025-02-27 13:48:11,761 INFO o.a.j.t.JMeterThread: Thread started: setUp Thread Group 1-12
2025-02-27 13:48:12,261 INFO o.a.j.t.JMeterThread: Thread started: setUp Thread Group 1-13
2025-02-27 13:48:12,758 INFO o.a.j.t.JMeterThread: Thread started: setUp Thread Group 1-14
2025-02-27 13:48:13,258 INFO o.a.j.t.JMeterThread: Thread started: setUp Thread Group 1-15
2025-02-27 13:48:13,759 INFO o.a.j.t.JMeterThread: Thread started: setUp Thread Group 1-16
2025-02-27 13:48:14,259 INFO o.a.j.t.JMeterThread: Thread started: setUp Thread Group 1-17
2025-02-27 13:48:14,759 INFO o.a.j.t.JMeterThread: Thread started: setUp Thread Group 1-18
2025-02-27 13:48:15,259 INFO o.a.j.t.JMeterThread: Thread started: setUp Thread Group 1-19
2025-02-27 13:48:15,758 INFO o.a.j.t.JMeterThread: Thread started: setUp Thread Group 1-20
2025-02-27 13:49:06,138 INFO o.a.j.t.JMeterThread: Thread finished: setUp Thread Group 1-7
2025-02-27 13:49:06,148 INFO o.a.j.t.JMeterThread: Thread finished: setUp Thread Group 1-15
2025-02-27 13:49:06,149 INFO o.a.j.t.JMeterThread: Thread finished: setUp Thread Group 1-16
2025-02-27 13:49:06,149 INFO o.a.j.t.JMeterThread: Thread finished: setUp Thread Group 1-6
2025-02-27 13:49:06,152 INFO o.a.j.t.JMeterThread: Thread finished: setUp Thread Group 1-17
2025-02-27 13:49:06,166 INFO o.a.j.t.JMeterThread: Thread finished: setUp Thread Group 1-12
2025-02-27 13:49:06,166 INFO o.a.j.t.JMeterThread: Thread finished: setUp Thread Group 1-10
2025-02-27 13:49:06,311 INFO o.a.j.t.JMeterThread: Stopping because end time detected by thread: setUp Thread Group 1-1
2025-02-27 13:49:06,311 INFO o.a.j.t.JMeterThread: Thread finished: setUp Thread Group 1-1
2025-02-27 13:49:06,326 INFO o.a.j.t.JMeterThread: Stopping because end time detected by thread: setUp Thread Group 1-13
2025-02-27 13:49:06,326 INFO o.a.j.t.JMeterThread: Thread finished: setUp Thread Group 1-13
2025-02-27 13:49:06,371 INFO o.a.j.t.JMeterThread: Stopping because end time detected by thread: setUp Thread Group 1-14
2025-02-27 13:49:06,371 INFO o.a.j.t.JMeterThread: Thread finished: setUp Thread Group 1-14
2025-02-27 13:49:06,401 INFO o.a.j.t.JMeterThread: Stopping because end time detected by thread: setUp Thread Group 1-8
2025-02-27 13:49:06,401 INFO o.a.j.t.JMeterThread: Thread finished: setUp Thread Group 1-8
2025-02-27 13:49:06,401 INFO o.a.j.t.JMeterThread: Stopping because end time detected by thread: setUp Thread Group 1-18
2025-02-27 13:49:06,401 INFO o.a.j.t.JMeterThread: Thread finished: setUp Thread Group 1-18
2025-02-27 13:49:06,431 INFO o.a.j.t.JMeterThread: Stopping because end time detected by thread: setUp Thread Group 1-2
2025-02-27 13:49:06,431 INFO o.a.j.t.JMeterThread: Thread finished: setUp Thread Group 1-2
2025-02-27 13:49:06,476 INFO o.a.j.t.JMeterThread: Stopping because end time detected by thread: setUp Thread Group 1-11
2025-02-27 13:49:06,476 INFO o.a.j.t.JMeterThread: Thread finished: setUp Thread Group 1-11
2025-02-27 13:49:06,789 INFO o.a.j.t.JMeterThread: Stopping because end time detected by thread: setUp Thread Group 1-19
2025-02-27 13:49:06,789 INFO o.a.j.t.JMeterThread: Thread finished: setUp Thread Group 1-19
2025-02-27 13:49:06,896 INFO o.a.j.t.JMeterThread: Stopping because end time detected by thread: setUp Thread Group 1-3
2025-02-27 13:49:06,896 INFO o.a.j.t.JMeterThread: Thread finished: setUp Thread Group 1-3
2025-02-27 13:49:06,911 INFO o.a.j.t.JMeterThread: Stopping because end time detected by thread: setUp Thread Group 1-4
2025-02-27 13:49:06,911 INFO o.a.j.t.JMeterThread: Thread finished: setUp Thread Group 1-4
2025-02-27 13:49:06,926 INFO o.a.j.t.JMeterThread: Stopping because end time detected by thread: setUp Thread Group 1-5
2025-02-27 13:49:06,926 INFO o.a.j.t.JMeterThread: Thread finished: setUp Thread Group 1-5
2025-02-27 13:49:06,956 INFO o.a.j.t.JMeterThread: Stopping because end time detected by thread: setUp Thread Group 1-9
2025-02-27 13:49:06,956 INFO o.a.j.t.JMeterThread: Thread finished: setUp Thread Group 1-9
2025-02-27 13:49:07,046 INFO o.a.j.t.JMeterThread: Stopping because end time detected by thread: setUp Thread Group 1-20
2025-02-27 13:49:07,046 INFO o.a.j.t.JMeterThread: Thread finished: setUp Thread Group 1-20
2025-02-27 13:49:07,046 INFO o.a.j.e.StandardJMeterEngine: All Setup Threads have ended
2025-02-27 13:49:07,101 INFO o.a.j.e.StandardJMeterEngine: Starting ThreadGroup: 1 : Thread-Gruppe
2025-02-27 13:49:07,101 INFO o.a.j.e.StandardJMeterEngine: Starting 75 threads for group Thread-Gruppe.
2025-02-27 13:49:07,101 INFO o.a.j.e.StandardJMeterEngine: Thread will continue on error
2025-02-27 13:49:07,101 INFO o.a.j.t.ThreadGroup: Starting thread group... number=1 threads=75 ramp-up=10 delayedStart=false
2025-02-27 13:49:07,101 INFO o.a.j.t.JMeterThread: Thread started: Thread-Gruppe 1-1
2025-02-27 13:49:07,238 INFO o.a.j.t.ThreadGroup: Started thread group number 1
2025-02-27 13:49:07,238 INFO o.a.j.e.StandardJMeterEngine: Starting ThreadGroup: 2 : Thread-Gruppe
2025-02-27 13:49:07,238 INFO o.a.j.e.StandardJMeterEngine: Starting 20 threads for group Thread-Gruppe.
2025-02-27 13:49:07,238 INFO o.a.j.e.StandardJMeterEngine: Thread will continue on error
2025-02-27 13:49:07,238 INFO o.a.j.t.ThreadGroup: Starting thread group... number=2 threads=20 ramp-up=10 delayedStart=false
2025-02-27 13:49:07,241 INFO o.a.j.t.JMeterThread: Thread started: Thread-Gruppe 2-1
2025-02-27 13:49:07,243 INFO o.a.j.t.JMeterThread: Thread started: Thread-Gruppe 1-2
2025-02-27 13:49:07,274 INFO o.a.j.t.ThreadGroup: Started thread group number 2
2025-02-27 13:49:07,274 INFO o.a.j.e.StandardJMeterEngine: Starting ThreadGroup: 3 : Thread-Gruppe
2025-02-27 13:49:07,274 INFO o.a.j.e.StandardJMeterEngine: Starting 5 threads for group Thread-Gruppe.
2025-02-27 13:49:07,274 INFO o.a.j.e.StandardJMeterEngine: Thread will continue on error
2025-02-27 13:49:07,274 INFO o.a.j.t.ThreadGroup: Starting thread group... number=3 threads=5 ramp-up=10 delayedStart=false
2025-02-27 13:49:07,277 INFO o.a.j.t.JMeterThread: Thread started: Thread-Gruppe 3-1
2025-02-27 13:49:07,281 INFO o.a.j.t.ThreadGroup: Started thread group number 3
2025-02-27 13:49:07,281 INFO o.a.j.e.StandardJMeterEngine: All thread groups have been started
2025-02-27 13:49:07,376 INFO o.a.j.t.JMeterThread: Thread started: Thread-Gruppe 1-3
2025-02-27 13:49:07,503 INFO o.a.j.t.JMeterThread: Thread started: Thread-Gruppe 1-4
2025-02-27 13:49:07,636 INFO o.a.j.t.JMeterThread: Thread started: Thread-Gruppe 1-5
2025-02-27 13:49:07,743 INFO o.a.j.t.JMeterThread: Thread started: Thread-Gruppe 2-2
2025-02-27 13:49:07,771 INFO o.a.j.t.JMeterThread: Thread started: Thread-Gruppe 1-6
2025-02-27 13:49:07,902 INFO o.a.j.t.JMeterThread: Thread started: Thread-Gruppe 1-7
2025-02-27 13:49:08,035 INFO o.a.j.t.JMeterThread: Thread started: Thread-Gruppe 1-8
2025-02-27 13:49:08,169 INFO o.a.j.t.JMeterThread: Thread started: Thread-Gruppe 1-9
2025-02-27 13:49:08,242 INFO o.a.j.t.JMeterThread: Thread started: Thread-Gruppe 2-3
2025-02-27 13:49:08,304 INFO o.a.j.t.JMeterThread: Thread started: Thread-Gruppe 1-10
2025-02-27 13:49:08,436 INFO o.a.j.t.JMeterThread: Thread started: Thread-Gruppe 1-11
2025-02-27 13:49:08,568 INFO o.a.j.t.JMeterThread: Thread started: Thread-Gruppe 1-12
2025-02-27 13:49:08,701 INFO o.a.j.t.JMeterThread: Thread started: Thread-Gruppe 1-13
2025-02-27 13:49:08,742 INFO o.a.j.t.JMeterThread: Thread started: Thread-Gruppe 2-4
2025-02-27 13:49:08,834 INFO o.a.j.t.JMeterThread: Thread started: Thread-Gruppe 1-14
2025-02-27 13:49:08,966 INFO o.a.j.t.JMeterThread: Thread started: Thread-Gruppe 1-15
2025-02-27 13:49:09,099 INFO o.a.j.t.JMeterThread: Thread started: Thread-Gruppe 1-16
2025-02-27 13:49:09,233 INFO o.a.j.t.JMeterThread: Thread started: Thread-Gruppe 1-17
2025-02-27 13:49:09,242 INFO o.a.j.t.JMeterThread: Thread started: Thread-Gruppe 2-5
2025-02-27 13:49:09,278 INFO o.a.j.t.JMeterThread: Thread started: Thread-Gruppe 3-2
2025-02-27 13:49:09,367 INFO o.a.j.t.JMeterThread: Thread started: Thread-Gruppe 1-18
2025-02-27 13:49:09,498 INFO o.a.j.t.JMeterThread: Thread started: Thread-Gruppe 1-19
2025-02-27 13:49:09,632 INFO o.a.j.t.JMeterThread: Thread started: Thread-Gruppe 1-20
2025-02-27 13:49:09,741 INFO o.a.j.t.JMeterThread: Thread started: Thread-Gruppe 2-6
2025-02-27 13:49:09,764 INFO o.a.j.t.JMeterThread: Thread started: Thread-Gruppe 1-21
2025-02-27 13:49:09,897 INFO o.a.j.t.JMeterThread: Thread started: Thread-Gruppe 1-22
2025-02-27 13:49:10,030 INFO o.a.j.t.JMeterThread: Thread started: Thread-Gruppe 1-23
2025-02-27 13:49:10,163 INFO o.a.j.t.JMeterThread: Thread started: Thread-Gruppe 1-24
2025-02-27 13:49:10,242 INFO o.a.j.t.JMeterThread: Thread started: Thread-Gruppe 2-7
2025-02-27 13:49:10,297 INFO o.a.j.t.JMeterThread: Thread started: Thread-Gruppe 1-25
2025-02-27 13:49:10,430 INFO o.a.j.t.JMeterThread: Thread started: Thread-Gruppe 1-26
2025-02-27 13:49:10,562 INFO o.a.j.t.JMeterThread: Thread started: Thread-Gruppe 1-27
2025-02-27 13:49:10,694 INFO o.a.j.t.JMeterThread: Thread started: Thread-Gruppe 1-28
2025-02-27 13:49:10,741 INFO o.a.j.t.JMeterThread: Thread started: Thread-Gruppe 2-8
2025-02-27 13:49:10,829 INFO o.a.j.t.JMeterThread: Thread started: Thread-Gruppe 1-29
2025-02-27 13:49:10,963 INFO o.a.j.t.JMeterThread: Thread started: Thread-Gruppe 1-30
2025-02-27 13:49:11,094 INFO o.a.j.t.JMeterThread: Thread started: Thread-Gruppe 1-31
2025-02-27 13:49:11,229 INFO o.a.j.t.JMeterThread: Thread started: Thread-Gruppe 1-32
2025-02-27 13:49:11,242 INFO o.a.j.t.JMeterThread: Thread started: Thread-Gruppe 2-9
2025-02-27 13:49:11,277 INFO o.a.j.t.JMeterThread: Thread started: Thread-Gruppe 3-3
2025-02-27 13:49:11,360 INFO o.a.j.t.JMeterThread: Thread started: Thread-Gruppe 1-33
2025-02-27 13:49:11,494 INFO o.a.j.t.JMeterThread: Thread started: Thread-Gruppe 1-34
2025-02-27 13:49:11,626 INFO o.a.j.t.JMeterThread: Thread started: Thread-Gruppe 1-35
2025-02-27 13:49:11,741 INFO o.a.j.t.JMeterThread: Thread started: Thread-Gruppe 2-10
2025-02-27 13:49:11,759 INFO o.a.j.t.JMeterThread: Thread started: Thread-Gruppe 1-36
2025-02-27 13:49:11,893 INFO o.a.j.t.JMeterThread: Thread started: Thread-Gruppe 1-37
2025-02-27 13:49:12,024 INFO o.a.j.t.JMeterThread: Thread started: Thread-Gruppe 1-38
2025-02-27 13:49:12,158 INFO o.a.j.t.JMeterThread: Thread started: Thread-Gruppe 1-39
2025-02-27 13:49:12,241 INFO o.a.j.t.JMeterThread: Thread started: Thread-Gruppe 2-11
2025-02-27 13:49:12,292 INFO o.a.j.t.JMeterThread: Thread started: Thread-Gruppe 1-40
2025-02-27 13:49:12,424 INFO o.a.j.t.JMeterThread: Thread started: Thread-Gruppe 1-41
2025-02-27 13:49:12,556 INFO o.a.j.t.JMeterThread: Thread started: Thread-Gruppe 1-42
2025-02-27 13:49:12,690 INFO o.a.j.t.JMeterThread: Thread started: Thread-Gruppe 1-43
2025-02-27 13:49:12,741 INFO o.a.j.t.JMeterThread: Thread started: Thread-Gruppe 2-12
2025-02-27 13:49:12,824 INFO o.a.j.t.JMeterThread: Thread started: Thread-Gruppe 1-44
2025-02-27 13:49:12,956 INFO o.a.j.t.JMeterThread: Thread started: Thread-Gruppe 1-45
2025-02-27 13:49:13,090 INFO o.a.j.t.JMeterThread: Thread started: Thread-Gruppe 1-46
2025-02-27 13:49:13,222 INFO o.a.j.t.JMeterThread: Thread started: Thread-Gruppe 1-47
2025-02-27 13:49:13,242 INFO o.a.j.t.JMeterThread: Thread started: Thread-Gruppe 2-13
2025-02-27 13:49:13,276 INFO o.a.j.t.JMeterThread: Thread started: Thread-Gruppe 3-4
2025-02-27 13:49:13,355 INFO o.a.j.t.JMeterThread: Thread started: Thread-Gruppe 1-48
2025-02-27 13:49:13,489 INFO o.a.j.t.JMeterThread: Thread started: Thread-Gruppe 1-49
2025-02-27 13:49:13,622 INFO o.a.j.t.JMeterThread: Thread started: Thread-Gruppe 1-50
2025-02-27 13:49:13,741 INFO o.a.j.t.JMeterThread: Thread started: Thread-Gruppe 2-14
2025-02-27 13:49:13,754 INFO o.a.j.t.JMeterThread: Thread started: Thread-Gruppe 1-51
2025-02-27 13:49:13,887 INFO o.a.j.t.JMeterThread: Thread started: Thread-Gruppe 1-52
2025-02-27 13:49:14,020 INFO o.a.j.t.JMeterThread: Thread started: Thread-Gruppe 1-53
2025-02-27 13:49:14,154 INFO o.a.j.t.JMeterThread: Thread started: Thread-Gruppe 1-54
2025-02-27 13:49:14,241 INFO o.a.j.t.JMeterThread: Thread started: Thread-Gruppe 2-15
2025-02-27 13:49:14,286 INFO o.a.j.t.JMeterThread: Thread started: Thread-Gruppe 1-55
2025-02-27 13:49:14,419 INFO o.a.j.t.JMeterThread: Thread started: Thread-Gruppe 1-56
2025-02-27 13:49:14,554 INFO o.a.j.t.JMeterThread: Thread started: Thread-Gruppe 1-57
2025-02-27 13:49:14,685 INFO o.a.j.t.JMeterThread: Thread started: Thread-Gruppe 1-58
2025-02-27 13:49:14,741 INFO o.a.j.t.JMeterThread: Thread started: Thread-Gruppe 2-16
2025-02-27 13:49:14,820 INFO o.a.j.t.JMeterThread: Thread started: Thread-Gruppe 1-59
2025-02-27 13:49:14,951 INFO o.a.j.t.JMeterThread: Thread started: Thread-Gruppe 1-60
2025-02-27 13:49:15,084 INFO o.a.j.t.JMeterThread: Thread started: Thread-Gruppe 1-61
2025-02-27 13:49:15,218 INFO o.a.j.t.JMeterThread: Thread started: Thread-Gruppe 1-62
2025-02-27 13:49:15,241 INFO o.a.j.t.JMeterThread: Thread started: Thread-Gruppe 2-17
2025-02-27 13:49:15,276 INFO o.a.j.t.JMeterThread: Thread started: Thread-Gruppe 3-5
2025-02-27 13:49:15,350 INFO o.a.j.t.JMeterThread: Thread started: Thread-Gruppe 1-63
2025-02-27 13:49:15,484 INFO o.a.j.t.JMeterThread: Thread started: Thread-Gruppe 1-64
2025-02-27 13:49:15,617 INFO o.a.j.t.JMeterThread: Thread started: Thread-Gruppe 1-65
2025-02-27 13:49:15,740 INFO o.a.j.t.JMeterThread: Thread started: Thread-Gruppe 2-18
2025-02-27 13:49:15,749 INFO o.a.j.t.JMeterThread: Thread started: Thread-Gruppe 1-66
2025-02-27 13:49:15,883 INFO o.a.j.t.JMeterThread: Thread started: Thread-Gruppe 1-67
2025-02-27 13:49:16,015 INFO o.a.j.t.JMeterThread: Thread started: Thread-Gruppe 1-68
2025-02-27 13:49:16,147 INFO o.a.j.t.JMeterThread: Thread started: Thread-Gruppe 1-69
2025-02-27 13:49:16,241 INFO o.a.j.t.JMeterThread: Thread started: Thread-Gruppe 2-19
2025-02-27 13:49:16,281 INFO o.a.j.t.JMeterThread: Thread started: Thread-Gruppe 1-70
2025-02-27 13:49:16,414 INFO o.a.j.t.JMeterThread: Thread started: Thread-Gruppe 1-71
2025-02-27 13:49:16,547 INFO o.a.j.t.JMeterThread: Thread started: Thread-Gruppe 1-72
2025-02-27 13:49:16,680 INFO o.a.j.t.JMeterThread: Thread started: Thread-Gruppe 1-73
2025-02-27 13:49:16,740 INFO o.a.j.t.JMeterThread: Thread started: Thread-Gruppe 2-20
2025-02-27 13:49:16,813 INFO o.a.j.t.JMeterThread: Thread started: Thread-Gruppe 1-74
2025-02-27 13:49:16,947 INFO o.a.j.t.JMeterThread: Thread started: Thread-Gruppe 1-75
2025-02-27 13:49:30,022 INFO o.a.j.r.Summariser: summary +   1392 in 00:01:24 =   16.6/s Avg:   370 Min:   243 Max:   966 Err:     0 (0.00%) Active: 100 Started: 100 Finished: 0
2025-02-27 13:50:00,016 INFO o.a.j.r.Summariser: summary +   2262 in 00:00:30 =   75.4/s Avg:   377 Min:   245 Max:  1838 Err:     0 (0.00%) Active: 100 Started: 100 Finished: 0
2025-02-27 13:50:00,017 INFO o.a.j.r.Summariser: summary =   3654 in 00:01:54 =   32.1/s Avg:   375 Min:   243 Max:  1838 Err:     0 (0.00%)
2025-02-27 13:50:30,007 INFO o.a.j.r.Summariser: summary +   2279 in 00:00:30 =   76.0/s Avg:   380 Min:   244 Max:  1814 Err:     0 (0.00%) Active: 100 Started: 100 Finished: 0
2025-02-27 13:50:30,008 INFO o.a.j.r.Summariser: summary =   5933 in 00:02:24 =   41.3/s Avg:   377 Min:   243 Max:  1838 Err:     0 (0.00%)
2025-02-27 13:51:00,007 INFO o.a.j.r.Summariser: summary +   2290 in 00:00:30 =   76.3/s Avg:   330 Min:   243 Max:  1023 Err:     0 (0.00%) Active: 100 Started: 100 Finished: 0
2025-02-27 13:51:00,008 INFO o.a.j.r.Summariser: summary =   8223 in 00:02:54 =   47.3/s Avg:   364 Min:   243 Max:  1838 Err:     0 (0.00%)
2025-02-27 13:51:30,013 INFO o.a.j.r.Summariser: summary +   2286 in 00:00:30 =   76.2/s Avg:   364 Min:   243 Max:  1295 Err:     0 (0.00%) Active: 100 Started: 100 Finished: 0
2025-02-27 13:51:30,015 INFO o.a.j.r.Summariser: summary =  10509 in 00:03:24 =   51.6/s Avg:   364 Min:   243 Max:  1838 Err:     0 (0.00%)
2025-02-27 13:52:00,004 INFO o.a.j.r.Summariser: summary +   2285 in 00:00:30 =   76.2/s Avg:   331 Min:   241 Max:  1097 Err:     0 (0.00%) Active: 100 Started: 100 Finished: 0
2025-02-27 13:52:00,005 INFO o.a.j.r.Summariser: summary =  12794 in 00:03:54 =   54.7/s Avg:   358 Min:   241 Max:  1838 Err:     0 (0.00%)
2025-02-27 13:52:30,014 INFO o.a.j.r.Summariser: summary +   2257 in 00:00:30 =   75.2/s Avg:   395 Min:   241 Max:  2054 Err:     0 (0.00%) Active: 100 Started: 100 Finished: 0
2025-02-27 13:52:30,015 INFO o.a.j.r.Summariser: summary =  15051 in 00:04:24 =   57.1/s Avg:   364 Min:   241 Max:  2054 Err:     0 (0.00%)
2025-02-27 13:53:00,035 INFO o.a.j.r.Summariser: summary +   2268 in 00:00:30 =   75.5/s Avg:   361 Min:   243 Max:  1168 Err:     0 (0.00%) Active: 100 Started: 100 Finished: 0
2025-02-27 13:53:00,035 INFO o.a.j.r.Summariser: summary =  17319 in 00:04:54 =   59.0/s Avg:   363 Min:   241 Max:  2054 Err:     0 (0.00%)
2025-02-27 13:53:30,007 INFO o.a.j.r.Summariser: summary +   2250 in 00:00:30 =   75.1/s Avg:   412 Min:   244 Max:  3236 Err:     0 (0.00%) Active: 100 Started: 100 Finished: 0
2025-02-27 13:53:30,010 INFO o.a.j.r.Summariser: summary =  19569 in 00:05:24 =   60.4/s Avg:   369 Min:   241 Max:  3236 Err:     0 (0.00%)
2025-02-27 13:54:00,007 INFO o.a.j.r.Summariser: summary +   2277 in 00:00:30 =   75.9/s Avg:   349 Min:   242 Max:  1395 Err:     0 (0.00%) Active: 100 Started: 100 Finished: 0
2025-02-27 13:54:00,010 INFO o.a.j.r.Summariser: summary =  21846 in 00:05:54 =   61.8/s Avg:   367 Min:   241 Max:  3236 Err:     0 (0.00%)
2025-02-27 13:54:30,003 INFO o.a.j.r.Summariser: summary +   2264 in 00:00:30 =   75.5/s Avg:   390 Min:   244 Max:  2446 Err:     0 (0.00%) Active: 100 Started: 100 Finished: 0
2025-02-27 13:54:30,004 INFO o.a.j.r.Summariser: summary =  24110 in 00:06:24 =   62.8/s Avg:   369 Min:   241 Max:  3236 Err:     0 (0.00%)
2025-02-27 13:55:00,001 INFO o.a.j.r.Summariser: summary +   2279 in 00:00:30 =   76.0/s Avg:   360 Min:   245 Max:  1096 Err:     0 (0.00%) Active: 100 Started: 100 Finished: 0
2025-02-27 13:55:00,003 INFO o.a.j.r.Summariser: summary =  26389 in 00:06:54 =   63.8/s Avg:   368 Min:   241 Max:  3236 Err:     0 (0.00%)
2025-02-27 13:55:30,008 INFO o.a.j.r.Summariser: summary +   2273 in 00:00:30 =   75.8/s Avg:   367 Min:   243 Max:  1195 Err:     0 (0.00%) Active: 100 Started: 100 Finished: 0
2025-02-27 13:55:30,010 INFO o.a.j.r.Summariser: summary =  28662 in 00:07:24 =   64.6/s Avg:   368 Min:   241 Max:  3236 Err:     0 (0.00%)
2025-02-27 13:56:00,006 INFO o.a.j.r.Summariser: summary +   2261 in 00:00:30 =   75.4/s Avg:   371 Min:   243 Max:  2145 Err:     0 (0.00%) Active: 100 Started: 100 Finished: 0
2025-02-27 13:56:00,008 INFO o.a.j.r.Summariser: summary =  30923 in 00:07:54 =   65.3/s Avg:   368 Min:   241 Max:  3236 Err:     0 (0.00%)
2025-02-27 13:56:30,005 INFO o.a.j.r.Summariser: summary +   2275 in 00:00:30 =   75.8/s Avg:   356 Min:   242 Max:  1333 Err:     0 (0.00%) Active: 100 Started: 100 Finished: 0
2025-02-27 13:56:30,006 INFO o.a.j.r.Summariser: summary =  33198 in 00:08:24 =   65.9/s Avg:   367 Min:   241 Max:  3236 Err:     0 (0.00%)
2025-02-27 13:57:00,010 INFO o.a.j.r.Summariser: summary +   2291 in 00:00:30 =   76.4/s Avg:   355 Min:   244 Max:  1097 Err:     0 (0.00%) Active: 100 Started: 100 Finished: 0
2025-02-27 13:57:00,012 INFO o.a.j.r.Summariser: summary =  35489 in 00:08:54 =   66.5/s Avg:   367 Min:   241 Max:  3236 Err:     0 (0.00%)
2025-02-27 13:57:30,031 INFO o.a.j.r.Summariser: summary +   2264 in 00:00:30 =   75.4/s Avg:   355 Min:   242 Max:  1162 Err:     0 (0.00%) Active: 100 Started: 100 Finished: 0
2025-02-27 13:57:30,033 INFO o.a.j.r.Summariser: summary =  37753 in 00:09:24 =   67.0/s Avg:   366 Min:   241 Max:  3236 Err:     0 (0.00%)
2025-02-27 13:58:00,031 INFO o.a.j.r.Summariser: summary +   2298 in 00:00:30 =   76.6/s Avg:   338 Min:   241 Max:  1172 Err:     0 (0.00%) Active: 100 Started: 100 Finished: 0
2025-02-27 13:58:00,031 INFO o.a.j.r.Summariser: summary =  40051 in 00:09:54 =   67.5/s Avg:   364 Min:   241 Max:  3236 Err:     0 (0.00%)
2025-02-27 13:58:30,018 INFO o.a.j.r.Summariser: summary +   2257 in 00:00:30 =   75.3/s Avg:   364 Min:   241 Max:  1177 Err:     0 (0.00%) Active: 100 Started: 100 Finished: 0
2025-02-27 13:58:30,019 INFO o.a.j.r.Summariser: summary =  42308 in 00:10:24 =   67.8/s Avg:   364 Min:   241 Max:  3236 Err:     0 (0.00%)
2025-02-27 13:59:00,008 INFO o.a.j.r.Summariser: summary +   2300 in 00:00:30 =   76.7/s Avg:   346 Min:   243 Max:  1575 Err:     0 (0.00%) Active: 100 Started: 100 Finished: 0
2025-02-27 13:59:00,009 INFO o.a.j.r.Summariser: summary =  44608 in 00:10:54 =   68.2/s Avg:   363 Min:   241 Max:  3236 Err:     0 (0.00%)
2025-02-27 13:59:05,431 INFO o.a.j.t.JMeterThread: Thread finished: Thread-Gruppe 1-1
2025-02-27 13:59:05,478 INFO o.a.j.t.JMeterThread: Thread finished: Thread-Gruppe 1-62
2025-02-27 13:59:05,478 INFO o.a.j.t.JMeterThread: Thread finished: Thread-Gruppe 1-47
2025-02-27 13:59:05,492 INFO o.a.j.t.JMeterThread: Thread finished: Thread-Gruppe 1-17
2025-02-27 13:59:05,506 INFO o.a.j.t.JMeterThread: Thread finished: Thread-Gruppe 1-2
2025-02-27 13:59:05,623 INFO o.a.j.t.JMeterThread: Thread finished: Thread-Gruppe 1-63
2025-02-27 13:59:05,623 INFO o.a.j.t.JMeterThread: Thread finished: Thread-Gruppe 1-48
2025-02-27 13:59:05,631 INFO o.a.j.t.JMeterThread: Thread finished: Thread-Gruppe 1-18
2025-02-27 13:59:05,641 INFO o.a.j.t.JMeterThread: Thread finished: Thread-Gruppe 1-3
2025-02-27 13:59:05,659 INFO o.a.j.t.JMeterThread: Thread finished: Thread-Gruppe 1-16
2025-02-27 13:59:05,739 INFO o.a.j.t.JMeterThread: Thread finished: Thread-Gruppe 1-64
2025-02-27 13:59:05,779 INFO o.a.j.t.JMeterThread: Thread finished: Thread-Gruppe 1-19
2025-02-27 13:59:05,779 INFO o.a.j.t.JMeterThread: Thread finished: Thread-Gruppe 1-4
2025-02-27 13:59:05,779 INFO o.a.j.t.JMeterThread: Thread finished: Thread-Gruppe 1-49
2025-02-27 13:59:05,873 INFO o.a.j.t.JMeterThread: Thread finished: Thread-Gruppe 1-65
2025-02-27 13:59:05,874 INFO o.a.j.t.JMeterThread: Thread finished: Thread-Gruppe 1-50
2025-02-27 13:59:05,879 INFO o.a.j.t.JMeterThread: Thread finished: Thread-Gruppe 1-20
2025-02-27 13:59:05,894 INFO o.a.j.t.JMeterThread: Thread finished: Thread-Gruppe 1-5
2025-02-27 13:59:06,025 INFO o.a.j.t.JMeterThread: Thread finished: Thread-Gruppe 1-66
2025-02-27 13:59:06,025 INFO o.a.j.t.JMeterThread: Thread finished: Thread-Gruppe 1-6
2025-02-27 13:59:06,025 INFO o.a.j.t.JMeterThread: Thread finished: Thread-Gruppe 1-51
2025-02-27 13:59:06,028 INFO o.a.j.t.JMeterThread: Thread finished: Thread-Gruppe 1-21
2025-02-27 13:59:06,033 INFO o.a.j.t.JMeterThread: Thread finished: Thread-Gruppe 1-32
2025-02-27 13:59:06,130 INFO o.a.j.t.JMeterThread: Thread finished: Thread-Gruppe 1-33
2025-02-27 13:59:06,132 INFO o.a.j.t.JMeterThread: Thread finished: Thread-Gruppe 1-67
2025-02-27 13:59:06,141 INFO o.a.j.t.JMeterThread: Thread finished: Thread-Gruppe 1-52
2025-02-27 13:59:06,158 INFO o.a.j.t.JMeterThread: Thread finished: Thread-Gruppe 1-22
2025-02-27 13:59:06,158 INFO o.a.j.t.JMeterThread: Thread finished: Thread-Gruppe 1-7
2025-02-27 13:59:06,273 INFO o.a.j.t.JMeterThread: Thread finished: Thread-Gruppe 1-68
2025-02-27 13:59:06,285 INFO o.a.j.t.JMeterThread: Thread finished: Thread-Gruppe 1-53
2025-02-27 13:59:06,287 INFO o.a.j.t.JMeterThread: Thread finished: Thread-Gruppe 1-34
2025-02-27 13:59:06,299 INFO o.a.j.t.JMeterThread: Thread finished: Thread-Gruppe 1-23
2025-02-27 13:59:06,305 INFO o.a.j.t.JMeterThread: Thread finished: Thread-Gruppe 1-8
2025-02-27 13:59:06,388 INFO o.a.j.t.JMeterThread: Thread finished: Thread-Gruppe 1-35
2025-02-27 13:59:06,404 INFO o.a.j.t.JMeterThread: Thread finished: Thread-Gruppe 1-69
2025-02-27 13:59:06,431 INFO o.a.j.t.JMeterThread: Thread finished: Thread-Gruppe 1-54
2025-02-27 13:59:06,465 INFO o.a.j.t.JMeterThread: Thread finished: Thread-Gruppe 1-24
2025-02-27 13:59:06,465 INFO o.a.j.t.JMeterThread: Thread finished: Thread-Gruppe 1-9
2025-02-27 13:59:06,534 INFO o.a.j.t.JMeterThread: Thread finished: Thread-Gruppe 1-70
2025-02-27 13:59:06,535 INFO o.a.j.t.JMeterThread: Thread finished: Thread-Gruppe 1-55
2025-02-27 13:59:06,551 INFO o.a.j.t.JMeterThread: Thread finished: Thread-Gruppe 1-25
2025-02-27 13:59:06,560 INFO o.a.j.t.JMeterThread: Thread finished: Thread-Gruppe 1-36
2025-02-27 13:59:06,561 INFO o.a.j.t.JMeterThread: Thread finished: Thread-Gruppe 1-10
2025-02-27 13:59:06,669 INFO o.a.j.t.JMeterThread: Thread finished: Thread-Gruppe 1-71
2025-02-27 13:59:06,672 INFO o.a.j.t.JMeterThread: Thread finished: Thread-Gruppe 1-56
2025-02-27 13:59:06,684 INFO o.a.j.t.JMeterThread: Thread finished: Thread-Gruppe 1-26
2025-02-27 13:59:06,695 INFO o.a.j.t.JMeterThread: Thread finished: Thread-Gruppe 1-11
2025-02-27 13:59:06,711 INFO o.a.j.t.JMeterThread: Thread finished: Thread-Gruppe 1-37
2025-02-27 13:59:06,822 INFO o.a.j.t.JMeterThread: Thread finished: Thread-Gruppe 1-27
2025-02-27 13:59:06,822 INFO o.a.j.t.JMeterThread: Thread finished: Thread-Gruppe 1-72
2025-02-27 13:59:06,822 INFO o.a.j.t.JMeterThread: Thread finished: Thread-Gruppe 1-57
2025-02-27 13:59:06,835 INFO o.a.j.t.JMeterThread: Thread finished: Thread-Gruppe 1-38
2025-02-27 13:59:06,835 INFO o.a.j.t.JMeterThread: Thread finished: Thread-Gruppe 1-12
2025-02-27 13:59:06,879 INFO o.a.j.t.JMeterThread: Thread finished: Thread-Gruppe 2-12
2025-02-27 13:59:06,890 INFO o.a.j.t.JMeterThread: Thread finished: Thread-Gruppe 2-16
2025-02-27 13:59:06,891 INFO o.a.j.t.JMeterThread: Thread finished: Thread-Gruppe 2-13
2025-02-27 13:59:06,929 INFO o.a.j.t.JMeterThread: Thread finished: Thread-Gruppe 1-73
2025-02-27 13:59:06,952 INFO o.a.j.t.JMeterThread: Thread finished: Thread-Gruppe 1-58
2025-02-27 13:59:06,955 INFO o.a.j.t.JMeterThread: Thread finished: Thread-Gruppe 1-28
2025-02-27 13:59:06,956 INFO o.a.j.t.JMeterThread: Thread finished: Thread-Gruppe 1-13
2025-02-27 13:59:06,966 INFO o.a.j.t.JMeterThread: Thread finished: Thread-Gruppe 1-39
2025-02-27 13:59:06,994 INFO o.a.j.t.JMeterThread: Thread finished: Thread-Gruppe 2-15
2025-02-27 13:59:07,014 INFO o.a.j.t.JMeterThread: Thread finished: Thread-Gruppe 2-19
2025-02-27 13:59:07,042 INFO o.a.j.t.JMeterThread: Thread finished: Thread-Gruppe 2-4
2025-02-27 13:59:07,054 INFO o.a.j.t.JMeterThread: Thread finished: Thread-Gruppe 2-5
2025-02-27 13:59:07,062 INFO o.a.j.t.JMeterThread: Thread finished: Thread-Gruppe 1-74
2025-02-27 13:59:07,068 INFO o.a.j.t.JMeterThread: Thread finished: Thread-Gruppe 1-59
2025-02-27 13:59:07,073 INFO o.a.j.t.JMeterThread: Thread finished: Thread-Gruppe 1-40
2025-02-27 13:59:07,075 INFO o.a.j.t.JMeterThread: Thread finished: Thread-Gruppe 2-6
2025-02-27 13:59:07,087 INFO o.a.j.t.JMeterThread: Thread finished: Thread-Gruppe 1-14
2025-02-27 13:59:07,087 INFO o.a.j.t.JMeterThread: Thread finished: Thread-Gruppe 1-29
2025-02-27 13:59:07,101 INFO o.a.j.t.JMeterThread: Thread finished: Thread-Gruppe 2-14
2025-02-27 13:59:07,104 INFO o.a.j.t.JMeterThread: Thread finished: Thread-Gruppe 2-2
2025-02-27 13:59:07,187 INFO o.a.j.t.JMeterThread: Stopping because end time detected by thread: Thread-Gruppe 1-41
2025-02-27 13:59:07,187 INFO o.a.j.t.JMeterThread: Thread finished: Thread-Gruppe 1-41
2025-02-27 13:59:07,205 INFO o.a.j.t.JMeterThread: Thread finished: Thread-Gruppe 1-75
2025-02-27 13:59:07,214 INFO o.a.j.t.JMeterThread: Stopping because end time detected by thread: Thread-Gruppe 1-60
2025-02-27 13:59:07,214 INFO o.a.j.t.JMeterThread: Thread finished: Thread-Gruppe 1-60
2025-02-27 13:59:07,220 INFO o.a.j.t.JMeterThread: Stopping because end time detected by thread: Thread-Gruppe 1-30
2025-02-27 13:59:07,221 INFO o.a.j.t.JMeterThread: Thread finished: Thread-Gruppe 1-30
2025-02-27 13:59:07,224 INFO o.a.j.t.JMeterThread: Thread finished: Thread-Gruppe 3-2
2025-02-27 13:59:07,232 INFO o.a.j.t.JMeterThread: Thread finished: Thread-Gruppe 2-18
2025-02-27 13:59:07,277 INFO o.a.j.t.JMeterThread: Stopping because end time detected by thread: Thread-Gruppe 2-20
2025-02-27 13:59:07,277 INFO o.a.j.t.JMeterThread: Thread finished: Thread-Gruppe 2-20
2025-02-27 13:59:07,277 INFO o.a.j.t.JMeterThread: Stopping because end time detected by thread: Thread-Gruppe 2-11
2025-02-27 13:59:07,277 INFO o.a.j.t.JMeterThread: Thread finished: Thread-Gruppe 2-11
2025-02-27 13:59:07,322 INFO o.a.j.t.JMeterThread: Stopping because end time detected by thread: Thread-Gruppe 1-42
2025-02-27 13:59:07,322 INFO o.a.j.t.JMeterThread: Stopping because end time detected by thread: Thread-Gruppe 2-9
2025-02-27 13:59:07,322 INFO o.a.j.t.JMeterThread: Thread finished: Thread-Gruppe 1-42
2025-02-27 13:59:07,322 INFO o.a.j.t.JMeterThread: Thread finished: Thread-Gruppe 2-9
2025-02-27 13:59:07,322 INFO o.a.j.t.JMeterThread: Stopping because end time detected by thread: Thread-Gruppe 1-15
2025-02-27 13:59:07,322 INFO o.a.j.t.JMeterThread: Thread finished: Thread-Gruppe 1-15
2025-02-27 13:59:07,322 INFO o.a.j.t.JMeterThread: Stopping because end time detected by thread: Thread-Gruppe 1-61
2025-02-27 13:59:07,322 INFO o.a.j.t.JMeterThread: Thread finished: Thread-Gruppe 1-61
2025-02-27 13:59:07,337 INFO o.a.j.t.JMeterThread: Stopping because end time detected by thread: Thread-Gruppe 3-1
2025-02-27 13:59:07,337 INFO o.a.j.t.JMeterThread: Thread finished: Thread-Gruppe 3-1
2025-02-27 13:59:07,337 INFO o.a.j.t.JMeterThread: Stopping because end time detected by thread: Thread-Gruppe 1-31
2025-02-27 13:59:07,337 INFO o.a.j.t.JMeterThread: Thread finished: Thread-Gruppe 1-31
2025-02-27 13:59:07,367 INFO o.a.j.t.JMeterThread: Stopping because end time detected by thread: Thread-Gruppe 2-7
2025-02-27 13:59:07,367 INFO o.a.j.t.JMeterThread: Thread finished: Thread-Gruppe 2-7
2025-02-27 13:59:07,367 INFO o.a.j.t.JMeterThread: Stopping because end time detected by thread: Thread-Gruppe 2-17
2025-02-27 13:59:07,367 INFO o.a.j.t.JMeterThread: Thread finished: Thread-Gruppe 2-17
2025-02-27 13:59:07,427 INFO o.a.j.t.JMeterThread: Stopping because end time detected by thread: Thread-Gruppe 2-10
2025-02-27 13:59:07,427 INFO o.a.j.t.JMeterThread: Thread finished: Thread-Gruppe 2-10
2025-02-27 13:59:07,457 INFO o.a.j.t.JMeterThread: Stopping because end time detected by thread: Thread-Gruppe 1-43
2025-02-27 13:59:07,457 INFO o.a.j.t.JMeterThread: Thread finished: Thread-Gruppe 1-43
2025-02-27 13:59:07,472 INFO o.a.j.t.JMeterThread: Stopping because end time detected by thread: Thread-Gruppe 2-8
2025-02-27 13:59:07,472 INFO o.a.j.t.JMeterThread: Thread finished: Thread-Gruppe 2-8
2025-02-27 13:59:07,487 INFO o.a.j.t.JMeterThread: Stopping because end time detected by thread: Thread-Gruppe 3-5
2025-02-27 13:59:07,487 INFO o.a.j.t.JMeterThread: Thread finished: Thread-Gruppe 3-5
2025-02-27 13:59:07,502 INFO o.a.j.t.JMeterThread: Stopping because end time detected by thread: Thread-Gruppe 3-3
2025-02-27 13:59:07,502 INFO o.a.j.t.JMeterThread: Thread finished: Thread-Gruppe 3-3
2025-02-27 13:59:07,583 INFO o.a.j.t.JMeterThread: Stopping because end time detected by thread: Thread-Gruppe 1-44
2025-02-27 13:59:07,583 INFO o.a.j.t.JMeterThread: Thread finished: Thread-Gruppe 1-44
2025-02-27 13:59:07,766 INFO o.a.j.t.JMeterThread: Stopping because end time detected by thread: Thread-Gruppe 3-4
2025-02-27 13:59:07,767 INFO o.a.j.t.JMeterThread: Thread finished: Thread-Gruppe 3-4
2025-02-27 13:59:07,845 INFO o.a.j.t.JMeterThread: Stopping because end time detected by thread: Thread-Gruppe 1-46
2025-02-27 13:59:07,845 INFO o.a.j.t.JMeterThread: Thread finished: Thread-Gruppe 1-46
2025-02-27 13:59:07,845 INFO o.a.j.t.JMeterThread: Stopping because end time detected by thread: Thread-Gruppe 2-1
2025-02-27 13:59:07,845 INFO o.a.j.t.JMeterThread: Thread finished: Thread-Gruppe 2-1
2025-02-27 13:59:07,845 INFO o.a.j.t.JMeterThread: Stopping because end time detected by thread: Thread-Gruppe 1-45
2025-02-27 13:59:07,845 INFO o.a.j.t.JMeterThread: Thread finished: Thread-Gruppe 1-45
2025-02-27 13:59:07,920 INFO o.a.j.t.JMeterThread: Stopping because end time detected by thread: Thread-Gruppe 2-3
2025-02-27 13:59:07,920 INFO o.a.j.t.JMeterThread: Thread finished: Thread-Gruppe 2-3
2025-02-27 13:59:07,920 INFO o.a.j.e.StandardJMeterEngine: Notifying test listeners of end of test
2025-02-27 13:59:07,920 INFO o.a.j.r.Summariser: summary +    567 in 00:00:08 =   71.7/s Avg:   333 Min:   241 Max:  1020 Err:     0 (0.00%) Active: 0 Started: 100 Finished: 100
2025-02-27 13:59:07,920 INFO o.a.j.r.Summariser: summary =  45175 in 00:11:02 =   68.3/s Avg:   363 Min:   241 Max:  3236 Err:     0 (0.00%)
