2025-03-01 20:52:41,003 INFO o.a.j.u.JMeterUtils: Setting Locale to en_EN
2025-03-01 20:52:41,027 INFO o.a.j.JMeter: Loading user properties from: C:\Users\ASUS\Desktop\apache-jmeter-5.6.3\apache-jmeter-5.6.3\bin\user.properties
2025-03-01 20:52:41,027 INFO o.a.j.JMeter: Loading system properties from: C:\Users\ASUS\Desktop\apache-jmeter-5.6.3\apache-jmeter-5.6.3\bin\system.properties
2025-03-01 20:52:41,027 INFO o.a.j.JMeter: Setting JMeter property: lb_1_hostname=104.155.182.254
2025-03-01 20:52:41,027 INFO o.a.j.JMeter: Setting JMeter property: lb_2_hostname=35.246.73.6
2025-03-01 20:52:41,027 INFO o.a.j.JMeter: Setting JMeter property: lb_1_port=8090
2025-03-01 20:52:41,027 INFO o.a.j.JMeter: Setting JMeter property: lb_2_port=8091
2025-03-01 20:52:41,027 INFO o.a.j.JMeter: Setting JMeter property: warm_up_users=20
2025-03-01 20:52:41,027 INFO o.a.j.JMeter: Setting JMeter property: warm_up_time=60
2025-03-01 20:52:41,027 INFO o.a.j.JMeter: Setting JMeter property: test_run_time=600
2025-03-01 20:52:41,027 INFO o.a.j.JMeter: Setting JMeter property: ramp_up=10
2025-03-01 20:52:41,027 INFO o.a.j.JMeter: Setting JMeter property: group_1=75
2025-03-01 20:52:41,027 INFO o.a.j.JMeter: Setting JMeter property: group_2=20
2025-03-01 20:52:41,027 INFO o.a.j.JMeter: Setting JMeter property: group_3=5
2025-03-01 20:52:41,027 INFO o.a.j.JMeter: Setting JMeter property: group_1_request_rate=30
2025-03-01 20:52:41,027 INFO o.a.j.JMeter: Setting JMeter property: group_2_request_rate=90
2025-03-01 20:52:41,027 INFO o.a.j.JMeter: Setting JMeter property: group_3_request_rate=120
2025-03-01 20:52:41,027 INFO o.a.j.JMeter: Setting JMeter property: log_file=c:\\Users\\ASUS\\Desktop\\Repos\\rate-limiter-nginx\\jmeter\\cloud\\2025_03_01_18_17_logs\\token_bucket\\redis_async_bucket_capacity_5_refill_rate_1.67_batch_percent_0.5\\warm_up_results.csv
2025-03-01 20:52:41,027 INFO o.a.j.JMeter: Setting JMeter property: algorithm=token_bucket_redis_async_bucket_capacity_5_refill_rate_1.67_batch_percent_0.5
2025-03-01 20:52:41,027 INFO o.a.j.JMeter: Setting JMeter property: auth=/token_bucket/redis_async_bucket_capacity_5_refill_rate_1.67_batch_percent_0.5/tools.descartes.teastore.auth/rest
2025-03-01 20:52:41,027 INFO o.a.j.JMeter: Setting JMeter property: persistence=/token_bucket/redis_async_bucket_capacity_5_refill_rate_1.67_batch_percent_0.5/tools.descartes.teastore.persistence/rest
2025-03-01 20:52:41,037 INFO o.a.j.JMeter: Setting JMeter property: recommender=/token_bucket/redis_async_bucket_capacity_5_refill_rate_1.67_batch_percent_0.5/tools.descartes.teastore.recommender/rest
2025-03-01 20:52:41,037 INFO o.a.j.JMeter: Setting JMeter property: image=/token_bucket/redis_async_bucket_capacity_5_refill_rate_1.67_batch_percent_0.5/tools.descartes.teastore.image/rest
2025-03-01 20:52:41,047 INFO o.a.j.JMeter: Copyright (c) 1998-2024 The Apache Software Foundation
2025-03-01 20:52:41,047 INFO o.a.j.JMeter: Version 5.6.3
2025-03-01 20:52:41,047 INFO o.a.j.JMeter: java.version=17.0.9
2025-03-01 20:52:41,047 INFO o.a.j.JMeter: java.vm.name=Java HotSpot(TM) 64-Bit Server VM
2025-03-01 20:52:41,047 INFO o.a.j.JMeter: os.name=Windows 11
2025-03-01 20:52:41,047 INFO o.a.j.JMeter: os.arch=amd64
2025-03-01 20:52:41,047 INFO o.a.j.JMeter: os.version=10.0
2025-03-01 20:52:41,047 INFO o.a.j.JMeter: file.encoding=Cp1252
2025-03-01 20:52:41,047 INFO o.a.j.JMeter: java.awt.headless=true
2025-03-01 20:52:41,047 INFO o.a.j.JMeter: Max memory     =1073741824
2025-03-01 20:52:41,049 INFO o.a.j.JMeter: Available Processors =12
2025-03-01 20:52:41,060 INFO o.a.j.JMeter: Default Locale=English (EN)
2025-03-01 20:52:41,060 INFO o.a.j.JMeter: JMeter  Locale=English (EN)
2025-03-01 20:52:41,060 INFO o.a.j.JMeter: JMeterHome=C:\Users\ASUS\Desktop\apache-jmeter-5.6.3\apache-jmeter-5.6.3
2025-03-01 20:52:41,060 INFO o.a.j.JMeter: user.dir  =C:\Users\ASUS\Desktop\Repos\rate-limiter-nginx
2025-03-01 20:52:41,060 INFO o.a.j.JMeter: PWD       =C:\Users\ASUS\Desktop\Repos\rate-limiter-nginx
2025-03-01 20:52:41,063 INFO o.a.j.JMeter: IP: 192.168.1.45 Name: THIVA FullName: THIVA
2025-03-01 20:52:41,089 INFO o.a.j.s.FileServer: Default base='C:\Users\ASUS\Desktop\Repos\rate-limiter-nginx'
2025-03-01 20:52:41,093 INFO o.a.j.s.FileServer: Set new base='c:\Users\ASUS\Desktop\Repos\rate-limiter-nginx\jmeter\cloud'
2025-03-01 20:52:41,326 INFO o.a.j.s.SaveService: Testplan (JMX) version: 2.2. Testlog (JTL) version: 2.2
2025-03-01 20:52:41,352 INFO o.a.j.s.SaveService: Using SaveService properties version 5.0
2025-03-01 20:52:41,355 INFO o.a.j.s.SaveService: Using SaveService properties file encoding UTF-8
2025-03-01 20:52:41,358 INFO o.a.j.s.SaveService: Loading file: c:\Users\ASUS\Desktop\Repos\rate-limiter-nginx\jmeter\cloud\teastore_performance.jmx
2025-03-01 20:52:41,404 INFO o.a.j.p.h.c.CookieManager: Settings: Delete null: true Check: true Allow variable: true Save: false Prefix: COOKIE_
2025-03-01 20:52:41,426 INFO o.a.j.p.h.s.HTTPSamplerBase: Parser for text/html is org.apache.jmeter.protocol.http.parser.LagartoBasedHtmlParser
2025-03-01 20:52:41,426 INFO o.a.j.p.h.s.HTTPSamplerBase: Parser for application/xhtml+xml is org.apache.jmeter.protocol.http.parser.LagartoBasedHtmlParser
2025-03-01 20:52:41,426 INFO o.a.j.p.h.s.HTTPSamplerBase: Parser for application/xml is org.apache.jmeter.protocol.http.parser.LagartoBasedHtmlParser
2025-03-01 20:52:41,426 INFO o.a.j.p.h.s.HTTPSamplerBase: Parser for text/xml is org.apache.jmeter.protocol.http.parser.LagartoBasedHtmlParser
2025-03-01 20:52:41,426 INFO o.a.j.p.h.s.HTTPSamplerBase: Parser for text/vnd.wap.wml is org.apache.jmeter.protocol.http.parser.RegexpHTMLParser
2025-03-01 20:52:41,426 INFO o.a.j.p.h.s.HTTPSamplerBase: Parser for text/css is org.apache.jmeter.protocol.http.parser.CssParser
2025-03-01 20:52:41,522 INFO o.a.j.s.SampleResult: Note: Sample TimeStamps are START times
2025-03-01 20:52:41,522 INFO o.a.j.s.SampleResult: sampleresult.default.encoding is set to UTF-8
2025-03-01 20:52:41,522 INFO o.a.j.s.SampleResult: sampleresult.useNanoTime=true
2025-03-01 20:52:41,522 INFO o.a.j.s.SampleResult: sampleresult.nanoThreadSleep=5000
2025-03-01 20:52:41,545 INFO o.a.j.JMeter: Creating summariser <summary>
2025-03-01 20:52:41,579 INFO o.a.j.e.StandardJMeterEngine: Running the test!
2025-03-01 20:52:41,580 INFO o.a.j.s.SampleEvent: List of sample_variables: []
2025-03-01 20:52:41,580 INFO o.a.j.s.SampleEvent: List of sample_variables: []
2025-03-01 20:52:41,584 INFO o.a.j.e.u.CompoundVariable: Note: Function class names must contain the string: '.functions.'
2025-03-01 20:52:41,584 INFO o.a.j.e.u.CompoundVariable: Note: Function class names must not contain the string: '.gui.'
2025-03-01 20:52:41,673 INFO o.a.j.r.ClassFinder: Will scan jar C:\Users\ASUS\Desktop\apache-jmeter-5.6.3\apache-jmeter-5.6.3\lib\ext\jmeter-plugins-casutg-2.10.jar with filter ExtendsClassFilter [parents=[interface org.apache.jmeter.functions.Function], inner=false, contains=null, notContains=null]. Consider exposing JMeter plugins via META-INF/services, and add JMeter-Skip-Class-Scanning=true manifest attribute so JMeter can skip classfile scanning
2025-03-01 20:52:41,697 INFO o.a.j.r.ClassFinder: Will scan jar C:\Users\ASUS\Desktop\apache-jmeter-5.6.3\apache-jmeter-5.6.3\lib\ext\jmeter-plugins-graphs-vs-2.0.jar with filter ExtendsClassFilter [parents=[interface org.apache.jmeter.functions.Function], inner=false, contains=null, notContains=null]. Consider exposing JMeter plugins via META-INF/services, and add JMeter-Skip-Class-Scanning=true manifest attribute so JMeter can skip classfile scanning
2025-03-01 20:52:41,701 INFO o.a.j.r.ClassFinder: Will scan jar C:\Users\ASUS\Desktop\apache-jmeter-5.6.3\apache-jmeter-5.6.3\lib\ext\jmeter-plugins-manager-1.9.jar with filter ExtendsClassFilter [parents=[interface org.apache.jmeter.functions.Function], inner=false, contains=null, notContains=null]. Consider exposing JMeter plugins via META-INF/services, and add JMeter-Skip-Class-Scanning=true manifest attribute so JMeter can skip classfile scanning
2025-03-01 20:52:41,772 INFO o.a.j.r.ClassFinder: Will scan jar C:\Users\ASUS\Desktop\apache-jmeter-5.6.3\apache-jmeter-5.6.3\lib\ext\jmeter-plugins-graphs-basic-2.0.jar with filter ExtendsClassFilter [parents=[interface org.apache.jmeter.functions.Function], inner=false, contains=null, notContains=null]. Consider exposing JMeter plugins via META-INF/services, and add JMeter-Skip-Class-Scanning=true manifest attribute so JMeter can skip classfile scanning
2025-03-01 20:52:41,772 INFO o.a.j.r.ClassFinder: Will scan jar C:\Users\ASUS\Desktop\apache-jmeter-5.6.3\apache-jmeter-5.6.3\lib\ext\jmeter-plugins-manager-0.20.jar with filter ExtendsClassFilter [parents=[interface org.apache.jmeter.functions.Function], inner=false, contains=null, notContains=null]. Consider exposing JMeter plugins via META-INF/services, and add JMeter-Skip-Class-Scanning=true manifest attribute so JMeter can skip classfile scanning
2025-03-01 20:52:41,788 INFO o.a.j.r.ClassFinder: Will scan jar C:\Users\ASUS\Desktop\apache-jmeter-5.6.3\apache-jmeter-5.6.3\lib\ext\jmeter-plugins-tst-2.6.jar with filter ExtendsClassFilter [parents=[interface org.apache.jmeter.functions.Function], inner=false, contains=null, notContains=null]. Consider exposing JMeter plugins via META-INF/services, and add JMeter-Skip-Class-Scanning=true manifest attribute so JMeter can skip classfile scanning
2025-03-01 20:52:41,797 INFO o.a.j.r.ClassFinder: Will scan jar C:\Users\ASUS\Desktop\apache-jmeter-5.6.3\apache-jmeter-5.6.3\lib\ext\jmeter-parallel-0.12.jar with filter ExtendsClassFilter [parents=[interface org.apache.jmeter.functions.Function], inner=false, contains=null, notContains=null]. Consider exposing JMeter plugins via META-INF/services, and add JMeter-Skip-Class-Scanning=true manifest attribute so JMeter can skip classfile scanning
2025-03-01 20:52:42,091 INFO o.a.j.JMeter: Running test (1740842562090)
2025-03-01 20:52:42,091 INFO o.a.j.e.StandardJMeterEngine: Starting setUp thread groups
2025-03-01 20:52:42,091 INFO o.a.j.e.StandardJMeterEngine: Starting setUp ThreadGroup: 1 : setUp Thread Group 
2025-03-01 20:52:42,091 INFO o.a.j.e.StandardJMeterEngine: Starting 20 threads for group setUp Thread Group.
2025-03-01 20:52:42,091 INFO o.a.j.e.StandardJMeterEngine: Thread will continue on error
2025-03-01 20:52:42,091 INFO o.a.j.t.ThreadGroup: Starting thread group... number=1 threads=20 ramp-up=10 delayedStart=false
2025-03-01 20:52:42,103 INFO o.a.j.t.JMeterThread: Thread started: setUp Thread Group 1-1
2025-03-01 20:52:42,131 INFO o.a.j.t.ThreadGroup: Started thread group number 1
2025-03-01 20:52:42,131 INFO o.a.j.e.StandardJMeterEngine: Waiting for all setup thread groups to exit
2025-03-01 20:52:42,621 INFO o.a.j.t.JMeterThread: Thread started: setUp Thread Group 1-2
2025-03-01 20:52:42,900 INFO o.a.j.p.h.s.HTTPHCAbstractImpl: Local host = THIVA
2025-03-01 20:52:42,900 INFO o.a.j.p.h.s.HTTPHC4Impl: HTTP request retry count = 0
2025-03-01 20:52:43,119 INFO o.a.j.t.JMeterThread: Thread started: setUp Thread Group 1-3
2025-03-01 20:52:43,606 INFO o.a.j.t.JMeterThread: Thread started: setUp Thread Group 1-4
2025-03-01 20:52:44,092 INFO o.a.j.t.JMeterThread: Thread started: setUp Thread Group 1-5
2025-03-01 20:52:44,592 INFO o.a.j.t.JMeterThread: Thread started: setUp Thread Group 1-6
2025-03-01 20:52:45,092 INFO o.a.j.t.JMeterThread: Thread started: setUp Thread Group 1-7
2025-03-01 20:52:45,601 INFO o.a.j.t.JMeterThread: Thread started: setUp Thread Group 1-8
2025-03-01 20:52:46,101 INFO o.a.j.t.JMeterThread: Thread started: setUp Thread Group 1-9
2025-03-01 20:52:46,601 INFO o.a.j.t.JMeterThread: Thread started: setUp Thread Group 1-10
2025-03-01 20:52:47,092 INFO o.a.j.t.JMeterThread: Thread started: setUp Thread Group 1-11
2025-03-01 20:52:47,591 INFO o.a.j.t.JMeterThread: Thread started: setUp Thread Group 1-12
2025-03-01 20:52:48,091 INFO o.a.j.t.JMeterThread: Thread started: setUp Thread Group 1-13
2025-03-01 20:52:48,592 INFO o.a.j.t.JMeterThread: Thread started: setUp Thread Group 1-14
2025-03-01 20:52:49,091 INFO o.a.j.t.JMeterThread: Thread started: setUp Thread Group 1-15
2025-03-01 20:52:49,593 INFO o.a.j.t.JMeterThread: Thread started: setUp Thread Group 1-16
2025-03-01 20:52:50,108 INFO o.a.j.t.JMeterThread: Thread started: setUp Thread Group 1-17
2025-03-01 20:52:50,608 INFO o.a.j.t.JMeterThread: Thread started: setUp Thread Group 1-18
2025-03-01 20:52:51,108 INFO o.a.j.t.JMeterThread: Thread started: setUp Thread Group 1-19
2025-03-01 20:52:51,607 INFO o.a.j.t.JMeterThread: Thread started: setUp Thread Group 1-20
2025-03-01 20:53:41,894 INFO o.a.j.t.JMeterThread: Thread finished: setUp Thread Group 1-5
2025-03-01 20:53:41,964 INFO o.a.j.t.JMeterThread: Thread finished: setUp Thread Group 1-7
2025-03-01 20:53:42,021 INFO o.a.j.t.JMeterThread: Thread finished: setUp Thread Group 1-4
2025-03-01 20:53:42,051 INFO o.a.j.t.JMeterThread: Thread finished: setUp Thread Group 1-10
2025-03-01 20:53:42,114 INFO o.a.j.t.JMeterThread: Thread finished: setUp Thread Group 1-20
2025-03-01 20:53:42,130 INFO o.a.j.t.JMeterThread: Stopping because end time detected by thread: setUp Thread Group 1-16
2025-03-01 20:53:42,130 INFO o.a.j.t.JMeterThread: Thread finished: setUp Thread Group 1-16
2025-03-01 20:53:42,162 INFO o.a.j.t.JMeterThread: Stopping because end time detected by thread: setUp Thread Group 1-18
2025-03-01 20:53:42,162 INFO o.a.j.t.JMeterThread: Thread finished: setUp Thread Group 1-18
2025-03-01 20:53:42,242 INFO o.a.j.t.JMeterThread: Stopping because end time detected by thread: setUp Thread Group 1-1
2025-03-01 20:53:42,242 INFO o.a.j.t.JMeterThread: Thread finished: setUp Thread Group 1-1
2025-03-01 20:53:42,258 INFO o.a.j.t.JMeterThread: Stopping because end time detected by thread: setUp Thread Group 1-2
2025-03-01 20:53:42,258 INFO o.a.j.t.JMeterThread: Thread finished: setUp Thread Group 1-2
2025-03-01 20:53:42,274 INFO o.a.j.t.JMeterThread: Stopping because end time detected by thread: setUp Thread Group 1-3
2025-03-01 20:53:42,274 INFO o.a.j.t.JMeterThread: Thread finished: setUp Thread Group 1-3
2025-03-01 20:53:42,324 INFO o.a.j.t.JMeterThread: Stopping because end time detected by thread: setUp Thread Group 1-8
2025-03-01 20:53:42,324 INFO o.a.j.t.JMeterThread: Thread finished: setUp Thread Group 1-8
2025-03-01 20:53:42,417 INFO o.a.j.t.JMeterThread: Stopping because end time detected by thread: setUp Thread Group 1-6
2025-03-01 20:53:42,433 INFO o.a.j.t.JMeterThread: Stopping because end time detected by thread: setUp Thread Group 1-14
2025-03-01 20:53:42,433 INFO o.a.j.t.JMeterThread: Thread finished: setUp Thread Group 1-6
2025-03-01 20:53:42,433 INFO o.a.j.t.JMeterThread: Thread finished: setUp Thread Group 1-14
2025-03-01 20:53:42,465 INFO o.a.j.t.JMeterThread: Stopping because end time detected by thread: setUp Thread Group 1-17
2025-03-01 20:53:42,465 INFO o.a.j.t.JMeterThread: Thread finished: setUp Thread Group 1-17
2025-03-01 20:53:42,513 INFO o.a.j.t.JMeterThread: Stopping because end time detected by thread: setUp Thread Group 1-11
2025-03-01 20:53:42,513 INFO o.a.j.t.JMeterThread: Thread finished: setUp Thread Group 1-11
2025-03-01 20:53:42,513 INFO o.a.j.t.JMeterThread: Stopping because end time detected by thread: setUp Thread Group 1-9
2025-03-01 20:53:42,513 INFO o.a.j.t.JMeterThread: Thread finished: setUp Thread Group 1-9
2025-03-01 20:53:42,544 INFO o.a.j.t.JMeterThread: Stopping because end time detected by thread: setUp Thread Group 1-15
2025-03-01 20:53:42,544 INFO o.a.j.t.JMeterThread: Thread finished: setUp Thread Group 1-15
2025-03-01 20:53:42,574 INFO o.a.j.t.JMeterThread: Stopping because end time detected by thread: setUp Thread Group 1-19
2025-03-01 20:53:42,574 INFO o.a.j.t.JMeterThread: Thread finished: setUp Thread Group 1-19
2025-03-01 20:53:42,576 INFO o.a.j.t.JMeterThread: Stopping because end time detected by thread: setUp Thread Group 1-13
2025-03-01 20:53:42,576 INFO o.a.j.t.JMeterThread: Thread finished: setUp Thread Group 1-13
2025-03-01 20:53:42,751 INFO o.a.j.t.JMeterThread: Stopping because end time detected by thread: setUp Thread Group 1-12
2025-03-01 20:53:42,751 INFO o.a.j.t.JMeterThread: Thread finished: setUp Thread Group 1-12
2025-03-01 20:53:42,751 INFO o.a.j.e.StandardJMeterEngine: All Setup Threads have ended
2025-03-01 20:53:42,792 INFO o.a.j.e.StandardJMeterEngine: Starting ThreadGroup: 1 : Thread-Gruppe
2025-03-01 20:53:42,792 INFO o.a.j.e.StandardJMeterEngine: Starting 75 threads for group Thread-Gruppe.
2025-03-01 20:53:42,792 INFO o.a.j.e.StandardJMeterEngine: Thread will continue on error
2025-03-01 20:53:42,792 INFO o.a.j.t.ThreadGroup: Starting thread group... number=1 threads=75 ramp-up=10 delayedStart=false
2025-03-01 20:53:42,799 INFO o.a.j.t.JMeterThread: Thread started: Thread-Gruppe 1-1
2025-03-01 20:53:42,858 INFO o.a.j.t.ThreadGroup: Started thread group number 1
2025-03-01 20:53:42,858 INFO o.a.j.e.StandardJMeterEngine: Starting ThreadGroup: 2 : Thread-Gruppe
2025-03-01 20:53:42,859 INFO o.a.j.e.StandardJMeterEngine: Starting 20 threads for group Thread-Gruppe.
2025-03-01 20:53:42,859 INFO o.a.j.e.StandardJMeterEngine: Thread will continue on error
2025-03-01 20:53:42,859 INFO o.a.j.t.ThreadGroup: Starting thread group... number=2 threads=20 ramp-up=10 delayedStart=false
2025-03-01 20:53:42,860 INFO o.a.j.t.JMeterThread: Thread started: Thread-Gruppe 2-1
2025-03-01 20:53:42,870 INFO o.a.j.t.ThreadGroup: Started thread group number 2
2025-03-01 20:53:42,871 INFO o.a.j.e.StandardJMeterEngine: Starting ThreadGroup: 3 : Thread-Gruppe
2025-03-01 20:53:42,871 INFO o.a.j.e.StandardJMeterEngine: Starting 5 threads for group Thread-Gruppe.
2025-03-01 20:53:42,871 INFO o.a.j.e.StandardJMeterEngine: Thread will continue on error
2025-03-01 20:53:42,871 INFO o.a.j.t.ThreadGroup: Starting thread group... number=3 threads=5 ramp-up=10 delayedStart=false
2025-03-01 20:53:42,873 INFO o.a.j.t.JMeterThread: Thread started: Thread-Gruppe 3-1
2025-03-01 20:53:42,876 INFO o.a.j.t.ThreadGroup: Started thread group number 3
2025-03-01 20:53:42,876 INFO o.a.j.e.StandardJMeterEngine: All thread groups have been started
2025-03-01 20:53:42,933 INFO o.a.j.t.JMeterThread: Thread started: Thread-Gruppe 1-2
2025-03-01 20:53:43,067 INFO o.a.j.t.JMeterThread: Thread started: Thread-Gruppe 1-3
2025-03-01 20:53:43,201 INFO o.a.j.t.JMeterThread: Thread started: Thread-Gruppe 1-4
2025-03-01 20:53:43,334 INFO o.a.j.t.JMeterThread: Thread started: Thread-Gruppe 1-5
2025-03-01 20:53:43,362 INFO o.a.j.t.JMeterThread: Thread started: Thread-Gruppe 2-2
2025-03-01 20:53:43,461 INFO o.a.j.t.JMeterThread: Thread started: Thread-Gruppe 1-6
2025-03-01 20:53:43,594 INFO o.a.j.t.JMeterThread: Thread started: Thread-Gruppe 1-7
2025-03-01 20:53:43,727 INFO o.a.j.t.JMeterThread: Thread started: Thread-Gruppe 1-8
2025-03-01 20:53:43,860 INFO o.a.j.t.JMeterThread: Thread started: Thread-Gruppe 1-9
2025-03-01 20:53:43,861 INFO o.a.j.t.JMeterThread: Thread started: Thread-Gruppe 2-3
2025-03-01 20:53:43,993 INFO o.a.j.t.JMeterThread: Thread started: Thread-Gruppe 1-10
2025-03-01 20:53:44,125 INFO o.a.j.t.JMeterThread: Thread started: Thread-Gruppe 1-11
2025-03-01 20:53:44,257 INFO o.a.j.t.JMeterThread: Thread started: Thread-Gruppe 1-12
2025-03-01 20:53:44,362 INFO o.a.j.t.JMeterThread: Thread started: Thread-Gruppe 2-4
2025-03-01 20:53:44,391 INFO o.a.j.t.JMeterThread: Thread started: Thread-Gruppe 1-13
2025-03-01 20:53:44,524 INFO o.a.j.t.JMeterThread: Thread started: Thread-Gruppe 1-14
2025-03-01 20:53:44,659 INFO o.a.j.t.JMeterThread: Thread started: Thread-Gruppe 1-15
2025-03-01 20:53:44,791 INFO o.a.j.t.JMeterThread: Thread started: Thread-Gruppe 1-16
2025-03-01 20:53:44,861 INFO o.a.j.t.JMeterThread: Thread started: Thread-Gruppe 2-5
2025-03-01 20:53:44,875 INFO o.a.j.t.JMeterThread: Thread started: Thread-Gruppe 3-2
2025-03-01 20:53:44,924 INFO o.a.j.t.JMeterThread: Thread started: Thread-Gruppe 1-17
2025-03-01 20:53:45,057 INFO o.a.j.t.JMeterThread: Thread started: Thread-Gruppe 1-18
2025-03-01 20:53:45,189 INFO o.a.j.t.JMeterThread: Thread started: Thread-Gruppe 1-19
2025-03-01 20:53:45,323 INFO o.a.j.t.JMeterThread: Thread started: Thread-Gruppe 1-20
2025-03-01 20:53:45,362 INFO o.a.j.t.JMeterThread: Thread started: Thread-Gruppe 2-6
2025-03-01 20:53:45,456 INFO o.a.j.t.JMeterThread: Thread started: Thread-Gruppe 1-21
2025-03-01 20:53:45,588 INFO o.a.j.t.JMeterThread: Thread started: Thread-Gruppe 1-22
2025-03-01 20:53:45,722 INFO o.a.j.t.JMeterThread: Thread started: Thread-Gruppe 1-23
2025-03-01 20:53:45,855 INFO o.a.j.t.JMeterThread: Thread started: Thread-Gruppe 1-24
2025-03-01 20:53:45,862 INFO o.a.j.t.JMeterThread: Thread started: Thread-Gruppe 2-7
2025-03-01 20:53:45,987 INFO o.a.j.t.JMeterThread: Thread started: Thread-Gruppe 1-25
2025-03-01 20:53:46,121 INFO o.a.j.t.JMeterThread: Thread started: Thread-Gruppe 1-26
2025-03-01 20:53:46,253 INFO o.a.j.t.JMeterThread: Thread started: Thread-Gruppe 1-27
2025-03-01 20:53:46,361 INFO o.a.j.t.JMeterThread: Thread started: Thread-Gruppe 2-8
2025-03-01 20:53:46,386 INFO o.a.j.t.JMeterThread: Thread started: Thread-Gruppe 1-28
2025-03-01 20:53:46,520 INFO o.a.j.t.JMeterThread: Thread started: Thread-Gruppe 1-29
2025-03-01 20:53:46,653 INFO o.a.j.t.JMeterThread: Thread started: Thread-Gruppe 1-30
2025-03-01 20:53:46,786 INFO o.a.j.t.JMeterThread: Thread started: Thread-Gruppe 1-31
2025-03-01 20:53:46,862 INFO o.a.j.t.JMeterThread: Thread started: Thread-Gruppe 2-9
2025-03-01 20:53:46,873 INFO o.a.j.t.JMeterThread: Thread started: Thread-Gruppe 3-3
2025-03-01 20:53:46,917 INFO o.a.j.t.JMeterThread: Thread started: Thread-Gruppe 1-32
2025-03-01 20:53:47,051 INFO o.a.j.t.JMeterThread: Thread started: Thread-Gruppe 1-33
2025-03-01 20:53:47,183 INFO o.a.j.t.JMeterThread: Thread started: Thread-Gruppe 1-34
2025-03-01 20:53:47,320 INFO o.a.j.t.JMeterThread: Thread started: Thread-Gruppe 1-35
2025-03-01 20:53:47,360 INFO o.a.j.t.JMeterThread: Thread started: Thread-Gruppe 2-10
2025-03-01 20:53:47,450 INFO o.a.j.t.JMeterThread: Thread started: Thread-Gruppe 1-36
2025-03-01 20:53:47,584 INFO o.a.j.t.JMeterThread: Thread started: Thread-Gruppe 1-37
2025-03-01 20:53:47,717 INFO o.a.j.t.JMeterThread: Thread started: Thread-Gruppe 1-38
2025-03-01 20:53:47,849 INFO o.a.j.t.JMeterThread: Thread started: Thread-Gruppe 1-39
2025-03-01 20:53:47,861 INFO o.a.j.t.JMeterThread: Thread started: Thread-Gruppe 2-11
2025-03-01 20:53:47,982 INFO o.a.j.t.JMeterThread: Thread started: Thread-Gruppe 1-40
2025-03-01 20:53:48,116 INFO o.a.j.t.JMeterThread: Thread started: Thread-Gruppe 1-41
2025-03-01 20:53:48,248 INFO o.a.j.t.JMeterThread: Thread started: Thread-Gruppe 1-42
2025-03-01 20:53:48,360 INFO o.a.j.t.JMeterThread: Thread started: Thread-Gruppe 2-12
2025-03-01 20:53:48,380 INFO o.a.j.t.JMeterThread: Thread started: Thread-Gruppe 1-43
2025-03-01 20:53:48,514 INFO o.a.j.t.JMeterThread: Thread started: Thread-Gruppe 1-44
2025-03-01 20:53:48,647 INFO o.a.j.t.JMeterThread: Thread started: Thread-Gruppe 1-45
2025-03-01 20:53:48,781 INFO o.a.j.t.JMeterThread: Thread started: Thread-Gruppe 1-46
2025-03-01 20:53:48,860 INFO o.a.j.t.JMeterThread: Thread started: Thread-Gruppe 2-13
2025-03-01 20:53:48,872 INFO o.a.j.t.JMeterThread: Thread started: Thread-Gruppe 3-4
2025-03-01 20:53:48,912 INFO o.a.j.t.JMeterThread: Thread started: Thread-Gruppe 1-47
2025-03-01 20:53:49,045 INFO o.a.j.t.JMeterThread: Thread started: Thread-Gruppe 1-48
2025-03-01 20:53:49,179 INFO o.a.j.t.JMeterThread: Thread started: Thread-Gruppe 1-49
2025-03-01 20:53:49,316 INFO o.a.j.t.JMeterThread: Thread started: Thread-Gruppe 1-50
2025-03-01 20:53:49,360 INFO o.a.j.t.JMeterThread: Thread started: Thread-Gruppe 2-14
2025-03-01 20:53:49,445 INFO o.a.j.t.JMeterThread: Thread started: Thread-Gruppe 1-51
2025-03-01 20:53:49,578 INFO o.a.j.t.JMeterThread: Thread started: Thread-Gruppe 1-52
2025-03-01 20:53:49,710 INFO o.a.j.t.JMeterThread: Thread started: Thread-Gruppe 1-53
2025-03-01 20:53:49,845 INFO o.a.j.t.JMeterThread: Thread started: Thread-Gruppe 1-54
2025-03-01 20:53:49,862 INFO o.a.j.t.JMeterThread: Thread started: Thread-Gruppe 2-15
2025-03-01 20:53:49,976 INFO o.a.j.t.JMeterThread: Thread started: Thread-Gruppe 1-55
2025-03-01 20:53:50,109 INFO o.a.j.t.JMeterThread: Thread started: Thread-Gruppe 1-56
2025-03-01 20:53:50,241 INFO o.a.j.t.JMeterThread: Thread started: Thread-Gruppe 1-57
2025-03-01 20:53:50,361 INFO o.a.j.t.JMeterThread: Thread started: Thread-Gruppe 2-16
2025-03-01 20:53:50,375 INFO o.a.j.t.JMeterThread: Thread started: Thread-Gruppe 1-58
2025-03-01 20:53:50,507 INFO o.a.j.t.JMeterThread: Thread started: Thread-Gruppe 1-59
2025-03-01 20:53:50,641 INFO o.a.j.t.JMeterThread: Thread started: Thread-Gruppe 1-60
2025-03-01 20:53:50,775 INFO o.a.j.t.JMeterThread: Thread started: Thread-Gruppe 1-61
2025-03-01 20:53:50,861 INFO o.a.j.t.JMeterThread: Thread started: Thread-Gruppe 2-17
2025-03-01 20:53:50,873 INFO o.a.j.t.JMeterThread: Thread started: Thread-Gruppe 3-5
2025-03-01 20:53:50,907 INFO o.a.j.t.JMeterThread: Thread started: Thread-Gruppe 1-62
2025-03-01 20:53:51,041 INFO o.a.j.t.JMeterThread: Thread started: Thread-Gruppe 1-63
2025-03-01 20:53:51,173 INFO o.a.j.t.JMeterThread: Thread started: Thread-Gruppe 1-64
2025-03-01 20:53:51,306 INFO o.a.j.t.JMeterThread: Thread started: Thread-Gruppe 1-65
2025-03-01 20:53:51,362 INFO o.a.j.t.JMeterThread: Thread started: Thread-Gruppe 2-18
2025-03-01 20:53:51,439 INFO o.a.j.t.JMeterThread: Thread started: Thread-Gruppe 1-66
2025-03-01 20:53:51,573 INFO o.a.j.t.JMeterThread: Thread started: Thread-Gruppe 1-67
2025-03-01 20:53:51,706 INFO o.a.j.t.JMeterThread: Thread started: Thread-Gruppe 1-68
2025-03-01 20:53:51,838 INFO o.a.j.t.JMeterThread: Thread started: Thread-Gruppe 1-69
2025-03-01 20:53:51,862 INFO o.a.j.t.JMeterThread: Thread started: Thread-Gruppe 2-19
2025-03-01 20:53:51,971 INFO o.a.j.t.JMeterThread: Thread started: Thread-Gruppe 1-70
2025-03-01 20:53:52,103 INFO o.a.j.t.JMeterThread: Thread started: Thread-Gruppe 1-71
2025-03-01 20:53:52,236 INFO o.a.j.t.JMeterThread: Thread started: Thread-Gruppe 1-72
2025-03-01 20:53:52,361 INFO o.a.j.t.JMeterThread: Thread started: Thread-Gruppe 2-20
2025-03-01 20:53:52,370 INFO o.a.j.t.JMeterThread: Thread started: Thread-Gruppe 1-73
2025-03-01 20:53:52,502 INFO o.a.j.t.JMeterThread: Thread started: Thread-Gruppe 1-74
2025-03-01 20:53:52,635 INFO o.a.j.t.JMeterThread: Thread started: Thread-Gruppe 1-75
2025-03-01 20:54:00,001 INFO o.a.j.r.Summariser: summary +    962 in 00:01:18 =   12.3/s Avg:   410 Min:   243 Max:   986 Err:     0 (0.00%) Active: 100 Started: 100 Finished: 0
2025-03-01 20:54:30,016 INFO o.a.j.r.Summariser: summary +   2286 in 00:00:30 =   76.2/s Avg:   396 Min:   242 Max:   919 Err:     1 (0.04%) Active: 100 Started: 100 Finished: 0
2025-03-01 20:54:30,016 INFO o.a.j.r.Summariser: summary =   3248 in 00:01:48 =   30.1/s Avg:   401 Min:   242 Max:   986 Err:     1 (0.03%)
2025-03-01 20:55:00,056 INFO o.a.j.r.Summariser: summary +   2270 in 00:00:30 =   75.6/s Avg:   433 Min:   243 Max:  1582 Err:     0 (0.00%) Active: 100 Started: 100 Finished: 0
2025-03-01 20:55:00,057 INFO o.a.j.r.Summariser: summary =   5518 in 00:02:18 =   40.0/s Avg:   414 Min:   242 Max:  1582 Err:     1 (0.02%)
2025-03-01 20:55:30,001 INFO o.a.j.r.Summariser: summary +   2274 in 00:00:30 =   75.9/s Avg:   394 Min:   242 Max:   958 Err:     0 (0.00%) Active: 100 Started: 100 Finished: 0
2025-03-01 20:55:30,001 INFO o.a.j.r.Summariser: summary =   7792 in 00:02:48 =   46.4/s Avg:   408 Min:   242 Max:  1582 Err:     1 (0.01%)
2025-03-01 20:56:00,002 INFO o.a.j.r.Summariser: summary +   2277 in 00:00:30 =   75.9/s Avg:   421 Min:   242 Max:  1149 Err:     1 (0.04%) Active: 100 Started: 100 Finished: 0
2025-03-01 20:56:00,002 INFO o.a.j.r.Summariser: summary =  10069 in 00:03:18 =   50.9/s Avg:   411 Min:   242 Max:  1582 Err:     2 (0.02%)
2025-03-01 20:56:30,025 INFO o.a.j.r.Summariser: summary +   2282 in 00:00:30 =   76.0/s Avg:   391 Min:   242 Max:   943 Err:     0 (0.00%) Active: 100 Started: 100 Finished: 0
2025-03-01 20:56:30,026 INFO o.a.j.r.Summariser: summary =  12351 in 00:03:48 =   54.2/s Avg:   407 Min:   242 Max:  1582 Err:     2 (0.02%)
2025-03-01 20:57:00,005 INFO o.a.j.r.Summariser: summary +   2278 in 00:00:30 =   76.0/s Avg:   420 Min:   243 Max:  1078 Err:     1 (0.04%) Active: 100 Started: 100 Finished: 0
2025-03-01 20:57:00,005 INFO o.a.j.r.Summariser: summary =  14629 in 00:04:18 =   56.7/s Avg:   409 Min:   242 Max:  1582 Err:     3 (0.02%)
2025-03-01 20:57:30,003 INFO o.a.j.r.Summariser: summary +   2272 in 00:00:30 =   75.7/s Avg:   398 Min:   243 Max:   987 Err:     0 (0.00%) Active: 100 Started: 100 Finished: 0
2025-03-01 20:57:30,003 INFO o.a.j.r.Summariser: summary =  16901 in 00:04:48 =   58.7/s Avg:   408 Min:   242 Max:  1582 Err:     3 (0.02%)
2025-03-01 20:58:00,026 INFO o.a.j.r.Summariser: summary +   2278 in 00:00:30 =   75.9/s Avg:   410 Min:   242 Max:  1064 Err:     0 (0.00%) Active: 100 Started: 100 Finished: 0
2025-03-01 20:58:00,027 INFO o.a.j.r.Summariser: summary =  19179 in 00:05:18 =   60.3/s Avg:   408 Min:   242 Max:  1582 Err:     3 (0.02%)
2025-03-01 20:58:30,003 INFO o.a.j.r.Summariser: summary +   2280 in 00:00:30 =   76.1/s Avg:   397 Min:   243 Max:  1004 Err:     1 (0.04%) Active: 100 Started: 100 Finished: 0
2025-03-01 20:58:30,004 INFO o.a.j.r.Summariser: summary =  21459 in 00:05:48 =   61.7/s Avg:   407 Min:   242 Max:  1582 Err:     4 (0.02%)
2025-03-01 20:59:00,030 INFO o.a.j.r.Summariser: summary +   2273 in 00:00:30 =   75.7/s Avg:   419 Min:   243 Max:  1097 Err:     0 (0.00%) Active: 100 Started: 100 Finished: 0
2025-03-01 20:59:00,030 INFO o.a.j.r.Summariser: summary =  23732 in 00:06:18 =   62.8/s Avg:   408 Min:   242 Max:  1582 Err:     4 (0.02%)
2025-03-01 20:59:30,006 INFO o.a.j.r.Summariser: summary +   2275 in 00:00:30 =   75.9/s Avg:   399 Min:   242 Max:  1115 Err:     0 (0.00%) Active: 100 Started: 100 Finished: 0
2025-03-01 20:59:30,007 INFO o.a.j.r.Summariser: summary =  26007 in 00:06:48 =   63.8/s Avg:   407 Min:   242 Max:  1582 Err:     4 (0.02%)
2025-03-01 21:00:00,020 INFO o.a.j.r.Summariser: summary +   2272 in 00:00:30 =   75.7/s Avg:   419 Min:   243 Max:  1147 Err:     0 (0.00%) Active: 100 Started: 100 Finished: 0
2025-03-01 21:00:00,021 INFO o.a.j.r.Summariser: summary =  28279 in 00:07:18 =   64.6/s Avg:   408 Min:   242 Max:  1582 Err:     4 (0.01%)
2025-03-01 21:00:30,003 INFO o.a.j.r.Summariser: summary +   2278 in 00:00:30 =   76.0/s Avg:   388 Min:   242 Max:  1033 Err:     0 (0.00%) Active: 100 Started: 100 Finished: 0
2025-03-01 21:00:30,003 INFO o.a.j.r.Summariser: summary =  30557 in 00:07:48 =   65.3/s Avg:   407 Min:   242 Max:  1582 Err:     4 (0.01%)
2025-03-01 21:01:00,006 INFO o.a.j.r.Summariser: summary +   2281 in 00:00:30 =   76.0/s Avg:   412 Min:   243 Max:  1050 Err:     0 (0.00%) Active: 100 Started: 100 Finished: 0
2025-03-01 21:01:00,007 INFO o.a.j.r.Summariser: summary =  32838 in 00:08:18 =   66.0/s Avg:   407 Min:   242 Max:  1582 Err:     4 (0.01%)
2025-03-01 21:01:30,003 INFO o.a.j.r.Summariser: summary +   2278 in 00:00:30 =   75.9/s Avg:   403 Min:   242 Max:  1287 Err:     0 (0.00%) Active: 100 Started: 100 Finished: 0
2025-03-01 21:01:30,004 INFO o.a.j.r.Summariser: summary =  35116 in 00:08:48 =   66.5/s Avg:   407 Min:   242 Max:  1582 Err:     4 (0.01%)
2025-03-01 21:02:00,017 INFO o.a.j.r.Summariser: summary +   2276 in 00:00:30 =   75.8/s Avg:   403 Min:   243 Max:  1382 Err:     0 (0.00%) Active: 100 Started: 100 Finished: 0
2025-03-01 21:02:00,018 INFO o.a.j.r.Summariser: summary =  37392 in 00:09:18 =   67.0/s Avg:   407 Min:   242 Max:  1582 Err:     4 (0.01%)
2025-03-01 21:02:30,003 INFO o.a.j.r.Summariser: summary +   2277 in 00:00:30 =   75.9/s Avg:   413 Min:   242 Max:  1138 Err:     0 (0.00%) Active: 100 Started: 100 Finished: 0
2025-03-01 21:02:30,004 INFO o.a.j.r.Summariser: summary =  39669 in 00:09:48 =   67.5/s Avg:   407 Min:   242 Max:  1582 Err:     4 (0.01%)
2025-03-01 21:03:00,015 INFO o.a.j.r.Summariser: summary +   2282 in 00:00:30 =   76.0/s Avg:   402 Min:   242 Max:  1121 Err:     0 (0.00%) Active: 100 Started: 100 Finished: 0
2025-03-01 21:03:00,015 INFO o.a.j.r.Summariser: summary =  41951 in 00:10:18 =   67.9/s Avg:   407 Min:   242 Max:  1582 Err:     4 (0.01%)
2025-03-01 21:03:30,009 INFO o.a.j.r.Summariser: summary +   2279 in 00:00:30 =   76.0/s Avg:   416 Min:   242 Max:  1068 Err:     0 (0.00%) Active: 100 Started: 100 Finished: 0
2025-03-01 21:03:30,010 INFO o.a.j.r.Summariser: summary =  44230 in 00:10:48 =   68.3/s Avg:   407 Min:   242 Max:  1582 Err:     4 (0.01%)
2025-03-01 21:03:41,165 INFO o.a.j.t.JMeterThread: Thread finished: Thread-Gruppe 1-47
2025-03-01 21:03:41,177 INFO o.a.j.t.JMeterThread: Thread finished: Thread-Gruppe 1-17
2025-03-01 21:03:41,225 INFO o.a.j.t.JMeterThread: Thread finished: Thread-Gruppe 1-1
2025-03-01 21:03:41,296 INFO o.a.j.t.JMeterThread: Thread finished: Thread-Gruppe 1-62
2025-03-01 21:03:41,296 INFO o.a.j.t.JMeterThread: Thread finished: Thread-Gruppe 1-48
2025-03-01 21:03:41,308 INFO o.a.j.t.JMeterThread: Thread finished: Thread-Gruppe 1-18
2025-03-01 21:03:41,323 INFO o.a.j.t.JMeterThread: Thread finished: Thread-Gruppe 1-2
2025-03-01 21:03:41,431 INFO o.a.j.t.JMeterThread: Thread finished: Thread-Gruppe 1-49
2025-03-01 21:03:41,431 INFO o.a.j.t.JMeterThread: Thread finished: Thread-Gruppe 1-63
2025-03-01 21:03:41,443 INFO o.a.j.t.JMeterThread: Thread finished: Thread-Gruppe 1-19
2025-03-01 21:03:41,453 INFO o.a.j.t.JMeterThread: Thread finished: Thread-Gruppe 1-3
2025-03-01 21:03:41,568 INFO o.a.j.t.JMeterThread: Thread finished: Thread-Gruppe 1-64
2025-03-01 21:03:41,580 INFO o.a.j.t.JMeterThread: Thread finished: Thread-Gruppe 1-50
2025-03-01 21:03:41,591 INFO o.a.j.t.JMeterThread: Thread finished: Thread-Gruppe 1-20
2025-03-01 21:03:41,600 INFO o.a.j.t.JMeterThread: Thread finished: Thread-Gruppe 1-4
2025-03-01 21:03:41,692 INFO o.a.j.t.JMeterThread: Thread finished: Thread-Gruppe 1-32
2025-03-01 21:03:41,700 INFO o.a.j.t.JMeterThread: Thread finished: Thread-Gruppe 1-51
2025-03-01 21:03:41,705 INFO o.a.j.t.JMeterThread: Thread finished: Thread-Gruppe 1-65
2025-03-01 21:03:41,723 INFO o.a.j.t.JMeterThread: Thread finished: Thread-Gruppe 1-21
2025-03-01 21:03:41,736 INFO o.a.j.t.JMeterThread: Thread finished: Thread-Gruppe 1-5
2025-03-01 21:03:41,831 INFO o.a.j.t.JMeterThread: Thread finished: Thread-Gruppe 1-66
2025-03-01 21:03:41,836 INFO o.a.j.t.JMeterThread: Thread finished: Thread-Gruppe 1-52
2025-03-01 21:03:41,844 INFO o.a.j.t.JMeterThread: Thread finished: Thread-Gruppe 1-22
2025-03-01 21:03:41,853 INFO o.a.j.t.JMeterThread: Thread finished: Thread-Gruppe 1-6
2025-03-01 21:03:41,879 INFO o.a.j.t.JMeterThread: Thread finished: Thread-Gruppe 1-33
2025-03-01 21:03:41,960 INFO o.a.j.t.JMeterThread: Thread finished: Thread-Gruppe 1-53
2025-03-01 21:03:41,963 INFO o.a.j.t.JMeterThread: Thread finished: Thread-Gruppe 1-67
2025-03-01 21:03:41,977 INFO o.a.j.t.JMeterThread: Thread finished: Thread-Gruppe 1-34
2025-03-01 21:03:41,982 INFO o.a.j.t.JMeterThread: Thread finished: Thread-Gruppe 1-23
2025-03-01 21:03:41,982 INFO o.a.j.t.JMeterThread: Thread finished: Thread-Gruppe 1-7
2025-03-01 21:03:42,120 INFO o.a.j.t.JMeterThread: Thread finished: Thread-Gruppe 1-68
2025-03-01 21:03:42,121 INFO o.a.j.t.JMeterThread: Thread finished: Thread-Gruppe 1-54
2025-03-01 21:03:42,124 INFO o.a.j.t.JMeterThread: Thread finished: Thread-Gruppe 1-35
2025-03-01 21:03:42,126 INFO o.a.j.t.JMeterThread: Thread finished: Thread-Gruppe 1-8
2025-03-01 21:03:42,135 INFO o.a.j.t.JMeterThread: Thread finished: Thread-Gruppe 1-24
2025-03-01 21:03:42,221 INFO o.a.j.t.JMeterThread: Thread finished: Thread-Gruppe 1-36
2025-03-01 21:03:42,224 INFO o.a.j.t.JMeterThread: Thread finished: Thread-Gruppe 1-69
2025-03-01 21:03:42,226 INFO o.a.j.t.JMeterThread: Thread finished: Thread-Gruppe 1-55
2025-03-01 21:03:42,247 INFO o.a.j.t.JMeterThread: Thread finished: Thread-Gruppe 1-25
2025-03-01 21:03:42,248 INFO o.a.j.t.JMeterThread: Thread finished: Thread-Gruppe 1-9
2025-03-01 21:03:42,359 INFO o.a.j.t.JMeterThread: Thread finished: Thread-Gruppe 1-37
2025-03-01 21:03:42,368 INFO o.a.j.t.JMeterThread: Thread finished: Thread-Gruppe 1-70
2025-03-01 21:03:42,375 INFO o.a.j.t.JMeterThread: Thread finished: Thread-Gruppe 1-56
2025-03-01 21:03:42,375 INFO o.a.j.t.JMeterThread: Thread finished: Thread-Gruppe 1-26
2025-03-01 21:03:42,384 INFO o.a.j.t.JMeterThread: Thread finished: Thread-Gruppe 1-10
2025-03-01 21:03:42,492 INFO o.a.j.t.JMeterThread: Thread finished: Thread-Gruppe 1-57
2025-03-01 21:03:42,511 INFO o.a.j.t.JMeterThread: Thread finished: Thread-Gruppe 1-27
2025-03-01 21:03:42,512 INFO o.a.j.t.JMeterThread: Thread finished: Thread-Gruppe 1-71
2025-03-01 21:03:42,539 INFO o.a.j.t.JMeterThread: Thread finished: Thread-Gruppe 1-38
2025-03-01 21:03:42,543 INFO o.a.j.t.JMeterThread: Thread finished: Thread-Gruppe 1-11
2025-03-01 21:03:42,583 INFO o.a.j.t.JMeterThread: Thread finished: Thread-Gruppe 2-17
2025-03-01 21:03:42,627 INFO o.a.j.t.JMeterThread: Thread finished: Thread-Gruppe 1-72
2025-03-01 21:03:42,635 INFO o.a.j.t.JMeterThread: Thread finished: Thread-Gruppe 1-58
2025-03-01 21:03:42,639 INFO o.a.j.t.JMeterThread: Thread finished: Thread-Gruppe 1-28
2025-03-01 21:03:42,656 INFO o.a.j.t.JMeterThread: Thread finished: Thread-Gruppe 1-12
2025-03-01 21:03:42,727 INFO o.a.j.t.JMeterThread: Thread finished: Thread-Gruppe 2-13
2025-03-01 21:03:42,732 INFO o.a.j.t.JMeterThread: Thread finished: Thread-Gruppe 1-39
2025-03-01 21:03:42,740 INFO o.a.j.t.JMeterThread: Thread finished: Thread-Gruppe 2-10
2025-03-01 21:03:42,751 INFO o.a.j.t.JMeterThread: Thread finished: Thread-Gruppe 1-40
2025-03-01 21:03:42,755 INFO o.a.j.t.JMeterThread: Thread finished: Thread-Gruppe 1-73
2025-03-01 21:03:42,760 INFO o.a.j.t.JMeterThread: Thread finished: Thread-Gruppe 1-59
2025-03-01 21:03:42,800 INFO o.a.j.t.JMeterThread: Thread finished: Thread-Gruppe 1-29
2025-03-01 21:03:42,801 INFO o.a.j.t.JMeterThread: Thread finished: Thread-Gruppe 2-3
2025-03-01 21:03:42,804 INFO o.a.j.t.JMeterThread: Thread finished: Thread-Gruppe 1-13
2025-03-01 21:03:42,820 INFO o.a.j.t.JMeterThread: Thread finished: Thread-Gruppe 2-9
2025-03-01 21:03:42,834 INFO o.a.j.t.JMeterThread: Thread finished: Thread-Gruppe 2-16
2025-03-01 21:03:42,852 INFO o.a.j.t.JMeterThread: Thread finished: Thread-Gruppe 2-12
2025-03-01 21:03:42,865 INFO o.a.j.t.JMeterThread: Stopping because end time detected by thread: Thread-Gruppe 2-1
2025-03-01 21:03:42,865 INFO o.a.j.t.JMeterThread: Thread finished: Thread-Gruppe 2-1
2025-03-01 21:03:42,881 INFO o.a.j.t.JMeterThread: Stopping because end time detected by thread: Thread-Gruppe 1-74
2025-03-01 21:03:42,881 INFO o.a.j.t.JMeterThread: Stopping because end time detected by thread: Thread-Gruppe 1-60
2025-03-01 21:03:42,894 INFO o.a.j.t.JMeterThread: Thread finished: Thread-Gruppe 1-74
2025-03-01 21:03:42,894 INFO o.a.j.t.JMeterThread: Thread finished: Thread-Gruppe 1-60
2025-03-01 21:03:42,894 INFO o.a.j.t.JMeterThread: Stopping because end time detected by thread: Thread-Gruppe 2-2
2025-03-01 21:03:42,894 INFO o.a.j.t.JMeterThread: Thread finished: Thread-Gruppe 2-2
2025-03-01 21:03:42,894 INFO o.a.j.t.JMeterThread: Stopping because end time detected by thread: Thread-Gruppe 1-41
2025-03-01 21:03:42,894 INFO o.a.j.t.JMeterThread: Thread finished: Thread-Gruppe 1-41
2025-03-01 21:03:42,909 INFO o.a.j.t.JMeterThread: Stopping because end time detected by thread: Thread-Gruppe 2-20
2025-03-01 21:03:42,909 INFO o.a.j.t.JMeterThread: Thread finished: Thread-Gruppe 2-20
2025-03-01 21:03:42,909 INFO o.a.j.t.JMeterThread: Stopping because end time detected by thread: Thread-Gruppe 1-30
2025-03-01 21:03:42,909 INFO o.a.j.t.JMeterThread: Thread finished: Thread-Gruppe 1-30
2025-03-01 21:03:42,909 INFO o.a.j.t.JMeterThread: Stopping because end time detected by thread: Thread-Gruppe 1-14
2025-03-01 21:03:42,909 INFO o.a.j.t.JMeterThread: Thread finished: Thread-Gruppe 1-14
2025-03-01 21:03:42,941 INFO o.a.j.t.JMeterThread: Stopping because end time detected by thread: Thread-Gruppe 3-2
2025-03-01 21:03:42,941 INFO o.a.j.t.JMeterThread: Thread finished: Thread-Gruppe 3-2
2025-03-01 21:03:42,957 INFO o.a.j.t.JMeterThread: Stopping because end time detected by thread: Thread-Gruppe 2-19
2025-03-01 21:03:42,957 INFO o.a.j.t.JMeterThread: Thread finished: Thread-Gruppe 2-19
2025-03-01 21:03:42,973 INFO o.a.j.t.JMeterThread: Stopping because end time detected by thread: Thread-Gruppe 2-5
2025-03-01 21:03:42,973 INFO o.a.j.t.JMeterThread: Thread finished: Thread-Gruppe 2-5
2025-03-01 21:03:42,973 INFO o.a.j.t.JMeterThread: Stopping because end time detected by thread: Thread-Gruppe 2-11
2025-03-01 21:03:42,973 INFO o.a.j.t.JMeterThread: Thread finished: Thread-Gruppe 2-11
2025-03-01 21:03:42,973 INFO o.a.j.t.JMeterThread: Stopping because end time detected by thread: Thread-Gruppe 2-7
2025-03-01 21:03:42,973 INFO o.a.j.t.JMeterThread: Thread finished: Thread-Gruppe 2-7
2025-03-01 21:03:43,020 INFO o.a.j.t.JMeterThread: Stopping because end time detected by thread: Thread-Gruppe 2-6
2025-03-01 21:03:43,020 INFO o.a.j.t.JMeterThread: Thread finished: Thread-Gruppe 2-6
2025-03-01 21:03:43,020 INFO o.a.j.t.JMeterThread: Stopping because end time detected by thread: Thread-Gruppe 3-4
2025-03-01 21:03:43,020 INFO o.a.j.t.JMeterThread: Thread finished: Thread-Gruppe 3-4
2025-03-01 21:03:43,036 INFO o.a.j.t.JMeterThread: Stopping because end time detected by thread: Thread-Gruppe 1-75
2025-03-01 21:03:43,036 INFO o.a.j.t.JMeterThread: Thread finished: Thread-Gruppe 1-75
2025-03-01 21:03:43,052 INFO o.a.j.t.JMeterThread: Stopping because end time detected by thread: Thread-Gruppe 2-14
2025-03-01 21:03:43,052 INFO o.a.j.t.JMeterThread: Thread finished: Thread-Gruppe 2-14
2025-03-01 21:03:43,052 INFO o.a.j.t.JMeterThread: Stopping because end time detected by thread: Thread-Gruppe 1-42
2025-03-01 21:03:43,052 INFO o.a.j.t.JMeterThread: Thread finished: Thread-Gruppe 1-42
2025-03-01 21:03:43,052 INFO o.a.j.t.JMeterThread: Stopping because end time detected by thread: Thread-Gruppe 1-61
2025-03-01 21:03:43,052 INFO o.a.j.t.JMeterThread: Stopping because end time detected by thread: Thread-Gruppe 1-15
2025-03-01 21:03:43,052 INFO o.a.j.t.JMeterThread: Thread finished: Thread-Gruppe 1-61
2025-03-01 21:03:43,061 INFO o.a.j.t.JMeterThread: Thread finished: Thread-Gruppe 1-15
2025-03-01 21:03:43,061 INFO o.a.j.t.JMeterThread: Stopping because end time detected by thread: Thread-Gruppe 1-31
2025-03-01 21:03:43,061 INFO o.a.j.t.JMeterThread: Thread finished: Thread-Gruppe 1-31
2025-03-01 21:03:43,061 INFO o.a.j.t.JMeterThread: Stopping because end time detected by thread: Thread-Gruppe 2-4
2025-03-01 21:03:43,061 INFO o.a.j.t.JMeterThread: Thread finished: Thread-Gruppe 2-4
2025-03-01 21:03:43,093 INFO o.a.j.t.JMeterThread: Stopping because end time detected by thread: Thread-Gruppe 3-5
2025-03-01 21:03:43,093 INFO o.a.j.t.JMeterThread: Thread finished: Thread-Gruppe 3-5
2025-03-01 21:03:43,140 INFO o.a.j.t.JMeterThread: Stopping because end time detected by thread: Thread-Gruppe 3-3
2025-03-01 21:03:43,140 INFO o.a.j.t.JMeterThread: Thread finished: Thread-Gruppe 3-3
2025-03-01 21:03:43,172 INFO o.a.j.t.JMeterThread: Stopping because end time detected by thread: Thread-Gruppe 1-16
2025-03-01 21:03:43,172 INFO o.a.j.t.JMeterThread: Thread finished: Thread-Gruppe 1-16
2025-03-01 21:03:43,204 INFO o.a.j.t.JMeterThread: Stopping because end time detected by thread: Thread-Gruppe 1-43
2025-03-01 21:03:43,204 INFO o.a.j.t.JMeterThread: Thread finished: Thread-Gruppe 1-43
2025-03-01 21:03:43,220 INFO o.a.j.t.JMeterThread: Stopping because end time detected by thread: Thread-Gruppe 2-8
2025-03-01 21:03:43,220 INFO o.a.j.t.JMeterThread: Thread finished: Thread-Gruppe 2-8
2025-03-01 21:03:43,314 INFO o.a.j.t.JMeterThread: Stopping because end time detected by thread: Thread-Gruppe 3-1
2025-03-01 21:03:43,314 INFO o.a.j.t.JMeterThread: Thread finished: Thread-Gruppe 3-1
2025-03-01 21:03:43,428 INFO o.a.j.t.JMeterThread: Stopping because end time detected by thread: Thread-Gruppe 1-44
2025-03-01 21:03:43,428 INFO o.a.j.t.JMeterThread: Thread finished: Thread-Gruppe 1-44
2025-03-01 21:03:43,442 INFO o.a.j.t.JMeterThread: Stopping because end time detected by thread: Thread-Gruppe 2-15
2025-03-01 21:03:43,442 INFO o.a.j.t.JMeterThread: Thread finished: Thread-Gruppe 2-15
2025-03-01 21:03:43,507 INFO o.a.j.t.JMeterThread: Stopping because end time detected by thread: Thread-Gruppe 1-45
2025-03-01 21:03:43,516 INFO o.a.j.t.JMeterThread: Thread finished: Thread-Gruppe 1-45
2025-03-01 21:03:43,570 INFO o.a.j.t.JMeterThread: Stopping because end time detected by thread: Thread-Gruppe 2-18
2025-03-01 21:03:43,570 INFO o.a.j.t.JMeterThread: Thread finished: Thread-Gruppe 2-18
2025-03-01 21:03:43,602 INFO o.a.j.t.JMeterThread: Stopping because end time detected by thread: Thread-Gruppe 1-46
2025-03-01 21:03:43,602 INFO o.a.j.t.JMeterThread: Thread finished: Thread-Gruppe 1-46
2025-03-01 21:03:43,602 INFO o.a.j.e.StandardJMeterEngine: Notifying test listeners of end of test
2025-03-01 21:03:43,602 INFO o.a.j.r.Summariser: summary +   1004 in 00:00:14 =   73.9/s Avg:   381 Min:   243 Max:   960 Err:     0 (0.00%) Active: 0 Started: 100 Finished: 100
2025-03-01 21:03:43,614 INFO o.a.j.r.Summariser: summary =  45234 in 00:11:02 =   68.4/s Avg:   407 Min:   242 Max:  1582 Err:     4 (0.01%)
