2025-03-01 22:02:25,200 INFO o.a.j.u.JMeterUtils: Setting Locale to en_EN
2025-03-01 22:02:25,233 INFO o.a.j.JMeter: Loading user properties from: C:\Users\ASUS\Desktop\apache-jmeter-5.6.3\apache-jmeter-5.6.3\bin\user.properties
2025-03-01 22:02:25,233 INFO o.a.j.JMeter: Loading system properties from: C:\Users\ASUS\Desktop\apache-jmeter-5.6.3\apache-jmeter-5.6.3\bin\system.properties
2025-03-01 22:02:25,233 INFO o.a.j.JMeter: Setting JMeter property: lb_1_hostname=104.155.182.254
2025-03-01 22:02:25,233 INFO o.a.j.JMeter: Setting JMeter property: lb_2_hostname=35.246.73.6
2025-03-01 22:02:25,233 INFO o.a.j.JMeter: Setting JMeter property: lb_1_port=8090
2025-03-01 22:02:25,233 INFO o.a.j.JMeter: Setting JMeter property: lb_2_port=8091
2025-03-01 22:02:25,246 INFO o.a.j.JMeter: Setting JMeter property: warm_up_users=20
2025-03-01 22:02:25,246 INFO o.a.j.JMeter: Setting JMeter property: warm_up_time=60
2025-03-01 22:02:25,246 INFO o.a.j.JMeter: Setting JMeter property: test_run_time=600
2025-03-01 22:02:25,246 INFO o.a.j.JMeter: Setting JMeter property: ramp_up=10
2025-03-01 22:02:25,246 INFO o.a.j.JMeter: Setting JMeter property: group_1=75
2025-03-01 22:02:25,246 INFO o.a.j.JMeter: Setting JMeter property: group_2=20
2025-03-01 22:02:25,246 INFO o.a.j.JMeter: Setting JMeter property: group_3=5
2025-03-01 22:02:25,246 INFO o.a.j.JMeter: Setting JMeter property: group_1_request_rate=30
2025-03-01 22:02:25,247 INFO o.a.j.JMeter: Setting JMeter property: group_2_request_rate=90
2025-03-01 22:02:25,247 INFO o.a.j.JMeter: Setting JMeter property: group_3_request_rate=120
2025-03-01 22:02:25,247 INFO o.a.j.JMeter: Setting JMeter property: log_file=c:\\Users\\ASUS\\Desktop\\Repos\\rate-limiter-nginx\\jmeter\\cloud\\2025_03_01_22_02_logs\\base/base\\warm_up_results.csv
2025-03-01 22:02:25,247 INFO o.a.j.JMeter: Setting JMeter property: algorithm=_base/base
2025-03-01 22:02:25,247 INFO o.a.j.JMeter: Setting JMeter property: auth=//base/base/tools.descartes.teastore.auth/rest
2025-03-01 22:02:25,247 INFO o.a.j.JMeter: Setting JMeter property: persistence=//base/base/tools.descartes.teastore.persistence/rest
2025-03-01 22:02:25,247 INFO o.a.j.JMeter: Setting JMeter property: recommender=//base/base/tools.descartes.teastore.recommender/rest
2025-03-01 22:02:25,247 INFO o.a.j.JMeter: Setting JMeter property: image=//base/base/tools.descartes.teastore.image/rest
2025-03-01 22:02:25,247 INFO o.a.j.JMeter: Copyright (c) 1998-2024 The Apache Software Foundation
2025-03-01 22:02:25,247 INFO o.a.j.JMeter: Version 5.6.3
2025-03-01 22:02:25,247 INFO o.a.j.JMeter: java.version=17.0.9
2025-03-01 22:02:25,247 INFO o.a.j.JMeter: java.vm.name=Java HotSpot(TM) 64-Bit Server VM
2025-03-01 22:02:25,247 INFO o.a.j.JMeter: os.name=Windows 11
2025-03-01 22:02:25,247 INFO o.a.j.JMeter: os.arch=amd64
2025-03-01 22:02:25,247 INFO o.a.j.JMeter: os.version=10.0
2025-03-01 22:02:25,247 INFO o.a.j.JMeter: file.encoding=Cp1252
2025-03-01 22:02:25,247 INFO o.a.j.JMeter: java.awt.headless=true
2025-03-01 22:02:25,247 INFO o.a.j.JMeter: Max memory     =1073741824
2025-03-01 22:02:25,247 INFO o.a.j.JMeter: Available Processors =12
2025-03-01 22:02:25,263 INFO o.a.j.JMeter: Default Locale=English (EN)
2025-03-01 22:02:25,263 INFO o.a.j.JMeter: JMeter  Locale=English (EN)
2025-03-01 22:02:25,263 INFO o.a.j.JMeter: JMeterHome=C:\Users\ASUS\Desktop\apache-jmeter-5.6.3\apache-jmeter-5.6.3
2025-03-01 22:02:25,263 INFO o.a.j.JMeter: user.dir  =C:\Users\ASUS\Desktop\Repos\rate-limiter-nginx
2025-03-01 22:02:25,263 INFO o.a.j.JMeter: PWD       =C:\Users\ASUS\Desktop\Repos\rate-limiter-nginx
2025-03-01 22:02:25,276 INFO o.a.j.JMeter: IP: 192.168.1.45 Name: THIVA FullName: THIVA
2025-03-01 22:02:25,295 INFO o.a.j.s.FileServer: Default base='C:\Users\ASUS\Desktop\Repos\rate-limiter-nginx'
2025-03-01 22:02:25,297 INFO o.a.j.s.FileServer: Set new base='c:\Users\ASUS\Desktop\Repos\rate-limiter-nginx\jmeter\cloud'
2025-03-01 22:02:25,536 INFO o.a.j.s.SaveService: Testplan (JMX) version: 2.2. Testlog (JTL) version: 2.2
2025-03-01 22:02:25,563 INFO o.a.j.s.SaveService: Using SaveService properties version 5.0
2025-03-01 22:02:25,563 INFO o.a.j.s.SaveService: Using SaveService properties file encoding UTF-8
2025-03-01 22:02:25,579 INFO o.a.j.s.SaveService: Loading file: c:\Users\ASUS\Desktop\Repos\rate-limiter-nginx\jmeter\cloud\teastore_performance.jmx
2025-03-01 22:02:25,629 INFO o.a.j.p.h.c.CookieManager: Settings: Delete null: true Check: true Allow variable: true Save: false Prefix: COOKIE_
2025-03-01 22:02:25,666 INFO o.a.j.p.h.s.HTTPSamplerBase: Parser for text/html is org.apache.jmeter.protocol.http.parser.LagartoBasedHtmlParser
2025-03-01 22:02:25,666 INFO o.a.j.p.h.s.HTTPSamplerBase: Parser for application/xhtml+xml is org.apache.jmeter.protocol.http.parser.LagartoBasedHtmlParser
2025-03-01 22:02:25,666 INFO o.a.j.p.h.s.HTTPSamplerBase: Parser for application/xml is org.apache.jmeter.protocol.http.parser.LagartoBasedHtmlParser
2025-03-01 22:02:25,666 INFO o.a.j.p.h.s.HTTPSamplerBase: Parser for text/xml is org.apache.jmeter.protocol.http.parser.LagartoBasedHtmlParser
2025-03-01 22:02:25,666 INFO o.a.j.p.h.s.HTTPSamplerBase: Parser for text/vnd.wap.wml is org.apache.jmeter.protocol.http.parser.RegexpHTMLParser
2025-03-01 22:02:25,666 INFO o.a.j.p.h.s.HTTPSamplerBase: Parser for text/css is org.apache.jmeter.protocol.http.parser.CssParser
2025-03-01 22:02:25,762 INFO o.a.j.s.SampleResult: Note: Sample TimeStamps are START times
2025-03-01 22:02:25,762 INFO o.a.j.s.SampleResult: sampleresult.default.encoding is set to UTF-8
2025-03-01 22:02:25,762 INFO o.a.j.s.SampleResult: sampleresult.useNanoTime=true
2025-03-01 22:02:25,762 INFO o.a.j.s.SampleResult: sampleresult.nanoThreadSleep=5000
2025-03-01 22:02:25,795 INFO o.a.j.JMeter: Creating summariser <summary>
2025-03-01 22:02:25,817 INFO o.a.j.e.StandardJMeterEngine: Running the test!
2025-03-01 22:02:25,820 INFO o.a.j.s.SampleEvent: List of sample_variables: []
2025-03-01 22:02:25,820 INFO o.a.j.s.SampleEvent: List of sample_variables: []
2025-03-01 22:02:25,828 INFO o.a.j.e.u.CompoundVariable: Note: Function class names must contain the string: '.functions.'
2025-03-01 22:02:25,829 INFO o.a.j.e.u.CompoundVariable: Note: Function class names must not contain the string: '.gui.'
2025-03-01 22:02:25,915 INFO o.a.j.r.ClassFinder: Will scan jar C:\Users\ASUS\Desktop\apache-jmeter-5.6.3\apache-jmeter-5.6.3\lib\ext\jmeter-plugins-casutg-2.10.jar with filter ExtendsClassFilter [parents=[interface org.apache.jmeter.functions.Function], inner=false, contains=null, notContains=null]. Consider exposing JMeter plugins via META-INF/services, and add JMeter-Skip-Class-Scanning=true manifest attribute so JMeter can skip classfile scanning
2025-03-01 22:02:25,928 INFO o.a.j.r.ClassFinder: Will scan jar C:\Users\ASUS\Desktop\apache-jmeter-5.6.3\apache-jmeter-5.6.3\lib\ext\jmeter-plugins-graphs-vs-2.0.jar with filter ExtendsClassFilter [parents=[interface org.apache.jmeter.functions.Function], inner=false, contains=null, notContains=null]. Consider exposing JMeter plugins via META-INF/services, and add JMeter-Skip-Class-Scanning=true manifest attribute so JMeter can skip classfile scanning
2025-03-01 22:02:25,928 INFO o.a.j.r.ClassFinder: Will scan jar C:\Users\ASUS\Desktop\apache-jmeter-5.6.3\apache-jmeter-5.6.3\lib\ext\jmeter-plugins-manager-1.9.jar with filter ExtendsClassFilter [parents=[interface org.apache.jmeter.functions.Function], inner=false, contains=null, notContains=null]. Consider exposing JMeter plugins via META-INF/services, and add JMeter-Skip-Class-Scanning=true manifest attribute so JMeter can skip classfile scanning
2025-03-01 22:02:25,995 INFO o.a.j.r.ClassFinder: Will scan jar C:\Users\ASUS\Desktop\apache-jmeter-5.6.3\apache-jmeter-5.6.3\lib\ext\jmeter-plugins-graphs-basic-2.0.jar with filter ExtendsClassFilter [parents=[interface org.apache.jmeter.functions.Function], inner=false, contains=null, notContains=null]. Consider exposing JMeter plugins via META-INF/services, and add JMeter-Skip-Class-Scanning=true manifest attribute so JMeter can skip classfile scanning
2025-03-01 22:02:25,995 INFO o.a.j.r.ClassFinder: Will scan jar C:\Users\ASUS\Desktop\apache-jmeter-5.6.3\apache-jmeter-5.6.3\lib\ext\jmeter-plugins-manager-0.20.jar with filter ExtendsClassFilter [parents=[interface org.apache.jmeter.functions.Function], inner=false, contains=null, notContains=null]. Consider exposing JMeter plugins via META-INF/services, and add JMeter-Skip-Class-Scanning=true manifest attribute so JMeter can skip classfile scanning
2025-03-01 22:02:26,020 INFO o.a.j.r.ClassFinder: Will scan jar C:\Users\ASUS\Desktop\apache-jmeter-5.6.3\apache-jmeter-5.6.3\lib\ext\jmeter-plugins-tst-2.6.jar with filter ExtendsClassFilter [parents=[interface org.apache.jmeter.functions.Function], inner=false, contains=null, notContains=null]. Consider exposing JMeter plugins via META-INF/services, and add JMeter-Skip-Class-Scanning=true manifest attribute so JMeter can skip classfile scanning
2025-03-01 22:02:26,027 INFO o.a.j.r.ClassFinder: Will scan jar C:\Users\ASUS\Desktop\apache-jmeter-5.6.3\apache-jmeter-5.6.3\lib\ext\jmeter-parallel-0.12.jar with filter ExtendsClassFilter [parents=[interface org.apache.jmeter.functions.Function], inner=false, contains=null, notContains=null]. Consider exposing JMeter plugins via META-INF/services, and add JMeter-Skip-Class-Scanning=true manifest attribute so JMeter can skip classfile scanning
2025-03-01 22:02:26,311 INFO o.a.j.JMeter: Running test (1740846746311)
2025-03-01 22:02:26,311 INFO o.a.j.e.StandardJMeterEngine: Starting setUp thread groups
2025-03-01 22:02:26,311 INFO o.a.j.e.StandardJMeterEngine: Starting setUp ThreadGroup: 1 : setUp Thread Group 
2025-03-01 22:02:26,311 INFO o.a.j.e.StandardJMeterEngine: Starting 20 threads for group setUp Thread Group.
2025-03-01 22:02:26,311 INFO o.a.j.e.StandardJMeterEngine: Thread will continue on error
2025-03-01 22:02:26,311 INFO o.a.j.t.ThreadGroup: Starting thread group... number=1 threads=20 ramp-up=10 delayedStart=false
2025-03-01 22:02:26,325 INFO o.a.j.t.JMeterThread: Thread started: setUp Thread Group 1-1
2025-03-01 22:02:26,348 INFO o.a.j.t.ThreadGroup: Started thread group number 1
2025-03-01 22:02:26,348 INFO o.a.j.e.StandardJMeterEngine: Waiting for all setup thread groups to exit
2025-03-01 22:02:26,823 INFO o.a.j.t.JMeterThread: Thread started: setUp Thread Group 1-2
2025-03-01 22:02:27,090 INFO o.a.j.p.h.s.HTTPHCAbstractImpl: Local host = THIVA
2025-03-01 22:02:27,099 INFO o.a.j.p.h.s.HTTPHC4Impl: HTTP request retry count = 0
2025-03-01 22:02:27,320 INFO o.a.j.t.JMeterThread: Thread started: setUp Thread Group 1-3
2025-03-01 22:02:27,819 INFO o.a.j.t.JMeterThread: Thread started: setUp Thread Group 1-4
2025-03-01 22:02:28,320 INFO o.a.j.t.JMeterThread: Thread started: setUp Thread Group 1-5
2025-03-01 22:02:28,817 INFO o.a.j.t.JMeterThread: Thread started: setUp Thread Group 1-6
2025-03-01 22:02:29,320 INFO o.a.j.t.JMeterThread: Thread started: setUp Thread Group 1-7
2025-03-01 22:02:29,818 INFO o.a.j.t.JMeterThread: Thread started: setUp Thread Group 1-8
2025-03-01 22:02:30,314 INFO o.a.j.t.JMeterThread: Thread started: setUp Thread Group 1-9
2025-03-01 22:02:30,815 INFO o.a.j.t.JMeterThread: Thread started: setUp Thread Group 1-10
2025-03-01 22:02:31,314 INFO o.a.j.t.JMeterThread: Thread started: setUp Thread Group 1-11
2025-03-01 22:02:31,815 INFO o.a.j.t.JMeterThread: Thread started: setUp Thread Group 1-12
2025-03-01 22:02:32,315 INFO o.a.j.t.JMeterThread: Thread started: setUp Thread Group 1-13
2025-03-01 22:02:32,816 INFO o.a.j.t.JMeterThread: Thread started: setUp Thread Group 1-14
2025-03-01 22:02:33,315 INFO o.a.j.t.JMeterThread: Thread started: setUp Thread Group 1-15
2025-03-01 22:02:33,816 INFO o.a.j.t.JMeterThread: Thread started: setUp Thread Group 1-16
2025-03-01 22:02:34,316 INFO o.a.j.t.JMeterThread: Thread started: setUp Thread Group 1-17
2025-03-01 22:02:34,815 INFO o.a.j.t.JMeterThread: Thread started: setUp Thread Group 1-18
2025-03-01 22:02:35,315 INFO o.a.j.t.JMeterThread: Thread started: setUp Thread Group 1-19
2025-03-01 22:02:35,816 INFO o.a.j.t.JMeterThread: Thread started: setUp Thread Group 1-20
2025-03-01 22:03:26,194 INFO o.a.j.t.JMeterThread: Thread finished: setUp Thread Group 1-1
2025-03-01 22:03:26,209 INFO o.a.j.t.JMeterThread: Thread finished: setUp Thread Group 1-5
2025-03-01 22:03:26,248 INFO o.a.j.t.JMeterThread: Thread finished: setUp Thread Group 1-17
2025-03-01 22:03:26,254 INFO o.a.j.t.JMeterThread: Thread finished: setUp Thread Group 1-3
2025-03-01 22:03:26,279 INFO o.a.j.t.JMeterThread: Thread finished: setUp Thread Group 1-10
2025-03-01 22:03:26,299 INFO o.a.j.t.JMeterThread: Thread finished: setUp Thread Group 1-6
2025-03-01 22:03:26,366 INFO o.a.j.t.JMeterThread: Stopping because end time detected by thread: setUp Thread Group 1-7
2025-03-01 22:03:26,366 INFO o.a.j.t.JMeterThread: Thread finished: setUp Thread Group 1-7
2025-03-01 22:03:26,383 INFO o.a.j.t.JMeterThread: Stopping because end time detected by thread: setUp Thread Group 1-18
2025-03-01 22:03:26,383 INFO o.a.j.t.JMeterThread: Thread finished: setUp Thread Group 1-18
2025-03-01 22:03:26,452 INFO o.a.j.t.JMeterThread: Stopping because end time detected by thread: setUp Thread Group 1-2
2025-03-01 22:03:26,453 INFO o.a.j.t.JMeterThread: Thread finished: setUp Thread Group 1-2
2025-03-01 22:03:26,456 INFO o.a.j.t.JMeterThread: Stopping because end time detected by thread: setUp Thread Group 1-15
2025-03-01 22:03:26,456 INFO o.a.j.t.JMeterThread: Thread finished: setUp Thread Group 1-15
2025-03-01 22:03:26,496 INFO o.a.j.t.JMeterThread: Stopping because end time detected by thread: setUp Thread Group 1-11
2025-03-01 22:03:26,496 INFO o.a.j.t.JMeterThread: Thread finished: setUp Thread Group 1-11
2025-03-01 22:03:26,496 INFO o.a.j.t.JMeterThread: Stopping because end time detected by thread: setUp Thread Group 1-19
2025-03-01 22:03:26,496 INFO o.a.j.t.JMeterThread: Thread finished: setUp Thread Group 1-19
2025-03-01 22:03:26,527 INFO o.a.j.t.JMeterThread: Stopping because end time detected by thread: setUp Thread Group 1-20
2025-03-01 22:03:26,527 INFO o.a.j.t.JMeterThread: Thread finished: setUp Thread Group 1-20
2025-03-01 22:03:26,559 INFO o.a.j.t.JMeterThread: Stopping because end time detected by thread: setUp Thread Group 1-14
2025-03-01 22:03:26,559 INFO o.a.j.t.JMeterThread: Thread finished: setUp Thread Group 1-14
2025-03-01 22:03:26,573 INFO o.a.j.t.JMeterThread: Stopping because end time detected by thread: setUp Thread Group 1-16
2025-03-01 22:03:26,573 INFO o.a.j.t.JMeterThread: Thread finished: setUp Thread Group 1-16
2025-03-01 22:03:26,586 INFO o.a.j.t.JMeterThread: Stopping because end time detected by thread: setUp Thread Group 1-9
2025-03-01 22:03:26,587 INFO o.a.j.t.JMeterThread: Thread finished: setUp Thread Group 1-9
2025-03-01 22:03:26,693 INFO o.a.j.t.JMeterThread: Stopping because end time detected by thread: setUp Thread Group 1-8
2025-03-01 22:03:26,693 INFO o.a.j.t.JMeterThread: Thread finished: setUp Thread Group 1-8
2025-03-01 22:03:26,720 INFO o.a.j.t.JMeterThread: Stopping because end time detected by thread: setUp Thread Group 1-4
2025-03-01 22:03:26,721 INFO o.a.j.t.JMeterThread: Thread finished: setUp Thread Group 1-4
2025-03-01 22:03:26,817 INFO o.a.j.t.JMeterThread: Stopping because end time detected by thread: setUp Thread Group 1-12
2025-03-01 22:03:26,818 INFO o.a.j.t.JMeterThread: Thread finished: setUp Thread Group 1-12
2025-03-01 22:03:27,018 INFO o.a.j.t.JMeterThread: Stopping because end time detected by thread: setUp Thread Group 1-13
2025-03-01 22:03:27,018 INFO o.a.j.t.JMeterThread: Thread finished: setUp Thread Group 1-13
2025-03-01 22:03:27,018 INFO o.a.j.e.StandardJMeterEngine: All Setup Threads have ended
2025-03-01 22:03:27,089 INFO o.a.j.e.StandardJMeterEngine: Starting ThreadGroup: 1 : Thread-Gruppe
2025-03-01 22:03:27,089 INFO o.a.j.e.StandardJMeterEngine: Starting 75 threads for group Thread-Gruppe.
2025-03-01 22:03:27,089 INFO o.a.j.e.StandardJMeterEngine: Thread will continue on error
2025-03-01 22:03:27,089 INFO o.a.j.t.ThreadGroup: Starting thread group... number=1 threads=75 ramp-up=10 delayedStart=false
2025-03-01 22:03:27,095 INFO o.a.j.t.JMeterThread: Thread started: Thread-Gruppe 1-1
2025-03-01 22:03:27,214 INFO o.a.j.t.ThreadGroup: Started thread group number 1
2025-03-01 22:03:27,214 INFO o.a.j.e.StandardJMeterEngine: Starting ThreadGroup: 2 : Thread-Gruppe
2025-03-01 22:03:27,214 INFO o.a.j.e.StandardJMeterEngine: Starting 20 threads for group Thread-Gruppe.
2025-03-01 22:03:27,214 INFO o.a.j.e.StandardJMeterEngine: Thread will continue on error
2025-03-01 22:03:27,216 INFO o.a.j.t.ThreadGroup: Starting thread group... number=2 threads=20 ramp-up=10 delayedStart=false
2025-03-01 22:03:27,218 INFO o.a.j.t.JMeterThread: Thread started: Thread-Gruppe 2-1
2025-03-01 22:03:27,238 INFO o.a.j.t.JMeterThread: Thread started: Thread-Gruppe 1-2
2025-03-01 22:03:27,246 INFO o.a.j.t.ThreadGroup: Started thread group number 2
2025-03-01 22:03:27,246 INFO o.a.j.e.StandardJMeterEngine: Starting ThreadGroup: 3 : Thread-Gruppe
2025-03-01 22:03:27,246 INFO o.a.j.e.StandardJMeterEngine: Starting 5 threads for group Thread-Gruppe.
2025-03-01 22:03:27,246 INFO o.a.j.e.StandardJMeterEngine: Thread will continue on error
2025-03-01 22:03:27,246 INFO o.a.j.t.ThreadGroup: Starting thread group... number=3 threads=5 ramp-up=10 delayedStart=false
2025-03-01 22:03:27,248 INFO o.a.j.t.JMeterThread: Thread started: Thread-Gruppe 3-1
2025-03-01 22:03:27,252 INFO o.a.j.t.ThreadGroup: Started thread group number 3
2025-03-01 22:03:27,253 INFO o.a.j.e.StandardJMeterEngine: All thread groups have been started
2025-03-01 22:03:27,363 INFO o.a.j.t.JMeterThread: Thread started: Thread-Gruppe 1-3
2025-03-01 22:03:27,497 INFO o.a.j.t.JMeterThread: Thread started: Thread-Gruppe 1-4
2025-03-01 22:03:27,643 INFO o.a.j.t.JMeterThread: Thread started: Thread-Gruppe 1-5
2025-03-01 22:03:27,725 INFO o.a.j.t.JMeterThread: Thread started: Thread-Gruppe 2-2
2025-03-01 22:03:27,773 INFO o.a.j.t.JMeterThread: Thread started: Thread-Gruppe 1-6
2025-03-01 22:03:27,900 INFO o.a.j.t.JMeterThread: Thread started: Thread-Gruppe 1-7
2025-03-01 22:03:28,028 INFO o.a.j.t.JMeterThread: Thread started: Thread-Gruppe 1-8
2025-03-01 22:03:28,171 INFO o.a.j.t.JMeterThread: Thread started: Thread-Gruppe 1-9
2025-03-01 22:03:28,223 INFO o.a.j.t.JMeterThread: Thread started: Thread-Gruppe 2-3
2025-03-01 22:03:28,303 INFO o.a.j.t.JMeterThread: Thread started: Thread-Gruppe 1-10
2025-03-01 22:03:28,430 INFO o.a.j.t.JMeterThread: Thread started: Thread-Gruppe 1-11
2025-03-01 22:03:28,557 INFO o.a.j.t.JMeterThread: Thread started: Thread-Gruppe 1-12
2025-03-01 22:03:28,692 INFO o.a.j.t.JMeterThread: Thread started: Thread-Gruppe 1-13
2025-03-01 22:03:28,723 INFO o.a.j.t.JMeterThread: Thread started: Thread-Gruppe 2-4
2025-03-01 22:03:28,823 INFO o.a.j.t.JMeterThread: Thread started: Thread-Gruppe 1-14
2025-03-01 22:03:28,956 INFO o.a.j.t.JMeterThread: Thread started: Thread-Gruppe 1-15
2025-03-01 22:03:29,104 INFO o.a.j.t.JMeterThread: Thread started: Thread-Gruppe 1-16
2025-03-01 22:03:29,220 INFO o.a.j.t.JMeterThread: Thread started: Thread-Gruppe 2-5
2025-03-01 22:03:29,239 INFO o.a.j.t.JMeterThread: Thread started: Thread-Gruppe 1-17
2025-03-01 22:03:29,256 INFO o.a.j.t.JMeterThread: Thread started: Thread-Gruppe 3-2
2025-03-01 22:03:29,354 INFO o.a.j.t.JMeterThread: Thread started: Thread-Gruppe 1-18
2025-03-01 22:03:29,488 INFO o.a.j.t.JMeterThread: Thread started: Thread-Gruppe 1-19
2025-03-01 22:03:29,633 INFO o.a.j.t.JMeterThread: Thread started: Thread-Gruppe 1-20
2025-03-01 22:03:29,728 INFO o.a.j.t.JMeterThread: Thread started: Thread-Gruppe 2-6
2025-03-01 22:03:29,760 INFO o.a.j.t.JMeterThread: Thread started: Thread-Gruppe 1-21
2025-03-01 22:03:29,884 INFO o.a.j.t.JMeterThread: Thread started: Thread-Gruppe 1-22
2025-03-01 22:03:30,026 INFO o.a.j.t.JMeterThread: Thread started: Thread-Gruppe 1-23
2025-03-01 22:03:30,037 INFO o.a.j.r.Summariser: summary +     42 in 00:01:04 =    0.7/s Avg:   466 Min:   245 Max:   575 Err:     0 (0.00%) Active: 31 Started: 31 Finished: 0
2025-03-01 22:03:30,153 INFO o.a.j.t.JMeterThread: Thread started: Thread-Gruppe 1-24
2025-03-01 22:03:30,234 INFO o.a.j.t.JMeterThread: Thread started: Thread-Gruppe 2-7
2025-03-01 22:03:30,282 INFO o.a.j.t.JMeterThread: Thread started: Thread-Gruppe 1-25
2025-03-01 22:03:30,424 INFO o.a.j.t.JMeterThread: Thread started: Thread-Gruppe 1-26
2025-03-01 22:03:30,549 INFO o.a.j.t.JMeterThread: Thread started: Thread-Gruppe 1-27
2025-03-01 22:03:30,691 INFO o.a.j.t.JMeterThread: Thread started: Thread-Gruppe 1-28
2025-03-01 22:03:30,733 INFO o.a.j.t.JMeterThread: Thread started: Thread-Gruppe 2-8
2025-03-01 22:03:30,816 INFO o.a.j.t.JMeterThread: Thread started: Thread-Gruppe 1-29
2025-03-01 22:03:30,951 INFO o.a.j.t.JMeterThread: Thread started: Thread-Gruppe 1-30
2025-03-01 22:03:31,092 INFO o.a.j.t.JMeterThread: Thread started: Thread-Gruppe 1-31
2025-03-01 22:03:31,226 INFO o.a.j.t.JMeterThread: Thread started: Thread-Gruppe 1-32
2025-03-01 22:03:31,226 INFO o.a.j.t.JMeterThread: Thread started: Thread-Gruppe 2-9
2025-03-01 22:03:31,258 INFO o.a.j.t.JMeterThread: Thread started: Thread-Gruppe 3-3
2025-03-01 22:03:31,354 INFO o.a.j.t.JMeterThread: Thread started: Thread-Gruppe 1-33
2025-03-01 22:03:31,481 INFO o.a.j.t.JMeterThread: Thread started: Thread-Gruppe 1-34
2025-03-01 22:03:31,616 INFO o.a.j.t.JMeterThread: Thread started: Thread-Gruppe 1-35
2025-03-01 22:03:31,728 INFO o.a.j.t.JMeterThread: Thread started: Thread-Gruppe 2-10
2025-03-01 22:03:31,760 INFO o.a.j.t.JMeterThread: Thread started: Thread-Gruppe 1-36
2025-03-01 22:03:31,887 INFO o.a.j.t.JMeterThread: Thread started: Thread-Gruppe 1-37
2025-03-01 22:03:32,029 INFO o.a.j.t.JMeterThread: Thread started: Thread-Gruppe 1-38
2025-03-01 22:03:32,156 INFO o.a.j.t.JMeterThread: Thread started: Thread-Gruppe 1-39
2025-03-01 22:03:32,228 INFO o.a.j.t.JMeterThread: Thread started: Thread-Gruppe 2-11
2025-03-01 22:03:32,280 INFO o.a.j.t.JMeterThread: Thread started: Thread-Gruppe 1-40
2025-03-01 22:03:32,423 INFO o.a.j.t.JMeterThread: Thread started: Thread-Gruppe 1-41
2025-03-01 22:03:32,545 INFO o.a.j.t.JMeterThread: Thread started: Thread-Gruppe 1-42
2025-03-01 22:03:32,690 INFO o.a.j.t.JMeterThread: Thread started: Thread-Gruppe 1-43
2025-03-01 22:03:32,727 INFO o.a.j.t.JMeterThread: Thread started: Thread-Gruppe 2-12
2025-03-01 22:03:32,825 INFO o.a.j.t.JMeterThread: Thread started: Thread-Gruppe 1-44
2025-03-01 22:03:32,953 INFO o.a.j.t.JMeterThread: Thread started: Thread-Gruppe 1-45
2025-03-01 22:03:33,077 INFO o.a.j.t.JMeterThread: Thread started: Thread-Gruppe 1-46
2025-03-01 22:03:33,210 INFO o.a.j.t.JMeterThread: Thread started: Thread-Gruppe 1-47
2025-03-01 22:03:33,226 INFO o.a.j.t.JMeterThread: Thread started: Thread-Gruppe 2-13
2025-03-01 22:03:33,258 INFO o.a.j.t.JMeterThread: Thread started: Thread-Gruppe 3-4
2025-03-01 22:03:33,344 INFO o.a.j.t.JMeterThread: Thread started: Thread-Gruppe 1-48
2025-03-01 22:03:33,475 INFO o.a.j.t.JMeterThread: Thread started: Thread-Gruppe 1-49
2025-03-01 22:03:33,623 INFO o.a.j.t.JMeterThread: Thread started: Thread-Gruppe 1-50
2025-03-01 22:03:33,724 INFO o.a.j.t.JMeterThread: Thread started: Thread-Gruppe 2-14
2025-03-01 22:03:33,755 INFO o.a.j.t.JMeterThread: Thread started: Thread-Gruppe 1-51
2025-03-01 22:03:33,883 INFO o.a.j.t.JMeterThread: Thread started: Thread-Gruppe 1-52
2025-03-01 22:03:34,009 INFO o.a.j.t.JMeterThread: Thread started: Thread-Gruppe 1-53
2025-03-01 22:03:34,154 INFO o.a.j.t.JMeterThread: Thread started: Thread-Gruppe 1-54
2025-03-01 22:03:34,241 INFO o.a.j.t.JMeterThread: Thread started: Thread-Gruppe 2-15
2025-03-01 22:03:34,289 INFO o.a.j.t.JMeterThread: Thread started: Thread-Gruppe 1-55
2025-03-01 22:03:34,407 INFO o.a.j.t.JMeterThread: Thread started: Thread-Gruppe 1-56
2025-03-01 22:03:34,554 INFO o.a.j.t.JMeterThread: Thread started: Thread-Gruppe 1-57
2025-03-01 22:03:34,672 INFO o.a.j.t.JMeterThread: Thread started: Thread-Gruppe 1-58
2025-03-01 22:03:34,725 INFO o.a.j.t.JMeterThread: Thread started: Thread-Gruppe 2-16
2025-03-01 22:03:34,820 INFO o.a.j.t.JMeterThread: Thread started: Thread-Gruppe 1-59
2025-03-01 22:03:34,947 INFO o.a.j.t.JMeterThread: Thread started: Thread-Gruppe 1-60
2025-03-01 22:03:35,074 INFO o.a.j.t.JMeterThread: Thread started: Thread-Gruppe 1-61
2025-03-01 22:03:35,216 INFO o.a.j.t.JMeterThread: Thread started: Thread-Gruppe 1-62
2025-03-01 22:03:35,232 INFO o.a.j.t.JMeterThread: Thread started: Thread-Gruppe 2-17
2025-03-01 22:03:35,249 INFO o.a.j.t.JMeterThread: Thread started: Thread-Gruppe 3-5
2025-03-01 22:03:35,337 INFO o.a.j.t.JMeterThread: Thread started: Thread-Gruppe 1-63
2025-03-01 22:03:35,472 INFO o.a.j.t.JMeterThread: Thread started: Thread-Gruppe 1-64
2025-03-01 22:03:35,614 INFO o.a.j.t.JMeterThread: Thread started: Thread-Gruppe 1-65
2025-03-01 22:03:35,725 INFO o.a.j.t.JMeterThread: Thread started: Thread-Gruppe 2-18
2025-03-01 22:03:35,741 INFO o.a.j.t.JMeterThread: Thread started: Thread-Gruppe 1-66
2025-03-01 22:03:35,881 INFO o.a.j.t.JMeterThread: Thread started: Thread-Gruppe 1-67
2025-03-01 22:03:36,020 INFO o.a.j.t.JMeterThread: Thread started: Thread-Gruppe 1-68
2025-03-01 22:03:36,149 INFO o.a.j.t.JMeterThread: Thread started: Thread-Gruppe 1-69
2025-03-01 22:03:36,229 INFO o.a.j.t.JMeterThread: Thread started: Thread-Gruppe 2-19
2025-03-01 22:03:36,281 INFO o.a.j.t.JMeterThread: Thread started: Thread-Gruppe 1-70
2025-03-01 22:03:36,419 INFO o.a.j.t.JMeterThread: Thread started: Thread-Gruppe 1-71
2025-03-01 22:03:36,547 INFO o.a.j.t.JMeterThread: Thread started: Thread-Gruppe 1-72
2025-03-01 22:03:36,682 INFO o.a.j.t.JMeterThread: Thread started: Thread-Gruppe 1-73
2025-03-01 22:03:36,718 INFO o.a.j.t.JMeterThread: Thread started: Thread-Gruppe 2-20
2025-03-01 22:03:36,813 INFO o.a.j.t.JMeterThread: Thread started: Thread-Gruppe 1-74
2025-03-01 22:03:36,948 INFO o.a.j.t.JMeterThread: Thread started: Thread-Gruppe 1-75
2025-03-01 22:04:00,021 INFO o.a.j.r.Summariser: summary +   2125 in 00:00:30 =   70.9/s Avg:   354 Min:   242 Max:  1055 Err:     0 (0.00%) Active: 100 Started: 100 Finished: 0
2025-03-01 22:04:00,021 INFO o.a.j.r.Summariser: summary =   2167 in 00:01:34 =   23.1/s Avg:   356 Min:   242 Max:  1055 Err:     0 (0.00%)
2025-03-01 22:04:30,018 INFO o.a.j.r.Summariser: summary +   2291 in 00:00:30 =   76.3/s Avg:   354 Min:   242 Max:   920 Err:     0 (0.00%) Active: 100 Started: 100 Finished: 0
2025-03-01 22:04:30,018 INFO o.a.j.r.Summariser: summary =   4458 in 00:02:04 =   36.0/s Avg:   355 Min:   242 Max:  1055 Err:     0 (0.00%)
2025-03-01 22:05:00,013 INFO o.a.j.r.Summariser: summary +   2289 in 00:00:30 =   76.3/s Avg:   349 Min:   242 Max:  1008 Err:     0 (0.00%) Active: 100 Started: 100 Finished: 0
2025-03-01 22:05:00,013 INFO o.a.j.r.Summariser: summary =   6747 in 00:02:34 =   43.9/s Avg:   353 Min:   242 Max:  1055 Err:     0 (0.00%)
2025-03-01 22:05:30,026 INFO o.a.j.r.Summariser: summary +   2298 in 00:00:30 =   76.6/s Avg:   353 Min:   241 Max:  1094 Err:     0 (0.00%) Active: 100 Started: 100 Finished: 0
2025-03-01 22:05:30,026 INFO o.a.j.r.Summariser: summary =   9045 in 00:03:04 =   49.2/s Avg:   353 Min:   241 Max:  1094 Err:     0 (0.00%)
2025-03-01 22:06:00,008 INFO o.a.j.r.Summariser: summary +   2279 in 00:00:30 =   76.0/s Avg:   360 Min:   241 Max:  1058 Err:     0 (0.00%) Active: 100 Started: 100 Finished: 0
2025-03-01 22:06:00,009 INFO o.a.j.r.Summariser: summary =  11324 in 00:03:34 =   53.0/s Avg:   354 Min:   241 Max:  1094 Err:     0 (0.00%)
2025-03-01 22:06:30,008 INFO o.a.j.r.Summariser: summary +   2291 in 00:00:30 =   76.4/s Avg:   349 Min:   241 Max:  1092 Err:     1 (0.04%) Active: 100 Started: 100 Finished: 0
2025-03-01 22:06:30,008 INFO o.a.j.r.Summariser: summary =  13615 in 00:04:04 =   55.9/s Avg:   353 Min:   241 Max:  1094 Err:     1 (0.01%)
2025-03-01 22:07:00,011 INFO o.a.j.r.Summariser: summary +   2276 in 00:00:30 =   75.9/s Avg:   369 Min:   242 Max:  1063 Err:     0 (0.00%) Active: 100 Started: 100 Finished: 0
2025-03-01 22:07:00,011 INFO o.a.j.r.Summariser: summary =  15891 in 00:04:34 =   58.1/s Avg:   356 Min:   241 Max:  1094 Err:     1 (0.01%)
2025-03-01 22:07:30,012 INFO o.a.j.r.Summariser: summary +   2305 in 00:00:30 =   76.8/s Avg:   345 Min:   242 Max:   853 Err:     0 (0.00%) Active: 100 Started: 100 Finished: 0
2025-03-01 22:07:30,012 INFO o.a.j.r.Summariser: summary =  18196 in 00:05:04 =   59.9/s Avg:   354 Min:   241 Max:  1094 Err:     1 (0.01%)
2025-03-01 22:08:00,025 INFO o.a.j.r.Summariser: summary +   2280 in 00:00:30 =   76.0/s Avg:   373 Min:   241 Max:  1097 Err:     0 (0.00%) Active: 100 Started: 100 Finished: 0
2025-03-01 22:08:00,025 INFO o.a.j.r.Summariser: summary =  20476 in 00:05:34 =   61.4/s Avg:   356 Min:   241 Max:  1097 Err:     1 (0.00%)
2025-03-01 22:08:30,013 INFO o.a.j.r.Summariser: summary +   2288 in 00:00:30 =   76.3/s Avg:   352 Min:   242 Max:  1550 Err:     1 (0.04%) Active: 100 Started: 100 Finished: 0
2025-03-01 22:08:30,013 INFO o.a.j.r.Summariser: summary =  22764 in 00:06:04 =   62.6/s Avg:   356 Min:   241 Max:  1550 Err:     2 (0.01%)
2025-03-01 22:09:00,016 INFO o.a.j.r.Summariser: summary +   2287 in 00:00:30 =   76.2/s Avg:   358 Min:   241 Max:  1080 Err:     0 (0.00%) Active: 100 Started: 100 Finished: 0
2025-03-01 22:09:00,017 INFO o.a.j.r.Summariser: summary =  25051 in 00:06:34 =   63.6/s Avg:   356 Min:   241 Max:  1550 Err:     2 (0.01%)
2025-03-01 22:09:30,037 INFO o.a.j.r.Summariser: summary +   2286 in 00:00:30 =   76.1/s Avg:   344 Min:   241 Max:  1327 Err:     0 (0.00%) Active: 100 Started: 100 Finished: 0
2025-03-01 22:09:30,038 INFO o.a.j.r.Summariser: summary =  27337 in 00:07:04 =   64.5/s Avg:   355 Min:   241 Max:  1550 Err:     2 (0.01%)
2025-03-01 22:10:00,005 INFO o.a.j.r.Summariser: summary +   2294 in 00:00:30 =   76.5/s Avg:   375 Min:   242 Max:  1126 Err:     0 (0.00%) Active: 100 Started: 100 Finished: 0
2025-03-01 22:10:00,006 INFO o.a.j.r.Summariser: summary =  29631 in 00:07:34 =   65.3/s Avg:   357 Min:   241 Max:  1550 Err:     2 (0.01%)
2025-03-01 22:10:30,011 INFO o.a.j.r.Summariser: summary +   2287 in 00:00:30 =   76.2/s Avg:   345 Min:   241 Max:  1020 Err:     0 (0.00%) Active: 100 Started: 100 Finished: 0
2025-03-01 22:10:30,011 INFO o.a.j.r.Summariser: summary =  31918 in 00:08:04 =   66.0/s Avg:   356 Min:   241 Max:  1550 Err:     2 (0.01%)
2025-03-01 22:11:00,006 INFO o.a.j.r.Summariser: summary +   2295 in 00:00:30 =   76.5/s Avg:   369 Min:   242 Max:  1073 Err:     0 (0.00%) Active: 100 Started: 100 Finished: 0
2025-03-01 22:11:00,007 INFO o.a.j.r.Summariser: summary =  34213 in 00:08:34 =   66.6/s Avg:   357 Min:   241 Max:  1550 Err:     2 (0.01%)
2025-03-01 22:11:30,010 INFO o.a.j.r.Summariser: summary +   2292 in 00:00:30 =   76.4/s Avg:   332 Min:   241 Max:   895 Err:     0 (0.00%) Active: 100 Started: 100 Finished: 0
2025-03-01 22:11:30,010 INFO o.a.j.r.Summariser: summary =  36505 in 00:09:04 =   67.1/s Avg:   355 Min:   241 Max:  1550 Err:     2 (0.01%)
2025-03-01 22:12:00,002 INFO o.a.j.r.Summariser: summary +   2298 in 00:00:30 =   76.6/s Avg:   367 Min:   242 Max:  1048 Err:     0 (0.00%) Active: 100 Started: 100 Finished: 0
2025-03-01 22:12:00,002 INFO o.a.j.r.Summariser: summary =  38803 in 00:09:34 =   67.6/s Avg:   356 Min:   241 Max:  1550 Err:     2 (0.01%)
2025-03-01 22:12:30,022 INFO o.a.j.r.Summariser: summary +   2291 in 00:00:30 =   76.3/s Avg:   345 Min:   241 Max:   997 Err:     0 (0.00%) Active: 100 Started: 100 Finished: 0
2025-03-01 22:12:30,023 INFO o.a.j.r.Summariser: summary =  41094 in 00:10:04 =   68.1/s Avg:   355 Min:   241 Max:  1550 Err:     2 (0.00%)
2025-03-01 22:13:00,001 INFO o.a.j.r.Summariser: summary +   2294 in 00:00:30 =   76.5/s Avg:   364 Min:   242 Max:  1091 Err:     0 (0.00%) Active: 100 Started: 100 Finished: 0
2025-03-01 22:13:00,001 INFO o.a.j.r.Summariser: summary =  43388 in 00:10:34 =   68.5/s Avg:   356 Min:   241 Max:  1550 Err:     2 (0.00%)
2025-03-01 22:13:25,432 INFO o.a.j.t.JMeterThread: Thread finished: Thread-Gruppe 1-1
2025-03-01 22:13:25,459 INFO o.a.j.t.JMeterThread: Thread finished: Thread-Gruppe 1-47
2025-03-01 22:13:25,509 INFO o.a.j.t.JMeterThread: Thread finished: Thread-Gruppe 1-17
2025-03-01 22:13:25,523 INFO o.a.j.t.JMeterThread: Thread finished: Thread-Gruppe 1-62
2025-03-01 22:13:25,553 INFO o.a.j.t.JMeterThread: Thread finished: Thread-Gruppe 1-2
2025-03-01 22:13:25,596 INFO o.a.j.t.JMeterThread: Thread finished: Thread-Gruppe 1-48
2025-03-01 22:13:25,611 INFO o.a.j.t.JMeterThread: Thread finished: Thread-Gruppe 1-18
2025-03-01 22:13:25,640 INFO o.a.j.t.JMeterThread: Thread finished: Thread-Gruppe 1-63
2025-03-01 22:13:25,668 INFO o.a.j.t.JMeterThread: Thread finished: Thread-Gruppe 1-3
2025-03-01 22:13:25,727 INFO o.a.j.t.JMeterThread: Thread finished: Thread-Gruppe 1-49
2025-03-01 22:13:25,757 INFO o.a.j.t.JMeterThread: Thread finished: Thread-Gruppe 1-19
2025-03-01 22:13:25,766 INFO o.a.j.t.JMeterThread: Thread finished: Thread-Gruppe 1-64
2025-03-01 22:13:25,794 INFO o.a.j.t.JMeterThread: Thread finished: Thread-Gruppe 1-4
2025-03-01 22:13:25,882 INFO o.a.j.t.JMeterThread: Thread finished: Thread-Gruppe 1-50
2025-03-01 22:13:25,891 INFO o.a.j.t.JMeterThread: Thread finished: Thread-Gruppe 1-20
2025-03-01 22:13:25,903 INFO o.a.j.t.JMeterThread: Thread finished: Thread-Gruppe 1-65
2025-03-01 22:13:25,943 INFO o.a.j.t.JMeterThread: Thread finished: Thread-Gruppe 1-32
2025-03-01 22:13:25,950 INFO o.a.j.t.JMeterThread: Thread finished: Thread-Gruppe 1-5
2025-03-01 22:13:26,007 INFO o.a.j.t.JMeterThread: Thread finished: Thread-Gruppe 1-51
2025-03-01 22:13:26,016 INFO o.a.j.t.JMeterThread: Thread finished: Thread-Gruppe 1-21
2025-03-01 22:13:26,029 INFO o.a.j.t.JMeterThread: Thread finished: Thread-Gruppe 1-66
2025-03-01 22:13:26,085 INFO o.a.j.t.JMeterThread: Thread finished: Thread-Gruppe 1-33
2025-03-01 22:13:26,085 INFO o.a.j.t.JMeterThread: Thread finished: Thread-Gruppe 1-6
2025-03-01 22:13:26,167 INFO o.a.j.t.JMeterThread: Thread finished: Thread-Gruppe 1-22
2025-03-01 22:13:26,167 INFO o.a.j.t.JMeterThread: Thread finished: Thread-Gruppe 1-52
2025-03-01 22:13:26,183 INFO o.a.j.t.JMeterThread: Thread finished: Thread-Gruppe 1-67
2025-03-01 22:13:26,191 INFO o.a.j.t.JMeterThread: Thread finished: Thread-Gruppe 1-7
2025-03-01 22:13:26,251 INFO o.a.j.t.JMeterThread: Thread finished: Thread-Gruppe 1-34
2025-03-01 22:13:26,254 INFO o.a.j.t.JMeterThread: Thread finished: Thread-Gruppe 1-53
2025-03-01 22:13:26,291 INFO o.a.j.t.JMeterThread: Thread finished: Thread-Gruppe 1-23
2025-03-01 22:13:26,309 INFO o.a.j.t.JMeterThread: Thread finished: Thread-Gruppe 1-35
2025-03-01 22:13:26,317 INFO o.a.j.t.JMeterThread: Thread finished: Thread-Gruppe 1-68
2025-03-01 22:13:26,329 INFO o.a.j.t.JMeterThread: Thread finished: Thread-Gruppe 1-8
2025-03-01 22:13:26,411 INFO o.a.j.t.JMeterThread: Thread finished: Thread-Gruppe 1-54
2025-03-01 22:13:26,442 INFO o.a.j.t.JMeterThread: Thread finished: Thread-Gruppe 1-24
2025-03-01 22:13:26,462 INFO o.a.j.t.JMeterThread: Thread finished: Thread-Gruppe 1-9
2025-03-01 22:13:26,465 INFO o.a.j.t.JMeterThread: Thread finished: Thread-Gruppe 1-36
2025-03-01 22:13:26,470 INFO o.a.j.t.JMeterThread: Thread finished: Thread-Gruppe 1-69
2025-03-01 22:13:26,540 INFO o.a.j.t.JMeterThread: Thread finished: Thread-Gruppe 1-25
2025-03-01 22:13:26,541 INFO o.a.j.t.JMeterThread: Thread finished: Thread-Gruppe 1-55
2025-03-01 22:13:26,581 INFO o.a.j.t.JMeterThread: Thread finished: Thread-Gruppe 1-70
2025-03-01 22:13:26,604 INFO o.a.j.t.JMeterThread: Thread finished: Thread-Gruppe 1-37
2025-03-01 22:13:26,611 INFO o.a.j.t.JMeterThread: Thread finished: Thread-Gruppe 1-10
2025-03-01 22:13:26,664 INFO o.a.j.t.JMeterThread: Thread finished: Thread-Gruppe 1-56
2025-03-01 22:13:26,679 INFO o.a.j.t.JMeterThread: Thread finished: Thread-Gruppe 1-26
2025-03-01 22:13:26,711 INFO o.a.j.t.JMeterThread: Thread finished: Thread-Gruppe 1-38
2025-03-01 22:13:26,715 INFO o.a.j.t.JMeterThread: Thread finished: Thread-Gruppe 1-71
2025-03-01 22:13:26,726 INFO o.a.j.t.JMeterThread: Thread finished: Thread-Gruppe 1-11
2025-03-01 22:13:26,806 INFO o.a.j.t.JMeterThread: Thread finished: Thread-Gruppe 1-27
2025-03-01 22:13:26,806 INFO o.a.j.t.JMeterThread: Thread finished: Thread-Gruppe 1-57
2025-03-01 22:13:26,842 INFO o.a.j.t.JMeterThread: Thread finished: Thread-Gruppe 2-1
2025-03-01 22:13:26,845 INFO o.a.j.t.JMeterThread: Thread finished: Thread-Gruppe 1-72
2025-03-01 22:13:26,854 INFO o.a.j.t.JMeterThread: Thread finished: Thread-Gruppe 1-12
2025-03-01 22:13:26,868 INFO o.a.j.t.JMeterThread: Thread finished: Thread-Gruppe 1-39
2025-03-01 22:13:26,887 INFO o.a.j.t.JMeterThread: Thread finished: Thread-Gruppe 2-5
2025-03-01 22:13:26,912 INFO o.a.j.t.JMeterThread: Thread finished: Thread-Gruppe 2-16
2025-03-01 22:13:26,927 INFO o.a.j.t.JMeterThread: Thread finished: Thread-Gruppe 1-58
2025-03-01 22:13:26,943 INFO o.a.j.t.JMeterThread: Thread finished: Thread-Gruppe 1-28
2025-03-01 22:13:26,976 INFO o.a.j.t.JMeterThread: Thread finished: Thread-Gruppe 1-73
2025-03-01 22:13:26,993 INFO o.a.j.t.JMeterThread: Thread finished: Thread-Gruppe 1-40
2025-03-01 22:13:27,003 INFO o.a.j.t.JMeterThread: Thread finished: Thread-Gruppe 1-13
2025-03-01 22:13:27,088 INFO o.a.j.t.JMeterThread: Thread finished: Thread-Gruppe 1-59
2025-03-01 22:13:27,091 INFO o.a.j.t.JMeterThread: Thread finished: Thread-Gruppe 1-29
2025-03-01 22:13:27,118 INFO o.a.j.t.JMeterThread: Thread finished: Thread-Gruppe 2-4
2025-03-01 22:13:27,130 INFO o.a.j.t.JMeterThread: Thread finished: Thread-Gruppe 1-41
2025-03-01 22:13:27,131 INFO o.a.j.t.JMeterThread: Thread finished: Thread-Gruppe 1-74
2025-03-01 22:13:27,131 INFO o.a.j.t.JMeterThread: Stopping because end time detected by thread: Thread-Gruppe 1-14
2025-03-01 22:13:27,131 INFO o.a.j.t.JMeterThread: Thread finished: Thread-Gruppe 1-14
2025-03-01 22:13:27,133 INFO o.a.j.t.JMeterThread: Thread finished: Thread-Gruppe 2-12
2025-03-01 22:13:27,156 INFO o.a.j.t.JMeterThread: Thread finished: Thread-Gruppe 2-10
2025-03-01 22:13:27,200 INFO o.a.j.t.JMeterThread: Stopping because end time detected by thread: Thread-Gruppe 1-60
2025-03-01 22:13:27,200 INFO o.a.j.t.JMeterThread: Thread finished: Thread-Gruppe 1-60
2025-03-01 22:13:27,205 INFO o.a.j.t.JMeterThread: Stopping because end time detected by thread: Thread-Gruppe 1-30
2025-03-01 22:13:27,205 INFO o.a.j.t.JMeterThread: Thread finished: Thread-Gruppe 3-1
2025-03-01 22:13:27,205 INFO o.a.j.t.JMeterThread: Thread finished: Thread-Gruppe 1-30
2025-03-01 22:13:27,231 INFO o.a.j.t.JMeterThread: Thread finished: Thread-Gruppe 3-3
2025-03-01 22:13:27,263 INFO o.a.j.t.JMeterThread: Stopping because end time detected by thread: Thread-Gruppe 1-75
2025-03-01 22:13:27,263 INFO o.a.j.t.JMeterThread: Thread finished: Thread-Gruppe 1-75
2025-03-01 22:13:27,263 INFO o.a.j.t.JMeterThread: Stopping because end time detected by thread: Thread-Gruppe 2-18
2025-03-01 22:13:27,263 INFO o.a.j.t.JMeterThread: Thread finished: Thread-Gruppe 2-18
2025-03-01 22:13:27,279 INFO o.a.j.t.JMeterThread: Stopping because end time detected by thread: Thread-Gruppe 1-42
2025-03-01 22:13:27,279 INFO o.a.j.t.JMeterThread: Thread finished: Thread-Gruppe 1-42
2025-03-01 22:13:27,279 INFO o.a.j.t.JMeterThread: Stopping because end time detected by thread: Thread-Gruppe 2-2
2025-03-01 22:13:27,279 INFO o.a.j.t.JMeterThread: Thread finished: Thread-Gruppe 2-2
2025-03-01 22:13:27,279 INFO o.a.j.t.JMeterThread: Stopping because end time detected by thread: Thread-Gruppe 1-15
2025-03-01 22:13:27,279 INFO o.a.j.t.JMeterThread: Thread finished: Thread-Gruppe 1-15
2025-03-01 22:13:27,279 INFO o.a.j.t.JMeterThread: Stopping because end time detected by thread: Thread-Gruppe 3-5
2025-03-01 22:13:27,279 INFO o.a.j.t.JMeterThread: Thread finished: Thread-Gruppe 3-5
2025-03-01 22:13:27,279 INFO o.a.j.t.JMeterThread: Stopping because end time detected by thread: Thread-Gruppe 2-20
2025-03-01 22:13:27,279 INFO o.a.j.t.JMeterThread: Thread finished: Thread-Gruppe 2-20
2025-03-01 22:13:27,295 INFO o.a.j.t.JMeterThread: Stopping because end time detected by thread: Thread-Gruppe 2-17
2025-03-01 22:13:27,295 INFO o.a.j.t.JMeterThread: Thread finished: Thread-Gruppe 2-17
2025-03-01 22:13:27,295 INFO o.a.j.t.JMeterThread: Stopping because end time detected by thread: Thread-Gruppe 2-3
2025-03-01 22:13:27,295 INFO o.a.j.t.JMeterThread: Thread finished: Thread-Gruppe 2-3
2025-03-01 22:13:27,311 INFO o.a.j.t.JMeterThread: Stopping because end time detected by thread: Thread-Gruppe 1-61
2025-03-01 22:13:27,311 INFO o.a.j.t.JMeterThread: Thread finished: Thread-Gruppe 1-61
2025-03-01 22:13:27,343 INFO o.a.j.t.JMeterThread: Stopping because end time detected by thread: Thread-Gruppe 1-31
2025-03-01 22:13:27,343 INFO o.a.j.t.JMeterThread: Thread finished: Thread-Gruppe 1-31
2025-03-01 22:13:27,343 INFO o.a.j.t.JMeterThread: Stopping because end time detected by thread: Thread-Gruppe 2-7
2025-03-01 22:13:27,343 INFO o.a.j.t.JMeterThread: Thread finished: Thread-Gruppe 2-7
2025-03-01 22:13:27,360 INFO o.a.j.t.JMeterThread: Stopping because end time detected by thread: Thread-Gruppe 2-9
2025-03-01 22:13:27,360 INFO o.a.j.t.JMeterThread: Thread finished: Thread-Gruppe 2-9
2025-03-01 22:13:27,375 INFO o.a.j.t.JMeterThread: Stopping because end time detected by thread: Thread-Gruppe 2-11
2025-03-01 22:13:27,375 INFO o.a.j.t.JMeterThread: Thread finished: Thread-Gruppe 2-11
2025-03-01 22:13:27,393 INFO o.a.j.t.JMeterThread: Stopping because end time detected by thread: Thread-Gruppe 1-16
2025-03-01 22:13:27,393 INFO o.a.j.t.JMeterThread: Thread finished: Thread-Gruppe 1-16
2025-03-01 22:13:27,406 INFO o.a.j.t.JMeterThread: Stopping because end time detected by thread: Thread-Gruppe 2-6
2025-03-01 22:13:27,406 INFO o.a.j.t.JMeterThread: Thread finished: Thread-Gruppe 2-6
2025-03-01 22:13:27,406 INFO o.a.j.t.JMeterThread: Stopping because end time detected by thread: Thread-Gruppe 2-13
2025-03-01 22:13:27,406 INFO o.a.j.t.JMeterThread: Thread finished: Thread-Gruppe 2-13
2025-03-01 22:13:27,406 INFO o.a.j.t.JMeterThread: Stopping because end time detected by thread: Thread-Gruppe 1-43
2025-03-01 22:13:27,406 INFO o.a.j.t.JMeterThread: Thread finished: Thread-Gruppe 1-43
2025-03-01 22:13:27,454 INFO o.a.j.t.JMeterThread: Stopping because end time detected by thread: Thread-Gruppe 2-19
2025-03-01 22:13:27,454 INFO o.a.j.t.JMeterThread: Thread finished: Thread-Gruppe 2-19
2025-03-01 22:13:27,454 INFO o.a.j.t.JMeterThread: Stopping because end time detected by thread: Thread-Gruppe 3-2
2025-03-01 22:13:27,454 INFO o.a.j.t.JMeterThread: Thread finished: Thread-Gruppe 3-2
2025-03-01 22:13:27,470 INFO o.a.j.t.JMeterThread: Stopping because end time detected by thread: Thread-Gruppe 2-15
2025-03-01 22:13:27,470 INFO o.a.j.t.JMeterThread: Stopping because end time detected by thread: Thread-Gruppe 2-8
2025-03-01 22:13:27,470 INFO o.a.j.t.JMeterThread: Thread finished: Thread-Gruppe 2-15
2025-03-01 22:13:27,478 INFO o.a.j.t.JMeterThread: Thread finished: Thread-Gruppe 2-8
2025-03-01 22:13:27,493 INFO o.a.j.t.JMeterThread: Stopping because end time detected by thread: Thread-Gruppe 3-4
2025-03-01 22:13:27,493 INFO o.a.j.t.JMeterThread: Thread finished: Thread-Gruppe 3-4
2025-03-01 22:13:27,509 INFO o.a.j.t.JMeterThread: Stopping because end time detected by thread: Thread-Gruppe 1-44
2025-03-01 22:13:27,509 INFO o.a.j.t.JMeterThread: Thread finished: Thread-Gruppe 1-44
2025-03-01 22:13:27,572 INFO o.a.j.t.JMeterThread: Stopping because end time detected by thread: Thread-Gruppe 2-14
2025-03-01 22:13:27,572 INFO o.a.j.t.JMeterThread: Thread finished: Thread-Gruppe 2-14
2025-03-01 22:13:27,652 INFO o.a.j.t.JMeterThread: Stopping because end time detected by thread: Thread-Gruppe 1-45
2025-03-01 22:13:27,652 INFO o.a.j.t.JMeterThread: Thread finished: Thread-Gruppe 1-45
2025-03-01 22:13:27,779 INFO o.a.j.t.JMeterThread: Stopping because end time detected by thread: Thread-Gruppe 1-46
2025-03-01 22:13:27,779 INFO o.a.j.t.JMeterThread: Thread finished: Thread-Gruppe 1-46
2025-03-01 22:13:27,779 INFO o.a.j.e.StandardJMeterEngine: Notifying test listeners of end of test
2025-03-01 22:13:27,779 INFO o.a.j.r.Summariser: summary +   2102 in 00:00:28 =   75.7/s Avg:   346 Min:   241 Max:  1042 Err:     0 (0.00%) Active: 0 Started: 100 Finished: 100
2025-03-01 22:13:27,779 INFO o.a.j.r.Summariser: summary =  45490 in 00:11:01 =   68.8/s Avg:   355 Min:   241 Max:  1550 Err:     2 (0.00%)
