2025-02-28 11:06:37,797 INFO o.a.j.u.JMeterUtils: Setting Locale to en_EN
2025-02-28 11:06:37,824 INFO o.a.j.JMeter: Loading user properties from: C:\Users\ASUS\Desktop\apache-jmeter-5.6.3\apache-jmeter-5.6.3\bin\user.properties
2025-02-28 11:06:37,824 INFO o.a.j.JMeter: Loading system properties from: C:\Users\ASUS\Desktop\apache-jmeter-5.6.3\apache-jmeter-5.6.3\bin\system.properties
2025-02-28 11:06:37,830 INFO o.a.j.JMeter: Setting JMeter property: lb_1_hostname=34.123.91.22
2025-02-28 11:06:37,830 INFO o.a.j.JMeter: Setting JMeter property: lb_2_hostname=35.224.254.232
2025-02-28 11:06:37,830 INFO o.a.j.JMeter: Setting JMeter property: lb_1_port=8090
2025-02-28 11:06:37,830 INFO o.a.j.JMeter: Setting JMeter property: lb_2_port=8091
2025-02-28 11:06:37,834 INFO o.a.j.JMeter: Setting JMeter property: warm_up_users=20
2025-02-28 11:06:37,834 INFO o.a.j.JMeter: Setting JMeter property: warm_up_time=60
2025-02-28 11:06:37,834 INFO o.a.j.JMeter: Setting JMeter property: test_run_time=600
2025-02-28 11:06:37,834 INFO o.a.j.JMeter: Setting JMeter property: ramp_up=10
2025-02-28 11:06:37,834 INFO o.a.j.JMeter: Setting JMeter property: group_1=75
2025-02-28 11:06:37,834 INFO o.a.j.JMeter: Setting JMeter property: group_2=20
2025-02-28 11:06:37,834 INFO o.a.j.JMeter: Setting JMeter property: group_3=5
2025-02-28 11:06:37,834 INFO o.a.j.JMeter: Setting JMeter property: group_1_request_rate=30
2025-02-28 11:06:37,834 INFO o.a.j.JMeter: Setting JMeter property: group_2_request_rate=90
2025-02-28 11:06:37,834 INFO o.a.j.JMeter: Setting JMeter property: group_3_request_rate=120
2025-02-28 11:06:37,834 INFO o.a.j.JMeter: Setting JMeter property: log_file=c:\\Users\\ASUS\\Desktop\\Repos\\rate-limiter-nginx\\jmeter\\cloud\\2025_02_28_10_00_logs\\sliding_window_logs\\redis_script_rate_limit_100_window_size_60\\warm_up_results.csv
2025-02-28 11:06:37,834 INFO o.a.j.JMeter: Setting JMeter property: algorithm=sliding_window_logs_redis_script_rate_limit_100_window_size_60
2025-02-28 11:06:37,834 INFO o.a.j.JMeter: Setting JMeter property: auth=/sliding_window_logs/redis_script_rate_limit_100_window_size_60/tools.descartes.teastore.auth/rest
2025-02-28 11:06:37,834 INFO o.a.j.JMeter: Setting JMeter property: persistence=/sliding_window_logs/redis_script_rate_limit_100_window_size_60/tools.descartes.teastore.persistence/rest
2025-02-28 11:06:37,834 INFO o.a.j.JMeter: Setting JMeter property: recommender=/sliding_window_logs/redis_script_rate_limit_100_window_size_60/tools.descartes.teastore.recommender/rest
2025-02-28 11:06:37,834 INFO o.a.j.JMeter: Setting JMeter property: image=/sliding_window_logs/redis_script_rate_limit_100_window_size_60/tools.descartes.teastore.image/rest
2025-02-28 11:06:37,848 INFO o.a.j.JMeter: Copyright (c) 1998-2024 The Apache Software Foundation
2025-02-28 11:06:37,848 INFO o.a.j.JMeter: Version 5.6.3
2025-02-28 11:06:37,848 INFO o.a.j.JMeter: java.version=17.0.9
2025-02-28 11:06:37,848 INFO o.a.j.JMeter: java.vm.name=Java HotSpot(TM) 64-Bit Server VM
2025-02-28 11:06:37,848 INFO o.a.j.JMeter: os.name=Windows 11
2025-02-28 11:06:37,848 INFO o.a.j.JMeter: os.arch=amd64
2025-02-28 11:06:37,848 INFO o.a.j.JMeter: os.version=10.0
2025-02-28 11:06:37,848 INFO o.a.j.JMeter: file.encoding=Cp1252
2025-02-28 11:06:37,848 INFO o.a.j.JMeter: java.awt.headless=true
2025-02-28 11:06:37,848 INFO o.a.j.JMeter: Max memory     =1073741824
2025-02-28 11:06:37,848 INFO o.a.j.JMeter: Available Processors =12
2025-02-28 11:06:37,857 INFO o.a.j.JMeter: Default Locale=English (EN)
2025-02-28 11:06:37,857 INFO o.a.j.JMeter: JMeter  Locale=English (EN)
2025-02-28 11:06:37,857 INFO o.a.j.JMeter: JMeterHome=C:\Users\ASUS\Desktop\apache-jmeter-5.6.3\apache-jmeter-5.6.3
2025-02-28 11:06:37,857 INFO o.a.j.JMeter: user.dir  =C:\Users\ASUS\Desktop\Repos\rate-limiter-nginx
2025-02-28 11:06:37,857 INFO o.a.j.JMeter: PWD       =C:\Users\ASUS\Desktop\Repos\rate-limiter-nginx
2025-02-28 11:06:37,857 INFO o.a.j.JMeter: IP: 192.168.1.45 Name: THIVA FullName: THIVA
2025-02-28 11:06:37,875 INFO o.a.j.s.FileServer: Default base='C:\Users\ASUS\Desktop\Repos\rate-limiter-nginx'
2025-02-28 11:06:37,883 INFO o.a.j.s.FileServer: Set new base='c:\Users\ASUS\Desktop\Repos\rate-limiter-nginx\jmeter\cloud'
2025-02-28 11:06:38,102 INFO o.a.j.s.SaveService: Testplan (JMX) version: 2.2. Testlog (JTL) version: 2.2
2025-02-28 11:06:38,138 INFO o.a.j.s.SaveService: Using SaveService properties version 5.0
2025-02-28 11:06:38,140 INFO o.a.j.s.SaveService: Using SaveService properties file encoding UTF-8
2025-02-28 11:06:38,148 INFO o.a.j.s.SaveService: Loading file: c:\Users\ASUS\Desktop\Repos\rate-limiter-nginx\jmeter\cloud\teastore_performance.jmx
2025-02-28 11:06:38,230 INFO o.a.j.p.h.c.CookieManager: Settings: Delete null: true Check: true Allow variable: true Save: false Prefix: COOKIE_
2025-02-28 11:06:38,256 INFO o.a.j.p.h.s.HTTPSamplerBase: Parser for text/html is org.apache.jmeter.protocol.http.parser.LagartoBasedHtmlParser
2025-02-28 11:06:38,256 INFO o.a.j.p.h.s.HTTPSamplerBase: Parser for application/xhtml+xml is org.apache.jmeter.protocol.http.parser.LagartoBasedHtmlParser
2025-02-28 11:06:38,256 INFO o.a.j.p.h.s.HTTPSamplerBase: Parser for application/xml is org.apache.jmeter.protocol.http.parser.LagartoBasedHtmlParser
2025-02-28 11:06:38,256 INFO o.a.j.p.h.s.HTTPSamplerBase: Parser for text/xml is org.apache.jmeter.protocol.http.parser.LagartoBasedHtmlParser
2025-02-28 11:06:38,256 INFO o.a.j.p.h.s.HTTPSamplerBase: Parser for text/vnd.wap.wml is org.apache.jmeter.protocol.http.parser.RegexpHTMLParser
2025-02-28 11:06:38,256 INFO o.a.j.p.h.s.HTTPSamplerBase: Parser for text/css is org.apache.jmeter.protocol.http.parser.CssParser
2025-02-28 11:06:38,389 INFO o.a.j.s.SampleResult: Note: Sample TimeStamps are START times
2025-02-28 11:06:38,389 INFO o.a.j.s.SampleResult: sampleresult.default.encoding is set to UTF-8
2025-02-28 11:06:38,389 INFO o.a.j.s.SampleResult: sampleresult.useNanoTime=true
2025-02-28 11:06:38,389 INFO o.a.j.s.SampleResult: sampleresult.nanoThreadSleep=5000
2025-02-28 11:06:38,423 INFO o.a.j.JMeter: Creating summariser <summary>
2025-02-28 11:06:38,445 INFO o.a.j.e.StandardJMeterEngine: Running the test!
2025-02-28 11:06:38,445 INFO o.a.j.s.SampleEvent: List of sample_variables: []
2025-02-28 11:06:38,445 INFO o.a.j.s.SampleEvent: List of sample_variables: []
2025-02-28 11:06:38,457 INFO o.a.j.e.u.CompoundVariable: Note: Function class names must contain the string: '.functions.'
2025-02-28 11:06:38,457 INFO o.a.j.e.u.CompoundVariable: Note: Function class names must not contain the string: '.gui.'
2025-02-28 11:06:38,544 INFO o.a.j.r.ClassFinder: Will scan jar C:\Users\ASUS\Desktop\apache-jmeter-5.6.3\apache-jmeter-5.6.3\lib\ext\jmeter-plugins-casutg-2.10.jar with filter ExtendsClassFilter [parents=[interface org.apache.jmeter.functions.Function], inner=false, contains=null, notContains=null]. Consider exposing JMeter plugins via META-INF/services, and add JMeter-Skip-Class-Scanning=true manifest attribute so JMeter can skip classfile scanning
2025-02-28 11:06:38,559 INFO o.a.j.r.ClassFinder: Will scan jar C:\Users\ASUS\Desktop\apache-jmeter-5.6.3\apache-jmeter-5.6.3\lib\ext\jmeter-plugins-graphs-vs-2.0.jar with filter ExtendsClassFilter [parents=[interface org.apache.jmeter.functions.Function], inner=false, contains=null, notContains=null]. Consider exposing JMeter plugins via META-INF/services, and add JMeter-Skip-Class-Scanning=true manifest attribute so JMeter can skip classfile scanning
2025-02-28 11:06:38,565 INFO o.a.j.r.ClassFinder: Will scan jar C:\Users\ASUS\Desktop\apache-jmeter-5.6.3\apache-jmeter-5.6.3\lib\ext\jmeter-plugins-manager-1.9.jar with filter ExtendsClassFilter [parents=[interface org.apache.jmeter.functions.Function], inner=false, contains=null, notContains=null]. Consider exposing JMeter plugins via META-INF/services, and add JMeter-Skip-Class-Scanning=true manifest attribute so JMeter can skip classfile scanning
2025-02-28 11:06:38,625 INFO o.a.j.r.ClassFinder: Will scan jar C:\Users\ASUS\Desktop\apache-jmeter-5.6.3\apache-jmeter-5.6.3\lib\ext\jmeter-plugins-graphs-basic-2.0.jar with filter ExtendsClassFilter [parents=[interface org.apache.jmeter.functions.Function], inner=false, contains=null, notContains=null]. Consider exposing JMeter plugins via META-INF/services, and add JMeter-Skip-Class-Scanning=true manifest attribute so JMeter can skip classfile scanning
2025-02-28 11:06:38,625 INFO o.a.j.r.ClassFinder: Will scan jar C:\Users\ASUS\Desktop\apache-jmeter-5.6.3\apache-jmeter-5.6.3\lib\ext\jmeter-plugins-manager-0.20.jar with filter ExtendsClassFilter [parents=[interface org.apache.jmeter.functions.Function], inner=false, contains=null, notContains=null]. Consider exposing JMeter plugins via META-INF/services, and add JMeter-Skip-Class-Scanning=true manifest attribute so JMeter can skip classfile scanning
2025-02-28 11:06:38,642 INFO o.a.j.r.ClassFinder: Will scan jar C:\Users\ASUS\Desktop\apache-jmeter-5.6.3\apache-jmeter-5.6.3\lib\ext\jmeter-plugins-tst-2.6.jar with filter ExtendsClassFilter [parents=[interface org.apache.jmeter.functions.Function], inner=false, contains=null, notContains=null]. Consider exposing JMeter plugins via META-INF/services, and add JMeter-Skip-Class-Scanning=true manifest attribute so JMeter can skip classfile scanning
2025-02-28 11:06:38,646 INFO o.a.j.r.ClassFinder: Will scan jar C:\Users\ASUS\Desktop\apache-jmeter-5.6.3\apache-jmeter-5.6.3\lib\ext\jmeter-parallel-0.12.jar with filter ExtendsClassFilter [parents=[interface org.apache.jmeter.functions.Function], inner=false, contains=null, notContains=null]. Consider exposing JMeter plugins via META-INF/services, and add JMeter-Skip-Class-Scanning=true manifest attribute so JMeter can skip classfile scanning
2025-02-28 11:06:38,921 INFO o.a.j.JMeter: Running test (1740720998921)
2025-02-28 11:06:38,921 INFO o.a.j.e.StandardJMeterEngine: Starting setUp thread groups
2025-02-28 11:06:38,921 INFO o.a.j.e.StandardJMeterEngine: Starting setUp ThreadGroup: 1 : setUp Thread Group 
2025-02-28 11:06:38,921 INFO o.a.j.e.StandardJMeterEngine: Starting 20 threads for group setUp Thread Group.
2025-02-28 11:06:38,921 INFO o.a.j.e.StandardJMeterEngine: Thread will continue on error
2025-02-28 11:06:38,921 INFO o.a.j.t.ThreadGroup: Starting thread group... number=1 threads=20 ramp-up=10 delayedStart=false
2025-02-28 11:06:38,947 INFO o.a.j.t.JMeterThread: Thread started: setUp Thread Group 1-1
2025-02-28 11:06:38,966 INFO o.a.j.t.ThreadGroup: Started thread group number 1
2025-02-28 11:06:38,966 INFO o.a.j.e.StandardJMeterEngine: Waiting for all setup thread groups to exit
2025-02-28 11:06:39,437 INFO o.a.j.t.JMeterThread: Thread started: setUp Thread Group 1-2
2025-02-28 11:06:39,766 INFO o.a.j.p.h.s.HTTPHCAbstractImpl: Local host = THIVA
2025-02-28 11:06:39,773 INFO o.a.j.p.h.s.HTTPHC4Impl: HTTP request retry count = 0
2025-02-28 11:06:39,935 INFO o.a.j.t.JMeterThread: Thread started: setUp Thread Group 1-3
2025-02-28 11:06:40,428 INFO o.a.j.t.JMeterThread: Thread started: setUp Thread Group 1-4
2025-02-28 11:06:40,927 INFO o.a.j.t.JMeterThread: Thread started: setUp Thread Group 1-5
2025-02-28 11:06:41,431 INFO o.a.j.t.JMeterThread: Thread started: setUp Thread Group 1-6
2025-02-28 11:06:41,928 INFO o.a.j.t.JMeterThread: Thread started: setUp Thread Group 1-7
2025-02-28 11:06:42,434 INFO o.a.j.t.JMeterThread: Thread started: setUp Thread Group 1-8
2025-02-28 11:06:42,927 INFO o.a.j.t.JMeterThread: Thread started: setUp Thread Group 1-9
2025-02-28 11:06:43,427 INFO o.a.j.t.JMeterThread: Thread started: setUp Thread Group 1-10
2025-02-28 11:06:43,925 INFO o.a.j.t.JMeterThread: Thread started: setUp Thread Group 1-11
2025-02-28 11:06:44,424 INFO o.a.j.t.JMeterThread: Thread started: setUp Thread Group 1-12
2025-02-28 11:06:44,929 INFO o.a.j.t.JMeterThread: Thread started: setUp Thread Group 1-13
2025-02-28 11:06:45,426 INFO o.a.j.t.JMeterThread: Thread started: setUp Thread Group 1-14
2025-02-28 11:06:45,925 INFO o.a.j.t.JMeterThread: Thread started: setUp Thread Group 1-15
2025-02-28 11:06:46,426 INFO o.a.j.t.JMeterThread: Thread started: setUp Thread Group 1-16
2025-02-28 11:06:46,925 INFO o.a.j.t.JMeterThread: Thread started: setUp Thread Group 1-17
2025-02-28 11:06:47,424 INFO o.a.j.t.JMeterThread: Thread started: setUp Thread Group 1-18
2025-02-28 11:06:47,928 INFO o.a.j.t.JMeterThread: Thread started: setUp Thread Group 1-19
2025-02-28 11:06:48,425 INFO o.a.j.t.JMeterThread: Thread started: setUp Thread Group 1-20
2025-02-28 11:07:38,737 INFO o.a.j.t.JMeterThread: Thread finished: setUp Thread Group 1-20
2025-02-28 11:07:38,739 INFO o.a.j.t.JMeterThread: Thread finished: setUp Thread Group 1-11
2025-02-28 11:07:38,739 INFO o.a.j.t.JMeterThread: Thread finished: setUp Thread Group 1-13
2025-02-28 11:07:38,816 INFO o.a.j.t.JMeterThread: Thread finished: setUp Thread Group 1-19
2025-02-28 11:07:38,835 INFO o.a.j.t.JMeterThread: Thread finished: setUp Thread Group 1-8
2025-02-28 11:07:38,844 INFO o.a.j.t.JMeterThread: Thread finished: setUp Thread Group 1-5
2025-02-28 11:07:38,911 INFO o.a.j.t.JMeterThread: Thread finished: setUp Thread Group 1-6
2025-02-28 11:07:38,943 INFO o.a.j.t.JMeterThread: Thread finished: setUp Thread Group 1-15
2025-02-28 11:07:38,948 INFO o.a.j.t.JMeterThread: Stopping because end time detected by thread: setUp Thread Group 1-9
2025-02-28 11:07:38,948 INFO o.a.j.t.JMeterThread: Thread finished: setUp Thread Group 1-9
2025-02-28 11:07:38,993 INFO o.a.j.t.JMeterThread: Stopping because end time detected by thread: setUp Thread Group 1-4
2025-02-28 11:07:38,993 INFO o.a.j.t.JMeterThread: Thread finished: setUp Thread Group 1-4
2025-02-28 11:07:38,995 INFO o.a.j.t.JMeterThread: Stopping because end time detected by thread: setUp Thread Group 1-16
2025-02-28 11:07:38,995 INFO o.a.j.t.JMeterThread: Thread finished: setUp Thread Group 1-16
2025-02-28 11:07:38,995 INFO o.a.j.t.JMeterThread: Stopping because end time detected by thread: setUp Thread Group 1-10
2025-02-28 11:07:38,995 INFO o.a.j.t.JMeterThread: Thread finished: setUp Thread Group 1-10
2025-02-28 11:07:39,057 INFO o.a.j.t.JMeterThread: Stopping because end time detected by thread: setUp Thread Group 1-2
2025-02-28 11:07:39,067 INFO o.a.j.t.JMeterThread: Thread finished: setUp Thread Group 1-2
2025-02-28 11:07:39,067 INFO o.a.j.t.JMeterThread: Stopping because end time detected by thread: setUp Thread Group 1-14
2025-02-28 11:07:39,067 INFO o.a.j.t.JMeterThread: Thread finished: setUp Thread Group 1-14
2025-02-28 11:07:39,123 INFO o.a.j.t.JMeterThread: Stopping because end time detected by thread: setUp Thread Group 1-1
2025-02-28 11:07:39,132 INFO o.a.j.t.JMeterThread: Thread finished: setUp Thread Group 1-1
2025-02-28 11:07:39,123 INFO o.a.j.t.JMeterThread: Stopping because end time detected by thread: setUp Thread Group 1-12
2025-02-28 11:07:39,132 INFO o.a.j.t.JMeterThread: Thread finished: setUp Thread Group 1-12
2025-02-28 11:07:39,132 INFO o.a.j.t.JMeterThread: Stopping because end time detected by thread: setUp Thread Group 1-7
2025-02-28 11:07:39,132 INFO o.a.j.t.JMeterThread: Thread finished: setUp Thread Group 1-7
2025-02-28 11:07:39,173 INFO o.a.j.t.JMeterThread: Stopping because end time detected by thread: setUp Thread Group 1-3
2025-02-28 11:07:39,173 INFO o.a.j.t.JMeterThread: Thread finished: setUp Thread Group 1-3
2025-02-28 11:07:39,205 INFO o.a.j.t.JMeterThread: Stopping because end time detected by thread: setUp Thread Group 1-18
2025-02-28 11:07:39,205 INFO o.a.j.t.JMeterThread: Thread finished: setUp Thread Group 1-18
2025-02-28 11:07:39,205 INFO o.a.j.t.JMeterThread: Stopping because end time detected by thread: setUp Thread Group 1-17
2025-02-28 11:07:39,205 INFO o.a.j.t.JMeterThread: Thread finished: setUp Thread Group 1-17
2025-02-28 11:07:39,205 INFO o.a.j.e.StandardJMeterEngine: All Setup Threads have ended
2025-02-28 11:07:39,253 INFO o.a.j.e.StandardJMeterEngine: Starting ThreadGroup: 1 : Thread-Gruppe
2025-02-28 11:07:39,253 INFO o.a.j.e.StandardJMeterEngine: Starting 75 threads for group Thread-Gruppe.
2025-02-28 11:07:39,253 INFO o.a.j.e.StandardJMeterEngine: Thread will continue on error
2025-02-28 11:07:39,253 INFO o.a.j.t.ThreadGroup: Starting thread group... number=1 threads=75 ramp-up=10 delayedStart=false
2025-02-28 11:07:39,253 INFO o.a.j.t.JMeterThread: Thread started: Thread-Gruppe 1-1
2025-02-28 11:07:39,314 INFO o.a.j.t.ThreadGroup: Started thread group number 1
2025-02-28 11:07:39,314 INFO o.a.j.e.StandardJMeterEngine: Starting ThreadGroup: 2 : Thread-Gruppe
2025-02-28 11:07:39,314 INFO o.a.j.e.StandardJMeterEngine: Starting 20 threads for group Thread-Gruppe.
2025-02-28 11:07:39,314 INFO o.a.j.e.StandardJMeterEngine: Thread will continue on error
2025-02-28 11:07:39,314 INFO o.a.j.t.ThreadGroup: Starting thread group... number=2 threads=20 ramp-up=10 delayedStart=false
2025-02-28 11:07:39,316 INFO o.a.j.t.JMeterThread: Thread started: Thread-Gruppe 2-1
2025-02-28 11:07:39,330 INFO o.a.j.t.ThreadGroup: Started thread group number 2
2025-02-28 11:07:39,330 INFO o.a.j.e.StandardJMeterEngine: Starting ThreadGroup: 3 : Thread-Gruppe
2025-02-28 11:07:39,330 INFO o.a.j.e.StandardJMeterEngine: Starting 5 threads for group Thread-Gruppe.
2025-02-28 11:07:39,330 INFO o.a.j.e.StandardJMeterEngine: Thread will continue on error
2025-02-28 11:07:39,330 INFO o.a.j.t.ThreadGroup: Starting thread group... number=3 threads=5 ramp-up=10 delayedStart=false
2025-02-28 11:07:39,332 INFO o.a.j.t.JMeterThread: Thread started: Thread-Gruppe 3-1
2025-02-28 11:07:39,336 INFO o.a.j.t.ThreadGroup: Started thread group number 3
2025-02-28 11:07:39,337 INFO o.a.j.e.StandardJMeterEngine: All thread groups have been started
2025-02-28 11:07:39,392 INFO o.a.j.t.JMeterThread: Thread started: Thread-Gruppe 1-2
2025-02-28 11:07:39,526 INFO o.a.j.t.JMeterThread: Thread started: Thread-Gruppe 1-3
2025-02-28 11:07:39,658 INFO o.a.j.t.JMeterThread: Thread started: Thread-Gruppe 1-4
2025-02-28 11:07:39,793 INFO o.a.j.t.JMeterThread: Thread started: Thread-Gruppe 1-5
2025-02-28 11:07:39,817 INFO o.a.j.t.JMeterThread: Thread started: Thread-Gruppe 2-2
2025-02-28 11:07:39,921 INFO o.a.j.t.JMeterThread: Thread started: Thread-Gruppe 1-6
2025-02-28 11:07:40,054 INFO o.a.j.t.JMeterThread: Thread started: Thread-Gruppe 1-7
2025-02-28 11:07:40,188 INFO o.a.j.t.JMeterThread: Thread started: Thread-Gruppe 1-8
2025-02-28 11:07:40,317 INFO o.a.j.t.JMeterThread: Thread started: Thread-Gruppe 2-3
2025-02-28 11:07:40,321 INFO o.a.j.t.JMeterThread: Thread started: Thread-Gruppe 1-9
2025-02-28 11:07:40,452 INFO o.a.j.t.JMeterThread: Thread started: Thread-Gruppe 1-10
2025-02-28 11:07:40,585 INFO o.a.j.t.JMeterThread: Thread started: Thread-Gruppe 1-11
2025-02-28 11:07:40,719 INFO o.a.j.t.JMeterThread: Thread started: Thread-Gruppe 1-12
2025-02-28 11:07:40,817 INFO o.a.j.t.JMeterThread: Thread started: Thread-Gruppe 2-4
2025-02-28 11:07:40,852 INFO o.a.j.t.JMeterThread: Thread started: Thread-Gruppe 1-13
2025-02-28 11:07:40,984 INFO o.a.j.t.JMeterThread: Thread started: Thread-Gruppe 1-14
2025-02-28 11:07:41,118 INFO o.a.j.t.JMeterThread: Thread started: Thread-Gruppe 1-15
2025-02-28 11:07:41,251 INFO o.a.j.t.JMeterThread: Thread started: Thread-Gruppe 1-16
2025-02-28 11:07:41,316 INFO o.a.j.t.JMeterThread: Thread started: Thread-Gruppe 2-5
2025-02-28 11:07:41,333 INFO o.a.j.t.JMeterThread: Thread started: Thread-Gruppe 3-2
2025-02-28 11:07:41,383 INFO o.a.j.t.JMeterThread: Thread started: Thread-Gruppe 1-17
2025-02-28 11:07:41,516 INFO o.a.j.t.JMeterThread: Thread started: Thread-Gruppe 1-18
2025-02-28 11:07:41,650 INFO o.a.j.t.JMeterThread: Thread started: Thread-Gruppe 1-19
2025-02-28 11:07:41,783 INFO o.a.j.t.JMeterThread: Thread started: Thread-Gruppe 1-20
2025-02-28 11:07:41,817 INFO o.a.j.t.JMeterThread: Thread started: Thread-Gruppe 2-6
2025-02-28 11:07:41,915 INFO o.a.j.t.JMeterThread: Thread started: Thread-Gruppe 1-21
2025-02-28 11:07:42,047 INFO o.a.j.t.JMeterThread: Thread started: Thread-Gruppe 1-22
2025-02-28 11:07:42,182 INFO o.a.j.t.JMeterThread: Thread started: Thread-Gruppe 1-23
2025-02-28 11:07:42,315 INFO o.a.j.t.JMeterThread: Thread started: Thread-Gruppe 1-24
2025-02-28 11:07:42,316 INFO o.a.j.t.JMeterThread: Thread started: Thread-Gruppe 2-7
2025-02-28 11:07:42,447 INFO o.a.j.t.JMeterThread: Thread started: Thread-Gruppe 1-25
2025-02-28 11:07:42,581 INFO o.a.j.t.JMeterThread: Thread started: Thread-Gruppe 1-26
2025-02-28 11:07:42,713 INFO o.a.j.t.JMeterThread: Thread started: Thread-Gruppe 1-27
2025-02-28 11:07:42,816 INFO o.a.j.t.JMeterThread: Thread started: Thread-Gruppe 2-8
2025-02-28 11:07:42,847 INFO o.a.j.t.JMeterThread: Thread started: Thread-Gruppe 1-28
2025-02-28 11:07:42,980 INFO o.a.j.t.JMeterThread: Thread started: Thread-Gruppe 1-29
2025-02-28 11:07:43,112 INFO o.a.j.t.JMeterThread: Thread started: Thread-Gruppe 1-30
2025-02-28 11:07:43,245 INFO o.a.j.t.JMeterThread: Thread started: Thread-Gruppe 1-31
2025-02-28 11:07:43,316 INFO o.a.j.t.JMeterThread: Thread started: Thread-Gruppe 2-9
2025-02-28 11:07:43,332 INFO o.a.j.t.JMeterThread: Thread started: Thread-Gruppe 3-3
2025-02-28 11:07:43,377 INFO o.a.j.t.JMeterThread: Thread started: Thread-Gruppe 1-32
2025-02-28 11:07:43,511 INFO o.a.j.t.JMeterThread: Thread started: Thread-Gruppe 1-33
2025-02-28 11:07:43,646 INFO o.a.j.t.JMeterThread: Thread started: Thread-Gruppe 1-34
2025-02-28 11:07:43,777 INFO o.a.j.t.JMeterThread: Thread started: Thread-Gruppe 1-35
2025-02-28 11:07:43,817 INFO o.a.j.t.JMeterThread: Thread started: Thread-Gruppe 2-10
2025-02-28 11:07:43,910 INFO o.a.j.t.JMeterThread: Thread started: Thread-Gruppe 1-36
2025-02-28 11:07:44,042 INFO o.a.j.t.JMeterThread: Thread started: Thread-Gruppe 1-37
2025-02-28 11:07:44,176 INFO o.a.j.t.JMeterThread: Thread started: Thread-Gruppe 1-38
2025-02-28 11:07:44,309 INFO o.a.j.t.JMeterThread: Thread started: Thread-Gruppe 1-39
2025-02-28 11:07:44,316 INFO o.a.j.t.JMeterThread: Thread started: Thread-Gruppe 2-11
2025-02-28 11:07:44,442 INFO o.a.j.t.JMeterThread: Thread started: Thread-Gruppe 1-40
2025-02-28 11:07:44,575 INFO o.a.j.t.JMeterThread: Thread started: Thread-Gruppe 1-41
2025-02-28 11:07:44,708 INFO o.a.j.t.JMeterThread: Thread started: Thread-Gruppe 1-42
2025-02-28 11:07:44,816 INFO o.a.j.t.JMeterThread: Thread started: Thread-Gruppe 2-12
2025-02-28 11:07:44,841 INFO o.a.j.t.JMeterThread: Thread started: Thread-Gruppe 1-43
2025-02-28 11:07:44,974 INFO o.a.j.t.JMeterThread: Thread started: Thread-Gruppe 1-44
2025-02-28 11:07:45,108 INFO o.a.j.t.JMeterThread: Thread started: Thread-Gruppe 1-45
2025-02-28 11:07:45,240 INFO o.a.j.t.JMeterThread: Thread started: Thread-Gruppe 1-46
2025-02-28 11:07:45,316 INFO o.a.j.t.JMeterThread: Thread started: Thread-Gruppe 2-13
2025-02-28 11:07:45,332 INFO o.a.j.t.JMeterThread: Thread started: Thread-Gruppe 3-4
2025-02-28 11:07:45,377 INFO o.a.j.t.JMeterThread: Thread started: Thread-Gruppe 1-47
2025-02-28 11:07:45,507 INFO o.a.j.t.JMeterThread: Thread started: Thread-Gruppe 1-48
2025-02-28 11:07:45,639 INFO o.a.j.t.JMeterThread: Thread started: Thread-Gruppe 1-49
2025-02-28 11:07:45,773 INFO o.a.j.t.JMeterThread: Thread started: Thread-Gruppe 1-50
2025-02-28 11:07:45,816 INFO o.a.j.t.JMeterThread: Thread started: Thread-Gruppe 2-14
2025-02-28 11:07:45,904 INFO o.a.j.t.JMeterThread: Thread started: Thread-Gruppe 1-51
2025-02-28 11:07:46,038 INFO o.a.j.t.JMeterThread: Thread started: Thread-Gruppe 1-52
2025-02-28 11:07:46,170 INFO o.a.j.t.JMeterThread: Thread started: Thread-Gruppe 1-53
2025-02-28 11:07:46,304 INFO o.a.j.t.JMeterThread: Thread started: Thread-Gruppe 1-54
2025-02-28 11:07:46,315 INFO o.a.j.t.JMeterThread: Thread started: Thread-Gruppe 2-15
2025-02-28 11:07:46,437 INFO o.a.j.t.JMeterThread: Thread started: Thread-Gruppe 1-55
2025-02-28 11:07:46,572 INFO o.a.j.t.JMeterThread: Thread started: Thread-Gruppe 1-56
2025-02-28 11:07:46,706 INFO o.a.j.t.JMeterThread: Thread started: Thread-Gruppe 1-57
2025-02-28 11:07:46,815 INFO o.a.j.t.JMeterThread: Thread started: Thread-Gruppe 2-16
2025-02-28 11:07:46,837 INFO o.a.j.t.JMeterThread: Thread started: Thread-Gruppe 1-58
2025-02-28 11:07:46,969 INFO o.a.j.t.JMeterThread: Thread started: Thread-Gruppe 1-59
2025-02-28 11:07:47,102 INFO o.a.j.t.JMeterThread: Thread started: Thread-Gruppe 1-60
2025-02-28 11:07:47,234 INFO o.a.j.t.JMeterThread: Thread started: Thread-Gruppe 1-61
2025-02-28 11:07:47,317 INFO o.a.j.t.JMeterThread: Thread started: Thread-Gruppe 2-17
2025-02-28 11:07:47,332 INFO o.a.j.t.JMeterThread: Thread started: Thread-Gruppe 3-5
2025-02-28 11:07:47,368 INFO o.a.j.t.JMeterThread: Thread started: Thread-Gruppe 1-62
2025-02-28 11:07:47,502 INFO o.a.j.t.JMeterThread: Thread started: Thread-Gruppe 1-63
2025-02-28 11:07:47,634 INFO o.a.j.t.JMeterThread: Thread started: Thread-Gruppe 1-64
2025-02-28 11:07:47,767 INFO o.a.j.t.JMeterThread: Thread started: Thread-Gruppe 1-65
2025-02-28 11:07:47,817 INFO o.a.j.t.JMeterThread: Thread started: Thread-Gruppe 2-18
2025-02-28 11:07:47,903 INFO o.a.j.t.JMeterThread: Thread started: Thread-Gruppe 1-66
2025-02-28 11:07:48,033 INFO o.a.j.t.JMeterThread: Thread started: Thread-Gruppe 1-67
2025-02-28 11:07:48,167 INFO o.a.j.t.JMeterThread: Thread started: Thread-Gruppe 1-68
2025-02-28 11:07:48,300 INFO o.a.j.t.JMeterThread: Thread started: Thread-Gruppe 1-69
2025-02-28 11:07:48,317 INFO o.a.j.t.JMeterThread: Thread started: Thread-Gruppe 2-19
2025-02-28 11:07:48,434 INFO o.a.j.t.JMeterThread: Thread started: Thread-Gruppe 1-70
2025-02-28 11:07:48,565 INFO o.a.j.t.JMeterThread: Thread started: Thread-Gruppe 1-71
2025-02-28 11:07:48,698 INFO o.a.j.t.JMeterThread: Thread started: Thread-Gruppe 1-72
2025-02-28 11:07:48,817 INFO o.a.j.t.JMeterThread: Thread started: Thread-Gruppe 2-20
2025-02-28 11:07:48,831 INFO o.a.j.t.JMeterThread: Thread started: Thread-Gruppe 1-73
2025-02-28 11:07:48,964 INFO o.a.j.t.JMeterThread: Thread started: Thread-Gruppe 1-74
2025-02-28 11:07:49,096 INFO o.a.j.t.JMeterThread: Thread started: Thread-Gruppe 1-75
2025-02-28 11:08:00,006 INFO o.a.j.r.Summariser: summary +   1244 in 00:01:21 =   15.3/s Avg:   347 Min:   237 Max:   831 Err:     0 (0.00%) Active: 100 Started: 100 Finished: 0
2025-02-28 11:08:30,003 INFO o.a.j.r.Summariser: summary +   2290 in 00:00:30 =   76.3/s Avg:   327 Min:   238 Max:   857 Err:     0 (0.00%) Active: 100 Started: 100 Finished: 0
2025-02-28 11:08:30,004 INFO o.a.j.r.Summariser: summary =   3534 in 00:01:51 =   31.8/s Avg:   334 Min:   237 Max:   857 Err:     0 (0.00%)
2025-02-28 11:09:00,001 INFO o.a.j.r.Summariser: summary +   2294 in 00:00:30 =   76.5/s Avg:   351 Min:   238 Max:   999 Err:     0 (0.00%) Active: 100 Started: 100 Finished: 0
2025-02-28 11:09:00,002 INFO o.a.j.r.Summariser: summary =   5828 in 00:02:21 =   41.3/s Avg:   341 Min:   237 Max:   999 Err:     0 (0.00%)
2025-02-28 11:09:30,011 INFO o.a.j.r.Summariser: summary +   2286 in 00:00:30 =   76.2/s Avg:   324 Min:   238 Max:  1010 Err:     0 (0.00%) Active: 100 Started: 100 Finished: 0
2025-02-28 11:09:30,012 INFO o.a.j.r.Summariser: summary =   8114 in 00:02:51 =   47.4/s Avg:   336 Min:   237 Max:  1010 Err:     0 (0.00%)
2025-02-28 11:10:00,023 INFO o.a.j.r.Summariser: summary +   2287 in 00:00:30 =   76.2/s Avg:   353 Min:   237 Max:  1093 Err:     0 (0.00%) Active: 100 Started: 100 Finished: 0
2025-02-28 11:10:00,024 INFO o.a.j.r.Summariser: summary =  10401 in 00:03:21 =   51.7/s Avg:   340 Min:   237 Max:  1093 Err:     0 (0.00%)
2025-02-28 11:10:30,009 INFO o.a.j.r.Summariser: summary +   2286 in 00:00:30 =   76.2/s Avg:   316 Min:   238 Max:   977 Err:     0 (0.00%) Active: 100 Started: 100 Finished: 0
2025-02-28 11:10:30,009 INFO o.a.j.r.Summariser: summary =  12687 in 00:03:51 =   54.9/s Avg:   336 Min:   237 Max:  1093 Err:     0 (0.00%)
2025-02-28 11:11:00,012 INFO o.a.j.r.Summariser: summary +   2293 in 00:00:30 =   76.4/s Avg:   354 Min:   239 Max:  1119 Err:     0 (0.00%) Active: 100 Started: 100 Finished: 0
2025-02-28 11:11:00,013 INFO o.a.j.r.Summariser: summary =  14980 in 00:04:21 =   57.4/s Avg:   338 Min:   237 Max:  1119 Err:     0 (0.00%)
2025-02-28 11:11:30,015 INFO o.a.j.r.Summariser: summary +   2282 in 00:00:30 =   76.1/s Avg:   326 Min:   238 Max:   838 Err:     0 (0.00%) Active: 100 Started: 100 Finished: 0
2025-02-28 11:11:30,016 INFO o.a.j.r.Summariser: summary =  17262 in 00:04:51 =   59.3/s Avg:   337 Min:   237 Max:  1119 Err:     0 (0.00%)
2025-02-28 11:12:00,006 INFO o.a.j.r.Summariser: summary +   2288 in 00:00:30 =   76.3/s Avg:   347 Min:   237 Max:  3566 Err:     0 (0.00%) Active: 100 Started: 100 Finished: 0
2025-02-28 11:12:00,008 INFO o.a.j.r.Summariser: summary =  19550 in 00:05:21 =   60.9/s Avg:   338 Min:   237 Max:  3566 Err:     0 (0.00%)
2025-02-28 11:12:30,011 INFO o.a.j.r.Summariser: summary +   2284 in 00:00:30 =   76.1/s Avg:   329 Min:   240 Max:   821 Err:     0 (0.00%) Active: 100 Started: 100 Finished: 0
2025-02-28 11:12:30,012 INFO o.a.j.r.Summariser: summary =  21834 in 00:05:51 =   62.2/s Avg:   337 Min:   237 Max:  3566 Err:     0 (0.00%)
2025-02-28 11:13:00,020 INFO o.a.j.r.Summariser: summary +   2304 in 00:00:30 =   76.8/s Avg:   346 Min:   238 Max:  1098 Err:     0 (0.00%) Active: 100 Started: 100 Finished: 0
2025-02-28 11:13:00,021 INFO o.a.j.r.Summariser: summary =  24138 in 00:06:21 =   63.3/s Avg:   338 Min:   237 Max:  3566 Err:     0 (0.00%)
2025-02-28 11:13:30,014 INFO o.a.j.r.Summariser: summary +   2284 in 00:00:30 =   76.2/s Avg:   332 Min:   238 Max:   850 Err:     0 (0.00%) Active: 100 Started: 100 Finished: 0
2025-02-28 11:13:30,016 INFO o.a.j.r.Summariser: summary =  26422 in 00:06:51 =   64.3/s Avg:   337 Min:   237 Max:  3566 Err:     0 (0.00%)
2025-02-28 11:14:00,013 INFO o.a.j.r.Summariser: summary +   2295 in 00:00:30 =   76.5/s Avg:   343 Min:   238 Max:  1084 Err:     0 (0.00%) Active: 100 Started: 100 Finished: 0
2025-02-28 11:14:00,014 INFO o.a.j.r.Summariser: summary =  28717 in 00:07:21 =   65.1/s Avg:   338 Min:   237 Max:  3566 Err:     0 (0.00%)
2025-02-28 11:14:30,009 INFO o.a.j.r.Summariser: summary +   2287 in 00:00:30 =   76.2/s Avg:   323 Min:   235 Max:  1048 Err:     0 (0.00%) Active: 100 Started: 100 Finished: 0
2025-02-28 11:14:30,014 INFO o.a.j.r.Summariser: summary =  31004 in 00:07:51 =   65.8/s Avg:   337 Min:   235 Max:  3566 Err:     0 (0.00%)
2025-02-28 11:15:00,013 INFO o.a.j.r.Summariser: summary +   2292 in 00:00:30 =   76.4/s Avg:   342 Min:   235 Max:  1031 Err:     0 (0.00%) Active: 100 Started: 100 Finished: 0
2025-02-28 11:15:00,014 INFO o.a.j.r.Summariser: summary =  33296 in 00:08:21 =   66.4/s Avg:   337 Min:   235 Max:  3566 Err:     0 (0.00%)
2025-02-28 11:15:30,007 INFO o.a.j.r.Summariser: summary +   2288 in 00:00:30 =   76.3/s Avg:   336 Min:   236 Max:  1045 Err:     0 (0.00%) Active: 100 Started: 100 Finished: 0
2025-02-28 11:15:30,008 INFO o.a.j.r.Summariser: summary =  35584 in 00:08:51 =   67.0/s Avg:   337 Min:   235 Max:  3566 Err:     0 (0.00%)
2025-02-28 11:16:00,020 INFO o.a.j.r.Summariser: summary +   2291 in 00:00:30 =   76.3/s Avg:   336 Min:   236 Max:  1023 Err:     0 (0.00%) Active: 100 Started: 100 Finished: 0
2025-02-28 11:16:00,021 INFO o.a.j.r.Summariser: summary =  37875 in 00:09:21 =   67.5/s Avg:   337 Min:   235 Max:  3566 Err:     0 (0.00%)
2025-02-28 11:16:30,002 INFO o.a.j.r.Summariser: summary +   2293 in 00:00:30 =   76.5/s Avg:   342 Min:   234 Max:  1139 Err:     0 (0.00%) Active: 100 Started: 100 Finished: 0
2025-02-28 11:16:30,003 INFO o.a.j.r.Summariser: summary =  40168 in 00:09:51 =   68.0/s Avg:   337 Min:   234 Max:  3566 Err:     0 (0.00%)
2025-02-28 11:17:00,024 INFO o.a.j.r.Summariser: summary +   2294 in 00:00:30 =   76.4/s Avg:   324 Min:   237 Max:  1021 Err:     0 (0.00%) Active: 100 Started: 100 Finished: 0
2025-02-28 11:17:00,026 INFO o.a.j.r.Summariser: summary =  42462 in 00:10:21 =   68.4/s Avg:   336 Min:   234 Max:  3566 Err:     0 (0.00%)
2025-02-28 11:17:30,016 INFO o.a.j.r.Summariser: summary +   2292 in 00:00:30 =   76.4/s Avg:   341 Min:   238 Max:  1014 Err:     0 (0.00%) Active: 100 Started: 100 Finished: 0
2025-02-28 11:17:30,017 INFO o.a.j.r.Summariser: summary =  44754 in 00:10:51 =   68.7/s Avg:   337 Min:   234 Max:  3566 Err:     0 (0.00%)
2025-02-28 11:17:37,539 INFO o.a.j.t.JMeterThread: Thread finished: Thread-Gruppe 1-1
2025-02-28 11:17:37,640 INFO o.a.j.t.JMeterThread: Thread finished: Thread-Gruppe 1-62
2025-02-28 11:17:37,642 INFO o.a.j.t.JMeterThread: Thread finished: Thread-Gruppe 1-47
2025-02-28 11:17:37,643 INFO o.a.j.t.JMeterThread: Thread finished: Thread-Gruppe 1-2
2025-02-28 11:17:37,645 INFO o.a.j.t.JMeterThread: Thread finished: Thread-Gruppe 1-17
2025-02-28 11:17:37,766 INFO o.a.j.t.JMeterThread: Thread finished: Thread-Gruppe 1-63
2025-02-28 11:17:37,767 INFO o.a.j.t.JMeterThread: Thread finished: Thread-Gruppe 1-18
2025-02-28 11:17:37,767 INFO o.a.j.t.JMeterThread: Thread finished: Thread-Gruppe 1-48
2025-02-28 11:17:37,780 INFO o.a.j.t.JMeterThread: Thread finished: Thread-Gruppe 1-3
2025-02-28 11:17:37,888 INFO o.a.j.t.JMeterThread: Thread finished: Thread-Gruppe 1-49
2025-02-28 11:17:37,897 INFO o.a.j.t.JMeterThread: Thread finished: Thread-Gruppe 1-19
2025-02-28 11:17:37,900 INFO o.a.j.t.JMeterThread: Thread finished: Thread-Gruppe 1-64
2025-02-28 11:17:37,917 INFO o.a.j.t.JMeterThread: Thread finished: Thread-Gruppe 1-4
2025-02-28 11:17:38,022 INFO o.a.j.t.JMeterThread: Thread finished: Thread-Gruppe 1-65
2025-02-28 11:17:38,035 INFO o.a.j.t.JMeterThread: Thread finished: Thread-Gruppe 1-50
2025-02-28 11:17:38,039 INFO o.a.j.t.JMeterThread: Thread finished: Thread-Gruppe 1-20
2025-02-28 11:17:38,053 INFO o.a.j.t.JMeterThread: Thread finished: Thread-Gruppe 1-5
2025-02-28 11:17:38,136 INFO o.a.j.t.JMeterThread: Thread finished: Thread-Gruppe 1-32
2025-02-28 11:17:38,148 INFO o.a.j.t.JMeterThread: Thread finished: Thread-Gruppe 1-51
2025-02-28 11:17:38,153 INFO o.a.j.t.JMeterThread: Thread finished: Thread-Gruppe 1-66
2025-02-28 11:17:38,167 INFO o.a.j.t.JMeterThread: Thread finished: Thread-Gruppe 1-21
2025-02-28 11:17:38,170 INFO o.a.j.t.JMeterThread: Thread finished: Thread-Gruppe 1-6
2025-02-28 11:17:38,270 INFO o.a.j.t.JMeterThread: Thread finished: Thread-Gruppe 1-33
2025-02-28 11:17:38,288 INFO o.a.j.t.JMeterThread: Thread finished: Thread-Gruppe 1-52
2025-02-28 11:17:38,290 INFO o.a.j.t.JMeterThread: Thread finished: Thread-Gruppe 1-67
2025-02-28 11:17:38,298 INFO o.a.j.t.JMeterThread: Thread finished: Thread-Gruppe 1-22
2025-02-28 11:17:38,324 INFO o.a.j.t.JMeterThread: Thread finished: Thread-Gruppe 1-7
2025-02-28 11:17:38,405 INFO o.a.j.t.JMeterThread: Thread finished: Thread-Gruppe 1-34
2025-02-28 11:17:38,424 INFO o.a.j.t.JMeterThread: Thread finished: Thread-Gruppe 1-68
2025-02-28 11:17:38,424 INFO o.a.j.t.JMeterThread: Thread finished: Thread-Gruppe 1-53
2025-02-28 11:17:38,439 INFO o.a.j.t.JMeterThread: Thread finished: Thread-Gruppe 1-23
2025-02-28 11:17:38,439 INFO o.a.j.t.JMeterThread: Thread finished: Thread-Gruppe 1-8
2025-02-28 11:17:38,532 INFO o.a.j.t.JMeterThread: Thread finished: Thread-Gruppe 1-35
2025-02-28 11:17:38,548 INFO o.a.j.t.JMeterThread: Thread finished: Thread-Gruppe 1-69
2025-02-28 11:17:38,559 INFO o.a.j.t.JMeterThread: Thread finished: Thread-Gruppe 1-54
2025-02-28 11:17:38,559 INFO o.a.j.t.JMeterThread: Thread finished: Thread-Gruppe 1-24
2025-02-28 11:17:38,582 INFO o.a.j.t.JMeterThread: Thread finished: Thread-Gruppe 1-9
2025-02-28 11:17:38,660 INFO o.a.j.t.JMeterThread: Thread finished: Thread-Gruppe 1-36
2025-02-28 11:17:38,687 INFO o.a.j.t.JMeterThread: Thread finished: Thread-Gruppe 1-55
2025-02-28 11:17:38,701 INFO o.a.j.t.JMeterThread: Thread finished: Thread-Gruppe 1-10
2025-02-28 11:17:38,706 INFO o.a.j.t.JMeterThread: Thread finished: Thread-Gruppe 1-70
2025-02-28 11:17:38,794 INFO o.a.j.t.JMeterThread: Thread finished: Thread-Gruppe 1-37
2025-02-28 11:17:38,796 INFO o.a.j.t.JMeterThread: Thread finished: Thread-Gruppe 1-25
2025-02-28 11:17:38,821 INFO o.a.j.t.JMeterThread: Thread finished: Thread-Gruppe 1-56
2025-02-28 11:17:38,830 INFO o.a.j.t.JMeterThread: Thread finished: Thread-Gruppe 1-71
2025-02-28 11:17:38,866 INFO o.a.j.t.JMeterThread: Thread finished: Thread-Gruppe 1-26
2025-02-28 11:17:38,866 INFO o.a.j.t.JMeterThread: Thread finished: Thread-Gruppe 1-11
2025-02-28 11:17:38,944 INFO o.a.j.t.JMeterThread: Thread finished: Thread-Gruppe 1-38
2025-02-28 11:17:38,947 INFO o.a.j.t.JMeterThread: Thread finished: Thread-Gruppe 1-72
2025-02-28 11:17:38,961 INFO o.a.j.t.JMeterThread: Thread finished: Thread-Gruppe 1-57
2025-02-28 11:17:38,965 INFO o.a.j.t.JMeterThread: Thread finished: Thread-Gruppe 1-27
2025-02-28 11:17:38,982 INFO o.a.j.t.JMeterThread: Thread finished: Thread-Gruppe 1-12
2025-02-28 11:17:38,992 INFO o.a.j.t.JMeterThread: Thread finished: Thread-Gruppe 2-16
2025-02-28 11:17:39,011 INFO o.a.j.t.JMeterThread: Thread finished: Thread-Gruppe 2-5
2025-02-28 11:17:39,035 INFO o.a.j.t.JMeterThread: Thread finished: Thread-Gruppe 2-15
2025-02-28 11:17:39,089 INFO o.a.j.t.JMeterThread: Thread finished: Thread-Gruppe 1-39
2025-02-28 11:17:39,089 INFO o.a.j.t.JMeterThread: Thread finished: Thread-Gruppe 1-73
2025-02-28 11:17:39,119 INFO o.a.j.t.JMeterThread: Thread finished: Thread-Gruppe 1-28
2025-02-28 11:17:39,120 INFO o.a.j.t.JMeterThread: Thread finished: Thread-Gruppe 1-58
2025-02-28 11:17:39,121 INFO o.a.j.t.JMeterThread: Thread finished: Thread-Gruppe 1-13
2025-02-28 11:17:39,122 INFO o.a.j.t.JMeterThread: Thread finished: Thread-Gruppe 3-2
2025-02-28 11:17:39,176 INFO o.a.j.t.JMeterThread: Thread finished: Thread-Gruppe 1-40
2025-02-28 11:17:39,188 INFO o.a.j.t.JMeterThread: Thread finished: Thread-Gruppe 2-8
2025-02-28 11:17:39,221 INFO o.a.j.t.JMeterThread: Thread finished: Thread-Gruppe 1-59
2025-02-28 11:17:39,225 INFO o.a.j.t.JMeterThread: Thread finished: Thread-Gruppe 1-74
2025-02-28 11:17:39,226 INFO o.a.j.t.JMeterThread: Thread finished: Thread-Gruppe 3-1
2025-02-28 11:17:39,230 INFO o.a.j.t.JMeterThread: Thread finished: Thread-Gruppe 2-9
2025-02-28 11:17:39,231 INFO o.a.j.t.JMeterThread: Thread finished: Thread-Gruppe 1-14
2025-02-28 11:17:39,231 INFO o.a.j.t.JMeterThread: Thread finished: Thread-Gruppe 2-19
2025-02-28 11:17:39,232 INFO o.a.j.t.JMeterThread: Thread finished: Thread-Gruppe 1-29
2025-02-28 11:17:39,251 INFO o.a.j.t.JMeterThread: Thread finished: Thread-Gruppe 3-3
2025-02-28 11:17:39,268 INFO o.a.j.t.JMeterThread: Thread finished: Thread-Gruppe 2-20
2025-02-28 11:17:39,307 INFO o.a.j.t.JMeterThread: Thread finished: Thread-Gruppe 2-3
2025-02-28 11:17:39,314 INFO o.a.j.t.JMeterThread: Stopping because end time detected by thread: Thread-Gruppe 1-41
2025-02-28 11:17:39,314 INFO o.a.j.t.JMeterThread: Thread finished: Thread-Gruppe 1-41
2025-02-28 11:17:39,329 INFO o.a.j.t.JMeterThread: Stopping because end time detected by thread: Thread-Gruppe 2-18
2025-02-28 11:17:39,329 INFO o.a.j.t.JMeterThread: Thread finished: Thread-Gruppe 2-18
2025-02-28 11:17:39,351 INFO o.a.j.t.JMeterThread: Stopping because end time detected by thread: Thread-Gruppe 1-60
2025-02-28 11:17:39,351 INFO o.a.j.t.JMeterThread: Thread finished: Thread-Gruppe 1-60
2025-02-28 11:17:39,361 INFO o.a.j.t.JMeterThread: Stopping because end time detected by thread: Thread-Gruppe 2-13
2025-02-28 11:17:39,361 INFO o.a.j.t.JMeterThread: Thread finished: Thread-Gruppe 2-13
2025-02-28 11:17:39,368 INFO o.a.j.t.JMeterThread: Stopping because end time detected by thread: Thread-Gruppe 1-75
2025-02-28 11:17:39,375 INFO o.a.j.t.JMeterThread: Thread finished: Thread-Gruppe 1-75
2025-02-28 11:17:39,368 INFO o.a.j.t.JMeterThread: Stopping because end time detected by thread: Thread-Gruppe 1-30
2025-02-28 11:17:39,376 INFO o.a.j.t.JMeterThread: Thread finished: Thread-Gruppe 1-30
2025-02-28 11:17:39,376 INFO o.a.j.t.JMeterThread: Stopping because end time detected by thread: Thread-Gruppe 1-15
2025-02-28 11:17:39,377 INFO o.a.j.t.JMeterThread: Thread finished: Thread-Gruppe 1-15
2025-02-28 11:17:39,392 INFO o.a.j.t.JMeterThread: Stopping because end time detected by thread: Thread-Gruppe 2-14
2025-02-28 11:17:39,392 INFO o.a.j.t.JMeterThread: Thread finished: Thread-Gruppe 2-14
2025-02-28 11:17:39,408 INFO o.a.j.t.JMeterThread: Stopping because end time detected by thread: Thread-Gruppe 2-10
2025-02-28 11:17:39,408 INFO o.a.j.t.JMeterThread: Thread finished: Thread-Gruppe 2-10
2025-02-28 11:17:39,439 INFO o.a.j.t.JMeterThread: Stopping because end time detected by thread: Thread-Gruppe 2-6
2025-02-28 11:17:39,439 INFO o.a.j.t.JMeterThread: Thread finished: Thread-Gruppe 2-6
2025-02-28 11:17:39,471 INFO o.a.j.t.JMeterThread: Stopping because end time detected by thread: Thread-Gruppe 1-42
2025-02-28 11:17:39,471 INFO o.a.j.t.JMeterThread: Thread finished: Thread-Gruppe 1-42
2025-02-28 11:17:39,471 INFO o.a.j.t.JMeterThread: Stopping because end time detected by thread: Thread-Gruppe 1-61
2025-02-28 11:17:39,488 INFO o.a.j.t.JMeterThread: Thread finished: Thread-Gruppe 1-61
2025-02-28 11:17:39,503 INFO o.a.j.t.JMeterThread: Stopping because end time detected by thread: Thread-Gruppe 1-31
2025-02-28 11:17:39,503 INFO o.a.j.t.JMeterThread: Thread finished: Thread-Gruppe 1-31
2025-02-28 11:17:39,503 INFO o.a.j.t.JMeterThread: Stopping because end time detected by thread: Thread-Gruppe 1-16
2025-02-28 11:17:39,504 INFO o.a.j.t.JMeterThread: Thread finished: Thread-Gruppe 1-16
2025-02-28 11:17:39,504 INFO o.a.j.t.JMeterThread: Stopping because end time detected by thread: Thread-Gruppe 2-11
2025-02-28 11:17:39,504 INFO o.a.j.t.JMeterThread: Thread finished: Thread-Gruppe 2-11
2025-02-28 11:17:39,552 INFO o.a.j.t.JMeterThread: Stopping because end time detected by thread: Thread-Gruppe 2-4
2025-02-28 11:17:39,552 INFO o.a.j.t.JMeterThread: Thread finished: Thread-Gruppe 2-4
2025-02-28 11:17:39,554 INFO o.a.j.t.JMeterThread: Stopping because end time detected by thread: Thread-Gruppe 2-7
2025-02-28 11:17:39,554 INFO o.a.j.t.JMeterThread: Thread finished: Thread-Gruppe 2-7
2025-02-28 11:17:39,554 INFO o.a.j.t.JMeterThread: Stopping because end time detected by thread: Thread-Gruppe 3-5
2025-02-28 11:17:39,554 INFO o.a.j.t.JMeterThread: Thread finished: Thread-Gruppe 3-5
2025-02-28 11:17:39,583 INFO o.a.j.t.JMeterThread: Stopping because end time detected by thread: Thread-Gruppe 3-4
2025-02-28 11:17:39,583 INFO o.a.j.t.JMeterThread: Thread finished: Thread-Gruppe 3-4
2025-02-28 11:17:39,583 INFO o.a.j.t.JMeterThread: Stopping because end time detected by thread: Thread-Gruppe 2-17
2025-02-28 11:17:39,583 INFO o.a.j.t.JMeterThread: Thread finished: Thread-Gruppe 2-17
2025-02-28 11:17:39,616 INFO o.a.j.t.JMeterThread: Stopping because end time detected by thread: Thread-Gruppe 1-43
2025-02-28 11:17:39,616 INFO o.a.j.t.JMeterThread: Thread finished: Thread-Gruppe 1-43
2025-02-28 11:17:39,663 INFO o.a.j.t.JMeterThread: Stopping because end time detected by thread: Thread-Gruppe 2-2
2025-02-28 11:17:39,663 INFO o.a.j.t.JMeterThread: Thread finished: Thread-Gruppe 2-2
2025-02-28 11:17:39,678 INFO o.a.j.t.JMeterThread: Stopping because end time detected by thread: Thread-Gruppe 2-1
2025-02-28 11:17:39,678 INFO o.a.j.t.JMeterThread: Thread finished: Thread-Gruppe 2-1
2025-02-28 11:17:39,759 INFO o.a.j.t.JMeterThread: Stopping because end time detected by thread: Thread-Gruppe 1-44
2025-02-28 11:17:39,759 INFO o.a.j.t.JMeterThread: Thread finished: Thread-Gruppe 1-44
2025-02-28 11:17:39,833 INFO o.a.j.t.JMeterThread: Stopping because end time detected by thread: Thread-Gruppe 2-12
2025-02-28 11:17:39,833 INFO o.a.j.t.JMeterThread: Thread finished: Thread-Gruppe 2-12
2025-02-28 11:17:39,877 INFO o.a.j.t.JMeterThread: Stopping because end time detected by thread: Thread-Gruppe 1-45
2025-02-28 11:17:39,877 INFO o.a.j.t.JMeterThread: Thread finished: Thread-Gruppe 1-45
2025-02-28 11:17:40,002 INFO o.a.j.t.JMeterThread: Stopping because end time detected by thread: Thread-Gruppe 1-46
2025-02-28 11:17:40,002 INFO o.a.j.t.JMeterThread: Thread finished: Thread-Gruppe 1-46
2025-02-28 11:17:40,002 INFO o.a.j.e.StandardJMeterEngine: Notifying test listeners of end of test
2025-02-28 11:17:40,018 INFO o.a.j.r.Summariser: summary +    733 in 00:00:10 =   73.3/s Avg:   325 Min:   237 Max:   810 Err:     0 (0.00%) Active: 0 Started: 100 Finished: 100
2025-02-28 11:17:40,022 INFO o.a.j.r.Summariser: summary =  45487 in 00:11:01 =   68.8/s Avg:   337 Min:   234 Max:  3566 Err:     0 (0.00%)
